2023-11-08 12:40:16,898 [INFO]  
========== start: fit model
2023-11-08 12:40:16,899 [WARNING]  Already bound, ignoring bind()
2023-11-08 12:40:17,390 [INFO]  Epoch[0] Batch [0-4]	Speed: 351.27 samples/sec	cross-entropy=24.774058	mean_acc_on_paper12-accuracy=0.000000
2023-11-08 12:40:17,398 [INFO]  Epoch[0] Train-cross-entropy=22.201357
2023-11-08 12:40:17,398 [INFO]  Epoch[0] Train-mean_acc_on_paper12-accuracy=0.000000
2023-11-08 12:40:17,398 [INFO]  Epoch[0] Time cost=0.498
2023-11-08 12:40:17,401 [INFO]  Saved checkpoint to "./imputer_model/imputer_model_mean_acc_on_paper12/model-0000.params"
2023-11-08 12:40:17,402 [INFO]  Epoch[0] Validation-cross-entropy=25.377586
2023-11-08 12:40:17,402 [INFO]  Epoch[0] Validation-mean_acc_on_paper12-accuracy=0.000000
2023-11-08 12:40:17,926 [INFO]  Epoch[1] Batch [0-4]	Speed: 167.74 samples/sec	cross-entropy=40.122400	mean_acc_on_paper12-accuracy=0.000000
2023-11-08 12:40:17,937 [INFO]  Epoch[1] Train-cross-entropy=30.099426
2023-11-08 12:40:17,937 [INFO]  Epoch[1] Train-mean_acc_on_paper12-accuracy=0.000000
2023-11-08 12:40:17,937 [INFO]  Epoch[1] Time cost=0.535
2023-11-08 12:40:17,939 [INFO]  Saved checkpoint to "./imputer_model/imputer_model_mean_acc_on_paper12/model-0001.params"
2023-11-08 12:40:18,021 [INFO]  Epoch[1] Validation-cross-entropy=24.168531
2023-11-08 12:40:18,022 [INFO]  Epoch[1] Validation-mean_acc_on_paper12-accuracy=0.000000
2023-11-08 12:40:18,054 [INFO]  Epoch[2] Batch [0-4]	Speed: 4811.36 samples/sec	cross-entropy=9.336462	mean_acc_on_paper12-accuracy=0.000000
2023-11-08 12:40:18,063 [INFO]  Epoch[2] Train-cross-entropy=7.211559
2023-11-08 12:40:18,063 [INFO]  Epoch[2] Train-mean_acc_on_paper12-accuracy=0.000000
2023-11-08 12:40:18,064 [INFO]  Epoch[2] Time cost=0.042
2023-11-08 12:40:18,066 [INFO]  Saved checkpoint to "./imputer_model/imputer_model_mean_acc_on_paper12/model-0002.params"
2023-11-08 12:40:18,067 [INFO]  Epoch[2] Validation-cross-entropy=3.457602
2023-11-08 12:40:18,068 [INFO]  Epoch[2] Validation-mean_acc_on_paper12-accuracy=0.000000
2023-11-08 12:40:18,087 [INFO]  Epoch[3] Batch [0-4]	Speed: 5884.68 samples/sec	cross-entropy=5.353227	mean_acc_on_paper12-accuracy=0.000000
2023-11-08 12:40:18,120 [INFO]  Epoch[3] Train-cross-entropy=4.222088
2023-11-08 12:40:18,120 [INFO]  Epoch[3] Train-mean_acc_on_paper12-accuracy=0.000000
2023-11-08 12:40:18,120 [INFO]  Epoch[3] Time cost=0.052
2023-11-08 12:40:18,122 [INFO]  Saved checkpoint to "./imputer_model/imputer_model_mean_acc_on_paper12/model-0003.params"
2023-11-08 12:40:18,132 [INFO]  Epoch[3] Validation-cross-entropy=6.728382
2023-11-08 12:40:18,132 [INFO]  Epoch[3] Validation-mean_acc_on_paper12-accuracy=0.000000
2023-11-08 12:40:18,693 [INFO]  Epoch[4] Batch [0-4]	Speed: 115.24 samples/sec	cross-entropy=1.767715	mean_acc_on_paper12-accuracy=0.000000
2023-11-08 12:40:18,902 [INFO]  Epoch[4] Train-cross-entropy=1.376115
2023-11-08 12:40:18,902 [INFO]  Epoch[4] Train-mean_acc_on_paper12-accuracy=0.000000
2023-11-08 12:40:18,903 [INFO]  Epoch[4] Time cost=0.771
2023-11-08 12:40:18,906 [INFO]  Saved checkpoint to "./imputer_model/imputer_model_mean_acc_on_paper12/model-0004.params"
2023-11-08 12:40:18,907 [INFO]  Epoch[4] Validation-cross-entropy=5.608459
2023-11-08 12:40:18,907 [INFO]  Epoch[4] Validation-mean_acc_on_paper12-accuracy=0.000000
2023-11-08 12:40:18,907 [INFO]  
========== done (2.0090458393096924 s) fit model
2023-11-08 13:06:33,191 [INFO]  
========== start: fit model
2023-11-08 13:06:33,209 [WARNING]  Already bound, ignoring bind()
2023-11-08 13:06:33,216 [INFO]  Epoch[0] Batch [0-4]	Speed: 13211.71 samples/sec	cross-entropy=17.447800	mean_acc_on_paper12-accuracy=0.000000
2023-11-08 13:06:33,220 [INFO]  Epoch[0] Train-cross-entropy=21.319409
2023-11-08 13:06:33,221 [INFO]  Epoch[0] Train-mean_acc_on_paper12-accuracy=0.000000
2023-11-08 13:06:33,221 [INFO]  Epoch[0] Time cost=0.011
2023-11-08 13:06:33,224 [INFO]  Saved checkpoint to "./imputer_model/imputer_model_mean_acc_on_paper12/model-0000.params"
2023-11-08 13:06:33,225 [INFO]  Epoch[0] Validation-cross-entropy=9.669553
2023-11-08 13:06:33,225 [INFO]  Epoch[0] Validation-mean_acc_on_paper12-accuracy=0.000000
2023-11-08 13:06:33,232 [INFO]  Epoch[1] Batch [0-4]	Speed: 11311.59 samples/sec	cross-entropy=48.249846	mean_acc_on_paper12-accuracy=0.000000
2023-11-08 13:06:33,236 [INFO]  Epoch[1] Train-cross-entropy=47.275239
2023-11-08 13:06:33,236 [INFO]  Epoch[1] Train-mean_acc_on_paper12-accuracy=0.000000
2023-11-08 13:06:33,236 [INFO]  Epoch[1] Time cost=0.011
2023-11-08 13:06:33,239 [INFO]  Saved checkpoint to "./imputer_model/imputer_model_mean_acc_on_paper12/model-0001.params"
2023-11-08 13:06:33,239 [INFO]  Epoch[1] Validation-cross-entropy=7.599470
2023-11-08 13:06:33,240 [INFO]  Epoch[1] Validation-mean_acc_on_paper12-accuracy=0.000000
2023-11-08 13:06:33,245 [INFO]  Epoch[2] Batch [0-4]	Speed: 13962.83 samples/sec	cross-entropy=13.453908	mean_acc_on_paper12-accuracy=0.000000
2023-11-08 13:06:33,249 [INFO]  Epoch[2] Train-cross-entropy=11.925467
2023-11-08 13:06:33,249 [INFO]  Epoch[2] Train-mean_acc_on_paper12-accuracy=0.000000
2023-11-08 13:06:33,249 [INFO]  Epoch[2] Time cost=0.010
2023-11-08 13:06:33,251 [INFO]  Saved checkpoint to "./imputer_model/imputer_model_mean_acc_on_paper12/model-0002.params"
2023-11-08 13:06:33,251 [INFO]  Epoch[2] Validation-cross-entropy=13.715353
2023-11-08 13:06:33,251 [INFO]  Epoch[2] Validation-mean_acc_on_paper12-accuracy=0.000000
2023-11-08 13:06:33,259 [INFO]  Epoch[3] Batch [0-4]	Speed: 11543.13 samples/sec	cross-entropy=4.555621	mean_acc_on_paper12-accuracy=0.000000
2023-11-08 13:06:33,263 [INFO]  Epoch[3] Train-cross-entropy=4.303098
2023-11-08 13:06:33,263 [INFO]  Epoch[3] Train-mean_acc_on_paper12-accuracy=0.000000
2023-11-08 13:06:33,263 [INFO]  Epoch[3] Time cost=0.012
2023-11-08 13:06:33,265 [INFO]  Saved checkpoint to "./imputer_model/imputer_model_mean_acc_on_paper12/model-0003.params"
2023-11-08 13:06:33,266 [INFO]  Epoch[3] Validation-cross-entropy=14.414676
2023-11-08 13:06:33,266 [INFO]  Epoch[3] Validation-mean_acc_on_paper12-accuracy=0.000000
2023-11-08 13:06:33,271 [INFO]  Epoch[4] Batch [0-4]	Speed: 15640.36 samples/sec	cross-entropy=1.888042	mean_acc_on_paper12-accuracy=0.000000
2023-11-08 13:06:33,274 [INFO]  Epoch[4] Train-cross-entropy=1.717590
2023-11-08 13:06:33,274 [INFO]  Epoch[4] Train-mean_acc_on_paper12-accuracy=0.000000
2023-11-08 13:06:33,274 [INFO]  Epoch[4] Time cost=0.008
2023-11-08 13:06:33,276 [INFO]  Saved checkpoint to "./imputer_model/imputer_model_mean_acc_on_paper12/model-0004.params"
2023-11-08 13:06:33,276 [INFO]  Epoch[4] Validation-cross-entropy=10.533148
2023-11-08 13:06:33,276 [INFO]  Epoch[4] Validation-mean_acc_on_paper12-accuracy=0.000000
2023-11-08 13:06:33,276 [INFO]  
========== done (0.08512377738952637 s) fit model
2023-11-08 13:19:58,770 [INFO]  
========== start: fit model
2023-11-08 13:19:58,770 [WARNING]  Already bound, ignoring bind()
2023-11-08 13:19:58,777 [INFO]  Epoch[0] Batch [0-4]	Speed: 14321.90 samples/sec	cross-entropy=23.842601	mean_acc_on_paper12-accuracy=4.200000
2023-11-08 13:19:58,780 [INFO]  Epoch[0] Train-cross-entropy=23.206313
2023-11-08 13:19:58,780 [INFO]  Epoch[0] Train-mean_acc_on_paper12-accuracy=3.500000
2023-11-08 13:19:58,780 [INFO]  Epoch[0] Time cost=0.010
2023-11-08 13:19:58,782 [INFO]  Saved checkpoint to "./imputer_model/imputer_model_mean_acc_on_paper12/model-0000.params"
2023-11-08 13:19:58,782 [INFO]  Epoch[0] Validation-cross-entropy=21.271503
2023-11-08 13:19:58,782 [INFO]  Epoch[0] Validation-mean_acc_on_paper12-accuracy=0.000000
2023-11-08 13:19:58,787 [INFO]  Epoch[1] Batch [0-4]	Speed: 15828.50 samples/sec	cross-entropy=34.332152	mean_acc_on_paper12-accuracy=4.200000
2023-11-08 13:19:58,790 [INFO]  Epoch[1] Train-cross-entropy=25.573287
2023-11-08 13:19:58,790 [INFO]  Epoch[1] Train-mean_acc_on_paper12-accuracy=3.500000
2023-11-08 13:19:58,790 [INFO]  Epoch[1] Time cost=0.008
2023-11-08 13:19:58,792 [INFO]  Saved checkpoint to "./imputer_model/imputer_model_mean_acc_on_paper12/model-0001.params"
2023-11-08 13:19:58,792 [INFO]  Epoch[1] Validation-cross-entropy=23.388042
2023-11-08 13:19:58,792 [INFO]  Epoch[1] Validation-mean_acc_on_paper12-accuracy=0.000000
2023-11-08 13:19:58,797 [INFO]  Epoch[2] Batch [0-4]	Speed: 18270.86 samples/sec	cross-entropy=5.353083	mean_acc_on_paper12-accuracy=4.200000
2023-11-08 13:19:58,800 [INFO]  Epoch[2] Train-cross-entropy=6.086117
2023-11-08 13:19:58,800 [INFO]  Epoch[2] Train-mean_acc_on_paper12-accuracy=3.500000
2023-11-08 13:19:58,800 [INFO]  Epoch[2] Time cost=0.007
2023-11-08 13:19:58,801 [INFO]  Saved checkpoint to "./imputer_model/imputer_model_mean_acc_on_paper12/model-0002.params"
2023-11-08 13:19:58,801 [INFO]  Epoch[2] Validation-cross-entropy=11.545986
2023-11-08 13:19:58,801 [INFO]  Epoch[2] Validation-mean_acc_on_paper12-accuracy=0.000000
2023-11-08 13:19:58,806 [INFO]  Epoch[3] Batch [0-4]	Speed: 17723.19 samples/sec	cross-entropy=2.121444	mean_acc_on_paper12-accuracy=4.200000
2023-11-08 13:19:58,809 [INFO]  Epoch[3] Train-cross-entropy=2.168176
2023-11-08 13:19:58,809 [INFO]  Epoch[3] Train-mean_acc_on_paper12-accuracy=3.500000
2023-11-08 13:19:58,809 [INFO]  Epoch[3] Time cost=0.008
2023-11-08 13:19:58,810 [INFO]  Saved checkpoint to "./imputer_model/imputer_model_mean_acc_on_paper12/model-0003.params"
2023-11-08 13:19:58,811 [INFO]  Epoch[3] Validation-cross-entropy=13.290143
2023-11-08 13:19:58,811 [INFO]  Epoch[3] Validation-mean_acc_on_paper12-accuracy=0.000000
2023-11-08 13:19:58,815 [INFO]  Epoch[4] Batch [0-4]	Speed: 17232.81 samples/sec	cross-entropy=1.014359	mean_acc_on_paper12-accuracy=4.200000
2023-11-08 13:19:58,818 [INFO]  Epoch[4] Train-cross-entropy=0.881943
2023-11-08 13:19:58,818 [INFO]  Epoch[4] Train-mean_acc_on_paper12-accuracy=3.500000
2023-11-08 13:19:58,818 [INFO]  Epoch[4] Time cost=0.008
2023-11-08 13:19:58,820 [INFO]  Saved checkpoint to "./imputer_model/imputer_model_mean_acc_on_paper12/model-0004.params"
2023-11-08 13:19:58,820 [INFO]  Epoch[4] Validation-cross-entropy=12.347465
2023-11-08 13:19:58,820 [INFO]  Epoch[4] Validation-mean_acc_on_paper12-accuracy=0.000000
2023-11-08 13:19:58,820 [INFO]  
========== done (0.05019545555114746 s) fit model
2023-11-08 13:33:19,433 [INFO]  
========== start: fit model
2023-11-08 13:33:19,433 [WARNING]  Already bound, ignoring bind()
2023-11-08 13:33:19,440 [INFO]  Epoch[0] Batch [0-4]	Speed: 14267.10 samples/sec	cross-entropy=20.119202	mean_acc_on_paper12-accuracy=3.200000
2023-11-08 13:33:19,444 [INFO]  Epoch[0] Train-cross-entropy=19.264550
2023-11-08 13:33:19,444 [INFO]  Epoch[0] Train-mean_acc_on_paper12-accuracy=3.000000
2023-11-08 13:33:19,444 [INFO]  Epoch[0] Time cost=0.010
2023-11-08 13:33:19,445 [INFO]  Saved checkpoint to "./imputer_model/imputer_model_mean_acc_on_paper12/model-0000.params"
2023-11-08 13:33:19,445 [INFO]  Epoch[0] Validation-cross-entropy=25.775833
2023-11-08 13:33:19,445 [INFO]  Epoch[0] Validation-mean_acc_on_paper12-accuracy=0.000000
2023-11-08 13:33:19,451 [INFO]  Epoch[1] Batch [0-4]	Speed: 15441.52 samples/sec	cross-entropy=43.890585	mean_acc_on_paper12-accuracy=3.200000
2023-11-08 13:33:19,454 [INFO]  Epoch[1] Train-cross-entropy=31.193246
2023-11-08 13:33:19,454 [INFO]  Epoch[1] Train-mean_acc_on_paper12-accuracy=3.000000
2023-11-08 13:33:19,454 [INFO]  Epoch[1] Time cost=0.008
2023-11-08 13:33:19,455 [INFO]  Saved checkpoint to "./imputer_model/imputer_model_mean_acc_on_paper12/model-0001.params"
2023-11-08 13:33:19,456 [INFO]  Epoch[1] Validation-cross-entropy=30.749092
2023-11-08 13:33:19,456 [INFO]  Epoch[1] Validation-mean_acc_on_paper12-accuracy=0.000000
2023-11-08 13:33:19,460 [INFO]  Epoch[2] Batch [0-4]	Speed: 17760.72 samples/sec	cross-entropy=12.703098	mean_acc_on_paper12-accuracy=3.200000
2023-11-08 13:33:19,463 [INFO]  Epoch[2] Train-cross-entropy=9.971006
2023-11-08 13:33:19,463 [INFO]  Epoch[2] Train-mean_acc_on_paper12-accuracy=3.000000
2023-11-08 13:33:19,463 [INFO]  Epoch[2] Time cost=0.008
2023-11-08 13:33:19,464 [INFO]  Saved checkpoint to "./imputer_model/imputer_model_mean_acc_on_paper12/model-0002.params"
2023-11-08 13:33:19,465 [INFO]  Epoch[2] Validation-cross-entropy=12.765708
2023-11-08 13:33:19,465 [INFO]  Epoch[2] Validation-mean_acc_on_paper12-accuracy=0.000000
2023-11-08 13:33:19,470 [INFO]  Epoch[3] Batch [0-4]	Speed: 16354.05 samples/sec	cross-entropy=4.585860	mean_acc_on_paper12-accuracy=3.200000
2023-11-08 13:33:19,473 [INFO]  Epoch[3] Train-cross-entropy=4.955462
2023-11-08 13:33:19,473 [INFO]  Epoch[3] Train-mean_acc_on_paper12-accuracy=3.000000
2023-11-08 13:33:19,473 [INFO]  Epoch[3] Time cost=0.008
2023-11-08 13:33:19,474 [INFO]  Saved checkpoint to "./imputer_model/imputer_model_mean_acc_on_paper12/model-0003.params"
2023-11-08 13:33:19,475 [INFO]  Epoch[3] Validation-cross-entropy=17.754637
2023-11-08 13:33:19,475 [INFO]  Epoch[3] Validation-mean_acc_on_paper12-accuracy=0.000000
2023-11-08 13:33:19,480 [INFO]  Epoch[4] Batch [0-4]	Speed: 14804.51 samples/sec	cross-entropy=1.658481	mean_acc_on_paper12-accuracy=3.200000
2023-11-08 13:33:19,483 [INFO]  Epoch[4] Train-cross-entropy=1.238662
2023-11-08 13:33:19,483 [INFO]  Epoch[4] Train-mean_acc_on_paper12-accuracy=3.000000
2023-11-08 13:33:19,483 [INFO]  Epoch[4] Time cost=0.009
2023-11-08 13:33:19,484 [INFO]  Saved checkpoint to "./imputer_model/imputer_model_mean_acc_on_paper12/model-0004.params"
2023-11-08 13:33:19,485 [INFO]  Epoch[4] Validation-cross-entropy=17.166605
2023-11-08 13:33:19,485 [INFO]  Epoch[4] Validation-mean_acc_on_paper12-accuracy=0.000000
2023-11-08 13:33:19,485 [INFO]  
========== done (0.05184745788574219 s) fit model
2023-11-08 13:46:39,357 [INFO]  
========== start: fit model
2023-11-08 13:46:39,358 [WARNING]  Already bound, ignoring bind()
2023-11-08 13:46:39,365 [INFO]  Epoch[0] Batch [0-4]	Speed: 13774.40 samples/sec	cross-entropy=22.223722	mean_acc_on_paper12-accuracy=3.400000
2023-11-08 13:46:39,368 [INFO]  Epoch[0] Train-cross-entropy=21.334724
2023-11-08 13:46:39,369 [INFO]  Epoch[0] Train-mean_acc_on_paper12-accuracy=4.000000
2023-11-08 13:46:39,369 [INFO]  Epoch[0] Time cost=0.010
2023-11-08 13:46:39,372 [INFO]  Saved checkpoint to "./imputer_model/imputer_model_mean_acc_on_paper12/model-0000.params"
2023-11-08 13:46:39,373 [INFO]  Epoch[0] Validation-cross-entropy=18.332869
2023-11-08 13:46:39,373 [INFO]  Epoch[0] Validation-mean_acc_on_paper12-accuracy=0.000000
2023-11-08 13:46:39,381 [INFO]  Epoch[1] Batch [0-4]	Speed: 10839.75 samples/sec	cross-entropy=33.887424	mean_acc_on_paper12-accuracy=3.400000
2023-11-08 13:46:39,386 [INFO]  Epoch[1] Train-cross-entropy=29.986470
2023-11-08 13:46:39,386 [INFO]  Epoch[1] Train-mean_acc_on_paper12-accuracy=4.000000
2023-11-08 13:46:39,386 [INFO]  Epoch[1] Time cost=0.013
2023-11-08 13:46:39,388 [INFO]  Saved checkpoint to "./imputer_model/imputer_model_mean_acc_on_paper12/model-0001.params"
2023-11-08 13:46:39,389 [INFO]  Epoch[1] Validation-cross-entropy=12.743349
2023-11-08 13:46:39,389 [INFO]  Epoch[1] Validation-mean_acc_on_paper12-accuracy=0.000000
2023-11-08 13:46:39,395 [INFO]  Epoch[2] Batch [0-4]	Speed: 15364.63 samples/sec	cross-entropy=13.819093	mean_acc_on_paper12-accuracy=3.400000
2023-11-08 13:46:39,398 [INFO]  Epoch[2] Train-cross-entropy=11.355307
2023-11-08 13:46:39,398 [INFO]  Epoch[2] Train-mean_acc_on_paper12-accuracy=4.000000
2023-11-08 13:46:39,398 [INFO]  Epoch[2] Time cost=0.009
2023-11-08 13:46:39,399 [INFO]  Saved checkpoint to "./imputer_model/imputer_model_mean_acc_on_paper12/model-0002.params"
2023-11-08 13:46:39,400 [INFO]  Epoch[2] Validation-cross-entropy=11.322968
2023-11-08 13:46:39,400 [INFO]  Epoch[2] Validation-mean_acc_on_paper12-accuracy=0.000000
2023-11-08 13:46:39,405 [INFO]  Epoch[3] Batch [0-4]	Speed: 16055.71 samples/sec	cross-entropy=7.055101	mean_acc_on_paper12-accuracy=3.400000
2023-11-08 13:46:39,408 [INFO]  Epoch[3] Train-cross-entropy=7.586718
2023-11-08 13:46:39,408 [INFO]  Epoch[3] Train-mean_acc_on_paper12-accuracy=4.000000
2023-11-08 13:46:39,408 [INFO]  Epoch[3] Time cost=0.008
2023-11-08 13:46:39,409 [INFO]  Saved checkpoint to "./imputer_model/imputer_model_mean_acc_on_paper12/model-0003.params"
2023-11-08 13:46:39,410 [INFO]  Epoch[3] Validation-cross-entropy=13.397975
2023-11-08 13:46:39,410 [INFO]  Epoch[3] Validation-mean_acc_on_paper12-accuracy=0.000000
2023-11-08 13:46:39,416 [INFO]  Epoch[4] Batch [0-4]	Speed: 14160.23 samples/sec	cross-entropy=1.790428	mean_acc_on_paper12-accuracy=3.400000
2023-11-08 13:46:39,420 [INFO]  Epoch[4] Train-cross-entropy=2.182872
2023-11-08 13:46:39,420 [INFO]  Epoch[4] Train-mean_acc_on_paper12-accuracy=4.000000
2023-11-08 13:46:39,420 [INFO]  Epoch[4] Time cost=0.010
2023-11-08 13:46:39,423 [INFO]  Saved checkpoint to "./imputer_model/imputer_model_mean_acc_on_paper12/model-0004.params"
2023-11-08 13:46:39,423 [INFO]  Epoch[4] Validation-cross-entropy=15.301770
2023-11-08 13:46:39,423 [INFO]  Epoch[4] Validation-mean_acc_on_paper12-accuracy=0.000000
2023-11-08 13:46:39,424 [INFO]  
========== done (0.06612300872802734 s) fit model
2023-11-08 14:00:01,924 [INFO]  
========== start: fit model
2023-11-08 14:00:01,924 [WARNING]  Already bound, ignoring bind()
2023-11-08 14:00:01,931 [INFO]  Epoch[0] Batch [0-4]	Speed: 13935.29 samples/sec	cross-entropy=26.089191	mean_acc_on_paper12-accuracy=0.000000
2023-11-08 14:00:01,934 [INFO]  Epoch[0] Train-cross-entropy=21.898491
2023-11-08 14:00:01,934 [INFO]  Epoch[0] Train-mean_acc_on_paper12-accuracy=0.000000
2023-11-08 14:00:01,935 [INFO]  Epoch[0] Time cost=0.010
2023-11-08 14:00:01,936 [INFO]  Saved checkpoint to "./imputer_model/imputer_model_mean_acc_on_paper12/model-0000.params"
2023-11-08 14:00:01,936 [INFO]  Epoch[0] Validation-cross-entropy=52.061039
2023-11-08 14:00:01,936 [INFO]  Epoch[0] Validation-mean_acc_on_paper12-accuracy=0.000000
2023-11-08 14:00:01,942 [INFO]  Epoch[1] Batch [0-4]	Speed: 15129.94 samples/sec	cross-entropy=30.145156	mean_acc_on_paper12-accuracy=0.000000
2023-11-08 14:00:01,945 [INFO]  Epoch[1] Train-cross-entropy=33.125902
2023-11-08 14:00:01,945 [INFO]  Epoch[1] Train-mean_acc_on_paper12-accuracy=0.000000
2023-11-08 14:00:01,945 [INFO]  Epoch[1] Time cost=0.009
2023-11-08 14:00:01,946 [INFO]  Saved checkpoint to "./imputer_model/imputer_model_mean_acc_on_paper12/model-0001.params"
2023-11-08 14:00:01,947 [INFO]  Epoch[1] Validation-cross-entropy=15.286037
2023-11-08 14:00:01,947 [INFO]  Epoch[1] Validation-mean_acc_on_paper12-accuracy=0.000000
2023-11-08 14:00:01,952 [INFO]  Epoch[2] Batch [0-4]	Speed: 15516.50 samples/sec	cross-entropy=6.703375	mean_acc_on_paper12-accuracy=0.000000
2023-11-08 14:00:01,955 [INFO]  Epoch[2] Train-cross-entropy=6.267850
2023-11-08 14:00:01,955 [INFO]  Epoch[2] Train-mean_acc_on_paper12-accuracy=0.000000
2023-11-08 14:00:01,955 [INFO]  Epoch[2] Time cost=0.008
2023-11-08 14:00:01,956 [INFO]  Saved checkpoint to "./imputer_model/imputer_model_mean_acc_on_paper12/model-0002.params"
2023-11-08 14:00:01,957 [INFO]  Epoch[2] Validation-cross-entropy=13.029655
2023-11-08 14:00:01,957 [INFO]  Epoch[2] Validation-mean_acc_on_paper12-accuracy=0.000000
2023-11-08 14:00:01,962 [INFO]  Epoch[3] Batch [0-4]	Speed: 16141.64 samples/sec	cross-entropy=6.307314	mean_acc_on_paper12-accuracy=0.000000
2023-11-08 14:00:01,965 [INFO]  Epoch[3] Train-cross-entropy=5.047227
2023-11-08 14:00:01,965 [INFO]  Epoch[3] Train-mean_acc_on_paper12-accuracy=0.000000
2023-11-08 14:00:01,965 [INFO]  Epoch[3] Time cost=0.008
2023-11-08 14:00:01,966 [INFO]  Saved checkpoint to "./imputer_model/imputer_model_mean_acc_on_paper12/model-0003.params"
2023-11-08 14:00:01,967 [INFO]  Epoch[3] Validation-cross-entropy=16.228325
2023-11-08 14:00:01,967 [INFO]  Epoch[3] Validation-mean_acc_on_paper12-accuracy=0.000000
2023-11-08 14:00:01,976 [INFO]  Epoch[4] Batch [0-4]	Speed: 9874.40 samples/sec	cross-entropy=2.316236	mean_acc_on_paper12-accuracy=0.000000
2023-11-08 14:00:01,981 [INFO]  Epoch[4] Train-cross-entropy=2.016541
2023-11-08 14:00:01,981 [INFO]  Epoch[4] Train-mean_acc_on_paper12-accuracy=0.000000
2023-11-08 14:00:01,981 [INFO]  Epoch[4] Time cost=0.014
2023-11-08 14:00:01,983 [INFO]  Saved checkpoint to "./imputer_model/imputer_model_mean_acc_on_paper12/model-0004.params"
2023-11-08 14:00:01,984 [INFO]  Epoch[4] Validation-cross-entropy=17.492615
2023-11-08 14:00:01,984 [INFO]  Epoch[4] Validation-mean_acc_on_paper12-accuracy=0.000000
2023-11-08 14:00:01,984 [INFO]  
========== done (0.060288190841674805 s) fit model
2023-11-08 14:13:27,295 [INFO]  
========== start: fit model
2023-11-08 14:13:27,295 [WARNING]  Already bound, ignoring bind()
2023-11-08 14:13:27,302 [INFO]  Epoch[0] Batch [0-4]	Speed: 14028.51 samples/sec	cross-entropy=30.307911	mean_acc_on_paper12-accuracy=0.000000
2023-11-08 14:13:27,306 [INFO]  Epoch[0] Train-cross-entropy=30.359714
2023-11-08 14:13:27,306 [INFO]  Epoch[0] Train-mean_acc_on_paper12-accuracy=0.000000
2023-11-08 14:13:27,306 [INFO]  Epoch[0] Time cost=0.010
2023-11-08 14:13:27,307 [INFO]  Saved checkpoint to "./imputer_model/imputer_model_mean_acc_on_paper12/model-0000.params"
2023-11-08 14:13:27,308 [INFO]  Epoch[0] Validation-cross-entropy=19.967768
2023-11-08 14:13:27,308 [INFO]  Epoch[0] Validation-mean_acc_on_paper12-accuracy=0.000000
2023-11-08 14:13:27,313 [INFO]  Epoch[1] Batch [0-4]	Speed: 14971.30 samples/sec	cross-entropy=25.518150	mean_acc_on_paper12-accuracy=0.000000
2023-11-08 14:13:27,318 [INFO]  Epoch[1] Train-cross-entropy=38.809197
2023-11-08 14:13:27,318 [INFO]  Epoch[1] Train-mean_acc_on_paper12-accuracy=0.000000
2023-11-08 14:13:27,318 [INFO]  Epoch[1] Time cost=0.010
2023-11-08 14:13:27,321 [INFO]  Saved checkpoint to "./imputer_model/imputer_model_mean_acc_on_paper12/model-0001.params"
2023-11-08 14:13:27,322 [INFO]  Epoch[1] Validation-cross-entropy=9.693291
2023-11-08 14:13:27,322 [INFO]  Epoch[1] Validation-mean_acc_on_paper12-accuracy=0.000000
2023-11-08 14:13:27,330 [INFO]  Epoch[2] Batch [0-4]	Speed: 11516.39 samples/sec	cross-entropy=4.835694	mean_acc_on_paper12-accuracy=0.000000
2023-11-08 14:13:27,333 [INFO]  Epoch[2] Train-cross-entropy=4.818500
2023-11-08 14:13:27,333 [INFO]  Epoch[2] Train-mean_acc_on_paper12-accuracy=0.000000
2023-11-08 14:13:27,333 [INFO]  Epoch[2] Time cost=0.011
2023-11-08 14:13:27,336 [INFO]  Saved checkpoint to "./imputer_model/imputer_model_mean_acc_on_paper12/model-0002.params"
2023-11-08 14:13:27,336 [INFO]  Epoch[2] Validation-cross-entropy=15.753057
2023-11-08 14:13:27,336 [INFO]  Epoch[2] Validation-mean_acc_on_paper12-accuracy=0.000000
2023-11-08 14:13:27,342 [INFO]  Epoch[3] Batch [0-4]	Speed: 15371.67 samples/sec	cross-entropy=3.673189	mean_acc_on_paper12-accuracy=0.000000
2023-11-08 14:13:27,345 [INFO]  Epoch[3] Train-cross-entropy=3.619371
2023-11-08 14:13:27,345 [INFO]  Epoch[3] Train-mean_acc_on_paper12-accuracy=0.000000
2023-11-08 14:13:27,345 [INFO]  Epoch[3] Time cost=0.009
2023-11-08 14:13:27,346 [INFO]  Saved checkpoint to "./imputer_model/imputer_model_mean_acc_on_paper12/model-0003.params"
2023-11-08 14:13:27,347 [INFO]  Epoch[3] Validation-cross-entropy=8.991588
2023-11-08 14:13:27,347 [INFO]  Epoch[3] Validation-mean_acc_on_paper12-accuracy=0.000000
2023-11-08 14:13:27,353 [INFO]  Epoch[4] Batch [0-4]	Speed: 13223.42 samples/sec	cross-entropy=1.638005	mean_acc_on_paper12-accuracy=0.000000
2023-11-08 14:13:27,357 [INFO]  Epoch[4] Train-cross-entropy=1.436395
2023-11-08 14:13:27,358 [INFO]  Epoch[4] Train-mean_acc_on_paper12-accuracy=0.000000
2023-11-08 14:13:27,358 [INFO]  Epoch[4] Time cost=0.011
2023-11-08 14:13:27,361 [INFO]  Saved checkpoint to "./imputer_model/imputer_model_mean_acc_on_paper12/model-0004.params"
2023-11-08 14:13:27,361 [INFO]  Epoch[4] Validation-cross-entropy=9.693612
2023-11-08 14:13:27,361 [INFO]  Epoch[4] Validation-mean_acc_on_paper12-accuracy=0.000000
2023-11-08 14:13:27,361 [INFO]  
========== done (0.06652164459228516 s) fit model
2023-11-08 14:27:02,664 [INFO]  
========== start: fit model
2023-11-08 14:27:02,664 [WARNING]  Already bound, ignoring bind()
2023-11-08 14:27:02,671 [INFO]  Epoch[0] Batch [0-4]	Speed: 13969.37 samples/sec	cross-entropy=20.490411	mean_acc_on_paper12-accuracy=0.000000
2023-11-08 14:27:02,675 [INFO]  Epoch[0] Train-cross-entropy=18.414472
2023-11-08 14:27:02,675 [INFO]  Epoch[0] Train-mean_acc_on_paper12-accuracy=0.000000
2023-11-08 14:27:02,675 [INFO]  Epoch[0] Time cost=0.010
2023-11-08 14:27:02,676 [INFO]  Saved checkpoint to "./imputer_model/imputer_model_mean_acc_on_paper12/model-0000.params"
2023-11-08 14:27:02,677 [INFO]  Epoch[0] Validation-cross-entropy=90.422073
2023-11-08 14:27:02,677 [INFO]  Epoch[0] Validation-mean_acc_on_paper12-accuracy=0.000000
2023-11-08 14:27:02,682 [INFO]  Epoch[1] Batch [0-4]	Speed: 15326.03 samples/sec	cross-entropy=35.998905	mean_acc_on_paper12-accuracy=0.000000
2023-11-08 14:27:02,685 [INFO]  Epoch[1] Train-cross-entropy=34.232763
2023-11-08 14:27:02,686 [INFO]  Epoch[1] Train-mean_acc_on_paper12-accuracy=0.000000
2023-11-08 14:27:02,686 [INFO]  Epoch[1] Time cost=0.009
2023-11-08 14:27:02,687 [INFO]  Saved checkpoint to "./imputer_model/imputer_model_mean_acc_on_paper12/model-0001.params"
2023-11-08 14:27:02,687 [INFO]  Epoch[1] Validation-cross-entropy=63.414341
2023-11-08 14:27:02,687 [INFO]  Epoch[1] Validation-mean_acc_on_paper12-accuracy=0.000000
2023-11-08 14:27:02,692 [INFO]  Epoch[2] Batch [0-4]	Speed: 16012.61 samples/sec	cross-entropy=8.524455	mean_acc_on_paper12-accuracy=0.000000
2023-11-08 14:27:02,696 [INFO]  Epoch[2] Train-cross-entropy=8.406465
2023-11-08 14:27:02,696 [INFO]  Epoch[2] Train-mean_acc_on_paper12-accuracy=0.000000
2023-11-08 14:27:02,696 [INFO]  Epoch[2] Time cost=0.008
2023-11-08 14:27:02,697 [INFO]  Saved checkpoint to "./imputer_model/imputer_model_mean_acc_on_paper12/model-0002.params"
2023-11-08 14:27:02,697 [INFO]  Epoch[2] Validation-cross-entropy=45.711098
2023-11-08 14:27:02,697 [INFO]  Epoch[2] Validation-mean_acc_on_paper12-accuracy=0.000000
2023-11-08 14:27:02,702 [INFO]  Epoch[3] Batch [0-4]	Speed: 16095.18 samples/sec	cross-entropy=4.585771	mean_acc_on_paper12-accuracy=0.000000
2023-11-08 14:27:02,705 [INFO]  Epoch[3] Train-cross-entropy=3.916439
2023-11-08 14:27:02,705 [INFO]  Epoch[3] Train-mean_acc_on_paper12-accuracy=0.000000
2023-11-08 14:27:02,705 [INFO]  Epoch[3] Time cost=0.008
2023-11-08 14:27:02,707 [INFO]  Saved checkpoint to "./imputer_model/imputer_model_mean_acc_on_paper12/model-0003.params"
2023-11-08 14:27:02,707 [INFO]  Epoch[3] Validation-cross-entropy=31.635044
2023-11-08 14:27:02,707 [INFO]  Epoch[3] Validation-mean_acc_on_paper12-accuracy=0.000000
2023-11-08 14:27:02,712 [INFO]  Epoch[4] Batch [0-4]	Speed: 16616.25 samples/sec	cross-entropy=3.682874	mean_acc_on_paper12-accuracy=0.000000
2023-11-08 14:27:02,715 [INFO]  Epoch[4] Train-cross-entropy=2.644819
2023-11-08 14:27:02,715 [INFO]  Epoch[4] Train-mean_acc_on_paper12-accuracy=0.000000
2023-11-08 14:27:02,715 [INFO]  Epoch[4] Time cost=0.008
2023-11-08 14:27:02,716 [INFO]  Saved checkpoint to "./imputer_model/imputer_model_mean_acc_on_paper12/model-0004.params"
2023-11-08 14:27:02,717 [INFO]  Epoch[4] Validation-cross-entropy=51.785690
2023-11-08 14:27:02,717 [INFO]  Epoch[4] Validation-mean_acc_on_paper12-accuracy=0.000000
2023-11-08 14:27:02,717 [INFO]  
========== done (0.05278897285461426 s) fit model
2023-11-08 14:41:02,373 [INFO]  
========== start: fit model
2023-11-08 14:41:02,373 [WARNING]  Already bound, ignoring bind()
2023-11-08 14:41:02,380 [INFO]  Epoch[0] Batch [0-4]	Speed: 13367.63 samples/sec	cross-entropy=22.779153	mean_acc_on_paper12-accuracy=2.600000
2023-11-08 14:41:02,384 [INFO]  Epoch[0] Train-cross-entropy=19.735257
2023-11-08 14:41:02,384 [INFO]  Epoch[0] Train-mean_acc_on_paper12-accuracy=3.500000
2023-11-08 14:41:02,384 [INFO]  Epoch[0] Time cost=0.010
2023-11-08 14:41:02,385 [INFO]  Saved checkpoint to "./imputer_model/imputer_model_mean_acc_on_paper12/model-0000.params"
2023-11-08 14:41:02,386 [INFO]  Epoch[0] Validation-cross-entropy=15.273208
2023-11-08 14:41:02,386 [INFO]  Epoch[0] Validation-mean_acc_on_paper12-accuracy=0.000000
2023-11-08 14:41:02,391 [INFO]  Epoch[1] Batch [0-4]	Speed: 14408.77 samples/sec	cross-entropy=27.304991	mean_acc_on_paper12-accuracy=2.600000
2023-11-08 14:41:02,395 [INFO]  Epoch[1] Train-cross-entropy=20.829152
2023-11-08 14:41:02,395 [INFO]  Epoch[1] Train-mean_acc_on_paper12-accuracy=3.500000
2023-11-08 14:41:02,395 [INFO]  Epoch[1] Time cost=0.009
2023-11-08 14:41:02,396 [INFO]  Saved checkpoint to "./imputer_model/imputer_model_mean_acc_on_paper12/model-0001.params"
2023-11-08 14:41:02,397 [INFO]  Epoch[1] Validation-cross-entropy=4.394990
2023-11-08 14:41:02,397 [INFO]  Epoch[1] Validation-mean_acc_on_paper12-accuracy=0.000000
2023-11-08 14:41:02,402 [INFO]  Epoch[2] Batch [0-4]	Speed: 14986.35 samples/sec	cross-entropy=3.898642	mean_acc_on_paper12-accuracy=2.600000
2023-11-08 14:41:02,405 [INFO]  Epoch[2] Train-cross-entropy=3.183815
2023-11-08 14:41:02,405 [INFO]  Epoch[2] Train-mean_acc_on_paper12-accuracy=3.500000
2023-11-08 14:41:02,406 [INFO]  Epoch[2] Time cost=0.009
2023-11-08 14:41:02,407 [INFO]  Saved checkpoint to "./imputer_model/imputer_model_mean_acc_on_paper12/model-0002.params"
2023-11-08 14:41:02,407 [INFO]  Epoch[2] Validation-cross-entropy=4.120917
2023-11-08 14:41:02,407 [INFO]  Epoch[2] Validation-mean_acc_on_paper12-accuracy=0.000000
2023-11-08 14:41:02,412 [INFO]  Epoch[3] Batch [0-4]	Speed: 16127.09 samples/sec	cross-entropy=2.799084	mean_acc_on_paper12-accuracy=2.600000
2023-11-08 14:41:02,415 [INFO]  Epoch[3] Train-cross-entropy=2.363287
2023-11-08 14:41:02,415 [INFO]  Epoch[3] Train-mean_acc_on_paper12-accuracy=3.500000
2023-11-08 14:41:02,415 [INFO]  Epoch[3] Time cost=0.008
2023-11-08 14:41:02,417 [INFO]  Saved checkpoint to "./imputer_model/imputer_model_mean_acc_on_paper12/model-0003.params"
2023-11-08 14:41:02,417 [INFO]  Epoch[3] Validation-cross-entropy=5.510587
2023-11-08 14:41:02,417 [INFO]  Epoch[3] Validation-mean_acc_on_paper12-accuracy=0.000000
2023-11-08 14:41:02,422 [INFO]  Epoch[4] Batch [0-4]	Speed: 17006.81 samples/sec	cross-entropy=1.064832	mean_acc_on_paper12-accuracy=2.600000
2023-11-08 14:41:02,425 [INFO]  Epoch[4] Train-cross-entropy=0.861610
2023-11-08 14:41:02,425 [INFO]  Epoch[4] Train-mean_acc_on_paper12-accuracy=3.500000
2023-11-08 14:41:02,425 [INFO]  Epoch[4] Time cost=0.008
2023-11-08 14:41:02,427 [INFO]  Saved checkpoint to "./imputer_model/imputer_model_mean_acc_on_paper12/model-0004.params"
2023-11-08 14:41:02,427 [INFO]  Epoch[4] Validation-cross-entropy=4.532517
2023-11-08 14:41:02,427 [INFO]  Epoch[4] Validation-mean_acc_on_paper12-accuracy=0.000000
2023-11-08 14:41:02,427 [INFO]  
========== done (0.05447030067443848 s) fit model
2023-11-08 14:55:07,513 [INFO]  
========== start: fit model
2023-11-08 14:55:07,513 [WARNING]  Already bound, ignoring bind()
2023-11-08 14:55:07,521 [INFO]  Epoch[0] Batch [0-4]	Speed: 13818.36 samples/sec	cross-entropy=23.781860	mean_acc_on_paper12-accuracy=0.000000
2023-11-08 14:55:07,524 [INFO]  Epoch[0] Train-cross-entropy=21.358042
2023-11-08 14:55:07,524 [INFO]  Epoch[0] Train-mean_acc_on_paper12-accuracy=0.000000
2023-11-08 14:55:07,524 [INFO]  Epoch[0] Time cost=0.010
2023-11-08 14:55:07,526 [INFO]  Saved checkpoint to "./imputer_model/imputer_model_mean_acc_on_paper12/model-0000.params"
2023-11-08 14:55:07,526 [INFO]  Epoch[0] Validation-cross-entropy=41.846901
2023-11-08 14:55:07,526 [INFO]  Epoch[0] Validation-mean_acc_on_paper12-accuracy=0.000000
2023-11-08 14:55:07,533 [INFO]  Epoch[1] Batch [0-4]	Speed: 12910.52 samples/sec	cross-entropy=34.052791	mean_acc_on_paper12-accuracy=0.000000
2023-11-08 14:55:07,538 [INFO]  Epoch[1] Train-cross-entropy=30.202524
2023-11-08 14:55:07,538 [INFO]  Epoch[1] Train-mean_acc_on_paper12-accuracy=0.000000
2023-11-08 14:55:07,538 [INFO]  Epoch[1] Time cost=0.012
2023-11-08 14:55:07,542 [INFO]  Saved checkpoint to "./imputer_model/imputer_model_mean_acc_on_paper12/model-0001.params"
2023-11-08 14:55:07,543 [INFO]  Epoch[1] Validation-cross-entropy=21.438526
2023-11-08 14:55:07,543 [INFO]  Epoch[1] Validation-mean_acc_on_paper12-accuracy=0.000000
2023-11-08 14:55:07,549 [INFO]  Epoch[2] Batch [0-4]	Speed: 15762.50 samples/sec	cross-entropy=5.322109	mean_acc_on_paper12-accuracy=0.000000
2023-11-08 14:55:07,552 [INFO]  Epoch[2] Train-cross-entropy=4.853777
2023-11-08 14:55:07,552 [INFO]  Epoch[2] Train-mean_acc_on_paper12-accuracy=0.000000
2023-11-08 14:55:07,552 [INFO]  Epoch[2] Time cost=0.009
2023-11-08 14:55:07,555 [INFO]  Saved checkpoint to "./imputer_model/imputer_model_mean_acc_on_paper12/model-0002.params"
2023-11-08 14:55:07,555 [INFO]  Epoch[2] Validation-cross-entropy=18.150539
2023-11-08 14:55:07,555 [INFO]  Epoch[2] Validation-mean_acc_on_paper12-accuracy=0.000000
2023-11-08 14:55:07,560 [INFO]  Epoch[3] Batch [0-4]	Speed: 17051.10 samples/sec	cross-entropy=3.158310	mean_acc_on_paper12-accuracy=0.000000
2023-11-08 14:55:07,563 [INFO]  Epoch[3] Train-cross-entropy=2.810509
2023-11-08 14:55:07,563 [INFO]  Epoch[3] Train-mean_acc_on_paper12-accuracy=0.000000
2023-11-08 14:55:07,563 [INFO]  Epoch[3] Time cost=0.008
2023-11-08 14:55:07,565 [INFO]  Saved checkpoint to "./imputer_model/imputer_model_mean_acc_on_paper12/model-0003.params"
2023-11-08 14:55:07,566 [INFO]  Epoch[3] Validation-cross-entropy=19.031740
2023-11-08 14:55:07,566 [INFO]  Epoch[3] Validation-mean_acc_on_paper12-accuracy=0.000000
2023-11-08 14:55:07,571 [INFO]  Epoch[4] Batch [0-4]	Speed: 16381.00 samples/sec	cross-entropy=2.381726	mean_acc_on_paper12-accuracy=0.000000
2023-11-08 14:55:07,574 [INFO]  Epoch[4] Train-cross-entropy=1.685784
2023-11-08 14:55:07,574 [INFO]  Epoch[4] Train-mean_acc_on_paper12-accuracy=0.000000
2023-11-08 14:55:07,574 [INFO]  Epoch[4] Time cost=0.008
2023-11-08 14:55:07,575 [INFO]  Saved checkpoint to "./imputer_model/imputer_model_mean_acc_on_paper12/model-0004.params"
2023-11-08 14:55:07,576 [INFO]  Epoch[4] Validation-cross-entropy=19.147434
2023-11-08 14:55:07,576 [INFO]  Epoch[4] Validation-mean_acc_on_paper12-accuracy=0.000000
2023-11-08 14:55:07,577 [INFO]  
========== done (0.06330323219299316 s) fit model
