2023-11-08 12:37:20,070 [INFO]  
========== start: fit model
2023-11-08 12:37:20,070 [WARNING]  Already bound, ignoring bind()
2023-11-08 12:37:20,921 [INFO]  Epoch[0] Batch [0-4]	Speed: 134.86 samples/sec	cross-entropy=26.272542	mean_speed_on_paper9-accuracy=3.200000
2023-11-08 12:37:20,943 [INFO]  Epoch[0] Train-cross-entropy=23.614798
2023-11-08 12:37:20,943 [INFO]  Epoch[0] Train-mean_speed_on_paper9-accuracy=3.875000
2023-11-08 12:37:20,943 [INFO]  Epoch[0] Time cost=0.853
2023-11-08 12:37:20,945 [INFO]  Saved checkpoint to "./imputer_model/imputer_model_mean_speed_on_paper9/model-0000.params"
2023-11-08 12:37:20,949 [INFO]  Epoch[0] Validation-cross-entropy=53.345573
2023-11-08 12:37:20,950 [INFO]  Epoch[0] Validation-mean_speed_on_paper9-accuracy=0.000000
2023-11-08 12:37:20,984 [INFO]  Epoch[1] Batch [0-4]	Speed: 5052.24 samples/sec	cross-entropy=45.539852	mean_speed_on_paper9-accuracy=3.200000
2023-11-08 12:37:21,003 [INFO]  Epoch[1] Train-cross-entropy=32.610922
2023-11-08 12:37:21,003 [INFO]  Epoch[1] Train-mean_speed_on_paper9-accuracy=3.875000
2023-11-08 12:37:21,003 [INFO]  Epoch[1] Time cost=0.053
2023-11-08 12:37:21,006 [INFO]  Saved checkpoint to "./imputer_model/imputer_model_mean_speed_on_paper9/model-0001.params"
2023-11-08 12:37:21,007 [INFO]  Epoch[1] Validation-cross-entropy=19.859669
2023-11-08 12:37:21,007 [INFO]  Epoch[1] Validation-mean_speed_on_paper9-accuracy=0.000000
2023-11-08 12:37:21,014 [INFO]  Epoch[2] Batch [0-4]	Speed: 12587.83 samples/sec	cross-entropy=7.363480	mean_speed_on_paper9-accuracy=3.200000
2023-11-08 12:37:21,018 [INFO]  Epoch[2] Train-cross-entropy=5.380720
2023-11-08 12:37:21,018 [INFO]  Epoch[2] Train-mean_speed_on_paper9-accuracy=3.875000
2023-11-08 12:37:21,018 [INFO]  Epoch[2] Time cost=0.011
2023-11-08 12:37:21,021 [INFO]  Saved checkpoint to "./imputer_model/imputer_model_mean_speed_on_paper9/model-0002.params"
2023-11-08 12:37:21,022 [INFO]  Epoch[2] Validation-cross-entropy=10.930570
2023-11-08 12:37:21,023 [INFO]  Epoch[2] Validation-mean_speed_on_paper9-accuracy=0.000000
2023-11-08 12:37:21,031 [INFO]  Epoch[3] Batch [0-4]	Speed: 9273.02 samples/sec	cross-entropy=3.558965	mean_speed_on_paper9-accuracy=3.200000
2023-11-08 12:37:21,038 [INFO]  Epoch[3] Train-cross-entropy=2.491408
2023-11-08 12:37:21,038 [INFO]  Epoch[3] Train-mean_speed_on_paper9-accuracy=3.875000
2023-11-08 12:37:21,038 [INFO]  Epoch[3] Time cost=0.015
2023-11-08 12:37:21,042 [INFO]  Saved checkpoint to "./imputer_model/imputer_model_mean_speed_on_paper9/model-0003.params"
2023-11-08 12:37:21,043 [INFO]  Epoch[3] Validation-cross-entropy=11.150030
2023-11-08 12:37:21,044 [INFO]  Epoch[3] Validation-mean_speed_on_paper9-accuracy=0.000000
2023-11-08 12:37:21,104 [INFO]  Epoch[4] Batch [0-4]	Speed: 1110.77 samples/sec	cross-entropy=1.379642	mean_speed_on_paper9-accuracy=3.200000
2023-11-08 12:37:21,620 [INFO]  Epoch[4] Train-cross-entropy=1.082062
2023-11-08 12:37:21,620 [INFO]  Epoch[4] Train-mean_speed_on_paper9-accuracy=3.875000
2023-11-08 12:37:21,620 [INFO]  Epoch[4] Time cost=0.576
2023-11-08 12:37:21,628 [INFO]  Saved checkpoint to "./imputer_model/imputer_model_mean_speed_on_paper9/model-0004.params"
2023-11-08 12:37:21,749 [INFO]  Epoch[4] Validation-cross-entropy=12.693148
2023-11-08 12:37:21,749 [INFO]  Epoch[4] Validation-mean_speed_on_paper9-accuracy=0.000000
2023-11-08 12:37:21,750 [INFO]  
========== done (1.679337739944458 s) fit model
2023-11-08 13:05:48,063 [INFO]  
========== start: fit model
2023-11-08 13:05:48,083 [WARNING]  Already bound, ignoring bind()
2023-11-08 13:05:48,097 [INFO]  Epoch[0] Batch [0-4]	Speed: 9927.35 samples/sec	cross-entropy=17.033838	mean_speed_on_paper9-accuracy=0.000000
2023-11-08 13:05:48,102 [INFO]  Epoch[0] Train-cross-entropy=21.080533
2023-11-08 13:05:48,102 [INFO]  Epoch[0] Train-mean_speed_on_paper9-accuracy=0.000000
2023-11-08 13:05:48,102 [INFO]  Epoch[0] Time cost=0.017
2023-11-08 13:05:48,105 [INFO]  Saved checkpoint to "./imputer_model/imputer_model_mean_speed_on_paper9/model-0000.params"
2023-11-08 13:05:48,106 [INFO]  Epoch[0] Validation-cross-entropy=13.972901
2023-11-08 13:05:48,106 [INFO]  Epoch[0] Validation-mean_speed_on_paper9-accuracy=0.000000
2023-11-08 13:05:48,113 [INFO]  Epoch[1] Batch [0-4]	Speed: 11991.22 samples/sec	cross-entropy=32.718394	mean_speed_on_paper9-accuracy=0.000000
2023-11-08 13:05:48,117 [INFO]  Epoch[1] Train-cross-entropy=28.146065
2023-11-08 13:05:48,117 [INFO]  Epoch[1] Train-mean_speed_on_paper9-accuracy=0.000000
2023-11-08 13:05:48,117 [INFO]  Epoch[1] Time cost=0.011
2023-11-08 13:05:48,119 [INFO]  Saved checkpoint to "./imputer_model/imputer_model_mean_speed_on_paper9/model-0001.params"
2023-11-08 13:05:48,119 [INFO]  Epoch[1] Validation-cross-entropy=2.186161
2023-11-08 13:05:48,120 [INFO]  Epoch[1] Validation-mean_speed_on_paper9-accuracy=0.000000
2023-11-08 13:05:48,125 [INFO]  Epoch[2] Batch [0-4]	Speed: 14217.23 samples/sec	cross-entropy=6.389727	mean_speed_on_paper9-accuracy=0.000000
2023-11-08 13:05:48,129 [INFO]  Epoch[2] Train-cross-entropy=5.380545
2023-11-08 13:05:48,129 [INFO]  Epoch[2] Train-mean_speed_on_paper9-accuracy=0.000000
2023-11-08 13:05:48,129 [INFO]  Epoch[2] Time cost=0.009
2023-11-08 13:05:48,130 [INFO]  Saved checkpoint to "./imputer_model/imputer_model_mean_speed_on_paper9/model-0002.params"
2023-11-08 13:05:48,131 [INFO]  Epoch[2] Validation-cross-entropy=22.152061
2023-11-08 13:05:48,131 [INFO]  Epoch[2] Validation-mean_speed_on_paper9-accuracy=0.000000
2023-11-08 13:05:48,137 [INFO]  Epoch[3] Batch [0-4]	Speed: 14419.61 samples/sec	cross-entropy=7.288054	mean_speed_on_paper9-accuracy=0.000000
2023-11-08 13:05:48,140 [INFO]  Epoch[3] Train-cross-entropy=5.947171
2023-11-08 13:05:48,140 [INFO]  Epoch[3] Train-mean_speed_on_paper9-accuracy=0.000000
2023-11-08 13:05:48,140 [INFO]  Epoch[3] Time cost=0.009
2023-11-08 13:05:48,142 [INFO]  Saved checkpoint to "./imputer_model/imputer_model_mean_speed_on_paper9/model-0003.params"
2023-11-08 13:05:48,142 [INFO]  Epoch[3] Validation-cross-entropy=2.580419
2023-11-08 13:05:48,142 [INFO]  Epoch[3] Validation-mean_speed_on_paper9-accuracy=0.000000
2023-11-08 13:05:48,148 [INFO]  Epoch[4] Batch [0-4]	Speed: 14448.33 samples/sec	cross-entropy=2.564128	mean_speed_on_paper9-accuracy=0.000000
2023-11-08 13:05:48,151 [INFO]  Epoch[4] Train-cross-entropy=2.298743
2023-11-08 13:05:48,151 [INFO]  Epoch[4] Train-mean_speed_on_paper9-accuracy=0.000000
2023-11-08 13:05:48,151 [INFO]  Epoch[4] Time cost=0.009
2023-11-08 13:05:48,153 [INFO]  Saved checkpoint to "./imputer_model/imputer_model_mean_speed_on_paper9/model-0004.params"
2023-11-08 13:05:48,153 [INFO]  Epoch[4] Validation-cross-entropy=9.055130
2023-11-08 13:05:48,153 [INFO]  Epoch[4] Validation-mean_speed_on_paper9-accuracy=0.000000
2023-11-08 13:05:48,153 [INFO]  
========== done (0.09054303169250488 s) fit model
2023-11-08 13:19:14,364 [INFO]  
========== start: fit model
2023-11-08 13:19:14,364 [WARNING]  Already bound, ignoring bind()
2023-11-08 13:19:14,371 [INFO]  Epoch[0] Batch [0-4]	Speed: 13935.29 samples/sec	cross-entropy=18.090232	mean_speed_on_paper9-accuracy=0.000000
2023-11-08 13:19:14,374 [INFO]  Epoch[0] Train-cross-entropy=16.971800
2023-11-08 13:19:14,374 [INFO]  Epoch[0] Train-mean_speed_on_paper9-accuracy=0.000000
2023-11-08 13:19:14,374 [INFO]  Epoch[0] Time cost=0.010
2023-11-08 13:19:14,376 [INFO]  Saved checkpoint to "./imputer_model/imputer_model_mean_speed_on_paper9/model-0000.params"
2023-11-08 13:19:14,376 [INFO]  Epoch[0] Validation-cross-entropy=19.000000
2023-11-08 13:19:14,376 [INFO]  Epoch[0] Validation-mean_speed_on_paper9-accuracy=0.000000
2023-11-08 13:19:14,383 [INFO]  Epoch[1] Batch [0-4]	Speed: 10676.77 samples/sec	cross-entropy=36.709870	mean_speed_on_paper9-accuracy=0.000000
2023-11-08 13:19:14,389 [INFO]  Epoch[1] Train-cross-entropy=29.013271
2023-11-08 13:19:14,389 [INFO]  Epoch[1] Train-mean_speed_on_paper9-accuracy=0.000000
2023-11-08 13:19:14,389 [INFO]  Epoch[1] Time cost=0.013
2023-11-08 13:19:14,392 [INFO]  Saved checkpoint to "./imputer_model/imputer_model_mean_speed_on_paper9/model-0001.params"
2023-11-08 13:19:14,393 [INFO]  Epoch[1] Validation-cross-entropy=6.935915
2023-11-08 13:19:14,393 [INFO]  Epoch[1] Validation-mean_speed_on_paper9-accuracy=0.000000
2023-11-08 13:19:14,400 [INFO]  Epoch[2] Batch [0-4]	Speed: 12211.60 samples/sec	cross-entropy=9.400788	mean_speed_on_paper9-accuracy=0.000000
2023-11-08 13:19:14,403 [INFO]  Epoch[2] Train-cross-entropy=7.045949
2023-11-08 13:19:14,403 [INFO]  Epoch[2] Train-mean_speed_on_paper9-accuracy=0.000000
2023-11-08 13:19:14,404 [INFO]  Epoch[2] Time cost=0.011
2023-11-08 13:19:14,405 [INFO]  Saved checkpoint to "./imputer_model/imputer_model_mean_speed_on_paper9/model-0002.params"
2023-11-08 13:19:14,406 [INFO]  Epoch[2] Validation-cross-entropy=19.575878
2023-11-08 13:19:14,406 [INFO]  Epoch[2] Validation-mean_speed_on_paper9-accuracy=0.000000
2023-11-08 13:19:14,412 [INFO]  Epoch[3] Batch [0-4]	Speed: 13080.38 samples/sec	cross-entropy=5.191307	mean_speed_on_paper9-accuracy=0.000000
2023-11-08 13:19:14,416 [INFO]  Epoch[3] Train-cross-entropy=3.896937
2023-11-08 13:19:14,416 [INFO]  Epoch[3] Train-mean_speed_on_paper9-accuracy=0.000000
2023-11-08 13:19:14,416 [INFO]  Epoch[3] Time cost=0.010
2023-11-08 13:19:14,419 [INFO]  Saved checkpoint to "./imputer_model/imputer_model_mean_speed_on_paper9/model-0003.params"
2023-11-08 13:19:14,419 [INFO]  Epoch[3] Validation-cross-entropy=13.426093
2023-11-08 13:19:14,419 [INFO]  Epoch[3] Validation-mean_speed_on_paper9-accuracy=0.000000
2023-11-08 13:19:14,426 [INFO]  Epoch[4] Batch [0-4]	Speed: 13284.94 samples/sec	cross-entropy=2.018404	mean_speed_on_paper9-accuracy=0.000000
2023-11-08 13:19:14,429 [INFO]  Epoch[4] Train-cross-entropy=1.537026
2023-11-08 13:19:14,430 [INFO]  Epoch[4] Train-mean_speed_on_paper9-accuracy=0.000000
2023-11-08 13:19:14,430 [INFO]  Epoch[4] Time cost=0.010
2023-11-08 13:19:14,431 [INFO]  Saved checkpoint to "./imputer_model/imputer_model_mean_speed_on_paper9/model-0004.params"
2023-11-08 13:19:14,432 [INFO]  Epoch[4] Validation-cross-entropy=15.080587
2023-11-08 13:19:14,432 [INFO]  Epoch[4] Validation-mean_speed_on_paper9-accuracy=0.000000
2023-11-08 13:19:14,432 [INFO]  
========== done (0.06848430633544922 s) fit model
2023-11-08 13:32:34,766 [INFO]  
========== start: fit model
2023-11-08 13:32:34,766 [WARNING]  Already bound, ignoring bind()
2023-11-08 13:32:34,774 [INFO]  Epoch[0] Batch [0-4]	Speed: 11556.05 samples/sec	cross-entropy=13.540229	mean_speed_on_paper9-accuracy=0.000000
2023-11-08 13:32:34,779 [INFO]  Epoch[0] Train-cross-entropy=14.366042
2023-11-08 13:32:34,779 [INFO]  Epoch[0] Train-mean_speed_on_paper9-accuracy=0.000000
2023-11-08 13:32:34,779 [INFO]  Epoch[0] Time cost=0.012
2023-11-08 13:32:34,782 [INFO]  Saved checkpoint to "./imputer_model/imputer_model_mean_speed_on_paper9/model-0000.params"
2023-11-08 13:32:34,783 [INFO]  Epoch[0] Validation-cross-entropy=16.313427
2023-11-08 13:32:34,783 [INFO]  Epoch[0] Validation-mean_speed_on_paper9-accuracy=0.000000
2023-11-08 13:32:34,791 [INFO]  Epoch[1] Batch [0-4]	Speed: 11730.78 samples/sec	cross-entropy=46.335466	mean_speed_on_paper9-accuracy=0.000000
2023-11-08 13:32:34,794 [INFO]  Epoch[1] Train-cross-entropy=35.428516
2023-11-08 13:32:34,794 [INFO]  Epoch[1] Train-mean_speed_on_paper9-accuracy=0.000000
2023-11-08 13:32:34,794 [INFO]  Epoch[1] Time cost=0.011
2023-11-08 13:32:34,797 [INFO]  Saved checkpoint to "./imputer_model/imputer_model_mean_speed_on_paper9/model-0001.params"
2023-11-08 13:32:34,797 [INFO]  Epoch[1] Validation-cross-entropy=9.143384
2023-11-08 13:32:34,797 [INFO]  Epoch[1] Validation-mean_speed_on_paper9-accuracy=0.000000
2023-11-08 13:32:34,803 [INFO]  Epoch[2] Batch [0-4]	Speed: 15946.98 samples/sec	cross-entropy=7.017267	mean_speed_on_paper9-accuracy=0.000000
2023-11-08 13:32:34,806 [INFO]  Epoch[2] Train-cross-entropy=6.198272
2023-11-08 13:32:34,806 [INFO]  Epoch[2] Train-mean_speed_on_paper9-accuracy=0.000000
2023-11-08 13:32:34,806 [INFO]  Epoch[2] Time cost=0.008
2023-11-08 13:32:34,807 [INFO]  Saved checkpoint to "./imputer_model/imputer_model_mean_speed_on_paper9/model-0002.params"
2023-11-08 13:32:34,808 [INFO]  Epoch[2] Validation-cross-entropy=7.350169
2023-11-08 13:32:34,808 [INFO]  Epoch[2] Validation-mean_speed_on_paper9-accuracy=0.000000
2023-11-08 13:32:34,814 [INFO]  Epoch[3] Batch [0-4]	Speed: 14161.72 samples/sec	cross-entropy=2.625882	mean_speed_on_paper9-accuracy=0.000000
2023-11-08 13:32:34,817 [INFO]  Epoch[3] Train-cross-entropy=2.546868
2023-11-08 13:32:34,817 [INFO]  Epoch[3] Train-mean_speed_on_paper9-accuracy=0.000000
2023-11-08 13:32:34,817 [INFO]  Epoch[3] Time cost=0.009
2023-11-08 13:32:34,819 [INFO]  Saved checkpoint to "./imputer_model/imputer_model_mean_speed_on_paper9/model-0003.params"
2023-11-08 13:32:34,819 [INFO]  Epoch[3] Validation-cross-entropy=6.997331
2023-11-08 13:32:34,819 [INFO]  Epoch[3] Validation-mean_speed_on_paper9-accuracy=0.000000
2023-11-08 13:32:34,825 [INFO]  Epoch[4] Batch [0-4]	Speed: 14521.01 samples/sec	cross-entropy=1.160428	mean_speed_on_paper9-accuracy=0.000000
2023-11-08 13:32:34,828 [INFO]  Epoch[4] Train-cross-entropy=1.395308
2023-11-08 13:32:34,828 [INFO]  Epoch[4] Train-mean_speed_on_paper9-accuracy=0.000000
2023-11-08 13:32:34,828 [INFO]  Epoch[4] Time cost=0.009
2023-11-08 13:32:34,830 [INFO]  Saved checkpoint to "./imputer_model/imputer_model_mean_speed_on_paper9/model-0004.params"
2023-11-08 13:32:34,830 [INFO]  Epoch[4] Validation-cross-entropy=7.970374
2023-11-08 13:32:34,830 [INFO]  Epoch[4] Validation-mean_speed_on_paper9-accuracy=0.000000
2023-11-08 13:32:34,830 [INFO]  
========== done (0.0645742416381836 s) fit model
2023-11-08 13:45:54,687 [INFO]  
========== start: fit model
2023-11-08 13:45:54,687 [WARNING]  Already bound, ignoring bind()
2023-11-08 13:45:54,696 [INFO]  Epoch[0] Batch [0-4]	Speed: 10568.74 samples/sec	cross-entropy=16.525540	mean_speed_on_paper9-accuracy=0.000000
2023-11-08 13:45:54,700 [INFO]  Epoch[0] Train-cross-entropy=17.997770
2023-11-08 13:45:54,701 [INFO]  Epoch[0] Train-mean_speed_on_paper9-accuracy=0.000000
2023-11-08 13:45:54,701 [INFO]  Epoch[0] Time cost=0.013
2023-11-08 13:45:54,704 [INFO]  Saved checkpoint to "./imputer_model/imputer_model_mean_speed_on_paper9/model-0000.params"
2023-11-08 13:45:54,705 [INFO]  Epoch[0] Validation-cross-entropy=59.212452
2023-11-08 13:45:54,705 [INFO]  Epoch[0] Validation-mean_speed_on_paper9-accuracy=0.000000
2023-11-08 13:45:54,712 [INFO]  Epoch[1] Batch [0-4]	Speed: 13170.22 samples/sec	cross-entropy=39.421477	mean_speed_on_paper9-accuracy=0.000000
2023-11-08 13:45:54,715 [INFO]  Epoch[1] Train-cross-entropy=32.180391
2023-11-08 13:45:54,715 [INFO]  Epoch[1] Train-mean_speed_on_paper9-accuracy=0.000000
2023-11-08 13:45:54,715 [INFO]  Epoch[1] Time cost=0.010
2023-11-08 13:45:54,717 [INFO]  Saved checkpoint to "./imputer_model/imputer_model_mean_speed_on_paper9/model-0001.params"
2023-11-08 13:45:54,718 [INFO]  Epoch[1] Validation-cross-entropy=68.126450
2023-11-08 13:45:54,718 [INFO]  Epoch[1] Validation-mean_speed_on_paper9-accuracy=0.000000
2023-11-08 13:45:54,723 [INFO]  Epoch[2] Batch [0-4]	Speed: 17296.10 samples/sec	cross-entropy=4.610475	mean_speed_on_paper9-accuracy=0.000000
2023-11-08 13:45:54,726 [INFO]  Epoch[2] Train-cross-entropy=3.983643
2023-11-08 13:45:54,726 [INFO]  Epoch[2] Train-mean_speed_on_paper9-accuracy=0.000000
2023-11-08 13:45:54,726 [INFO]  Epoch[2] Time cost=0.008
2023-11-08 13:45:54,727 [INFO]  Saved checkpoint to "./imputer_model/imputer_model_mean_speed_on_paper9/model-0002.params"
2023-11-08 13:45:54,728 [INFO]  Epoch[2] Validation-cross-entropy=64.821579
2023-11-08 13:45:54,728 [INFO]  Epoch[2] Validation-mean_speed_on_paper9-accuracy=0.000000
2023-11-08 13:45:54,733 [INFO]  Epoch[3] Batch [0-4]	Speed: 17770.12 samples/sec	cross-entropy=1.850840	mean_speed_on_paper9-accuracy=0.000000
2023-11-08 13:45:54,736 [INFO]  Epoch[3] Train-cross-entropy=2.139223
2023-11-08 13:45:54,736 [INFO]  Epoch[3] Train-mean_speed_on_paper9-accuracy=0.000000
2023-11-08 13:45:54,736 [INFO]  Epoch[3] Time cost=0.008
2023-11-08 13:45:54,737 [INFO]  Saved checkpoint to "./imputer_model/imputer_model_mean_speed_on_paper9/model-0003.params"
2023-11-08 13:45:54,737 [INFO]  Epoch[3] Validation-cross-entropy=58.027199
2023-11-08 13:45:54,737 [INFO]  Epoch[3] Validation-mean_speed_on_paper9-accuracy=0.000000
2023-11-08 13:45:54,742 [INFO]  Epoch[4] Batch [0-4]	Speed: 17347.52 samples/sec	cross-entropy=0.972346	mean_speed_on_paper9-accuracy=0.000000
2023-11-08 13:45:54,745 [INFO]  Epoch[4] Train-cross-entropy=0.989094
2023-11-08 13:45:54,745 [INFO]  Epoch[4] Train-mean_speed_on_paper9-accuracy=0.000000
2023-11-08 13:45:54,745 [INFO]  Epoch[4] Time cost=0.008
2023-11-08 13:45:54,746 [INFO]  Saved checkpoint to "./imputer_model/imputer_model_mean_speed_on_paper9/model-0004.params"
2023-11-08 13:45:54,747 [INFO]  Epoch[4] Validation-cross-entropy=55.858231
2023-11-08 13:45:54,747 [INFO]  Epoch[4] Validation-mean_speed_on_paper9-accuracy=0.000000
2023-11-08 13:45:54,747 [INFO]  
========== done (0.059632062911987305 s) fit model
2023-11-08 13:59:17,200 [INFO]  
========== start: fit model
2023-11-08 13:59:17,200 [WARNING]  Already bound, ignoring bind()
2023-11-08 13:59:17,207 [INFO]  Epoch[0] Batch [0-4]	Speed: 13747.59 samples/sec	cross-entropy=13.747025	mean_speed_on_paper9-accuracy=0.000000
2023-11-08 13:59:17,212 [INFO]  Epoch[0] Train-cross-entropy=12.568058
2023-11-08 13:59:17,212 [INFO]  Epoch[0] Train-mean_speed_on_paper9-accuracy=0.000000
2023-11-08 13:59:17,212 [INFO]  Epoch[0] Time cost=0.012
2023-11-08 13:59:17,215 [INFO]  Saved checkpoint to "./imputer_model/imputer_model_mean_speed_on_paper9/model-0000.params"
2023-11-08 13:59:17,216 [INFO]  Epoch[0] Validation-cross-entropy=15.183781
2023-11-08 13:59:17,216 [INFO]  Epoch[0] Validation-mean_speed_on_paper9-accuracy=0.000000
2023-11-08 13:59:17,223 [INFO]  Epoch[1] Batch [0-4]	Speed: 12835.20 samples/sec	cross-entropy=45.701734	mean_speed_on_paper9-accuracy=0.000000
2023-11-08 13:59:17,226 [INFO]  Epoch[1] Train-cross-entropy=35.016277
2023-11-08 13:59:17,227 [INFO]  Epoch[1] Train-mean_speed_on_paper9-accuracy=0.000000
2023-11-08 13:59:17,227 [INFO]  Epoch[1] Time cost=0.010
2023-11-08 13:59:17,229 [INFO]  Saved checkpoint to "./imputer_model/imputer_model_mean_speed_on_paper9/model-0001.params"
2023-11-08 13:59:17,229 [INFO]  Epoch[1] Validation-cross-entropy=18.059315
2023-11-08 13:59:17,230 [INFO]  Epoch[1] Validation-mean_speed_on_paper9-accuracy=0.000000
2023-11-08 13:59:17,234 [INFO]  Epoch[2] Batch [0-4]	Speed: 17305.02 samples/sec	cross-entropy=8.575050	mean_speed_on_paper9-accuracy=0.000000
2023-11-08 13:59:17,238 [INFO]  Epoch[2] Train-cross-entropy=8.707918
2023-11-08 13:59:17,239 [INFO]  Epoch[2] Train-mean_speed_on_paper9-accuracy=0.000000
2023-11-08 13:59:17,239 [INFO]  Epoch[2] Time cost=0.009
2023-11-08 13:59:17,242 [INFO]  Saved checkpoint to "./imputer_model/imputer_model_mean_speed_on_paper9/model-0002.params"
2023-11-08 13:59:17,242 [INFO]  Epoch[2] Validation-cross-entropy=18.224909
2023-11-08 13:59:17,243 [INFO]  Epoch[2] Validation-mean_speed_on_paper9-accuracy=0.000000
2023-11-08 13:59:17,250 [INFO]  Epoch[3] Batch [0-4]	Speed: 11319.70 samples/sec	cross-entropy=7.856525	mean_speed_on_paper9-accuracy=0.000000
2023-11-08 13:59:17,254 [INFO]  Epoch[3] Train-cross-entropy=6.261498
2023-11-08 13:59:17,254 [INFO]  Epoch[3] Train-mean_speed_on_paper9-accuracy=0.000000
2023-11-08 13:59:17,254 [INFO]  Epoch[3] Time cost=0.011
2023-11-08 13:59:17,256 [INFO]  Saved checkpoint to "./imputer_model/imputer_model_mean_speed_on_paper9/model-0003.params"
2023-11-08 13:59:17,257 [INFO]  Epoch[3] Validation-cross-entropy=19.248089
2023-11-08 13:59:17,257 [INFO]  Epoch[3] Validation-mean_speed_on_paper9-accuracy=0.000000
2023-11-08 13:59:17,263 [INFO]  Epoch[4] Batch [0-4]	Speed: 13942.53 samples/sec	cross-entropy=4.111997	mean_speed_on_paper9-accuracy=0.000000
2023-11-08 13:59:17,267 [INFO]  Epoch[4] Train-cross-entropy=3.690042
2023-11-08 13:59:17,267 [INFO]  Epoch[4] Train-mean_speed_on_paper9-accuracy=0.000000
2023-11-08 13:59:17,267 [INFO]  Epoch[4] Time cost=0.010
2023-11-08 13:59:17,268 [INFO]  Saved checkpoint to "./imputer_model/imputer_model_mean_speed_on_paper9/model-0004.params"
2023-11-08 13:59:17,269 [INFO]  Epoch[4] Validation-cross-entropy=14.446048
2023-11-08 13:59:17,269 [INFO]  Epoch[4] Validation-mean_speed_on_paper9-accuracy=0.000000
2023-11-08 13:59:17,269 [INFO]  
========== done (0.06945538520812988 s) fit model
2023-11-08 14:12:42,604 [INFO]  
========== start: fit model
2023-11-08 14:12:42,604 [WARNING]  Already bound, ignoring bind()
2023-11-08 14:12:42,612 [INFO]  Epoch[0] Batch [0-4]	Speed: 13576.55 samples/sec	cross-entropy=19.469053	mean_speed_on_paper9-accuracy=0.000000
2023-11-08 14:12:42,616 [INFO]  Epoch[0] Train-cross-entropy=19.894152
2023-11-08 14:12:42,616 [INFO]  Epoch[0] Train-mean_speed_on_paper9-accuracy=0.000000
2023-11-08 14:12:42,616 [INFO]  Epoch[0] Time cost=0.011
2023-11-08 14:12:42,617 [INFO]  Saved checkpoint to "./imputer_model/imputer_model_mean_speed_on_paper9/model-0000.params"
2023-11-08 14:12:42,618 [INFO]  Epoch[0] Validation-cross-entropy=6.106147
2023-11-08 14:12:42,618 [INFO]  Epoch[0] Validation-mean_speed_on_paper9-accuracy=0.000000
2023-11-08 14:12:42,625 [INFO]  Epoch[1] Batch [0-4]	Speed: 10128.88 samples/sec	cross-entropy=42.400114	mean_speed_on_paper9-accuracy=0.000000
2023-11-08 14:12:42,630 [INFO]  Epoch[1] Train-cross-entropy=35.580266
2023-11-08 14:12:42,631 [INFO]  Epoch[1] Train-mean_speed_on_paper9-accuracy=0.000000
2023-11-08 14:12:42,631 [INFO]  Epoch[1] Time cost=0.013
2023-11-08 14:12:42,634 [INFO]  Saved checkpoint to "./imputer_model/imputer_model_mean_speed_on_paper9/model-0001.params"
2023-11-08 14:12:42,634 [INFO]  Epoch[1] Validation-cross-entropy=8.041549
2023-11-08 14:12:42,634 [INFO]  Epoch[1] Validation-mean_speed_on_paper9-accuracy=0.000000
2023-11-08 14:12:42,640 [INFO]  Epoch[2] Batch [0-4]	Speed: 16608.02 samples/sec	cross-entropy=4.158732	mean_speed_on_paper9-accuracy=0.000000
2023-11-08 14:12:42,643 [INFO]  Epoch[2] Train-cross-entropy=6.633543
2023-11-08 14:12:42,643 [INFO]  Epoch[2] Train-mean_speed_on_paper9-accuracy=0.000000
2023-11-08 14:12:42,643 [INFO]  Epoch[2] Time cost=0.008
2023-11-08 14:12:42,644 [INFO]  Saved checkpoint to "./imputer_model/imputer_model_mean_speed_on_paper9/model-0002.params"
2023-11-08 14:12:42,645 [INFO]  Epoch[2] Validation-cross-entropy=4.821885
2023-11-08 14:12:42,645 [INFO]  Epoch[2] Validation-mean_speed_on_paper9-accuracy=0.000000
2023-11-08 14:12:42,649 [INFO]  Epoch[3] Batch [0-4]	Speed: 19153.44 samples/sec	cross-entropy=2.814821	mean_speed_on_paper9-accuracy=0.000000
2023-11-08 14:12:42,652 [INFO]  Epoch[3] Train-cross-entropy=3.114911
2023-11-08 14:12:42,652 [INFO]  Epoch[3] Train-mean_speed_on_paper9-accuracy=0.000000
2023-11-08 14:12:42,652 [INFO]  Epoch[3] Time cost=0.007
2023-11-08 14:12:42,653 [INFO]  Saved checkpoint to "./imputer_model/imputer_model_mean_speed_on_paper9/model-0003.params"
2023-11-08 14:12:42,654 [INFO]  Epoch[3] Validation-cross-entropy=3.983629
2023-11-08 14:12:42,654 [INFO]  Epoch[3] Validation-mean_speed_on_paper9-accuracy=0.000000
2023-11-08 14:12:42,659 [INFO]  Epoch[4] Batch [0-4]	Speed: 17047.85 samples/sec	cross-entropy=1.855210	mean_speed_on_paper9-accuracy=0.000000
2023-11-08 14:12:42,662 [INFO]  Epoch[4] Train-cross-entropy=1.391510
2023-11-08 14:12:42,662 [INFO]  Epoch[4] Train-mean_speed_on_paper9-accuracy=0.000000
2023-11-08 14:12:42,662 [INFO]  Epoch[4] Time cost=0.008
2023-11-08 14:12:42,663 [INFO]  Saved checkpoint to "./imputer_model/imputer_model_mean_speed_on_paper9/model-0004.params"
2023-11-08 14:12:42,663 [INFO]  Epoch[4] Validation-cross-entropy=4.049607
2023-11-08 14:12:42,664 [INFO]  Epoch[4] Validation-mean_speed_on_paper9-accuracy=0.000000
2023-11-08 14:12:42,664 [INFO]  
========== done (0.05978059768676758 s) fit model
2023-11-08 14:26:16,736 [INFO]  
========== start: fit model
2023-11-08 14:26:16,737 [WARNING]  Already bound, ignoring bind()
2023-11-08 14:26:16,745 [INFO]  Epoch[0] Batch [0-4]	Speed: 9959.39 samples/sec	cross-entropy=23.187384	mean_speed_on_paper9-accuracy=0.000000
2023-11-08 14:26:16,750 [INFO]  Epoch[0] Train-cross-entropy=18.679700
2023-11-08 14:26:16,750 [INFO]  Epoch[0] Train-mean_speed_on_paper9-accuracy=0.000000
2023-11-08 14:26:16,750 [INFO]  Epoch[0] Time cost=0.013
2023-11-08 14:26:16,753 [INFO]  Saved checkpoint to "./imputer_model/imputer_model_mean_speed_on_paper9/model-0000.params"
2023-11-08 14:26:16,754 [INFO]  Epoch[0] Validation-cross-entropy=22.821894
2023-11-08 14:26:16,755 [INFO]  Epoch[0] Validation-mean_speed_on_paper9-accuracy=0.000000
2023-11-08 14:26:16,760 [INFO]  Epoch[1] Batch [0-4]	Speed: 16301.42 samples/sec	cross-entropy=24.387715	mean_speed_on_paper9-accuracy=0.000000
2023-11-08 14:26:16,764 [INFO]  Epoch[1] Train-cross-entropy=23.642231
2023-11-08 14:26:16,764 [INFO]  Epoch[1] Train-mean_speed_on_paper9-accuracy=0.000000
2023-11-08 14:26:16,764 [INFO]  Epoch[1] Time cost=0.009
2023-11-08 14:26:16,766 [INFO]  Saved checkpoint to "./imputer_model/imputer_model_mean_speed_on_paper9/model-0001.params"
2023-11-08 14:26:16,767 [INFO]  Epoch[1] Validation-cross-entropy=7.327342
2023-11-08 14:26:16,767 [INFO]  Epoch[1] Validation-mean_speed_on_paper9-accuracy=0.000000
2023-11-08 14:26:16,771 [INFO]  Epoch[2] Batch [0-4]	Speed: 18401.11 samples/sec	cross-entropy=6.127754	mean_speed_on_paper9-accuracy=0.000000
2023-11-08 14:26:16,774 [INFO]  Epoch[2] Train-cross-entropy=8.530230
2023-11-08 14:26:16,774 [INFO]  Epoch[2] Train-mean_speed_on_paper9-accuracy=0.000000
2023-11-08 14:26:16,774 [INFO]  Epoch[2] Time cost=0.007
2023-11-08 14:26:16,775 [INFO]  Saved checkpoint to "./imputer_model/imputer_model_mean_speed_on_paper9/model-0002.params"
2023-11-08 14:26:16,776 [INFO]  Epoch[2] Validation-cross-entropy=8.566014
2023-11-08 14:26:16,776 [INFO]  Epoch[2] Validation-mean_speed_on_paper9-accuracy=0.000000
2023-11-08 14:26:16,782 [INFO]  Epoch[3] Batch [0-4]	Speed: 14484.97 samples/sec	cross-entropy=3.859400	mean_speed_on_paper9-accuracy=0.000000
2023-11-08 14:26:16,785 [INFO]  Epoch[3] Train-cross-entropy=3.292480
2023-11-08 14:26:16,785 [INFO]  Epoch[3] Train-mean_speed_on_paper9-accuracy=0.000000
2023-11-08 14:26:16,785 [INFO]  Epoch[3] Time cost=0.009
2023-11-08 14:26:16,786 [INFO]  Saved checkpoint to "./imputer_model/imputer_model_mean_speed_on_paper9/model-0003.params"
2023-11-08 14:26:16,787 [INFO]  Epoch[3] Validation-cross-entropy=18.021444
2023-11-08 14:26:16,787 [INFO]  Epoch[3] Validation-mean_speed_on_paper9-accuracy=0.000000
2023-11-08 14:26:16,793 [INFO]  Epoch[4] Batch [0-4]	Speed: 14587.30 samples/sec	cross-entropy=1.413158	mean_speed_on_paper9-accuracy=0.000000
2023-11-08 14:26:16,796 [INFO]  Epoch[4] Train-cross-entropy=1.089730
2023-11-08 14:26:16,796 [INFO]  Epoch[4] Train-mean_speed_on_paper9-accuracy=0.000000
2023-11-08 14:26:16,796 [INFO]  Epoch[4] Time cost=0.009
2023-11-08 14:26:16,797 [INFO]  Saved checkpoint to "./imputer_model/imputer_model_mean_speed_on_paper9/model-0004.params"
2023-11-08 14:26:16,798 [INFO]  Epoch[4] Validation-cross-entropy=10.906654
2023-11-08 14:26:16,798 [INFO]  Epoch[4] Validation-mean_speed_on_paper9-accuracy=0.000000
2023-11-08 14:26:16,798 [INFO]  
========== done (0.06166839599609375 s) fit model
2023-11-08 14:40:14,449 [INFO]  
========== start: fit model
2023-11-08 14:40:14,449 [WARNING]  Already bound, ignoring bind()
2023-11-08 14:40:14,456 [INFO]  Epoch[0] Batch [0-4]	Speed: 14006.55 samples/sec	cross-entropy=15.122230	mean_speed_on_paper9-accuracy=4.200000
2023-11-08 14:40:14,460 [INFO]  Epoch[0] Train-cross-entropy=20.321470
2023-11-08 14:40:14,460 [INFO]  Epoch[0] Train-mean_speed_on_paper9-accuracy=4.375000
2023-11-08 14:40:14,461 [INFO]  Epoch[0] Time cost=0.011
2023-11-08 14:40:14,464 [INFO]  Saved checkpoint to "./imputer_model/imputer_model_mean_speed_on_paper9/model-0000.params"
2023-11-08 14:40:14,465 [INFO]  Epoch[0] Validation-cross-entropy=39.626389
2023-11-08 14:40:14,466 [INFO]  Epoch[0] Validation-mean_speed_on_paper9-accuracy=0.000000
2023-11-08 14:40:14,474 [INFO]  Epoch[1] Batch [0-4]	Speed: 10228.06 samples/sec	cross-entropy=39.441042	mean_speed_on_paper9-accuracy=4.200000
2023-11-08 14:40:14,479 [INFO]  Epoch[1] Train-cross-entropy=32.106375
2023-11-08 14:40:14,479 [INFO]  Epoch[1] Train-mean_speed_on_paper9-accuracy=4.375000
2023-11-08 14:40:14,479 [INFO]  Epoch[1] Time cost=0.014
2023-11-08 14:40:14,482 [INFO]  Saved checkpoint to "./imputer_model/imputer_model_mean_speed_on_paper9/model-0001.params"
2023-11-08 14:40:14,483 [INFO]  Epoch[1] Validation-cross-entropy=11.762506
2023-11-08 14:40:14,483 [INFO]  Epoch[1] Validation-mean_speed_on_paper9-accuracy=0.000000
2023-11-08 14:40:14,490 [INFO]  Epoch[2] Batch [0-4]	Speed: 12337.32 samples/sec	cross-entropy=4.200444	mean_speed_on_paper9-accuracy=4.200000
2023-11-08 14:40:14,493 [INFO]  Epoch[2] Train-cross-entropy=4.516879
2023-11-08 14:40:14,493 [INFO]  Epoch[2] Train-mean_speed_on_paper9-accuracy=4.375000
2023-11-08 14:40:14,493 [INFO]  Epoch[2] Time cost=0.011
2023-11-08 14:40:14,495 [INFO]  Saved checkpoint to "./imputer_model/imputer_model_mean_speed_on_paper9/model-0002.params"
2023-11-08 14:40:14,496 [INFO]  Epoch[2] Validation-cross-entropy=13.102523
2023-11-08 14:40:14,496 [INFO]  Epoch[2] Validation-mean_speed_on_paper9-accuracy=0.000000
2023-11-08 14:40:14,502 [INFO]  Epoch[3] Batch [0-4]	Speed: 13831.89 samples/sec	cross-entropy=2.561614	mean_speed_on_paper9-accuracy=4.200000
2023-11-08 14:40:14,506 [INFO]  Epoch[3] Train-cross-entropy=2.236502
2023-11-08 14:40:14,506 [INFO]  Epoch[3] Train-mean_speed_on_paper9-accuracy=4.375000
2023-11-08 14:40:14,506 [INFO]  Epoch[3] Time cost=0.010
2023-11-08 14:40:14,507 [INFO]  Saved checkpoint to "./imputer_model/imputer_model_mean_speed_on_paper9/model-0003.params"
2023-11-08 14:40:14,508 [INFO]  Epoch[3] Validation-cross-entropy=8.965897
2023-11-08 14:40:14,508 [INFO]  Epoch[3] Validation-mean_speed_on_paper9-accuracy=0.000000
2023-11-08 14:40:14,514 [INFO]  Epoch[4] Batch [0-4]	Speed: 14216.47 samples/sec	cross-entropy=1.109508	mean_speed_on_paper9-accuracy=4.200000
2023-11-08 14:40:14,517 [INFO]  Epoch[4] Train-cross-entropy=0.974920
2023-11-08 14:40:14,517 [INFO]  Epoch[4] Train-mean_speed_on_paper9-accuracy=4.375000
2023-11-08 14:40:14,517 [INFO]  Epoch[4] Time cost=0.009
2023-11-08 14:40:14,519 [INFO]  Saved checkpoint to "./imputer_model/imputer_model_mean_speed_on_paper9/model-0004.params"
2023-11-08 14:40:14,519 [INFO]  Epoch[4] Validation-cross-entropy=11.102782
2023-11-08 14:40:14,520 [INFO]  Epoch[4] Validation-mean_speed_on_paper9-accuracy=0.000000
2023-11-08 14:40:14,520 [INFO]  
========== done (0.07056879997253418 s) fit model
2023-11-08 14:54:19,219 [INFO]  
========== start: fit model
2023-11-08 14:54:19,219 [WARNING]  Already bound, ignoring bind()
2023-11-08 14:54:19,226 [INFO]  Epoch[0] Batch [0-4]	Speed: 14277.72 samples/sec	cross-entropy=19.948961	mean_speed_on_paper9-accuracy=0.000000
2023-11-08 14:54:19,230 [INFO]  Epoch[0] Train-cross-entropy=20.138456
2023-11-08 14:54:19,230 [INFO]  Epoch[0] Train-mean_speed_on_paper9-accuracy=0.000000
2023-11-08 14:54:19,231 [INFO]  Epoch[0] Time cost=0.011
2023-11-08 14:54:19,234 [INFO]  Saved checkpoint to "./imputer_model/imputer_model_mean_speed_on_paper9/model-0000.params"
2023-11-08 14:54:19,235 [INFO]  Epoch[0] Validation-cross-entropy=26.499401
2023-11-08 14:54:19,235 [INFO]  Epoch[0] Validation-mean_speed_on_paper9-accuracy=0.000000
2023-11-08 14:54:19,241 [INFO]  Epoch[1] Batch [0-4]	Speed: 13077.19 samples/sec	cross-entropy=35.159875	mean_speed_on_paper9-accuracy=0.000000
2023-11-08 14:54:19,245 [INFO]  Epoch[1] Train-cross-entropy=28.295883
2023-11-08 14:54:19,245 [INFO]  Epoch[1] Train-mean_speed_on_paper9-accuracy=0.000000
2023-11-08 14:54:19,245 [INFO]  Epoch[1] Time cost=0.010
2023-11-08 14:54:19,248 [INFO]  Saved checkpoint to "./imputer_model/imputer_model_mean_speed_on_paper9/model-0001.params"
2023-11-08 14:54:19,248 [INFO]  Epoch[1] Validation-cross-entropy=17.563309
2023-11-08 14:54:19,248 [INFO]  Epoch[1] Validation-mean_speed_on_paper9-accuracy=0.000000
2023-11-08 14:54:19,253 [INFO]  Epoch[2] Batch [0-4]	Speed: 19327.20 samples/sec	cross-entropy=5.144853	mean_speed_on_paper9-accuracy=0.000000
2023-11-08 14:54:19,255 [INFO]  Epoch[2] Train-cross-entropy=4.395510
2023-11-08 14:54:19,255 [INFO]  Epoch[2] Train-mean_speed_on_paper9-accuracy=0.000000
2023-11-08 14:54:19,255 [INFO]  Epoch[2] Time cost=0.007
2023-11-08 14:54:19,257 [INFO]  Saved checkpoint to "./imputer_model/imputer_model_mean_speed_on_paper9/model-0002.params"
2023-11-08 14:54:19,258 [INFO]  Epoch[2] Validation-cross-entropy=16.145458
2023-11-08 14:54:19,258 [INFO]  Epoch[2] Validation-mean_speed_on_paper9-accuracy=0.000000
2023-11-08 14:54:19,261 [INFO]  Epoch[3] Batch [0-4]	Speed: 21965.10 samples/sec	cross-entropy=2.384168	mean_speed_on_paper9-accuracy=0.000000
2023-11-08 14:54:19,264 [INFO]  Epoch[3] Train-cross-entropy=2.764363
2023-11-08 14:54:19,264 [INFO]  Epoch[3] Train-mean_speed_on_paper9-accuracy=0.000000
2023-11-08 14:54:19,264 [INFO]  Epoch[3] Time cost=0.006
2023-11-08 14:54:19,265 [INFO]  Saved checkpoint to "./imputer_model/imputer_model_mean_speed_on_paper9/model-0003.params"
2023-11-08 14:54:19,266 [INFO]  Epoch[3] Validation-cross-entropy=14.995255
2023-11-08 14:54:19,266 [INFO]  Epoch[3] Validation-mean_speed_on_paper9-accuracy=0.000000
2023-11-08 14:54:19,270 [INFO]  Epoch[4] Batch [0-4]	Speed: 19940.24 samples/sec	cross-entropy=2.021914	mean_speed_on_paper9-accuracy=0.000000
2023-11-08 14:54:19,272 [INFO]  Epoch[4] Train-cross-entropy=2.524178
2023-11-08 14:54:19,272 [INFO]  Epoch[4] Train-mean_speed_on_paper9-accuracy=0.000000
2023-11-08 14:54:19,272 [INFO]  Epoch[4] Time cost=0.007
2023-11-08 14:54:19,274 [INFO]  Saved checkpoint to "./imputer_model/imputer_model_mean_speed_on_paper9/model-0004.params"
2023-11-08 14:54:19,274 [INFO]  Epoch[4] Validation-cross-entropy=14.671448
2023-11-08 14:54:19,274 [INFO]  Epoch[4] Validation-mean_speed_on_paper9-accuracy=0.000000
2023-11-08 14:54:19,274 [INFO]  
========== done (0.05569601058959961 s) fit model
