2023-11-08 12:42:36,937 [INFO]  
========== start: fit model
2023-11-08 12:42:36,937 [WARNING]  Already bound, ignoring bind()
2023-11-08 12:42:36,948 [INFO]  Epoch[0] Batch [0-4]	Speed: 11085.05 samples/sec	cross-entropy=18.069876	mean_speed_in_air14-accuracy=0.000000
2023-11-08 12:42:36,962 [INFO]  Epoch[0] Train-cross-entropy=20.501097
2023-11-08 12:42:36,963 [INFO]  Epoch[0] Train-mean_speed_in_air14-accuracy=0.000000
2023-11-08 12:42:36,963 [INFO]  Epoch[0] Time cost=0.024
2023-11-08 12:42:36,966 [INFO]  Saved checkpoint to "./imputer_model/imputer_model_mean_speed_in_air14/model-0000.params"
2023-11-08 12:42:36,972 [INFO]  Epoch[0] Validation-cross-entropy=11.617507
2023-11-08 12:42:36,972 [INFO]  Epoch[0] Validation-mean_speed_in_air14-accuracy=0.000000
2023-11-08 12:42:37,005 [INFO]  Epoch[1] Batch [0-4]	Speed: 11024.04 samples/sec	cross-entropy=43.070127	mean_speed_in_air14-accuracy=0.000000
2023-11-08 12:42:37,009 [INFO]  Epoch[1] Train-cross-entropy=36.622891
2023-11-08 12:42:37,010 [INFO]  Epoch[1] Train-mean_speed_in_air14-accuracy=0.000000
2023-11-08 12:42:37,010 [INFO]  Epoch[1] Time cost=0.038
2023-11-08 12:42:37,013 [INFO]  Saved checkpoint to "./imputer_model/imputer_model_mean_speed_in_air14/model-0001.params"
2023-11-08 12:42:37,022 [INFO]  Epoch[1] Validation-cross-entropy=26.367533
2023-11-08 12:42:37,022 [INFO]  Epoch[1] Validation-mean_speed_in_air14-accuracy=0.000000
2023-11-08 12:42:37,052 [INFO]  Epoch[2] Batch [0-4]	Speed: 3163.83 samples/sec	cross-entropy=13.554498	mean_speed_in_air14-accuracy=0.000000
2023-11-08 12:42:37,084 [INFO]  Epoch[2] Train-cross-entropy=11.323231
2023-11-08 12:42:37,084 [INFO]  Epoch[2] Train-mean_speed_in_air14-accuracy=0.000000
2023-11-08 12:42:37,084 [INFO]  Epoch[2] Time cost=0.062
2023-11-08 12:42:37,087 [INFO]  Saved checkpoint to "./imputer_model/imputer_model_mean_speed_in_air14/model-0002.params"
2023-11-08 12:42:37,110 [INFO]  Epoch[2] Validation-cross-entropy=7.020534
2023-11-08 12:42:37,110 [INFO]  Epoch[2] Validation-mean_speed_in_air14-accuracy=0.000000
2023-11-08 12:42:37,152 [INFO]  Epoch[3] Batch [0-4]	Speed: 1994.36 samples/sec	cross-entropy=6.298644	mean_speed_in_air14-accuracy=0.000000
2023-11-08 12:42:37,157 [INFO]  Epoch[3] Train-cross-entropy=4.535256
2023-11-08 12:42:37,157 [INFO]  Epoch[3] Train-mean_speed_in_air14-accuracy=0.000000
2023-11-08 12:42:37,157 [INFO]  Epoch[3] Time cost=0.047
2023-11-08 12:42:37,159 [INFO]  Saved checkpoint to "./imputer_model/imputer_model_mean_speed_in_air14/model-0003.params"
2023-11-08 12:42:37,161 [INFO]  Epoch[3] Validation-cross-entropy=5.125479
2023-11-08 12:42:37,161 [INFO]  Epoch[3] Validation-mean_speed_in_air14-accuracy=0.000000
2023-11-08 12:42:37,168 [INFO]  Epoch[4] Batch [0-4]	Speed: 11239.60 samples/sec	cross-entropy=2.538381	mean_speed_in_air14-accuracy=0.000000
2023-11-08 12:42:37,172 [INFO]  Epoch[4] Train-cross-entropy=2.129519
2023-11-08 12:42:37,172 [INFO]  Epoch[4] Train-mean_speed_in_air14-accuracy=0.000000
2023-11-08 12:42:37,172 [INFO]  Epoch[4] Time cost=0.012
2023-11-08 12:42:37,175 [INFO]  Saved checkpoint to "./imputer_model/imputer_model_mean_speed_in_air14/model-0004.params"
2023-11-08 12:42:37,176 [INFO]  Epoch[4] Validation-cross-entropy=3.113372
2023-11-08 12:42:37,176 [INFO]  Epoch[4] Validation-mean_speed_in_air14-accuracy=0.000000
2023-11-08 12:42:37,176 [INFO]  
========== done (0.23892450332641602 s) fit model
2023-11-08 13:07:10,363 [INFO]  
========== start: fit model
2023-11-08 13:07:10,378 [WARNING]  Already bound, ignoring bind()
2023-11-08 13:07:10,385 [INFO]  Epoch[0] Batch [0-4]	Speed: 13280.34 samples/sec	cross-entropy=19.280343	mean_speed_in_air14-accuracy=2.800000
2023-11-08 13:07:10,389 [INFO]  Epoch[0] Train-cross-entropy=17.433593
2023-11-08 13:07:10,389 [INFO]  Epoch[0] Train-mean_speed_in_air14-accuracy=3.875000
2023-11-08 13:07:10,389 [INFO]  Epoch[0] Time cost=0.010
2023-11-08 13:07:10,390 [INFO]  Saved checkpoint to "./imputer_model/imputer_model_mean_speed_in_air14/model-0000.params"
2023-11-08 13:07:10,391 [INFO]  Epoch[0] Validation-cross-entropy=9.824496
2023-11-08 13:07:10,391 [INFO]  Epoch[0] Validation-mean_speed_in_air14-accuracy=0.000000
2023-11-08 13:07:10,397 [INFO]  Epoch[1] Batch [0-4]	Speed: 13922.28 samples/sec	cross-entropy=32.515134	mean_speed_in_air14-accuracy=2.800000
2023-11-08 13:07:10,400 [INFO]  Epoch[1] Train-cross-entropy=34.001001
2023-11-08 13:07:10,401 [INFO]  Epoch[1] Train-mean_speed_in_air14-accuracy=3.875000
2023-11-08 13:07:10,401 [INFO]  Epoch[1] Time cost=0.009
2023-11-08 13:07:10,402 [INFO]  Saved checkpoint to "./imputer_model/imputer_model_mean_speed_in_air14/model-0001.params"
2023-11-08 13:07:10,403 [INFO]  Epoch[1] Validation-cross-entropy=8.232480
2023-11-08 13:07:10,403 [INFO]  Epoch[1] Validation-mean_speed_in_air14-accuracy=0.000000
2023-11-08 13:07:10,408 [INFO]  Epoch[2] Batch [0-4]	Speed: 14373.28 samples/sec	cross-entropy=10.521243	mean_speed_in_air14-accuracy=2.800000
2023-11-08 13:07:10,412 [INFO]  Epoch[2] Train-cross-entropy=11.569313
2023-11-08 13:07:10,413 [INFO]  Epoch[2] Train-mean_speed_in_air14-accuracy=3.875000
2023-11-08 13:07:10,413 [INFO]  Epoch[2] Time cost=0.010
2023-11-08 13:07:10,416 [INFO]  Saved checkpoint to "./imputer_model/imputer_model_mean_speed_in_air14/model-0002.params"
2023-11-08 13:07:10,417 [INFO]  Epoch[2] Validation-cross-entropy=12.765062
2023-11-08 13:07:10,417 [INFO]  Epoch[2] Validation-mean_speed_in_air14-accuracy=0.000000
2023-11-08 13:07:10,425 [INFO]  Epoch[3] Batch [0-4]	Speed: 11014.54 samples/sec	cross-entropy=3.202127	mean_speed_in_air14-accuracy=2.800000
2023-11-08 13:07:10,429 [INFO]  Epoch[3] Train-cross-entropy=2.563443
2023-11-08 13:07:10,429 [INFO]  Epoch[3] Train-mean_speed_in_air14-accuracy=3.875000
2023-11-08 13:07:10,429 [INFO]  Epoch[3] Time cost=0.012
2023-11-08 13:07:10,432 [INFO]  Saved checkpoint to "./imputer_model/imputer_model_mean_speed_in_air14/model-0003.params"
2023-11-08 13:07:10,432 [INFO]  Epoch[3] Validation-cross-entropy=7.121374
2023-11-08 13:07:10,432 [INFO]  Epoch[3] Validation-mean_speed_in_air14-accuracy=0.000000
2023-11-08 13:07:10,439 [INFO]  Epoch[4] Batch [0-4]	Speed: 12783.25 samples/sec	cross-entropy=2.189462	mean_speed_in_air14-accuracy=2.800000
2023-11-08 13:07:10,443 [INFO]  Epoch[4] Train-cross-entropy=1.684323
2023-11-08 13:07:10,443 [INFO]  Epoch[4] Train-mean_speed_in_air14-accuracy=3.875000
2023-11-08 13:07:10,443 [INFO]  Epoch[4] Time cost=0.010
2023-11-08 13:07:10,444 [INFO]  Saved checkpoint to "./imputer_model/imputer_model_mean_speed_in_air14/model-0004.params"
2023-11-08 13:07:10,445 [INFO]  Epoch[4] Validation-cross-entropy=11.821338
2023-11-08 13:07:10,445 [INFO]  Epoch[4] Validation-mean_speed_in_air14-accuracy=0.000000
2023-11-08 13:07:10,445 [INFO]  
========== done (0.08253264427185059 s) fit model
2023-11-08 13:20:35,081 [INFO]  
========== start: fit model
2023-11-08 13:20:35,081 [WARNING]  Already bound, ignoring bind()
2023-11-08 13:20:35,088 [INFO]  Epoch[0] Batch [0-4]	Speed: 13822.63 samples/sec	cross-entropy=19.786619	mean_speed_in_air14-accuracy=0.000000
2023-11-08 13:20:35,091 [INFO]  Epoch[0] Train-cross-entropy=20.659540
2023-11-08 13:20:35,091 [INFO]  Epoch[0] Train-mean_speed_in_air14-accuracy=0.000000
2023-11-08 13:20:35,091 [INFO]  Epoch[0] Time cost=0.010
2023-11-08 13:20:35,092 [INFO]  Saved checkpoint to "./imputer_model/imputer_model_mean_speed_in_air14/model-0000.params"
2023-11-08 13:20:35,093 [INFO]  Epoch[0] Validation-cross-entropy=9.326333
2023-11-08 13:20:35,093 [INFO]  Epoch[0] Validation-mean_speed_in_air14-accuracy=0.000000
2023-11-08 13:20:35,099 [INFO]  Epoch[1] Batch [0-4]	Speed: 14297.49 samples/sec	cross-entropy=30.286835	mean_speed_in_air14-accuracy=0.000000
2023-11-08 13:20:35,104 [INFO]  Epoch[1] Train-cross-entropy=26.672246
2023-11-08 13:20:35,104 [INFO]  Epoch[1] Train-mean_speed_in_air14-accuracy=0.000000
2023-11-08 13:20:35,104 [INFO]  Epoch[1] Time cost=0.011
2023-11-08 13:20:35,108 [INFO]  Saved checkpoint to "./imputer_model/imputer_model_mean_speed_in_air14/model-0001.params"
2023-11-08 13:20:35,109 [INFO]  Epoch[1] Validation-cross-entropy=5.622502
2023-11-08 13:20:35,109 [INFO]  Epoch[1] Validation-mean_speed_in_air14-accuracy=0.000000
2023-11-08 13:20:35,114 [INFO]  Epoch[2] Batch [0-4]	Speed: 16032.70 samples/sec	cross-entropy=17.037055	mean_speed_in_air14-accuracy=0.000000
2023-11-08 13:20:35,118 [INFO]  Epoch[2] Train-cross-entropy=11.514816
2023-11-08 13:20:35,118 [INFO]  Epoch[2] Train-mean_speed_in_air14-accuracy=0.000000
2023-11-08 13:20:35,118 [INFO]  Epoch[2] Time cost=0.009
2023-11-08 13:20:35,120 [INFO]  Saved checkpoint to "./imputer_model/imputer_model_mean_speed_in_air14/model-0002.params"
2023-11-08 13:20:35,121 [INFO]  Epoch[2] Validation-cross-entropy=8.774493
2023-11-08 13:20:35,121 [INFO]  Epoch[2] Validation-mean_speed_in_air14-accuracy=0.000000
2023-11-08 13:20:35,125 [INFO]  Epoch[3] Batch [0-4]	Speed: 18260.92 samples/sec	cross-entropy=2.797329	mean_speed_in_air14-accuracy=0.000000
2023-11-08 13:20:35,128 [INFO]  Epoch[3] Train-cross-entropy=2.832579
2023-11-08 13:20:35,128 [INFO]  Epoch[3] Train-mean_speed_in_air14-accuracy=0.000000
2023-11-08 13:20:35,128 [INFO]  Epoch[3] Time cost=0.007
2023-11-08 13:20:35,130 [INFO]  Saved checkpoint to "./imputer_model/imputer_model_mean_speed_in_air14/model-0003.params"
2023-11-08 13:20:35,130 [INFO]  Epoch[3] Validation-cross-entropy=6.847450
2023-11-08 13:20:35,130 [INFO]  Epoch[3] Validation-mean_speed_in_air14-accuracy=0.000000
2023-11-08 13:20:35,135 [INFO]  Epoch[4] Batch [0-4]	Speed: 17344.15 samples/sec	cross-entropy=1.102528	mean_speed_in_air14-accuracy=0.000000
2023-11-08 13:20:35,138 [INFO]  Epoch[4] Train-cross-entropy=1.019632
2023-11-08 13:20:35,138 [INFO]  Epoch[4] Train-mean_speed_in_air14-accuracy=0.000000
2023-11-08 13:20:35,138 [INFO]  Epoch[4] Time cost=0.008
2023-11-08 13:20:35,139 [INFO]  Saved checkpoint to "./imputer_model/imputer_model_mean_speed_in_air14/model-0004.params"
2023-11-08 13:20:35,140 [INFO]  Epoch[4] Validation-cross-entropy=3.669469
2023-11-08 13:20:35,140 [INFO]  Epoch[4] Validation-mean_speed_in_air14-accuracy=0.000000
2023-11-08 13:20:35,140 [INFO]  
========== done (0.059151411056518555 s) fit model
2023-11-08 13:33:55,851 [INFO]  
========== start: fit model
2023-11-08 13:33:55,851 [WARNING]  Already bound, ignoring bind()
2023-11-08 13:33:55,860 [INFO]  Epoch[0] Batch [0-4]	Speed: 10899.60 samples/sec	cross-entropy=28.968005	mean_speed_in_air14-accuracy=3.000000
2023-11-08 13:33:55,864 [INFO]  Epoch[0] Train-cross-entropy=23.118498
2023-11-08 13:33:55,864 [INFO]  Epoch[0] Train-mean_speed_in_air14-accuracy=3.375000
2023-11-08 13:33:55,864 [INFO]  Epoch[0] Time cost=0.012
2023-11-08 13:33:55,867 [INFO]  Saved checkpoint to "./imputer_model/imputer_model_mean_speed_in_air14/model-0000.params"
2023-11-08 13:33:55,868 [INFO]  Epoch[0] Validation-cross-entropy=7.130271
2023-11-08 13:33:55,868 [INFO]  Epoch[0] Validation-mean_speed_in_air14-accuracy=0.000000
2023-11-08 13:33:55,874 [INFO]  Epoch[1] Batch [0-4]	Speed: 15391.94 samples/sec	cross-entropy=27.887338	mean_speed_in_air14-accuracy=3.000000
2023-11-08 13:33:55,877 [INFO]  Epoch[1] Train-cross-entropy=27.883516
2023-11-08 13:33:55,877 [INFO]  Epoch[1] Train-mean_speed_in_air14-accuracy=3.375000
2023-11-08 13:33:55,877 [INFO]  Epoch[1] Time cost=0.009
2023-11-08 13:33:55,879 [INFO]  Saved checkpoint to "./imputer_model/imputer_model_mean_speed_in_air14/model-0001.params"
2023-11-08 13:33:55,879 [INFO]  Epoch[1] Validation-cross-entropy=10.040222
2023-11-08 13:33:55,879 [INFO]  Epoch[1] Validation-mean_speed_in_air14-accuracy=0.000000
2023-11-08 13:33:55,883 [INFO]  Epoch[2] Batch [0-4]	Speed: 20852.60 samples/sec	cross-entropy=7.485583	mean_speed_in_air14-accuracy=3.000000
2023-11-08 13:33:55,886 [INFO]  Epoch[2] Train-cross-entropy=7.836277
2023-11-08 13:33:55,886 [INFO]  Epoch[2] Train-mean_speed_in_air14-accuracy=3.375000
2023-11-08 13:33:55,886 [INFO]  Epoch[2] Time cost=0.006
2023-11-08 13:33:55,887 [INFO]  Saved checkpoint to "./imputer_model/imputer_model_mean_speed_in_air14/model-0002.params"
2023-11-08 13:33:55,888 [INFO]  Epoch[2] Validation-cross-entropy=6.894011
2023-11-08 13:33:55,888 [INFO]  Epoch[2] Validation-mean_speed_in_air14-accuracy=0.000000
2023-11-08 13:33:55,892 [INFO]  Epoch[3] Batch [0-4]	Speed: 19698.79 samples/sec	cross-entropy=2.983365	mean_speed_in_air14-accuracy=3.000000
2023-11-08 13:33:55,895 [INFO]  Epoch[3] Train-cross-entropy=2.823541
2023-11-08 13:33:55,895 [INFO]  Epoch[3] Train-mean_speed_in_air14-accuracy=3.375000
2023-11-08 13:33:55,895 [INFO]  Epoch[3] Time cost=0.007
2023-11-08 13:33:55,896 [INFO]  Saved checkpoint to "./imputer_model/imputer_model_mean_speed_in_air14/model-0003.params"
2023-11-08 13:33:55,896 [INFO]  Epoch[3] Validation-cross-entropy=6.170141
2023-11-08 13:33:55,896 [INFO]  Epoch[3] Validation-mean_speed_in_air14-accuracy=0.000000
2023-11-08 13:33:55,902 [INFO]  Epoch[4] Batch [0-4]	Speed: 14128.93 samples/sec	cross-entropy=1.139834	mean_speed_in_air14-accuracy=3.000000
2023-11-08 13:33:55,906 [INFO]  Epoch[4] Train-cross-entropy=0.962547
2023-11-08 13:33:55,906 [INFO]  Epoch[4] Train-mean_speed_in_air14-accuracy=3.375000
2023-11-08 13:33:55,906 [INFO]  Epoch[4] Time cost=0.009
2023-11-08 13:33:55,907 [INFO]  Saved checkpoint to "./imputer_model/imputer_model_mean_speed_in_air14/model-0004.params"
2023-11-08 13:33:55,908 [INFO]  Epoch[4] Validation-cross-entropy=4.489481
2023-11-08 13:33:55,908 [INFO]  Epoch[4] Validation-mean_speed_in_air14-accuracy=0.000000
2023-11-08 13:33:55,908 [INFO]  
========== done (0.05691981315612793 s) fit model
2023-11-08 13:47:15,544 [INFO]  
========== start: fit model
2023-11-08 13:47:15,544 [WARNING]  Already bound, ignoring bind()
2023-11-08 13:47:15,551 [INFO]  Epoch[0] Batch [0-4]	Speed: 14021.18 samples/sec	cross-entropy=16.841002	mean_speed_in_air14-accuracy=2.600000
2023-11-08 13:47:15,555 [INFO]  Epoch[0] Train-cross-entropy=15.959813
2023-11-08 13:47:15,556 [INFO]  Epoch[0] Train-mean_speed_in_air14-accuracy=3.250000
2023-11-08 13:47:15,556 [INFO]  Epoch[0] Time cost=0.011
2023-11-08 13:47:15,559 [INFO]  Saved checkpoint to "./imputer_model/imputer_model_mean_speed_in_air14/model-0000.params"
2023-11-08 13:47:15,560 [INFO]  Epoch[0] Validation-cross-entropy=19.711956
2023-11-08 13:47:15,560 [INFO]  Epoch[0] Validation-mean_speed_in_air14-accuracy=0.000000
2023-11-08 13:47:15,567 [INFO]  Epoch[1] Batch [0-4]	Speed: 12050.43 samples/sec	cross-entropy=60.256115	mean_speed_in_air14-accuracy=2.600000
2023-11-08 13:47:15,571 [INFO]  Epoch[1] Train-cross-entropy=50.851704
2023-11-08 13:47:15,571 [INFO]  Epoch[1] Train-mean_speed_in_air14-accuracy=3.250000
2023-11-08 13:47:15,571 [INFO]  Epoch[1] Time cost=0.011
2023-11-08 13:47:15,574 [INFO]  Saved checkpoint to "./imputer_model/imputer_model_mean_speed_in_air14/model-0001.params"
2023-11-08 13:47:15,575 [INFO]  Epoch[1] Validation-cross-entropy=7.395707
2023-11-08 13:47:15,575 [INFO]  Epoch[1] Validation-mean_speed_in_air14-accuracy=0.000000
2023-11-08 13:47:15,580 [INFO]  Epoch[2] Batch [0-4]	Speed: 16958.46 samples/sec	cross-entropy=12.080559	mean_speed_in_air14-accuracy=2.600000
2023-11-08 13:47:15,583 [INFO]  Epoch[2] Train-cross-entropy=8.975842
2023-11-08 13:47:15,583 [INFO]  Epoch[2] Train-mean_speed_in_air14-accuracy=3.250000
2023-11-08 13:47:15,583 [INFO]  Epoch[2] Time cost=0.008
2023-11-08 13:47:15,585 [INFO]  Saved checkpoint to "./imputer_model/imputer_model_mean_speed_in_air14/model-0002.params"
2023-11-08 13:47:15,585 [INFO]  Epoch[2] Validation-cross-entropy=2.886823
2023-11-08 13:47:15,585 [INFO]  Epoch[2] Validation-mean_speed_in_air14-accuracy=0.000000
2023-11-08 13:47:15,591 [INFO]  Epoch[3] Batch [0-4]	Speed: 13674.76 samples/sec	cross-entropy=5.476973	mean_speed_in_air14-accuracy=2.600000
2023-11-08 13:47:15,595 [INFO]  Epoch[3] Train-cross-entropy=4.548585
2023-11-08 13:47:15,595 [INFO]  Epoch[3] Train-mean_speed_in_air14-accuracy=3.250000
2023-11-08 13:47:15,595 [INFO]  Epoch[3] Time cost=0.010
2023-11-08 13:47:15,597 [INFO]  Saved checkpoint to "./imputer_model/imputer_model_mean_speed_in_air14/model-0003.params"
2023-11-08 13:47:15,598 [INFO]  Epoch[3] Validation-cross-entropy=2.576779
2023-11-08 13:47:15,598 [INFO]  Epoch[3] Validation-mean_speed_in_air14-accuracy=0.000000
2023-11-08 13:47:15,603 [INFO]  Epoch[4] Batch [0-4]	Speed: 16435.16 samples/sec	cross-entropy=2.978693	mean_speed_in_air14-accuracy=2.600000
2023-11-08 13:47:15,606 [INFO]  Epoch[4] Train-cross-entropy=2.582763
2023-11-08 13:47:15,606 [INFO]  Epoch[4] Train-mean_speed_in_air14-accuracy=3.250000
2023-11-08 13:47:15,606 [INFO]  Epoch[4] Time cost=0.008
2023-11-08 13:47:15,608 [INFO]  Saved checkpoint to "./imputer_model/imputer_model_mean_speed_in_air14/model-0004.params"
2023-11-08 13:47:15,608 [INFO]  Epoch[4] Validation-cross-entropy=2.572844
2023-11-08 13:47:15,609 [INFO]  Epoch[4] Validation-mean_speed_in_air14-accuracy=0.000000
2023-11-08 13:47:15,609 [INFO]  
========== done (0.06502151489257812 s) fit model
2023-11-08 14:00:38,252 [INFO]  
========== start: fit model
2023-11-08 14:00:38,252 [WARNING]  Already bound, ignoring bind()
2023-11-08 14:00:38,259 [INFO]  Epoch[0] Batch [0-4]	Speed: 13770.86 samples/sec	cross-entropy=20.912224	mean_speed_in_air14-accuracy=0.000000
2023-11-08 14:00:38,264 [INFO]  Epoch[0] Train-cross-entropy=19.539421
2023-11-08 14:00:38,264 [INFO]  Epoch[0] Train-mean_speed_in_air14-accuracy=0.000000
2023-11-08 14:00:38,264 [INFO]  Epoch[0] Time cost=0.012
2023-11-08 14:00:38,267 [INFO]  Saved checkpoint to "./imputer_model/imputer_model_mean_speed_in_air14/model-0000.params"
2023-11-08 14:00:38,268 [INFO]  Epoch[0] Validation-cross-entropy=29.999605
2023-11-08 14:00:38,268 [INFO]  Epoch[0] Validation-mean_speed_in_air14-accuracy=0.000000
2023-11-08 14:00:38,276 [INFO]  Epoch[1] Batch [0-4]	Speed: 11783.82 samples/sec	cross-entropy=38.769472	mean_speed_in_air14-accuracy=0.000000
2023-11-08 14:00:38,279 [INFO]  Epoch[1] Train-cross-entropy=35.601041
2023-11-08 14:00:38,280 [INFO]  Epoch[1] Train-mean_speed_in_air14-accuracy=0.000000
2023-11-08 14:00:38,280 [INFO]  Epoch[1] Time cost=0.011
2023-11-08 14:00:38,282 [INFO]  Saved checkpoint to "./imputer_model/imputer_model_mean_speed_in_air14/model-0001.params"
2023-11-08 14:00:38,283 [INFO]  Epoch[1] Validation-cross-entropy=14.392386
2023-11-08 14:00:38,283 [INFO]  Epoch[1] Validation-mean_speed_in_air14-accuracy=0.000000
2023-11-08 14:00:38,289 [INFO]  Epoch[2] Batch [0-4]	Speed: 13881.24 samples/sec	cross-entropy=5.538358	mean_speed_in_air14-accuracy=0.000000
2023-11-08 14:00:38,292 [INFO]  Epoch[2] Train-cross-entropy=4.813171
2023-11-08 14:00:38,292 [INFO]  Epoch[2] Train-mean_speed_in_air14-accuracy=0.000000
2023-11-08 14:00:38,292 [INFO]  Epoch[2] Time cost=0.009
2023-11-08 14:00:38,294 [INFO]  Saved checkpoint to "./imputer_model/imputer_model_mean_speed_in_air14/model-0002.params"
2023-11-08 14:00:38,294 [INFO]  Epoch[2] Validation-cross-entropy=14.803888
2023-11-08 14:00:38,294 [INFO]  Epoch[2] Validation-mean_speed_in_air14-accuracy=0.000000
2023-11-08 14:00:38,300 [INFO]  Epoch[3] Batch [0-4]	Speed: 14618.28 samples/sec	cross-entropy=2.623428	mean_speed_in_air14-accuracy=0.000000
2023-11-08 14:00:38,303 [INFO]  Epoch[3] Train-cross-entropy=3.005781
2023-11-08 14:00:38,303 [INFO]  Epoch[3] Train-mean_speed_in_air14-accuracy=0.000000
2023-11-08 14:00:38,303 [INFO]  Epoch[3] Time cost=0.009
2023-11-08 14:00:38,305 [INFO]  Saved checkpoint to "./imputer_model/imputer_model_mean_speed_in_air14/model-0003.params"
2023-11-08 14:00:38,305 [INFO]  Epoch[3] Validation-cross-entropy=16.862482
2023-11-08 14:00:38,305 [INFO]  Epoch[3] Validation-mean_speed_in_air14-accuracy=0.000000
2023-11-08 14:00:38,311 [INFO]  Epoch[4] Batch [0-4]	Speed: 14586.51 samples/sec	cross-entropy=1.212714	mean_speed_in_air14-accuracy=0.000000
2023-11-08 14:00:38,314 [INFO]  Epoch[4] Train-cross-entropy=0.968490
2023-11-08 14:00:38,314 [INFO]  Epoch[4] Train-mean_speed_in_air14-accuracy=0.000000
2023-11-08 14:00:38,315 [INFO]  Epoch[4] Time cost=0.009
2023-11-08 14:00:38,316 [INFO]  Saved checkpoint to "./imputer_model/imputer_model_mean_speed_in_air14/model-0004.params"
2023-11-08 14:00:38,316 [INFO]  Epoch[4] Validation-cross-entropy=14.953612
2023-11-08 14:00:38,316 [INFO]  Epoch[4] Validation-mean_speed_in_air14-accuracy=0.000000
2023-11-08 14:00:38,317 [INFO]  
========== done (0.06479406356811523 s) fit model
2023-11-08 14:14:03,685 [INFO]  
========== start: fit model
2023-11-08 14:14:03,686 [WARNING]  Already bound, ignoring bind()
2023-11-08 14:14:03,693 [INFO]  Epoch[0] Batch [0-4]	Speed: 14094.06 samples/sec	cross-entropy=17.337760	mean_speed_in_air14-accuracy=0.000000
2023-11-08 14:14:03,696 [INFO]  Epoch[0] Train-cross-entropy=18.499995
2023-11-08 14:14:03,696 [INFO]  Epoch[0] Train-mean_speed_in_air14-accuracy=0.000000
2023-11-08 14:14:03,696 [INFO]  Epoch[0] Time cost=0.010
2023-11-08 14:14:03,697 [INFO]  Saved checkpoint to "./imputer_model/imputer_model_mean_speed_in_air14/model-0000.params"
2023-11-08 14:14:03,698 [INFO]  Epoch[0] Validation-cross-entropy=38.939178
2023-11-08 14:14:03,698 [INFO]  Epoch[0] Validation-mean_speed_in_air14-accuracy=0.000000
2023-11-08 14:14:03,703 [INFO]  Epoch[1] Batch [0-4]	Speed: 14687.87 samples/sec	cross-entropy=50.087258	mean_speed_in_air14-accuracy=0.000000
2023-11-08 14:14:03,707 [INFO]  Epoch[1] Train-cross-entropy=37.137261
2023-11-08 14:14:03,707 [INFO]  Epoch[1] Train-mean_speed_in_air14-accuracy=0.000000
2023-11-08 14:14:03,707 [INFO]  Epoch[1] Time cost=0.009
2023-11-08 14:14:03,708 [INFO]  Saved checkpoint to "./imputer_model/imputer_model_mean_speed_in_air14/model-0001.params"
2023-11-08 14:14:03,709 [INFO]  Epoch[1] Validation-cross-entropy=21.394915
2023-11-08 14:14:03,709 [INFO]  Epoch[1] Validation-mean_speed_in_air14-accuracy=0.000000
2023-11-08 14:14:03,714 [INFO]  Epoch[2] Batch [0-4]	Speed: 15360.23 samples/sec	cross-entropy=12.211187	mean_speed_in_air14-accuracy=0.000000
2023-11-08 14:14:03,717 [INFO]  Epoch[2] Train-cross-entropy=8.730516
2023-11-08 14:14:03,717 [INFO]  Epoch[2] Train-mean_speed_in_air14-accuracy=0.000000
2023-11-08 14:14:03,717 [INFO]  Epoch[2] Time cost=0.008
2023-11-08 14:14:03,718 [INFO]  Saved checkpoint to "./imputer_model/imputer_model_mean_speed_in_air14/model-0002.params"
2023-11-08 14:14:03,719 [INFO]  Epoch[2] Validation-cross-entropy=10.879811
2023-11-08 14:14:03,719 [INFO]  Epoch[2] Validation-mean_speed_in_air14-accuracy=0.000000
2023-11-08 14:14:03,724 [INFO]  Epoch[3] Batch [0-4]	Speed: 14155.75 samples/sec	cross-entropy=4.365778	mean_speed_in_air14-accuracy=0.000000
2023-11-08 14:14:03,729 [INFO]  Epoch[3] Train-cross-entropy=3.517761
2023-11-08 14:14:03,729 [INFO]  Epoch[3] Train-mean_speed_in_air14-accuracy=0.000000
2023-11-08 14:14:03,729 [INFO]  Epoch[3] Time cost=0.011
2023-11-08 14:14:03,733 [INFO]  Saved checkpoint to "./imputer_model/imputer_model_mean_speed_in_air14/model-0003.params"
2023-11-08 14:14:03,734 [INFO]  Epoch[3] Validation-cross-entropy=11.483803
2023-11-08 14:14:03,734 [INFO]  Epoch[3] Validation-mean_speed_in_air14-accuracy=0.000000
2023-11-08 14:14:03,741 [INFO]  Epoch[4] Batch [0-4]	Speed: 12300.01 samples/sec	cross-entropy=2.094357	mean_speed_in_air14-accuracy=0.000000
2023-11-08 14:14:03,745 [INFO]  Epoch[4] Train-cross-entropy=1.762243
2023-11-08 14:14:03,745 [INFO]  Epoch[4] Train-mean_speed_in_air14-accuracy=0.000000
2023-11-08 14:14:03,745 [INFO]  Epoch[4] Time cost=0.011
2023-11-08 14:14:03,747 [INFO]  Saved checkpoint to "./imputer_model/imputer_model_mean_speed_in_air14/model-0004.params"
2023-11-08 14:14:03,747 [INFO]  Epoch[4] Validation-cross-entropy=11.455969
2023-11-08 14:14:03,747 [INFO]  Epoch[4] Validation-mean_speed_in_air14-accuracy=0.000000
2023-11-08 14:14:03,748 [INFO]  
========== done (0.06206512451171875 s) fit model
2023-11-08 14:27:39,778 [INFO]  
========== start: fit model
2023-11-08 14:27:39,778 [WARNING]  Already bound, ignoring bind()
2023-11-08 14:27:39,787 [INFO]  Epoch[0] Batch [0-4]	Speed: 10638.27 samples/sec	cross-entropy=18.521604	mean_speed_in_air14-accuracy=2.600000
2023-11-08 14:27:39,792 [INFO]  Epoch[0] Train-cross-entropy=16.233514
2023-11-08 14:27:39,792 [INFO]  Epoch[0] Train-mean_speed_in_air14-accuracy=3.125000
2023-11-08 14:27:39,792 [INFO]  Epoch[0] Time cost=0.013
2023-11-08 14:27:39,795 [INFO]  Saved checkpoint to "./imputer_model/imputer_model_mean_speed_in_air14/model-0000.params"
2023-11-08 14:27:39,796 [INFO]  Epoch[0] Validation-cross-entropy=43.399624
2023-11-08 14:27:39,796 [INFO]  Epoch[0] Validation-mean_speed_in_air14-accuracy=0.000000
2023-11-08 14:27:39,802 [INFO]  Epoch[1] Batch [0-4]	Speed: 15177.85 samples/sec	cross-entropy=46.689353	mean_speed_in_air14-accuracy=2.600000
2023-11-08 14:27:39,805 [INFO]  Epoch[1] Train-cross-entropy=41.737893
2023-11-08 14:27:39,805 [INFO]  Epoch[1] Train-mean_speed_in_air14-accuracy=3.125000
2023-11-08 14:27:39,805 [INFO]  Epoch[1] Time cost=0.009
2023-11-08 14:27:39,808 [INFO]  Saved checkpoint to "./imputer_model/imputer_model_mean_speed_in_air14/model-0001.params"
2023-11-08 14:27:39,808 [INFO]  Epoch[1] Validation-cross-entropy=37.684452
2023-11-08 14:27:39,809 [INFO]  Epoch[1] Validation-mean_speed_in_air14-accuracy=0.000000
2023-11-08 14:27:39,814 [INFO]  Epoch[2] Batch [0-4]	Speed: 14230.04 samples/sec	cross-entropy=8.196668	mean_speed_in_air14-accuracy=2.600000
2023-11-08 14:27:39,818 [INFO]  Epoch[2] Train-cross-entropy=9.439801
2023-11-08 14:27:39,818 [INFO]  Epoch[2] Train-mean_speed_in_air14-accuracy=3.125000
2023-11-08 14:27:39,818 [INFO]  Epoch[2] Time cost=0.009
2023-11-08 14:27:39,820 [INFO]  Saved checkpoint to "./imputer_model/imputer_model_mean_speed_in_air14/model-0002.params"
2023-11-08 14:27:39,821 [INFO]  Epoch[2] Validation-cross-entropy=22.776867
2023-11-08 14:27:39,821 [INFO]  Epoch[2] Validation-mean_speed_in_air14-accuracy=0.000000
2023-11-08 14:27:39,826 [INFO]  Epoch[3] Batch [0-4]	Speed: 15698.90 samples/sec	cross-entropy=5.535504	mean_speed_in_air14-accuracy=2.600000
2023-11-08 14:27:39,829 [INFO]  Epoch[3] Train-cross-entropy=4.386114
2023-11-08 14:27:39,829 [INFO]  Epoch[3] Train-mean_speed_in_air14-accuracy=3.125000
2023-11-08 14:27:39,830 [INFO]  Epoch[3] Time cost=0.008
2023-11-08 14:27:39,831 [INFO]  Saved checkpoint to "./imputer_model/imputer_model_mean_speed_in_air14/model-0003.params"
2023-11-08 14:27:39,832 [INFO]  Epoch[3] Validation-cross-entropy=6.259426
2023-11-08 14:27:39,832 [INFO]  Epoch[3] Validation-mean_speed_in_air14-accuracy=0.000000
2023-11-08 14:27:39,836 [INFO]  Epoch[4] Batch [0-4]	Speed: 17066.28 samples/sec	cross-entropy=2.701363	mean_speed_in_air14-accuracy=2.600000
2023-11-08 14:27:39,840 [INFO]  Epoch[4] Train-cross-entropy=1.912908
2023-11-08 14:27:39,840 [INFO]  Epoch[4] Train-mean_speed_in_air14-accuracy=3.125000
2023-11-08 14:27:39,840 [INFO]  Epoch[4] Time cost=0.008
2023-11-08 14:27:39,841 [INFO]  Saved checkpoint to "./imputer_model/imputer_model_mean_speed_in_air14/model-0004.params"
2023-11-08 14:27:39,842 [INFO]  Epoch[4] Validation-cross-entropy=7.377167
2023-11-08 14:27:39,842 [INFO]  Epoch[4] Validation-mean_speed_in_air14-accuracy=0.000000
2023-11-08 14:27:39,842 [INFO]  
========== done (0.06414413452148438 s) fit model
2023-11-08 14:41:41,756 [INFO]  
========== start: fit model
2023-11-08 14:41:41,757 [WARNING]  Already bound, ignoring bind()
2023-11-08 14:41:41,769 [INFO]  Epoch[0] Batch [0-4]	Speed: 6408.10 samples/sec	cross-entropy=14.796460	mean_speed_in_air14-accuracy=0.000000
2023-11-08 14:41:41,774 [INFO]  Epoch[0] Train-cross-entropy=13.924833
2023-11-08 14:41:41,774 [INFO]  Epoch[0] Train-mean_speed_in_air14-accuracy=0.000000
2023-11-08 14:41:41,774 [INFO]  Epoch[0] Time cost=0.017
2023-11-08 14:41:41,778 [INFO]  Saved checkpoint to "./imputer_model/imputer_model_mean_speed_in_air14/model-0000.params"
2023-11-08 14:41:41,779 [INFO]  Epoch[0] Validation-cross-entropy=62.768135
2023-11-08 14:41:41,779 [INFO]  Epoch[0] Validation-mean_speed_in_air14-accuracy=0.000000
2023-11-08 14:41:41,786 [INFO]  Epoch[1] Batch [0-4]	Speed: 11918.28 samples/sec	cross-entropy=40.087367	mean_speed_in_air14-accuracy=0.000000
2023-11-08 14:41:41,790 [INFO]  Epoch[1] Train-cross-entropy=27.739596
2023-11-08 14:41:41,790 [INFO]  Epoch[1] Train-mean_speed_in_air14-accuracy=0.000000
2023-11-08 14:41:41,790 [INFO]  Epoch[1] Time cost=0.011
2023-11-08 14:41:41,793 [INFO]  Saved checkpoint to "./imputer_model/imputer_model_mean_speed_in_air14/model-0001.params"
2023-11-08 14:41:41,793 [INFO]  Epoch[1] Validation-cross-entropy=16.726665
2023-11-08 14:41:41,793 [INFO]  Epoch[1] Validation-mean_speed_in_air14-accuracy=0.000000
2023-11-08 14:41:41,801 [INFO]  Epoch[2] Batch [0-4]	Speed: 9963.46 samples/sec	cross-entropy=7.040116	mean_speed_in_air14-accuracy=0.000000
2023-11-08 14:41:41,806 [INFO]  Epoch[2] Train-cross-entropy=5.464875
2023-11-08 14:41:41,806 [INFO]  Epoch[2] Train-mean_speed_in_air14-accuracy=0.000000
2023-11-08 14:41:41,807 [INFO]  Epoch[2] Time cost=0.013
2023-11-08 14:41:41,810 [INFO]  Saved checkpoint to "./imputer_model/imputer_model_mean_speed_in_air14/model-0002.params"
2023-11-08 14:41:41,811 [INFO]  Epoch[2] Validation-cross-entropy=47.199104
2023-11-08 14:41:41,811 [INFO]  Epoch[2] Validation-mean_speed_in_air14-accuracy=0.000000
2023-11-08 14:41:41,818 [INFO]  Epoch[3] Batch [0-4]	Speed: 12365.74 samples/sec	cross-entropy=3.969005	mean_speed_in_air14-accuracy=0.000000
2023-11-08 14:41:41,822 [INFO]  Epoch[3] Train-cross-entropy=3.007557
2023-11-08 14:41:41,823 [INFO]  Epoch[3] Train-mean_speed_in_air14-accuracy=0.000000
2023-11-08 14:41:41,823 [INFO]  Epoch[3] Time cost=0.011
2023-11-08 14:41:41,825 [INFO]  Saved checkpoint to "./imputer_model/imputer_model_mean_speed_in_air14/model-0003.params"
2023-11-08 14:41:41,825 [INFO]  Epoch[3] Validation-cross-entropy=20.760370
2023-11-08 14:41:41,826 [INFO]  Epoch[3] Validation-mean_speed_in_air14-accuracy=0.000000
2023-11-08 14:41:41,832 [INFO]  Epoch[4] Batch [0-4]	Speed: 12565.44 samples/sec	cross-entropy=0.974120	mean_speed_in_air14-accuracy=0.000000
2023-11-08 14:41:41,836 [INFO]  Epoch[4] Train-cross-entropy=0.800400
2023-11-08 14:41:41,836 [INFO]  Epoch[4] Train-mean_speed_in_air14-accuracy=0.000000
2023-11-08 14:41:41,836 [INFO]  Epoch[4] Time cost=0.010
2023-11-08 14:41:41,838 [INFO]  Saved checkpoint to "./imputer_model/imputer_model_mean_speed_in_air14/model-0004.params"
2023-11-08 14:41:41,838 [INFO]  Epoch[4] Validation-cross-entropy=22.915546
2023-11-08 14:41:41,838 [INFO]  Epoch[4] Validation-mean_speed_in_air14-accuracy=0.000000
2023-11-08 14:41:41,838 [INFO]  
========== done (0.08202528953552246 s) fit model
2023-11-08 14:55:46,590 [INFO]  
========== start: fit model
2023-11-08 14:55:46,590 [WARNING]  Already bound, ignoring bind()
2023-11-08 14:55:46,600 [INFO]  Epoch[0] Batch [0-4]	Speed: 9498.44 samples/sec	cross-entropy=23.103230	mean_speed_in_air14-accuracy=0.000000
2023-11-08 14:55:46,605 [INFO]  Epoch[0] Train-cross-entropy=23.422841
2023-11-08 14:55:46,605 [INFO]  Epoch[0] Train-mean_speed_in_air14-accuracy=0.000000
2023-11-08 14:55:46,605 [INFO]  Epoch[0] Time cost=0.015
2023-11-08 14:55:46,609 [INFO]  Saved checkpoint to "./imputer_model/imputer_model_mean_speed_in_air14/model-0000.params"
2023-11-08 14:55:46,609 [INFO]  Epoch[0] Validation-cross-entropy=38.143791
2023-11-08 14:55:46,609 [INFO]  Epoch[0] Validation-mean_speed_in_air14-accuracy=0.000000
2023-11-08 14:55:46,616 [INFO]  Epoch[1] Batch [0-4]	Speed: 12124.46 samples/sec	cross-entropy=75.835708	mean_speed_in_air14-accuracy=0.000000
2023-11-08 14:55:46,620 [INFO]  Epoch[1] Train-cross-entropy=58.196013
2023-11-08 14:55:46,621 [INFO]  Epoch[1] Train-mean_speed_in_air14-accuracy=0.000000
2023-11-08 14:55:46,621 [INFO]  Epoch[1] Time cost=0.011
2023-11-08 14:55:46,623 [INFO]  Saved checkpoint to "./imputer_model/imputer_model_mean_speed_in_air14/model-0001.params"
2023-11-08 14:55:46,623 [INFO]  Epoch[1] Validation-cross-entropy=25.477182
2023-11-08 14:55:46,623 [INFO]  Epoch[1] Validation-mean_speed_in_air14-accuracy=0.000000
2023-11-08 14:55:46,629 [INFO]  Epoch[2] Batch [0-4]	Speed: 13665.01 samples/sec	cross-entropy=9.553871	mean_speed_in_air14-accuracy=0.000000
2023-11-08 14:55:46,633 [INFO]  Epoch[2] Train-cross-entropy=10.448815
2023-11-08 14:55:46,633 [INFO]  Epoch[2] Train-mean_speed_in_air14-accuracy=0.000000
2023-11-08 14:55:46,633 [INFO]  Epoch[2] Time cost=0.010
2023-11-08 14:55:46,635 [INFO]  Saved checkpoint to "./imputer_model/imputer_model_mean_speed_in_air14/model-0002.params"
2023-11-08 14:55:46,635 [INFO]  Epoch[2] Validation-cross-entropy=14.255707
2023-11-08 14:55:46,635 [INFO]  Epoch[2] Validation-mean_speed_in_air14-accuracy=0.000000
2023-11-08 14:55:46,641 [INFO]  Epoch[3] Batch [0-4]	Speed: 14173.69 samples/sec	cross-entropy=4.092150	mean_speed_in_air14-accuracy=0.000000
2023-11-08 14:55:46,644 [INFO]  Epoch[3] Train-cross-entropy=4.579046
2023-11-08 14:55:46,645 [INFO]  Epoch[3] Train-mean_speed_in_air14-accuracy=0.000000
2023-11-08 14:55:46,645 [INFO]  Epoch[3] Time cost=0.009
2023-11-08 14:55:46,646 [INFO]  Saved checkpoint to "./imputer_model/imputer_model_mean_speed_in_air14/model-0003.params"
2023-11-08 14:55:46,647 [INFO]  Epoch[3] Validation-cross-entropy=12.438829
2023-11-08 14:55:46,647 [INFO]  Epoch[3] Validation-mean_speed_in_air14-accuracy=0.000000
2023-11-08 14:55:46,652 [INFO]  Epoch[4] Batch [0-4]	Speed: 14477.16 samples/sec	cross-entropy=3.930380	mean_speed_in_air14-accuracy=0.000000
2023-11-08 14:55:46,656 [INFO]  Epoch[4] Train-cross-entropy=2.899909
2023-11-08 14:55:46,656 [INFO]  Epoch[4] Train-mean_speed_in_air14-accuracy=0.000000
2023-11-08 14:55:46,656 [INFO]  Epoch[4] Time cost=0.009
2023-11-08 14:55:46,658 [INFO]  Saved checkpoint to "./imputer_model/imputer_model_mean_speed_in_air14/model-0004.params"
2023-11-08 14:55:46,658 [INFO]  Epoch[4] Validation-cross-entropy=14.176102
2023-11-08 14:55:46,658 [INFO]  Epoch[4] Validation-mean_speed_in_air14-accuracy=0.000000
2023-11-08 14:55:46,658 [INFO]  
========== done (0.06863927841186523 s) fit model
