2023-11-08 12:42:03,154 [INFO]  
========== start: fit model
2023-11-08 12:42:03,154 [WARNING]  Already bound, ignoring bind()
2023-11-08 12:42:04,115 [INFO]  Epoch[0] Batch [0-4]	Speed: 278.59 samples/sec	cross-entropy=21.621758	disp_index14-accuracy=4.000000
2023-11-08 12:42:04,118 [INFO]  Epoch[0] Train-cross-entropy=19.692661
2023-11-08 12:42:04,118 [INFO]  Epoch[0] Train-disp_index14-accuracy=3.375000
2023-11-08 12:42:04,119 [INFO]  Epoch[0] Time cost=0.963
2023-11-08 12:42:04,120 [INFO]  Saved checkpoint to "./imputer_model/imputer_model_disp_index14/model-0000.params"
2023-11-08 12:42:04,121 [INFO]  Epoch[0] Validation-cross-entropy=23.550625
2023-11-08 12:42:04,121 [INFO]  Epoch[0] Validation-disp_index14-accuracy=0.000000
2023-11-08 12:42:05,157 [INFO]  Epoch[1] Batch [0-4]	Speed: 61.84 samples/sec	cross-entropy=44.836486	disp_index14-accuracy=4.000000
2023-11-08 12:42:05,414 [INFO]  Epoch[1] Train-cross-entropy=31.025432
2023-11-08 12:42:05,414 [INFO]  Epoch[1] Train-disp_index14-accuracy=3.375000
2023-11-08 12:42:05,414 [INFO]  Epoch[1] Time cost=1.293
2023-11-08 12:42:05,416 [INFO]  Saved checkpoint to "./imputer_model/imputer_model_disp_index14/model-0001.params"
2023-11-08 12:42:05,418 [INFO]  Epoch[1] Validation-cross-entropy=20.658718
2023-11-08 12:42:05,418 [INFO]  Epoch[1] Validation-disp_index14-accuracy=0.000000
2023-11-08 12:42:05,428 [INFO]  Epoch[2] Batch [0-4]	Speed: 7306.16 samples/sec	cross-entropy=5.683021	disp_index14-accuracy=4.000000
2023-11-08 12:42:05,432 [INFO]  Epoch[2] Train-cross-entropy=4.173104
2023-11-08 12:42:05,432 [INFO]  Epoch[2] Train-disp_index14-accuracy=3.375000
2023-11-08 12:42:05,432 [INFO]  Epoch[2] Time cost=0.014
2023-11-08 12:42:05,434 [INFO]  Saved checkpoint to "./imputer_model/imputer_model_disp_index14/model-0002.params"
2023-11-08 12:42:05,435 [INFO]  Epoch[2] Validation-cross-entropy=13.105128
2023-11-08 12:42:05,435 [INFO]  Epoch[2] Validation-disp_index14-accuracy=0.000000
2023-11-08 12:42:05,449 [INFO]  Epoch[3] Batch [0-4]	Speed: 9925.51 samples/sec	cross-entropy=3.219254	disp_index14-accuracy=4.000000
2023-11-08 12:42:05,591 [INFO]  Epoch[3] Train-cross-entropy=2.720427
2023-11-08 12:42:05,592 [INFO]  Epoch[3] Train-disp_index14-accuracy=3.375000
2023-11-08 12:42:05,592 [INFO]  Epoch[3] Time cost=0.156
2023-11-08 12:42:05,594 [INFO]  Saved checkpoint to "./imputer_model/imputer_model_disp_index14/model-0003.params"
2023-11-08 12:42:05,603 [INFO]  Epoch[3] Validation-cross-entropy=12.979395
2023-11-08 12:42:05,603 [INFO]  Epoch[3] Validation-disp_index14-accuracy=0.000000
2023-11-08 12:42:05,933 [INFO]  Epoch[4] Batch [0-4]	Speed: 199.14 samples/sec	cross-entropy=1.242566	disp_index14-accuracy=4.000000
2023-11-08 12:42:05,947 [INFO]  Epoch[4] Train-cross-entropy=1.117091
2023-11-08 12:42:05,947 [INFO]  Epoch[4] Train-disp_index14-accuracy=3.375000
2023-11-08 12:42:05,947 [INFO]  Epoch[4] Time cost=0.344
2023-11-08 12:42:05,950 [INFO]  Saved checkpoint to "./imputer_model/imputer_model_disp_index14/model-0004.params"
2023-11-08 12:42:05,969 [INFO]  Epoch[4] Validation-cross-entropy=11.510281
2023-11-08 12:42:05,970 [INFO]  Epoch[4] Validation-disp_index14-accuracy=0.000000
2023-11-08 12:42:05,970 [INFO]  
========== done (2.8154778480529785 s) fit model
2023-11-08 13:07:00,835 [INFO]  
========== start: fit model
2023-11-08 13:07:00,855 [WARNING]  Already bound, ignoring bind()
2023-11-08 13:07:00,865 [INFO]  Epoch[0] Batch [0-4]	Speed: 9749.59 samples/sec	cross-entropy=14.619968	disp_index14-accuracy=2.600000
2023-11-08 13:07:00,870 [INFO]  Epoch[0] Train-cross-entropy=21.700221
2023-11-08 13:07:00,870 [INFO]  Epoch[0] Train-disp_index14-accuracy=3.125000
2023-11-08 13:07:00,870 [INFO]  Epoch[0] Time cost=0.013
2023-11-08 13:07:00,873 [INFO]  Saved checkpoint to "./imputer_model/imputer_model_disp_index14/model-0000.params"
2023-11-08 13:07:00,874 [INFO]  Epoch[0] Validation-cross-entropy=19.659763
2023-11-08 13:07:00,874 [INFO]  Epoch[0] Validation-disp_index14-accuracy=0.000000
2023-11-08 13:07:00,880 [INFO]  Epoch[1] Batch [0-4]	Speed: 13560.09 samples/sec	cross-entropy=44.433624	disp_index14-accuracy=2.600000
2023-11-08 13:07:00,884 [INFO]  Epoch[1] Train-cross-entropy=36.976733
2023-11-08 13:07:00,884 [INFO]  Epoch[1] Train-disp_index14-accuracy=3.125000
2023-11-08 13:07:00,885 [INFO]  Epoch[1] Time cost=0.010
2023-11-08 13:07:00,887 [INFO]  Saved checkpoint to "./imputer_model/imputer_model_disp_index14/model-0001.params"
2023-11-08 13:07:00,887 [INFO]  Epoch[1] Validation-cross-entropy=16.528341
2023-11-08 13:07:00,887 [INFO]  Epoch[1] Validation-disp_index14-accuracy=0.000000
2023-11-08 13:07:00,893 [INFO]  Epoch[2] Batch [0-4]	Speed: 13943.25 samples/sec	cross-entropy=4.382622	disp_index14-accuracy=2.600000
2023-11-08 13:07:00,897 [INFO]  Epoch[2] Train-cross-entropy=3.609652
2023-11-08 13:07:00,897 [INFO]  Epoch[2] Train-disp_index14-accuracy=3.125000
2023-11-08 13:07:00,897 [INFO]  Epoch[2] Time cost=0.010
2023-11-08 13:07:00,899 [INFO]  Saved checkpoint to "./imputer_model/imputer_model_disp_index14/model-0002.params"
2023-11-08 13:07:00,899 [INFO]  Epoch[2] Validation-cross-entropy=6.433382
2023-11-08 13:07:00,899 [INFO]  Epoch[2] Validation-disp_index14-accuracy=0.000000
2023-11-08 13:07:00,905 [INFO]  Epoch[3] Batch [0-4]	Speed: 14563.56 samples/sec	cross-entropy=2.572676	disp_index14-accuracy=2.600000
2023-11-08 13:07:00,908 [INFO]  Epoch[3] Train-cross-entropy=2.986781
2023-11-08 13:07:00,908 [INFO]  Epoch[3] Train-disp_index14-accuracy=3.125000
2023-11-08 13:07:00,908 [INFO]  Epoch[3] Time cost=0.009
2023-11-08 13:07:00,910 [INFO]  Saved checkpoint to "./imputer_model/imputer_model_disp_index14/model-0003.params"
2023-11-08 13:07:00,910 [INFO]  Epoch[3] Validation-cross-entropy=14.320705
2023-11-08 13:07:00,910 [INFO]  Epoch[3] Validation-disp_index14-accuracy=0.000000
2023-11-08 13:07:00,916 [INFO]  Epoch[4] Batch [0-4]	Speed: 14847.09 samples/sec	cross-entropy=1.456349	disp_index14-accuracy=2.600000
2023-11-08 13:07:00,919 [INFO]  Epoch[4] Train-cross-entropy=1.259396
2023-11-08 13:07:00,919 [INFO]  Epoch[4] Train-disp_index14-accuracy=3.125000
2023-11-08 13:07:00,919 [INFO]  Epoch[4] Time cost=0.009
2023-11-08 13:07:00,921 [INFO]  Saved checkpoint to "./imputer_model/imputer_model_disp_index14/model-0004.params"
2023-11-08 13:07:00,921 [INFO]  Epoch[4] Validation-cross-entropy=7.126272
2023-11-08 13:07:00,921 [INFO]  Epoch[4] Validation-disp_index14-accuracy=0.000000
2023-11-08 13:07:00,921 [INFO]  
========== done (0.08647561073303223 s) fit model
2023-11-08 13:20:25,898 [INFO]  
========== start: fit model
2023-11-08 13:20:25,898 [WARNING]  Already bound, ignoring bind()
2023-11-08 13:20:25,906 [INFO]  Epoch[0] Batch [0-4]	Speed: 11677.20 samples/sec	cross-entropy=17.445773	disp_index14-accuracy=3.200000
2023-11-08 13:20:25,911 [INFO]  Epoch[0] Train-cross-entropy=20.770252
2023-11-08 13:20:25,911 [INFO]  Epoch[0] Train-disp_index14-accuracy=3.250000
2023-11-08 13:20:25,911 [INFO]  Epoch[0] Time cost=0.012
2023-11-08 13:20:25,914 [INFO]  Saved checkpoint to "./imputer_model/imputer_model_disp_index14/model-0000.params"
2023-11-08 13:20:25,915 [INFO]  Epoch[0] Validation-cross-entropy=45.776230
2023-11-08 13:20:25,915 [INFO]  Epoch[0] Validation-disp_index14-accuracy=0.000000
2023-11-08 13:20:25,922 [INFO]  Epoch[1] Batch [0-4]	Speed: 13035.91 samples/sec	cross-entropy=43.081813	disp_index14-accuracy=3.200000
2023-11-08 13:20:25,926 [INFO]  Epoch[1] Train-cross-entropy=32.140531
2023-11-08 13:20:25,926 [INFO]  Epoch[1] Train-disp_index14-accuracy=3.250000
2023-11-08 13:20:25,926 [INFO]  Epoch[1] Time cost=0.010
2023-11-08 13:20:25,928 [INFO]  Saved checkpoint to "./imputer_model/imputer_model_disp_index14/model-0001.params"
2023-11-08 13:20:25,929 [INFO]  Epoch[1] Validation-cross-entropy=42.328312
2023-11-08 13:20:25,929 [INFO]  Epoch[1] Validation-disp_index14-accuracy=0.000000
2023-11-08 13:20:25,934 [INFO]  Epoch[2] Batch [0-4]	Speed: 17816.12 samples/sec	cross-entropy=8.320156	disp_index14-accuracy=3.200000
2023-11-08 13:20:25,936 [INFO]  Epoch[2] Train-cross-entropy=6.474174
2023-11-08 13:20:25,936 [INFO]  Epoch[2] Train-disp_index14-accuracy=3.250000
2023-11-08 13:20:25,937 [INFO]  Epoch[2] Time cost=0.008
2023-11-08 13:20:25,938 [INFO]  Saved checkpoint to "./imputer_model/imputer_model_disp_index14/model-0002.params"
2023-11-08 13:20:25,939 [INFO]  Epoch[2] Validation-cross-entropy=38.483154
2023-11-08 13:20:25,939 [INFO]  Epoch[2] Validation-disp_index14-accuracy=0.000000
2023-11-08 13:20:25,944 [INFO]  Epoch[3] Batch [0-4]	Speed: 14456.11 samples/sec	cross-entropy=2.543009	disp_index14-accuracy=3.200000
2023-11-08 13:20:25,948 [INFO]  Epoch[3] Train-cross-entropy=2.158732
2023-11-08 13:20:25,948 [INFO]  Epoch[3] Train-disp_index14-accuracy=3.250000
2023-11-08 13:20:25,948 [INFO]  Epoch[3] Time cost=0.009
2023-11-08 13:20:25,950 [INFO]  Saved checkpoint to "./imputer_model/imputer_model_disp_index14/model-0003.params"
2023-11-08 13:20:25,951 [INFO]  Epoch[3] Validation-cross-entropy=35.217865
2023-11-08 13:20:25,951 [INFO]  Epoch[3] Validation-disp_index14-accuracy=0.000000
2023-11-08 13:20:25,955 [INFO]  Epoch[4] Batch [0-4]	Speed: 20606.08 samples/sec	cross-entropy=1.394969	disp_index14-accuracy=3.200000
2023-11-08 13:20:25,958 [INFO]  Epoch[4] Train-cross-entropy=1.214022
2023-11-08 13:20:25,958 [INFO]  Epoch[4] Train-disp_index14-accuracy=3.250000
2023-11-08 13:20:25,958 [INFO]  Epoch[4] Time cost=0.007
2023-11-08 13:20:25,959 [INFO]  Saved checkpoint to "./imputer_model/imputer_model_disp_index14/model-0004.params"
2023-11-08 13:20:25,960 [INFO]  Epoch[4] Validation-cross-entropy=34.381203
2023-11-08 13:20:25,960 [INFO]  Epoch[4] Validation-disp_index14-accuracy=0.000000
2023-11-08 13:20:25,960 [INFO]  
========== done (0.062071800231933594 s) fit model
2023-11-08 13:33:46,799 [INFO]  
========== start: fit model
2023-11-08 13:33:46,799 [WARNING]  Already bound, ignoring bind()
2023-11-08 13:33:46,806 [INFO]  Epoch[0] Batch [0-4]	Speed: 14068.94 samples/sec	cross-entropy=26.001239	disp_index14-accuracy=0.000000
2023-11-08 13:33:46,809 [INFO]  Epoch[0] Train-cross-entropy=22.517724
2023-11-08 13:33:46,809 [INFO]  Epoch[0] Train-disp_index14-accuracy=0.000000
2023-11-08 13:33:46,809 [INFO]  Epoch[0] Time cost=0.010
2023-11-08 13:33:46,810 [INFO]  Saved checkpoint to "./imputer_model/imputer_model_disp_index14/model-0000.params"
2023-11-08 13:33:46,811 [INFO]  Epoch[0] Validation-cross-entropy=22.791107
2023-11-08 13:33:46,811 [INFO]  Epoch[0] Validation-disp_index14-accuracy=0.000000
2023-11-08 13:33:46,816 [INFO]  Epoch[1] Batch [0-4]	Speed: 15215.70 samples/sec	cross-entropy=31.201442	disp_index14-accuracy=0.000000
2023-11-08 13:33:46,820 [INFO]  Epoch[1] Train-cross-entropy=29.589737
2023-11-08 13:33:46,820 [INFO]  Epoch[1] Train-disp_index14-accuracy=0.000000
2023-11-08 13:33:46,820 [INFO]  Epoch[1] Time cost=0.009
2023-11-08 13:33:46,824 [INFO]  Saved checkpoint to "./imputer_model/imputer_model_disp_index14/model-0001.params"
2023-11-08 13:33:46,825 [INFO]  Epoch[1] Validation-cross-entropy=21.110933
2023-11-08 13:33:46,825 [INFO]  Epoch[1] Validation-disp_index14-accuracy=0.000000
2023-11-08 13:33:46,833 [INFO]  Epoch[2] Batch [0-4]	Speed: 10823.14 samples/sec	cross-entropy=7.322794	disp_index14-accuracy=0.000000
2023-11-08 13:33:46,836 [INFO]  Epoch[2] Train-cross-entropy=9.346300
2023-11-08 13:33:46,836 [INFO]  Epoch[2] Train-disp_index14-accuracy=0.000000
2023-11-08 13:33:46,836 [INFO]  Epoch[2] Time cost=0.011
2023-11-08 13:33:46,838 [INFO]  Saved checkpoint to "./imputer_model/imputer_model_disp_index14/model-0002.params"
2023-11-08 13:33:46,839 [INFO]  Epoch[2] Validation-cross-entropy=19.367130
2023-11-08 13:33:46,839 [INFO]  Epoch[2] Validation-disp_index14-accuracy=0.000000
2023-11-08 13:33:46,844 [INFO]  Epoch[3] Batch [0-4]	Speed: 15917.66 samples/sec	cross-entropy=4.453370	disp_index14-accuracy=0.000000
2023-11-08 13:33:46,848 [INFO]  Epoch[3] Train-cross-entropy=4.323843
2023-11-08 13:33:46,848 [INFO]  Epoch[3] Train-disp_index14-accuracy=0.000000
2023-11-08 13:33:46,848 [INFO]  Epoch[3] Time cost=0.009
2023-11-08 13:33:46,850 [INFO]  Saved checkpoint to "./imputer_model/imputer_model_disp_index14/model-0003.params"
2023-11-08 13:33:46,850 [INFO]  Epoch[3] Validation-cross-entropy=17.808388
2023-11-08 13:33:46,850 [INFO]  Epoch[3] Validation-disp_index14-accuracy=0.000000
2023-11-08 13:33:46,856 [INFO]  Epoch[4] Batch [0-4]	Speed: 14200.68 samples/sec	cross-entropy=3.313220	disp_index14-accuracy=0.000000
2023-11-08 13:33:46,859 [INFO]  Epoch[4] Train-cross-entropy=2.870634
2023-11-08 13:33:46,860 [INFO]  Epoch[4] Train-disp_index14-accuracy=0.000000
2023-11-08 13:33:46,860 [INFO]  Epoch[4] Time cost=0.009
2023-11-08 13:33:46,861 [INFO]  Saved checkpoint to "./imputer_model/imputer_model_disp_index14/model-0004.params"
2023-11-08 13:33:46,862 [INFO]  Epoch[4] Validation-cross-entropy=14.701807
2023-11-08 13:33:46,862 [INFO]  Epoch[4] Validation-disp_index14-accuracy=0.000000
2023-11-08 13:33:46,862 [INFO]  
========== done (0.06298565864562988 s) fit model
2023-11-08 13:47:06,611 [INFO]  
========== start: fit model
2023-11-08 13:47:06,612 [WARNING]  Already bound, ignoring bind()
2023-11-08 13:47:06,619 [INFO]  Epoch[0] Batch [0-4]	Speed: 14008.74 samples/sec	cross-entropy=20.139505	disp_index14-accuracy=0.000000
2023-11-08 13:47:06,622 [INFO]  Epoch[0] Train-cross-entropy=19.899900
2023-11-08 13:47:06,622 [INFO]  Epoch[0] Train-disp_index14-accuracy=0.000000
2023-11-08 13:47:06,622 [INFO]  Epoch[0] Time cost=0.010
2023-11-08 13:47:06,623 [INFO]  Saved checkpoint to "./imputer_model/imputer_model_disp_index14/model-0000.params"
2023-11-08 13:47:06,624 [INFO]  Epoch[0] Validation-cross-entropy=25.189346
2023-11-08 13:47:06,624 [INFO]  Epoch[0] Validation-disp_index14-accuracy=0.000000
2023-11-08 13:47:06,630 [INFO]  Epoch[1] Batch [0-4]	Speed: 13864.04 samples/sec	cross-entropy=44.636720	disp_index14-accuracy=0.000000
2023-11-08 13:47:06,634 [INFO]  Epoch[1] Train-cross-entropy=34.787288
2023-11-08 13:47:06,634 [INFO]  Epoch[1] Train-disp_index14-accuracy=0.000000
2023-11-08 13:47:06,634 [INFO]  Epoch[1] Time cost=0.010
2023-11-08 13:47:06,638 [INFO]  Saved checkpoint to "./imputer_model/imputer_model_disp_index14/model-0001.params"
2023-11-08 13:47:06,639 [INFO]  Epoch[1] Validation-cross-entropy=32.978149
2023-11-08 13:47:06,639 [INFO]  Epoch[1] Validation-disp_index14-accuracy=0.000000
2023-11-08 13:47:06,646 [INFO]  Epoch[2] Batch [0-4]	Speed: 10845.00 samples/sec	cross-entropy=5.850284	disp_index14-accuracy=0.000000
2023-11-08 13:47:06,650 [INFO]  Epoch[2] Train-cross-entropy=6.182742
2023-11-08 13:47:06,651 [INFO]  Epoch[2] Train-disp_index14-accuracy=0.000000
2023-11-08 13:47:06,651 [INFO]  Epoch[2] Time cost=0.012
2023-11-08 13:47:06,653 [INFO]  Saved checkpoint to "./imputer_model/imputer_model_disp_index14/model-0002.params"
2023-11-08 13:47:06,654 [INFO]  Epoch[2] Validation-cross-entropy=33.921890
2023-11-08 13:47:06,654 [INFO]  Epoch[2] Validation-disp_index14-accuracy=0.000000
2023-11-08 13:47:06,660 [INFO]  Epoch[3] Batch [0-4]	Speed: 14442.11 samples/sec	cross-entropy=4.465232	disp_index14-accuracy=0.000000
2023-11-08 13:47:06,663 [INFO]  Epoch[3] Train-cross-entropy=3.761216
2023-11-08 13:47:06,663 [INFO]  Epoch[3] Train-disp_index14-accuracy=0.000000
2023-11-08 13:47:06,663 [INFO]  Epoch[3] Time cost=0.009
2023-11-08 13:47:06,665 [INFO]  Saved checkpoint to "./imputer_model/imputer_model_disp_index14/model-0003.params"
2023-11-08 13:47:06,665 [INFO]  Epoch[3] Validation-cross-entropy=23.514984
2023-11-08 13:47:06,665 [INFO]  Epoch[3] Validation-disp_index14-accuracy=0.000000
2023-11-08 13:47:06,673 [INFO]  Epoch[4] Batch [0-4]	Speed: 10008.78 samples/sec	cross-entropy=2.176251	disp_index14-accuracy=0.000000
2023-11-08 13:47:06,678 [INFO]  Epoch[4] Train-cross-entropy=1.923592
2023-11-08 13:47:06,678 [INFO]  Epoch[4] Train-disp_index14-accuracy=0.000000
2023-11-08 13:47:06,678 [INFO]  Epoch[4] Time cost=0.013
2023-11-08 13:47:06,681 [INFO]  Saved checkpoint to "./imputer_model/imputer_model_disp_index14/model-0004.params"
2023-11-08 13:47:06,682 [INFO]  Epoch[4] Validation-cross-entropy=21.579090
2023-11-08 13:47:06,682 [INFO]  Epoch[4] Validation-disp_index14-accuracy=0.000000
2023-11-08 13:47:06,682 [INFO]  
========== done (0.0703275203704834 s) fit model
2023-11-08 14:00:29,305 [INFO]  
========== start: fit model
2023-11-08 14:00:29,305 [WARNING]  Already bound, ignoring bind()
2023-11-08 14:00:29,312 [INFO]  Epoch[0] Batch [0-4]	Speed: 14046.12 samples/sec	cross-entropy=16.007668	disp_index14-accuracy=4.000000
2023-11-08 14:00:29,315 [INFO]  Epoch[0] Train-cross-entropy=20.828146
2023-11-08 14:00:29,315 [INFO]  Epoch[0] Train-disp_index14-accuracy=3.875000
2023-11-08 14:00:29,315 [INFO]  Epoch[0] Time cost=0.010
2023-11-08 14:00:29,316 [INFO]  Saved checkpoint to "./imputer_model/imputer_model_disp_index14/model-0000.params"
2023-11-08 14:00:29,317 [INFO]  Epoch[0] Validation-cross-entropy=10.673358
2023-11-08 14:00:29,317 [INFO]  Epoch[0] Validation-disp_index14-accuracy=0.000000
2023-11-08 14:00:29,322 [INFO]  Epoch[1] Batch [0-4]	Speed: 15621.24 samples/sec	cross-entropy=42.247411	disp_index14-accuracy=4.000000
2023-11-08 14:00:29,326 [INFO]  Epoch[1] Train-cross-entropy=35.970432
2023-11-08 14:00:29,326 [INFO]  Epoch[1] Train-disp_index14-accuracy=3.875000
2023-11-08 14:00:29,326 [INFO]  Epoch[1] Time cost=0.009
2023-11-08 14:00:29,327 [INFO]  Saved checkpoint to "./imputer_model/imputer_model_disp_index14/model-0001.params"
2023-11-08 14:00:29,327 [INFO]  Epoch[1] Validation-cross-entropy=9.795316
2023-11-08 14:00:29,327 [INFO]  Epoch[1] Validation-disp_index14-accuracy=0.000000
2023-11-08 14:00:29,332 [INFO]  Epoch[2] Batch [0-4]	Speed: 16788.76 samples/sec	cross-entropy=5.223385	disp_index14-accuracy=4.000000
2023-11-08 14:00:29,335 [INFO]  Epoch[2] Train-cross-entropy=5.804282
2023-11-08 14:00:29,335 [INFO]  Epoch[2] Train-disp_index14-accuracy=3.875000
2023-11-08 14:00:29,335 [INFO]  Epoch[2] Time cost=0.008
2023-11-08 14:00:29,337 [INFO]  Saved checkpoint to "./imputer_model/imputer_model_disp_index14/model-0002.params"
2023-11-08 14:00:29,337 [INFO]  Epoch[2] Validation-cross-entropy=10.584437
2023-11-08 14:00:29,337 [INFO]  Epoch[2] Validation-disp_index14-accuracy=0.000000
2023-11-08 14:00:29,342 [INFO]  Epoch[3] Batch [0-4]	Speed: 17626.60 samples/sec	cross-entropy=3.236254	disp_index14-accuracy=4.000000
2023-11-08 14:00:29,345 [INFO]  Epoch[3] Train-cross-entropy=3.342465
2023-11-08 14:00:29,345 [INFO]  Epoch[3] Train-disp_index14-accuracy=3.875000
2023-11-08 14:00:29,346 [INFO]  Epoch[3] Time cost=0.008
2023-11-08 14:00:29,348 [INFO]  Saved checkpoint to "./imputer_model/imputer_model_disp_index14/model-0003.params"
2023-11-08 14:00:29,349 [INFO]  Epoch[3] Validation-cross-entropy=9.396369
2023-11-08 14:00:29,349 [INFO]  Epoch[3] Validation-disp_index14-accuracy=0.000000
2023-11-08 14:00:29,358 [INFO]  Epoch[4] Batch [0-4]	Speed: 9757.03 samples/sec	cross-entropy=1.763181	disp_index14-accuracy=4.000000
2023-11-08 14:00:29,361 [INFO]  Epoch[4] Train-cross-entropy=1.619408
2023-11-08 14:00:29,361 [INFO]  Epoch[4] Train-disp_index14-accuracy=3.875000
2023-11-08 14:00:29,361 [INFO]  Epoch[4] Time cost=0.012
2023-11-08 14:00:29,363 [INFO]  Saved checkpoint to "./imputer_model/imputer_model_disp_index14/model-0004.params"
2023-11-08 14:00:29,364 [INFO]  Epoch[4] Validation-cross-entropy=8.242314
2023-11-08 14:00:29,364 [INFO]  Epoch[4] Validation-disp_index14-accuracy=0.000000
2023-11-08 14:00:29,364 [INFO]  
========== done (0.059270381927490234 s) fit model
2023-11-08 14:13:54,507 [INFO]  
========== start: fit model
2023-11-08 14:13:54,507 [WARNING]  Already bound, ignoring bind()
2023-11-08 14:13:54,514 [INFO]  Epoch[0] Batch [0-4]	Speed: 14269.37 samples/sec	cross-entropy=35.810304	disp_index14-accuracy=3.000000
2023-11-08 14:13:54,517 [INFO]  Epoch[0] Train-cross-entropy=35.256878
2023-11-08 14:13:54,517 [INFO]  Epoch[0] Train-disp_index14-accuracy=3.125000
2023-11-08 14:13:54,517 [INFO]  Epoch[0] Time cost=0.010
2023-11-08 14:13:54,518 [INFO]  Saved checkpoint to "./imputer_model/imputer_model_disp_index14/model-0000.params"
2023-11-08 14:13:54,519 [INFO]  Epoch[0] Validation-cross-entropy=16.460485
2023-11-08 14:13:54,519 [INFO]  Epoch[0] Validation-disp_index14-accuracy=0.000000
2023-11-08 14:13:54,524 [INFO]  Epoch[1] Batch [0-4]	Speed: 14998.07 samples/sec	cross-entropy=48.192924	disp_index14-accuracy=3.000000
2023-11-08 14:13:54,528 [INFO]  Epoch[1] Train-cross-entropy=52.407402
2023-11-08 14:13:54,528 [INFO]  Epoch[1] Train-disp_index14-accuracy=3.125000
2023-11-08 14:13:54,528 [INFO]  Epoch[1] Time cost=0.009
2023-11-08 14:13:54,532 [INFO]  Saved checkpoint to "./imputer_model/imputer_model_disp_index14/model-0001.params"
2023-11-08 14:13:54,532 [INFO]  Epoch[1] Validation-cross-entropy=22.604282
2023-11-08 14:13:54,533 [INFO]  Epoch[1] Validation-disp_index14-accuracy=0.000000
2023-11-08 14:13:54,539 [INFO]  Epoch[2] Batch [0-4]	Speed: 13362.31 samples/sec	cross-entropy=16.437144	disp_index14-accuracy=3.000000
2023-11-08 14:13:54,542 [INFO]  Epoch[2] Train-cross-entropy=12.157416
2023-11-08 14:13:54,542 [INFO]  Epoch[2] Train-disp_index14-accuracy=3.125000
2023-11-08 14:13:54,542 [INFO]  Epoch[2] Time cost=0.010
2023-11-08 14:13:54,544 [INFO]  Saved checkpoint to "./imputer_model/imputer_model_disp_index14/model-0002.params"
2023-11-08 14:13:54,545 [INFO]  Epoch[2] Validation-cross-entropy=7.487945
2023-11-08 14:13:54,545 [INFO]  Epoch[2] Validation-disp_index14-accuracy=0.000000
2023-11-08 14:13:54,550 [INFO]  Epoch[3] Batch [0-4]	Speed: 17083.65 samples/sec	cross-entropy=4.689726	disp_index14-accuracy=3.000000
2023-11-08 14:13:54,553 [INFO]  Epoch[3] Train-cross-entropy=4.611853
2023-11-08 14:13:54,553 [INFO]  Epoch[3] Train-disp_index14-accuracy=3.125000
2023-11-08 14:13:54,553 [INFO]  Epoch[3] Time cost=0.008
2023-11-08 14:13:54,554 [INFO]  Saved checkpoint to "./imputer_model/imputer_model_disp_index14/model-0003.params"
2023-11-08 14:13:54,555 [INFO]  Epoch[3] Validation-cross-entropy=9.475513
2023-11-08 14:13:54,555 [INFO]  Epoch[3] Validation-disp_index14-accuracy=0.000000
2023-11-08 14:13:54,559 [INFO]  Epoch[4] Batch [0-4]	Speed: 18178.06 samples/sec	cross-entropy=1.964933	disp_index14-accuracy=3.000000
2023-11-08 14:13:54,562 [INFO]  Epoch[4] Train-cross-entropy=2.002289
2023-11-08 14:13:54,562 [INFO]  Epoch[4] Train-disp_index14-accuracy=3.125000
2023-11-08 14:13:54,562 [INFO]  Epoch[4] Time cost=0.007
2023-11-08 14:13:54,564 [INFO]  Saved checkpoint to "./imputer_model/imputer_model_disp_index14/model-0004.params"
2023-11-08 14:13:54,564 [INFO]  Epoch[4] Validation-cross-entropy=9.123252
2023-11-08 14:13:54,564 [INFO]  Epoch[4] Validation-disp_index14-accuracy=0.000000
2023-11-08 14:13:54,564 [INFO]  
========== done (0.05737709999084473 s) fit model
2023-11-08 14:27:30,417 [INFO]  
========== start: fit model
2023-11-08 14:27:30,417 [WARNING]  Already bound, ignoring bind()
2023-11-08 14:27:30,424 [INFO]  Epoch[0] Batch [0-4]	Speed: 13816.23 samples/sec	cross-entropy=25.250682	disp_index14-accuracy=2.000000
2023-11-08 14:27:30,428 [INFO]  Epoch[0] Train-cross-entropy=21.210442
2023-11-08 14:27:30,428 [INFO]  Epoch[0] Train-disp_index14-accuracy=2.750000
2023-11-08 14:27:30,428 [INFO]  Epoch[0] Time cost=0.010
2023-11-08 14:27:30,429 [INFO]  Saved checkpoint to "./imputer_model/imputer_model_disp_index14/model-0000.params"
2023-11-08 14:27:30,430 [INFO]  Epoch[0] Validation-cross-entropy=61.899822
2023-11-08 14:27:30,430 [INFO]  Epoch[0] Validation-disp_index14-accuracy=0.000000
2023-11-08 14:27:30,437 [INFO]  Epoch[1] Batch [0-4]	Speed: 10226.89 samples/sec	cross-entropy=31.440462	disp_index14-accuracy=2.000000
2023-11-08 14:27:30,442 [INFO]  Epoch[1] Train-cross-entropy=25.018800
2023-11-08 14:27:30,443 [INFO]  Epoch[1] Train-disp_index14-accuracy=2.750000
2023-11-08 14:27:30,443 [INFO]  Epoch[1] Time cost=0.013
2023-11-08 14:27:30,445 [INFO]  Saved checkpoint to "./imputer_model/imputer_model_disp_index14/model-0001.params"
2023-11-08 14:27:30,446 [INFO]  Epoch[1] Validation-cross-entropy=66.009705
2023-11-08 14:27:30,446 [INFO]  Epoch[1] Validation-disp_index14-accuracy=0.000000
2023-11-08 14:27:30,451 [INFO]  Epoch[2] Batch [0-4]	Speed: 16509.96 samples/sec	cross-entropy=9.081833	disp_index14-accuracy=2.000000
2023-11-08 14:27:30,454 [INFO]  Epoch[2] Train-cross-entropy=6.637145
2023-11-08 14:27:30,454 [INFO]  Epoch[2] Train-disp_index14-accuracy=2.750000
2023-11-08 14:27:30,454 [INFO]  Epoch[2] Time cost=0.008
2023-11-08 14:27:30,456 [INFO]  Saved checkpoint to "./imputer_model/imputer_model_disp_index14/model-0002.params"
2023-11-08 14:27:30,456 [INFO]  Epoch[2] Validation-cross-entropy=47.580757
2023-11-08 14:27:30,456 [INFO]  Epoch[2] Validation-disp_index14-accuracy=0.000000
2023-11-08 14:27:30,461 [INFO]  Epoch[3] Batch [0-4]	Speed: 19460.31 samples/sec	cross-entropy=4.229873	disp_index14-accuracy=2.000000
2023-11-08 14:27:30,463 [INFO]  Epoch[3] Train-cross-entropy=3.262473
2023-11-08 14:27:30,463 [INFO]  Epoch[3] Train-disp_index14-accuracy=2.750000
2023-11-08 14:27:30,463 [INFO]  Epoch[3] Time cost=0.007
2023-11-08 14:27:30,465 [INFO]  Saved checkpoint to "./imputer_model/imputer_model_disp_index14/model-0003.params"
2023-11-08 14:27:30,465 [INFO]  Epoch[3] Validation-cross-entropy=52.234428
2023-11-08 14:27:30,465 [INFO]  Epoch[3] Validation-disp_index14-accuracy=0.000000
2023-11-08 14:27:30,470 [INFO]  Epoch[4] Batch [0-4]	Speed: 18368.38 samples/sec	cross-entropy=1.168094	disp_index14-accuracy=2.000000
2023-11-08 14:27:30,473 [INFO]  Epoch[4] Train-cross-entropy=0.932931
2023-11-08 14:27:30,473 [INFO]  Epoch[4] Train-disp_index14-accuracy=2.750000
2023-11-08 14:27:30,473 [INFO]  Epoch[4] Time cost=0.008
2023-11-08 14:27:30,476 [INFO]  Saved checkpoint to "./imputer_model/imputer_model_disp_index14/model-0004.params"
2023-11-08 14:27:30,476 [INFO]  Epoch[4] Validation-cross-entropy=52.672375
2023-11-08 14:27:30,476 [INFO]  Epoch[4] Validation-disp_index14-accuracy=0.000000
2023-11-08 14:27:30,477 [INFO]  
========== done (0.05925250053405762 s) fit model
2023-11-08 14:41:31,884 [INFO]  
========== start: fit model
2023-11-08 14:41:31,884 [WARNING]  Already bound, ignoring bind()
2023-11-08 14:41:31,891 [INFO]  Epoch[0] Batch [0-4]	Speed: 13718.08 samples/sec	cross-entropy=18.663323	disp_index14-accuracy=3.600000
2023-11-08 14:41:31,895 [INFO]  Epoch[0] Train-cross-entropy=16.552733
2023-11-08 14:41:31,895 [INFO]  Epoch[0] Train-disp_index14-accuracy=3.125000
2023-11-08 14:41:31,895 [INFO]  Epoch[0] Time cost=0.010
2023-11-08 14:41:31,896 [INFO]  Saved checkpoint to "./imputer_model/imputer_model_disp_index14/model-0000.params"
2023-11-08 14:41:31,897 [INFO]  Epoch[0] Validation-cross-entropy=78.440430
2023-11-08 14:41:31,897 [INFO]  Epoch[0] Validation-disp_index14-accuracy=0.000000
2023-11-08 14:41:31,905 [INFO]  Epoch[1] Batch [0-4]	Speed: 10769.73 samples/sec	cross-entropy=41.679346	disp_index14-accuracy=3.600000
2023-11-08 14:41:31,909 [INFO]  Epoch[1] Train-cross-entropy=29.340427
2023-11-08 14:41:31,909 [INFO]  Epoch[1] Train-disp_index14-accuracy=3.125000
2023-11-08 14:41:31,909 [INFO]  Epoch[1] Time cost=0.013
2023-11-08 14:41:31,912 [INFO]  Saved checkpoint to "./imputer_model/imputer_model_disp_index14/model-0001.params"
2023-11-08 14:41:31,913 [INFO]  Epoch[1] Validation-cross-entropy=38.727959
2023-11-08 14:41:31,913 [INFO]  Epoch[1] Validation-disp_index14-accuracy=0.000000
2023-11-08 14:41:31,919 [INFO]  Epoch[2] Batch [0-4]	Speed: 13147.00 samples/sec	cross-entropy=6.216931	disp_index14-accuracy=3.600000
2023-11-08 14:41:31,923 [INFO]  Epoch[2] Train-cross-entropy=5.267171
2023-11-08 14:41:31,923 [INFO]  Epoch[2] Train-disp_index14-accuracy=3.125000
2023-11-08 14:41:31,923 [INFO]  Epoch[2] Time cost=0.010
2023-11-08 14:41:31,925 [INFO]  Saved checkpoint to "./imputer_model/imputer_model_disp_index14/model-0002.params"
2023-11-08 14:41:31,925 [INFO]  Epoch[2] Validation-cross-entropy=24.649729
2023-11-08 14:41:31,925 [INFO]  Epoch[2] Validation-disp_index14-accuracy=0.000000
2023-11-08 14:41:31,931 [INFO]  Epoch[3] Batch [0-4]	Speed: 13634.47 samples/sec	cross-entropy=1.835285	disp_index14-accuracy=3.600000
2023-11-08 14:41:31,935 [INFO]  Epoch[3] Train-cross-entropy=1.547520
2023-11-08 14:41:31,935 [INFO]  Epoch[3] Train-disp_index14-accuracy=3.125000
2023-11-08 14:41:31,935 [INFO]  Epoch[3] Time cost=0.010
2023-11-08 14:41:31,937 [INFO]  Saved checkpoint to "./imputer_model/imputer_model_disp_index14/model-0003.params"
2023-11-08 14:41:31,937 [INFO]  Epoch[3] Validation-cross-entropy=24.362349
2023-11-08 14:41:31,937 [INFO]  Epoch[3] Validation-disp_index14-accuracy=0.000000
2023-11-08 14:41:31,943 [INFO]  Epoch[4] Batch [0-4]	Speed: 13806.28 samples/sec	cross-entropy=1.156998	disp_index14-accuracy=3.600000
2023-11-08 14:41:31,947 [INFO]  Epoch[4] Train-cross-entropy=0.913370
2023-11-08 14:41:31,947 [INFO]  Epoch[4] Train-disp_index14-accuracy=3.125000
2023-11-08 14:41:31,947 [INFO]  Epoch[4] Time cost=0.010
2023-11-08 14:41:31,949 [INFO]  Saved checkpoint to "./imputer_model/imputer_model_disp_index14/model-0004.params"
2023-11-08 14:41:31,950 [INFO]  Epoch[4] Validation-cross-entropy=25.958324
2023-11-08 14:41:31,950 [INFO]  Epoch[4] Validation-disp_index14-accuracy=0.000000
2023-11-08 14:41:31,950 [INFO]  
========== done (0.06593036651611328 s) fit model
2023-11-08 14:55:36,869 [INFO]  
========== start: fit model
2023-11-08 14:55:36,869 [WARNING]  Already bound, ignoring bind()
2023-11-08 14:55:36,876 [INFO]  Epoch[0] Batch [0-4]	Speed: 14005.82 samples/sec	cross-entropy=32.241512	disp_index14-accuracy=2.800000
2023-11-08 14:55:36,880 [INFO]  Epoch[0] Train-cross-entropy=27.163539
2023-11-08 14:55:36,880 [INFO]  Epoch[0] Train-disp_index14-accuracy=3.375000
2023-11-08 14:55:36,880 [INFO]  Epoch[0] Time cost=0.010
2023-11-08 14:55:36,881 [INFO]  Saved checkpoint to "./imputer_model/imputer_model_disp_index14/model-0000.params"
2023-11-08 14:55:36,882 [INFO]  Epoch[0] Validation-cross-entropy=19.217699
2023-11-08 14:55:36,882 [INFO]  Epoch[0] Validation-disp_index14-accuracy=0.000000
2023-11-08 14:55:36,894 [INFO]  Epoch[1] Batch [0-4]	Speed: 5882.23 samples/sec	cross-entropy=32.544280	disp_index14-accuracy=2.800000
2023-11-08 14:55:36,897 [INFO]  Epoch[1] Train-cross-entropy=39.197664
2023-11-08 14:55:36,897 [INFO]  Epoch[1] Train-disp_index14-accuracy=3.375000
2023-11-08 14:55:36,897 [INFO]  Epoch[1] Time cost=0.015
2023-11-08 14:55:36,898 [INFO]  Saved checkpoint to "./imputer_model/imputer_model_disp_index14/model-0001.params"
2023-11-08 14:55:36,898 [INFO]  Epoch[1] Validation-cross-entropy=16.609545
2023-11-08 14:55:36,899 [INFO]  Epoch[1] Validation-disp_index14-accuracy=0.000000
2023-11-08 14:55:36,907 [INFO]  Epoch[2] Batch [0-4]	Speed: 15843.44 samples/sec	cross-entropy=8.614619	disp_index14-accuracy=2.800000
2023-11-08 14:55:36,911 [INFO]  Epoch[2] Train-cross-entropy=7.424548
2023-11-08 14:55:36,911 [INFO]  Epoch[2] Train-disp_index14-accuracy=3.375000
2023-11-08 14:55:36,911 [INFO]  Epoch[2] Time cost=0.012
2023-11-08 14:55:36,913 [INFO]  Saved checkpoint to "./imputer_model/imputer_model_disp_index14/model-0002.params"
2023-11-08 14:55:36,913 [INFO]  Epoch[2] Validation-cross-entropy=9.387359
2023-11-08 14:55:36,913 [INFO]  Epoch[2] Validation-disp_index14-accuracy=0.000000
2023-11-08 14:55:36,919 [INFO]  Epoch[3] Batch [0-4]	Speed: 13662.23 samples/sec	cross-entropy=7.699813	disp_index14-accuracy=2.800000
2023-11-08 14:55:36,923 [INFO]  Epoch[3] Train-cross-entropy=5.437914
2023-11-08 14:55:36,923 [INFO]  Epoch[3] Train-disp_index14-accuracy=3.375000
2023-11-08 14:55:36,923 [INFO]  Epoch[3] Time cost=0.010
2023-11-08 14:55:36,925 [INFO]  Saved checkpoint to "./imputer_model/imputer_model_disp_index14/model-0003.params"
2023-11-08 14:55:36,926 [INFO]  Epoch[3] Validation-cross-entropy=10.089186
2023-11-08 14:55:36,926 [INFO]  Epoch[3] Validation-disp_index14-accuracy=0.000000
2023-11-08 14:55:36,932 [INFO]  Epoch[4] Batch [0-4]	Speed: 13744.78 samples/sec	cross-entropy=3.595193	disp_index14-accuracy=2.800000
2023-11-08 14:55:36,935 [INFO]  Epoch[4] Train-cross-entropy=2.676106
2023-11-08 14:55:36,935 [INFO]  Epoch[4] Train-disp_index14-accuracy=3.375000
2023-11-08 14:55:36,935 [INFO]  Epoch[4] Time cost=0.010
2023-11-08 14:55:36,937 [INFO]  Saved checkpoint to "./imputer_model/imputer_model_disp_index14/model-0004.params"
2023-11-08 14:55:36,938 [INFO]  Epoch[4] Validation-cross-entropy=10.988796
2023-11-08 14:55:36,938 [INFO]  Epoch[4] Validation-disp_index14-accuracy=0.000000
2023-11-08 14:55:36,938 [INFO]  
========== done (0.0690603256225586 s) fit model
