2023-11-08 12:33:23,073 [INFO]  
========== start: fit model
2023-11-08 12:33:23,073 [WARNING]  Already bound, ignoring bind()
2023-11-08 12:33:23,080 [INFO]  Epoch[0] Batch [0-4]	Speed: 14087.40 samples/sec	cross-entropy=26.098662	num_of_pendown4-accuracy=3.200000
2023-11-08 12:33:23,084 [INFO]  Epoch[0] Train-cross-entropy=21.665479
2023-11-08 12:33:23,084 [INFO]  Epoch[0] Train-num_of_pendown4-accuracy=4.000000
2023-11-08 12:33:23,085 [INFO]  Epoch[0] Time cost=0.010
2023-11-08 12:33:23,088 [INFO]  Saved checkpoint to "./imputer_model/imputer_model_num_of_pendown4/model-0000.params"
2023-11-08 12:33:23,089 [INFO]  Epoch[0] Validation-cross-entropy=23.369612
2023-11-08 12:33:23,089 [INFO]  Epoch[0] Validation-num_of_pendown4-accuracy=0.000000
2023-11-08 12:33:23,095 [INFO]  Epoch[1] Batch [0-4]	Speed: 12966.64 samples/sec	cross-entropy=47.361990	num_of_pendown4-accuracy=3.200000
2023-11-08 12:33:23,099 [INFO]  Epoch[1] Train-cross-entropy=36.870221
2023-11-08 12:33:23,100 [INFO]  Epoch[1] Train-num_of_pendown4-accuracy=4.000000
2023-11-08 12:33:23,100 [INFO]  Epoch[1] Time cost=0.011
2023-11-08 12:33:23,102 [INFO]  Saved checkpoint to "./imputer_model/imputer_model_num_of_pendown4/model-0001.params"
2023-11-08 12:33:23,103 [INFO]  Epoch[1] Validation-cross-entropy=6.718502
2023-11-08 12:33:23,103 [INFO]  Epoch[1] Validation-num_of_pendown4-accuracy=0.000000
2023-11-08 12:33:23,109 [INFO]  Epoch[2] Batch [0-4]	Speed: 13821.92 samples/sec	cross-entropy=13.799892	num_of_pendown4-accuracy=3.200000
2023-11-08 12:33:23,112 [INFO]  Epoch[2] Train-cross-entropy=10.083072
2023-11-08 12:33:23,113 [INFO]  Epoch[2] Train-num_of_pendown4-accuracy=4.000000
2023-11-08 12:33:23,113 [INFO]  Epoch[2] Time cost=0.010
2023-11-08 12:33:23,114 [INFO]  Saved checkpoint to "./imputer_model/imputer_model_num_of_pendown4/model-0002.params"
2023-11-08 12:33:23,115 [INFO]  Epoch[2] Validation-cross-entropy=2.353798
2023-11-08 12:33:23,115 [INFO]  Epoch[2] Validation-num_of_pendown4-accuracy=0.000000
2023-11-08 12:33:23,121 [INFO]  Epoch[3] Batch [0-4]	Speed: 13286.91 samples/sec	cross-entropy=10.896604	num_of_pendown4-accuracy=3.200000
2023-11-08 12:33:23,125 [INFO]  Epoch[3] Train-cross-entropy=7.485372
2023-11-08 12:33:23,125 [INFO]  Epoch[3] Train-num_of_pendown4-accuracy=4.000000
2023-11-08 12:33:23,125 [INFO]  Epoch[3] Time cost=0.011
2023-11-08 12:33:23,128 [INFO]  Saved checkpoint to "./imputer_model/imputer_model_num_of_pendown4/model-0003.params"
2023-11-08 12:33:23,129 [INFO]  Epoch[3] Validation-cross-entropy=2.122534
2023-11-08 12:33:23,129 [INFO]  Epoch[3] Validation-num_of_pendown4-accuracy=0.000000
2023-11-08 12:33:23,137 [INFO]  Epoch[4] Batch [0-4]	Speed: 11096.50 samples/sec	cross-entropy=2.879562	num_of_pendown4-accuracy=3.200000
2023-11-08 12:33:23,141 [INFO]  Epoch[4] Train-cross-entropy=2.515175
2023-11-08 12:33:23,141 [INFO]  Epoch[4] Train-num_of_pendown4-accuracy=4.000000
2023-11-08 12:33:23,141 [INFO]  Epoch[4] Time cost=0.012
2023-11-08 12:33:23,143 [INFO]  Saved checkpoint to "./imputer_model/imputer_model_num_of_pendown4/model-0004.params"
2023-11-08 12:33:23,144 [INFO]  Epoch[4] Validation-cross-entropy=2.244168
2023-11-08 12:33:23,144 [INFO]  Epoch[4] Validation-num_of_pendown4-accuracy=0.000000
2023-11-08 12:33:23,144 [INFO]  
========== done (0.07068467140197754 s) fit model
2023-11-08 13:04:26,214 [INFO]  
========== start: fit model
2023-11-08 13:04:26,214 [WARNING]  Already bound, ignoring bind()
2023-11-08 13:04:26,228 [INFO]  Epoch[0] Batch [0-4]	Speed: 10835.81 samples/sec	cross-entropy=14.258222	num_of_pendown4-accuracy=0.000000
2023-11-08 13:04:26,233 [INFO]  Epoch[0] Train-cross-entropy=18.923578
2023-11-08 13:04:26,233 [INFO]  Epoch[0] Train-num_of_pendown4-accuracy=0.000000
2023-11-08 13:04:26,233 [INFO]  Epoch[0] Time cost=0.018
2023-11-08 13:04:26,236 [INFO]  Saved checkpoint to "./imputer_model/imputer_model_num_of_pendown4/model-0000.params"
2023-11-08 13:04:26,237 [INFO]  Epoch[0] Validation-cross-entropy=7.780151
2023-11-08 13:04:26,237 [INFO]  Epoch[0] Validation-num_of_pendown4-accuracy=0.000000
2023-11-08 13:04:26,242 [INFO]  Epoch[1] Batch [0-4]	Speed: 16059.55 samples/sec	cross-entropy=24.783580	num_of_pendown4-accuracy=0.000000
2023-11-08 13:04:26,245 [INFO]  Epoch[1] Train-cross-entropy=20.838728
2023-11-08 13:04:26,245 [INFO]  Epoch[1] Train-num_of_pendown4-accuracy=0.000000
2023-11-08 13:04:26,245 [INFO]  Epoch[1] Time cost=0.008
2023-11-08 13:04:26,247 [INFO]  Saved checkpoint to "./imputer_model/imputer_model_num_of_pendown4/model-0001.params"
2023-11-08 13:04:26,247 [INFO]  Epoch[1] Validation-cross-entropy=1.159414
2023-11-08 13:04:26,248 [INFO]  Epoch[1] Validation-num_of_pendown4-accuracy=0.000000
2023-11-08 13:04:26,252 [INFO]  Epoch[2] Batch [0-4]	Speed: 17272.73 samples/sec	cross-entropy=6.158937	num_of_pendown4-accuracy=0.000000
2023-11-08 13:04:26,255 [INFO]  Epoch[2] Train-cross-entropy=5.487029
2023-11-08 13:04:26,255 [INFO]  Epoch[2] Train-num_of_pendown4-accuracy=0.000000
2023-11-08 13:04:26,255 [INFO]  Epoch[2] Time cost=0.008
2023-11-08 13:04:26,257 [INFO]  Saved checkpoint to "./imputer_model/imputer_model_num_of_pendown4/model-0002.params"
2023-11-08 13:04:26,257 [INFO]  Epoch[2] Validation-cross-entropy=10.122926
2023-11-08 13:04:26,257 [INFO]  Epoch[2] Validation-num_of_pendown4-accuracy=0.000000
2023-11-08 13:04:26,262 [INFO]  Epoch[3] Batch [0-4]	Speed: 18435.23 samples/sec	cross-entropy=5.106442	num_of_pendown4-accuracy=0.000000
2023-11-08 13:04:26,264 [INFO]  Epoch[3] Train-cross-entropy=3.945149
2023-11-08 13:04:26,264 [INFO]  Epoch[3] Train-num_of_pendown4-accuracy=0.000000
2023-11-08 13:04:26,264 [INFO]  Epoch[3] Time cost=0.007
2023-11-08 13:04:26,266 [INFO]  Saved checkpoint to "./imputer_model/imputer_model_num_of_pendown4/model-0003.params"
2023-11-08 13:04:26,266 [INFO]  Epoch[3] Validation-cross-entropy=2.739817
2023-11-08 13:04:26,266 [INFO]  Epoch[3] Validation-num_of_pendown4-accuracy=0.000000
2023-11-08 13:04:26,270 [INFO]  Epoch[4] Batch [0-4]	Speed: 22004.71 samples/sec	cross-entropy=2.017075	num_of_pendown4-accuracy=0.000000
2023-11-08 13:04:26,272 [INFO]  Epoch[4] Train-cross-entropy=1.781594
2023-11-08 13:04:26,272 [INFO]  Epoch[4] Train-num_of_pendown4-accuracy=0.000000
2023-11-08 13:04:26,272 [INFO]  Epoch[4] Time cost=0.006
2023-11-08 13:04:26,274 [INFO]  Saved checkpoint to "./imputer_model/imputer_model_num_of_pendown4/model-0004.params"
2023-11-08 13:04:26,274 [INFO]  Epoch[4] Validation-cross-entropy=1.799928
2023-11-08 13:04:26,274 [INFO]  Epoch[4] Validation-num_of_pendown4-accuracy=0.000000
2023-11-08 13:04:26,274 [INFO]  
========== done (0.06038641929626465 s) fit model
2023-11-08 13:17:53,529 [INFO]  
========== start: fit model
2023-11-08 13:17:53,529 [WARNING]  Already bound, ignoring bind()
2023-11-08 13:17:53,536 [INFO]  Epoch[0] Batch [0-4]	Speed: 14192.42 samples/sec	cross-entropy=9.724001	num_of_pendown4-accuracy=0.000000
2023-11-08 13:17:53,540 [INFO]  Epoch[0] Train-cross-entropy=18.610945
2023-11-08 13:17:53,540 [INFO]  Epoch[0] Train-num_of_pendown4-accuracy=0.000000
2023-11-08 13:17:53,540 [INFO]  Epoch[0] Time cost=0.010
2023-11-08 13:17:53,541 [INFO]  Saved checkpoint to "./imputer_model/imputer_model_num_of_pendown4/model-0000.params"
2023-11-08 13:17:53,541 [INFO]  Epoch[0] Validation-cross-entropy=32.395725
2023-11-08 13:17:53,542 [INFO]  Epoch[0] Validation-num_of_pendown4-accuracy=0.000000
2023-11-08 13:17:53,549 [INFO]  Epoch[1] Batch [0-4]	Speed: 10260.90 samples/sec	cross-entropy=47.501997	num_of_pendown4-accuracy=0.000000
2023-11-08 13:17:53,554 [INFO]  Epoch[1] Train-cross-entropy=35.954944
2023-11-08 13:17:53,554 [INFO]  Epoch[1] Train-num_of_pendown4-accuracy=0.000000
2023-11-08 13:17:53,554 [INFO]  Epoch[1] Time cost=0.013
2023-11-08 13:17:53,558 [INFO]  Saved checkpoint to "./imputer_model/imputer_model_num_of_pendown4/model-0001.params"
2023-11-08 13:17:53,559 [INFO]  Epoch[1] Validation-cross-entropy=7.692241
2023-11-08 13:17:53,560 [INFO]  Epoch[1] Validation-num_of_pendown4-accuracy=0.000000
2023-11-08 13:17:53,566 [INFO]  Epoch[2] Batch [0-4]	Speed: 15093.36 samples/sec	cross-entropy=5.822550	num_of_pendown4-accuracy=0.000000
2023-11-08 13:17:53,569 [INFO]  Epoch[2] Train-cross-entropy=4.913981
2023-11-08 13:17:53,569 [INFO]  Epoch[2] Train-num_of_pendown4-accuracy=0.000000
2023-11-08 13:17:53,569 [INFO]  Epoch[2] Time cost=0.010
2023-11-08 13:17:53,572 [INFO]  Saved checkpoint to "./imputer_model/imputer_model_num_of_pendown4/model-0002.params"
2023-11-08 13:17:53,572 [INFO]  Epoch[2] Validation-cross-entropy=2.629252
2023-11-08 13:17:53,572 [INFO]  Epoch[2] Validation-num_of_pendown4-accuracy=0.000000
2023-11-08 13:17:53,578 [INFO]  Epoch[3] Batch [0-4]	Speed: 14643.80 samples/sec	cross-entropy=2.973140	num_of_pendown4-accuracy=0.000000
2023-11-08 13:17:53,581 [INFO]  Epoch[3] Train-cross-entropy=2.764383
2023-11-08 13:17:53,582 [INFO]  Epoch[3] Train-num_of_pendown4-accuracy=0.000000
2023-11-08 13:17:53,582 [INFO]  Epoch[3] Time cost=0.009
2023-11-08 13:17:53,583 [INFO]  Saved checkpoint to "./imputer_model/imputer_model_num_of_pendown4/model-0003.params"
2023-11-08 13:17:53,584 [INFO]  Epoch[3] Validation-cross-entropy=1.914145
2023-11-08 13:17:53,584 [INFO]  Epoch[3] Validation-num_of_pendown4-accuracy=0.000000
2023-11-08 13:17:53,590 [INFO]  Epoch[4] Batch [0-4]	Speed: 14121.49 samples/sec	cross-entropy=0.710294	num_of_pendown4-accuracy=0.000000
2023-11-08 13:17:53,593 [INFO]  Epoch[4] Train-cross-entropy=0.745959
2023-11-08 13:17:53,593 [INFO]  Epoch[4] Train-num_of_pendown4-accuracy=0.000000
2023-11-08 13:17:53,593 [INFO]  Epoch[4] Time cost=0.009
2023-11-08 13:17:53,594 [INFO]  Saved checkpoint to "./imputer_model/imputer_model_num_of_pendown4/model-0004.params"
2023-11-08 13:17:53,595 [INFO]  Epoch[4] Validation-cross-entropy=2.855882
2023-11-08 13:17:53,595 [INFO]  Epoch[4] Validation-num_of_pendown4-accuracy=0.000000
2023-11-08 13:17:53,595 [INFO]  
========== done (0.06584787368774414 s) fit model
2023-11-08 13:31:14,189 [INFO]  
========== start: fit model
2023-11-08 13:31:14,189 [WARNING]  Already bound, ignoring bind()
2023-11-08 13:31:14,196 [INFO]  Epoch[0] Batch [0-4]	Speed: 14040.25 samples/sec	cross-entropy=20.786163	num_of_pendown4-accuracy=0.000000
2023-11-08 13:31:14,200 [INFO]  Epoch[0] Train-cross-entropy=20.118033
2023-11-08 13:31:14,200 [INFO]  Epoch[0] Train-num_of_pendown4-accuracy=0.000000
2023-11-08 13:31:14,200 [INFO]  Epoch[0] Time cost=0.010
2023-11-08 13:31:14,201 [INFO]  Saved checkpoint to "./imputer_model/imputer_model_num_of_pendown4/model-0000.params"
2023-11-08 13:31:14,201 [INFO]  Epoch[0] Validation-cross-entropy=29.518522
2023-11-08 13:31:14,201 [INFO]  Epoch[0] Validation-num_of_pendown4-accuracy=0.000000
2023-11-08 13:31:14,209 [INFO]  Epoch[1] Batch [0-4]	Speed: 10355.51 samples/sec	cross-entropy=48.824273	num_of_pendown4-accuracy=0.000000
2023-11-08 13:31:14,214 [INFO]  Epoch[1] Train-cross-entropy=41.862409
2023-11-08 13:31:14,214 [INFO]  Epoch[1] Train-num_of_pendown4-accuracy=0.000000
2023-11-08 13:31:14,214 [INFO]  Epoch[1] Time cost=0.013
2023-11-08 13:31:14,217 [INFO]  Saved checkpoint to "./imputer_model/imputer_model_num_of_pendown4/model-0001.params"
2023-11-08 13:31:14,217 [INFO]  Epoch[1] Validation-cross-entropy=3.578935
2023-11-08 13:31:14,218 [INFO]  Epoch[1] Validation-num_of_pendown4-accuracy=0.000000
2023-11-08 13:31:14,223 [INFO]  Epoch[2] Batch [0-4]	Speed: 15833.16 samples/sec	cross-entropy=6.274959	num_of_pendown4-accuracy=0.000000
2023-11-08 13:31:14,226 [INFO]  Epoch[2] Train-cross-entropy=5.921087
2023-11-08 13:31:14,226 [INFO]  Epoch[2] Train-num_of_pendown4-accuracy=0.000000
2023-11-08 13:31:14,226 [INFO]  Epoch[2] Time cost=0.008
2023-11-08 13:31:14,227 [INFO]  Saved checkpoint to "./imputer_model/imputer_model_num_of_pendown4/model-0002.params"
2023-11-08 13:31:14,228 [INFO]  Epoch[2] Validation-cross-entropy=0.989752
2023-11-08 13:31:14,228 [INFO]  Epoch[2] Validation-num_of_pendown4-accuracy=0.000000
2023-11-08 13:31:14,232 [INFO]  Epoch[3] Batch [0-4]	Speed: 18464.40 samples/sec	cross-entropy=4.456527	num_of_pendown4-accuracy=0.000000
2023-11-08 13:31:14,235 [INFO]  Epoch[3] Train-cross-entropy=4.208364
2023-11-08 13:31:14,235 [INFO]  Epoch[3] Train-num_of_pendown4-accuracy=0.000000
2023-11-08 13:31:14,235 [INFO]  Epoch[3] Time cost=0.007
2023-11-08 13:31:14,237 [INFO]  Saved checkpoint to "./imputer_model/imputer_model_num_of_pendown4/model-0003.params"
2023-11-08 13:31:14,237 [INFO]  Epoch[3] Validation-cross-entropy=0.925873
2023-11-08 13:31:14,237 [INFO]  Epoch[3] Validation-num_of_pendown4-accuracy=0.000000
2023-11-08 13:31:14,242 [INFO]  Epoch[4] Batch [0-4]	Speed: 18205.19 samples/sec	cross-entropy=1.571842	num_of_pendown4-accuracy=0.000000
2023-11-08 13:31:14,245 [INFO]  Epoch[4] Train-cross-entropy=2.070544
2023-11-08 13:31:14,245 [INFO]  Epoch[4] Train-num_of_pendown4-accuracy=0.000000
2023-11-08 13:31:14,245 [INFO]  Epoch[4] Time cost=0.008
2023-11-08 13:31:14,248 [INFO]  Saved checkpoint to "./imputer_model/imputer_model_num_of_pendown4/model-0004.params"
2023-11-08 13:31:14,249 [INFO]  Epoch[4] Validation-cross-entropy=0.573757
2023-11-08 13:31:14,249 [INFO]  Epoch[4] Validation-num_of_pendown4-accuracy=0.000000
2023-11-08 13:31:14,249 [INFO]  
========== done (0.0597989559173584 s) fit model
2023-11-08 13:44:34,063 [INFO]  
========== start: fit model
2023-11-08 13:44:34,063 [WARNING]  Already bound, ignoring bind()
2023-11-08 13:44:34,072 [INFO]  Epoch[0] Batch [0-4]	Speed: 10278.19 samples/sec	cross-entropy=22.162335	num_of_pendown4-accuracy=0.000000
2023-11-08 13:44:34,077 [INFO]  Epoch[0] Train-cross-entropy=20.342949
2023-11-08 13:44:34,078 [INFO]  Epoch[0] Train-num_of_pendown4-accuracy=0.000000
2023-11-08 13:44:34,078 [INFO]  Epoch[0] Time cost=0.014
2023-11-08 13:44:34,081 [INFO]  Saved checkpoint to "./imputer_model/imputer_model_num_of_pendown4/model-0000.params"
2023-11-08 13:44:34,082 [INFO]  Epoch[0] Validation-cross-entropy=324.861969
2023-11-08 13:44:34,082 [INFO]  Epoch[0] Validation-num_of_pendown4-accuracy=0.000000
2023-11-08 13:44:34,090 [INFO]  Epoch[1] Batch [0-4]	Speed: 10457.98 samples/sec	cross-entropy=39.993344	num_of_pendown4-accuracy=0.000000
2023-11-08 13:44:34,094 [INFO]  Epoch[1] Train-cross-entropy=29.507757
2023-11-08 13:44:34,094 [INFO]  Epoch[1] Train-num_of_pendown4-accuracy=0.000000
2023-11-08 13:44:34,094 [INFO]  Epoch[1] Time cost=0.012
2023-11-08 13:44:34,097 [INFO]  Saved checkpoint to "./imputer_model/imputer_model_num_of_pendown4/model-0001.params"
2023-11-08 13:44:34,097 [INFO]  Epoch[1] Validation-cross-entropy=359.823090
2023-11-08 13:44:34,097 [INFO]  Epoch[1] Validation-num_of_pendown4-accuracy=0.000000
2023-11-08 13:44:34,104 [INFO]  Epoch[2] Batch [0-4]	Speed: 12825.39 samples/sec	cross-entropy=5.325259	num_of_pendown4-accuracy=0.000000
2023-11-08 13:44:34,108 [INFO]  Epoch[2] Train-cross-entropy=4.672714
2023-11-08 13:44:34,108 [INFO]  Epoch[2] Train-num_of_pendown4-accuracy=0.000000
2023-11-08 13:44:34,108 [INFO]  Epoch[2] Time cost=0.010
2023-11-08 13:44:34,109 [INFO]  Saved checkpoint to "./imputer_model/imputer_model_num_of_pendown4/model-0002.params"
2023-11-08 13:44:34,110 [INFO]  Epoch[2] Validation-cross-entropy=384.668915
2023-11-08 13:44:34,110 [INFO]  Epoch[2] Validation-num_of_pendown4-accuracy=0.000000
2023-11-08 13:44:34,116 [INFO]  Epoch[3] Batch [0-4]	Speed: 12851.18 samples/sec	cross-entropy=2.687954	num_of_pendown4-accuracy=0.000000
2023-11-08 13:44:34,121 [INFO]  Epoch[3] Train-cross-entropy=2.276030
2023-11-08 13:44:34,121 [INFO]  Epoch[3] Train-num_of_pendown4-accuracy=0.000000
2023-11-08 13:44:34,121 [INFO]  Epoch[3] Time cost=0.011
2023-11-08 13:44:34,125 [INFO]  Saved checkpoint to "./imputer_model/imputer_model_num_of_pendown4/model-0003.params"
2023-11-08 13:44:34,125 [INFO]  Epoch[3] Validation-cross-entropy=355.867706
2023-11-08 13:44:34,126 [INFO]  Epoch[3] Validation-num_of_pendown4-accuracy=0.000000
2023-11-08 13:44:34,134 [INFO]  Epoch[4] Batch [0-4]	Speed: 10280.94 samples/sec	cross-entropy=1.033283	num_of_pendown4-accuracy=0.000000
2023-11-08 13:44:34,138 [INFO]  Epoch[4] Train-cross-entropy=0.919262
2023-11-08 13:44:34,138 [INFO]  Epoch[4] Train-num_of_pendown4-accuracy=0.000000
2023-11-08 13:44:34,138 [INFO]  Epoch[4] Time cost=0.012
2023-11-08 13:44:34,140 [INFO]  Saved checkpoint to "./imputer_model/imputer_model_num_of_pendown4/model-0004.params"
2023-11-08 13:44:34,141 [INFO]  Epoch[4] Validation-cross-entropy=352.298065
2023-11-08 13:44:34,141 [INFO]  Epoch[4] Validation-num_of_pendown4-accuracy=0.000000
2023-11-08 13:44:34,141 [INFO]  
========== done (0.0782012939453125 s) fit model
2023-11-08 13:57:56,082 [INFO]  
========== start: fit model
2023-11-08 13:57:56,083 [WARNING]  Already bound, ignoring bind()
2023-11-08 13:57:56,090 [INFO]  Epoch[0] Batch [0-4]	Speed: 13866.90 samples/sec	cross-entropy=19.133098	num_of_pendown4-accuracy=0.000000
2023-11-08 13:57:56,094 [INFO]  Epoch[0] Train-cross-entropy=20.036817
2023-11-08 13:57:56,094 [INFO]  Epoch[0] Train-num_of_pendown4-accuracy=0.000000
2023-11-08 13:57:56,094 [INFO]  Epoch[0] Time cost=0.011
2023-11-08 13:57:56,098 [INFO]  Saved checkpoint to "./imputer_model/imputer_model_num_of_pendown4/model-0000.params"
2023-11-08 13:57:56,099 [INFO]  Epoch[0] Validation-cross-entropy=95.489349
2023-11-08 13:57:56,099 [INFO]  Epoch[0] Validation-num_of_pendown4-accuracy=0.000000
2023-11-08 13:57:56,107 [INFO]  Epoch[1] Batch [0-4]	Speed: 11166.66 samples/sec	cross-entropy=40.551048	num_of_pendown4-accuracy=0.000000
2023-11-08 13:57:56,111 [INFO]  Epoch[1] Train-cross-entropy=28.893303
2023-11-08 13:57:56,112 [INFO]  Epoch[1] Train-num_of_pendown4-accuracy=0.000000
2023-11-08 13:57:56,112 [INFO]  Epoch[1] Time cost=0.013
2023-11-08 13:57:56,115 [INFO]  Saved checkpoint to "./imputer_model/imputer_model_num_of_pendown4/model-0001.params"
2023-11-08 13:57:56,116 [INFO]  Epoch[1] Validation-cross-entropy=127.154869
2023-11-08 13:57:56,116 [INFO]  Epoch[1] Validation-num_of_pendown4-accuracy=0.000000
2023-11-08 13:57:56,123 [INFO]  Epoch[2] Batch [0-4]	Speed: 11340.75 samples/sec	cross-entropy=10.595679	num_of_pendown4-accuracy=0.000000
2023-11-08 13:57:56,127 [INFO]  Epoch[2] Train-cross-entropy=8.635542
2023-11-08 13:57:56,127 [INFO]  Epoch[2] Train-num_of_pendown4-accuracy=0.000000
2023-11-08 13:57:56,127 [INFO]  Epoch[2] Time cost=0.011
2023-11-08 13:57:56,129 [INFO]  Saved checkpoint to "./imputer_model/imputer_model_num_of_pendown4/model-0002.params"
2023-11-08 13:57:56,130 [INFO]  Epoch[2] Validation-cross-entropy=95.141640
2023-11-08 13:57:56,130 [INFO]  Epoch[2] Validation-num_of_pendown4-accuracy=0.000000
2023-11-08 13:57:56,136 [INFO]  Epoch[3] Batch [0-4]	Speed: 13477.03 samples/sec	cross-entropy=4.997538	num_of_pendown4-accuracy=0.000000
2023-11-08 13:57:56,140 [INFO]  Epoch[3] Train-cross-entropy=5.418686
2023-11-08 13:57:56,140 [INFO]  Epoch[3] Train-num_of_pendown4-accuracy=0.000000
2023-11-08 13:57:56,140 [INFO]  Epoch[3] Time cost=0.010
2023-11-08 13:57:56,142 [INFO]  Saved checkpoint to "./imputer_model/imputer_model_num_of_pendown4/model-0003.params"
2023-11-08 13:57:56,143 [INFO]  Epoch[3] Validation-cross-entropy=102.177254
2023-11-08 13:57:56,143 [INFO]  Epoch[3] Validation-num_of_pendown4-accuracy=0.000000
2023-11-08 13:57:56,149 [INFO]  Epoch[4] Batch [0-4]	Speed: 13763.80 samples/sec	cross-entropy=2.183625	num_of_pendown4-accuracy=0.000000
2023-11-08 13:57:56,152 [INFO]  Epoch[4] Train-cross-entropy=4.203041
2023-11-08 13:57:56,152 [INFO]  Epoch[4] Train-num_of_pendown4-accuracy=0.000000
2023-11-08 13:57:56,152 [INFO]  Epoch[4] Time cost=0.010
2023-11-08 13:57:56,154 [INFO]  Saved checkpoint to "./imputer_model/imputer_model_num_of_pendown4/model-0004.params"
2023-11-08 13:57:56,154 [INFO]  Epoch[4] Validation-cross-entropy=119.977859
2023-11-08 13:57:56,154 [INFO]  Epoch[4] Validation-num_of_pendown4-accuracy=0.000000
2023-11-08 13:57:56,154 [INFO]  
========== done (0.07195925712585449 s) fit model
2023-11-08 14:11:20,589 [INFO]  
========== start: fit model
2023-11-08 14:11:20,589 [WARNING]  Already bound, ignoring bind()
2023-11-08 14:11:20,596 [INFO]  Epoch[0] Batch [0-4]	Speed: 12481.31 samples/sec	cross-entropy=29.599339	num_of_pendown4-accuracy=4.000000
2023-11-08 14:11:20,601 [INFO]  Epoch[0] Train-cross-entropy=22.330954
2023-11-08 14:11:20,602 [INFO]  Epoch[0] Train-num_of_pendown4-accuracy=3.500000
2023-11-08 14:11:20,602 [INFO]  Epoch[0] Time cost=0.012
2023-11-08 14:11:20,605 [INFO]  Saved checkpoint to "./imputer_model/imputer_model_num_of_pendown4/model-0000.params"
2023-11-08 14:11:20,606 [INFO]  Epoch[0] Validation-cross-entropy=34.080891
2023-11-08 14:11:20,606 [INFO]  Epoch[0] Validation-num_of_pendown4-accuracy=0.000000
2023-11-08 14:11:20,614 [INFO]  Epoch[1] Batch [0-4]	Speed: 11382.10 samples/sec	cross-entropy=26.263557	num_of_pendown4-accuracy=4.000000
2023-11-08 14:11:20,618 [INFO]  Epoch[1] Train-cross-entropy=29.144669
2023-11-08 14:11:20,619 [INFO]  Epoch[1] Train-num_of_pendown4-accuracy=3.500000
2023-11-08 14:11:20,619 [INFO]  Epoch[1] Time cost=0.012
2023-11-08 14:11:20,621 [INFO]  Saved checkpoint to "./imputer_model/imputer_model_num_of_pendown4/model-0001.params"
2023-11-08 14:11:20,621 [INFO]  Epoch[1] Validation-cross-entropy=16.908169
2023-11-08 14:11:20,622 [INFO]  Epoch[1] Validation-num_of_pendown4-accuracy=0.000000
2023-11-08 14:11:20,628 [INFO]  Epoch[2] Batch [0-4]	Speed: 12595.51 samples/sec	cross-entropy=7.604861	num_of_pendown4-accuracy=4.000000
2023-11-08 14:11:20,632 [INFO]  Epoch[2] Train-cross-entropy=24.248606
2023-11-08 14:11:20,632 [INFO]  Epoch[2] Train-num_of_pendown4-accuracy=3.500000
2023-11-08 14:11:20,632 [INFO]  Epoch[2] Time cost=0.010
2023-11-08 14:11:20,633 [INFO]  Saved checkpoint to "./imputer_model/imputer_model_num_of_pendown4/model-0002.params"
2023-11-08 14:11:20,634 [INFO]  Epoch[2] Validation-cross-entropy=12.523789
2023-11-08 14:11:20,634 [INFO]  Epoch[2] Validation-num_of_pendown4-accuracy=0.000000
2023-11-08 14:11:20,640 [INFO]  Epoch[3] Batch [0-4]	Speed: 14027.77 samples/sec	cross-entropy=3.020987	num_of_pendown4-accuracy=4.000000
2023-11-08 14:11:20,644 [INFO]  Epoch[3] Train-cross-entropy=3.904551
2023-11-08 14:11:20,644 [INFO]  Epoch[3] Train-num_of_pendown4-accuracy=3.500000
2023-11-08 14:11:20,644 [INFO]  Epoch[3] Time cost=0.010
2023-11-08 14:11:20,645 [INFO]  Saved checkpoint to "./imputer_model/imputer_model_num_of_pendown4/model-0003.params"
2023-11-08 14:11:20,646 [INFO]  Epoch[3] Validation-cross-entropy=13.104879
2023-11-08 14:11:20,646 [INFO]  Epoch[3] Validation-num_of_pendown4-accuracy=0.000000
2023-11-08 14:11:20,652 [INFO]  Epoch[4] Batch [0-4]	Speed: 13839.02 samples/sec	cross-entropy=2.876574	num_of_pendown4-accuracy=4.000000
2023-11-08 14:11:20,655 [INFO]  Epoch[4] Train-cross-entropy=3.160669
2023-11-08 14:11:20,655 [INFO]  Epoch[4] Train-num_of_pendown4-accuracy=3.500000
2023-11-08 14:11:20,655 [INFO]  Epoch[4] Time cost=0.009
2023-11-08 14:11:20,657 [INFO]  Saved checkpoint to "./imputer_model/imputer_model_num_of_pendown4/model-0004.params"
2023-11-08 14:11:20,657 [INFO]  Epoch[4] Validation-cross-entropy=6.197694
2023-11-08 14:11:20,657 [INFO]  Epoch[4] Validation-num_of_pendown4-accuracy=0.000000
2023-11-08 14:11:20,657 [INFO]  
========== done (0.06831979751586914 s) fit model
2023-11-08 14:24:53,091 [INFO]  
========== start: fit model
2023-11-08 14:24:53,092 [WARNING]  Already bound, ignoring bind()
2023-11-08 14:24:53,099 [INFO]  Epoch[0] Batch [0-4]	Speed: 14077.80 samples/sec	cross-entropy=15.099269	num_of_pendown4-accuracy=2.800000
2023-11-08 14:24:53,104 [INFO]  Epoch[0] Train-cross-entropy=15.883159
2023-11-08 14:24:53,104 [INFO]  Epoch[0] Train-num_of_pendown4-accuracy=3.500000
2023-11-08 14:24:53,104 [INFO]  Epoch[0] Time cost=0.012
2023-11-08 14:24:53,108 [INFO]  Saved checkpoint to "./imputer_model/imputer_model_num_of_pendown4/model-0000.params"
2023-11-08 14:24:53,109 [INFO]  Epoch[0] Validation-cross-entropy=19.984303
2023-11-08 14:24:53,109 [INFO]  Epoch[0] Validation-num_of_pendown4-accuracy=0.000000
2023-11-08 14:24:53,117 [INFO]  Epoch[1] Batch [0-4]	Speed: 10800.06 samples/sec	cross-entropy=20.892707	num_of_pendown4-accuracy=2.800000
2023-11-08 14:24:53,122 [INFO]  Epoch[1] Train-cross-entropy=16.320083
2023-11-08 14:24:53,122 [INFO]  Epoch[1] Train-num_of_pendown4-accuracy=3.500000
2023-11-08 14:24:53,122 [INFO]  Epoch[1] Time cost=0.013
2023-11-08 14:24:53,124 [INFO]  Saved checkpoint to "./imputer_model/imputer_model_num_of_pendown4/model-0001.params"
2023-11-08 14:24:53,125 [INFO]  Epoch[1] Validation-cross-entropy=75.358597
2023-11-08 14:24:53,125 [INFO]  Epoch[1] Validation-num_of_pendown4-accuracy=0.000000
2023-11-08 14:24:53,131 [INFO]  Epoch[2] Batch [0-4]	Speed: 15768.06 samples/sec	cross-entropy=3.349062	num_of_pendown4-accuracy=2.800000
2023-11-08 14:24:53,134 [INFO]  Epoch[2] Train-cross-entropy=3.283352
2023-11-08 14:24:53,134 [INFO]  Epoch[2] Train-num_of_pendown4-accuracy=3.500000
2023-11-08 14:24:53,134 [INFO]  Epoch[2] Time cost=0.009
2023-11-08 14:24:53,136 [INFO]  Saved checkpoint to "./imputer_model/imputer_model_num_of_pendown4/model-0002.params"
2023-11-08 14:24:53,136 [INFO]  Epoch[2] Validation-cross-entropy=41.961849
2023-11-08 14:24:53,136 [INFO]  Epoch[2] Validation-num_of_pendown4-accuracy=0.000000
2023-11-08 14:24:53,142 [INFO]  Epoch[3] Batch [0-4]	Speed: 14763.80 samples/sec	cross-entropy=1.596221	num_of_pendown4-accuracy=2.800000
2023-11-08 14:24:53,146 [INFO]  Epoch[3] Train-cross-entropy=2.548184
2023-11-08 14:24:53,146 [INFO]  Epoch[3] Train-num_of_pendown4-accuracy=3.500000
2023-11-08 14:24:53,146 [INFO]  Epoch[3] Time cost=0.010
2023-11-08 14:24:53,149 [INFO]  Saved checkpoint to "./imputer_model/imputer_model_num_of_pendown4/model-0003.params"
2023-11-08 14:24:53,150 [INFO]  Epoch[3] Validation-cross-entropy=29.643469
2023-11-08 14:24:53,150 [INFO]  Epoch[3] Validation-num_of_pendown4-accuracy=0.000000
2023-11-08 14:24:53,159 [INFO]  Epoch[4] Batch [0-4]	Speed: 9832.44 samples/sec	cross-entropy=1.657627	num_of_pendown4-accuracy=2.800000
2023-11-08 14:24:53,163 [INFO]  Epoch[4] Train-cross-entropy=1.945315
2023-11-08 14:24:53,163 [INFO]  Epoch[4] Train-num_of_pendown4-accuracy=3.500000
2023-11-08 14:24:53,163 [INFO]  Epoch[4] Time cost=0.013
2023-11-08 14:24:53,165 [INFO]  Saved checkpoint to "./imputer_model/imputer_model_num_of_pendown4/model-0004.params"
2023-11-08 14:24:53,166 [INFO]  Epoch[4] Validation-cross-entropy=21.732916
2023-11-08 14:24:53,166 [INFO]  Epoch[4] Validation-num_of_pendown4-accuracy=0.000000
2023-11-08 14:24:53,166 [INFO]  
========== done (0.0748436450958252 s) fit model
2023-11-08 14:38:47,262 [INFO]  
========== start: fit model
2023-11-08 14:38:47,262 [WARNING]  Already bound, ignoring bind()
2023-11-08 14:38:47,270 [INFO]  Epoch[0] Batch [0-4]	Speed: 11213.31 samples/sec	cross-entropy=21.719768	num_of_pendown4-accuracy=0.000000
2023-11-08 14:38:47,275 [INFO]  Epoch[0] Train-cross-entropy=20.612425
2023-11-08 14:38:47,275 [INFO]  Epoch[0] Train-num_of_pendown4-accuracy=0.000000
2023-11-08 14:38:47,276 [INFO]  Epoch[0] Time cost=0.013
2023-11-08 14:38:47,279 [INFO]  Saved checkpoint to "./imputer_model/imputer_model_num_of_pendown4/model-0000.params"
2023-11-08 14:38:47,280 [INFO]  Epoch[0] Validation-cross-entropy=87.706657
2023-11-08 14:38:47,280 [INFO]  Epoch[0] Validation-num_of_pendown4-accuracy=0.000000
2023-11-08 14:38:47,288 [INFO]  Epoch[1] Batch [0-4]	Speed: 11865.07 samples/sec	cross-entropy=46.337416	num_of_pendown4-accuracy=0.000000
2023-11-08 14:38:47,291 [INFO]  Epoch[1] Train-cross-entropy=34.856382
2023-11-08 14:38:47,291 [INFO]  Epoch[1] Train-num_of_pendown4-accuracy=0.000000
2023-11-08 14:38:47,291 [INFO]  Epoch[1] Time cost=0.011
2023-11-08 14:38:47,294 [INFO]  Saved checkpoint to "./imputer_model/imputer_model_num_of_pendown4/model-0001.params"
2023-11-08 14:38:47,295 [INFO]  Epoch[1] Validation-cross-entropy=90.373055
2023-11-08 14:38:47,295 [INFO]  Epoch[1] Validation-num_of_pendown4-accuracy=0.000000
2023-11-08 14:38:47,301 [INFO]  Epoch[2] Batch [0-4]	Speed: 13880.52 samples/sec	cross-entropy=6.504775	num_of_pendown4-accuracy=0.000000
2023-11-08 14:38:47,305 [INFO]  Epoch[2] Train-cross-entropy=4.713072
2023-11-08 14:38:47,305 [INFO]  Epoch[2] Train-num_of_pendown4-accuracy=0.000000
2023-11-08 14:38:47,305 [INFO]  Epoch[2] Time cost=0.010
2023-11-08 14:38:47,306 [INFO]  Saved checkpoint to "./imputer_model/imputer_model_num_of_pendown4/model-0002.params"
2023-11-08 14:38:47,307 [INFO]  Epoch[2] Validation-cross-entropy=104.177856
2023-11-08 14:38:47,307 [INFO]  Epoch[2] Validation-num_of_pendown4-accuracy=0.000000
2023-11-08 14:38:47,312 [INFO]  Epoch[3] Batch [0-4]	Speed: 16214.77 samples/sec	cross-entropy=5.205888	num_of_pendown4-accuracy=0.000000
2023-11-08 14:38:47,315 [INFO]  Epoch[3] Train-cross-entropy=3.872137
2023-11-08 14:38:47,316 [INFO]  Epoch[3] Train-num_of_pendown4-accuracy=0.000000
2023-11-08 14:38:47,316 [INFO]  Epoch[3] Time cost=0.008
2023-11-08 14:38:47,317 [INFO]  Saved checkpoint to "./imputer_model/imputer_model_num_of_pendown4/model-0003.params"
2023-11-08 14:38:47,318 [INFO]  Epoch[3] Validation-cross-entropy=91.186958
2023-11-08 14:38:47,318 [INFO]  Epoch[3] Validation-num_of_pendown4-accuracy=0.000000
2023-11-08 14:38:47,323 [INFO]  Epoch[4] Batch [0-4]	Speed: 15620.33 samples/sec	cross-entropy=2.199560	num_of_pendown4-accuracy=0.000000
2023-11-08 14:38:47,326 [INFO]  Epoch[4] Train-cross-entropy=1.543552
2023-11-08 14:38:47,326 [INFO]  Epoch[4] Train-num_of_pendown4-accuracy=0.000000
2023-11-08 14:38:47,326 [INFO]  Epoch[4] Time cost=0.009
2023-11-08 14:38:47,328 [INFO]  Saved checkpoint to "./imputer_model/imputer_model_num_of_pendown4/model-0004.params"
2023-11-08 14:38:47,329 [INFO]  Epoch[4] Validation-cross-entropy=76.192940
2023-11-08 14:38:47,329 [INFO]  Epoch[4] Validation-num_of_pendown4-accuracy=0.000000
2023-11-08 14:38:47,329 [INFO]  
========== done (0.06671452522277832 s) fit model
2023-11-08 14:52:52,309 [INFO]  
========== start: fit model
2023-11-08 14:52:52,309 [WARNING]  Already bound, ignoring bind()
2023-11-08 14:52:52,316 [INFO]  Epoch[0] Batch [0-4]	Speed: 13970.83 samples/sec	cross-entropy=9.478591	num_of_pendown4-accuracy=3.200000
2023-11-08 14:52:52,320 [INFO]  Epoch[0] Train-cross-entropy=16.859941
2023-11-08 14:52:52,320 [INFO]  Epoch[0] Train-num_of_pendown4-accuracy=4.000000
2023-11-08 14:52:52,320 [INFO]  Epoch[0] Time cost=0.010
2023-11-08 14:52:52,321 [INFO]  Saved checkpoint to "./imputer_model/imputer_model_num_of_pendown4/model-0000.params"
2023-11-08 14:52:52,322 [INFO]  Epoch[0] Validation-cross-entropy=13.469649
2023-11-08 14:52:52,322 [INFO]  Epoch[0] Validation-num_of_pendown4-accuracy=0.000000
2023-11-08 14:52:52,327 [INFO]  Epoch[1] Batch [0-4]	Speed: 14308.16 samples/sec	cross-entropy=41.447973	num_of_pendown4-accuracy=3.200000
2023-11-08 14:52:52,331 [INFO]  Epoch[1] Train-cross-entropy=37.940864
2023-11-08 14:52:52,331 [INFO]  Epoch[1] Train-num_of_pendown4-accuracy=4.000000
2023-11-08 14:52:52,331 [INFO]  Epoch[1] Time cost=0.009
2023-11-08 14:52:52,332 [INFO]  Saved checkpoint to "./imputer_model/imputer_model_num_of_pendown4/model-0001.params"
2023-11-08 14:52:52,333 [INFO]  Epoch[1] Validation-cross-entropy=4.469913
2023-11-08 14:52:52,333 [INFO]  Epoch[1] Validation-num_of_pendown4-accuracy=0.000000
2023-11-08 14:52:52,339 [INFO]  Epoch[2] Batch [0-4]	Speed: 14455.33 samples/sec	cross-entropy=6.801681	num_of_pendown4-accuracy=3.200000
2023-11-08 14:52:52,342 [INFO]  Epoch[2] Train-cross-entropy=7.238589
2023-11-08 14:52:52,342 [INFO]  Epoch[2] Train-num_of_pendown4-accuracy=4.000000
2023-11-08 14:52:52,342 [INFO]  Epoch[2] Time cost=0.009
2023-11-08 14:52:52,344 [INFO]  Saved checkpoint to "./imputer_model/imputer_model_num_of_pendown4/model-0002.params"
2023-11-08 14:52:52,344 [INFO]  Epoch[2] Validation-cross-entropy=7.451292
2023-11-08 14:52:52,344 [INFO]  Epoch[2] Validation-num_of_pendown4-accuracy=0.000000
2023-11-08 14:52:52,352 [INFO]  Epoch[3] Batch [0-4]	Speed: 10606.32 samples/sec	cross-entropy=3.516999	num_of_pendown4-accuracy=3.200000
2023-11-08 14:52:52,356 [INFO]  Epoch[3] Train-cross-entropy=3.679603
2023-11-08 14:52:52,357 [INFO]  Epoch[3] Train-num_of_pendown4-accuracy=4.000000
2023-11-08 14:52:52,357 [INFO]  Epoch[3] Time cost=0.012
2023-11-08 14:52:52,359 [INFO]  Saved checkpoint to "./imputer_model/imputer_model_num_of_pendown4/model-0003.params"
2023-11-08 14:52:52,360 [INFO]  Epoch[3] Validation-cross-entropy=3.519967
2023-11-08 14:52:52,360 [INFO]  Epoch[3] Validation-num_of_pendown4-accuracy=0.000000
2023-11-08 14:52:52,368 [INFO]  Epoch[4] Batch [0-4]	Speed: 11132.86 samples/sec	cross-entropy=2.035295	num_of_pendown4-accuracy=3.200000
2023-11-08 14:52:52,372 [INFO]  Epoch[4] Train-cross-entropy=1.756146
2023-11-08 14:52:52,372 [INFO]  Epoch[4] Train-num_of_pendown4-accuracy=4.000000
2023-11-08 14:52:52,372 [INFO]  Epoch[4] Time cost=0.012
2023-11-08 14:52:52,374 [INFO]  Saved checkpoint to "./imputer_model/imputer_model_num_of_pendown4/model-0004.params"
2023-11-08 14:52:52,375 [INFO]  Epoch[4] Validation-cross-entropy=4.619285
2023-11-08 14:52:52,375 [INFO]  Epoch[4] Validation-num_of_pendown4-accuracy=0.000000
2023-11-08 14:52:52,375 [INFO]  
========== done (0.06597161293029785 s) fit model
