2024-03-31 20:17:43,863 [INFO]  
========== start: fit model
2024-03-31 20:17:43,863 [WARNING]  Already bound, ignoring bind()
2024-03-31 20:17:43,870 [INFO]  Epoch[0] Batch [0-4]	Speed: 24235.78 samples/sec	cross-entropy=15.214504	souders-accuracy=3.800000
2024-03-31 20:17:43,871 [INFO]  Epoch[0] Train-cross-entropy=14.425702
2024-03-31 20:17:43,872 [INFO]  Epoch[0] Train-souders-accuracy=3.714286
2024-03-31 20:17:43,872 [INFO]  Epoch[0] Time cost=0.007
2024-03-31 20:17:43,873 [INFO]  Saved checkpoint to "./imputer_model/imputer_model_souders/model-0000.params"
2024-03-31 20:17:43,873 [INFO]  Epoch[0] Validation-cross-entropy=32.359978
2024-03-31 20:17:43,873 [INFO]  Epoch[0] Validation-souders-accuracy=0.000000
2024-03-31 20:17:43,876 [INFO]  Epoch[1] Batch [0-4]	Speed: 25885.77 samples/sec	cross-entropy=5.944623	souders-accuracy=3.800000
2024-03-31 20:17:43,878 [INFO]  Epoch[1] Train-cross-entropy=6.460315
2024-03-31 20:17:43,878 [INFO]  Epoch[1] Train-souders-accuracy=3.714286
2024-03-31 20:17:43,878 [INFO]  Epoch[1] Time cost=0.005
2024-03-31 20:17:43,879 [INFO]  Saved checkpoint to "./imputer_model/imputer_model_souders/model-0001.params"
2024-03-31 20:17:43,880 [INFO]  Epoch[1] Validation-cross-entropy=12.704888
2024-03-31 20:17:43,880 [INFO]  Epoch[1] Validation-souders-accuracy=0.000000
2024-03-31 20:17:43,883 [INFO]  Epoch[2] Batch [0-4]	Speed: 26026.32 samples/sec	cross-entropy=3.583475	souders-accuracy=3.800000
2024-03-31 20:17:43,885 [INFO]  Epoch[2] Train-cross-entropy=3.706341
2024-03-31 20:17:43,885 [INFO]  Epoch[2] Train-souders-accuracy=3.714286
2024-03-31 20:17:43,885 [INFO]  Epoch[2] Time cost=0.005
2024-03-31 20:17:43,887 [INFO]  Saved checkpoint to "./imputer_model/imputer_model_souders/model-0002.params"
2024-03-31 20:17:43,887 [INFO]  Epoch[2] Validation-cross-entropy=6.269290
2024-03-31 20:17:43,887 [INFO]  Epoch[2] Validation-souders-accuracy=0.000000
2024-03-31 20:17:43,891 [INFO]  Epoch[3] Batch [0-4]	Speed: 20566.61 samples/sec	cross-entropy=1.873932	souders-accuracy=3.800000
2024-03-31 20:17:43,893 [INFO]  Epoch[3] Train-cross-entropy=1.950560
2024-03-31 20:17:43,893 [INFO]  Epoch[3] Train-souders-accuracy=3.714286
2024-03-31 20:17:43,893 [INFO]  Epoch[3] Time cost=0.006
2024-03-31 20:17:43,895 [INFO]  Saved checkpoint to "./imputer_model/imputer_model_souders/model-0003.params"
2024-03-31 20:17:43,895 [INFO]  Epoch[3] Validation-cross-entropy=4.218688
2024-03-31 20:17:43,895 [INFO]  Epoch[3] Validation-souders-accuracy=0.000000
2024-03-31 20:17:43,899 [INFO]  Epoch[4] Batch [0-4]	Speed: 19688.68 samples/sec	cross-entropy=1.076226	souders-accuracy=3.800000
2024-03-31 20:17:43,901 [INFO]  Epoch[4] Train-cross-entropy=1.093176
2024-03-31 20:17:43,901 [INFO]  Epoch[4] Train-souders-accuracy=3.714286
2024-03-31 20:17:43,901 [INFO]  Epoch[4] Time cost=0.006
2024-03-31 20:17:43,903 [INFO]  Saved checkpoint to "./imputer_model/imputer_model_souders/model-0004.params"
2024-03-31 20:17:43,903 [INFO]  Epoch[4] Validation-cross-entropy=3.174729
2024-03-31 20:17:43,904 [INFO]  Epoch[4] Validation-souders-accuracy=0.000000
2024-03-31 20:17:43,904 [INFO]  
========== done (0.04040265083312988 s) fit model
2024-03-31 20:17:49,153 [INFO]  
========== start: fit model
2024-03-31 20:17:49,153 [WARNING]  Already bound, ignoring bind()
2024-03-31 20:17:49,164 [INFO]  Epoch[0] Batch [0-4]	Speed: 8449.07 samples/sec	cross-entropy=12.837080	souders-accuracy=3.200000
2024-03-31 20:17:49,171 [INFO]  Epoch[0] Train-cross-entropy=12.084945
2024-03-31 20:17:49,171 [INFO]  Epoch[0] Train-souders-accuracy=2.857143
2024-03-31 20:17:49,171 [INFO]  Epoch[0] Time cost=0.017
2024-03-31 20:17:49,173 [INFO]  Saved checkpoint to "./imputer_model/imputer_model_souders/model-0000.params"
2024-03-31 20:17:49,175 [INFO]  Epoch[0] Validation-cross-entropy=8.067801
2024-03-31 20:17:49,175 [INFO]  Epoch[0] Validation-souders-accuracy=0.000000
2024-03-31 20:17:49,193 [INFO]  Epoch[1] Batch [0-4]	Speed: 4241.62 samples/sec	cross-entropy=4.200772	souders-accuracy=3.200000
2024-03-31 20:17:49,213 [INFO]  Epoch[1] Train-cross-entropy=4.941866
2024-03-31 20:17:49,213 [INFO]  Epoch[1] Train-souders-accuracy=2.857143
2024-03-31 20:17:49,214 [INFO]  Epoch[1] Time cost=0.038
2024-03-31 20:17:49,215 [INFO]  Saved checkpoint to "./imputer_model/imputer_model_souders/model-0001.params"
2024-03-31 20:17:49,216 [INFO]  Epoch[1] Validation-cross-entropy=4.604486
2024-03-31 20:17:49,216 [INFO]  Epoch[1] Validation-souders-accuracy=0.000000
2024-03-31 20:17:49,219 [INFO]  Epoch[2] Batch [0-4]	Speed: 27625.34 samples/sec	cross-entropy=2.495287	souders-accuracy=3.200000
2024-03-31 20:17:49,220 [INFO]  Epoch[2] Train-cross-entropy=2.767818
2024-03-31 20:17:49,220 [INFO]  Epoch[2] Train-souders-accuracy=2.857143
2024-03-31 20:17:49,220 [INFO]  Epoch[2] Time cost=0.004
2024-03-31 20:17:49,221 [INFO]  Saved checkpoint to "./imputer_model/imputer_model_souders/model-0002.params"
2024-03-31 20:17:49,222 [INFO]  Epoch[2] Validation-cross-entropy=1.407444
2024-03-31 20:17:49,222 [INFO]  Epoch[2] Validation-souders-accuracy=0.000000
2024-03-31 20:17:49,225 [INFO]  Epoch[3] Batch [0-4]	Speed: 28932.47 samples/sec	cross-entropy=1.642811	souders-accuracy=3.200000
2024-03-31 20:17:49,226 [INFO]  Epoch[3] Train-cross-entropy=1.736348
2024-03-31 20:17:49,226 [INFO]  Epoch[3] Train-souders-accuracy=2.857143
2024-03-31 20:17:49,226 [INFO]  Epoch[3] Time cost=0.004
2024-03-31 20:17:49,227 [INFO]  Saved checkpoint to "./imputer_model/imputer_model_souders/model-0003.params"
2024-03-31 20:17:49,227 [INFO]  Epoch[3] Validation-cross-entropy=1.094744
2024-03-31 20:17:49,227 [INFO]  Epoch[3] Validation-souders-accuracy=0.000000
2024-03-31 20:17:49,230 [INFO]  Epoch[4] Batch [0-4]	Speed: 28318.96 samples/sec	cross-entropy=1.065874	souders-accuracy=3.200000
2024-03-31 20:17:49,231 [INFO]  Epoch[4] Train-cross-entropy=1.044818
2024-03-31 20:17:49,232 [INFO]  Epoch[4] Train-souders-accuracy=2.857143
2024-03-31 20:17:49,232 [INFO]  Epoch[4] Time cost=0.004
2024-03-31 20:17:49,233 [INFO]  Saved checkpoint to "./imputer_model/imputer_model_souders/model-0004.params"
2024-03-31 20:17:49,233 [INFO]  Epoch[4] Validation-cross-entropy=1.463057
2024-03-31 20:17:49,233 [INFO]  Epoch[4] Validation-souders-accuracy=0.000000
2024-03-31 20:17:49,233 [INFO]  
========== done (0.08009886741638184 s) fit model
2024-03-31 20:17:53,001 [INFO]  
========== start: fit model
2024-03-31 20:17:53,001 [WARNING]  Already bound, ignoring bind()
2024-03-31 20:17:53,007 [INFO]  Epoch[0] Batch [0-4]	Speed: 17541.36 samples/sec	cross-entropy=13.753295	souders-accuracy=3.800000
2024-03-31 20:17:53,011 [INFO]  Epoch[0] Train-cross-entropy=13.248556
2024-03-31 20:17:53,011 [INFO]  Epoch[0] Train-souders-accuracy=3.428571
2024-03-31 20:17:53,011 [INFO]  Epoch[0] Time cost=0.009
2024-03-31 20:17:53,015 [INFO]  Saved checkpoint to "./imputer_model/imputer_model_souders/model-0000.params"
2024-03-31 20:17:53,016 [INFO]  Epoch[0] Validation-cross-entropy=6.024376
2024-03-31 20:17:53,016 [INFO]  Epoch[0] Validation-souders-accuracy=0.000000
2024-03-31 20:17:53,022 [INFO]  Epoch[1] Batch [0-4]	Speed: 13765.21 samples/sec	cross-entropy=5.797726	souders-accuracy=3.800000
2024-03-31 20:17:53,025 [INFO]  Epoch[1] Train-cross-entropy=6.059581
2024-03-31 20:17:53,025 [INFO]  Epoch[1] Train-souders-accuracy=3.428571
2024-03-31 20:17:53,025 [INFO]  Epoch[1] Time cost=0.009
2024-03-31 20:17:53,027 [INFO]  Saved checkpoint to "./imputer_model/imputer_model_souders/model-0001.params"
2024-03-31 20:17:53,028 [INFO]  Epoch[1] Validation-cross-entropy=3.783062
2024-03-31 20:17:53,028 [INFO]  Epoch[1] Validation-souders-accuracy=0.000000
2024-03-31 20:17:53,032 [INFO]  Epoch[2] Batch [0-4]	Speed: 20402.48 samples/sec	cross-entropy=4.037895	souders-accuracy=3.800000
2024-03-31 20:17:53,034 [INFO]  Epoch[2] Train-cross-entropy=3.898188
2024-03-31 20:17:53,034 [INFO]  Epoch[2] Train-souders-accuracy=3.428571
2024-03-31 20:17:53,034 [INFO]  Epoch[2] Time cost=0.006
2024-03-31 20:17:53,035 [INFO]  Saved checkpoint to "./imputer_model/imputer_model_souders/model-0002.params"
2024-03-31 20:17:53,036 [INFO]  Epoch[2] Validation-cross-entropy=4.080199
2024-03-31 20:17:53,036 [INFO]  Epoch[2] Validation-souders-accuracy=0.000000
2024-03-31 20:17:53,040 [INFO]  Epoch[3] Batch [0-4]	Speed: 22984.46 samples/sec	cross-entropy=2.330004	souders-accuracy=3.800000
2024-03-31 20:17:53,041 [INFO]  Epoch[3] Train-cross-entropy=2.257582
2024-03-31 20:17:53,041 [INFO]  Epoch[3] Train-souders-accuracy=3.428571
2024-03-31 20:17:53,041 [INFO]  Epoch[3] Time cost=0.005
2024-03-31 20:17:53,043 [INFO]  Saved checkpoint to "./imputer_model/imputer_model_souders/model-0003.params"
2024-03-31 20:17:53,044 [INFO]  Epoch[3] Validation-cross-entropy=4.301740
2024-03-31 20:17:53,044 [INFO]  Epoch[3] Validation-souders-accuracy=0.000000
2024-03-31 20:17:53,049 [INFO]  Epoch[4] Batch [0-4]	Speed: 17052.18 samples/sec	cross-entropy=1.551136	souders-accuracy=3.800000
2024-03-31 20:17:53,051 [INFO]  Epoch[4] Train-cross-entropy=1.415671
2024-03-31 20:17:53,051 [INFO]  Epoch[4] Train-souders-accuracy=3.428571
2024-03-31 20:17:53,051 [INFO]  Epoch[4] Time cost=0.007
2024-03-31 20:17:53,052 [INFO]  Saved checkpoint to "./imputer_model/imputer_model_souders/model-0004.params"
2024-03-31 20:17:53,053 [INFO]  Epoch[4] Validation-cross-entropy=2.481281
2024-03-31 20:17:53,053 [INFO]  Epoch[4] Validation-souders-accuracy=0.000000
2024-03-31 20:17:53,053 [INFO]  
========== done (0.051412105560302734 s) fit model
2024-03-31 20:17:56,854 [INFO]  
========== start: fit model
2024-03-31 20:17:56,854 [WARNING]  Already bound, ignoring bind()
2024-03-31 20:17:56,863 [INFO]  Epoch[0] Batch [0-4]	Speed: 12286.50 samples/sec	cross-entropy=16.932020	souders-accuracy=0.000000
2024-03-31 20:17:56,866 [INFO]  Epoch[0] Train-cross-entropy=14.830521
2024-03-31 20:17:56,866 [INFO]  Epoch[0] Train-souders-accuracy=0.000000
2024-03-31 20:17:56,866 [INFO]  Epoch[0] Time cost=0.010
2024-03-31 20:17:56,868 [INFO]  Saved checkpoint to "./imputer_model/imputer_model_souders/model-0000.params"
2024-03-31 20:17:56,868 [INFO]  Epoch[0] Validation-cross-entropy=4.691661
2024-03-31 20:17:56,868 [INFO]  Epoch[0] Validation-souders-accuracy=0.000000
2024-03-31 20:17:56,872 [INFO]  Epoch[1] Batch [0-4]	Speed: 24640.67 samples/sec	cross-entropy=6.089660	souders-accuracy=0.000000
2024-03-31 20:17:56,873 [INFO]  Epoch[1] Train-cross-entropy=5.467316
2024-03-31 20:17:56,873 [INFO]  Epoch[1] Train-souders-accuracy=0.000000
2024-03-31 20:17:56,873 [INFO]  Epoch[1] Time cost=0.005
2024-03-31 20:17:56,875 [INFO]  Saved checkpoint to "./imputer_model/imputer_model_souders/model-0001.params"
2024-03-31 20:17:56,875 [INFO]  Epoch[1] Validation-cross-entropy=3.820800
2024-03-31 20:17:56,875 [INFO]  Epoch[1] Validation-souders-accuracy=0.000000
2024-03-31 20:17:56,879 [INFO]  Epoch[2] Batch [0-4]	Speed: 24765.70 samples/sec	cross-entropy=3.397420	souders-accuracy=0.000000
2024-03-31 20:17:56,880 [INFO]  Epoch[2] Train-cross-entropy=2.964181
2024-03-31 20:17:56,880 [INFO]  Epoch[2] Train-souders-accuracy=0.000000
2024-03-31 20:17:56,880 [INFO]  Epoch[2] Time cost=0.005
2024-03-31 20:17:56,881 [INFO]  Saved checkpoint to "./imputer_model/imputer_model_souders/model-0002.params"
2024-03-31 20:17:56,882 [INFO]  Epoch[2] Validation-cross-entropy=1.274829
2024-03-31 20:17:56,882 [INFO]  Epoch[2] Validation-souders-accuracy=0.000000
2024-03-31 20:17:56,885 [INFO]  Epoch[3] Batch [0-4]	Speed: 24142.05 samples/sec	cross-entropy=2.027850	souders-accuracy=0.000000
2024-03-31 20:17:56,887 [INFO]  Epoch[3] Train-cross-entropy=1.729773
2024-03-31 20:17:56,887 [INFO]  Epoch[3] Train-souders-accuracy=0.000000
2024-03-31 20:17:56,887 [INFO]  Epoch[3] Time cost=0.005
2024-03-31 20:17:56,888 [INFO]  Saved checkpoint to "./imputer_model/imputer_model_souders/model-0003.params"
2024-03-31 20:17:56,889 [INFO]  Epoch[3] Validation-cross-entropy=0.593477
2024-03-31 20:17:56,889 [INFO]  Epoch[3] Validation-souders-accuracy=0.000000
2024-03-31 20:17:56,893 [INFO]  Epoch[4] Batch [0-4]	Speed: 22941.24 samples/sec	cross-entropy=1.304352	souders-accuracy=0.000000
2024-03-31 20:17:56,894 [INFO]  Epoch[4] Train-cross-entropy=1.120795
2024-03-31 20:17:56,894 [INFO]  Epoch[4] Train-souders-accuracy=0.000000
2024-03-31 20:17:56,894 [INFO]  Epoch[4] Time cost=0.006
2024-03-31 20:17:56,896 [INFO]  Saved checkpoint to "./imputer_model/imputer_model_souders/model-0004.params"
2024-03-31 20:17:56,896 [INFO]  Epoch[4] Validation-cross-entropy=0.524765
2024-03-31 20:17:56,896 [INFO]  Epoch[4] Validation-souders-accuracy=0.000000
2024-03-31 20:17:56,896 [INFO]  
========== done (0.0426485538482666 s) fit model
2024-03-31 20:18:00,686 [INFO]  
========== start: fit model
2024-03-31 20:18:00,687 [WARNING]  Already bound, ignoring bind()
2024-03-31 20:18:00,691 [INFO]  Epoch[0] Batch [0-4]	Speed: 25983.49 samples/sec	cross-entropy=14.975955	souders-accuracy=0.000000
2024-03-31 20:18:00,692 [INFO]  Epoch[0] Train-cross-entropy=14.537773
2024-03-31 20:18:00,692 [INFO]  Epoch[0] Train-souders-accuracy=0.000000
2024-03-31 20:18:00,692 [INFO]  Epoch[0] Time cost=0.005
2024-03-31 20:18:00,694 [INFO]  Saved checkpoint to "./imputer_model/imputer_model_souders/model-0000.params"
2024-03-31 20:18:00,694 [INFO]  Epoch[0] Validation-cross-entropy=21.547264
2024-03-31 20:18:00,694 [INFO]  Epoch[0] Validation-souders-accuracy=0.000000
2024-03-31 20:18:00,697 [INFO]  Epoch[1] Batch [0-4]	Speed: 27288.35 samples/sec	cross-entropy=5.247882	souders-accuracy=0.000000
2024-03-31 20:18:00,698 [INFO]  Epoch[1] Train-cross-entropy=5.429400
2024-03-31 20:18:00,698 [INFO]  Epoch[1] Train-souders-accuracy=0.000000
2024-03-31 20:18:00,698 [INFO]  Epoch[1] Time cost=0.004
2024-03-31 20:18:00,700 [INFO]  Saved checkpoint to "./imputer_model/imputer_model_souders/model-0001.params"
2024-03-31 20:18:00,700 [INFO]  Epoch[1] Validation-cross-entropy=11.464266
2024-03-31 20:18:00,700 [INFO]  Epoch[1] Validation-souders-accuracy=0.000000
2024-03-31 20:18:00,703 [INFO]  Epoch[2] Batch [0-4]	Speed: 28185.16 samples/sec	cross-entropy=3.256228	souders-accuracy=0.000000
2024-03-31 20:18:00,705 [INFO]  Epoch[2] Train-cross-entropy=3.204710
2024-03-31 20:18:00,705 [INFO]  Epoch[2] Train-souders-accuracy=0.000000
2024-03-31 20:18:00,705 [INFO]  Epoch[2] Time cost=0.004
2024-03-31 20:18:00,706 [INFO]  Saved checkpoint to "./imputer_model/imputer_model_souders/model-0002.params"
2024-03-31 20:18:00,706 [INFO]  Epoch[2] Validation-cross-entropy=2.535424
2024-03-31 20:18:00,706 [INFO]  Epoch[2] Validation-souders-accuracy=0.000000
2024-03-31 20:18:00,709 [INFO]  Epoch[3] Batch [0-4]	Speed: 27062.75 samples/sec	cross-entropy=1.780642	souders-accuracy=0.000000
2024-03-31 20:18:00,711 [INFO]  Epoch[3] Train-cross-entropy=1.825592
2024-03-31 20:18:00,711 [INFO]  Epoch[3] Train-souders-accuracy=0.000000
2024-03-31 20:18:00,711 [INFO]  Epoch[3] Time cost=0.004
2024-03-31 20:18:00,712 [INFO]  Saved checkpoint to "./imputer_model/imputer_model_souders/model-0003.params"
2024-03-31 20:18:00,712 [INFO]  Epoch[3] Validation-cross-entropy=0.829452
2024-03-31 20:18:00,712 [INFO]  Epoch[3] Validation-souders-accuracy=0.000000
2024-03-31 20:18:00,715 [INFO]  Epoch[4] Batch [0-4]	Speed: 27817.15 samples/sec	cross-entropy=1.119438	souders-accuracy=0.000000
2024-03-31 20:18:00,716 [INFO]  Epoch[4] Train-cross-entropy=1.103076
2024-03-31 20:18:00,717 [INFO]  Epoch[4] Train-souders-accuracy=0.000000
2024-03-31 20:18:00,717 [INFO]  Epoch[4] Time cost=0.004
2024-03-31 20:18:00,718 [INFO]  Saved checkpoint to "./imputer_model/imputer_model_souders/model-0004.params"
2024-03-31 20:18:00,718 [INFO]  Epoch[4] Validation-cross-entropy=1.294697
2024-03-31 20:18:00,718 [INFO]  Epoch[4] Validation-souders-accuracy=0.000000
2024-03-31 20:18:00,718 [INFO]  
========== done (0.031739234924316406 s) fit model
2024-03-31 20:18:04,928 [INFO]  
========== start: fit model
2024-03-31 20:18:04,928 [WARNING]  Already bound, ignoring bind()
2024-03-31 20:18:04,934 [INFO]  Epoch[0] Batch [0-4]	Speed: 18731.10 samples/sec	cross-entropy=21.261068	souders-accuracy=3.000000
2024-03-31 20:18:04,935 [INFO]  Epoch[0] Train-cross-entropy=18.343945
2024-03-31 20:18:04,935 [INFO]  Epoch[0] Train-souders-accuracy=3.142857
2024-03-31 20:18:04,935 [INFO]  Epoch[0] Time cost=0.007
2024-03-31 20:18:04,937 [INFO]  Saved checkpoint to "./imputer_model/imputer_model_souders/model-0000.params"
2024-03-31 20:18:04,937 [INFO]  Epoch[0] Validation-cross-entropy=15.240789
2024-03-31 20:18:04,937 [INFO]  Epoch[0] Validation-souders-accuracy=0.000000
2024-03-31 20:18:04,944 [INFO]  Epoch[1] Batch [0-4]	Speed: 11839.43 samples/sec	cross-entropy=7.429152	souders-accuracy=3.000000
2024-03-31 20:18:04,948 [INFO]  Epoch[1] Train-cross-entropy=6.973896
2024-03-31 20:18:04,948 [INFO]  Epoch[1] Train-souders-accuracy=3.142857
2024-03-31 20:18:04,948 [INFO]  Epoch[1] Time cost=0.011
2024-03-31 20:18:04,951 [INFO]  Saved checkpoint to "./imputer_model/imputer_model_souders/model-0001.params"
2024-03-31 20:18:04,952 [INFO]  Epoch[1] Validation-cross-entropy=8.324192
2024-03-31 20:18:04,952 [INFO]  Epoch[1] Validation-souders-accuracy=0.000000
2024-03-31 20:18:04,958 [INFO]  Epoch[2] Batch [0-4]	Speed: 14495.92 samples/sec	cross-entropy=4.405142	souders-accuracy=3.000000
2024-03-31 20:18:04,960 [INFO]  Epoch[2] Train-cross-entropy=4.342281
2024-03-31 20:18:04,960 [INFO]  Epoch[2] Train-souders-accuracy=3.142857
2024-03-31 20:18:04,960 [INFO]  Epoch[2] Time cost=0.008
2024-03-31 20:18:04,962 [INFO]  Saved checkpoint to "./imputer_model/imputer_model_souders/model-0002.params"
2024-03-31 20:18:04,962 [INFO]  Epoch[2] Validation-cross-entropy=3.794381
2024-03-31 20:18:04,962 [INFO]  Epoch[2] Validation-souders-accuracy=0.000000
2024-03-31 20:18:04,966 [INFO]  Epoch[3] Batch [0-4]	Speed: 21274.01 samples/sec	cross-entropy=2.730596	souders-accuracy=3.000000
2024-03-31 20:18:04,968 [INFO]  Epoch[3] Train-cross-entropy=2.749288
2024-03-31 20:18:04,968 [INFO]  Epoch[3] Train-souders-accuracy=3.142857
2024-03-31 20:18:04,968 [INFO]  Epoch[3] Time cost=0.005
2024-03-31 20:18:04,969 [INFO]  Saved checkpoint to "./imputer_model/imputer_model_souders/model-0003.params"
2024-03-31 20:18:04,970 [INFO]  Epoch[3] Validation-cross-entropy=2.400429
2024-03-31 20:18:04,970 [INFO]  Epoch[3] Validation-souders-accuracy=0.000000
2024-03-31 20:18:04,973 [INFO]  Epoch[4] Batch [0-4]	Speed: 24667.84 samples/sec	cross-entropy=1.554697	souders-accuracy=3.000000
2024-03-31 20:18:04,975 [INFO]  Epoch[4] Train-cross-entropy=1.607467
2024-03-31 20:18:04,975 [INFO]  Epoch[4] Train-souders-accuracy=3.142857
2024-03-31 20:18:04,975 [INFO]  Epoch[4] Time cost=0.005
2024-03-31 20:18:04,976 [INFO]  Saved checkpoint to "./imputer_model/imputer_model_souders/model-0004.params"
2024-03-31 20:18:04,977 [INFO]  Epoch[4] Validation-cross-entropy=2.148518
2024-03-31 20:18:04,977 [INFO]  Epoch[4] Validation-souders-accuracy=0.000000
2024-03-31 20:18:04,977 [INFO]  
========== done (0.04947471618652344 s) fit model
2024-03-31 20:18:08,754 [INFO]  
========== start: fit model
2024-03-31 20:18:08,754 [WARNING]  Already bound, ignoring bind()
2024-03-31 20:18:08,759 [INFO]  Epoch[0] Batch [0-4]	Speed: 21095.12 samples/sec	cross-entropy=11.023771	souders-accuracy=0.000000
2024-03-31 20:18:08,761 [INFO]  Epoch[0] Train-cross-entropy=10.810223
2024-03-31 20:18:08,761 [INFO]  Epoch[0] Train-souders-accuracy=0.000000
2024-03-31 20:18:08,761 [INFO]  Epoch[0] Time cost=0.006
2024-03-31 20:18:08,762 [INFO]  Saved checkpoint to "./imputer_model/imputer_model_souders/model-0000.params"
2024-03-31 20:18:08,763 [INFO]  Epoch[0] Validation-cross-entropy=10.757379
2024-03-31 20:18:08,763 [INFO]  Epoch[0] Validation-souders-accuracy=0.000000
2024-03-31 20:18:08,766 [INFO]  Epoch[1] Batch [0-4]	Speed: 24222.65 samples/sec	cross-entropy=4.397894	souders-accuracy=0.000000
2024-03-31 20:18:08,768 [INFO]  Epoch[1] Train-cross-entropy=4.124750
2024-03-31 20:18:08,768 [INFO]  Epoch[1] Train-souders-accuracy=0.000000
2024-03-31 20:18:08,768 [INFO]  Epoch[1] Time cost=0.005
2024-03-31 20:18:08,769 [INFO]  Saved checkpoint to "./imputer_model/imputer_model_souders/model-0001.params"
2024-03-31 20:18:08,770 [INFO]  Epoch[1] Validation-cross-entropy=7.471025
2024-03-31 20:18:08,770 [INFO]  Epoch[1] Validation-souders-accuracy=0.000000
2024-03-31 20:18:08,773 [INFO]  Epoch[2] Batch [0-4]	Speed: 24244.53 samples/sec	cross-entropy=3.251286	souders-accuracy=0.000000
2024-03-31 20:18:08,775 [INFO]  Epoch[2] Train-cross-entropy=2.847486
2024-03-31 20:18:08,775 [INFO]  Epoch[2] Train-souders-accuracy=0.000000
2024-03-31 20:18:08,775 [INFO]  Epoch[2] Time cost=0.005
2024-03-31 20:18:08,776 [INFO]  Saved checkpoint to "./imputer_model/imputer_model_souders/model-0002.params"
2024-03-31 20:18:08,777 [INFO]  Epoch[2] Validation-cross-entropy=4.919031
2024-03-31 20:18:08,777 [INFO]  Epoch[2] Validation-souders-accuracy=0.000000
2024-03-31 20:18:08,780 [INFO]  Epoch[3] Batch [0-4]	Speed: 28108.42 samples/sec	cross-entropy=1.712222	souders-accuracy=0.000000
2024-03-31 20:18:08,781 [INFO]  Epoch[3] Train-cross-entropy=1.619228
2024-03-31 20:18:08,781 [INFO]  Epoch[3] Train-souders-accuracy=0.000000
2024-03-31 20:18:08,781 [INFO]  Epoch[3] Time cost=0.004
2024-03-31 20:18:08,782 [INFO]  Saved checkpoint to "./imputer_model/imputer_model_souders/model-0003.params"
2024-03-31 20:18:08,782 [INFO]  Epoch[3] Validation-cross-entropy=3.278764
2024-03-31 20:18:08,782 [INFO]  Epoch[3] Validation-souders-accuracy=0.000000
2024-03-31 20:18:08,785 [INFO]  Epoch[4] Batch [0-4]	Speed: 28262.31 samples/sec	cross-entropy=0.960671	souders-accuracy=0.000000
2024-03-31 20:18:08,787 [INFO]  Epoch[4] Train-cross-entropy=0.878046
2024-03-31 20:18:08,787 [INFO]  Epoch[4] Train-souders-accuracy=0.000000
2024-03-31 20:18:08,787 [INFO]  Epoch[4] Time cost=0.004
2024-03-31 20:18:08,788 [INFO]  Saved checkpoint to "./imputer_model/imputer_model_souders/model-0004.params"
2024-03-31 20:18:08,788 [INFO]  Epoch[4] Validation-cross-entropy=2.380288
2024-03-31 20:18:08,788 [INFO]  Epoch[4] Validation-souders-accuracy=0.000000
2024-03-31 20:18:08,788 [INFO]  
========== done (0.034636497497558594 s) fit model
2024-03-31 20:18:12,669 [INFO]  
========== start: fit model
2024-03-31 20:18:12,670 [WARNING]  Already bound, ignoring bind()
2024-03-31 20:18:12,681 [INFO]  Epoch[0] Batch [0-4]	Speed: 14456.89 samples/sec	cross-entropy=14.948692	souders-accuracy=0.000000
2024-03-31 20:18:12,683 [INFO]  Epoch[0] Train-cross-entropy=12.387875
2024-03-31 20:18:12,684 [INFO]  Epoch[0] Train-souders-accuracy=0.000000
2024-03-31 20:18:12,684 [INFO]  Epoch[0] Time cost=0.013
2024-03-31 20:18:12,685 [INFO]  Saved checkpoint to "./imputer_model/imputer_model_souders/model-0000.params"
2024-03-31 20:18:12,686 [INFO]  Epoch[0] Validation-cross-entropy=9.973779
2024-03-31 20:18:12,686 [INFO]  Epoch[0] Validation-souders-accuracy=0.000000
2024-03-31 20:18:12,692 [INFO]  Epoch[1] Batch [0-4]	Speed: 16896.55 samples/sec	cross-entropy=4.787249	souders-accuracy=0.000000
2024-03-31 20:18:12,694 [INFO]  Epoch[1] Train-cross-entropy=4.216604
2024-03-31 20:18:12,694 [INFO]  Epoch[1] Train-souders-accuracy=0.000000
2024-03-31 20:18:12,694 [INFO]  Epoch[1] Time cost=0.008
2024-03-31 20:18:12,695 [INFO]  Saved checkpoint to "./imputer_model/imputer_model_souders/model-0001.params"
2024-03-31 20:18:12,696 [INFO]  Epoch[1] Validation-cross-entropy=7.816908
2024-03-31 20:18:12,696 [INFO]  Epoch[1] Validation-souders-accuracy=0.000000
2024-03-31 20:18:12,700 [INFO]  Epoch[2] Batch [0-4]	Speed: 24602.28 samples/sec	cross-entropy=3.469831	souders-accuracy=0.000000
2024-03-31 20:18:12,701 [INFO]  Epoch[2] Train-cross-entropy=2.960215
2024-03-31 20:18:12,701 [INFO]  Epoch[2] Train-souders-accuracy=0.000000
2024-03-31 20:18:12,701 [INFO]  Epoch[2] Time cost=0.005
2024-03-31 20:18:12,702 [INFO]  Saved checkpoint to "./imputer_model/imputer_model_souders/model-0002.params"
2024-03-31 20:18:12,703 [INFO]  Epoch[2] Validation-cross-entropy=5.464584
2024-03-31 20:18:12,703 [INFO]  Epoch[2] Validation-souders-accuracy=0.000000
2024-03-31 20:18:12,706 [INFO]  Epoch[3] Batch [0-4]	Speed: 28084.90 samples/sec	cross-entropy=1.864280	souders-accuracy=0.000000
2024-03-31 20:18:12,707 [INFO]  Epoch[3] Train-cross-entropy=1.643469
2024-03-31 20:18:12,707 [INFO]  Epoch[3] Train-souders-accuracy=0.000000
2024-03-31 20:18:12,707 [INFO]  Epoch[3] Time cost=0.004
2024-03-31 20:18:12,708 [INFO]  Saved checkpoint to "./imputer_model/imputer_model_souders/model-0003.params"
2024-03-31 20:18:12,708 [INFO]  Epoch[3] Validation-cross-entropy=5.304909
2024-03-31 20:18:12,709 [INFO]  Epoch[3] Validation-souders-accuracy=0.000000
2024-03-31 20:18:12,712 [INFO]  Epoch[4] Batch [0-4]	Speed: 28250.42 samples/sec	cross-entropy=1.185770	souders-accuracy=0.000000
2024-03-31 20:18:12,713 [INFO]  Epoch[4] Train-cross-entropy=1.166160
2024-03-31 20:18:12,713 [INFO]  Epoch[4] Train-souders-accuracy=0.000000
2024-03-31 20:18:12,713 [INFO]  Epoch[4] Time cost=0.004
2024-03-31 20:18:12,714 [INFO]  Saved checkpoint to "./imputer_model/imputer_model_souders/model-0004.params"
2024-03-31 20:18:12,714 [INFO]  Epoch[4] Validation-cross-entropy=4.657255
2024-03-31 20:18:12,714 [INFO]  Epoch[4] Validation-souders-accuracy=0.000000
2024-03-31 20:18:12,714 [INFO]  
========== done (0.04503345489501953 s) fit model
2024-03-31 20:18:16,599 [INFO]  
========== start: fit model
2024-03-31 20:18:16,599 [WARNING]  Already bound, ignoring bind()
2024-03-31 20:18:16,605 [INFO]  Epoch[0] Batch [0-4]	Speed: 26038.94 samples/sec	cross-entropy=18.225809	souders-accuracy=4.200000
2024-03-31 20:18:16,607 [INFO]  Epoch[0] Train-cross-entropy=16.750923
2024-03-31 20:18:16,607 [INFO]  Epoch[0] Train-souders-accuracy=3.714286
2024-03-31 20:18:16,607 [INFO]  Epoch[0] Time cost=0.007
2024-03-31 20:18:16,608 [INFO]  Saved checkpoint to "./imputer_model/imputer_model_souders/model-0000.params"
2024-03-31 20:18:16,608 [INFO]  Epoch[0] Validation-cross-entropy=6.074525
2024-03-31 20:18:16,608 [INFO]  Epoch[0] Validation-souders-accuracy=0.000000
2024-03-31 20:18:16,612 [INFO]  Epoch[1] Batch [0-4]	Speed: 26733.94 samples/sec	cross-entropy=5.010736	souders-accuracy=4.200000
2024-03-31 20:18:16,617 [INFO]  Epoch[1] Train-cross-entropy=5.363917
2024-03-31 20:18:16,617 [INFO]  Epoch[1] Train-souders-accuracy=3.714286
2024-03-31 20:18:16,617 [INFO]  Epoch[1] Time cost=0.009
2024-03-31 20:18:16,619 [INFO]  Saved checkpoint to "./imputer_model/imputer_model_souders/model-0001.params"
2024-03-31 20:18:16,620 [INFO]  Epoch[1] Validation-cross-entropy=2.934610
2024-03-31 20:18:16,620 [INFO]  Epoch[1] Validation-souders-accuracy=0.000000
2024-03-31 20:18:16,625 [INFO]  Epoch[2] Batch [0-4]	Speed: 15566.89 samples/sec	cross-entropy=3.539820	souders-accuracy=4.200000
2024-03-31 20:18:16,627 [INFO]  Epoch[2] Train-cross-entropy=3.524172
2024-03-31 20:18:16,627 [INFO]  Epoch[2] Train-souders-accuracy=3.714286
2024-03-31 20:18:16,627 [INFO]  Epoch[2] Time cost=0.008
2024-03-31 20:18:16,629 [INFO]  Saved checkpoint to "./imputer_model/imputer_model_souders/model-0002.params"
2024-03-31 20:18:16,636 [INFO]  Epoch[2] Validation-cross-entropy=1.845183
2024-03-31 20:18:16,636 [INFO]  Epoch[2] Validation-souders-accuracy=0.000000
2024-03-31 20:18:16,639 [INFO]  Epoch[3] Batch [0-4]	Speed: 27880.71 samples/sec	cross-entropy=2.150183	souders-accuracy=4.200000
2024-03-31 20:18:16,640 [INFO]  Epoch[3] Train-cross-entropy=2.010490
2024-03-31 20:18:16,640 [INFO]  Epoch[3] Train-souders-accuracy=3.714286
2024-03-31 20:18:16,640 [INFO]  Epoch[3] Time cost=0.004
2024-03-31 20:18:16,641 [INFO]  Saved checkpoint to "./imputer_model/imputer_model_souders/model-0003.params"
2024-03-31 20:18:16,642 [INFO]  Epoch[3] Validation-cross-entropy=1.405559
2024-03-31 20:18:16,642 [INFO]  Epoch[3] Validation-souders-accuracy=0.000000
2024-03-31 20:18:16,645 [INFO]  Epoch[4] Batch [0-4]	Speed: 23594.57 samples/sec	cross-entropy=1.310509	souders-accuracy=4.200000
2024-03-31 20:18:16,647 [INFO]  Epoch[4] Train-cross-entropy=1.240504
2024-03-31 20:18:16,647 [INFO]  Epoch[4] Train-souders-accuracy=3.714286
2024-03-31 20:18:16,647 [INFO]  Epoch[4] Time cost=0.005
2024-03-31 20:18:16,648 [INFO]  Saved checkpoint to "./imputer_model/imputer_model_souders/model-0004.params"
2024-03-31 20:18:16,649 [INFO]  Epoch[4] Validation-cross-entropy=1.956618
2024-03-31 20:18:16,649 [INFO]  Epoch[4] Validation-souders-accuracy=0.000000
2024-03-31 20:18:16,649 [INFO]  
========== done (0.04995250701904297 s) fit model
2024-03-31 20:18:20,620 [INFO]  
========== start: fit model
2024-03-31 20:18:20,620 [WARNING]  Already bound, ignoring bind()
2024-03-31 20:18:20,625 [INFO]  Epoch[0] Batch [0-4]	Speed: 23690.36 samples/sec	cross-entropy=9.300172	souders-accuracy=0.000000
2024-03-31 20:18:20,626 [INFO]  Epoch[0] Train-cross-entropy=8.176021
2024-03-31 20:18:20,626 [INFO]  Epoch[0] Train-souders-accuracy=0.000000
2024-03-31 20:18:20,626 [INFO]  Epoch[0] Time cost=0.005
2024-03-31 20:18:20,628 [INFO]  Saved checkpoint to "./imputer_model/imputer_model_souders/model-0000.params"
2024-03-31 20:18:20,628 [INFO]  Epoch[0] Validation-cross-entropy=4.318320
2024-03-31 20:18:20,628 [INFO]  Epoch[0] Validation-souders-accuracy=0.000000
2024-03-31 20:18:20,637 [INFO]  Epoch[1] Batch [0-4]	Speed: 9960.13 samples/sec	cross-entropy=3.827280	souders-accuracy=0.000000
2024-03-31 20:18:20,640 [INFO]  Epoch[1] Train-cross-entropy=3.390920
2024-03-31 20:18:20,640 [INFO]  Epoch[1] Train-souders-accuracy=0.000000
2024-03-31 20:18:20,640 [INFO]  Epoch[1] Time cost=0.011
2024-03-31 20:18:20,642 [INFO]  Saved checkpoint to "./imputer_model/imputer_model_souders/model-0001.params"
2024-03-31 20:18:20,643 [INFO]  Epoch[1] Validation-cross-entropy=2.102178
2024-03-31 20:18:20,643 [INFO]  Epoch[1] Validation-souders-accuracy=0.000000
2024-03-31 20:18:20,648 [INFO]  Epoch[2] Batch [0-4]	Speed: 16286.58 samples/sec	cross-entropy=2.042353	souders-accuracy=0.000000
2024-03-31 20:18:20,650 [INFO]  Epoch[2] Train-cross-entropy=1.787516
2024-03-31 20:18:20,650 [INFO]  Epoch[2] Train-souders-accuracy=0.000000
2024-03-31 20:18:20,650 [INFO]  Epoch[2] Time cost=0.007
2024-03-31 20:18:20,652 [INFO]  Saved checkpoint to "./imputer_model/imputer_model_souders/model-0002.params"
2024-03-31 20:18:20,652 [INFO]  Epoch[2] Validation-cross-entropy=1.800455
2024-03-31 20:18:20,652 [INFO]  Epoch[2] Validation-souders-accuracy=0.000000
2024-03-31 20:18:20,656 [INFO]  Epoch[3] Batch [0-4]	Speed: 19501.30 samples/sec	cross-entropy=1.178509	souders-accuracy=0.000000
2024-03-31 20:18:20,658 [INFO]  Epoch[3] Train-cross-entropy=1.055888
2024-03-31 20:18:20,658 [INFO]  Epoch[3] Train-souders-accuracy=0.000000
2024-03-31 20:18:20,658 [INFO]  Epoch[3] Time cost=0.006
2024-03-31 20:18:20,659 [INFO]  Saved checkpoint to "./imputer_model/imputer_model_souders/model-0003.params"
2024-03-31 20:18:20,660 [INFO]  Epoch[3] Validation-cross-entropy=1.819309
2024-03-31 20:18:20,660 [INFO]  Epoch[3] Validation-souders-accuracy=0.000000
2024-03-31 20:18:20,663 [INFO]  Epoch[4] Batch [0-4]	Speed: 28108.42 samples/sec	cross-entropy=0.691696	souders-accuracy=0.000000
2024-03-31 20:18:20,664 [INFO]  Epoch[4] Train-cross-entropy=0.606357
2024-03-31 20:18:20,664 [INFO]  Epoch[4] Train-souders-accuracy=0.000000
2024-03-31 20:18:20,664 [INFO]  Epoch[4] Time cost=0.004
2024-03-31 20:18:20,665 [INFO]  Saved checkpoint to "./imputer_model/imputer_model_souders/model-0004.params"
2024-03-31 20:18:20,665 [INFO]  Epoch[4] Validation-cross-entropy=0.984316
2024-03-31 20:18:20,665 [INFO]  Epoch[4] Validation-souders-accuracy=0.000000
2024-03-31 20:18:20,666 [INFO]  
========== done (0.04570150375366211 s) fit model
2024-03-31 20:18:24,723 [INFO]  
========== start: fit model
2024-03-31 20:18:24,723 [WARNING]  Already bound, ignoring bind()
2024-03-31 20:18:24,728 [INFO]  Epoch[0] Batch [0-4]	Speed: 22171.92 samples/sec	cross-entropy=19.992833	souders-accuracy=4.200000
2024-03-31 20:18:24,729 [INFO]  Epoch[0] Train-cross-entropy=16.917484
2024-03-31 20:18:24,730 [INFO]  Epoch[0] Train-souders-accuracy=3.714286
2024-03-31 20:18:24,730 [INFO]  Epoch[0] Time cost=0.006
2024-03-31 20:18:24,731 [INFO]  Saved checkpoint to "./imputer_model/imputer_model_souders/model-0000.params"
2024-03-31 20:18:24,732 [INFO]  Epoch[0] Validation-cross-entropy=9.485387
2024-03-31 20:18:24,732 [INFO]  Epoch[0] Validation-souders-accuracy=0.000000
2024-03-31 20:18:24,735 [INFO]  Epoch[1] Batch [0-4]	Speed: 23370.66 samples/sec	cross-entropy=6.406651	souders-accuracy=4.200000
2024-03-31 20:18:24,737 [INFO]  Epoch[1] Train-cross-entropy=5.779138
2024-03-31 20:18:24,737 [INFO]  Epoch[1] Train-souders-accuracy=3.714286
2024-03-31 20:18:24,737 [INFO]  Epoch[1] Time cost=0.005
2024-03-31 20:18:24,738 [INFO]  Saved checkpoint to "./imputer_model/imputer_model_souders/model-0001.params"
2024-03-31 20:18:24,739 [INFO]  Epoch[1] Validation-cross-entropy=3.047169
2024-03-31 20:18:24,739 [INFO]  Epoch[1] Validation-souders-accuracy=0.000000
2024-03-31 20:18:24,742 [INFO]  Epoch[2] Batch [0-4]	Speed: 23470.79 samples/sec	cross-entropy=3.596936	souders-accuracy=4.200000
2024-03-31 20:18:24,744 [INFO]  Epoch[2] Train-cross-entropy=3.178510
2024-03-31 20:18:24,744 [INFO]  Epoch[2] Train-souders-accuracy=3.714286
2024-03-31 20:18:24,744 [INFO]  Epoch[2] Time cost=0.005
2024-03-31 20:18:24,746 [INFO]  Saved checkpoint to "./imputer_model/imputer_model_souders/model-0002.params"
2024-03-31 20:18:24,746 [INFO]  Epoch[2] Validation-cross-entropy=1.301070
2024-03-31 20:18:24,746 [INFO]  Epoch[2] Validation-souders-accuracy=0.000000
2024-03-31 20:18:24,750 [INFO]  Epoch[3] Batch [0-4]	Speed: 23829.16 samples/sec	cross-entropy=2.357048	souders-accuracy=4.200000
2024-03-31 20:18:24,751 [INFO]  Epoch[3] Train-cross-entropy=2.035938
2024-03-31 20:18:24,751 [INFO]  Epoch[3] Train-souders-accuracy=3.714286
2024-03-31 20:18:24,751 [INFO]  Epoch[3] Time cost=0.005
2024-03-31 20:18:24,753 [INFO]  Saved checkpoint to "./imputer_model/imputer_model_souders/model-0003.params"
2024-03-31 20:18:24,753 [INFO]  Epoch[3] Validation-cross-entropy=1.511519
2024-03-31 20:18:24,753 [INFO]  Epoch[3] Validation-souders-accuracy=0.000000
2024-03-31 20:18:24,757 [INFO]  Epoch[4] Batch [0-4]	Speed: 22142.66 samples/sec	cross-entropy=1.377211	souders-accuracy=4.200000
2024-03-31 20:18:24,758 [INFO]  Epoch[4] Train-cross-entropy=1.235737
2024-03-31 20:18:24,758 [INFO]  Epoch[4] Train-souders-accuracy=3.714286
2024-03-31 20:18:24,758 [INFO]  Epoch[4] Time cost=0.005
2024-03-31 20:18:24,760 [INFO]  Saved checkpoint to "./imputer_model/imputer_model_souders/model-0004.params"
2024-03-31 20:18:24,760 [INFO]  Epoch[4] Validation-cross-entropy=1.616931
2024-03-31 20:18:24,760 [INFO]  Epoch[4] Validation-souders-accuracy=0.000000
2024-03-31 20:18:24,760 [INFO]  
========== done (0.03777313232421875 s) fit model
2024-03-31 20:18:30,217 [INFO]  
========== start: fit model
2024-03-31 20:18:30,218 [WARNING]  Already bound, ignoring bind()
2024-03-31 20:18:30,234 [INFO]  Epoch[0] Batch [0-4]	Speed: 15190.73 samples/sec	cross-entropy=13.808166	souders-accuracy=4.400000
2024-03-31 20:18:30,286 [INFO]  Epoch[0] Train-cross-entropy=11.690780
2024-03-31 20:18:30,286 [INFO]  Epoch[0] Train-souders-accuracy=4.000000
2024-03-31 20:18:30,286 [INFO]  Epoch[0] Time cost=0.067
2024-03-31 20:18:30,287 [INFO]  Saved checkpoint to "./imputer_model/imputer_model_souders/model-0000.params"
2024-03-31 20:18:30,294 [INFO]  Epoch[0] Validation-cross-entropy=11.486470
2024-03-31 20:18:30,294 [INFO]  Epoch[0] Validation-souders-accuracy=0.000000
2024-03-31 20:18:30,297 [INFO]  Epoch[1] Batch [0-4]	Speed: 28173.33 samples/sec	cross-entropy=4.851608	souders-accuracy=4.400000
2024-03-31 20:18:30,299 [INFO]  Epoch[1] Train-cross-entropy=4.398117
2024-03-31 20:18:30,299 [INFO]  Epoch[1] Train-souders-accuracy=4.000000
2024-03-31 20:18:30,299 [INFO]  Epoch[1] Time cost=0.004
2024-03-31 20:18:30,300 [INFO]  Saved checkpoint to "./imputer_model/imputer_model_souders/model-0001.params"
2024-03-31 20:18:30,301 [INFO]  Epoch[1] Validation-cross-entropy=7.739787
2024-03-31 20:18:30,301 [INFO]  Epoch[1] Validation-souders-accuracy=0.000000
2024-03-31 20:18:30,305 [INFO]  Epoch[2] Batch [0-4]	Speed: 19995.19 samples/sec	cross-entropy=2.321487	souders-accuracy=4.400000
2024-03-31 20:18:30,306 [INFO]  Epoch[2] Train-cross-entropy=2.024530
2024-03-31 20:18:30,306 [INFO]  Epoch[2] Train-souders-accuracy=4.000000
2024-03-31 20:18:30,307 [INFO]  Epoch[2] Time cost=0.006
2024-03-31 20:18:30,308 [INFO]  Saved checkpoint to "./imputer_model/imputer_model_souders/model-0002.params"
2024-03-31 20:18:30,308 [INFO]  Epoch[2] Validation-cross-entropy=4.847510
2024-03-31 20:18:30,308 [INFO]  Epoch[2] Validation-souders-accuracy=0.000000
2024-03-31 20:18:30,311 [INFO]  Epoch[3] Batch [0-4]	Speed: 28262.31 samples/sec	cross-entropy=1.434932	souders-accuracy=4.400000
2024-03-31 20:18:30,312 [INFO]  Epoch[3] Train-cross-entropy=1.262577
2024-03-31 20:18:30,312 [INFO]  Epoch[3] Train-souders-accuracy=4.000000
2024-03-31 20:18:30,312 [INFO]  Epoch[3] Time cost=0.004
2024-03-31 20:18:30,313 [INFO]  Saved checkpoint to "./imputer_model/imputer_model_souders/model-0003.params"
2024-03-31 20:18:30,314 [INFO]  Epoch[3] Validation-cross-entropy=3.640240
2024-03-31 20:18:30,314 [INFO]  Epoch[3] Validation-souders-accuracy=0.000000
2024-03-31 20:18:30,317 [INFO]  Epoch[4] Batch [0-4]	Speed: 28578.25 samples/sec	cross-entropy=0.865810	souders-accuracy=4.400000
2024-03-31 20:18:30,318 [INFO]  Epoch[4] Train-cross-entropy=0.803025
2024-03-31 20:18:30,318 [INFO]  Epoch[4] Train-souders-accuracy=4.000000
2024-03-31 20:18:30,318 [INFO]  Epoch[4] Time cost=0.004
2024-03-31 20:18:30,319 [INFO]  Saved checkpoint to "./imputer_model/imputer_model_souders/model-0004.params"
2024-03-31 20:18:30,320 [INFO]  Epoch[4] Validation-cross-entropy=2.741745
2024-03-31 20:18:30,320 [INFO]  Epoch[4] Validation-souders-accuracy=0.000000
2024-03-31 20:18:30,320 [INFO]  
========== done (0.10246491432189941 s) fit model
2024-03-31 20:18:35,728 [INFO]  
========== start: fit model
2024-03-31 20:18:35,728 [WARNING]  Already bound, ignoring bind()
2024-03-31 20:18:35,751 [INFO]  Epoch[0] Batch [0-4]	Speed: 7685.83 samples/sec	cross-entropy=11.135993	souders-accuracy=3.800000
2024-03-31 20:18:35,752 [INFO]  Epoch[0] Train-cross-entropy=10.066299
2024-03-31 20:18:35,753 [INFO]  Epoch[0] Train-souders-accuracy=3.857143
2024-03-31 20:18:35,753 [INFO]  Epoch[0] Time cost=0.023
2024-03-31 20:18:35,754 [INFO]  Saved checkpoint to "./imputer_model/imputer_model_souders/model-0000.params"
2024-03-31 20:18:35,755 [INFO]  Epoch[0] Validation-cross-entropy=4.145286
2024-03-31 20:18:35,755 [INFO]  Epoch[0] Validation-souders-accuracy=0.000000
2024-03-31 20:18:35,763 [INFO]  Epoch[1] Batch [0-4]	Speed: 9355.11 samples/sec	cross-entropy=3.589594	souders-accuracy=3.800000
2024-03-31 20:18:35,765 [INFO]  Epoch[1] Train-cross-entropy=3.576769
2024-03-31 20:18:35,765 [INFO]  Epoch[1] Train-souders-accuracy=3.857143
2024-03-31 20:18:35,765 [INFO]  Epoch[1] Time cost=0.010
2024-03-31 20:18:35,767 [INFO]  Saved checkpoint to "./imputer_model/imputer_model_souders/model-0001.params"
2024-03-31 20:18:35,768 [INFO]  Epoch[1] Validation-cross-entropy=2.810104
2024-03-31 20:18:35,768 [INFO]  Epoch[1] Validation-souders-accuracy=0.000000
2024-03-31 20:18:35,779 [INFO]  Epoch[2] Batch [0-4]	Speed: 6142.13 samples/sec	cross-entropy=2.601524	souders-accuracy=3.800000
2024-03-31 20:18:35,782 [INFO]  Epoch[2] Train-cross-entropy=2.471380
2024-03-31 20:18:35,782 [INFO]  Epoch[2] Train-souders-accuracy=3.857143
2024-03-31 20:18:35,782 [INFO]  Epoch[2] Time cost=0.014
2024-03-31 20:18:35,784 [INFO]  Saved checkpoint to "./imputer_model/imputer_model_souders/model-0002.params"
2024-03-31 20:18:35,784 [INFO]  Epoch[2] Validation-cross-entropy=2.154079
2024-03-31 20:18:35,785 [INFO]  Epoch[2] Validation-souders-accuracy=0.000000
2024-03-31 20:18:35,789 [INFO]  Epoch[3] Batch [0-4]	Speed: 22785.46 samples/sec	cross-entropy=1.491573	souders-accuracy=3.800000
2024-03-31 20:18:35,791 [INFO]  Epoch[3] Train-cross-entropy=1.466043
2024-03-31 20:18:35,791 [INFO]  Epoch[3] Train-souders-accuracy=3.857143
2024-03-31 20:18:35,791 [INFO]  Epoch[3] Time cost=0.007
2024-03-31 20:18:35,795 [INFO]  Saved checkpoint to "./imputer_model/imputer_model_souders/model-0003.params"
2024-03-31 20:18:35,813 [INFO]  Epoch[3] Validation-cross-entropy=1.892614
2024-03-31 20:18:35,813 [INFO]  Epoch[3] Validation-souders-accuracy=0.000000
2024-03-31 20:18:35,817 [INFO]  Epoch[4] Batch [0-4]	Speed: 24510.18 samples/sec	cross-entropy=0.940205	souders-accuracy=3.800000
2024-03-31 20:18:35,818 [INFO]  Epoch[4] Train-cross-entropy=0.921442
2024-03-31 20:18:35,818 [INFO]  Epoch[4] Train-souders-accuracy=3.857143
2024-03-31 20:18:35,818 [INFO]  Epoch[4] Time cost=0.005
2024-03-31 20:18:35,820 [INFO]  Saved checkpoint to "./imputer_model/imputer_model_souders/model-0004.params"
2024-03-31 20:18:35,820 [INFO]  Epoch[4] Validation-cross-entropy=2.051500
2024-03-31 20:18:35,820 [INFO]  Epoch[4] Validation-souders-accuracy=0.000000
2024-03-31 20:18:35,820 [INFO]  
========== done (0.09181571006774902 s) fit model
2024-03-31 20:18:41,810 [INFO]  
========== start: fit model
2024-03-31 20:18:41,810 [WARNING]  Already bound, ignoring bind()
2024-03-31 20:18:41,814 [INFO]  Epoch[0] Batch [0-4]	Speed: 28026.25 samples/sec	cross-entropy=8.680435	souders-accuracy=3.600000
2024-03-31 20:18:41,815 [INFO]  Epoch[0] Train-cross-entropy=8.537571
2024-03-31 20:18:41,816 [INFO]  Epoch[0] Train-souders-accuracy=3.857143
2024-03-31 20:18:41,816 [INFO]  Epoch[0] Time cost=0.005
2024-03-31 20:18:41,817 [INFO]  Saved checkpoint to "./imputer_model/imputer_model_souders/model-0000.params"
2024-03-31 20:18:41,817 [INFO]  Epoch[0] Validation-cross-entropy=4.288688
2024-03-31 20:18:41,817 [INFO]  Epoch[0] Validation-souders-accuracy=0.000000
2024-03-31 20:18:41,820 [INFO]  Epoch[1] Batch [0-4]	Speed: 27313.33 samples/sec	cross-entropy=4.421782	souders-accuracy=3.600000
2024-03-31 20:18:41,822 [INFO]  Epoch[1] Train-cross-entropy=3.840656
2024-03-31 20:18:41,822 [INFO]  Epoch[1] Train-souders-accuracy=3.857143
2024-03-31 20:18:41,822 [INFO]  Epoch[1] Time cost=0.004
2024-03-31 20:18:41,823 [INFO]  Saved checkpoint to "./imputer_model/imputer_model_souders/model-0001.params"
2024-03-31 20:18:41,823 [INFO]  Epoch[1] Validation-cross-entropy=3.523532
2024-03-31 20:18:41,823 [INFO]  Epoch[1] Validation-souders-accuracy=0.000000
2024-03-31 20:18:41,827 [INFO]  Epoch[2] Batch [0-4]	Speed: 27255.10 samples/sec	cross-entropy=2.346772	souders-accuracy=3.600000
2024-03-31 20:18:41,828 [INFO]  Epoch[2] Train-cross-entropy=2.094321
2024-03-31 20:18:41,828 [INFO]  Epoch[2] Train-souders-accuracy=3.857143
2024-03-31 20:18:41,828 [INFO]  Epoch[2] Time cost=0.004
2024-03-31 20:18:41,829 [INFO]  Saved checkpoint to "./imputer_model/imputer_model_souders/model-0002.params"
2024-03-31 20:18:41,830 [INFO]  Epoch[2] Validation-cross-entropy=3.191683
2024-03-31 20:18:41,830 [INFO]  Epoch[2] Validation-souders-accuracy=0.000000
2024-03-31 20:18:41,833 [INFO]  Epoch[3] Batch [0-4]	Speed: 27520.55 samples/sec	cross-entropy=1.344735	souders-accuracy=3.600000
2024-03-31 20:18:41,834 [INFO]  Epoch[3] Train-cross-entropy=1.111766
2024-03-31 20:18:41,834 [INFO]  Epoch[3] Train-souders-accuracy=3.857143
2024-03-31 20:18:41,834 [INFO]  Epoch[3] Time cost=0.004
2024-03-31 20:18:41,835 [INFO]  Saved checkpoint to "./imputer_model/imputer_model_souders/model-0003.params"
2024-03-31 20:18:41,835 [INFO]  Epoch[3] Validation-cross-entropy=2.342169
2024-03-31 20:18:41,836 [INFO]  Epoch[3] Validation-souders-accuracy=0.000000
2024-03-31 20:18:41,839 [INFO]  Epoch[4] Batch [0-4]	Speed: 27898.09 samples/sec	cross-entropy=0.746307	souders-accuracy=3.600000
2024-03-31 20:18:41,840 [INFO]  Epoch[4] Train-cross-entropy=0.658074
2024-03-31 20:18:41,840 [INFO]  Epoch[4] Train-souders-accuracy=3.857143
2024-03-31 20:18:41,840 [INFO]  Epoch[4] Time cost=0.004
2024-03-31 20:18:41,841 [INFO]  Saved checkpoint to "./imputer_model/imputer_model_souders/model-0004.params"
2024-03-31 20:18:41,841 [INFO]  Epoch[4] Validation-cross-entropy=1.735319
2024-03-31 20:18:41,841 [INFO]  Epoch[4] Validation-souders-accuracy=0.000000
2024-03-31 20:18:41,841 [INFO]  
========== done (0.031717538833618164 s) fit model
2024-03-31 20:18:46,963 [INFO]  
========== start: fit model
2024-03-31 20:18:46,963 [WARNING]  Already bound, ignoring bind()
2024-03-31 20:18:46,967 [INFO]  Epoch[0] Batch [0-4]	Speed: 27588.43 samples/sec	cross-entropy=21.525955	souders-accuracy=3.200000
2024-03-31 20:18:46,969 [INFO]  Epoch[0] Train-cross-entropy=19.086407
2024-03-31 20:18:46,969 [INFO]  Epoch[0] Train-souders-accuracy=3.000000
2024-03-31 20:18:46,969 [INFO]  Epoch[0] Time cost=0.005
2024-03-31 20:18:46,970 [INFO]  Saved checkpoint to "./imputer_model/imputer_model_souders/model-0000.params"
2024-03-31 20:18:46,973 [INFO]  Epoch[0] Validation-cross-entropy=10.804474
2024-03-31 20:18:46,974 [INFO]  Epoch[0] Validation-souders-accuracy=0.000000
2024-03-31 20:18:46,978 [INFO]  Epoch[1] Batch [0-4]	Speed: 19104.37 samples/sec	cross-entropy=8.615032	souders-accuracy=3.200000
2024-03-31 20:18:46,980 [INFO]  Epoch[1] Train-cross-entropy=7.403551
2024-03-31 20:18:46,980 [INFO]  Epoch[1] Train-souders-accuracy=3.000000
2024-03-31 20:18:46,980 [INFO]  Epoch[1] Time cost=0.006
2024-03-31 20:18:46,982 [INFO]  Saved checkpoint to "./imputer_model/imputer_model_souders/model-0001.params"
2024-03-31 20:18:46,982 [INFO]  Epoch[1] Validation-cross-entropy=5.194004
2024-03-31 20:18:46,982 [INFO]  Epoch[1] Validation-souders-accuracy=0.000000
2024-03-31 20:18:46,987 [INFO]  Epoch[2] Batch [0-4]	Speed: 19848.82 samples/sec	cross-entropy=6.044449	souders-accuracy=3.200000
2024-03-31 20:18:46,988 [INFO]  Epoch[2] Train-cross-entropy=5.253391
2024-03-31 20:18:46,988 [INFO]  Epoch[2] Train-souders-accuracy=3.000000
2024-03-31 20:18:46,988 [INFO]  Epoch[2] Time cost=0.006
2024-03-31 20:18:46,990 [INFO]  Saved checkpoint to "./imputer_model/imputer_model_souders/model-0002.params"
2024-03-31 20:18:46,991 [INFO]  Epoch[2] Validation-cross-entropy=3.799078
2024-03-31 20:18:46,991 [INFO]  Epoch[2] Validation-souders-accuracy=0.000000
2024-03-31 20:18:46,995 [INFO]  Epoch[3] Batch [0-4]	Speed: 19331.37 samples/sec	cross-entropy=3.129281	souders-accuracy=3.200000
2024-03-31 20:18:46,997 [INFO]  Epoch[3] Train-cross-entropy=2.889447
2024-03-31 20:18:46,997 [INFO]  Epoch[3] Train-souders-accuracy=3.000000
2024-03-31 20:18:46,997 [INFO]  Epoch[3] Time cost=0.006
2024-03-31 20:18:47,001 [INFO]  Saved checkpoint to "./imputer_model/imputer_model_souders/model-0003.params"
2024-03-31 20:18:47,043 [INFO]  Epoch[3] Validation-cross-entropy=2.884652
2024-03-31 20:18:47,043 [INFO]  Epoch[3] Validation-souders-accuracy=0.000000
2024-03-31 20:18:47,115 [INFO]  Epoch[4] Batch [0-4]	Speed: 25319.32 samples/sec	cross-entropy=1.693657	souders-accuracy=3.200000
2024-03-31 20:18:47,116 [INFO]  Epoch[4] Train-cross-entropy=1.604495
2024-03-31 20:18:47,116 [INFO]  Epoch[4] Train-souders-accuracy=3.000000
2024-03-31 20:18:47,116 [INFO]  Epoch[4] Time cost=0.073
2024-03-31 20:18:47,117 [INFO]  Saved checkpoint to "./imputer_model/imputer_model_souders/model-0004.params"
2024-03-31 20:18:47,118 [INFO]  Epoch[4] Validation-cross-entropy=2.439150
2024-03-31 20:18:47,118 [INFO]  Epoch[4] Validation-souders-accuracy=0.000000
2024-03-31 20:18:47,118 [INFO]  
========== done (0.15488529205322266 s) fit model
2024-03-31 20:18:52,660 [INFO]  
========== start: fit model
2024-03-31 20:18:52,660 [WARNING]  Already bound, ignoring bind()
2024-03-31 20:18:52,672 [INFO]  Epoch[0] Batch [0-4]	Speed: 9305.81 samples/sec	cross-entropy=12.689608	souders-accuracy=2.800000
2024-03-31 20:18:52,675 [INFO]  Epoch[0] Train-cross-entropy=10.877435
2024-03-31 20:18:52,675 [INFO]  Epoch[0] Train-souders-accuracy=3.142857
2024-03-31 20:18:52,675 [INFO]  Epoch[0] Time cost=0.015
2024-03-31 20:18:52,678 [INFO]  Saved checkpoint to "./imputer_model/imputer_model_souders/model-0000.params"
2024-03-31 20:18:52,678 [INFO]  Epoch[0] Validation-cross-entropy=19.281475
2024-03-31 20:18:52,678 [INFO]  Epoch[0] Validation-souders-accuracy=0.000000
2024-03-31 20:18:52,693 [INFO]  Epoch[1] Batch [0-4]	Speed: 5072.19 samples/sec	cross-entropy=3.955483	souders-accuracy=2.800000
2024-03-31 20:18:52,694 [INFO]  Epoch[1] Train-cross-entropy=3.800810
2024-03-31 20:18:52,694 [INFO]  Epoch[1] Train-souders-accuracy=3.142857
2024-03-31 20:18:52,694 [INFO]  Epoch[1] Time cost=0.016
2024-03-31 20:18:52,696 [INFO]  Saved checkpoint to "./imputer_model/imputer_model_souders/model-0001.params"
2024-03-31 20:18:52,696 [INFO]  Epoch[1] Validation-cross-entropy=10.743487
2024-03-31 20:18:52,696 [INFO]  Epoch[1] Validation-souders-accuracy=0.000000
2024-03-31 20:18:52,700 [INFO]  Epoch[2] Batch [0-4]	Speed: 27811.38 samples/sec	cross-entropy=3.150187	souders-accuracy=2.800000
2024-03-31 20:18:52,701 [INFO]  Epoch[2] Train-cross-entropy=2.921045
2024-03-31 20:18:52,701 [INFO]  Epoch[2] Train-souders-accuracy=3.142857
2024-03-31 20:18:52,701 [INFO]  Epoch[2] Time cost=0.004
2024-03-31 20:18:52,702 [INFO]  Saved checkpoint to "./imputer_model/imputer_model_souders/model-0002.params"
2024-03-31 20:18:52,702 [INFO]  Epoch[2] Validation-cross-entropy=9.492201
2024-03-31 20:18:52,702 [INFO]  Epoch[2] Validation-souders-accuracy=0.000000
2024-03-31 20:18:52,705 [INFO]  Epoch[3] Batch [0-4]	Speed: 28023.33 samples/sec	cross-entropy=1.595719	souders-accuracy=2.800000
2024-03-31 20:18:52,707 [INFO]  Epoch[3] Train-cross-entropy=1.548619
2024-03-31 20:18:52,707 [INFO]  Epoch[3] Train-souders-accuracy=3.142857
2024-03-31 20:18:52,707 [INFO]  Epoch[3] Time cost=0.004
2024-03-31 20:18:52,708 [INFO]  Saved checkpoint to "./imputer_model/imputer_model_souders/model-0003.params"
2024-03-31 20:18:52,708 [INFO]  Epoch[3] Validation-cross-entropy=8.639430
2024-03-31 20:18:52,708 [INFO]  Epoch[3] Validation-souders-accuracy=0.000000
2024-03-31 20:18:52,712 [INFO]  Epoch[4] Batch [0-4]	Speed: 25357.59 samples/sec	cross-entropy=1.055987	souders-accuracy=2.800000
2024-03-31 20:18:52,713 [INFO]  Epoch[4] Train-cross-entropy=0.988949
2024-03-31 20:18:52,713 [INFO]  Epoch[4] Train-souders-accuracy=3.142857
2024-03-31 20:18:52,713 [INFO]  Epoch[4] Time cost=0.005
2024-03-31 20:18:52,715 [INFO]  Saved checkpoint to "./imputer_model/imputer_model_souders/model-0004.params"
2024-03-31 20:18:52,715 [INFO]  Epoch[4] Validation-cross-entropy=5.338223
2024-03-31 20:18:52,715 [INFO]  Epoch[4] Validation-souders-accuracy=0.000000
2024-03-31 20:18:52,715 [INFO]  
========== done (0.05548357963562012 s) fit model
2024-03-31 20:18:58,163 [INFO]  
========== start: fit model
2024-03-31 20:18:58,163 [WARNING]  Already bound, ignoring bind()
2024-03-31 20:18:58,168 [INFO]  Epoch[0] Batch [0-4]	Speed: 24905.87 samples/sec	cross-entropy=17.797934	souders-accuracy=0.000000
2024-03-31 20:18:58,169 [INFO]  Epoch[0] Train-cross-entropy=17.076236
2024-03-31 20:18:58,169 [INFO]  Epoch[0] Train-souders-accuracy=0.000000
2024-03-31 20:18:58,169 [INFO]  Epoch[0] Time cost=0.006
2024-03-31 20:18:58,171 [INFO]  Saved checkpoint to "./imputer_model/imputer_model_souders/model-0000.params"
2024-03-31 20:18:58,171 [INFO]  Epoch[0] Validation-cross-entropy=9.397136
2024-03-31 20:18:58,171 [INFO]  Epoch[0] Validation-souders-accuracy=0.000000
2024-03-31 20:18:58,175 [INFO]  Epoch[1] Batch [0-4]	Speed: 25424.84 samples/sec	cross-entropy=7.089610	souders-accuracy=0.000000
2024-03-31 20:18:58,176 [INFO]  Epoch[1] Train-cross-entropy=7.202931
2024-03-31 20:18:58,176 [INFO]  Epoch[1] Train-souders-accuracy=0.000000
2024-03-31 20:18:58,176 [INFO]  Epoch[1] Time cost=0.005
2024-03-31 20:18:58,177 [INFO]  Saved checkpoint to "./imputer_model/imputer_model_souders/model-0001.params"
2024-03-31 20:18:58,178 [INFO]  Epoch[1] Validation-cross-entropy=5.201305
2024-03-31 20:18:58,178 [INFO]  Epoch[1] Validation-souders-accuracy=0.000000
2024-03-31 20:18:58,181 [INFO]  Epoch[2] Batch [0-4]	Speed: 24465.50 samples/sec	cross-entropy=4.802384	souders-accuracy=0.000000
2024-03-31 20:18:58,183 [INFO]  Epoch[2] Train-cross-entropy=4.506476
2024-03-31 20:18:58,183 [INFO]  Epoch[2] Train-souders-accuracy=0.000000
2024-03-31 20:18:58,183 [INFO]  Epoch[2] Time cost=0.005
2024-03-31 20:18:58,184 [INFO]  Saved checkpoint to "./imputer_model/imputer_model_souders/model-0002.params"
2024-03-31 20:18:58,185 [INFO]  Epoch[2] Validation-cross-entropy=2.490253
2024-03-31 20:18:58,185 [INFO]  Epoch[2] Validation-souders-accuracy=0.000000
2024-03-31 20:18:58,188 [INFO]  Epoch[3] Batch [0-4]	Speed: 24745.16 samples/sec	cross-entropy=2.527232	souders-accuracy=0.000000
2024-03-31 20:18:58,189 [INFO]  Epoch[3] Train-cross-entropy=2.388599
2024-03-31 20:18:58,189 [INFO]  Epoch[3] Train-souders-accuracy=0.000000
2024-03-31 20:18:58,189 [INFO]  Epoch[3] Time cost=0.005
2024-03-31 20:18:58,191 [INFO]  Saved checkpoint to "./imputer_model/imputer_model_souders/model-0003.params"
2024-03-31 20:18:58,191 [INFO]  Epoch[3] Validation-cross-entropy=1.523292
2024-03-31 20:18:58,191 [INFO]  Epoch[3] Validation-souders-accuracy=0.000000
2024-03-31 20:18:58,195 [INFO]  Epoch[4] Batch [0-4]	Speed: 24546.04 samples/sec	cross-entropy=1.544717	souders-accuracy=0.000000
2024-03-31 20:18:58,196 [INFO]  Epoch[4] Train-cross-entropy=1.374981
2024-03-31 20:18:58,196 [INFO]  Epoch[4] Train-souders-accuracy=0.000000
2024-03-31 20:18:58,196 [INFO]  Epoch[4] Time cost=0.005
2024-03-31 20:18:58,197 [INFO]  Saved checkpoint to "./imputer_model/imputer_model_souders/model-0004.params"
2024-03-31 20:18:58,198 [INFO]  Epoch[4] Validation-cross-entropy=1.456823
2024-03-31 20:18:58,198 [INFO]  Epoch[4] Validation-souders-accuracy=0.000000
2024-03-31 20:18:58,198 [INFO]  
========== done (0.03520822525024414 s) fit model
2024-03-31 20:19:03,301 [INFO]  
========== start: fit model
2024-03-31 20:19:03,301 [WARNING]  Already bound, ignoring bind()
2024-03-31 20:19:03,305 [INFO]  Epoch[0] Batch [0-4]	Speed: 28152.64 samples/sec	cross-entropy=19.225798	souders-accuracy=3.000000
2024-03-31 20:19:03,307 [INFO]  Epoch[0] Train-cross-entropy=16.258240
2024-03-31 20:19:03,307 [INFO]  Epoch[0] Train-souders-accuracy=3.571429
2024-03-31 20:19:03,307 [INFO]  Epoch[0] Time cost=0.005
2024-03-31 20:19:03,308 [INFO]  Saved checkpoint to "./imputer_model/imputer_model_souders/model-0000.params"
2024-03-31 20:19:03,308 [INFO]  Epoch[0] Validation-cross-entropy=23.018566
2024-03-31 20:19:03,308 [INFO]  Epoch[0] Validation-souders-accuracy=0.000000
2024-03-31 20:19:03,311 [INFO]  Epoch[1] Batch [0-4]	Speed: 27768.23 samples/sec	cross-entropy=7.833664	souders-accuracy=3.000000
2024-03-31 20:19:03,312 [INFO]  Epoch[1] Train-cross-entropy=6.896593
2024-03-31 20:19:03,313 [INFO]  Epoch[1] Train-souders-accuracy=3.571429
2024-03-31 20:19:03,313 [INFO]  Epoch[1] Time cost=0.004
2024-03-31 20:19:03,314 [INFO]  Saved checkpoint to "./imputer_model/imputer_model_souders/model-0001.params"
2024-03-31 20:19:03,314 [INFO]  Epoch[1] Validation-cross-entropy=9.033372
2024-03-31 20:19:03,315 [INFO]  Epoch[1] Validation-souders-accuracy=0.000000
2024-03-31 20:19:03,321 [INFO]  Epoch[2] Batch [0-4]	Speed: 13265.24 samples/sec	cross-entropy=4.002310	souders-accuracy=3.000000
2024-03-31 20:19:03,323 [INFO]  Epoch[2] Train-cross-entropy=3.490603
2024-03-31 20:19:03,323 [INFO]  Epoch[2] Train-souders-accuracy=3.571429
2024-03-31 20:19:03,323 [INFO]  Epoch[2] Time cost=0.008
2024-03-31 20:19:03,325 [INFO]  Saved checkpoint to "./imputer_model/imputer_model_souders/model-0002.params"
2024-03-31 20:19:03,326 [INFO]  Epoch[2] Validation-cross-entropy=4.159050
2024-03-31 20:19:03,326 [INFO]  Epoch[2] Validation-souders-accuracy=0.000000
2024-03-31 20:19:03,329 [INFO]  Epoch[3] Batch [0-4]	Speed: 24381.06 samples/sec	cross-entropy=2.041767	souders-accuracy=3.000000
2024-03-31 20:19:03,331 [INFO]  Epoch[3] Train-cross-entropy=1.739325
2024-03-31 20:19:03,331 [INFO]  Epoch[3] Train-souders-accuracy=3.571429
2024-03-31 20:19:03,331 [INFO]  Epoch[3] Time cost=0.005
2024-03-31 20:19:03,332 [INFO]  Saved checkpoint to "./imputer_model/imputer_model_souders/model-0003.params"
2024-03-31 20:19:03,333 [INFO]  Epoch[3] Validation-cross-entropy=2.922863
2024-03-31 20:19:03,333 [INFO]  Epoch[3] Validation-souders-accuracy=0.000000
2024-03-31 20:19:03,355 [INFO]  Epoch[4] Batch [0-4]	Speed: 3002.33 samples/sec	cross-entropy=1.141561	souders-accuracy=3.000000
2024-03-31 20:19:03,357 [INFO]  Epoch[4] Train-cross-entropy=0.977948
2024-03-31 20:19:03,357 [INFO]  Epoch[4] Train-souders-accuracy=3.571429
2024-03-31 20:19:03,357 [INFO]  Epoch[4] Time cost=0.024
2024-03-31 20:19:03,358 [INFO]  Saved checkpoint to "./imputer_model/imputer_model_souders/model-0004.params"
2024-03-31 20:19:03,362 [INFO]  Epoch[4] Validation-cross-entropy=2.414910
2024-03-31 20:19:03,362 [INFO]  Epoch[4] Validation-souders-accuracy=0.000000
2024-03-31 20:19:03,363 [INFO]  
========== done (0.0616297721862793 s) fit model
2024-03-31 20:19:08,717 [INFO]  
========== start: fit model
2024-03-31 20:19:08,718 [WARNING]  Already bound, ignoring bind()
2024-03-31 20:19:08,753 [INFO]  Epoch[0] Batch [0-4]	Speed: 1905.77 samples/sec	cross-entropy=11.500362	souders-accuracy=0.000000
2024-03-31 20:19:08,755 [INFO]  Epoch[0] Train-cross-entropy=11.086782
2024-03-31 20:19:08,755 [INFO]  Epoch[0] Train-souders-accuracy=0.000000
2024-03-31 20:19:08,755 [INFO]  Epoch[0] Time cost=0.037
2024-03-31 20:19:08,756 [INFO]  Saved checkpoint to "./imputer_model/imputer_model_souders/model-0000.params"
2024-03-31 20:19:08,757 [INFO]  Epoch[0] Validation-cross-entropy=4.643628
2024-03-31 20:19:08,757 [INFO]  Epoch[0] Validation-souders-accuracy=0.000000
2024-03-31 20:19:08,761 [INFO]  Epoch[1] Batch [0-4]	Speed: 19818.05 samples/sec	cross-entropy=4.294389	souders-accuracy=0.000000
2024-03-31 20:19:08,777 [INFO]  Epoch[1] Train-cross-entropy=4.614450
2024-03-31 20:19:08,777 [INFO]  Epoch[1] Train-souders-accuracy=0.000000
2024-03-31 20:19:08,777 [INFO]  Epoch[1] Time cost=0.020
2024-03-31 20:19:08,779 [INFO]  Saved checkpoint to "./imputer_model/imputer_model_souders/model-0001.params"
2024-03-31 20:19:08,779 [INFO]  Epoch[1] Validation-cross-entropy=2.316975
2024-03-31 20:19:08,779 [INFO]  Epoch[1] Validation-souders-accuracy=0.000000
2024-03-31 20:19:08,783 [INFO]  Epoch[2] Batch [0-4]	Speed: 25085.08 samples/sec	cross-entropy=2.511118	souders-accuracy=0.000000
2024-03-31 20:19:08,784 [INFO]  Epoch[2] Train-cross-entropy=2.496928
2024-03-31 20:19:08,784 [INFO]  Epoch[2] Train-souders-accuracy=0.000000
2024-03-31 20:19:08,784 [INFO]  Epoch[2] Time cost=0.005
2024-03-31 20:19:08,786 [INFO]  Saved checkpoint to "./imputer_model/imputer_model_souders/model-0002.params"
2024-03-31 20:19:08,786 [INFO]  Epoch[2] Validation-cross-entropy=1.969072
2024-03-31 20:19:08,786 [INFO]  Epoch[2] Validation-souders-accuracy=0.000000
2024-03-31 20:19:08,790 [INFO]  Epoch[3] Batch [0-4]	Speed: 20282.24 samples/sec	cross-entropy=1.111109	souders-accuracy=0.000000
2024-03-31 20:19:08,794 [INFO]  Epoch[3] Train-cross-entropy=1.122769
2024-03-31 20:19:08,794 [INFO]  Epoch[3] Train-souders-accuracy=0.000000
2024-03-31 20:19:08,794 [INFO]  Epoch[3] Time cost=0.008
2024-03-31 20:19:08,797 [INFO]  Saved checkpoint to "./imputer_model/imputer_model_souders/model-0003.params"
2024-03-31 20:19:08,797 [INFO]  Epoch[3] Validation-cross-entropy=1.748484
2024-03-31 20:19:08,797 [INFO]  Epoch[3] Validation-souders-accuracy=0.000000
2024-03-31 20:19:08,816 [INFO]  Epoch[4] Batch [0-4]	Speed: 3757.28 samples/sec	cross-entropy=0.670208	souders-accuracy=0.000000
2024-03-31 20:19:08,817 [INFO]  Epoch[4] Train-cross-entropy=0.653268
2024-03-31 20:19:08,817 [INFO]  Epoch[4] Train-souders-accuracy=0.000000
2024-03-31 20:19:08,817 [INFO]  Epoch[4] Time cost=0.020
2024-03-31 20:19:08,819 [INFO]  Saved checkpoint to "./imputer_model/imputer_model_souders/model-0004.params"
2024-03-31 20:19:08,827 [INFO]  Epoch[4] Validation-cross-entropy=1.643294
2024-03-31 20:19:08,827 [INFO]  Epoch[4] Validation-souders-accuracy=0.000000
2024-03-31 20:19:08,827 [INFO]  
========== done (0.10936522483825684 s) fit model
2024-03-31 20:19:14,620 [INFO]  
========== start: fit model
2024-03-31 20:19:14,620 [WARNING]  Already bound, ignoring bind()
2024-03-31 20:19:14,624 [INFO]  Epoch[0] Batch [0-4]	Speed: 27599.78 samples/sec	cross-entropy=19.622565	souders-accuracy=0.000000
2024-03-31 20:19:14,625 [INFO]  Epoch[0] Train-cross-entropy=18.686081
2024-03-31 20:19:14,626 [INFO]  Epoch[0] Train-souders-accuracy=0.000000
2024-03-31 20:19:14,626 [INFO]  Epoch[0] Time cost=0.005
2024-03-31 20:19:14,630 [INFO]  Saved checkpoint to "./imputer_model/imputer_model_souders/model-0000.params"
2024-03-31 20:19:14,634 [INFO]  Epoch[0] Validation-cross-entropy=5.650266
2024-03-31 20:19:14,634 [INFO]  Epoch[0] Validation-souders-accuracy=0.000000
2024-03-31 20:19:14,649 [INFO]  Epoch[1] Batch [0-4]	Speed: 27081.87 samples/sec	cross-entropy=6.571605	souders-accuracy=0.000000
2024-03-31 20:19:14,650 [INFO]  Epoch[1] Train-cross-entropy=6.685477
2024-03-31 20:19:14,650 [INFO]  Epoch[1] Train-souders-accuracy=0.000000
2024-03-31 20:19:14,650 [INFO]  Epoch[1] Time cost=0.016
2024-03-31 20:19:14,652 [INFO]  Saved checkpoint to "./imputer_model/imputer_model_souders/model-0001.params"
2024-03-31 20:19:14,652 [INFO]  Epoch[1] Validation-cross-entropy=3.439323
2024-03-31 20:19:14,652 [INFO]  Epoch[1] Validation-souders-accuracy=0.000000
2024-03-31 20:19:14,655 [INFO]  Epoch[2] Batch [0-4]	Speed: 28120.20 samples/sec	cross-entropy=5.182617	souders-accuracy=0.000000
2024-03-31 20:19:14,675 [INFO]  Epoch[2] Train-cross-entropy=5.036511
2024-03-31 20:19:14,675 [INFO]  Epoch[2] Train-souders-accuracy=0.000000
2024-03-31 20:19:14,675 [INFO]  Epoch[2] Time cost=0.022
2024-03-31 20:19:14,676 [INFO]  Saved checkpoint to "./imputer_model/imputer_model_souders/model-0002.params"
2024-03-31 20:19:14,677 [INFO]  Epoch[2] Validation-cross-entropy=2.039983
2024-03-31 20:19:14,677 [INFO]  Epoch[2] Validation-souders-accuracy=0.000000
2024-03-31 20:19:14,680 [INFO]  Epoch[3] Batch [0-4]	Speed: 27349.51 samples/sec	cross-entropy=3.848195	souders-accuracy=0.000000
2024-03-31 20:19:14,681 [INFO]  Epoch[3] Train-cross-entropy=3.661173
2024-03-31 20:19:14,681 [INFO]  Epoch[3] Train-souders-accuracy=0.000000
2024-03-31 20:19:14,681 [INFO]  Epoch[3] Time cost=0.004
2024-03-31 20:19:14,682 [INFO]  Saved checkpoint to "./imputer_model/imputer_model_souders/model-0003.params"
2024-03-31 20:19:14,683 [INFO]  Epoch[3] Validation-cross-entropy=1.455474
2024-03-31 20:19:14,683 [INFO]  Epoch[3] Validation-souders-accuracy=0.000000
2024-03-31 20:19:14,686 [INFO]  Epoch[4] Batch [0-4]	Speed: 28067.28 samples/sec	cross-entropy=2.214641	souders-accuracy=0.000000
2024-03-31 20:19:14,687 [INFO]  Epoch[4] Train-cross-entropy=2.219534
2024-03-31 20:19:14,687 [INFO]  Epoch[4] Train-souders-accuracy=0.000000
2024-03-31 20:19:14,687 [INFO]  Epoch[4] Time cost=0.004
2024-03-31 20:19:14,688 [INFO]  Saved checkpoint to "./imputer_model/imputer_model_souders/model-0004.params"
2024-03-31 20:19:14,689 [INFO]  Epoch[4] Validation-cross-entropy=1.195072
2024-03-31 20:19:14,689 [INFO]  Epoch[4] Validation-souders-accuracy=0.000000
2024-03-31 20:19:14,689 [INFO]  
========== done (0.06901025772094727 s) fit model
2024-03-31 20:19:20,240 [INFO]  
========== start: fit model
2024-03-31 20:19:20,240 [WARNING]  Already bound, ignoring bind()
2024-03-31 20:19:20,245 [INFO]  Epoch[0] Batch [0-4]	Speed: 27540.32 samples/sec	cross-entropy=18.141422	souders-accuracy=3.000000
2024-03-31 20:19:20,246 [INFO]  Epoch[0] Train-cross-entropy=15.511941
2024-03-31 20:19:20,246 [INFO]  Epoch[0] Train-souders-accuracy=3.000000
2024-03-31 20:19:20,246 [INFO]  Epoch[0] Time cost=0.005
2024-03-31 20:19:20,248 [INFO]  Saved checkpoint to "./imputer_model/imputer_model_souders/model-0000.params"
2024-03-31 20:19:20,248 [INFO]  Epoch[0] Validation-cross-entropy=3.133804
2024-03-31 20:19:20,248 [INFO]  Epoch[0] Validation-souders-accuracy=0.000000
2024-03-31 20:19:20,251 [INFO]  Epoch[1] Batch [0-4]	Speed: 24055.51 samples/sec	cross-entropy=4.202715	souders-accuracy=3.000000
2024-03-31 20:19:20,253 [INFO]  Epoch[1] Train-cross-entropy=4.516498
2024-03-31 20:19:20,253 [INFO]  Epoch[1] Train-souders-accuracy=3.000000
2024-03-31 20:19:20,253 [INFO]  Epoch[1] Time cost=0.005
2024-03-31 20:19:20,254 [INFO]  Saved checkpoint to "./imputer_model/imputer_model_souders/model-0001.params"
2024-03-31 20:19:20,254 [INFO]  Epoch[1] Validation-cross-entropy=1.474099
2024-03-31 20:19:20,254 [INFO]  Epoch[1] Validation-souders-accuracy=0.000000
2024-03-31 20:19:20,257 [INFO]  Epoch[2] Batch [0-4]	Speed: 28055.55 samples/sec	cross-entropy=3.552786	souders-accuracy=3.000000
2024-03-31 20:19:20,259 [INFO]  Epoch[2] Train-cross-entropy=3.634384
2024-03-31 20:19:20,259 [INFO]  Epoch[2] Train-souders-accuracy=3.000000
2024-03-31 20:19:20,259 [INFO]  Epoch[2] Time cost=0.004
2024-03-31 20:19:20,260 [INFO]  Saved checkpoint to "./imputer_model/imputer_model_souders/model-0002.params"
2024-03-31 20:19:20,260 [INFO]  Epoch[2] Validation-cross-entropy=1.047159
2024-03-31 20:19:20,261 [INFO]  Epoch[2] Validation-souders-accuracy=0.000000
2024-03-31 20:19:20,264 [INFO]  Epoch[3] Batch [0-4]	Speed: 27808.50 samples/sec	cross-entropy=1.953104	souders-accuracy=3.000000
2024-03-31 20:19:20,265 [INFO]  Epoch[3] Train-cross-entropy=1.977462
2024-03-31 20:19:20,265 [INFO]  Epoch[3] Train-souders-accuracy=3.000000
2024-03-31 20:19:20,265 [INFO]  Epoch[3] Time cost=0.004
2024-03-31 20:19:20,266 [INFO]  Saved checkpoint to "./imputer_model/imputer_model_souders/model-0003.params"
2024-03-31 20:19:20,266 [INFO]  Epoch[3] Validation-cross-entropy=1.699607
2024-03-31 20:19:20,267 [INFO]  Epoch[3] Validation-souders-accuracy=0.000000
2024-03-31 20:19:20,270 [INFO]  Epoch[4] Batch [0-4]	Speed: 26371.50 samples/sec	cross-entropy=1.243780	souders-accuracy=3.000000
2024-03-31 20:19:20,271 [INFO]  Epoch[4] Train-cross-entropy=1.292072
2024-03-31 20:19:20,271 [INFO]  Epoch[4] Train-souders-accuracy=3.000000
2024-03-31 20:19:20,271 [INFO]  Epoch[4] Time cost=0.005
2024-03-31 20:19:20,272 [INFO]  Saved checkpoint to "./imputer_model/imputer_model_souders/model-0004.params"
2024-03-31 20:19:20,273 [INFO]  Epoch[4] Validation-cross-entropy=2.358088
2024-03-31 20:19:20,273 [INFO]  Epoch[4] Validation-souders-accuracy=0.000000
2024-03-31 20:19:20,273 [INFO]  
========== done (0.03255581855773926 s) fit model
2024-03-31 20:19:25,854 [INFO]  
========== start: fit model
2024-03-31 20:19:25,854 [WARNING]  Already bound, ignoring bind()
2024-03-31 20:19:25,859 [INFO]  Epoch[0] Batch [0-4]	Speed: 22480.15 samples/sec	cross-entropy=14.651318	souders-accuracy=3.400000
2024-03-31 20:19:25,885 [INFO]  Epoch[0] Train-cross-entropy=12.836361
2024-03-31 20:19:25,885 [INFO]  Epoch[0] Train-souders-accuracy=3.571429
2024-03-31 20:19:25,885 [INFO]  Epoch[0] Time cost=0.031
2024-03-31 20:19:25,887 [INFO]  Saved checkpoint to "./imputer_model/imputer_model_souders/model-0000.params"
2024-03-31 20:19:25,888 [INFO]  Epoch[0] Validation-cross-entropy=17.844017
2024-03-31 20:19:25,888 [INFO]  Epoch[0] Validation-souders-accuracy=0.000000
2024-03-31 20:19:25,894 [INFO]  Epoch[1] Batch [0-4]	Speed: 14527.30 samples/sec	cross-entropy=4.193723	souders-accuracy=3.400000
2024-03-31 20:19:25,896 [INFO]  Epoch[1] Train-cross-entropy=4.473394
2024-03-31 20:19:25,896 [INFO]  Epoch[1] Train-souders-accuracy=3.571429
2024-03-31 20:19:25,896 [INFO]  Epoch[1] Time cost=0.008
2024-03-31 20:19:25,898 [INFO]  Saved checkpoint to "./imputer_model/imputer_model_souders/model-0001.params"
2024-03-31 20:19:25,899 [INFO]  Epoch[1] Validation-cross-entropy=11.737781
2024-03-31 20:19:25,899 [INFO]  Epoch[1] Validation-souders-accuracy=0.000000
2024-03-31 20:19:25,904 [INFO]  Epoch[2] Batch [0-4]	Speed: 15323.41 samples/sec	cross-entropy=2.336424	souders-accuracy=3.400000
2024-03-31 20:19:25,906 [INFO]  Epoch[2] Train-cross-entropy=2.484817
2024-03-31 20:19:25,906 [INFO]  Epoch[2] Train-souders-accuracy=3.571429
2024-03-31 20:19:25,906 [INFO]  Epoch[2] Time cost=0.007
2024-03-31 20:19:25,907 [INFO]  Saved checkpoint to "./imputer_model/imputer_model_souders/model-0002.params"
2024-03-31 20:19:25,908 [INFO]  Epoch[2] Validation-cross-entropy=8.410011
2024-03-31 20:19:25,908 [INFO]  Epoch[2] Validation-souders-accuracy=0.000000
2024-03-31 20:19:25,912 [INFO]  Epoch[3] Batch [0-4]	Speed: 17344.15 samples/sec	cross-entropy=1.347026	souders-accuracy=3.400000
2024-03-31 20:19:25,962 [INFO]  Epoch[3] Train-cross-entropy=1.294180
2024-03-31 20:19:25,963 [INFO]  Epoch[3] Train-souders-accuracy=3.571429
2024-03-31 20:19:25,963 [INFO]  Epoch[3] Time cost=0.055
2024-03-31 20:19:25,964 [INFO]  Saved checkpoint to "./imputer_model/imputer_model_souders/model-0003.params"
2024-03-31 20:19:25,965 [INFO]  Epoch[3] Validation-cross-entropy=6.534693
2024-03-31 20:19:25,965 [INFO]  Epoch[3] Validation-souders-accuracy=0.000000
2024-03-31 20:19:26,007 [INFO]  Epoch[4] Batch [0-4]	Speed: 6210.33 samples/sec	cross-entropy=1.006647	souders-accuracy=3.400000
2024-03-31 20:19:26,010 [INFO]  Epoch[4] Train-cross-entropy=0.905001
2024-03-31 20:19:26,010 [INFO]  Epoch[4] Train-souders-accuracy=3.571429
2024-03-31 20:19:26,010 [INFO]  Epoch[4] Time cost=0.045
2024-03-31 20:19:26,011 [INFO]  Saved checkpoint to "./imputer_model/imputer_model_souders/model-0004.params"
2024-03-31 20:19:26,075 [INFO]  Epoch[4] Validation-cross-entropy=5.056421
2024-03-31 20:19:26,075 [INFO]  Epoch[4] Validation-souders-accuracy=0.000000
2024-03-31 20:19:26,075 [INFO]  
========== done (0.22181320190429688 s) fit model
2024-03-31 20:19:31,908 [INFO]  
========== start: fit model
2024-03-31 20:19:31,908 [WARNING]  Already bound, ignoring bind()
2024-03-31 20:19:31,913 [INFO]  Epoch[0] Batch [0-4]	Speed: 23778.50 samples/sec	cross-entropy=19.437137	souders-accuracy=3.600000
2024-03-31 20:19:31,914 [INFO]  Epoch[0] Train-cross-entropy=17.261735
2024-03-31 20:19:31,914 [INFO]  Epoch[0] Train-souders-accuracy=3.571429
2024-03-31 20:19:31,914 [INFO]  Epoch[0] Time cost=0.006
2024-03-31 20:19:31,916 [INFO]  Saved checkpoint to "./imputer_model/imputer_model_souders/model-0000.params"
2024-03-31 20:19:31,916 [INFO]  Epoch[0] Validation-cross-entropy=7.747416
2024-03-31 20:19:31,916 [INFO]  Epoch[0] Validation-souders-accuracy=0.000000
2024-03-31 20:19:31,919 [INFO]  Epoch[1] Batch [0-4]	Speed: 27444.58 samples/sec	cross-entropy=5.476496	souders-accuracy=3.600000
2024-03-31 20:19:31,921 [INFO]  Epoch[1] Train-cross-entropy=5.107990
2024-03-31 20:19:31,921 [INFO]  Epoch[1] Train-souders-accuracy=3.571429
2024-03-31 20:19:31,921 [INFO]  Epoch[1] Time cost=0.004
2024-03-31 20:19:31,922 [INFO]  Saved checkpoint to "./imputer_model/imputer_model_souders/model-0001.params"
2024-03-31 20:19:31,923 [INFO]  Epoch[1] Validation-cross-entropy=3.744992
2024-03-31 20:19:31,923 [INFO]  Epoch[1] Validation-souders-accuracy=0.000000
2024-03-31 20:19:31,926 [INFO]  Epoch[2] Batch [0-4]	Speed: 28357.86 samples/sec	cross-entropy=4.505618	souders-accuracy=3.600000
2024-03-31 20:19:31,927 [INFO]  Epoch[2] Train-cross-entropy=4.192444
2024-03-31 20:19:31,927 [INFO]  Epoch[2] Train-souders-accuracy=3.571429
2024-03-31 20:19:31,927 [INFO]  Epoch[2] Time cost=0.004
2024-03-31 20:19:31,929 [INFO]  Saved checkpoint to "./imputer_model/imputer_model_souders/model-0002.params"
2024-03-31 20:19:31,929 [INFO]  Epoch[2] Validation-cross-entropy=3.746225
2024-03-31 20:19:31,929 [INFO]  Epoch[2] Validation-souders-accuracy=0.000000
2024-03-31 20:19:31,932 [INFO]  Epoch[3] Batch [0-4]	Speed: 25587.21 samples/sec	cross-entropy=3.039689	souders-accuracy=3.600000
2024-03-31 20:19:31,934 [INFO]  Epoch[3] Train-cross-entropy=2.690111
2024-03-31 20:19:31,934 [INFO]  Epoch[3] Train-souders-accuracy=3.571429
2024-03-31 20:19:31,934 [INFO]  Epoch[3] Time cost=0.005
2024-03-31 20:19:31,935 [INFO]  Saved checkpoint to "./imputer_model/imputer_model_souders/model-0003.params"
2024-03-31 20:19:31,936 [INFO]  Epoch[3] Validation-cross-entropy=4.262974
2024-03-31 20:19:31,936 [INFO]  Epoch[3] Validation-souders-accuracy=0.000000
2024-03-31 20:19:31,939 [INFO]  Epoch[4] Batch [0-4]	Speed: 27131.14 samples/sec	cross-entropy=1.999544	souders-accuracy=3.600000
2024-03-31 20:19:31,940 [INFO]  Epoch[4] Train-cross-entropy=1.779393
2024-03-31 20:19:31,940 [INFO]  Epoch[4] Train-souders-accuracy=3.571429
2024-03-31 20:19:31,940 [INFO]  Epoch[4] Time cost=0.005
2024-03-31 20:19:31,942 [INFO]  Saved checkpoint to "./imputer_model/imputer_model_souders/model-0004.params"
2024-03-31 20:19:31,942 [INFO]  Epoch[4] Validation-cross-entropy=3.909820
2024-03-31 20:19:31,942 [INFO]  Epoch[4] Validation-souders-accuracy=0.000000
2024-03-31 20:19:31,942 [INFO]  
========== done (0.03478240966796875 s) fit model
2024-03-31 20:19:37,666 [INFO]  
========== start: fit model
2024-03-31 20:19:37,666 [WARNING]  Already bound, ignoring bind()
2024-03-31 20:19:37,671 [INFO]  Epoch[0] Batch [0-4]	Speed: 23882.16 samples/sec	cross-entropy=23.941386	souders-accuracy=0.000000
2024-03-31 20:19:37,673 [INFO]  Epoch[0] Train-cross-entropy=20.732271
2024-03-31 20:19:37,673 [INFO]  Epoch[0] Train-souders-accuracy=0.000000
2024-03-31 20:19:37,673 [INFO]  Epoch[0] Time cost=0.006
2024-03-31 20:19:37,674 [INFO]  Saved checkpoint to "./imputer_model/imputer_model_souders/model-0000.params"
2024-03-31 20:19:37,675 [INFO]  Epoch[0] Validation-cross-entropy=18.222067
2024-03-31 20:19:37,675 [INFO]  Epoch[0] Validation-souders-accuracy=0.000000
2024-03-31 20:19:37,678 [INFO]  Epoch[1] Batch [0-4]	Speed: 27153.09 samples/sec	cross-entropy=8.349887	souders-accuracy=0.000000
2024-03-31 20:19:37,685 [INFO]  Epoch[1] Train-cross-entropy=7.600894
2024-03-31 20:19:37,685 [INFO]  Epoch[1] Train-souders-accuracy=0.000000
2024-03-31 20:19:37,685 [INFO]  Epoch[1] Time cost=0.010
2024-03-31 20:19:37,686 [INFO]  Saved checkpoint to "./imputer_model/imputer_model_souders/model-0001.params"
2024-03-31 20:19:37,687 [INFO]  Epoch[1] Validation-cross-entropy=12.944354
2024-03-31 20:19:37,687 [INFO]  Epoch[1] Validation-souders-accuracy=0.000000
2024-03-31 20:19:37,691 [INFO]  Epoch[2] Batch [0-4]	Speed: 21025.73 samples/sec	cross-entropy=5.319559	souders-accuracy=0.000000
2024-03-31 20:19:37,693 [INFO]  Epoch[2] Train-cross-entropy=4.775945
2024-03-31 20:19:37,693 [INFO]  Epoch[2] Train-souders-accuracy=0.000000
2024-03-31 20:19:37,693 [INFO]  Epoch[2] Time cost=0.006
2024-03-31 20:19:37,694 [INFO]  Saved checkpoint to "./imputer_model/imputer_model_souders/model-0002.params"
2024-03-31 20:19:37,695 [INFO]  Epoch[2] Validation-cross-entropy=8.249271
2024-03-31 20:19:37,695 [INFO]  Epoch[2] Validation-souders-accuracy=0.000000
2024-03-31 20:19:37,699 [INFO]  Epoch[3] Batch [0-4]	Speed: 17519.61 samples/sec	cross-entropy=3.731406	souders-accuracy=0.000000
2024-03-31 20:19:37,701 [INFO]  Epoch[3] Train-cross-entropy=3.352522
2024-03-31 20:19:37,701 [INFO]  Epoch[3] Train-souders-accuracy=0.000000
2024-03-31 20:19:37,701 [INFO]  Epoch[3] Time cost=0.007
2024-03-31 20:19:37,703 [INFO]  Saved checkpoint to "./imputer_model/imputer_model_souders/model-0003.params"
2024-03-31 20:19:37,704 [INFO]  Epoch[3] Validation-cross-entropy=4.828979
2024-03-31 20:19:37,704 [INFO]  Epoch[3] Validation-souders-accuracy=0.000000
2024-03-31 20:19:37,714 [INFO]  Epoch[4] Batch [0-4]	Speed: 7293.45 samples/sec	cross-entropy=2.485963	souders-accuracy=0.000000
2024-03-31 20:19:37,716 [INFO]  Epoch[4] Train-cross-entropy=2.341830
2024-03-31 20:19:37,716 [INFO]  Epoch[4] Train-souders-accuracy=0.000000
2024-03-31 20:19:37,716 [INFO]  Epoch[4] Time cost=0.012
2024-03-31 20:19:37,720 [INFO]  Saved checkpoint to "./imputer_model/imputer_model_souders/model-0004.params"
2024-03-31 20:19:37,724 [INFO]  Epoch[4] Validation-cross-entropy=3.256758
2024-03-31 20:19:37,724 [INFO]  Epoch[4] Validation-souders-accuracy=0.000000
2024-03-31 20:19:37,725 [INFO]  
========== done (0.058768510818481445 s) fit model
2024-03-31 20:19:43,630 [INFO]  
========== start: fit model
2024-03-31 20:19:43,630 [WARNING]  Already bound, ignoring bind()
2024-03-31 20:19:43,645 [INFO]  Epoch[0] Batch [0-4]	Speed: 14032.17 samples/sec	cross-entropy=13.945113	souders-accuracy=0.000000
2024-03-31 20:19:43,647 [INFO]  Epoch[0] Train-cross-entropy=12.992751
2024-03-31 20:19:43,647 [INFO]  Epoch[0] Train-souders-accuracy=0.000000
2024-03-31 20:19:43,647 [INFO]  Epoch[0] Time cost=0.016
2024-03-31 20:19:43,649 [INFO]  Saved checkpoint to "./imputer_model/imputer_model_souders/model-0000.params"
2024-03-31 20:19:43,650 [INFO]  Epoch[0] Validation-cross-entropy=5.107292
2024-03-31 20:19:43,650 [INFO]  Epoch[0] Validation-souders-accuracy=0.000000
2024-03-31 20:19:43,657 [INFO]  Epoch[1] Batch [0-4]	Speed: 16492.72 samples/sec	cross-entropy=3.226340	souders-accuracy=0.000000
2024-03-31 20:19:43,659 [INFO]  Epoch[1] Train-cross-entropy=3.908379
2024-03-31 20:19:43,659 [INFO]  Epoch[1] Train-souders-accuracy=0.000000
2024-03-31 20:19:43,659 [INFO]  Epoch[1] Time cost=0.009
2024-03-31 20:19:43,661 [INFO]  Saved checkpoint to "./imputer_model/imputer_model_souders/model-0001.params"
2024-03-31 20:19:43,667 [INFO]  Epoch[1] Validation-cross-entropy=13.725486
2024-03-31 20:19:43,667 [INFO]  Epoch[1] Validation-souders-accuracy=0.000000
2024-03-31 20:19:43,671 [INFO]  Epoch[2] Batch [0-4]	Speed: 24602.28 samples/sec	cross-entropy=3.157174	souders-accuracy=0.000000
2024-03-31 20:19:43,672 [INFO]  Epoch[2] Train-cross-entropy=3.081478
2024-03-31 20:19:43,672 [INFO]  Epoch[2] Train-souders-accuracy=0.000000
2024-03-31 20:19:43,672 [INFO]  Epoch[2] Time cost=0.005
2024-03-31 20:19:43,674 [INFO]  Saved checkpoint to "./imputer_model/imputer_model_souders/model-0002.params"
2024-03-31 20:19:43,674 [INFO]  Epoch[2] Validation-cross-entropy=14.576598
2024-03-31 20:19:43,674 [INFO]  Epoch[2] Validation-souders-accuracy=0.000000
2024-03-31 20:19:43,678 [INFO]  Epoch[3] Batch [0-4]	Speed: 24752.00 samples/sec	cross-entropy=1.583772	souders-accuracy=0.000000
2024-03-31 20:19:43,687 [INFO]  Epoch[3] Train-cross-entropy=1.655346
2024-03-31 20:19:43,687 [INFO]  Epoch[3] Train-souders-accuracy=0.000000
2024-03-31 20:19:43,687 [INFO]  Epoch[3] Time cost=0.013
2024-03-31 20:19:43,690 [INFO]  Saved checkpoint to "./imputer_model/imputer_model_souders/model-0003.params"
2024-03-31 20:19:43,696 [INFO]  Epoch[3] Validation-cross-entropy=10.274726
2024-03-31 20:19:43,696 [INFO]  Epoch[3] Validation-souders-accuracy=0.000000
2024-03-31 20:19:43,705 [INFO]  Epoch[4] Batch [0-4]	Speed: 26265.70 samples/sec	cross-entropy=1.197201	souders-accuracy=0.000000
2024-03-31 20:19:43,706 [INFO]  Epoch[4] Train-cross-entropy=1.202649
2024-03-31 20:19:43,706 [INFO]  Epoch[4] Train-souders-accuracy=0.000000
2024-03-31 20:19:43,706 [INFO]  Epoch[4] Time cost=0.011
2024-03-31 20:19:43,708 [INFO]  Saved checkpoint to "./imputer_model/imputer_model_souders/model-0004.params"
2024-03-31 20:19:43,708 [INFO]  Epoch[4] Validation-cross-entropy=8.947700
2024-03-31 20:19:43,708 [INFO]  Epoch[4] Validation-souders-accuracy=0.000000
2024-03-31 20:19:43,708 [INFO]  
========== done (0.0781104564666748 s) fit model
2024-03-31 20:19:49,996 [INFO]  
========== start: fit model
2024-03-31 20:19:49,997 [WARNING]  Already bound, ignoring bind()
2024-03-31 20:19:50,001 [INFO]  Epoch[0] Batch [0-4]	Speed: 26865.04 samples/sec	cross-entropy=15.539237	souders-accuracy=4.400000
2024-03-31 20:19:50,002 [INFO]  Epoch[0] Train-cross-entropy=15.459464
2024-03-31 20:19:50,002 [INFO]  Epoch[0] Train-souders-accuracy=4.000000
2024-03-31 20:19:50,002 [INFO]  Epoch[0] Time cost=0.005
2024-03-31 20:19:50,004 [INFO]  Saved checkpoint to "./imputer_model/imputer_model_souders/model-0000.params"
2024-03-31 20:19:50,004 [INFO]  Epoch[0] Validation-cross-entropy=5.266472
2024-03-31 20:19:50,004 [INFO]  Epoch[0] Validation-souders-accuracy=0.000000
2024-03-31 20:19:50,011 [INFO]  Epoch[1] Batch [0-4]	Speed: 11322.57 samples/sec	cross-entropy=5.270240	souders-accuracy=4.400000
2024-03-31 20:19:50,013 [INFO]  Epoch[1] Train-cross-entropy=5.343255
2024-03-31 20:19:50,013 [INFO]  Epoch[1] Train-souders-accuracy=4.000000
2024-03-31 20:19:50,013 [INFO]  Epoch[1] Time cost=0.009
2024-03-31 20:19:50,015 [INFO]  Saved checkpoint to "./imputer_model/imputer_model_souders/model-0001.params"
2024-03-31 20:19:50,016 [INFO]  Epoch[1] Validation-cross-entropy=3.627634
2024-03-31 20:19:50,016 [INFO]  Epoch[1] Validation-souders-accuracy=0.000000
2024-03-31 20:19:50,021 [INFO]  Epoch[2] Batch [0-4]	Speed: 16650.26 samples/sec	cross-entropy=3.317888	souders-accuracy=4.400000
2024-03-31 20:19:50,024 [INFO]  Epoch[2] Train-cross-entropy=3.485841
2024-03-31 20:19:50,024 [INFO]  Epoch[2] Train-souders-accuracy=4.000000
2024-03-31 20:19:50,024 [INFO]  Epoch[2] Time cost=0.008
2024-03-31 20:19:50,025 [INFO]  Saved checkpoint to "./imputer_model/imputer_model_souders/model-0002.params"
2024-03-31 20:19:50,026 [INFO]  Epoch[2] Validation-cross-entropy=2.769934
2024-03-31 20:19:50,026 [INFO]  Epoch[2] Validation-souders-accuracy=0.000000
2024-03-31 20:19:50,031 [INFO]  Epoch[3] Batch [0-4]	Speed: 16407.03 samples/sec	cross-entropy=2.278968	souders-accuracy=4.400000
2024-03-31 20:19:50,033 [INFO]  Epoch[3] Train-cross-entropy=2.241319
2024-03-31 20:19:50,033 [INFO]  Epoch[3] Train-souders-accuracy=4.000000
2024-03-31 20:19:50,033 [INFO]  Epoch[3] Time cost=0.007
2024-03-31 20:19:50,034 [INFO]  Saved checkpoint to "./imputer_model/imputer_model_souders/model-0003.params"
2024-03-31 20:19:50,035 [INFO]  Epoch[3] Validation-cross-entropy=2.122524
2024-03-31 20:19:50,035 [INFO]  Epoch[3] Validation-souders-accuracy=0.000000
2024-03-31 20:19:50,040 [INFO]  Epoch[4] Batch [0-4]	Speed: 16682.34 samples/sec	cross-entropy=1.502886	souders-accuracy=4.400000
2024-03-31 20:19:50,042 [INFO]  Epoch[4] Train-cross-entropy=1.486147
2024-03-31 20:19:50,042 [INFO]  Epoch[4] Train-souders-accuracy=4.000000
2024-03-31 20:19:50,042 [INFO]  Epoch[4] Time cost=0.007
2024-03-31 20:19:50,044 [INFO]  Saved checkpoint to "./imputer_model/imputer_model_souders/model-0004.params"
2024-03-31 20:19:50,044 [INFO]  Epoch[4] Validation-cross-entropy=1.489484
2024-03-31 20:19:50,044 [INFO]  Epoch[4] Validation-souders-accuracy=0.000000
2024-03-31 20:19:50,044 [INFO]  
========== done (0.047812700271606445 s) fit model
2024-03-31 20:19:55,979 [INFO]  
========== start: fit model
2024-03-31 20:19:55,979 [WARNING]  Already bound, ignoring bind()
2024-03-31 20:19:55,988 [INFO]  Epoch[0] Batch [0-4]	Speed: 21421.71 samples/sec	cross-entropy=10.939826	souders-accuracy=3.400000
2024-03-31 20:19:55,990 [INFO]  Epoch[0] Train-cross-entropy=11.213738
2024-03-31 20:19:55,990 [INFO]  Epoch[0] Train-souders-accuracy=3.285714
2024-03-31 20:19:55,990 [INFO]  Epoch[0] Time cost=0.010
2024-03-31 20:19:55,992 [INFO]  Saved checkpoint to "./imputer_model/imputer_model_souders/model-0000.params"
2024-03-31 20:19:55,992 [INFO]  Epoch[0] Validation-cross-entropy=4.976592
2024-03-31 20:19:55,992 [INFO]  Epoch[0] Validation-souders-accuracy=0.000000
2024-03-31 20:19:55,996 [INFO]  Epoch[1] Batch [0-4]	Speed: 23154.96 samples/sec	cross-entropy=4.531767	souders-accuracy=3.400000
2024-03-31 20:19:55,997 [INFO]  Epoch[1] Train-cross-entropy=4.939446
2024-03-31 20:19:55,997 [INFO]  Epoch[1] Train-souders-accuracy=3.285714
2024-03-31 20:19:55,997 [INFO]  Epoch[1] Time cost=0.005
2024-03-31 20:19:55,999 [INFO]  Saved checkpoint to "./imputer_model/imputer_model_souders/model-0001.params"
2024-03-31 20:19:55,999 [INFO]  Epoch[1] Validation-cross-entropy=3.767694
2024-03-31 20:19:55,999 [INFO]  Epoch[1] Validation-souders-accuracy=0.000000
2024-03-31 20:19:56,003 [INFO]  Epoch[2] Batch [0-4]	Speed: 24570.75 samples/sec	cross-entropy=2.283721	souders-accuracy=3.400000
2024-03-31 20:19:56,004 [INFO]  Epoch[2] Train-cross-entropy=2.401291
2024-03-31 20:19:56,004 [INFO]  Epoch[2] Train-souders-accuracy=3.285714
2024-03-31 20:19:56,004 [INFO]  Epoch[2] Time cost=0.005
2024-03-31 20:19:56,008 [INFO]  Saved checkpoint to "./imputer_model/imputer_model_souders/model-0002.params"
2024-03-31 20:19:56,014 [INFO]  Epoch[2] Validation-cross-entropy=1.946475
2024-03-31 20:19:56,015 [INFO]  Epoch[2] Validation-souders-accuracy=0.000000
2024-03-31 20:19:56,018 [INFO]  Epoch[3] Batch [0-4]	Speed: 24401.00 samples/sec	cross-entropy=1.306689	souders-accuracy=3.400000
2024-03-31 20:19:56,019 [INFO]  Epoch[3] Train-cross-entropy=1.281559
2024-03-31 20:19:56,019 [INFO]  Epoch[3] Train-souders-accuracy=3.285714
2024-03-31 20:19:56,019 [INFO]  Epoch[3] Time cost=0.005
2024-03-31 20:19:56,021 [INFO]  Saved checkpoint to "./imputer_model/imputer_model_souders/model-0003.params"
2024-03-31 20:19:56,021 [INFO]  Epoch[3] Validation-cross-entropy=1.394998
2024-03-31 20:19:56,021 [INFO]  Epoch[3] Validation-souders-accuracy=0.000000
2024-03-31 20:19:56,027 [INFO]  Epoch[4] Batch [0-4]	Speed: 12458.71 samples/sec	cross-entropy=0.798522	souders-accuracy=3.400000
2024-03-31 20:19:56,029 [INFO]  Epoch[4] Train-cross-entropy=0.761493
2024-03-31 20:19:56,029 [INFO]  Epoch[4] Train-souders-accuracy=3.285714
2024-03-31 20:19:56,029 [INFO]  Epoch[4] Time cost=0.007
2024-03-31 20:19:56,030 [INFO]  Saved checkpoint to "./imputer_model/imputer_model_souders/model-0004.params"
2024-03-31 20:19:56,031 [INFO]  Epoch[4] Validation-cross-entropy=0.994707
2024-03-31 20:19:56,031 [INFO]  Epoch[4] Validation-souders-accuracy=0.000000
2024-03-31 20:19:56,031 [INFO]  
========== done (0.05201601982116699 s) fit model
2024-03-31 20:20:02,664 [INFO]  
========== start: fit model
2024-03-31 20:20:02,664 [WARNING]  Already bound, ignoring bind()
2024-03-31 20:20:02,669 [INFO]  Epoch[0] Batch [0-4]	Speed: 24866.65 samples/sec	cross-entropy=16.140146	souders-accuracy=3.800000
2024-03-31 20:20:02,671 [INFO]  Epoch[0] Train-cross-entropy=13.968112
2024-03-31 20:20:02,671 [INFO]  Epoch[0] Train-souders-accuracy=3.285714
2024-03-31 20:20:02,671 [INFO]  Epoch[0] Time cost=0.006
2024-03-31 20:20:02,672 [INFO]  Saved checkpoint to "./imputer_model/imputer_model_souders/model-0000.params"
2024-03-31 20:20:02,673 [INFO]  Epoch[0] Validation-cross-entropy=84.451981
2024-03-31 20:20:02,673 [INFO]  Epoch[0] Validation-souders-accuracy=0.000000
2024-03-31 20:20:02,713 [INFO]  Epoch[1] Batch [0-4]	Speed: 1615.92 samples/sec	cross-entropy=5.152074	souders-accuracy=3.800000
2024-03-31 20:20:02,746 [INFO]  Epoch[1] Train-cross-entropy=5.256928
2024-03-31 20:20:02,747 [INFO]  Epoch[1] Train-souders-accuracy=3.285714
2024-03-31 20:20:02,747 [INFO]  Epoch[1] Time cost=0.074
2024-03-31 20:20:02,748 [INFO]  Saved checkpoint to "./imputer_model/imputer_model_souders/model-0001.params"
2024-03-31 20:20:02,763 [INFO]  Epoch[1] Validation-cross-entropy=36.124649
2024-03-31 20:20:02,763 [INFO]  Epoch[1] Validation-souders-accuracy=0.000000
2024-03-31 20:20:02,766 [INFO]  Epoch[2] Batch [0-4]	Speed: 28105.48 samples/sec	cross-entropy=2.924857	souders-accuracy=3.800000
2024-03-31 20:20:02,773 [INFO]  Epoch[2] Train-cross-entropy=2.896095
2024-03-31 20:20:02,773 [INFO]  Epoch[2] Train-souders-accuracy=3.285714
2024-03-31 20:20:02,773 [INFO]  Epoch[2] Time cost=0.010
2024-03-31 20:20:02,775 [INFO]  Saved checkpoint to "./imputer_model/imputer_model_souders/model-0002.params"
2024-03-31 20:20:02,776 [INFO]  Epoch[2] Validation-cross-entropy=34.658005
2024-03-31 20:20:02,776 [INFO]  Epoch[2] Validation-souders-accuracy=0.000000
2024-03-31 20:20:02,781 [INFO]  Epoch[3] Batch [0-4]	Speed: 16704.14 samples/sec	cross-entropy=1.905913	souders-accuracy=3.800000
2024-03-31 20:20:02,783 [INFO]  Epoch[3] Train-cross-entropy=1.831035
2024-03-31 20:20:02,783 [INFO]  Epoch[3] Train-souders-accuracy=3.285714
2024-03-31 20:20:02,783 [INFO]  Epoch[3] Time cost=0.007
2024-03-31 20:20:02,784 [INFO]  Saved checkpoint to "./imputer_model/imputer_model_souders/model-0003.params"
2024-03-31 20:20:02,785 [INFO]  Epoch[3] Validation-cross-entropy=32.448391
2024-03-31 20:20:02,785 [INFO]  Epoch[3] Validation-souders-accuracy=0.000000
2024-03-31 20:20:02,789 [INFO]  Epoch[4] Batch [0-4]	Speed: 22694.92 samples/sec	cross-entropy=1.038088	souders-accuracy=3.800000
2024-03-31 20:20:02,790 [INFO]  Epoch[4] Train-cross-entropy=1.022424
2024-03-31 20:20:02,790 [INFO]  Epoch[4] Train-souders-accuracy=3.285714
2024-03-31 20:20:02,790 [INFO]  Epoch[4] Time cost=0.005
2024-03-31 20:20:02,792 [INFO]  Saved checkpoint to "./imputer_model/imputer_model_souders/model-0004.params"
2024-03-31 20:20:02,792 [INFO]  Epoch[4] Validation-cross-entropy=25.277966
2024-03-31 20:20:02,792 [INFO]  Epoch[4] Validation-souders-accuracy=0.000000
2024-03-31 20:20:02,793 [INFO]  
========== done (0.1285393238067627 s) fit model
2024-03-31 20:20:07,997 [INFO]  
========== start: fit model
2024-03-31 20:20:07,997 [WARNING]  Already bound, ignoring bind()
2024-03-31 20:20:08,002 [INFO]  Epoch[0] Batch [0-4]	Speed: 23793.25 samples/sec	cross-entropy=18.436906	souders-accuracy=0.000000
2024-03-31 20:20:08,003 [INFO]  Epoch[0] Train-cross-entropy=15.542113
2024-03-31 20:20:08,003 [INFO]  Epoch[0] Train-souders-accuracy=0.000000
2024-03-31 20:20:08,003 [INFO]  Epoch[0] Time cost=0.006
2024-03-31 20:20:08,005 [INFO]  Saved checkpoint to "./imputer_model/imputer_model_souders/model-0000.params"
2024-03-31 20:20:08,005 [INFO]  Epoch[0] Validation-cross-entropy=10.700428
2024-03-31 20:20:08,005 [INFO]  Epoch[0] Validation-souders-accuracy=0.000000
2024-03-31 20:20:08,009 [INFO]  Epoch[1] Batch [0-4]	Speed: 23623.64 samples/sec	cross-entropy=6.420890	souders-accuracy=0.000000
2024-03-31 20:20:08,010 [INFO]  Epoch[1] Train-cross-entropy=5.703537
2024-03-31 20:20:08,010 [INFO]  Epoch[1] Train-souders-accuracy=0.000000
2024-03-31 20:20:08,010 [INFO]  Epoch[1] Time cost=0.005
2024-03-31 20:20:08,011 [INFO]  Saved checkpoint to "./imputer_model/imputer_model_souders/model-0001.params"
2024-03-31 20:20:08,012 [INFO]  Epoch[1] Validation-cross-entropy=6.198101
2024-03-31 20:20:08,012 [INFO]  Epoch[1] Validation-souders-accuracy=0.000000
2024-03-31 20:20:08,015 [INFO]  Epoch[2] Batch [0-4]	Speed: 27208.13 samples/sec	cross-entropy=3.817048	souders-accuracy=0.000000
2024-03-31 20:20:08,016 [INFO]  Epoch[2] Train-cross-entropy=3.616653
2024-03-31 20:20:08,016 [INFO]  Epoch[2] Train-souders-accuracy=0.000000
2024-03-31 20:20:08,016 [INFO]  Epoch[2] Time cost=0.004
2024-03-31 20:20:08,017 [INFO]  Saved checkpoint to "./imputer_model/imputer_model_souders/model-0002.params"
2024-03-31 20:20:08,018 [INFO]  Epoch[2] Validation-cross-entropy=4.765460
2024-03-31 20:20:08,018 [INFO]  Epoch[2] Validation-souders-accuracy=0.000000
2024-03-31 20:20:08,021 [INFO]  Epoch[3] Batch [0-4]	Speed: 28611.75 samples/sec	cross-entropy=2.123011	souders-accuracy=0.000000
2024-03-31 20:20:08,022 [INFO]  Epoch[3] Train-cross-entropy=2.147100
2024-03-31 20:20:08,022 [INFO]  Epoch[3] Train-souders-accuracy=0.000000
2024-03-31 20:20:08,022 [INFO]  Epoch[3] Time cost=0.004
2024-03-31 20:20:08,023 [INFO]  Saved checkpoint to "./imputer_model/imputer_model_souders/model-0003.params"
2024-03-31 20:20:08,024 [INFO]  Epoch[3] Validation-cross-entropy=3.357482
2024-03-31 20:20:08,024 [INFO]  Epoch[3] Validation-souders-accuracy=0.000000
2024-03-31 20:20:08,027 [INFO]  Epoch[4] Batch [0-4]	Speed: 27866.24 samples/sec	cross-entropy=1.376091	souders-accuracy=0.000000
2024-03-31 20:20:08,028 [INFO]  Epoch[4] Train-cross-entropy=1.327794
2024-03-31 20:20:08,028 [INFO]  Epoch[4] Train-souders-accuracy=0.000000
2024-03-31 20:20:08,028 [INFO]  Epoch[4] Time cost=0.004
2024-03-31 20:20:08,029 [INFO]  Saved checkpoint to "./imputer_model/imputer_model_souders/model-0004.params"
2024-03-31 20:20:08,029 [INFO]  Epoch[4] Validation-cross-entropy=2.177608
2024-03-31 20:20:08,029 [INFO]  Epoch[4] Validation-souders-accuracy=0.000000
2024-03-31 20:20:08,030 [INFO]  
========== done (0.032948970794677734 s) fit model
2024-03-31 20:20:12,953 [INFO]  
========== start: fit model
2024-03-31 20:20:12,953 [WARNING]  Already bound, ignoring bind()
2024-03-31 20:20:12,958 [INFO]  Epoch[0] Batch [0-4]	Speed: 24308.20 samples/sec	cross-entropy=13.456932	souders-accuracy=3.600000
2024-03-31 20:20:12,960 [INFO]  Epoch[0] Train-cross-entropy=12.851755
2024-03-31 20:20:12,960 [INFO]  Epoch[0] Train-souders-accuracy=3.428571
2024-03-31 20:20:12,960 [INFO]  Epoch[0] Time cost=0.006
2024-03-31 20:20:12,961 [INFO]  Saved checkpoint to "./imputer_model/imputer_model_souders/model-0000.params"
2024-03-31 20:20:12,962 [INFO]  Epoch[0] Validation-cross-entropy=8.071797
2024-03-31 20:20:12,962 [INFO]  Epoch[0] Validation-souders-accuracy=0.000000
2024-03-31 20:20:12,965 [INFO]  Epoch[1] Batch [0-4]	Speed: 24667.84 samples/sec	cross-entropy=4.609804	souders-accuracy=3.600000
2024-03-31 20:20:12,966 [INFO]  Epoch[1] Train-cross-entropy=4.859223
2024-03-31 20:20:12,967 [INFO]  Epoch[1] Train-souders-accuracy=3.428571
2024-03-31 20:20:12,967 [INFO]  Epoch[1] Time cost=0.005
2024-03-31 20:20:12,968 [INFO]  Saved checkpoint to "./imputer_model/imputer_model_souders/model-0001.params"
2024-03-31 20:20:12,969 [INFO]  Epoch[1] Validation-cross-entropy=6.006536
2024-03-31 20:20:12,969 [INFO]  Epoch[1] Validation-souders-accuracy=0.000000
2024-03-31 20:20:12,972 [INFO]  Epoch[2] Batch [0-4]	Speed: 25245.51 samples/sec	cross-entropy=2.961149	souders-accuracy=3.600000
2024-03-31 20:20:12,973 [INFO]  Epoch[2] Train-cross-entropy=2.815557
2024-03-31 20:20:12,974 [INFO]  Epoch[2] Train-souders-accuracy=3.428571
2024-03-31 20:20:12,974 [INFO]  Epoch[2] Time cost=0.005
2024-03-31 20:20:12,975 [INFO]  Saved checkpoint to "./imputer_model/imputer_model_souders/model-0002.params"
2024-03-31 20:20:12,975 [INFO]  Epoch[2] Validation-cross-entropy=2.821727
2024-03-31 20:20:12,975 [INFO]  Epoch[2] Validation-souders-accuracy=0.000000
2024-03-31 20:20:12,979 [INFO]  Epoch[3] Batch [0-4]	Speed: 24745.16 samples/sec	cross-entropy=1.741413	souders-accuracy=3.600000
2024-03-31 20:20:12,980 [INFO]  Epoch[3] Train-cross-entropy=1.610201
2024-03-31 20:20:12,980 [INFO]  Epoch[3] Train-souders-accuracy=3.428571
2024-03-31 20:20:12,980 [INFO]  Epoch[3] Time cost=0.005
2024-03-31 20:20:12,982 [INFO]  Saved checkpoint to "./imputer_model/imputer_model_souders/model-0003.params"
2024-03-31 20:20:12,982 [INFO]  Epoch[3] Validation-cross-entropy=1.927898
2024-03-31 20:20:12,982 [INFO]  Epoch[3] Validation-souders-accuracy=0.000000
2024-03-31 20:20:12,985 [INFO]  Epoch[4] Batch [0-4]	Speed: 24772.56 samples/sec	cross-entropy=1.101076	souders-accuracy=3.600000
2024-03-31 20:20:12,987 [INFO]  Epoch[4] Train-cross-entropy=0.976163
2024-03-31 20:20:12,987 [INFO]  Epoch[4] Train-souders-accuracy=3.428571
2024-03-31 20:20:12,987 [INFO]  Epoch[4] Time cost=0.005
2024-03-31 20:20:12,988 [INFO]  Saved checkpoint to "./imputer_model/imputer_model_souders/model-0004.params"
2024-03-31 20:20:12,989 [INFO]  Epoch[4] Validation-cross-entropy=1.573072
2024-03-31 20:20:12,989 [INFO]  Epoch[4] Validation-souders-accuracy=0.000000
2024-03-31 20:20:12,989 [INFO]  
========== done (0.03586912155151367 s) fit model
