2024-03-31 19:34:31,509 [INFO]  
========== start: fit model
2024-03-31 19:34:31,509 [WARNING]  Already bound, ignoring bind()
2024-03-31 19:34:31,535 [INFO]  Epoch[0] Batch [0-16]	Speed: 10728.19 samples/sec	cross-entropy=14.123786	A13-accuracy=3.000000
2024-03-31 19:34:31,550 [INFO]  Epoch[0] Train-cross-entropy=10.140999
2024-03-31 19:34:31,551 [INFO]  Epoch[0] Train-A13-accuracy=3.064516
2024-03-31 19:34:31,551 [INFO]  Epoch[0] Time cost=0.041
2024-03-31 19:34:31,552 [INFO]  Saved checkpoint to "./imputer_model/imputer_model_A13/model-0000.params"
2024-03-31 19:34:31,553 [INFO]  Epoch[0] Validation-cross-entropy=1.303475
2024-03-31 19:34:31,554 [INFO]  Epoch[0] Validation-A13-accuracy=0.000000
2024-03-31 19:34:31,565 [INFO]  Epoch[1] Batch [0-16]	Speed: 25277.00 samples/sec	cross-entropy=0.678455	A13-accuracy=3.000000
2024-03-31 19:34:31,573 [INFO]  Epoch[1] Train-cross-entropy=0.783229
2024-03-31 19:34:31,573 [INFO]  Epoch[1] Train-A13-accuracy=3.064516
2024-03-31 19:34:31,573 [INFO]  Epoch[1] Time cost=0.019
2024-03-31 19:34:31,574 [INFO]  Saved checkpoint to "./imputer_model/imputer_model_A13/model-0001.params"
2024-03-31 19:34:31,575 [INFO]  Epoch[1] Validation-cross-entropy=0.596577
2024-03-31 19:34:31,575 [INFO]  Epoch[1] Validation-A13-accuracy=0.000000
2024-03-31 19:34:31,586 [INFO]  Epoch[2] Batch [0-16]	Speed: 26140.37 samples/sec	cross-entropy=0.435049	A13-accuracy=3.000000
2024-03-31 19:34:31,595 [INFO]  Epoch[2] Train-cross-entropy=0.534570
2024-03-31 19:34:31,595 [INFO]  Epoch[2] Train-A13-accuracy=3.064516
2024-03-31 19:34:31,595 [INFO]  Epoch[2] Time cost=0.020
2024-03-31 19:34:31,596 [INFO]  Saved checkpoint to "./imputer_model/imputer_model_A13/model-0002.params"
2024-03-31 19:34:31,597 [INFO]  Epoch[2] Validation-cross-entropy=0.301113
2024-03-31 19:34:31,597 [INFO]  Epoch[2] Validation-A13-accuracy=0.000000
2024-03-31 19:34:31,607 [INFO]  Epoch[3] Batch [0-16]	Speed: 27525.49 samples/sec	cross-entropy=0.234304	A13-accuracy=3.000000
2024-03-31 19:34:31,615 [INFO]  Epoch[3] Train-cross-entropy=0.423869
2024-03-31 19:34:31,615 [INFO]  Epoch[3] Train-A13-accuracy=3.064516
2024-03-31 19:34:31,615 [INFO]  Epoch[3] Time cost=0.018
2024-03-31 19:34:31,617 [INFO]  Saved checkpoint to "./imputer_model/imputer_model_A13/model-0003.params"
2024-03-31 19:34:31,618 [INFO]  Epoch[3] Validation-cross-entropy=0.378044
2024-03-31 19:34:31,618 [INFO]  Epoch[3] Validation-A13-accuracy=0.000000
2024-03-31 19:34:31,628 [INFO]  Epoch[4] Batch [0-16]	Speed: 26342.38 samples/sec	cross-entropy=0.306096	A13-accuracy=3.000000
2024-03-31 19:34:31,637 [INFO]  Epoch[4] Train-cross-entropy=0.370868
2024-03-31 19:34:31,637 [INFO]  Epoch[4] Train-A13-accuracy=3.064516
2024-03-31 19:34:31,637 [INFO]  Epoch[4] Time cost=0.019
2024-03-31 19:34:31,639 [INFO]  Saved checkpoint to "./imputer_model/imputer_model_A13/model-0004.params"
2024-03-31 19:34:31,639 [INFO]  Epoch[4] Validation-cross-entropy=0.272083
2024-03-31 19:34:31,640 [INFO]  Epoch[4] Validation-A13-accuracy=0.000000
2024-03-31 19:34:31,640 [INFO]  
========== done (0.13053154945373535 s) fit model
2024-03-31 19:35:11,864 [INFO]  
========== start: fit model
2024-03-31 19:35:11,864 [WARNING]  Already bound, ignoring bind()
2024-03-31 19:35:11,877 [INFO]  Epoch[0] Batch [0-16]	Speed: 24068.99 samples/sec	cross-entropy=7.657487	A13-accuracy=3.294118
2024-03-31 19:35:11,887 [INFO]  Epoch[0] Train-cross-entropy=4.786791
2024-03-31 19:35:11,887 [INFO]  Epoch[0] Train-A13-accuracy=2.967742
2024-03-31 19:35:11,887 [INFO]  Epoch[0] Time cost=0.022
2024-03-31 19:35:11,888 [INFO]  Saved checkpoint to "./imputer_model/imputer_model_A13/model-0000.params"
2024-03-31 19:35:11,889 [INFO]  Epoch[0] Validation-cross-entropy=0.679213
2024-03-31 19:35:11,889 [INFO]  Epoch[0] Validation-A13-accuracy=0.000000
2024-03-31 19:35:11,901 [INFO]  Epoch[1] Batch [0-16]	Speed: 23518.09 samples/sec	cross-entropy=0.726212	A13-accuracy=3.294118
2024-03-31 19:35:11,910 [INFO]  Epoch[1] Train-cross-entropy=0.644064
2024-03-31 19:35:11,910 [INFO]  Epoch[1] Train-A13-accuracy=2.967742
2024-03-31 19:35:11,910 [INFO]  Epoch[1] Time cost=0.021
2024-03-31 19:35:11,911 [INFO]  Saved checkpoint to "./imputer_model/imputer_model_A13/model-0001.params"
2024-03-31 19:35:11,912 [INFO]  Epoch[1] Validation-cross-entropy=0.476234
2024-03-31 19:35:11,912 [INFO]  Epoch[1] Validation-A13-accuracy=0.000000
2024-03-31 19:35:11,924 [INFO]  Epoch[2] Batch [0-16]	Speed: 23490.30 samples/sec	cross-entropy=0.254890	A13-accuracy=3.294118
2024-03-31 19:35:11,934 [INFO]  Epoch[2] Train-cross-entropy=0.261518
2024-03-31 19:35:11,934 [INFO]  Epoch[2] Train-A13-accuracy=2.967742
2024-03-31 19:35:11,934 [INFO]  Epoch[2] Time cost=0.021
2024-03-31 19:35:11,935 [INFO]  Saved checkpoint to "./imputer_model/imputer_model_A13/model-0002.params"
2024-03-31 19:35:11,936 [INFO]  Epoch[2] Validation-cross-entropy=0.236868
2024-03-31 19:35:11,936 [INFO]  Epoch[2] Validation-A13-accuracy=0.000000
2024-03-31 19:35:11,948 [INFO]  Epoch[3] Batch [0-16]	Speed: 23306.75 samples/sec	cross-entropy=0.151380	A13-accuracy=3.294118
2024-03-31 19:35:11,957 [INFO]  Epoch[3] Train-cross-entropy=0.153434
2024-03-31 19:35:11,958 [INFO]  Epoch[3] Train-A13-accuracy=2.967742
2024-03-31 19:35:11,958 [INFO]  Epoch[3] Time cost=0.021
2024-03-31 19:35:11,959 [INFO]  Saved checkpoint to "./imputer_model/imputer_model_A13/model-0003.params"
2024-03-31 19:35:11,960 [INFO]  Epoch[3] Validation-cross-entropy=0.256689
2024-03-31 19:35:11,960 [INFO]  Epoch[3] Validation-A13-accuracy=0.000000
2024-03-31 19:35:11,972 [INFO]  Epoch[4] Batch [0-16]	Speed: 23626.76 samples/sec	cross-entropy=0.121056	A13-accuracy=3.294118
2024-03-31 19:35:11,981 [INFO]  Epoch[4] Train-cross-entropy=0.113052
2024-03-31 19:35:11,981 [INFO]  Epoch[4] Train-A13-accuracy=2.967742
2024-03-31 19:35:11,981 [INFO]  Epoch[4] Time cost=0.021
2024-03-31 19:35:11,983 [INFO]  Saved checkpoint to "./imputer_model/imputer_model_A13/model-0004.params"
2024-03-31 19:35:11,984 [INFO]  Epoch[4] Validation-cross-entropy=0.189717
2024-03-31 19:35:11,984 [INFO]  Epoch[4] Validation-A13-accuracy=0.000000
2024-03-31 19:35:11,984 [INFO]  
========== done (0.11993098258972168 s) fit model
2024-03-31 19:35:47,557 [INFO]  
========== start: fit model
2024-03-31 19:35:47,558 [WARNING]  Already bound, ignoring bind()
2024-03-31 19:35:47,602 [INFO]  Epoch[0] Batch [0-16]	Speed: 9370.62 samples/sec	cross-entropy=10.937584	A13-accuracy=0.000000
2024-03-31 19:35:47,734 [INFO]  Epoch[0] Train-cross-entropy=6.980075
2024-03-31 19:35:47,735 [INFO]  Epoch[0] Train-A13-accuracy=0.000000
2024-03-31 19:35:47,735 [INFO]  Epoch[0] Time cost=0.175
2024-03-31 19:35:47,742 [INFO]  Saved checkpoint to "./imputer_model/imputer_model_A13/model-0000.params"
2024-03-31 19:35:47,763 [INFO]  Epoch[0] Validation-cross-entropy=0.806240
2024-03-31 19:35:47,764 [INFO]  Epoch[0] Validation-A13-accuracy=0.000000
2024-03-31 19:35:47,862 [INFO]  Epoch[1] Batch [0-16]	Speed: 2737.77 samples/sec	cross-entropy=0.924019	A13-accuracy=0.000000
2024-03-31 19:35:48,068 [INFO]  Epoch[1] Train-cross-entropy=0.947524
2024-03-31 19:35:48,069 [INFO]  Epoch[1] Train-A13-accuracy=0.000000
2024-03-31 19:35:48,069 [INFO]  Epoch[1] Time cost=0.305
2024-03-31 19:35:48,070 [INFO]  Saved checkpoint to "./imputer_model/imputer_model_A13/model-0001.params"
2024-03-31 19:35:48,102 [INFO]  Epoch[1] Validation-cross-entropy=0.387698
2024-03-31 19:35:48,102 [INFO]  Epoch[1] Validation-A13-accuracy=0.000000
2024-03-31 19:35:48,183 [INFO]  Epoch[2] Batch [0-16]	Speed: 3226.36 samples/sec	cross-entropy=0.517410	A13-accuracy=0.000000
2024-03-31 19:35:48,623 [INFO]  Epoch[2] Train-cross-entropy=0.667298
2024-03-31 19:35:48,623 [INFO]  Epoch[2] Train-A13-accuracy=0.000000
2024-03-31 19:35:48,623 [INFO]  Epoch[2] Time cost=0.520
2024-03-31 19:35:48,624 [INFO]  Saved checkpoint to "./imputer_model/imputer_model_A13/model-0002.params"
2024-03-31 19:35:48,625 [INFO]  Epoch[2] Validation-cross-entropy=0.396255
2024-03-31 19:35:48,625 [INFO]  Epoch[2] Validation-A13-accuracy=0.000000
2024-03-31 19:35:48,748 [INFO]  Epoch[3] Batch [0-16]	Speed: 2499.88 samples/sec	cross-entropy=0.383828	A13-accuracy=0.000000
2024-03-31 19:35:48,980 [INFO]  Epoch[3] Train-cross-entropy=0.525188
2024-03-31 19:35:48,980 [INFO]  Epoch[3] Train-A13-accuracy=0.000000
2024-03-31 19:35:48,980 [INFO]  Epoch[3] Time cost=0.355
2024-03-31 19:35:48,981 [INFO]  Saved checkpoint to "./imputer_model/imputer_model_A13/model-0003.params"
2024-03-31 19:35:48,987 [INFO]  Epoch[3] Validation-cross-entropy=0.296115
2024-03-31 19:35:48,987 [INFO]  Epoch[3] Validation-A13-accuracy=0.000000
2024-03-31 19:35:49,271 [INFO]  Epoch[4] Batch [0-16]	Speed: 904.01 samples/sec	cross-entropy=0.329863	A13-accuracy=0.000000
2024-03-31 19:35:49,408 [INFO]  Epoch[4] Train-cross-entropy=0.441610
2024-03-31 19:35:49,408 [INFO]  Epoch[4] Train-A13-accuracy=0.000000
2024-03-31 19:35:49,409 [INFO]  Epoch[4] Time cost=0.422
2024-03-31 19:35:49,410 [INFO]  Saved checkpoint to "./imputer_model/imputer_model_A13/model-0004.params"
2024-03-31 19:35:49,415 [INFO]  Epoch[4] Validation-cross-entropy=0.250076
2024-03-31 19:35:49,415 [INFO]  Epoch[4] Validation-A13-accuracy=0.000000
2024-03-31 19:35:49,415 [INFO]  
========== done (1.85801100730896 s) fit model
2024-03-31 19:36:14,455 [INFO]  
========== start: fit model
2024-03-31 19:36:14,455 [WARNING]  Already bound, ignoring bind()
2024-03-31 19:36:14,678 [INFO]  Epoch[0] Batch [0-16]	Speed: 1535.76 samples/sec	cross-entropy=11.243707	A13-accuracy=0.000000
2024-03-31 19:36:14,850 [INFO]  Epoch[0] Train-cross-entropy=7.790588
2024-03-31 19:36:14,851 [INFO]  Epoch[0] Train-A13-accuracy=0.000000
2024-03-31 19:36:14,851 [INFO]  Epoch[0] Time cost=0.395
2024-03-31 19:36:14,852 [INFO]  Saved checkpoint to "./imputer_model/imputer_model_A13/model-0000.params"
2024-03-31 19:36:14,859 [INFO]  Epoch[0] Validation-cross-entropy=1.095172
2024-03-31 19:36:14,860 [INFO]  Epoch[0] Validation-A13-accuracy=0.000000
2024-03-31 19:36:14,883 [INFO]  Epoch[1] Batch [0-16]	Speed: 13817.65 samples/sec	cross-entropy=0.693024	A13-accuracy=0.000000
2024-03-31 19:36:15,120 [INFO]  Epoch[1] Train-cross-entropy=0.624094
2024-03-31 19:36:15,121 [INFO]  Epoch[1] Train-A13-accuracy=0.000000
2024-03-31 19:36:15,121 [INFO]  Epoch[1] Time cost=0.261
2024-03-31 19:36:15,123 [INFO]  Saved checkpoint to "./imputer_model/imputer_model_A13/model-0001.params"
2024-03-31 19:36:15,124 [INFO]  Epoch[1] Validation-cross-entropy=0.668495
2024-03-31 19:36:15,125 [INFO]  Epoch[1] Validation-A13-accuracy=0.000000
2024-03-31 19:36:15,244 [INFO]  Epoch[2] Batch [0-16]	Speed: 2174.53 samples/sec	cross-entropy=0.440615	A13-accuracy=0.000000
2024-03-31 19:36:15,375 [INFO]  Epoch[2] Train-cross-entropy=0.350410
2024-03-31 19:36:15,375 [INFO]  Epoch[2] Train-A13-accuracy=0.000000
2024-03-31 19:36:15,375 [INFO]  Epoch[2] Time cost=0.251
2024-03-31 19:36:15,377 [INFO]  Saved checkpoint to "./imputer_model/imputer_model_A13/model-0002.params"
2024-03-31 19:36:15,378 [INFO]  Epoch[2] Validation-cross-entropy=0.465321
2024-03-31 19:36:15,378 [INFO]  Epoch[2] Validation-A13-accuracy=0.000000
2024-03-31 19:36:15,438 [INFO]  Epoch[3] Batch [0-16]	Speed: 5924.91 samples/sec	cross-entropy=0.278641	A13-accuracy=0.000000
2024-03-31 19:36:15,560 [INFO]  Epoch[3] Train-cross-entropy=0.226691
2024-03-31 19:36:15,560 [INFO]  Epoch[3] Train-A13-accuracy=0.000000
2024-03-31 19:36:15,561 [INFO]  Epoch[3] Time cost=0.182
2024-03-31 19:36:15,562 [INFO]  Saved checkpoint to "./imputer_model/imputer_model_A13/model-0003.params"
2024-03-31 19:36:15,564 [INFO]  Epoch[3] Validation-cross-entropy=0.314580
2024-03-31 19:36:15,564 [INFO]  Epoch[3] Validation-A13-accuracy=0.000000
2024-03-31 19:36:16,177 [INFO]  Epoch[4] Batch [0-16]	Speed: 475.84 samples/sec	cross-entropy=0.187978	A13-accuracy=0.000000
2024-03-31 19:36:16,412 [INFO]  Epoch[4] Train-cross-entropy=0.156446
2024-03-31 19:36:16,412 [INFO]  Epoch[4] Train-A13-accuracy=0.000000
2024-03-31 19:36:16,413 [INFO]  Epoch[4] Time cost=0.849
2024-03-31 19:36:16,415 [INFO]  Saved checkpoint to "./imputer_model/imputer_model_A13/model-0004.params"
2024-03-31 19:36:16,417 [INFO]  Epoch[4] Validation-cross-entropy=0.233334
2024-03-31 19:36:16,417 [INFO]  Epoch[4] Validation-A13-accuracy=0.000000
2024-03-31 19:36:16,417 [INFO]  
========== done (1.962233304977417 s) fit model
2024-03-31 19:36:32,374 [INFO]  
========== start: fit model
2024-03-31 19:36:32,375 [WARNING]  Already bound, ignoring bind()
2024-03-31 19:36:32,389 [INFO]  Epoch[0] Batch [0-16]	Speed: 20865.56 samples/sec	cross-entropy=12.457078	A13-accuracy=0.000000
2024-03-31 19:36:32,763 [INFO]  Epoch[0] Train-cross-entropy=8.233204
2024-03-31 19:36:32,763 [INFO]  Epoch[0] Train-A13-accuracy=0.000000
2024-03-31 19:36:32,763 [INFO]  Epoch[0] Time cost=0.387
2024-03-31 19:36:32,764 [INFO]  Saved checkpoint to "./imputer_model/imputer_model_A13/model-0000.params"
2024-03-31 19:36:32,765 [INFO]  Epoch[0] Validation-cross-entropy=1.975896
2024-03-31 19:36:32,765 [INFO]  Epoch[0] Validation-A13-accuracy=0.000000
2024-03-31 19:36:32,857 [INFO]  Epoch[1] Batch [0-16]	Speed: 2814.66 samples/sec	cross-entropy=1.341335	A13-accuracy=0.000000
2024-03-31 19:36:32,944 [INFO]  Epoch[1] Train-cross-entropy=1.122773
2024-03-31 19:36:32,944 [INFO]  Epoch[1] Train-A13-accuracy=0.000000
2024-03-31 19:36:32,944 [INFO]  Epoch[1] Time cost=0.178
2024-03-31 19:36:32,945 [INFO]  Saved checkpoint to "./imputer_model/imputer_model_A13/model-0001.params"
2024-03-31 19:36:32,946 [INFO]  Epoch[1] Validation-cross-entropy=1.226163
2024-03-31 19:36:32,946 [INFO]  Epoch[1] Validation-A13-accuracy=0.000000
2024-03-31 19:36:33,059 [INFO]  Epoch[2] Batch [0-16]	Speed: 2887.16 samples/sec	cross-entropy=0.563359	A13-accuracy=0.000000
2024-03-31 19:36:33,141 [INFO]  Epoch[2] Train-cross-entropy=0.469173
2024-03-31 19:36:33,141 [INFO]  Epoch[2] Train-A13-accuracy=0.000000
2024-03-31 19:36:33,141 [INFO]  Epoch[2] Time cost=0.195
2024-03-31 19:36:33,143 [INFO]  Saved checkpoint to "./imputer_model/imputer_model_A13/model-0002.params"
2024-03-31 19:36:33,147 [INFO]  Epoch[2] Validation-cross-entropy=0.625948
2024-03-31 19:36:33,148 [INFO]  Epoch[2] Validation-A13-accuracy=0.000000
2024-03-31 19:36:33,174 [INFO]  Epoch[3] Batch [0-16]	Speed: 10015.59 samples/sec	cross-entropy=0.312952	A13-accuracy=0.000000
2024-03-31 19:36:33,399 [INFO]  Epoch[3] Train-cross-entropy=0.277035
2024-03-31 19:36:33,400 [INFO]  Epoch[3] Train-A13-accuracy=0.000000
2024-03-31 19:36:33,400 [INFO]  Epoch[3] Time cost=0.252
2024-03-31 19:36:33,402 [INFO]  Saved checkpoint to "./imputer_model/imputer_model_A13/model-0003.params"
2024-03-31 19:36:33,407 [INFO]  Epoch[3] Validation-cross-entropy=0.402605
2024-03-31 19:36:33,407 [INFO]  Epoch[3] Validation-A13-accuracy=0.000000
2024-03-31 19:36:33,509 [INFO]  Epoch[4] Batch [0-16]	Speed: 2535.37 samples/sec	cross-entropy=0.204896	A13-accuracy=0.000000
2024-03-31 19:36:33,911 [INFO]  Epoch[4] Train-cross-entropy=0.186342
2024-03-31 19:36:33,911 [INFO]  Epoch[4] Train-A13-accuracy=0.000000
2024-03-31 19:36:33,911 [INFO]  Epoch[4] Time cost=0.504
2024-03-31 19:36:33,913 [INFO]  Saved checkpoint to "./imputer_model/imputer_model_A13/model-0004.params"
2024-03-31 19:36:33,915 [INFO]  Epoch[4] Validation-cross-entropy=0.305100
2024-03-31 19:36:33,915 [INFO]  Epoch[4] Validation-A13-accuracy=0.000000
2024-03-31 19:36:33,915 [INFO]  
========== done (1.540590763092041 s) fit model
2024-03-31 19:36:58,805 [INFO]  
========== start: fit model
2024-03-31 19:36:58,805 [WARNING]  Already bound, ignoring bind()
2024-03-31 19:36:58,820 [INFO]  Epoch[0] Batch [0-16]	Speed: 19299.41 samples/sec	cross-entropy=12.448629	A13-accuracy=0.000000
2024-03-31 19:36:58,829 [INFO]  Epoch[0] Train-cross-entropy=9.212370
2024-03-31 19:36:58,830 [INFO]  Epoch[0] Train-A13-accuracy=0.000000
2024-03-31 19:36:58,830 [INFO]  Epoch[0] Time cost=0.024
2024-03-31 19:36:58,831 [INFO]  Saved checkpoint to "./imputer_model/imputer_model_A13/model-0000.params"
2024-03-31 19:36:58,833 [INFO]  Epoch[0] Validation-cross-entropy=1.332364
2024-03-31 19:36:58,833 [INFO]  Epoch[0] Validation-A13-accuracy=0.000000
2024-03-31 19:36:58,844 [INFO]  Epoch[1] Batch [0-16]	Speed: 23537.16 samples/sec	cross-entropy=1.542960	A13-accuracy=0.000000
2024-03-31 19:36:58,853 [INFO]  Epoch[1] Train-cross-entropy=1.265127
2024-03-31 19:36:58,853 [INFO]  Epoch[1] Train-A13-accuracy=0.000000
2024-03-31 19:36:58,853 [INFO]  Epoch[1] Time cost=0.020
2024-03-31 19:36:58,854 [INFO]  Saved checkpoint to "./imputer_model/imputer_model_A13/model-0001.params"
2024-03-31 19:36:58,855 [INFO]  Epoch[1] Validation-cross-entropy=0.496007
2024-03-31 19:36:58,855 [INFO]  Epoch[1] Validation-A13-accuracy=0.000000
2024-03-31 19:36:58,868 [INFO]  Epoch[2] Batch [0-16]	Speed: 22419.60 samples/sec	cross-entropy=0.528941	A13-accuracy=0.000000
2024-03-31 19:36:58,877 [INFO]  Epoch[2] Train-cross-entropy=0.784252
2024-03-31 19:36:58,878 [INFO]  Epoch[2] Train-A13-accuracy=0.000000
2024-03-31 19:36:58,878 [INFO]  Epoch[2] Time cost=0.022
2024-03-31 19:36:58,879 [INFO]  Saved checkpoint to "./imputer_model/imputer_model_A13/model-0002.params"
2024-03-31 19:36:58,880 [INFO]  Epoch[2] Validation-cross-entropy=0.342168
2024-03-31 19:36:58,880 [INFO]  Epoch[2] Validation-A13-accuracy=0.000000
2024-03-31 19:36:58,892 [INFO]  Epoch[3] Batch [0-16]	Speed: 22689.16 samples/sec	cross-entropy=0.359469	A13-accuracy=0.000000
2024-03-31 19:36:58,902 [INFO]  Epoch[3] Train-cross-entropy=0.879097
2024-03-31 19:36:58,902 [INFO]  Epoch[3] Train-A13-accuracy=0.000000
2024-03-31 19:36:58,902 [INFO]  Epoch[3] Time cost=0.022
2024-03-31 19:36:58,904 [INFO]  Saved checkpoint to "./imputer_model/imputer_model_A13/model-0003.params"
2024-03-31 19:36:58,905 [INFO]  Epoch[3] Validation-cross-entropy=0.347178
2024-03-31 19:36:58,905 [INFO]  Epoch[3] Validation-A13-accuracy=0.000000
2024-03-31 19:36:58,917 [INFO]  Epoch[4] Batch [0-16]	Speed: 23013.52 samples/sec	cross-entropy=0.430133	A13-accuracy=0.000000
2024-03-31 19:36:58,927 [INFO]  Epoch[4] Train-cross-entropy=0.821486
2024-03-31 19:36:58,927 [INFO]  Epoch[4] Train-A13-accuracy=0.000000
2024-03-31 19:36:58,927 [INFO]  Epoch[4] Time cost=0.022
2024-03-31 19:36:58,929 [INFO]  Saved checkpoint to "./imputer_model/imputer_model_A13/model-0004.params"
2024-03-31 19:36:58,930 [INFO]  Epoch[4] Validation-cross-entropy=0.320517
2024-03-31 19:36:58,930 [INFO]  Epoch[4] Validation-A13-accuracy=0.000000
2024-03-31 19:36:58,930 [INFO]  
========== done (0.12529444694519043 s) fit model
2024-03-31 19:37:20,968 [INFO]  
========== start: fit model
2024-03-31 19:37:20,968 [WARNING]  Already bound, ignoring bind()
2024-03-31 19:37:21,069 [INFO]  Epoch[0] Batch [0-16]	Speed: 2603.19 samples/sec	cross-entropy=9.309013	A13-accuracy=3.176471
2024-03-31 19:37:21,312 [INFO]  Epoch[0] Train-cross-entropy=6.683919
2024-03-31 19:37:21,312 [INFO]  Epoch[0] Train-A13-accuracy=3.096774
2024-03-31 19:37:21,313 [INFO]  Epoch[0] Time cost=0.343
2024-03-31 19:37:21,314 [INFO]  Saved checkpoint to "./imputer_model/imputer_model_A13/model-0000.params"
2024-03-31 19:37:21,354 [INFO]  Epoch[0] Validation-cross-entropy=1.830551
2024-03-31 19:37:21,354 [INFO]  Epoch[0] Validation-A13-accuracy=0.000000
2024-03-31 19:37:21,943 [INFO]  Epoch[1] Batch [0-16]	Speed: 566.82 samples/sec	cross-entropy=0.799457	A13-accuracy=3.176471
2024-03-31 19:37:22,040 [INFO]  Epoch[1] Train-cross-entropy=0.771995
2024-03-31 19:37:22,041 [INFO]  Epoch[1] Train-A13-accuracy=3.096774
2024-03-31 19:37:22,041 [INFO]  Epoch[1] Time cost=0.686
2024-03-31 19:37:22,043 [INFO]  Saved checkpoint to "./imputer_model/imputer_model_A13/model-0001.params"
2024-03-31 19:37:22,044 [INFO]  Epoch[1] Validation-cross-entropy=0.632588
2024-03-31 19:37:22,044 [INFO]  Epoch[1] Validation-A13-accuracy=0.000000
2024-03-31 19:37:22,136 [INFO]  Epoch[2] Batch [0-16]	Speed: 2814.03 samples/sec	cross-entropy=0.421032	A13-accuracy=3.176471
2024-03-31 19:37:22,384 [INFO]  Epoch[2] Train-cross-entropy=0.448641
2024-03-31 19:37:22,384 [INFO]  Epoch[2] Train-A13-accuracy=3.096774
2024-03-31 19:37:22,384 [INFO]  Epoch[2] Time cost=0.341
2024-03-31 19:37:22,386 [INFO]  Saved checkpoint to "./imputer_model/imputer_model_A13/model-0002.params"
2024-03-31 19:37:22,391 [INFO]  Epoch[2] Validation-cross-entropy=0.477855
2024-03-31 19:37:22,391 [INFO]  Epoch[2] Validation-A13-accuracy=0.000000
2024-03-31 19:37:22,567 [INFO]  Epoch[3] Batch [0-16]	Speed: 1459.29 samples/sec	cross-entropy=0.271445	A13-accuracy=3.176471
2024-03-31 19:37:22,727 [INFO]  Epoch[3] Train-cross-entropy=0.325747
2024-03-31 19:37:22,727 [INFO]  Epoch[3] Train-A13-accuracy=3.096774
2024-03-31 19:37:22,727 [INFO]  Epoch[3] Time cost=0.336
2024-03-31 19:37:22,728 [INFO]  Saved checkpoint to "./imputer_model/imputer_model_A13/model-0003.params"
2024-03-31 19:37:22,801 [INFO]  Epoch[3] Validation-cross-entropy=0.412346
2024-03-31 19:37:22,801 [INFO]  Epoch[3] Validation-A13-accuracy=0.000000
2024-03-31 19:37:23,025 [INFO]  Epoch[4] Batch [0-16]	Speed: 1191.35 samples/sec	cross-entropy=0.240280	A13-accuracy=3.176471
2024-03-31 19:37:23,043 [INFO]  Epoch[4] Train-cross-entropy=0.293233
2024-03-31 19:37:23,043 [INFO]  Epoch[4] Train-A13-accuracy=3.096774
2024-03-31 19:37:23,043 [INFO]  Epoch[4] Time cost=0.242
2024-03-31 19:37:23,045 [INFO]  Saved checkpoint to "./imputer_model/imputer_model_A13/model-0004.params"
2024-03-31 19:37:23,047 [INFO]  Epoch[4] Validation-cross-entropy=0.315828
2024-03-31 19:37:23,047 [INFO]  Epoch[4] Validation-A13-accuracy=0.000000
2024-03-31 19:37:23,047 [INFO]  
========== done (2.078409194946289 s) fit model
2024-03-31 19:37:39,648 [INFO]  
========== start: fit model
2024-03-31 19:37:39,648 [WARNING]  Already bound, ignoring bind()
2024-03-31 19:37:39,664 [INFO]  Epoch[0] Batch [0-16]	Speed: 19866.08 samples/sec	cross-entropy=19.278034	A13-accuracy=0.000000
2024-03-31 19:37:39,691 [INFO]  Epoch[0] Train-cross-entropy=13.012662
2024-03-31 19:37:39,691 [INFO]  Epoch[0] Train-A13-accuracy=0.000000
2024-03-31 19:37:39,692 [INFO]  Epoch[0] Time cost=0.042
2024-03-31 19:37:39,693 [INFO]  Saved checkpoint to "./imputer_model/imputer_model_A13/model-0000.params"
2024-03-31 19:37:39,694 [INFO]  Epoch[0] Validation-cross-entropy=4.204703
2024-03-31 19:37:39,694 [INFO]  Epoch[0] Validation-A13-accuracy=0.000000
2024-03-31 19:37:39,784 [INFO]  Epoch[1] Batch [0-16]	Speed: 4416.00 samples/sec	cross-entropy=1.969491	A13-accuracy=0.000000
2024-03-31 19:37:39,853 [INFO]  Epoch[1] Train-cross-entropy=1.330439
2024-03-31 19:37:39,853 [INFO]  Epoch[1] Train-A13-accuracy=0.000000
2024-03-31 19:37:39,853 [INFO]  Epoch[1] Time cost=0.159
2024-03-31 19:37:39,855 [INFO]  Saved checkpoint to "./imputer_model/imputer_model_A13/model-0001.params"
2024-03-31 19:37:39,868 [INFO]  Epoch[1] Validation-cross-entropy=0.478097
2024-03-31 19:37:39,868 [INFO]  Epoch[1] Validation-A13-accuracy=0.000000
2024-03-31 19:37:39,951 [INFO]  Epoch[2] Batch [0-16]	Speed: 3110.70 samples/sec	cross-entropy=0.538018	A13-accuracy=0.000000
2024-03-31 19:37:39,978 [INFO]  Epoch[2] Train-cross-entropy=0.524046
2024-03-31 19:37:39,979 [INFO]  Epoch[2] Train-A13-accuracy=0.000000
2024-03-31 19:37:39,979 [INFO]  Epoch[2] Time cost=0.111
2024-03-31 19:37:39,982 [INFO]  Saved checkpoint to "./imputer_model/imputer_model_A13/model-0002.params"
2024-03-31 19:37:39,992 [INFO]  Epoch[2] Validation-cross-entropy=0.274699
2024-03-31 19:37:39,992 [INFO]  Epoch[2] Validation-A13-accuracy=0.000000
2024-03-31 19:37:40,115 [INFO]  Epoch[3] Batch [0-16]	Speed: 2128.13 samples/sec	cross-entropy=0.405856	A13-accuracy=0.000000
2024-03-31 19:37:40,217 [INFO]  Epoch[3] Train-cross-entropy=0.414967
2024-03-31 19:37:40,217 [INFO]  Epoch[3] Train-A13-accuracy=0.000000
2024-03-31 19:37:40,217 [INFO]  Epoch[3] Time cost=0.225
2024-03-31 19:37:40,219 [INFO]  Saved checkpoint to "./imputer_model/imputer_model_A13/model-0003.params"
2024-03-31 19:37:40,223 [INFO]  Epoch[3] Validation-cross-entropy=0.414917
2024-03-31 19:37:40,223 [INFO]  Epoch[3] Validation-A13-accuracy=0.000000
2024-03-31 19:37:40,255 [INFO]  Epoch[4] Batch [0-16]	Speed: 8199.38 samples/sec	cross-entropy=0.238987	A13-accuracy=0.000000
2024-03-31 19:37:40,428 [INFO]  Epoch[4] Train-cross-entropy=0.366915
2024-03-31 19:37:40,428 [INFO]  Epoch[4] Train-A13-accuracy=0.000000
2024-03-31 19:37:40,428 [INFO]  Epoch[4] Time cost=0.206
2024-03-31 19:37:40,430 [INFO]  Saved checkpoint to "./imputer_model/imputer_model_A13/model-0004.params"
2024-03-31 19:37:40,433 [INFO]  Epoch[4] Validation-cross-entropy=0.245125
2024-03-31 19:37:40,433 [INFO]  Epoch[4] Validation-A13-accuracy=0.000000
2024-03-31 19:37:40,433 [INFO]  
========== done (0.7848813533782959 s) fit model
2024-03-31 19:38:05,008 [INFO]  
========== start: fit model
2024-03-31 19:38:05,008 [WARNING]  Already bound, ignoring bind()
2024-03-31 19:38:05,032 [INFO]  Epoch[0] Batch [0-16]	Speed: 11512.68 samples/sec	cross-entropy=13.317122	A13-accuracy=2.647059
2024-03-31 19:38:05,043 [INFO]  Epoch[0] Train-cross-entropy=9.939667
2024-03-31 19:38:05,043 [INFO]  Epoch[0] Train-A13-accuracy=3.096774
2024-03-31 19:38:05,043 [INFO]  Epoch[0] Time cost=0.034
2024-03-31 19:38:05,045 [INFO]  Saved checkpoint to "./imputer_model/imputer_model_A13/model-0000.params"
2024-03-31 19:38:05,046 [INFO]  Epoch[0] Validation-cross-entropy=4.038120
2024-03-31 19:38:05,046 [INFO]  Epoch[0] Validation-A13-accuracy=0.000000
2024-03-31 19:38:05,058 [INFO]  Epoch[1] Batch [0-16]	Speed: 24182.29 samples/sec	cross-entropy=1.838236	A13-accuracy=2.647059
2024-03-31 19:38:05,067 [INFO]  Epoch[1] Train-cross-entropy=1.286564
2024-03-31 19:38:05,067 [INFO]  Epoch[1] Train-A13-accuracy=3.096774
2024-03-31 19:38:05,067 [INFO]  Epoch[1] Time cost=0.021
2024-03-31 19:38:05,068 [INFO]  Saved checkpoint to "./imputer_model/imputer_model_A13/model-0001.params"
2024-03-31 19:38:05,069 [INFO]  Epoch[1] Validation-cross-entropy=0.891858
2024-03-31 19:38:05,070 [INFO]  Epoch[1] Validation-A13-accuracy=0.000000
2024-03-31 19:38:05,081 [INFO]  Epoch[2] Batch [0-16]	Speed: 24264.80 samples/sec	cross-entropy=0.597277	A13-accuracy=2.647059
2024-03-31 19:38:05,090 [INFO]  Epoch[2] Train-cross-entropy=0.442109
2024-03-31 19:38:05,090 [INFO]  Epoch[2] Train-A13-accuracy=3.096774
2024-03-31 19:38:05,090 [INFO]  Epoch[2] Time cost=0.021
2024-03-31 19:38:05,092 [INFO]  Saved checkpoint to "./imputer_model/imputer_model_A13/model-0002.params"
2024-03-31 19:38:05,093 [INFO]  Epoch[2] Validation-cross-entropy=0.727157
2024-03-31 19:38:05,093 [INFO]  Epoch[2] Validation-A13-accuracy=0.000000
2024-03-31 19:38:05,105 [INFO]  Epoch[3] Batch [0-16]	Speed: 23911.41 samples/sec	cross-entropy=0.287139	A13-accuracy=2.647059
2024-03-31 19:38:05,114 [INFO]  Epoch[3] Train-cross-entropy=0.235270
2024-03-31 19:38:05,114 [INFO]  Epoch[3] Train-A13-accuracy=3.096774
2024-03-31 19:38:05,114 [INFO]  Epoch[3] Time cost=0.021
2024-03-31 19:38:05,116 [INFO]  Saved checkpoint to "./imputer_model/imputer_model_A13/model-0003.params"
2024-03-31 19:38:05,117 [INFO]  Epoch[3] Validation-cross-entropy=0.556307
2024-03-31 19:38:05,117 [INFO]  Epoch[3] Validation-A13-accuracy=0.000000
2024-03-31 19:38:05,129 [INFO]  Epoch[4] Batch [0-16]	Speed: 22811.60 samples/sec	cross-entropy=0.169739	A13-accuracy=2.647059
2024-03-31 19:38:05,139 [INFO]  Epoch[4] Train-cross-entropy=0.149472
2024-03-31 19:38:05,139 [INFO]  Epoch[4] Train-A13-accuracy=3.096774
2024-03-31 19:38:05,139 [INFO]  Epoch[4] Time cost=0.022
2024-03-31 19:38:05,141 [INFO]  Saved checkpoint to "./imputer_model/imputer_model_A13/model-0004.params"
2024-03-31 19:38:05,142 [INFO]  Epoch[4] Validation-cross-entropy=0.463804
2024-03-31 19:38:05,142 [INFO]  Epoch[4] Validation-A13-accuracy=0.000000
2024-03-31 19:38:05,142 [INFO]  
========== done (0.1338653564453125 s) fit model
2024-03-31 19:38:28,569 [INFO]  
========== start: fit model
2024-03-31 19:38:28,569 [WARNING]  Already bound, ignoring bind()
2024-03-31 19:38:29,043 [INFO]  Epoch[0] Batch [0-16]	Speed: 716.47 samples/sec	cross-entropy=10.044443	A13-accuracy=3.117647
2024-03-31 19:38:29,280 [INFO]  Epoch[0] Train-cross-entropy=7.029724
2024-03-31 19:38:29,280 [INFO]  Epoch[0] Train-A13-accuracy=2.838710
2024-03-31 19:38:29,281 [INFO]  Epoch[0] Time cost=0.711
2024-03-31 19:38:29,284 [INFO]  Saved checkpoint to "./imputer_model/imputer_model_A13/model-0000.params"
2024-03-31 19:38:29,299 [INFO]  Epoch[0] Validation-cross-entropy=0.905618
2024-03-31 19:38:29,299 [INFO]  Epoch[0] Validation-A13-accuracy=0.000000
2024-03-31 19:38:29,474 [INFO]  Epoch[1] Batch [0-16]	Speed: 1478.25 samples/sec	cross-entropy=0.995107	A13-accuracy=3.117647
2024-03-31 19:38:29,618 [INFO]  Epoch[1] Train-cross-entropy=0.912158
2024-03-31 19:38:29,618 [INFO]  Epoch[1] Train-A13-accuracy=2.838710
2024-03-31 19:38:29,618 [INFO]  Epoch[1] Time cost=0.319
2024-03-31 19:38:29,620 [INFO]  Saved checkpoint to "./imputer_model/imputer_model_A13/model-0001.params"
2024-03-31 19:38:29,623 [INFO]  Epoch[1] Validation-cross-entropy=0.813993
2024-03-31 19:38:29,623 [INFO]  Epoch[1] Validation-A13-accuracy=0.000000
2024-03-31 19:38:29,911 [INFO]  Epoch[2] Batch [0-16]	Speed: 892.02 samples/sec	cross-entropy=0.508991	A13-accuracy=3.117647
2024-03-31 19:38:29,979 [INFO]  Epoch[2] Train-cross-entropy=0.414589
2024-03-31 19:38:29,979 [INFO]  Epoch[2] Train-A13-accuracy=2.838710
2024-03-31 19:38:29,979 [INFO]  Epoch[2] Time cost=0.356
2024-03-31 19:38:29,981 [INFO]  Saved checkpoint to "./imputer_model/imputer_model_A13/model-0002.params"
2024-03-31 19:38:29,983 [INFO]  Epoch[2] Validation-cross-entropy=0.285411
2024-03-31 19:38:29,983 [INFO]  Epoch[2] Validation-A13-accuracy=0.000000
2024-03-31 19:38:30,142 [INFO]  Epoch[3] Batch [0-16]	Speed: 1616.99 samples/sec	cross-entropy=0.256261	A13-accuracy=3.117647
2024-03-31 19:38:30,416 [INFO]  Epoch[3] Train-cross-entropy=0.239761
2024-03-31 19:38:30,416 [INFO]  Epoch[3] Train-A13-accuracy=2.838710
2024-03-31 19:38:30,416 [INFO]  Epoch[3] Time cost=0.433
2024-03-31 19:38:30,417 [INFO]  Saved checkpoint to "./imputer_model/imputer_model_A13/model-0003.params"
2024-03-31 19:38:30,418 [INFO]  Epoch[3] Validation-cross-entropy=0.254961
2024-03-31 19:38:30,418 [INFO]  Epoch[3] Validation-A13-accuracy=0.000000
2024-03-31 19:38:30,526 [INFO]  Epoch[4] Batch [0-16]	Speed: 3175.61 samples/sec	cross-entropy=0.186602	A13-accuracy=3.117647
2024-03-31 19:38:30,641 [INFO]  Epoch[4] Train-cross-entropy=0.171687
2024-03-31 19:38:30,641 [INFO]  Epoch[4] Train-A13-accuracy=2.838710
2024-03-31 19:38:30,641 [INFO]  Epoch[4] Time cost=0.223
2024-03-31 19:38:30,643 [INFO]  Saved checkpoint to "./imputer_model/imputer_model_A13/model-0004.params"
2024-03-31 19:38:30,645 [INFO]  Epoch[4] Validation-cross-entropy=0.214813
2024-03-31 19:38:30,645 [INFO]  Epoch[4] Validation-A13-accuracy=0.000000
2024-03-31 19:38:30,645 [INFO]  
========== done (2.076918363571167 s) fit model
2024-03-31 19:38:43,975 [INFO]  
========== start: fit model
2024-03-31 19:38:43,976 [WARNING]  Already bound, ignoring bind()
2024-03-31 19:38:44,198 [INFO]  Epoch[0] Batch [0-16]	Speed: 2723.88 samples/sec	cross-entropy=17.006929	A13-accuracy=2.941176
2024-03-31 19:38:44,292 [INFO]  Epoch[0] Train-cross-entropy=11.721618
2024-03-31 19:38:44,292 [INFO]  Epoch[0] Train-A13-accuracy=2.967742
2024-03-31 19:38:44,292 [INFO]  Epoch[0] Time cost=0.316
2024-03-31 19:38:44,294 [INFO]  Saved checkpoint to "./imputer_model/imputer_model_A13/model-0000.params"
2024-03-31 19:38:44,333 [INFO]  Epoch[0] Validation-cross-entropy=2.587255
2024-03-31 19:38:44,333 [INFO]  Epoch[0] Validation-A13-accuracy=0.000000
2024-03-31 19:38:44,385 [INFO]  Epoch[1] Batch [0-16]	Speed: 5891.81 samples/sec	cross-entropy=1.080160	A13-accuracy=2.941176
2024-03-31 19:38:44,655 [INFO]  Epoch[1] Train-cross-entropy=1.087024
2024-03-31 19:38:44,656 [INFO]  Epoch[1] Train-A13-accuracy=2.967742
2024-03-31 19:38:44,656 [INFO]  Epoch[1] Time cost=0.323
2024-03-31 19:38:44,659 [INFO]  Saved checkpoint to "./imputer_model/imputer_model_A13/model-0001.params"
2024-03-31 19:38:44,693 [INFO]  Epoch[1] Validation-cross-entropy=0.703987
2024-03-31 19:38:44,693 [INFO]  Epoch[1] Validation-A13-accuracy=0.000000
2024-03-31 19:38:44,802 [INFO]  Epoch[2] Batch [0-16]	Speed: 2382.57 samples/sec	cross-entropy=0.343641	A13-accuracy=2.941176
2024-03-31 19:38:44,842 [INFO]  Epoch[2] Train-cross-entropy=0.401888
2024-03-31 19:38:44,843 [INFO]  Epoch[2] Train-A13-accuracy=2.967742
2024-03-31 19:38:44,843 [INFO]  Epoch[2] Time cost=0.150
2024-03-31 19:38:44,844 [INFO]  Saved checkpoint to "./imputer_model/imputer_model_A13/model-0002.params"
2024-03-31 19:38:44,845 [INFO]  Epoch[2] Validation-cross-entropy=0.592842
2024-03-31 19:38:44,845 [INFO]  Epoch[2] Validation-A13-accuracy=0.000000
2024-03-31 19:38:44,855 [INFO]  Epoch[3] Batch [0-16]	Speed: 27464.94 samples/sec	cross-entropy=0.213420	A13-accuracy=2.941176
2024-03-31 19:38:44,864 [INFO]  Epoch[3] Train-cross-entropy=0.257088
2024-03-31 19:38:44,864 [INFO]  Epoch[3] Train-A13-accuracy=2.967742
2024-03-31 19:38:44,864 [INFO]  Epoch[3] Time cost=0.019
2024-03-31 19:38:44,865 [INFO]  Saved checkpoint to "./imputer_model/imputer_model_A13/model-0003.params"
2024-03-31 19:38:44,866 [INFO]  Epoch[3] Validation-cross-entropy=0.488580
2024-03-31 19:38:44,866 [INFO]  Epoch[3] Validation-A13-accuracy=0.000000
2024-03-31 19:38:45,253 [INFO]  Epoch[4] Batch [0-16]	Speed: 676.33 samples/sec	cross-entropy=0.144943	A13-accuracy=2.941176
2024-03-31 19:38:45,559 [INFO]  Epoch[4] Train-cross-entropy=0.177386
2024-03-31 19:38:45,559 [INFO]  Epoch[4] Train-A13-accuracy=2.967742
2024-03-31 19:38:45,559 [INFO]  Epoch[4] Time cost=0.693
2024-03-31 19:38:45,563 [INFO]  Saved checkpoint to "./imputer_model/imputer_model_A13/model-0004.params"
2024-03-31 19:38:45,602 [INFO]  Epoch[4] Validation-cross-entropy=0.372357
2024-03-31 19:38:45,602 [INFO]  Epoch[4] Validation-A13-accuracy=0.000000
2024-03-31 19:38:45,602 [INFO]  
========== done (1.6264543533325195 s) fit model
2024-03-31 19:39:13,947 [INFO]  
========== start: fit model
2024-03-31 19:39:13,947 [WARNING]  Already bound, ignoring bind()
2024-03-31 19:39:14,062 [INFO]  Epoch[0] Batch [0-16]	Speed: 5367.96 samples/sec	cross-entropy=10.388229	A13-accuracy=2.294118
2024-03-31 19:39:14,102 [INFO]  Epoch[0] Train-cross-entropy=6.707180
2024-03-31 19:39:14,102 [INFO]  Epoch[0] Train-A13-accuracy=2.870968
2024-03-31 19:39:14,102 [INFO]  Epoch[0] Time cost=0.154
2024-03-31 19:39:14,104 [INFO]  Saved checkpoint to "./imputer_model/imputer_model_A13/model-0000.params"
2024-03-31 19:39:14,105 [INFO]  Epoch[0] Validation-cross-entropy=0.805103
2024-03-31 19:39:14,105 [INFO]  Epoch[0] Validation-A13-accuracy=0.000000
2024-03-31 19:39:14,124 [INFO]  Epoch[1] Batch [0-16]	Speed: 14933.20 samples/sec	cross-entropy=0.785998	A13-accuracy=2.294118
2024-03-31 19:39:14,137 [INFO]  Epoch[1] Train-cross-entropy=0.643519
2024-03-31 19:39:14,137 [INFO]  Epoch[1] Train-A13-accuracy=2.870968
2024-03-31 19:39:14,137 [INFO]  Epoch[1] Time cost=0.032
2024-03-31 19:39:14,139 [INFO]  Saved checkpoint to "./imputer_model/imputer_model_A13/model-0001.params"
2024-03-31 19:39:14,140 [INFO]  Epoch[1] Validation-cross-entropy=0.512626
2024-03-31 19:39:14,140 [INFO]  Epoch[1] Validation-A13-accuracy=0.000000
2024-03-31 19:39:14,215 [INFO]  Epoch[2] Batch [0-16]	Speed: 3482.01 samples/sec	cross-entropy=0.331726	A13-accuracy=2.294118
2024-03-31 19:39:14,227 [INFO]  Epoch[2] Train-cross-entropy=0.314967
2024-03-31 19:39:14,227 [INFO]  Epoch[2] Train-A13-accuracy=2.870968
2024-03-31 19:39:14,227 [INFO]  Epoch[2] Time cost=0.087
2024-03-31 19:39:14,229 [INFO]  Saved checkpoint to "./imputer_model/imputer_model_A13/model-0002.params"
2024-03-31 19:39:14,230 [INFO]  Epoch[2] Validation-cross-entropy=0.278366
2024-03-31 19:39:14,230 [INFO]  Epoch[2] Validation-A13-accuracy=0.000000
2024-03-31 19:39:14,242 [INFO]  Epoch[3] Batch [0-16]	Speed: 23099.67 samples/sec	cross-entropy=0.309795	A13-accuracy=2.294118
2024-03-31 19:39:14,251 [INFO]  Epoch[3] Train-cross-entropy=0.300973
2024-03-31 19:39:14,251 [INFO]  Epoch[3] Train-A13-accuracy=2.870968
2024-03-31 19:39:14,251 [INFO]  Epoch[3] Time cost=0.021
2024-03-31 19:39:14,252 [INFO]  Saved checkpoint to "./imputer_model/imputer_model_A13/model-0003.params"
2024-03-31 19:39:14,253 [INFO]  Epoch[3] Validation-cross-entropy=0.229740
2024-03-31 19:39:14,253 [INFO]  Epoch[3] Validation-A13-accuracy=0.000000
2024-03-31 19:39:14,319 [INFO]  Epoch[4] Batch [0-16]	Speed: 3942.25 samples/sec	cross-entropy=0.189279	A13-accuracy=2.294118
2024-03-31 19:39:14,346 [INFO]  Epoch[4] Train-cross-entropy=0.165369
2024-03-31 19:39:14,346 [INFO]  Epoch[4] Train-A13-accuracy=2.870968
2024-03-31 19:39:14,346 [INFO]  Epoch[4] Time cost=0.093
2024-03-31 19:39:14,348 [INFO]  Saved checkpoint to "./imputer_model/imputer_model_A13/model-0004.params"
2024-03-31 19:39:14,396 [INFO]  Epoch[4] Validation-cross-entropy=0.220976
2024-03-31 19:39:14,396 [INFO]  Epoch[4] Validation-A13-accuracy=0.000000
2024-03-31 19:39:14,396 [INFO]  
========== done (0.4493231773376465 s) fit model
2024-03-31 19:42:20,759 [INFO]  
========== start: fit model
2024-03-31 19:42:20,759 [WARNING]  Already bound, ignoring bind()
2024-03-31 19:42:20,772 [INFO]  Epoch[0] Batch [0-16]	Speed: 24306.55 samples/sec	cross-entropy=8.581942	A13-accuracy=3.058824
2024-03-31 19:42:20,791 [INFO]  Epoch[0] Train-cross-entropy=5.682114
2024-03-31 19:42:20,791 [INFO]  Epoch[0] Train-A13-accuracy=3.000000
2024-03-31 19:42:20,791 [INFO]  Epoch[0] Time cost=0.031
2024-03-31 19:42:20,793 [INFO]  Saved checkpoint to "./imputer_model/imputer_model_A13/model-0000.params"
2024-03-31 19:42:20,794 [INFO]  Epoch[0] Validation-cross-entropy=1.740896
2024-03-31 19:42:20,794 [INFO]  Epoch[0] Validation-A13-accuracy=0.000000
2024-03-31 19:42:20,811 [INFO]  Epoch[1] Batch [0-16]	Speed: 16098.32 samples/sec	cross-entropy=0.900152	A13-accuracy=3.058824
2024-03-31 19:42:20,862 [INFO]  Epoch[1] Train-cross-entropy=0.766778
2024-03-31 19:42:20,862 [INFO]  Epoch[1] Train-A13-accuracy=3.000000
2024-03-31 19:42:20,862 [INFO]  Epoch[1] Time cost=0.068
2024-03-31 19:42:20,866 [INFO]  Saved checkpoint to "./imputer_model/imputer_model_A13/model-0001.params"
2024-03-31 19:42:21,043 [INFO]  Epoch[1] Validation-cross-entropy=0.719472
2024-03-31 19:42:21,043 [INFO]  Epoch[1] Validation-A13-accuracy=0.000000
2024-03-31 19:42:21,120 [INFO]  Epoch[2] Batch [0-16]	Speed: 9644.16 samples/sec	cross-entropy=0.582584	A13-accuracy=3.058824
2024-03-31 19:42:21,141 [INFO]  Epoch[2] Train-cross-entropy=0.456019
2024-03-31 19:42:21,141 [INFO]  Epoch[2] Train-A13-accuracy=3.000000
2024-03-31 19:42:21,141 [INFO]  Epoch[2] Time cost=0.098
2024-03-31 19:42:21,143 [INFO]  Saved checkpoint to "./imputer_model/imputer_model_A13/model-0002.params"
2024-03-31 19:42:21,144 [INFO]  Epoch[2] Validation-cross-entropy=0.471521
2024-03-31 19:42:21,144 [INFO]  Epoch[2] Validation-A13-accuracy=0.000000
2024-03-31 19:42:21,168 [INFO]  Epoch[3] Batch [0-16]	Speed: 11714.53 samples/sec	cross-entropy=0.302068	A13-accuracy=3.058824
2024-03-31 19:42:21,186 [INFO]  Epoch[3] Train-cross-entropy=0.266922
2024-03-31 19:42:21,187 [INFO]  Epoch[3] Train-A13-accuracy=3.000000
2024-03-31 19:42:21,187 [INFO]  Epoch[3] Time cost=0.042
2024-03-31 19:42:21,189 [INFO]  Saved checkpoint to "./imputer_model/imputer_model_A13/model-0003.params"
2024-03-31 19:42:21,190 [INFO]  Epoch[3] Validation-cross-entropy=0.457662
2024-03-31 19:42:21,190 [INFO]  Epoch[3] Validation-A13-accuracy=0.000000
2024-03-31 19:42:21,227 [INFO]  Epoch[4] Batch [0-16]	Speed: 7842.45 samples/sec	cross-entropy=0.333296	A13-accuracy=3.058824
2024-03-31 19:42:21,280 [INFO]  Epoch[4] Train-cross-entropy=0.265684
2024-03-31 19:42:21,280 [INFO]  Epoch[4] Train-A13-accuracy=3.000000
2024-03-31 19:42:21,280 [INFO]  Epoch[4] Time cost=0.090
2024-03-31 19:42:21,282 [INFO]  Saved checkpoint to "./imputer_model/imputer_model_A13/model-0004.params"
2024-03-31 19:42:21,284 [INFO]  Epoch[4] Validation-cross-entropy=0.319838
2024-03-31 19:42:21,284 [INFO]  Epoch[4] Validation-A13-accuracy=0.000000
2024-03-31 19:42:21,284 [INFO]  
========== done (0.5252022743225098 s) fit model
2024-03-31 19:45:28,119 [INFO]  
========== start: fit model
2024-03-31 19:45:28,119 [WARNING]  Already bound, ignoring bind()
2024-03-31 19:45:28,163 [INFO]  Epoch[0] Batch [0-16]	Speed: 18532.92 samples/sec	cross-entropy=9.943742	A13-accuracy=2.941176
2024-03-31 19:45:28,227 [INFO]  Epoch[0] Train-cross-entropy=6.433661
2024-03-31 19:45:28,227 [INFO]  Epoch[0] Train-A13-accuracy=3.000000
2024-03-31 19:45:28,227 [INFO]  Epoch[0] Time cost=0.107
2024-03-31 19:45:28,234 [INFO]  Saved checkpoint to "./imputer_model/imputer_model_A13/model-0000.params"
2024-03-31 19:45:28,239 [INFO]  Epoch[0] Validation-cross-entropy=2.635160
2024-03-31 19:45:28,239 [INFO]  Epoch[0] Validation-A13-accuracy=0.000000
2024-03-31 19:45:28,255 [INFO]  Epoch[1] Batch [0-16]	Speed: 17889.14 samples/sec	cross-entropy=0.820362	A13-accuracy=2.941176
2024-03-31 19:45:28,297 [INFO]  Epoch[1] Train-cross-entropy=0.669298
2024-03-31 19:45:28,297 [INFO]  Epoch[1] Train-A13-accuracy=3.000000
2024-03-31 19:45:28,297 [INFO]  Epoch[1] Time cost=0.058
2024-03-31 19:45:28,299 [INFO]  Saved checkpoint to "./imputer_model/imputer_model_A13/model-0001.params"
2024-03-31 19:45:28,321 [INFO]  Epoch[1] Validation-cross-entropy=0.499990
2024-03-31 19:45:28,321 [INFO]  Epoch[1] Validation-A13-accuracy=0.000000
2024-03-31 19:45:28,370 [INFO]  Epoch[2] Batch [0-16]	Speed: 5376.21 samples/sec	cross-entropy=0.421966	A13-accuracy=2.941176
2024-03-31 19:45:28,383 [INFO]  Epoch[2] Train-cross-entropy=0.347758
2024-03-31 19:45:28,383 [INFO]  Epoch[2] Train-A13-accuracy=3.000000
2024-03-31 19:45:28,383 [INFO]  Epoch[2] Time cost=0.062
2024-03-31 19:45:28,385 [INFO]  Saved checkpoint to "./imputer_model/imputer_model_A13/model-0002.params"
2024-03-31 19:45:28,386 [INFO]  Epoch[2] Validation-cross-entropy=0.554121
2024-03-31 19:45:28,386 [INFO]  Epoch[2] Validation-A13-accuracy=0.000000
2024-03-31 19:45:28,438 [INFO]  Epoch[3] Batch [0-16]	Speed: 4978.15 samples/sec	cross-entropy=0.230092	A13-accuracy=2.941176
2024-03-31 19:45:28,449 [INFO]  Epoch[3] Train-cross-entropy=0.216659
2024-03-31 19:45:28,449 [INFO]  Epoch[3] Train-A13-accuracy=3.000000
2024-03-31 19:45:28,449 [INFO]  Epoch[3] Time cost=0.063
2024-03-31 19:45:28,450 [INFO]  Saved checkpoint to "./imputer_model/imputer_model_A13/model-0003.params"
2024-03-31 19:45:28,451 [INFO]  Epoch[3] Validation-cross-entropy=0.381443
2024-03-31 19:45:28,451 [INFO]  Epoch[3] Validation-A13-accuracy=0.000000
2024-03-31 19:45:28,502 [INFO]  Epoch[4] Batch [0-16]	Speed: 5135.60 samples/sec	cross-entropy=0.205537	A13-accuracy=2.941176
2024-03-31 19:45:28,543 [INFO]  Epoch[4] Train-cross-entropy=0.172293
2024-03-31 19:45:28,544 [INFO]  Epoch[4] Train-A13-accuracy=3.000000
2024-03-31 19:45:28,544 [INFO]  Epoch[4] Time cost=0.092
2024-03-31 19:45:28,545 [INFO]  Saved checkpoint to "./imputer_model/imputer_model_A13/model-0004.params"
2024-03-31 19:45:28,547 [INFO]  Epoch[4] Validation-cross-entropy=0.342305
2024-03-31 19:45:28,547 [INFO]  Epoch[4] Validation-A13-accuracy=0.000000
2024-03-31 19:45:28,547 [INFO]  
========== done (0.42800211906433105 s) fit model
2024-03-31 19:49:40,768 [INFO]  
========== start: fit model
2024-03-31 19:49:40,768 [WARNING]  Already bound, ignoring bind()
2024-03-31 19:49:41,033 [INFO]  Epoch[0] Batch [0-16]	Speed: 1413.08 samples/sec	cross-entropy=14.233253	A13-accuracy=2.705882
2024-03-31 19:49:41,071 [INFO]  Epoch[0] Train-cross-entropy=10.477386
2024-03-31 19:49:41,071 [INFO]  Epoch[0] Train-A13-accuracy=3.032258
2024-03-31 19:49:41,071 [INFO]  Epoch[0] Time cost=0.302
2024-03-31 19:49:41,073 [INFO]  Saved checkpoint to "./imputer_model/imputer_model_A13/model-0000.params"
2024-03-31 19:49:41,074 [INFO]  Epoch[0] Validation-cross-entropy=4.994042
2024-03-31 19:49:41,074 [INFO]  Epoch[0] Validation-A13-accuracy=0.000000
2024-03-31 19:49:41,084 [INFO]  Epoch[1] Batch [0-16]	Speed: 26881.18 samples/sec	cross-entropy=1.532789	A13-accuracy=2.705882
2024-03-31 19:49:41,092 [INFO]  Epoch[1] Train-cross-entropy=1.172511
2024-03-31 19:49:41,092 [INFO]  Epoch[1] Train-A13-accuracy=3.032258
2024-03-31 19:49:41,092 [INFO]  Epoch[1] Time cost=0.018
2024-03-31 19:49:41,093 [INFO]  Saved checkpoint to "./imputer_model/imputer_model_A13/model-0001.params"
2024-03-31 19:49:41,095 [INFO]  Epoch[1] Validation-cross-entropy=1.081919
2024-03-31 19:49:41,095 [INFO]  Epoch[1] Validation-A13-accuracy=0.000000
2024-03-31 19:49:41,105 [INFO]  Epoch[2] Batch [0-16]	Speed: 26832.81 samples/sec	cross-entropy=0.448916	A13-accuracy=2.705882
2024-03-31 19:49:41,115 [INFO]  Epoch[2] Train-cross-entropy=0.409096
2024-03-31 19:49:41,115 [INFO]  Epoch[2] Train-A13-accuracy=3.032258
2024-03-31 19:49:41,115 [INFO]  Epoch[2] Time cost=0.021
2024-03-31 19:49:41,117 [INFO]  Saved checkpoint to "./imputer_model/imputer_model_A13/model-0002.params"
2024-03-31 19:49:41,118 [INFO]  Epoch[2] Validation-cross-entropy=0.644363
2024-03-31 19:49:41,118 [INFO]  Epoch[2] Validation-A13-accuracy=0.000000
2024-03-31 19:49:41,162 [INFO]  Epoch[3] Batch [0-16]	Speed: 5952.43 samples/sec	cross-entropy=0.233995	A13-accuracy=2.705882
2024-03-31 19:49:41,175 [INFO]  Epoch[3] Train-cross-entropy=0.231332
2024-03-31 19:49:41,175 [INFO]  Epoch[3] Train-A13-accuracy=3.032258
2024-03-31 19:49:41,175 [INFO]  Epoch[3] Time cost=0.057
2024-03-31 19:49:41,181 [INFO]  Saved checkpoint to "./imputer_model/imputer_model_A13/model-0003.params"
2024-03-31 19:49:41,204 [INFO]  Epoch[3] Validation-cross-entropy=0.499773
2024-03-31 19:49:41,204 [INFO]  Epoch[3] Validation-A13-accuracy=0.000000
2024-03-31 19:49:41,249 [INFO]  Epoch[4] Batch [0-16]	Speed: 5858.22 samples/sec	cross-entropy=0.170654	A13-accuracy=2.705882
2024-03-31 19:49:41,447 [INFO]  Epoch[4] Train-cross-entropy=0.165901
2024-03-31 19:49:41,447 [INFO]  Epoch[4] Train-A13-accuracy=3.032258
2024-03-31 19:49:41,447 [INFO]  Epoch[4] Time cost=0.243
2024-03-31 19:49:41,449 [INFO]  Saved checkpoint to "./imputer_model/imputer_model_A13/model-0004.params"
2024-03-31 19:49:41,538 [INFO]  Epoch[4] Validation-cross-entropy=0.421852
2024-03-31 19:49:41,538 [INFO]  Epoch[4] Validation-A13-accuracy=0.000000
2024-03-31 19:49:41,539 [INFO]  
========== done (0.7706570625305176 s) fit model
2024-03-31 19:51:56,675 [INFO]  
========== start: fit model
2024-03-31 19:51:56,675 [WARNING]  Already bound, ignoring bind()
2024-03-31 19:51:57,264 [INFO]  Epoch[0] Batch [0-16]	Speed: 496.73 samples/sec	cross-entropy=11.827439	A13-accuracy=0.000000
2024-03-31 19:51:59,955 [INFO]  Epoch[0] Train-cross-entropy=8.003141
2024-03-31 19:51:59,955 [INFO]  Epoch[0] Train-A13-accuracy=0.000000
2024-03-31 19:51:59,955 [INFO]  Epoch[0] Time cost=3.279
2024-03-31 19:51:59,957 [INFO]  Saved checkpoint to "./imputer_model/imputer_model_A13/model-0000.params"
2024-03-31 19:51:59,957 [INFO]  Epoch[0] Validation-cross-entropy=1.724994
2024-03-31 19:51:59,958 [INFO]  Epoch[0] Validation-A13-accuracy=0.000000
2024-03-31 19:52:01,514 [INFO]  Epoch[1] Batch [0-16]	Speed: 165.05 samples/sec	cross-entropy=1.403165	A13-accuracy=0.000000
2024-03-31 19:52:05,680 [INFO]  Epoch[1] Train-cross-entropy=1.052488
2024-03-31 19:52:05,680 [INFO]  Epoch[1] Train-A13-accuracy=0.000000
2024-03-31 19:52:05,680 [INFO]  Epoch[1] Time cost=5.723
2024-03-31 19:52:05,683 [INFO]  Saved checkpoint to "./imputer_model/imputer_model_A13/model-0001.params"
2024-03-31 19:52:06,227 [INFO]  Epoch[1] Validation-cross-entropy=0.505610
2024-03-31 19:52:06,227 [INFO]  Epoch[1] Validation-A13-accuracy=0.000000
2024-03-31 19:52:09,104 [INFO]  Epoch[2] Batch [0-16]	Speed: 98.00 samples/sec	cross-entropy=0.600431	A13-accuracy=0.000000
2024-03-31 19:52:09,135 [INFO]  Epoch[2] Train-cross-entropy=0.497653
2024-03-31 19:52:09,135 [INFO]  Epoch[2] Train-A13-accuracy=0.000000
2024-03-31 19:52:09,135 [INFO]  Epoch[2] Time cost=2.908
2024-03-31 19:52:09,137 [INFO]  Saved checkpoint to "./imputer_model/imputer_model_A13/model-0002.params"
2024-03-31 19:52:09,137 [INFO]  Epoch[2] Validation-cross-entropy=0.391198
2024-03-31 19:52:09,138 [INFO]  Epoch[2] Validation-A13-accuracy=0.000000
2024-03-31 19:52:12,343 [INFO]  Epoch[3] Batch [0-16]	Speed: 79.88 samples/sec	cross-entropy=0.352565	A13-accuracy=0.000000
2024-03-31 19:52:13,133 [INFO]  Epoch[3] Train-cross-entropy=0.310466
2024-03-31 19:52:13,133 [INFO]  Epoch[3] Train-A13-accuracy=0.000000
2024-03-31 19:52:13,133 [INFO]  Epoch[3] Time cost=3.996
2024-03-31 19:52:13,139 [INFO]  Saved checkpoint to "./imputer_model/imputer_model_A13/model-0003.params"
2024-03-31 19:52:13,620 [INFO]  Epoch[3] Validation-cross-entropy=0.270891
2024-03-31 19:52:13,620 [INFO]  Epoch[3] Validation-A13-accuracy=0.000000
2024-03-31 19:52:16,938 [INFO]  Epoch[4] Batch [0-16]	Speed: 96.82 samples/sec	cross-entropy=0.248986	A13-accuracy=0.000000
2024-03-31 19:52:21,480 [INFO]  Epoch[4] Train-cross-entropy=0.208953
2024-03-31 19:52:21,480 [INFO]  Epoch[4] Train-A13-accuracy=0.000000
2024-03-31 19:52:21,480 [INFO]  Epoch[4] Time cost=7.860
2024-03-31 19:52:21,485 [INFO]  Saved checkpoint to "./imputer_model/imputer_model_A13/model-0004.params"
2024-03-31 19:52:21,963 [INFO]  Epoch[4] Validation-cross-entropy=0.231281
2024-03-31 19:52:21,963 [INFO]  Epoch[4] Validation-A13-accuracy=0.000000
2024-03-31 19:52:21,963 [INFO]  
========== done (25.28800630569458 s) fit model
2024-03-31 19:53:59,545 [INFO]  
========== start: fit model
2024-03-31 19:53:59,545 [WARNING]  Already bound, ignoring bind()
2024-03-31 19:53:59,618 [INFO]  Epoch[0] Batch [0-16]	Speed: 3655.96 samples/sec	cross-entropy=9.412194	A13-accuracy=0.000000
2024-03-31 19:53:59,872 [INFO]  Epoch[0] Train-cross-entropy=6.786677
2024-03-31 19:53:59,872 [INFO]  Epoch[0] Train-A13-accuracy=0.000000
2024-03-31 19:53:59,872 [INFO]  Epoch[0] Time cost=0.326
2024-03-31 19:53:59,874 [INFO]  Saved checkpoint to "./imputer_model/imputer_model_A13/model-0000.params"
2024-03-31 19:53:59,876 [INFO]  Epoch[0] Validation-cross-entropy=1.826899
2024-03-31 19:53:59,876 [INFO]  Epoch[0] Validation-A13-accuracy=0.000000
2024-03-31 19:54:00,392 [INFO]  Epoch[1] Batch [0-16]	Speed: 497.57 samples/sec	cross-entropy=1.246231	A13-accuracy=0.000000
2024-03-31 19:54:00,405 [INFO]  Epoch[1] Train-cross-entropy=0.902042
2024-03-31 19:54:00,405 [INFO]  Epoch[1] Train-A13-accuracy=0.000000
2024-03-31 19:54:00,405 [INFO]  Epoch[1] Time cost=0.529
2024-03-31 19:54:00,409 [INFO]  Saved checkpoint to "./imputer_model/imputer_model_A13/model-0001.params"
2024-03-31 19:54:00,422 [INFO]  Epoch[1] Validation-cross-entropy=0.708603
2024-03-31 19:54:00,422 [INFO]  Epoch[1] Validation-A13-accuracy=0.000000
2024-03-31 19:54:00,438 [INFO]  Epoch[2] Batch [0-16]	Speed: 16514.28 samples/sec	cross-entropy=0.879862	A13-accuracy=0.000000
2024-03-31 19:54:00,539 [INFO]  Epoch[2] Train-cross-entropy=0.687851
2024-03-31 19:54:00,539 [INFO]  Epoch[2] Train-A13-accuracy=0.000000
2024-03-31 19:54:00,539 [INFO]  Epoch[2] Time cost=0.118
2024-03-31 19:54:00,541 [INFO]  Saved checkpoint to "./imputer_model/imputer_model_A13/model-0002.params"
2024-03-31 19:54:00,543 [INFO]  Epoch[2] Validation-cross-entropy=0.737605
2024-03-31 19:54:00,543 [INFO]  Epoch[2] Validation-A13-accuracy=0.000000
2024-03-31 19:54:00,590 [INFO]  Epoch[3] Batch [0-16]	Speed: 5529.11 samples/sec	cross-entropy=1.118334	A13-accuracy=0.000000
2024-03-31 19:54:00,787 [INFO]  Epoch[3] Train-cross-entropy=0.788538
2024-03-31 19:54:00,787 [INFO]  Epoch[3] Train-A13-accuracy=0.000000
2024-03-31 19:54:00,787 [INFO]  Epoch[3] Time cost=0.244
2024-03-31 19:54:00,789 [INFO]  Saved checkpoint to "./imputer_model/imputer_model_A13/model-0003.params"
2024-03-31 19:54:00,853 [INFO]  Epoch[3] Validation-cross-entropy=0.414653
2024-03-31 19:54:00,853 [INFO]  Epoch[3] Validation-A13-accuracy=0.000000
2024-03-31 19:54:01,079 [INFO]  Epoch[4] Batch [0-16]	Speed: 1141.27 samples/sec	cross-entropy=0.746515	A13-accuracy=0.000000
2024-03-31 19:54:01,170 [INFO]  Epoch[4] Train-cross-entropy=0.581261
2024-03-31 19:54:01,170 [INFO]  Epoch[4] Train-A13-accuracy=0.000000
2024-03-31 19:54:01,170 [INFO]  Epoch[4] Time cost=0.317
2024-03-31 19:54:01,172 [INFO]  Saved checkpoint to "./imputer_model/imputer_model_A13/model-0004.params"
2024-03-31 19:54:01,173 [INFO]  Epoch[4] Validation-cross-entropy=0.493571
2024-03-31 19:54:01,173 [INFO]  Epoch[4] Validation-A13-accuracy=0.000000
2024-03-31 19:54:01,173 [INFO]  
========== done (1.628103256225586 s) fit model
2024-03-31 19:54:27,918 [INFO]  
========== start: fit model
2024-03-31 19:54:27,918 [WARNING]  Already bound, ignoring bind()
2024-03-31 19:54:27,932 [INFO]  Epoch[0] Batch [0-16]	Speed: 23192.97 samples/sec	cross-entropy=13.390042	A13-accuracy=0.000000
2024-03-31 19:54:27,941 [INFO]  Epoch[0] Train-cross-entropy=9.231302
2024-03-31 19:54:27,941 [INFO]  Epoch[0] Train-A13-accuracy=0.000000
2024-03-31 19:54:27,941 [INFO]  Epoch[0] Time cost=0.022
2024-03-31 19:54:27,943 [INFO]  Saved checkpoint to "./imputer_model/imputer_model_A13/model-0000.params"
2024-03-31 19:54:27,944 [INFO]  Epoch[0] Validation-cross-entropy=3.094505
2024-03-31 19:54:27,944 [INFO]  Epoch[0] Validation-A13-accuracy=0.000000
2024-03-31 19:54:27,955 [INFO]  Epoch[1] Batch [0-16]	Speed: 24455.47 samples/sec	cross-entropy=1.337314	A13-accuracy=0.000000
2024-03-31 19:54:27,965 [INFO]  Epoch[1] Train-cross-entropy=1.253271
2024-03-31 19:54:27,965 [INFO]  Epoch[1] Train-A13-accuracy=0.000000
2024-03-31 19:54:27,965 [INFO]  Epoch[1] Time cost=0.021
2024-03-31 19:54:27,966 [INFO]  Saved checkpoint to "./imputer_model/imputer_model_A13/model-0001.params"
2024-03-31 19:54:27,967 [INFO]  Epoch[1] Validation-cross-entropy=0.520768
2024-03-31 19:54:27,967 [INFO]  Epoch[1] Validation-A13-accuracy=0.000000
2024-03-31 19:54:27,979 [INFO]  Epoch[2] Batch [0-16]	Speed: 23470.28 samples/sec	cross-entropy=0.439247	A13-accuracy=0.000000
2024-03-31 19:54:27,988 [INFO]  Epoch[2] Train-cross-entropy=0.512601
2024-03-31 19:54:27,988 [INFO]  Epoch[2] Train-A13-accuracy=0.000000
2024-03-31 19:54:27,988 [INFO]  Epoch[2] Time cost=0.021
2024-03-31 19:54:27,990 [INFO]  Saved checkpoint to "./imputer_model/imputer_model_A13/model-0002.params"
2024-03-31 19:54:27,991 [INFO]  Epoch[2] Validation-cross-entropy=0.396367
2024-03-31 19:54:27,991 [INFO]  Epoch[2] Validation-A13-accuracy=0.000000
2024-03-31 19:54:28,010 [INFO]  Epoch[3] Batch [0-16]	Speed: 24437.10 samples/sec	cross-entropy=0.319926	A13-accuracy=0.000000
2024-03-31 19:54:28,021 [INFO]  Epoch[3] Train-cross-entropy=0.423764
2024-03-31 19:54:28,021 [INFO]  Epoch[3] Train-A13-accuracy=0.000000
2024-03-31 19:54:28,021 [INFO]  Epoch[3] Time cost=0.030
2024-03-31 19:54:28,022 [INFO]  Saved checkpoint to "./imputer_model/imputer_model_A13/model-0003.params"
2024-03-31 19:54:28,023 [INFO]  Epoch[3] Validation-cross-entropy=0.371417
2024-03-31 19:54:28,023 [INFO]  Epoch[3] Validation-A13-accuracy=0.000000
2024-03-31 19:54:28,040 [INFO]  Epoch[4] Batch [0-16]	Speed: 16521.90 samples/sec	cross-entropy=0.235961	A13-accuracy=0.000000
2024-03-31 19:54:28,052 [INFO]  Epoch[4] Train-cross-entropy=0.336793
2024-03-31 19:54:28,052 [INFO]  Epoch[4] Train-A13-accuracy=0.000000
2024-03-31 19:54:28,052 [INFO]  Epoch[4] Time cost=0.028
2024-03-31 19:54:28,053 [INFO]  Saved checkpoint to "./imputer_model/imputer_model_A13/model-0004.params"
2024-03-31 19:54:28,054 [INFO]  Epoch[4] Validation-cross-entropy=0.280644
2024-03-31 19:54:28,054 [INFO]  Epoch[4] Validation-A13-accuracy=0.000000
2024-03-31 19:54:28,054 [INFO]  
========== done (0.13624906539916992 s) fit model
2024-03-31 19:54:49,938 [INFO]  
========== start: fit model
2024-03-31 19:54:49,938 [WARNING]  Already bound, ignoring bind()
2024-03-31 19:54:49,959 [INFO]  Epoch[0] Batch [0-16]	Speed: 16268.32 samples/sec	cross-entropy=12.253795	A13-accuracy=2.764706
2024-03-31 19:54:50,069 [INFO]  Epoch[0] Train-cross-entropy=8.571976
2024-03-31 19:54:50,069 [INFO]  Epoch[0] Train-A13-accuracy=3.258065
2024-03-31 19:54:50,069 [INFO]  Epoch[0] Time cost=0.131
2024-03-31 19:54:50,073 [INFO]  Saved checkpoint to "./imputer_model/imputer_model_A13/model-0000.params"
2024-03-31 19:54:50,146 [INFO]  Epoch[0] Validation-cross-entropy=1.089195
2024-03-31 19:54:50,146 [INFO]  Epoch[0] Validation-A13-accuracy=0.000000
2024-03-31 19:54:50,344 [INFO]  Epoch[1] Batch [0-16]	Speed: 2592.19 samples/sec	cross-entropy=0.855148	A13-accuracy=2.764706
2024-03-31 19:54:50,485 [INFO]  Epoch[1] Train-cross-entropy=0.728159
2024-03-31 19:54:50,485 [INFO]  Epoch[1] Train-A13-accuracy=3.258065
2024-03-31 19:54:50,485 [INFO]  Epoch[1] Time cost=0.339
2024-03-31 19:54:50,487 [INFO]  Saved checkpoint to "./imputer_model/imputer_model_A13/model-0001.params"
2024-03-31 19:54:50,711 [INFO]  Epoch[1] Validation-cross-entropy=0.372765
2024-03-31 19:54:50,711 [INFO]  Epoch[1] Validation-A13-accuracy=0.000000
2024-03-31 19:54:50,755 [INFO]  Epoch[2] Batch [0-16]	Speed: 5998.42 samples/sec	cross-entropy=0.581453	A13-accuracy=2.764706
2024-03-31 19:54:50,917 [INFO]  Epoch[2] Train-cross-entropy=0.468815
2024-03-31 19:54:50,917 [INFO]  Epoch[2] Train-A13-accuracy=3.258065
2024-03-31 19:54:50,917 [INFO]  Epoch[2] Time cost=0.206
2024-03-31 19:54:50,921 [INFO]  Saved checkpoint to "./imputer_model/imputer_model_A13/model-0002.params"
2024-03-31 19:54:50,934 [INFO]  Epoch[2] Validation-cross-entropy=0.433790
2024-03-31 19:54:50,935 [INFO]  Epoch[2] Validation-A13-accuracy=0.000000
2024-03-31 19:54:51,063 [INFO]  Epoch[3] Batch [0-16]	Speed: 2009.42 samples/sec	cross-entropy=0.906187	A13-accuracy=2.764706
2024-03-31 19:54:51,280 [INFO]  Epoch[3] Train-cross-entropy=0.712892
2024-03-31 19:54:51,280 [INFO]  Epoch[3] Train-A13-accuracy=3.258065
2024-03-31 19:54:51,281 [INFO]  Epoch[3] Time cost=0.346
2024-03-31 19:54:51,282 [INFO]  Saved checkpoint to "./imputer_model/imputer_model_A13/model-0003.params"
2024-03-31 19:54:51,288 [INFO]  Epoch[3] Validation-cross-entropy=0.208271
2024-03-31 19:54:51,288 [INFO]  Epoch[3] Validation-A13-accuracy=0.000000
2024-03-31 19:54:51,523 [INFO]  Epoch[4] Batch [0-16]	Speed: 1092.14 samples/sec	cross-entropy=1.074102	A13-accuracy=2.764706
2024-03-31 19:54:51,561 [INFO]  Epoch[4] Train-cross-entropy=0.752961
2024-03-31 19:54:51,561 [INFO]  Epoch[4] Train-A13-accuracy=3.258065
2024-03-31 19:54:51,562 [INFO]  Epoch[4] Time cost=0.274
2024-03-31 19:54:51,563 [INFO]  Saved checkpoint to "./imputer_model/imputer_model_A13/model-0004.params"
2024-03-31 19:54:51,570 [INFO]  Epoch[4] Validation-cross-entropy=0.424022
2024-03-31 19:54:51,570 [INFO]  Epoch[4] Validation-A13-accuracy=0.000000
2024-03-31 19:54:51,570 [INFO]  
========== done (1.6324872970581055 s) fit model
2024-03-31 19:55:04,687 [INFO]  
========== start: fit model
2024-03-31 19:55:04,687 [WARNING]  Already bound, ignoring bind()
2024-03-31 19:55:04,711 [INFO]  Epoch[0] Batch [0-16]	Speed: 14109.43 samples/sec	cross-entropy=10.236278	A13-accuracy=2.764706
2024-03-31 19:55:04,721 [INFO]  Epoch[0] Train-cross-entropy=6.796506
2024-03-31 19:55:04,722 [INFO]  Epoch[0] Train-A13-accuracy=3.193548
2024-03-31 19:55:04,722 [INFO]  Epoch[0] Time cost=0.032
2024-03-31 19:55:04,723 [INFO]  Saved checkpoint to "./imputer_model/imputer_model_A13/model-0000.params"
2024-03-31 19:55:04,726 [INFO]  Epoch[0] Validation-cross-entropy=1.109536
2024-03-31 19:55:04,726 [INFO]  Epoch[0] Validation-A13-accuracy=0.000000
2024-03-31 19:55:04,750 [INFO]  Epoch[1] Batch [0-16]	Speed: 11812.21 samples/sec	cross-entropy=0.831713	A13-accuracy=2.764706
2024-03-31 19:55:04,762 [INFO]  Epoch[1] Train-cross-entropy=0.665743
2024-03-31 19:55:04,762 [INFO]  Epoch[1] Train-A13-accuracy=3.193548
2024-03-31 19:55:04,762 [INFO]  Epoch[1] Time cost=0.036
2024-03-31 19:55:04,764 [INFO]  Saved checkpoint to "./imputer_model/imputer_model_A13/model-0001.params"
2024-03-31 19:55:04,765 [INFO]  Epoch[1] Validation-cross-entropy=0.253317
2024-03-31 19:55:04,765 [INFO]  Epoch[1] Validation-A13-accuracy=0.000000
2024-03-31 19:55:04,778 [INFO]  Epoch[2] Batch [0-16]	Speed: 22027.28 samples/sec	cross-entropy=0.399052	A13-accuracy=2.764706
2024-03-31 19:55:04,789 [INFO]  Epoch[2] Train-cross-entropy=0.383313
2024-03-31 19:55:04,789 [INFO]  Epoch[2] Train-A13-accuracy=3.193548
2024-03-31 19:55:04,789 [INFO]  Epoch[2] Time cost=0.023
2024-03-31 19:55:04,790 [INFO]  Saved checkpoint to "./imputer_model/imputer_model_A13/model-0002.params"
2024-03-31 19:55:04,791 [INFO]  Epoch[2] Validation-cross-entropy=0.358110
2024-03-31 19:55:04,792 [INFO]  Epoch[2] Validation-A13-accuracy=0.000000
2024-03-31 19:55:04,804 [INFO]  Epoch[3] Batch [0-16]	Speed: 22862.11 samples/sec	cross-entropy=0.301084	A13-accuracy=2.764706
2024-03-31 19:55:04,814 [INFO]  Epoch[3] Train-cross-entropy=0.320409
2024-03-31 19:55:04,814 [INFO]  Epoch[3] Train-A13-accuracy=3.193548
2024-03-31 19:55:04,814 [INFO]  Epoch[3] Time cost=0.022
2024-03-31 19:55:04,815 [INFO]  Saved checkpoint to "./imputer_model/imputer_model_A13/model-0003.params"
2024-03-31 19:55:04,816 [INFO]  Epoch[3] Validation-cross-entropy=0.201931
2024-03-31 19:55:04,816 [INFO]  Epoch[3] Validation-A13-accuracy=0.000000
2024-03-31 19:55:04,841 [INFO]  Epoch[4] Batch [0-16]	Speed: 10863.98 samples/sec	cross-entropy=0.316166	A13-accuracy=2.764706
2024-03-31 19:55:04,872 [INFO]  Epoch[4] Train-cross-entropy=0.417601
2024-03-31 19:55:04,872 [INFO]  Epoch[4] Train-A13-accuracy=3.193548
2024-03-31 19:55:04,872 [INFO]  Epoch[4] Time cost=0.056
2024-03-31 19:55:04,874 [INFO]  Saved checkpoint to "./imputer_model/imputer_model_A13/model-0004.params"
2024-03-31 19:55:04,876 [INFO]  Epoch[4] Validation-cross-entropy=0.408730
2024-03-31 19:55:04,876 [INFO]  Epoch[4] Validation-A13-accuracy=0.000000
2024-03-31 19:55:04,876 [INFO]  
========== done (0.18912434577941895 s) fit model
2024-03-31 19:55:28,190 [INFO]  
========== start: fit model
2024-03-31 19:55:28,190 [WARNING]  Already bound, ignoring bind()
2024-03-31 19:55:28,298 [INFO]  Epoch[0] Batch [0-16]	Speed: 3021.55 samples/sec	cross-entropy=8.954432	A13-accuracy=3.529412
2024-03-31 19:55:28,532 [INFO]  Epoch[0] Train-cross-entropy=5.614509
2024-03-31 19:55:28,532 [INFO]  Epoch[0] Train-A13-accuracy=3.129032
2024-03-31 19:55:28,532 [INFO]  Epoch[0] Time cost=0.342
2024-03-31 19:55:28,534 [INFO]  Saved checkpoint to "./imputer_model/imputer_model_A13/model-0000.params"
2024-03-31 19:55:28,765 [INFO]  Epoch[0] Validation-cross-entropy=1.618530
2024-03-31 19:55:28,765 [INFO]  Epoch[0] Validation-A13-accuracy=0.000000
2024-03-31 19:55:28,905 [INFO]  Epoch[1] Batch [0-16]	Speed: 2331.55 samples/sec	cross-entropy=0.695181	A13-accuracy=3.529412
2024-03-31 19:55:28,920 [INFO]  Epoch[1] Train-cross-entropy=0.608227
2024-03-31 19:55:28,920 [INFO]  Epoch[1] Train-A13-accuracy=3.129032
2024-03-31 19:55:28,920 [INFO]  Epoch[1] Time cost=0.155
2024-03-31 19:55:28,922 [INFO]  Saved checkpoint to "./imputer_model/imputer_model_A13/model-0001.params"
2024-03-31 19:55:29,020 [INFO]  Epoch[1] Validation-cross-entropy=0.292819
2024-03-31 19:55:29,020 [INFO]  Epoch[1] Validation-A13-accuracy=0.000000
2024-03-31 19:55:29,139 [INFO]  Epoch[2] Batch [0-16]	Speed: 2160.61 samples/sec	cross-entropy=0.289506	A13-accuracy=3.529412
2024-03-31 19:55:29,199 [INFO]  Epoch[2] Train-cross-entropy=0.293352
2024-03-31 19:55:29,199 [INFO]  Epoch[2] Train-A13-accuracy=3.129032
2024-03-31 19:55:29,199 [INFO]  Epoch[2] Time cost=0.179
2024-03-31 19:55:29,200 [INFO]  Saved checkpoint to "./imputer_model/imputer_model_A13/model-0002.params"
2024-03-31 19:55:29,201 [INFO]  Epoch[2] Validation-cross-entropy=0.454307
2024-03-31 19:55:29,202 [INFO]  Epoch[2] Validation-A13-accuracy=0.000000
2024-03-31 19:55:29,213 [INFO]  Epoch[3] Batch [0-16]	Speed: 24073.85 samples/sec	cross-entropy=0.212644	A13-accuracy=3.529412
2024-03-31 19:55:29,650 [INFO]  Epoch[3] Train-cross-entropy=0.186277
2024-03-31 19:55:29,650 [INFO]  Epoch[3] Train-A13-accuracy=3.129032
2024-03-31 19:55:29,650 [INFO]  Epoch[3] Time cost=0.449
2024-03-31 19:55:29,652 [INFO]  Saved checkpoint to "./imputer_model/imputer_model_A13/model-0003.params"
2024-03-31 19:55:29,655 [INFO]  Epoch[3] Validation-cross-entropy=0.252498
2024-03-31 19:55:29,656 [INFO]  Epoch[3] Validation-A13-accuracy=0.000000
2024-03-31 19:55:29,819 [INFO]  Epoch[4] Batch [0-16]	Speed: 1580.37 samples/sec	cross-entropy=0.115236	A13-accuracy=3.529412
2024-03-31 19:55:29,923 [INFO]  Epoch[4] Train-cross-entropy=0.119433
2024-03-31 19:55:29,924 [INFO]  Epoch[4] Train-A13-accuracy=3.129032
2024-03-31 19:55:29,924 [INFO]  Epoch[4] Time cost=0.268
2024-03-31 19:55:29,925 [INFO]  Saved checkpoint to "./imputer_model/imputer_model_A13/model-0004.params"
2024-03-31 19:55:29,926 [INFO]  Epoch[4] Validation-cross-entropy=0.177163
2024-03-31 19:55:29,926 [INFO]  Epoch[4] Validation-A13-accuracy=0.000000
2024-03-31 19:55:29,926 [INFO]  
========== done (1.7368268966674805 s) fit model
2024-03-31 19:55:55,786 [INFO]  
========== start: fit model
2024-03-31 19:55:55,786 [WARNING]  Already bound, ignoring bind()
2024-03-31 19:55:55,911 [INFO]  Epoch[0] Batch [0-16]	Speed: 2294.98 samples/sec	cross-entropy=9.446119	A13-accuracy=2.764706
2024-03-31 19:55:56,076 [INFO]  Epoch[0] Train-cross-entropy=6.074042
2024-03-31 19:55:56,076 [INFO]  Epoch[0] Train-A13-accuracy=2.677419
2024-03-31 19:55:56,076 [INFO]  Epoch[0] Time cost=0.289
2024-03-31 19:55:56,078 [INFO]  Saved checkpoint to "./imputer_model/imputer_model_A13/model-0000.params"
2024-03-31 19:55:56,088 [INFO]  Epoch[0] Validation-cross-entropy=1.122350
2024-03-31 19:55:56,088 [INFO]  Epoch[0] Validation-A13-accuracy=0.000000
2024-03-31 19:55:56,191 [INFO]  Epoch[1] Batch [0-16]	Speed: 3615.79 samples/sec	cross-entropy=0.879798	A13-accuracy=2.764706
2024-03-31 19:55:56,445 [INFO]  Epoch[1] Train-cross-entropy=0.713374
2024-03-31 19:55:56,446 [INFO]  Epoch[1] Train-A13-accuracy=2.677419
2024-03-31 19:55:56,446 [INFO]  Epoch[1] Time cost=0.358
2024-03-31 19:55:56,448 [INFO]  Saved checkpoint to "./imputer_model/imputer_model_A13/model-0001.params"
2024-03-31 19:55:56,449 [INFO]  Epoch[1] Validation-cross-entropy=0.618177
2024-03-31 19:55:56,449 [INFO]  Epoch[1] Validation-A13-accuracy=0.000000
2024-03-31 19:55:56,471 [INFO]  Epoch[2] Batch [0-16]	Speed: 12439.09 samples/sec	cross-entropy=0.417040	A13-accuracy=2.764706
2024-03-31 19:55:56,488 [INFO]  Epoch[2] Train-cross-entropy=0.351533
2024-03-31 19:55:56,488 [INFO]  Epoch[2] Train-A13-accuracy=2.677419
2024-03-31 19:55:56,488 [INFO]  Epoch[2] Time cost=0.039
2024-03-31 19:55:56,490 [INFO]  Saved checkpoint to "./imputer_model/imputer_model_A13/model-0002.params"
2024-03-31 19:55:56,492 [INFO]  Epoch[2] Validation-cross-entropy=0.504817
2024-03-31 19:55:56,492 [INFO]  Epoch[2] Validation-A13-accuracy=0.000000
2024-03-31 19:55:56,534 [INFO]  Epoch[3] Batch [0-16]	Speed: 6293.80 samples/sec	cross-entropy=0.250818	A13-accuracy=2.764706
2024-03-31 19:55:56,629 [INFO]  Epoch[3] Train-cross-entropy=0.235389
2024-03-31 19:55:56,629 [INFO]  Epoch[3] Train-A13-accuracy=2.677419
2024-03-31 19:55:56,629 [INFO]  Epoch[3] Time cost=0.138
2024-03-31 19:55:56,631 [INFO]  Saved checkpoint to "./imputer_model/imputer_model_A13/model-0003.params"
2024-03-31 19:55:56,631 [INFO]  Epoch[3] Validation-cross-entropy=0.281253
2024-03-31 19:55:56,632 [INFO]  Epoch[3] Validation-A13-accuracy=0.000000
2024-03-31 19:55:56,742 [INFO]  Epoch[4] Batch [0-16]	Speed: 2342.90 samples/sec	cross-entropy=0.253386	A13-accuracy=2.764706
2024-03-31 19:55:56,755 [INFO]  Epoch[4] Train-cross-entropy=0.258966
2024-03-31 19:55:56,756 [INFO]  Epoch[4] Train-A13-accuracy=2.677419
2024-03-31 19:55:56,756 [INFO]  Epoch[4] Time cost=0.124
2024-03-31 19:55:56,757 [INFO]  Saved checkpoint to "./imputer_model/imputer_model_A13/model-0004.params"
2024-03-31 19:55:56,758 [INFO]  Epoch[4] Validation-cross-entropy=0.374286
2024-03-31 19:55:56,759 [INFO]  Epoch[4] Validation-A13-accuracy=0.000000
2024-03-31 19:55:56,759 [INFO]  
========== done (0.9730246067047119 s) fit model
2024-03-31 19:56:13,766 [INFO]  
========== start: fit model
2024-03-31 19:56:13,766 [WARNING]  Already bound, ignoring bind()
2024-03-31 19:56:13,783 [INFO]  Epoch[0] Batch [0-16]	Speed: 18820.08 samples/sec	cross-entropy=8.564631	A13-accuracy=3.235294
2024-03-31 19:56:13,793 [INFO]  Epoch[0] Train-cross-entropy=5.493712
2024-03-31 19:56:13,793 [INFO]  Epoch[0] Train-A13-accuracy=3.000000
2024-03-31 19:56:13,793 [INFO]  Epoch[0] Time cost=0.026
2024-03-31 19:56:13,795 [INFO]  Saved checkpoint to "./imputer_model/imputer_model_A13/model-0000.params"
2024-03-31 19:56:13,796 [INFO]  Epoch[0] Validation-cross-entropy=1.955918
2024-03-31 19:56:13,796 [INFO]  Epoch[0] Validation-A13-accuracy=0.000000
2024-03-31 19:56:13,808 [INFO]  Epoch[1] Batch [0-16]	Speed: 22753.59 samples/sec	cross-entropy=0.891872	A13-accuracy=3.235294
2024-03-31 19:56:13,817 [INFO]  Epoch[1] Train-cross-entropy=0.694624
2024-03-31 19:56:13,817 [INFO]  Epoch[1] Train-A13-accuracy=3.000000
2024-03-31 19:56:13,817 [INFO]  Epoch[1] Time cost=0.021
2024-03-31 19:56:13,818 [INFO]  Saved checkpoint to "./imputer_model/imputer_model_A13/model-0001.params"
2024-03-31 19:56:13,819 [INFO]  Epoch[1] Validation-cross-entropy=0.566510
2024-03-31 19:56:13,819 [INFO]  Epoch[1] Validation-A13-accuracy=0.000000
2024-03-31 19:56:13,832 [INFO]  Epoch[2] Batch [0-16]	Speed: 20682.69 samples/sec	cross-entropy=0.292102	A13-accuracy=3.235294
2024-03-31 19:56:13,842 [INFO]  Epoch[2] Train-cross-entropy=0.271822
2024-03-31 19:56:13,842 [INFO]  Epoch[2] Train-A13-accuracy=3.000000
2024-03-31 19:56:13,842 [INFO]  Epoch[2] Time cost=0.023
2024-03-31 19:56:13,843 [INFO]  Saved checkpoint to "./imputer_model/imputer_model_A13/model-0002.params"
2024-03-31 19:56:13,844 [INFO]  Epoch[2] Validation-cross-entropy=0.393813
2024-03-31 19:56:13,845 [INFO]  Epoch[2] Validation-A13-accuracy=0.000000
2024-03-31 19:56:13,862 [INFO]  Epoch[3] Batch [0-16]	Speed: 15833.40 samples/sec	cross-entropy=0.174376	A13-accuracy=3.235294
2024-03-31 19:56:13,875 [INFO]  Epoch[3] Train-cross-entropy=0.161851
2024-03-31 19:56:13,875 [INFO]  Epoch[3] Train-A13-accuracy=3.000000
2024-03-31 19:56:13,875 [INFO]  Epoch[3] Time cost=0.031
2024-03-31 19:56:13,877 [INFO]  Saved checkpoint to "./imputer_model/imputer_model_A13/model-0003.params"
2024-03-31 19:56:13,878 [INFO]  Epoch[3] Validation-cross-entropy=0.278555
2024-03-31 19:56:13,878 [INFO]  Epoch[3] Validation-A13-accuracy=0.000000
2024-03-31 19:56:13,891 [INFO]  Epoch[4] Batch [0-16]	Speed: 21951.63 samples/sec	cross-entropy=0.111152	A13-accuracy=3.235294
2024-03-31 19:56:13,899 [INFO]  Epoch[4] Train-cross-entropy=0.108786
2024-03-31 19:56:13,899 [INFO]  Epoch[4] Train-A13-accuracy=3.000000
2024-03-31 19:56:13,899 [INFO]  Epoch[4] Time cost=0.021
2024-03-31 19:56:13,901 [INFO]  Saved checkpoint to "./imputer_model/imputer_model_A13/model-0004.params"
2024-03-31 19:56:13,903 [INFO]  Epoch[4] Validation-cross-entropy=0.241154
2024-03-31 19:56:13,903 [INFO]  Epoch[4] Validation-A13-accuracy=0.000000
2024-03-31 19:56:13,903 [INFO]  
========== done (0.13675308227539062 s) fit model
2024-03-31 19:56:38,763 [INFO]  
========== start: fit model
2024-03-31 19:56:38,763 [WARNING]  Already bound, ignoring bind()
2024-03-31 19:56:38,965 [INFO]  Epoch[0] Batch [0-16]	Speed: 2109.46 samples/sec	cross-entropy=11.404163	A13-accuracy=3.000000
2024-03-31 19:56:39,270 [INFO]  Epoch[0] Train-cross-entropy=8.213181
2024-03-31 19:56:39,270 [INFO]  Epoch[0] Train-A13-accuracy=2.709677
2024-03-31 19:56:39,270 [INFO]  Epoch[0] Time cost=0.506
2024-03-31 19:56:39,272 [INFO]  Saved checkpoint to "./imputer_model/imputer_model_A13/model-0000.params"
2024-03-31 19:56:39,275 [INFO]  Epoch[0] Validation-cross-entropy=2.939441
2024-03-31 19:56:39,275 [INFO]  Epoch[0] Validation-A13-accuracy=0.000000
2024-03-31 19:56:39,372 [INFO]  Epoch[1] Batch [0-16]	Speed: 2667.71 samples/sec	cross-entropy=1.457623	A13-accuracy=3.000000
2024-03-31 19:56:39,400 [INFO]  Epoch[1] Train-cross-entropy=1.230985
2024-03-31 19:56:39,400 [INFO]  Epoch[1] Train-A13-accuracy=2.709677
2024-03-31 19:56:39,400 [INFO]  Epoch[1] Time cost=0.125
2024-03-31 19:56:39,401 [INFO]  Saved checkpoint to "./imputer_model/imputer_model_A13/model-0001.params"
2024-03-31 19:56:39,402 [INFO]  Epoch[1] Validation-cross-entropy=0.610954
2024-03-31 19:56:39,402 [INFO]  Epoch[1] Validation-A13-accuracy=0.000000
2024-03-31 19:56:39,664 [INFO]  Epoch[2] Batch [0-16]	Speed: 1438.89 samples/sec	cross-entropy=0.522094	A13-accuracy=3.000000
2024-03-31 19:56:39,701 [INFO]  Epoch[2] Train-cross-entropy=0.473866
2024-03-31 19:56:39,702 [INFO]  Epoch[2] Train-A13-accuracy=2.709677
2024-03-31 19:56:39,702 [INFO]  Epoch[2] Time cost=0.299
2024-03-31 19:56:39,703 [INFO]  Saved checkpoint to "./imputer_model/imputer_model_A13/model-0002.params"
2024-03-31 19:56:39,704 [INFO]  Epoch[2] Validation-cross-entropy=0.562176
2024-03-31 19:56:39,704 [INFO]  Epoch[2] Validation-A13-accuracy=0.000000
2024-03-31 19:56:39,726 [INFO]  Epoch[3] Batch [0-16]	Speed: 12133.22 samples/sec	cross-entropy=0.370439	A13-accuracy=3.000000
2024-03-31 19:56:39,742 [INFO]  Epoch[3] Train-cross-entropy=0.338978
2024-03-31 19:56:39,742 [INFO]  Epoch[3] Train-A13-accuracy=2.709677
2024-03-31 19:56:39,742 [INFO]  Epoch[3] Time cost=0.038
2024-03-31 19:56:39,744 [INFO]  Saved checkpoint to "./imputer_model/imputer_model_A13/model-0003.params"
2024-03-31 19:56:39,745 [INFO]  Epoch[3] Validation-cross-entropy=0.381437
2024-03-31 19:56:39,745 [INFO]  Epoch[3] Validation-A13-accuracy=0.000000
2024-03-31 19:56:39,764 [INFO]  Epoch[4] Batch [0-16]	Speed: 14809.21 samples/sec	cross-entropy=0.301246	A13-accuracy=3.000000
2024-03-31 19:56:39,777 [INFO]  Epoch[4] Train-cross-entropy=0.266946
2024-03-31 19:56:39,777 [INFO]  Epoch[4] Train-A13-accuracy=2.709677
2024-03-31 19:56:39,777 [INFO]  Epoch[4] Time cost=0.032
2024-03-31 19:56:39,779 [INFO]  Saved checkpoint to "./imputer_model/imputer_model_A13/model-0004.params"
2024-03-31 19:56:39,780 [INFO]  Epoch[4] Validation-cross-entropy=0.312742
2024-03-31 19:56:39,780 [INFO]  Epoch[4] Validation-A13-accuracy=0.000000
2024-03-31 19:56:39,780 [INFO]  
========== done (1.0172805786132812 s) fit model
2024-03-31 19:57:06,954 [INFO]  
========== start: fit model
2024-03-31 19:57:06,954 [WARNING]  Already bound, ignoring bind()
2024-03-31 19:57:07,122 [INFO]  Epoch[0] Batch [0-16]	Speed: 1583.48 samples/sec	cross-entropy=16.144247	A13-accuracy=0.000000
2024-03-31 19:57:07,230 [INFO]  Epoch[0] Train-cross-entropy=11.871950
2024-03-31 19:57:07,230 [INFO]  Epoch[0] Train-A13-accuracy=0.000000
2024-03-31 19:57:07,230 [INFO]  Epoch[0] Time cost=0.274
2024-03-31 19:57:07,234 [INFO]  Saved checkpoint to "./imputer_model/imputer_model_A13/model-0000.params"
2024-03-31 19:57:07,307 [INFO]  Epoch[0] Validation-cross-entropy=4.380967
2024-03-31 19:57:07,307 [INFO]  Epoch[0] Validation-A13-accuracy=0.000000
2024-03-31 19:57:07,556 [INFO]  Epoch[1] Batch [0-16]	Speed: 1030.45 samples/sec	cross-entropy=2.039762	A13-accuracy=0.000000
2024-03-31 19:57:07,706 [INFO]  Epoch[1] Train-cross-entropy=1.498225
2024-03-31 19:57:07,706 [INFO]  Epoch[1] Train-A13-accuracy=0.000000
2024-03-31 19:57:07,706 [INFO]  Epoch[1] Time cost=0.399
2024-03-31 19:57:07,708 [INFO]  Saved checkpoint to "./imputer_model/imputer_model_A13/model-0001.params"
2024-03-31 19:57:07,784 [INFO]  Epoch[1] Validation-cross-entropy=0.541919
2024-03-31 19:57:07,784 [INFO]  Epoch[1] Validation-A13-accuracy=0.000000
2024-03-31 19:57:07,822 [INFO]  Epoch[2] Batch [0-16]	Speed: 6924.91 samples/sec	cross-entropy=0.670771	A13-accuracy=0.000000
2024-03-31 19:57:08,028 [INFO]  Epoch[2] Train-cross-entropy=0.498675
2024-03-31 19:57:08,029 [INFO]  Epoch[2] Train-A13-accuracy=0.000000
2024-03-31 19:57:08,029 [INFO]  Epoch[2] Time cost=0.245
2024-03-31 19:57:08,030 [INFO]  Saved checkpoint to "./imputer_model/imputer_model_A13/model-0002.params"
2024-03-31 19:57:08,084 [INFO]  Epoch[2] Validation-cross-entropy=0.316103
2024-03-31 19:57:08,084 [INFO]  Epoch[2] Validation-A13-accuracy=0.000000
2024-03-31 19:57:08,163 [INFO]  Epoch[3] Batch [0-16]	Speed: 4208.29 samples/sec	cross-entropy=0.493316	A13-accuracy=0.000000
2024-03-31 19:57:08,385 [INFO]  Epoch[3] Train-cross-entropy=0.386256
2024-03-31 19:57:08,385 [INFO]  Epoch[3] Train-A13-accuracy=0.000000
2024-03-31 19:57:08,385 [INFO]  Epoch[3] Time cost=0.301
2024-03-31 19:57:08,389 [INFO]  Saved checkpoint to "./imputer_model/imputer_model_A13/model-0003.params"
2024-03-31 19:57:08,394 [INFO]  Epoch[3] Validation-cross-entropy=0.247327
2024-03-31 19:57:08,394 [INFO]  Epoch[3] Validation-A13-accuracy=0.000000
2024-03-31 19:57:08,444 [INFO]  Epoch[4] Batch [0-16]	Speed: 5214.09 samples/sec	cross-entropy=0.292777	A13-accuracy=0.000000
2024-03-31 19:57:08,534 [INFO]  Epoch[4] Train-cross-entropy=0.226400
2024-03-31 19:57:08,534 [INFO]  Epoch[4] Train-A13-accuracy=0.000000
2024-03-31 19:57:08,534 [INFO]  Epoch[4] Time cost=0.140
2024-03-31 19:57:08,538 [INFO]  Saved checkpoint to "./imputer_model/imputer_model_A13/model-0004.params"
2024-03-31 19:57:08,552 [INFO]  Epoch[4] Validation-cross-entropy=0.187227
2024-03-31 19:57:08,552 [INFO]  Epoch[4] Validation-A13-accuracy=0.000000
2024-03-31 19:57:08,552 [INFO]  
========== done (1.5980825424194336 s) fit model
2024-03-31 19:57:22,682 [INFO]  
========== start: fit model
2024-03-31 19:57:22,682 [WARNING]  Already bound, ignoring bind()
2024-03-31 19:57:22,708 [INFO]  Epoch[0] Batch [0-16]	Speed: 11764.33 samples/sec	cross-entropy=10.729500	A13-accuracy=0.000000
2024-03-31 19:57:22,720 [INFO]  Epoch[0] Train-cross-entropy=7.621362
2024-03-31 19:57:22,720 [INFO]  Epoch[0] Train-A13-accuracy=0.000000
2024-03-31 19:57:22,720 [INFO]  Epoch[0] Time cost=0.037
2024-03-31 19:57:22,722 [INFO]  Saved checkpoint to "./imputer_model/imputer_model_A13/model-0000.params"
2024-03-31 19:57:22,723 [INFO]  Epoch[0] Validation-cross-entropy=3.374031
2024-03-31 19:57:22,723 [INFO]  Epoch[0] Validation-A13-accuracy=0.000000
2024-03-31 19:57:22,735 [INFO]  Epoch[1] Batch [0-16]	Speed: 23306.75 samples/sec	cross-entropy=0.869601	A13-accuracy=0.000000
2024-03-31 19:57:22,747 [INFO]  Epoch[1] Train-cross-entropy=0.751008
2024-03-31 19:57:22,748 [INFO]  Epoch[1] Train-A13-accuracy=0.000000
2024-03-31 19:57:22,748 [INFO]  Epoch[1] Time cost=0.025
2024-03-31 19:57:22,749 [INFO]  Saved checkpoint to "./imputer_model/imputer_model_A13/model-0001.params"
2024-03-31 19:57:22,750 [INFO]  Epoch[1] Validation-cross-entropy=0.644621
2024-03-31 19:57:22,750 [INFO]  Epoch[1] Validation-A13-accuracy=0.000000
2024-03-31 19:57:22,763 [INFO]  Epoch[2] Batch [0-16]	Speed: 21580.58 samples/sec	cross-entropy=0.449347	A13-accuracy=0.000000
2024-03-31 19:57:22,776 [INFO]  Epoch[2] Train-cross-entropy=0.401733
2024-03-31 19:57:22,776 [INFO]  Epoch[2] Train-A13-accuracy=0.000000
2024-03-31 19:57:22,776 [INFO]  Epoch[2] Time cost=0.026
2024-03-31 19:57:22,778 [INFO]  Saved checkpoint to "./imputer_model/imputer_model_A13/model-0002.params"
2024-03-31 19:57:22,779 [INFO]  Epoch[2] Validation-cross-entropy=0.557741
2024-03-31 19:57:22,779 [INFO]  Epoch[2] Validation-A13-accuracy=0.000000
2024-03-31 19:57:22,800 [INFO]  Epoch[3] Batch [0-16]	Speed: 12552.80 samples/sec	cross-entropy=0.208315	A13-accuracy=0.000000
2024-03-31 19:57:22,812 [INFO]  Epoch[3] Train-cross-entropy=0.205086
2024-03-31 19:57:22,812 [INFO]  Epoch[3] Train-A13-accuracy=0.000000
2024-03-31 19:57:22,812 [INFO]  Epoch[3] Time cost=0.033
2024-03-31 19:57:22,814 [INFO]  Saved checkpoint to "./imputer_model/imputer_model_A13/model-0003.params"
2024-03-31 19:57:22,815 [INFO]  Epoch[3] Validation-cross-entropy=0.379508
2024-03-31 19:57:22,815 [INFO]  Epoch[3] Validation-A13-accuracy=0.000000
2024-03-31 19:57:22,827 [INFO]  Epoch[4] Batch [0-16]	Speed: 22079.82 samples/sec	cross-entropy=0.154931	A13-accuracy=0.000000
2024-03-31 19:57:22,837 [INFO]  Epoch[4] Train-cross-entropy=0.154879
2024-03-31 19:57:22,837 [INFO]  Epoch[4] Train-A13-accuracy=0.000000
2024-03-31 19:57:22,837 [INFO]  Epoch[4] Time cost=0.022
2024-03-31 19:57:22,839 [INFO]  Saved checkpoint to "./imputer_model/imputer_model_A13/model-0004.params"
2024-03-31 19:57:22,840 [INFO]  Epoch[4] Validation-cross-entropy=0.316563
2024-03-31 19:57:22,840 [INFO]  Epoch[4] Validation-A13-accuracy=0.000000
2024-03-31 19:57:22,840 [INFO]  
========== done (0.15847206115722656 s) fit model
2024-03-31 19:57:47,317 [INFO]  
========== start: fit model
2024-03-31 19:57:47,317 [WARNING]  Already bound, ignoring bind()
2024-03-31 19:57:47,971 [INFO]  Epoch[0] Batch [0-16]	Speed: 460.00 samples/sec	cross-entropy=14.928289	A13-accuracy=2.470588
2024-03-31 19:57:48,077 [INFO]  Epoch[0] Train-cross-entropy=9.551932
2024-03-31 19:57:48,077 [INFO]  Epoch[0] Train-A13-accuracy=2.677419
2024-03-31 19:57:48,077 [INFO]  Epoch[0] Time cost=0.760
2024-03-31 19:57:48,079 [INFO]  Saved checkpoint to "./imputer_model/imputer_model_A13/model-0000.params"
2024-03-31 19:57:48,106 [INFO]  Epoch[0] Validation-cross-entropy=0.905929
2024-03-31 19:57:48,106 [INFO]  Epoch[0] Validation-A13-accuracy=0.000000
2024-03-31 19:57:48,239 [INFO]  Epoch[1] Batch [0-16]	Speed: 1952.17 samples/sec	cross-entropy=1.052366	A13-accuracy=2.470588
2024-03-31 19:57:48,348 [INFO]  Epoch[1] Train-cross-entropy=0.908676
2024-03-31 19:57:48,348 [INFO]  Epoch[1] Train-A13-accuracy=2.677419
2024-03-31 19:57:48,349 [INFO]  Epoch[1] Time cost=0.242
2024-03-31 19:57:48,350 [INFO]  Saved checkpoint to "./imputer_model/imputer_model_A13/model-0001.params"
2024-03-31 19:57:48,505 [INFO]  Epoch[1] Validation-cross-entropy=0.636074
2024-03-31 19:57:48,505 [INFO]  Epoch[1] Validation-A13-accuracy=0.000000
2024-03-31 19:57:48,555 [INFO]  Epoch[2] Batch [0-16]	Speed: 13598.90 samples/sec	cross-entropy=0.449575	A13-accuracy=2.470588
2024-03-31 19:57:48,755 [INFO]  Epoch[2] Train-cross-entropy=0.405899
2024-03-31 19:57:48,755 [INFO]  Epoch[2] Train-A13-accuracy=2.677419
2024-03-31 19:57:48,755 [INFO]  Epoch[2] Time cost=0.250
2024-03-31 19:57:48,757 [INFO]  Saved checkpoint to "./imputer_model/imputer_model_A13/model-0002.params"
2024-03-31 19:57:48,758 [INFO]  Epoch[2] Validation-cross-entropy=0.345498
2024-03-31 19:57:48,759 [INFO]  Epoch[2] Validation-A13-accuracy=0.000000
2024-03-31 19:57:48,777 [INFO]  Epoch[3] Batch [0-16]	Speed: 15233.62 samples/sec	cross-entropy=0.271507	A13-accuracy=2.470588
2024-03-31 19:57:48,921 [INFO]  Epoch[3] Train-cross-entropy=0.253257
2024-03-31 19:57:48,921 [INFO]  Epoch[3] Train-A13-accuracy=2.677419
2024-03-31 19:57:48,921 [INFO]  Epoch[3] Time cost=0.162
2024-03-31 19:57:48,923 [INFO]  Saved checkpoint to "./imputer_model/imputer_model_A13/model-0003.params"
2024-03-31 19:57:48,929 [INFO]  Epoch[3] Validation-cross-entropy=0.285427
2024-03-31 19:57:48,929 [INFO]  Epoch[3] Validation-A13-accuracy=0.000000
2024-03-31 19:57:49,054 [INFO]  Epoch[4] Batch [0-16]	Speed: 2387.74 samples/sec	cross-entropy=0.187194	A13-accuracy=2.470588
2024-03-31 19:57:49,338 [INFO]  Epoch[4] Train-cross-entropy=0.179109
2024-03-31 19:57:49,338 [INFO]  Epoch[4] Train-A13-accuracy=2.677419
2024-03-31 19:57:49,338 [INFO]  Epoch[4] Time cost=0.409
2024-03-31 19:57:49,340 [INFO]  Saved checkpoint to "./imputer_model/imputer_model_A13/model-0004.params"
2024-03-31 19:57:49,341 [INFO]  Epoch[4] Validation-cross-entropy=0.217932
2024-03-31 19:57:49,341 [INFO]  Epoch[4] Validation-A13-accuracy=0.000000
2024-03-31 19:57:49,341 [INFO]  
========== done (2.0246920585632324 s) fit model
2024-03-31 19:58:17,802 [INFO]  
========== start: fit model
2024-03-31 19:58:17,802 [WARNING]  Already bound, ignoring bind()
2024-03-31 19:58:17,930 [INFO]  Epoch[0] Batch [0-16]	Speed: 2033.32 samples/sec	cross-entropy=11.265588	A13-accuracy=0.000000
2024-03-31 19:58:17,974 [INFO]  Epoch[0] Train-cross-entropy=7.162556
2024-03-31 19:58:17,974 [INFO]  Epoch[0] Train-A13-accuracy=0.000000
2024-03-31 19:58:17,974 [INFO]  Epoch[0] Time cost=0.171
2024-03-31 19:58:17,976 [INFO]  Saved checkpoint to "./imputer_model/imputer_model_A13/model-0000.params"
2024-03-31 19:58:17,977 [INFO]  Epoch[0] Validation-cross-entropy=1.183573
2024-03-31 19:58:17,977 [INFO]  Epoch[0] Validation-A13-accuracy=0.000000
2024-03-31 19:58:18,077 [INFO]  Epoch[1] Batch [0-16]	Speed: 2568.74 samples/sec	cross-entropy=1.010438	A13-accuracy=0.000000
2024-03-31 19:58:18,107 [INFO]  Epoch[1] Train-cross-entropy=0.817680
2024-03-31 19:58:18,107 [INFO]  Epoch[1] Train-A13-accuracy=0.000000
2024-03-31 19:58:18,107 [INFO]  Epoch[1] Time cost=0.130
2024-03-31 19:58:18,109 [INFO]  Saved checkpoint to "./imputer_model/imputer_model_A13/model-0001.params"
2024-03-31 19:58:18,110 [INFO]  Epoch[1] Validation-cross-entropy=0.489322
2024-03-31 19:58:18,110 [INFO]  Epoch[1] Validation-A13-accuracy=0.000000
2024-03-31 19:58:18,255 [INFO]  Epoch[2] Batch [0-16]	Speed: 2470.70 samples/sec	cross-entropy=0.414179	A13-accuracy=0.000000
2024-03-31 19:58:18,418 [INFO]  Epoch[2] Train-cross-entropy=0.392846
2024-03-31 19:58:18,418 [INFO]  Epoch[2] Train-A13-accuracy=0.000000
2024-03-31 19:58:18,418 [INFO]  Epoch[2] Time cost=0.308
2024-03-31 19:58:18,419 [INFO]  Saved checkpoint to "./imputer_model/imputer_model_A13/model-0002.params"
2024-03-31 19:58:18,420 [INFO]  Epoch[2] Validation-cross-entropy=0.360002
2024-03-31 19:58:18,420 [INFO]  Epoch[2] Validation-A13-accuracy=0.000000
2024-03-31 19:58:18,713 [INFO]  Epoch[3] Batch [0-16]	Speed: 877.61 samples/sec	cross-entropy=0.210083	A13-accuracy=0.000000
2024-03-31 19:58:18,804 [INFO]  Epoch[3] Train-cross-entropy=0.212867
2024-03-31 19:58:18,804 [INFO]  Epoch[3] Train-A13-accuracy=0.000000
2024-03-31 19:58:18,804 [INFO]  Epoch[3] Time cost=0.384
2024-03-31 19:58:18,806 [INFO]  Saved checkpoint to "./imputer_model/imputer_model_A13/model-0003.params"
2024-03-31 19:58:18,876 [INFO]  Epoch[3] Validation-cross-entropy=0.237660
2024-03-31 19:58:18,876 [INFO]  Epoch[3] Validation-A13-accuracy=0.000000
2024-03-31 19:58:19,045 [INFO]  Epoch[4] Batch [0-16]	Speed: 1523.99 samples/sec	cross-entropy=0.147850	A13-accuracy=0.000000
2024-03-31 19:58:19,099 [INFO]  Epoch[4] Train-cross-entropy=0.151560
2024-03-31 19:58:19,099 [INFO]  Epoch[4] Train-A13-accuracy=0.000000
2024-03-31 19:58:19,099 [INFO]  Epoch[4] Time cost=0.223
2024-03-31 19:58:19,101 [INFO]  Saved checkpoint to "./imputer_model/imputer_model_A13/model-0004.params"
2024-03-31 19:58:19,103 [INFO]  Epoch[4] Validation-cross-entropy=0.198267
2024-03-31 19:58:19,103 [INFO]  Epoch[4] Validation-A13-accuracy=0.000000
2024-03-31 19:58:19,103 [INFO]  
========== done (1.3007574081420898 s) fit model
2024-03-31 19:58:32,575 [INFO]  
========== start: fit model
2024-03-31 19:58:32,575 [WARNING]  Already bound, ignoring bind()
2024-03-31 19:58:32,603 [INFO]  Epoch[0] Batch [0-16]	Speed: 10334.28 samples/sec	cross-entropy=9.325537	A13-accuracy=0.000000
2024-03-31 19:58:32,615 [INFO]  Epoch[0] Train-cross-entropy=7.112365
2024-03-31 19:58:32,615 [INFO]  Epoch[0] Train-A13-accuracy=0.000000
2024-03-31 19:58:32,615 [INFO]  Epoch[0] Time cost=0.039
2024-03-31 19:58:32,617 [INFO]  Saved checkpoint to "./imputer_model/imputer_model_A13/model-0000.params"
2024-03-31 19:58:32,618 [INFO]  Epoch[0] Validation-cross-entropy=1.018126
2024-03-31 19:58:32,618 [INFO]  Epoch[0] Validation-A13-accuracy=0.000000
2024-03-31 19:58:32,629 [INFO]  Epoch[1] Batch [0-16]	Speed: 24243.44 samples/sec	cross-entropy=0.852651	A13-accuracy=0.000000
2024-03-31 19:58:32,639 [INFO]  Epoch[1] Train-cross-entropy=0.762818
2024-03-31 19:58:32,639 [INFO]  Epoch[1] Train-A13-accuracy=0.000000
2024-03-31 19:58:32,639 [INFO]  Epoch[1] Time cost=0.021
2024-03-31 19:58:32,641 [INFO]  Saved checkpoint to "./imputer_model/imputer_model_A13/model-0001.params"
2024-03-31 19:58:32,642 [INFO]  Epoch[1] Validation-cross-entropy=0.624318
2024-03-31 19:58:32,642 [INFO]  Epoch[1] Validation-A13-accuracy=0.000000
2024-03-31 19:58:32,665 [INFO]  Epoch[2] Batch [0-16]	Speed: 11747.47 samples/sec	cross-entropy=0.357777	A13-accuracy=0.000000
2024-03-31 19:58:32,678 [INFO]  Epoch[2] Train-cross-entropy=0.360311
2024-03-31 19:58:32,678 [INFO]  Epoch[2] Train-A13-accuracy=0.000000
2024-03-31 19:58:32,678 [INFO]  Epoch[2] Time cost=0.036
2024-03-31 19:58:32,679 [INFO]  Saved checkpoint to "./imputer_model/imputer_model_A13/model-0002.params"
2024-03-31 19:58:32,681 [INFO]  Epoch[2] Validation-cross-entropy=0.376188
2024-03-31 19:58:32,681 [INFO]  Epoch[2] Validation-A13-accuracy=0.000000
2024-03-31 19:58:32,692 [INFO]  Epoch[3] Batch [0-16]	Speed: 24740.02 samples/sec	cross-entropy=0.207283	A13-accuracy=0.000000
2024-03-31 19:58:32,702 [INFO]  Epoch[3] Train-cross-entropy=0.219257
2024-03-31 19:58:32,702 [INFO]  Epoch[3] Train-A13-accuracy=0.000000
2024-03-31 19:58:32,702 [INFO]  Epoch[3] Time cost=0.021
2024-03-31 19:58:32,703 [INFO]  Saved checkpoint to "./imputer_model/imputer_model_A13/model-0003.params"
2024-03-31 19:58:32,704 [INFO]  Epoch[3] Validation-cross-entropy=0.333605
2024-03-31 19:58:32,704 [INFO]  Epoch[3] Validation-A13-accuracy=0.000000
2024-03-31 19:58:32,718 [INFO]  Epoch[4] Batch [0-16]	Speed: 20466.65 samples/sec	cross-entropy=0.157526	A13-accuracy=0.000000
2024-03-31 19:58:32,728 [INFO]  Epoch[4] Train-cross-entropy=0.161426
2024-03-31 19:58:32,728 [INFO]  Epoch[4] Train-A13-accuracy=0.000000
2024-03-31 19:58:32,728 [INFO]  Epoch[4] Time cost=0.023
2024-03-31 19:58:32,729 [INFO]  Saved checkpoint to "./imputer_model/imputer_model_A13/model-0004.params"
2024-03-31 19:58:32,730 [INFO]  Epoch[4] Validation-cross-entropy=0.242652
2024-03-31 19:58:32,730 [INFO]  Epoch[4] Validation-A13-accuracy=0.000000
2024-03-31 19:58:32,730 [INFO]  
========== done (0.1553497314453125 s) fit model
2024-03-31 19:58:39,751 [INFO]  
========== start: fit model
2024-03-31 19:58:39,752 [WARNING]  Already bound, ignoring bind()
2024-03-31 19:58:39,763 [INFO]  Epoch[0] Batch [0-16]	Speed: 26356.61 samples/sec	cross-entropy=13.130788	A13-accuracy=0.000000
2024-03-31 19:58:39,772 [INFO]  Epoch[0] Train-cross-entropy=8.365917
2024-03-31 19:58:39,772 [INFO]  Epoch[0] Train-A13-accuracy=0.000000
2024-03-31 19:58:39,772 [INFO]  Epoch[0] Time cost=0.020
2024-03-31 19:58:39,773 [INFO]  Saved checkpoint to "./imputer_model/imputer_model_A13/model-0000.params"
2024-03-31 19:58:39,774 [INFO]  Epoch[0] Validation-cross-entropy=3.821825
2024-03-31 19:58:39,774 [INFO]  Epoch[0] Validation-A13-accuracy=0.000000
2024-03-31 19:58:39,785 [INFO]  Epoch[1] Batch [0-16]	Speed: 26350.79 samples/sec	cross-entropy=1.204009	A13-accuracy=0.000000
2024-03-31 19:58:39,793 [INFO]  Epoch[1] Train-cross-entropy=0.948195
2024-03-31 19:58:39,793 [INFO]  Epoch[1] Train-A13-accuracy=0.000000
2024-03-31 19:58:39,793 [INFO]  Epoch[1] Time cost=0.019
2024-03-31 19:58:39,795 [INFO]  Saved checkpoint to "./imputer_model/imputer_model_A13/model-0001.params"
2024-03-31 19:58:39,796 [INFO]  Epoch[1] Validation-cross-entropy=0.977091
2024-03-31 19:58:39,796 [INFO]  Epoch[1] Validation-A13-accuracy=0.000000
2024-03-31 19:58:39,806 [INFO]  Epoch[2] Batch [0-16]	Speed: 26314.62 samples/sec	cross-entropy=0.559031	A13-accuracy=0.000000
2024-03-31 19:58:39,814 [INFO]  Epoch[2] Train-cross-entropy=0.444142
2024-03-31 19:58:39,814 [INFO]  Epoch[2] Train-A13-accuracy=0.000000
2024-03-31 19:58:39,815 [INFO]  Epoch[2] Time cost=0.019
2024-03-31 19:58:39,816 [INFO]  Saved checkpoint to "./imputer_model/imputer_model_A13/model-0002.params"
2024-03-31 19:58:39,817 [INFO]  Epoch[2] Validation-cross-entropy=0.818962
2024-03-31 19:58:39,817 [INFO]  Epoch[2] Validation-A13-accuracy=0.000000
2024-03-31 19:58:39,827 [INFO]  Epoch[3] Batch [0-16]	Speed: 25988.52 samples/sec	cross-entropy=0.293794	A13-accuracy=0.000000
2024-03-31 19:58:39,836 [INFO]  Epoch[3] Train-cross-entropy=0.244595
2024-03-31 19:58:39,836 [INFO]  Epoch[3] Train-A13-accuracy=0.000000
2024-03-31 19:58:39,836 [INFO]  Epoch[3] Time cost=0.019
2024-03-31 19:58:39,837 [INFO]  Saved checkpoint to "./imputer_model/imputer_model_A13/model-0003.params"
2024-03-31 19:58:39,838 [INFO]  Epoch[3] Validation-cross-entropy=0.648940
2024-03-31 19:58:39,838 [INFO]  Epoch[3] Validation-A13-accuracy=0.000000
2024-03-31 19:58:39,848 [INFO]  Epoch[4] Batch [0-16]	Speed: 26845.56 samples/sec	cross-entropy=0.207199	A13-accuracy=0.000000
2024-03-31 19:58:39,857 [INFO]  Epoch[4] Train-cross-entropy=0.181052
2024-03-31 19:58:39,857 [INFO]  Epoch[4] Train-A13-accuracy=0.000000
2024-03-31 19:58:39,857 [INFO]  Epoch[4] Time cost=0.019
2024-03-31 19:58:39,858 [INFO]  Saved checkpoint to "./imputer_model/imputer_model_A13/model-0004.params"
2024-03-31 19:58:39,859 [INFO]  Epoch[4] Validation-cross-entropy=0.562554
2024-03-31 19:58:39,859 [INFO]  Epoch[4] Validation-A13-accuracy=0.000000
2024-03-31 19:58:39,859 [INFO]  
========== done (0.10785651206970215 s) fit model
