2023-11-08 12:34:16,090 [INFO]  
========== start: fit model
2023-11-08 12:34:16,090 [WARNING]  Already bound, ignoring bind()
2023-11-08 12:34:16,167 [INFO]  Epoch[0] Batch [0-4]	Speed: 1243.46 samples/sec	cross-entropy=24.515205	pressure_var6-accuracy=0.000000
2023-11-08 12:34:16,175 [INFO]  Epoch[0] Train-cross-entropy=21.875369
2023-11-08 12:34:16,175 [INFO]  Epoch[0] Train-pressure_var6-accuracy=0.000000
2023-11-08 12:34:16,175 [INFO]  Epoch[0] Time cost=0.084
2023-11-08 12:34:16,178 [INFO]  Saved checkpoint to "./imputer_model/imputer_model_pressure_var6/model-0000.params"
2023-11-08 12:34:16,179 [INFO]  Epoch[0] Validation-cross-entropy=13.961629
2023-11-08 12:34:16,179 [INFO]  Epoch[0] Validation-pressure_var6-accuracy=0.000000
2023-11-08 12:34:16,185 [INFO]  Epoch[1] Batch [0-4]	Speed: 13251.49 samples/sec	cross-entropy=59.964789	pressure_var6-accuracy=0.000000
2023-11-08 12:34:16,190 [INFO]  Epoch[1] Train-cross-entropy=39.868228
2023-11-08 12:34:16,190 [INFO]  Epoch[1] Train-pressure_var6-accuracy=0.000000
2023-11-08 12:34:16,190 [INFO]  Epoch[1] Time cost=0.011
2023-11-08 12:34:16,193 [INFO]  Saved checkpoint to "./imputer_model/imputer_model_pressure_var6/model-0001.params"
2023-11-08 12:34:16,194 [INFO]  Epoch[1] Validation-cross-entropy=15.244740
2023-11-08 12:34:16,194 [INFO]  Epoch[1] Validation-pressure_var6-accuracy=0.000000
2023-11-08 12:34:16,203 [INFO]  Epoch[2] Batch [0-4]	Speed: 9707.63 samples/sec	cross-entropy=4.861846	pressure_var6-accuracy=0.000000
2023-11-08 12:34:16,208 [INFO]  Epoch[2] Train-cross-entropy=3.626887
2023-11-08 12:34:16,209 [INFO]  Epoch[2] Train-pressure_var6-accuracy=0.000000
2023-11-08 12:34:16,209 [INFO]  Epoch[2] Time cost=0.014
2023-11-08 12:34:16,211 [INFO]  Saved checkpoint to "./imputer_model/imputer_model_pressure_var6/model-0002.params"
2023-11-08 12:34:16,212 [INFO]  Epoch[2] Validation-cross-entropy=21.319422
2023-11-08 12:34:16,212 [INFO]  Epoch[2] Validation-pressure_var6-accuracy=0.000000
2023-11-08 12:34:16,274 [INFO]  Epoch[3] Batch [0-4]	Speed: 1737.14 samples/sec	cross-entropy=4.876355	pressure_var6-accuracy=0.000000
2023-11-08 12:34:16,351 [INFO]  Epoch[3] Train-cross-entropy=3.516772
2023-11-08 12:34:16,351 [INFO]  Epoch[3] Train-pressure_var6-accuracy=0.000000
2023-11-08 12:34:16,351 [INFO]  Epoch[3] Time cost=0.139
2023-11-08 12:34:16,354 [INFO]  Saved checkpoint to "./imputer_model/imputer_model_pressure_var6/model-0003.params"
2023-11-08 12:34:16,355 [INFO]  Epoch[3] Validation-cross-entropy=26.692724
2023-11-08 12:34:16,356 [INFO]  Epoch[3] Validation-pressure_var6-accuracy=0.000000
2023-11-08 12:34:16,398 [INFO]  Epoch[4] Batch [0-4]	Speed: 1931.90 samples/sec	cross-entropy=1.861829	pressure_var6-accuracy=0.000000
2023-11-08 12:34:16,445 [INFO]  Epoch[4] Train-cross-entropy=1.469306
2023-11-08 12:34:16,445 [INFO]  Epoch[4] Train-pressure_var6-accuracy=0.000000
2023-11-08 12:34:16,446 [INFO]  Epoch[4] Time cost=0.090
2023-11-08 12:34:16,449 [INFO]  Saved checkpoint to "./imputer_model/imputer_model_pressure_var6/model-0004.params"
2023-11-08 12:34:16,466 [INFO]  Epoch[4] Validation-cross-entropy=21.056778
2023-11-08 12:34:16,466 [INFO]  Epoch[4] Validation-pressure_var6-accuracy=0.000000
2023-11-08 12:34:16,466 [INFO]  
========== done (0.37647461891174316 s) fit model
2023-11-08 13:05:01,950 [INFO]  
========== start: fit model
2023-11-08 13:05:01,951 [WARNING]  Already bound, ignoring bind()
2023-11-08 13:05:01,965 [INFO]  Epoch[0] Batch [0-4]	Speed: 10099.91 samples/sec	cross-entropy=19.622447	pressure_var6-accuracy=0.000000
2023-11-08 13:05:01,970 [INFO]  Epoch[0] Train-cross-entropy=23.766962
2023-11-08 13:05:01,970 [INFO]  Epoch[0] Train-pressure_var6-accuracy=0.000000
2023-11-08 13:05:01,970 [INFO]  Epoch[0] Time cost=0.019
2023-11-08 13:05:01,973 [INFO]  Saved checkpoint to "./imputer_model/imputer_model_pressure_var6/model-0000.params"
2023-11-08 13:05:01,974 [INFO]  Epoch[0] Validation-cross-entropy=25.602127
2023-11-08 13:05:01,974 [INFO]  Epoch[0] Validation-pressure_var6-accuracy=0.000000
2023-11-08 13:05:01,980 [INFO]  Epoch[1] Batch [0-4]	Speed: 12750.46 samples/sec	cross-entropy=28.655690	pressure_var6-accuracy=0.000000
2023-11-08 13:05:01,984 [INFO]  Epoch[1] Train-cross-entropy=23.066122
2023-11-08 13:05:01,984 [INFO]  Epoch[1] Train-pressure_var6-accuracy=0.000000
2023-11-08 13:05:01,984 [INFO]  Epoch[1] Time cost=0.010
2023-11-08 13:05:01,986 [INFO]  Saved checkpoint to "./imputer_model/imputer_model_pressure_var6/model-0001.params"
2023-11-08 13:05:01,987 [INFO]  Epoch[1] Validation-cross-entropy=10.171093
2023-11-08 13:05:01,987 [INFO]  Epoch[1] Validation-pressure_var6-accuracy=0.000000
2023-11-08 13:05:01,993 [INFO]  Epoch[2] Batch [0-4]	Speed: 14829.87 samples/sec	cross-entropy=6.090866	pressure_var6-accuracy=0.000000
2023-11-08 13:05:01,996 [INFO]  Epoch[2] Train-cross-entropy=7.422737
2023-11-08 13:05:01,996 [INFO]  Epoch[2] Train-pressure_var6-accuracy=0.000000
2023-11-08 13:05:01,996 [INFO]  Epoch[2] Time cost=0.009
2023-11-08 13:05:01,997 [INFO]  Saved checkpoint to "./imputer_model/imputer_model_pressure_var6/model-0002.params"
2023-11-08 13:05:01,998 [INFO]  Epoch[2] Validation-cross-entropy=9.963105
2023-11-08 13:05:01,998 [INFO]  Epoch[2] Validation-pressure_var6-accuracy=0.000000
2023-11-08 13:05:02,004 [INFO]  Epoch[3] Batch [0-4]	Speed: 14967.13 samples/sec	cross-entropy=2.857253	pressure_var6-accuracy=0.000000
2023-11-08 13:05:02,007 [INFO]  Epoch[3] Train-cross-entropy=3.021282
2023-11-08 13:05:02,007 [INFO]  Epoch[3] Train-pressure_var6-accuracy=0.000000
2023-11-08 13:05:02,007 [INFO]  Epoch[3] Time cost=0.009
2023-11-08 13:05:02,008 [INFO]  Saved checkpoint to "./imputer_model/imputer_model_pressure_var6/model-0003.params"
2023-11-08 13:05:02,009 [INFO]  Epoch[3] Validation-cross-entropy=11.210455
2023-11-08 13:05:02,009 [INFO]  Epoch[3] Validation-pressure_var6-accuracy=0.000000
2023-11-08 13:05:02,015 [INFO]  Epoch[4] Batch [0-4]	Speed: 13917.23 samples/sec	cross-entropy=1.739908	pressure_var6-accuracy=0.000000
2023-11-08 13:05:02,018 [INFO]  Epoch[4] Train-cross-entropy=1.307033
2023-11-08 13:05:02,018 [INFO]  Epoch[4] Train-pressure_var6-accuracy=0.000000
2023-11-08 13:05:02,018 [INFO]  Epoch[4] Time cost=0.009
2023-11-08 13:05:02,020 [INFO]  Saved checkpoint to "./imputer_model/imputer_model_pressure_var6/model-0004.params"
2023-11-08 13:05:02,020 [INFO]  Epoch[4] Validation-cross-entropy=9.923439
2023-11-08 13:05:02,020 [INFO]  Epoch[4] Validation-pressure_var6-accuracy=0.000000
2023-11-08 13:05:02,020 [INFO]  
========== done (0.07016754150390625 s) fit model
2023-11-08 13:18:28,912 [INFO]  
========== start: fit model
2023-11-08 13:18:28,912 [WARNING]  Already bound, ignoring bind()
2023-11-08 13:18:28,919 [INFO]  Epoch[0] Batch [0-4]	Speed: 14112.58 samples/sec	cross-entropy=29.447897	pressure_var6-accuracy=0.000000
2023-11-08 13:18:28,923 [INFO]  Epoch[0] Train-cross-entropy=29.391500
2023-11-08 13:18:28,923 [INFO]  Epoch[0] Train-pressure_var6-accuracy=0.000000
2023-11-08 13:18:28,923 [INFO]  Epoch[0] Time cost=0.010
2023-11-08 13:18:28,924 [INFO]  Saved checkpoint to "./imputer_model/imputer_model_pressure_var6/model-0000.params"
2023-11-08 13:18:28,925 [INFO]  Epoch[0] Validation-cross-entropy=18.338785
2023-11-08 13:18:28,925 [INFO]  Epoch[0] Validation-pressure_var6-accuracy=0.000000
2023-11-08 13:18:28,930 [INFO]  Epoch[1] Batch [0-4]	Speed: 15381.36 samples/sec	cross-entropy=25.754136	pressure_var6-accuracy=0.000000
2023-11-08 13:18:28,933 [INFO]  Epoch[1] Train-cross-entropy=32.555740
2023-11-08 13:18:28,933 [INFO]  Epoch[1] Train-pressure_var6-accuracy=0.000000
2023-11-08 13:18:28,933 [INFO]  Epoch[1] Time cost=0.009
2023-11-08 13:18:28,935 [INFO]  Saved checkpoint to "./imputer_model/imputer_model_pressure_var6/model-0001.params"
2023-11-08 13:18:28,935 [INFO]  Epoch[1] Validation-cross-entropy=36.403591
2023-11-08 13:18:28,935 [INFO]  Epoch[1] Validation-pressure_var6-accuracy=0.000000
2023-11-08 13:18:28,942 [INFO]  Epoch[2] Batch [0-4]	Speed: 11634.18 samples/sec	cross-entropy=7.771508	pressure_var6-accuracy=0.000000
2023-11-08 13:18:28,947 [INFO]  Epoch[2] Train-cross-entropy=6.318941
2023-11-08 13:18:28,947 [INFO]  Epoch[2] Train-pressure_var6-accuracy=0.000000
2023-11-08 13:18:28,947 [INFO]  Epoch[2] Time cost=0.012
2023-11-08 13:18:28,950 [INFO]  Saved checkpoint to "./imputer_model/imputer_model_pressure_var6/model-0002.params"
2023-11-08 13:18:28,951 [INFO]  Epoch[2] Validation-cross-entropy=33.967201
2023-11-08 13:18:28,952 [INFO]  Epoch[2] Validation-pressure_var6-accuracy=0.000000
2023-11-08 13:18:28,959 [INFO]  Epoch[3] Batch [0-4]	Speed: 11082.76 samples/sec	cross-entropy=4.280404	pressure_var6-accuracy=0.000000
2023-11-08 13:18:28,963 [INFO]  Epoch[3] Train-cross-entropy=3.736185
2023-11-08 13:18:28,963 [INFO]  Epoch[3] Train-pressure_var6-accuracy=0.000000
2023-11-08 13:18:28,964 [INFO]  Epoch[3] Time cost=0.012
2023-11-08 13:18:28,966 [INFO]  Saved checkpoint to "./imputer_model/imputer_model_pressure_var6/model-0003.params"
2023-11-08 13:18:28,966 [INFO]  Epoch[3] Validation-cross-entropy=36.905384
2023-11-08 13:18:28,967 [INFO]  Epoch[3] Validation-pressure_var6-accuracy=0.000000
2023-11-08 13:18:28,973 [INFO]  Epoch[4] Batch [0-4]	Speed: 12327.12 samples/sec	cross-entropy=1.743949	pressure_var6-accuracy=0.000000
2023-11-08 13:18:28,977 [INFO]  Epoch[4] Train-cross-entropy=1.668505
2023-11-08 13:18:28,977 [INFO]  Epoch[4] Train-pressure_var6-accuracy=0.000000
2023-11-08 13:18:28,977 [INFO]  Epoch[4] Time cost=0.011
2023-11-08 13:18:28,979 [INFO]  Saved checkpoint to "./imputer_model/imputer_model_pressure_var6/model-0004.params"
2023-11-08 13:18:28,980 [INFO]  Epoch[4] Validation-cross-entropy=36.002441
2023-11-08 13:18:28,980 [INFO]  Epoch[4] Validation-pressure_var6-accuracy=0.000000
2023-11-08 13:18:28,980 [INFO]  
========== done (0.06785011291503906 s) fit model
2023-11-08 13:31:49,428 [INFO]  
========== start: fit model
2023-11-08 13:31:49,428 [WARNING]  Already bound, ignoring bind()
2023-11-08 13:31:49,437 [INFO]  Epoch[0] Batch [0-4]	Speed: 10201.63 samples/sec	cross-entropy=30.241425	pressure_var6-accuracy=2.600000
2023-11-08 13:31:49,442 [INFO]  Epoch[0] Train-cross-entropy=28.740299
2023-11-08 13:31:49,442 [INFO]  Epoch[0] Train-pressure_var6-accuracy=2.750000
2023-11-08 13:31:49,442 [INFO]  Epoch[0] Time cost=0.013
2023-11-08 13:31:49,445 [INFO]  Saved checkpoint to "./imputer_model/imputer_model_pressure_var6/model-0000.params"
2023-11-08 13:31:49,445 [INFO]  Epoch[0] Validation-cross-entropy=27.800285
2023-11-08 13:31:49,445 [INFO]  Epoch[0] Validation-pressure_var6-accuracy=0.000000
2023-11-08 13:31:49,451 [INFO]  Epoch[1] Batch [0-4]	Speed: 15433.53 samples/sec	cross-entropy=24.762654	pressure_var6-accuracy=2.600000
2023-11-08 13:31:49,454 [INFO]  Epoch[1] Train-cross-entropy=19.284444
2023-11-08 13:31:49,454 [INFO]  Epoch[1] Train-pressure_var6-accuracy=2.750000
2023-11-08 13:31:49,454 [INFO]  Epoch[1] Time cost=0.009
2023-11-08 13:31:49,456 [INFO]  Saved checkpoint to "./imputer_model/imputer_model_pressure_var6/model-0001.params"
2023-11-08 13:31:49,456 [INFO]  Epoch[1] Validation-cross-entropy=38.047070
2023-11-08 13:31:49,456 [INFO]  Epoch[1] Validation-pressure_var6-accuracy=0.000000
2023-11-08 13:31:49,460 [INFO]  Epoch[2] Batch [0-4]	Speed: 20860.70 samples/sec	cross-entropy=7.642636	pressure_var6-accuracy=2.600000
2023-11-08 13:31:49,463 [INFO]  Epoch[2] Train-cross-entropy=5.607143
2023-11-08 13:31:49,463 [INFO]  Epoch[2] Train-pressure_var6-accuracy=2.750000
2023-11-08 13:31:49,463 [INFO]  Epoch[2] Time cost=0.007
2023-11-08 13:31:49,464 [INFO]  Saved checkpoint to "./imputer_model/imputer_model_pressure_var6/model-0002.params"
2023-11-08 13:31:49,465 [INFO]  Epoch[2] Validation-cross-entropy=31.522919
2023-11-08 13:31:49,465 [INFO]  Epoch[2] Validation-pressure_var6-accuracy=0.000000
2023-11-08 13:31:49,469 [INFO]  Epoch[3] Batch [0-4]	Speed: 19563.84 samples/sec	cross-entropy=3.802974	pressure_var6-accuracy=2.600000
2023-11-08 13:31:49,471 [INFO]  Epoch[3] Train-cross-entropy=3.309495
2023-11-08 13:31:49,471 [INFO]  Epoch[3] Train-pressure_var6-accuracy=2.750000
2023-11-08 13:31:49,471 [INFO]  Epoch[3] Time cost=0.007
2023-11-08 13:31:49,503 [INFO]  Saved checkpoint to "./imputer_model/imputer_model_pressure_var6/model-0003.params"
2023-11-08 13:31:49,504 [INFO]  Epoch[3] Validation-cross-entropy=33.428955
2023-11-08 13:31:49,504 [INFO]  Epoch[3] Validation-pressure_var6-accuracy=0.000000
2023-11-08 13:31:49,510 [INFO]  Epoch[4] Batch [0-4]	Speed: 12643.56 samples/sec	cross-entropy=1.011472	pressure_var6-accuracy=2.600000
2023-11-08 13:31:49,514 [INFO]  Epoch[4] Train-cross-entropy=0.852528
2023-11-08 13:31:49,514 [INFO]  Epoch[4] Train-pressure_var6-accuracy=2.750000
2023-11-08 13:31:49,515 [INFO]  Epoch[4] Time cost=0.011
2023-11-08 13:31:49,526 [INFO]  Saved checkpoint to "./imputer_model/imputer_model_pressure_var6/model-0004.params"
2023-11-08 13:31:49,527 [INFO]  Epoch[4] Validation-cross-entropy=28.812132
2023-11-08 13:31:49,527 [INFO]  Epoch[4] Validation-pressure_var6-accuracy=0.000000
2023-11-08 13:31:49,527 [INFO]  
========== done (0.09888553619384766 s) fit model
2023-11-08 13:45:09,331 [INFO]  
========== start: fit model
2023-11-08 13:45:09,331 [WARNING]  Already bound, ignoring bind()
2023-11-08 13:45:09,339 [INFO]  Epoch[0] Batch [0-4]	Speed: 10811.80 samples/sec	cross-entropy=22.171553	pressure_var6-accuracy=0.000000
2023-11-08 13:45:09,344 [INFO]  Epoch[0] Train-cross-entropy=23.120278
2023-11-08 13:45:09,344 [INFO]  Epoch[0] Train-pressure_var6-accuracy=0.000000
2023-11-08 13:45:09,344 [INFO]  Epoch[0] Time cost=0.013
2023-11-08 13:45:09,347 [INFO]  Saved checkpoint to "./imputer_model/imputer_model_pressure_var6/model-0000.params"
2023-11-08 13:45:09,348 [INFO]  Epoch[0] Validation-cross-entropy=46.700497
2023-11-08 13:45:09,348 [INFO]  Epoch[0] Validation-pressure_var6-accuracy=0.000000
2023-11-08 13:45:09,354 [INFO]  Epoch[1] Batch [0-4]	Speed: 13568.31 samples/sec	cross-entropy=37.305964	pressure_var6-accuracy=0.000000
2023-11-08 13:45:09,358 [INFO]  Epoch[1] Train-cross-entropy=29.196600
2023-11-08 13:45:09,358 [INFO]  Epoch[1] Train-pressure_var6-accuracy=0.000000
2023-11-08 13:45:09,358 [INFO]  Epoch[1] Time cost=0.010
2023-11-08 13:45:09,360 [INFO]  Saved checkpoint to "./imputer_model/imputer_model_pressure_var6/model-0001.params"
2023-11-08 13:45:09,360 [INFO]  Epoch[1] Validation-cross-entropy=12.642016
2023-11-08 13:45:09,360 [INFO]  Epoch[1] Validation-pressure_var6-accuracy=0.000000
2023-11-08 13:45:09,365 [INFO]  Epoch[2] Batch [0-4]	Speed: 18046.08 samples/sec	cross-entropy=5.393642	pressure_var6-accuracy=0.000000
2023-11-08 13:45:09,368 [INFO]  Epoch[2] Train-cross-entropy=5.709838
2023-11-08 13:45:09,368 [INFO]  Epoch[2] Train-pressure_var6-accuracy=0.000000
2023-11-08 13:45:09,368 [INFO]  Epoch[2] Time cost=0.007
2023-11-08 13:45:09,369 [INFO]  Saved checkpoint to "./imputer_model/imputer_model_pressure_var6/model-0002.params"
2023-11-08 13:45:09,370 [INFO]  Epoch[2] Validation-cross-entropy=13.879805
2023-11-08 13:45:09,370 [INFO]  Epoch[2] Validation-pressure_var6-accuracy=0.000000
2023-11-08 13:45:09,375 [INFO]  Epoch[3] Batch [0-4]	Speed: 15391.94 samples/sec	cross-entropy=2.838024	pressure_var6-accuracy=0.000000
2023-11-08 13:45:09,378 [INFO]  Epoch[3] Train-cross-entropy=3.049463
2023-11-08 13:45:09,378 [INFO]  Epoch[3] Train-pressure_var6-accuracy=0.000000
2023-11-08 13:45:09,378 [INFO]  Epoch[3] Time cost=0.008
2023-11-08 13:45:09,380 [INFO]  Saved checkpoint to "./imputer_model/imputer_model_pressure_var6/model-0003.params"
2023-11-08 13:45:09,381 [INFO]  Epoch[3] Validation-cross-entropy=14.247528
2023-11-08 13:45:09,381 [INFO]  Epoch[3] Validation-pressure_var6-accuracy=0.000000
2023-11-08 13:45:09,386 [INFO]  Epoch[4] Batch [0-4]	Speed: 14979.66 samples/sec	cross-entropy=1.146356	pressure_var6-accuracy=0.000000
2023-11-08 13:45:09,389 [INFO]  Epoch[4] Train-cross-entropy=1.009309
2023-11-08 13:45:09,390 [INFO]  Epoch[4] Train-pressure_var6-accuracy=0.000000
2023-11-08 13:45:09,390 [INFO]  Epoch[4] Time cost=0.009
2023-11-08 13:45:09,391 [INFO]  Saved checkpoint to "./imputer_model/imputer_model_pressure_var6/model-0004.params"
2023-11-08 13:45:09,392 [INFO]  Epoch[4] Validation-cross-entropy=14.288533
2023-11-08 13:45:09,392 [INFO]  Epoch[4] Validation-pressure_var6-accuracy=0.000000
2023-11-08 13:45:09,392 [INFO]  
========== done (0.06100273132324219 s) fit model
2023-11-08 13:58:31,706 [INFO]  
========== start: fit model
2023-11-08 13:58:31,707 [WARNING]  Already bound, ignoring bind()
2023-11-08 13:58:31,713 [INFO]  Epoch[0] Batch [0-4]	Speed: 14444.44 samples/sec	cross-entropy=16.912257	pressure_var6-accuracy=0.000000
2023-11-08 13:58:31,718 [INFO]  Epoch[0] Train-cross-entropy=17.726029
2023-11-08 13:58:31,718 [INFO]  Epoch[0] Train-pressure_var6-accuracy=0.000000
2023-11-08 13:58:31,718 [INFO]  Epoch[0] Time cost=0.011
2023-11-08 13:58:31,721 [INFO]  Saved checkpoint to "./imputer_model/imputer_model_pressure_var6/model-0000.params"
2023-11-08 13:58:31,722 [INFO]  Epoch[0] Validation-cross-entropy=8.228261
2023-11-08 13:58:31,722 [INFO]  Epoch[0] Validation-pressure_var6-accuracy=0.000000
2023-11-08 13:58:31,728 [INFO]  Epoch[1] Batch [0-4]	Speed: 14290.64 samples/sec	cross-entropy=37.545645	pressure_var6-accuracy=0.000000
2023-11-08 13:58:31,732 [INFO]  Epoch[1] Train-cross-entropy=27.052513
2023-11-08 13:58:31,732 [INFO]  Epoch[1] Train-pressure_var6-accuracy=0.000000
2023-11-08 13:58:31,732 [INFO]  Epoch[1] Time cost=0.010
2023-11-08 13:58:31,734 [INFO]  Saved checkpoint to "./imputer_model/imputer_model_pressure_var6/model-0001.params"
2023-11-08 13:58:31,735 [INFO]  Epoch[1] Validation-cross-entropy=10.665046
2023-11-08 13:58:31,735 [INFO]  Epoch[1] Validation-pressure_var6-accuracy=0.000000
2023-11-08 13:58:31,739 [INFO]  Epoch[2] Batch [0-4]	Speed: 18866.70 samples/sec	cross-entropy=4.447756	pressure_var6-accuracy=0.000000
2023-11-08 13:58:31,742 [INFO]  Epoch[2] Train-cross-entropy=4.224227
2023-11-08 13:58:31,742 [INFO]  Epoch[2] Train-pressure_var6-accuracy=0.000000
2023-11-08 13:58:31,742 [INFO]  Epoch[2] Time cost=0.007
2023-11-08 13:58:31,744 [INFO]  Saved checkpoint to "./imputer_model/imputer_model_pressure_var6/model-0002.params"
2023-11-08 13:58:31,744 [INFO]  Epoch[2] Validation-cross-entropy=10.037912
2023-11-08 13:58:31,744 [INFO]  Epoch[2] Validation-pressure_var6-accuracy=0.000000
2023-11-08 13:58:31,749 [INFO]  Epoch[3] Batch [0-4]	Speed: 16552.72 samples/sec	cross-entropy=3.279710	pressure_var6-accuracy=0.000000
2023-11-08 13:58:31,752 [INFO]  Epoch[3] Train-cross-entropy=2.672713
2023-11-08 13:58:31,752 [INFO]  Epoch[3] Train-pressure_var6-accuracy=0.000000
2023-11-08 13:58:31,752 [INFO]  Epoch[3] Time cost=0.008
2023-11-08 13:58:31,754 [INFO]  Saved checkpoint to "./imputer_model/imputer_model_pressure_var6/model-0003.params"
2023-11-08 13:58:31,754 [INFO]  Epoch[3] Validation-cross-entropy=9.199508
2023-11-08 13:58:31,754 [INFO]  Epoch[3] Validation-pressure_var6-accuracy=0.000000
2023-11-08 13:58:31,760 [INFO]  Epoch[4] Batch [0-4]	Speed: 14044.65 samples/sec	cross-entropy=1.561792	pressure_var6-accuracy=0.000000
2023-11-08 13:58:31,764 [INFO]  Epoch[4] Train-cross-entropy=1.138662
2023-11-08 13:58:31,764 [INFO]  Epoch[4] Train-pressure_var6-accuracy=0.000000
2023-11-08 13:58:31,764 [INFO]  Epoch[4] Time cost=0.009
2023-11-08 13:58:31,765 [INFO]  Saved checkpoint to "./imputer_model/imputer_model_pressure_var6/model-0004.params"
2023-11-08 13:58:31,766 [INFO]  Epoch[4] Validation-cross-entropy=8.242990
2023-11-08 13:58:31,766 [INFO]  Epoch[4] Validation-pressure_var6-accuracy=0.000000
2023-11-08 13:58:31,766 [INFO]  
========== done (0.05924224853515625 s) fit model
2023-11-08 14:11:56,328 [INFO]  
========== start: fit model
2023-11-08 14:11:56,328 [WARNING]  Already bound, ignoring bind()
2023-11-08 14:11:56,335 [INFO]  Epoch[0] Batch [0-4]	Speed: 13912.90 samples/sec	cross-entropy=20.102288	pressure_var6-accuracy=0.000000
2023-11-08 14:11:56,338 [INFO]  Epoch[0] Train-cross-entropy=35.837733
2023-11-08 14:11:56,338 [INFO]  Epoch[0] Train-pressure_var6-accuracy=0.000000
2023-11-08 14:11:56,339 [INFO]  Epoch[0] Time cost=0.010
2023-11-08 14:11:56,340 [INFO]  Saved checkpoint to "./imputer_model/imputer_model_pressure_var6/model-0000.params"
2023-11-08 14:11:56,340 [INFO]  Epoch[0] Validation-cross-entropy=14.354887
2023-11-08 14:11:56,340 [INFO]  Epoch[0] Validation-pressure_var6-accuracy=0.000000
2023-11-08 14:11:56,347 [INFO]  Epoch[1] Batch [0-4]	Speed: 11247.14 samples/sec	cross-entropy=35.921881	pressure_var6-accuracy=0.000000
2023-11-08 14:11:56,353 [INFO]  Epoch[1] Train-cross-entropy=49.857581
2023-11-08 14:11:56,353 [INFO]  Epoch[1] Train-pressure_var6-accuracy=0.000000
2023-11-08 14:11:56,353 [INFO]  Epoch[1] Time cost=0.013
2023-11-08 14:11:56,356 [INFO]  Saved checkpoint to "./imputer_model/imputer_model_pressure_var6/model-0001.params"
2023-11-08 14:11:56,357 [INFO]  Epoch[1] Validation-cross-entropy=13.868726
2023-11-08 14:11:56,357 [INFO]  Epoch[1] Validation-pressure_var6-accuracy=0.000000
2023-11-08 14:11:56,364 [INFO]  Epoch[2] Batch [0-4]	Speed: 12822.33 samples/sec	cross-entropy=7.670457	pressure_var6-accuracy=0.000000
2023-11-08 14:11:56,367 [INFO]  Epoch[2] Train-cross-entropy=7.625935
2023-11-08 14:11:56,368 [INFO]  Epoch[2] Train-pressure_var6-accuracy=0.000000
2023-11-08 14:11:56,368 [INFO]  Epoch[2] Time cost=0.010
2023-11-08 14:11:56,370 [INFO]  Saved checkpoint to "./imputer_model/imputer_model_pressure_var6/model-0002.params"
2023-11-08 14:11:56,370 [INFO]  Epoch[2] Validation-cross-entropy=12.451656
2023-11-08 14:11:56,370 [INFO]  Epoch[2] Validation-pressure_var6-accuracy=0.000000
2023-11-08 14:11:56,376 [INFO]  Epoch[3] Batch [0-4]	Speed: 15575.92 samples/sec	cross-entropy=5.023672	pressure_var6-accuracy=0.000000
2023-11-08 14:11:56,379 [INFO]  Epoch[3] Train-cross-entropy=4.316566
2023-11-08 14:11:56,379 [INFO]  Epoch[3] Train-pressure_var6-accuracy=0.000000
2023-11-08 14:11:56,379 [INFO]  Epoch[3] Time cost=0.009
2023-11-08 14:11:56,382 [INFO]  Saved checkpoint to "./imputer_model/imputer_model_pressure_var6/model-0003.params"
2023-11-08 14:11:56,382 [INFO]  Epoch[3] Validation-cross-entropy=8.613289
2023-11-08 14:11:56,383 [INFO]  Epoch[3] Validation-pressure_var6-accuracy=0.000000
2023-11-08 14:11:56,389 [INFO]  Epoch[4] Batch [0-4]	Speed: 12496.41 samples/sec	cross-entropy=3.196378	pressure_var6-accuracy=0.000000
2023-11-08 14:11:56,393 [INFO]  Epoch[4] Train-cross-entropy=2.549634
2023-11-08 14:11:56,393 [INFO]  Epoch[4] Train-pressure_var6-accuracy=0.000000
2023-11-08 14:11:56,393 [INFO]  Epoch[4] Time cost=0.010
2023-11-08 14:11:56,395 [INFO]  Saved checkpoint to "./imputer_model/imputer_model_pressure_var6/model-0004.params"
2023-11-08 14:11:56,395 [INFO]  Epoch[4] Validation-cross-entropy=10.028777
2023-11-08 14:11:56,395 [INFO]  Epoch[4] Validation-pressure_var6-accuracy=0.000000
2023-11-08 14:11:56,395 [INFO]  
========== done (0.06763911247253418 s) fit model
2023-11-08 14:25:29,609 [INFO]  
========== start: fit model
2023-11-08 14:25:29,610 [WARNING]  Already bound, ignoring bind()
2023-11-08 14:25:29,620 [INFO]  Epoch[0] Batch [0-4]	Speed: 9420.77 samples/sec	cross-entropy=18.999665	pressure_var6-accuracy=3.600000
2023-11-08 14:25:29,625 [INFO]  Epoch[0] Train-cross-entropy=18.172861
2023-11-08 14:25:29,625 [INFO]  Epoch[0] Train-pressure_var6-accuracy=3.500000
2023-11-08 14:25:29,625 [INFO]  Epoch[0] Time cost=0.015
2023-11-08 14:25:29,628 [INFO]  Saved checkpoint to "./imputer_model/imputer_model_pressure_var6/model-0000.params"
2023-11-08 14:25:29,629 [INFO]  Epoch[0] Validation-cross-entropy=320.316833
2023-11-08 14:25:29,629 [INFO]  Epoch[0] Validation-pressure_var6-accuracy=0.000000
2023-11-08 14:25:29,636 [INFO]  Epoch[1] Batch [0-4]	Speed: 11958.63 samples/sec	cross-entropy=32.093439	pressure_var6-accuracy=3.600000
2023-11-08 14:25:29,640 [INFO]  Epoch[1] Train-cross-entropy=25.761712
2023-11-08 14:25:29,640 [INFO]  Epoch[1] Train-pressure_var6-accuracy=3.500000
2023-11-08 14:25:29,640 [INFO]  Epoch[1] Time cost=0.011
2023-11-08 14:25:29,643 [INFO]  Saved checkpoint to "./imputer_model/imputer_model_pressure_var6/model-0001.params"
2023-11-08 14:25:29,643 [INFO]  Epoch[1] Validation-cross-entropy=448.987213
2023-11-08 14:25:29,643 [INFO]  Epoch[1] Validation-pressure_var6-accuracy=0.000000
2023-11-08 14:25:29,649 [INFO]  Epoch[2] Batch [0-4]	Speed: 15469.11 samples/sec	cross-entropy=9.468428	pressure_var6-accuracy=3.600000
2023-11-08 14:25:29,651 [INFO]  Epoch[2] Train-cross-entropy=8.124104
2023-11-08 14:25:29,651 [INFO]  Epoch[2] Train-pressure_var6-accuracy=3.500000
2023-11-08 14:25:29,651 [INFO]  Epoch[2] Time cost=0.008
2023-11-08 14:25:29,653 [INFO]  Saved checkpoint to "./imputer_model/imputer_model_pressure_var6/model-0002.params"
2023-11-08 14:25:29,653 [INFO]  Epoch[2] Validation-cross-entropy=118.341118
2023-11-08 14:25:29,653 [INFO]  Epoch[2] Validation-pressure_var6-accuracy=0.000000
2023-11-08 14:25:29,657 [INFO]  Epoch[3] Batch [0-4]	Speed: 21035.61 samples/sec	cross-entropy=11.248218	pressure_var6-accuracy=3.600000
2023-11-08 14:25:29,660 [INFO]  Epoch[3] Train-cross-entropy=8.140639
2023-11-08 14:25:29,660 [INFO]  Epoch[3] Train-pressure_var6-accuracy=3.500000
2023-11-08 14:25:29,660 [INFO]  Epoch[3] Time cost=0.006
2023-11-08 14:25:29,661 [INFO]  Saved checkpoint to "./imputer_model/imputer_model_pressure_var6/model-0003.params"
2023-11-08 14:25:29,661 [INFO]  Epoch[3] Validation-cross-entropy=112.962204
2023-11-08 14:25:29,661 [INFO]  Epoch[3] Validation-pressure_var6-accuracy=0.000000
2023-11-08 14:25:29,666 [INFO]  Epoch[4] Batch [0-4]	Speed: 19593.83 samples/sec	cross-entropy=3.802699	pressure_var6-accuracy=3.600000
2023-11-08 14:25:29,668 [INFO]  Epoch[4] Train-cross-entropy=3.119124
2023-11-08 14:25:29,668 [INFO]  Epoch[4] Train-pressure_var6-accuracy=3.500000
2023-11-08 14:25:29,668 [INFO]  Epoch[4] Time cost=0.007
2023-11-08 14:25:29,669 [INFO]  Saved checkpoint to "./imputer_model/imputer_model_pressure_var6/model-0004.params"
2023-11-08 14:25:29,670 [INFO]  Epoch[4] Validation-cross-entropy=150.530167
2023-11-08 14:25:29,670 [INFO]  Epoch[4] Validation-pressure_var6-accuracy=0.000000
2023-11-08 14:25:29,670 [INFO]  
========== done (0.06079411506652832 s) fit model
2023-11-08 14:39:25,618 [INFO]  
========== start: fit model
2023-11-08 14:39:25,618 [WARNING]  Already bound, ignoring bind()
2023-11-08 14:39:25,625 [INFO]  Epoch[0] Batch [0-4]	Speed: 14184.92 samples/sec	cross-entropy=23.695993	pressure_var6-accuracy=0.000000
2023-11-08 14:39:25,629 [INFO]  Epoch[0] Train-cross-entropy=22.698908
2023-11-08 14:39:25,629 [INFO]  Epoch[0] Train-pressure_var6-accuracy=0.000000
2023-11-08 14:39:25,629 [INFO]  Epoch[0] Time cost=0.010
2023-11-08 14:39:25,632 [INFO]  Saved checkpoint to "./imputer_model/imputer_model_pressure_var6/model-0000.params"
2023-11-08 14:39:25,632 [INFO]  Epoch[0] Validation-cross-entropy=18.131466
2023-11-08 14:39:25,632 [INFO]  Epoch[0] Validation-pressure_var6-accuracy=0.000000
2023-11-08 14:39:25,639 [INFO]  Epoch[1] Batch [0-4]	Speed: 12025.06 samples/sec	cross-entropy=34.597316	pressure_var6-accuracy=0.000000
2023-11-08 14:39:25,643 [INFO]  Epoch[1] Train-cross-entropy=27.005599
2023-11-08 14:39:25,643 [INFO]  Epoch[1] Train-pressure_var6-accuracy=0.000000
2023-11-08 14:39:25,643 [INFO]  Epoch[1] Time cost=0.011
2023-11-08 14:39:25,646 [INFO]  Saved checkpoint to "./imputer_model/imputer_model_pressure_var6/model-0001.params"
2023-11-08 14:39:25,646 [INFO]  Epoch[1] Validation-cross-entropy=9.320318
2023-11-08 14:39:25,646 [INFO]  Epoch[1] Validation-pressure_var6-accuracy=0.000000
2023-11-08 14:39:25,653 [INFO]  Epoch[2] Batch [0-4]	Speed: 13124.50 samples/sec	cross-entropy=3.111464	pressure_var6-accuracy=0.000000
2023-11-08 14:39:25,656 [INFO]  Epoch[2] Train-cross-entropy=3.355491
2023-11-08 14:39:25,656 [INFO]  Epoch[2] Train-pressure_var6-accuracy=0.000000
2023-11-08 14:39:25,656 [INFO]  Epoch[2] Time cost=0.010
2023-11-08 14:39:25,658 [INFO]  Saved checkpoint to "./imputer_model/imputer_model_pressure_var6/model-0002.params"
2023-11-08 14:39:25,659 [INFO]  Epoch[2] Validation-cross-entropy=11.523579
2023-11-08 14:39:25,659 [INFO]  Epoch[2] Validation-pressure_var6-accuracy=0.000000
2023-11-08 14:39:25,665 [INFO]  Epoch[3] Batch [0-4]	Speed: 14024.84 samples/sec	cross-entropy=2.752837	pressure_var6-accuracy=0.000000
2023-11-08 14:39:25,668 [INFO]  Epoch[3] Train-cross-entropy=2.138866
2023-11-08 14:39:25,668 [INFO]  Epoch[3] Train-pressure_var6-accuracy=0.000000
2023-11-08 14:39:25,668 [INFO]  Epoch[3] Time cost=0.009
2023-11-08 14:39:25,670 [INFO]  Saved checkpoint to "./imputer_model/imputer_model_pressure_var6/model-0003.params"
2023-11-08 14:39:25,670 [INFO]  Epoch[3] Validation-cross-entropy=14.726093
2023-11-08 14:39:25,670 [INFO]  Epoch[3] Validation-pressure_var6-accuracy=0.000000
2023-11-08 14:39:25,676 [INFO]  Epoch[4] Batch [0-4]	Speed: 14445.99 samples/sec	cross-entropy=1.247133	pressure_var6-accuracy=0.000000
2023-11-08 14:39:25,679 [INFO]  Epoch[4] Train-cross-entropy=1.006830
2023-11-08 14:39:25,680 [INFO]  Epoch[4] Train-pressure_var6-accuracy=0.000000
2023-11-08 14:39:25,680 [INFO]  Epoch[4] Time cost=0.009
2023-11-08 14:39:25,681 [INFO]  Saved checkpoint to "./imputer_model/imputer_model_pressure_var6/model-0004.params"
2023-11-08 14:39:25,682 [INFO]  Epoch[4] Validation-cross-entropy=12.153588
2023-11-08 14:39:25,682 [INFO]  Epoch[4] Validation-pressure_var6-accuracy=0.000000
2023-11-08 14:39:25,682 [INFO]  
========== done (0.06342220306396484 s) fit model
2023-11-08 14:53:29,810 [INFO]  
========== start: fit model
2023-11-08 14:53:29,810 [WARNING]  Already bound, ignoring bind()
2023-11-08 14:53:29,818 [INFO]  Epoch[0] Batch [0-4]	Speed: 11522.32 samples/sec	cross-entropy=24.208771	pressure_var6-accuracy=3.400000
2023-11-08 14:53:29,823 [INFO]  Epoch[0] Train-cross-entropy=25.114648
2023-11-08 14:53:29,823 [INFO]  Epoch[0] Train-pressure_var6-accuracy=3.125000
2023-11-08 14:53:29,823 [INFO]  Epoch[0] Time cost=0.013
2023-11-08 14:53:29,827 [INFO]  Saved checkpoint to "./imputer_model/imputer_model_pressure_var6/model-0000.params"
2023-11-08 14:53:29,828 [INFO]  Epoch[0] Validation-cross-entropy=36.277134
2023-11-08 14:53:29,828 [INFO]  Epoch[0] Validation-pressure_var6-accuracy=0.000000
2023-11-08 14:53:29,835 [INFO]  Epoch[1] Batch [0-4]	Speed: 12173.94 samples/sec	cross-entropy=31.082493	pressure_var6-accuracy=3.400000
2023-11-08 14:53:29,838 [INFO]  Epoch[1] Train-cross-entropy=31.025947
2023-11-08 14:53:29,839 [INFO]  Epoch[1] Train-pressure_var6-accuracy=3.125000
2023-11-08 14:53:29,839 [INFO]  Epoch[1] Time cost=0.011
2023-11-08 14:53:29,841 [INFO]  Saved checkpoint to "./imputer_model/imputer_model_pressure_var6/model-0001.params"
2023-11-08 14:53:29,842 [INFO]  Epoch[1] Validation-cross-entropy=30.693184
2023-11-08 14:53:29,842 [INFO]  Epoch[1] Validation-pressure_var6-accuracy=0.000000
2023-11-08 14:53:29,847 [INFO]  Epoch[2] Batch [0-4]	Speed: 17451.27 samples/sec	cross-entropy=6.416055	pressure_var6-accuracy=3.400000
2023-11-08 14:53:29,849 [INFO]  Epoch[2] Train-cross-entropy=6.292409
2023-11-08 14:53:29,849 [INFO]  Epoch[2] Train-pressure_var6-accuracy=3.125000
2023-11-08 14:53:29,850 [INFO]  Epoch[2] Time cost=0.008
2023-11-08 14:53:29,851 [INFO]  Saved checkpoint to "./imputer_model/imputer_model_pressure_var6/model-0002.params"
2023-11-08 14:53:29,852 [INFO]  Epoch[2] Validation-cross-entropy=21.647423
2023-11-08 14:53:29,852 [INFO]  Epoch[2] Validation-pressure_var6-accuracy=0.000000
2023-11-08 14:53:29,860 [INFO]  Epoch[3] Batch [0-4]	Speed: 9249.70 samples/sec	cross-entropy=9.156577	pressure_var6-accuracy=3.400000
2023-11-08 14:53:29,863 [INFO]  Epoch[3] Train-cross-entropy=6.420535
2023-11-08 14:53:29,863 [INFO]  Epoch[3] Train-pressure_var6-accuracy=3.125000
2023-11-08 14:53:29,863 [INFO]  Epoch[3] Time cost=0.011
2023-11-08 14:53:29,864 [INFO]  Saved checkpoint to "./imputer_model/imputer_model_pressure_var6/model-0003.params"
2023-11-08 14:53:29,865 [INFO]  Epoch[3] Validation-cross-entropy=13.428427
2023-11-08 14:53:29,865 [INFO]  Epoch[3] Validation-pressure_var6-accuracy=0.000000
2023-11-08 14:53:29,871 [INFO]  Epoch[4] Batch [0-4]	Speed: 13627.55 samples/sec	cross-entropy=3.956457	pressure_var6-accuracy=3.400000
2023-11-08 14:53:29,874 [INFO]  Epoch[4] Train-cross-entropy=2.889509
2023-11-08 14:53:29,875 [INFO]  Epoch[4] Train-pressure_var6-accuracy=3.125000
2023-11-08 14:53:29,875 [INFO]  Epoch[4] Time cost=0.010
2023-11-08 14:53:29,876 [INFO]  Saved checkpoint to "./imputer_model/imputer_model_pressure_var6/model-0004.params"
2023-11-08 14:53:29,877 [INFO]  Epoch[4] Validation-cross-entropy=14.285109
2023-11-08 14:53:29,877 [INFO]  Epoch[4] Validation-pressure_var6-accuracy=0.000000
2023-11-08 14:53:29,877 [INFO]  
========== done (0.06711244583129883 s) fit model
