2023-11-08 12:33:05,064 [INFO]  
========== start: fit model
2023-11-08 12:33:05,064 [WARNING]  Already bound, ignoring bind()
2023-11-08 12:33:05,071 [INFO]  Epoch[0] Batch [0-4]	Speed: 14276.96 samples/sec	cross-entropy=20.541298	mean_speed_in_air3-accuracy=4.200000
2023-11-08 12:33:05,075 [INFO]  Epoch[0] Train-cross-entropy=17.640708
2023-11-08 12:33:05,075 [INFO]  Epoch[0] Train-mean_speed_in_air3-accuracy=4.000000
2023-11-08 12:33:05,075 [INFO]  Epoch[0] Time cost=0.010
2023-11-08 12:33:05,076 [INFO]  Saved checkpoint to "./imputer_model/imputer_model_mean_speed_in_air3/model-0000.params"
2023-11-08 12:33:05,077 [INFO]  Epoch[0] Validation-cross-entropy=36.772873
2023-11-08 12:33:05,077 [INFO]  Epoch[0] Validation-mean_speed_in_air3-accuracy=0.000000
2023-11-08 12:33:05,082 [INFO]  Epoch[1] Batch [0-4]	Speed: 15092.51 samples/sec	cross-entropy=42.352788	mean_speed_in_air3-accuracy=4.200000
2023-11-08 12:33:05,085 [INFO]  Epoch[1] Train-cross-entropy=30.268454
2023-11-08 12:33:05,085 [INFO]  Epoch[1] Train-mean_speed_in_air3-accuracy=4.000000
2023-11-08 12:33:05,085 [INFO]  Epoch[1] Time cost=0.009
2023-11-08 12:33:05,087 [INFO]  Saved checkpoint to "./imputer_model/imputer_model_mean_speed_in_air3/model-0001.params"
2023-11-08 12:33:05,087 [INFO]  Epoch[1] Validation-cross-entropy=30.979609
2023-11-08 12:33:05,087 [INFO]  Epoch[1] Validation-mean_speed_in_air3-accuracy=0.000000
2023-11-08 12:33:05,092 [INFO]  Epoch[2] Batch [0-4]	Speed: 17425.22 samples/sec	cross-entropy=15.454711	mean_speed_in_air3-accuracy=4.200000
2023-11-08 12:33:05,095 [INFO]  Epoch[2] Train-cross-entropy=10.394542
2023-11-08 12:33:05,095 [INFO]  Epoch[2] Train-mean_speed_in_air3-accuracy=4.000000
2023-11-08 12:33:05,095 [INFO]  Epoch[2] Time cost=0.008
2023-11-08 12:33:05,096 [INFO]  Saved checkpoint to "./imputer_model/imputer_model_mean_speed_in_air3/model-0002.params"
2023-11-08 12:33:05,096 [INFO]  Epoch[2] Validation-cross-entropy=33.012878
2023-11-08 12:33:05,097 [INFO]  Epoch[2] Validation-mean_speed_in_air3-accuracy=0.000000
2023-11-08 12:33:05,101 [INFO]  Epoch[3] Batch [0-4]	Speed: 17478.54 samples/sec	cross-entropy=7.652727	mean_speed_in_air3-accuracy=4.200000
2023-11-08 12:33:05,104 [INFO]  Epoch[3] Train-cross-entropy=6.935974
2023-11-08 12:33:05,104 [INFO]  Epoch[3] Train-mean_speed_in_air3-accuracy=4.000000
2023-11-08 12:33:05,104 [INFO]  Epoch[3] Time cost=0.008
2023-11-08 12:33:05,105 [INFO]  Saved checkpoint to "./imputer_model/imputer_model_mean_speed_in_air3/model-0003.params"
2023-11-08 12:33:05,106 [INFO]  Epoch[3] Validation-cross-entropy=28.931900
2023-11-08 12:33:05,106 [INFO]  Epoch[3] Validation-mean_speed_in_air3-accuracy=0.000000
2023-11-08 12:33:05,110 [INFO]  Epoch[4] Batch [0-4]	Speed: 17650.94 samples/sec	cross-entropy=5.737675	mean_speed_in_air3-accuracy=4.200000
2023-11-08 12:33:05,113 [INFO]  Epoch[4] Train-cross-entropy=4.964832
2023-11-08 12:33:05,113 [INFO]  Epoch[4] Train-mean_speed_in_air3-accuracy=4.000000
2023-11-08 12:33:05,113 [INFO]  Epoch[4] Time cost=0.007
2023-11-08 12:33:05,114 [INFO]  Saved checkpoint to "./imputer_model/imputer_model_mean_speed_in_air3/model-0004.params"
2023-11-08 12:33:05,115 [INFO]  Epoch[4] Validation-cross-entropy=33.030891
2023-11-08 12:33:05,115 [INFO]  Epoch[4] Validation-mean_speed_in_air3-accuracy=0.000000
2023-11-08 12:33:05,115 [INFO]  
========== done (0.050698041915893555 s) fit model
2023-11-08 13:04:07,771 [INFO]  
========== start: fit model
2023-11-08 13:04:07,772 [WARNING]  Already bound, ignoring bind()
2023-11-08 13:04:07,786 [INFO]  Epoch[0] Batch [0-4]	Speed: 10822.26 samples/sec	cross-entropy=25.803344	mean_speed_in_air3-accuracy=3.400000
2023-11-08 13:04:07,790 [INFO]  Epoch[0] Train-cross-entropy=24.040691
2023-11-08 13:04:07,790 [INFO]  Epoch[0] Train-mean_speed_in_air3-accuracy=3.500000
2023-11-08 13:04:07,790 [INFO]  Epoch[0] Time cost=0.017
2023-11-08 13:04:07,793 [INFO]  Saved checkpoint to "./imputer_model/imputer_model_mean_speed_in_air3/model-0000.params"
2023-11-08 13:04:07,794 [INFO]  Epoch[0] Validation-cross-entropy=16.523508
2023-11-08 13:04:07,794 [INFO]  Epoch[0] Validation-mean_speed_in_air3-accuracy=0.000000
2023-11-08 13:04:07,800 [INFO]  Epoch[1] Batch [0-4]	Speed: 15103.55 samples/sec	cross-entropy=38.444786	mean_speed_in_air3-accuracy=3.400000
2023-11-08 13:04:07,804 [INFO]  Epoch[1] Train-cross-entropy=32.730386
2023-11-08 13:04:07,804 [INFO]  Epoch[1] Train-mean_speed_in_air3-accuracy=3.500000
2023-11-08 13:04:07,804 [INFO]  Epoch[1] Time cost=0.009
2023-11-08 13:04:07,806 [INFO]  Saved checkpoint to "./imputer_model/imputer_model_mean_speed_in_air3/model-0001.params"
2023-11-08 13:04:07,806 [INFO]  Epoch[1] Validation-cross-entropy=11.948122
2023-11-08 13:04:07,806 [INFO]  Epoch[1] Validation-mean_speed_in_air3-accuracy=0.000000
2023-11-08 13:04:07,813 [INFO]  Epoch[2] Batch [0-4]	Speed: 11911.41 samples/sec	cross-entropy=12.886442	mean_speed_in_air3-accuracy=3.400000
2023-11-08 13:04:07,817 [INFO]  Epoch[2] Train-cross-entropy=10.382846
2023-11-08 13:04:07,817 [INFO]  Epoch[2] Train-mean_speed_in_air3-accuracy=3.500000
2023-11-08 13:04:07,817 [INFO]  Epoch[2] Time cost=0.011
2023-11-08 13:04:07,819 [INFO]  Saved checkpoint to "./imputer_model/imputer_model_mean_speed_in_air3/model-0002.params"
2023-11-08 13:04:07,820 [INFO]  Epoch[2] Validation-cross-entropy=17.503336
2023-11-08 13:04:07,820 [INFO]  Epoch[2] Validation-mean_speed_in_air3-accuracy=0.000000
2023-11-08 13:04:07,826 [INFO]  Epoch[3] Batch [0-4]	Speed: 12837.66 samples/sec	cross-entropy=7.941735	mean_speed_in_air3-accuracy=3.400000
2023-11-08 13:04:07,830 [INFO]  Epoch[3] Train-cross-entropy=6.080688
2023-11-08 13:04:07,830 [INFO]  Epoch[3] Train-mean_speed_in_air3-accuracy=3.500000
2023-11-08 13:04:07,830 [INFO]  Epoch[3] Time cost=0.010
2023-11-08 13:04:07,832 [INFO]  Saved checkpoint to "./imputer_model/imputer_model_mean_speed_in_air3/model-0003.params"
2023-11-08 13:04:07,832 [INFO]  Epoch[3] Validation-cross-entropy=13.376686
2023-11-08 13:04:07,832 [INFO]  Epoch[3] Validation-mean_speed_in_air3-accuracy=0.000000
2023-11-08 13:04:07,838 [INFO]  Epoch[4] Batch [0-4]	Speed: 13658.06 samples/sec	cross-entropy=1.561057	mean_speed_in_air3-accuracy=3.400000
2023-11-08 13:04:07,842 [INFO]  Epoch[4] Train-cross-entropy=1.366262
2023-11-08 13:04:07,842 [INFO]  Epoch[4] Train-mean_speed_in_air3-accuracy=3.500000
2023-11-08 13:04:07,842 [INFO]  Epoch[4] Time cost=0.009
2023-11-08 13:04:07,843 [INFO]  Saved checkpoint to "./imputer_model/imputer_model_mean_speed_in_air3/model-0004.params"
2023-11-08 13:04:07,844 [INFO]  Epoch[4] Validation-cross-entropy=10.795254
2023-11-08 13:04:07,844 [INFO]  Epoch[4] Validation-mean_speed_in_air3-accuracy=0.000000
2023-11-08 13:04:07,844 [INFO]  
========== done (0.07281136512756348 s) fit model
2023-11-08 13:17:35,392 [INFO]  
========== start: fit model
2023-11-08 13:17:35,392 [WARNING]  Already bound, ignoring bind()
2023-11-08 13:17:35,399 [INFO]  Epoch[0] Batch [0-4]	Speed: 14152.76 samples/sec	cross-entropy=20.901433	mean_speed_in_air3-accuracy=4.000000
2023-11-08 13:17:35,404 [INFO]  Epoch[0] Train-cross-entropy=22.869682
2023-11-08 13:17:35,404 [INFO]  Epoch[0] Train-mean_speed_in_air3-accuracy=3.750000
2023-11-08 13:17:35,404 [INFO]  Epoch[0] Time cost=0.012
2023-11-08 13:17:35,407 [INFO]  Saved checkpoint to "./imputer_model/imputer_model_mean_speed_in_air3/model-0000.params"
2023-11-08 13:17:35,408 [INFO]  Epoch[0] Validation-cross-entropy=17.177616
2023-11-08 13:17:35,409 [INFO]  Epoch[0] Validation-mean_speed_in_air3-accuracy=0.000000
2023-11-08 13:17:35,417 [INFO]  Epoch[1] Batch [0-4]	Speed: 10280.94 samples/sec	cross-entropy=23.312830	mean_speed_in_air3-accuracy=4.000000
2023-11-08 13:17:35,421 [INFO]  Epoch[1] Train-cross-entropy=20.093197
2023-11-08 13:17:35,421 [INFO]  Epoch[1] Train-mean_speed_in_air3-accuracy=3.750000
2023-11-08 13:17:35,421 [INFO]  Epoch[1] Time cost=0.012
2023-11-08 13:17:35,423 [INFO]  Saved checkpoint to "./imputer_model/imputer_model_mean_speed_in_air3/model-0001.params"
2023-11-08 13:17:35,424 [INFO]  Epoch[1] Validation-cross-entropy=20.437740
2023-11-08 13:17:35,424 [INFO]  Epoch[1] Validation-mean_speed_in_air3-accuracy=0.000000
2023-11-08 13:17:35,431 [INFO]  Epoch[2] Batch [0-4]	Speed: 13635.86 samples/sec	cross-entropy=7.067864	mean_speed_in_air3-accuracy=4.000000
2023-11-08 13:17:35,434 [INFO]  Epoch[2] Train-cross-entropy=5.850350
2023-11-08 13:17:35,434 [INFO]  Epoch[2] Train-mean_speed_in_air3-accuracy=3.750000
2023-11-08 13:17:35,434 [INFO]  Epoch[2] Time cost=0.010
2023-11-08 13:17:35,436 [INFO]  Saved checkpoint to "./imputer_model/imputer_model_mean_speed_in_air3/model-0002.params"
2023-11-08 13:17:35,437 [INFO]  Epoch[2] Validation-cross-entropy=14.646556
2023-11-08 13:17:35,437 [INFO]  Epoch[2] Validation-mean_speed_in_air3-accuracy=0.000000
2023-11-08 13:17:35,443 [INFO]  Epoch[3] Batch [0-4]	Speed: 14116.29 samples/sec	cross-entropy=3.899826	mean_speed_in_air3-accuracy=4.000000
2023-11-08 13:17:35,446 [INFO]  Epoch[3] Train-cross-entropy=3.016146
2023-11-08 13:17:35,446 [INFO]  Epoch[3] Train-mean_speed_in_air3-accuracy=3.750000
2023-11-08 13:17:35,446 [INFO]  Epoch[3] Time cost=0.009
2023-11-08 13:17:35,448 [INFO]  Saved checkpoint to "./imputer_model/imputer_model_mean_speed_in_air3/model-0003.params"
2023-11-08 13:17:35,448 [INFO]  Epoch[3] Validation-cross-entropy=13.176708
2023-11-08 13:17:35,448 [INFO]  Epoch[3] Validation-mean_speed_in_air3-accuracy=0.000000
2023-11-08 13:17:35,454 [INFO]  Epoch[4] Batch [0-4]	Speed: 14278.48 samples/sec	cross-entropy=1.707594	mean_speed_in_air3-accuracy=4.000000
2023-11-08 13:17:35,457 [INFO]  Epoch[4] Train-cross-entropy=1.244307
2023-11-08 13:17:35,457 [INFO]  Epoch[4] Train-mean_speed_in_air3-accuracy=3.750000
2023-11-08 13:17:35,457 [INFO]  Epoch[4] Time cost=0.009
2023-11-08 13:17:35,459 [INFO]  Saved checkpoint to "./imputer_model/imputer_model_mean_speed_in_air3/model-0004.params"
2023-11-08 13:17:35,460 [INFO]  Epoch[4] Validation-cross-entropy=11.234828
2023-11-08 13:17:35,460 [INFO]  Epoch[4] Validation-mean_speed_in_air3-accuracy=0.000000
2023-11-08 13:17:35,460 [INFO]  
========== done (0.0681602954864502 s) fit model
2023-11-08 13:30:56,194 [INFO]  
========== start: fit model
2023-11-08 13:30:56,194 [WARNING]  Already bound, ignoring bind()
2023-11-08 13:30:56,200 [INFO]  Epoch[0] Batch [0-4]	Speed: 14199.93 samples/sec	cross-entropy=21.821317	mean_speed_in_air3-accuracy=3.800000
2023-11-08 13:30:56,204 [INFO]  Epoch[0] Train-cross-entropy=24.528070
2023-11-08 13:30:56,204 [INFO]  Epoch[0] Train-mean_speed_in_air3-accuracy=3.750000
2023-11-08 13:30:56,204 [INFO]  Epoch[0] Time cost=0.010
2023-11-08 13:30:56,205 [INFO]  Saved checkpoint to "./imputer_model/imputer_model_mean_speed_in_air3/model-0000.params"
2023-11-08 13:30:56,206 [INFO]  Epoch[0] Validation-cross-entropy=101.989487
2023-11-08 13:30:56,206 [INFO]  Epoch[0] Validation-mean_speed_in_air3-accuracy=0.000000
2023-11-08 13:30:56,211 [INFO]  Epoch[1] Batch [0-4]	Speed: 15369.91 samples/sec	cross-entropy=40.670338	mean_speed_in_air3-accuracy=3.800000
2023-11-08 13:30:56,214 [INFO]  Epoch[1] Train-cross-entropy=35.504997
2023-11-08 13:30:56,214 [INFO]  Epoch[1] Train-mean_speed_in_air3-accuracy=3.750000
2023-11-08 13:30:56,214 [INFO]  Epoch[1] Time cost=0.009
2023-11-08 13:30:56,216 [INFO]  Saved checkpoint to "./imputer_model/imputer_model_mean_speed_in_air3/model-0001.params"
2023-11-08 13:30:56,216 [INFO]  Epoch[1] Validation-cross-entropy=67.353668
2023-11-08 13:30:56,216 [INFO]  Epoch[1] Validation-mean_speed_in_air3-accuracy=0.000000
2023-11-08 13:30:56,221 [INFO]  Epoch[2] Batch [0-4]	Speed: 16997.12 samples/sec	cross-entropy=6.215158	mean_speed_in_air3-accuracy=3.800000
2023-11-08 13:30:56,224 [INFO]  Epoch[2] Train-cross-entropy=5.810804
2023-11-08 13:30:56,224 [INFO]  Epoch[2] Train-mean_speed_in_air3-accuracy=3.750000
2023-11-08 13:30:56,224 [INFO]  Epoch[2] Time cost=0.008
2023-11-08 13:30:56,225 [INFO]  Saved checkpoint to "./imputer_model/imputer_model_mean_speed_in_air3/model-0002.params"
2023-11-08 13:30:56,226 [INFO]  Epoch[2] Validation-cross-entropy=43.725021
2023-11-08 13:30:56,226 [INFO]  Epoch[2] Validation-mean_speed_in_air3-accuracy=0.000000
2023-11-08 13:30:56,231 [INFO]  Epoch[3] Batch [0-4]	Speed: 17130.53 samples/sec	cross-entropy=2.566018	mean_speed_in_air3-accuracy=3.800000
2023-11-08 13:30:56,233 [INFO]  Epoch[3] Train-cross-entropy=2.635988
2023-11-08 13:30:56,234 [INFO]  Epoch[3] Train-mean_speed_in_air3-accuracy=3.750000
2023-11-08 13:30:56,234 [INFO]  Epoch[3] Time cost=0.008
2023-11-08 13:30:56,235 [INFO]  Saved checkpoint to "./imputer_model/imputer_model_mean_speed_in_air3/model-0003.params"
2023-11-08 13:30:56,235 [INFO]  Epoch[3] Validation-cross-entropy=75.875038
2023-11-08 13:30:56,235 [INFO]  Epoch[3] Validation-mean_speed_in_air3-accuracy=0.000000
2023-11-08 13:30:56,241 [INFO]  Epoch[4] Batch [0-4]	Speed: 17129.44 samples/sec	cross-entropy=2.569708	mean_speed_in_air3-accuracy=3.800000
2023-11-08 13:30:56,244 [INFO]  Epoch[4] Train-cross-entropy=1.943523
2023-11-08 13:30:56,244 [INFO]  Epoch[4] Train-mean_speed_in_air3-accuracy=3.750000
2023-11-08 13:30:56,244 [INFO]  Epoch[4] Time cost=0.009
2023-11-08 13:30:56,246 [INFO]  Saved checkpoint to "./imputer_model/imputer_model_mean_speed_in_air3/model-0004.params"
2023-11-08 13:30:56,246 [INFO]  Epoch[4] Validation-cross-entropy=56.447189
2023-11-08 13:30:56,246 [INFO]  Epoch[4] Validation-mean_speed_in_air3-accuracy=0.000000
2023-11-08 13:30:56,246 [INFO]  
========== done (0.052572011947631836 s) fit model
2023-11-08 13:44:16,092 [INFO]  
========== start: fit model
2023-11-08 13:44:16,092 [WARNING]  Already bound, ignoring bind()
2023-11-08 13:44:16,099 [INFO]  Epoch[0] Batch [0-4]	Speed: 14136.37 samples/sec	cross-entropy=18.529093	mean_speed_in_air3-accuracy=0.000000
2023-11-08 13:44:16,103 [INFO]  Epoch[0] Train-cross-entropy=24.429168
2023-11-08 13:44:16,103 [INFO]  Epoch[0] Train-mean_speed_in_air3-accuracy=0.000000
2023-11-08 13:44:16,103 [INFO]  Epoch[0] Time cost=0.010
2023-11-08 13:44:16,104 [INFO]  Saved checkpoint to "./imputer_model/imputer_model_mean_speed_in_air3/model-0000.params"
2023-11-08 13:44:16,104 [INFO]  Epoch[0] Validation-cross-entropy=23.378075
2023-11-08 13:44:16,104 [INFO]  Epoch[0] Validation-mean_speed_in_air3-accuracy=0.000000
2023-11-08 13:44:16,111 [INFO]  Epoch[1] Batch [0-4]	Speed: 11021.78 samples/sec	cross-entropy=43.436247	mean_speed_in_air3-accuracy=0.000000
2023-11-08 13:44:16,117 [INFO]  Epoch[1] Train-cross-entropy=31.535981
2023-11-08 13:44:16,117 [INFO]  Epoch[1] Train-mean_speed_in_air3-accuracy=0.000000
2023-11-08 13:44:16,117 [INFO]  Epoch[1] Time cost=0.012
2023-11-08 13:44:16,120 [INFO]  Saved checkpoint to "./imputer_model/imputer_model_mean_speed_in_air3/model-0001.params"
2023-11-08 13:44:16,121 [INFO]  Epoch[1] Validation-cross-entropy=14.930318
2023-11-08 13:44:16,121 [INFO]  Epoch[1] Validation-mean_speed_in_air3-accuracy=0.000000
2023-11-08 13:44:16,126 [INFO]  Epoch[2] Batch [0-4]	Speed: 16715.58 samples/sec	cross-entropy=2.989895	mean_speed_in_air3-accuracy=0.000000
2023-11-08 13:44:16,130 [INFO]  Epoch[2] Train-cross-entropy=3.733926
2023-11-08 13:44:16,130 [INFO]  Epoch[2] Train-mean_speed_in_air3-accuracy=0.000000
2023-11-08 13:44:16,130 [INFO]  Epoch[2] Time cost=0.009
2023-11-08 13:44:16,132 [INFO]  Saved checkpoint to "./imputer_model/imputer_model_mean_speed_in_air3/model-0002.params"
2023-11-08 13:44:16,133 [INFO]  Epoch[2] Validation-cross-entropy=16.615660
2023-11-08 13:44:16,133 [INFO]  Epoch[2] Validation-mean_speed_in_air3-accuracy=0.000000
2023-11-08 13:44:16,139 [INFO]  Epoch[3] Batch [0-4]	Speed: 13311.29 samples/sec	cross-entropy=4.033432	mean_speed_in_air3-accuracy=0.000000
2023-11-08 13:44:16,142 [INFO]  Epoch[3] Train-cross-entropy=3.259264
2023-11-08 13:44:16,142 [INFO]  Epoch[3] Train-mean_speed_in_air3-accuracy=0.000000
2023-11-08 13:44:16,142 [INFO]  Epoch[3] Time cost=0.010
2023-11-08 13:44:16,144 [INFO]  Saved checkpoint to "./imputer_model/imputer_model_mean_speed_in_air3/model-0003.params"
2023-11-08 13:44:16,144 [INFO]  Epoch[3] Validation-cross-entropy=17.330099
2023-11-08 13:44:16,145 [INFO]  Epoch[3] Validation-mean_speed_in_air3-accuracy=0.000000
2023-11-08 13:44:16,150 [INFO]  Epoch[4] Batch [0-4]	Speed: 14194.67 samples/sec	cross-entropy=1.750351	mean_speed_in_air3-accuracy=0.000000
2023-11-08 13:44:16,154 [INFO]  Epoch[4] Train-cross-entropy=1.321796
2023-11-08 13:44:16,154 [INFO]  Epoch[4] Train-mean_speed_in_air3-accuracy=0.000000
2023-11-08 13:44:16,154 [INFO]  Epoch[4] Time cost=0.009
2023-11-08 13:44:16,155 [INFO]  Saved checkpoint to "./imputer_model/imputer_model_mean_speed_in_air3/model-0004.params"
2023-11-08 13:44:16,156 [INFO]  Epoch[4] Validation-cross-entropy=15.621289
2023-11-08 13:44:16,156 [INFO]  Epoch[4] Validation-mean_speed_in_air3-accuracy=0.000000
2023-11-08 13:44:16,156 [INFO]  
========== done (0.06371450424194336 s) fit model
2023-11-08 13:57:37,798 [INFO]  
========== start: fit model
2023-11-08 13:57:37,798 [WARNING]  Already bound, ignoring bind()
2023-11-08 13:57:37,806 [INFO]  Epoch[0] Batch [0-4]	Speed: 11445.68 samples/sec	cross-entropy=22.298649	mean_speed_in_air3-accuracy=0.000000
2023-11-08 13:57:37,811 [INFO]  Epoch[0] Train-cross-entropy=19.127286
2023-11-08 13:57:37,811 [INFO]  Epoch[0] Train-mean_speed_in_air3-accuracy=0.000000
2023-11-08 13:57:37,811 [INFO]  Epoch[0] Time cost=0.013
2023-11-08 13:57:37,814 [INFO]  Saved checkpoint to "./imputer_model/imputer_model_mean_speed_in_air3/model-0000.params"
2023-11-08 13:57:37,815 [INFO]  Epoch[0] Validation-cross-entropy=39.051006
2023-11-08 13:57:37,815 [INFO]  Epoch[0] Validation-mean_speed_in_air3-accuracy=0.000000
2023-11-08 13:57:37,822 [INFO]  Epoch[1] Batch [0-4]	Speed: 12550.16 samples/sec	cross-entropy=44.929045	mean_speed_in_air3-accuracy=0.000000
2023-11-08 13:57:37,826 [INFO]  Epoch[1] Train-cross-entropy=38.000534
2023-11-08 13:57:37,826 [INFO]  Epoch[1] Train-mean_speed_in_air3-accuracy=0.000000
2023-11-08 13:57:37,826 [INFO]  Epoch[1] Time cost=0.011
2023-11-08 13:57:37,828 [INFO]  Saved checkpoint to "./imputer_model/imputer_model_mean_speed_in_air3/model-0001.params"
2023-11-08 13:57:37,828 [INFO]  Epoch[1] Validation-cross-entropy=95.644623
2023-11-08 13:57:37,828 [INFO]  Epoch[1] Validation-mean_speed_in_air3-accuracy=0.000000
2023-11-08 13:57:37,834 [INFO]  Epoch[2] Batch [0-4]	Speed: 13903.53 samples/sec	cross-entropy=8.913007	mean_speed_in_air3-accuracy=0.000000
2023-11-08 13:57:37,838 [INFO]  Epoch[2] Train-cross-entropy=12.847595
2023-11-08 13:57:37,838 [INFO]  Epoch[2] Train-mean_speed_in_air3-accuracy=0.000000
2023-11-08 13:57:37,838 [INFO]  Epoch[2] Time cost=0.009
2023-11-08 13:57:37,839 [INFO]  Saved checkpoint to "./imputer_model/imputer_model_mean_speed_in_air3/model-0002.params"
2023-11-08 13:57:37,840 [INFO]  Epoch[2] Validation-cross-entropy=26.987242
2023-11-08 13:57:37,840 [INFO]  Epoch[2] Validation-mean_speed_in_air3-accuracy=0.000000
2023-11-08 13:57:37,846 [INFO]  Epoch[3] Batch [0-4]	Speed: 14499.05 samples/sec	cross-entropy=4.033185	mean_speed_in_air3-accuracy=0.000000
2023-11-08 13:57:37,849 [INFO]  Epoch[3] Train-cross-entropy=3.757029
2023-11-08 13:57:37,849 [INFO]  Epoch[3] Train-mean_speed_in_air3-accuracy=0.000000
2023-11-08 13:57:37,849 [INFO]  Epoch[3] Time cost=0.009
2023-11-08 13:57:37,851 [INFO]  Saved checkpoint to "./imputer_model/imputer_model_mean_speed_in_air3/model-0003.params"
2023-11-08 13:57:37,851 [INFO]  Epoch[3] Validation-cross-entropy=46.060970
2023-11-08 13:57:37,851 [INFO]  Epoch[3] Validation-mean_speed_in_air3-accuracy=0.000000
2023-11-08 13:57:37,857 [INFO]  Epoch[4] Batch [0-4]	Speed: 14859.42 samples/sec	cross-entropy=1.823669	mean_speed_in_air3-accuracy=0.000000
2023-11-08 13:57:37,860 [INFO]  Epoch[4] Train-cross-entropy=1.628038
2023-11-08 13:57:37,860 [INFO]  Epoch[4] Train-mean_speed_in_air3-accuracy=0.000000
2023-11-08 13:57:37,860 [INFO]  Epoch[4] Time cost=0.009
2023-11-08 13:57:37,862 [INFO]  Saved checkpoint to "./imputer_model/imputer_model_mean_speed_in_air3/model-0004.params"
2023-11-08 13:57:37,862 [INFO]  Epoch[4] Validation-cross-entropy=32.159821
2023-11-08 13:57:37,862 [INFO]  Epoch[4] Validation-mean_speed_in_air3-accuracy=0.000000
2023-11-08 13:57:37,862 [INFO]  
========== done (0.06429886817932129 s) fit model
2023-11-08 14:11:02,345 [INFO]  
========== start: fit model
2023-11-08 14:11:02,345 [WARNING]  Already bound, ignoring bind()
2023-11-08 14:11:02,352 [INFO]  Epoch[0] Batch [0-4]	Speed: 14052.74 samples/sec	cross-entropy=14.042582	mean_speed_in_air3-accuracy=0.000000
2023-11-08 14:11:02,355 [INFO]  Epoch[0] Train-cross-entropy=17.557107
2023-11-08 14:11:02,355 [INFO]  Epoch[0] Train-mean_speed_in_air3-accuracy=0.000000
2023-11-08 14:11:02,355 [INFO]  Epoch[0] Time cost=0.010
2023-11-08 14:11:02,356 [INFO]  Saved checkpoint to "./imputer_model/imputer_model_mean_speed_in_air3/model-0000.params"
2023-11-08 14:11:02,357 [INFO]  Epoch[0] Validation-cross-entropy=18.526979
2023-11-08 14:11:02,357 [INFO]  Epoch[0] Validation-mean_speed_in_air3-accuracy=0.000000
2023-11-08 14:11:02,362 [INFO]  Epoch[1] Batch [0-4]	Speed: 14515.52 samples/sec	cross-entropy=41.761047	mean_speed_in_air3-accuracy=0.000000
2023-11-08 14:11:02,367 [INFO]  Epoch[1] Train-cross-entropy=33.242227
2023-11-08 14:11:02,367 [INFO]  Epoch[1] Train-mean_speed_in_air3-accuracy=0.000000
2023-11-08 14:11:02,368 [INFO]  Epoch[1] Time cost=0.011
2023-11-08 14:11:02,371 [INFO]  Saved checkpoint to "./imputer_model/imputer_model_mean_speed_in_air3/model-0001.params"
2023-11-08 14:11:02,372 [INFO]  Epoch[1] Validation-cross-entropy=12.334110
2023-11-08 14:11:02,372 [INFO]  Epoch[1] Validation-mean_speed_in_air3-accuracy=0.000000
2023-11-08 14:11:02,378 [INFO]  Epoch[2] Batch [0-4]	Speed: 15068.79 samples/sec	cross-entropy=7.290438	mean_speed_in_air3-accuracy=0.000000
2023-11-08 14:11:02,382 [INFO]  Epoch[2] Train-cross-entropy=7.998252
2023-11-08 14:11:02,382 [INFO]  Epoch[2] Train-mean_speed_in_air3-accuracy=0.000000
2023-11-08 14:11:02,382 [INFO]  Epoch[2] Time cost=0.010
2023-11-08 14:11:02,385 [INFO]  Saved checkpoint to "./imputer_model/imputer_model_mean_speed_in_air3/model-0002.params"
2023-11-08 14:11:02,386 [INFO]  Epoch[2] Validation-cross-entropy=11.373553
2023-11-08 14:11:02,386 [INFO]  Epoch[2] Validation-mean_speed_in_air3-accuracy=0.000000
2023-11-08 14:11:02,393 [INFO]  Epoch[3] Batch [0-4]	Speed: 11858.78 samples/sec	cross-entropy=4.201808	mean_speed_in_air3-accuracy=0.000000
2023-11-08 14:11:02,397 [INFO]  Epoch[3] Train-cross-entropy=3.536512
2023-11-08 14:11:02,397 [INFO]  Epoch[3] Train-mean_speed_in_air3-accuracy=0.000000
2023-11-08 14:11:02,397 [INFO]  Epoch[3] Time cost=0.011
2023-11-08 14:11:02,400 [INFO]  Saved checkpoint to "./imputer_model/imputer_model_mean_speed_in_air3/model-0003.params"
2023-11-08 14:11:02,400 [INFO]  Epoch[3] Validation-cross-entropy=6.225220
2023-11-08 14:11:02,400 [INFO]  Epoch[3] Validation-mean_speed_in_air3-accuracy=0.000000
2023-11-08 14:11:02,406 [INFO]  Epoch[4] Batch [0-4]	Speed: 14678.23 samples/sec	cross-entropy=1.978037	mean_speed_in_air3-accuracy=0.000000
2023-11-08 14:11:02,410 [INFO]  Epoch[4] Train-cross-entropy=1.655771
2023-11-08 14:11:02,410 [INFO]  Epoch[4] Train-mean_speed_in_air3-accuracy=0.000000
2023-11-08 14:11:02,410 [INFO]  Epoch[4] Time cost=0.010
2023-11-08 14:11:02,414 [INFO]  Saved checkpoint to "./imputer_model/imputer_model_mean_speed_in_air3/model-0004.params"
2023-11-08 14:11:02,415 [INFO]  Epoch[4] Validation-cross-entropy=7.152003
2023-11-08 14:11:02,415 [INFO]  Epoch[4] Validation-mean_speed_in_air3-accuracy=0.000000
2023-11-08 14:11:02,415 [INFO]  
========== done (0.07034611701965332 s) fit model
2023-11-08 14:24:34,326 [INFO]  
========== start: fit model
2023-11-08 14:24:34,327 [WARNING]  Already bound, ignoring bind()
2023-11-08 14:24:34,334 [INFO]  Epoch[0] Batch [0-4]	Speed: 14079.27 samples/sec	cross-entropy=20.411390	mean_speed_in_air3-accuracy=3.800000
2023-11-08 14:24:34,337 [INFO]  Epoch[0] Train-cross-entropy=24.347951
2023-11-08 14:24:34,337 [INFO]  Epoch[0] Train-mean_speed_in_air3-accuracy=3.750000
2023-11-08 14:24:34,337 [INFO]  Epoch[0] Time cost=0.010
2023-11-08 14:24:34,338 [INFO]  Saved checkpoint to "./imputer_model/imputer_model_mean_speed_in_air3/model-0000.params"
2023-11-08 14:24:34,339 [INFO]  Epoch[0] Validation-cross-entropy=166.273254
2023-11-08 14:24:34,339 [INFO]  Epoch[0] Validation-mean_speed_in_air3-accuracy=0.000000
2023-11-08 14:24:34,345 [INFO]  Epoch[1] Batch [0-4]	Speed: 14588.09 samples/sec	cross-entropy=31.129548	mean_speed_in_air3-accuracy=3.800000
2023-11-08 14:24:34,348 [INFO]  Epoch[1] Train-cross-entropy=31.212274
2023-11-08 14:24:34,348 [INFO]  Epoch[1] Train-mean_speed_in_air3-accuracy=3.750000
2023-11-08 14:24:34,348 [INFO]  Epoch[1] Time cost=0.009
2023-11-08 14:24:34,349 [INFO]  Saved checkpoint to "./imputer_model/imputer_model_mean_speed_in_air3/model-0001.params"
2023-11-08 14:24:34,350 [INFO]  Epoch[1] Validation-cross-entropy=211.197617
2023-11-08 14:24:34,350 [INFO]  Epoch[1] Validation-mean_speed_in_air3-accuracy=0.000000
2023-11-08 14:24:34,355 [INFO]  Epoch[2] Batch [0-4]	Speed: 15308.55 samples/sec	cross-entropy=7.983105	mean_speed_in_air3-accuracy=3.800000
2023-11-08 14:24:34,358 [INFO]  Epoch[2] Train-cross-entropy=6.095518
2023-11-08 14:24:34,358 [INFO]  Epoch[2] Train-mean_speed_in_air3-accuracy=3.750000
2023-11-08 14:24:34,358 [INFO]  Epoch[2] Time cost=0.009
2023-11-08 14:24:34,359 [INFO]  Saved checkpoint to "./imputer_model/imputer_model_mean_speed_in_air3/model-0002.params"
2023-11-08 14:24:34,360 [INFO]  Epoch[2] Validation-cross-entropy=56.506355
2023-11-08 14:24:34,360 [INFO]  Epoch[2] Validation-mean_speed_in_air3-accuracy=0.000000
2023-11-08 14:24:34,365 [INFO]  Epoch[3] Batch [0-4]	Speed: 15954.56 samples/sec	cross-entropy=2.319913	mean_speed_in_air3-accuracy=3.800000
2023-11-08 14:24:34,368 [INFO]  Epoch[3] Train-cross-entropy=2.773762
2023-11-08 14:24:34,368 [INFO]  Epoch[3] Train-mean_speed_in_air3-accuracy=3.750000
2023-11-08 14:24:34,368 [INFO]  Epoch[3] Time cost=0.008
2023-11-08 14:24:34,369 [INFO]  Saved checkpoint to "./imputer_model/imputer_model_mean_speed_in_air3/model-0003.params"
2023-11-08 14:24:34,370 [INFO]  Epoch[3] Validation-cross-entropy=53.880787
2023-11-08 14:24:34,370 [INFO]  Epoch[3] Validation-mean_speed_in_air3-accuracy=0.000000
2023-11-08 14:24:34,375 [INFO]  Epoch[4] Batch [0-4]	Speed: 16483.60 samples/sec	cross-entropy=1.076834	mean_speed_in_air3-accuracy=3.800000
2023-11-08 14:24:34,379 [INFO]  Epoch[4] Train-cross-entropy=0.948012
2023-11-08 14:24:34,380 [INFO]  Epoch[4] Train-mean_speed_in_air3-accuracy=3.750000
2023-11-08 14:24:34,380 [INFO]  Epoch[4] Time cost=0.010
2023-11-08 14:24:34,384 [INFO]  Saved checkpoint to "./imputer_model/imputer_model_mean_speed_in_air3/model-0004.params"
2023-11-08 14:24:34,385 [INFO]  Epoch[4] Validation-cross-entropy=90.847816
2023-11-08 14:24:34,385 [INFO]  Epoch[4] Validation-mean_speed_in_air3-accuracy=0.000000
2023-11-08 14:24:34,385 [INFO]  
========== done (0.05874824523925781 s) fit model
2023-11-08 14:38:27,344 [INFO]  
========== start: fit model
2023-11-08 14:38:27,344 [WARNING]  Already bound, ignoring bind()
2023-11-08 14:38:27,353 [INFO]  Epoch[0] Batch [0-4]	Speed: 9286.17 samples/sec	cross-entropy=24.680082	mean_speed_in_air3-accuracy=0.000000
2023-11-08 14:38:27,358 [INFO]  Epoch[0] Train-cross-entropy=23.980861
2023-11-08 14:38:27,358 [INFO]  Epoch[0] Train-mean_speed_in_air3-accuracy=0.000000
2023-11-08 14:38:27,358 [INFO]  Epoch[0] Time cost=0.014
2023-11-08 14:38:27,361 [INFO]  Saved checkpoint to "./imputer_model/imputer_model_mean_speed_in_air3/model-0000.params"
2023-11-08 14:38:27,362 [INFO]  Epoch[0] Validation-cross-entropy=23.300276
2023-11-08 14:38:27,362 [INFO]  Epoch[0] Validation-mean_speed_in_air3-accuracy=0.000000
2023-11-08 14:38:27,369 [INFO]  Epoch[1] Batch [0-4]	Speed: 12350.38 samples/sec	cross-entropy=30.954125	mean_speed_in_air3-accuracy=0.000000
2023-11-08 14:38:27,373 [INFO]  Epoch[1] Train-cross-entropy=25.941669
2023-11-08 14:38:27,373 [INFO]  Epoch[1] Train-mean_speed_in_air3-accuracy=0.000000
2023-11-08 14:38:27,373 [INFO]  Epoch[1] Time cost=0.011
2023-11-08 14:38:27,375 [INFO]  Saved checkpoint to "./imputer_model/imputer_model_mean_speed_in_air3/model-0001.params"
2023-11-08 14:38:27,376 [INFO]  Epoch[1] Validation-cross-entropy=31.535229
2023-11-08 14:38:27,376 [INFO]  Epoch[1] Validation-mean_speed_in_air3-accuracy=0.000000
2023-11-08 14:38:27,382 [INFO]  Epoch[2] Batch [0-4]	Speed: 13597.87 samples/sec	cross-entropy=3.182056	mean_speed_in_air3-accuracy=0.000000
2023-11-08 14:38:27,386 [INFO]  Epoch[2] Train-cross-entropy=2.616796
2023-11-08 14:38:27,386 [INFO]  Epoch[2] Train-mean_speed_in_air3-accuracy=0.000000
2023-11-08 14:38:27,386 [INFO]  Epoch[2] Time cost=0.010
2023-11-08 14:38:27,387 [INFO]  Saved checkpoint to "./imputer_model/imputer_model_mean_speed_in_air3/model-0002.params"
2023-11-08 14:38:27,388 [INFO]  Epoch[2] Validation-cross-entropy=16.938118
2023-11-08 14:38:27,388 [INFO]  Epoch[2] Validation-mean_speed_in_air3-accuracy=0.000000
2023-11-08 14:38:27,395 [INFO]  Epoch[3] Batch [0-4]	Speed: 10639.11 samples/sec	cross-entropy=2.382279	mean_speed_in_air3-accuracy=0.000000
2023-11-08 14:38:27,400 [INFO]  Epoch[3] Train-cross-entropy=2.185638
2023-11-08 14:38:27,401 [INFO]  Epoch[3] Train-mean_speed_in_air3-accuracy=0.000000
2023-11-08 14:38:27,401 [INFO]  Epoch[3] Time cost=0.013
2023-11-08 14:38:27,404 [INFO]  Saved checkpoint to "./imputer_model/imputer_model_mean_speed_in_air3/model-0003.params"
2023-11-08 14:38:27,405 [INFO]  Epoch[3] Validation-cross-entropy=18.923653
2023-11-08 14:38:27,405 [INFO]  Epoch[3] Validation-mean_speed_in_air3-accuracy=0.000000
2023-11-08 14:38:27,413 [INFO]  Epoch[4] Batch [0-4]	Speed: 11449.09 samples/sec	cross-entropy=1.186791	mean_speed_in_air3-accuracy=0.000000
2023-11-08 14:38:27,417 [INFO]  Epoch[4] Train-cross-entropy=0.918201
2023-11-08 14:38:27,417 [INFO]  Epoch[4] Train-mean_speed_in_air3-accuracy=0.000000
2023-11-08 14:38:27,417 [INFO]  Epoch[4] Time cost=0.012
2023-11-08 14:38:27,419 [INFO]  Saved checkpoint to "./imputer_model/imputer_model_mean_speed_in_air3/model-0004.params"
2023-11-08 14:38:27,420 [INFO]  Epoch[4] Validation-cross-entropy=19.576775
2023-11-08 14:38:27,420 [INFO]  Epoch[4] Validation-mean_speed_in_air3-accuracy=0.000000
2023-11-08 14:38:27,420 [INFO]  
========== done (0.07612824440002441 s) fit model
2023-11-08 14:52:33,002 [INFO]  
========== start: fit model
2023-11-08 14:52:33,002 [WARNING]  Already bound, ignoring bind()
2023-11-08 14:52:33,009 [INFO]  Epoch[0] Batch [0-4]	Speed: 13735.63 samples/sec	cross-entropy=14.228033	mean_speed_in_air3-accuracy=3.600000
2023-11-08 14:52:33,012 [INFO]  Epoch[0] Train-cross-entropy=17.646707
2023-11-08 14:52:33,013 [INFO]  Epoch[0] Train-mean_speed_in_air3-accuracy=3.875000
2023-11-08 14:52:33,013 [INFO]  Epoch[0] Time cost=0.010
2023-11-08 14:52:33,014 [INFO]  Saved checkpoint to "./imputer_model/imputer_model_mean_speed_in_air3/model-0000.params"
2023-11-08 14:52:33,014 [INFO]  Epoch[0] Validation-cross-entropy=17.143578
2023-11-08 14:52:33,014 [INFO]  Epoch[0] Validation-mean_speed_in_air3-accuracy=0.000000
2023-11-08 14:52:33,023 [INFO]  Epoch[1] Batch [0-4]	Speed: 9698.51 samples/sec	cross-entropy=54.173235	mean_speed_in_air3-accuracy=3.600000
2023-11-08 14:52:33,028 [INFO]  Epoch[1] Train-cross-entropy=41.112978
2023-11-08 14:52:33,029 [INFO]  Epoch[1] Train-mean_speed_in_air3-accuracy=3.875000
2023-11-08 14:52:33,029 [INFO]  Epoch[1] Time cost=0.014
2023-11-08 14:52:33,031 [INFO]  Saved checkpoint to "./imputer_model/imputer_model_mean_speed_in_air3/model-0001.params"
2023-11-08 14:52:33,032 [INFO]  Epoch[1] Validation-cross-entropy=45.472450
2023-11-08 14:52:33,032 [INFO]  Epoch[1] Validation-mean_speed_in_air3-accuracy=0.000000
2023-11-08 14:52:33,039 [INFO]  Epoch[2] Batch [0-4]	Speed: 11901.90 samples/sec	cross-entropy=14.839618	mean_speed_in_air3-accuracy=3.600000
2023-11-08 14:52:33,043 [INFO]  Epoch[2] Train-cross-entropy=11.910344
2023-11-08 14:52:33,043 [INFO]  Epoch[2] Train-mean_speed_in_air3-accuracy=3.875000
2023-11-08 14:52:33,043 [INFO]  Epoch[2] Time cost=0.011
2023-11-08 14:52:33,045 [INFO]  Saved checkpoint to "./imputer_model/imputer_model_mean_speed_in_air3/model-0002.params"
2023-11-08 14:52:33,046 [INFO]  Epoch[2] Validation-cross-entropy=70.371559
2023-11-08 14:52:33,046 [INFO]  Epoch[2] Validation-mean_speed_in_air3-accuracy=0.000000
2023-11-08 14:52:33,052 [INFO]  Epoch[3] Batch [0-4]	Speed: 13266.55 samples/sec	cross-entropy=15.915713	mean_speed_in_air3-accuracy=3.600000
2023-11-08 14:52:33,056 [INFO]  Epoch[3] Train-cross-entropy=11.888720
2023-11-08 14:52:33,056 [INFO]  Epoch[3] Train-mean_speed_in_air3-accuracy=3.875000
2023-11-08 14:52:33,056 [INFO]  Epoch[3] Time cost=0.010
2023-11-08 14:52:33,057 [INFO]  Saved checkpoint to "./imputer_model/imputer_model_mean_speed_in_air3/model-0003.params"
2023-11-08 14:52:33,058 [INFO]  Epoch[3] Validation-cross-entropy=52.200020
2023-11-08 14:52:33,058 [INFO]  Epoch[3] Validation-mean_speed_in_air3-accuracy=0.000000
2023-11-08 14:52:33,064 [INFO]  Epoch[4] Batch [0-4]	Speed: 13912.90 samples/sec	cross-entropy=4.269062	mean_speed_in_air3-accuracy=3.600000
2023-11-08 14:52:33,067 [INFO]  Epoch[4] Train-cross-entropy=3.303252
2023-11-08 14:52:33,067 [INFO]  Epoch[4] Train-mean_speed_in_air3-accuracy=3.875000
2023-11-08 14:52:33,067 [INFO]  Epoch[4] Time cost=0.009
2023-11-08 14:52:33,069 [INFO]  Saved checkpoint to "./imputer_model/imputer_model_mean_speed_in_air3/model-0004.params"
2023-11-08 14:52:33,069 [INFO]  Epoch[4] Validation-cross-entropy=46.190609
2023-11-08 14:52:33,070 [INFO]  Epoch[4] Validation-mean_speed_in_air3-accuracy=0.000000
2023-11-08 14:52:33,070 [INFO]  
========== done (0.06807231903076172 s) fit model
