2023-11-08 12:52:02,006 [INFO]  
========== start: fit model
2023-11-08 12:52:02,012 [WARNING]  Already bound, ignoring bind()
2023-11-08 12:52:02,869 [INFO]  Epoch[0] Batch [0-4]	Speed: 729.21 samples/sec	cross-entropy=14.774789	mean_speed_in_air22-accuracy=0.000000
2023-11-08 12:52:02,877 [INFO]  Epoch[0] Train-cross-entropy=15.104154
2023-11-08 12:52:02,877 [INFO]  Epoch[0] Train-mean_speed_in_air22-accuracy=0.000000
2023-11-08 12:52:02,877 [INFO]  Epoch[0] Time cost=0.864
2023-11-08 12:52:02,881 [INFO]  Saved checkpoint to "./imputer_model/imputer_model_mean_speed_in_air22/model-0000.params"
2023-11-08 12:52:02,952 [INFO]  Epoch[0] Validation-cross-entropy=7.535027
2023-11-08 12:52:02,952 [INFO]  Epoch[0] Validation-mean_speed_in_air22-accuracy=0.000000
2023-11-08 12:52:02,977 [INFO]  Epoch[1] Batch [0-4]	Speed: 2896.53 samples/sec	cross-entropy=51.241364	mean_speed_in_air22-accuracy=0.000000
2023-11-08 12:52:02,991 [INFO]  Epoch[1] Train-cross-entropy=35.404896
2023-11-08 12:52:02,991 [INFO]  Epoch[1] Train-mean_speed_in_air22-accuracy=0.000000
2023-11-08 12:52:02,992 [INFO]  Epoch[1] Time cost=0.039
2023-11-08 12:52:02,995 [INFO]  Saved checkpoint to "./imputer_model/imputer_model_mean_speed_in_air22/model-0001.params"
2023-11-08 12:52:03,010 [INFO]  Epoch[1] Validation-cross-entropy=10.492994
2023-11-08 12:52:03,010 [INFO]  Epoch[1] Validation-mean_speed_in_air22-accuracy=0.000000
2023-11-08 12:52:03,060 [INFO]  Epoch[2] Batch [0-4]	Speed: 1556.86 samples/sec	cross-entropy=6.647120	mean_speed_in_air22-accuracy=0.000000
2023-11-08 12:52:03,077 [INFO]  Epoch[2] Train-cross-entropy=6.138853
2023-11-08 12:52:03,077 [INFO]  Epoch[2] Train-mean_speed_in_air22-accuracy=0.000000
2023-11-08 12:52:03,077 [INFO]  Epoch[2] Time cost=0.067
2023-11-08 12:52:03,080 [INFO]  Saved checkpoint to "./imputer_model/imputer_model_mean_speed_in_air22/model-0002.params"
2023-11-08 12:52:03,097 [INFO]  Epoch[2] Validation-cross-entropy=10.463515
2023-11-08 12:52:03,097 [INFO]  Epoch[2] Validation-mean_speed_in_air22-accuracy=0.000000
2023-11-08 12:52:03,130 [INFO]  Epoch[3] Batch [0-4]	Speed: 2677.82 samples/sec	cross-entropy=3.862577	mean_speed_in_air22-accuracy=0.000000
2023-11-08 12:52:03,162 [INFO]  Epoch[3] Train-cross-entropy=3.211086
2023-11-08 12:52:03,162 [INFO]  Epoch[3] Train-mean_speed_in_air22-accuracy=0.000000
2023-11-08 12:52:03,162 [INFO]  Epoch[3] Time cost=0.065
2023-11-08 12:52:03,164 [INFO]  Saved checkpoint to "./imputer_model/imputer_model_mean_speed_in_air22/model-0003.params"
2023-11-08 12:52:03,169 [INFO]  Epoch[3] Validation-cross-entropy=6.780296
2023-11-08 12:52:03,169 [INFO]  Epoch[3] Validation-mean_speed_in_air22-accuracy=0.000000
2023-11-08 12:52:03,206 [INFO]  Epoch[4] Batch [0-4]	Speed: 3696.24 samples/sec	cross-entropy=1.379812	mean_speed_in_air22-accuracy=0.000000
2023-11-08 12:52:03,222 [INFO]  Epoch[4] Train-cross-entropy=1.130924
2023-11-08 12:52:03,222 [INFO]  Epoch[4] Train-mean_speed_in_air22-accuracy=0.000000
2023-11-08 12:52:03,222 [INFO]  Epoch[4] Time cost=0.053
2023-11-08 12:52:03,224 [INFO]  Saved checkpoint to "./imputer_model/imputer_model_mean_speed_in_air22/model-0004.params"
2023-11-08 12:52:03,228 [INFO]  Epoch[4] Validation-cross-entropy=7.336402
2023-11-08 12:52:03,228 [INFO]  Epoch[4] Validation-mean_speed_in_air22-accuracy=0.000000
2023-11-08 12:52:03,228 [INFO]  
========== done (1.22170090675354 s) fit model
2023-11-08 13:09:28,297 [INFO]  
========== start: fit model
2023-11-08 13:09:28,315 [WARNING]  Already bound, ignoring bind()
2023-11-08 13:09:28,323 [INFO]  Epoch[0] Batch [0-4]	Speed: 13580.67 samples/sec	cross-entropy=17.650743	mean_speed_in_air22-accuracy=0.000000
2023-11-08 13:09:28,327 [INFO]  Epoch[0] Train-cross-entropy=18.764493
2023-11-08 13:09:28,327 [INFO]  Epoch[0] Train-mean_speed_in_air22-accuracy=0.000000
2023-11-08 13:09:28,327 [INFO]  Epoch[0] Time cost=0.010
2023-11-08 13:09:28,328 [INFO]  Saved checkpoint to "./imputer_model/imputer_model_mean_speed_in_air22/model-0000.params"
2023-11-08 13:09:28,329 [INFO]  Epoch[0] Validation-cross-entropy=11.906245
2023-11-08 13:09:28,329 [INFO]  Epoch[0] Validation-mean_speed_in_air22-accuracy=0.000000
2023-11-08 13:09:28,335 [INFO]  Epoch[1] Batch [0-4]	Speed: 13421.77 samples/sec	cross-entropy=37.893126	mean_speed_in_air22-accuracy=0.000000
2023-11-08 13:09:28,339 [INFO]  Epoch[1] Train-cross-entropy=33.334722
2023-11-08 13:09:28,339 [INFO]  Epoch[1] Train-mean_speed_in_air22-accuracy=0.000000
2023-11-08 13:09:28,339 [INFO]  Epoch[1] Time cost=0.010
2023-11-08 13:09:28,340 [INFO]  Saved checkpoint to "./imputer_model/imputer_model_mean_speed_in_air22/model-0001.params"
2023-11-08 13:09:28,341 [INFO]  Epoch[1] Validation-cross-entropy=14.320311
2023-11-08 13:09:28,341 [INFO]  Epoch[1] Validation-mean_speed_in_air22-accuracy=0.000000
2023-11-08 13:09:28,347 [INFO]  Epoch[2] Batch [0-4]	Speed: 14035.84 samples/sec	cross-entropy=13.124325	mean_speed_in_air22-accuracy=0.000000
2023-11-08 13:09:28,351 [INFO]  Epoch[2] Train-cross-entropy=13.270415
2023-11-08 13:09:28,351 [INFO]  Epoch[2] Train-mean_speed_in_air22-accuracy=0.000000
2023-11-08 13:09:28,352 [INFO]  Epoch[2] Time cost=0.011
2023-11-08 13:09:28,355 [INFO]  Saved checkpoint to "./imputer_model/imputer_model_mean_speed_in_air22/model-0002.params"
2023-11-08 13:09:28,356 [INFO]  Epoch[2] Validation-cross-entropy=12.815826
2023-11-08 13:09:28,356 [INFO]  Epoch[2] Validation-mean_speed_in_air22-accuracy=0.000000
2023-11-08 13:09:28,364 [INFO]  Epoch[3] Batch [0-4]	Speed: 10725.41 samples/sec	cross-entropy=7.441961	mean_speed_in_air22-accuracy=0.000000
2023-11-08 13:09:28,367 [INFO]  Epoch[3] Train-cross-entropy=6.416039
2023-11-08 13:09:28,368 [INFO]  Epoch[3] Train-mean_speed_in_air22-accuracy=0.000000
2023-11-08 13:09:28,368 [INFO]  Epoch[3] Time cost=0.012
2023-11-08 13:09:28,395 [INFO]  Saved checkpoint to "./imputer_model/imputer_model_mean_speed_in_air22/model-0003.params"
2023-11-08 13:09:28,396 [INFO]  Epoch[3] Validation-cross-entropy=6.972701
2023-11-08 13:09:28,396 [INFO]  Epoch[3] Validation-mean_speed_in_air22-accuracy=0.000000
2023-11-08 13:09:28,405 [INFO]  Epoch[4] Batch [0-4]	Speed: 9370.46 samples/sec	cross-entropy=3.064351	mean_speed_in_air22-accuracy=0.000000
2023-11-08 13:09:28,409 [INFO]  Epoch[4] Train-cross-entropy=2.741415
2023-11-08 13:09:28,410 [INFO]  Epoch[4] Train-mean_speed_in_air22-accuracy=0.000000
2023-11-08 13:09:28,410 [INFO]  Epoch[4] Time cost=0.013
2023-11-08 13:09:28,412 [INFO]  Saved checkpoint to "./imputer_model/imputer_model_mean_speed_in_air22/model-0004.params"
2023-11-08 13:09:28,413 [INFO]  Epoch[4] Validation-cross-entropy=6.049793
2023-11-08 13:09:28,413 [INFO]  Epoch[4] Validation-mean_speed_in_air22-accuracy=0.000000
2023-11-08 13:09:28,413 [INFO]  
========== done (0.11681509017944336 s) fit model
2023-11-08 13:22:46,332 [INFO]  
========== start: fit model
2023-11-08 13:22:46,332 [WARNING]  Already bound, ignoring bind()
2023-11-08 13:22:46,339 [INFO]  Epoch[0] Batch [0-4]	Speed: 14140.09 samples/sec	cross-entropy=14.544668	mean_speed_in_air22-accuracy=0.000000
2023-11-08 13:22:46,342 [INFO]  Epoch[0] Train-cross-entropy=15.526880
2023-11-08 13:22:46,342 [INFO]  Epoch[0] Train-mean_speed_in_air22-accuracy=0.000000
2023-11-08 13:22:46,342 [INFO]  Epoch[0] Time cost=0.010
2023-11-08 13:22:46,343 [INFO]  Saved checkpoint to "./imputer_model/imputer_model_mean_speed_in_air22/model-0000.params"
2023-11-08 13:22:46,344 [INFO]  Epoch[0] Validation-cross-entropy=8.211905
2023-11-08 13:22:46,344 [INFO]  Epoch[0] Validation-mean_speed_in_air22-accuracy=0.000000
2023-11-08 13:22:46,350 [INFO]  Epoch[1] Batch [0-4]	Speed: 14543.83 samples/sec	cross-entropy=30.822302	mean_speed_in_air22-accuracy=0.000000
2023-11-08 13:22:46,353 [INFO]  Epoch[1] Train-cross-entropy=25.875118
2023-11-08 13:22:46,353 [INFO]  Epoch[1] Train-mean_speed_in_air22-accuracy=0.000000
2023-11-08 13:22:46,353 [INFO]  Epoch[1] Time cost=0.009
2023-11-08 13:22:46,354 [INFO]  Saved checkpoint to "./imputer_model/imputer_model_mean_speed_in_air22/model-0001.params"
2023-11-08 13:22:46,355 [INFO]  Epoch[1] Validation-cross-entropy=11.454210
2023-11-08 13:22:46,355 [INFO]  Epoch[1] Validation-mean_speed_in_air22-accuracy=0.000000
2023-11-08 13:22:46,360 [INFO]  Epoch[2] Batch [0-4]	Speed: 14679.03 samples/sec	cross-entropy=6.697397	mean_speed_in_air22-accuracy=0.000000
2023-11-08 13:22:46,364 [INFO]  Epoch[2] Train-cross-entropy=6.353795
2023-11-08 13:22:46,364 [INFO]  Epoch[2] Train-mean_speed_in_air22-accuracy=0.000000
2023-11-08 13:22:46,364 [INFO]  Epoch[2] Time cost=0.009
2023-11-08 13:22:46,365 [INFO]  Saved checkpoint to "./imputer_model/imputer_model_mean_speed_in_air22/model-0002.params"
2023-11-08 13:22:46,366 [INFO]  Epoch[2] Validation-cross-entropy=10.815629
2023-11-08 13:22:46,366 [INFO]  Epoch[2] Validation-mean_speed_in_air22-accuracy=0.000000
2023-11-08 13:22:46,371 [INFO]  Epoch[3] Batch [0-4]	Speed: 14784.94 samples/sec	cross-entropy=2.335149	mean_speed_in_air22-accuracy=0.000000
2023-11-08 13:22:46,374 [INFO]  Epoch[3] Train-cross-entropy=2.154792
2023-11-08 13:22:46,375 [INFO]  Epoch[3] Train-mean_speed_in_air22-accuracy=0.000000
2023-11-08 13:22:46,375 [INFO]  Epoch[3] Time cost=0.009
2023-11-08 13:22:46,376 [INFO]  Saved checkpoint to "./imputer_model/imputer_model_mean_speed_in_air22/model-0003.params"
2023-11-08 13:22:46,376 [INFO]  Epoch[3] Validation-cross-entropy=6.203475
2023-11-08 13:22:46,376 [INFO]  Epoch[3] Validation-mean_speed_in_air22-accuracy=0.000000
2023-11-08 13:22:46,382 [INFO]  Epoch[4] Batch [0-4]	Speed: 14771.93 samples/sec	cross-entropy=1.419155	mean_speed_in_air22-accuracy=0.000000
2023-11-08 13:22:46,385 [INFO]  Epoch[4] Train-cross-entropy=1.102676
2023-11-08 13:22:46,385 [INFO]  Epoch[4] Train-mean_speed_in_air22-accuracy=0.000000
2023-11-08 13:22:46,385 [INFO]  Epoch[4] Time cost=0.009
2023-11-08 13:22:46,387 [INFO]  Saved checkpoint to "./imputer_model/imputer_model_mean_speed_in_air22/model-0004.params"
2023-11-08 13:22:46,387 [INFO]  Epoch[4] Validation-cross-entropy=5.679387
2023-11-08 13:22:46,387 [INFO]  Epoch[4] Validation-mean_speed_in_air22-accuracy=0.000000
2023-11-08 13:22:46,387 [INFO]  
========== done (0.055650949478149414 s) fit model
2023-11-08 13:36:06,552 [INFO]  
========== start: fit model
2023-11-08 13:36:06,552 [WARNING]  Already bound, ignoring bind()
2023-11-08 13:36:06,559 [INFO]  Epoch[0] Batch [0-4]	Speed: 14184.17 samples/sec	cross-entropy=24.616978	mean_speed_in_air22-accuracy=0.000000
2023-11-08 13:36:06,564 [INFO]  Epoch[0] Train-cross-entropy=22.725125
2023-11-08 13:36:06,564 [INFO]  Epoch[0] Train-mean_speed_in_air22-accuracy=0.000000
2023-11-08 13:36:06,564 [INFO]  Epoch[0] Time cost=0.011
2023-11-08 13:36:06,567 [INFO]  Saved checkpoint to "./imputer_model/imputer_model_mean_speed_in_air22/model-0000.params"
2023-11-08 13:36:06,568 [INFO]  Epoch[0] Validation-cross-entropy=13.984529
2023-11-08 13:36:06,568 [INFO]  Epoch[0] Validation-mean_speed_in_air22-accuracy=0.000000
2023-11-08 13:36:06,575 [INFO]  Epoch[1] Batch [0-4]	Speed: 13614.42 samples/sec	cross-entropy=24.026741	mean_speed_in_air22-accuracy=0.000000
2023-11-08 13:36:06,578 [INFO]  Epoch[1] Train-cross-entropy=19.449783
2023-11-08 13:36:06,578 [INFO]  Epoch[1] Train-mean_speed_in_air22-accuracy=0.000000
2023-11-08 13:36:06,578 [INFO]  Epoch[1] Time cost=0.010
2023-11-08 13:36:06,580 [INFO]  Saved checkpoint to "./imputer_model/imputer_model_mean_speed_in_air22/model-0001.params"
2023-11-08 13:36:06,581 [INFO]  Epoch[1] Validation-cross-entropy=9.865871
2023-11-08 13:36:06,581 [INFO]  Epoch[1] Validation-mean_speed_in_air22-accuracy=0.000000
2023-11-08 13:36:06,586 [INFO]  Epoch[2] Batch [0-4]	Speed: 19077.21 samples/sec	cross-entropy=4.871899	mean_speed_in_air22-accuracy=0.000000
2023-11-08 13:36:06,588 [INFO]  Epoch[2] Train-cross-entropy=4.249680
2023-11-08 13:36:06,588 [INFO]  Epoch[2] Train-mean_speed_in_air22-accuracy=0.000000
2023-11-08 13:36:06,588 [INFO]  Epoch[2] Time cost=0.007
2023-11-08 13:36:06,590 [INFO]  Saved checkpoint to "./imputer_model/imputer_model_mean_speed_in_air22/model-0002.params"
2023-11-08 13:36:06,590 [INFO]  Epoch[2] Validation-cross-entropy=12.387322
2023-11-08 13:36:06,590 [INFO]  Epoch[2] Validation-mean_speed_in_air22-accuracy=0.000000
2023-11-08 13:36:06,595 [INFO]  Epoch[3] Batch [0-4]	Speed: 18249.74 samples/sec	cross-entropy=1.375457	mean_speed_in_air22-accuracy=0.000000
2023-11-08 13:36:06,597 [INFO]  Epoch[3] Train-cross-entropy=1.193874
2023-11-08 13:36:06,597 [INFO]  Epoch[3] Train-mean_speed_in_air22-accuracy=0.000000
2023-11-08 13:36:06,598 [INFO]  Epoch[3] Time cost=0.007
2023-11-08 13:36:06,599 [INFO]  Saved checkpoint to "./imputer_model/imputer_model_mean_speed_in_air22/model-0003.params"
2023-11-08 13:36:06,599 [INFO]  Epoch[3] Validation-cross-entropy=11.691277
2023-11-08 13:36:06,599 [INFO]  Epoch[3] Validation-mean_speed_in_air22-accuracy=0.000000
2023-11-08 13:36:06,604 [INFO]  Epoch[4] Batch [0-4]	Speed: 17944.75 samples/sec	cross-entropy=0.676488	mean_speed_in_air22-accuracy=0.000000
2023-11-08 13:36:06,607 [INFO]  Epoch[4] Train-cross-entropy=0.604928
2023-11-08 13:36:06,607 [INFO]  Epoch[4] Train-mean_speed_in_air22-accuracy=0.000000
2023-11-08 13:36:06,607 [INFO]  Epoch[4] Time cost=0.008
2023-11-08 13:36:06,609 [INFO]  Saved checkpoint to "./imputer_model/imputer_model_mean_speed_in_air22/model-0004.params"
2023-11-08 13:36:06,610 [INFO]  Epoch[4] Validation-cross-entropy=11.916157
2023-11-08 13:36:06,610 [INFO]  Epoch[4] Validation-mean_speed_in_air22-accuracy=0.000000
2023-11-08 13:36:06,610 [INFO]  
========== done (0.05804443359375 s) fit model
2023-11-08 13:49:27,412 [INFO]  
========== start: fit model
2023-11-08 13:49:27,412 [WARNING]  Already bound, ignoring bind()
2023-11-08 13:49:27,419 [INFO]  Epoch[0] Batch [0-4]	Speed: 14303.59 samples/sec	cross-entropy=16.285474	mean_speed_in_air22-accuracy=0.000000
2023-11-08 13:49:27,422 [INFO]  Epoch[0] Train-cross-entropy=15.067832
2023-11-08 13:49:27,422 [INFO]  Epoch[0] Train-mean_speed_in_air22-accuracy=0.000000
2023-11-08 13:49:27,422 [INFO]  Epoch[0] Time cost=0.010
2023-11-08 13:49:27,423 [INFO]  Saved checkpoint to "./imputer_model/imputer_model_mean_speed_in_air22/model-0000.params"
2023-11-08 13:49:27,424 [INFO]  Epoch[0] Validation-cross-entropy=16.925529
2023-11-08 13:49:27,424 [INFO]  Epoch[0] Validation-mean_speed_in_air22-accuracy=0.000000
2023-11-08 13:49:27,430 [INFO]  Epoch[1] Batch [0-4]	Speed: 14419.61 samples/sec	cross-entropy=49.550852	mean_speed_in_air22-accuracy=0.000000
2023-11-08 13:49:27,434 [INFO]  Epoch[1] Train-cross-entropy=39.286389
2023-11-08 13:49:27,434 [INFO]  Epoch[1] Train-mean_speed_in_air22-accuracy=0.000000
2023-11-08 13:49:27,434 [INFO]  Epoch[1] Time cost=0.010
2023-11-08 13:49:27,437 [INFO]  Saved checkpoint to "./imputer_model/imputer_model_mean_speed_in_air22/model-0001.params"
2023-11-08 13:49:27,438 [INFO]  Epoch[1] Validation-cross-entropy=26.884516
2023-11-08 13:49:27,438 [INFO]  Epoch[1] Validation-mean_speed_in_air22-accuracy=0.000000
2023-11-08 13:49:27,446 [INFO]  Epoch[2] Batch [0-4]	Speed: 11485.34 samples/sec	cross-entropy=10.302165	mean_speed_in_air22-accuracy=0.000000
2023-11-08 13:49:27,449 [INFO]  Epoch[2] Train-cross-entropy=8.548338
2023-11-08 13:49:27,449 [INFO]  Epoch[2] Train-mean_speed_in_air22-accuracy=0.000000
2023-11-08 13:49:27,449 [INFO]  Epoch[2] Time cost=0.011
2023-11-08 13:49:27,451 [INFO]  Saved checkpoint to "./imputer_model/imputer_model_mean_speed_in_air22/model-0002.params"
2023-11-08 13:49:27,451 [INFO]  Epoch[2] Validation-cross-entropy=22.361126
2023-11-08 13:49:27,452 [INFO]  Epoch[2] Validation-mean_speed_in_air22-accuracy=0.000000
2023-11-08 13:49:27,457 [INFO]  Epoch[3] Batch [0-4]	Speed: 15799.61 samples/sec	cross-entropy=4.976349	mean_speed_in_air22-accuracy=0.000000
2023-11-08 13:49:27,460 [INFO]  Epoch[3] Train-cross-entropy=4.027261
2023-11-08 13:49:27,460 [INFO]  Epoch[3] Train-mean_speed_in_air22-accuracy=0.000000
2023-11-08 13:49:27,460 [INFO]  Epoch[3] Time cost=0.009
2023-11-08 13:49:27,464 [INFO]  Saved checkpoint to "./imputer_model/imputer_model_mean_speed_in_air22/model-0003.params"
2023-11-08 13:49:27,465 [INFO]  Epoch[3] Validation-cross-entropy=14.653324
2023-11-08 13:49:27,465 [INFO]  Epoch[3] Validation-mean_speed_in_air22-accuracy=0.000000
2023-11-08 13:49:27,473 [INFO]  Epoch[4] Batch [0-4]	Speed: 9922.21 samples/sec	cross-entropy=1.825709	mean_speed_in_air22-accuracy=0.000000
2023-11-08 13:49:27,477 [INFO]  Epoch[4] Train-cross-entropy=1.903980
2023-11-08 13:49:27,477 [INFO]  Epoch[4] Train-mean_speed_in_air22-accuracy=0.000000
2023-11-08 13:49:27,477 [INFO]  Epoch[4] Time cost=0.013
2023-11-08 13:49:27,480 [INFO]  Saved checkpoint to "./imputer_model/imputer_model_mean_speed_in_air22/model-0004.params"
2023-11-08 13:49:27,480 [INFO]  Epoch[4] Validation-cross-entropy=15.727197
2023-11-08 13:49:27,481 [INFO]  Epoch[4] Validation-mean_speed_in_air22-accuracy=0.000000
2023-11-08 13:49:27,481 [INFO]  
========== done (0.06894183158874512 s) fit model
2023-11-08 14:02:50,341 [INFO]  
========== start: fit model
2023-11-08 14:02:50,341 [WARNING]  Already bound, ignoring bind()
2023-11-08 14:02:50,348 [INFO]  Epoch[0] Batch [0-4]	Speed: 14152.02 samples/sec	cross-entropy=20.136164	mean_speed_in_air22-accuracy=2.200000
2023-11-08 14:02:50,351 [INFO]  Epoch[0] Train-cross-entropy=17.602700
2023-11-08 14:02:50,352 [INFO]  Epoch[0] Train-mean_speed_in_air22-accuracy=3.500000
2023-11-08 14:02:50,352 [INFO]  Epoch[0] Time cost=0.010
2023-11-08 14:02:50,353 [INFO]  Saved checkpoint to "./imputer_model/imputer_model_mean_speed_in_air22/model-0000.params"
2023-11-08 14:02:50,353 [INFO]  Epoch[0] Validation-cross-entropy=22.573877
2023-11-08 14:02:50,353 [INFO]  Epoch[0] Validation-mean_speed_in_air22-accuracy=0.000000
2023-11-08 14:02:50,361 [INFO]  Epoch[1] Batch [0-4]	Speed: 10132.32 samples/sec	cross-entropy=51.584020	mean_speed_in_air22-accuracy=2.200000
2023-11-08 14:02:50,366 [INFO]  Epoch[1] Train-cross-entropy=39.182716
2023-11-08 14:02:50,366 [INFO]  Epoch[1] Train-mean_speed_in_air22-accuracy=3.500000
2023-11-08 14:02:50,366 [INFO]  Epoch[1] Time cost=0.013
2023-11-08 14:02:50,369 [INFO]  Saved checkpoint to "./imputer_model/imputer_model_mean_speed_in_air22/model-0001.params"
2023-11-08 14:02:50,370 [INFO]  Epoch[1] Validation-cross-entropy=29.252499
2023-11-08 14:02:50,370 [INFO]  Epoch[1] Validation-mean_speed_in_air22-accuracy=0.000000
2023-11-08 14:02:50,377 [INFO]  Epoch[2] Batch [0-4]	Speed: 11992.29 samples/sec	cross-entropy=16.965522	mean_speed_in_air22-accuracy=2.200000
2023-11-08 14:02:50,380 [INFO]  Epoch[2] Train-cross-entropy=17.660211
2023-11-08 14:02:50,381 [INFO]  Epoch[2] Train-mean_speed_in_air22-accuracy=3.500000
2023-11-08 14:02:50,381 [INFO]  Epoch[2] Time cost=0.011
2023-11-08 14:02:50,382 [INFO]  Saved checkpoint to "./imputer_model/imputer_model_mean_speed_in_air22/model-0002.params"
2023-11-08 14:02:50,383 [INFO]  Epoch[2] Validation-cross-entropy=21.659014
2023-11-08 14:02:50,383 [INFO]  Epoch[2] Validation-mean_speed_in_air22-accuracy=0.000000
2023-11-08 14:02:50,389 [INFO]  Epoch[3] Batch [0-4]	Speed: 13880.52 samples/sec	cross-entropy=3.690601	mean_speed_in_air22-accuracy=2.200000
2023-11-08 14:02:50,393 [INFO]  Epoch[3] Train-cross-entropy=4.383164
2023-11-08 14:02:50,393 [INFO]  Epoch[3] Train-mean_speed_in_air22-accuracy=3.500000
2023-11-08 14:02:50,393 [INFO]  Epoch[3] Time cost=0.010
2023-11-08 14:02:50,394 [INFO]  Saved checkpoint to "./imputer_model/imputer_model_mean_speed_in_air22/model-0003.params"
2023-11-08 14:02:50,395 [INFO]  Epoch[3] Validation-cross-entropy=21.259834
2023-11-08 14:02:50,395 [INFO]  Epoch[3] Validation-mean_speed_in_air22-accuracy=0.000000
2023-11-08 14:02:50,401 [INFO]  Epoch[4] Batch [0-4]	Speed: 14374.05 samples/sec	cross-entropy=4.114980	mean_speed_in_air22-accuracy=2.200000
2023-11-08 14:02:50,404 [INFO]  Epoch[4] Train-cross-entropy=2.819628
2023-11-08 14:02:50,404 [INFO]  Epoch[4] Train-mean_speed_in_air22-accuracy=3.500000
2023-11-08 14:02:50,404 [INFO]  Epoch[4] Time cost=0.009
2023-11-08 14:02:50,406 [INFO]  Saved checkpoint to "./imputer_model/imputer_model_mean_speed_in_air22/model-0004.params"
2023-11-08 14:02:50,406 [INFO]  Epoch[4] Validation-cross-entropy=15.382982
2023-11-08 14:02:50,406 [INFO]  Epoch[4] Validation-mean_speed_in_air22-accuracy=0.000000
2023-11-08 14:02:50,406 [INFO]  
========== done (0.06518077850341797 s) fit model
2023-11-08 14:16:16,662 [INFO]  
========== start: fit model
2023-11-08 14:16:16,662 [WARNING]  Already bound, ignoring bind()
2023-11-08 14:16:16,669 [INFO]  Epoch[0] Batch [0-4]	Speed: 14067.47 samples/sec	cross-entropy=16.115443	mean_speed_in_air22-accuracy=0.000000
2023-11-08 14:16:16,672 [INFO]  Epoch[0] Train-cross-entropy=16.247141
2023-11-08 14:16:16,673 [INFO]  Epoch[0] Train-mean_speed_in_air22-accuracy=0.000000
2023-11-08 14:16:16,673 [INFO]  Epoch[0] Time cost=0.010
2023-11-08 14:16:16,674 [INFO]  Saved checkpoint to "./imputer_model/imputer_model_mean_speed_in_air22/model-0000.params"
2023-11-08 14:16:16,674 [INFO]  Epoch[0] Validation-cross-entropy=46.616135
2023-11-08 14:16:16,674 [INFO]  Epoch[0] Validation-mean_speed_in_air22-accuracy=0.000000
2023-11-08 14:16:16,680 [INFO]  Epoch[1] Batch [0-4]	Speed: 12827.84 samples/sec	cross-entropy=63.840166	mean_speed_in_air22-accuracy=0.000000
2023-11-08 14:16:16,685 [INFO]  Epoch[1] Train-cross-entropy=58.925193
2023-11-08 14:16:16,686 [INFO]  Epoch[1] Train-mean_speed_in_air22-accuracy=0.000000
2023-11-08 14:16:16,686 [INFO]  Epoch[1] Time cost=0.011
2023-11-08 14:16:16,689 [INFO]  Saved checkpoint to "./imputer_model/imputer_model_mean_speed_in_air22/model-0001.params"
2023-11-08 14:16:16,690 [INFO]  Epoch[1] Validation-cross-entropy=37.486744
2023-11-08 14:16:16,690 [INFO]  Epoch[1] Validation-mean_speed_in_air22-accuracy=0.000000
2023-11-08 14:16:16,695 [INFO]  Epoch[2] Batch [0-4]	Speed: 17115.24 samples/sec	cross-entropy=9.188769	mean_speed_in_air22-accuracy=0.000000
2023-11-08 14:16:16,698 [INFO]  Epoch[2] Train-cross-entropy=10.021936
2023-11-08 14:16:16,698 [INFO]  Epoch[2] Train-mean_speed_in_air22-accuracy=0.000000
2023-11-08 14:16:16,698 [INFO]  Epoch[2] Time cost=0.008
2023-11-08 14:16:16,700 [INFO]  Saved checkpoint to "./imputer_model/imputer_model_mean_speed_in_air22/model-0002.params"
2023-11-08 14:16:16,701 [INFO]  Epoch[2] Validation-cross-entropy=16.015257
2023-11-08 14:16:16,701 [INFO]  Epoch[2] Validation-mean_speed_in_air22-accuracy=0.000000
2023-11-08 14:16:16,705 [INFO]  Epoch[3] Batch [0-4]	Speed: 18009.76 samples/sec	cross-entropy=9.419293	mean_speed_in_air22-accuracy=0.000000
2023-11-08 14:16:16,708 [INFO]  Epoch[3] Train-cross-entropy=7.252051
2023-11-08 14:16:16,708 [INFO]  Epoch[3] Train-mean_speed_in_air22-accuracy=0.000000
2023-11-08 14:16:16,708 [INFO]  Epoch[3] Time cost=0.007
2023-11-08 14:16:16,709 [INFO]  Saved checkpoint to "./imputer_model/imputer_model_mean_speed_in_air22/model-0003.params"
2023-11-08 14:16:16,710 [INFO]  Epoch[3] Validation-cross-entropy=25.763260
2023-11-08 14:16:16,710 [INFO]  Epoch[3] Validation-mean_speed_in_air22-accuracy=0.000000
2023-11-08 14:16:16,717 [INFO]  Epoch[4] Batch [0-4]	Speed: 9690.81 samples/sec	cross-entropy=4.600088	mean_speed_in_air22-accuracy=0.000000
2023-11-08 14:16:16,722 [INFO]  Epoch[4] Train-cross-entropy=3.296667
2023-11-08 14:16:16,722 [INFO]  Epoch[4] Train-mean_speed_in_air22-accuracy=0.000000
2023-11-08 14:16:16,723 [INFO]  Epoch[4] Time cost=0.013
2023-11-08 14:16:16,726 [INFO]  Saved checkpoint to "./imputer_model/imputer_model_mean_speed_in_air22/model-0004.params"
2023-11-08 14:16:16,727 [INFO]  Epoch[4] Validation-cross-entropy=21.219244
2023-11-08 14:16:16,727 [INFO]  Epoch[4] Validation-mean_speed_in_air22-accuracy=0.000000
2023-11-08 14:16:16,727 [INFO]  
========== done (0.06503558158874512 s) fit model
2023-11-08 14:29:54,648 [INFO]  
========== start: fit model
2023-11-08 14:29:54,649 [WARNING]  Already bound, ignoring bind()
2023-11-08 14:29:54,656 [INFO]  Epoch[0] Batch [0-4]	Speed: 14152.76 samples/sec	cross-entropy=12.327511	mean_speed_in_air22-accuracy=3.000000
2023-11-08 14:29:54,659 [INFO]  Epoch[0] Train-cross-entropy=14.885562
2023-11-08 14:29:54,659 [INFO]  Epoch[0] Train-mean_speed_in_air22-accuracy=3.125000
2023-11-08 14:29:54,659 [INFO]  Epoch[0] Time cost=0.010
2023-11-08 14:29:54,661 [INFO]  Saved checkpoint to "./imputer_model/imputer_model_mean_speed_in_air22/model-0000.params"
2023-11-08 14:29:54,661 [INFO]  Epoch[0] Validation-cross-entropy=434.089508
2023-11-08 14:29:54,661 [INFO]  Epoch[0] Validation-mean_speed_in_air22-accuracy=0.000000
2023-11-08 14:29:54,669 [INFO]  Epoch[1] Batch [0-4]	Speed: 10286.85 samples/sec	cross-entropy=36.539590	mean_speed_in_air22-accuracy=3.000000
2023-11-08 14:29:54,674 [INFO]  Epoch[1] Train-cross-entropy=26.980559
2023-11-08 14:29:54,674 [INFO]  Epoch[1] Train-mean_speed_in_air22-accuracy=3.125000
2023-11-08 14:29:54,674 [INFO]  Epoch[1] Time cost=0.013
2023-11-08 14:29:54,678 [INFO]  Saved checkpoint to "./imputer_model/imputer_model_mean_speed_in_air22/model-0001.params"
2023-11-08 14:29:54,679 [INFO]  Epoch[1] Validation-cross-entropy=262.143768
2023-11-08 14:29:54,679 [INFO]  Epoch[1] Validation-mean_speed_in_air22-accuracy=0.000000
2023-11-08 14:29:54,684 [INFO]  Epoch[2] Batch [0-4]	Speed: 16452.28 samples/sec	cross-entropy=6.428974	mean_speed_in_air22-accuracy=3.000000
2023-11-08 14:29:54,687 [INFO]  Epoch[2] Train-cross-entropy=5.289478
2023-11-08 14:29:54,687 [INFO]  Epoch[2] Train-mean_speed_in_air22-accuracy=3.125000
2023-11-08 14:29:54,687 [INFO]  Epoch[2] Time cost=0.008
2023-11-08 14:29:54,689 [INFO]  Saved checkpoint to "./imputer_model/imputer_model_mean_speed_in_air22/model-0002.params"
2023-11-08 14:29:54,690 [INFO]  Epoch[2] Validation-cross-entropy=192.116806
2023-11-08 14:29:54,690 [INFO]  Epoch[2] Validation-mean_speed_in_air22-accuracy=0.000000
2023-11-08 14:29:54,694 [INFO]  Epoch[3] Batch [0-4]	Speed: 17746.63 samples/sec	cross-entropy=2.779140	mean_speed_in_air22-accuracy=3.000000
2023-11-08 14:29:54,697 [INFO]  Epoch[3] Train-cross-entropy=2.220875
2023-11-08 14:29:54,697 [INFO]  Epoch[3] Train-mean_speed_in_air22-accuracy=3.125000
2023-11-08 14:29:54,697 [INFO]  Epoch[3] Time cost=0.008
2023-11-08 14:29:54,698 [INFO]  Saved checkpoint to "./imputer_model/imputer_model_mean_speed_in_air22/model-0003.params"
2023-11-08 14:29:54,699 [INFO]  Epoch[3] Validation-cross-entropy=191.611298
2023-11-08 14:29:54,699 [INFO]  Epoch[3] Validation-mean_speed_in_air22-accuracy=0.000000
2023-11-08 14:29:54,704 [INFO]  Epoch[4] Batch [0-4]	Speed: 15459.31 samples/sec	cross-entropy=1.068102	mean_speed_in_air22-accuracy=3.000000
2023-11-08 14:29:54,707 [INFO]  Epoch[4] Train-cross-entropy=1.036913
2023-11-08 14:29:54,707 [INFO]  Epoch[4] Train-mean_speed_in_air22-accuracy=3.125000
2023-11-08 14:29:54,707 [INFO]  Epoch[4] Time cost=0.008
2023-11-08 14:29:54,709 [INFO]  Saved checkpoint to "./imputer_model/imputer_model_mean_speed_in_air22/model-0004.params"
2023-11-08 14:29:54,709 [INFO]  Epoch[4] Validation-cross-entropy=349.137878
2023-11-08 14:29:54,709 [INFO]  Epoch[4] Validation-mean_speed_in_air22-accuracy=0.000000
2023-11-08 14:29:54,709 [INFO]  
========== done (0.060956478118896484 s) fit model
2023-11-08 14:43:59,664 [INFO]  
========== start: fit model
2023-11-08 14:43:59,664 [WARNING]  Already bound, ignoring bind()
2023-11-08 14:43:59,670 [INFO]  Epoch[0] Batch [0-4]	Speed: 15929.00 samples/sec	cross-entropy=14.772000	mean_speed_in_air22-accuracy=0.000000
2023-11-08 14:43:59,673 [INFO]  Epoch[0] Train-cross-entropy=14.761154
2023-11-08 14:43:59,673 [INFO]  Epoch[0] Train-mean_speed_in_air22-accuracy=0.000000
2023-11-08 14:43:59,673 [INFO]  Epoch[0] Time cost=0.009
2023-11-08 14:43:59,674 [INFO]  Saved checkpoint to "./imputer_model/imputer_model_mean_speed_in_air22/model-0000.params"
2023-11-08 14:43:59,675 [INFO]  Epoch[0] Validation-cross-entropy=37.606236
2023-11-08 14:43:59,675 [INFO]  Epoch[0] Validation-mean_speed_in_air22-accuracy=0.000000
2023-11-08 14:43:59,679 [INFO]  Epoch[1] Batch [0-4]	Speed: 18955.97 samples/sec	cross-entropy=47.003243	mean_speed_in_air22-accuracy=0.000000
2023-11-08 14:43:59,682 [INFO]  Epoch[1] Train-cross-entropy=34.184347
2023-11-08 14:43:59,682 [INFO]  Epoch[1] Train-mean_speed_in_air22-accuracy=0.000000
2023-11-08 14:43:59,682 [INFO]  Epoch[1] Time cost=0.007
2023-11-08 14:43:59,683 [INFO]  Saved checkpoint to "./imputer_model/imputer_model_mean_speed_in_air22/model-0001.params"
2023-11-08 14:43:59,684 [INFO]  Epoch[1] Validation-cross-entropy=24.882124
2023-11-08 14:43:59,684 [INFO]  Epoch[1] Validation-mean_speed_in_air22-accuracy=0.000000
2023-11-08 14:43:59,687 [INFO]  Epoch[2] Batch [0-4]	Speed: 25252.63 samples/sec	cross-entropy=6.253117	mean_speed_in_air22-accuracy=0.000000
2023-11-08 14:43:59,689 [INFO]  Epoch[2] Train-cross-entropy=4.943958
2023-11-08 14:43:59,689 [INFO]  Epoch[2] Train-mean_speed_in_air22-accuracy=0.000000
2023-11-08 14:43:59,689 [INFO]  Epoch[2] Time cost=0.005
2023-11-08 14:43:59,690 [INFO]  Saved checkpoint to "./imputer_model/imputer_model_mean_speed_in_air22/model-0002.params"
2023-11-08 14:43:59,691 [INFO]  Epoch[2] Validation-cross-entropy=10.611480
2023-11-08 14:43:59,691 [INFO]  Epoch[2] Validation-mean_speed_in_air22-accuracy=0.000000
2023-11-08 14:43:59,694 [INFO]  Epoch[3] Batch [0-4]	Speed: 25073.37 samples/sec	cross-entropy=4.278873	mean_speed_in_air22-accuracy=0.000000
2023-11-08 14:43:59,696 [INFO]  Epoch[3] Train-cross-entropy=3.259027
2023-11-08 14:43:59,696 [INFO]  Epoch[3] Train-mean_speed_in_air22-accuracy=0.000000
2023-11-08 14:43:59,696 [INFO]  Epoch[3] Time cost=0.005
2023-11-08 14:43:59,697 [INFO]  Saved checkpoint to "./imputer_model/imputer_model_mean_speed_in_air22/model-0003.params"
2023-11-08 14:43:59,697 [INFO]  Epoch[3] Validation-cross-entropy=6.562476
2023-11-08 14:43:59,698 [INFO]  Epoch[3] Validation-mean_speed_in_air22-accuracy=0.000000
2023-11-08 14:43:59,701 [INFO]  Epoch[4] Batch [0-4]	Speed: 25744.27 samples/sec	cross-entropy=2.437144	mean_speed_in_air22-accuracy=0.000000
2023-11-08 14:43:59,703 [INFO]  Epoch[4] Train-cross-entropy=1.731754
2023-11-08 14:43:59,703 [INFO]  Epoch[4] Train-mean_speed_in_air22-accuracy=0.000000
2023-11-08 14:43:59,703 [INFO]  Epoch[4] Time cost=0.005
2023-11-08 14:43:59,704 [INFO]  Saved checkpoint to "./imputer_model/imputer_model_mean_speed_in_air22/model-0004.params"
2023-11-08 14:43:59,705 [INFO]  Epoch[4] Validation-cross-entropy=8.209810
2023-11-08 14:43:59,705 [INFO]  Epoch[4] Validation-mean_speed_in_air22-accuracy=0.000000
2023-11-08 14:43:59,705 [INFO]  
========== done (0.04083967208862305 s) fit model
2023-11-08 14:58:08,442 [INFO]  
========== start: fit model
2023-11-08 14:58:08,442 [WARNING]  Already bound, ignoring bind()
2023-11-08 14:58:08,449 [INFO]  Epoch[0] Batch [0-4]	Speed: 13965.74 samples/sec	cross-entropy=19.805990	mean_speed_in_air22-accuracy=0.000000
2023-11-08 14:58:08,453 [INFO]  Epoch[0] Train-cross-entropy=17.768494
2023-11-08 14:58:08,453 [INFO]  Epoch[0] Train-mean_speed_in_air22-accuracy=0.000000
2023-11-08 14:58:08,453 [INFO]  Epoch[0] Time cost=0.010
2023-11-08 14:58:08,454 [INFO]  Saved checkpoint to "./imputer_model/imputer_model_mean_speed_in_air22/model-0000.params"
2023-11-08 14:58:08,455 [INFO]  Epoch[0] Validation-cross-entropy=5.010436
2023-11-08 14:58:08,455 [INFO]  Epoch[0] Validation-mean_speed_in_air22-accuracy=0.000000
2023-11-08 14:58:08,467 [INFO]  Epoch[1] Batch [0-4]	Speed: 10022.61 samples/sec	cross-entropy=36.656195	mean_speed_in_air22-accuracy=0.000000
2023-11-08 14:58:08,472 [INFO]  Epoch[1] Train-cross-entropy=28.424876
2023-11-08 14:58:08,472 [INFO]  Epoch[1] Train-mean_speed_in_air22-accuracy=0.000000
2023-11-08 14:58:08,472 [INFO]  Epoch[1] Time cost=0.017
2023-11-08 14:58:08,474 [INFO]  Saved checkpoint to "./imputer_model/imputer_model_mean_speed_in_air22/model-0001.params"
2023-11-08 14:58:08,475 [INFO]  Epoch[1] Validation-cross-entropy=3.834582
2023-11-08 14:58:08,475 [INFO]  Epoch[1] Validation-mean_speed_in_air22-accuracy=0.000000
2023-11-08 14:58:08,483 [INFO]  Epoch[2] Batch [0-4]	Speed: 11009.12 samples/sec	cross-entropy=7.968971	mean_speed_in_air22-accuracy=0.000000
2023-11-08 14:58:08,488 [INFO]  Epoch[2] Train-cross-entropy=6.434695
2023-11-08 14:58:08,488 [INFO]  Epoch[2] Train-mean_speed_in_air22-accuracy=0.000000
2023-11-08 14:58:08,488 [INFO]  Epoch[2] Time cost=0.012
2023-11-08 14:58:08,491 [INFO]  Saved checkpoint to "./imputer_model/imputer_model_mean_speed_in_air22/model-0002.params"
2023-11-08 14:58:08,492 [INFO]  Epoch[2] Validation-cross-entropy=4.371704
2023-11-08 14:58:08,492 [INFO]  Epoch[2] Validation-mean_speed_in_air22-accuracy=0.000000
2023-11-08 14:58:08,499 [INFO]  Epoch[3] Batch [0-4]	Speed: 11775.03 samples/sec	cross-entropy=6.977955	mean_speed_in_air22-accuracy=0.000000
2023-11-08 14:58:08,503 [INFO]  Epoch[3] Train-cross-entropy=6.192708
2023-11-08 14:58:08,503 [INFO]  Epoch[3] Train-mean_speed_in_air22-accuracy=0.000000
2023-11-08 14:58:08,503 [INFO]  Epoch[3] Time cost=0.011
2023-11-08 14:58:08,505 [INFO]  Saved checkpoint to "./imputer_model/imputer_model_mean_speed_in_air22/model-0003.params"
2023-11-08 14:58:08,506 [INFO]  Epoch[3] Validation-cross-entropy=2.361764
2023-11-08 14:58:08,506 [INFO]  Epoch[3] Validation-mean_speed_in_air22-accuracy=0.000000
2023-11-08 14:58:08,512 [INFO]  Epoch[4] Batch [0-4]	Speed: 13111.68 samples/sec	cross-entropy=2.740878	mean_speed_in_air22-accuracy=0.000000
2023-11-08 14:58:08,516 [INFO]  Epoch[4] Train-cross-entropy=2.314921
2023-11-08 14:58:08,516 [INFO]  Epoch[4] Train-mean_speed_in_air22-accuracy=0.000000
2023-11-08 14:58:08,516 [INFO]  Epoch[4] Time cost=0.010
2023-11-08 14:58:08,517 [INFO]  Saved checkpoint to "./imputer_model/imputer_model_mean_speed_in_air22/model-0004.params"
2023-11-08 14:58:08,518 [INFO]  Epoch[4] Validation-cross-entropy=3.678928
2023-11-08 14:58:08,518 [INFO]  Epoch[4] Validation-mean_speed_in_air22-accuracy=0.000000
2023-11-08 14:58:08,518 [INFO]  
========== done (0.0761411190032959 s) fit model
