2023-11-08 12:54:45,513 [INFO]  
========== start: fit model
2023-11-08 12:54:45,514 [WARNING]  Already bound, ignoring bind()
2023-11-08 12:54:45,640 [INFO]  Epoch[0] Batch [0-4]	Speed: 542.11 samples/sec	cross-entropy=24.890317	pressure_mean25-accuracy=0.000000
2023-11-08 12:54:45,650 [INFO]  Epoch[0] Train-cross-entropy=19.958902
2023-11-08 12:54:45,650 [INFO]  Epoch[0] Train-pressure_mean25-accuracy=0.000000
2023-11-08 12:54:45,650 [INFO]  Epoch[0] Time cost=0.133
2023-11-08 12:54:45,652 [INFO]  Saved checkpoint to "./imputer_model/imputer_model_pressure_mean25/model-0000.params"
2023-11-08 12:54:45,680 [INFO]  Epoch[0] Validation-cross-entropy=37.202076
2023-11-08 12:54:45,680 [INFO]  Epoch[0] Validation-pressure_mean25-accuracy=0.000000
2023-11-08 12:54:45,754 [INFO]  Epoch[1] Batch [0-4]	Speed: 1058.93 samples/sec	cross-entropy=47.591518	pressure_mean25-accuracy=0.000000
2023-11-08 12:54:45,780 [INFO]  Epoch[1] Train-cross-entropy=33.856720
2023-11-08 12:54:45,780 [INFO]  Epoch[1] Train-pressure_mean25-accuracy=0.000000
2023-11-08 12:54:45,780 [INFO]  Epoch[1] Time cost=0.101
2023-11-08 12:54:45,784 [INFO]  Saved checkpoint to "./imputer_model/imputer_model_pressure_mean25/model-0001.params"
2023-11-08 12:54:45,794 [INFO]  Epoch[1] Validation-cross-entropy=5.823962
2023-11-08 12:54:45,795 [INFO]  Epoch[1] Validation-pressure_mean25-accuracy=0.000000
2023-11-08 12:54:45,802 [INFO]  Epoch[2] Batch [0-4]	Speed: 10446.59 samples/sec	cross-entropy=8.293615	pressure_mean25-accuracy=0.000000
2023-11-08 12:54:45,805 [INFO]  Epoch[2] Train-cross-entropy=7.260252
2023-11-08 12:54:45,805 [INFO]  Epoch[2] Train-pressure_mean25-accuracy=0.000000
2023-11-08 12:54:45,805 [INFO]  Epoch[2] Time cost=0.010
2023-11-08 12:54:45,815 [INFO]  Saved checkpoint to "./imputer_model/imputer_model_pressure_mean25/model-0002.params"
2023-11-08 12:54:45,835 [INFO]  Epoch[2] Validation-cross-entropy=6.953163
2023-11-08 12:54:45,835 [INFO]  Epoch[2] Validation-pressure_mean25-accuracy=0.000000
2023-11-08 12:54:45,843 [INFO]  Epoch[3] Batch [0-4]	Speed: 10219.88 samples/sec	cross-entropy=3.278431	pressure_mean25-accuracy=0.000000
2023-11-08 12:54:45,850 [INFO]  Epoch[3] Train-cross-entropy=3.251169
2023-11-08 12:54:45,850 [INFO]  Epoch[3] Train-pressure_mean25-accuracy=0.000000
2023-11-08 12:54:45,851 [INFO]  Epoch[3] Time cost=0.015
2023-11-08 12:54:45,852 [INFO]  Saved checkpoint to "./imputer_model/imputer_model_pressure_mean25/model-0003.params"
2023-11-08 12:54:45,853 [INFO]  Epoch[3] Validation-cross-entropy=5.642907
2023-11-08 12:54:45,853 [INFO]  Epoch[3] Validation-pressure_mean25-accuracy=0.000000
2023-11-08 12:54:45,877 [INFO]  Epoch[4] Batch [0-4]	Speed: 3540.76 samples/sec	cross-entropy=1.269330	pressure_mean25-accuracy=0.000000
2023-11-08 12:54:45,903 [INFO]  Epoch[4] Train-cross-entropy=1.038440
2023-11-08 12:54:45,904 [INFO]  Epoch[4] Train-pressure_mean25-accuracy=0.000000
2023-11-08 12:54:45,904 [INFO]  Epoch[4] Time cost=0.050
2023-11-08 12:54:45,906 [INFO]  Saved checkpoint to "./imputer_model/imputer_model_pressure_mean25/model-0004.params"
2023-11-08 12:54:45,909 [INFO]  Epoch[4] Validation-cross-entropy=7.108874
2023-11-08 12:54:45,910 [INFO]  Epoch[4] Validation-pressure_mean25-accuracy=0.000000
2023-11-08 12:54:45,910 [INFO]  
========== done (0.3963139057159424 s) fit model
2023-11-08 13:10:24,013 [INFO]  
========== start: fit model
2023-11-08 13:10:24,028 [WARNING]  Already bound, ignoring bind()
2023-11-08 13:10:24,037 [INFO]  Epoch[0] Batch [0-4]	Speed: 11228.79 samples/sec	cross-entropy=20.686536	pressure_mean25-accuracy=0.000000
2023-11-08 13:10:24,042 [INFO]  Epoch[0] Train-cross-entropy=27.385998
2023-11-08 13:10:24,042 [INFO]  Epoch[0] Train-pressure_mean25-accuracy=0.000000
2023-11-08 13:10:24,042 [INFO]  Epoch[0] Time cost=0.013
2023-11-08 13:10:24,045 [INFO]  Saved checkpoint to "./imputer_model/imputer_model_pressure_mean25/model-0000.params"
2023-11-08 13:10:24,046 [INFO]  Epoch[0] Validation-cross-entropy=8.115664
2023-11-08 13:10:24,046 [INFO]  Epoch[0] Validation-pressure_mean25-accuracy=0.000000
2023-11-08 13:10:24,054 [INFO]  Epoch[1] Batch [0-4]	Speed: 11210.97 samples/sec	cross-entropy=36.053892	pressure_mean25-accuracy=0.000000
2023-11-08 13:10:24,058 [INFO]  Epoch[1] Train-cross-entropy=40.742095
2023-11-08 13:10:24,058 [INFO]  Epoch[1] Train-pressure_mean25-accuracy=0.000000
2023-11-08 13:10:24,058 [INFO]  Epoch[1] Time cost=0.012
2023-11-08 13:10:24,060 [INFO]  Saved checkpoint to "./imputer_model/imputer_model_pressure_mean25/model-0001.params"
2023-11-08 13:10:24,061 [INFO]  Epoch[1] Validation-cross-entropy=4.952802
2023-11-08 13:10:24,061 [INFO]  Epoch[1] Validation-pressure_mean25-accuracy=0.000000
2023-11-08 13:10:24,067 [INFO]  Epoch[2] Batch [0-4]	Speed: 13460.13 samples/sec	cross-entropy=8.811442	pressure_mean25-accuracy=0.000000
2023-11-08 13:10:24,071 [INFO]  Epoch[2] Train-cross-entropy=8.646019
2023-11-08 13:10:24,071 [INFO]  Epoch[2] Train-pressure_mean25-accuracy=0.000000
2023-11-08 13:10:24,071 [INFO]  Epoch[2] Time cost=0.010
2023-11-08 13:10:24,073 [INFO]  Saved checkpoint to "./imputer_model/imputer_model_pressure_mean25/model-0002.params"
2023-11-08 13:10:24,073 [INFO]  Epoch[2] Validation-cross-entropy=9.764773
2023-11-08 13:10:24,073 [INFO]  Epoch[2] Validation-pressure_mean25-accuracy=0.000000
2023-11-08 13:10:24,081 [INFO]  Epoch[3] Batch [0-4]	Speed: 10517.81 samples/sec	cross-entropy=3.017051	pressure_mean25-accuracy=0.000000
2023-11-08 13:10:24,085 [INFO]  Epoch[3] Train-cross-entropy=2.753284
2023-11-08 13:10:24,085 [INFO]  Epoch[3] Train-pressure_mean25-accuracy=0.000000
2023-11-08 13:10:24,085 [INFO]  Epoch[3] Time cost=0.012
2023-11-08 13:10:24,110 [INFO]  Saved checkpoint to "./imputer_model/imputer_model_pressure_mean25/model-0003.params"
2023-11-08 13:10:24,111 [INFO]  Epoch[3] Validation-cross-entropy=3.727079
2023-11-08 13:10:24,111 [INFO]  Epoch[3] Validation-pressure_mean25-accuracy=0.000000
2023-11-08 13:10:24,120 [INFO]  Epoch[4] Batch [0-4]	Speed: 9208.13 samples/sec	cross-entropy=2.293241	pressure_mean25-accuracy=0.000000
2023-11-08 13:10:24,125 [INFO]  Epoch[4] Train-cross-entropy=1.828787
2023-11-08 13:10:24,125 [INFO]  Epoch[4] Train-pressure_mean25-accuracy=0.000000
2023-11-08 13:10:24,125 [INFO]  Epoch[4] Time cost=0.014
2023-11-08 13:10:24,128 [INFO]  Saved checkpoint to "./imputer_model/imputer_model_pressure_mean25/model-0004.params"
2023-11-08 13:10:24,129 [INFO]  Epoch[4] Validation-cross-entropy=5.456793
2023-11-08 13:10:24,129 [INFO]  Epoch[4] Validation-pressure_mean25-accuracy=0.000000
2023-11-08 13:10:24,129 [INFO]  
========== done (0.11633110046386719 s) fit model
2023-11-08 13:23:40,107 [INFO]  
========== start: fit model
2023-11-08 13:23:40,107 [WARNING]  Already bound, ignoring bind()
2023-11-08 13:23:40,114 [INFO]  Epoch[0] Batch [0-4]	Speed: 14164.71 samples/sec	cross-entropy=13.570562	pressure_mean25-accuracy=2.200000
2023-11-08 13:23:40,117 [INFO]  Epoch[0] Train-cross-entropy=21.626254
2023-11-08 13:23:40,117 [INFO]  Epoch[0] Train-pressure_mean25-accuracy=2.625000
2023-11-08 13:23:40,117 [INFO]  Epoch[0] Time cost=0.010
2023-11-08 13:23:40,119 [INFO]  Saved checkpoint to "./imputer_model/imputer_model_pressure_mean25/model-0000.params"
2023-11-08 13:23:40,119 [INFO]  Epoch[0] Validation-cross-entropy=13.048581
2023-11-08 13:23:40,119 [INFO]  Epoch[0] Validation-pressure_mean25-accuracy=0.000000
2023-11-08 13:23:40,125 [INFO]  Epoch[1] Batch [0-4]	Speed: 14780.87 samples/sec	cross-entropy=33.652095	pressure_mean25-accuracy=2.200000
2023-11-08 13:23:40,128 [INFO]  Epoch[1] Train-cross-entropy=27.025747
2023-11-08 13:23:40,128 [INFO]  Epoch[1] Train-pressure_mean25-accuracy=2.625000
2023-11-08 13:23:40,128 [INFO]  Epoch[1] Time cost=0.009
2023-11-08 13:23:40,129 [INFO]  Saved checkpoint to "./imputer_model/imputer_model_pressure_mean25/model-0001.params"
2023-11-08 13:23:40,130 [INFO]  Epoch[1] Validation-cross-entropy=6.663312
2023-11-08 13:23:40,130 [INFO]  Epoch[1] Validation-pressure_mean25-accuracy=0.000000
2023-11-08 13:23:40,137 [INFO]  Epoch[2] Batch [0-4]	Speed: 10458.80 samples/sec	cross-entropy=9.309653	pressure_mean25-accuracy=2.200000
2023-11-08 13:23:40,142 [INFO]  Epoch[2] Train-cross-entropy=8.761200
2023-11-08 13:23:40,142 [INFO]  Epoch[2] Train-pressure_mean25-accuracy=2.625000
2023-11-08 13:23:40,142 [INFO]  Epoch[2] Time cost=0.012
2023-11-08 13:23:40,144 [INFO]  Saved checkpoint to "./imputer_model/imputer_model_pressure_mean25/model-0002.params"
2023-11-08 13:23:40,145 [INFO]  Epoch[2] Validation-cross-entropy=7.016624
2023-11-08 13:23:40,145 [INFO]  Epoch[2] Validation-pressure_mean25-accuracy=0.000000
2023-11-08 13:23:40,151 [INFO]  Epoch[3] Batch [0-4]	Speed: 15702.57 samples/sec	cross-entropy=6.862177	pressure_mean25-accuracy=2.200000
2023-11-08 13:23:40,154 [INFO]  Epoch[3] Train-cross-entropy=4.998263
2023-11-08 13:23:40,154 [INFO]  Epoch[3] Train-pressure_mean25-accuracy=2.625000
2023-11-08 13:23:40,154 [INFO]  Epoch[3] Time cost=0.009
2023-11-08 13:23:40,156 [INFO]  Saved checkpoint to "./imputer_model/imputer_model_pressure_mean25/model-0003.params"
2023-11-08 13:23:40,156 [INFO]  Epoch[3] Validation-cross-entropy=4.732613
2023-11-08 13:23:40,156 [INFO]  Epoch[3] Validation-pressure_mean25-accuracy=0.000000
2023-11-08 13:23:40,161 [INFO]  Epoch[4] Batch [0-4]	Speed: 17982.01 samples/sec	cross-entropy=1.728124	pressure_mean25-accuracy=2.200000
2023-11-08 13:23:40,164 [INFO]  Epoch[4] Train-cross-entropy=1.605220
2023-11-08 13:23:40,164 [INFO]  Epoch[4] Train-pressure_mean25-accuracy=2.625000
2023-11-08 13:23:40,164 [INFO]  Epoch[4] Time cost=0.007
2023-11-08 13:23:40,165 [INFO]  Saved checkpoint to "./imputer_model/imputer_model_pressure_mean25/model-0004.params"
2023-11-08 13:23:40,166 [INFO]  Epoch[4] Validation-cross-entropy=6.162776
2023-11-08 13:23:40,166 [INFO]  Epoch[4] Validation-pressure_mean25-accuracy=0.000000
2023-11-08 13:23:40,166 [INFO]  
========== done (0.058867454528808594 s) fit model
2023-11-08 13:36:59,172 [INFO]  
========== start: fit model
2023-11-08 13:36:59,172 [WARNING]  Already bound, ignoring bind()
2023-11-08 13:36:59,179 [INFO]  Epoch[0] Batch [0-4]	Speed: 14132.64 samples/sec	cross-entropy=31.438332	pressure_mean25-accuracy=0.000000
2023-11-08 13:36:59,182 [INFO]  Epoch[0] Train-cross-entropy=32.416161
2023-11-08 13:36:59,182 [INFO]  Epoch[0] Train-pressure_mean25-accuracy=0.000000
2023-11-08 13:36:59,182 [INFO]  Epoch[0] Time cost=0.010
2023-11-08 13:36:59,184 [INFO]  Saved checkpoint to "./imputer_model/imputer_model_pressure_mean25/model-0000.params"
2023-11-08 13:36:59,184 [INFO]  Epoch[0] Validation-cross-entropy=16.748789
2023-11-08 13:36:59,184 [INFO]  Epoch[0] Validation-pressure_mean25-accuracy=0.000000
2023-11-08 13:36:59,190 [INFO]  Epoch[1] Batch [0-4]	Speed: 15469.11 samples/sec	cross-entropy=22.982170	pressure_mean25-accuracy=0.000000
2023-11-08 13:36:59,193 [INFO]  Epoch[1] Train-cross-entropy=23.550538
2023-11-08 13:36:59,193 [INFO]  Epoch[1] Train-pressure_mean25-accuracy=0.000000
2023-11-08 13:36:59,193 [INFO]  Epoch[1] Time cost=0.009
2023-11-08 13:36:59,194 [INFO]  Saved checkpoint to "./imputer_model/imputer_model_pressure_mean25/model-0001.params"
2023-11-08 13:36:59,195 [INFO]  Epoch[1] Validation-cross-entropy=8.665440
2023-11-08 13:36:59,195 [INFO]  Epoch[1] Validation-pressure_mean25-accuracy=0.000000
2023-11-08 13:36:59,200 [INFO]  Epoch[2] Batch [0-4]	Speed: 15656.78 samples/sec	cross-entropy=4.457745	pressure_mean25-accuracy=0.000000
2023-11-08 13:36:59,203 [INFO]  Epoch[2] Train-cross-entropy=4.525791
2023-11-08 13:36:59,203 [INFO]  Epoch[2] Train-pressure_mean25-accuracy=0.000000
2023-11-08 13:36:59,203 [INFO]  Epoch[2] Time cost=0.008
2023-11-08 13:36:59,204 [INFO]  Saved checkpoint to "./imputer_model/imputer_model_pressure_mean25/model-0002.params"
2023-11-08 13:36:59,205 [INFO]  Epoch[2] Validation-cross-entropy=11.550663
2023-11-08 13:36:59,205 [INFO]  Epoch[2] Validation-pressure_mean25-accuracy=0.000000
2023-11-08 13:36:59,210 [INFO]  Epoch[3] Batch [0-4]	Speed: 16288.56 samples/sec	cross-entropy=2.942607	pressure_mean25-accuracy=0.000000
2023-11-08 13:36:59,213 [INFO]  Epoch[3] Train-cross-entropy=2.480031
2023-11-08 13:36:59,213 [INFO]  Epoch[3] Train-pressure_mean25-accuracy=0.000000
2023-11-08 13:36:59,213 [INFO]  Epoch[3] Time cost=0.008
2023-11-08 13:36:59,214 [INFO]  Saved checkpoint to "./imputer_model/imputer_model_pressure_mean25/model-0003.params"
2023-11-08 13:36:59,215 [INFO]  Epoch[3] Validation-cross-entropy=8.974319
2023-11-08 13:36:59,215 [INFO]  Epoch[3] Validation-pressure_mean25-accuracy=0.000000
2023-11-08 13:36:59,219 [INFO]  Epoch[4] Batch [0-4]	Speed: 16902.93 samples/sec	cross-entropy=1.199220	pressure_mean25-accuracy=0.000000
2023-11-08 13:36:59,222 [INFO]  Epoch[4] Train-cross-entropy=0.989464
2023-11-08 13:36:59,222 [INFO]  Epoch[4] Train-pressure_mean25-accuracy=0.000000
2023-11-08 13:36:59,222 [INFO]  Epoch[4] Time cost=0.008
2023-11-08 13:36:59,224 [INFO]  Saved checkpoint to "./imputer_model/imputer_model_pressure_mean25/model-0004.params"
2023-11-08 13:36:59,224 [INFO]  Epoch[4] Validation-cross-entropy=10.199990
2023-11-08 13:36:59,224 [INFO]  Epoch[4] Validation-pressure_mean25-accuracy=0.000000
2023-11-08 13:36:59,224 [INFO]  
========== done (0.05224251747131348 s) fit model
2023-11-08 13:50:20,553 [INFO]  
========== start: fit model
2023-11-08 13:50:20,553 [WARNING]  Already bound, ignoring bind()
2023-11-08 13:50:20,560 [INFO]  Epoch[0] Batch [0-4]	Speed: 14063.05 samples/sec	cross-entropy=20.302817	pressure_mean25-accuracy=0.000000
2023-11-08 13:50:20,563 [INFO]  Epoch[0] Train-cross-entropy=17.609890
2023-11-08 13:50:20,563 [INFO]  Epoch[0] Train-pressure_mean25-accuracy=0.000000
2023-11-08 13:50:20,563 [INFO]  Epoch[0] Time cost=0.010
2023-11-08 13:50:20,564 [INFO]  Saved checkpoint to "./imputer_model/imputer_model_pressure_mean25/model-0000.params"
2023-11-08 13:50:20,565 [INFO]  Epoch[0] Validation-cross-entropy=54.130356
2023-11-08 13:50:20,565 [INFO]  Epoch[0] Validation-pressure_mean25-accuracy=0.000000
2023-11-08 13:50:20,571 [INFO]  Epoch[1] Batch [0-4]	Speed: 13378.96 samples/sec	cross-entropy=41.460750	pressure_mean25-accuracy=0.000000
2023-11-08 13:50:20,575 [INFO]  Epoch[1] Train-cross-entropy=36.085016
2023-11-08 13:50:20,575 [INFO]  Epoch[1] Train-pressure_mean25-accuracy=0.000000
2023-11-08 13:50:20,575 [INFO]  Epoch[1] Time cost=0.010
2023-11-08 13:50:20,576 [INFO]  Saved checkpoint to "./imputer_model/imputer_model_pressure_mean25/model-0001.params"
2023-11-08 13:50:20,577 [INFO]  Epoch[1] Validation-cross-entropy=28.801645
2023-11-08 13:50:20,577 [INFO]  Epoch[1] Validation-pressure_mean25-accuracy=0.000000
2023-11-08 13:50:20,584 [INFO]  Epoch[2] Batch [0-4]	Speed: 10730.12 samples/sec	cross-entropy=4.586381	pressure_mean25-accuracy=0.000000
2023-11-08 13:50:20,589 [INFO]  Epoch[2] Train-cross-entropy=5.195843
2023-11-08 13:50:20,589 [INFO]  Epoch[2] Train-pressure_mean25-accuracy=0.000000
2023-11-08 13:50:20,589 [INFO]  Epoch[2] Time cost=0.012
2023-11-08 13:50:20,592 [INFO]  Saved checkpoint to "./imputer_model/imputer_model_pressure_mean25/model-0002.params"
2023-11-08 13:50:20,593 [INFO]  Epoch[2] Validation-cross-entropy=38.818665
2023-11-08 13:50:20,593 [INFO]  Epoch[2] Validation-pressure_mean25-accuracy=0.000000
2023-11-08 13:50:20,601 [INFO]  Epoch[3] Batch [0-4]	Speed: 11688.89 samples/sec	cross-entropy=3.012632	pressure_mean25-accuracy=0.000000
2023-11-08 13:50:20,605 [INFO]  Epoch[3] Train-cross-entropy=2.584414
2023-11-08 13:50:20,605 [INFO]  Epoch[3] Train-pressure_mean25-accuracy=0.000000
2023-11-08 13:50:20,605 [INFO]  Epoch[3] Time cost=0.012
2023-11-08 13:50:20,607 [INFO]  Saved checkpoint to "./imputer_model/imputer_model_pressure_mean25/model-0003.params"
2023-11-08 13:50:20,608 [INFO]  Epoch[3] Validation-cross-entropy=30.643604
2023-11-08 13:50:20,608 [INFO]  Epoch[3] Validation-pressure_mean25-accuracy=0.000000
2023-11-08 13:50:20,614 [INFO]  Epoch[4] Batch [0-4]	Speed: 13103.36 samples/sec	cross-entropy=1.656294	pressure_mean25-accuracy=0.000000
2023-11-08 13:50:20,618 [INFO]  Epoch[4] Train-cross-entropy=1.163855
2023-11-08 13:50:20,618 [INFO]  Epoch[4] Train-pressure_mean25-accuracy=0.000000
2023-11-08 13:50:20,618 [INFO]  Epoch[4] Time cost=0.010
2023-11-08 13:50:20,620 [INFO]  Saved checkpoint to "./imputer_model/imputer_model_pressure_mean25/model-0004.params"
2023-11-08 13:50:20,620 [INFO]  Epoch[4] Validation-cross-entropy=36.866299
2023-11-08 13:50:20,620 [INFO]  Epoch[4] Validation-pressure_mean25-accuracy=0.000000
2023-11-08 13:50:20,620 [INFO]  
========== done (0.06775069236755371 s) fit model
2023-11-08 14:03:43,155 [INFO]  
========== start: fit model
2023-11-08 14:03:43,155 [WARNING]  Already bound, ignoring bind()
2023-11-08 14:03:43,162 [INFO]  Epoch[0] Batch [0-4]	Speed: 14263.31 samples/sec	cross-entropy=17.524113	pressure_mean25-accuracy=3.000000
2023-11-08 14:03:43,165 [INFO]  Epoch[0] Train-cross-entropy=21.131854
2023-11-08 14:03:43,165 [INFO]  Epoch[0] Train-pressure_mean25-accuracy=3.125000
2023-11-08 14:03:43,165 [INFO]  Epoch[0] Time cost=0.010
2023-11-08 14:03:43,167 [INFO]  Saved checkpoint to "./imputer_model/imputer_model_pressure_mean25/model-0000.params"
2023-11-08 14:03:43,167 [INFO]  Epoch[0] Validation-cross-entropy=10.967576
2023-11-08 14:03:43,167 [INFO]  Epoch[0] Validation-pressure_mean25-accuracy=0.000000
2023-11-08 14:03:43,172 [INFO]  Epoch[1] Batch [0-4]	Speed: 15623.97 samples/sec	cross-entropy=38.095356	pressure_mean25-accuracy=3.000000
2023-11-08 14:03:43,176 [INFO]  Epoch[1] Train-cross-entropy=36.606630
2023-11-08 14:03:43,176 [INFO]  Epoch[1] Train-pressure_mean25-accuracy=3.125000
2023-11-08 14:03:43,176 [INFO]  Epoch[1] Time cost=0.009
2023-11-08 14:03:43,179 [INFO]  Saved checkpoint to "./imputer_model/imputer_model_pressure_mean25/model-0001.params"
2023-11-08 14:03:43,180 [INFO]  Epoch[1] Validation-cross-entropy=11.415827
2023-11-08 14:03:43,180 [INFO]  Epoch[1] Validation-pressure_mean25-accuracy=0.000000
2023-11-08 14:03:43,186 [INFO]  Epoch[2] Batch [0-4]	Speed: 12755.31 samples/sec	cross-entropy=4.459745	pressure_mean25-accuracy=3.000000
2023-11-08 14:03:43,190 [INFO]  Epoch[2] Train-cross-entropy=4.950885
2023-11-08 14:03:43,190 [INFO]  Epoch[2] Train-pressure_mean25-accuracy=3.125000
2023-11-08 14:03:43,190 [INFO]  Epoch[2] Time cost=0.010
2023-11-08 14:03:43,192 [INFO]  Saved checkpoint to "./imputer_model/imputer_model_pressure_mean25/model-0002.params"
2023-11-08 14:03:43,192 [INFO]  Epoch[2] Validation-cross-entropy=15.574948
2023-11-08 14:03:43,193 [INFO]  Epoch[2] Validation-pressure_mean25-accuracy=0.000000
2023-11-08 14:03:43,198 [INFO]  Epoch[3] Batch [0-4]	Speed: 14038.78 samples/sec	cross-entropy=2.094042	pressure_mean25-accuracy=3.000000
2023-11-08 14:03:43,202 [INFO]  Epoch[3] Train-cross-entropy=2.423973
2023-11-08 14:03:43,202 [INFO]  Epoch[3] Train-pressure_mean25-accuracy=3.125000
2023-11-08 14:03:43,202 [INFO]  Epoch[3] Time cost=0.009
2023-11-08 14:03:43,203 [INFO]  Saved checkpoint to "./imputer_model/imputer_model_pressure_mean25/model-0003.params"
2023-11-08 14:03:43,204 [INFO]  Epoch[3] Validation-cross-entropy=13.174529
2023-11-08 14:03:43,204 [INFO]  Epoch[3] Validation-pressure_mean25-accuracy=0.000000
2023-11-08 14:03:43,209 [INFO]  Epoch[4] Batch [0-4]	Speed: 14681.44 samples/sec	cross-entropy=1.851290	pressure_mean25-accuracy=3.000000
2023-11-08 14:03:43,213 [INFO]  Epoch[4] Train-cross-entropy=1.606378
2023-11-08 14:03:43,213 [INFO]  Epoch[4] Train-pressure_mean25-accuracy=3.125000
2023-11-08 14:03:43,213 [INFO]  Epoch[4] Time cost=0.009
2023-11-08 14:03:43,214 [INFO]  Saved checkpoint to "./imputer_model/imputer_model_pressure_mean25/model-0004.params"
2023-11-08 14:03:43,215 [INFO]  Epoch[4] Validation-cross-entropy=13.453468
2023-11-08 14:03:43,215 [INFO]  Epoch[4] Validation-pressure_mean25-accuracy=0.000000
2023-11-08 14:03:43,215 [INFO]  
========== done (0.060204267501831055 s) fit model
2023-11-08 14:17:09,728 [INFO]  
========== start: fit model
2023-11-08 14:17:09,728 [WARNING]  Already bound, ignoring bind()
2023-11-08 14:17:09,735 [INFO]  Epoch[0] Batch [0-4]	Speed: 14023.38 samples/sec	cross-entropy=16.148887	pressure_mean25-accuracy=2.800000
2023-11-08 14:17:09,738 [INFO]  Epoch[0] Train-cross-entropy=19.823438
2023-11-08 14:17:09,738 [INFO]  Epoch[0] Train-pressure_mean25-accuracy=2.500000
2023-11-08 14:17:09,738 [INFO]  Epoch[0] Time cost=0.010
2023-11-08 14:17:09,739 [INFO]  Saved checkpoint to "./imputer_model/imputer_model_pressure_mean25/model-0000.params"
2023-11-08 14:17:09,740 [INFO]  Epoch[0] Validation-cross-entropy=18.498400
2023-11-08 14:17:09,740 [INFO]  Epoch[0] Validation-pressure_mean25-accuracy=0.000000
2023-11-08 14:17:09,745 [INFO]  Epoch[1] Batch [0-4]	Speed: 15152.15 samples/sec	cross-entropy=51.610540	pressure_mean25-accuracy=2.800000
2023-11-08 14:17:09,750 [INFO]  Epoch[1] Train-cross-entropy=59.956592
2023-11-08 14:17:09,750 [INFO]  Epoch[1] Train-pressure_mean25-accuracy=2.500000
2023-11-08 14:17:09,750 [INFO]  Epoch[1] Time cost=0.010
2023-11-08 14:17:09,753 [INFO]  Saved checkpoint to "./imputer_model/imputer_model_pressure_mean25/model-0001.params"
2023-11-08 14:17:09,754 [INFO]  Epoch[1] Validation-cross-entropy=17.456114
2023-11-08 14:17:09,755 [INFO]  Epoch[1] Validation-pressure_mean25-accuracy=0.000000
2023-11-08 14:17:09,762 [INFO]  Epoch[2] Batch [0-4]	Speed: 10828.38 samples/sec	cross-entropy=5.559362	pressure_mean25-accuracy=2.800000
2023-11-08 14:17:09,766 [INFO]  Epoch[2] Train-cross-entropy=12.967030
2023-11-08 14:17:09,766 [INFO]  Epoch[2] Train-pressure_mean25-accuracy=2.500000
2023-11-08 14:17:09,766 [INFO]  Epoch[2] Time cost=0.011
2023-11-08 14:17:09,768 [INFO]  Saved checkpoint to "./imputer_model/imputer_model_pressure_mean25/model-0002.params"
2023-11-08 14:17:09,769 [INFO]  Epoch[2] Validation-cross-entropy=19.823040
2023-11-08 14:17:09,769 [INFO]  Epoch[2] Validation-pressure_mean25-accuracy=0.000000
2023-11-08 14:17:09,774 [INFO]  Epoch[3] Batch [0-4]	Speed: 16429.12 samples/sec	cross-entropy=3.958069	pressure_mean25-accuracy=2.800000
2023-11-08 14:17:09,777 [INFO]  Epoch[3] Train-cross-entropy=5.324102
2023-11-08 14:17:09,777 [INFO]  Epoch[3] Train-pressure_mean25-accuracy=2.500000
2023-11-08 14:17:09,777 [INFO]  Epoch[3] Time cost=0.008
2023-11-08 14:17:09,778 [INFO]  Saved checkpoint to "./imputer_model/imputer_model_pressure_mean25/model-0003.params"
2023-11-08 14:17:09,779 [INFO]  Epoch[3] Validation-cross-entropy=14.859992
2023-11-08 14:17:09,779 [INFO]  Epoch[3] Validation-pressure_mean25-accuracy=0.000000
2023-11-08 14:17:09,784 [INFO]  Epoch[4] Batch [0-4]	Speed: 16424.10 samples/sec	cross-entropy=3.939038	pressure_mean25-accuracy=2.800000
2023-11-08 14:17:09,787 [INFO]  Epoch[4] Train-cross-entropy=3.187432
2023-11-08 14:17:09,787 [INFO]  Epoch[4] Train-pressure_mean25-accuracy=2.500000
2023-11-08 14:17:09,787 [INFO]  Epoch[4] Time cost=0.008
2023-11-08 14:17:09,788 [INFO]  Saved checkpoint to "./imputer_model/imputer_model_pressure_mean25/model-0004.params"
2023-11-08 14:17:09,789 [INFO]  Epoch[4] Validation-cross-entropy=14.006898
2023-11-08 14:17:09,789 [INFO]  Epoch[4] Validation-pressure_mean25-accuracy=0.000000
2023-11-08 14:17:09,789 [INFO]  
========== done (0.061395883560180664 s) fit model
2023-11-08 14:30:49,263 [INFO]  
========== start: fit model
2023-11-08 14:30:49,263 [WARNING]  Already bound, ignoring bind()
2023-11-08 14:30:49,272 [INFO]  Epoch[0] Batch [0-4]	Speed: 10493.55 samples/sec	cross-entropy=13.921330	pressure_mean25-accuracy=3.600000
2023-11-08 14:30:49,277 [INFO]  Epoch[0] Train-cross-entropy=14.085809
2023-11-08 14:30:49,277 [INFO]  Epoch[0] Train-pressure_mean25-accuracy=3.000000
2023-11-08 14:30:49,277 [INFO]  Epoch[0] Time cost=0.013
2023-11-08 14:30:49,280 [INFO]  Saved checkpoint to "./imputer_model/imputer_model_pressure_mean25/model-0000.params"
2023-11-08 14:30:49,281 [INFO]  Epoch[0] Validation-cross-entropy=24.074776
2023-11-08 14:30:49,281 [INFO]  Epoch[0] Validation-pressure_mean25-accuracy=0.000000
2023-11-08 14:30:49,288 [INFO]  Epoch[1] Batch [0-4]	Speed: 13666.40 samples/sec	cross-entropy=41.813144	pressure_mean25-accuracy=3.600000
2023-11-08 14:30:49,291 [INFO]  Epoch[1] Train-cross-entropy=36.741167
2023-11-08 14:30:49,291 [INFO]  Epoch[1] Train-pressure_mean25-accuracy=3.000000
2023-11-08 14:30:49,292 [INFO]  Epoch[1] Time cost=0.010
2023-11-08 14:30:49,294 [INFO]  Saved checkpoint to "./imputer_model/imputer_model_pressure_mean25/model-0001.params"
2023-11-08 14:30:49,295 [INFO]  Epoch[1] Validation-cross-entropy=18.699421
2023-11-08 14:30:49,295 [INFO]  Epoch[1] Validation-pressure_mean25-accuracy=0.000000
2023-11-08 14:30:49,299 [INFO]  Epoch[2] Batch [0-4]	Speed: 17126.16 samples/sec	cross-entropy=5.058731	pressure_mean25-accuracy=3.600000
2023-11-08 14:30:49,302 [INFO]  Epoch[2] Train-cross-entropy=8.585898
2023-11-08 14:30:49,303 [INFO]  Epoch[2] Train-pressure_mean25-accuracy=3.000000
2023-11-08 14:30:49,303 [INFO]  Epoch[2] Time cost=0.008
2023-11-08 14:30:49,305 [INFO]  Saved checkpoint to "./imputer_model/imputer_model_pressure_mean25/model-0002.params"
2023-11-08 14:30:49,305 [INFO]  Epoch[2] Validation-cross-entropy=7.387923
2023-11-08 14:30:49,305 [INFO]  Epoch[2] Validation-pressure_mean25-accuracy=0.000000
2023-11-08 14:30:49,312 [INFO]  Epoch[3] Batch [0-4]	Speed: 13287.57 samples/sec	cross-entropy=4.037758	pressure_mean25-accuracy=3.600000
2023-11-08 14:30:49,315 [INFO]  Epoch[3] Train-cross-entropy=3.787275
2023-11-08 14:30:49,315 [INFO]  Epoch[3] Train-pressure_mean25-accuracy=3.000000
2023-11-08 14:30:49,315 [INFO]  Epoch[3] Time cost=0.010
2023-11-08 14:30:49,317 [INFO]  Saved checkpoint to "./imputer_model/imputer_model_pressure_mean25/model-0003.params"
2023-11-08 14:30:49,318 [INFO]  Epoch[3] Validation-cross-entropy=12.761437
2023-11-08 14:30:49,318 [INFO]  Epoch[3] Validation-pressure_mean25-accuracy=0.000000
2023-11-08 14:30:49,322 [INFO]  Epoch[4] Batch [0-4]	Speed: 17459.22 samples/sec	cross-entropy=2.989108	pressure_mean25-accuracy=3.600000
2023-11-08 14:30:49,325 [INFO]  Epoch[4] Train-cross-entropy=2.260057
2023-11-08 14:30:49,325 [INFO]  Epoch[4] Train-pressure_mean25-accuracy=3.000000
2023-11-08 14:30:49,325 [INFO]  Epoch[4] Time cost=0.007
2023-11-08 14:30:49,326 [INFO]  Saved checkpoint to "./imputer_model/imputer_model_pressure_mean25/model-0004.params"
2023-11-08 14:30:49,327 [INFO]  Epoch[4] Validation-cross-entropy=13.464681
2023-11-08 14:30:49,327 [INFO]  Epoch[4] Validation-pressure_mean25-accuracy=0.000000
2023-11-08 14:30:49,327 [INFO]  
========== done (0.0643165111541748 s) fit model
2023-11-08 14:44:54,764 [INFO]  
========== start: fit model
2023-11-08 14:44:54,765 [WARNING]  Already bound, ignoring bind()
2023-11-08 14:44:54,775 [INFO]  Epoch[0] Batch [0-4]	Speed: 7492.13 samples/sec	cross-entropy=16.845769	pressure_mean25-accuracy=0.000000
2023-11-08 14:44:54,781 [INFO]  Epoch[0] Train-cross-entropy=19.412692
2023-11-08 14:44:54,781 [INFO]  Epoch[0] Train-pressure_mean25-accuracy=0.000000
2023-11-08 14:44:54,781 [INFO]  Epoch[0] Time cost=0.016
2023-11-08 14:44:54,783 [INFO]  Saved checkpoint to "./imputer_model/imputer_model_pressure_mean25/model-0000.params"
2023-11-08 14:44:54,784 [INFO]  Epoch[0] Validation-cross-entropy=45.105019
2023-11-08 14:44:54,785 [INFO]  Epoch[0] Validation-pressure_mean25-accuracy=0.000000
2023-11-08 14:44:54,792 [INFO]  Epoch[1] Batch [0-4]	Speed: 11402.89 samples/sec	cross-entropy=62.372226	pressure_mean25-accuracy=0.000000
2023-11-08 14:44:54,796 [INFO]  Epoch[1] Train-cross-entropy=45.518960
2023-11-08 14:44:54,796 [INFO]  Epoch[1] Train-pressure_mean25-accuracy=0.000000
2023-11-08 14:44:54,796 [INFO]  Epoch[1] Time cost=0.011
2023-11-08 14:44:54,798 [INFO]  Saved checkpoint to "./imputer_model/imputer_model_pressure_mean25/model-0001.params"
2023-11-08 14:44:54,798 [INFO]  Epoch[1] Validation-cross-entropy=31.126667
2023-11-08 14:44:54,799 [INFO]  Epoch[1] Validation-pressure_mean25-accuracy=0.000000
2023-11-08 14:44:54,805 [INFO]  Epoch[2] Batch [0-4]	Speed: 13907.85 samples/sec	cross-entropy=17.338891	pressure_mean25-accuracy=0.000000
2023-11-08 14:44:54,808 [INFO]  Epoch[2] Train-cross-entropy=12.149317
2023-11-08 14:44:54,808 [INFO]  Epoch[2] Train-pressure_mean25-accuracy=0.000000
2023-11-08 14:44:54,808 [INFO]  Epoch[2] Time cost=0.010
2023-11-08 14:44:54,810 [INFO]  Saved checkpoint to "./imputer_model/imputer_model_pressure_mean25/model-0002.params"
2023-11-08 14:44:54,810 [INFO]  Epoch[2] Validation-cross-entropy=24.161524
2023-11-08 14:44:54,810 [INFO]  Epoch[2] Validation-pressure_mean25-accuracy=0.000000
2023-11-08 14:44:54,816 [INFO]  Epoch[3] Batch [0-4]	Speed: 14537.53 samples/sec	cross-entropy=5.195471	pressure_mean25-accuracy=0.000000
2023-11-08 14:44:54,819 [INFO]  Epoch[3] Train-cross-entropy=4.672115
2023-11-08 14:44:54,820 [INFO]  Epoch[3] Train-pressure_mean25-accuracy=0.000000
2023-11-08 14:44:54,820 [INFO]  Epoch[3] Time cost=0.009
2023-11-08 14:44:54,821 [INFO]  Saved checkpoint to "./imputer_model/imputer_model_pressure_mean25/model-0003.params"
2023-11-08 14:44:54,822 [INFO]  Epoch[3] Validation-cross-entropy=21.730400
2023-11-08 14:44:54,822 [INFO]  Epoch[3] Validation-pressure_mean25-accuracy=0.000000
2023-11-08 14:44:54,827 [INFO]  Epoch[4] Batch [0-4]	Speed: 14745.15 samples/sec	cross-entropy=2.286393	pressure_mean25-accuracy=0.000000
2023-11-08 14:44:54,830 [INFO]  Epoch[4] Train-cross-entropy=1.775849
2023-11-08 14:44:54,831 [INFO]  Epoch[4] Train-pressure_mean25-accuracy=0.000000
2023-11-08 14:44:54,831 [INFO]  Epoch[4] Time cost=0.009
2023-11-08 14:44:54,832 [INFO]  Saved checkpoint to "./imputer_model/imputer_model_pressure_mean25/model-0004.params"
2023-11-08 14:44:54,833 [INFO]  Epoch[4] Validation-cross-entropy=20.449625
2023-11-08 14:44:54,833 [INFO]  Epoch[4] Validation-pressure_mean25-accuracy=0.000000
2023-11-08 14:44:54,833 [INFO]  
========== done (0.06830692291259766 s) fit model
2023-11-08 14:59:05,419 [INFO]  
========== start: fit model
2023-11-08 14:59:05,419 [WARNING]  Already bound, ignoring bind()
2023-11-08 14:59:05,426 [INFO]  Epoch[0] Batch [0-4]	Speed: 13824.05 samples/sec	cross-entropy=14.322914	pressure_mean25-accuracy=0.000000
2023-11-08 14:59:05,430 [INFO]  Epoch[0] Train-cross-entropy=13.623926
2023-11-08 14:59:05,430 [INFO]  Epoch[0] Train-pressure_mean25-accuracy=0.000000
2023-11-08 14:59:05,430 [INFO]  Epoch[0] Time cost=0.010
2023-11-08 14:59:05,431 [INFO]  Saved checkpoint to "./imputer_model/imputer_model_pressure_mean25/model-0000.params"
2023-11-08 14:59:05,432 [INFO]  Epoch[0] Validation-cross-entropy=41.019024
2023-11-08 14:59:05,432 [INFO]  Epoch[0] Validation-pressure_mean25-accuracy=0.000000
2023-11-08 14:59:05,437 [INFO]  Epoch[1] Batch [0-4]	Speed: 14588.09 samples/sec	cross-entropy=45.025767	pressure_mean25-accuracy=0.000000
2023-11-08 14:59:05,441 [INFO]  Epoch[1] Train-cross-entropy=33.074560
2023-11-08 14:59:05,441 [INFO]  Epoch[1] Train-pressure_mean25-accuracy=0.000000
2023-11-08 14:59:05,441 [INFO]  Epoch[1] Time cost=0.009
2023-11-08 14:59:05,442 [INFO]  Saved checkpoint to "./imputer_model/imputer_model_pressure_mean25/model-0001.params"
2023-11-08 14:59:05,443 [INFO]  Epoch[1] Validation-cross-entropy=40.671246
2023-11-08 14:59:05,443 [INFO]  Epoch[1] Validation-pressure_mean25-accuracy=0.000000
2023-11-08 14:59:05,451 [INFO]  Epoch[2] Batch [0-4]	Speed: 13742.66 samples/sec	cross-entropy=12.309711	pressure_mean25-accuracy=0.000000
2023-11-08 14:59:05,455 [INFO]  Epoch[2] Train-cross-entropy=9.971570
2023-11-08 14:59:05,455 [INFO]  Epoch[2] Train-pressure_mean25-accuracy=0.000000
2023-11-08 14:59:05,455 [INFO]  Epoch[2] Time cost=0.012
2023-11-08 14:59:05,457 [INFO]  Saved checkpoint to "./imputer_model/imputer_model_pressure_mean25/model-0002.params"
2023-11-08 14:59:05,457 [INFO]  Epoch[2] Validation-cross-entropy=41.602070
2023-11-08 14:59:05,457 [INFO]  Epoch[2] Validation-pressure_mean25-accuracy=0.000000
2023-11-08 14:59:05,463 [INFO]  Epoch[3] Batch [0-4]	Speed: 14254.22 samples/sec	cross-entropy=4.866222	pressure_mean25-accuracy=0.000000
2023-11-08 14:59:05,467 [INFO]  Epoch[3] Train-cross-entropy=3.753292
2023-11-08 14:59:05,467 [INFO]  Epoch[3] Train-pressure_mean25-accuracy=0.000000
2023-11-08 14:59:05,467 [INFO]  Epoch[3] Time cost=0.009
2023-11-08 14:59:05,468 [INFO]  Saved checkpoint to "./imputer_model/imputer_model_pressure_mean25/model-0003.params"
2023-11-08 14:59:05,469 [INFO]  Epoch[3] Validation-cross-entropy=21.813826
2023-11-08 14:59:05,469 [INFO]  Epoch[3] Validation-pressure_mean25-accuracy=0.000000
2023-11-08 14:59:05,475 [INFO]  Epoch[4] Batch [0-4]	Speed: 13917.95 samples/sec	cross-entropy=3.461713	pressure_mean25-accuracy=0.000000
2023-11-08 14:59:05,478 [INFO]  Epoch[4] Train-cross-entropy=3.005701
2023-11-08 14:59:05,478 [INFO]  Epoch[4] Train-pressure_mean25-accuracy=0.000000
2023-11-08 14:59:05,478 [INFO]  Epoch[4] Time cost=0.009
2023-11-08 14:59:05,480 [INFO]  Saved checkpoint to "./imputer_model/imputer_model_pressure_mean25/model-0004.params"
2023-11-08 14:59:05,481 [INFO]  Epoch[4] Validation-cross-entropy=27.541594
2023-11-08 14:59:05,481 [INFO]  Epoch[4] Validation-pressure_mean25-accuracy=0.000000
2023-11-08 14:59:05,481 [INFO]  
========== done (0.06162619590759277 s) fit model
