2023-11-08 12:45:48,994 [INFO]  
========== start: fit model
2023-11-08 12:45:48,995 [WARNING]  Already bound, ignoring bind()
2023-11-08 12:45:49,323 [INFO]  Epoch[0] Batch [0-4]	Speed: 15934.67 samples/sec	cross-entropy=16.912444	mean_jerk_in_air17-accuracy=0.000000
2023-11-08 12:45:49,327 [INFO]  Epoch[0] Train-cross-entropy=16.487105
2023-11-08 12:45:49,327 [INFO]  Epoch[0] Train-mean_jerk_in_air17-accuracy=0.000000
2023-11-08 12:45:49,327 [INFO]  Epoch[0] Time cost=0.331
2023-11-08 12:45:49,331 [INFO]  Saved checkpoint to "./imputer_model/imputer_model_mean_jerk_in_air17/model-0000.params"
2023-11-08 12:45:49,341 [INFO]  Epoch[0] Validation-cross-entropy=24.325516
2023-11-08 12:45:49,341 [INFO]  Epoch[0] Validation-mean_jerk_in_air17-accuracy=0.000000
2023-11-08 12:45:49,363 [INFO]  Epoch[1] Batch [0-4]	Speed: 3852.07 samples/sec	cross-entropy=50.458130	mean_jerk_in_air17-accuracy=0.000000
2023-11-08 12:45:49,374 [INFO]  Epoch[1] Train-cross-entropy=37.257507
2023-11-08 12:45:49,374 [INFO]  Epoch[1] Train-mean_jerk_in_air17-accuracy=0.000000
2023-11-08 12:45:49,375 [INFO]  Epoch[1] Time cost=0.034
2023-11-08 12:45:49,378 [INFO]  Saved checkpoint to "./imputer_model/imputer_model_mean_jerk_in_air17/model-0001.params"
2023-11-08 12:45:49,383 [INFO]  Epoch[1] Validation-cross-entropy=13.038828
2023-11-08 12:45:49,384 [INFO]  Epoch[1] Validation-mean_jerk_in_air17-accuracy=0.000000
2023-11-08 12:45:49,494 [INFO]  Epoch[2] Batch [0-4]	Speed: 798.00 samples/sec	cross-entropy=8.576859	mean_jerk_in_air17-accuracy=0.000000
2023-11-08 12:45:49,498 [INFO]  Epoch[2] Train-cross-entropy=6.879929
2023-11-08 12:45:49,498 [INFO]  Epoch[2] Train-mean_jerk_in_air17-accuracy=0.000000
2023-11-08 12:45:49,498 [INFO]  Epoch[2] Time cost=0.115
2023-11-08 12:45:49,500 [INFO]  Saved checkpoint to "./imputer_model/imputer_model_mean_jerk_in_air17/model-0002.params"
2023-11-08 12:45:49,501 [INFO]  Epoch[2] Validation-cross-entropy=19.370932
2023-11-08 12:45:49,501 [INFO]  Epoch[2] Validation-mean_jerk_in_air17-accuracy=0.000000
2023-11-08 12:45:51,573 [INFO]  Epoch[3] Batch [0-4]	Speed: 30.90 samples/sec	cross-entropy=6.951202	mean_jerk_in_air17-accuracy=0.000000
2023-11-08 12:45:53,371 [INFO]  Epoch[3] Train-cross-entropy=4.706572
2023-11-08 12:45:53,371 [INFO]  Epoch[3] Train-mean_jerk_in_air17-accuracy=0.000000
2023-11-08 12:45:53,372 [INFO]  Epoch[3] Time cost=3.871
2023-11-08 12:45:53,375 [INFO]  Saved checkpoint to "./imputer_model/imputer_model_mean_jerk_in_air17/model-0003.params"
2023-11-08 12:45:53,472 [INFO]  Epoch[3] Validation-cross-entropy=11.744324
2023-11-08 12:45:53,473 [INFO]  Epoch[3] Validation-mean_jerk_in_air17-accuracy=0.000000
2023-11-08 12:45:54,544 [INFO]  Epoch[4] Batch [0-4]	Speed: 115.55 samples/sec	cross-entropy=2.653620	mean_jerk_in_air17-accuracy=0.000000
2023-11-08 12:45:54,551 [INFO]  Epoch[4] Train-cross-entropy=2.106326
2023-11-08 12:45:54,551 [INFO]  Epoch[4] Train-mean_jerk_in_air17-accuracy=0.000000
2023-11-08 12:45:54,551 [INFO]  Epoch[4] Time cost=1.078
2023-11-08 12:45:54,553 [INFO]  Saved checkpoint to "./imputer_model/imputer_model_mean_jerk_in_air17/model-0004.params"
2023-11-08 12:45:54,553 [INFO]  Epoch[4] Validation-cross-entropy=11.153090
2023-11-08 12:45:54,553 [INFO]  Epoch[4] Validation-mean_jerk_in_air17-accuracy=0.000000
2023-11-08 12:45:54,554 [INFO]  
========== done (5.55942440032959 s) fit model
2023-11-08 13:07:58,188 [INFO]  
========== start: fit model
2023-11-08 13:07:58,196 [WARNING]  Already bound, ignoring bind()
2023-11-08 13:07:58,203 [INFO]  Epoch[0] Batch [0-4]	Speed: 14011.66 samples/sec	cross-entropy=15.695546	mean_jerk_in_air17-accuracy=2.800000
2023-11-08 13:07:58,206 [INFO]  Epoch[0] Train-cross-entropy=19.726006
2023-11-08 13:07:58,206 [INFO]  Epoch[0] Train-mean_jerk_in_air17-accuracy=3.125000
2023-11-08 13:07:58,206 [INFO]  Epoch[0] Time cost=0.010
2023-11-08 13:07:58,208 [INFO]  Saved checkpoint to "./imputer_model/imputer_model_mean_jerk_in_air17/model-0000.params"
2023-11-08 13:07:58,208 [INFO]  Epoch[0] Validation-cross-entropy=30.884706
2023-11-08 13:07:58,208 [INFO]  Epoch[0] Validation-mean_jerk_in_air17-accuracy=0.000000
2023-11-08 13:07:58,216 [INFO]  Epoch[1] Batch [0-4]	Speed: 10430.35 samples/sec	cross-entropy=42.907168	mean_jerk_in_air17-accuracy=2.800000
2023-11-08 13:07:58,221 [INFO]  Epoch[1] Train-cross-entropy=34.557231
2023-11-08 13:07:58,221 [INFO]  Epoch[1] Train-mean_jerk_in_air17-accuracy=3.125000
2023-11-08 13:07:58,221 [INFO]  Epoch[1] Time cost=0.013
2023-11-08 13:07:58,225 [INFO]  Saved checkpoint to "./imputer_model/imputer_model_mean_jerk_in_air17/model-0001.params"
2023-11-08 13:07:58,226 [INFO]  Epoch[1] Validation-cross-entropy=6.109879
2023-11-08 13:07:58,226 [INFO]  Epoch[1] Validation-mean_jerk_in_air17-accuracy=0.000000
2023-11-08 13:07:58,233 [INFO]  Epoch[2] Batch [0-4]	Speed: 12244.47 samples/sec	cross-entropy=5.600661	mean_jerk_in_air17-accuracy=2.800000
2023-11-08 13:07:58,237 [INFO]  Epoch[2] Train-cross-entropy=4.788169
2023-11-08 13:07:58,237 [INFO]  Epoch[2] Train-mean_jerk_in_air17-accuracy=3.125000
2023-11-08 13:07:58,237 [INFO]  Epoch[2] Time cost=0.011
2023-11-08 13:07:58,239 [INFO]  Saved checkpoint to "./imputer_model/imputer_model_mean_jerk_in_air17/model-0002.params"
2023-11-08 13:07:58,240 [INFO]  Epoch[2] Validation-cross-entropy=7.588987
2023-11-08 13:07:58,240 [INFO]  Epoch[2] Validation-mean_jerk_in_air17-accuracy=0.000000
2023-11-08 13:07:58,247 [INFO]  Epoch[3] Batch [0-4]	Speed: 11722.07 samples/sec	cross-entropy=3.409567	mean_jerk_in_air17-accuracy=2.800000
2023-11-08 13:07:58,251 [INFO]  Epoch[3] Train-cross-entropy=2.730336
2023-11-08 13:07:58,251 [INFO]  Epoch[3] Train-mean_jerk_in_air17-accuracy=3.125000
2023-11-08 13:07:58,252 [INFO]  Epoch[3] Time cost=0.012
2023-11-08 13:07:58,254 [INFO]  Saved checkpoint to "./imputer_model/imputer_model_mean_jerk_in_air17/model-0003.params"
2023-11-08 13:07:58,255 [INFO]  Epoch[3] Validation-cross-entropy=5.390262
2023-11-08 13:07:58,255 [INFO]  Epoch[3] Validation-mean_jerk_in_air17-accuracy=0.000000
2023-11-08 13:07:58,262 [INFO]  Epoch[4] Batch [0-4]	Speed: 11805.07 samples/sec	cross-entropy=1.702829	mean_jerk_in_air17-accuracy=2.800000
2023-11-08 13:07:58,265 [INFO]  Epoch[4] Train-cross-entropy=1.354023
2023-11-08 13:07:58,266 [INFO]  Epoch[4] Train-mean_jerk_in_air17-accuracy=3.125000
2023-11-08 13:07:58,266 [INFO]  Epoch[4] Time cost=0.011
2023-11-08 13:07:58,267 [INFO]  Saved checkpoint to "./imputer_model/imputer_model_mean_jerk_in_air17/model-0004.params"
2023-11-08 13:07:58,268 [INFO]  Epoch[4] Validation-cross-entropy=4.783185
2023-11-08 13:07:58,268 [INFO]  Epoch[4] Validation-mean_jerk_in_air17-accuracy=0.000000
2023-11-08 13:07:58,268 [INFO]  
========== done (0.0800478458404541 s) fit model
2023-11-08 13:21:22,796 [INFO]  
========== start: fit model
2023-11-08 13:21:22,796 [WARNING]  Already bound, ignoring bind()
2023-11-08 13:21:22,803 [INFO]  Epoch[0] Batch [0-4]	Speed: 14200.68 samples/sec	cross-entropy=28.023464	mean_jerk_in_air17-accuracy=0.000000
2023-11-08 13:21:22,807 [INFO]  Epoch[0] Train-cross-entropy=30.975911
2023-11-08 13:21:22,807 [INFO]  Epoch[0] Train-mean_jerk_in_air17-accuracy=0.000000
2023-11-08 13:21:22,807 [INFO]  Epoch[0] Time cost=0.010
2023-11-08 13:21:22,808 [INFO]  Saved checkpoint to "./imputer_model/imputer_model_mean_jerk_in_air17/model-0000.params"
2023-11-08 13:21:22,808 [INFO]  Epoch[0] Validation-cross-entropy=4.672075
2023-11-08 13:21:22,809 [INFO]  Epoch[0] Validation-mean_jerk_in_air17-accuracy=0.000000
2023-11-08 13:21:22,815 [INFO]  Epoch[1] Batch [0-4]	Speed: 11403.38 samples/sec	cross-entropy=30.783167	mean_jerk_in_air17-accuracy=0.000000
2023-11-08 13:21:22,821 [INFO]  Epoch[1] Train-cross-entropy=27.869133
2023-11-08 13:21:22,821 [INFO]  Epoch[1] Train-mean_jerk_in_air17-accuracy=0.000000
2023-11-08 13:21:22,821 [INFO]  Epoch[1] Time cost=0.012
2023-11-08 13:21:22,824 [INFO]  Saved checkpoint to "./imputer_model/imputer_model_mean_jerk_in_air17/model-0001.params"
2023-11-08 13:21:22,825 [INFO]  Epoch[1] Validation-cross-entropy=11.880152
2023-11-08 13:21:22,825 [INFO]  Epoch[1] Validation-mean_jerk_in_air17-accuracy=0.000000
2023-11-08 13:21:22,832 [INFO]  Epoch[2] Batch [0-4]	Speed: 12746.83 samples/sec	cross-entropy=6.429445	mean_jerk_in_air17-accuracy=0.000000
2023-11-08 13:21:22,835 [INFO]  Epoch[2] Train-cross-entropy=5.194965
2023-11-08 13:21:22,835 [INFO]  Epoch[2] Train-mean_jerk_in_air17-accuracy=0.000000
2023-11-08 13:21:22,835 [INFO]  Epoch[2] Time cost=0.010
2023-11-08 13:21:22,837 [INFO]  Saved checkpoint to "./imputer_model/imputer_model_mean_jerk_in_air17/model-0002.params"
2023-11-08 13:21:22,838 [INFO]  Epoch[2] Validation-cross-entropy=3.445961
2023-11-08 13:21:22,838 [INFO]  Epoch[2] Validation-mean_jerk_in_air17-accuracy=0.000000
2023-11-08 13:21:22,843 [INFO]  Epoch[3] Batch [0-4]	Speed: 15976.40 samples/sec	cross-entropy=3.348650	mean_jerk_in_air17-accuracy=0.000000
2023-11-08 13:21:22,846 [INFO]  Epoch[3] Train-cross-entropy=2.782068
2023-11-08 13:21:22,846 [INFO]  Epoch[3] Train-mean_jerk_in_air17-accuracy=0.000000
2023-11-08 13:21:22,846 [INFO]  Epoch[3] Time cost=0.008
2023-11-08 13:21:22,847 [INFO]  Saved checkpoint to "./imputer_model/imputer_model_mean_jerk_in_air17/model-0003.params"
2023-11-08 13:21:22,848 [INFO]  Epoch[3] Validation-cross-entropy=5.263527
2023-11-08 13:21:22,848 [INFO]  Epoch[3] Validation-mean_jerk_in_air17-accuracy=0.000000
2023-11-08 13:21:22,854 [INFO]  Epoch[4] Batch [0-4]	Speed: 14299.78 samples/sec	cross-entropy=1.660127	mean_jerk_in_air17-accuracy=0.000000
2023-11-08 13:21:22,857 [INFO]  Epoch[4] Train-cross-entropy=1.256697
2023-11-08 13:21:22,857 [INFO]  Epoch[4] Train-mean_jerk_in_air17-accuracy=0.000000
2023-11-08 13:21:22,857 [INFO]  Epoch[4] Time cost=0.009
2023-11-08 13:21:22,859 [INFO]  Saved checkpoint to "./imputer_model/imputer_model_mean_jerk_in_air17/model-0004.params"
2023-11-08 13:21:22,859 [INFO]  Epoch[4] Validation-cross-entropy=3.854156
2023-11-08 13:21:22,859 [INFO]  Epoch[4] Validation-mean_jerk_in_air17-accuracy=0.000000
2023-11-08 13:21:22,859 [INFO]  
========== done (0.06331849098205566 s) fit model
2023-11-08 13:34:43,229 [INFO]  
========== start: fit model
2023-11-08 13:34:43,229 [WARNING]  Already bound, ignoring bind()
2023-11-08 13:34:43,236 [INFO]  Epoch[0] Batch [0-4]	Speed: 14484.97 samples/sec	cross-entropy=24.114985	mean_jerk_in_air17-accuracy=0.000000
2023-11-08 13:34:43,240 [INFO]  Epoch[0] Train-cross-entropy=22.850354
2023-11-08 13:34:43,240 [INFO]  Epoch[0] Train-mean_jerk_in_air17-accuracy=0.000000
2023-11-08 13:34:43,240 [INFO]  Epoch[0] Time cost=0.010
2023-11-08 13:34:43,241 [INFO]  Saved checkpoint to "./imputer_model/imputer_model_mean_jerk_in_air17/model-0000.params"
2023-11-08 13:34:43,241 [INFO]  Epoch[0] Validation-cross-entropy=24.965647
2023-11-08 13:34:43,241 [INFO]  Epoch[0] Validation-mean_jerk_in_air17-accuracy=0.000000
2023-11-08 13:34:43,250 [INFO]  Epoch[1] Batch [0-4]	Speed: 8956.81 samples/sec	cross-entropy=34.408957	mean_jerk_in_air17-accuracy=0.000000
2023-11-08 13:34:43,256 [INFO]  Epoch[1] Train-cross-entropy=29.592650
2023-11-08 13:34:43,256 [INFO]  Epoch[1] Train-mean_jerk_in_air17-accuracy=0.000000
2023-11-08 13:34:43,256 [INFO]  Epoch[1] Time cost=0.015
2023-11-08 13:34:43,259 [INFO]  Saved checkpoint to "./imputer_model/imputer_model_mean_jerk_in_air17/model-0001.params"
2023-11-08 13:34:43,259 [INFO]  Epoch[1] Validation-cross-entropy=9.664855
2023-11-08 13:34:43,259 [INFO]  Epoch[1] Validation-mean_jerk_in_air17-accuracy=0.000000
2023-11-08 13:34:43,266 [INFO]  Epoch[2] Batch [0-4]	Speed: 12180.57 samples/sec	cross-entropy=8.360577	mean_jerk_in_air17-accuracy=0.000000
2023-11-08 13:34:43,270 [INFO]  Epoch[2] Train-cross-entropy=8.115722
2023-11-08 13:34:43,271 [INFO]  Epoch[2] Train-mean_jerk_in_air17-accuracy=0.000000
2023-11-08 13:34:43,271 [INFO]  Epoch[2] Time cost=0.011
2023-11-08 13:34:43,272 [INFO]  Saved checkpoint to "./imputer_model/imputer_model_mean_jerk_in_air17/model-0002.params"
2023-11-08 13:34:43,273 [INFO]  Epoch[2] Validation-cross-entropy=11.637363
2023-11-08 13:34:43,273 [INFO]  Epoch[2] Validation-mean_jerk_in_air17-accuracy=0.000000
2023-11-08 13:34:43,279 [INFO]  Epoch[3] Batch [0-4]	Speed: 13713.18 samples/sec	cross-entropy=4.875059	mean_jerk_in_air17-accuracy=0.000000
2023-11-08 13:34:43,283 [INFO]  Epoch[3] Train-cross-entropy=3.939549
2023-11-08 13:34:43,283 [INFO]  Epoch[3] Train-mean_jerk_in_air17-accuracy=0.000000
2023-11-08 13:34:43,283 [INFO]  Epoch[3] Time cost=0.010
2023-11-08 13:34:43,284 [INFO]  Saved checkpoint to "./imputer_model/imputer_model_mean_jerk_in_air17/model-0003.params"
2023-11-08 13:34:43,285 [INFO]  Epoch[3] Validation-cross-entropy=7.827312
2023-11-08 13:34:43,285 [INFO]  Epoch[3] Validation-mean_jerk_in_air17-accuracy=0.000000
2023-11-08 13:34:43,291 [INFO]  Epoch[4] Batch [0-4]	Speed: 13949.77 samples/sec	cross-entropy=1.719420	mean_jerk_in_air17-accuracy=0.000000
2023-11-08 13:34:43,294 [INFO]  Epoch[4] Train-cross-entropy=1.677217
2023-11-08 13:34:43,294 [INFO]  Epoch[4] Train-mean_jerk_in_air17-accuracy=0.000000
2023-11-08 13:34:43,294 [INFO]  Epoch[4] Time cost=0.009
2023-11-08 13:34:43,296 [INFO]  Saved checkpoint to "./imputer_model/imputer_model_mean_jerk_in_air17/model-0004.params"
2023-11-08 13:34:43,297 [INFO]  Epoch[4] Validation-cross-entropy=8.863247
2023-11-08 13:34:43,297 [INFO]  Epoch[4] Validation-mean_jerk_in_air17-accuracy=0.000000
2023-11-08 13:34:43,297 [INFO]  
========== done (0.06789660453796387 s) fit model
2023-11-08 13:48:03,155 [INFO]  
========== start: fit model
2023-11-08 13:48:03,156 [WARNING]  Already bound, ignoring bind()
2023-11-08 13:48:03,162 [INFO]  Epoch[0] Batch [0-4]	Speed: 14070.42 samples/sec	cross-entropy=29.397356	mean_jerk_in_air17-accuracy=2.800000
2023-11-08 13:48:03,166 [INFO]  Epoch[0] Train-cross-entropy=27.201942
2023-11-08 13:48:03,166 [INFO]  Epoch[0] Train-mean_jerk_in_air17-accuracy=3.250000
2023-11-08 13:48:03,166 [INFO]  Epoch[0] Time cost=0.010
2023-11-08 13:48:03,167 [INFO]  Saved checkpoint to "./imputer_model/imputer_model_mean_jerk_in_air17/model-0000.params"
2023-11-08 13:48:03,168 [INFO]  Epoch[0] Validation-cross-entropy=61.040607
2023-11-08 13:48:03,168 [INFO]  Epoch[0] Validation-mean_jerk_in_air17-accuracy=0.000000
2023-11-08 13:48:03,175 [INFO]  Epoch[1] Batch [0-4]	Speed: 12976.05 samples/sec	cross-entropy=47.266189	mean_jerk_in_air17-accuracy=2.800000
2023-11-08 13:48:03,178 [INFO]  Epoch[1] Train-cross-entropy=35.037953
2023-11-08 13:48:03,178 [INFO]  Epoch[1] Train-mean_jerk_in_air17-accuracy=3.250000
2023-11-08 13:48:03,178 [INFO]  Epoch[1] Time cost=0.010
2023-11-08 13:48:03,180 [INFO]  Saved checkpoint to "./imputer_model/imputer_model_mean_jerk_in_air17/model-0001.params"
2023-11-08 13:48:03,181 [INFO]  Epoch[1] Validation-cross-entropy=11.483949
2023-11-08 13:48:03,181 [INFO]  Epoch[1] Validation-mean_jerk_in_air17-accuracy=0.000000
2023-11-08 13:48:03,186 [INFO]  Epoch[2] Batch [0-4]	Speed: 14131.90 samples/sec	cross-entropy=5.549129	mean_jerk_in_air17-accuracy=2.800000
2023-11-08 13:48:03,190 [INFO]  Epoch[2] Train-cross-entropy=6.532829
2023-11-08 13:48:03,190 [INFO]  Epoch[2] Train-mean_jerk_in_air17-accuracy=3.250000
2023-11-08 13:48:03,190 [INFO]  Epoch[2] Time cost=0.010
2023-11-08 13:48:03,192 [INFO]  Saved checkpoint to "./imputer_model/imputer_model_mean_jerk_in_air17/model-0002.params"
2023-11-08 13:48:03,192 [INFO]  Epoch[2] Validation-cross-entropy=5.607295
2023-11-08 13:48:03,192 [INFO]  Epoch[2] Validation-mean_jerk_in_air17-accuracy=0.000000
2023-11-08 13:48:03,198 [INFO]  Epoch[3] Batch [0-4]	Speed: 14008.74 samples/sec	cross-entropy=4.074676	mean_jerk_in_air17-accuracy=2.800000
2023-11-08 13:48:03,202 [INFO]  Epoch[3] Train-cross-entropy=3.227667
2023-11-08 13:48:03,202 [INFO]  Epoch[3] Train-mean_jerk_in_air17-accuracy=3.250000
2023-11-08 13:48:03,202 [INFO]  Epoch[3] Time cost=0.010
2023-11-08 13:48:03,203 [INFO]  Saved checkpoint to "./imputer_model/imputer_model_mean_jerk_in_air17/model-0003.params"
2023-11-08 13:48:03,204 [INFO]  Epoch[3] Validation-cross-entropy=5.609921
2023-11-08 13:48:03,204 [INFO]  Epoch[3] Validation-mean_jerk_in_air17-accuracy=0.000000
2023-11-08 13:48:03,210 [INFO]  Epoch[4] Batch [0-4]	Speed: 14134.88 samples/sec	cross-entropy=1.816189	mean_jerk_in_air17-accuracy=2.800000
2023-11-08 13:48:03,214 [INFO]  Epoch[4] Train-cross-entropy=1.610079
2023-11-08 13:48:03,214 [INFO]  Epoch[4] Train-mean_jerk_in_air17-accuracy=3.250000
2023-11-08 13:48:03,214 [INFO]  Epoch[4] Time cost=0.009
2023-11-08 13:48:03,215 [INFO]  Saved checkpoint to "./imputer_model/imputer_model_mean_jerk_in_air17/model-0004.params"
2023-11-08 13:48:03,216 [INFO]  Epoch[4] Validation-cross-entropy=6.041410
2023-11-08 13:48:03,216 [INFO]  Epoch[4] Validation-mean_jerk_in_air17-accuracy=0.000000
2023-11-08 13:48:03,216 [INFO]  
========== done (0.060434579849243164 s) fit model
2023-11-08 14:01:26,043 [INFO]  
========== start: fit model
2023-11-08 14:01:26,044 [WARNING]  Already bound, ignoring bind()
2023-11-08 14:01:26,050 [INFO]  Epoch[0] Batch [0-4]	Speed: 14167.70 samples/sec	cross-entropy=19.708621	mean_jerk_in_air17-accuracy=3.600000
2023-11-08 14:01:26,054 [INFO]  Epoch[0] Train-cross-entropy=20.211908
2023-11-08 14:01:26,054 [INFO]  Epoch[0] Train-mean_jerk_in_air17-accuracy=3.625000
2023-11-08 14:01:26,054 [INFO]  Epoch[0] Time cost=0.010
2023-11-08 14:01:26,055 [INFO]  Saved checkpoint to "./imputer_model/imputer_model_mean_jerk_in_air17/model-0000.params"
2023-11-08 14:01:26,056 [INFO]  Epoch[0] Validation-cross-entropy=19.102854
2023-11-08 14:01:26,056 [INFO]  Epoch[0] Validation-mean_jerk_in_air17-accuracy=0.000000
2023-11-08 14:01:26,062 [INFO]  Epoch[1] Batch [0-4]	Speed: 14437.45 samples/sec	cross-entropy=40.501885	mean_jerk_in_air17-accuracy=3.600000
2023-11-08 14:01:26,065 [INFO]  Epoch[1] Train-cross-entropy=39.126304
2023-11-08 14:01:26,065 [INFO]  Epoch[1] Train-mean_jerk_in_air17-accuracy=3.625000
2023-11-08 14:01:26,065 [INFO]  Epoch[1] Time cost=0.009
2023-11-08 14:01:26,067 [INFO]  Saved checkpoint to "./imputer_model/imputer_model_mean_jerk_in_air17/model-0001.params"
2023-11-08 14:01:26,067 [INFO]  Epoch[1] Validation-cross-entropy=13.480658
2023-11-08 14:01:26,067 [INFO]  Epoch[1] Validation-mean_jerk_in_air17-accuracy=0.000000
2023-11-08 14:01:26,073 [INFO]  Epoch[2] Batch [0-4]	Speed: 14782.50 samples/sec	cross-entropy=11.560022	mean_jerk_in_air17-accuracy=3.600000
2023-11-08 14:01:26,076 [INFO]  Epoch[2] Train-cross-entropy=12.051878
2023-11-08 14:01:26,076 [INFO]  Epoch[2] Train-mean_jerk_in_air17-accuracy=3.625000
2023-11-08 14:01:26,077 [INFO]  Epoch[2] Time cost=0.009
2023-11-08 14:01:26,080 [INFO]  Saved checkpoint to "./imputer_model/imputer_model_mean_jerk_in_air17/model-0002.params"
2023-11-08 14:01:26,081 [INFO]  Epoch[2] Validation-cross-entropy=16.687664
2023-11-08 14:01:26,081 [INFO]  Epoch[2] Validation-mean_jerk_in_air17-accuracy=0.000000
2023-11-08 14:01:26,087 [INFO]  Epoch[3] Batch [0-4]	Speed: 13119.37 samples/sec	cross-entropy=5.278471	mean_jerk_in_air17-accuracy=3.600000
2023-11-08 14:01:26,090 [INFO]  Epoch[3] Train-cross-entropy=4.175104
2023-11-08 14:01:26,090 [INFO]  Epoch[3] Train-mean_jerk_in_air17-accuracy=3.625000
2023-11-08 14:01:26,091 [INFO]  Epoch[3] Time cost=0.010
2023-11-08 14:01:26,093 [INFO]  Saved checkpoint to "./imputer_model/imputer_model_mean_jerk_in_air17/model-0003.params"
2023-11-08 14:01:26,093 [INFO]  Epoch[3] Validation-cross-entropy=9.871803
2023-11-08 14:01:26,093 [INFO]  Epoch[3] Validation-mean_jerk_in_air17-accuracy=0.000000
2023-11-08 14:01:26,098 [INFO]  Epoch[4] Batch [0-4]	Speed: 17355.37 samples/sec	cross-entropy=1.748982	mean_jerk_in_air17-accuracy=3.600000
2023-11-08 14:01:26,101 [INFO]  Epoch[4] Train-cross-entropy=1.782377
2023-11-08 14:01:26,101 [INFO]  Epoch[4] Train-mean_jerk_in_air17-accuracy=3.625000
2023-11-08 14:01:26,101 [INFO]  Epoch[4] Time cost=0.008
2023-11-08 14:01:26,103 [INFO]  Saved checkpoint to "./imputer_model/imputer_model_mean_jerk_in_air17/model-0004.params"
2023-11-08 14:01:26,103 [INFO]  Epoch[4] Validation-cross-entropy=10.682485
2023-11-08 14:01:26,103 [INFO]  Epoch[4] Validation-mean_jerk_in_air17-accuracy=0.000000
2023-11-08 14:01:26,103 [INFO]  
========== done (0.059766530990600586 s) fit model
2023-11-08 14:14:51,587 [INFO]  
========== start: fit model
2023-11-08 14:14:51,587 [WARNING]  Already bound, ignoring bind()
2023-11-08 14:14:51,594 [INFO]  Epoch[0] Batch [0-4]	Speed: 13706.88 samples/sec	cross-entropy=20.911832	mean_jerk_in_air17-accuracy=3.200000
2023-11-08 14:14:51,597 [INFO]  Epoch[0] Train-cross-entropy=18.739459
2023-11-08 14:14:51,597 [INFO]  Epoch[0] Train-mean_jerk_in_air17-accuracy=3.375000
2023-11-08 14:14:51,597 [INFO]  Epoch[0] Time cost=0.010
2023-11-08 14:14:51,599 [INFO]  Saved checkpoint to "./imputer_model/imputer_model_mean_jerk_in_air17/model-0000.params"
2023-11-08 14:14:51,599 [INFO]  Epoch[0] Validation-cross-entropy=27.057558
2023-11-08 14:14:51,599 [INFO]  Epoch[0] Validation-mean_jerk_in_air17-accuracy=0.000000
2023-11-08 14:14:51,606 [INFO]  Epoch[1] Batch [0-4]	Speed: 11855.12 samples/sec	cross-entropy=32.527293	mean_jerk_in_air17-accuracy=3.200000
2023-11-08 14:14:51,611 [INFO]  Epoch[1] Train-cross-entropy=51.715580
2023-11-08 14:14:51,611 [INFO]  Epoch[1] Train-mean_jerk_in_air17-accuracy=3.375000
2023-11-08 14:14:51,611 [INFO]  Epoch[1] Time cost=0.012
2023-11-08 14:14:51,615 [INFO]  Saved checkpoint to "./imputer_model/imputer_model_mean_jerk_in_air17/model-0001.params"
2023-11-08 14:14:51,616 [INFO]  Epoch[1] Validation-cross-entropy=32.228539
2023-11-08 14:14:51,616 [INFO]  Epoch[1] Validation-mean_jerk_in_air17-accuracy=0.000000
2023-11-08 14:14:51,623 [INFO]  Epoch[2] Batch [0-4]	Speed: 11489.28 samples/sec	cross-entropy=4.228147	mean_jerk_in_air17-accuracy=3.200000
2023-11-08 14:14:51,627 [INFO]  Epoch[2] Train-cross-entropy=7.268581
2023-11-08 14:14:51,628 [INFO]  Epoch[2] Train-mean_jerk_in_air17-accuracy=3.375000
2023-11-08 14:14:51,628 [INFO]  Epoch[2] Time cost=0.012
2023-11-08 14:14:51,630 [INFO]  Saved checkpoint to "./imputer_model/imputer_model_mean_jerk_in_air17/model-0002.params"
2023-11-08 14:14:51,631 [INFO]  Epoch[2] Validation-cross-entropy=31.268110
2023-11-08 14:14:51,631 [INFO]  Epoch[2] Validation-mean_jerk_in_air17-accuracy=0.000000
2023-11-08 14:14:51,637 [INFO]  Epoch[3] Batch [0-4]	Speed: 13453.39 samples/sec	cross-entropy=4.503168	mean_jerk_in_air17-accuracy=3.200000
2023-11-08 14:14:51,640 [INFO]  Epoch[3] Train-cross-entropy=4.765140
2023-11-08 14:14:51,641 [INFO]  Epoch[3] Train-mean_jerk_in_air17-accuracy=3.375000
2023-11-08 14:14:51,641 [INFO]  Epoch[3] Time cost=0.010
2023-11-08 14:14:51,642 [INFO]  Saved checkpoint to "./imputer_model/imputer_model_mean_jerk_in_air17/model-0003.params"
2023-11-08 14:14:51,643 [INFO]  Epoch[3] Validation-cross-entropy=32.572151
2023-11-08 14:14:51,643 [INFO]  Epoch[3] Validation-mean_jerk_in_air17-accuracy=0.000000
2023-11-08 14:14:51,649 [INFO]  Epoch[4] Batch [0-4]	Speed: 14005.82 samples/sec	cross-entropy=2.281566	mean_jerk_in_air17-accuracy=3.200000
2023-11-08 14:14:51,652 [INFO]  Epoch[4] Train-cross-entropy=1.822149
2023-11-08 14:14:51,652 [INFO]  Epoch[4] Train-mean_jerk_in_air17-accuracy=3.375000
2023-11-08 14:14:51,652 [INFO]  Epoch[4] Time cost=0.009
2023-11-08 14:14:51,654 [INFO]  Saved checkpoint to "./imputer_model/imputer_model_mean_jerk_in_air17/model-0004.params"
2023-11-08 14:14:51,654 [INFO]  Epoch[4] Validation-cross-entropy=30.541952
2023-11-08 14:14:51,654 [INFO]  Epoch[4] Validation-mean_jerk_in_air17-accuracy=0.000000
2023-11-08 14:14:51,654 [INFO]  
========== done (0.06770658493041992 s) fit model
2023-11-08 14:28:28,410 [INFO]  
========== start: fit model
2023-11-08 14:28:28,410 [WARNING]  Already bound, ignoring bind()
2023-11-08 14:28:28,417 [INFO]  Epoch[0] Batch [0-4]	Speed: 13627.55 samples/sec	cross-entropy=16.649155	mean_jerk_in_air17-accuracy=4.200000
2023-11-08 14:28:28,421 [INFO]  Epoch[0] Train-cross-entropy=20.070247
2023-11-08 14:28:28,421 [INFO]  Epoch[0] Train-mean_jerk_in_air17-accuracy=3.500000
2023-11-08 14:28:28,421 [INFO]  Epoch[0] Time cost=0.010
2023-11-08 14:28:28,422 [INFO]  Saved checkpoint to "./imputer_model/imputer_model_mean_jerk_in_air17/model-0000.params"
2023-11-08 14:28:28,423 [INFO]  Epoch[0] Validation-cross-entropy=169.526138
2023-11-08 14:28:28,423 [INFO]  Epoch[0] Validation-mean_jerk_in_air17-accuracy=0.000000
2023-11-08 14:28:28,428 [INFO]  Epoch[1] Batch [0-4]	Speed: 14771.93 samples/sec	cross-entropy=26.523840	mean_jerk_in_air17-accuracy=4.200000
2023-11-08 14:28:28,432 [INFO]  Epoch[1] Train-cross-entropy=29.538663
2023-11-08 14:28:28,432 [INFO]  Epoch[1] Train-mean_jerk_in_air17-accuracy=3.500000
2023-11-08 14:28:28,432 [INFO]  Epoch[1] Time cost=0.009
2023-11-08 14:28:28,433 [INFO]  Saved checkpoint to "./imputer_model/imputer_model_mean_jerk_in_air17/model-0001.params"
2023-11-08 14:28:28,434 [INFO]  Epoch[1] Validation-cross-entropy=72.423729
2023-11-08 14:28:28,434 [INFO]  Epoch[1] Validation-mean_jerk_in_air17-accuracy=0.000000
2023-11-08 14:28:28,439 [INFO]  Epoch[2] Batch [0-4]	Speed: 15525.47 samples/sec	cross-entropy=10.387962	mean_jerk_in_air17-accuracy=4.200000
2023-11-08 14:28:28,442 [INFO]  Epoch[2] Train-cross-entropy=9.980724
2023-11-08 14:28:28,442 [INFO]  Epoch[2] Train-mean_jerk_in_air17-accuracy=3.500000
2023-11-08 14:28:28,442 [INFO]  Epoch[2] Time cost=0.008
2023-11-08 14:28:28,443 [INFO]  Saved checkpoint to "./imputer_model/imputer_model_mean_jerk_in_air17/model-0002.params"
2023-11-08 14:28:28,444 [INFO]  Epoch[2] Validation-cross-entropy=23.913717
2023-11-08 14:28:28,444 [INFO]  Epoch[2] Validation-mean_jerk_in_air17-accuracy=0.000000
2023-11-08 14:28:28,450 [INFO]  Epoch[3] Batch [0-4]	Speed: 11866.65 samples/sec	cross-entropy=4.762245	mean_jerk_in_air17-accuracy=4.200000
2023-11-08 14:28:28,455 [INFO]  Epoch[3] Train-cross-entropy=3.788738
2023-11-08 14:28:28,456 [INFO]  Epoch[3] Train-mean_jerk_in_air17-accuracy=3.500000
2023-11-08 14:28:28,456 [INFO]  Epoch[3] Time cost=0.012
2023-11-08 14:28:28,459 [INFO]  Saved checkpoint to "./imputer_model/imputer_model_mean_jerk_in_air17/model-0003.params"
2023-11-08 14:28:28,460 [INFO]  Epoch[3] Validation-cross-entropy=43.298244
2023-11-08 14:28:28,460 [INFO]  Epoch[3] Validation-mean_jerk_in_air17-accuracy=0.000000
2023-11-08 14:28:28,468 [INFO]  Epoch[4] Batch [0-4]	Speed: 11057.19 samples/sec	cross-entropy=1.615977	mean_jerk_in_air17-accuracy=4.200000
2023-11-08 14:28:28,472 [INFO]  Epoch[4] Train-cross-entropy=1.584662
2023-11-08 14:28:28,472 [INFO]  Epoch[4] Train-mean_jerk_in_air17-accuracy=3.500000
2023-11-08 14:28:28,472 [INFO]  Epoch[4] Time cost=0.012
2023-11-08 14:28:28,474 [INFO]  Saved checkpoint to "./imputer_model/imputer_model_mean_jerk_in_air17/model-0004.params"
2023-11-08 14:28:28,475 [INFO]  Epoch[4] Validation-cross-entropy=31.722883
2023-11-08 14:28:28,475 [INFO]  Epoch[4] Validation-mean_jerk_in_air17-accuracy=0.000000
2023-11-08 14:28:28,475 [INFO]  
========== done (0.06534385681152344 s) fit model
2023-11-08 14:42:32,979 [INFO]  
========== start: fit model
2023-11-08 14:42:32,980 [WARNING]  Already bound, ignoring bind()
2023-11-08 14:42:32,990 [INFO]  Epoch[0] Batch [0-4]	Speed: 9582.87 samples/sec	cross-entropy=21.502664	mean_jerk_in_air17-accuracy=0.000000
2023-11-08 14:42:32,996 [INFO]  Epoch[0] Train-cross-entropy=16.998503
2023-11-08 14:42:32,996 [INFO]  Epoch[0] Train-mean_jerk_in_air17-accuracy=0.000000
2023-11-08 14:42:32,996 [INFO]  Epoch[0] Time cost=0.016
2023-11-08 14:42:32,999 [INFO]  Saved checkpoint to "./imputer_model/imputer_model_mean_jerk_in_air17/model-0000.params"
2023-11-08 14:42:33,001 [INFO]  Epoch[0] Validation-cross-entropy=15.513284
2023-11-08 14:42:33,001 [INFO]  Epoch[0] Validation-mean_jerk_in_air17-accuracy=0.000000
2023-11-08 14:42:33,008 [INFO]  Epoch[1] Batch [0-4]	Speed: 11018.16 samples/sec	cross-entropy=28.358757	mean_jerk_in_air17-accuracy=0.000000
2023-11-08 14:42:33,013 [INFO]  Epoch[1] Train-cross-entropy=25.832501
2023-11-08 14:42:33,013 [INFO]  Epoch[1] Train-mean_jerk_in_air17-accuracy=0.000000
2023-11-08 14:42:33,013 [INFO]  Epoch[1] Time cost=0.012
2023-11-08 14:42:33,016 [INFO]  Saved checkpoint to "./imputer_model/imputer_model_mean_jerk_in_air17/model-0001.params"
2023-11-08 14:42:33,016 [INFO]  Epoch[1] Validation-cross-entropy=9.118257
2023-11-08 14:42:33,016 [INFO]  Epoch[1] Validation-mean_jerk_in_air17-accuracy=0.000000
2023-11-08 14:42:33,024 [INFO]  Epoch[2] Batch [0-4]	Speed: 10566.25 samples/sec	cross-entropy=4.356064	mean_jerk_in_air17-accuracy=0.000000
2023-11-08 14:42:33,029 [INFO]  Epoch[2] Train-cross-entropy=3.732011
2023-11-08 14:42:33,029 [INFO]  Epoch[2] Train-mean_jerk_in_air17-accuracy=0.000000
2023-11-08 14:42:33,029 [INFO]  Epoch[2] Time cost=0.013
2023-11-08 14:42:33,033 [INFO]  Saved checkpoint to "./imputer_model/imputer_model_mean_jerk_in_air17/model-0002.params"
2023-11-08 14:42:33,033 [INFO]  Epoch[2] Validation-cross-entropy=13.643085
2023-11-08 14:42:33,034 [INFO]  Epoch[2] Validation-mean_jerk_in_air17-accuracy=0.000000
2023-11-08 14:42:33,040 [INFO]  Epoch[3] Batch [0-4]	Speed: 11991.76 samples/sec	cross-entropy=2.722388	mean_jerk_in_air17-accuracy=0.000000
2023-11-08 14:42:33,044 [INFO]  Epoch[3] Train-cross-entropy=2.225557
2023-11-08 14:42:33,045 [INFO]  Epoch[3] Train-mean_jerk_in_air17-accuracy=0.000000
2023-11-08 14:42:33,045 [INFO]  Epoch[3] Time cost=0.011
2023-11-08 14:42:33,046 [INFO]  Saved checkpoint to "./imputer_model/imputer_model_mean_jerk_in_air17/model-0003.params"
2023-11-08 14:42:33,047 [INFO]  Epoch[3] Validation-cross-entropy=10.875334
2023-11-08 14:42:33,047 [INFO]  Epoch[3] Validation-mean_jerk_in_air17-accuracy=0.000000
2023-11-08 14:42:33,053 [INFO]  Epoch[4] Batch [0-4]	Speed: 13056.20 samples/sec	cross-entropy=0.977010	mean_jerk_in_air17-accuracy=0.000000
2023-11-08 14:42:33,057 [INFO]  Epoch[4] Train-cross-entropy=0.863196
2023-11-08 14:42:33,057 [INFO]  Epoch[4] Train-mean_jerk_in_air17-accuracy=0.000000
2023-11-08 14:42:33,057 [INFO]  Epoch[4] Time cost=0.010
2023-11-08 14:42:33,059 [INFO]  Saved checkpoint to "./imputer_model/imputer_model_mean_jerk_in_air17/model-0004.params"
2023-11-08 14:42:33,059 [INFO]  Epoch[4] Validation-cross-entropy=10.670894
2023-11-08 14:42:33,059 [INFO]  Epoch[4] Validation-mean_jerk_in_air17-accuracy=0.000000
2023-11-08 14:42:33,059 [INFO]  
========== done (0.07990884780883789 s) fit model
2023-11-08 14:56:37,907 [INFO]  
========== start: fit model
2023-11-08 14:56:37,907 [WARNING]  Already bound, ignoring bind()
2023-11-08 14:56:37,916 [INFO]  Epoch[0] Batch [0-4]	Speed: 10580.82 samples/sec	cross-entropy=20.192558	mean_jerk_in_air17-accuracy=3.800000
2023-11-08 14:56:37,921 [INFO]  Epoch[0] Train-cross-entropy=22.467770
2023-11-08 14:56:37,921 [INFO]  Epoch[0] Train-mean_jerk_in_air17-accuracy=3.875000
2023-11-08 14:56:37,921 [INFO]  Epoch[0] Time cost=0.013
2023-11-08 14:56:37,924 [INFO]  Saved checkpoint to "./imputer_model/imputer_model_mean_jerk_in_air17/model-0000.params"
2023-11-08 14:56:37,925 [INFO]  Epoch[0] Validation-cross-entropy=8.552485
2023-11-08 14:56:37,925 [INFO]  Epoch[0] Validation-mean_jerk_in_air17-accuracy=0.000000
2023-11-08 14:56:37,931 [INFO]  Epoch[1] Batch [0-4]	Speed: 14562.77 samples/sec	cross-entropy=34.756347	mean_jerk_in_air17-accuracy=3.800000
2023-11-08 14:56:37,934 [INFO]  Epoch[1] Train-cross-entropy=26.590612
2023-11-08 14:56:37,934 [INFO]  Epoch[1] Train-mean_jerk_in_air17-accuracy=3.875000
2023-11-08 14:56:37,934 [INFO]  Epoch[1] Time cost=0.009
2023-11-08 14:56:37,936 [INFO]  Saved checkpoint to "./imputer_model/imputer_model_mean_jerk_in_air17/model-0001.params"
2023-11-08 14:56:37,937 [INFO]  Epoch[1] Validation-cross-entropy=5.282066
2023-11-08 14:56:37,937 [INFO]  Epoch[1] Validation-mean_jerk_in_air17-accuracy=0.000000
2023-11-08 14:56:37,941 [INFO]  Epoch[2] Batch [0-4]	Speed: 20362.24 samples/sec	cross-entropy=4.423011	mean_jerk_in_air17-accuracy=3.800000
2023-11-08 14:56:37,944 [INFO]  Epoch[2] Train-cross-entropy=5.131768
2023-11-08 14:56:37,944 [INFO]  Epoch[2] Train-mean_jerk_in_air17-accuracy=3.875000
2023-11-08 14:56:37,944 [INFO]  Epoch[2] Time cost=0.007
2023-11-08 14:56:37,945 [INFO]  Saved checkpoint to "./imputer_model/imputer_model_mean_jerk_in_air17/model-0002.params"
2023-11-08 14:56:37,946 [INFO]  Epoch[2] Validation-cross-entropy=5.310256
2023-11-08 14:56:37,946 [INFO]  Epoch[2] Validation-mean_jerk_in_air17-accuracy=0.000000
2023-11-08 14:56:37,951 [INFO]  Epoch[3] Batch [0-4]	Speed: 15170.13 samples/sec	cross-entropy=2.818674	mean_jerk_in_air17-accuracy=3.800000
2023-11-08 14:56:37,953 [INFO]  Epoch[3] Train-cross-entropy=2.505911
2023-11-08 14:56:37,953 [INFO]  Epoch[3] Train-mean_jerk_in_air17-accuracy=3.875000
2023-11-08 14:56:37,953 [INFO]  Epoch[3] Time cost=0.008
2023-11-08 14:56:37,955 [INFO]  Saved checkpoint to "./imputer_model/imputer_model_mean_jerk_in_air17/model-0003.params"
2023-11-08 14:56:37,955 [INFO]  Epoch[3] Validation-cross-entropy=3.821345
2023-11-08 14:56:37,956 [INFO]  Epoch[3] Validation-mean_jerk_in_air17-accuracy=0.000000
2023-11-08 14:56:37,962 [INFO]  Epoch[4] Batch [0-4]	Speed: 13799.18 samples/sec	cross-entropy=1.019691	mean_jerk_in_air17-accuracy=3.800000
2023-11-08 14:56:37,965 [INFO]  Epoch[4] Train-cross-entropy=0.901358
2023-11-08 14:56:37,965 [INFO]  Epoch[4] Train-mean_jerk_in_air17-accuracy=3.875000
2023-11-08 14:56:37,965 [INFO]  Epoch[4] Time cost=0.010
2023-11-08 14:56:37,967 [INFO]  Saved checkpoint to "./imputer_model/imputer_model_mean_jerk_in_air17/model-0004.params"
2023-11-08 14:56:37,968 [INFO]  Epoch[4] Validation-cross-entropy=3.283414
2023-11-08 14:56:37,968 [INFO]  Epoch[4] Validation-mean_jerk_in_air17-accuracy=0.000000
2023-11-08 14:56:37,968 [INFO]  
========== done (0.060523033142089844 s) fit model
