2023-11-08 16:54:07,968 [INFO]  
========== start: fit model
2023-11-08 16:54:07,969 [WARNING]  Already bound, ignoring bind()
2023-11-08 16:54:41,384 [INFO]  Epoch[0] Batch [0-52]	Speed: 25.68 samples/sec	cross-entropy=2.837479	PAQ605-accuracy=0.000000
2023-11-08 16:54:45,211 [INFO]  Epoch[0] Train-cross-entropy=1.664383
2023-11-08 16:54:45,211 [INFO]  Epoch[0] Train-PAQ605-accuracy=0.000000
2023-11-08 16:54:45,211 [INFO]  Epoch[0] Time cost=37.241
2023-11-08 16:54:45,212 [INFO]  Saved checkpoint to "./imputer_model/imputer_model_PAQ605/model-0000.params"
2023-11-08 16:54:45,214 [INFO]  Epoch[0] Validation-cross-entropy=0.115027
2023-11-08 16:54:45,214 [INFO]  Epoch[0] Validation-PAQ605-accuracy=0.000000
2023-11-08 16:54:45,243 [INFO]  Epoch[1] Batch [0-52]	Speed: 29585.43 samples/sec	cross-entropy=0.139333	PAQ605-accuracy=0.000000
2023-11-08 16:54:45,271 [INFO]  Epoch[1] Train-cross-entropy=0.173992
2023-11-08 16:54:45,271 [INFO]  Epoch[1] Train-PAQ605-accuracy=0.000000
2023-11-08 16:54:45,271 [INFO]  Epoch[1] Time cost=0.056
2023-11-08 16:54:45,272 [INFO]  Saved checkpoint to "./imputer_model/imputer_model_PAQ605/model-0001.params"
2023-11-08 16:54:45,274 [INFO]  Epoch[1] Validation-cross-entropy=0.107504
2023-11-08 16:54:45,274 [INFO]  Epoch[1] Validation-PAQ605-accuracy=0.000000
2023-11-08 16:54:45,303 [INFO]  Epoch[2] Batch [0-52]	Speed: 29452.09 samples/sec	cross-entropy=0.082745	PAQ605-accuracy=0.000000
2023-11-08 16:54:45,330 [INFO]  Epoch[2] Train-cross-entropy=0.099648
2023-11-08 16:54:45,330 [INFO]  Epoch[2] Train-PAQ605-accuracy=0.000000
2023-11-08 16:54:45,330 [INFO]  Epoch[2] Time cost=0.056
2023-11-08 16:54:45,332 [INFO]  Saved checkpoint to "./imputer_model/imputer_model_PAQ605/model-0002.params"
2023-11-08 16:54:45,334 [INFO]  Epoch[2] Validation-cross-entropy=0.059840
2023-11-08 16:54:45,334 [INFO]  Epoch[2] Validation-PAQ605-accuracy=0.000000
2023-11-08 16:54:45,363 [INFO]  Epoch[3] Batch [0-52]	Speed: 29556.37 samples/sec	cross-entropy=0.056520	PAQ605-accuracy=0.000000
2023-11-08 16:54:45,390 [INFO]  Epoch[3] Train-cross-entropy=0.060967
2023-11-08 16:54:45,390 [INFO]  Epoch[3] Train-PAQ605-accuracy=0.000000
2023-11-08 16:54:45,390 [INFO]  Epoch[3] Time cost=0.056
2023-11-08 16:54:45,391 [INFO]  Saved checkpoint to "./imputer_model/imputer_model_PAQ605/model-0003.params"
2023-11-08 16:54:45,393 [INFO]  Epoch[3] Validation-cross-entropy=0.050824
2023-11-08 16:54:45,394 [INFO]  Epoch[3] Validation-PAQ605-accuracy=0.000000
2023-11-08 16:54:45,422 [INFO]  Epoch[4] Batch [0-52]	Speed: 29460.30 samples/sec	cross-entropy=0.077609	PAQ605-accuracy=0.000000
2023-11-08 16:55:04,431 [INFO]  Epoch[4] Train-cross-entropy=0.126336
2023-11-08 16:55:04,431 [INFO]  Epoch[4] Train-PAQ605-accuracy=0.000000
2023-11-08 16:55:04,431 [INFO]  Epoch[4] Time cost=19.038
2023-11-08 16:55:04,458 [INFO]  Saved checkpoint to "./imputer_model/imputer_model_PAQ605/model-0004.params"
2023-11-08 16:55:05,516 [INFO]  Epoch[4] Validation-cross-entropy=0.064756
2023-11-08 16:55:05,517 [INFO]  Epoch[4] Validation-PAQ605-accuracy=0.000000
2023-11-08 16:55:05,517 [INFO]  
========== done (57.54823184013367 s) fit model
