2023-11-08 12:32:39,459 [INFO]  
========== start: fit model
2023-11-08 12:32:39,459 [WARNING]  Already bound, ignoring bind()
2023-11-08 12:32:39,467 [INFO]  Epoch[0] Batch [0-4]	Speed: 14069.68 samples/sec	cross-entropy=19.096205	disp_index2-accuracy=0.000000
2023-11-08 12:32:39,470 [INFO]  Epoch[0] Train-cross-entropy=17.432823
2023-11-08 12:32:39,470 [INFO]  Epoch[0] Train-disp_index2-accuracy=0.000000
2023-11-08 12:32:39,470 [INFO]  Epoch[0] Time cost=0.010
2023-11-08 12:32:39,472 [INFO]  Saved checkpoint to "./imputer_model/imputer_model_disp_index2/model-0000.params"
2023-11-08 12:32:39,472 [INFO]  Epoch[0] Validation-cross-entropy=77.487885
2023-11-08 12:32:39,472 [INFO]  Epoch[0] Validation-disp_index2-accuracy=0.000000
2023-11-08 12:32:39,477 [INFO]  Epoch[1] Batch [0-4]	Speed: 15921.44 samples/sec	cross-entropy=60.021427	disp_index2-accuracy=0.000000
2023-11-08 12:32:39,480 [INFO]  Epoch[1] Train-cross-entropy=41.464139
2023-11-08 12:32:39,480 [INFO]  Epoch[1] Train-disp_index2-accuracy=0.000000
2023-11-08 12:32:39,480 [INFO]  Epoch[1] Time cost=0.008
2023-11-08 12:32:39,482 [INFO]  Saved checkpoint to "./imputer_model/imputer_model_disp_index2/model-0001.params"
2023-11-08 12:32:39,482 [INFO]  Epoch[1] Validation-cross-entropy=17.037968
2023-11-08 12:32:39,482 [INFO]  Epoch[1] Validation-disp_index2-accuracy=0.000000
2023-11-08 12:32:39,487 [INFO]  Epoch[2] Batch [0-4]	Speed: 17621.97 samples/sec	cross-entropy=10.776683	disp_index2-accuracy=0.000000
2023-11-08 12:32:39,490 [INFO]  Epoch[2] Train-cross-entropy=9.186563
2023-11-08 12:32:39,490 [INFO]  Epoch[2] Train-disp_index2-accuracy=0.000000
2023-11-08 12:32:39,490 [INFO]  Epoch[2] Time cost=0.008
2023-11-08 12:32:39,491 [INFO]  Saved checkpoint to "./imputer_model/imputer_model_disp_index2/model-0002.params"
2023-11-08 12:32:39,492 [INFO]  Epoch[2] Validation-cross-entropy=14.389182
2023-11-08 12:32:39,492 [INFO]  Epoch[2] Validation-disp_index2-accuracy=0.000000
2023-11-08 12:32:39,496 [INFO]  Epoch[3] Batch [0-4]	Speed: 17772.47 samples/sec	cross-entropy=7.164940	disp_index2-accuracy=0.000000
2023-11-08 12:32:39,499 [INFO]  Epoch[3] Train-cross-entropy=5.596334
2023-11-08 12:32:39,499 [INFO]  Epoch[3] Train-disp_index2-accuracy=0.000000
2023-11-08 12:32:39,499 [INFO]  Epoch[3] Time cost=0.007
2023-11-08 12:32:39,500 [INFO]  Saved checkpoint to "./imputer_model/imputer_model_disp_index2/model-0003.params"
2023-11-08 12:32:39,501 [INFO]  Epoch[3] Validation-cross-entropy=13.680747
2023-11-08 12:32:39,501 [INFO]  Epoch[3] Validation-disp_index2-accuracy=0.000000
2023-11-08 12:32:39,507 [INFO]  Epoch[4] Batch [0-4]	Speed: 11815.46 samples/sec	cross-entropy=2.915486	disp_index2-accuracy=0.000000
2023-11-08 12:32:39,512 [INFO]  Epoch[4] Train-cross-entropy=2.268111
2023-11-08 12:32:39,512 [INFO]  Epoch[4] Train-disp_index2-accuracy=0.000000
2023-11-08 12:32:39,513 [INFO]  Epoch[4] Time cost=0.012
2023-11-08 12:32:39,516 [INFO]  Saved checkpoint to "./imputer_model/imputer_model_disp_index2/model-0004.params"
2023-11-08 12:32:39,517 [INFO]  Epoch[4] Validation-cross-entropy=12.311508
2023-11-08 12:32:39,517 [INFO]  Epoch[4] Validation-disp_index2-accuracy=0.000000
2023-11-08 12:32:39,517 [INFO]  
========== done (0.05760598182678223 s) fit model
2023-11-08 13:03:41,725 [INFO]  
========== start: fit model
2023-11-08 13:03:41,725 [WARNING]  Already bound, ignoring bind()
2023-11-08 13:03:41,739 [INFO]  Epoch[0] Batch [0-4]	Speed: 10050.75 samples/sec	cross-entropy=14.278390	disp_index2-accuracy=0.000000
2023-11-08 13:03:41,744 [INFO]  Epoch[0] Train-cross-entropy=15.327546
2023-11-08 13:03:41,744 [INFO]  Epoch[0] Train-disp_index2-accuracy=0.000000
2023-11-08 13:03:41,744 [INFO]  Epoch[0] Time cost=0.018
2023-11-08 13:03:41,747 [INFO]  Saved checkpoint to "./imputer_model/imputer_model_disp_index2/model-0000.params"
2023-11-08 13:03:41,747 [INFO]  Epoch[0] Validation-cross-entropy=27.252918
2023-11-08 13:03:41,748 [INFO]  Epoch[0] Validation-disp_index2-accuracy=0.000000
2023-11-08 13:03:41,753 [INFO]  Epoch[1] Batch [0-4]	Speed: 15606.71 samples/sec	cross-entropy=31.367961	disp_index2-accuracy=0.000000
2023-11-08 13:03:41,757 [INFO]  Epoch[1] Train-cross-entropy=30.191449
2023-11-08 13:03:41,757 [INFO]  Epoch[1] Train-disp_index2-accuracy=0.000000
2023-11-08 13:03:41,757 [INFO]  Epoch[1] Time cost=0.009
2023-11-08 13:03:41,758 [INFO]  Saved checkpoint to "./imputer_model/imputer_model_disp_index2/model-0001.params"
2023-11-08 13:03:41,759 [INFO]  Epoch[1] Validation-cross-entropy=17.754566
2023-11-08 13:03:41,759 [INFO]  Epoch[1] Validation-disp_index2-accuracy=0.000000
2023-11-08 13:03:41,765 [INFO]  Epoch[2] Batch [0-4]	Speed: 15182.14 samples/sec	cross-entropy=5.826273	disp_index2-accuracy=0.000000
2023-11-08 13:03:41,767 [INFO]  Epoch[2] Train-cross-entropy=9.077893
2023-11-08 13:03:41,767 [INFO]  Epoch[2] Train-disp_index2-accuracy=0.000000
2023-11-08 13:03:41,767 [INFO]  Epoch[2] Time cost=0.008
2023-11-08 13:03:41,768 [INFO]  Saved checkpoint to "./imputer_model/imputer_model_disp_index2/model-0002.params"
2023-11-08 13:03:41,769 [INFO]  Epoch[2] Validation-cross-entropy=20.135458
2023-11-08 13:03:41,769 [INFO]  Epoch[2] Validation-disp_index2-accuracy=0.000000
2023-11-08 13:03:41,773 [INFO]  Epoch[3] Batch [0-4]	Speed: 19075.86 samples/sec	cross-entropy=2.668737	disp_index2-accuracy=0.000000
2023-11-08 13:03:41,776 [INFO]  Epoch[3] Train-cross-entropy=2.743139
2023-11-08 13:03:41,776 [INFO]  Epoch[3] Train-disp_index2-accuracy=0.000000
2023-11-08 13:03:41,776 [INFO]  Epoch[3] Time cost=0.007
2023-11-08 13:03:41,777 [INFO]  Saved checkpoint to "./imputer_model/imputer_model_disp_index2/model-0003.params"
2023-11-08 13:03:41,778 [INFO]  Epoch[3] Validation-cross-entropy=15.997245
2023-11-08 13:03:41,778 [INFO]  Epoch[3] Validation-disp_index2-accuracy=0.000000
2023-11-08 13:03:41,783 [INFO]  Epoch[4] Batch [0-4]	Speed: 16923.18 samples/sec	cross-entropy=1.789474	disp_index2-accuracy=0.000000
2023-11-08 13:03:41,786 [INFO]  Epoch[4] Train-cross-entropy=1.435530
2023-11-08 13:03:41,786 [INFO]  Epoch[4] Train-disp_index2-accuracy=0.000000
2023-11-08 13:03:41,786 [INFO]  Epoch[4] Time cost=0.008
2023-11-08 13:03:41,787 [INFO]  Saved checkpoint to "./imputer_model/imputer_model_disp_index2/model-0004.params"
2023-11-08 13:03:41,787 [INFO]  Epoch[4] Validation-cross-entropy=15.185114
2023-11-08 13:03:41,787 [INFO]  Epoch[4] Validation-disp_index2-accuracy=0.000000
2023-11-08 13:03:41,787 [INFO]  
========== done (0.0625143051147461 s) fit model
2023-11-08 13:17:09,869 [INFO]  
========== start: fit model
2023-11-08 13:17:09,869 [WARNING]  Already bound, ignoring bind()
2023-11-08 13:17:09,876 [INFO]  Epoch[0] Batch [0-4]	Speed: 12397.72 samples/sec	cross-entropy=24.114140	disp_index2-accuracy=3.200000
2023-11-08 13:17:09,881 [INFO]  Epoch[0] Train-cross-entropy=21.460206
2023-11-08 13:17:09,882 [INFO]  Epoch[0] Train-disp_index2-accuracy=2.750000
2023-11-08 13:17:09,882 [INFO]  Epoch[0] Time cost=0.012
2023-11-08 13:17:09,885 [INFO]  Saved checkpoint to "./imputer_model/imputer_model_disp_index2/model-0000.params"
2023-11-08 13:17:09,885 [INFO]  Epoch[0] Validation-cross-entropy=9.811227
2023-11-08 13:17:09,885 [INFO]  Epoch[0] Validation-disp_index2-accuracy=0.000000
2023-11-08 13:17:09,892 [INFO]  Epoch[1] Batch [0-4]	Speed: 11965.56 samples/sec	cross-entropy=27.907112	disp_index2-accuracy=3.200000
2023-11-08 13:17:09,896 [INFO]  Epoch[1] Train-cross-entropy=23.268863
2023-11-08 13:17:09,896 [INFO]  Epoch[1] Train-disp_index2-accuracy=2.750000
2023-11-08 13:17:09,896 [INFO]  Epoch[1] Time cost=0.011
2023-11-08 13:17:09,898 [INFO]  Saved checkpoint to "./imputer_model/imputer_model_disp_index2/model-0001.params"
2023-11-08 13:17:09,899 [INFO]  Epoch[1] Validation-cross-entropy=15.759636
2023-11-08 13:17:09,899 [INFO]  Epoch[1] Validation-disp_index2-accuracy=0.000000
2023-11-08 13:17:09,905 [INFO]  Epoch[2] Batch [0-4]	Speed: 13536.15 samples/sec	cross-entropy=4.345132	disp_index2-accuracy=3.200000
2023-11-08 13:17:09,909 [INFO]  Epoch[2] Train-cross-entropy=4.970407
2023-11-08 13:17:09,909 [INFO]  Epoch[2] Train-disp_index2-accuracy=2.750000
2023-11-08 13:17:09,909 [INFO]  Epoch[2] Time cost=0.010
2023-11-08 13:17:09,911 [INFO]  Saved checkpoint to "./imputer_model/imputer_model_disp_index2/model-0002.params"
2023-11-08 13:17:09,912 [INFO]  Epoch[2] Validation-cross-entropy=6.131545
2023-11-08 13:17:09,912 [INFO]  Epoch[2] Validation-disp_index2-accuracy=0.000000
2023-11-08 13:17:09,918 [INFO]  Epoch[3] Batch [0-4]	Speed: 13390.31 samples/sec	cross-entropy=3.044852	disp_index2-accuracy=3.200000
2023-11-08 13:17:09,922 [INFO]  Epoch[3] Train-cross-entropy=2.354716
2023-11-08 13:17:09,922 [INFO]  Epoch[3] Train-disp_index2-accuracy=2.750000
2023-11-08 13:17:09,922 [INFO]  Epoch[3] Time cost=0.010
2023-11-08 13:17:09,923 [INFO]  Saved checkpoint to "./imputer_model/imputer_model_disp_index2/model-0003.params"
2023-11-08 13:17:09,924 [INFO]  Epoch[3] Validation-cross-entropy=11.058554
2023-11-08 13:17:09,924 [INFO]  Epoch[3] Validation-disp_index2-accuracy=0.000000
2023-11-08 13:17:09,930 [INFO]  Epoch[4] Batch [0-4]	Speed: 14198.43 samples/sec	cross-entropy=1.088469	disp_index2-accuracy=3.200000
2023-11-08 13:17:09,933 [INFO]  Epoch[4] Train-cross-entropy=0.799184
2023-11-08 13:17:09,934 [INFO]  Epoch[4] Train-disp_index2-accuracy=2.750000
2023-11-08 13:17:09,934 [INFO]  Epoch[4] Time cost=0.009
2023-11-08 13:17:09,935 [INFO]  Saved checkpoint to "./imputer_model/imputer_model_disp_index2/model-0004.params"
2023-11-08 13:17:09,936 [INFO]  Epoch[4] Validation-cross-entropy=9.461915
2023-11-08 13:17:09,936 [INFO]  Epoch[4] Validation-disp_index2-accuracy=0.000000
2023-11-08 13:17:09,936 [INFO]  
========== done (0.0671846866607666 s) fit model
2023-11-08 13:30:30,776 [INFO]  
========== start: fit model
2023-11-08 13:30:30,776 [WARNING]  Already bound, ignoring bind()
2023-11-08 13:30:30,783 [INFO]  Epoch[0] Batch [0-4]	Speed: 14088.14 samples/sec	cross-entropy=19.265755	disp_index2-accuracy=2.600000
2023-11-08 13:30:30,786 [INFO]  Epoch[0] Train-cross-entropy=19.994394
2023-11-08 13:30:30,786 [INFO]  Epoch[0] Train-disp_index2-accuracy=3.000000
2023-11-08 13:30:30,786 [INFO]  Epoch[0] Time cost=0.010
2023-11-08 13:30:30,787 [INFO]  Saved checkpoint to "./imputer_model/imputer_model_disp_index2/model-0000.params"
2023-11-08 13:30:30,788 [INFO]  Epoch[0] Validation-cross-entropy=34.630505
2023-11-08 13:30:30,788 [INFO]  Epoch[0] Validation-disp_index2-accuracy=0.000000
2023-11-08 13:30:30,794 [INFO]  Epoch[1] Batch [0-4]	Speed: 14651.79 samples/sec	cross-entropy=41.816329	disp_index2-accuracy=2.600000
2023-11-08 13:30:30,797 [INFO]  Epoch[1] Train-cross-entropy=37.343137
2023-11-08 13:30:30,797 [INFO]  Epoch[1] Train-disp_index2-accuracy=3.000000
2023-11-08 13:30:30,797 [INFO]  Epoch[1] Time cost=0.009
2023-11-08 13:30:30,798 [INFO]  Saved checkpoint to "./imputer_model/imputer_model_disp_index2/model-0001.params"
2023-11-08 13:30:30,799 [INFO]  Epoch[1] Validation-cross-entropy=19.159534
2023-11-08 13:30:30,799 [INFO]  Epoch[1] Validation-disp_index2-accuracy=0.000000
2023-11-08 13:30:30,804 [INFO]  Epoch[2] Batch [0-4]	Speed: 15364.63 samples/sec	cross-entropy=7.743888	disp_index2-accuracy=2.600000
2023-11-08 13:30:30,807 [INFO]  Epoch[2] Train-cross-entropy=9.415055
2023-11-08 13:30:30,807 [INFO]  Epoch[2] Train-disp_index2-accuracy=3.000000
2023-11-08 13:30:30,807 [INFO]  Epoch[2] Time cost=0.008
2023-11-08 13:30:30,808 [INFO]  Saved checkpoint to "./imputer_model/imputer_model_disp_index2/model-0002.params"
2023-11-08 13:30:30,809 [INFO]  Epoch[2] Validation-cross-entropy=19.721207
2023-11-08 13:30:30,809 [INFO]  Epoch[2] Validation-disp_index2-accuracy=0.000000
2023-11-08 13:30:30,814 [INFO]  Epoch[3] Batch [0-4]	Speed: 16334.15 samples/sec	cross-entropy=4.192313	disp_index2-accuracy=2.600000
2023-11-08 13:30:30,817 [INFO]  Epoch[3] Train-cross-entropy=3.602595
2023-11-08 13:30:30,817 [INFO]  Epoch[3] Train-disp_index2-accuracy=3.000000
2023-11-08 13:30:30,817 [INFO]  Epoch[3] Time cost=0.008
2023-11-08 13:30:30,818 [INFO]  Saved checkpoint to "./imputer_model/imputer_model_disp_index2/model-0003.params"
2023-11-08 13:30:30,819 [INFO]  Epoch[3] Validation-cross-entropy=14.858549
2023-11-08 13:30:30,819 [INFO]  Epoch[3] Validation-disp_index2-accuracy=0.000000
2023-11-08 13:30:30,824 [INFO]  Epoch[4] Batch [0-4]	Speed: 16597.75 samples/sec	cross-entropy=2.321024	disp_index2-accuracy=2.600000
2023-11-08 13:30:30,827 [INFO]  Epoch[4] Train-cross-entropy=1.728412
2023-11-08 13:30:30,827 [INFO]  Epoch[4] Train-disp_index2-accuracy=3.000000
2023-11-08 13:30:30,827 [INFO]  Epoch[4] Time cost=0.008
2023-11-08 13:30:30,828 [INFO]  Saved checkpoint to "./imputer_model/imputer_model_disp_index2/model-0004.params"
2023-11-08 13:30:30,828 [INFO]  Epoch[4] Validation-cross-entropy=18.615318
2023-11-08 13:30:30,828 [INFO]  Epoch[4] Validation-disp_index2-accuracy=0.000000
2023-11-08 13:30:30,828 [INFO]  
========== done (0.05280876159667969 s) fit model
2023-11-08 13:43:50,611 [INFO]  
========== start: fit model
2023-11-08 13:43:50,611 [WARNING]  Already bound, ignoring bind()
2023-11-08 13:43:50,620 [INFO]  Epoch[0] Batch [0-4]	Speed: 10914.67 samples/sec	cross-entropy=21.830331	disp_index2-accuracy=0.000000
2023-11-08 13:43:50,624 [INFO]  Epoch[0] Train-cross-entropy=17.755830
2023-11-08 13:43:50,625 [INFO]  Epoch[0] Train-disp_index2-accuracy=0.000000
2023-11-08 13:43:50,625 [INFO]  Epoch[0] Time cost=0.013
2023-11-08 13:43:50,628 [INFO]  Saved checkpoint to "./imputer_model/imputer_model_disp_index2/model-0000.params"
2023-11-08 13:43:50,629 [INFO]  Epoch[0] Validation-cross-entropy=7.398635
2023-11-08 13:43:50,629 [INFO]  Epoch[0] Validation-disp_index2-accuracy=0.000000
2023-11-08 13:43:50,635 [INFO]  Epoch[1] Batch [0-4]	Speed: 13392.31 samples/sec	cross-entropy=31.199481	disp_index2-accuracy=0.000000
2023-11-08 13:43:50,639 [INFO]  Epoch[1] Train-cross-entropy=23.389143
2023-11-08 13:43:50,639 [INFO]  Epoch[1] Train-disp_index2-accuracy=0.000000
2023-11-08 13:43:50,639 [INFO]  Epoch[1] Time cost=0.010
2023-11-08 13:43:50,641 [INFO]  Saved checkpoint to "./imputer_model/imputer_model_disp_index2/model-0001.params"
2023-11-08 13:43:50,642 [INFO]  Epoch[1] Validation-cross-entropy=3.167494
2023-11-08 13:43:50,642 [INFO]  Epoch[1] Validation-disp_index2-accuracy=0.000000
2023-11-08 13:43:50,647 [INFO]  Epoch[2] Batch [0-4]	Speed: 17489.93 samples/sec	cross-entropy=3.532156	disp_index2-accuracy=0.000000
2023-11-08 13:43:50,650 [INFO]  Epoch[2] Train-cross-entropy=3.749854
2023-11-08 13:43:50,650 [INFO]  Epoch[2] Train-disp_index2-accuracy=0.000000
2023-11-08 13:43:50,650 [INFO]  Epoch[2] Time cost=0.008
2023-11-08 13:43:50,651 [INFO]  Saved checkpoint to "./imputer_model/imputer_model_disp_index2/model-0002.params"
2023-11-08 13:43:50,652 [INFO]  Epoch[2] Validation-cross-entropy=3.139666
2023-11-08 13:43:50,652 [INFO]  Epoch[2] Validation-disp_index2-accuracy=0.000000
2023-11-08 13:43:50,656 [INFO]  Epoch[3] Batch [0-4]	Speed: 17547.09 samples/sec	cross-entropy=2.953019	disp_index2-accuracy=0.000000
2023-11-08 13:43:50,659 [INFO]  Epoch[3] Train-cross-entropy=2.814160
2023-11-08 13:43:50,659 [INFO]  Epoch[3] Train-disp_index2-accuracy=0.000000
2023-11-08 13:43:50,659 [INFO]  Epoch[3] Time cost=0.008
2023-11-08 13:43:50,661 [INFO]  Saved checkpoint to "./imputer_model/imputer_model_disp_index2/model-0003.params"
2023-11-08 13:43:50,661 [INFO]  Epoch[3] Validation-cross-entropy=3.185332
2023-11-08 13:43:50,661 [INFO]  Epoch[3] Validation-disp_index2-accuracy=0.000000
2023-11-08 13:43:50,666 [INFO]  Epoch[4] Batch [0-4]	Speed: 16459.34 samples/sec	cross-entropy=1.011281	disp_index2-accuracy=0.000000
2023-11-08 13:43:50,669 [INFO]  Epoch[4] Train-cross-entropy=0.832598
2023-11-08 13:43:50,669 [INFO]  Epoch[4] Train-disp_index2-accuracy=0.000000
2023-11-08 13:43:50,669 [INFO]  Epoch[4] Time cost=0.008
2023-11-08 13:43:50,670 [INFO]  Saved checkpoint to "./imputer_model/imputer_model_disp_index2/model-0004.params"
2023-11-08 13:43:50,671 [INFO]  Epoch[4] Validation-cross-entropy=2.066307
2023-11-08 13:43:50,671 [INFO]  Epoch[4] Validation-disp_index2-accuracy=0.000000
2023-11-08 13:43:50,671 [INFO]  
========== done (0.05933094024658203 s) fit model
2023-11-08 13:57:12,232 [INFO]  
========== start: fit model
2023-11-08 13:57:12,233 [WARNING]  Already bound, ignoring bind()
2023-11-08 13:57:12,241 [INFO]  Epoch[0] Batch [0-4]	Speed: 9887.13 samples/sec	cross-entropy=16.646658	disp_index2-accuracy=0.000000
2023-11-08 13:57:12,246 [INFO]  Epoch[0] Train-cross-entropy=16.143702
2023-11-08 13:57:12,246 [INFO]  Epoch[0] Train-disp_index2-accuracy=0.000000
2023-11-08 13:57:12,246 [INFO]  Epoch[0] Time cost=0.013
2023-11-08 13:57:12,250 [INFO]  Saved checkpoint to "./imputer_model/imputer_model_disp_index2/model-0000.params"
2023-11-08 13:57:12,250 [INFO]  Epoch[0] Validation-cross-entropy=19.050964
2023-11-08 13:57:12,250 [INFO]  Epoch[0] Validation-disp_index2-accuracy=0.000000
2023-11-08 13:57:12,256 [INFO]  Epoch[1] Batch [0-4]	Speed: 15002.26 samples/sec	cross-entropy=35.817339	disp_index2-accuracy=0.000000
2023-11-08 13:57:12,259 [INFO]  Epoch[1] Train-cross-entropy=35.211955
2023-11-08 13:57:12,259 [INFO]  Epoch[1] Train-disp_index2-accuracy=0.000000
2023-11-08 13:57:12,260 [INFO]  Epoch[1] Time cost=0.009
2023-11-08 13:57:12,262 [INFO]  Saved checkpoint to "./imputer_model/imputer_model_disp_index2/model-0001.params"
2023-11-08 13:57:12,262 [INFO]  Epoch[1] Validation-cross-entropy=19.581007
2023-11-08 13:57:12,262 [INFO]  Epoch[1] Validation-disp_index2-accuracy=0.000000
2023-11-08 13:57:12,267 [INFO]  Epoch[2] Batch [0-4]	Speed: 16806.63 samples/sec	cross-entropy=8.986518	disp_index2-accuracy=0.000000
2023-11-08 13:57:12,270 [INFO]  Epoch[2] Train-cross-entropy=8.799270
2023-11-08 13:57:12,270 [INFO]  Epoch[2] Train-disp_index2-accuracy=0.000000
2023-11-08 13:57:12,270 [INFO]  Epoch[2] Time cost=0.008
2023-11-08 13:57:12,272 [INFO]  Saved checkpoint to "./imputer_model/imputer_model_disp_index2/model-0002.params"
2023-11-08 13:57:12,273 [INFO]  Epoch[2] Validation-cross-entropy=10.067954
2023-11-08 13:57:12,273 [INFO]  Epoch[2] Validation-disp_index2-accuracy=0.000000
2023-11-08 13:57:12,280 [INFO]  Epoch[3] Batch [0-4]	Speed: 12055.30 samples/sec	cross-entropy=5.120325	disp_index2-accuracy=0.000000
2023-11-08 13:57:12,284 [INFO]  Epoch[3] Train-cross-entropy=4.774756
2023-11-08 13:57:12,284 [INFO]  Epoch[3] Train-disp_index2-accuracy=0.000000
2023-11-08 13:57:12,284 [INFO]  Epoch[3] Time cost=0.011
2023-11-08 13:57:12,286 [INFO]  Saved checkpoint to "./imputer_model/imputer_model_disp_index2/model-0003.params"
2023-11-08 13:57:12,286 [INFO]  Epoch[3] Validation-cross-entropy=7.624228
2023-11-08 13:57:12,287 [INFO]  Epoch[3] Validation-disp_index2-accuracy=0.000000
2023-11-08 13:57:12,293 [INFO]  Epoch[4] Batch [0-4]	Speed: 13396.32 samples/sec	cross-entropy=1.885681	disp_index2-accuracy=0.000000
2023-11-08 13:57:12,296 [INFO]  Epoch[4] Train-cross-entropy=1.607403
2023-11-08 13:57:12,297 [INFO]  Epoch[4] Train-disp_index2-accuracy=0.000000
2023-11-08 13:57:12,297 [INFO]  Epoch[4] Time cost=0.010
2023-11-08 13:57:12,298 [INFO]  Saved checkpoint to "./imputer_model/imputer_model_disp_index2/model-0004.params"
2023-11-08 13:57:12,299 [INFO]  Epoch[4] Validation-cross-entropy=9.938164
2023-11-08 13:57:12,299 [INFO]  Epoch[4] Validation-disp_index2-accuracy=0.000000
2023-11-08 13:57:12,299 [INFO]  
========== done (0.0666201114654541 s) fit model
2023-11-08 14:10:36,516 [INFO]  
========== start: fit model
2023-11-08 14:10:36,516 [WARNING]  Already bound, ignoring bind()
2023-11-08 14:10:36,525 [INFO]  Epoch[0] Batch [0-4]	Speed: 10221.44 samples/sec	cross-entropy=16.864842	disp_index2-accuracy=0.000000
2023-11-08 14:10:36,530 [INFO]  Epoch[0] Train-cross-entropy=13.898911
2023-11-08 14:10:36,530 [INFO]  Epoch[0] Train-disp_index2-accuracy=0.000000
2023-11-08 14:10:36,530 [INFO]  Epoch[0] Time cost=0.013
2023-11-08 14:10:36,533 [INFO]  Saved checkpoint to "./imputer_model/imputer_model_disp_index2/model-0000.params"
2023-11-08 14:10:36,534 [INFO]  Epoch[0] Validation-cross-entropy=5.922176
2023-11-08 14:10:36,534 [INFO]  Epoch[0] Validation-disp_index2-accuracy=0.000000
2023-11-08 14:10:36,539 [INFO]  Epoch[1] Batch [0-4]	Speed: 15055.27 samples/sec	cross-entropy=35.924707	disp_index2-accuracy=0.000000
2023-11-08 14:10:36,543 [INFO]  Epoch[1] Train-cross-entropy=34.598231
2023-11-08 14:10:36,543 [INFO]  Epoch[1] Train-disp_index2-accuracy=0.000000
2023-11-08 14:10:36,543 [INFO]  Epoch[1] Time cost=0.009
2023-11-08 14:10:36,544 [INFO]  Saved checkpoint to "./imputer_model/imputer_model_disp_index2/model-0001.params"
2023-11-08 14:10:36,545 [INFO]  Epoch[1] Validation-cross-entropy=12.832447
2023-11-08 14:10:36,545 [INFO]  Epoch[1] Validation-disp_index2-accuracy=0.000000
2023-11-08 14:10:36,549 [INFO]  Epoch[2] Batch [0-4]	Speed: 20455.34 samples/sec	cross-entropy=3.498980	disp_index2-accuracy=0.000000
2023-11-08 14:10:36,552 [INFO]  Epoch[2] Train-cross-entropy=3.348011
2023-11-08 14:10:36,552 [INFO]  Epoch[2] Train-disp_index2-accuracy=0.000000
2023-11-08 14:10:36,552 [INFO]  Epoch[2] Time cost=0.007
2023-11-08 14:10:36,553 [INFO]  Saved checkpoint to "./imputer_model/imputer_model_disp_index2/model-0002.params"
2023-11-08 14:10:36,553 [INFO]  Epoch[2] Validation-cross-entropy=6.994234
2023-11-08 14:10:36,554 [INFO]  Epoch[2] Validation-disp_index2-accuracy=0.000000
2023-11-08 14:10:36,558 [INFO]  Epoch[3] Batch [0-4]	Speed: 19509.81 samples/sec	cross-entropy=2.375599	disp_index2-accuracy=0.000000
2023-11-08 14:10:36,560 [INFO]  Epoch[3] Train-cross-entropy=2.077310
2023-11-08 14:10:36,560 [INFO]  Epoch[3] Train-disp_index2-accuracy=0.000000
2023-11-08 14:10:36,560 [INFO]  Epoch[3] Time cost=0.007
2023-11-08 14:10:36,562 [INFO]  Saved checkpoint to "./imputer_model/imputer_model_disp_index2/model-0003.params"
2023-11-08 14:10:36,562 [INFO]  Epoch[3] Validation-cross-entropy=4.416296
2023-11-08 14:10:36,562 [INFO]  Epoch[3] Validation-disp_index2-accuracy=0.000000
2023-11-08 14:10:36,569 [INFO]  Epoch[4] Batch [0-4]	Speed: 10114.37 samples/sec	cross-entropy=1.116541	disp_index2-accuracy=0.000000
2023-11-08 14:10:36,574 [INFO]  Epoch[4] Train-cross-entropy=1.001573
2023-11-08 14:10:36,574 [INFO]  Epoch[4] Train-disp_index2-accuracy=0.000000
2023-11-08 14:10:36,574 [INFO]  Epoch[4] Time cost=0.012
2023-11-08 14:10:36,577 [INFO]  Saved checkpoint to "./imputer_model/imputer_model_disp_index2/model-0004.params"
2023-11-08 14:10:36,578 [INFO]  Epoch[4] Validation-cross-entropy=4.492332
2023-11-08 14:10:36,578 [INFO]  Epoch[4] Validation-disp_index2-accuracy=0.000000
2023-11-08 14:10:36,578 [INFO]  
========== done (0.061649322509765625 s) fit model
2023-11-08 14:24:08,299 [INFO]  
========== start: fit model
2023-11-08 14:24:08,299 [WARNING]  Already bound, ignoring bind()
2023-11-08 14:24:08,308 [INFO]  Epoch[0] Batch [0-4]	Speed: 10119.71 samples/sec	cross-entropy=18.594675	disp_index2-accuracy=3.000000
2023-11-08 14:24:08,313 [INFO]  Epoch[0] Train-cross-entropy=18.024875
2023-11-08 14:24:08,313 [INFO]  Epoch[0] Train-disp_index2-accuracy=2.875000
2023-11-08 14:24:08,313 [INFO]  Epoch[0] Time cost=0.013
2023-11-08 14:24:08,316 [INFO]  Saved checkpoint to "./imputer_model/imputer_model_disp_index2/model-0000.params"
2023-11-08 14:24:08,317 [INFO]  Epoch[0] Validation-cross-entropy=96.728554
2023-11-08 14:24:08,318 [INFO]  Epoch[0] Validation-disp_index2-accuracy=0.000000
2023-11-08 14:24:08,325 [INFO]  Epoch[1] Batch [0-4]	Speed: 11967.70 samples/sec	cross-entropy=31.506646	disp_index2-accuracy=3.000000
2023-11-08 14:24:08,329 [INFO]  Epoch[1] Train-cross-entropy=26.877183
2023-11-08 14:24:08,329 [INFO]  Epoch[1] Train-disp_index2-accuracy=2.875000
2023-11-08 14:24:08,329 [INFO]  Epoch[1] Time cost=0.011
2023-11-08 14:24:08,331 [INFO]  Saved checkpoint to "./imputer_model/imputer_model_disp_index2/model-0001.params"
2023-11-08 14:24:08,331 [INFO]  Epoch[1] Validation-cross-entropy=32.055599
2023-11-08 14:24:08,331 [INFO]  Epoch[1] Validation-disp_index2-accuracy=0.000000
2023-11-08 14:24:08,338 [INFO]  Epoch[2] Batch [0-4]	Speed: 13061.92 samples/sec	cross-entropy=5.236551	disp_index2-accuracy=3.000000
2023-11-08 14:24:08,341 [INFO]  Epoch[2] Train-cross-entropy=5.371803
2023-11-08 14:24:08,341 [INFO]  Epoch[2] Train-disp_index2-accuracy=2.875000
2023-11-08 14:24:08,341 [INFO]  Epoch[2] Time cost=0.010
2023-11-08 14:24:08,343 [INFO]  Saved checkpoint to "./imputer_model/imputer_model_disp_index2/model-0002.params"
2023-11-08 14:24:08,343 [INFO]  Epoch[2] Validation-cross-entropy=56.635208
2023-11-08 14:24:08,343 [INFO]  Epoch[2] Validation-disp_index2-accuracy=0.000000
2023-11-08 14:24:08,349 [INFO]  Epoch[3] Batch [0-4]	Speed: 14094.80 samples/sec	cross-entropy=4.348506	disp_index2-accuracy=3.000000
2023-11-08 14:24:08,353 [INFO]  Epoch[3] Train-cross-entropy=3.231959
2023-11-08 14:24:08,353 [INFO]  Epoch[3] Train-disp_index2-accuracy=2.875000
2023-11-08 14:24:08,353 [INFO]  Epoch[3] Time cost=0.009
2023-11-08 14:24:08,354 [INFO]  Saved checkpoint to "./imputer_model/imputer_model_disp_index2/model-0003.params"
2023-11-08 14:24:08,355 [INFO]  Epoch[3] Validation-cross-entropy=40.337055
2023-11-08 14:24:08,355 [INFO]  Epoch[3] Validation-disp_index2-accuracy=0.000000
2023-11-08 14:24:08,361 [INFO]  Epoch[4] Batch [0-4]	Speed: 13967.92 samples/sec	cross-entropy=1.749700	disp_index2-accuracy=3.000000
2023-11-08 14:24:08,364 [INFO]  Epoch[4] Train-cross-entropy=1.220012
2023-11-08 14:24:08,364 [INFO]  Epoch[4] Train-disp_index2-accuracy=2.875000
2023-11-08 14:24:08,364 [INFO]  Epoch[4] Time cost=0.009
2023-11-08 14:24:08,366 [INFO]  Saved checkpoint to "./imputer_model/imputer_model_disp_index2/model-0004.params"
2023-11-08 14:24:08,366 [INFO]  Epoch[4] Validation-cross-entropy=33.266613
2023-11-08 14:24:08,366 [INFO]  Epoch[4] Validation-disp_index2-accuracy=0.000000
2023-11-08 14:24:08,367 [INFO]  
========== done (0.06753230094909668 s) fit model
2023-11-08 14:37:59,969 [INFO]  
========== start: fit model
2023-11-08 14:37:59,969 [WARNING]  Already bound, ignoring bind()
2023-11-08 14:37:59,976 [INFO]  Epoch[0] Batch [0-4]	Speed: 14114.81 samples/sec	cross-entropy=16.600431	disp_index2-accuracy=0.000000
2023-11-08 14:37:59,979 [INFO]  Epoch[0] Train-cross-entropy=15.849113
2023-11-08 14:37:59,979 [INFO]  Epoch[0] Train-disp_index2-accuracy=0.000000
2023-11-08 14:37:59,979 [INFO]  Epoch[0] Time cost=0.010
2023-11-08 14:37:59,981 [INFO]  Saved checkpoint to "./imputer_model/imputer_model_disp_index2/model-0000.params"
2023-11-08 14:37:59,981 [INFO]  Epoch[0] Validation-cross-entropy=31.074535
2023-11-08 14:37:59,981 [INFO]  Epoch[0] Validation-disp_index2-accuracy=0.000000
2023-11-08 14:37:59,989 [INFO]  Epoch[1] Batch [0-4]	Speed: 10546.73 samples/sec	cross-entropy=40.632233	disp_index2-accuracy=0.000000
2023-11-08 14:37:59,994 [INFO]  Epoch[1] Train-cross-entropy=28.506300
2023-11-08 14:37:59,994 [INFO]  Epoch[1] Train-disp_index2-accuracy=0.000000
2023-11-08 14:37:59,994 [INFO]  Epoch[1] Time cost=0.013
2023-11-08 14:37:59,997 [INFO]  Saved checkpoint to "./imputer_model/imputer_model_disp_index2/model-0001.params"
2023-11-08 14:37:59,997 [INFO]  Epoch[1] Validation-cross-entropy=35.864017
2023-11-08 14:37:59,997 [INFO]  Epoch[1] Validation-disp_index2-accuracy=0.000000
2023-11-08 14:38:00,002 [INFO]  Epoch[2] Batch [0-4]	Speed: 17259.40 samples/sec	cross-entropy=4.681194	disp_index2-accuracy=0.000000
2023-11-08 14:38:00,005 [INFO]  Epoch[2] Train-cross-entropy=3.651071
2023-11-08 14:38:00,005 [INFO]  Epoch[2] Train-disp_index2-accuracy=0.000000
2023-11-08 14:38:00,005 [INFO]  Epoch[2] Time cost=0.008
2023-11-08 14:38:00,007 [INFO]  Saved checkpoint to "./imputer_model/imputer_model_disp_index2/model-0002.params"
2023-11-08 14:38:00,008 [INFO]  Epoch[2] Validation-cross-entropy=34.689312
2023-11-08 14:38:00,008 [INFO]  Epoch[2] Validation-disp_index2-accuracy=0.000000
2023-11-08 14:38:00,012 [INFO]  Epoch[3] Batch [0-4]	Speed: 19262.02 samples/sec	cross-entropy=4.009825	disp_index2-accuracy=0.000000
2023-11-08 14:38:00,015 [INFO]  Epoch[3] Train-cross-entropy=3.065846
2023-11-08 14:38:00,015 [INFO]  Epoch[3] Train-disp_index2-accuracy=0.000000
2023-11-08 14:38:00,015 [INFO]  Epoch[3] Time cost=0.007
2023-11-08 14:38:00,016 [INFO]  Saved checkpoint to "./imputer_model/imputer_model_disp_index2/model-0003.params"
2023-11-08 14:38:00,017 [INFO]  Epoch[3] Validation-cross-entropy=31.163832
2023-11-08 14:38:00,017 [INFO]  Epoch[3] Validation-disp_index2-accuracy=0.000000
2023-11-08 14:38:00,022 [INFO]  Epoch[4] Batch [0-4]	Speed: 16740.60 samples/sec	cross-entropy=1.355134	disp_index2-accuracy=0.000000
2023-11-08 14:38:00,025 [INFO]  Epoch[4] Train-cross-entropy=1.013198
2023-11-08 14:38:00,025 [INFO]  Epoch[4] Train-disp_index2-accuracy=0.000000
2023-11-08 14:38:00,025 [INFO]  Epoch[4] Time cost=0.008
2023-11-08 14:38:00,026 [INFO]  Saved checkpoint to "./imputer_model/imputer_model_disp_index2/model-0004.params"
2023-11-08 14:38:00,026 [INFO]  Epoch[4] Validation-cross-entropy=29.897758
2023-11-08 14:38:00,027 [INFO]  Epoch[4] Validation-disp_index2-accuracy=0.000000
2023-11-08 14:38:00,027 [INFO]  
========== done (0.057769775390625 s) fit model
2023-11-08 14:52:05,965 [INFO]  
========== start: fit model
2023-11-08 14:52:05,965 [WARNING]  Already bound, ignoring bind()
2023-11-08 14:52:05,976 [INFO]  Epoch[0] Batch [0-4]	Speed: 14866.83 samples/sec	cross-entropy=16.793274	disp_index2-accuracy=0.000000
2023-11-08 14:52:05,979 [INFO]  Epoch[0] Train-cross-entropy=15.530984
2023-11-08 14:52:05,979 [INFO]  Epoch[0] Train-disp_index2-accuracy=0.000000
2023-11-08 14:52:05,979 [INFO]  Epoch[0] Time cost=0.012
2023-11-08 14:52:05,980 [INFO]  Saved checkpoint to "./imputer_model/imputer_model_disp_index2/model-0000.params"
2023-11-08 14:52:05,981 [INFO]  Epoch[0] Validation-cross-entropy=3.994639
2023-11-08 14:52:05,981 [INFO]  Epoch[0] Validation-disp_index2-accuracy=0.000000
2023-11-08 14:52:05,985 [INFO]  Epoch[1] Batch [0-4]	Speed: 19989.24 samples/sec	cross-entropy=32.767365	disp_index2-accuracy=0.000000
2023-11-08 14:52:05,988 [INFO]  Epoch[1] Train-cross-entropy=24.445781
2023-11-08 14:52:05,988 [INFO]  Epoch[1] Train-disp_index2-accuracy=0.000000
2023-11-08 14:52:05,988 [INFO]  Epoch[1] Time cost=0.007
2023-11-08 14:52:05,989 [INFO]  Saved checkpoint to "./imputer_model/imputer_model_disp_index2/model-0001.params"
2023-11-08 14:52:05,990 [INFO]  Epoch[1] Validation-cross-entropy=4.271970
2023-11-08 14:52:05,990 [INFO]  Epoch[1] Validation-disp_index2-accuracy=0.000000
2023-11-08 14:52:05,994 [INFO]  Epoch[2] Batch [0-4]	Speed: 19654.08 samples/sec	cross-entropy=3.223097	disp_index2-accuracy=0.000000
2023-11-08 14:52:05,996 [INFO]  Epoch[2] Train-cross-entropy=4.387870
2023-11-08 14:52:05,996 [INFO]  Epoch[2] Train-disp_index2-accuracy=0.000000
2023-11-08 14:52:05,996 [INFO]  Epoch[2] Time cost=0.007
2023-11-08 14:52:05,997 [INFO]  Saved checkpoint to "./imputer_model/imputer_model_disp_index2/model-0002.params"
2023-11-08 14:52:05,998 [INFO]  Epoch[2] Validation-cross-entropy=1.876521
2023-11-08 14:52:05,998 [INFO]  Epoch[2] Validation-disp_index2-accuracy=0.000000
2023-11-08 14:52:06,002 [INFO]  Epoch[3] Batch [0-4]	Speed: 20715.81 samples/sec	cross-entropy=2.451131	disp_index2-accuracy=0.000000
2023-11-08 14:52:06,004 [INFO]  Epoch[3] Train-cross-entropy=2.186322
2023-11-08 14:52:06,004 [INFO]  Epoch[3] Train-disp_index2-accuracy=0.000000
2023-11-08 14:52:06,004 [INFO]  Epoch[3] Time cost=0.007
2023-11-08 14:52:06,006 [INFO]  Saved checkpoint to "./imputer_model/imputer_model_disp_index2/model-0003.params"
2023-11-08 14:52:06,006 [INFO]  Epoch[3] Validation-cross-entropy=4.147209
2023-11-08 14:52:06,006 [INFO]  Epoch[3] Validation-disp_index2-accuracy=0.000000
2023-11-08 14:52:06,010 [INFO]  Epoch[4] Batch [0-4]	Speed: 19274.46 samples/sec	cross-entropy=1.099701	disp_index2-accuracy=0.000000
2023-11-08 14:52:06,013 [INFO]  Epoch[4] Train-cross-entropy=1.067979
2023-11-08 14:52:06,013 [INFO]  Epoch[4] Train-disp_index2-accuracy=0.000000
2023-11-08 14:52:06,013 [INFO]  Epoch[4] Time cost=0.007
2023-11-08 14:52:06,014 [INFO]  Saved checkpoint to "./imputer_model/imputer_model_disp_index2/model-0004.params"
2023-11-08 14:52:06,015 [INFO]  Epoch[4] Validation-cross-entropy=1.441360
2023-11-08 14:52:06,015 [INFO]  Epoch[4] Validation-disp_index2-accuracy=0.000000
2023-11-08 14:52:06,015 [INFO]  
========== done (0.049877166748046875 s) fit model
