2024-04-02 12:13:13,742 [INFO]  
========== start: fit model
2024-04-02 12:13:13,742 [WARNING]  Already bound, ignoring bind()
2024-04-02 12:13:13,787 [INFO]  Epoch[0] Batch [0-3]	Speed: 2474.09 samples/sec	cross-entropy=12.464344	mult-accuracy=3.000000
2024-04-02 12:13:13,789 [INFO]  Epoch[0] Train-cross-entropy=18.627515
2024-04-02 12:13:13,789 [INFO]  Epoch[0] Train-mult-accuracy=2.833333
2024-04-02 12:13:13,789 [INFO]  Epoch[0] Time cost=0.046
2024-04-02 12:13:13,790 [INFO]  Saved checkpoint to "./imputer_model/imputer_model_mult/model-0000.params"
2024-04-02 12:13:13,791 [INFO]  Epoch[0] Validation-cross-entropy=23.829170
2024-04-02 12:13:13,791 [INFO]  Epoch[0] Validation-mult-accuracy=0.000000
2024-04-02 12:13:13,794 [INFO]  Epoch[1] Batch [0-3]	Speed: 25081.18 samples/sec	cross-entropy=6.268438	mult-accuracy=3.000000
2024-04-02 12:13:13,795 [INFO]  Epoch[1] Train-cross-entropy=9.379753
2024-04-02 12:13:13,795 [INFO]  Epoch[1] Train-mult-accuracy=2.833333
2024-04-02 12:13:13,795 [INFO]  Epoch[1] Time cost=0.004
2024-04-02 12:13:13,796 [INFO]  Saved checkpoint to "./imputer_model/imputer_model_mult/model-0001.params"
2024-04-02 12:13:13,797 [INFO]  Epoch[1] Validation-cross-entropy=12.559837
2024-04-02 12:13:13,797 [INFO]  Epoch[1] Validation-mult-accuracy=0.000000
2024-04-02 12:13:13,800 [INFO]  Epoch[2] Batch [0-3]	Speed: 21655.01 samples/sec	cross-entropy=2.982893	mult-accuracy=3.000000
2024-04-02 12:13:13,801 [INFO]  Epoch[2] Train-cross-entropy=4.290675
2024-04-02 12:13:13,801 [INFO]  Epoch[2] Train-mult-accuracy=2.833333
2024-04-02 12:13:13,801 [INFO]  Epoch[2] Time cost=0.004
2024-04-02 12:13:13,803 [INFO]  Saved checkpoint to "./imputer_model/imputer_model_mult/model-0002.params"
2024-04-02 12:13:13,803 [INFO]  Epoch[2] Validation-cross-entropy=4.992413
2024-04-02 12:13:13,803 [INFO]  Epoch[2] Validation-mult-accuracy=0.000000
2024-04-02 12:13:13,806 [INFO]  Epoch[3] Batch [0-3]	Speed: 25699.08 samples/sec	cross-entropy=1.367921	mult-accuracy=3.000000
2024-04-02 12:13:13,807 [INFO]  Epoch[3] Train-cross-entropy=1.867228
2024-04-02 12:13:13,807 [INFO]  Epoch[3] Train-mult-accuracy=2.833333
2024-04-02 12:13:13,807 [INFO]  Epoch[3] Time cost=0.004
2024-04-02 12:13:13,809 [INFO]  Saved checkpoint to "./imputer_model/imputer_model_mult/model-0003.params"
2024-04-02 12:13:13,809 [INFO]  Epoch[3] Validation-cross-entropy=2.267392
2024-04-02 12:13:13,809 [INFO]  Epoch[3] Validation-mult-accuracy=0.000000
2024-04-02 12:13:13,812 [INFO]  Epoch[4] Batch [0-3]	Speed: 24972.29 samples/sec	cross-entropy=0.927601	mult-accuracy=3.000000
2024-04-02 12:13:13,813 [INFO]  Epoch[4] Train-cross-entropy=1.072319
2024-04-02 12:13:13,813 [INFO]  Epoch[4] Train-mult-accuracy=2.833333
2024-04-02 12:13:13,813 [INFO]  Epoch[4] Time cost=0.004
2024-04-02 12:13:13,815 [INFO]  Saved checkpoint to "./imputer_model/imputer_model_mult/model-0004.params"
2024-04-02 12:13:13,815 [INFO]  Epoch[4] Validation-cross-entropy=1.642442
2024-04-02 12:13:13,815 [INFO]  Epoch[4] Validation-mult-accuracy=0.000000
2024-04-02 12:13:13,815 [INFO]  
========== done (0.07314920425415039 s) fit model
2024-04-02 12:13:17,496 [INFO]  
========== start: fit model
2024-04-02 12:13:17,496 [WARNING]  Already bound, ignoring bind()
2024-04-02 12:13:17,500 [INFO]  Epoch[0] Batch [0-3]	Speed: 23304.39 samples/sec	cross-entropy=30.868256	mult-accuracy=0.000000
2024-04-02 12:13:17,501 [INFO]  Epoch[0] Train-cross-entropy=22.691181
2024-04-02 12:13:17,501 [INFO]  Epoch[0] Train-mult-accuracy=0.000000
2024-04-02 12:13:17,501 [INFO]  Epoch[0] Time cost=0.005
2024-04-02 12:13:17,503 [INFO]  Saved checkpoint to "./imputer_model/imputer_model_mult/model-0000.params"
2024-04-02 12:13:17,503 [INFO]  Epoch[0] Validation-cross-entropy=3.767742
2024-04-02 12:13:17,503 [INFO]  Epoch[0] Validation-mult-accuracy=0.000000
2024-04-02 12:13:17,506 [INFO]  Epoch[1] Batch [0-3]	Speed: 22477.01 samples/sec	cross-entropy=16.996174	mult-accuracy=0.000000
2024-04-02 12:13:17,507 [INFO]  Epoch[1] Train-cross-entropy=12.520171
2024-04-02 12:13:17,508 [INFO]  Epoch[1] Train-mult-accuracy=0.000000
2024-04-02 12:13:17,508 [INFO]  Epoch[1] Time cost=0.004
2024-04-02 12:13:17,509 [INFO]  Saved checkpoint to "./imputer_model/imputer_model_mult/model-0001.params"
2024-04-02 12:13:17,509 [INFO]  Epoch[1] Validation-cross-entropy=1.673188
2024-04-02 12:13:17,509 [INFO]  Epoch[1] Validation-mult-accuracy=0.000000
2024-04-02 12:13:17,512 [INFO]  Epoch[2] Batch [0-3]	Speed: 24406.18 samples/sec	cross-entropy=9.527664	mult-accuracy=0.000000
2024-04-02 12:13:17,513 [INFO]  Epoch[2] Train-cross-entropy=7.120727
2024-04-02 12:13:17,514 [INFO]  Epoch[2] Train-mult-accuracy=0.000000
2024-04-02 12:13:17,514 [INFO]  Epoch[2] Time cost=0.004
2024-04-02 12:13:17,515 [INFO]  Saved checkpoint to "./imputer_model/imputer_model_mult/model-0002.params"
2024-04-02 12:13:17,515 [INFO]  Epoch[2] Validation-cross-entropy=1.070323
2024-04-02 12:13:17,515 [INFO]  Epoch[2] Validation-mult-accuracy=0.000000
2024-04-02 12:13:17,518 [INFO]  Epoch[3] Batch [0-3]	Speed: 26872.21 samples/sec	cross-entropy=5.165597	mult-accuracy=0.000000
2024-04-02 12:13:17,519 [INFO]  Epoch[3] Train-cross-entropy=3.973923
2024-04-02 12:13:17,519 [INFO]  Epoch[3] Train-mult-accuracy=0.000000
2024-04-02 12:13:17,519 [INFO]  Epoch[3] Time cost=0.004
2024-04-02 12:13:17,520 [INFO]  Saved checkpoint to "./imputer_model/imputer_model_mult/model-0003.params"
2024-04-02 12:13:17,521 [INFO]  Epoch[3] Validation-cross-entropy=0.693822
2024-04-02 12:13:17,521 [INFO]  Epoch[3] Validation-mult-accuracy=0.000000
2024-04-02 12:13:17,523 [INFO]  Epoch[4] Batch [0-3]	Speed: 28032.11 samples/sec	cross-entropy=2.608143	mult-accuracy=0.000000
2024-04-02 12:13:17,525 [INFO]  Epoch[4] Train-cross-entropy=2.055051
2024-04-02 12:13:17,525 [INFO]  Epoch[4] Train-mult-accuracy=0.000000
2024-04-02 12:13:17,525 [INFO]  Epoch[4] Time cost=0.004
2024-04-02 12:13:17,526 [INFO]  Saved checkpoint to "./imputer_model/imputer_model_mult/model-0004.params"
2024-04-02 12:13:17,526 [INFO]  Epoch[4] Validation-cross-entropy=0.504589
2024-04-02 12:13:17,526 [INFO]  Epoch[4] Validation-mult-accuracy=0.000000
2024-04-02 12:13:17,526 [INFO]  
========== done (0.030693531036376953 s) fit model
2024-04-02 12:13:19,757 [INFO]  
========== start: fit model
2024-04-02 12:13:19,758 [WARNING]  Already bound, ignoring bind()
2024-04-02 12:13:19,764 [INFO]  Epoch[0] Batch [0-3]	Speed: 17063.02 samples/sec	cross-entropy=24.833423	mult-accuracy=2.000000
2024-04-02 12:13:19,766 [INFO]  Epoch[0] Train-cross-entropy=17.977404
2024-04-02 12:13:19,766 [INFO]  Epoch[0] Train-mult-accuracy=2.500000
2024-04-02 12:13:19,766 [INFO]  Epoch[0] Time cost=0.007
2024-04-02 12:13:19,768 [INFO]  Saved checkpoint to "./imputer_model/imputer_model_mult/model-0000.params"
2024-04-02 12:13:19,769 [INFO]  Epoch[0] Validation-cross-entropy=11.386807
2024-04-02 12:13:19,769 [INFO]  Epoch[0] Validation-mult-accuracy=0.000000
2024-04-02 12:13:19,772 [INFO]  Epoch[1] Batch [0-3]	Speed: 24273.76 samples/sec	cross-entropy=11.805094	mult-accuracy=2.000000
2024-04-02 12:13:19,773 [INFO]  Epoch[1] Train-cross-entropy=8.555394
2024-04-02 12:13:19,773 [INFO]  Epoch[1] Train-mult-accuracy=2.500000
2024-04-02 12:13:19,773 [INFO]  Epoch[1] Time cost=0.004
2024-04-02 12:13:19,775 [INFO]  Saved checkpoint to "./imputer_model/imputer_model_mult/model-0001.params"
2024-04-02 12:13:19,775 [INFO]  Epoch[1] Validation-cross-entropy=5.910528
2024-04-02 12:13:19,775 [INFO]  Epoch[1] Validation-mult-accuracy=0.000000
2024-04-02 12:13:19,778 [INFO]  Epoch[2] Batch [0-3]	Speed: 22859.84 samples/sec	cross-entropy=6.342185	mult-accuracy=2.000000
2024-04-02 12:13:19,779 [INFO]  Epoch[2] Train-cross-entropy=4.646790
2024-04-02 12:13:19,779 [INFO]  Epoch[2] Train-mult-accuracy=2.500000
2024-04-02 12:13:19,780 [INFO]  Epoch[2] Time cost=0.004
2024-04-02 12:13:19,781 [INFO]  Saved checkpoint to "./imputer_model/imputer_model_mult/model-0002.params"
2024-04-02 12:13:19,781 [INFO]  Epoch[2] Validation-cross-entropy=2.817613
2024-04-02 12:13:19,781 [INFO]  Epoch[2] Validation-mult-accuracy=0.000000
2024-04-02 12:13:19,784 [INFO]  Epoch[3] Batch [0-3]	Speed: 27436.17 samples/sec	cross-entropy=3.326967	mult-accuracy=2.000000
2024-04-02 12:13:19,785 [INFO]  Epoch[3] Train-cross-entropy=2.618716
2024-04-02 12:13:19,785 [INFO]  Epoch[3] Train-mult-accuracy=2.500000
2024-04-02 12:13:19,785 [INFO]  Epoch[3] Time cost=0.004
2024-04-02 12:13:19,787 [INFO]  Saved checkpoint to "./imputer_model/imputer_model_mult/model-0003.params"
2024-04-02 12:13:19,787 [INFO]  Epoch[3] Validation-cross-entropy=1.410383
2024-04-02 12:13:19,787 [INFO]  Epoch[3] Validation-mult-accuracy=0.000000
2024-04-02 12:13:19,790 [INFO]  Epoch[4] Batch [0-3]	Speed: 27692.79 samples/sec	cross-entropy=2.182357	mult-accuracy=2.000000
2024-04-02 12:13:19,791 [INFO]  Epoch[4] Train-cross-entropy=1.823465
2024-04-02 12:13:19,791 [INFO]  Epoch[4] Train-mult-accuracy=2.500000
2024-04-02 12:13:19,791 [INFO]  Epoch[4] Time cost=0.004
2024-04-02 12:13:19,793 [INFO]  Saved checkpoint to "./imputer_model/imputer_model_mult/model-0004.params"
2024-04-02 12:13:19,793 [INFO]  Epoch[4] Validation-cross-entropy=0.704854
2024-04-02 12:13:19,793 [INFO]  Epoch[4] Validation-mult-accuracy=0.000000
2024-04-02 12:13:19,793 [INFO]  
========== done (0.035738229751586914 s) fit model
2024-04-02 12:13:21,995 [INFO]  
========== start: fit model
2024-04-02 12:13:21,995 [WARNING]  Already bound, ignoring bind()
2024-04-02 12:13:21,999 [INFO]  Epoch[0] Batch [0-3]	Speed: 22544.97 samples/sec	cross-entropy=21.637266	mult-accuracy=0.000000
2024-04-02 12:13:22,001 [INFO]  Epoch[0] Train-cross-entropy=17.075443
2024-04-02 12:13:22,001 [INFO]  Epoch[0] Train-mult-accuracy=0.000000
2024-04-02 12:13:22,001 [INFO]  Epoch[0] Time cost=0.005
2024-04-02 12:13:22,002 [INFO]  Saved checkpoint to "./imputer_model/imputer_model_mult/model-0000.params"
2024-04-02 12:13:22,003 [INFO]  Epoch[0] Validation-cross-entropy=7.006208
2024-04-02 12:13:22,003 [INFO]  Epoch[0] Validation-mult-accuracy=0.000000
2024-04-02 12:13:22,006 [INFO]  Epoch[1] Batch [0-3]	Speed: 23420.96 samples/sec	cross-entropy=11.671609	mult-accuracy=0.000000
2024-04-02 12:13:22,007 [INFO]  Epoch[1] Train-cross-entropy=9.016336
2024-04-02 12:13:22,008 [INFO]  Epoch[1] Train-mult-accuracy=0.000000
2024-04-02 12:13:22,008 [INFO]  Epoch[1] Time cost=0.004
2024-04-02 12:13:22,037 [INFO]  Saved checkpoint to "./imputer_model/imputer_model_mult/model-0001.params"
2024-04-02 12:13:22,038 [INFO]  Epoch[1] Validation-cross-entropy=4.885813
2024-04-02 12:13:22,038 [INFO]  Epoch[1] Validation-mult-accuracy=0.000000
2024-04-02 12:13:22,044 [INFO]  Epoch[2] Batch [0-3]	Speed: 10800.78 samples/sec	cross-entropy=5.930319	mult-accuracy=0.000000
2024-04-02 12:13:22,047 [INFO]  Epoch[2] Train-cross-entropy=4.535601
2024-04-02 12:13:22,047 [INFO]  Epoch[2] Train-mult-accuracy=0.000000
2024-04-02 12:13:22,047 [INFO]  Epoch[2] Time cost=0.008
2024-04-02 12:13:22,069 [INFO]  Saved checkpoint to "./imputer_model/imputer_model_mult/model-0002.params"
2024-04-02 12:13:22,070 [INFO]  Epoch[2] Validation-cross-entropy=3.211550
2024-04-02 12:13:22,070 [INFO]  Epoch[2] Validation-mult-accuracy=0.000000
2024-04-02 12:13:22,076 [INFO]  Epoch[3] Batch [0-3]	Speed: 13596.72 samples/sec	cross-entropy=2.867904	mult-accuracy=0.000000
2024-04-02 12:13:22,078 [INFO]  Epoch[3] Train-cross-entropy=2.333084
2024-04-02 12:13:22,078 [INFO]  Epoch[3] Train-mult-accuracy=0.000000
2024-04-02 12:13:22,078 [INFO]  Epoch[3] Time cost=0.008
2024-04-02 12:13:22,081 [INFO]  Saved checkpoint to "./imputer_model/imputer_model_mult/model-0003.params"
2024-04-02 12:13:22,081 [INFO]  Epoch[3] Validation-cross-entropy=1.927627
2024-04-02 12:13:22,081 [INFO]  Epoch[3] Validation-mult-accuracy=0.000000
2024-04-02 12:13:22,086 [INFO]  Epoch[4] Batch [0-3]	Speed: 16378.67 samples/sec	cross-entropy=1.578279	mult-accuracy=0.000000
2024-04-02 12:13:22,088 [INFO]  Epoch[4] Train-cross-entropy=1.417838
2024-04-02 12:13:22,088 [INFO]  Epoch[4] Train-mult-accuracy=0.000000
2024-04-02 12:13:22,088 [INFO]  Epoch[4] Time cost=0.006
2024-04-02 12:13:22,090 [INFO]  Saved checkpoint to "./imputer_model/imputer_model_mult/model-0004.params"
2024-04-02 12:13:22,090 [INFO]  Epoch[4] Validation-cross-entropy=1.050924
2024-04-02 12:13:22,090 [INFO]  Epoch[4] Validation-mult-accuracy=0.000000
2024-04-02 12:13:22,090 [INFO]  
========== done (0.09556365013122559 s) fit model
2024-04-02 12:13:25,125 [INFO]  
========== start: fit model
2024-04-02 12:13:25,126 [WARNING]  Already bound, ignoring bind()
2024-04-02 12:13:25,129 [INFO]  Epoch[0] Batch [0-3]	Speed: 26241.74 samples/sec	cross-entropy=20.018267	mult-accuracy=3.250000
2024-04-02 12:13:25,131 [INFO]  Epoch[0] Train-cross-entropy=15.932513
2024-04-02 12:13:25,131 [INFO]  Epoch[0] Train-mult-accuracy=3.166667
2024-04-02 12:13:25,131 [INFO]  Epoch[0] Time cost=0.004
2024-04-02 12:13:25,132 [INFO]  Saved checkpoint to "./imputer_model/imputer_model_mult/model-0000.params"
2024-04-02 12:13:25,133 [INFO]  Epoch[0] Validation-cross-entropy=3.317573
2024-04-02 12:13:25,133 [INFO]  Epoch[0] Validation-mult-accuracy=0.000000
2024-04-02 12:13:25,135 [INFO]  Epoch[1] Batch [0-3]	Speed: 26098.86 samples/sec	cross-entropy=8.398179	mult-accuracy=3.250000
2024-04-02 12:13:25,137 [INFO]  Epoch[1] Train-cross-entropy=6.729747
2024-04-02 12:13:25,137 [INFO]  Epoch[1] Train-mult-accuracy=3.166667
2024-04-02 12:13:25,137 [INFO]  Epoch[1] Time cost=0.004
2024-04-02 12:13:25,138 [INFO]  Saved checkpoint to "./imputer_model/imputer_model_mult/model-0001.params"
2024-04-02 12:13:25,138 [INFO]  Epoch[1] Validation-cross-entropy=0.826796
2024-04-02 12:13:25,138 [INFO]  Epoch[1] Validation-mult-accuracy=0.000000
2024-04-02 12:13:25,141 [INFO]  Epoch[2] Batch [0-3]	Speed: 23109.11 samples/sec	cross-entropy=3.218212	mult-accuracy=3.250000
2024-04-02 12:13:25,143 [INFO]  Epoch[2] Train-cross-entropy=2.743073
2024-04-02 12:13:25,143 [INFO]  Epoch[2] Train-mult-accuracy=3.166667
2024-04-02 12:13:25,143 [INFO]  Epoch[2] Time cost=0.004
2024-04-02 12:13:25,144 [INFO]  Saved checkpoint to "./imputer_model/imputer_model_mult/model-0002.params"
2024-04-02 12:13:25,144 [INFO]  Epoch[2] Validation-cross-entropy=0.299132
2024-04-02 12:13:25,144 [INFO]  Epoch[2] Validation-mult-accuracy=0.000000
2024-04-02 12:13:25,147 [INFO]  Epoch[3] Batch [0-3]	Speed: 28051.64 samples/sec	cross-entropy=1.385633	mult-accuracy=3.250000
2024-04-02 12:13:25,148 [INFO]  Epoch[3] Train-cross-entropy=1.266816
2024-04-02 12:13:25,148 [INFO]  Epoch[3] Train-mult-accuracy=3.166667
2024-04-02 12:13:25,148 [INFO]  Epoch[3] Time cost=0.004
2024-04-02 12:13:25,149 [INFO]  Saved checkpoint to "./imputer_model/imputer_model_mult/model-0003.params"
2024-04-02 12:13:25,150 [INFO]  Epoch[3] Validation-cross-entropy=0.293330
2024-04-02 12:13:25,150 [INFO]  Epoch[3] Validation-mult-accuracy=0.000000
2024-04-02 12:13:25,152 [INFO]  Epoch[4] Batch [0-3]	Speed: 27503.63 samples/sec	cross-entropy=0.998791	mult-accuracy=3.250000
2024-04-02 12:13:25,154 [INFO]  Epoch[4] Train-cross-entropy=0.836242
2024-04-02 12:13:25,154 [INFO]  Epoch[4] Train-mult-accuracy=3.166667
2024-04-02 12:13:25,154 [INFO]  Epoch[4] Time cost=0.004
2024-04-02 12:13:25,155 [INFO]  Saved checkpoint to "./imputer_model/imputer_model_mult/model-0004.params"
2024-04-02 12:13:25,155 [INFO]  Epoch[4] Validation-cross-entropy=0.442769
2024-04-02 12:13:25,155 [INFO]  Epoch[4] Validation-mult-accuracy=0.000000
2024-04-02 12:13:25,155 [INFO]  
========== done (0.029875516891479492 s) fit model
2024-04-02 12:13:27,489 [INFO]  
========== start: fit model
2024-04-02 12:13:27,489 [WARNING]  Already bound, ignoring bind()
2024-04-02 12:13:27,492 [INFO]  Epoch[0] Batch [0-3]	Speed: 25084.30 samples/sec	cross-entropy=20.405476	mult-accuracy=0.000000
2024-04-02 12:13:27,494 [INFO]  Epoch[0] Train-cross-entropy=14.922370
2024-04-02 12:13:27,494 [INFO]  Epoch[0] Train-mult-accuracy=0.000000
2024-04-02 12:13:27,494 [INFO]  Epoch[0] Time cost=0.005
2024-04-02 12:13:27,495 [INFO]  Saved checkpoint to "./imputer_model/imputer_model_mult/model-0000.params"
2024-04-02 12:13:27,496 [INFO]  Epoch[0] Validation-cross-entropy=6.110449
2024-04-02 12:13:27,496 [INFO]  Epoch[0] Validation-mult-accuracy=0.000000
2024-04-02 12:13:27,498 [INFO]  Epoch[1] Batch [0-3]	Speed: 26112.40 samples/sec	cross-entropy=10.400004	mult-accuracy=0.000000
2024-04-02 12:13:27,500 [INFO]  Epoch[1] Train-cross-entropy=7.495999
2024-04-02 12:13:27,500 [INFO]  Epoch[1] Train-mult-accuracy=0.000000
2024-04-02 12:13:27,500 [INFO]  Epoch[1] Time cost=0.004
2024-04-02 12:13:27,501 [INFO]  Saved checkpoint to "./imputer_model/imputer_model_mult/model-0001.params"
2024-04-02 12:13:27,501 [INFO]  Epoch[1] Validation-cross-entropy=3.744824
2024-04-02 12:13:27,501 [INFO]  Epoch[1] Validation-mult-accuracy=0.000000
2024-04-02 12:13:27,505 [INFO]  Epoch[2] Batch [0-3]	Speed: 19582.39 samples/sec	cross-entropy=5.229396	mult-accuracy=0.000000
2024-04-02 12:13:27,506 [INFO]  Epoch[2] Train-cross-entropy=3.775799
2024-04-02 12:13:27,506 [INFO]  Epoch[2] Train-mult-accuracy=0.000000
2024-04-02 12:13:27,506 [INFO]  Epoch[2] Time cost=0.004
2024-04-02 12:13:27,507 [INFO]  Saved checkpoint to "./imputer_model/imputer_model_mult/model-0002.params"
2024-04-02 12:13:27,508 [INFO]  Epoch[2] Validation-cross-entropy=2.201342
2024-04-02 12:13:27,508 [INFO]  Epoch[2] Validation-mult-accuracy=0.000000
2024-04-02 12:13:27,510 [INFO]  Epoch[3] Batch [0-3]	Speed: 28524.60 samples/sec	cross-entropy=2.453950	mult-accuracy=0.000000
2024-04-02 12:13:27,511 [INFO]  Epoch[3] Train-cross-entropy=1.849225
2024-04-02 12:13:27,511 [INFO]  Epoch[3] Train-mult-accuracy=0.000000
2024-04-02 12:13:27,511 [INFO]  Epoch[3] Time cost=0.004
2024-04-02 12:13:27,513 [INFO]  Saved checkpoint to "./imputer_model/imputer_model_mult/model-0003.params"
2024-04-02 12:13:27,513 [INFO]  Epoch[3] Validation-cross-entropy=1.189123
2024-04-02 12:13:27,513 [INFO]  Epoch[3] Validation-mult-accuracy=0.000000
2024-04-02 12:13:27,515 [INFO]  Epoch[4] Batch [0-3]	Speed: 28736.31 samples/sec	cross-entropy=1.172642	mult-accuracy=0.000000
2024-04-02 12:13:27,517 [INFO]  Epoch[4] Train-cross-entropy=0.987812
2024-04-02 12:13:27,517 [INFO]  Epoch[4] Train-mult-accuracy=0.000000
2024-04-02 12:13:27,517 [INFO]  Epoch[4] Time cost=0.004
2024-04-02 12:13:27,518 [INFO]  Saved checkpoint to "./imputer_model/imputer_model_mult/model-0004.params"
2024-04-02 12:13:27,518 [INFO]  Epoch[4] Validation-cross-entropy=0.709678
2024-04-02 12:13:27,518 [INFO]  Epoch[4] Validation-mult-accuracy=0.000000
2024-04-02 12:13:27,518 [INFO]  
========== done (0.02983260154724121 s) fit model
2024-04-02 12:13:29,818 [INFO]  
========== start: fit model
2024-04-02 12:13:29,818 [WARNING]  Already bound, ignoring bind()
2024-04-02 12:13:29,822 [INFO]  Epoch[0] Batch [0-3]	Speed: 22633.68 samples/sec	cross-entropy=19.949843	mult-accuracy=0.000000
2024-04-02 12:13:29,824 [INFO]  Epoch[0] Train-cross-entropy=16.862302
2024-04-02 12:13:29,824 [INFO]  Epoch[0] Train-mult-accuracy=0.000000
2024-04-02 12:13:29,824 [INFO]  Epoch[0] Time cost=0.005
2024-04-02 12:13:29,826 [INFO]  Saved checkpoint to "./imputer_model/imputer_model_mult/model-0000.params"
2024-04-02 12:13:29,826 [INFO]  Epoch[0] Validation-cross-entropy=5.826243
2024-04-02 12:13:29,826 [INFO]  Epoch[0] Validation-mult-accuracy=0.000000
2024-04-02 12:13:29,829 [INFO]  Epoch[1] Batch [0-3]	Speed: 23213.03 samples/sec	cross-entropy=10.340883	mult-accuracy=0.000000
2024-04-02 12:13:29,831 [INFO]  Epoch[1] Train-cross-entropy=8.472876
2024-04-02 12:13:29,831 [INFO]  Epoch[1] Train-mult-accuracy=0.000000
2024-04-02 12:13:29,831 [INFO]  Epoch[1] Time cost=0.005
2024-04-02 12:13:29,832 [INFO]  Saved checkpoint to "./imputer_model/imputer_model_mult/model-0001.params"
2024-04-02 12:13:29,833 [INFO]  Epoch[1] Validation-cross-entropy=2.412751
2024-04-02 12:13:29,833 [INFO]  Epoch[1] Validation-mult-accuracy=0.000000
2024-04-02 12:13:29,836 [INFO]  Epoch[2] Batch [0-3]	Speed: 23101.16 samples/sec	cross-entropy=5.803620	mult-accuracy=0.000000
2024-04-02 12:13:29,837 [INFO]  Epoch[2] Train-cross-entropy=4.613148
2024-04-02 12:13:29,837 [INFO]  Epoch[2] Train-mult-accuracy=0.000000
2024-04-02 12:13:29,837 [INFO]  Epoch[2] Time cost=0.004
2024-04-02 12:13:29,839 [INFO]  Saved checkpoint to "./imputer_model/imputer_model_mult/model-0002.params"
2024-04-02 12:13:29,839 [INFO]  Epoch[2] Validation-cross-entropy=1.078790
2024-04-02 12:13:29,839 [INFO]  Epoch[2] Validation-mult-accuracy=0.000000
2024-04-02 12:13:29,842 [INFO]  Epoch[3] Batch [0-3]	Speed: 27643.36 samples/sec	cross-entropy=3.133483	mult-accuracy=0.000000
2024-04-02 12:13:29,843 [INFO]  Epoch[3] Train-cross-entropy=2.544459
2024-04-02 12:13:29,843 [INFO]  Epoch[3] Train-mult-accuracy=0.000000
2024-04-02 12:13:29,843 [INFO]  Epoch[3] Time cost=0.004
2024-04-02 12:13:29,844 [INFO]  Saved checkpoint to "./imputer_model/imputer_model_mult/model-0003.params"
2024-04-02 12:13:29,845 [INFO]  Epoch[3] Validation-cross-entropy=0.573942
2024-04-02 12:13:29,845 [INFO]  Epoch[3] Validation-mult-accuracy=0.000000
2024-04-02 12:13:29,847 [INFO]  Epoch[4] Batch [0-3]	Speed: 27616.82 samples/sec	cross-entropy=1.660888	mult-accuracy=0.000000
2024-04-02 12:13:29,849 [INFO]  Epoch[4] Train-cross-entropy=1.400603
2024-04-02 12:13:29,849 [INFO]  Epoch[4] Train-mult-accuracy=0.000000
2024-04-02 12:13:29,849 [INFO]  Epoch[4] Time cost=0.004
2024-04-02 12:13:29,850 [INFO]  Saved checkpoint to "./imputer_model/imputer_model_mult/model-0004.params"
2024-04-02 12:13:29,851 [INFO]  Epoch[4] Validation-cross-entropy=0.246920
2024-04-02 12:13:29,851 [INFO]  Epoch[4] Validation-mult-accuracy=0.000000
2024-04-02 12:13:29,851 [INFO]  
========== done (0.03271770477294922 s) fit model
2024-04-02 12:13:32,410 [INFO]  
========== start: fit model
2024-04-02 12:13:32,410 [WARNING]  Already bound, ignoring bind()
2024-04-02 12:13:32,414 [INFO]  Epoch[0] Batch [0-3]	Speed: 25549.06 samples/sec	cross-entropy=26.526001	mult-accuracy=0.000000
2024-04-02 12:13:32,415 [INFO]  Epoch[0] Train-cross-entropy=19.414996
2024-04-02 12:13:32,415 [INFO]  Epoch[0] Train-mult-accuracy=0.000000
2024-04-02 12:13:32,415 [INFO]  Epoch[0] Time cost=0.005
2024-04-02 12:13:32,417 [INFO]  Saved checkpoint to "./imputer_model/imputer_model_mult/model-0000.params"
2024-04-02 12:13:32,417 [INFO]  Epoch[0] Validation-cross-entropy=8.264477
2024-04-02 12:13:32,417 [INFO]  Epoch[0] Validation-mult-accuracy=0.000000
2024-04-02 12:13:32,419 [INFO]  Epoch[1] Batch [0-3]	Speed: 27819.07 samples/sec	cross-entropy=13.496273	mult-accuracy=0.000000
2024-04-02 12:13:32,421 [INFO]  Epoch[1] Train-cross-entropy=9.842439
2024-04-02 12:13:32,421 [INFO]  Epoch[1] Train-mult-accuracy=0.000000
2024-04-02 12:13:32,421 [INFO]  Epoch[1] Time cost=0.004
2024-04-02 12:13:32,422 [INFO]  Saved checkpoint to "./imputer_model/imputer_model_mult/model-0001.params"
2024-04-02 12:13:32,426 [INFO]  Epoch[1] Validation-cross-entropy=4.460737
2024-04-02 12:13:32,426 [INFO]  Epoch[1] Validation-mult-accuracy=0.000000
2024-04-02 12:13:32,431 [INFO]  Epoch[2] Batch [0-3]	Speed: 17372.21 samples/sec	cross-entropy=6.935012	mult-accuracy=0.000000
2024-04-02 12:13:32,448 [INFO]  Epoch[2] Train-cross-entropy=4.989898
2024-04-02 12:13:32,449 [INFO]  Epoch[2] Train-mult-accuracy=0.000000
2024-04-02 12:13:32,449 [INFO]  Epoch[2] Time cost=0.022
2024-04-02 12:13:32,450 [INFO]  Saved checkpoint to "./imputer_model/imputer_model_mult/model-0002.params"
2024-04-02 12:13:32,450 [INFO]  Epoch[2] Validation-cross-entropy=3.816498
2024-04-02 12:13:32,451 [INFO]  Epoch[2] Validation-mult-accuracy=0.000000
2024-04-02 12:13:32,453 [INFO]  Epoch[3] Batch [0-3]	Speed: 27541.26 samples/sec	cross-entropy=3.472994	mult-accuracy=0.000000
2024-04-02 12:13:32,454 [INFO]  Epoch[3] Train-cross-entropy=2.474924
2024-04-02 12:13:32,454 [INFO]  Epoch[3] Train-mult-accuracy=0.000000
2024-04-02 12:13:32,454 [INFO]  Epoch[3] Time cost=0.004
2024-04-02 12:13:32,456 [INFO]  Saved checkpoint to "./imputer_model/imputer_model_mult/model-0003.params"
2024-04-02 12:13:32,456 [INFO]  Epoch[3] Validation-cross-entropy=4.474359
2024-04-02 12:13:32,456 [INFO]  Epoch[3] Validation-mult-accuracy=0.000000
2024-04-02 12:13:32,459 [INFO]  Epoch[4] Batch [0-3]	Speed: 27942.62 samples/sec	cross-entropy=1.833370	mult-accuracy=0.000000
2024-04-02 12:13:32,460 [INFO]  Epoch[4] Train-cross-entropy=1.342528
2024-04-02 12:13:32,460 [INFO]  Epoch[4] Train-mult-accuracy=0.000000
2024-04-02 12:13:32,460 [INFO]  Epoch[4] Time cost=0.004
2024-04-02 12:13:32,461 [INFO]  Saved checkpoint to "./imputer_model/imputer_model_mult/model-0004.params"
2024-04-02 12:13:32,462 [INFO]  Epoch[4] Validation-cross-entropy=4.497708
2024-04-02 12:13:32,462 [INFO]  Epoch[4] Validation-mult-accuracy=0.000000
2024-04-02 12:13:32,462 [INFO]  
========== done (0.05187582969665527 s) fit model
2024-04-02 12:13:35,038 [INFO]  
========== start: fit model
2024-04-02 12:13:35,038 [WARNING]  Already bound, ignoring bind()
2024-04-02 12:13:35,045 [INFO]  Epoch[0] Batch [0-3]	Speed: 25068.68 samples/sec	cross-entropy=11.044821	mult-accuracy=0.000000
2024-04-02 12:13:35,046 [INFO]  Epoch[0] Train-cross-entropy=12.231839
2024-04-02 12:13:35,046 [INFO]  Epoch[0] Train-mult-accuracy=0.000000
2024-04-02 12:13:35,046 [INFO]  Epoch[0] Time cost=0.008
2024-04-02 12:13:35,048 [INFO]  Saved checkpoint to "./imputer_model/imputer_model_mult/model-0000.params"
2024-04-02 12:13:35,048 [INFO]  Epoch[0] Validation-cross-entropy=5.416423
2024-04-02 12:13:35,048 [INFO]  Epoch[0] Validation-mult-accuracy=0.000000
2024-04-02 12:13:35,051 [INFO]  Epoch[1] Batch [0-3]	Speed: 21090.15 samples/sec	cross-entropy=4.108701	mult-accuracy=0.000000
2024-04-02 12:13:35,053 [INFO]  Epoch[1] Train-cross-entropy=4.764760
2024-04-02 12:13:35,053 [INFO]  Epoch[1] Train-mult-accuracy=0.000000
2024-04-02 12:13:35,053 [INFO]  Epoch[1] Time cost=0.005
2024-04-02 12:13:35,054 [INFO]  Saved checkpoint to "./imputer_model/imputer_model_mult/model-0001.params"
2024-04-02 12:13:35,055 [INFO]  Epoch[1] Validation-cross-entropy=7.557676
2024-04-02 12:13:35,055 [INFO]  Epoch[1] Validation-mult-accuracy=0.000000
2024-04-02 12:13:35,057 [INFO]  Epoch[2] Batch [0-3]	Speed: 27507.39 samples/sec	cross-entropy=1.418287	mult-accuracy=0.000000
2024-04-02 12:13:35,058 [INFO]  Epoch[2] Train-cross-entropy=1.817015
2024-04-02 12:13:35,059 [INFO]  Epoch[2] Train-mult-accuracy=0.000000
2024-04-02 12:13:35,059 [INFO]  Epoch[2] Time cost=0.004
2024-04-02 12:13:35,060 [INFO]  Saved checkpoint to "./imputer_model/imputer_model_mult/model-0002.params"
2024-04-02 12:13:35,060 [INFO]  Epoch[2] Validation-cross-entropy=7.357687
2024-04-02 12:13:35,060 [INFO]  Epoch[2] Validation-mult-accuracy=0.000000
2024-04-02 12:13:35,063 [INFO]  Epoch[3] Batch [0-3]	Speed: 27620.61 samples/sec	cross-entropy=0.851297	mult-accuracy=0.000000
2024-04-02 12:13:35,064 [INFO]  Epoch[3] Train-cross-entropy=0.984731
2024-04-02 12:13:35,064 [INFO]  Epoch[3] Train-mult-accuracy=0.000000
2024-04-02 12:13:35,064 [INFO]  Epoch[3] Time cost=0.004
2024-04-02 12:13:35,065 [INFO]  Saved checkpoint to "./imputer_model/imputer_model_mult/model-0003.params"
2024-04-02 12:13:35,066 [INFO]  Epoch[3] Validation-cross-entropy=4.620132
2024-04-02 12:13:35,066 [INFO]  Epoch[3] Validation-mult-accuracy=0.000000
2024-04-02 12:13:35,068 [INFO]  Epoch[4] Batch [0-3]	Speed: 27118.34 samples/sec	cross-entropy=0.952614	mult-accuracy=0.000000
2024-04-02 12:13:35,070 [INFO]  Epoch[4] Train-cross-entropy=0.813214
2024-04-02 12:13:35,070 [INFO]  Epoch[4] Train-mult-accuracy=0.000000
2024-04-02 12:13:35,070 [INFO]  Epoch[4] Time cost=0.004
2024-04-02 12:13:35,071 [INFO]  Saved checkpoint to "./imputer_model/imputer_model_mult/model-0004.params"
2024-04-02 12:13:35,072 [INFO]  Epoch[4] Validation-cross-entropy=2.228462
2024-04-02 12:13:35,072 [INFO]  Epoch[4] Validation-mult-accuracy=0.000000
2024-04-02 12:13:35,072 [INFO]  
========== done (0.03390145301818848 s) fit model
2024-04-02 12:13:37,618 [INFO]  
========== start: fit model
2024-04-02 12:13:37,618 [WARNING]  Already bound, ignoring bind()
2024-04-02 12:13:37,624 [INFO]  Epoch[0] Batch [0-3]	Speed: 23035.08 samples/sec	cross-entropy=16.247886	mult-accuracy=3.000000
2024-04-02 12:13:37,625 [INFO]  Epoch[0] Train-cross-entropy=15.566644
2024-04-02 12:13:37,625 [INFO]  Epoch[0] Train-mult-accuracy=2.666667
2024-04-02 12:13:37,625 [INFO]  Epoch[0] Time cost=0.006
2024-04-02 12:13:37,627 [INFO]  Saved checkpoint to "./imputer_model/imputer_model_mult/model-0000.params"
2024-04-02 12:13:37,627 [INFO]  Epoch[0] Validation-cross-entropy=9.774612
2024-04-02 12:13:37,627 [INFO]  Epoch[0] Validation-mult-accuracy=0.000000
2024-04-02 12:13:37,630 [INFO]  Epoch[1] Batch [0-3]	Speed: 24818.37 samples/sec	cross-entropy=7.332902	mult-accuracy=3.000000
2024-04-02 12:13:37,632 [INFO]  Epoch[1] Train-cross-entropy=6.667051
2024-04-02 12:13:37,632 [INFO]  Epoch[1] Train-mult-accuracy=2.666667
2024-04-02 12:13:37,632 [INFO]  Epoch[1] Time cost=0.005
2024-04-02 12:13:37,633 [INFO]  Saved checkpoint to "./imputer_model/imputer_model_mult/model-0001.params"
2024-04-02 12:13:37,634 [INFO]  Epoch[1] Validation-cross-entropy=4.770290
2024-04-02 12:13:37,634 [INFO]  Epoch[1] Validation-mult-accuracy=0.000000
2024-04-02 12:13:37,637 [INFO]  Epoch[2] Batch [0-3]	Speed: 20340.13 samples/sec	cross-entropy=3.514749	mult-accuracy=3.000000
2024-04-02 12:13:37,638 [INFO]  Epoch[2] Train-cross-entropy=2.890767
2024-04-02 12:13:37,639 [INFO]  Epoch[2] Train-mult-accuracy=2.666667
2024-04-02 12:13:37,639 [INFO]  Epoch[2] Time cost=0.005
2024-04-02 12:13:37,640 [INFO]  Saved checkpoint to "./imputer_model/imputer_model_mult/model-0002.params"
2024-04-02 12:13:37,641 [INFO]  Epoch[2] Validation-cross-entropy=1.998713
2024-04-02 12:13:37,641 [INFO]  Epoch[2] Validation-mult-accuracy=0.000000
2024-04-02 12:13:37,644 [INFO]  Epoch[3] Batch [0-3]	Speed: 23640.98 samples/sec	cross-entropy=1.322614	mult-accuracy=3.000000
2024-04-02 12:13:37,645 [INFO]  Epoch[3] Train-cross-entropy=1.184844
2024-04-02 12:13:37,645 [INFO]  Epoch[3] Train-mult-accuracy=2.666667
2024-04-02 12:13:37,645 [INFO]  Epoch[3] Time cost=0.004
2024-04-02 12:13:37,649 [INFO]  Saved checkpoint to "./imputer_model/imputer_model_mult/model-0003.params"
2024-04-02 12:13:37,656 [INFO]  Epoch[3] Validation-cross-entropy=0.642457
2024-04-02 12:13:37,656 [INFO]  Epoch[3] Validation-mult-accuracy=0.000000
2024-04-02 12:13:37,659 [INFO]  Epoch[4] Batch [0-3]	Speed: 23541.46 samples/sec	cross-entropy=0.755182	mult-accuracy=3.000000
2024-04-02 12:13:37,660 [INFO]  Epoch[4] Train-cross-entropy=0.791784
2024-04-02 12:13:37,661 [INFO]  Epoch[4] Train-mult-accuracy=2.666667
2024-04-02 12:13:37,661 [INFO]  Epoch[4] Time cost=0.005
2024-04-02 12:13:37,662 [INFO]  Saved checkpoint to "./imputer_model/imputer_model_mult/model-0004.params"
2024-04-02 12:13:37,663 [INFO]  Epoch[4] Validation-cross-entropy=0.315348
2024-04-02 12:13:37,663 [INFO]  Epoch[4] Validation-mult-accuracy=0.000000
2024-04-02 12:13:37,663 [INFO]  
========== done (0.044428348541259766 s) fit model
2024-04-02 12:13:40,938 [INFO]  
========== start: fit model
2024-04-02 12:13:40,938 [WARNING]  Already bound, ignoring bind()
2024-04-02 12:13:40,942 [INFO]  Epoch[0] Batch [0-3]	Speed: 24477.40 samples/sec	cross-entropy=9.316074	mult-accuracy=0.000000
2024-04-02 12:13:40,943 [INFO]  Epoch[0] Train-cross-entropy=9.498430
2024-04-02 12:13:40,944 [INFO]  Epoch[0] Train-mult-accuracy=0.000000
2024-04-02 12:13:40,944 [INFO]  Epoch[0] Time cost=0.005
2024-04-02 12:13:40,945 [INFO]  Saved checkpoint to "./imputer_model/imputer_model_mult/model-0000.params"
2024-04-02 12:13:40,945 [INFO]  Epoch[0] Validation-cross-entropy=4.693597
2024-04-02 12:13:40,945 [INFO]  Epoch[0] Validation-mult-accuracy=0.000000
2024-04-02 12:13:40,948 [INFO]  Epoch[1] Batch [0-3]	Speed: 24827.55 samples/sec	cross-entropy=3.388151	mult-accuracy=0.000000
2024-04-02 12:13:40,949 [INFO]  Epoch[1] Train-cross-entropy=3.437841
2024-04-02 12:13:40,950 [INFO]  Epoch[1] Train-mult-accuracy=0.000000
2024-04-02 12:13:40,950 [INFO]  Epoch[1] Time cost=0.004
2024-04-02 12:13:40,951 [INFO]  Saved checkpoint to "./imputer_model/imputer_model_mult/model-0001.params"
2024-04-02 12:13:40,951 [INFO]  Epoch[1] Validation-cross-entropy=2.446417
2024-04-02 12:13:40,951 [INFO]  Epoch[1] Validation-mult-accuracy=0.000000
2024-04-02 12:13:40,954 [INFO]  Epoch[2] Batch [0-3]	Speed: 22421.94 samples/sec	cross-entropy=1.479546	mult-accuracy=0.000000
2024-04-02 12:13:40,955 [INFO]  Epoch[2] Train-cross-entropy=1.389802
2024-04-02 12:13:40,956 [INFO]  Epoch[2] Train-mult-accuracy=0.000000
2024-04-02 12:13:40,956 [INFO]  Epoch[2] Time cost=0.004
2024-04-02 12:13:40,957 [INFO]  Saved checkpoint to "./imputer_model/imputer_model_mult/model-0002.params"
2024-04-02 12:13:40,957 [INFO]  Epoch[2] Validation-cross-entropy=0.734567
2024-04-02 12:13:40,957 [INFO]  Epoch[2] Validation-mult-accuracy=0.000000
2024-04-02 12:13:40,960 [INFO]  Epoch[3] Batch [0-3]	Speed: 25458.60 samples/sec	cross-entropy=0.875964	mult-accuracy=0.000000
2024-04-02 12:13:40,961 [INFO]  Epoch[3] Train-cross-entropy=0.996811
2024-04-02 12:13:40,961 [INFO]  Epoch[3] Train-mult-accuracy=0.000000
2024-04-02 12:13:40,961 [INFO]  Epoch[3] Time cost=0.004
2024-04-02 12:13:40,963 [INFO]  Saved checkpoint to "./imputer_model/imputer_model_mult/model-0003.params"
2024-04-02 12:13:40,963 [INFO]  Epoch[3] Validation-cross-entropy=0.558001
2024-04-02 12:13:40,963 [INFO]  Epoch[3] Validation-mult-accuracy=0.000000
2024-04-02 12:13:40,966 [INFO]  Epoch[4] Batch [0-3]	Speed: 25545.82 samples/sec	cross-entropy=0.867082	mult-accuracy=0.000000
2024-04-02 12:13:40,967 [INFO]  Epoch[4] Train-cross-entropy=0.879862
2024-04-02 12:13:40,967 [INFO]  Epoch[4] Train-mult-accuracy=0.000000
2024-04-02 12:13:40,967 [INFO]  Epoch[4] Time cost=0.004
2024-04-02 12:13:40,968 [INFO]  Saved checkpoint to "./imputer_model/imputer_model_mult/model-0004.params"
2024-04-02 12:13:40,969 [INFO]  Epoch[4] Validation-cross-entropy=0.474604
2024-04-02 12:13:40,969 [INFO]  Epoch[4] Validation-mult-accuracy=0.000000
2024-04-02 12:13:40,969 [INFO]  
========== done (0.030939102172851562 s) fit model
2024-04-02 12:13:43,656 [INFO]  
========== start: fit model
2024-04-02 12:13:43,656 [WARNING]  Already bound, ignoring bind()
2024-04-02 12:13:43,660 [INFO]  Epoch[0] Batch [0-3]	Speed: 20040.47 samples/sec	cross-entropy=22.212723	mult-accuracy=2.750000
2024-04-02 12:13:43,662 [INFO]  Epoch[0] Train-cross-entropy=20.740935
2024-04-02 12:13:43,662 [INFO]  Epoch[0] Train-mult-accuracy=2.666667
2024-04-02 12:13:43,662 [INFO]  Epoch[0] Time cost=0.005
2024-04-02 12:13:43,663 [INFO]  Saved checkpoint to "./imputer_model/imputer_model_mult/model-0000.params"
2024-04-02 12:13:43,664 [INFO]  Epoch[0] Validation-cross-entropy=4.588398
2024-04-02 12:13:43,664 [INFO]  Epoch[0] Validation-mult-accuracy=0.000000
2024-04-02 12:13:43,666 [INFO]  Epoch[1] Batch [0-3]	Speed: 26994.72 samples/sec	cross-entropy=10.488785	mult-accuracy=2.750000
2024-04-02 12:13:43,667 [INFO]  Epoch[1] Train-cross-entropy=9.826661
2024-04-02 12:13:43,667 [INFO]  Epoch[1] Train-mult-accuracy=2.666667
2024-04-02 12:13:43,667 [INFO]  Epoch[1] Time cost=0.004
2024-04-02 12:13:43,669 [INFO]  Saved checkpoint to "./imputer_model/imputer_model_mult/model-0001.params"
2024-04-02 12:13:43,669 [INFO]  Epoch[1] Validation-cross-entropy=3.829999
2024-04-02 12:13:43,669 [INFO]  Epoch[1] Validation-mult-accuracy=0.000000
2024-04-02 12:13:43,672 [INFO]  Epoch[2] Batch [0-3]	Speed: 24110.97 samples/sec	cross-entropy=5.502491	mult-accuracy=2.750000
2024-04-02 12:13:43,673 [INFO]  Epoch[2] Train-cross-entropy=4.921523
2024-04-02 12:13:43,673 [INFO]  Epoch[2] Train-mult-accuracy=2.666667
2024-04-02 12:13:43,673 [INFO]  Epoch[2] Time cost=0.004
2024-04-02 12:13:43,674 [INFO]  Saved checkpoint to "./imputer_model/imputer_model_mult/model-0002.params"
2024-04-02 12:13:43,675 [INFO]  Epoch[2] Validation-cross-entropy=1.814749
2024-04-02 12:13:43,675 [INFO]  Epoch[2] Validation-mult-accuracy=0.000000
2024-04-02 12:13:43,677 [INFO]  Epoch[3] Batch [0-3]	Speed: 28043.82 samples/sec	cross-entropy=2.492004	mult-accuracy=2.750000
2024-04-02 12:13:43,678 [INFO]  Epoch[3] Train-cross-entropy=2.277141
2024-04-02 12:13:43,678 [INFO]  Epoch[3] Train-mult-accuracy=2.666667
2024-04-02 12:13:43,679 [INFO]  Epoch[3] Time cost=0.004
2024-04-02 12:13:43,680 [INFO]  Saved checkpoint to "./imputer_model/imputer_model_mult/model-0003.params"
2024-04-02 12:13:43,680 [INFO]  Epoch[3] Validation-cross-entropy=1.146173
2024-04-02 12:13:43,680 [INFO]  Epoch[3] Validation-mult-accuracy=0.000000
2024-04-02 12:13:43,683 [INFO]  Epoch[4] Batch [0-3]	Speed: 27915.50 samples/sec	cross-entropy=1.334278	mult-accuracy=2.750000
2024-04-02 12:13:43,684 [INFO]  Epoch[4] Train-cross-entropy=1.387657
2024-04-02 12:13:43,684 [INFO]  Epoch[4] Train-mult-accuracy=2.666667
2024-04-02 12:13:43,684 [INFO]  Epoch[4] Time cost=0.004
2024-04-02 12:13:43,685 [INFO]  Saved checkpoint to "./imputer_model/imputer_model_mult/model-0004.params"
2024-04-02 12:13:43,686 [INFO]  Epoch[4] Validation-cross-entropy=1.297659
2024-04-02 12:13:43,686 [INFO]  Epoch[4] Validation-mult-accuracy=0.000000
2024-04-02 12:13:43,686 [INFO]  
========== done (0.029723167419433594 s) fit model
2024-04-02 12:13:46,637 [INFO]  
========== start: fit model
2024-04-02 12:13:46,638 [WARNING]  Already bound, ignoring bind()
2024-04-02 12:13:46,642 [INFO]  Epoch[0] Batch [0-3]	Speed: 24579.00 samples/sec	cross-entropy=11.320857	mult-accuracy=0.000000
2024-04-02 12:13:46,643 [INFO]  Epoch[0] Train-cross-entropy=10.857314
2024-04-02 12:13:46,643 [INFO]  Epoch[0] Train-mult-accuracy=0.000000
2024-04-02 12:13:46,643 [INFO]  Epoch[0] Time cost=0.005
2024-04-02 12:13:46,645 [INFO]  Saved checkpoint to "./imputer_model/imputer_model_mult/model-0000.params"
2024-04-02 12:13:46,645 [INFO]  Epoch[0] Validation-cross-entropy=12.772337
2024-04-02 12:13:46,645 [INFO]  Epoch[0] Validation-mult-accuracy=0.000000
2024-04-02 12:13:46,648 [INFO]  Epoch[1] Batch [0-3]	Speed: 24168.86 samples/sec	cross-entropy=3.388994	mult-accuracy=0.000000
2024-04-02 12:13:46,650 [INFO]  Epoch[1] Train-cross-entropy=3.691742
2024-04-02 12:13:46,650 [INFO]  Epoch[1] Train-mult-accuracy=0.000000
2024-04-02 12:13:46,650 [INFO]  Epoch[1] Time cost=0.004
2024-04-02 12:13:46,651 [INFO]  Saved checkpoint to "./imputer_model/imputer_model_mult/model-0001.params"
2024-04-02 12:13:46,652 [INFO]  Epoch[1] Validation-cross-entropy=5.896230
2024-04-02 12:13:46,652 [INFO]  Epoch[1] Validation-mult-accuracy=0.000000
2024-04-02 12:13:46,655 [INFO]  Epoch[2] Batch [0-3]	Speed: 21518.45 samples/sec	cross-entropy=1.309579	mult-accuracy=0.000000
2024-04-02 12:13:46,656 [INFO]  Epoch[2] Train-cross-entropy=1.378155
2024-04-02 12:13:46,656 [INFO]  Epoch[2] Train-mult-accuracy=0.000000
2024-04-02 12:13:46,656 [INFO]  Epoch[2] Time cost=0.005
2024-04-02 12:13:46,658 [INFO]  Saved checkpoint to "./imputer_model/imputer_model_mult/model-0002.params"
2024-04-02 12:13:46,658 [INFO]  Epoch[2] Validation-cross-entropy=2.819767
2024-04-02 12:13:46,658 [INFO]  Epoch[2] Validation-mult-accuracy=0.000000
2024-04-02 12:13:46,661 [INFO]  Epoch[3] Batch [0-3]	Speed: 25330.47 samples/sec	cross-entropy=0.919264	mult-accuracy=0.000000
2024-04-02 12:13:46,662 [INFO]  Epoch[3] Train-cross-entropy=0.794568
2024-04-02 12:13:46,663 [INFO]  Epoch[3] Train-mult-accuracy=0.000000
2024-04-02 12:13:46,663 [INFO]  Epoch[3] Time cost=0.004
2024-04-02 12:13:46,664 [INFO]  Saved checkpoint to "./imputer_model/imputer_model_mult/model-0003.params"
2024-04-02 12:13:46,664 [INFO]  Epoch[3] Validation-cross-entropy=1.788024
2024-04-02 12:13:46,665 [INFO]  Epoch[3] Validation-mult-accuracy=0.000000
2024-04-02 12:13:46,667 [INFO]  Epoch[4] Batch [0-3]	Speed: 23638.21 samples/sec	cross-entropy=0.871549	mult-accuracy=0.000000
2024-04-02 12:13:46,669 [INFO]  Epoch[4] Train-cross-entropy=0.705315
2024-04-02 12:13:46,669 [INFO]  Epoch[4] Train-mult-accuracy=0.000000
2024-04-02 12:13:46,669 [INFO]  Epoch[4] Time cost=0.004
2024-04-02 12:13:46,670 [INFO]  Saved checkpoint to "./imputer_model/imputer_model_mult/model-0004.params"
2024-04-02 12:13:46,671 [INFO]  Epoch[4] Validation-cross-entropy=1.618224
2024-04-02 12:13:46,671 [INFO]  Epoch[4] Validation-mult-accuracy=0.000000
2024-04-02 12:13:46,671 [INFO]  
========== done (0.033397674560546875 s) fit model
2024-04-02 12:13:49,635 [INFO]  
========== start: fit model
2024-04-02 12:13:49,635 [WARNING]  Already bound, ignoring bind()
2024-04-02 12:13:49,639 [INFO]  Epoch[0] Batch [0-3]	Speed: 19580.49 samples/sec	cross-entropy=23.672797	mult-accuracy=0.000000
2024-04-02 12:13:49,641 [INFO]  Epoch[0] Train-cross-entropy=18.827591
2024-04-02 12:13:49,641 [INFO]  Epoch[0] Train-mult-accuracy=0.000000
2024-04-02 12:13:49,641 [INFO]  Epoch[0] Time cost=0.006
2024-04-02 12:13:49,643 [INFO]  Saved checkpoint to "./imputer_model/imputer_model_mult/model-0000.params"
2024-04-02 12:13:49,643 [INFO]  Epoch[0] Validation-cross-entropy=0.694467
2024-04-02 12:13:49,644 [INFO]  Epoch[0] Validation-mult-accuracy=0.000000
2024-04-02 12:13:49,647 [INFO]  Epoch[1] Batch [0-3]	Speed: 22603.19 samples/sec	cross-entropy=11.499840	mult-accuracy=0.000000
2024-04-02 12:13:49,648 [INFO]  Epoch[1] Train-cross-entropy=8.958306
2024-04-02 12:13:49,648 [INFO]  Epoch[1] Train-mult-accuracy=0.000000
2024-04-02 12:13:49,648 [INFO]  Epoch[1] Time cost=0.005
2024-04-02 12:13:49,650 [INFO]  Saved checkpoint to "./imputer_model/imputer_model_mult/model-0001.params"
2024-04-02 12:13:49,650 [INFO]  Epoch[1] Validation-cross-entropy=0.402742
2024-04-02 12:13:49,650 [INFO]  Epoch[1] Validation-mult-accuracy=0.000000
2024-04-02 12:13:49,654 [INFO]  Epoch[2] Batch [0-3]	Speed: 20292.97 samples/sec	cross-entropy=5.648550	mult-accuracy=0.000000
2024-04-02 12:13:49,655 [INFO]  Epoch[2] Train-cross-entropy=4.225789
2024-04-02 12:13:49,655 [INFO]  Epoch[2] Train-mult-accuracy=0.000000
2024-04-02 12:13:49,655 [INFO]  Epoch[2] Time cost=0.005
2024-04-02 12:13:49,657 [INFO]  Saved checkpoint to "./imputer_model/imputer_model_mult/model-0002.params"
2024-04-02 12:13:49,657 [INFO]  Epoch[2] Validation-cross-entropy=0.458740
2024-04-02 12:13:49,657 [INFO]  Epoch[2] Validation-mult-accuracy=0.000000
2024-04-02 12:13:49,660 [INFO]  Epoch[3] Batch [0-3]	Speed: 24209.55 samples/sec	cross-entropy=2.622134	mult-accuracy=0.000000
2024-04-02 12:13:49,661 [INFO]  Epoch[3] Train-cross-entropy=1.960335
2024-04-02 12:13:49,661 [INFO]  Epoch[3] Train-mult-accuracy=0.000000
2024-04-02 12:13:49,661 [INFO]  Epoch[3] Time cost=0.004
2024-04-02 12:13:49,663 [INFO]  Saved checkpoint to "./imputer_model/imputer_model_mult/model-0003.params"
2024-04-02 12:13:49,663 [INFO]  Epoch[3] Validation-cross-entropy=0.873579
2024-04-02 12:13:49,663 [INFO]  Epoch[3] Validation-mult-accuracy=0.000000
2024-04-02 12:13:49,666 [INFO]  Epoch[4] Batch [0-3]	Speed: 24163.06 samples/sec	cross-entropy=1.396094	mult-accuracy=0.000000
2024-04-02 12:13:49,668 [INFO]  Epoch[4] Train-cross-entropy=1.106180
2024-04-02 12:13:49,668 [INFO]  Epoch[4] Train-mult-accuracy=0.000000
2024-04-02 12:13:49,668 [INFO]  Epoch[4] Time cost=0.004
2024-04-02 12:13:49,669 [INFO]  Saved checkpoint to "./imputer_model/imputer_model_mult/model-0004.params"
2024-04-02 12:13:49,670 [INFO]  Epoch[4] Validation-cross-entropy=1.382601
2024-04-02 12:13:49,670 [INFO]  Epoch[4] Validation-mult-accuracy=0.000000
2024-04-02 12:13:49,670 [INFO]  
========== done (0.03523707389831543 s) fit model
2024-04-02 12:13:52,599 [INFO]  
========== start: fit model
2024-04-02 12:13:52,599 [WARNING]  Already bound, ignoring bind()
2024-04-02 12:13:52,603 [INFO]  Epoch[0] Batch [0-3]	Speed: 27526.20 samples/sec	cross-entropy=11.102121	mult-accuracy=1.750000
2024-04-02 12:13:52,604 [INFO]  Epoch[0] Train-cross-entropy=8.416999
2024-04-02 12:13:52,604 [INFO]  Epoch[0] Train-mult-accuracy=2.166667
2024-04-02 12:13:52,604 [INFO]  Epoch[0] Time cost=0.004
2024-04-02 12:13:52,606 [INFO]  Saved checkpoint to "./imputer_model/imputer_model_mult/model-0000.params"
2024-04-02 12:13:52,606 [INFO]  Epoch[0] Validation-cross-entropy=23.090933
2024-04-02 12:13:52,606 [INFO]  Epoch[0] Validation-mult-accuracy=0.000000
2024-04-02 12:13:52,609 [INFO]  Epoch[1] Batch [0-3]	Speed: 27930.99 samples/sec	cross-entropy=5.280706	mult-accuracy=1.750000
2024-04-02 12:13:52,610 [INFO]  Epoch[1] Train-cross-entropy=3.907145
2024-04-02 12:13:52,610 [INFO]  Epoch[1] Train-mult-accuracy=2.166667
2024-04-02 12:13:52,610 [INFO]  Epoch[1] Time cost=0.004
2024-04-02 12:13:52,611 [INFO]  Saved checkpoint to "./imputer_model/imputer_model_mult/model-0001.params"
2024-04-02 12:13:52,612 [INFO]  Epoch[1] Validation-cross-entropy=7.441487
2024-04-02 12:13:52,612 [INFO]  Epoch[1] Validation-mult-accuracy=0.000000
2024-04-02 12:13:52,614 [INFO]  Epoch[2] Batch [0-3]	Speed: 23993.16 samples/sec	cross-entropy=2.630324	mult-accuracy=1.750000
2024-04-02 12:13:52,616 [INFO]  Epoch[2] Train-cross-entropy=1.916856
2024-04-02 12:13:52,616 [INFO]  Epoch[2] Train-mult-accuracy=2.166667
2024-04-02 12:13:52,616 [INFO]  Epoch[2] Time cost=0.004
2024-04-02 12:13:52,617 [INFO]  Saved checkpoint to "./imputer_model/imputer_model_mult/model-0002.params"
2024-04-02 12:13:52,618 [INFO]  Epoch[2] Validation-cross-entropy=2.063839
2024-04-02 12:13:52,618 [INFO]  Epoch[2] Validation-mult-accuracy=0.000000
2024-04-02 12:13:52,620 [INFO]  Epoch[3] Batch [0-3]	Speed: 27989.24 samples/sec	cross-entropy=1.363614	mult-accuracy=1.750000
2024-04-02 12:13:52,621 [INFO]  Epoch[3] Train-cross-entropy=1.039054
2024-04-02 12:13:52,621 [INFO]  Epoch[3] Train-mult-accuracy=2.166667
2024-04-02 12:13:52,621 [INFO]  Epoch[3] Time cost=0.004
2024-04-02 12:13:52,623 [INFO]  Saved checkpoint to "./imputer_model/imputer_model_mult/model-0003.params"
2024-04-02 12:13:52,623 [INFO]  Epoch[3] Validation-cross-entropy=0.883607
2024-04-02 12:13:52,623 [INFO]  Epoch[3] Validation-mult-accuracy=0.000000
2024-04-02 12:13:52,626 [INFO]  Epoch[4] Batch [0-3]	Speed: 28098.62 samples/sec	cross-entropy=0.832906	mult-accuracy=1.750000
2024-04-02 12:13:52,627 [INFO]  Epoch[4] Train-cross-entropy=0.699897
2024-04-02 12:13:52,627 [INFO]  Epoch[4] Train-mult-accuracy=2.166667
2024-04-02 12:13:52,627 [INFO]  Epoch[4] Time cost=0.004
2024-04-02 12:13:52,628 [INFO]  Saved checkpoint to "./imputer_model/imputer_model_mult/model-0004.params"
2024-04-02 12:13:52,629 [INFO]  Epoch[4] Validation-cross-entropy=0.865512
2024-04-02 12:13:52,629 [INFO]  Epoch[4] Validation-mult-accuracy=0.000000
2024-04-02 12:13:52,629 [INFO]  
========== done (0.029686927795410156 s) fit model
2024-04-02 12:13:56,531 [INFO]  
========== start: fit model
2024-04-02 12:13:56,532 [WARNING]  Already bound, ignoring bind()
2024-04-02 12:13:56,536 [INFO]  Epoch[0] Batch [0-3]	Speed: 22246.03 samples/sec	cross-entropy=19.069877	mult-accuracy=0.000000
2024-04-02 12:13:56,538 [INFO]  Epoch[0] Train-cross-entropy=14.947180
2024-04-02 12:13:56,538 [INFO]  Epoch[0] Train-mult-accuracy=0.000000
2024-04-02 12:13:56,538 [INFO]  Epoch[0] Time cost=0.005
2024-04-02 12:13:56,539 [INFO]  Saved checkpoint to "./imputer_model/imputer_model_mult/model-0000.params"
2024-04-02 12:13:56,540 [INFO]  Epoch[0] Validation-cross-entropy=3.739902
2024-04-02 12:13:56,540 [INFO]  Epoch[0] Validation-mult-accuracy=0.000000
2024-04-02 12:13:56,542 [INFO]  Epoch[1] Batch [0-3]	Speed: 24471.45 samples/sec	cross-entropy=9.130642	mult-accuracy=0.000000
2024-04-02 12:13:56,544 [INFO]  Epoch[1] Train-cross-entropy=6.913925
2024-04-02 12:13:56,544 [INFO]  Epoch[1] Train-mult-accuracy=0.000000
2024-04-02 12:13:56,544 [INFO]  Epoch[1] Time cost=0.004
2024-04-02 12:13:56,545 [INFO]  Saved checkpoint to "./imputer_model/imputer_model_mult/model-0001.params"
2024-04-02 12:13:56,546 [INFO]  Epoch[1] Validation-cross-entropy=1.796696
2024-04-02 12:13:56,546 [INFO]  Epoch[1] Validation-mult-accuracy=0.000000
2024-04-02 12:13:56,549 [INFO]  Epoch[2] Batch [0-3]	Speed: 23151.63 samples/sec	cross-entropy=4.864197	mult-accuracy=0.000000
2024-04-02 12:13:56,550 [INFO]  Epoch[2] Train-cross-entropy=3.614974
2024-04-02 12:13:56,550 [INFO]  Epoch[2] Train-mult-accuracy=0.000000
2024-04-02 12:13:56,550 [INFO]  Epoch[2] Time cost=0.004
2024-04-02 12:13:56,551 [INFO]  Saved checkpoint to "./imputer_model/imputer_model_mult/model-0002.params"
2024-04-02 12:13:56,552 [INFO]  Epoch[2] Validation-cross-entropy=0.986288
2024-04-02 12:13:56,552 [INFO]  Epoch[2] Validation-mult-accuracy=0.000000
2024-04-02 12:13:56,554 [INFO]  Epoch[3] Batch [0-3]	Speed: 27417.48 samples/sec	cross-entropy=2.674702	mult-accuracy=0.000000
2024-04-02 12:13:56,563 [INFO]  Epoch[3] Train-cross-entropy=2.048142
2024-04-02 12:13:56,563 [INFO]  Epoch[3] Train-mult-accuracy=0.000000
2024-04-02 12:13:56,563 [INFO]  Epoch[3] Time cost=0.011
2024-04-02 12:13:56,567 [INFO]  Saved checkpoint to "./imputer_model/imputer_model_mult/model-0003.params"
2024-04-02 12:13:56,572 [INFO]  Epoch[3] Validation-cross-entropy=0.609269
2024-04-02 12:13:56,572 [INFO]  Epoch[3] Validation-mult-accuracy=0.000000
2024-04-02 12:13:56,575 [INFO]  Epoch[4] Batch [0-3]	Speed: 18729.80 samples/sec	cross-entropy=1.534548	mult-accuracy=0.000000
2024-04-02 12:13:56,577 [INFO]  Epoch[4] Train-cross-entropy=1.203747
2024-04-02 12:13:56,577 [INFO]  Epoch[4] Train-mult-accuracy=0.000000
2024-04-02 12:13:56,577 [INFO]  Epoch[4] Time cost=0.005
2024-04-02 12:13:56,579 [INFO]  Saved checkpoint to "./imputer_model/imputer_model_mult/model-0004.params"
2024-04-02 12:13:56,579 [INFO]  Epoch[4] Validation-cross-entropy=0.327792
2024-04-02 12:13:56,579 [INFO]  Epoch[4] Validation-mult-accuracy=0.000000
2024-04-02 12:13:56,579 [INFO]  
========== done (0.04810380935668945 s) fit model
2024-04-02 12:13:59,753 [INFO]  
========== start: fit model
2024-04-02 12:13:59,753 [WARNING]  Already bound, ignoring bind()
2024-04-02 12:13:59,762 [INFO]  Epoch[0] Batch [0-3]	Speed: 15892.53 samples/sec	cross-entropy=34.662343	mult-accuracy=0.000000
2024-04-02 12:13:59,764 [INFO]  Epoch[0] Train-cross-entropy=27.547958
2024-04-02 12:13:59,764 [INFO]  Epoch[0] Train-mult-accuracy=0.000000
2024-04-02 12:13:59,764 [INFO]  Epoch[0] Time cost=0.010
2024-04-02 12:13:59,766 [INFO]  Saved checkpoint to "./imputer_model/imputer_model_mult/model-0000.params"
2024-04-02 12:13:59,766 [INFO]  Epoch[0] Validation-cross-entropy=33.681797
2024-04-02 12:13:59,766 [INFO]  Epoch[0] Validation-mult-accuracy=0.000000
2024-04-02 12:13:59,770 [INFO]  Epoch[1] Batch [0-3]	Speed: 20512.13 samples/sec	cross-entropy=17.663774	mult-accuracy=0.000000
2024-04-02 12:13:59,771 [INFO]  Epoch[1] Train-cross-entropy=14.241487
2024-04-02 12:13:59,771 [INFO]  Epoch[1] Train-mult-accuracy=0.000000
2024-04-02 12:13:59,771 [INFO]  Epoch[1] Time cost=0.005
2024-04-02 12:13:59,773 [INFO]  Saved checkpoint to "./imputer_model/imputer_model_mult/model-0001.params"
2024-04-02 12:13:59,773 [INFO]  Epoch[1] Validation-cross-entropy=21.575415
2024-04-02 12:13:59,773 [INFO]  Epoch[1] Validation-mult-accuracy=0.000000
2024-04-02 12:13:59,776 [INFO]  Epoch[2] Batch [0-3]	Speed: 22995.61 samples/sec	cross-entropy=9.049011	mult-accuracy=0.000000
2024-04-02 12:13:59,777 [INFO]  Epoch[2] Train-cross-entropy=7.454619
2024-04-02 12:13:59,777 [INFO]  Epoch[2] Train-mult-accuracy=0.000000
2024-04-02 12:13:59,777 [INFO]  Epoch[2] Time cost=0.004
2024-04-02 12:13:59,779 [INFO]  Saved checkpoint to "./imputer_model/imputer_model_mult/model-0002.params"
2024-04-02 12:13:59,779 [INFO]  Epoch[2] Validation-cross-entropy=13.023407
2024-04-02 12:13:59,779 [INFO]  Epoch[2] Validation-mult-accuracy=0.000000
2024-04-02 12:13:59,782 [INFO]  Epoch[3] Batch [0-3]	Speed: 25394.37 samples/sec	cross-entropy=4.384805	mult-accuracy=0.000000
2024-04-02 12:13:59,783 [INFO]  Epoch[3] Train-cross-entropy=3.765529
2024-04-02 12:13:59,784 [INFO]  Epoch[3] Train-mult-accuracy=0.000000
2024-04-02 12:13:59,784 [INFO]  Epoch[3] Time cost=0.004
2024-04-02 12:13:59,785 [INFO]  Saved checkpoint to "./imputer_model/imputer_model_mult/model-0003.params"
2024-04-02 12:13:59,785 [INFO]  Epoch[3] Validation-cross-entropy=6.954482
2024-04-02 12:13:59,785 [INFO]  Epoch[3] Validation-mult-accuracy=0.000000
2024-04-02 12:13:59,788 [INFO]  Epoch[4] Batch [0-3]	Speed: 25355.99 samples/sec	cross-entropy=2.228857	mult-accuracy=0.000000
2024-04-02 12:13:59,789 [INFO]  Epoch[4] Train-cross-entropy=1.962078
2024-04-02 12:13:59,789 [INFO]  Epoch[4] Train-mult-accuracy=0.000000
2024-04-02 12:13:59,789 [INFO]  Epoch[4] Time cost=0.004
2024-04-02 12:13:59,791 [INFO]  Saved checkpoint to "./imputer_model/imputer_model_mult/model-0004.params"
2024-04-02 12:13:59,791 [INFO]  Epoch[4] Validation-cross-entropy=3.596471
2024-04-02 12:13:59,791 [INFO]  Epoch[4] Validation-mult-accuracy=0.000000
2024-04-02 12:13:59,791 [INFO]  
========== done (0.03831362724304199 s) fit model
2024-04-02 12:14:02,987 [INFO]  
========== start: fit model
2024-04-02 12:14:02,988 [WARNING]  Already bound, ignoring bind()
2024-04-02 12:14:02,991 [INFO]  Epoch[0] Batch [0-3]	Speed: 26857.87 samples/sec	cross-entropy=11.516762	mult-accuracy=0.000000
2024-04-02 12:14:02,993 [INFO]  Epoch[0] Train-cross-entropy=14.021459
2024-04-02 12:14:02,993 [INFO]  Epoch[0] Train-mult-accuracy=0.000000
2024-04-02 12:14:02,993 [INFO]  Epoch[0] Time cost=0.004
2024-04-02 12:14:02,994 [INFO]  Saved checkpoint to "./imputer_model/imputer_model_mult/model-0000.params"
2024-04-02 12:14:02,994 [INFO]  Epoch[0] Validation-cross-entropy=8.831550
2024-04-02 12:14:02,995 [INFO]  Epoch[0] Validation-mult-accuracy=0.000000
2024-04-02 12:14:02,997 [INFO]  Epoch[1] Batch [0-3]	Speed: 27578.99 samples/sec	cross-entropy=4.267669	mult-accuracy=0.000000
2024-04-02 12:14:02,999 [INFO]  Epoch[1] Train-cross-entropy=5.706102
2024-04-02 12:14:02,999 [INFO]  Epoch[1] Train-mult-accuracy=0.000000
2024-04-02 12:14:02,999 [INFO]  Epoch[1] Time cost=0.004
2024-04-02 12:14:03,000 [INFO]  Saved checkpoint to "./imputer_model/imputer_model_mult/model-0001.params"
2024-04-02 12:14:03,001 [INFO]  Epoch[1] Validation-cross-entropy=5.278476
2024-04-02 12:14:03,001 [INFO]  Epoch[1] Validation-mult-accuracy=0.000000
2024-04-02 12:14:03,003 [INFO]  Epoch[2] Batch [0-3]	Speed: 28094.70 samples/sec	cross-entropy=2.003450	mult-accuracy=0.000000
2024-04-02 12:14:03,004 [INFO]  Epoch[2] Train-cross-entropy=2.618085
2024-04-02 12:14:03,005 [INFO]  Epoch[2] Train-mult-accuracy=0.000000
2024-04-02 12:14:03,005 [INFO]  Epoch[2] Time cost=0.004
2024-04-02 12:14:03,006 [INFO]  Saved checkpoint to "./imputer_model/imputer_model_mult/model-0002.params"
2024-04-02 12:14:03,006 [INFO]  Epoch[2] Validation-cross-entropy=2.509799
2024-04-02 12:14:03,006 [INFO]  Epoch[2] Validation-mult-accuracy=0.000000
2024-04-02 12:14:03,009 [INFO]  Epoch[3] Batch [0-3]	Speed: 27365.31 samples/sec	cross-entropy=1.158680	mult-accuracy=0.000000
2024-04-02 12:14:03,010 [INFO]  Epoch[3] Train-cross-entropy=1.444833
2024-04-02 12:14:03,010 [INFO]  Epoch[3] Train-mult-accuracy=0.000000
2024-04-02 12:14:03,010 [INFO]  Epoch[3] Time cost=0.004
2024-04-02 12:14:03,011 [INFO]  Saved checkpoint to "./imputer_model/imputer_model_mult/model-0003.params"
2024-04-02 12:14:03,012 [INFO]  Epoch[3] Validation-cross-entropy=1.074530
2024-04-02 12:14:03,012 [INFO]  Epoch[3] Validation-mult-accuracy=0.000000
2024-04-02 12:14:03,014 [INFO]  Epoch[4] Batch [0-3]	Speed: 27613.03 samples/sec	cross-entropy=0.841885	mult-accuracy=0.000000
2024-04-02 12:14:03,016 [INFO]  Epoch[4] Train-cross-entropy=0.980860
2024-04-02 12:14:03,016 [INFO]  Epoch[4] Train-mult-accuracy=0.000000
2024-04-02 12:14:03,016 [INFO]  Epoch[4] Time cost=0.004
2024-04-02 12:14:03,017 [INFO]  Saved checkpoint to "./imputer_model/imputer_model_mult/model-0004.params"
2024-04-02 12:14:03,017 [INFO]  Epoch[4] Validation-cross-entropy=1.148249
2024-04-02 12:14:03,017 [INFO]  Epoch[4] Validation-mult-accuracy=0.000000
2024-04-02 12:14:03,017 [INFO]  
========== done (0.030036449432373047 s) fit model
2024-04-02 12:14:06,145 [INFO]  
========== start: fit model
2024-04-02 12:14:06,145 [WARNING]  Already bound, ignoring bind()
2024-04-02 12:14:06,159 [INFO]  Epoch[0] Batch [0-3]	Speed: 12146.40 samples/sec	cross-entropy=17.829954	mult-accuracy=0.000000
2024-04-02 12:14:06,163 [INFO]  Epoch[0] Train-cross-entropy=13.857977
2024-04-02 12:14:06,163 [INFO]  Epoch[0] Train-mult-accuracy=0.000000
2024-04-02 12:14:06,163 [INFO]  Epoch[0] Time cost=0.017
2024-04-02 12:14:06,166 [INFO]  Saved checkpoint to "./imputer_model/imputer_model_mult/model-0000.params"
2024-04-02 12:14:06,167 [INFO]  Epoch[0] Validation-cross-entropy=5.293614
2024-04-02 12:14:06,167 [INFO]  Epoch[0] Validation-mult-accuracy=0.000000
2024-04-02 12:14:06,173 [INFO]  Epoch[1] Batch [0-3]	Speed: 12654.89 samples/sec	cross-entropy=7.933268	mult-accuracy=0.000000
2024-04-02 12:14:06,175 [INFO]  Epoch[1] Train-cross-entropy=6.132312
2024-04-02 12:14:06,175 [INFO]  Epoch[1] Train-mult-accuracy=0.000000
2024-04-02 12:14:06,175 [INFO]  Epoch[1] Time cost=0.008
2024-04-02 12:14:06,178 [INFO]  Saved checkpoint to "./imputer_model/imputer_model_mult/model-0001.params"
2024-04-02 12:14:06,179 [INFO]  Epoch[1] Validation-cross-entropy=2.247735
2024-04-02 12:14:06,179 [INFO]  Epoch[1] Validation-mult-accuracy=0.000000
2024-04-02 12:14:06,182 [INFO]  Epoch[2] Batch [0-3]	Speed: 20978.08 samples/sec	cross-entropy=3.542862	mult-accuracy=0.000000
2024-04-02 12:14:06,184 [INFO]  Epoch[2] Train-cross-entropy=2.686096
2024-04-02 12:14:06,184 [INFO]  Epoch[2] Train-mult-accuracy=0.000000
2024-04-02 12:14:06,184 [INFO]  Epoch[2] Time cost=0.005
2024-04-02 12:14:06,186 [INFO]  Saved checkpoint to "./imputer_model/imputer_model_mult/model-0002.params"
2024-04-02 12:14:06,186 [INFO]  Epoch[2] Validation-cross-entropy=1.241888
2024-04-02 12:14:06,186 [INFO]  Epoch[2] Validation-mult-accuracy=0.000000
2024-04-02 12:14:06,189 [INFO]  Epoch[3] Batch [0-3]	Speed: 25413.61 samples/sec	cross-entropy=1.714024	mult-accuracy=0.000000
2024-04-02 12:14:06,190 [INFO]  Epoch[3] Train-cross-entropy=1.352047
2024-04-02 12:14:06,190 [INFO]  Epoch[3] Train-mult-accuracy=0.000000
2024-04-02 12:14:06,190 [INFO]  Epoch[3] Time cost=0.004
2024-04-02 12:14:06,192 [INFO]  Saved checkpoint to "./imputer_model/imputer_model_mult/model-0003.params"
2024-04-02 12:14:06,192 [INFO]  Epoch[3] Validation-cross-entropy=1.256789
2024-04-02 12:14:06,192 [INFO]  Epoch[3] Validation-mult-accuracy=0.000000
2024-04-02 12:14:06,195 [INFO]  Epoch[4] Batch [0-3]	Speed: 28308.01 samples/sec	cross-entropy=0.983594	mult-accuracy=0.000000
2024-04-02 12:14:06,196 [INFO]  Epoch[4] Train-cross-entropy=0.901178
2024-04-02 12:14:06,196 [INFO]  Epoch[4] Train-mult-accuracy=0.000000
2024-04-02 12:14:06,196 [INFO]  Epoch[4] Time cost=0.004
2024-04-02 12:14:06,198 [INFO]  Saved checkpoint to "./imputer_model/imputer_model_mult/model-0004.params"
2024-04-02 12:14:06,198 [INFO]  Epoch[4] Validation-cross-entropy=1.225014
2024-04-02 12:14:06,198 [INFO]  Epoch[4] Validation-mult-accuracy=0.000000
2024-04-02 12:14:06,198 [INFO]  
========== done (0.05321240425109863 s) fit model
2024-04-02 12:14:10,305 [INFO]  
========== start: fit model
2024-04-02 12:14:10,306 [WARNING]  Already bound, ignoring bind()
2024-04-02 12:14:10,312 [INFO]  Epoch[0] Batch [0-3]	Speed: 16879.90 samples/sec	cross-entropy=18.259998	mult-accuracy=3.000000
2024-04-02 12:14:10,314 [INFO]  Epoch[0] Train-cross-entropy=13.713477
2024-04-02 12:14:10,314 [INFO]  Epoch[0] Train-mult-accuracy=2.333333
2024-04-02 12:14:10,314 [INFO]  Epoch[0] Time cost=0.007
2024-04-02 12:14:10,316 [INFO]  Saved checkpoint to "./imputer_model/imputer_model_mult/model-0000.params"
2024-04-02 12:14:10,316 [INFO]  Epoch[0] Validation-cross-entropy=1.583042
2024-04-02 12:14:10,317 [INFO]  Epoch[0] Validation-mult-accuracy=0.000000
2024-04-02 12:14:10,320 [INFO]  Epoch[1] Batch [0-3]	Speed: 17879.80 samples/sec	cross-entropy=8.265270	mult-accuracy=3.000000
2024-04-02 12:14:10,322 [INFO]  Epoch[1] Train-cross-entropy=6.170294
2024-04-02 12:14:10,322 [INFO]  Epoch[1] Train-mult-accuracy=2.333333
2024-04-02 12:14:10,322 [INFO]  Epoch[1] Time cost=0.006
2024-04-02 12:14:10,324 [INFO]  Saved checkpoint to "./imputer_model/imputer_model_mult/model-0001.params"
2024-04-02 12:14:10,325 [INFO]  Epoch[1] Validation-cross-entropy=0.636739
2024-04-02 12:14:10,325 [INFO]  Epoch[1] Validation-mult-accuracy=0.000000
2024-04-02 12:14:10,329 [INFO]  Epoch[2] Batch [0-3]	Speed: 15915.15 samples/sec	cross-entropy=3.623704	mult-accuracy=3.000000
2024-04-02 12:14:10,331 [INFO]  Epoch[2] Train-cross-entropy=2.770438
2024-04-02 12:14:10,331 [INFO]  Epoch[2] Train-mult-accuracy=2.333333
2024-04-02 12:14:10,331 [INFO]  Epoch[2] Time cost=0.006
2024-04-02 12:14:10,333 [INFO]  Saved checkpoint to "./imputer_model/imputer_model_mult/model-0002.params"
2024-04-02 12:14:10,333 [INFO]  Epoch[2] Validation-cross-entropy=0.338846
2024-04-02 12:14:10,333 [INFO]  Epoch[2] Validation-mult-accuracy=0.000000
2024-04-02 12:14:10,337 [INFO]  Epoch[3] Batch [0-3]	Speed: 18538.36 samples/sec	cross-entropy=1.585454	mult-accuracy=3.000000
2024-04-02 12:14:10,339 [INFO]  Epoch[3] Train-cross-entropy=1.313260
2024-04-02 12:14:10,339 [INFO]  Epoch[3] Train-mult-accuracy=2.333333
2024-04-02 12:14:10,339 [INFO]  Epoch[3] Time cost=0.005
2024-04-02 12:14:10,340 [INFO]  Saved checkpoint to "./imputer_model/imputer_model_mult/model-0003.params"
2024-04-02 12:14:10,341 [INFO]  Epoch[3] Validation-cross-entropy=0.300480
2024-04-02 12:14:10,341 [INFO]  Epoch[3] Validation-mult-accuracy=0.000000
2024-04-02 12:14:10,345 [INFO]  Epoch[4] Batch [0-3]	Speed: 18733.28 samples/sec	cross-entropy=0.858549	mult-accuracy=3.000000
2024-04-02 12:14:10,346 [INFO]  Epoch[4] Train-cross-entropy=0.787939
2024-04-02 12:14:10,347 [INFO]  Epoch[4] Train-mult-accuracy=2.333333
2024-04-02 12:14:10,347 [INFO]  Epoch[4] Time cost=0.006
2024-04-02 12:14:10,348 [INFO]  Saved checkpoint to "./imputer_model/imputer_model_mult/model-0004.params"
2024-04-02 12:14:10,349 [INFO]  Epoch[4] Validation-cross-entropy=0.333449
2024-04-02 12:14:10,349 [INFO]  Epoch[4] Validation-mult-accuracy=0.000000
2024-04-02 12:14:10,349 [INFO]  
========== done (0.04369044303894043 s) fit model
2024-04-02 12:14:13,788 [INFO]  
========== start: fit model
2024-04-02 12:14:13,788 [WARNING]  Already bound, ignoring bind()
2024-04-02 12:14:13,792 [INFO]  Epoch[0] Batch [0-3]	Speed: 21629.41 samples/sec	cross-entropy=17.974524	mult-accuracy=3.750000
2024-04-02 12:14:13,794 [INFO]  Epoch[0] Train-cross-entropy=15.110329
2024-04-02 12:14:13,794 [INFO]  Epoch[0] Train-mult-accuracy=2.666667
2024-04-02 12:14:13,794 [INFO]  Epoch[0] Time cost=0.005
2024-04-02 12:14:13,795 [INFO]  Saved checkpoint to "./imputer_model/imputer_model_mult/model-0000.params"
2024-04-02 12:14:13,796 [INFO]  Epoch[0] Validation-cross-entropy=2.108440
2024-04-02 12:14:13,796 [INFO]  Epoch[0] Validation-mult-accuracy=0.000000
2024-04-02 12:14:13,799 [INFO]  Epoch[1] Batch [0-3]	Speed: 22636.23 samples/sec	cross-entropy=9.101036	mult-accuracy=3.750000
2024-04-02 12:14:13,800 [INFO]  Epoch[1] Train-cross-entropy=7.468869
2024-04-02 12:14:13,800 [INFO]  Epoch[1] Train-mult-accuracy=2.666667
2024-04-02 12:14:13,801 [INFO]  Epoch[1] Time cost=0.005
2024-04-02 12:14:13,802 [INFO]  Saved checkpoint to "./imputer_model/imputer_model_mult/model-0001.params"
2024-04-02 12:14:13,802 [INFO]  Epoch[1] Validation-cross-entropy=1.788462
2024-04-02 12:14:13,802 [INFO]  Epoch[1] Validation-mult-accuracy=0.000000
2024-04-02 12:14:13,805 [INFO]  Epoch[2] Batch [0-3]	Speed: 23050.90 samples/sec	cross-entropy=4.608756	mult-accuracy=3.750000
2024-04-02 12:14:13,806 [INFO]  Epoch[2] Train-cross-entropy=3.602672
2024-04-02 12:14:13,806 [INFO]  Epoch[2] Train-mult-accuracy=2.666667
2024-04-02 12:14:13,806 [INFO]  Epoch[2] Time cost=0.004
2024-04-02 12:14:13,808 [INFO]  Saved checkpoint to "./imputer_model/imputer_model_mult/model-0002.params"
2024-04-02 12:14:13,808 [INFO]  Epoch[2] Validation-cross-entropy=1.979537
2024-04-02 12:14:13,808 [INFO]  Epoch[2] Validation-mult-accuracy=0.000000
2024-04-02 12:14:13,811 [INFO]  Epoch[3] Batch [0-3]	Speed: 27111.04 samples/sec	cross-entropy=2.173056	mult-accuracy=3.750000
2024-04-02 12:14:13,812 [INFO]  Epoch[3] Train-cross-entropy=1.732254
2024-04-02 12:14:13,812 [INFO]  Epoch[3] Train-mult-accuracy=2.666667
2024-04-02 12:14:13,812 [INFO]  Epoch[3] Time cost=0.004
2024-04-02 12:14:13,813 [INFO]  Saved checkpoint to "./imputer_model/imputer_model_mult/model-0003.params"
2024-04-02 12:14:13,814 [INFO]  Epoch[3] Validation-cross-entropy=2.220204
2024-04-02 12:14:13,814 [INFO]  Epoch[3] Validation-mult-accuracy=0.000000
2024-04-02 12:14:13,816 [INFO]  Epoch[4] Batch [0-3]	Speed: 27447.39 samples/sec	cross-entropy=1.134358	mult-accuracy=3.750000
2024-04-02 12:14:13,818 [INFO]  Epoch[4] Train-cross-entropy=1.064264
2024-04-02 12:14:13,818 [INFO]  Epoch[4] Train-mult-accuracy=2.666667
2024-04-02 12:14:13,818 [INFO]  Epoch[4] Time cost=0.004
2024-04-02 12:14:13,819 [INFO]  Saved checkpoint to "./imputer_model/imputer_model_mult/model-0004.params"
2024-04-02 12:14:13,819 [INFO]  Epoch[4] Validation-cross-entropy=1.812643
2024-04-02 12:14:13,819 [INFO]  Epoch[4] Validation-mult-accuracy=0.000000
2024-04-02 12:14:13,819 [INFO]  
========== done (0.031482696533203125 s) fit model
2024-04-02 12:14:17,178 [INFO]  
========== start: fit model
2024-04-02 12:14:17,178 [WARNING]  Already bound, ignoring bind()
2024-04-02 12:14:17,182 [INFO]  Epoch[0] Batch [0-3]	Speed: 27184.25 samples/sec	cross-entropy=12.617378	mult-accuracy=0.000000
2024-04-02 12:14:17,183 [INFO]  Epoch[0] Train-cross-entropy=12.892558
2024-04-02 12:14:17,183 [INFO]  Epoch[0] Train-mult-accuracy=0.000000
2024-04-02 12:14:17,183 [INFO]  Epoch[0] Time cost=0.004
2024-04-02 12:14:17,185 [INFO]  Saved checkpoint to "./imputer_model/imputer_model_mult/model-0000.params"
2024-04-02 12:14:17,185 [INFO]  Epoch[0] Validation-cross-entropy=11.641759
2024-04-02 12:14:17,185 [INFO]  Epoch[0] Validation-mult-accuracy=0.000000
2024-04-02 12:14:17,188 [INFO]  Epoch[1] Batch [0-3]	Speed: 27715.67 samples/sec	cross-entropy=4.209536	mult-accuracy=0.000000
2024-04-02 12:14:17,189 [INFO]  Epoch[1] Train-cross-entropy=4.494750
2024-04-02 12:14:17,189 [INFO]  Epoch[1] Train-mult-accuracy=0.000000
2024-04-02 12:14:17,189 [INFO]  Epoch[1] Time cost=0.004
2024-04-02 12:14:17,190 [INFO]  Saved checkpoint to "./imputer_model/imputer_model_mult/model-0001.params"
2024-04-02 12:14:17,190 [INFO]  Epoch[1] Validation-cross-entropy=3.123209
2024-04-02 12:14:17,191 [INFO]  Epoch[1] Validation-mult-accuracy=0.000000
2024-04-02 12:14:17,193 [INFO]  Epoch[2] Batch [0-3]	Speed: 23772.18 samples/sec	cross-entropy=2.137152	mult-accuracy=0.000000
2024-04-02 12:14:17,195 [INFO]  Epoch[2] Train-cross-entropy=2.221878
2024-04-02 12:14:17,195 [INFO]  Epoch[2] Train-mult-accuracy=0.000000
2024-04-02 12:14:17,195 [INFO]  Epoch[2] Time cost=0.004
2024-04-02 12:14:17,196 [INFO]  Saved checkpoint to "./imputer_model/imputer_model_mult/model-0002.params"
2024-04-02 12:14:17,196 [INFO]  Epoch[2] Validation-cross-entropy=0.967020
2024-04-02 12:14:17,196 [INFO]  Epoch[2] Validation-mult-accuracy=0.000000
2024-04-02 12:14:17,199 [INFO]  Epoch[3] Batch [0-3]	Speed: 28075.11 samples/sec	cross-entropy=1.551729	mult-accuracy=0.000000
2024-04-02 12:14:17,208 [INFO]  Epoch[3] Train-cross-entropy=1.526329
2024-04-02 12:14:17,209 [INFO]  Epoch[3] Train-mult-accuracy=0.000000
2024-04-02 12:14:17,209 [INFO]  Epoch[3] Time cost=0.012
2024-04-02 12:14:17,210 [INFO]  Saved checkpoint to "./imputer_model/imputer_model_mult/model-0003.params"
2024-04-02 12:14:17,211 [INFO]  Epoch[3] Validation-cross-entropy=0.677012
2024-04-02 12:14:17,211 [INFO]  Epoch[3] Validation-mult-accuracy=0.000000
2024-04-02 12:14:17,214 [INFO]  Epoch[4] Batch [0-3]	Speed: 23930.42 samples/sec	cross-entropy=1.103468	mult-accuracy=0.000000
2024-04-02 12:14:17,215 [INFO]  Epoch[4] Train-cross-entropy=1.025206
2024-04-02 12:14:17,215 [INFO]  Epoch[4] Train-mult-accuracy=0.000000
2024-04-02 12:14:17,215 [INFO]  Epoch[4] Time cost=0.005
2024-04-02 12:14:17,217 [INFO]  Saved checkpoint to "./imputer_model/imputer_model_mult/model-0004.params"
2024-04-02 12:14:17,217 [INFO]  Epoch[4] Validation-cross-entropy=2.642938
2024-04-02 12:14:17,217 [INFO]  Epoch[4] Validation-mult-accuracy=0.000000
2024-04-02 12:14:17,217 [INFO]  
========== done (0.03942131996154785 s) fit model
2024-04-02 12:14:20,692 [INFO]  
========== start: fit model
2024-04-02 12:14:20,692 [WARNING]  Already bound, ignoring bind()
2024-04-02 12:14:20,697 [INFO]  Epoch[0] Batch [0-3]	Speed: 22552.55 samples/sec	cross-entropy=15.556004	mult-accuracy=0.000000
2024-04-02 12:14:20,699 [INFO]  Epoch[0] Train-cross-entropy=16.001369
2024-04-02 12:14:20,699 [INFO]  Epoch[0] Train-mult-accuracy=0.000000
2024-04-02 12:14:20,699 [INFO]  Epoch[0] Time cost=0.006
2024-04-02 12:14:20,700 [INFO]  Saved checkpoint to "./imputer_model/imputer_model_mult/model-0000.params"
2024-04-02 12:14:20,701 [INFO]  Epoch[0] Validation-cross-entropy=19.012354
2024-04-02 12:14:20,701 [INFO]  Epoch[0] Validation-mult-accuracy=0.000000
2024-04-02 12:14:20,704 [INFO]  Epoch[1] Batch [0-3]	Speed: 23735.75 samples/sec	cross-entropy=7.113682	mult-accuracy=0.000000
2024-04-02 12:14:20,705 [INFO]  Epoch[1] Train-cross-entropy=7.315334
2024-04-02 12:14:20,705 [INFO]  Epoch[1] Train-mult-accuracy=0.000000
2024-04-02 12:14:20,705 [INFO]  Epoch[1] Time cost=0.004
2024-04-02 12:14:20,707 [INFO]  Saved checkpoint to "./imputer_model/imputer_model_mult/model-0001.params"
2024-04-02 12:14:20,707 [INFO]  Epoch[1] Validation-cross-entropy=14.208709
2024-04-02 12:14:20,707 [INFO]  Epoch[1] Validation-mult-accuracy=0.000000
2024-04-02 12:14:20,710 [INFO]  Epoch[2] Batch [0-3]	Speed: 20383.37 samples/sec	cross-entropy=3.263002	mult-accuracy=0.000000
2024-04-02 12:14:20,712 [INFO]  Epoch[2] Train-cross-entropy=3.210497
2024-04-02 12:14:20,712 [INFO]  Epoch[2] Train-mult-accuracy=0.000000
2024-04-02 12:14:20,712 [INFO]  Epoch[2] Time cost=0.005
2024-04-02 12:14:20,713 [INFO]  Saved checkpoint to "./imputer_model/imputer_model_mult/model-0002.params"
2024-04-02 12:14:20,714 [INFO]  Epoch[2] Validation-cross-entropy=12.263971
2024-04-02 12:14:20,714 [INFO]  Epoch[2] Validation-mult-accuracy=0.000000
2024-04-02 12:14:20,717 [INFO]  Epoch[3] Batch [0-3]	Speed: 23752.55 samples/sec	cross-entropy=1.475942	mult-accuracy=0.000000
2024-04-02 12:14:20,718 [INFO]  Epoch[3] Train-cross-entropy=1.382504
2024-04-02 12:14:20,718 [INFO]  Epoch[3] Train-mult-accuracy=0.000000
2024-04-02 12:14:20,718 [INFO]  Epoch[3] Time cost=0.004
2024-04-02 12:14:20,719 [INFO]  Saved checkpoint to "./imputer_model/imputer_model_mult/model-0003.params"
2024-04-02 12:14:20,720 [INFO]  Epoch[3] Validation-cross-entropy=8.660770
2024-04-02 12:14:20,720 [INFO]  Epoch[3] Validation-mult-accuracy=0.000000
2024-04-02 12:14:20,723 [INFO]  Epoch[4] Batch [0-3]	Speed: 24218.28 samples/sec	cross-entropy=1.087137	mult-accuracy=0.000000
2024-04-02 12:14:20,724 [INFO]  Epoch[4] Train-cross-entropy=0.957589
2024-04-02 12:14:20,724 [INFO]  Epoch[4] Train-mult-accuracy=0.000000
2024-04-02 12:14:20,724 [INFO]  Epoch[4] Time cost=0.004
2024-04-02 12:14:20,726 [INFO]  Saved checkpoint to "./imputer_model/imputer_model_mult/model-0004.params"
2024-04-02 12:14:20,726 [INFO]  Epoch[4] Validation-cross-entropy=4.796968
2024-04-02 12:14:20,726 [INFO]  Epoch[4] Validation-mult-accuracy=0.000000
2024-04-02 12:14:20,726 [INFO]  
========== done (0.034218788146972656 s) fit model
2024-04-02 12:14:24,993 [INFO]  
========== start: fit model
2024-04-02 12:14:24,993 [WARNING]  Already bound, ignoring bind()
2024-04-02 12:14:24,997 [INFO]  Epoch[0] Batch [0-3]	Speed: 23516.71 samples/sec	cross-entropy=12.987235	mult-accuracy=0.000000
2024-04-02 12:14:24,999 [INFO]  Epoch[0] Train-cross-entropy=13.702740
2024-04-02 12:14:24,999 [INFO]  Epoch[0] Train-mult-accuracy=0.000000
2024-04-02 12:14:24,999 [INFO]  Epoch[0] Time cost=0.005
2024-04-02 12:14:25,000 [INFO]  Saved checkpoint to "./imputer_model/imputer_model_mult/model-0000.params"
2024-04-02 12:14:25,001 [INFO]  Epoch[0] Validation-cross-entropy=3.297017
2024-04-02 12:14:25,001 [INFO]  Epoch[0] Validation-mult-accuracy=0.000000
2024-04-02 12:14:25,004 [INFO]  Epoch[1] Batch [0-3]	Speed: 24238.69 samples/sec	cross-entropy=5.224823	mult-accuracy=0.000000
2024-04-02 12:14:25,005 [INFO]  Epoch[1] Train-cross-entropy=6.191182
2024-04-02 12:14:25,005 [INFO]  Epoch[1] Train-mult-accuracy=0.000000
2024-04-02 12:14:25,005 [INFO]  Epoch[1] Time cost=0.004
2024-04-02 12:14:25,006 [INFO]  Saved checkpoint to "./imputer_model/imputer_model_mult/model-0001.params"
2024-04-02 12:14:25,011 [INFO]  Epoch[1] Validation-cross-entropy=2.096264
2024-04-02 12:14:25,011 [INFO]  Epoch[1] Validation-mult-accuracy=0.000000
2024-04-02 12:14:25,182 [INFO]  Epoch[2] Batch [0-3]	Speed: 16796.81 samples/sec	cross-entropy=2.024002	mult-accuracy=0.000000
2024-04-02 12:14:25,184 [INFO]  Epoch[2] Train-cross-entropy=2.467612
2024-04-02 12:14:25,184 [INFO]  Epoch[2] Train-mult-accuracy=0.000000
2024-04-02 12:14:25,184 [INFO]  Epoch[2] Time cost=0.172
2024-04-02 12:14:25,186 [INFO]  Saved checkpoint to "./imputer_model/imputer_model_mult/model-0002.params"
2024-04-02 12:14:25,186 [INFO]  Epoch[2] Validation-cross-entropy=0.760897
2024-04-02 12:14:25,186 [INFO]  Epoch[2] Validation-mult-accuracy=0.000000
2024-04-02 12:14:25,189 [INFO]  Epoch[3] Batch [0-3]	Speed: 21845.33 samples/sec	cross-entropy=0.680334	mult-accuracy=0.000000
2024-04-02 12:14:25,191 [INFO]  Epoch[3] Train-cross-entropy=0.844565
2024-04-02 12:14:25,191 [INFO]  Epoch[3] Train-mult-accuracy=0.000000
2024-04-02 12:14:25,191 [INFO]  Epoch[3] Time cost=0.005
2024-04-02 12:14:25,193 [INFO]  Saved checkpoint to "./imputer_model/imputer_model_mult/model-0003.params"
2024-04-02 12:14:25,193 [INFO]  Epoch[3] Validation-cross-entropy=0.576205
2024-04-02 12:14:25,193 [INFO]  Epoch[3] Validation-mult-accuracy=0.000000
2024-04-02 12:14:25,196 [INFO]  Epoch[4] Batch [0-3]	Speed: 21657.34 samples/sec	cross-entropy=0.579586	mult-accuracy=0.000000
2024-04-02 12:14:25,198 [INFO]  Epoch[4] Train-cross-entropy=0.601446
2024-04-02 12:14:25,198 [INFO]  Epoch[4] Train-mult-accuracy=0.000000
2024-04-02 12:14:25,198 [INFO]  Epoch[4] Time cost=0.005
2024-04-02 12:14:25,199 [INFO]  Saved checkpoint to "./imputer_model/imputer_model_mult/model-0004.params"
2024-04-02 12:14:25,200 [INFO]  Epoch[4] Validation-cross-entropy=0.854785
2024-04-02 12:14:25,200 [INFO]  Epoch[4] Validation-mult-accuracy=0.000000
2024-04-02 12:14:25,200 [INFO]  
========== done (0.2068474292755127 s) fit model
2024-04-02 12:14:29,019 [INFO]  
========== start: fit model
2024-04-02 12:14:29,019 [WARNING]  Already bound, ignoring bind()
2024-04-02 12:14:29,023 [INFO]  Epoch[0] Batch [0-3]	Speed: 24244.53 samples/sec	cross-entropy=14.877854	mult-accuracy=3.000000
2024-04-02 12:14:29,024 [INFO]  Epoch[0] Train-cross-entropy=17.613051
2024-04-02 12:14:29,024 [INFO]  Epoch[0] Train-mult-accuracy=2.666667
2024-04-02 12:14:29,024 [INFO]  Epoch[0] Time cost=0.005
2024-04-02 12:14:29,026 [INFO]  Saved checkpoint to "./imputer_model/imputer_model_mult/model-0000.params"
2024-04-02 12:14:29,026 [INFO]  Epoch[0] Validation-cross-entropy=6.041101
2024-04-02 12:14:29,026 [INFO]  Epoch[0] Validation-mult-accuracy=0.000000
2024-04-02 12:14:29,048 [INFO]  Epoch[1] Batch [0-3]	Speed: 2293.14 samples/sec	cross-entropy=6.650532	mult-accuracy=3.000000
2024-04-02 12:14:29,049 [INFO]  Epoch[1] Train-cross-entropy=8.667283
2024-04-02 12:14:29,050 [INFO]  Epoch[1] Train-mult-accuracy=2.666667
2024-04-02 12:14:29,050 [INFO]  Epoch[1] Time cost=0.023
2024-04-02 12:14:29,051 [INFO]  Saved checkpoint to "./imputer_model/imputer_model_mult/model-0001.params"
2024-04-02 12:14:29,051 [INFO]  Epoch[1] Validation-cross-entropy=3.965811
2024-04-02 12:14:29,051 [INFO]  Epoch[1] Validation-mult-accuracy=0.000000
2024-04-02 12:14:29,054 [INFO]  Epoch[2] Batch [0-3]	Speed: 21381.33 samples/sec	cross-entropy=3.469167	mult-accuracy=3.000000
2024-04-02 12:14:29,056 [INFO]  Epoch[2] Train-cross-entropy=4.479064
2024-04-02 12:14:29,056 [INFO]  Epoch[2] Train-mult-accuracy=2.666667
2024-04-02 12:14:29,056 [INFO]  Epoch[2] Time cost=0.005
2024-04-02 12:14:29,057 [INFO]  Saved checkpoint to "./imputer_model/imputer_model_mult/model-0002.params"
2024-04-02 12:14:29,058 [INFO]  Epoch[2] Validation-cross-entropy=1.891159
2024-04-02 12:14:29,058 [INFO]  Epoch[2] Validation-mult-accuracy=0.000000
2024-04-02 12:14:29,060 [INFO]  Epoch[3] Batch [0-3]	Speed: 24669.35 samples/sec	cross-entropy=1.749131	mult-accuracy=3.000000
2024-04-02 12:14:29,062 [INFO]  Epoch[3] Train-cross-entropy=2.206005
2024-04-02 12:14:29,062 [INFO]  Epoch[3] Train-mult-accuracy=2.666667
2024-04-02 12:14:29,062 [INFO]  Epoch[3] Time cost=0.004
2024-04-02 12:14:29,063 [INFO]  Saved checkpoint to "./imputer_model/imputer_model_mult/model-0003.params"
2024-04-02 12:14:29,064 [INFO]  Epoch[3] Validation-cross-entropy=0.854754
2024-04-02 12:14:29,064 [INFO]  Epoch[3] Validation-mult-accuracy=0.000000
2024-04-02 12:14:29,066 [INFO]  Epoch[4] Batch [0-3]	Speed: 24495.27 samples/sec	cross-entropy=1.036001	mult-accuracy=3.000000
2024-04-02 12:14:29,068 [INFO]  Epoch[4] Train-cross-entropy=1.161566
2024-04-02 12:14:29,068 [INFO]  Epoch[4] Train-mult-accuracy=2.666667
2024-04-02 12:14:29,068 [INFO]  Epoch[4] Time cost=0.004
2024-04-02 12:14:29,069 [INFO]  Saved checkpoint to "./imputer_model/imputer_model_mult/model-0004.params"
2024-04-02 12:14:29,070 [INFO]  Epoch[4] Validation-cross-entropy=0.491873
2024-04-02 12:14:29,070 [INFO]  Epoch[4] Validation-mult-accuracy=0.000000
2024-04-02 12:14:29,070 [INFO]  
========== done (0.0511929988861084 s) fit model
2024-04-02 12:14:32,692 [INFO]  
========== start: fit model
2024-04-02 12:14:32,692 [WARNING]  Already bound, ignoring bind()
2024-04-02 12:14:32,696 [INFO]  Epoch[0] Batch [0-3]	Speed: 25817.72 samples/sec	cross-entropy=17.844668	mult-accuracy=0.000000
2024-04-02 12:14:32,697 [INFO]  Epoch[0] Train-cross-entropy=17.093000
2024-04-02 12:14:32,697 [INFO]  Epoch[0] Train-mult-accuracy=0.000000
2024-04-02 12:14:32,697 [INFO]  Epoch[0] Time cost=0.005
2024-04-02 12:14:32,699 [INFO]  Saved checkpoint to "./imputer_model/imputer_model_mult/model-0000.params"
2024-04-02 12:14:32,699 [INFO]  Epoch[0] Validation-cross-entropy=3.735726
2024-04-02 12:14:32,699 [INFO]  Epoch[0] Validation-mult-accuracy=0.000000
2024-04-02 12:14:32,702 [INFO]  Epoch[1] Batch [0-3]	Speed: 24122.52 samples/sec	cross-entropy=7.193053	mult-accuracy=0.000000
2024-04-02 12:14:32,704 [INFO]  Epoch[1] Train-cross-entropy=7.300644
2024-04-02 12:14:32,704 [INFO]  Epoch[1] Train-mult-accuracy=0.000000
2024-04-02 12:14:32,704 [INFO]  Epoch[1] Time cost=0.004
2024-04-02 12:14:32,705 [INFO]  Saved checkpoint to "./imputer_model/imputer_model_mult/model-0001.params"
2024-04-02 12:14:32,705 [INFO]  Epoch[1] Validation-cross-entropy=3.019248
2024-04-02 12:14:32,705 [INFO]  Epoch[1] Validation-mult-accuracy=0.000000
2024-04-02 12:14:32,708 [INFO]  Epoch[2] Batch [0-3]	Speed: 22250.95 samples/sec	cross-entropy=3.405300	mult-accuracy=0.000000
2024-04-02 12:14:32,710 [INFO]  Epoch[2] Train-cross-entropy=3.201985
2024-04-02 12:14:32,710 [INFO]  Epoch[2] Train-mult-accuracy=0.000000
2024-04-02 12:14:32,710 [INFO]  Epoch[2] Time cost=0.004
2024-04-02 12:14:32,711 [INFO]  Saved checkpoint to "./imputer_model/imputer_model_mult/model-0002.params"
2024-04-02 12:14:32,711 [INFO]  Epoch[2] Validation-cross-entropy=1.819553
2024-04-02 12:14:32,712 [INFO]  Epoch[2] Validation-mult-accuracy=0.000000
2024-04-02 12:14:32,714 [INFO]  Epoch[3] Batch [0-3]	Speed: 27715.67 samples/sec	cross-entropy=2.345456	mult-accuracy=0.000000
2024-04-02 12:14:32,715 [INFO]  Epoch[3] Train-cross-entropy=2.040868
2024-04-02 12:14:32,715 [INFO]  Epoch[3] Train-mult-accuracy=0.000000
2024-04-02 12:14:32,715 [INFO]  Epoch[3] Time cost=0.004
2024-04-02 12:14:32,717 [INFO]  Saved checkpoint to "./imputer_model/imputer_model_mult/model-0003.params"
2024-04-02 12:14:32,717 [INFO]  Epoch[3] Validation-cross-entropy=1.299894
2024-04-02 12:14:32,717 [INFO]  Epoch[3] Validation-mult-accuracy=0.000000
2024-04-02 12:14:32,720 [INFO]  Epoch[4] Batch [0-3]	Speed: 27250.49 samples/sec	cross-entropy=1.804824	mult-accuracy=0.000000
2024-04-02 12:14:32,721 [INFO]  Epoch[4] Train-cross-entropy=1.582505
2024-04-02 12:14:32,721 [INFO]  Epoch[4] Train-mult-accuracy=0.000000
2024-04-02 12:14:32,721 [INFO]  Epoch[4] Time cost=0.004
2024-04-02 12:14:32,722 [INFO]  Saved checkpoint to "./imputer_model/imputer_model_mult/model-0004.params"
2024-04-02 12:14:32,723 [INFO]  Epoch[4] Validation-cross-entropy=1.469308
2024-04-02 12:14:32,723 [INFO]  Epoch[4] Validation-mult-accuracy=0.000000
2024-04-02 12:14:32,723 [INFO]  
========== done (0.03091740608215332 s) fit model
2024-04-02 12:14:36,500 [INFO]  
========== start: fit model
2024-04-02 12:14:36,501 [WARNING]  Already bound, ignoring bind()
2024-04-02 12:14:36,504 [INFO]  Epoch[0] Batch [0-3]	Speed: 26368.91 samples/sec	cross-entropy=14.995194	mult-accuracy=3.000000
2024-04-02 12:14:36,506 [INFO]  Epoch[0] Train-cross-entropy=13.328951
2024-04-02 12:14:36,506 [INFO]  Epoch[0] Train-mult-accuracy=3.833333
2024-04-02 12:14:36,506 [INFO]  Epoch[0] Time cost=0.004
2024-04-02 12:14:36,507 [INFO]  Saved checkpoint to "./imputer_model/imputer_model_mult/model-0000.params"
2024-04-02 12:14:36,508 [INFO]  Epoch[0] Validation-cross-entropy=8.396982
2024-04-02 12:14:36,508 [INFO]  Epoch[0] Validation-mult-accuracy=0.000000
2024-04-02 12:14:36,510 [INFO]  Epoch[1] Batch [0-3]	Speed: 27317.04 samples/sec	cross-entropy=5.797213	mult-accuracy=3.000000
2024-04-02 12:14:36,511 [INFO]  Epoch[1] Train-cross-entropy=5.411560
2024-04-02 12:14:36,511 [INFO]  Epoch[1] Train-mult-accuracy=3.833333
2024-04-02 12:14:36,511 [INFO]  Epoch[1] Time cost=0.004
2024-04-02 12:14:36,513 [INFO]  Saved checkpoint to "./imputer_model/imputer_model_mult/model-0001.params"
2024-04-02 12:14:36,513 [INFO]  Epoch[1] Validation-cross-entropy=3.701334
2024-04-02 12:14:36,513 [INFO]  Epoch[1] Validation-mult-accuracy=0.000000
2024-04-02 12:14:36,516 [INFO]  Epoch[2] Batch [0-3]	Speed: 23172.95 samples/sec	cross-entropy=3.147350	mult-accuracy=3.000000
2024-04-02 12:14:36,517 [INFO]  Epoch[2] Train-cross-entropy=2.652685
2024-04-02 12:14:36,517 [INFO]  Epoch[2] Train-mult-accuracy=3.833333
2024-04-02 12:14:36,517 [INFO]  Epoch[2] Time cost=0.004
2024-04-02 12:14:36,519 [INFO]  Saved checkpoint to "./imputer_model/imputer_model_mult/model-0002.params"
2024-04-02 12:14:36,519 [INFO]  Epoch[2] Validation-cross-entropy=0.845882
2024-04-02 12:14:36,519 [INFO]  Epoch[2] Validation-mult-accuracy=0.000000
2024-04-02 12:14:36,521 [INFO]  Epoch[3] Batch [0-3]	Speed: 27673.76 samples/sec	cross-entropy=1.010989	mult-accuracy=3.000000
2024-04-02 12:14:36,523 [INFO]  Epoch[3] Train-cross-entropy=1.030249
2024-04-02 12:14:36,523 [INFO]  Epoch[3] Train-mult-accuracy=3.833333
2024-04-02 12:14:36,523 [INFO]  Epoch[3] Time cost=0.004
2024-04-02 12:14:36,524 [INFO]  Saved checkpoint to "./imputer_model/imputer_model_mult/model-0003.params"
2024-04-02 12:14:36,524 [INFO]  Epoch[3] Validation-cross-entropy=0.377855
2024-04-02 12:14:36,524 [INFO]  Epoch[3] Validation-mult-accuracy=0.000000
2024-04-02 12:14:36,527 [INFO]  Epoch[4] Batch [0-3]	Speed: 27169.58 samples/sec	cross-entropy=0.863062	mult-accuracy=3.000000
2024-04-02 12:14:36,528 [INFO]  Epoch[4] Train-cross-entropy=0.821173
2024-04-02 12:14:36,528 [INFO]  Epoch[4] Train-mult-accuracy=3.833333
2024-04-02 12:14:36,529 [INFO]  Epoch[4] Time cost=0.004
2024-04-02 12:14:36,530 [INFO]  Saved checkpoint to "./imputer_model/imputer_model_mult/model-0004.params"
2024-04-02 12:14:36,530 [INFO]  Epoch[4] Validation-cross-entropy=0.314825
2024-04-02 12:14:36,530 [INFO]  Epoch[4] Validation-mult-accuracy=0.000000
2024-04-02 12:14:36,530 [INFO]  
========== done (0.029698848724365234 s) fit model
2024-04-02 12:14:41,096 [INFO]  
========== start: fit model
2024-04-02 12:14:41,097 [WARNING]  Already bound, ignoring bind()
2024-04-02 12:14:41,101 [INFO]  Epoch[0] Batch [0-3]	Speed: 21814.56 samples/sec	cross-entropy=15.328112	mult-accuracy=3.750000
2024-04-02 12:14:41,103 [INFO]  Epoch[0] Train-cross-entropy=18.057509
2024-04-02 12:14:41,103 [INFO]  Epoch[0] Train-mult-accuracy=3.000000
2024-04-02 12:14:41,103 [INFO]  Epoch[0] Time cost=0.005
2024-04-02 12:14:41,105 [INFO]  Saved checkpoint to "./imputer_model/imputer_model_mult/model-0000.params"
2024-04-02 12:14:41,105 [INFO]  Epoch[0] Validation-cross-entropy=10.669671
2024-04-02 12:14:41,105 [INFO]  Epoch[0] Validation-mult-accuracy=0.000000
2024-04-02 12:14:41,109 [INFO]  Epoch[1] Batch [0-3]	Speed: 19548.17 samples/sec	cross-entropy=7.022629	mult-accuracy=3.750000
2024-04-02 12:14:41,110 [INFO]  Epoch[1] Train-cross-entropy=9.467246
2024-04-02 12:14:41,110 [INFO]  Epoch[1] Train-mult-accuracy=3.000000
2024-04-02 12:14:41,110 [INFO]  Epoch[1] Time cost=0.005
2024-04-02 12:14:41,111 [INFO]  Saved checkpoint to "./imputer_model/imputer_model_mult/model-0001.params"
2024-04-02 12:14:41,112 [INFO]  Epoch[1] Validation-cross-entropy=5.840624
2024-04-02 12:14:41,112 [INFO]  Epoch[1] Validation-mult-accuracy=0.000000
2024-04-02 12:14:41,115 [INFO]  Epoch[2] Batch [0-3]	Speed: 22209.22 samples/sec	cross-entropy=3.723134	mult-accuracy=3.750000
2024-04-02 12:14:41,117 [INFO]  Epoch[2] Train-cross-entropy=5.066957
2024-04-02 12:14:41,117 [INFO]  Epoch[2] Train-mult-accuracy=3.000000
2024-04-02 12:14:41,117 [INFO]  Epoch[2] Time cost=0.005
2024-04-02 12:14:41,119 [INFO]  Saved checkpoint to "./imputer_model/imputer_model_mult/model-0002.params"
2024-04-02 12:14:41,119 [INFO]  Epoch[2] Validation-cross-entropy=2.518568
2024-04-02 12:14:41,119 [INFO]  Epoch[2] Validation-mult-accuracy=0.000000
2024-04-02 12:14:41,122 [INFO]  Epoch[3] Batch [0-3]	Speed: 26900.93 samples/sec	cross-entropy=1.350124	mult-accuracy=3.750000
2024-04-02 12:14:41,123 [INFO]  Epoch[3] Train-cross-entropy=2.226172
2024-04-02 12:14:41,123 [INFO]  Epoch[3] Train-mult-accuracy=3.000000
2024-04-02 12:14:41,123 [INFO]  Epoch[3] Time cost=0.004
2024-04-02 12:14:41,125 [INFO]  Saved checkpoint to "./imputer_model/imputer_model_mult/model-0003.params"
2024-04-02 12:14:41,125 [INFO]  Epoch[3] Validation-cross-entropy=1.155959
2024-04-02 12:14:41,125 [INFO]  Epoch[3] Validation-mult-accuracy=0.000000
2024-04-02 12:14:41,128 [INFO]  Epoch[4] Batch [0-3]	Speed: 18528.12 samples/sec	cross-entropy=0.879632	mult-accuracy=3.750000
2024-04-02 12:14:41,130 [INFO]  Epoch[4] Train-cross-entropy=1.220084
2024-04-02 12:14:41,130 [INFO]  Epoch[4] Train-mult-accuracy=3.000000
2024-04-02 12:14:41,130 [INFO]  Epoch[4] Time cost=0.005
2024-04-02 12:14:41,131 [INFO]  Saved checkpoint to "./imputer_model/imputer_model_mult/model-0004.params"
2024-04-02 12:14:41,132 [INFO]  Epoch[4] Validation-cross-entropy=0.394716
2024-04-02 12:14:41,132 [INFO]  Epoch[4] Validation-mult-accuracy=0.000000
2024-04-02 12:14:41,132 [INFO]  
========== done (0.03526020050048828 s) fit model
2024-04-02 12:14:45,184 [INFO]  
========== start: fit model
2024-04-02 12:14:45,184 [WARNING]  Already bound, ignoring bind()
2024-04-02 12:14:45,189 [INFO]  Epoch[0] Batch [0-3]	Speed: 23024.54 samples/sec	cross-entropy=19.482842	mult-accuracy=0.000000
2024-04-02 12:14:45,190 [INFO]  Epoch[0] Train-cross-entropy=14.764757
2024-04-02 12:14:45,190 [INFO]  Epoch[0] Train-mult-accuracy=0.000000
2024-04-02 12:14:45,190 [INFO]  Epoch[0] Time cost=0.005
2024-04-02 12:14:45,192 [INFO]  Saved checkpoint to "./imputer_model/imputer_model_mult/model-0000.params"
2024-04-02 12:14:45,192 [INFO]  Epoch[0] Validation-cross-entropy=12.218413
2024-04-02 12:14:45,192 [INFO]  Epoch[0] Validation-mult-accuracy=0.000000
2024-04-02 12:14:45,195 [INFO]  Epoch[1] Batch [0-3]	Speed: 22883.22 samples/sec	cross-entropy=8.977223	mult-accuracy=0.000000
2024-04-02 12:14:45,197 [INFO]  Epoch[1] Train-cross-entropy=6.790928
2024-04-02 12:14:45,197 [INFO]  Epoch[1] Train-mult-accuracy=0.000000
2024-04-02 12:14:45,197 [INFO]  Epoch[1] Time cost=0.005
2024-04-02 12:14:45,198 [INFO]  Saved checkpoint to "./imputer_model/imputer_model_mult/model-0001.params"
2024-04-02 12:14:45,198 [INFO]  Epoch[1] Validation-cross-entropy=5.646577
2024-04-02 12:14:45,198 [INFO]  Epoch[1] Validation-mult-accuracy=0.000000
2024-04-02 12:14:45,202 [INFO]  Epoch[2] Batch [0-3]	Speed: 20526.77 samples/sec	cross-entropy=3.946506	mult-accuracy=0.000000
2024-04-02 12:14:45,203 [INFO]  Epoch[2] Train-cross-entropy=3.031176
2024-04-02 12:14:45,203 [INFO]  Epoch[2] Train-mult-accuracy=0.000000
2024-04-02 12:14:45,203 [INFO]  Epoch[2] Time cost=0.005
2024-04-02 12:14:45,205 [INFO]  Saved checkpoint to "./imputer_model/imputer_model_mult/model-0002.params"
2024-04-02 12:14:45,205 [INFO]  Epoch[2] Validation-cross-entropy=2.272328
2024-04-02 12:14:45,205 [INFO]  Epoch[2] Validation-mult-accuracy=0.000000
2024-04-02 12:14:45,208 [INFO]  Epoch[3] Batch [0-3]	Speed: 22404.47 samples/sec	cross-entropy=1.578349	mult-accuracy=0.000000
2024-04-02 12:14:45,209 [INFO]  Epoch[3] Train-cross-entropy=1.332073
2024-04-02 12:14:45,210 [INFO]  Epoch[3] Train-mult-accuracy=0.000000
2024-04-02 12:14:45,210 [INFO]  Epoch[3] Time cost=0.004
2024-04-02 12:14:45,211 [INFO]  Saved checkpoint to "./imputer_model/imputer_model_mult/model-0003.params"
2024-04-02 12:14:45,211 [INFO]  Epoch[3] Validation-cross-entropy=0.913706
2024-04-02 12:14:45,211 [INFO]  Epoch[3] Validation-mult-accuracy=0.000000
2024-04-02 12:14:45,214 [INFO]  Epoch[4] Batch [0-3]	Speed: 23632.66 samples/sec	cross-entropy=0.761327	mult-accuracy=0.000000
2024-04-02 12:14:45,216 [INFO]  Epoch[4] Train-cross-entropy=0.756231
2024-04-02 12:14:45,216 [INFO]  Epoch[4] Train-mult-accuracy=0.000000
2024-04-02 12:14:45,216 [INFO]  Epoch[4] Time cost=0.004
2024-04-02 12:14:45,217 [INFO]  Saved checkpoint to "./imputer_model/imputer_model_mult/model-0004.params"
2024-04-02 12:14:45,218 [INFO]  Epoch[4] Validation-cross-entropy=0.615390
2024-04-02 12:14:45,218 [INFO]  Epoch[4] Validation-mult-accuracy=0.000000
2024-04-02 12:14:45,218 [INFO]  
========== done (0.033640384674072266 s) fit model
2024-04-02 12:14:49,154 [INFO]  
========== start: fit model
2024-04-02 12:14:49,154 [WARNING]  Already bound, ignoring bind()
2024-04-02 12:14:49,158 [INFO]  Epoch[0] Batch [0-3]	Speed: 24929.00 samples/sec	cross-entropy=8.921033	mult-accuracy=2.500000
2024-04-02 12:14:49,159 [INFO]  Epoch[0] Train-cross-entropy=10.560211
2024-04-02 12:14:49,159 [INFO]  Epoch[0] Train-mult-accuracy=2.500000
2024-04-02 12:14:49,159 [INFO]  Epoch[0] Time cost=0.005
2024-04-02 12:14:49,161 [INFO]  Saved checkpoint to "./imputer_model/imputer_model_mult/model-0000.params"
2024-04-02 12:14:49,161 [INFO]  Epoch[0] Validation-cross-entropy=3.091320
2024-04-02 12:14:49,161 [INFO]  Epoch[0] Validation-mult-accuracy=0.000000
2024-04-02 12:14:49,164 [INFO]  Epoch[1] Batch [0-3]	Speed: 22196.98 samples/sec	cross-entropy=3.025342	mult-accuracy=2.500000
2024-04-02 12:14:49,165 [INFO]  Epoch[1] Train-cross-entropy=3.812425
2024-04-02 12:14:49,165 [INFO]  Epoch[1] Train-mult-accuracy=2.500000
2024-04-02 12:14:49,165 [INFO]  Epoch[1] Time cost=0.004
2024-04-02 12:14:49,167 [INFO]  Saved checkpoint to "./imputer_model/imputer_model_mult/model-0001.params"
2024-04-02 12:14:49,167 [INFO]  Epoch[1] Validation-cross-entropy=1.950565
2024-04-02 12:14:49,167 [INFO]  Epoch[1] Validation-mult-accuracy=0.000000
2024-04-02 12:14:49,170 [INFO]  Epoch[2] Batch [0-3]	Speed: 27911.63 samples/sec	cross-entropy=1.692739	mult-accuracy=2.500000
2024-04-02 12:14:49,171 [INFO]  Epoch[2] Train-cross-entropy=1.842553
2024-04-02 12:14:49,171 [INFO]  Epoch[2] Train-mult-accuracy=2.500000
2024-04-02 12:14:49,171 [INFO]  Epoch[2] Time cost=0.004
2024-04-02 12:14:49,172 [INFO]  Saved checkpoint to "./imputer_model/imputer_model_mult/model-0002.params"
2024-04-02 12:14:49,173 [INFO]  Epoch[2] Validation-cross-entropy=1.700080
2024-04-02 12:14:49,173 [INFO]  Epoch[2] Validation-mult-accuracy=0.000000
2024-04-02 12:14:49,175 [INFO]  Epoch[3] Batch [0-3]	Speed: 27919.37 samples/sec	cross-entropy=1.212859	mult-accuracy=2.500000
2024-04-02 12:14:49,177 [INFO]  Epoch[3] Train-cross-entropy=1.123335
2024-04-02 12:14:49,177 [INFO]  Epoch[3] Train-mult-accuracy=2.500000
2024-04-02 12:14:49,177 [INFO]  Epoch[3] Time cost=0.004
2024-04-02 12:14:49,178 [INFO]  Saved checkpoint to "./imputer_model/imputer_model_mult/model-0003.params"
2024-04-02 12:14:49,178 [INFO]  Epoch[3] Validation-cross-entropy=1.597245
2024-04-02 12:14:49,178 [INFO]  Epoch[3] Validation-mult-accuracy=0.000000
2024-04-02 12:14:49,181 [INFO]  Epoch[4] Batch [0-3]	Speed: 27556.34 samples/sec	cross-entropy=0.859794	mult-accuracy=2.500000
2024-04-02 12:14:49,182 [INFO]  Epoch[4] Train-cross-entropy=0.756219
2024-04-02 12:14:49,182 [INFO]  Epoch[4] Train-mult-accuracy=2.500000
2024-04-02 12:14:49,182 [INFO]  Epoch[4] Time cost=0.004
2024-04-02 12:14:49,184 [INFO]  Saved checkpoint to "./imputer_model/imputer_model_mult/model-0004.params"
2024-04-02 12:14:49,184 [INFO]  Epoch[4] Validation-cross-entropy=1.664889
2024-04-02 12:14:49,184 [INFO]  Epoch[4] Validation-mult-accuracy=0.000000
2024-04-02 12:14:49,184 [INFO]  
========== done (0.030278444290161133 s) fit model
