2023-11-08 12:40:12,944 [INFO]  
========== start: fit model
2023-11-08 12:40:12,945 [WARNING]  Already bound, ignoring bind()
2023-11-08 12:40:13,540 [INFO]  Epoch[0] Batch [0-4]	Speed: 108.86 samples/sec	cross-entropy=26.460271	mean_acc_in_air12-accuracy=3.000000
2023-11-08 12:40:13,699 [INFO]  Epoch[0] Train-cross-entropy=23.870604
2023-11-08 12:40:13,699 [INFO]  Epoch[0] Train-mean_acc_in_air12-accuracy=3.000000
2023-11-08 12:40:13,699 [INFO]  Epoch[0] Time cost=0.751
2023-11-08 12:40:13,701 [INFO]  Saved checkpoint to "./imputer_model/imputer_model_mean_acc_in_air12/model-0000.params"
2023-11-08 12:40:13,723 [INFO]  Epoch[0] Validation-cross-entropy=19.690611
2023-11-08 12:40:13,723 [INFO]  Epoch[0] Validation-mean_acc_in_air12-accuracy=0.000000
2023-11-08 12:40:13,762 [INFO]  Epoch[1] Batch [0-4]	Speed: 1738.49 samples/sec	cross-entropy=50.303447	mean_acc_in_air12-accuracy=3.000000
2023-11-08 12:40:13,787 [INFO]  Epoch[1] Train-cross-entropy=36.167745
2023-11-08 12:40:13,787 [INFO]  Epoch[1] Train-mean_acc_in_air12-accuracy=3.000000
2023-11-08 12:40:13,787 [INFO]  Epoch[1] Time cost=0.064
2023-11-08 12:40:13,789 [INFO]  Saved checkpoint to "./imputer_model/imputer_model_mean_acc_in_air12/model-0001.params"
2023-11-08 12:40:13,805 [INFO]  Epoch[1] Validation-cross-entropy=25.376797
2023-11-08 12:40:13,806 [INFO]  Epoch[1] Validation-mean_acc_in_air12-accuracy=0.000000
2023-11-08 12:40:14,042 [INFO]  Epoch[2] Batch [0-4]	Speed: 310.71 samples/sec	cross-entropy=8.399714	mean_acc_in_air12-accuracy=3.000000
2023-11-08 12:40:14,052 [INFO]  Epoch[2] Train-cross-entropy=7.427981
2023-11-08 12:40:14,052 [INFO]  Epoch[2] Train-mean_acc_in_air12-accuracy=3.000000
2023-11-08 12:40:14,052 [INFO]  Epoch[2] Time cost=0.246
2023-11-08 12:40:14,054 [INFO]  Saved checkpoint to "./imputer_model/imputer_model_mean_acc_in_air12/model-0002.params"
2023-11-08 12:40:14,058 [INFO]  Epoch[2] Validation-cross-entropy=29.589378
2023-11-08 12:40:14,058 [INFO]  Epoch[2] Validation-mean_acc_in_air12-accuracy=0.000000
2023-11-08 12:40:14,708 [INFO]  Epoch[3] Batch [0-4]	Speed: 101.10 samples/sec	cross-entropy=8.810793	mean_acc_in_air12-accuracy=3.000000
2023-11-08 12:40:14,723 [INFO]  Epoch[3] Train-cross-entropy=6.128978
2023-11-08 12:40:14,724 [INFO]  Epoch[3] Train-mean_acc_in_air12-accuracy=3.000000
2023-11-08 12:40:14,724 [INFO]  Epoch[3] Time cost=0.666
2023-11-08 12:40:14,726 [INFO]  Saved checkpoint to "./imputer_model/imputer_model_mean_acc_in_air12/model-0003.params"
2023-11-08 12:40:14,849 [INFO]  Epoch[3] Validation-cross-entropy=22.790707
2023-11-08 12:40:14,849 [INFO]  Epoch[3] Validation-mean_acc_in_air12-accuracy=0.000000
2023-11-08 12:40:15,013 [INFO]  Epoch[4] Batch [0-4]	Speed: 5105.57 samples/sec	cross-entropy=4.267511	mean_acc_in_air12-accuracy=3.000000
2023-11-08 12:40:15,021 [INFO]  Epoch[4] Train-cross-entropy=2.860236
2023-11-08 12:40:15,021 [INFO]  Epoch[4] Train-mean_acc_in_air12-accuracy=3.000000
2023-11-08 12:40:15,021 [INFO]  Epoch[4] Time cost=0.172
2023-11-08 12:40:15,024 [INFO]  Saved checkpoint to "./imputer_model/imputer_model_mean_acc_in_air12/model-0004.params"
2023-11-08 12:40:15,025 [INFO]  Epoch[4] Validation-cross-entropy=21.247854
2023-11-08 12:40:15,025 [INFO]  Epoch[4] Validation-mean_acc_in_air12-accuracy=0.000000
2023-11-08 12:40:15,025 [INFO]  
========== done (2.080766439437866 s) fit model
2023-11-08 13:06:32,236 [INFO]  
========== start: fit model
2023-11-08 13:06:32,236 [WARNING]  Already bound, ignoring bind()
2023-11-08 13:06:32,245 [INFO]  Epoch[0] Batch [0-4]	Speed: 10107.14 samples/sec	cross-entropy=31.279477	mean_acc_in_air12-accuracy=0.000000
2023-11-08 13:06:32,250 [INFO]  Epoch[0] Train-cross-entropy=31.140145
2023-11-08 13:06:32,250 [INFO]  Epoch[0] Train-mean_acc_in_air12-accuracy=0.000000
2023-11-08 13:06:32,250 [INFO]  Epoch[0] Time cost=0.013
2023-11-08 13:06:32,253 [INFO]  Saved checkpoint to "./imputer_model/imputer_model_mean_acc_in_air12/model-0000.params"
2023-11-08 13:06:32,254 [INFO]  Epoch[0] Validation-cross-entropy=8.663764
2023-11-08 13:06:32,254 [INFO]  Epoch[0] Validation-mean_acc_in_air12-accuracy=0.000000
2023-11-08 13:06:32,260 [INFO]  Epoch[1] Batch [0-4]	Speed: 15488.75 samples/sec	cross-entropy=36.465470	mean_acc_in_air12-accuracy=0.000000
2023-11-08 13:06:32,263 [INFO]  Epoch[1] Train-cross-entropy=33.830683
2023-11-08 13:06:32,263 [INFO]  Epoch[1] Train-mean_acc_in_air12-accuracy=0.000000
2023-11-08 13:06:32,263 [INFO]  Epoch[1] Time cost=0.009
2023-11-08 13:06:32,265 [INFO]  Saved checkpoint to "./imputer_model/imputer_model_mean_acc_in_air12/model-0001.params"
2023-11-08 13:06:32,265 [INFO]  Epoch[1] Validation-cross-entropy=5.350287
2023-11-08 13:06:32,266 [INFO]  Epoch[1] Validation-mean_acc_in_air12-accuracy=0.000000
2023-11-08 13:06:32,270 [INFO]  Epoch[2] Batch [0-4]	Speed: 20294.51 samples/sec	cross-entropy=7.877008	mean_acc_in_air12-accuracy=0.000000
2023-11-08 13:06:32,272 [INFO]  Epoch[2] Train-cross-entropy=9.550350
2023-11-08 13:06:32,272 [INFO]  Epoch[2] Train-mean_acc_in_air12-accuracy=0.000000
2023-11-08 13:06:32,272 [INFO]  Epoch[2] Time cost=0.007
2023-11-08 13:06:32,274 [INFO]  Saved checkpoint to "./imputer_model/imputer_model_mean_acc_in_air12/model-0002.params"
2023-11-08 13:06:32,274 [INFO]  Epoch[2] Validation-cross-entropy=5.475316
2023-11-08 13:06:32,274 [INFO]  Epoch[2] Validation-mean_acc_in_air12-accuracy=0.000000
2023-11-08 13:06:32,278 [INFO]  Epoch[3] Batch [0-4]	Speed: 19161.64 samples/sec	cross-entropy=2.853147	mean_acc_in_air12-accuracy=0.000000
2023-11-08 13:06:32,282 [INFO]  Epoch[3] Train-cross-entropy=2.321015
2023-11-08 13:06:32,282 [INFO]  Epoch[3] Train-mean_acc_in_air12-accuracy=0.000000
2023-11-08 13:06:32,282 [INFO]  Epoch[3] Time cost=0.008
2023-11-08 13:06:32,285 [INFO]  Saved checkpoint to "./imputer_model/imputer_model_mean_acc_in_air12/model-0003.params"
2023-11-08 13:06:32,285 [INFO]  Epoch[3] Validation-cross-entropy=3.306038
2023-11-08 13:06:32,285 [INFO]  Epoch[3] Validation-mean_acc_in_air12-accuracy=0.000000
2023-11-08 13:06:32,292 [INFO]  Epoch[4] Batch [0-4]	Speed: 12653.10 samples/sec	cross-entropy=2.163262	mean_acc_in_air12-accuracy=0.000000
2023-11-08 13:06:32,296 [INFO]  Epoch[4] Train-cross-entropy=1.875406
2023-11-08 13:06:32,296 [INFO]  Epoch[4] Train-mean_acc_in_air12-accuracy=0.000000
2023-11-08 13:06:32,296 [INFO]  Epoch[4] Time cost=0.011
2023-11-08 13:06:32,298 [INFO]  Saved checkpoint to "./imputer_model/imputer_model_mean_acc_in_air12/model-0004.params"
2023-11-08 13:06:32,298 [INFO]  Epoch[4] Validation-cross-entropy=5.698701
2023-11-08 13:06:32,298 [INFO]  Epoch[4] Validation-mean_acc_in_air12-accuracy=0.000000
2023-11-08 13:06:32,298 [INFO]  
========== done (0.06252026557922363 s) fit model
2023-11-08 13:19:57,914 [INFO]  
========== start: fit model
2023-11-08 13:19:57,914 [WARNING]  Already bound, ignoring bind()
2023-11-08 13:19:57,921 [INFO]  Epoch[0] Batch [0-4]	Speed: 14038.04 samples/sec	cross-entropy=22.126075	mean_acc_in_air12-accuracy=2.000000
2023-11-08 13:19:57,924 [INFO]  Epoch[0] Train-cross-entropy=25.248586
2023-11-08 13:19:57,925 [INFO]  Epoch[0] Train-mean_acc_in_air12-accuracy=2.500000
2023-11-08 13:19:57,925 [INFO]  Epoch[0] Time cost=0.010
2023-11-08 13:19:57,926 [INFO]  Saved checkpoint to "./imputer_model/imputer_model_mean_acc_in_air12/model-0000.params"
2023-11-08 13:19:57,926 [INFO]  Epoch[0] Validation-cross-entropy=7.934183
2023-11-08 13:19:57,926 [INFO]  Epoch[0] Validation-mean_acc_in_air12-accuracy=0.000000
2023-11-08 13:19:57,932 [INFO]  Epoch[1] Batch [0-4]	Speed: 13861.89 samples/sec	cross-entropy=39.833781	mean_acc_in_air12-accuracy=2.000000
2023-11-08 13:19:57,937 [INFO]  Epoch[1] Train-cross-entropy=43.164874
2023-11-08 13:19:57,938 [INFO]  Epoch[1] Train-mean_acc_in_air12-accuracy=2.500000
2023-11-08 13:19:57,938 [INFO]  Epoch[1] Time cost=0.011
2023-11-08 13:19:57,941 [INFO]  Saved checkpoint to "./imputer_model/imputer_model_mean_acc_in_air12/model-0001.params"
2023-11-08 13:19:57,942 [INFO]  Epoch[1] Validation-cross-entropy=3.457336
2023-11-08 13:19:57,942 [INFO]  Epoch[1] Validation-mean_acc_in_air12-accuracy=0.000000
2023-11-08 13:19:57,949 [INFO]  Epoch[2] Batch [0-4]	Speed: 14063.78 samples/sec	cross-entropy=16.752341	mean_acc_in_air12-accuracy=2.000000
2023-11-08 13:19:57,952 [INFO]  Epoch[2] Train-cross-entropy=13.398866
2023-11-08 13:19:57,952 [INFO]  Epoch[2] Train-mean_acc_in_air12-accuracy=2.500000
2023-11-08 13:19:57,952 [INFO]  Epoch[2] Time cost=0.010
2023-11-08 13:19:57,954 [INFO]  Saved checkpoint to "./imputer_model/imputer_model_mean_acc_in_air12/model-0002.params"
2023-11-08 13:19:57,955 [INFO]  Epoch[2] Validation-cross-entropy=6.776026
2023-11-08 13:19:57,955 [INFO]  Epoch[2] Validation-mean_acc_in_air12-accuracy=0.000000
2023-11-08 13:19:57,960 [INFO]  Epoch[3] Batch [0-4]	Speed: 16043.24 samples/sec	cross-entropy=3.401492	mean_acc_in_air12-accuracy=2.000000
2023-11-08 13:19:57,963 [INFO]  Epoch[3] Train-cross-entropy=3.450429
2023-11-08 13:19:57,963 [INFO]  Epoch[3] Train-mean_acc_in_air12-accuracy=2.500000
2023-11-08 13:19:57,963 [INFO]  Epoch[3] Time cost=0.008
2023-11-08 13:19:57,965 [INFO]  Saved checkpoint to "./imputer_model/imputer_model_mean_acc_in_air12/model-0003.params"
2023-11-08 13:19:57,965 [INFO]  Epoch[3] Validation-cross-entropy=4.351290
2023-11-08 13:19:57,965 [INFO]  Epoch[3] Validation-mean_acc_in_air12-accuracy=0.000000
2023-11-08 13:19:57,971 [INFO]  Epoch[4] Batch [0-4]	Speed: 14584.92 samples/sec	cross-entropy=2.178458	mean_acc_in_air12-accuracy=2.000000
2023-11-08 13:19:57,974 [INFO]  Epoch[4] Train-cross-entropy=1.738573
2023-11-08 13:19:57,974 [INFO]  Epoch[4] Train-mean_acc_in_air12-accuracy=2.500000
2023-11-08 13:19:57,974 [INFO]  Epoch[4] Time cost=0.009
2023-11-08 13:19:57,975 [INFO]  Saved checkpoint to "./imputer_model/imputer_model_mean_acc_in_air12/model-0004.params"
2023-11-08 13:19:57,976 [INFO]  Epoch[4] Validation-cross-entropy=3.570809
2023-11-08 13:19:57,976 [INFO]  Epoch[4] Validation-mean_acc_in_air12-accuracy=0.000000
2023-11-08 13:19:57,976 [INFO]  
========== done (0.06199526786804199 s) fit model
2023-11-08 13:33:18,515 [INFO]  
========== start: fit model
2023-11-08 13:33:18,516 [WARNING]  Already bound, ignoring bind()
2023-11-08 13:33:18,522 [INFO]  Epoch[0] Batch [0-4]	Speed: 14108.13 samples/sec	cross-entropy=17.262436	mean_acc_in_air12-accuracy=3.800000
2023-11-08 13:33:18,526 [INFO]  Epoch[0] Train-cross-entropy=23.849914
2023-11-08 13:33:18,526 [INFO]  Epoch[0] Train-mean_acc_in_air12-accuracy=4.000000
2023-11-08 13:33:18,526 [INFO]  Epoch[0] Time cost=0.010
2023-11-08 13:33:18,527 [INFO]  Saved checkpoint to "./imputer_model/imputer_model_mean_acc_in_air12/model-0000.params"
2023-11-08 13:33:18,528 [INFO]  Epoch[0] Validation-cross-entropy=16.765665
2023-11-08 13:33:18,528 [INFO]  Epoch[0] Validation-mean_acc_in_air12-accuracy=0.000000
2023-11-08 13:33:18,533 [INFO]  Epoch[1] Batch [0-4]	Speed: 15508.43 samples/sec	cross-entropy=34.013479	mean_acc_in_air12-accuracy=3.800000
2023-11-08 13:33:18,536 [INFO]  Epoch[1] Train-cross-entropy=40.227672
2023-11-08 13:33:18,536 [INFO]  Epoch[1] Train-mean_acc_in_air12-accuracy=4.000000
2023-11-08 13:33:18,537 [INFO]  Epoch[1] Time cost=0.009
2023-11-08 13:33:18,538 [INFO]  Saved checkpoint to "./imputer_model/imputer_model_mean_acc_in_air12/model-0001.params"
2023-11-08 13:33:18,538 [INFO]  Epoch[1] Validation-cross-entropy=19.142040
2023-11-08 13:33:18,538 [INFO]  Epoch[1] Validation-mean_acc_in_air12-accuracy=0.000000
2023-11-08 13:33:18,543 [INFO]  Epoch[2] Batch [0-4]	Speed: 16316.28 samples/sec	cross-entropy=12.713200	mean_acc_in_air12-accuracy=3.800000
2023-11-08 13:33:18,546 [INFO]  Epoch[2] Train-cross-entropy=11.385778
2023-11-08 13:33:18,546 [INFO]  Epoch[2] Train-mean_acc_in_air12-accuracy=4.000000
2023-11-08 13:33:18,547 [INFO]  Epoch[2] Time cost=0.008
2023-11-08 13:33:18,548 [INFO]  Saved checkpoint to "./imputer_model/imputer_model_mean_acc_in_air12/model-0002.params"
2023-11-08 13:33:18,548 [INFO]  Epoch[2] Validation-cross-entropy=13.469014
2023-11-08 13:33:18,548 [INFO]  Epoch[2] Validation-mean_acc_in_air12-accuracy=0.000000
2023-11-08 13:33:18,553 [INFO]  Epoch[3] Batch [0-4]	Speed: 17131.63 samples/sec	cross-entropy=5.176564	mean_acc_in_air12-accuracy=3.800000
2023-11-08 13:33:18,556 [INFO]  Epoch[3] Train-cross-entropy=5.363073
2023-11-08 13:33:18,556 [INFO]  Epoch[3] Train-mean_acc_in_air12-accuracy=4.000000
2023-11-08 13:33:18,556 [INFO]  Epoch[3] Time cost=0.008
2023-11-08 13:33:18,557 [INFO]  Saved checkpoint to "./imputer_model/imputer_model_mean_acc_in_air12/model-0003.params"
2023-11-08 13:33:18,558 [INFO]  Epoch[3] Validation-cross-entropy=15.133703
2023-11-08 13:33:18,558 [INFO]  Epoch[3] Validation-mean_acc_in_air12-accuracy=0.000000
2023-11-08 13:33:18,564 [INFO]  Epoch[4] Batch [0-4]	Speed: 11926.22 samples/sec	cross-entropy=2.043609	mean_acc_in_air12-accuracy=3.800000
2023-11-08 13:33:18,568 [INFO]  Epoch[4] Train-cross-entropy=2.137129
2023-11-08 13:33:18,568 [INFO]  Epoch[4] Train-mean_acc_in_air12-accuracy=4.000000
2023-11-08 13:33:18,568 [INFO]  Epoch[4] Time cost=0.010
2023-11-08 13:33:18,571 [INFO]  Saved checkpoint to "./imputer_model/imputer_model_mean_acc_in_air12/model-0004.params"
2023-11-08 13:33:18,571 [INFO]  Epoch[4] Validation-cross-entropy=13.845900
2023-11-08 13:33:18,571 [INFO]  Epoch[4] Validation-mean_acc_in_air12-accuracy=0.000000
2023-11-08 13:33:18,571 [INFO]  
========== done (0.05603289604187012 s) fit model
2023-11-08 13:46:38,332 [INFO]  
========== start: fit model
2023-11-08 13:46:38,333 [WARNING]  Already bound, ignoring bind()
2023-11-08 13:46:38,340 [INFO]  Epoch[0] Batch [0-4]	Speed: 13708.28 samples/sec	cross-entropy=17.329138	mean_acc_in_air12-accuracy=0.000000
2023-11-08 13:46:38,343 [INFO]  Epoch[0] Train-cross-entropy=15.694547
2023-11-08 13:46:38,343 [INFO]  Epoch[0] Train-mean_acc_in_air12-accuracy=0.000000
2023-11-08 13:46:38,343 [INFO]  Epoch[0] Time cost=0.010
2023-11-08 13:46:38,344 [INFO]  Saved checkpoint to "./imputer_model/imputer_model_mean_acc_in_air12/model-0000.params"
2023-11-08 13:46:38,345 [INFO]  Epoch[0] Validation-cross-entropy=36.655769
2023-11-08 13:46:38,345 [INFO]  Epoch[0] Validation-mean_acc_in_air12-accuracy=0.000000
2023-11-08 13:46:38,351 [INFO]  Epoch[1] Batch [0-4]	Speed: 14354.07 samples/sec	cross-entropy=39.778651	mean_acc_in_air12-accuracy=0.000000
2023-11-08 13:46:38,354 [INFO]  Epoch[1] Train-cross-entropy=30.902663
2023-11-08 13:46:38,354 [INFO]  Epoch[1] Train-mean_acc_in_air12-accuracy=0.000000
2023-11-08 13:46:38,354 [INFO]  Epoch[1] Time cost=0.009
2023-11-08 13:46:38,355 [INFO]  Saved checkpoint to "./imputer_model/imputer_model_mean_acc_in_air12/model-0001.params"
2023-11-08 13:46:38,356 [INFO]  Epoch[1] Validation-cross-entropy=44.015171
2023-11-08 13:46:38,356 [INFO]  Epoch[1] Validation-mean_acc_in_air12-accuracy=0.000000
2023-11-08 13:46:38,362 [INFO]  Epoch[2] Batch [0-4]	Speed: 14906.46 samples/sec	cross-entropy=3.966392	mean_acc_in_air12-accuracy=0.000000
2023-11-08 13:46:38,365 [INFO]  Epoch[2] Train-cross-entropy=4.144452
2023-11-08 13:46:38,365 [INFO]  Epoch[2] Train-mean_acc_in_air12-accuracy=0.000000
2023-11-08 13:46:38,365 [INFO]  Epoch[2] Time cost=0.009
2023-11-08 13:46:38,366 [INFO]  Saved checkpoint to "./imputer_model/imputer_model_mean_acc_in_air12/model-0002.params"
2023-11-08 13:46:38,367 [INFO]  Epoch[2] Validation-cross-entropy=50.475384
2023-11-08 13:46:38,367 [INFO]  Epoch[2] Validation-mean_acc_in_air12-accuracy=0.000000
2023-11-08 13:46:38,372 [INFO]  Epoch[3] Batch [0-4]	Speed: 15617.61 samples/sec	cross-entropy=2.845998	mean_acc_in_air12-accuracy=0.000000
2023-11-08 13:46:38,375 [INFO]  Epoch[3] Train-cross-entropy=2.483917
2023-11-08 13:46:38,375 [INFO]  Epoch[3] Train-mean_acc_in_air12-accuracy=0.000000
2023-11-08 13:46:38,375 [INFO]  Epoch[3] Time cost=0.008
2023-11-08 13:46:38,377 [INFO]  Saved checkpoint to "./imputer_model/imputer_model_mean_acc_in_air12/model-0003.params"
2023-11-08 13:46:38,377 [INFO]  Epoch[3] Validation-cross-entropy=48.863461
2023-11-08 13:46:38,377 [INFO]  Epoch[3] Validation-mean_acc_in_air12-accuracy=0.000000
2023-11-08 13:46:38,382 [INFO]  Epoch[4] Batch [0-4]	Speed: 16090.36 samples/sec	cross-entropy=1.356638	mean_acc_in_air12-accuracy=0.000000
2023-11-08 13:46:38,385 [INFO]  Epoch[4] Train-cross-entropy=1.153917
2023-11-08 13:46:38,385 [INFO]  Epoch[4] Train-mean_acc_in_air12-accuracy=0.000000
2023-11-08 13:46:38,385 [INFO]  Epoch[4] Time cost=0.008
2023-11-08 13:46:38,387 [INFO]  Saved checkpoint to "./imputer_model/imputer_model_mean_acc_in_air12/model-0004.params"
2023-11-08 13:46:38,387 [INFO]  Epoch[4] Validation-cross-entropy=48.663300
2023-11-08 13:46:38,387 [INFO]  Epoch[4] Validation-mean_acc_in_air12-accuracy=0.000000
2023-11-08 13:46:38,387 [INFO]  
========== done (0.05488467216491699 s) fit model
2023-11-08 14:00:01,024 [INFO]  
========== start: fit model
2023-11-08 14:00:01,024 [WARNING]  Already bound, ignoring bind()
2023-11-08 14:00:01,031 [INFO]  Epoch[0] Batch [0-4]	Speed: 13930.95 samples/sec	cross-entropy=27.252831	mean_acc_in_air12-accuracy=0.000000
2023-11-08 14:00:01,035 [INFO]  Epoch[0] Train-cross-entropy=25.402054
2023-11-08 14:00:01,035 [INFO]  Epoch[0] Train-mean_acc_in_air12-accuracy=0.000000
2023-11-08 14:00:01,035 [INFO]  Epoch[0] Time cost=0.010
2023-11-08 14:00:01,036 [INFO]  Saved checkpoint to "./imputer_model/imputer_model_mean_acc_in_air12/model-0000.params"
2023-11-08 14:00:01,037 [INFO]  Epoch[0] Validation-cross-entropy=61.868324
2023-11-08 14:00:01,037 [INFO]  Epoch[0] Validation-mean_acc_in_air12-accuracy=0.000000
2023-11-08 14:00:01,044 [INFO]  Epoch[1] Batch [0-4]	Speed: 10903.59 samples/sec	cross-entropy=29.092755	mean_acc_in_air12-accuracy=0.000000
2023-11-08 14:00:01,049 [INFO]  Epoch[1] Train-cross-entropy=30.429287
2023-11-08 14:00:01,049 [INFO]  Epoch[1] Train-mean_acc_in_air12-accuracy=0.000000
2023-11-08 14:00:01,049 [INFO]  Epoch[1] Time cost=0.013
2023-11-08 14:00:01,052 [INFO]  Saved checkpoint to "./imputer_model/imputer_model_mean_acc_in_air12/model-0001.params"
2023-11-08 14:00:01,053 [INFO]  Epoch[1] Validation-cross-entropy=45.485878
2023-11-08 14:00:01,053 [INFO]  Epoch[1] Validation-mean_acc_in_air12-accuracy=0.000000
2023-11-08 14:00:01,058 [INFO]  Epoch[2] Batch [0-4]	Speed: 16135.82 samples/sec	cross-entropy=10.881540	mean_acc_in_air12-accuracy=0.000000
2023-11-08 14:00:01,063 [INFO]  Epoch[2] Train-cross-entropy=9.658599
2023-11-08 14:00:01,063 [INFO]  Epoch[2] Train-mean_acc_in_air12-accuracy=0.000000
2023-11-08 14:00:01,063 [INFO]  Epoch[2] Time cost=0.010
2023-11-08 14:00:01,065 [INFO]  Saved checkpoint to "./imputer_model/imputer_model_mean_acc_in_air12/model-0002.params"
2023-11-08 14:00:01,066 [INFO]  Epoch[2] Validation-cross-entropy=55.040821
2023-11-08 14:00:01,066 [INFO]  Epoch[2] Validation-mean_acc_in_air12-accuracy=0.000000
2023-11-08 14:00:01,072 [INFO]  Epoch[3] Batch [0-4]	Speed: 12460.45 samples/sec	cross-entropy=5.812129	mean_acc_in_air12-accuracy=0.000000
2023-11-08 14:00:01,076 [INFO]  Epoch[3] Train-cross-entropy=4.380308
2023-11-08 14:00:01,076 [INFO]  Epoch[3] Train-mean_acc_in_air12-accuracy=0.000000
2023-11-08 14:00:01,076 [INFO]  Epoch[3] Time cost=0.010
2023-11-08 14:00:01,078 [INFO]  Saved checkpoint to "./imputer_model/imputer_model_mean_acc_in_air12/model-0003.params"
2023-11-08 14:00:01,079 [INFO]  Epoch[3] Validation-cross-entropy=52.415257
2023-11-08 14:00:01,079 [INFO]  Epoch[3] Validation-mean_acc_in_air12-accuracy=0.000000
2023-11-08 14:00:01,087 [INFO]  Epoch[4] Batch [0-4]	Speed: 10420.23 samples/sec	cross-entropy=2.378779	mean_acc_in_air12-accuracy=0.000000
2023-11-08 14:00:01,091 [INFO]  Epoch[4] Train-cross-entropy=1.833717
2023-11-08 14:00:01,092 [INFO]  Epoch[4] Train-mean_acc_in_air12-accuracy=0.000000
2023-11-08 14:00:01,092 [INFO]  Epoch[4] Time cost=0.013
2023-11-08 14:00:01,094 [INFO]  Saved checkpoint to "./imputer_model/imputer_model_mean_acc_in_air12/model-0004.params"
2023-11-08 14:00:01,095 [INFO]  Epoch[4] Validation-cross-entropy=51.646221
2023-11-08 14:00:01,095 [INFO]  Epoch[4] Validation-mean_acc_in_air12-accuracy=0.000000
2023-11-08 14:00:01,095 [INFO]  
========== done (0.07098507881164551 s) fit model
2023-11-08 14:13:26,266 [INFO]  
========== start: fit model
2023-11-08 14:13:26,266 [WARNING]  Already bound, ignoring bind()
2023-11-08 14:13:26,273 [INFO]  Epoch[0] Batch [0-4]	Speed: 13854.02 samples/sec	cross-entropy=19.348414	mean_acc_in_air12-accuracy=2.600000
2023-11-08 14:13:26,277 [INFO]  Epoch[0] Train-cross-entropy=20.618284
2023-11-08 14:13:26,277 [INFO]  Epoch[0] Train-mean_acc_in_air12-accuracy=2.625000
2023-11-08 14:13:26,277 [INFO]  Epoch[0] Time cost=0.010
2023-11-08 14:13:26,278 [INFO]  Saved checkpoint to "./imputer_model/imputer_model_mean_acc_in_air12/model-0000.params"
2023-11-08 14:13:26,279 [INFO]  Epoch[0] Validation-cross-entropy=9.167533
2023-11-08 14:13:26,279 [INFO]  Epoch[0] Validation-mean_acc_in_air12-accuracy=0.000000
2023-11-08 14:13:26,284 [INFO]  Epoch[1] Batch [0-4]	Speed: 14749.20 samples/sec	cross-entropy=32.439240	mean_acc_in_air12-accuracy=2.600000
2023-11-08 14:13:26,288 [INFO]  Epoch[1] Train-cross-entropy=30.795845
2023-11-08 14:13:26,288 [INFO]  Epoch[1] Train-mean_acc_in_air12-accuracy=2.625000
2023-11-08 14:13:26,288 [INFO]  Epoch[1] Time cost=0.009
2023-11-08 14:13:26,289 [INFO]  Saved checkpoint to "./imputer_model/imputer_model_mean_acc_in_air12/model-0001.params"
2023-11-08 14:13:26,290 [INFO]  Epoch[1] Validation-cross-entropy=4.848849
2023-11-08 14:13:26,290 [INFO]  Epoch[1] Validation-mean_acc_in_air12-accuracy=0.000000
2023-11-08 14:13:26,295 [INFO]  Epoch[2] Batch [0-4]	Speed: 15788.46 samples/sec	cross-entropy=6.937213	mean_acc_in_air12-accuracy=2.600000
2023-11-08 14:13:26,298 [INFO]  Epoch[2] Train-cross-entropy=7.384198
2023-11-08 14:13:26,298 [INFO]  Epoch[2] Train-mean_acc_in_air12-accuracy=2.625000
2023-11-08 14:13:26,298 [INFO]  Epoch[2] Time cost=0.008
2023-11-08 14:13:26,299 [INFO]  Saved checkpoint to "./imputer_model/imputer_model_mean_acc_in_air12/model-0002.params"
2023-11-08 14:13:26,300 [INFO]  Epoch[2] Validation-cross-entropy=4.208568
2023-11-08 14:13:26,300 [INFO]  Epoch[2] Validation-mean_acc_in_air12-accuracy=0.000000
2023-11-08 14:13:26,305 [INFO]  Epoch[3] Batch [0-4]	Speed: 15790.32 samples/sec	cross-entropy=4.871364	mean_acc_in_air12-accuracy=2.600000
2023-11-08 14:13:26,308 [INFO]  Epoch[3] Train-cross-entropy=3.642947
2023-11-08 14:13:26,308 [INFO]  Epoch[3] Train-mean_acc_in_air12-accuracy=2.625000
2023-11-08 14:13:26,308 [INFO]  Epoch[3] Time cost=0.008
2023-11-08 14:13:26,309 [INFO]  Saved checkpoint to "./imputer_model/imputer_model_mean_acc_in_air12/model-0003.params"
2023-11-08 14:13:26,310 [INFO]  Epoch[3] Validation-cross-entropy=7.759833
2023-11-08 14:13:26,310 [INFO]  Epoch[3] Validation-mean_acc_in_air12-accuracy=0.000000
2023-11-08 14:13:26,315 [INFO]  Epoch[4] Batch [0-4]	Speed: 16261.92 samples/sec	cross-entropy=3.882580	mean_acc_in_air12-accuracy=2.600000
2023-11-08 14:13:26,318 [INFO]  Epoch[4] Train-cross-entropy=2.942947
2023-11-08 14:13:26,318 [INFO]  Epoch[4] Train-mean_acc_in_air12-accuracy=2.625000
2023-11-08 14:13:26,318 [INFO]  Epoch[4] Time cost=0.008
2023-11-08 14:13:26,319 [INFO]  Saved checkpoint to "./imputer_model/imputer_model_mean_acc_in_air12/model-0004.params"
2023-11-08 14:13:26,320 [INFO]  Epoch[4] Validation-cross-entropy=4.294702
2023-11-08 14:13:26,320 [INFO]  Epoch[4] Validation-mean_acc_in_air12-accuracy=0.000000
2023-11-08 14:13:26,320 [INFO]  
========== done (0.05382275581359863 s) fit model
2023-11-08 14:27:01,599 [INFO]  
========== start: fit model
2023-11-08 14:27:01,599 [WARNING]  Already bound, ignoring bind()
2023-11-08 14:27:01,606 [INFO]  Epoch[0] Batch [0-4]	Speed: 13806.99 samples/sec	cross-entropy=24.521342	mean_acc_in_air12-accuracy=3.600000
2023-11-08 14:27:01,610 [INFO]  Epoch[0] Train-cross-entropy=27.681173
2023-11-08 14:27:01,610 [INFO]  Epoch[0] Train-mean_acc_in_air12-accuracy=3.125000
2023-11-08 14:27:01,610 [INFO]  Epoch[0] Time cost=0.010
2023-11-08 14:27:01,611 [INFO]  Saved checkpoint to "./imputer_model/imputer_model_mean_acc_in_air12/model-0000.params"
2023-11-08 14:27:01,612 [INFO]  Epoch[0] Validation-cross-entropy=883.534058
2023-11-08 14:27:01,612 [INFO]  Epoch[0] Validation-mean_acc_in_air12-accuracy=0.000000
2023-11-08 14:27:01,617 [INFO]  Epoch[1] Batch [0-4]	Speed: 15931.83 samples/sec	cross-entropy=27.150535	mean_acc_in_air12-accuracy=3.600000
2023-11-08 14:27:01,620 [INFO]  Epoch[1] Train-cross-entropy=35.548210
2023-11-08 14:27:01,620 [INFO]  Epoch[1] Train-mean_acc_in_air12-accuracy=3.125000
2023-11-08 14:27:01,620 [INFO]  Epoch[1] Time cost=0.009
2023-11-08 14:27:01,622 [INFO]  Saved checkpoint to "./imputer_model/imputer_model_mean_acc_in_air12/model-0001.params"
2023-11-08 14:27:01,622 [INFO]  Epoch[1] Validation-cross-entropy=36.501606
2023-11-08 14:27:01,622 [INFO]  Epoch[1] Validation-mean_acc_in_air12-accuracy=0.000000
2023-11-08 14:27:01,627 [INFO]  Epoch[2] Batch [0-4]	Speed: 16928.51 samples/sec	cross-entropy=9.592103	mean_acc_in_air12-accuracy=3.600000
2023-11-08 14:27:01,630 [INFO]  Epoch[2] Train-cross-entropy=10.822891
2023-11-08 14:27:01,630 [INFO]  Epoch[2] Train-mean_acc_in_air12-accuracy=3.125000
2023-11-08 14:27:01,630 [INFO]  Epoch[2] Time cost=0.008
2023-11-08 14:27:01,632 [INFO]  Saved checkpoint to "./imputer_model/imputer_model_mean_acc_in_air12/model-0002.params"
2023-11-08 14:27:01,632 [INFO]  Epoch[2] Validation-cross-entropy=90.858368
2023-11-08 14:27:01,632 [INFO]  Epoch[2] Validation-mean_acc_in_air12-accuracy=0.000000
2023-11-08 14:27:01,637 [INFO]  Epoch[3] Batch [0-4]	Speed: 17148.04 samples/sec	cross-entropy=5.757126	mean_acc_in_air12-accuracy=3.600000
2023-11-08 14:27:01,640 [INFO]  Epoch[3] Train-cross-entropy=4.674384
2023-11-08 14:27:01,640 [INFO]  Epoch[3] Train-mean_acc_in_air12-accuracy=3.125000
2023-11-08 14:27:01,640 [INFO]  Epoch[3] Time cost=0.008
2023-11-08 14:27:01,643 [INFO]  Saved checkpoint to "./imputer_model/imputer_model_mean_acc_in_air12/model-0003.params"
2023-11-08 14:27:01,644 [INFO]  Epoch[3] Validation-cross-entropy=21.089975
2023-11-08 14:27:01,644 [INFO]  Epoch[3] Validation-mean_acc_in_air12-accuracy=0.000000
2023-11-08 14:27:01,652 [INFO]  Epoch[4] Batch [0-4]	Speed: 10785.74 samples/sec	cross-entropy=3.814758	mean_acc_in_air12-accuracy=3.600000
2023-11-08 14:27:01,656 [INFO]  Epoch[4] Train-cross-entropy=2.856814
2023-11-08 14:27:01,656 [INFO]  Epoch[4] Train-mean_acc_in_air12-accuracy=3.125000
2023-11-08 14:27:01,656 [INFO]  Epoch[4] Time cost=0.012
2023-11-08 14:27:01,658 [INFO]  Saved checkpoint to "./imputer_model/imputer_model_mean_acc_in_air12/model-0004.params"
2023-11-08 14:27:01,659 [INFO]  Epoch[4] Validation-cross-entropy=24.539412
2023-11-08 14:27:01,659 [INFO]  Epoch[4] Validation-mean_acc_in_air12-accuracy=0.000000
2023-11-08 14:27:01,659 [INFO]  
========== done (0.060350894927978516 s) fit model
2023-11-08 14:41:01,471 [INFO]  
========== start: fit model
2023-11-08 14:41:01,471 [WARNING]  Already bound, ignoring bind()
2023-11-08 14:41:01,478 [INFO]  Epoch[0] Batch [0-4]	Speed: 14039.51 samples/sec	cross-entropy=18.847633	mean_acc_in_air12-accuracy=0.000000
2023-11-08 14:41:01,482 [INFO]  Epoch[0] Train-cross-entropy=19.192928
2023-11-08 14:41:01,482 [INFO]  Epoch[0] Train-mean_acc_in_air12-accuracy=0.000000
2023-11-08 14:41:01,482 [INFO]  Epoch[0] Time cost=0.010
2023-11-08 14:41:01,483 [INFO]  Saved checkpoint to "./imputer_model/imputer_model_mean_acc_in_air12/model-0000.params"
2023-11-08 14:41:01,484 [INFO]  Epoch[0] Validation-cross-entropy=25.072149
2023-11-08 14:41:01,484 [INFO]  Epoch[0] Validation-mean_acc_in_air12-accuracy=0.000000
2023-11-08 14:41:01,489 [INFO]  Epoch[1] Batch [0-4]	Speed: 14662.19 samples/sec	cross-entropy=34.520713	mean_acc_in_air12-accuracy=0.000000
2023-11-08 14:41:01,493 [INFO]  Epoch[1] Train-cross-entropy=27.614993
2023-11-08 14:41:01,493 [INFO]  Epoch[1] Train-mean_acc_in_air12-accuracy=0.000000
2023-11-08 14:41:01,493 [INFO]  Epoch[1] Time cost=0.009
2023-11-08 14:41:01,494 [INFO]  Saved checkpoint to "./imputer_model/imputer_model_mean_acc_in_air12/model-0001.params"
2023-11-08 14:41:01,495 [INFO]  Epoch[1] Validation-cross-entropy=3.063415
2023-11-08 14:41:01,495 [INFO]  Epoch[1] Validation-mean_acc_in_air12-accuracy=0.000000
2023-11-08 14:41:01,500 [INFO]  Epoch[2] Batch [0-4]	Speed: 14683.05 samples/sec	cross-entropy=5.766048	mean_acc_in_air12-accuracy=0.000000
2023-11-08 14:41:01,504 [INFO]  Epoch[2] Train-cross-entropy=4.791672
2023-11-08 14:41:01,504 [INFO]  Epoch[2] Train-mean_acc_in_air12-accuracy=0.000000
2023-11-08 14:41:01,504 [INFO]  Epoch[2] Time cost=0.009
2023-11-08 14:41:01,505 [INFO]  Saved checkpoint to "./imputer_model/imputer_model_mean_acc_in_air12/model-0002.params"
2023-11-08 14:41:01,506 [INFO]  Epoch[2] Validation-cross-entropy=3.629033
2023-11-08 14:41:01,506 [INFO]  Epoch[2] Validation-mean_acc_in_air12-accuracy=0.000000
2023-11-08 14:41:01,513 [INFO]  Epoch[3] Batch [0-4]	Speed: 12000.33 samples/sec	cross-entropy=5.515586	mean_acc_in_air12-accuracy=0.000000
2023-11-08 14:41:01,518 [INFO]  Epoch[3] Train-cross-entropy=4.073921
2023-11-08 14:41:01,518 [INFO]  Epoch[3] Train-mean_acc_in_air12-accuracy=0.000000
2023-11-08 14:41:01,518 [INFO]  Epoch[3] Time cost=0.012
2023-11-08 14:41:01,521 [INFO]  Saved checkpoint to "./imputer_model/imputer_model_mean_acc_in_air12/model-0003.params"
2023-11-08 14:41:01,522 [INFO]  Epoch[3] Validation-cross-entropy=1.566802
2023-11-08 14:41:01,523 [INFO]  Epoch[3] Validation-mean_acc_in_air12-accuracy=0.000000
2023-11-08 14:41:01,530 [INFO]  Epoch[4] Batch [0-4]	Speed: 11563.02 samples/sec	cross-entropy=1.247477	mean_acc_in_air12-accuracy=0.000000
2023-11-08 14:41:01,534 [INFO]  Epoch[4] Train-cross-entropy=1.174508
2023-11-08 14:41:01,534 [INFO]  Epoch[4] Train-mean_acc_in_air12-accuracy=0.000000
2023-11-08 14:41:01,534 [INFO]  Epoch[4] Time cost=0.012
2023-11-08 14:41:01,537 [INFO]  Saved checkpoint to "./imputer_model/imputer_model_mean_acc_in_air12/model-0004.params"
2023-11-08 14:41:01,537 [INFO]  Epoch[4] Validation-cross-entropy=2.265312
2023-11-08 14:41:01,537 [INFO]  Epoch[4] Validation-mean_acc_in_air12-accuracy=0.000000
2023-11-08 14:41:01,537 [INFO]  
========== done (0.06661820411682129 s) fit model
2023-11-08 14:55:06,347 [INFO]  
========== start: fit model
2023-11-08 14:55:06,347 [WARNING]  Already bound, ignoring bind()
2023-11-08 14:55:06,358 [INFO]  Epoch[0] Batch [0-4]	Speed: 11930.99 samples/sec	cross-entropy=19.410636	mean_acc_in_air12-accuracy=0.000000
2023-11-08 14:55:06,363 [INFO]  Epoch[0] Train-cross-entropy=19.763022
2023-11-08 14:55:06,364 [INFO]  Epoch[0] Train-mean_acc_in_air12-accuracy=0.000000
2023-11-08 14:55:06,364 [INFO]  Epoch[0] Time cost=0.015
2023-11-08 14:55:06,367 [INFO]  Saved checkpoint to "./imputer_model/imputer_model_mean_acc_in_air12/model-0000.params"
2023-11-08 14:55:06,368 [INFO]  Epoch[0] Validation-cross-entropy=22.288391
2023-11-08 14:55:06,368 [INFO]  Epoch[0] Validation-mean_acc_in_air12-accuracy=0.000000
2023-11-08 14:55:06,376 [INFO]  Epoch[1] Batch [0-4]	Speed: 11271.70 samples/sec	cross-entropy=21.149824	mean_acc_in_air12-accuracy=0.000000
2023-11-08 14:55:06,380 [INFO]  Epoch[1] Train-cross-entropy=16.265624
2023-11-08 14:55:06,380 [INFO]  Epoch[1] Train-mean_acc_in_air12-accuracy=0.000000
2023-11-08 14:55:06,380 [INFO]  Epoch[1] Time cost=0.012
2023-11-08 14:55:06,383 [INFO]  Saved checkpoint to "./imputer_model/imputer_model_mean_acc_in_air12/model-0001.params"
2023-11-08 14:55:06,384 [INFO]  Epoch[1] Validation-cross-entropy=27.872917
2023-11-08 14:55:06,384 [INFO]  Epoch[1] Validation-mean_acc_in_air12-accuracy=0.000000
2023-11-08 14:55:06,390 [INFO]  Epoch[2] Batch [0-4]	Speed: 13579.29 samples/sec	cross-entropy=4.613987	mean_acc_in_air12-accuracy=0.000000
2023-11-08 14:55:06,394 [INFO]  Epoch[2] Train-cross-entropy=4.000385
2023-11-08 14:55:06,394 [INFO]  Epoch[2] Train-mean_acc_in_air12-accuracy=0.000000
2023-11-08 14:55:06,394 [INFO]  Epoch[2] Time cost=0.010
2023-11-08 14:55:06,395 [INFO]  Saved checkpoint to "./imputer_model/imputer_model_mean_acc_in_air12/model-0002.params"
2023-11-08 14:55:06,396 [INFO]  Epoch[2] Validation-cross-entropy=26.650213
2023-11-08 14:55:06,396 [INFO]  Epoch[2] Validation-mean_acc_in_air12-accuracy=0.000000
2023-11-08 14:55:06,402 [INFO]  Epoch[3] Batch [0-4]	Speed: 13690.80 samples/sec	cross-entropy=3.827693	mean_acc_in_air12-accuracy=0.000000
2023-11-08 14:55:06,406 [INFO]  Epoch[3] Train-cross-entropy=2.642654
2023-11-08 14:55:06,406 [INFO]  Epoch[3] Train-mean_acc_in_air12-accuracy=0.000000
2023-11-08 14:55:06,406 [INFO]  Epoch[3] Time cost=0.010
2023-11-08 14:55:06,407 [INFO]  Saved checkpoint to "./imputer_model/imputer_model_mean_acc_in_air12/model-0003.params"
2023-11-08 14:55:06,408 [INFO]  Epoch[3] Validation-cross-entropy=24.441437
2023-11-08 14:55:06,408 [INFO]  Epoch[3] Validation-mean_acc_in_air12-accuracy=0.000000
2023-11-08 14:55:06,414 [INFO]  Epoch[4] Batch [0-4]	Speed: 14248.92 samples/sec	cross-entropy=1.105520	mean_acc_in_air12-accuracy=0.000000
2023-11-08 14:55:06,417 [INFO]  Epoch[4] Train-cross-entropy=0.962834
2023-11-08 14:55:06,417 [INFO]  Epoch[4] Train-mean_acc_in_air12-accuracy=0.000000
2023-11-08 14:55:06,417 [INFO]  Epoch[4] Time cost=0.009
2023-11-08 14:55:06,419 [INFO]  Saved checkpoint to "./imputer_model/imputer_model_mean_acc_in_air12/model-0004.params"
2023-11-08 14:55:06,419 [INFO]  Epoch[4] Validation-cross-entropy=24.629795
2023-11-08 14:55:06,420 [INFO]  Epoch[4] Validation-mean_acc_in_air12-accuracy=0.000000
2023-11-08 14:55:06,420 [INFO]  
========== done (0.07271289825439453 s) fit model
