2023-11-08 12:32:43,092 [INFO]  
========== start: fit model
2023-11-08 12:32:43,092 [WARNING]  Already bound, ignoring bind()
2023-11-08 12:32:43,101 [INFO]  Epoch[0] Batch [0-4]	Speed: 10386.76 samples/sec	cross-entropy=23.050924	max_y_extension2-accuracy=3.200000
2023-11-08 12:32:43,106 [INFO]  Epoch[0] Train-cross-entropy=25.428760
2023-11-08 12:32:43,106 [INFO]  Epoch[0] Train-max_y_extension2-accuracy=2.750000
2023-11-08 12:32:43,106 [INFO]  Epoch[0] Time cost=0.013
2023-11-08 12:32:43,108 [INFO]  Saved checkpoint to "./imputer_model/imputer_model_max_y_extension2/model-0000.params"
2023-11-08 12:32:43,109 [INFO]  Epoch[0] Validation-cross-entropy=36.756603
2023-11-08 12:32:43,109 [INFO]  Epoch[0] Validation-max_y_extension2-accuracy=0.000000
2023-11-08 12:32:43,115 [INFO]  Epoch[1] Batch [0-4]	Speed: 15043.46 samples/sec	cross-entropy=56.865124	max_y_extension2-accuracy=3.200000
2023-11-08 12:32:43,118 [INFO]  Epoch[1] Train-cross-entropy=42.766561
2023-11-08 12:32:43,118 [INFO]  Epoch[1] Train-max_y_extension2-accuracy=2.750000
2023-11-08 12:32:43,118 [INFO]  Epoch[1] Time cost=0.009
2023-11-08 12:32:43,120 [INFO]  Saved checkpoint to "./imputer_model/imputer_model_max_y_extension2/model-0001.params"
2023-11-08 12:32:43,120 [INFO]  Epoch[1] Validation-cross-entropy=11.517316
2023-11-08 12:32:43,121 [INFO]  Epoch[1] Validation-max_y_extension2-accuracy=0.000000
2023-11-08 12:32:43,126 [INFO]  Epoch[2] Batch [0-4]	Speed: 14564.35 samples/sec	cross-entropy=22.703076	max_y_extension2-accuracy=3.200000
2023-11-08 12:32:43,130 [INFO]  Epoch[2] Train-cross-entropy=15.392532
2023-11-08 12:32:43,131 [INFO]  Epoch[2] Train-max_y_extension2-accuracy=2.750000
2023-11-08 12:32:43,131 [INFO]  Epoch[2] Time cost=0.010
2023-11-08 12:32:43,133 [INFO]  Saved checkpoint to "./imputer_model/imputer_model_max_y_extension2/model-0002.params"
2023-11-08 12:32:43,134 [INFO]  Epoch[2] Validation-cross-entropy=6.656322
2023-11-08 12:32:43,134 [INFO]  Epoch[2] Validation-max_y_extension2-accuracy=0.000000
2023-11-08 12:32:43,141 [INFO]  Epoch[3] Batch [0-4]	Speed: 12325.99 samples/sec	cross-entropy=10.426136	max_y_extension2-accuracy=3.200000
2023-11-08 12:32:43,145 [INFO]  Epoch[3] Train-cross-entropy=7.558634
2023-11-08 12:32:43,145 [INFO]  Epoch[3] Train-max_y_extension2-accuracy=2.750000
2023-11-08 12:32:43,145 [INFO]  Epoch[3] Time cost=0.011
2023-11-08 12:32:43,147 [INFO]  Saved checkpoint to "./imputer_model/imputer_model_max_y_extension2/model-0003.params"
2023-11-08 12:32:43,148 [INFO]  Epoch[3] Validation-cross-entropy=7.251083
2023-11-08 12:32:43,148 [INFO]  Epoch[3] Validation-max_y_extension2-accuracy=0.000000
2023-11-08 12:32:43,154 [INFO]  Epoch[4] Batch [0-4]	Speed: 13871.20 samples/sec	cross-entropy=3.425639	max_y_extension2-accuracy=3.200000
2023-11-08 12:32:43,158 [INFO]  Epoch[4] Train-cross-entropy=2.839086
2023-11-08 12:32:43,158 [INFO]  Epoch[4] Train-max_y_extension2-accuracy=2.750000
2023-11-08 12:32:43,158 [INFO]  Epoch[4] Time cost=0.010
2023-11-08 12:32:43,160 [INFO]  Saved checkpoint to "./imputer_model/imputer_model_max_y_extension2/model-0004.params"
2023-11-08 12:32:43,160 [INFO]  Epoch[4] Validation-cross-entropy=5.970204
2023-11-08 12:32:43,160 [INFO]  Epoch[4] Validation-max_y_extension2-accuracy=0.000000
2023-11-08 12:32:43,160 [INFO]  
========== done (0.0681145191192627 s) fit model
2023-11-08 13:03:45,465 [INFO]  
========== start: fit model
2023-11-08 13:03:45,465 [WARNING]  Already bound, ignoring bind()
2023-11-08 13:03:45,475 [INFO]  Epoch[0] Batch [0-4]	Speed: 13703.38 samples/sec	cross-entropy=24.567385	max_y_extension2-accuracy=3.000000
2023-11-08 13:03:45,479 [INFO]  Epoch[0] Train-cross-entropy=18.908609
2023-11-08 13:03:45,479 [INFO]  Epoch[0] Train-max_y_extension2-accuracy=3.125000
2023-11-08 13:03:45,479 [INFO]  Epoch[0] Time cost=0.013
2023-11-08 13:03:45,480 [INFO]  Saved checkpoint to "./imputer_model/imputer_model_max_y_extension2/model-0000.params"
2023-11-08 13:03:45,481 [INFO]  Epoch[0] Validation-cross-entropy=1.991314
2023-11-08 13:03:45,481 [INFO]  Epoch[0] Validation-max_y_extension2-accuracy=0.000000
2023-11-08 13:03:45,487 [INFO]  Epoch[1] Batch [0-4]	Speed: 14432.79 samples/sec	cross-entropy=28.243966	max_y_extension2-accuracy=3.000000
2023-11-08 13:03:45,491 [INFO]  Epoch[1] Train-cross-entropy=26.911420
2023-11-08 13:03:45,491 [INFO]  Epoch[1] Train-max_y_extension2-accuracy=3.125000
2023-11-08 13:03:45,491 [INFO]  Epoch[1] Time cost=0.010
2023-11-08 13:03:45,494 [INFO]  Saved checkpoint to "./imputer_model/imputer_model_max_y_extension2/model-0001.params"
2023-11-08 13:03:45,495 [INFO]  Epoch[1] Validation-cross-entropy=2.208947
2023-11-08 13:03:45,496 [INFO]  Epoch[1] Validation-max_y_extension2-accuracy=0.000000
2023-11-08 13:03:45,503 [INFO]  Epoch[2] Batch [0-4]	Speed: 10794.85 samples/sec	cross-entropy=6.285828	max_y_extension2-accuracy=3.000000
2023-11-08 13:03:45,507 [INFO]  Epoch[2] Train-cross-entropy=9.819690
2023-11-08 13:03:45,507 [INFO]  Epoch[2] Train-max_y_extension2-accuracy=3.125000
2023-11-08 13:03:45,508 [INFO]  Epoch[2] Time cost=0.012
2023-11-08 13:03:45,518 [INFO]  Saved checkpoint to "./imputer_model/imputer_model_max_y_extension2/model-0002.params"
2023-11-08 13:03:45,519 [INFO]  Epoch[2] Validation-cross-entropy=2.295049
2023-11-08 13:03:45,519 [INFO]  Epoch[2] Validation-max_y_extension2-accuracy=0.000000
2023-11-08 13:03:45,527 [INFO]  Epoch[3] Batch [0-4]	Speed: 11210.97 samples/sec	cross-entropy=3.649054	max_y_extension2-accuracy=3.000000
2023-11-08 13:03:45,531 [INFO]  Epoch[3] Train-cross-entropy=3.057688
2023-11-08 13:03:45,532 [INFO]  Epoch[3] Train-max_y_extension2-accuracy=3.125000
2023-11-08 13:03:45,532 [INFO]  Epoch[3] Time cost=0.012
2023-11-08 13:03:45,550 [INFO]  Saved checkpoint to "./imputer_model/imputer_model_max_y_extension2/model-0003.params"
2023-11-08 13:03:45,551 [INFO]  Epoch[3] Validation-cross-entropy=2.901365
2023-11-08 13:03:45,551 [INFO]  Epoch[3] Validation-max_y_extension2-accuracy=0.000000
2023-11-08 13:03:45,559 [INFO]  Epoch[4] Batch [0-4]	Speed: 9586.98 samples/sec	cross-entropy=1.869270	max_y_extension2-accuracy=3.000000
2023-11-08 13:03:45,564 [INFO]  Epoch[4] Train-cross-entropy=1.432405
2023-11-08 13:03:45,564 [INFO]  Epoch[4] Train-max_y_extension2-accuracy=3.125000
2023-11-08 13:03:45,565 [INFO]  Epoch[4] Time cost=0.014
2023-11-08 13:03:45,602 [INFO]  Saved checkpoint to "./imputer_model/imputer_model_max_y_extension2/model-0004.params"
2023-11-08 13:03:45,603 [INFO]  Epoch[4] Validation-cross-entropy=2.351513
2023-11-08 13:03:45,603 [INFO]  Epoch[4] Validation-max_y_extension2-accuracy=0.000000
2023-11-08 13:03:45,603 [INFO]  
========== done (0.13862013816833496 s) fit model
2023-11-08 13:17:13,393 [INFO]  
========== start: fit model
2023-11-08 13:17:13,393 [WARNING]  Already bound, ignoring bind()
2023-11-08 13:17:13,401 [INFO]  Epoch[0] Batch [0-4]	Speed: 9956.44 samples/sec	cross-entropy=20.182102	max_y_extension2-accuracy=0.000000
2023-11-08 13:17:13,406 [INFO]  Epoch[0] Train-cross-entropy=28.832579
2023-11-08 13:17:13,406 [INFO]  Epoch[0] Train-max_y_extension2-accuracy=0.000000
2023-11-08 13:17:13,406 [INFO]  Epoch[0] Time cost=0.013
2023-11-08 13:17:13,409 [INFO]  Saved checkpoint to "./imputer_model/imputer_model_max_y_extension2/model-0000.params"
2023-11-08 13:17:13,410 [INFO]  Epoch[0] Validation-cross-entropy=16.978109
2023-11-08 13:17:13,410 [INFO]  Epoch[0] Validation-max_y_extension2-accuracy=0.000000
2023-11-08 13:17:13,417 [INFO]  Epoch[1] Batch [0-4]	Speed: 11315.41 samples/sec	cross-entropy=42.918857	max_y_extension2-accuracy=0.000000
2023-11-08 13:17:13,422 [INFO]  Epoch[1] Train-cross-entropy=40.294920
2023-11-08 13:17:13,422 [INFO]  Epoch[1] Train-max_y_extension2-accuracy=0.000000
2023-11-08 13:17:13,422 [INFO]  Epoch[1] Time cost=0.012
2023-11-08 13:17:13,426 [INFO]  Saved checkpoint to "./imputer_model/imputer_model_max_y_extension2/model-0001.params"
2023-11-08 13:17:13,426 [INFO]  Epoch[1] Validation-cross-entropy=11.754273
2023-11-08 13:17:13,426 [INFO]  Epoch[1] Validation-max_y_extension2-accuracy=0.000000
2023-11-08 13:17:13,432 [INFO]  Epoch[2] Batch [0-4]	Speed: 13666.40 samples/sec	cross-entropy=18.514617	max_y_extension2-accuracy=0.000000
2023-11-08 13:17:13,436 [INFO]  Epoch[2] Train-cross-entropy=15.056319
2023-11-08 13:17:13,436 [INFO]  Epoch[2] Train-max_y_extension2-accuracy=0.000000
2023-11-08 13:17:13,436 [INFO]  Epoch[2] Time cost=0.010
2023-11-08 13:17:13,438 [INFO]  Saved checkpoint to "./imputer_model/imputer_model_max_y_extension2/model-0002.params"
2023-11-08 13:17:13,438 [INFO]  Epoch[2] Validation-cross-entropy=10.159325
2023-11-08 13:17:13,438 [INFO]  Epoch[2] Validation-max_y_extension2-accuracy=0.000000
2023-11-08 13:17:13,444 [INFO]  Epoch[3] Batch [0-4]	Speed: 13814.80 samples/sec	cross-entropy=4.402423	max_y_extension2-accuracy=0.000000
2023-11-08 13:17:13,448 [INFO]  Epoch[3] Train-cross-entropy=4.489215
2023-11-08 13:17:13,448 [INFO]  Epoch[3] Train-max_y_extension2-accuracy=0.000000
2023-11-08 13:17:13,448 [INFO]  Epoch[3] Time cost=0.010
2023-11-08 13:17:13,452 [INFO]  Saved checkpoint to "./imputer_model/imputer_model_max_y_extension2/model-0003.params"
2023-11-08 13:17:13,453 [INFO]  Epoch[3] Validation-cross-entropy=15.787624
2023-11-08 13:17:13,453 [INFO]  Epoch[3] Validation-max_y_extension2-accuracy=0.000000
2023-11-08 13:17:13,461 [INFO]  Epoch[4] Batch [0-4]	Speed: 10166.08 samples/sec	cross-entropy=1.313440	max_y_extension2-accuracy=0.000000
2023-11-08 13:17:13,465 [INFO]  Epoch[4] Train-cross-entropy=1.571298
2023-11-08 13:17:13,466 [INFO]  Epoch[4] Train-max_y_extension2-accuracy=0.000000
2023-11-08 13:17:13,466 [INFO]  Epoch[4] Time cost=0.013
2023-11-08 13:17:13,468 [INFO]  Saved checkpoint to "./imputer_model/imputer_model_max_y_extension2/model-0004.params"
2023-11-08 13:17:13,469 [INFO]  Epoch[4] Validation-cross-entropy=13.248137
2023-11-08 13:17:13,469 [INFO]  Epoch[4] Validation-max_y_extension2-accuracy=0.000000
2023-11-08 13:17:13,469 [INFO]  
========== done (0.07661938667297363 s) fit model
2023-11-08 13:30:34,366 [INFO]  
========== start: fit model
2023-11-08 13:30:34,366 [WARNING]  Already bound, ignoring bind()
2023-11-08 13:30:34,373 [INFO]  Epoch[0] Batch [0-4]	Speed: 14615.89 samples/sec	cross-entropy=31.167641	max_y_extension2-accuracy=0.000000
2023-11-08 13:30:34,376 [INFO]  Epoch[0] Train-cross-entropy=24.029109
2023-11-08 13:30:34,376 [INFO]  Epoch[0] Train-max_y_extension2-accuracy=0.000000
2023-11-08 13:30:34,376 [INFO]  Epoch[0] Time cost=0.009
2023-11-08 13:30:34,377 [INFO]  Saved checkpoint to "./imputer_model/imputer_model_max_y_extension2/model-0000.params"
2023-11-08 13:30:34,378 [INFO]  Epoch[0] Validation-cross-entropy=70.159729
2023-11-08 13:30:34,378 [INFO]  Epoch[0] Validation-max_y_extension2-accuracy=0.000000
2023-11-08 13:30:34,385 [INFO]  Epoch[1] Batch [0-4]	Speed: 10514.51 samples/sec	cross-entropy=24.393331	max_y_extension2-accuracy=0.000000
2023-11-08 13:30:34,390 [INFO]  Epoch[1] Train-cross-entropy=27.205999
2023-11-08 13:30:34,390 [INFO]  Epoch[1] Train-max_y_extension2-accuracy=0.000000
2023-11-08 13:30:34,391 [INFO]  Epoch[1] Time cost=0.013
2023-11-08 13:30:34,393 [INFO]  Saved checkpoint to "./imputer_model/imputer_model_max_y_extension2/model-0001.params"
2023-11-08 13:30:34,394 [INFO]  Epoch[1] Validation-cross-entropy=39.630733
2023-11-08 13:30:34,394 [INFO]  Epoch[1] Validation-max_y_extension2-accuracy=0.000000
2023-11-08 13:30:34,399 [INFO]  Epoch[2] Batch [0-4]	Speed: 15395.47 samples/sec	cross-entropy=9.693069	max_y_extension2-accuracy=0.000000
2023-11-08 13:30:34,402 [INFO]  Epoch[2] Train-cross-entropy=9.306389
2023-11-08 13:30:34,402 [INFO]  Epoch[2] Train-max_y_extension2-accuracy=0.000000
2023-11-08 13:30:34,402 [INFO]  Epoch[2] Time cost=0.008
2023-11-08 13:30:34,404 [INFO]  Saved checkpoint to "./imputer_model/imputer_model_max_y_extension2/model-0002.params"
2023-11-08 13:30:34,404 [INFO]  Epoch[2] Validation-cross-entropy=38.846027
2023-11-08 13:30:34,404 [INFO]  Epoch[2] Validation-max_y_extension2-accuracy=0.000000
2023-11-08 13:30:34,409 [INFO]  Epoch[3] Batch [0-4]	Speed: 19516.90 samples/sec	cross-entropy=4.306783	max_y_extension2-accuracy=0.000000
2023-11-08 13:30:34,411 [INFO]  Epoch[3] Train-cross-entropy=3.717646
2023-11-08 13:30:34,411 [INFO]  Epoch[3] Train-max_y_extension2-accuracy=0.000000
2023-11-08 13:30:34,411 [INFO]  Epoch[3] Time cost=0.007
2023-11-08 13:30:34,412 [INFO]  Saved checkpoint to "./imputer_model/imputer_model_max_y_extension2/model-0003.params"
2023-11-08 13:30:34,413 [INFO]  Epoch[3] Validation-cross-entropy=39.263405
2023-11-08 13:30:34,413 [INFO]  Epoch[3] Validation-max_y_extension2-accuracy=0.000000
2023-11-08 13:30:34,418 [INFO]  Epoch[4] Batch [0-4]	Speed: 13816.23 samples/sec	cross-entropy=1.350891	max_y_extension2-accuracy=0.000000
2023-11-08 13:30:34,422 [INFO]  Epoch[4] Train-cross-entropy=1.428769
2023-11-08 13:30:34,422 [INFO]  Epoch[4] Train-max_y_extension2-accuracy=0.000000
2023-11-08 13:30:34,422 [INFO]  Epoch[4] Time cost=0.009
2023-11-08 13:30:34,424 [INFO]  Saved checkpoint to "./imputer_model/imputer_model_max_y_extension2/model-0004.params"
2023-11-08 13:30:34,425 [INFO]  Epoch[4] Validation-cross-entropy=48.497555
2023-11-08 13:30:34,425 [INFO]  Epoch[4] Validation-max_y_extension2-accuracy=0.000000
2023-11-08 13:30:34,425 [INFO]  
========== done (0.05914449691772461 s) fit model
2023-11-08 13:43:54,090 [INFO]  
========== start: fit model
2023-11-08 13:43:54,090 [WARNING]  Already bound, ignoring bind()
2023-11-08 13:43:54,098 [INFO]  Epoch[0] Batch [0-4]	Speed: 14112.58 samples/sec	cross-entropy=27.827495	max_y_extension2-accuracy=3.600000
2023-11-08 13:43:54,101 [INFO]  Epoch[0] Train-cross-entropy=23.332937
2023-11-08 13:43:54,101 [INFO]  Epoch[0] Train-max_y_extension2-accuracy=3.625000
2023-11-08 13:43:54,101 [INFO]  Epoch[0] Time cost=0.010
2023-11-08 13:43:54,102 [INFO]  Saved checkpoint to "./imputer_model/imputer_model_max_y_extension2/model-0000.params"
2023-11-08 13:43:54,103 [INFO]  Epoch[0] Validation-cross-entropy=17.918102
2023-11-08 13:43:54,103 [INFO]  Epoch[0] Validation-max_y_extension2-accuracy=0.000000
2023-11-08 13:43:54,111 [INFO]  Epoch[1] Batch [0-4]	Speed: 10335.57 samples/sec	cross-entropy=33.709791	max_y_extension2-accuracy=3.600000
2023-11-08 13:43:54,116 [INFO]  Epoch[1] Train-cross-entropy=28.222459
2023-11-08 13:43:54,116 [INFO]  Epoch[1] Train-max_y_extension2-accuracy=3.625000
2023-11-08 13:43:54,116 [INFO]  Epoch[1] Time cost=0.013
2023-11-08 13:43:54,119 [INFO]  Saved checkpoint to "./imputer_model/imputer_model_max_y_extension2/model-0001.params"
2023-11-08 13:43:54,120 [INFO]  Epoch[1] Validation-cross-entropy=12.512652
2023-11-08 13:43:54,120 [INFO]  Epoch[1] Validation-max_y_extension2-accuracy=0.000000
2023-11-08 13:43:54,127 [INFO]  Epoch[2] Batch [0-4]	Speed: 12906.17 samples/sec	cross-entropy=12.018974	max_y_extension2-accuracy=3.600000
2023-11-08 13:43:54,131 [INFO]  Epoch[2] Train-cross-entropy=10.042144
2023-11-08 13:43:54,131 [INFO]  Epoch[2] Train-max_y_extension2-accuracy=3.625000
2023-11-08 13:43:54,131 [INFO]  Epoch[2] Time cost=0.010
2023-11-08 13:43:54,132 [INFO]  Saved checkpoint to "./imputer_model/imputer_model_max_y_extension2/model-0002.params"
2023-11-08 13:43:54,133 [INFO]  Epoch[2] Validation-cross-entropy=11.356523
2023-11-08 13:43:54,133 [INFO]  Epoch[2] Validation-max_y_extension2-accuracy=0.000000
2023-11-08 13:43:54,139 [INFO]  Epoch[3] Batch [0-4]	Speed: 14162.47 samples/sec	cross-entropy=9.157075	max_y_extension2-accuracy=3.600000
2023-11-08 13:43:54,142 [INFO]  Epoch[3] Train-cross-entropy=6.365770
2023-11-08 13:43:54,142 [INFO]  Epoch[3] Train-max_y_extension2-accuracy=3.625000
2023-11-08 13:43:54,142 [INFO]  Epoch[3] Time cost=0.009
2023-11-08 13:43:54,144 [INFO]  Saved checkpoint to "./imputer_model/imputer_model_max_y_extension2/model-0003.params"
2023-11-08 13:43:54,144 [INFO]  Epoch[3] Validation-cross-entropy=7.906255
2023-11-08 13:43:54,144 [INFO]  Epoch[3] Validation-max_y_extension2-accuracy=0.000000
2023-11-08 13:43:54,150 [INFO]  Epoch[4] Batch [0-4]	Speed: 14613.50 samples/sec	cross-entropy=3.406415	max_y_extension2-accuracy=3.600000
2023-11-08 13:43:54,153 [INFO]  Epoch[4] Train-cross-entropy=2.742176
2023-11-08 13:43:54,153 [INFO]  Epoch[4] Train-max_y_extension2-accuracy=3.625000
2023-11-08 13:43:54,153 [INFO]  Epoch[4] Time cost=0.009
2023-11-08 13:43:54,155 [INFO]  Saved checkpoint to "./imputer_model/imputer_model_max_y_extension2/model-0004.params"
2023-11-08 13:43:54,155 [INFO]  Epoch[4] Validation-cross-entropy=5.694791
2023-11-08 13:43:54,155 [INFO]  Epoch[4] Validation-max_y_extension2-accuracy=0.000000
2023-11-08 13:43:54,155 [INFO]  
========== done (0.06526660919189453 s) fit model
2023-11-08 13:57:15,977 [INFO]  
========== start: fit model
2023-11-08 13:57:15,977 [WARNING]  Already bound, ignoring bind()
2023-11-08 13:57:15,985 [INFO]  Epoch[0] Batch [0-4]	Speed: 12566.61 samples/sec	cross-entropy=19.486149	max_y_extension2-accuracy=3.200000
2023-11-08 13:57:15,990 [INFO]  Epoch[0] Train-cross-entropy=39.143619
2023-11-08 13:57:15,990 [INFO]  Epoch[0] Train-max_y_extension2-accuracy=3.125000
2023-11-08 13:57:15,990 [INFO]  Epoch[0] Time cost=0.012
2023-11-08 13:57:15,993 [INFO]  Saved checkpoint to "./imputer_model/imputer_model_max_y_extension2/model-0000.params"
2023-11-08 13:57:15,994 [INFO]  Epoch[0] Validation-cross-entropy=12.806389
2023-11-08 13:57:15,994 [INFO]  Epoch[0] Validation-max_y_extension2-accuracy=0.000000
2023-11-08 13:57:16,002 [INFO]  Epoch[1] Batch [0-4]	Speed: 10856.84 samples/sec	cross-entropy=51.431194	max_y_extension2-accuracy=3.200000
2023-11-08 13:57:16,006 [INFO]  Epoch[1] Train-cross-entropy=36.311234
2023-11-08 13:57:16,006 [INFO]  Epoch[1] Train-max_y_extension2-accuracy=3.125000
2023-11-08 13:57:16,006 [INFO]  Epoch[1] Time cost=0.012
2023-11-08 13:57:16,008 [INFO]  Saved checkpoint to "./imputer_model/imputer_model_max_y_extension2/model-0001.params"
2023-11-08 13:57:16,009 [INFO]  Epoch[1] Validation-cross-entropy=13.561155
2023-11-08 13:57:16,009 [INFO]  Epoch[1] Validation-max_y_extension2-accuracy=0.000000
2023-11-08 13:57:16,014 [INFO]  Epoch[2] Batch [0-4]	Speed: 16456.32 samples/sec	cross-entropy=11.327378	max_y_extension2-accuracy=3.200000
2023-11-08 13:57:16,017 [INFO]  Epoch[2] Train-cross-entropy=9.359910
2023-11-08 13:57:16,017 [INFO]  Epoch[2] Train-max_y_extension2-accuracy=3.125000
2023-11-08 13:57:16,017 [INFO]  Epoch[2] Time cost=0.008
2023-11-08 13:57:16,018 [INFO]  Saved checkpoint to "./imputer_model/imputer_model_max_y_extension2/model-0002.params"
2023-11-08 13:57:16,019 [INFO]  Epoch[2] Validation-cross-entropy=8.883126
2023-11-08 13:57:16,019 [INFO]  Epoch[2] Validation-max_y_extension2-accuracy=0.000000
2023-11-08 13:57:16,024 [INFO]  Epoch[3] Batch [0-4]	Speed: 17820.85 samples/sec	cross-entropy=5.037136	max_y_extension2-accuracy=3.200000
2023-11-08 13:57:16,026 [INFO]  Epoch[3] Train-cross-entropy=4.440526
2023-11-08 13:57:16,026 [INFO]  Epoch[3] Train-max_y_extension2-accuracy=3.125000
2023-11-08 13:57:16,027 [INFO]  Epoch[3] Time cost=0.007
2023-11-08 13:57:16,028 [INFO]  Saved checkpoint to "./imputer_model/imputer_model_max_y_extension2/model-0003.params"
2023-11-08 13:57:16,028 [INFO]  Epoch[3] Validation-cross-entropy=7.920363
2023-11-08 13:57:16,028 [INFO]  Epoch[3] Validation-max_y_extension2-accuracy=0.000000
2023-11-08 13:57:16,033 [INFO]  Epoch[4] Batch [0-4]	Speed: 17256.07 samples/sec	cross-entropy=1.413366	max_y_extension2-accuracy=3.200000
2023-11-08 13:57:16,036 [INFO]  Epoch[4] Train-cross-entropy=1.277516
2023-11-08 13:57:16,036 [INFO]  Epoch[4] Train-max_y_extension2-accuracy=3.125000
2023-11-08 13:57:16,036 [INFO]  Epoch[4] Time cost=0.008
2023-11-08 13:57:16,037 [INFO]  Saved checkpoint to "./imputer_model/imputer_model_max_y_extension2/model-0004.params"
2023-11-08 13:57:16,038 [INFO]  Epoch[4] Validation-cross-entropy=12.161631
2023-11-08 13:57:16,038 [INFO]  Epoch[4] Validation-max_y_extension2-accuracy=0.000000
2023-11-08 13:57:16,038 [INFO]  
========== done (0.060512542724609375 s) fit model
2023-11-08 14:10:40,132 [INFO]  
========== start: fit model
2023-11-08 14:10:40,132 [WARNING]  Already bound, ignoring bind()
2023-11-08 14:10:40,139 [INFO]  Epoch[0] Batch [0-4]	Speed: 14152.76 samples/sec	cross-entropy=29.662673	max_y_extension2-accuracy=2.600000
2023-11-08 14:10:40,143 [INFO]  Epoch[0] Train-cross-entropy=22.731306
2023-11-08 14:10:40,143 [INFO]  Epoch[0] Train-max_y_extension2-accuracy=2.375000
2023-11-08 14:10:40,143 [INFO]  Epoch[0] Time cost=0.010
2023-11-08 14:10:40,144 [INFO]  Saved checkpoint to "./imputer_model/imputer_model_max_y_extension2/model-0000.params"
2023-11-08 14:10:40,144 [INFO]  Epoch[0] Validation-cross-entropy=31.934021
2023-11-08 14:10:40,145 [INFO]  Epoch[0] Validation-max_y_extension2-accuracy=0.000000
2023-11-08 14:10:40,151 [INFO]  Epoch[1] Batch [0-4]	Speed: 11420.36 samples/sec	cross-entropy=35.412160	max_y_extension2-accuracy=2.600000
2023-11-08 14:10:40,156 [INFO]  Epoch[1] Train-cross-entropy=41.810647
2023-11-08 14:10:40,156 [INFO]  Epoch[1] Train-max_y_extension2-accuracy=2.375000
2023-11-08 14:10:40,156 [INFO]  Epoch[1] Time cost=0.012
2023-11-08 14:10:40,159 [INFO]  Saved checkpoint to "./imputer_model/imputer_model_max_y_extension2/model-0001.params"
2023-11-08 14:10:40,160 [INFO]  Epoch[1] Validation-cross-entropy=29.998228
2023-11-08 14:10:40,160 [INFO]  Epoch[1] Validation-max_y_extension2-accuracy=0.000000
2023-11-08 14:10:40,166 [INFO]  Epoch[2] Batch [0-4]	Speed: 16761.50 samples/sec	cross-entropy=8.261952	max_y_extension2-accuracy=2.600000
2023-11-08 14:10:40,170 [INFO]  Epoch[2] Train-cross-entropy=8.909940
2023-11-08 14:10:40,170 [INFO]  Epoch[2] Train-max_y_extension2-accuracy=2.375000
2023-11-08 14:10:40,170 [INFO]  Epoch[2] Time cost=0.009
2023-11-08 14:10:40,172 [INFO]  Saved checkpoint to "./imputer_model/imputer_model_max_y_extension2/model-0002.params"
2023-11-08 14:10:40,172 [INFO]  Epoch[2] Validation-cross-entropy=40.760437
2023-11-08 14:10:40,172 [INFO]  Epoch[2] Validation-max_y_extension2-accuracy=0.000000
2023-11-08 14:10:40,178 [INFO]  Epoch[3] Batch [0-4]	Speed: 14148.29 samples/sec	cross-entropy=3.812363	max_y_extension2-accuracy=2.600000
2023-11-08 14:10:40,182 [INFO]  Epoch[3] Train-cross-entropy=3.864815
2023-11-08 14:10:40,182 [INFO]  Epoch[3] Train-max_y_extension2-accuracy=2.375000
2023-11-08 14:10:40,182 [INFO]  Epoch[3] Time cost=0.009
2023-11-08 14:10:40,183 [INFO]  Saved checkpoint to "./imputer_model/imputer_model_max_y_extension2/model-0003.params"
2023-11-08 14:10:40,184 [INFO]  Epoch[3] Validation-cross-entropy=32.605141
2023-11-08 14:10:40,184 [INFO]  Epoch[3] Validation-max_y_extension2-accuracy=0.000000
2023-11-08 14:10:40,190 [INFO]  Epoch[4] Batch [0-4]	Speed: 13952.67 samples/sec	cross-entropy=1.161333	max_y_extension2-accuracy=2.600000
2023-11-08 14:10:40,193 [INFO]  Epoch[4] Train-cross-entropy=1.473202
2023-11-08 14:10:40,194 [INFO]  Epoch[4] Train-max_y_extension2-accuracy=2.375000
2023-11-08 14:10:40,194 [INFO]  Epoch[4] Time cost=0.010
2023-11-08 14:10:40,195 [INFO]  Saved checkpoint to "./imputer_model/imputer_model_max_y_extension2/model-0004.params"
2023-11-08 14:10:40,196 [INFO]  Epoch[4] Validation-cross-entropy=31.003124
2023-11-08 14:10:40,196 [INFO]  Epoch[4] Validation-max_y_extension2-accuracy=0.000000
2023-11-08 14:10:40,196 [INFO]  
========== done (0.06400847434997559 s) fit model
2023-11-08 14:24:12,104 [INFO]  
========== start: fit model
2023-11-08 14:24:12,104 [WARNING]  Already bound, ignoring bind()
2023-11-08 14:24:12,113 [INFO]  Epoch[0] Batch [0-4]	Speed: 10206.67 samples/sec	cross-entropy=19.308101	max_y_extension2-accuracy=3.000000
2023-11-08 14:24:12,118 [INFO]  Epoch[0] Train-cross-entropy=21.506657
2023-11-08 14:24:12,118 [INFO]  Epoch[0] Train-max_y_extension2-accuracy=3.125000
2023-11-08 14:24:12,118 [INFO]  Epoch[0] Time cost=0.013
2023-11-08 14:24:12,121 [INFO]  Saved checkpoint to "./imputer_model/imputer_model_max_y_extension2/model-0000.params"
2023-11-08 14:24:12,121 [INFO]  Epoch[0] Validation-cross-entropy=211.647324
2023-11-08 14:24:12,121 [INFO]  Epoch[0] Validation-max_y_extension2-accuracy=0.000000
2023-11-08 14:24:12,127 [INFO]  Epoch[1] Batch [0-4]	Speed: 15504.85 samples/sec	cross-entropy=22.377116	max_y_extension2-accuracy=3.000000
2023-11-08 14:24:12,130 [INFO]  Epoch[1] Train-cross-entropy=19.968572
2023-11-08 14:24:12,130 [INFO]  Epoch[1] Train-max_y_extension2-accuracy=3.125000
2023-11-08 14:24:12,130 [INFO]  Epoch[1] Time cost=0.009
2023-11-08 14:24:12,132 [INFO]  Saved checkpoint to "./imputer_model/imputer_model_max_y_extension2/model-0001.params"
2023-11-08 14:24:12,133 [INFO]  Epoch[1] Validation-cross-entropy=97.272224
2023-11-08 14:24:12,133 [INFO]  Epoch[1] Validation-max_y_extension2-accuracy=0.000000
2023-11-08 14:24:12,137 [INFO]  Epoch[2] Batch [0-4]	Speed: 21285.82 samples/sec	cross-entropy=6.008714	max_y_extension2-accuracy=3.000000
2023-11-08 14:24:12,139 [INFO]  Epoch[2] Train-cross-entropy=6.516702
2023-11-08 14:24:12,139 [INFO]  Epoch[2] Train-max_y_extension2-accuracy=3.125000
2023-11-08 14:24:12,139 [INFO]  Epoch[2] Time cost=0.006
2023-11-08 14:24:12,141 [INFO]  Saved checkpoint to "./imputer_model/imputer_model_max_y_extension2/model-0002.params"
2023-11-08 14:24:12,141 [INFO]  Epoch[2] Validation-cross-entropy=348.406982
2023-11-08 14:24:12,141 [INFO]  Epoch[2] Validation-max_y_extension2-accuracy=0.000000
2023-11-08 14:24:12,145 [INFO]  Epoch[3] Batch [0-4]	Speed: 19302.18 samples/sec	cross-entropy=1.204349	max_y_extension2-accuracy=3.000000
2023-11-08 14:24:12,148 [INFO]  Epoch[3] Train-cross-entropy=2.031977
2023-11-08 14:24:12,148 [INFO]  Epoch[3] Train-max_y_extension2-accuracy=3.125000
2023-11-08 14:24:12,148 [INFO]  Epoch[3] Time cost=0.007
2023-11-08 14:24:12,149 [INFO]  Saved checkpoint to "./imputer_model/imputer_model_max_y_extension2/model-0003.params"
2023-11-08 14:24:12,150 [INFO]  Epoch[3] Validation-cross-entropy=185.406357
2023-11-08 14:24:12,150 [INFO]  Epoch[3] Validation-max_y_extension2-accuracy=0.000000
2023-11-08 14:24:12,155 [INFO]  Epoch[4] Batch [0-4]	Speed: 14690.28 samples/sec	cross-entropy=1.295384	max_y_extension2-accuracy=3.000000
2023-11-08 14:24:12,158 [INFO]  Epoch[4] Train-cross-entropy=1.033302
2023-11-08 14:24:12,158 [INFO]  Epoch[4] Train-max_y_extension2-accuracy=3.125000
2023-11-08 14:24:12,159 [INFO]  Epoch[4] Time cost=0.009
2023-11-08 14:24:12,160 [INFO]  Saved checkpoint to "./imputer_model/imputer_model_max_y_extension2/model-0004.params"
2023-11-08 14:24:12,160 [INFO]  Epoch[4] Validation-cross-entropy=187.605789
2023-11-08 14:24:12,160 [INFO]  Epoch[4] Validation-max_y_extension2-accuracy=0.000000
2023-11-08 14:24:12,160 [INFO]  
========== done (0.0562434196472168 s) fit model
2023-11-08 14:38:03,759 [INFO]  
========== start: fit model
2023-11-08 14:38:03,760 [WARNING]  Already bound, ignoring bind()
2023-11-08 14:38:03,767 [INFO]  Epoch[0] Batch [0-4]	Speed: 13624.78 samples/sec	cross-entropy=13.452475	max_y_extension2-accuracy=0.000000
2023-11-08 14:38:03,771 [INFO]  Epoch[0] Train-cross-entropy=17.981027
2023-11-08 14:38:03,771 [INFO]  Epoch[0] Train-max_y_extension2-accuracy=0.000000
2023-11-08 14:38:03,771 [INFO]  Epoch[0] Time cost=0.011
2023-11-08 14:38:03,773 [INFO]  Saved checkpoint to "./imputer_model/imputer_model_max_y_extension2/model-0000.params"
2023-11-08 14:38:03,773 [INFO]  Epoch[0] Validation-cross-entropy=28.445257
2023-11-08 14:38:03,773 [INFO]  Epoch[0] Validation-max_y_extension2-accuracy=0.000000
2023-11-08 14:38:03,779 [INFO]  Epoch[1] Batch [0-4]	Speed: 14750.01 samples/sec	cross-entropy=33.807033	max_y_extension2-accuracy=0.000000
2023-11-08 14:38:03,782 [INFO]  Epoch[1] Train-cross-entropy=28.349349
2023-11-08 14:38:03,782 [INFO]  Epoch[1] Train-max_y_extension2-accuracy=0.000000
2023-11-08 14:38:03,782 [INFO]  Epoch[1] Time cost=0.009
2023-11-08 14:38:03,784 [INFO]  Saved checkpoint to "./imputer_model/imputer_model_max_y_extension2/model-0001.params"
2023-11-08 14:38:03,784 [INFO]  Epoch[1] Validation-cross-entropy=18.443163
2023-11-08 14:38:03,784 [INFO]  Epoch[1] Validation-max_y_extension2-accuracy=0.000000
2023-11-08 14:38:03,789 [INFO]  Epoch[2] Batch [0-4]	Speed: 16092.29 samples/sec	cross-entropy=12.699276	max_y_extension2-accuracy=0.000000
2023-11-08 14:38:03,793 [INFO]  Epoch[2] Train-cross-entropy=9.169784
2023-11-08 14:38:03,793 [INFO]  Epoch[2] Train-max_y_extension2-accuracy=0.000000
2023-11-08 14:38:03,793 [INFO]  Epoch[2] Time cost=0.008
2023-11-08 14:38:03,794 [INFO]  Saved checkpoint to "./imputer_model/imputer_model_max_y_extension2/model-0002.params"
2023-11-08 14:38:03,795 [INFO]  Epoch[2] Validation-cross-entropy=25.213438
2023-11-08 14:38:03,795 [INFO]  Epoch[2] Validation-max_y_extension2-accuracy=0.000000
2023-11-08 14:38:03,799 [INFO]  Epoch[3] Batch [0-4]	Speed: 17104.34 samples/sec	cross-entropy=9.640500	max_y_extension2-accuracy=0.000000
2023-11-08 14:38:03,802 [INFO]  Epoch[3] Train-cross-entropy=7.049949
2023-11-08 14:38:03,802 [INFO]  Epoch[3] Train-max_y_extension2-accuracy=0.000000
2023-11-08 14:38:03,803 [INFO]  Epoch[3] Time cost=0.008
2023-11-08 14:38:03,804 [INFO]  Saved checkpoint to "./imputer_model/imputer_model_max_y_extension2/model-0003.params"
2023-11-08 14:38:03,804 [INFO]  Epoch[3] Validation-cross-entropy=6.457311
2023-11-08 14:38:03,804 [INFO]  Epoch[3] Validation-max_y_extension2-accuracy=0.000000
2023-11-08 14:38:03,809 [INFO]  Epoch[4] Batch [0-4]	Speed: 17313.95 samples/sec	cross-entropy=2.424395	max_y_extension2-accuracy=0.000000
2023-11-08 14:38:03,812 [INFO]  Epoch[4] Train-cross-entropy=1.825065
2023-11-08 14:38:03,812 [INFO]  Epoch[4] Train-max_y_extension2-accuracy=0.000000
2023-11-08 14:38:03,812 [INFO]  Epoch[4] Time cost=0.008
2023-11-08 14:38:03,814 [INFO]  Saved checkpoint to "./imputer_model/imputer_model_max_y_extension2/model-0004.params"
2023-11-08 14:38:03,814 [INFO]  Epoch[4] Validation-cross-entropy=8.112088
2023-11-08 14:38:03,814 [INFO]  Epoch[4] Validation-max_y_extension2-accuracy=0.000000
2023-11-08 14:38:03,814 [INFO]  
========== done (0.054773807525634766 s) fit model
2023-11-08 14:52:09,966 [INFO]  
========== start: fit model
2023-11-08 14:52:09,966 [WARNING]  Already bound, ignoring bind()
2023-11-08 14:52:09,973 [INFO]  Epoch[0] Batch [0-4]	Speed: 13859.74 samples/sec	cross-entropy=29.672525	max_y_extension2-accuracy=3.400000
2023-11-08 14:52:09,978 [INFO]  Epoch[0] Train-cross-entropy=22.086561
2023-11-08 14:52:09,978 [INFO]  Epoch[0] Train-max_y_extension2-accuracy=3.125000
2023-11-08 14:52:09,979 [INFO]  Epoch[0] Time cost=0.012
2023-11-08 14:52:09,982 [INFO]  Saved checkpoint to "./imputer_model/imputer_model_max_y_extension2/model-0000.params"
2023-11-08 14:52:09,983 [INFO]  Epoch[0] Validation-cross-entropy=20.851715
2023-11-08 14:52:09,983 [INFO]  Epoch[0] Validation-max_y_extension2-accuracy=0.000000
2023-11-08 14:52:09,991 [INFO]  Epoch[1] Batch [0-4]	Speed: 11244.78 samples/sec	cross-entropy=37.878329	max_y_extension2-accuracy=3.400000
2023-11-08 14:52:09,995 [INFO]  Epoch[1] Train-cross-entropy=29.917352
2023-11-08 14:52:09,995 [INFO]  Epoch[1] Train-max_y_extension2-accuracy=3.125000
2023-11-08 14:52:09,995 [INFO]  Epoch[1] Time cost=0.012
2023-11-08 14:52:09,997 [INFO]  Saved checkpoint to "./imputer_model/imputer_model_max_y_extension2/model-0001.params"
2023-11-08 14:52:09,998 [INFO]  Epoch[1] Validation-cross-entropy=18.198505
2023-11-08 14:52:09,998 [INFO]  Epoch[1] Validation-max_y_extension2-accuracy=0.000000
2023-11-08 14:52:10,004 [INFO]  Epoch[2] Batch [0-4]	Speed: 13510.95 samples/sec	cross-entropy=12.899946	max_y_extension2-accuracy=3.400000
2023-11-08 14:52:10,008 [INFO]  Epoch[2] Train-cross-entropy=13.052948
2023-11-08 14:52:10,008 [INFO]  Epoch[2] Train-max_y_extension2-accuracy=3.125000
2023-11-08 14:52:10,008 [INFO]  Epoch[2] Time cost=0.010
2023-11-08 14:52:10,010 [INFO]  Saved checkpoint to "./imputer_model/imputer_model_max_y_extension2/model-0002.params"
2023-11-08 14:52:10,010 [INFO]  Epoch[2] Validation-cross-entropy=18.116882
2023-11-08 14:52:10,011 [INFO]  Epoch[2] Validation-max_y_extension2-accuracy=0.000000
2023-11-08 14:52:10,016 [INFO]  Epoch[3] Batch [0-4]	Speed: 13749.70 samples/sec	cross-entropy=5.116217	max_y_extension2-accuracy=3.400000
2023-11-08 14:52:10,020 [INFO]  Epoch[3] Train-cross-entropy=6.761054
2023-11-08 14:52:10,020 [INFO]  Epoch[3] Train-max_y_extension2-accuracy=3.125000
2023-11-08 14:52:10,020 [INFO]  Epoch[3] Time cost=0.010
2023-11-08 14:52:10,022 [INFO]  Saved checkpoint to "./imputer_model/imputer_model_max_y_extension2/model-0003.params"
2023-11-08 14:52:10,022 [INFO]  Epoch[3] Validation-cross-entropy=7.833952
2023-11-08 14:52:10,022 [INFO]  Epoch[3] Validation-max_y_extension2-accuracy=0.000000
2023-11-08 14:52:10,028 [INFO]  Epoch[4] Batch [0-4]	Speed: 14207.44 samples/sec	cross-entropy=2.482743	max_y_extension2-accuracy=3.400000
2023-11-08 14:52:10,032 [INFO]  Epoch[4] Train-cross-entropy=2.488070
2023-11-08 14:52:10,032 [INFO]  Epoch[4] Train-max_y_extension2-accuracy=3.125000
2023-11-08 14:52:10,032 [INFO]  Epoch[4] Time cost=0.009
2023-11-08 14:52:10,033 [INFO]  Saved checkpoint to "./imputer_model/imputer_model_max_y_extension2/model-0004.params"
2023-11-08 14:52:10,034 [INFO]  Epoch[4] Validation-cross-entropy=12.913757
2023-11-08 14:52:10,034 [INFO]  Epoch[4] Validation-max_y_extension2-accuracy=0.000000
2023-11-08 14:52:10,034 [INFO]  
========== done (0.06776785850524902 s) fit model
