2023-11-08 12:44:54,730 [INFO]  
========== start: fit model
2023-11-08 12:44:54,733 [WARNING]  Already bound, ignoring bind()
2023-11-08 12:44:54,797 [INFO]  Epoch[0] Batch [0-4]	Speed: 6424.67 samples/sec	cross-entropy=18.301618	mean_speed_on_paper16-accuracy=0.000000
2023-11-08 12:44:55,289 [INFO]  Epoch[0] Train-cross-entropy=17.521066
2023-11-08 12:44:55,289 [INFO]  Epoch[0] Train-mean_speed_on_paper16-accuracy=0.000000
2023-11-08 12:44:55,290 [INFO]  Epoch[0] Time cost=0.555
2023-11-08 12:44:55,292 [INFO]  Saved checkpoint to "./imputer_model/imputer_model_mean_speed_on_paper16/model-0000.params"
2023-11-08 12:44:55,293 [INFO]  Epoch[0] Validation-cross-entropy=25.410507
2023-11-08 12:44:55,293 [INFO]  Epoch[0] Validation-mean_speed_on_paper16-accuracy=0.000000
2023-11-08 12:44:55,298 [INFO]  Epoch[1] Batch [0-4]	Speed: 18378.44 samples/sec	cross-entropy=39.345488	mean_speed_on_paper16-accuracy=0.000000
2023-11-08 12:44:55,301 [INFO]  Epoch[1] Train-cross-entropy=28.332059
2023-11-08 12:44:55,301 [INFO]  Epoch[1] Train-mean_speed_on_paper16-accuracy=0.000000
2023-11-08 12:44:55,301 [INFO]  Epoch[1] Time cost=0.008
2023-11-08 12:44:55,304 [INFO]  Saved checkpoint to "./imputer_model/imputer_model_mean_speed_on_paper16/model-0001.params"
2023-11-08 12:44:55,305 [INFO]  Epoch[1] Validation-cross-entropy=7.353543
2023-11-08 12:44:55,305 [INFO]  Epoch[1] Validation-mean_speed_on_paper16-accuracy=0.000000
2023-11-08 12:44:55,314 [INFO]  Epoch[2] Batch [0-4]	Speed: 8260.57 samples/sec	cross-entropy=3.943543	mean_speed_on_paper16-accuracy=0.000000
2023-11-08 12:44:55,321 [INFO]  Epoch[2] Train-cross-entropy=4.401446
2023-11-08 12:44:55,321 [INFO]  Epoch[2] Train-mean_speed_on_paper16-accuracy=0.000000
2023-11-08 12:44:55,321 [INFO]  Epoch[2] Time cost=0.016
2023-11-08 12:44:55,342 [INFO]  Saved checkpoint to "./imputer_model/imputer_model_mean_speed_on_paper16/model-0002.params"
2023-11-08 12:44:55,388 [INFO]  Epoch[2] Validation-cross-entropy=3.051252
2023-11-08 12:44:55,388 [INFO]  Epoch[2] Validation-mean_speed_on_paper16-accuracy=0.000000
2023-11-08 12:44:55,400 [INFO]  Epoch[3] Batch [0-4]	Speed: 8929.10 samples/sec	cross-entropy=3.208152	mean_speed_on_paper16-accuracy=0.000000
2023-11-08 12:44:55,405 [INFO]  Epoch[3] Train-cross-entropy=3.167515
2023-11-08 12:44:55,405 [INFO]  Epoch[3] Train-mean_speed_on_paper16-accuracy=0.000000
2023-11-08 12:44:55,405 [INFO]  Epoch[3] Time cost=0.017
2023-11-08 12:44:55,407 [INFO]  Saved checkpoint to "./imputer_model/imputer_model_mean_speed_on_paper16/model-0003.params"
2023-11-08 12:44:55,408 [INFO]  Epoch[3] Validation-cross-entropy=4.231439
2023-11-08 12:44:55,408 [INFO]  Epoch[3] Validation-mean_speed_on_paper16-accuracy=0.000000
2023-11-08 12:44:55,416 [INFO]  Epoch[4] Batch [0-4]	Speed: 11314.46 samples/sec	cross-entropy=1.466274	mean_speed_on_paper16-accuracy=0.000000
2023-11-08 12:44:55,422 [INFO]  Epoch[4] Train-cross-entropy=1.108622
2023-11-08 12:44:55,422 [INFO]  Epoch[4] Train-mean_speed_on_paper16-accuracy=0.000000
2023-11-08 12:44:55,422 [INFO]  Epoch[4] Time cost=0.014
2023-11-08 12:44:55,424 [INFO]  Saved checkpoint to "./imputer_model/imputer_model_mean_speed_on_paper16/model-0004.params"
2023-11-08 12:44:55,426 [INFO]  Epoch[4] Validation-cross-entropy=4.177812
2023-11-08 12:44:55,426 [INFO]  Epoch[4] Validation-mean_speed_on_paper16-accuracy=0.000000
2023-11-08 12:44:55,426 [INFO]  
========== done (0.6962018013000488 s) fit model
2023-11-08 13:07:44,211 [INFO]  
========== start: fit model
2023-11-08 13:07:44,230 [WARNING]  Already bound, ignoring bind()
2023-11-08 13:07:44,238 [INFO]  Epoch[0] Batch [0-4]	Speed: 13057.47 samples/sec	cross-entropy=18.946863	mean_speed_on_paper16-accuracy=0.000000
2023-11-08 13:07:44,242 [INFO]  Epoch[0] Train-cross-entropy=17.366583
2023-11-08 13:07:44,242 [INFO]  Epoch[0] Train-mean_speed_on_paper16-accuracy=0.000000
2023-11-08 13:07:44,242 [INFO]  Epoch[0] Time cost=0.011
2023-11-08 13:07:44,244 [INFO]  Saved checkpoint to "./imputer_model/imputer_model_mean_speed_on_paper16/model-0000.params"
2023-11-08 13:07:44,244 [INFO]  Epoch[0] Validation-cross-entropy=15.529641
2023-11-08 13:07:44,244 [INFO]  Epoch[0] Validation-mean_speed_on_paper16-accuracy=0.000000
2023-11-08 13:07:44,251 [INFO]  Epoch[1] Batch [0-4]	Speed: 13090.58 samples/sec	cross-entropy=32.976323	mean_speed_on_paper16-accuracy=0.000000
2023-11-08 13:07:44,255 [INFO]  Epoch[1] Train-cross-entropy=25.060043
2023-11-08 13:07:44,255 [INFO]  Epoch[1] Train-mean_speed_on_paper16-accuracy=0.000000
2023-11-08 13:07:44,255 [INFO]  Epoch[1] Time cost=0.011
2023-11-08 13:07:44,257 [INFO]  Saved checkpoint to "./imputer_model/imputer_model_mean_speed_on_paper16/model-0001.params"
2023-11-08 13:07:44,258 [INFO]  Epoch[1] Validation-cross-entropy=9.161344
2023-11-08 13:07:44,258 [INFO]  Epoch[1] Validation-mean_speed_on_paper16-accuracy=0.000000
2023-11-08 13:07:44,266 [INFO]  Epoch[2] Batch [0-4]	Speed: 10653.89 samples/sec	cross-entropy=4.720673	mean_speed_on_paper16-accuracy=0.000000
2023-11-08 13:07:44,270 [INFO]  Epoch[2] Train-cross-entropy=3.987057
2023-11-08 13:07:44,271 [INFO]  Epoch[2] Train-mean_speed_on_paper16-accuracy=0.000000
2023-11-08 13:07:44,271 [INFO]  Epoch[2] Time cost=0.012
2023-11-08 13:07:44,273 [INFO]  Saved checkpoint to "./imputer_model/imputer_model_mean_speed_on_paper16/model-0002.params"
2023-11-08 13:07:44,274 [INFO]  Epoch[2] Validation-cross-entropy=7.432005
2023-11-08 13:07:44,274 [INFO]  Epoch[2] Validation-mean_speed_on_paper16-accuracy=0.000000
2023-11-08 13:07:44,281 [INFO]  Epoch[3] Batch [0-4]	Speed: 11809.74 samples/sec	cross-entropy=1.910982	mean_speed_on_paper16-accuracy=0.000000
2023-11-08 13:07:44,285 [INFO]  Epoch[3] Train-cross-entropy=2.170943
2023-11-08 13:07:44,285 [INFO]  Epoch[3] Train-mean_speed_on_paper16-accuracy=0.000000
2023-11-08 13:07:44,285 [INFO]  Epoch[3] Time cost=0.012
2023-11-08 13:07:44,288 [INFO]  Saved checkpoint to "./imputer_model/imputer_model_mean_speed_on_paper16/model-0003.params"
2023-11-08 13:07:44,289 [INFO]  Epoch[3] Validation-cross-entropy=9.108322
2023-11-08 13:07:44,289 [INFO]  Epoch[3] Validation-mean_speed_on_paper16-accuracy=0.000000
2023-11-08 13:07:44,295 [INFO]  Epoch[4] Batch [0-4]	Speed: 12656.08 samples/sec	cross-entropy=0.961151	mean_speed_on_paper16-accuracy=0.000000
2023-11-08 13:07:44,299 [INFO]  Epoch[4] Train-cross-entropy=1.290703
2023-11-08 13:07:44,299 [INFO]  Epoch[4] Train-mean_speed_on_paper16-accuracy=0.000000
2023-11-08 13:07:44,299 [INFO]  Epoch[4] Time cost=0.010
2023-11-08 13:07:44,301 [INFO]  Saved checkpoint to "./imputer_model/imputer_model_mean_speed_on_paper16/model-0004.params"
2023-11-08 13:07:44,302 [INFO]  Epoch[4] Validation-cross-entropy=9.893254
2023-11-08 13:07:44,302 [INFO]  Epoch[4] Validation-mean_speed_on_paper16-accuracy=0.000000
2023-11-08 13:07:44,302 [INFO]  
========== done (0.09047961235046387 s) fit model
2023-11-08 13:21:09,125 [INFO]  
========== start: fit model
2023-11-08 13:21:09,125 [WARNING]  Already bound, ignoring bind()
2023-11-08 13:21:09,132 [INFO]  Epoch[0] Batch [0-4]	Speed: 14053.48 samples/sec	cross-entropy=22.289639	mean_speed_on_paper16-accuracy=0.000000
2023-11-08 13:21:09,136 [INFO]  Epoch[0] Train-cross-entropy=20.545872
2023-11-08 13:21:09,136 [INFO]  Epoch[0] Train-mean_speed_on_paper16-accuracy=0.000000
2023-11-08 13:21:09,136 [INFO]  Epoch[0] Time cost=0.010
2023-11-08 13:21:09,137 [INFO]  Saved checkpoint to "./imputer_model/imputer_model_mean_speed_on_paper16/model-0000.params"
2023-11-08 13:21:09,138 [INFO]  Epoch[0] Validation-cross-entropy=13.153463
2023-11-08 13:21:09,138 [INFO]  Epoch[0] Validation-mean_speed_on_paper16-accuracy=0.000000
2023-11-08 13:21:09,145 [INFO]  Epoch[1] Batch [0-4]	Speed: 11009.12 samples/sec	cross-entropy=42.473637	mean_speed_on_paper16-accuracy=0.000000
2023-11-08 13:21:09,150 [INFO]  Epoch[1] Train-cross-entropy=33.202314
2023-11-08 13:21:09,150 [INFO]  Epoch[1] Train-mean_speed_on_paper16-accuracy=0.000000
2023-11-08 13:21:09,150 [INFO]  Epoch[1] Time cost=0.012
2023-11-08 13:21:09,153 [INFO]  Saved checkpoint to "./imputer_model/imputer_model_mean_speed_on_paper16/model-0001.params"
2023-11-08 13:21:09,154 [INFO]  Epoch[1] Validation-cross-entropy=3.445659
2023-11-08 13:21:09,154 [INFO]  Epoch[1] Validation-mean_speed_on_paper16-accuracy=0.000000
2023-11-08 13:21:09,160 [INFO]  Epoch[2] Batch [0-4]	Speed: 15229.52 samples/sec	cross-entropy=5.956385	mean_speed_on_paper16-accuracy=0.000000
2023-11-08 13:21:09,164 [INFO]  Epoch[2] Train-cross-entropy=4.871570
2023-11-08 13:21:09,164 [INFO]  Epoch[2] Train-mean_speed_on_paper16-accuracy=0.000000
2023-11-08 13:21:09,164 [INFO]  Epoch[2] Time cost=0.010
2023-11-08 13:21:09,166 [INFO]  Saved checkpoint to "./imputer_model/imputer_model_mean_speed_on_paper16/model-0002.params"
2023-11-08 13:21:09,167 [INFO]  Epoch[2] Validation-cross-entropy=4.855870
2023-11-08 13:21:09,167 [INFO]  Epoch[2] Validation-mean_speed_on_paper16-accuracy=0.000000
2023-11-08 13:21:09,174 [INFO]  Epoch[3] Batch [0-4]	Speed: 11854.07 samples/sec	cross-entropy=4.126127	mean_speed_on_paper16-accuracy=0.000000
2023-11-08 13:21:09,178 [INFO]  Epoch[3] Train-cross-entropy=3.442095
2023-11-08 13:21:09,178 [INFO]  Epoch[3] Train-mean_speed_on_paper16-accuracy=0.000000
2023-11-08 13:21:09,178 [INFO]  Epoch[3] Time cost=0.011
2023-11-08 13:21:09,180 [INFO]  Saved checkpoint to "./imputer_model/imputer_model_mean_speed_on_paper16/model-0003.params"
2023-11-08 13:21:09,181 [INFO]  Epoch[3] Validation-cross-entropy=6.489862
2023-11-08 13:21:09,181 [INFO]  Epoch[3] Validation-mean_speed_on_paper16-accuracy=0.000000
2023-11-08 13:21:09,187 [INFO]  Epoch[4] Batch [0-4]	Speed: 12684.79 samples/sec	cross-entropy=1.427501	mean_speed_on_paper16-accuracy=0.000000
2023-11-08 13:21:09,191 [INFO]  Epoch[4] Train-cross-entropy=1.173286
2023-11-08 13:21:09,191 [INFO]  Epoch[4] Train-mean_speed_on_paper16-accuracy=0.000000
2023-11-08 13:21:09,191 [INFO]  Epoch[4] Time cost=0.010
2023-11-08 13:21:09,193 [INFO]  Saved checkpoint to "./imputer_model/imputer_model_mean_speed_on_paper16/model-0004.params"
2023-11-08 13:21:09,193 [INFO]  Epoch[4] Validation-cross-entropy=3.842242
2023-11-08 13:21:09,193 [INFO]  Epoch[4] Validation-mean_speed_on_paper16-accuracy=0.000000
2023-11-08 13:21:09,193 [INFO]  
========== done (0.0680534839630127 s) fit model
2023-11-08 13:34:29,561 [INFO]  
========== start: fit model
2023-11-08 13:34:29,561 [WARNING]  Already bound, ignoring bind()
2023-11-08 13:34:29,570 [INFO]  Epoch[0] Batch [0-4]	Speed: 10410.53 samples/sec	cross-entropy=18.692889	mean_speed_on_paper16-accuracy=0.000000
2023-11-08 13:34:29,575 [INFO]  Epoch[0] Train-cross-entropy=19.595032
2023-11-08 13:34:29,575 [INFO]  Epoch[0] Train-mean_speed_on_paper16-accuracy=0.000000
2023-11-08 13:34:29,575 [INFO]  Epoch[0] Time cost=0.013
2023-11-08 13:34:29,578 [INFO]  Saved checkpoint to "./imputer_model/imputer_model_mean_speed_on_paper16/model-0000.params"
2023-11-08 13:34:29,579 [INFO]  Epoch[0] Validation-cross-entropy=30.564512
2023-11-08 13:34:29,579 [INFO]  Epoch[0] Validation-mean_speed_on_paper16-accuracy=0.000000
2023-11-08 13:34:29,584 [INFO]  Epoch[1] Batch [0-4]	Speed: 15045.99 samples/sec	cross-entropy=37.516041	mean_speed_on_paper16-accuracy=0.000000
2023-11-08 13:34:29,587 [INFO]  Epoch[1] Train-cross-entropy=31.510891
2023-11-08 13:34:29,587 [INFO]  Epoch[1] Train-mean_speed_on_paper16-accuracy=0.000000
2023-11-08 13:34:29,587 [INFO]  Epoch[1] Time cost=0.009
2023-11-08 13:34:29,589 [INFO]  Saved checkpoint to "./imputer_model/imputer_model_mean_speed_on_paper16/model-0001.params"
2023-11-08 13:34:29,590 [INFO]  Epoch[1] Validation-cross-entropy=32.014011
2023-11-08 13:34:29,590 [INFO]  Epoch[1] Validation-mean_speed_on_paper16-accuracy=0.000000
2023-11-08 13:34:29,594 [INFO]  Epoch[2] Batch [0-4]	Speed: 20374.61 samples/sec	cross-entropy=9.638426	mean_speed_on_paper16-accuracy=0.000000
2023-11-08 13:34:29,597 [INFO]  Epoch[2] Train-cross-entropy=16.516938
2023-11-08 13:34:29,597 [INFO]  Epoch[2] Train-mean_speed_on_paper16-accuracy=0.000000
2023-11-08 13:34:29,597 [INFO]  Epoch[2] Time cost=0.007
2023-11-08 13:34:29,598 [INFO]  Saved checkpoint to "./imputer_model/imputer_model_mean_speed_on_paper16/model-0002.params"
2023-11-08 13:34:29,598 [INFO]  Epoch[2] Validation-cross-entropy=39.884647
2023-11-08 13:34:29,598 [INFO]  Epoch[2] Validation-mean_speed_on_paper16-accuracy=0.000000
2023-11-08 13:34:29,604 [INFO]  Epoch[3] Batch [0-4]	Speed: 15391.06 samples/sec	cross-entropy=6.192280	mean_speed_on_paper16-accuracy=0.000000
2023-11-08 13:34:29,608 [INFO]  Epoch[3] Train-cross-entropy=6.399052
2023-11-08 13:34:29,608 [INFO]  Epoch[3] Train-mean_speed_on_paper16-accuracy=0.000000
2023-11-08 13:34:29,608 [INFO]  Epoch[3] Time cost=0.009
2023-11-08 13:34:29,610 [INFO]  Saved checkpoint to "./imputer_model/imputer_model_mean_speed_on_paper16/model-0003.params"
2023-11-08 13:34:29,610 [INFO]  Epoch[3] Validation-cross-entropy=31.151541
2023-11-08 13:34:29,610 [INFO]  Epoch[3] Validation-mean_speed_on_paper16-accuracy=0.000000
2023-11-08 13:34:29,617 [INFO]  Epoch[4] Batch [0-4]	Speed: 12851.18 samples/sec	cross-entropy=2.941663	mean_speed_on_paper16-accuracy=0.000000
2023-11-08 13:34:29,621 [INFO]  Epoch[4] Train-cross-entropy=2.579111
2023-11-08 13:34:29,621 [INFO]  Epoch[4] Train-mean_speed_on_paper16-accuracy=0.000000
2023-11-08 13:34:29,621 [INFO]  Epoch[4] Time cost=0.010
2023-11-08 13:34:29,622 [INFO]  Saved checkpoint to "./imputer_model/imputer_model_mean_speed_on_paper16/model-0004.params"
2023-11-08 13:34:29,623 [INFO]  Epoch[4] Validation-cross-entropy=35.567848
2023-11-08 13:34:29,623 [INFO]  Epoch[4] Validation-mean_speed_on_paper16-accuracy=0.000000
2023-11-08 13:34:29,623 [INFO]  
========== done (0.0618281364440918 s) fit model
2023-11-08 13:47:49,618 [INFO]  
========== start: fit model
2023-11-08 13:47:49,618 [WARNING]  Already bound, ignoring bind()
2023-11-08 13:47:49,625 [INFO]  Epoch[0] Batch [0-4]	Speed: 14227.02 samples/sec	cross-entropy=15.218564	mean_speed_on_paper16-accuracy=0.000000
2023-11-08 13:47:49,628 [INFO]  Epoch[0] Train-cross-entropy=16.206926
2023-11-08 13:47:49,628 [INFO]  Epoch[0] Train-mean_speed_on_paper16-accuracy=0.000000
2023-11-08 13:47:49,628 [INFO]  Epoch[0] Time cost=0.010
2023-11-08 13:47:49,630 [INFO]  Saved checkpoint to "./imputer_model/imputer_model_mean_speed_on_paper16/model-0000.params"
2023-11-08 13:47:49,630 [INFO]  Epoch[0] Validation-cross-entropy=10.224140
2023-11-08 13:47:49,630 [INFO]  Epoch[0] Validation-mean_speed_on_paper16-accuracy=0.000000
2023-11-08 13:47:49,635 [INFO]  Epoch[1] Batch [0-4]	Speed: 15984.01 samples/sec	cross-entropy=39.091257	mean_speed_on_paper16-accuracy=0.000000
2023-11-08 13:47:49,638 [INFO]  Epoch[1] Train-cross-entropy=32.714441
2023-11-08 13:47:49,638 [INFO]  Epoch[1] Train-mean_speed_on_paper16-accuracy=0.000000
2023-11-08 13:47:49,638 [INFO]  Epoch[1] Time cost=0.008
2023-11-08 13:47:49,640 [INFO]  Saved checkpoint to "./imputer_model/imputer_model_mean_speed_on_paper16/model-0001.params"
2023-11-08 13:47:49,640 [INFO]  Epoch[1] Validation-cross-entropy=4.347754
2023-11-08 13:47:49,640 [INFO]  Epoch[1] Validation-mean_speed_on_paper16-accuracy=0.000000
2023-11-08 13:47:49,645 [INFO]  Epoch[2] Batch [0-4]	Speed: 17535.63 samples/sec	cross-entropy=19.655496	mean_speed_on_paper16-accuracy=0.000000
2023-11-08 13:47:49,648 [INFO]  Epoch[2] Train-cross-entropy=15.660286
2023-11-08 13:47:49,648 [INFO]  Epoch[2] Train-mean_speed_on_paper16-accuracy=0.000000
2023-11-08 13:47:49,648 [INFO]  Epoch[2] Time cost=0.008
2023-11-08 13:47:49,649 [INFO]  Saved checkpoint to "./imputer_model/imputer_model_mean_speed_on_paper16/model-0002.params"
2023-11-08 13:47:49,650 [INFO]  Epoch[2] Validation-cross-entropy=5.119714
2023-11-08 13:47:49,650 [INFO]  Epoch[2] Validation-mean_speed_on_paper16-accuracy=0.000000
2023-11-08 13:47:49,654 [INFO]  Epoch[3] Batch [0-4]	Speed: 17678.84 samples/sec	cross-entropy=5.530662	mean_speed_on_paper16-accuracy=0.000000
2023-11-08 13:47:49,657 [INFO]  Epoch[3] Train-cross-entropy=6.148913
2023-11-08 13:47:49,657 [INFO]  Epoch[3] Train-mean_speed_on_paper16-accuracy=0.000000
2023-11-08 13:47:49,657 [INFO]  Epoch[3] Time cost=0.008
2023-11-08 13:47:49,658 [INFO]  Saved checkpoint to "./imputer_model/imputer_model_mean_speed_on_paper16/model-0003.params"
2023-11-08 13:47:49,659 [INFO]  Epoch[3] Validation-cross-entropy=4.443558
2023-11-08 13:47:49,659 [INFO]  Epoch[3] Validation-mean_speed_on_paper16-accuracy=0.000000
2023-11-08 13:47:49,664 [INFO]  Epoch[4] Batch [0-4]	Speed: 16261.92 samples/sec	cross-entropy=1.261562	mean_speed_on_paper16-accuracy=0.000000
2023-11-08 13:47:49,667 [INFO]  Epoch[4] Train-cross-entropy=1.484867
2023-11-08 13:47:49,667 [INFO]  Epoch[4] Train-mean_speed_on_paper16-accuracy=0.000000
2023-11-08 13:47:49,667 [INFO]  Epoch[4] Time cost=0.008
2023-11-08 13:47:49,668 [INFO]  Saved checkpoint to "./imputer_model/imputer_model_mean_speed_on_paper16/model-0004.params"
2023-11-08 13:47:49,669 [INFO]  Epoch[4] Validation-cross-entropy=4.141603
2023-11-08 13:47:49,669 [INFO]  Epoch[4] Validation-mean_speed_on_paper16-accuracy=0.000000
2023-11-08 13:47:49,669 [INFO]  
========== done (0.05093693733215332 s) fit model
2023-11-08 14:01:12,343 [INFO]  
========== start: fit model
2023-11-08 14:01:12,343 [WARNING]  Already bound, ignoring bind()
2023-11-08 14:01:12,350 [INFO]  Epoch[0] Batch [0-4]	Speed: 13804.15 samples/sec	cross-entropy=21.083352	mean_speed_on_paper16-accuracy=0.000000
2023-11-08 14:01:12,354 [INFO]  Epoch[0] Train-cross-entropy=16.484307
2023-11-08 14:01:12,354 [INFO]  Epoch[0] Train-mean_speed_on_paper16-accuracy=0.000000
2023-11-08 14:01:12,354 [INFO]  Epoch[0] Time cost=0.010
2023-11-08 14:01:12,355 [INFO]  Saved checkpoint to "./imputer_model/imputer_model_mean_speed_on_paper16/model-0000.params"
2023-11-08 14:01:12,356 [INFO]  Epoch[0] Validation-cross-entropy=3.652689
2023-11-08 14:01:12,356 [INFO]  Epoch[0] Validation-mean_speed_on_paper16-accuracy=0.000000
2023-11-08 14:01:12,361 [INFO]  Epoch[1] Batch [0-4]	Speed: 14481.06 samples/sec	cross-entropy=33.726152	mean_speed_on_paper16-accuracy=0.000000
2023-11-08 14:01:12,366 [INFO]  Epoch[1] Train-cross-entropy=29.214905
2023-11-08 14:01:12,366 [INFO]  Epoch[1] Train-mean_speed_on_paper16-accuracy=0.000000
2023-11-08 14:01:12,366 [INFO]  Epoch[1] Time cost=0.010
2023-11-08 14:01:12,369 [INFO]  Saved checkpoint to "./imputer_model/imputer_model_mean_speed_on_paper16/model-0001.params"
2023-11-08 14:01:12,370 [INFO]  Epoch[1] Validation-cross-entropy=3.538465
2023-11-08 14:01:12,370 [INFO]  Epoch[1] Validation-mean_speed_on_paper16-accuracy=0.000000
2023-11-08 14:01:12,377 [INFO]  Epoch[2] Batch [0-4]	Speed: 11493.21 samples/sec	cross-entropy=6.152972	mean_speed_on_paper16-accuracy=0.000000
2023-11-08 14:01:12,382 [INFO]  Epoch[2] Train-cross-entropy=6.641124
2023-11-08 14:01:12,382 [INFO]  Epoch[2] Train-mean_speed_on_paper16-accuracy=0.000000
2023-11-08 14:01:12,382 [INFO]  Epoch[2] Time cost=0.012
2023-11-08 14:01:12,384 [INFO]  Saved checkpoint to "./imputer_model/imputer_model_mean_speed_on_paper16/model-0002.params"
2023-11-08 14:01:12,384 [INFO]  Epoch[2] Validation-cross-entropy=2.250778
2023-11-08 14:01:12,385 [INFO]  Epoch[2] Validation-mean_speed_on_paper16-accuracy=0.000000
2023-11-08 14:01:12,390 [INFO]  Epoch[3] Batch [0-4]	Speed: 15925.22 samples/sec	cross-entropy=7.759694	mean_speed_on_paper16-accuracy=0.000000
2023-11-08 14:01:12,393 [INFO]  Epoch[3] Train-cross-entropy=6.493806
2023-11-08 14:01:12,393 [INFO]  Epoch[3] Train-mean_speed_on_paper16-accuracy=0.000000
2023-11-08 14:01:12,393 [INFO]  Epoch[3] Time cost=0.008
2023-11-08 14:01:12,394 [INFO]  Saved checkpoint to "./imputer_model/imputer_model_mean_speed_on_paper16/model-0003.params"
2023-11-08 14:01:12,395 [INFO]  Epoch[3] Validation-cross-entropy=1.519892
2023-11-08 14:01:12,395 [INFO]  Epoch[3] Validation-mean_speed_on_paper16-accuracy=0.000000
2023-11-08 14:01:12,400 [INFO]  Epoch[4] Batch [0-4]	Speed: 15832.23 samples/sec	cross-entropy=1.128137	mean_speed_on_paper16-accuracy=0.000000
2023-11-08 14:01:12,404 [INFO]  Epoch[4] Train-cross-entropy=1.820100
2023-11-08 14:01:12,404 [INFO]  Epoch[4] Train-mean_speed_on_paper16-accuracy=0.000000
2023-11-08 14:01:12,404 [INFO]  Epoch[4] Time cost=0.009
2023-11-08 14:01:12,405 [INFO]  Saved checkpoint to "./imputer_model/imputer_model_mean_speed_on_paper16/model-0004.params"
2023-11-08 14:01:12,405 [INFO]  Epoch[4] Validation-cross-entropy=2.075444
2023-11-08 14:01:12,405 [INFO]  Epoch[4] Validation-mean_speed_on_paper16-accuracy=0.000000
2023-11-08 14:01:12,406 [INFO]  
========== done (0.0625765323638916 s) fit model
2023-11-08 14:14:37,947 [INFO]  
========== start: fit model
2023-11-08 14:14:37,947 [WARNING]  Already bound, ignoring bind()
2023-11-08 14:14:37,956 [INFO]  Epoch[0] Batch [0-4]	Speed: 10014.01 samples/sec	cross-entropy=23.211407	mean_speed_on_paper16-accuracy=3.000000
2023-11-08 14:14:37,961 [INFO]  Epoch[0] Train-cross-entropy=23.340960
2023-11-08 14:14:37,961 [INFO]  Epoch[0] Train-mean_speed_on_paper16-accuracy=2.875000
2023-11-08 14:14:37,961 [INFO]  Epoch[0] Time cost=0.014
2023-11-08 14:14:37,964 [INFO]  Saved checkpoint to "./imputer_model/imputer_model_mean_speed_on_paper16/model-0000.params"
2023-11-08 14:14:37,965 [INFO]  Epoch[0] Validation-cross-entropy=11.546241
2023-11-08 14:14:37,966 [INFO]  Epoch[0] Validation-mean_speed_on_paper16-accuracy=0.000000
2023-11-08 14:14:37,973 [INFO]  Epoch[1] Batch [0-4]	Speed: 12147.50 samples/sec	cross-entropy=39.224263	mean_speed_on_paper16-accuracy=3.000000
2023-11-08 14:14:37,977 [INFO]  Epoch[1] Train-cross-entropy=41.962488
2023-11-08 14:14:37,977 [INFO]  Epoch[1] Train-mean_speed_on_paper16-accuracy=2.875000
2023-11-08 14:14:37,977 [INFO]  Epoch[1] Time cost=0.011
2023-11-08 14:14:37,979 [INFO]  Saved checkpoint to "./imputer_model/imputer_model_mean_speed_on_paper16/model-0001.params"
2023-11-08 14:14:37,979 [INFO]  Epoch[1] Validation-cross-entropy=8.180830
2023-11-08 14:14:37,979 [INFO]  Epoch[1] Validation-mean_speed_on_paper16-accuracy=0.000000
2023-11-08 14:14:37,986 [INFO]  Epoch[2] Batch [0-4]	Speed: 13554.61 samples/sec	cross-entropy=6.042227	mean_speed_on_paper16-accuracy=3.000000
2023-11-08 14:14:37,989 [INFO]  Epoch[2] Train-cross-entropy=7.176829
2023-11-08 14:14:37,989 [INFO]  Epoch[2] Train-mean_speed_on_paper16-accuracy=2.875000
2023-11-08 14:14:37,989 [INFO]  Epoch[2] Time cost=0.010
2023-11-08 14:14:37,991 [INFO]  Saved checkpoint to "./imputer_model/imputer_model_mean_speed_on_paper16/model-0002.params"
2023-11-08 14:14:37,991 [INFO]  Epoch[2] Validation-cross-entropy=11.538967
2023-11-08 14:14:37,992 [INFO]  Epoch[2] Validation-mean_speed_on_paper16-accuracy=0.000000
2023-11-08 14:14:37,998 [INFO]  Epoch[3] Batch [0-4]	Speed: 13904.25 samples/sec	cross-entropy=3.896710	mean_speed_on_paper16-accuracy=3.000000
2023-11-08 14:14:38,002 [INFO]  Epoch[3] Train-cross-entropy=3.576842
2023-11-08 14:14:38,002 [INFO]  Epoch[3] Train-mean_speed_on_paper16-accuracy=2.875000
2023-11-08 14:14:38,002 [INFO]  Epoch[3] Time cost=0.011
2023-11-08 14:14:38,006 [INFO]  Saved checkpoint to "./imputer_model/imputer_model_mean_speed_on_paper16/model-0003.params"
2023-11-08 14:14:38,007 [INFO]  Epoch[3] Validation-cross-entropy=4.174703
2023-11-08 14:14:38,007 [INFO]  Epoch[3] Validation-mean_speed_on_paper16-accuracy=0.000000
2023-11-08 14:14:38,015 [INFO]  Epoch[4] Batch [0-4]	Speed: 10183.05 samples/sec	cross-entropy=1.569772	mean_speed_on_paper16-accuracy=3.000000
2023-11-08 14:14:38,020 [INFO]  Epoch[4] Train-cross-entropy=1.414591
2023-11-08 14:14:38,020 [INFO]  Epoch[4] Train-mean_speed_on_paper16-accuracy=2.875000
2023-11-08 14:14:38,020 [INFO]  Epoch[4] Time cost=0.013
2023-11-08 14:14:38,022 [INFO]  Saved checkpoint to "./imputer_model/imputer_model_mean_speed_on_paper16/model-0004.params"
2023-11-08 14:14:38,023 [INFO]  Epoch[4] Validation-cross-entropy=3.481469
2023-11-08 14:14:38,023 [INFO]  Epoch[4] Validation-mean_speed_on_paper16-accuracy=0.000000
2023-11-08 14:14:38,023 [INFO]  
========== done (0.07613372802734375 s) fit model
2023-11-08 14:28:14,511 [INFO]  
========== start: fit model
2023-11-08 14:28:14,511 [WARNING]  Already bound, ignoring bind()
2023-11-08 14:28:14,520 [INFO]  Epoch[0] Batch [0-4]	Speed: 10850.26 samples/sec	cross-entropy=16.139628	mean_speed_on_paper16-accuracy=0.000000
2023-11-08 14:28:14,524 [INFO]  Epoch[0] Train-cross-entropy=17.285133
2023-11-08 14:28:14,525 [INFO]  Epoch[0] Train-mean_speed_on_paper16-accuracy=0.000000
2023-11-08 14:28:14,525 [INFO]  Epoch[0] Time cost=0.013
2023-11-08 14:28:14,528 [INFO]  Saved checkpoint to "./imputer_model/imputer_model_mean_speed_on_paper16/model-0000.params"
2023-11-08 14:28:14,528 [INFO]  Epoch[0] Validation-cross-entropy=63.522465
2023-11-08 14:28:14,528 [INFO]  Epoch[0] Validation-mean_speed_on_paper16-accuracy=0.000000
2023-11-08 14:28:14,534 [INFO]  Epoch[1] Batch [0-4]	Speed: 15449.52 samples/sec	cross-entropy=34.523736	mean_speed_on_paper16-accuracy=0.000000
2023-11-08 14:28:14,537 [INFO]  Epoch[1] Train-cross-entropy=25.670527
2023-11-08 14:28:14,537 [INFO]  Epoch[1] Train-mean_speed_on_paper16-accuracy=0.000000
2023-11-08 14:28:14,537 [INFO]  Epoch[1] Time cost=0.009
2023-11-08 14:28:14,539 [INFO]  Saved checkpoint to "./imputer_model/imputer_model_mean_speed_on_paper16/model-0001.params"
2023-11-08 14:28:14,539 [INFO]  Epoch[1] Validation-cross-entropy=25.556448
2023-11-08 14:28:14,539 [INFO]  Epoch[1] Validation-mean_speed_on_paper16-accuracy=0.000000
2023-11-08 14:28:14,543 [INFO]  Epoch[2] Batch [0-4]	Speed: 20513.18 samples/sec	cross-entropy=3.194060	mean_speed_on_paper16-accuracy=0.000000
2023-11-08 14:28:14,546 [INFO]  Epoch[2] Train-cross-entropy=2.593085
2023-11-08 14:28:14,546 [INFO]  Epoch[2] Train-mean_speed_on_paper16-accuracy=0.000000
2023-11-08 14:28:14,546 [INFO]  Epoch[2] Time cost=0.007
2023-11-08 14:28:14,547 [INFO]  Saved checkpoint to "./imputer_model/imputer_model_mean_speed_on_paper16/model-0002.params"
2023-11-08 14:28:14,548 [INFO]  Epoch[2] Validation-cross-entropy=42.090675
2023-11-08 14:28:14,548 [INFO]  Epoch[2] Validation-mean_speed_on_paper16-accuracy=0.000000
2023-11-08 14:28:14,552 [INFO]  Epoch[3] Batch [0-4]	Speed: 19350.88 samples/sec	cross-entropy=3.947002	mean_speed_on_paper16-accuracy=0.000000
2023-11-08 14:28:14,555 [INFO]  Epoch[3] Train-cross-entropy=2.956235
2023-11-08 14:28:14,555 [INFO]  Epoch[3] Train-mean_speed_on_paper16-accuracy=0.000000
2023-11-08 14:28:14,555 [INFO]  Epoch[3] Time cost=0.007
2023-11-08 14:28:14,556 [INFO]  Saved checkpoint to "./imputer_model/imputer_model_mean_speed_on_paper16/model-0003.params"
2023-11-08 14:28:14,557 [INFO]  Epoch[3] Validation-cross-entropy=37.587341
2023-11-08 14:28:14,557 [INFO]  Epoch[3] Validation-mean_speed_on_paper16-accuracy=0.000000
2023-11-08 14:28:14,563 [INFO]  Epoch[4] Batch [0-4]	Speed: 15073.02 samples/sec	cross-entropy=1.589023	mean_speed_on_paper16-accuracy=0.000000
2023-11-08 14:28:14,566 [INFO]  Epoch[4] Train-cross-entropy=1.215053
2023-11-08 14:28:14,566 [INFO]  Epoch[4] Train-mean_speed_on_paper16-accuracy=0.000000
2023-11-08 14:28:14,566 [INFO]  Epoch[4] Time cost=0.009
2023-11-08 14:28:14,568 [INFO]  Saved checkpoint to "./imputer_model/imputer_model_mean_speed_on_paper16/model-0004.params"
2023-11-08 14:28:14,569 [INFO]  Epoch[4] Validation-cross-entropy=42.854244
2023-11-08 14:28:14,569 [INFO]  Epoch[4] Validation-mean_speed_on_paper16-accuracy=0.000000
2023-11-08 14:28:14,569 [INFO]  
========== done (0.05798697471618652 s) fit model
2023-11-08 14:42:18,156 [INFO]  
========== start: fit model
2023-11-08 14:42:18,156 [WARNING]  Already bound, ignoring bind()
2023-11-08 14:42:18,166 [INFO]  Epoch[0] Batch [0-4]	Speed: 9621.00 samples/sec	cross-entropy=14.842057	mean_speed_on_paper16-accuracy=2.000000
2023-11-08 14:42:18,170 [INFO]  Epoch[0] Train-cross-entropy=18.288640
2023-11-08 14:42:18,171 [INFO]  Epoch[0] Train-mean_speed_on_paper16-accuracy=2.500000
2023-11-08 14:42:18,171 [INFO]  Epoch[0] Time cost=0.014
2023-11-08 14:42:18,174 [INFO]  Saved checkpoint to "./imputer_model/imputer_model_mean_speed_on_paper16/model-0000.params"
2023-11-08 14:42:18,175 [INFO]  Epoch[0] Validation-cross-entropy=17.064487
2023-11-08 14:42:18,175 [INFO]  Epoch[0] Validation-mean_speed_on_paper16-accuracy=0.000000
2023-11-08 14:42:18,182 [INFO]  Epoch[1] Batch [0-4]	Speed: 12263.49 samples/sec	cross-entropy=57.620954	mean_speed_on_paper16-accuracy=2.000000
2023-11-08 14:42:18,187 [INFO]  Epoch[1] Train-cross-entropy=48.472856
2023-11-08 14:42:18,187 [INFO]  Epoch[1] Train-mean_speed_on_paper16-accuracy=2.500000
2023-11-08 14:42:18,187 [INFO]  Epoch[1] Time cost=0.012
2023-11-08 14:42:18,190 [INFO]  Saved checkpoint to "./imputer_model/imputer_model_mean_speed_on_paper16/model-0001.params"
2023-11-08 14:42:18,190 [INFO]  Epoch[1] Validation-cross-entropy=9.998176
2023-11-08 14:42:18,190 [INFO]  Epoch[1] Validation-mean_speed_on_paper16-accuracy=0.000000
2023-11-08 14:42:18,197 [INFO]  Epoch[2] Batch [0-4]	Speed: 13391.64 samples/sec	cross-entropy=10.155266	mean_speed_on_paper16-accuracy=2.000000
2023-11-08 14:42:18,200 [INFO]  Epoch[2] Train-cross-entropy=10.416007
2023-11-08 14:42:18,200 [INFO]  Epoch[2] Train-mean_speed_on_paper16-accuracy=2.500000
2023-11-08 14:42:18,200 [INFO]  Epoch[2] Time cost=0.010
2023-11-08 14:42:18,202 [INFO]  Saved checkpoint to "./imputer_model/imputer_model_mean_speed_on_paper16/model-0002.params"
2023-11-08 14:42:18,203 [INFO]  Epoch[2] Validation-cross-entropy=9.626444
2023-11-08 14:42:18,203 [INFO]  Epoch[2] Validation-mean_speed_on_paper16-accuracy=0.000000
2023-11-08 14:42:18,213 [INFO]  Epoch[3] Batch [0-4]	Speed: 11787.96 samples/sec	cross-entropy=2.649054	mean_speed_on_paper16-accuracy=2.000000
2023-11-08 14:42:18,217 [INFO]  Epoch[3] Train-cross-entropy=2.775376
2023-11-08 14:42:18,217 [INFO]  Epoch[3] Train-mean_speed_on_paper16-accuracy=2.500000
2023-11-08 14:42:18,217 [INFO]  Epoch[3] Time cost=0.014
2023-11-08 14:42:18,219 [INFO]  Saved checkpoint to "./imputer_model/imputer_model_mean_speed_on_paper16/model-0003.params"
2023-11-08 14:42:18,220 [INFO]  Epoch[3] Validation-cross-entropy=4.465723
2023-11-08 14:42:18,220 [INFO]  Epoch[3] Validation-mean_speed_on_paper16-accuracy=0.000000
2023-11-08 14:42:18,226 [INFO]  Epoch[4] Batch [0-4]	Speed: 12815.60 samples/sec	cross-entropy=2.432823	mean_speed_on_paper16-accuracy=2.000000
2023-11-08 14:42:18,230 [INFO]  Epoch[4] Train-cross-entropy=1.934662
2023-11-08 14:42:18,231 [INFO]  Epoch[4] Train-mean_speed_on_paper16-accuracy=2.500000
2023-11-08 14:42:18,231 [INFO]  Epoch[4] Time cost=0.011
2023-11-08 14:42:18,233 [INFO]  Saved checkpoint to "./imputer_model/imputer_model_mean_speed_on_paper16/model-0004.params"
2023-11-08 14:42:18,233 [INFO]  Epoch[4] Validation-cross-entropy=5.024448
2023-11-08 14:42:18,234 [INFO]  Epoch[4] Validation-mean_speed_on_paper16-accuracy=0.000000
2023-11-08 14:42:18,234 [INFO]  
========== done (0.07727217674255371 s) fit model
2023-11-08 14:56:23,085 [INFO]  
========== start: fit model
2023-11-08 14:56:23,085 [WARNING]  Already bound, ignoring bind()
2023-11-08 14:56:23,092 [INFO]  Epoch[0] Batch [0-4]	Speed: 14130.41 samples/sec	cross-entropy=23.471424	mean_speed_on_paper16-accuracy=2.600000
2023-11-08 14:56:23,096 [INFO]  Epoch[0] Train-cross-entropy=22.045083
2023-11-08 14:56:23,096 [INFO]  Epoch[0] Train-mean_speed_on_paper16-accuracy=2.750000
2023-11-08 14:56:23,096 [INFO]  Epoch[0] Time cost=0.010
2023-11-08 14:56:23,097 [INFO]  Saved checkpoint to "./imputer_model/imputer_model_mean_speed_on_paper16/model-0000.params"
2023-11-08 14:56:23,097 [INFO]  Epoch[0] Validation-cross-entropy=9.213364
2023-11-08 14:56:23,098 [INFO]  Epoch[0] Validation-mean_speed_on_paper16-accuracy=0.000000
2023-11-08 14:56:23,105 [INFO]  Epoch[1] Batch [0-4]	Speed: 10178.42 samples/sec	cross-entropy=34.480237	mean_speed_on_paper16-accuracy=2.600000
2023-11-08 14:56:23,110 [INFO]  Epoch[1] Train-cross-entropy=25.097980
2023-11-08 14:56:23,111 [INFO]  Epoch[1] Train-mean_speed_on_paper16-accuracy=2.750000
2023-11-08 14:56:23,111 [INFO]  Epoch[1] Time cost=0.013
2023-11-08 14:56:23,114 [INFO]  Saved checkpoint to "./imputer_model/imputer_model_mean_speed_on_paper16/model-0001.params"
2023-11-08 14:56:23,115 [INFO]  Epoch[1] Validation-cross-entropy=11.919693
2023-11-08 14:56:23,115 [INFO]  Epoch[1] Validation-mean_speed_on_paper16-accuracy=0.000000
2023-11-08 14:56:23,121 [INFO]  Epoch[2] Batch [0-4]	Speed: 15478.92 samples/sec	cross-entropy=3.514620	mean_speed_on_paper16-accuracy=2.600000
2023-11-08 14:56:23,125 [INFO]  Epoch[2] Train-cross-entropy=3.174540
2023-11-08 14:56:23,125 [INFO]  Epoch[2] Train-mean_speed_on_paper16-accuracy=2.750000
2023-11-08 14:56:23,125 [INFO]  Epoch[2] Time cost=0.009
2023-11-08 14:56:23,127 [INFO]  Saved checkpoint to "./imputer_model/imputer_model_mean_speed_on_paper16/model-0002.params"
2023-11-08 14:56:23,128 [INFO]  Epoch[2] Validation-cross-entropy=15.696534
2023-11-08 14:56:23,128 [INFO]  Epoch[2] Validation-mean_speed_on_paper16-accuracy=0.000000
2023-11-08 14:56:23,133 [INFO]  Epoch[3] Batch [0-4]	Speed: 15996.39 samples/sec	cross-entropy=1.817857	mean_speed_on_paper16-accuracy=2.600000
2023-11-08 14:56:23,137 [INFO]  Epoch[3] Train-cross-entropy=1.817910
2023-11-08 14:56:23,137 [INFO]  Epoch[3] Train-mean_speed_on_paper16-accuracy=2.750000
2023-11-08 14:56:23,137 [INFO]  Epoch[3] Time cost=0.009
2023-11-08 14:56:23,140 [INFO]  Saved checkpoint to "./imputer_model/imputer_model_mean_speed_on_paper16/model-0003.params"
2023-11-08 14:56:23,141 [INFO]  Epoch[3] Validation-cross-entropy=11.102969
2023-11-08 14:56:23,141 [INFO]  Epoch[3] Validation-mean_speed_on_paper16-accuracy=0.000000
2023-11-08 14:56:23,149 [INFO]  Epoch[4] Batch [0-4]	Speed: 10820.08 samples/sec	cross-entropy=0.912030	mean_speed_on_paper16-accuracy=2.600000
2023-11-08 14:56:23,153 [INFO]  Epoch[4] Train-cross-entropy=0.790264
2023-11-08 14:56:23,153 [INFO]  Epoch[4] Train-mean_speed_on_paper16-accuracy=2.750000
2023-11-08 14:56:23,153 [INFO]  Epoch[4] Time cost=0.012
2023-11-08 14:56:23,155 [INFO]  Saved checkpoint to "./imputer_model/imputer_model_mean_speed_on_paper16/model-0004.params"
2023-11-08 14:56:23,156 [INFO]  Epoch[4] Validation-cross-entropy=12.244782
2023-11-08 14:56:23,156 [INFO]  Epoch[4] Validation-mean_speed_on_paper16-accuracy=0.000000
2023-11-08 14:56:23,156 [INFO]  
========== done (0.07129192352294922 s) fit model
