2023-11-08 12:34:13,520 [INFO]  
========== start: fit model
2023-11-08 12:34:13,521 [WARNING]  Already bound, ignoring bind()
2023-11-08 12:34:13,544 [INFO]  Epoch[0] Batch [0-4]	Speed: 4206.20 samples/sec	cross-entropy=26.082565	pressure_mean6-accuracy=0.000000
2023-11-08 12:34:13,551 [INFO]  Epoch[0] Train-cross-entropy=25.486436
2023-11-08 12:34:13,551 [INFO]  Epoch[0] Train-pressure_mean6-accuracy=0.000000
2023-11-08 12:34:13,551 [INFO]  Epoch[0] Time cost=0.027
2023-11-08 12:34:13,553 [INFO]  Saved checkpoint to "./imputer_model/imputer_model_pressure_mean6/model-0000.params"
2023-11-08 12:34:13,556 [INFO]  Epoch[0] Validation-cross-entropy=32.222816
2023-11-08 12:34:13,556 [INFO]  Epoch[0] Validation-pressure_mean6-accuracy=0.000000
2023-11-08 12:34:13,565 [INFO]  Epoch[1] Batch [0-4]	Speed: 8848.45 samples/sec	cross-entropy=49.423930	pressure_mean6-accuracy=0.000000
2023-11-08 12:34:13,572 [INFO]  Epoch[1] Train-cross-entropy=35.195304
2023-11-08 12:34:13,572 [INFO]  Epoch[1] Train-pressure_mean6-accuracy=0.000000
2023-11-08 12:34:13,572 [INFO]  Epoch[1] Time cost=0.016
2023-11-08 12:34:13,574 [INFO]  Saved checkpoint to "./imputer_model/imputer_model_pressure_mean6/model-0001.params"
2023-11-08 12:34:13,577 [INFO]  Epoch[1] Validation-cross-entropy=13.680650
2023-11-08 12:34:13,577 [INFO]  Epoch[1] Validation-pressure_mean6-accuracy=0.000000
2023-11-08 12:34:13,587 [INFO]  Epoch[2] Batch [0-4]	Speed: 8716.57 samples/sec	cross-entropy=8.846970	pressure_mean6-accuracy=0.000000
2023-11-08 12:34:13,592 [INFO]  Epoch[2] Train-cross-entropy=7.016656
2023-11-08 12:34:13,593 [INFO]  Epoch[2] Train-pressure_mean6-accuracy=0.000000
2023-11-08 12:34:13,593 [INFO]  Epoch[2] Time cost=0.015
2023-11-08 12:34:13,594 [INFO]  Saved checkpoint to "./imputer_model/imputer_model_pressure_mean6/model-0002.params"
2023-11-08 12:34:13,598 [INFO]  Epoch[2] Validation-cross-entropy=12.128072
2023-11-08 12:34:13,598 [INFO]  Epoch[2] Validation-pressure_mean6-accuracy=0.000000
2023-11-08 12:34:13,607 [INFO]  Epoch[3] Batch [0-4]	Speed: 8973.57 samples/sec	cross-entropy=5.776844	pressure_mean6-accuracy=0.000000
2023-11-08 12:34:13,613 [INFO]  Epoch[3] Train-cross-entropy=4.226730
2023-11-08 12:34:13,613 [INFO]  Epoch[3] Train-pressure_mean6-accuracy=0.000000
2023-11-08 12:34:13,613 [INFO]  Epoch[3] Time cost=0.015
2023-11-08 12:34:13,615 [INFO]  Saved checkpoint to "./imputer_model/imputer_model_pressure_mean6/model-0003.params"
2023-11-08 12:34:13,618 [INFO]  Epoch[3] Validation-cross-entropy=11.123618
2023-11-08 12:34:13,618 [INFO]  Epoch[3] Validation-pressure_mean6-accuracy=0.000000
2023-11-08 12:34:13,634 [INFO]  Epoch[4] Batch [0-4]	Speed: 4632.75 samples/sec	cross-entropy=4.765131	pressure_mean6-accuracy=0.000000
2023-11-08 12:34:13,645 [INFO]  Epoch[4] Train-cross-entropy=3.647835
2023-11-08 12:34:13,645 [INFO]  Epoch[4] Train-pressure_mean6-accuracy=0.000000
2023-11-08 12:34:13,645 [INFO]  Epoch[4] Time cost=0.027
2023-11-08 12:34:13,648 [INFO]  Saved checkpoint to "./imputer_model/imputer_model_pressure_mean6/model-0004.params"
2023-11-08 12:34:13,652 [INFO]  Epoch[4] Validation-cross-entropy=7.742546
2023-11-08 12:34:13,652 [INFO]  Epoch[4] Validation-pressure_mean6-accuracy=0.000000
2023-11-08 12:34:13,652 [INFO]  
========== done (0.1318962574005127 s) fit model
2023-11-08 13:05:01,119 [INFO]  
========== start: fit model
2023-11-08 13:05:01,119 [WARNING]  Already bound, ignoring bind()
2023-11-08 13:05:01,133 [INFO]  Epoch[0] Batch [0-4]	Speed: 9701.32 samples/sec	cross-entropy=15.262606	pressure_mean6-accuracy=0.000000
2023-11-08 13:05:01,138 [INFO]  Epoch[0] Train-cross-entropy=20.137947
2023-11-08 13:05:01,138 [INFO]  Epoch[0] Train-pressure_mean6-accuracy=0.000000
2023-11-08 13:05:01,138 [INFO]  Epoch[0] Time cost=0.019
2023-11-08 13:05:01,141 [INFO]  Saved checkpoint to "./imputer_model/imputer_model_pressure_mean6/model-0000.params"
2023-11-08 13:05:01,142 [INFO]  Epoch[0] Validation-cross-entropy=10.303417
2023-11-08 13:05:01,142 [INFO]  Epoch[0] Validation-pressure_mean6-accuracy=0.000000
2023-11-08 13:05:01,149 [INFO]  Epoch[1] Batch [0-4]	Speed: 13322.52 samples/sec	cross-entropy=47.949330	pressure_mean6-accuracy=0.000000
2023-11-08 13:05:01,152 [INFO]  Epoch[1] Train-cross-entropy=40.979511
2023-11-08 13:05:01,153 [INFO]  Epoch[1] Train-pressure_mean6-accuracy=0.000000
2023-11-08 13:05:01,153 [INFO]  Epoch[1] Time cost=0.010
2023-11-08 13:05:01,154 [INFO]  Saved checkpoint to "./imputer_model/imputer_model_pressure_mean6/model-0001.params"
2023-11-08 13:05:01,155 [INFO]  Epoch[1] Validation-cross-entropy=7.463664
2023-11-08 13:05:01,155 [INFO]  Epoch[1] Validation-pressure_mean6-accuracy=0.000000
2023-11-08 13:05:01,160 [INFO]  Epoch[2] Batch [0-4]	Speed: 16912.52 samples/sec	cross-entropy=6.993803	pressure_mean6-accuracy=0.000000
2023-11-08 13:05:01,163 [INFO]  Epoch[2] Train-cross-entropy=6.466391
2023-11-08 13:05:01,163 [INFO]  Epoch[2] Train-pressure_mean6-accuracy=0.000000
2023-11-08 13:05:01,163 [INFO]  Epoch[2] Time cost=0.008
2023-11-08 13:05:01,164 [INFO]  Saved checkpoint to "./imputer_model/imputer_model_pressure_mean6/model-0002.params"
2023-11-08 13:05:01,165 [INFO]  Epoch[2] Validation-cross-entropy=9.188807
2023-11-08 13:05:01,165 [INFO]  Epoch[2] Validation-pressure_mean6-accuracy=0.000000
2023-11-08 13:05:01,170 [INFO]  Epoch[3] Batch [0-4]	Speed: 14696.71 samples/sec	cross-entropy=3.309926	pressure_mean6-accuracy=0.000000
2023-11-08 13:05:01,173 [INFO]  Epoch[3] Train-cross-entropy=3.294108
2023-11-08 13:05:01,174 [INFO]  Epoch[3] Train-pressure_mean6-accuracy=0.000000
2023-11-08 13:05:01,174 [INFO]  Epoch[3] Time cost=0.009
2023-11-08 13:05:01,175 [INFO]  Saved checkpoint to "./imputer_model/imputer_model_pressure_mean6/model-0003.params"
2023-11-08 13:05:01,175 [INFO]  Epoch[3] Validation-cross-entropy=7.174406
2023-11-08 13:05:01,175 [INFO]  Epoch[3] Validation-pressure_mean6-accuracy=0.000000
2023-11-08 13:05:01,181 [INFO]  Epoch[4] Batch [0-4]	Speed: 14654.19 samples/sec	cross-entropy=1.080374	pressure_mean6-accuracy=0.000000
2023-11-08 13:05:01,184 [INFO]  Epoch[4] Train-cross-entropy=1.584105
2023-11-08 13:05:01,184 [INFO]  Epoch[4] Train-pressure_mean6-accuracy=0.000000
2023-11-08 13:05:01,184 [INFO]  Epoch[4] Time cost=0.009
2023-11-08 13:05:01,186 [INFO]  Saved checkpoint to "./imputer_model/imputer_model_pressure_mean6/model-0004.params"
2023-11-08 13:05:01,186 [INFO]  Epoch[4] Validation-cross-entropy=5.878458
2023-11-08 13:05:01,186 [INFO]  Epoch[4] Validation-pressure_mean6-accuracy=0.000000
2023-11-08 13:05:01,186 [INFO]  
========== done (0.06774401664733887 s) fit model
2023-11-08 13:18:28,065 [INFO]  
========== start: fit model
2023-11-08 13:18:28,065 [WARNING]  Already bound, ignoring bind()
2023-11-08 13:18:28,072 [INFO]  Epoch[0] Batch [0-4]	Speed: 12389.71 samples/sec	cross-entropy=13.751952	pressure_mean6-accuracy=3.000000
2023-11-08 13:18:28,077 [INFO]  Epoch[0] Train-cross-entropy=19.169063
2023-11-08 13:18:28,078 [INFO]  Epoch[0] Train-pressure_mean6-accuracy=3.250000
2023-11-08 13:18:28,078 [INFO]  Epoch[0] Time cost=0.012
2023-11-08 13:18:28,080 [INFO]  Saved checkpoint to "./imputer_model/imputer_model_pressure_mean6/model-0000.params"
2023-11-08 13:18:28,081 [INFO]  Epoch[0] Validation-cross-entropy=23.632532
2023-11-08 13:18:28,081 [INFO]  Epoch[0] Validation-pressure_mean6-accuracy=0.000000
2023-11-08 13:18:28,088 [INFO]  Epoch[1] Batch [0-4]	Speed: 12616.82 samples/sec	cross-entropy=43.051386	pressure_mean6-accuracy=3.000000
2023-11-08 13:18:28,092 [INFO]  Epoch[1] Train-cross-entropy=32.174670
2023-11-08 13:18:28,092 [INFO]  Epoch[1] Train-pressure_mean6-accuracy=3.250000
2023-11-08 13:18:28,092 [INFO]  Epoch[1] Time cost=0.010
2023-11-08 13:18:28,094 [INFO]  Saved checkpoint to "./imputer_model/imputer_model_pressure_mean6/model-0001.params"
2023-11-08 13:18:28,094 [INFO]  Epoch[1] Validation-cross-entropy=25.996662
2023-11-08 13:18:28,094 [INFO]  Epoch[1] Validation-pressure_mean6-accuracy=0.000000
2023-11-08 13:18:28,100 [INFO]  Epoch[2] Batch [0-4]	Speed: 14146.05 samples/sec	cross-entropy=11.155468	pressure_mean6-accuracy=3.000000
2023-11-08 13:18:28,103 [INFO]  Epoch[2] Train-cross-entropy=8.676847
2023-11-08 13:18:28,104 [INFO]  Epoch[2] Train-pressure_mean6-accuracy=3.250000
2023-11-08 13:18:28,104 [INFO]  Epoch[2] Time cost=0.009
2023-11-08 13:18:28,105 [INFO]  Saved checkpoint to "./imputer_model/imputer_model_pressure_mean6/model-0002.params"
2023-11-08 13:18:28,106 [INFO]  Epoch[2] Validation-cross-entropy=18.983185
2023-11-08 13:18:28,106 [INFO]  Epoch[2] Validation-pressure_mean6-accuracy=0.000000
2023-11-08 13:18:28,111 [INFO]  Epoch[3] Batch [0-4]	Speed: 14866.83 samples/sec	cross-entropy=6.138983	pressure_mean6-accuracy=3.000000
2023-11-08 13:18:28,114 [INFO]  Epoch[3] Train-cross-entropy=4.394479
2023-11-08 13:18:28,114 [INFO]  Epoch[3] Train-pressure_mean6-accuracy=3.250000
2023-11-08 13:18:28,115 [INFO]  Epoch[3] Time cost=0.009
2023-11-08 13:18:28,116 [INFO]  Saved checkpoint to "./imputer_model/imputer_model_pressure_mean6/model-0003.params"
2023-11-08 13:18:28,116 [INFO]  Epoch[3] Validation-cross-entropy=18.354641
2023-11-08 13:18:28,116 [INFO]  Epoch[3] Validation-pressure_mean6-accuracy=0.000000
2023-11-08 13:18:28,122 [INFO]  Epoch[4] Batch [0-4]	Speed: 14771.93 samples/sec	cross-entropy=1.978932	pressure_mean6-accuracy=3.000000
2023-11-08 13:18:28,125 [INFO]  Epoch[4] Train-cross-entropy=1.670811
2023-11-08 13:18:28,125 [INFO]  Epoch[4] Train-pressure_mean6-accuracy=3.250000
2023-11-08 13:18:28,125 [INFO]  Epoch[4] Time cost=0.009
2023-11-08 13:18:28,126 [INFO]  Saved checkpoint to "./imputer_model/imputer_model_pressure_mean6/model-0004.params"
2023-11-08 13:18:28,127 [INFO]  Epoch[4] Validation-cross-entropy=15.466344
2023-11-08 13:18:28,127 [INFO]  Epoch[4] Validation-pressure_mean6-accuracy=0.000000
2023-11-08 13:18:28,127 [INFO]  
========== done (0.062307119369506836 s) fit model
2023-11-08 13:31:48,633 [INFO]  
========== start: fit model
2023-11-08 13:31:48,633 [WARNING]  Already bound, ignoring bind()
2023-11-08 13:31:48,640 [INFO]  Epoch[0] Batch [0-4]	Speed: 14187.17 samples/sec	cross-entropy=19.307460	pressure_mean6-accuracy=3.600000
2023-11-08 13:31:48,644 [INFO]  Epoch[0] Train-cross-entropy=19.482187
2023-11-08 13:31:48,644 [INFO]  Epoch[0] Train-pressure_mean6-accuracy=2.750000
2023-11-08 13:31:48,644 [INFO]  Epoch[0] Time cost=0.010
2023-11-08 13:31:48,648 [INFO]  Saved checkpoint to "./imputer_model/imputer_model_pressure_mean6/model-0000.params"
2023-11-08 13:31:48,649 [INFO]  Epoch[0] Validation-cross-entropy=16.402210
2023-11-08 13:31:48,649 [INFO]  Epoch[0] Validation-pressure_mean6-accuracy=0.000000
2023-11-08 13:31:48,655 [INFO]  Epoch[1] Batch [0-4]	Speed: 13477.03 samples/sec	cross-entropy=39.859901	pressure_mean6-accuracy=3.600000
2023-11-08 13:31:48,659 [INFO]  Epoch[1] Train-cross-entropy=29.947770
2023-11-08 13:31:48,659 [INFO]  Epoch[1] Train-pressure_mean6-accuracy=2.750000
2023-11-08 13:31:48,659 [INFO]  Epoch[1] Time cost=0.010
2023-11-08 13:31:48,661 [INFO]  Saved checkpoint to "./imputer_model/imputer_model_pressure_mean6/model-0001.params"
2023-11-08 13:31:48,661 [INFO]  Epoch[1] Validation-cross-entropy=28.237526
2023-11-08 13:31:48,661 [INFO]  Epoch[1] Validation-pressure_mean6-accuracy=0.000000
2023-11-08 13:31:48,666 [INFO]  Epoch[2] Batch [0-4]	Speed: 18273.35 samples/sec	cross-entropy=5.002756	pressure_mean6-accuracy=3.600000
2023-11-08 13:31:48,669 [INFO]  Epoch[2] Train-cross-entropy=6.204215
2023-11-08 13:31:48,669 [INFO]  Epoch[2] Train-pressure_mean6-accuracy=2.750000
2023-11-08 13:31:48,669 [INFO]  Epoch[2] Time cost=0.007
2023-11-08 13:31:48,670 [INFO]  Saved checkpoint to "./imputer_model/imputer_model_pressure_mean6/model-0002.params"
2023-11-08 13:31:48,671 [INFO]  Epoch[2] Validation-cross-entropy=30.961344
2023-11-08 13:31:48,671 [INFO]  Epoch[2] Validation-pressure_mean6-accuracy=0.000000
2023-11-08 13:31:48,675 [INFO]  Epoch[3] Batch [0-4]	Speed: 18910.56 samples/sec	cross-entropy=2.900496	pressure_mean6-accuracy=3.600000
2023-11-08 13:31:48,678 [INFO]  Epoch[3] Train-cross-entropy=3.494465
2023-11-08 13:31:48,678 [INFO]  Epoch[3] Train-pressure_mean6-accuracy=2.750000
2023-11-08 13:31:48,678 [INFO]  Epoch[3] Time cost=0.007
2023-11-08 13:31:48,679 [INFO]  Saved checkpoint to "./imputer_model/imputer_model_pressure_mean6/model-0003.params"
2023-11-08 13:31:48,679 [INFO]  Epoch[3] Validation-cross-entropy=28.989754
2023-11-08 13:31:48,680 [INFO]  Epoch[3] Validation-pressure_mean6-accuracy=0.000000
2023-11-08 13:31:48,684 [INFO]  Epoch[4] Batch [0-4]	Speed: 17704.49 samples/sec	cross-entropy=1.333790	pressure_mean6-accuracy=3.600000
2023-11-08 13:31:48,687 [INFO]  Epoch[4] Train-cross-entropy=1.478966
2023-11-08 13:31:48,687 [INFO]  Epoch[4] Train-pressure_mean6-accuracy=2.750000
2023-11-08 13:31:48,687 [INFO]  Epoch[4] Time cost=0.007
2023-11-08 13:31:48,688 [INFO]  Saved checkpoint to "./imputer_model/imputer_model_pressure_mean6/model-0004.params"
2023-11-08 13:31:48,689 [INFO]  Epoch[4] Validation-cross-entropy=27.590397
2023-11-08 13:31:48,689 [INFO]  Epoch[4] Validation-pressure_mean6-accuracy=0.000000
2023-11-08 13:31:48,689 [INFO]  
========== done (0.05555582046508789 s) fit model
2023-11-08 13:45:08,344 [INFO]  
========== start: fit model
2023-11-08 13:45:08,344 [WARNING]  Already bound, ignoring bind()
2023-11-08 13:45:08,351 [INFO]  Epoch[0] Batch [0-4]	Speed: 14036.57 samples/sec	cross-entropy=19.719004	pressure_mean6-accuracy=0.000000
2023-11-08 13:45:08,355 [INFO]  Epoch[0] Train-cross-entropy=21.959656
2023-11-08 13:45:08,355 [INFO]  Epoch[0] Train-pressure_mean6-accuracy=0.000000
2023-11-08 13:45:08,355 [INFO]  Epoch[0] Time cost=0.010
2023-11-08 13:45:08,356 [INFO]  Saved checkpoint to "./imputer_model/imputer_model_pressure_mean6/model-0000.params"
2023-11-08 13:45:08,357 [INFO]  Epoch[0] Validation-cross-entropy=35.070873
2023-11-08 13:45:08,357 [INFO]  Epoch[0] Validation-pressure_mean6-accuracy=0.000000
2023-11-08 13:45:08,363 [INFO]  Epoch[1] Batch [0-4]	Speed: 11552.07 samples/sec	cross-entropy=44.791975	pressure_mean6-accuracy=0.000000
2023-11-08 13:45:08,369 [INFO]  Epoch[1] Train-cross-entropy=37.816888
2023-11-08 13:45:08,369 [INFO]  Epoch[1] Train-pressure_mean6-accuracy=0.000000
2023-11-08 13:45:08,369 [INFO]  Epoch[1] Time cost=0.012
2023-11-08 13:45:08,372 [INFO]  Saved checkpoint to "./imputer_model/imputer_model_pressure_mean6/model-0001.params"
2023-11-08 13:45:08,373 [INFO]  Epoch[1] Validation-cross-entropy=16.972700
2023-11-08 13:45:08,373 [INFO]  Epoch[1] Validation-pressure_mean6-accuracy=0.000000
2023-11-08 13:45:08,380 [INFO]  Epoch[2] Batch [0-4]	Speed: 13915.06 samples/sec	cross-entropy=8.188453	pressure_mean6-accuracy=0.000000
2023-11-08 13:45:08,383 [INFO]  Epoch[2] Train-cross-entropy=6.005529
2023-11-08 13:45:08,383 [INFO]  Epoch[2] Train-pressure_mean6-accuracy=0.000000
2023-11-08 13:45:08,383 [INFO]  Epoch[2] Time cost=0.010
2023-11-08 13:45:08,385 [INFO]  Saved checkpoint to "./imputer_model/imputer_model_pressure_mean6/model-0002.params"
2023-11-08 13:45:08,386 [INFO]  Epoch[2] Validation-cross-entropy=23.753542
2023-11-08 13:45:08,386 [INFO]  Epoch[2] Validation-pressure_mean6-accuracy=0.000000
2023-11-08 13:45:08,392 [INFO]  Epoch[3] Batch [0-4]	Speed: 14793.09 samples/sec	cross-entropy=4.903836	pressure_mean6-accuracy=0.000000
2023-11-08 13:45:08,395 [INFO]  Epoch[3] Train-cross-entropy=3.929164
2023-11-08 13:45:08,395 [INFO]  Epoch[3] Train-pressure_mean6-accuracy=0.000000
2023-11-08 13:45:08,395 [INFO]  Epoch[3] Time cost=0.009
2023-11-08 13:45:08,396 [INFO]  Saved checkpoint to "./imputer_model/imputer_model_pressure_mean6/model-0003.params"
2023-11-08 13:45:08,397 [INFO]  Epoch[3] Validation-cross-entropy=23.298336
2023-11-08 13:45:08,397 [INFO]  Epoch[3] Validation-pressure_mean6-accuracy=0.000000
2023-11-08 13:45:08,403 [INFO]  Epoch[4] Batch [0-4]	Speed: 14007.28 samples/sec	cross-entropy=1.426698	pressure_mean6-accuracy=0.000000
2023-11-08 13:45:08,407 [INFO]  Epoch[4] Train-cross-entropy=1.176216
2023-11-08 13:45:08,407 [INFO]  Epoch[4] Train-pressure_mean6-accuracy=0.000000
2023-11-08 13:45:08,407 [INFO]  Epoch[4] Time cost=0.009
2023-11-08 13:45:08,408 [INFO]  Saved checkpoint to "./imputer_model/imputer_model_pressure_mean6/model-0004.params"
2023-11-08 13:45:08,409 [INFO]  Epoch[4] Validation-cross-entropy=24.158138
2023-11-08 13:45:08,409 [INFO]  Epoch[4] Validation-pressure_mean6-accuracy=0.000000
2023-11-08 13:45:08,409 [INFO]  
========== done (0.06475496292114258 s) fit model
2023-11-08 13:58:30,874 [INFO]  
========== start: fit model
2023-11-08 13:58:30,874 [WARNING]  Already bound, ignoring bind()
2023-11-08 13:58:30,882 [INFO]  Epoch[0] Batch [0-4]	Speed: 11622.09 samples/sec	cross-entropy=14.484383	pressure_mean6-accuracy=0.000000
2023-11-08 13:58:30,887 [INFO]  Epoch[0] Train-cross-entropy=18.866776
2023-11-08 13:58:30,887 [INFO]  Epoch[0] Train-pressure_mean6-accuracy=0.000000
2023-11-08 13:58:30,887 [INFO]  Epoch[0] Time cost=0.012
2023-11-08 13:58:30,891 [INFO]  Saved checkpoint to "./imputer_model/imputer_model_pressure_mean6/model-0000.params"
2023-11-08 13:58:30,891 [INFO]  Epoch[0] Validation-cross-entropy=23.812641
2023-11-08 13:58:30,892 [INFO]  Epoch[0] Validation-pressure_mean6-accuracy=0.000000
2023-11-08 13:58:30,898 [INFO]  Epoch[1] Batch [0-4]	Speed: 14085.19 samples/sec	cross-entropy=55.344459	pressure_mean6-accuracy=0.000000
2023-11-08 13:58:30,901 [INFO]  Epoch[1] Train-cross-entropy=45.923875
2023-11-08 13:58:30,901 [INFO]  Epoch[1] Train-pressure_mean6-accuracy=0.000000
2023-11-08 13:58:30,901 [INFO]  Epoch[1] Time cost=0.010
2023-11-08 13:58:30,904 [INFO]  Saved checkpoint to "./imputer_model/imputer_model_pressure_mean6/model-0001.params"
2023-11-08 13:58:30,904 [INFO]  Epoch[1] Validation-cross-entropy=33.094482
2023-11-08 13:58:30,905 [INFO]  Epoch[1] Validation-pressure_mean6-accuracy=0.000000
2023-11-08 13:58:30,909 [INFO]  Epoch[2] Batch [0-4]	Speed: 19667.04 samples/sec	cross-entropy=18.941841	pressure_mean6-accuracy=0.000000
2023-11-08 13:58:30,912 [INFO]  Epoch[2] Train-cross-entropy=15.823896
2023-11-08 13:58:30,912 [INFO]  Epoch[2] Train-pressure_mean6-accuracy=0.000000
2023-11-08 13:58:30,912 [INFO]  Epoch[2] Time cost=0.007
2023-11-08 13:58:30,913 [INFO]  Saved checkpoint to "./imputer_model/imputer_model_pressure_mean6/model-0002.params"
2023-11-08 13:58:30,914 [INFO]  Epoch[2] Validation-cross-entropy=12.560932
2023-11-08 13:58:30,914 [INFO]  Epoch[2] Validation-pressure_mean6-accuracy=0.000000
2023-11-08 13:58:30,919 [INFO]  Epoch[3] Batch [0-4]	Speed: 15840.64 samples/sec	cross-entropy=9.293898	pressure_mean6-accuracy=0.000000
2023-11-08 13:58:30,922 [INFO]  Epoch[3] Train-cross-entropy=9.324835
2023-11-08 13:58:30,922 [INFO]  Epoch[3] Train-pressure_mean6-accuracy=0.000000
2023-11-08 13:58:30,922 [INFO]  Epoch[3] Time cost=0.008
2023-11-08 13:58:30,924 [INFO]  Saved checkpoint to "./imputer_model/imputer_model_pressure_mean6/model-0003.params"
2023-11-08 13:58:30,925 [INFO]  Epoch[3] Validation-cross-entropy=10.602028
2023-11-08 13:58:30,925 [INFO]  Epoch[3] Validation-pressure_mean6-accuracy=0.000000
2023-11-08 13:58:30,930 [INFO]  Epoch[4] Batch [0-4]	Speed: 19217.89 samples/sec	cross-entropy=2.345384	pressure_mean6-accuracy=0.000000
2023-11-08 13:58:30,932 [INFO]  Epoch[4] Train-cross-entropy=2.895297
2023-11-08 13:58:30,932 [INFO]  Epoch[4] Train-pressure_mean6-accuracy=0.000000
2023-11-08 13:58:30,932 [INFO]  Epoch[4] Time cost=0.007
2023-11-08 13:58:30,934 [INFO]  Saved checkpoint to "./imputer_model/imputer_model_pressure_mean6/model-0004.params"
2023-11-08 13:58:30,934 [INFO]  Epoch[4] Validation-cross-entropy=17.225271
2023-11-08 13:58:30,934 [INFO]  Epoch[4] Validation-pressure_mean6-accuracy=0.000000
2023-11-08 13:58:30,935 [INFO]  
========== done (0.060437679290771484 s) fit model
2023-11-08 14:11:55,469 [INFO]  
========== start: fit model
2023-11-08 14:11:55,469 [WARNING]  Already bound, ignoring bind()
2023-11-08 14:11:55,477 [INFO]  Epoch[0] Batch [0-4]	Speed: 12583.70 samples/sec	cross-entropy=28.858776	pressure_mean6-accuracy=0.000000
2023-11-08 14:11:55,481 [INFO]  Epoch[0] Train-cross-entropy=31.700470
2023-11-08 14:11:55,482 [INFO]  Epoch[0] Train-pressure_mean6-accuracy=0.000000
2023-11-08 14:11:55,482 [INFO]  Epoch[0] Time cost=0.012
2023-11-08 14:11:55,485 [INFO]  Saved checkpoint to "./imputer_model/imputer_model_pressure_mean6/model-0000.params"
2023-11-08 14:11:55,486 [INFO]  Epoch[0] Validation-cross-entropy=43.791397
2023-11-08 14:11:55,486 [INFO]  Epoch[0] Validation-pressure_mean6-accuracy=0.000000
2023-11-08 14:11:55,492 [INFO]  Epoch[1] Batch [0-4]	Speed: 14973.81 samples/sec	cross-entropy=60.369877	pressure_mean6-accuracy=0.000000
2023-11-08 14:11:55,495 [INFO]  Epoch[1] Train-cross-entropy=72.580486
2023-11-08 14:11:55,495 [INFO]  Epoch[1] Train-pressure_mean6-accuracy=0.000000
2023-11-08 14:11:55,496 [INFO]  Epoch[1] Time cost=0.009
2023-11-08 14:11:55,498 [INFO]  Saved checkpoint to "./imputer_model/imputer_model_pressure_mean6/model-0001.params"
2023-11-08 14:11:55,498 [INFO]  Epoch[1] Validation-cross-entropy=16.077156
2023-11-08 14:11:55,498 [INFO]  Epoch[1] Validation-pressure_mean6-accuracy=0.000000
2023-11-08 14:11:55,503 [INFO]  Epoch[2] Batch [0-4]	Speed: 17652.10 samples/sec	cross-entropy=12.476454	pressure_mean6-accuracy=0.000000
2023-11-08 14:11:55,506 [INFO]  Epoch[2] Train-cross-entropy=16.143132
2023-11-08 14:11:55,506 [INFO]  Epoch[2] Train-pressure_mean6-accuracy=0.000000
2023-11-08 14:11:55,506 [INFO]  Epoch[2] Time cost=0.007
2023-11-08 14:11:55,507 [INFO]  Saved checkpoint to "./imputer_model/imputer_model_pressure_mean6/model-0002.params"
2023-11-08 14:11:55,508 [INFO]  Epoch[2] Validation-cross-entropy=14.258393
2023-11-08 14:11:55,508 [INFO]  Epoch[2] Validation-pressure_mean6-accuracy=0.000000
2023-11-08 14:11:55,512 [INFO]  Epoch[3] Batch [0-4]	Speed: 18206.42 samples/sec	cross-entropy=3.001770	pressure_mean6-accuracy=0.000000
2023-11-08 14:11:55,516 [INFO]  Epoch[3] Train-cross-entropy=3.913364
2023-11-08 14:11:55,516 [INFO]  Epoch[3] Train-pressure_mean6-accuracy=0.000000
2023-11-08 14:11:55,516 [INFO]  Epoch[3] Time cost=0.008
2023-11-08 14:11:55,517 [INFO]  Saved checkpoint to "./imputer_model/imputer_model_pressure_mean6/model-0003.params"
2023-11-08 14:11:55,518 [INFO]  Epoch[3] Validation-cross-entropy=9.089149
2023-11-08 14:11:55,518 [INFO]  Epoch[3] Validation-pressure_mean6-accuracy=0.000000
2023-11-08 14:11:55,524 [INFO]  Epoch[4] Batch [0-4]	Speed: 13649.03 samples/sec	cross-entropy=5.637051	pressure_mean6-accuracy=0.000000
2023-11-08 14:11:55,527 [INFO]  Epoch[4] Train-cross-entropy=3.851104
2023-11-08 14:11:55,527 [INFO]  Epoch[4] Train-pressure_mean6-accuracy=0.000000
2023-11-08 14:11:55,527 [INFO]  Epoch[4] Time cost=0.009
2023-11-08 14:11:55,529 [INFO]  Saved checkpoint to "./imputer_model/imputer_model_pressure_mean6/model-0004.params"
2023-11-08 14:11:55,529 [INFO]  Epoch[4] Validation-cross-entropy=9.393867
2023-11-08 14:11:55,529 [INFO]  Epoch[4] Validation-pressure_mean6-accuracy=0.000000
2023-11-08 14:11:55,529 [INFO]  
========== done (0.06030416488647461 s) fit model
2023-11-08 14:25:28,730 [INFO]  
========== start: fit model
2023-11-08 14:25:28,730 [WARNING]  Already bound, ignoring bind()
2023-11-08 14:25:28,737 [INFO]  Epoch[0] Batch [0-4]	Speed: 14012.40 samples/sec	cross-entropy=15.645775	pressure_mean6-accuracy=3.000000
2023-11-08 14:25:28,741 [INFO]  Epoch[0] Train-cross-entropy=18.290159
2023-11-08 14:25:28,741 [INFO]  Epoch[0] Train-pressure_mean6-accuracy=2.750000
2023-11-08 14:25:28,741 [INFO]  Epoch[0] Time cost=0.010
2023-11-08 14:25:28,742 [INFO]  Saved checkpoint to "./imputer_model/imputer_model_pressure_mean6/model-0000.params"
2023-11-08 14:25:28,742 [INFO]  Epoch[0] Validation-cross-entropy=80.586212
2023-11-08 14:25:28,742 [INFO]  Epoch[0] Validation-pressure_mean6-accuracy=0.000000
2023-11-08 14:25:28,747 [INFO]  Epoch[1] Batch [0-4]	Speed: 16244.20 samples/sec	cross-entropy=31.948050	pressure_mean6-accuracy=3.000000
2023-11-08 14:25:28,750 [INFO]  Epoch[1] Train-cross-entropy=24.755729
2023-11-08 14:25:28,750 [INFO]  Epoch[1] Train-pressure_mean6-accuracy=2.750000
2023-11-08 14:25:28,751 [INFO]  Epoch[1] Time cost=0.008
2023-11-08 14:25:28,752 [INFO]  Saved checkpoint to "./imputer_model/imputer_model_pressure_mean6/model-0001.params"
2023-11-08 14:25:28,752 [INFO]  Epoch[1] Validation-cross-entropy=47.799183
2023-11-08 14:25:28,752 [INFO]  Epoch[1] Validation-pressure_mean6-accuracy=0.000000
2023-11-08 14:25:28,757 [INFO]  Epoch[2] Batch [0-4]	Speed: 16773.02 samples/sec	cross-entropy=3.697919	pressure_mean6-accuracy=3.000000
2023-11-08 14:25:28,760 [INFO]  Epoch[2] Train-cross-entropy=3.177396
2023-11-08 14:25:28,760 [INFO]  Epoch[2] Train-pressure_mean6-accuracy=2.750000
2023-11-08 14:25:28,760 [INFO]  Epoch[2] Time cost=0.008
2023-11-08 14:25:28,761 [INFO]  Saved checkpoint to "./imputer_model/imputer_model_pressure_mean6/model-0002.params"
2023-11-08 14:25:28,762 [INFO]  Epoch[2] Validation-cross-entropy=28.445910
2023-11-08 14:25:28,762 [INFO]  Epoch[2] Validation-pressure_mean6-accuracy=0.000000
2023-11-08 14:25:28,766 [INFO]  Epoch[3] Batch [0-4]	Speed: 17601.17 samples/sec	cross-entropy=3.182766	pressure_mean6-accuracy=3.000000
2023-11-08 14:25:28,769 [INFO]  Epoch[3] Train-cross-entropy=2.434925
2023-11-08 14:25:28,769 [INFO]  Epoch[3] Train-pressure_mean6-accuracy=2.750000
2023-11-08 14:25:28,769 [INFO]  Epoch[3] Time cost=0.008
2023-11-08 14:25:28,771 [INFO]  Saved checkpoint to "./imputer_model/imputer_model_pressure_mean6/model-0003.params"
2023-11-08 14:25:28,771 [INFO]  Epoch[3] Validation-cross-entropy=23.374739
2023-11-08 14:25:28,771 [INFO]  Epoch[3] Validation-pressure_mean6-accuracy=0.000000
2023-11-08 14:25:28,776 [INFO]  Epoch[4] Batch [0-4]	Speed: 16630.66 samples/sec	cross-entropy=1.095625	pressure_mean6-accuracy=3.000000
2023-11-08 14:25:28,779 [INFO]  Epoch[4] Train-cross-entropy=0.885413
2023-11-08 14:25:28,779 [INFO]  Epoch[4] Train-pressure_mean6-accuracy=2.750000
2023-11-08 14:25:28,779 [INFO]  Epoch[4] Time cost=0.007
2023-11-08 14:25:28,781 [INFO]  Saved checkpoint to "./imputer_model/imputer_model_pressure_mean6/model-0004.params"
2023-11-08 14:25:28,781 [INFO]  Epoch[4] Validation-cross-entropy=18.592316
2023-11-08 14:25:28,781 [INFO]  Epoch[4] Validation-pressure_mean6-accuracy=0.000000
2023-11-08 14:25:28,781 [INFO]  
========== done (0.05122256278991699 s) fit model
2023-11-08 14:39:24,723 [INFO]  
========== start: fit model
2023-11-08 14:39:24,724 [WARNING]  Already bound, ignoring bind()
2023-11-08 14:39:24,731 [INFO]  Epoch[0] Batch [0-4]	Speed: 13477.03 samples/sec	cross-entropy=23.239054	pressure_mean6-accuracy=0.000000
2023-11-08 14:39:24,735 [INFO]  Epoch[0] Train-cross-entropy=23.465410
2023-11-08 14:39:24,735 [INFO]  Epoch[0] Train-pressure_mean6-accuracy=0.000000
2023-11-08 14:39:24,735 [INFO]  Epoch[0] Time cost=0.011
2023-11-08 14:39:24,736 [INFO]  Saved checkpoint to "./imputer_model/imputer_model_pressure_mean6/model-0000.params"
2023-11-08 14:39:24,737 [INFO]  Epoch[0] Validation-cross-entropy=10.719412
2023-11-08 14:39:24,737 [INFO]  Epoch[0] Validation-pressure_mean6-accuracy=0.000000
2023-11-08 14:39:24,743 [INFO]  Epoch[1] Batch [0-4]	Speed: 14488.10 samples/sec	cross-entropy=30.667457	pressure_mean6-accuracy=0.000000
2023-11-08 14:39:24,746 [INFO]  Epoch[1] Train-cross-entropy=23.537042
2023-11-08 14:39:24,746 [INFO]  Epoch[1] Train-pressure_mean6-accuracy=0.000000
2023-11-08 14:39:24,746 [INFO]  Epoch[1] Time cost=0.009
2023-11-08 14:39:24,748 [INFO]  Saved checkpoint to "./imputer_model/imputer_model_pressure_mean6/model-0001.params"
2023-11-08 14:39:24,748 [INFO]  Epoch[1] Validation-cross-entropy=24.867352
2023-11-08 14:39:24,748 [INFO]  Epoch[1] Validation-pressure_mean6-accuracy=0.000000
2023-11-08 14:39:24,753 [INFO]  Epoch[2] Batch [0-4]	Speed: 15452.19 samples/sec	cross-entropy=4.361301	pressure_mean6-accuracy=0.000000
2023-11-08 14:39:24,757 [INFO]  Epoch[2] Train-cross-entropy=3.474733
2023-11-08 14:39:24,757 [INFO]  Epoch[2] Train-pressure_mean6-accuracy=0.000000
2023-11-08 14:39:24,757 [INFO]  Epoch[2] Time cost=0.009
2023-11-08 14:39:24,758 [INFO]  Saved checkpoint to "./imputer_model/imputer_model_pressure_mean6/model-0002.params"
2023-11-08 14:39:24,759 [INFO]  Epoch[2] Validation-cross-entropy=6.766702
2023-11-08 14:39:24,759 [INFO]  Epoch[2] Validation-pressure_mean6-accuracy=0.000000
2023-11-08 14:39:24,764 [INFO]  Epoch[3] Batch [0-4]	Speed: 15665.00 samples/sec	cross-entropy=2.997718	pressure_mean6-accuracy=0.000000
2023-11-08 14:39:24,767 [INFO]  Epoch[3] Train-cross-entropy=2.417877
2023-11-08 14:39:24,767 [INFO]  Epoch[3] Train-pressure_mean6-accuracy=0.000000
2023-11-08 14:39:24,767 [INFO]  Epoch[3] Time cost=0.008
2023-11-08 14:39:24,769 [INFO]  Saved checkpoint to "./imputer_model/imputer_model_pressure_mean6/model-0003.params"
2023-11-08 14:39:24,769 [INFO]  Epoch[3] Validation-cross-entropy=12.584047
2023-11-08 14:39:24,769 [INFO]  Epoch[3] Validation-pressure_mean6-accuracy=0.000000
2023-11-08 14:39:24,774 [INFO]  Epoch[4] Batch [0-4]	Speed: 16977.77 samples/sec	cross-entropy=1.022245	pressure_mean6-accuracy=0.000000
2023-11-08 14:39:24,777 [INFO]  Epoch[4] Train-cross-entropy=0.799734
2023-11-08 14:39:24,777 [INFO]  Epoch[4] Train-pressure_mean6-accuracy=0.000000
2023-11-08 14:39:24,777 [INFO]  Epoch[4] Time cost=0.008
2023-11-08 14:39:24,778 [INFO]  Saved checkpoint to "./imputer_model/imputer_model_pressure_mean6/model-0004.params"
2023-11-08 14:39:24,779 [INFO]  Epoch[4] Validation-cross-entropy=9.720034
2023-11-08 14:39:24,779 [INFO]  Epoch[4] Validation-pressure_mean6-accuracy=0.000000
2023-11-08 14:39:24,779 [INFO]  
========== done (0.05558419227600098 s) fit model
2023-11-08 14:53:28,901 [INFO]  
========== start: fit model
2023-11-08 14:53:28,901 [WARNING]  Already bound, ignoring bind()
2023-11-08 14:53:28,908 [INFO]  Epoch[0] Batch [0-4]	Speed: 13957.02 samples/sec	cross-entropy=16.035387	pressure_mean6-accuracy=0.000000
2023-11-08 14:53:28,912 [INFO]  Epoch[0] Train-cross-entropy=16.129844
2023-11-08 14:53:28,912 [INFO]  Epoch[0] Train-pressure_mean6-accuracy=0.000000
2023-11-08 14:53:28,912 [INFO]  Epoch[0] Time cost=0.010
2023-11-08 14:53:28,913 [INFO]  Saved checkpoint to "./imputer_model/imputer_model_pressure_mean6/model-0000.params"
2023-11-08 14:53:28,913 [INFO]  Epoch[0] Validation-cross-entropy=6.180858
2023-11-08 14:53:28,914 [INFO]  Epoch[0] Validation-pressure_mean6-accuracy=0.000000
2023-11-08 14:53:28,921 [INFO]  Epoch[1] Batch [0-4]	Speed: 10104.85 samples/sec	cross-entropy=34.790912	pressure_mean6-accuracy=0.000000
2023-11-08 14:53:28,926 [INFO]  Epoch[1] Train-cross-entropy=28.885118
2023-11-08 14:53:28,927 [INFO]  Epoch[1] Train-pressure_mean6-accuracy=0.000000
2023-11-08 14:53:28,927 [INFO]  Epoch[1] Time cost=0.013
2023-11-08 14:53:28,930 [INFO]  Saved checkpoint to "./imputer_model/imputer_model_pressure_mean6/model-0001.params"
2023-11-08 14:53:28,931 [INFO]  Epoch[1] Validation-cross-entropy=10.315404
2023-11-08 14:53:28,931 [INFO]  Epoch[1] Validation-pressure_mean6-accuracy=0.000000
2023-11-08 14:53:28,938 [INFO]  Epoch[2] Batch [0-4]	Speed: 12028.83 samples/sec	cross-entropy=7.554368	pressure_mean6-accuracy=0.000000
2023-11-08 14:53:28,942 [INFO]  Epoch[2] Train-cross-entropy=7.357360
2023-11-08 14:53:28,942 [INFO]  Epoch[2] Train-pressure_mean6-accuracy=0.000000
2023-11-08 14:53:28,942 [INFO]  Epoch[2] Time cost=0.011
2023-11-08 14:53:28,944 [INFO]  Saved checkpoint to "./imputer_model/imputer_model_pressure_mean6/model-0002.params"
2023-11-08 14:53:28,945 [INFO]  Epoch[2] Validation-cross-entropy=6.944026
2023-11-08 14:53:28,945 [INFO]  Epoch[2] Validation-pressure_mean6-accuracy=0.000000
2023-11-08 14:53:28,951 [INFO]  Epoch[3] Batch [0-4]	Speed: 13740.55 samples/sec	cross-entropy=6.385803	pressure_mean6-accuracy=0.000000
2023-11-08 14:53:28,955 [INFO]  Epoch[3] Train-cross-entropy=6.026428
2023-11-08 14:53:28,955 [INFO]  Epoch[3] Train-pressure_mean6-accuracy=0.000000
2023-11-08 14:53:28,955 [INFO]  Epoch[3] Time cost=0.010
2023-11-08 14:53:28,957 [INFO]  Saved checkpoint to "./imputer_model/imputer_model_pressure_mean6/model-0003.params"
2023-11-08 14:53:28,957 [INFO]  Epoch[3] Validation-cross-entropy=6.547862
2023-11-08 14:53:28,957 [INFO]  Epoch[3] Validation-pressure_mean6-accuracy=0.000000
2023-11-08 14:53:28,963 [INFO]  Epoch[4] Batch [0-4]	Speed: 13996.32 samples/sec	cross-entropy=2.352442	pressure_mean6-accuracy=0.000000
2023-11-08 14:53:28,967 [INFO]  Epoch[4] Train-cross-entropy=2.297865
2023-11-08 14:53:28,967 [INFO]  Epoch[4] Train-pressure_mean6-accuracy=0.000000
2023-11-08 14:53:28,967 [INFO]  Epoch[4] Time cost=0.009
2023-11-08 14:53:28,968 [INFO]  Saved checkpoint to "./imputer_model/imputer_model_pressure_mean6/model-0004.params"
2023-11-08 14:53:28,969 [INFO]  Epoch[4] Validation-cross-entropy=5.288407
2023-11-08 14:53:28,969 [INFO]  Epoch[4] Validation-pressure_mean6-accuracy=0.000000
2023-11-08 14:53:28,969 [INFO]  
========== done (0.06790995597839355 s) fit model
