2023-11-08 12:41:48,552 [INFO]  
========== start: fit model
2023-11-08 12:41:48,553 [WARNING]  Already bound, ignoring bind()
2023-11-08 12:41:48,560 [INFO]  Epoch[0] Batch [0-4]	Speed: 15165.84 samples/sec	cross-entropy=20.381462	pressure_mean13-accuracy=2.800000
2023-11-08 12:41:48,566 [INFO]  Epoch[0] Train-cross-entropy=22.871741
2023-11-08 12:41:48,566 [INFO]  Epoch[0] Train-pressure_mean13-accuracy=2.500000
2023-11-08 12:41:48,566 [INFO]  Epoch[0] Time cost=0.012
2023-11-08 12:41:48,569 [INFO]  Saved checkpoint to "./imputer_model/imputer_model_pressure_mean13/model-0000.params"
2023-11-08 12:41:48,569 [INFO]  Epoch[0] Validation-cross-entropy=21.125565
2023-11-08 12:41:48,570 [INFO]  Epoch[0] Validation-pressure_mean13-accuracy=0.000000
2023-11-08 12:41:48,719 [INFO]  Epoch[1] Batch [0-4]	Speed: 1195.84 samples/sec	cross-entropy=42.887394	pressure_mean13-accuracy=2.800000
2023-11-08 12:41:48,725 [INFO]  Epoch[1] Train-cross-entropy=34.510356
2023-11-08 12:41:48,725 [INFO]  Epoch[1] Train-pressure_mean13-accuracy=2.500000
2023-11-08 12:41:48,726 [INFO]  Epoch[1] Time cost=0.156
2023-11-08 12:41:48,728 [INFO]  Saved checkpoint to "./imputer_model/imputer_model_pressure_mean13/model-0001.params"
2023-11-08 12:41:48,884 [INFO]  Epoch[1] Validation-cross-entropy=19.076706
2023-11-08 12:41:48,884 [INFO]  Epoch[1] Validation-pressure_mean13-accuracy=0.000000
2023-11-08 12:41:48,916 [INFO]  Epoch[2] Batch [0-4]	Speed: 3765.98 samples/sec	cross-entropy=7.361454	pressure_mean13-accuracy=2.800000
2023-11-08 12:41:48,924 [INFO]  Epoch[2] Train-cross-entropy=5.442893
2023-11-08 12:41:48,924 [INFO]  Epoch[2] Train-pressure_mean13-accuracy=2.500000
2023-11-08 12:41:48,924 [INFO]  Epoch[2] Time cost=0.040
2023-11-08 12:41:48,927 [INFO]  Saved checkpoint to "./imputer_model/imputer_model_pressure_mean13/model-0002.params"
2023-11-08 12:41:48,928 [INFO]  Epoch[2] Validation-cross-entropy=5.987213
2023-11-08 12:41:48,928 [INFO]  Epoch[2] Validation-pressure_mean13-accuracy=0.000000
2023-11-08 12:41:48,946 [INFO]  Epoch[3] Batch [0-4]	Speed: 5656.75 samples/sec	cross-entropy=5.576607	pressure_mean13-accuracy=2.800000
2023-11-08 12:41:48,955 [INFO]  Epoch[3] Train-cross-entropy=3.953944
2023-11-08 12:41:48,955 [INFO]  Epoch[3] Train-pressure_mean13-accuracy=2.500000
2023-11-08 12:41:48,955 [INFO]  Epoch[3] Time cost=0.027
2023-11-08 12:41:48,958 [INFO]  Saved checkpoint to "./imputer_model/imputer_model_pressure_mean13/model-0003.params"
2023-11-08 12:41:49,129 [INFO]  Epoch[3] Validation-cross-entropy=11.794706
2023-11-08 12:41:49,130 [INFO]  Epoch[3] Validation-pressure_mean13-accuracy=0.000000
2023-11-08 12:41:49,169 [INFO]  Epoch[4] Batch [0-4]	Speed: 15197.61 samples/sec	cross-entropy=2.138847	pressure_mean13-accuracy=2.800000
2023-11-08 12:41:49,172 [INFO]  Epoch[4] Train-cross-entropy=1.573836
2023-11-08 12:41:49,172 [INFO]  Epoch[4] Train-pressure_mean13-accuracy=2.500000
2023-11-08 12:41:49,172 [INFO]  Epoch[4] Time cost=0.042
2023-11-08 12:41:49,175 [INFO]  Saved checkpoint to "./imputer_model/imputer_model_pressure_mean13/model-0004.params"
2023-11-08 12:41:49,176 [INFO]  Epoch[4] Validation-cross-entropy=9.968809
2023-11-08 12:41:49,176 [INFO]  Epoch[4] Validation-pressure_mean13-accuracy=0.000000
2023-11-08 12:41:49,176 [INFO]  
========== done (0.6241035461425781 s) fit model
2023-11-08 13:06:57,254 [INFO]  
========== start: fit model
2023-11-08 13:06:57,270 [WARNING]  Already bound, ignoring bind()
2023-11-08 13:06:57,278 [INFO]  Epoch[0] Batch [0-4]	Speed: 12361.75 samples/sec	cross-entropy=17.749798	pressure_mean13-accuracy=2.600000
2023-11-08 13:06:57,282 [INFO]  Epoch[0] Train-cross-entropy=17.689687
2023-11-08 13:06:57,282 [INFO]  Epoch[0] Train-pressure_mean13-accuracy=2.875000
2023-11-08 13:06:57,282 [INFO]  Epoch[0] Time cost=0.011
2023-11-08 13:06:57,284 [INFO]  Saved checkpoint to "./imputer_model/imputer_model_pressure_mean13/model-0000.params"
2023-11-08 13:06:57,285 [INFO]  Epoch[0] Validation-cross-entropy=27.632338
2023-11-08 13:06:57,285 [INFO]  Epoch[0] Validation-pressure_mean13-accuracy=0.000000
2023-11-08 13:06:57,292 [INFO]  Epoch[1] Batch [0-4]	Speed: 12708.21 samples/sec	cross-entropy=36.164429	pressure_mean13-accuracy=2.600000
2023-11-08 13:06:57,295 [INFO]  Epoch[1] Train-cross-entropy=30.837898
2023-11-08 13:06:57,295 [INFO]  Epoch[1] Train-pressure_mean13-accuracy=2.875000
2023-11-08 13:06:57,295 [INFO]  Epoch[1] Time cost=0.010
2023-11-08 13:06:57,297 [INFO]  Saved checkpoint to "./imputer_model/imputer_model_pressure_mean13/model-0001.params"
2023-11-08 13:06:57,298 [INFO]  Epoch[1] Validation-cross-entropy=11.735883
2023-11-08 13:06:57,298 [INFO]  Epoch[1] Validation-pressure_mean13-accuracy=0.000000
2023-11-08 13:06:57,304 [INFO]  Epoch[2] Batch [0-4]	Speed: 13984.66 samples/sec	cross-entropy=4.289160	pressure_mean13-accuracy=2.600000
2023-11-08 13:06:57,307 [INFO]  Epoch[2] Train-cross-entropy=6.808415
2023-11-08 13:06:57,307 [INFO]  Epoch[2] Train-pressure_mean13-accuracy=2.875000
2023-11-08 13:06:57,307 [INFO]  Epoch[2] Time cost=0.009
2023-11-08 13:06:57,309 [INFO]  Saved checkpoint to "./imputer_model/imputer_model_pressure_mean13/model-0002.params"
2023-11-08 13:06:57,309 [INFO]  Epoch[2] Validation-cross-entropy=7.987597
2023-11-08 13:06:57,309 [INFO]  Epoch[2] Validation-pressure_mean13-accuracy=0.000000
2023-11-08 13:06:57,315 [INFO]  Epoch[3] Batch [0-4]	Speed: 14149.03 samples/sec	cross-entropy=3.888240	pressure_mean13-accuracy=2.600000
2023-11-08 13:06:57,318 [INFO]  Epoch[3] Train-cross-entropy=4.691823
2023-11-08 13:06:57,318 [INFO]  Epoch[3] Train-pressure_mean13-accuracy=2.875000
2023-11-08 13:06:57,318 [INFO]  Epoch[3] Time cost=0.009
2023-11-08 13:06:57,320 [INFO]  Saved checkpoint to "./imputer_model/imputer_model_pressure_mean13/model-0003.params"
2023-11-08 13:06:57,320 [INFO]  Epoch[3] Validation-cross-entropy=11.359968
2023-11-08 13:06:57,320 [INFO]  Epoch[3] Validation-pressure_mean13-accuracy=0.000000
2023-11-08 13:06:57,328 [INFO]  Epoch[4] Batch [0-4]	Speed: 10316.90 samples/sec	cross-entropy=3.010348	pressure_mean13-accuracy=2.600000
2023-11-08 13:06:57,333 [INFO]  Epoch[4] Train-cross-entropy=2.189321
2023-11-08 13:06:57,333 [INFO]  Epoch[4] Train-pressure_mean13-accuracy=2.875000
2023-11-08 13:06:57,333 [INFO]  Epoch[4] Time cost=0.012
2023-11-08 13:06:57,336 [INFO]  Saved checkpoint to "./imputer_model/imputer_model_pressure_mean13/model-0004.params"
2023-11-08 13:06:57,337 [INFO]  Epoch[4] Validation-cross-entropy=7.656649
2023-11-08 13:06:57,338 [INFO]  Epoch[4] Validation-pressure_mean13-accuracy=0.000000
2023-11-08 13:06:57,338 [INFO]  
========== done (0.08399319648742676 s) fit model
2023-11-08 13:20:22,341 [INFO]  
========== start: fit model
2023-11-08 13:20:22,342 [WARNING]  Already bound, ignoring bind()
2023-11-08 13:20:22,351 [INFO]  Epoch[0] Batch [0-4]	Speed: 10059.79 samples/sec	cross-entropy=20.046862	pressure_mean13-accuracy=0.000000
2023-11-08 13:20:22,356 [INFO]  Epoch[0] Train-cross-entropy=20.087988
2023-11-08 13:20:22,356 [INFO]  Epoch[0] Train-pressure_mean13-accuracy=0.000000
2023-11-08 13:20:22,357 [INFO]  Epoch[0] Time cost=0.014
2023-11-08 13:20:22,360 [INFO]  Saved checkpoint to "./imputer_model/imputer_model_pressure_mean13/model-0000.params"
2023-11-08 13:20:22,360 [INFO]  Epoch[0] Validation-cross-entropy=19.365677
2023-11-08 13:20:22,361 [INFO]  Epoch[0] Validation-pressure_mean13-accuracy=0.000000
2023-11-08 13:20:22,368 [INFO]  Epoch[1] Batch [0-4]	Speed: 12138.16 samples/sec	cross-entropy=34.985302	pressure_mean13-accuracy=0.000000
2023-11-08 13:20:22,371 [INFO]  Epoch[1] Train-cross-entropy=26.798353
2023-11-08 13:20:22,372 [INFO]  Epoch[1] Train-pressure_mean13-accuracy=0.000000
2023-11-08 13:20:22,372 [INFO]  Epoch[1] Time cost=0.011
2023-11-08 13:20:22,374 [INFO]  Saved checkpoint to "./imputer_model/imputer_model_pressure_mean13/model-0001.params"
2023-11-08 13:20:22,374 [INFO]  Epoch[1] Validation-cross-entropy=14.054901
2023-11-08 13:20:22,374 [INFO]  Epoch[1] Validation-pressure_mean13-accuracy=0.000000
2023-11-08 13:20:22,380 [INFO]  Epoch[2] Batch [0-4]	Speed: 13994.86 samples/sec	cross-entropy=8.845281	pressure_mean13-accuracy=0.000000
2023-11-08 13:20:22,384 [INFO]  Epoch[2] Train-cross-entropy=7.064370
2023-11-08 13:20:22,384 [INFO]  Epoch[2] Train-pressure_mean13-accuracy=0.000000
2023-11-08 13:20:22,384 [INFO]  Epoch[2] Time cost=0.010
2023-11-08 13:20:22,386 [INFO]  Saved checkpoint to "./imputer_model/imputer_model_pressure_mean13/model-0002.params"
2023-11-08 13:20:22,386 [INFO]  Epoch[2] Validation-cross-entropy=13.599244
2023-11-08 13:20:22,386 [INFO]  Epoch[2] Validation-pressure_mean13-accuracy=0.000000
2023-11-08 13:20:22,392 [INFO]  Epoch[3] Batch [0-4]	Speed: 14477.16 samples/sec	cross-entropy=4.119277	pressure_mean13-accuracy=0.000000
2023-11-08 13:20:22,395 [INFO]  Epoch[3] Train-cross-entropy=3.143284
2023-11-08 13:20:22,395 [INFO]  Epoch[3] Train-pressure_mean13-accuracy=0.000000
2023-11-08 13:20:22,395 [INFO]  Epoch[3] Time cost=0.009
2023-11-08 13:20:22,397 [INFO]  Saved checkpoint to "./imputer_model/imputer_model_pressure_mean13/model-0003.params"
2023-11-08 13:20:22,397 [INFO]  Epoch[3] Validation-cross-entropy=7.379668
2023-11-08 13:20:22,397 [INFO]  Epoch[3] Validation-pressure_mean13-accuracy=0.000000
2023-11-08 13:20:22,403 [INFO]  Epoch[4] Batch [0-4]	Speed: 14569.09 samples/sec	cross-entropy=1.496188	pressure_mean13-accuracy=0.000000
2023-11-08 13:20:22,406 [INFO]  Epoch[4] Train-cross-entropy=1.431931
2023-11-08 13:20:22,406 [INFO]  Epoch[4] Train-pressure_mean13-accuracy=0.000000
2023-11-08 13:20:22,406 [INFO]  Epoch[4] Time cost=0.009
2023-11-08 13:20:22,408 [INFO]  Saved checkpoint to "./imputer_model/imputer_model_pressure_mean13/model-0004.params"
2023-11-08 13:20:22,408 [INFO]  Epoch[4] Validation-cross-entropy=8.042883
2023-11-08 13:20:22,408 [INFO]  Epoch[4] Validation-pressure_mean13-accuracy=0.000000
2023-11-08 13:20:22,408 [INFO]  
========== done (0.06685924530029297 s) fit model
2023-11-08 13:33:43,101 [INFO]  
========== start: fit model
2023-11-08 13:33:43,102 [WARNING]  Already bound, ignoring bind()
2023-11-08 13:33:43,111 [INFO]  Epoch[0] Batch [0-4]	Speed: 10527.71 samples/sec	cross-entropy=17.291440	pressure_mean13-accuracy=3.200000
2023-11-08 13:33:43,115 [INFO]  Epoch[0] Train-cross-entropy=16.275593
2023-11-08 13:33:43,115 [INFO]  Epoch[0] Train-pressure_mean13-accuracy=2.875000
2023-11-08 13:33:43,116 [INFO]  Epoch[0] Time cost=0.013
2023-11-08 13:33:43,118 [INFO]  Saved checkpoint to "./imputer_model/imputer_model_pressure_mean13/model-0000.params"
2023-11-08 13:33:43,119 [INFO]  Epoch[0] Validation-cross-entropy=16.275459
2023-11-08 13:33:43,119 [INFO]  Epoch[0] Validation-pressure_mean13-accuracy=0.000000
2023-11-08 13:33:43,125 [INFO]  Epoch[1] Batch [0-4]	Speed: 15335.66 samples/sec	cross-entropy=51.168626	pressure_mean13-accuracy=3.200000
2023-11-08 13:33:43,128 [INFO]  Epoch[1] Train-cross-entropy=40.191925
2023-11-08 13:33:43,128 [INFO]  Epoch[1] Train-pressure_mean13-accuracy=2.875000
2023-11-08 13:33:43,128 [INFO]  Epoch[1] Time cost=0.009
2023-11-08 13:33:43,130 [INFO]  Saved checkpoint to "./imputer_model/imputer_model_pressure_mean13/model-0001.params"
2023-11-08 13:33:43,130 [INFO]  Epoch[1] Validation-cross-entropy=10.758998
2023-11-08 13:33:43,130 [INFO]  Epoch[1] Validation-pressure_mean13-accuracy=0.000000
2023-11-08 13:33:43,134 [INFO]  Epoch[2] Batch [0-4]	Speed: 20746.23 samples/sec	cross-entropy=8.963855	pressure_mean13-accuracy=3.200000
2023-11-08 13:33:43,137 [INFO]  Epoch[2] Train-cross-entropy=12.086329
2023-11-08 13:33:43,137 [INFO]  Epoch[2] Train-pressure_mean13-accuracy=2.875000
2023-11-08 13:33:43,137 [INFO]  Epoch[2] Time cost=0.007
2023-11-08 13:33:43,138 [INFO]  Saved checkpoint to "./imputer_model/imputer_model_pressure_mean13/model-0002.params"
2023-11-08 13:33:43,139 [INFO]  Epoch[2] Validation-cross-entropy=7.814162
2023-11-08 13:33:43,139 [INFO]  Epoch[2] Validation-pressure_mean13-accuracy=0.000000
2023-11-08 13:33:43,143 [INFO]  Epoch[3] Batch [0-4]	Speed: 19697.35 samples/sec	cross-entropy=7.051448	pressure_mean13-accuracy=3.200000
2023-11-08 13:33:43,145 [INFO]  Epoch[3] Train-cross-entropy=8.878038
2023-11-08 13:33:43,145 [INFO]  Epoch[3] Train-pressure_mean13-accuracy=2.875000
2023-11-08 13:33:43,145 [INFO]  Epoch[3] Time cost=0.007
2023-11-08 13:33:43,147 [INFO]  Saved checkpoint to "./imputer_model/imputer_model_pressure_mean13/model-0003.params"
2023-11-08 13:33:43,147 [INFO]  Epoch[3] Validation-cross-entropy=10.300327
2023-11-08 13:33:43,147 [INFO]  Epoch[3] Validation-pressure_mean13-accuracy=0.000000
2023-11-08 13:33:43,152 [INFO]  Epoch[4] Batch [0-4]	Speed: 17744.28 samples/sec	cross-entropy=2.181492	pressure_mean13-accuracy=3.200000
2023-11-08 13:33:43,155 [INFO]  Epoch[4] Train-cross-entropy=1.647126
2023-11-08 13:33:43,155 [INFO]  Epoch[4] Train-pressure_mean13-accuracy=2.875000
2023-11-08 13:33:43,155 [INFO]  Epoch[4] Time cost=0.008
2023-11-08 13:33:43,158 [INFO]  Saved checkpoint to "./imputer_model/imputer_model_pressure_mean13/model-0004.params"
2023-11-08 13:33:43,159 [INFO]  Epoch[4] Validation-cross-entropy=7.762220
2023-11-08 13:33:43,159 [INFO]  Epoch[4] Validation-pressure_mean13-accuracy=0.000000
2023-11-08 13:33:43,159 [INFO]  
========== done (0.05731010437011719 s) fit model
2023-11-08 13:47:02,933 [INFO]  
========== start: fit model
2023-11-08 13:47:02,933 [WARNING]  Already bound, ignoring bind()
2023-11-08 13:47:02,940 [INFO]  Epoch[0] Batch [0-4]	Speed: 14048.33 samples/sec	cross-entropy=22.054105	pressure_mean13-accuracy=0.000000
2023-11-08 13:47:02,944 [INFO]  Epoch[0] Train-cross-entropy=22.030504
2023-11-08 13:47:02,944 [INFO]  Epoch[0] Train-pressure_mean13-accuracy=0.000000
2023-11-08 13:47:02,944 [INFO]  Epoch[0] Time cost=0.010
2023-11-08 13:47:02,945 [INFO]  Saved checkpoint to "./imputer_model/imputer_model_pressure_mean13/model-0000.params"
2023-11-08 13:47:02,945 [INFO]  Epoch[0] Validation-cross-entropy=22.052525
2023-11-08 13:47:02,945 [INFO]  Epoch[0] Validation-pressure_mean13-accuracy=0.000000
2023-11-08 13:47:02,953 [INFO]  Epoch[1] Batch [0-4]	Speed: 10372.31 samples/sec	cross-entropy=60.320489	pressure_mean13-accuracy=0.000000
2023-11-08 13:47:02,958 [INFO]  Epoch[1] Train-cross-entropy=43.519510
2023-11-08 13:47:02,958 [INFO]  Epoch[1] Train-pressure_mean13-accuracy=0.000000
2023-11-08 13:47:02,958 [INFO]  Epoch[1] Time cost=0.013
2023-11-08 13:47:02,962 [INFO]  Saved checkpoint to "./imputer_model/imputer_model_pressure_mean13/model-0001.params"
2023-11-08 13:47:02,963 [INFO]  Epoch[1] Validation-cross-entropy=10.953224
2023-11-08 13:47:02,963 [INFO]  Epoch[1] Validation-pressure_mean13-accuracy=0.000000
2023-11-08 13:47:02,968 [INFO]  Epoch[2] Batch [0-4]	Speed: 16622.42 samples/sec	cross-entropy=6.934721	pressure_mean13-accuracy=0.000000
2023-11-08 13:47:02,971 [INFO]  Epoch[2] Train-cross-entropy=5.639593
2023-11-08 13:47:02,971 [INFO]  Epoch[2] Train-pressure_mean13-accuracy=0.000000
2023-11-08 13:47:02,971 [INFO]  Epoch[2] Time cost=0.008
2023-11-08 13:47:02,973 [INFO]  Saved checkpoint to "./imputer_model/imputer_model_pressure_mean13/model-0002.params"
2023-11-08 13:47:02,974 [INFO]  Epoch[2] Validation-cross-entropy=10.215820
2023-11-08 13:47:02,974 [INFO]  Epoch[2] Validation-pressure_mean13-accuracy=0.000000
2023-11-08 13:47:02,978 [INFO]  Epoch[3] Batch [0-4]	Speed: 17709.16 samples/sec	cross-entropy=3.156207	pressure_mean13-accuracy=0.000000
2023-11-08 13:47:02,981 [INFO]  Epoch[3] Train-cross-entropy=2.480482
2023-11-08 13:47:02,981 [INFO]  Epoch[3] Train-pressure_mean13-accuracy=0.000000
2023-11-08 13:47:02,981 [INFO]  Epoch[3] Time cost=0.008
2023-11-08 13:47:02,983 [INFO]  Saved checkpoint to "./imputer_model/imputer_model_pressure_mean13/model-0003.params"
2023-11-08 13:47:02,983 [INFO]  Epoch[3] Validation-cross-entropy=9.529377
2023-11-08 13:47:02,983 [INFO]  Epoch[3] Validation-pressure_mean13-accuracy=0.000000
2023-11-08 13:47:02,988 [INFO]  Epoch[4] Batch [0-4]	Speed: 17426.35 samples/sec	cross-entropy=1.699234	pressure_mean13-accuracy=0.000000
2023-11-08 13:47:02,991 [INFO]  Epoch[4] Train-cross-entropy=1.426681
2023-11-08 13:47:02,991 [INFO]  Epoch[4] Train-pressure_mean13-accuracy=0.000000
2023-11-08 13:47:02,991 [INFO]  Epoch[4] Time cost=0.008
2023-11-08 13:47:02,993 [INFO]  Saved checkpoint to "./imputer_model/imputer_model_pressure_mean13/model-0004.params"
2023-11-08 13:47:02,994 [INFO]  Epoch[4] Validation-cross-entropy=10.523214
2023-11-08 13:47:02,994 [INFO]  Epoch[4] Validation-pressure_mean13-accuracy=0.000000
2023-11-08 13:47:02,994 [INFO]  
========== done (0.06095623970031738 s) fit model
2023-11-08 14:00:25,551 [INFO]  
========== start: fit model
2023-11-08 14:00:25,551 [WARNING]  Already bound, ignoring bind()
2023-11-08 14:00:25,559 [INFO]  Epoch[0] Batch [0-4]	Speed: 10927.11 samples/sec	cross-entropy=25.508358	pressure_mean13-accuracy=0.000000
2023-11-08 14:00:25,564 [INFO]  Epoch[0] Train-cross-entropy=23.248728
2023-11-08 14:00:25,564 [INFO]  Epoch[0] Train-pressure_mean13-accuracy=0.000000
2023-11-08 14:00:25,564 [INFO]  Epoch[0] Time cost=0.013
2023-11-08 14:00:25,568 [INFO]  Saved checkpoint to "./imputer_model/imputer_model_pressure_mean13/model-0000.params"
2023-11-08 14:00:25,569 [INFO]  Epoch[0] Validation-cross-entropy=21.478413
2023-11-08 14:00:25,569 [INFO]  Epoch[0] Validation-pressure_mean13-accuracy=0.000000
2023-11-08 14:00:25,575 [INFO]  Epoch[1] Batch [0-4]	Speed: 15461.09 samples/sec	cross-entropy=38.547062	pressure_mean13-accuracy=0.000000
2023-11-08 14:00:25,578 [INFO]  Epoch[1] Train-cross-entropy=39.076479
2023-11-08 14:00:25,578 [INFO]  Epoch[1] Train-pressure_mean13-accuracy=0.000000
2023-11-08 14:00:25,578 [INFO]  Epoch[1] Time cost=0.009
2023-11-08 14:00:25,580 [INFO]  Saved checkpoint to "./imputer_model/imputer_model_pressure_mean13/model-0001.params"
2023-11-08 14:00:25,581 [INFO]  Epoch[1] Validation-cross-entropy=16.942524
2023-11-08 14:00:25,581 [INFO]  Epoch[1] Validation-pressure_mean13-accuracy=0.000000
2023-11-08 14:00:25,586 [INFO]  Epoch[2] Batch [0-4]	Speed: 18413.74 samples/sec	cross-entropy=9.428203	pressure_mean13-accuracy=0.000000
2023-11-08 14:00:25,588 [INFO]  Epoch[2] Train-cross-entropy=8.420334
2023-11-08 14:00:25,589 [INFO]  Epoch[2] Train-pressure_mean13-accuracy=0.000000
2023-11-08 14:00:25,589 [INFO]  Epoch[2] Time cost=0.007
2023-11-08 14:00:25,590 [INFO]  Saved checkpoint to "./imputer_model/imputer_model_pressure_mean13/model-0002.params"
2023-11-08 14:00:25,591 [INFO]  Epoch[2] Validation-cross-entropy=24.323166
2023-11-08 14:00:25,591 [INFO]  Epoch[2] Validation-pressure_mean13-accuracy=0.000000
2023-11-08 14:00:25,595 [INFO]  Epoch[3] Batch [0-4]	Speed: 18478.38 samples/sec	cross-entropy=3.792134	pressure_mean13-accuracy=0.000000
2023-11-08 14:00:25,598 [INFO]  Epoch[3] Train-cross-entropy=4.787061
2023-11-08 14:00:25,598 [INFO]  Epoch[3] Train-pressure_mean13-accuracy=0.000000
2023-11-08 14:00:25,598 [INFO]  Epoch[3] Time cost=0.007
2023-11-08 14:00:25,599 [INFO]  Saved checkpoint to "./imputer_model/imputer_model_pressure_mean13/model-0003.params"
2023-11-08 14:00:25,600 [INFO]  Epoch[3] Validation-cross-entropy=30.693087
2023-11-08 14:00:25,600 [INFO]  Epoch[3] Validation-pressure_mean13-accuracy=0.000000
2023-11-08 14:00:25,604 [INFO]  Epoch[4] Batch [0-4]	Speed: 17930.36 samples/sec	cross-entropy=2.063782	pressure_mean13-accuracy=0.000000
2023-11-08 14:00:25,607 [INFO]  Epoch[4] Train-cross-entropy=1.677000
2023-11-08 14:00:25,607 [INFO]  Epoch[4] Train-pressure_mean13-accuracy=0.000000
2023-11-08 14:00:25,607 [INFO]  Epoch[4] Time cost=0.007
2023-11-08 14:00:25,608 [INFO]  Saved checkpoint to "./imputer_model/imputer_model_pressure_mean13/model-0004.params"
2023-11-08 14:00:25,609 [INFO]  Epoch[4] Validation-cross-entropy=16.485893
2023-11-08 14:00:25,609 [INFO]  Epoch[4] Validation-pressure_mean13-accuracy=0.000000
2023-11-08 14:00:25,609 [INFO]  
========== done (0.05774235725402832 s) fit model
2023-11-08 14:13:50,937 [INFO]  
========== start: fit model
2023-11-08 14:13:50,938 [WARNING]  Already bound, ignoring bind()
2023-11-08 14:13:50,945 [INFO]  Epoch[0] Batch [0-4]	Speed: 13797.05 samples/sec	cross-entropy=17.150904	pressure_mean13-accuracy=2.800000
2023-11-08 14:13:50,948 [INFO]  Epoch[0] Train-cross-entropy=18.324966
2023-11-08 14:13:50,948 [INFO]  Epoch[0] Train-pressure_mean13-accuracy=2.750000
2023-11-08 14:13:50,948 [INFO]  Epoch[0] Time cost=0.010
2023-11-08 14:13:50,949 [INFO]  Saved checkpoint to "./imputer_model/imputer_model_pressure_mean13/model-0000.params"
2023-11-08 14:13:50,950 [INFO]  Epoch[0] Validation-cross-entropy=10.443564
2023-11-08 14:13:50,950 [INFO]  Epoch[0] Validation-pressure_mean13-accuracy=0.000000
2023-11-08 14:13:50,955 [INFO]  Epoch[1] Batch [0-4]	Speed: 14992.21 samples/sec	cross-entropy=43.570483	pressure_mean13-accuracy=2.800000
2023-11-08 14:13:50,959 [INFO]  Epoch[1] Train-cross-entropy=58.497485
2023-11-08 14:13:50,959 [INFO]  Epoch[1] Train-pressure_mean13-accuracy=2.750000
2023-11-08 14:13:50,959 [INFO]  Epoch[1] Time cost=0.009
2023-11-08 14:13:50,960 [INFO]  Saved checkpoint to "./imputer_model/imputer_model_pressure_mean13/model-0001.params"
2023-11-08 14:13:50,961 [INFO]  Epoch[1] Validation-cross-entropy=6.198590
2023-11-08 14:13:50,961 [INFO]  Epoch[1] Validation-pressure_mean13-accuracy=0.000000
2023-11-08 14:13:50,966 [INFO]  Epoch[2] Batch [0-4]	Speed: 16352.06 samples/sec	cross-entropy=11.509106	pressure_mean13-accuracy=2.800000
2023-11-08 14:13:50,969 [INFO]  Epoch[2] Train-cross-entropy=16.217679
2023-11-08 14:13:50,969 [INFO]  Epoch[2] Train-pressure_mean13-accuracy=2.750000
2023-11-08 14:13:50,969 [INFO]  Epoch[2] Time cost=0.008
2023-11-08 14:13:50,970 [INFO]  Saved checkpoint to "./imputer_model/imputer_model_pressure_mean13/model-0002.params"
2023-11-08 14:13:50,970 [INFO]  Epoch[2] Validation-cross-entropy=31.036942
2023-11-08 14:13:50,970 [INFO]  Epoch[2] Validation-pressure_mean13-accuracy=0.000000
2023-11-08 14:13:50,975 [INFO]  Epoch[3] Batch [0-4]	Speed: 16873.18 samples/sec	cross-entropy=6.061574	pressure_mean13-accuracy=2.800000
2023-11-08 14:13:50,978 [INFO]  Epoch[3] Train-cross-entropy=4.709547
2023-11-08 14:13:50,978 [INFO]  Epoch[3] Train-pressure_mean13-accuracy=2.750000
2023-11-08 14:13:50,978 [INFO]  Epoch[3] Time cost=0.008
2023-11-08 14:13:50,979 [INFO]  Saved checkpoint to "./imputer_model/imputer_model_pressure_mean13/model-0003.params"
2023-11-08 14:13:50,980 [INFO]  Epoch[3] Validation-cross-entropy=6.376583
2023-11-08 14:13:50,980 [INFO]  Epoch[3] Validation-pressure_mean13-accuracy=0.000000
2023-11-08 14:13:50,985 [INFO]  Epoch[4] Batch [0-4]	Speed: 17611.56 samples/sec	cross-entropy=4.659270	pressure_mean13-accuracy=2.800000
2023-11-08 14:13:50,987 [INFO]  Epoch[4] Train-cross-entropy=3.307379
2023-11-08 14:13:50,987 [INFO]  Epoch[4] Train-pressure_mean13-accuracy=2.750000
2023-11-08 14:13:50,987 [INFO]  Epoch[4] Time cost=0.007
2023-11-08 14:13:50,989 [INFO]  Saved checkpoint to "./imputer_model/imputer_model_pressure_mean13/model-0004.params"
2023-11-08 14:13:50,989 [INFO]  Epoch[4] Validation-cross-entropy=10.548332
2023-11-08 14:13:50,989 [INFO]  Epoch[4] Validation-pressure_mean13-accuracy=0.000000
2023-11-08 14:13:50,989 [INFO]  
========== done (0.05179238319396973 s) fit model
2023-11-08 14:27:26,604 [INFO]  
========== start: fit model
2023-11-08 14:27:26,604 [WARNING]  Already bound, ignoring bind()
2023-11-08 14:27:26,613 [INFO]  Epoch[0] Batch [0-4]	Speed: 9426.73 samples/sec	cross-entropy=16.211215	pressure_mean13-accuracy=0.000000
2023-11-08 14:27:26,619 [INFO]  Epoch[0] Train-cross-entropy=15.180486
2023-11-08 14:27:26,619 [INFO]  Epoch[0] Train-pressure_mean13-accuracy=0.000000
2023-11-08 14:27:26,619 [INFO]  Epoch[0] Time cost=0.014
2023-11-08 14:27:26,622 [INFO]  Saved checkpoint to "./imputer_model/imputer_model_pressure_mean13/model-0000.params"
2023-11-08 14:27:26,623 [INFO]  Epoch[0] Validation-cross-entropy=104.772873
2023-11-08 14:27:26,623 [INFO]  Epoch[0] Validation-pressure_mean13-accuracy=0.000000
2023-11-08 14:27:26,630 [INFO]  Epoch[1] Batch [0-4]	Speed: 12432.17 samples/sec	cross-entropy=31.446354	pressure_mean13-accuracy=0.000000
2023-11-08 14:27:26,634 [INFO]  Epoch[1] Train-cross-entropy=26.743991
2023-11-08 14:27:26,634 [INFO]  Epoch[1] Train-pressure_mean13-accuracy=0.000000
2023-11-08 14:27:26,634 [INFO]  Epoch[1] Time cost=0.011
2023-11-08 14:27:26,636 [INFO]  Saved checkpoint to "./imputer_model/imputer_model_pressure_mean13/model-0001.params"
2023-11-08 14:27:26,637 [INFO]  Epoch[1] Validation-cross-entropy=6.454015
2023-11-08 14:27:26,637 [INFO]  Epoch[1] Validation-pressure_mean13-accuracy=0.000000
2023-11-08 14:27:26,643 [INFO]  Epoch[2] Batch [0-4]	Speed: 14175.18 samples/sec	cross-entropy=6.639596	pressure_mean13-accuracy=0.000000
2023-11-08 14:27:26,646 [INFO]  Epoch[2] Train-cross-entropy=5.478770
2023-11-08 14:27:26,646 [INFO]  Epoch[2] Train-pressure_mean13-accuracy=0.000000
2023-11-08 14:27:26,646 [INFO]  Epoch[2] Time cost=0.009
2023-11-08 14:27:26,648 [INFO]  Saved checkpoint to "./imputer_model/imputer_model_pressure_mean13/model-0002.params"
2023-11-08 14:27:26,648 [INFO]  Epoch[2] Validation-cross-entropy=100.331200
2023-11-08 14:27:26,648 [INFO]  Epoch[2] Validation-pressure_mean13-accuracy=0.000000
2023-11-08 14:27:26,653 [INFO]  Epoch[3] Batch [0-4]	Speed: 16117.41 samples/sec	cross-entropy=3.151141	pressure_mean13-accuracy=0.000000
2023-11-08 14:27:26,656 [INFO]  Epoch[3] Train-cross-entropy=2.506880
2023-11-08 14:27:26,656 [INFO]  Epoch[3] Train-pressure_mean13-accuracy=0.000000
2023-11-08 14:27:26,656 [INFO]  Epoch[3] Time cost=0.008
2023-11-08 14:27:26,657 [INFO]  Saved checkpoint to "./imputer_model/imputer_model_pressure_mean13/model-0003.params"
2023-11-08 14:27:26,658 [INFO]  Epoch[3] Validation-cross-entropy=125.479919
2023-11-08 14:27:26,658 [INFO]  Epoch[3] Validation-pressure_mean13-accuracy=0.000000
2023-11-08 14:27:26,662 [INFO]  Epoch[4] Batch [0-4]	Speed: 20741.42 samples/sec	cross-entropy=1.328944	pressure_mean13-accuracy=0.000000
2023-11-08 14:27:26,664 [INFO]  Epoch[4] Train-cross-entropy=2.165444
2023-11-08 14:27:26,664 [INFO]  Epoch[4] Train-pressure_mean13-accuracy=0.000000
2023-11-08 14:27:26,664 [INFO]  Epoch[4] Time cost=0.006
2023-11-08 14:27:26,666 [INFO]  Saved checkpoint to "./imputer_model/imputer_model_pressure_mean13/model-0004.params"
2023-11-08 14:27:26,666 [INFO]  Epoch[4] Validation-cross-entropy=30.141203
2023-11-08 14:27:26,666 [INFO]  Epoch[4] Validation-pressure_mean13-accuracy=0.000000
2023-11-08 14:27:26,666 [INFO]  
========== done (0.062238454818725586 s) fit model
2023-11-08 14:41:28,084 [INFO]  
========== start: fit model
2023-11-08 14:41:28,084 [WARNING]  Already bound, ignoring bind()
2023-11-08 14:41:28,092 [INFO]  Epoch[0] Batch [0-4]	Speed: 14217.23 samples/sec	cross-entropy=18.834380	pressure_mean13-accuracy=4.000000
2023-11-08 14:41:28,095 [INFO]  Epoch[0] Train-cross-entropy=19.815497
2023-11-08 14:41:28,095 [INFO]  Epoch[0] Train-pressure_mean13-accuracy=3.000000
2023-11-08 14:41:28,095 [INFO]  Epoch[0] Time cost=0.010
2023-11-08 14:41:28,097 [INFO]  Saved checkpoint to "./imputer_model/imputer_model_pressure_mean13/model-0000.params"
2023-11-08 14:41:28,097 [INFO]  Epoch[0] Validation-cross-entropy=121.185181
2023-11-08 14:41:28,097 [INFO]  Epoch[0] Validation-pressure_mean13-accuracy=0.000000
2023-11-08 14:41:28,103 [INFO]  Epoch[1] Batch [0-4]	Speed: 15210.53 samples/sec	cross-entropy=42.032317	pressure_mean13-accuracy=4.000000
2023-11-08 14:41:28,106 [INFO]  Epoch[1] Train-cross-entropy=34.870455
2023-11-08 14:41:28,106 [INFO]  Epoch[1] Train-pressure_mean13-accuracy=3.000000
2023-11-08 14:41:28,106 [INFO]  Epoch[1] Time cost=0.009
2023-11-08 14:41:28,107 [INFO]  Saved checkpoint to "./imputer_model/imputer_model_pressure_mean13/model-0001.params"
2023-11-08 14:41:28,108 [INFO]  Epoch[1] Validation-cross-entropy=69.295944
2023-11-08 14:41:28,108 [INFO]  Epoch[1] Validation-pressure_mean13-accuracy=0.000000
2023-11-08 14:41:28,113 [INFO]  Epoch[2] Batch [0-4]	Speed: 16677.15 samples/sec	cross-entropy=7.857543	pressure_mean13-accuracy=4.000000
2023-11-08 14:41:28,116 [INFO]  Epoch[2] Train-cross-entropy=7.465990
2023-11-08 14:41:28,116 [INFO]  Epoch[2] Train-pressure_mean13-accuracy=3.000000
2023-11-08 14:41:28,116 [INFO]  Epoch[2] Time cost=0.008
2023-11-08 14:41:28,117 [INFO]  Saved checkpoint to "./imputer_model/imputer_model_pressure_mean13/model-0002.params"
2023-11-08 14:41:28,118 [INFO]  Epoch[2] Validation-cross-entropy=133.141739
2023-11-08 14:41:28,118 [INFO]  Epoch[2] Validation-pressure_mean13-accuracy=0.000000
2023-11-08 14:41:28,123 [INFO]  Epoch[3] Batch [0-4]	Speed: 17065.19 samples/sec	cross-entropy=5.061044	pressure_mean13-accuracy=4.000000
2023-11-08 14:41:28,126 [INFO]  Epoch[3] Train-cross-entropy=3.869346
2023-11-08 14:41:28,126 [INFO]  Epoch[3] Train-pressure_mean13-accuracy=3.000000
2023-11-08 14:41:28,126 [INFO]  Epoch[3] Time cost=0.008
2023-11-08 14:41:28,127 [INFO]  Saved checkpoint to "./imputer_model/imputer_model_pressure_mean13/model-0003.params"
2023-11-08 14:41:28,128 [INFO]  Epoch[3] Validation-cross-entropy=81.741615
2023-11-08 14:41:28,128 [INFO]  Epoch[3] Validation-pressure_mean13-accuracy=0.000000
2023-11-08 14:41:28,134 [INFO]  Epoch[4] Batch [0-4]	Speed: 13911.46 samples/sec	cross-entropy=1.534146	pressure_mean13-accuracy=4.000000
2023-11-08 14:41:28,137 [INFO]  Epoch[4] Train-cross-entropy=1.319651
2023-11-08 14:41:28,137 [INFO]  Epoch[4] Train-pressure_mean13-accuracy=3.000000
2023-11-08 14:41:28,137 [INFO]  Epoch[4] Time cost=0.009
2023-11-08 14:41:28,139 [INFO]  Saved checkpoint to "./imputer_model/imputer_model_pressure_mean13/model-0004.params"
2023-11-08 14:41:28,139 [INFO]  Epoch[4] Validation-cross-entropy=95.003403
2023-11-08 14:41:28,139 [INFO]  Epoch[4] Validation-pressure_mean13-accuracy=0.000000
2023-11-08 14:41:28,139 [INFO]  
========== done (0.05506253242492676 s) fit model
2023-11-08 14:55:33,027 [INFO]  
========== start: fit model
2023-11-08 14:55:33,027 [WARNING]  Already bound, ignoring bind()
2023-11-08 14:55:33,034 [INFO]  Epoch[0] Batch [0-4]	Speed: 13941.80 samples/sec	cross-entropy=17.982221	pressure_mean13-accuracy=0.000000
2023-11-08 14:55:33,038 [INFO]  Epoch[0] Train-cross-entropy=25.237822
2023-11-08 14:55:33,038 [INFO]  Epoch[0] Train-pressure_mean13-accuracy=0.000000
2023-11-08 14:55:33,038 [INFO]  Epoch[0] Time cost=0.010
2023-11-08 14:55:33,039 [INFO]  Saved checkpoint to "./imputer_model/imputer_model_pressure_mean13/model-0000.params"
2023-11-08 14:55:33,040 [INFO]  Epoch[0] Validation-cross-entropy=22.132334
2023-11-08 14:55:33,040 [INFO]  Epoch[0] Validation-pressure_mean13-accuracy=0.000000
2023-11-08 14:55:33,048 [INFO]  Epoch[1] Batch [0-4]	Speed: 10187.30 samples/sec	cross-entropy=34.614174	pressure_mean13-accuracy=0.000000
2023-11-08 14:55:33,054 [INFO]  Epoch[1] Train-cross-entropy=31.799699
2023-11-08 14:55:33,054 [INFO]  Epoch[1] Train-pressure_mean13-accuracy=0.000000
2023-11-08 14:55:33,054 [INFO]  Epoch[1] Time cost=0.014
2023-11-08 14:55:33,057 [INFO]  Saved checkpoint to "./imputer_model/imputer_model_pressure_mean13/model-0001.params"
2023-11-08 14:55:33,058 [INFO]  Epoch[1] Validation-cross-entropy=13.783588
2023-11-08 14:55:33,058 [INFO]  Epoch[1] Validation-pressure_mean13-accuracy=0.000000
2023-11-08 14:55:33,064 [INFO]  Epoch[2] Batch [0-4]	Speed: 14056.42 samples/sec	cross-entropy=8.518482	pressure_mean13-accuracy=0.000000
2023-11-08 14:55:33,067 [INFO]  Epoch[2] Train-cross-entropy=9.676271
2023-11-08 14:55:33,067 [INFO]  Epoch[2] Train-pressure_mean13-accuracy=0.000000
2023-11-08 14:55:33,067 [INFO]  Epoch[2] Time cost=0.009
2023-11-08 14:55:33,069 [INFO]  Saved checkpoint to "./imputer_model/imputer_model_pressure_mean13/model-0002.params"
2023-11-08 14:55:33,070 [INFO]  Epoch[2] Validation-cross-entropy=13.807341
2023-11-08 14:55:33,070 [INFO]  Epoch[2] Validation-pressure_mean13-accuracy=0.000000
2023-11-08 14:55:33,075 [INFO]  Epoch[3] Batch [0-4]	Speed: 16074.94 samples/sec	cross-entropy=3.473067	pressure_mean13-accuracy=0.000000
2023-11-08 14:55:33,078 [INFO]  Epoch[3] Train-cross-entropy=3.518506
2023-11-08 14:55:33,078 [INFO]  Epoch[3] Train-pressure_mean13-accuracy=0.000000
2023-11-08 14:55:33,078 [INFO]  Epoch[3] Time cost=0.009
2023-11-08 14:55:33,080 [INFO]  Saved checkpoint to "./imputer_model/imputer_model_pressure_mean13/model-0003.params"
2023-11-08 14:55:33,081 [INFO]  Epoch[3] Validation-cross-entropy=12.130890
2023-11-08 14:55:33,081 [INFO]  Epoch[3] Validation-pressure_mean13-accuracy=0.000000
2023-11-08 14:55:33,089 [INFO]  Epoch[4] Batch [0-4]	Speed: 11703.67 samples/sec	cross-entropy=2.177164	pressure_mean13-accuracy=0.000000
2023-11-08 14:55:33,092 [INFO]  Epoch[4] Train-cross-entropy=1.695028
2023-11-08 14:55:33,093 [INFO]  Epoch[4] Train-pressure_mean13-accuracy=0.000000
2023-11-08 14:55:33,093 [INFO]  Epoch[4] Time cost=0.011
2023-11-08 14:55:33,095 [INFO]  Saved checkpoint to "./imputer_model/imputer_model_pressure_mean13/model-0004.params"
2023-11-08 14:55:33,096 [INFO]  Epoch[4] Validation-cross-entropy=10.363253
2023-11-08 14:55:33,096 [INFO]  Epoch[4] Validation-pressure_mean13-accuracy=0.000000
2023-11-08 14:55:33,096 [INFO]  
========== done (0.06945133209228516 s) fit model
