2023-11-08 12:36:32,958 [INFO]  
========== start: fit model
2023-11-08 12:36:32,963 [WARNING]  Already bound, ignoring bind()
2023-11-08 12:36:32,976 [INFO]  Epoch[0] Batch [0-4]	Speed: 6831.11 samples/sec	cross-entropy=29.135751	gmrt_in_air9-accuracy=0.000000
2023-11-08 12:36:32,985 [INFO]  Epoch[0] Train-cross-entropy=24.132119
2023-11-08 12:36:32,985 [INFO]  Epoch[0] Train-gmrt_in_air9-accuracy=0.000000
2023-11-08 12:36:32,985 [INFO]  Epoch[0] Time cost=0.020
2023-11-08 12:36:32,988 [INFO]  Saved checkpoint to "./imputer_model/imputer_model_gmrt_in_air9/model-0000.params"
2023-11-08 12:36:32,993 [INFO]  Epoch[0] Validation-cross-entropy=9.589616
2023-11-08 12:36:32,993 [INFO]  Epoch[0] Validation-gmrt_in_air9-accuracy=0.000000
2023-11-08 12:36:33,460 [INFO]  Epoch[1] Batch [0-4]	Speed: 141.11 samples/sec	cross-entropy=39.917514	gmrt_in_air9-accuracy=0.000000
2023-11-08 12:36:33,471 [INFO]  Epoch[1] Train-cross-entropy=29.379973
2023-11-08 12:36:33,471 [INFO]  Epoch[1] Train-gmrt_in_air9-accuracy=0.000000
2023-11-08 12:36:33,471 [INFO]  Epoch[1] Time cost=0.478
2023-11-08 12:36:33,479 [INFO]  Saved checkpoint to "./imputer_model/imputer_model_gmrt_in_air9/model-0001.params"
2023-11-08 12:36:33,628 [INFO]  Epoch[1] Validation-cross-entropy=6.983249
2023-11-08 12:36:33,628 [INFO]  Epoch[1] Validation-gmrt_in_air9-accuracy=0.000000
2023-11-08 12:36:35,711 [INFO]  Epoch[2] Batch [0-4]	Speed: 41.56 samples/sec	cross-entropy=9.706320	gmrt_in_air9-accuracy=0.000000
2023-11-08 12:36:35,715 [INFO]  Epoch[2] Train-cross-entropy=7.006411
2023-11-08 12:36:35,715 [INFO]  Epoch[2] Train-gmrt_in_air9-accuracy=0.000000
2023-11-08 12:36:35,715 [INFO]  Epoch[2] Time cost=2.086
2023-11-08 12:36:35,717 [INFO]  Saved checkpoint to "./imputer_model/imputer_model_gmrt_in_air9/model-0002.params"
2023-11-08 12:36:35,717 [INFO]  Epoch[2] Validation-cross-entropy=4.653761
2023-11-08 12:36:35,718 [INFO]  Epoch[2] Validation-gmrt_in_air9-accuracy=0.000000
2023-11-08 12:36:35,724 [INFO]  Epoch[3] Batch [0-4]	Speed: 12732.92 samples/sec	cross-entropy=3.745033	gmrt_in_air9-accuracy=0.000000
2023-11-08 12:36:35,729 [INFO]  Epoch[3] Train-cross-entropy=2.874900
2023-11-08 12:36:35,729 [INFO]  Epoch[3] Train-gmrt_in_air9-accuracy=0.000000
2023-11-08 12:36:35,729 [INFO]  Epoch[3] Time cost=0.012
2023-11-08 12:36:35,731 [INFO]  Saved checkpoint to "./imputer_model/imputer_model_gmrt_in_air9/model-0003.params"
2023-11-08 12:36:35,732 [INFO]  Epoch[3] Validation-cross-entropy=7.135046
2023-11-08 12:36:35,732 [INFO]  Epoch[3] Validation-gmrt_in_air9-accuracy=0.000000
2023-11-08 12:36:35,843 [INFO]  Epoch[4] Batch [0-4]	Speed: 582.10 samples/sec	cross-entropy=1.320046	gmrt_in_air9-accuracy=0.000000
2023-11-08 12:36:35,910 [INFO]  Epoch[4] Train-cross-entropy=0.945492
2023-11-08 12:36:35,911 [INFO]  Epoch[4] Train-gmrt_in_air9-accuracy=0.000000
2023-11-08 12:36:35,911 [INFO]  Epoch[4] Time cost=0.179
2023-11-08 12:36:35,913 [INFO]  Saved checkpoint to "./imputer_model/imputer_model_gmrt_in_air9/model-0004.params"
2023-11-08 12:36:35,914 [INFO]  Epoch[4] Validation-cross-entropy=6.451334
2023-11-08 12:36:35,914 [INFO]  Epoch[4] Validation-gmrt_in_air9-accuracy=0.000000
2023-11-08 12:36:35,914 [INFO]  
========== done (2.9554429054260254 s) fit model
2023-11-08 13:05:38,804 [INFO]  
========== start: fit model
2023-11-08 13:05:38,821 [WARNING]  Already bound, ignoring bind()
2023-11-08 13:05:38,829 [INFO]  Epoch[0] Batch [0-4]	Speed: 12855.49 samples/sec	cross-entropy=20.765043	gmrt_in_air9-accuracy=2.800000
2023-11-08 13:05:38,833 [INFO]  Epoch[0] Train-cross-entropy=21.173766
2023-11-08 13:05:38,834 [INFO]  Epoch[0] Train-gmrt_in_air9-accuracy=3.125000
2023-11-08 13:05:38,834 [INFO]  Epoch[0] Time cost=0.012
2023-11-08 13:05:38,835 [INFO]  Saved checkpoint to "./imputer_model/imputer_model_gmrt_in_air9/model-0000.params"
2023-11-08 13:05:38,836 [INFO]  Epoch[0] Validation-cross-entropy=13.883077
2023-11-08 13:05:38,836 [INFO]  Epoch[0] Validation-gmrt_in_air9-accuracy=0.000000
2023-11-08 13:05:38,842 [INFO]  Epoch[1] Batch [0-4]	Speed: 13011.90 samples/sec	cross-entropy=29.414781	gmrt_in_air9-accuracy=2.800000
2023-11-08 13:05:38,846 [INFO]  Epoch[1] Train-cross-entropy=24.842931
2023-11-08 13:05:38,846 [INFO]  Epoch[1] Train-gmrt_in_air9-accuracy=3.125000
2023-11-08 13:05:38,846 [INFO]  Epoch[1] Time cost=0.010
2023-11-08 13:05:38,848 [INFO]  Saved checkpoint to "./imputer_model/imputer_model_gmrt_in_air9/model-0001.params"
2023-11-08 13:05:38,849 [INFO]  Epoch[1] Validation-cross-entropy=13.095604
2023-11-08 13:05:38,849 [INFO]  Epoch[1] Validation-gmrt_in_air9-accuracy=0.000000
2023-11-08 13:05:38,855 [INFO]  Epoch[2] Batch [0-4]	Speed: 13790.67 samples/sec	cross-entropy=7.412021	gmrt_in_air9-accuracy=2.800000
2023-11-08 13:05:38,859 [INFO]  Epoch[2] Train-cross-entropy=7.940992
2023-11-08 13:05:38,860 [INFO]  Epoch[2] Train-gmrt_in_air9-accuracy=3.125000
2023-11-08 13:05:38,860 [INFO]  Epoch[2] Time cost=0.011
2023-11-08 13:05:38,863 [INFO]  Saved checkpoint to "./imputer_model/imputer_model_gmrt_in_air9/model-0002.params"
2023-11-08 13:05:38,864 [INFO]  Epoch[2] Validation-cross-entropy=22.881027
2023-11-08 13:05:38,864 [INFO]  Epoch[2] Validation-gmrt_in_air9-accuracy=0.000000
2023-11-08 13:05:38,871 [INFO]  Epoch[3] Batch [0-4]	Speed: 11621.09 samples/sec	cross-entropy=5.361002	gmrt_in_air9-accuracy=2.800000
2023-11-08 13:05:38,875 [INFO]  Epoch[3] Train-cross-entropy=5.109558
2023-11-08 13:05:38,876 [INFO]  Epoch[3] Train-gmrt_in_air9-accuracy=3.125000
2023-11-08 13:05:38,876 [INFO]  Epoch[3] Time cost=0.011
2023-11-08 13:05:38,878 [INFO]  Saved checkpoint to "./imputer_model/imputer_model_gmrt_in_air9/model-0003.params"
2023-11-08 13:05:38,879 [INFO]  Epoch[3] Validation-cross-entropy=15.580584
2023-11-08 13:05:38,879 [INFO]  Epoch[3] Validation-gmrt_in_air9-accuracy=0.000000
2023-11-08 13:05:38,885 [INFO]  Epoch[4] Batch [0-4]	Speed: 13405.69 samples/sec	cross-entropy=1.513581	gmrt_in_air9-accuracy=2.800000
2023-11-08 13:05:38,889 [INFO]  Epoch[4] Train-cross-entropy=1.301481
2023-11-08 13:05:38,889 [INFO]  Epoch[4] Train-gmrt_in_air9-accuracy=3.125000
2023-11-08 13:05:38,889 [INFO]  Epoch[4] Time cost=0.010
2023-11-08 13:05:38,891 [INFO]  Saved checkpoint to "./imputer_model/imputer_model_gmrt_in_air9/model-0004.params"
2023-11-08 13:05:38,891 [INFO]  Epoch[4] Validation-cross-entropy=14.461596
2023-11-08 13:05:38,891 [INFO]  Epoch[4] Validation-gmrt_in_air9-accuracy=0.000000
2023-11-08 13:05:38,892 [INFO]  
========== done (0.08703923225402832 s) fit model
2023-11-08 13:19:05,231 [INFO]  
========== start: fit model
2023-11-08 13:19:05,231 [WARNING]  Already bound, ignoring bind()
2023-11-08 13:19:05,238 [INFO]  Epoch[0] Batch [0-4]	Speed: 14074.11 samples/sec	cross-entropy=23.239136	gmrt_in_air9-accuracy=0.000000
2023-11-08 13:19:05,242 [INFO]  Epoch[0] Train-cross-entropy=22.213381
2023-11-08 13:19:05,242 [INFO]  Epoch[0] Train-gmrt_in_air9-accuracy=0.000000
2023-11-08 13:19:05,242 [INFO]  Epoch[0] Time cost=0.010
2023-11-08 13:19:05,243 [INFO]  Saved checkpoint to "./imputer_model/imputer_model_gmrt_in_air9/model-0000.params"
2023-11-08 13:19:05,244 [INFO]  Epoch[0] Validation-cross-entropy=14.586586
2023-11-08 13:19:05,244 [INFO]  Epoch[0] Validation-gmrt_in_air9-accuracy=0.000000
2023-11-08 13:19:05,250 [INFO]  Epoch[1] Batch [0-4]	Speed: 14051.27 samples/sec	cross-entropy=35.317522	gmrt_in_air9-accuracy=0.000000
2023-11-08 13:19:05,254 [INFO]  Epoch[1] Train-cross-entropy=28.402201
2023-11-08 13:19:05,255 [INFO]  Epoch[1] Train-gmrt_in_air9-accuracy=0.000000
2023-11-08 13:19:05,255 [INFO]  Epoch[1] Time cost=0.011
2023-11-08 13:19:05,259 [INFO]  Saved checkpoint to "./imputer_model/imputer_model_gmrt_in_air9/model-0001.params"
2023-11-08 13:19:05,260 [INFO]  Epoch[1] Validation-cross-entropy=11.498195
2023-11-08 13:19:05,260 [INFO]  Epoch[1] Validation-gmrt_in_air9-accuracy=0.000000
2023-11-08 13:19:05,268 [INFO]  Epoch[2] Batch [0-4]	Speed: 10555.44 samples/sec	cross-entropy=7.467160	gmrt_in_air9-accuracy=0.000000
2023-11-08 13:19:05,272 [INFO]  Epoch[2] Train-cross-entropy=5.674229
2023-11-08 13:19:05,272 [INFO]  Epoch[2] Train-gmrt_in_air9-accuracy=0.000000
2023-11-08 13:19:05,272 [INFO]  Epoch[2] Time cost=0.012
2023-11-08 13:19:05,274 [INFO]  Saved checkpoint to "./imputer_model/imputer_model_gmrt_in_air9/model-0002.params"
2023-11-08 13:19:05,275 [INFO]  Epoch[2] Validation-cross-entropy=5.352612
2023-11-08 13:19:05,275 [INFO]  Epoch[2] Validation-gmrt_in_air9-accuracy=0.000000
2023-11-08 13:19:05,281 [INFO]  Epoch[3] Batch [0-4]	Speed: 13654.58 samples/sec	cross-entropy=6.616154	gmrt_in_air9-accuracy=0.000000
2023-11-08 13:19:05,285 [INFO]  Epoch[3] Train-cross-entropy=4.597882
2023-11-08 13:19:05,285 [INFO]  Epoch[3] Train-gmrt_in_air9-accuracy=0.000000
2023-11-08 13:19:05,285 [INFO]  Epoch[3] Time cost=0.010
2023-11-08 13:19:05,286 [INFO]  Saved checkpoint to "./imputer_model/imputer_model_gmrt_in_air9/model-0003.params"
2023-11-08 13:19:05,287 [INFO]  Epoch[3] Validation-cross-entropy=6.983130
2023-11-08 13:19:05,287 [INFO]  Epoch[3] Validation-gmrt_in_air9-accuracy=0.000000
2023-11-08 13:19:05,292 [INFO]  Epoch[4] Batch [0-4]	Speed: 14811.05 samples/sec	cross-entropy=1.453568	gmrt_in_air9-accuracy=0.000000
2023-11-08 13:19:05,296 [INFO]  Epoch[4] Train-cross-entropy=1.337485
2023-11-08 13:19:05,296 [INFO]  Epoch[4] Train-gmrt_in_air9-accuracy=0.000000
2023-11-08 13:19:05,296 [INFO]  Epoch[4] Time cost=0.009
2023-11-08 13:19:05,297 [INFO]  Saved checkpoint to "./imputer_model/imputer_model_gmrt_in_air9/model-0004.params"
2023-11-08 13:19:05,298 [INFO]  Epoch[4] Validation-cross-entropy=7.220088
2023-11-08 13:19:05,298 [INFO]  Epoch[4] Validation-gmrt_in_air9-accuracy=0.000000
2023-11-08 13:19:05,298 [INFO]  
========== done (0.0666494369506836 s) fit model
2023-11-08 13:32:25,785 [INFO]  
========== start: fit model
2023-11-08 13:32:25,785 [WARNING]  Already bound, ignoring bind()
2023-11-08 13:32:25,792 [INFO]  Epoch[0] Batch [0-4]	Speed: 13655.28 samples/sec	cross-entropy=26.862439	gmrt_in_air9-accuracy=0.000000
2023-11-08 13:32:25,796 [INFO]  Epoch[0] Train-cross-entropy=20.935053
2023-11-08 13:32:25,796 [INFO]  Epoch[0] Train-gmrt_in_air9-accuracy=0.000000
2023-11-08 13:32:25,796 [INFO]  Epoch[0] Time cost=0.010
2023-11-08 13:32:25,797 [INFO]  Saved checkpoint to "./imputer_model/imputer_model_gmrt_in_air9/model-0000.params"
2023-11-08 13:32:25,797 [INFO]  Epoch[0] Validation-cross-entropy=10.328195
2023-11-08 13:32:25,797 [INFO]  Epoch[0] Validation-gmrt_in_air9-accuracy=0.000000
2023-11-08 13:32:25,803 [INFO]  Epoch[1] Batch [0-4]	Speed: 14243.63 samples/sec	cross-entropy=25.419277	gmrt_in_air9-accuracy=0.000000
2023-11-08 13:32:25,806 [INFO]  Epoch[1] Train-cross-entropy=21.250207
2023-11-08 13:32:25,806 [INFO]  Epoch[1] Train-gmrt_in_air9-accuracy=0.000000
2023-11-08 13:32:25,807 [INFO]  Epoch[1] Time cost=0.009
2023-11-08 13:32:25,808 [INFO]  Saved checkpoint to "./imputer_model/imputer_model_gmrt_in_air9/model-0001.params"
2023-11-08 13:32:25,808 [INFO]  Epoch[1] Validation-cross-entropy=6.838375
2023-11-08 13:32:25,808 [INFO]  Epoch[1] Validation-gmrt_in_air9-accuracy=0.000000
2023-11-08 13:32:25,814 [INFO]  Epoch[2] Batch [0-4]	Speed: 14484.19 samples/sec	cross-entropy=2.707960	gmrt_in_air9-accuracy=0.000000
2023-11-08 13:32:25,817 [INFO]  Epoch[2] Train-cross-entropy=2.789957
2023-11-08 13:32:25,817 [INFO]  Epoch[2] Train-gmrt_in_air9-accuracy=0.000000
2023-11-08 13:32:25,817 [INFO]  Epoch[2] Time cost=0.009
2023-11-08 13:32:25,819 [INFO]  Saved checkpoint to "./imputer_model/imputer_model_gmrt_in_air9/model-0002.params"
2023-11-08 13:32:25,819 [INFO]  Epoch[2] Validation-cross-entropy=9.763257
2023-11-08 13:32:25,819 [INFO]  Epoch[2] Validation-gmrt_in_air9-accuracy=0.000000
2023-11-08 13:32:25,825 [INFO]  Epoch[3] Batch [0-4]	Speed: 15168.42 samples/sec	cross-entropy=1.998350	gmrt_in_air9-accuracy=0.000000
2023-11-08 13:32:25,828 [INFO]  Epoch[3] Train-cross-entropy=1.723358
2023-11-08 13:32:25,829 [INFO]  Epoch[3] Train-gmrt_in_air9-accuracy=0.000000
2023-11-08 13:32:25,829 [INFO]  Epoch[3] Time cost=0.009
2023-11-08 13:32:25,832 [INFO]  Saved checkpoint to "./imputer_model/imputer_model_gmrt_in_air9/model-0003.params"
2023-11-08 13:32:25,833 [INFO]  Epoch[3] Validation-cross-entropy=7.921638
2023-11-08 13:32:25,834 [INFO]  Epoch[3] Validation-gmrt_in_air9-accuracy=0.000000
2023-11-08 13:32:25,842 [INFO]  Epoch[4] Batch [0-4]	Speed: 9777.29 samples/sec	cross-entropy=0.608666	gmrt_in_air9-accuracy=0.000000
2023-11-08 13:32:25,846 [INFO]  Epoch[4] Train-cross-entropy=0.507884
2023-11-08 13:32:25,847 [INFO]  Epoch[4] Train-gmrt_in_air9-accuracy=0.000000
2023-11-08 13:32:25,847 [INFO]  Epoch[4] Time cost=0.013
2023-11-08 13:32:25,849 [INFO]  Saved checkpoint to "./imputer_model/imputer_model_gmrt_in_air9/model-0004.params"
2023-11-08 13:32:25,849 [INFO]  Epoch[4] Validation-cross-entropy=6.879810
2023-11-08 13:32:25,850 [INFO]  Epoch[4] Validation-gmrt_in_air9-accuracy=0.000000
2023-11-08 13:32:25,850 [INFO]  
========== done (0.06475377082824707 s) fit model
2023-11-08 13:45:45,542 [INFO]  
========== start: fit model
2023-11-08 13:45:45,543 [WARNING]  Already bound, ignoring bind()
2023-11-08 13:45:45,549 [INFO]  Epoch[0] Batch [0-4]	Speed: 14308.16 samples/sec	cross-entropy=16.803311	gmrt_in_air9-accuracy=0.000000
2023-11-08 13:45:45,553 [INFO]  Epoch[0] Train-cross-entropy=17.509012
2023-11-08 13:45:45,553 [INFO]  Epoch[0] Train-gmrt_in_air9-accuracy=0.000000
2023-11-08 13:45:45,553 [INFO]  Epoch[0] Time cost=0.010
2023-11-08 13:45:45,554 [INFO]  Saved checkpoint to "./imputer_model/imputer_model_gmrt_in_air9/model-0000.params"
2023-11-08 13:45:45,555 [INFO]  Epoch[0] Validation-cross-entropy=19.145258
2023-11-08 13:45:45,555 [INFO]  Epoch[0] Validation-gmrt_in_air9-accuracy=0.000000
2023-11-08 13:45:45,563 [INFO]  Epoch[1] Batch [0-4]	Speed: 10172.25 samples/sec	cross-entropy=52.506432	gmrt_in_air9-accuracy=0.000000
2023-11-08 13:45:45,568 [INFO]  Epoch[1] Train-cross-entropy=37.917550
2023-11-08 13:45:45,568 [INFO]  Epoch[1] Train-gmrt_in_air9-accuracy=0.000000
2023-11-08 13:45:45,568 [INFO]  Epoch[1] Time cost=0.013
2023-11-08 13:45:45,571 [INFO]  Saved checkpoint to "./imputer_model/imputer_model_gmrt_in_air9/model-0001.params"
2023-11-08 13:45:45,572 [INFO]  Epoch[1] Validation-cross-entropy=20.363972
2023-11-08 13:45:45,572 [INFO]  Epoch[1] Validation-gmrt_in_air9-accuracy=0.000000
2023-11-08 13:45:45,578 [INFO]  Epoch[2] Batch [0-4]	Speed: 12674.01 samples/sec	cross-entropy=28.497612	gmrt_in_air9-accuracy=0.000000
2023-11-08 13:45:45,582 [INFO]  Epoch[2] Train-cross-entropy=18.980261
2023-11-08 13:45:45,582 [INFO]  Epoch[2] Train-gmrt_in_air9-accuracy=0.000000
2023-11-08 13:45:45,582 [INFO]  Epoch[2] Time cost=0.010
2023-11-08 13:45:45,584 [INFO]  Saved checkpoint to "./imputer_model/imputer_model_gmrt_in_air9/model-0002.params"
2023-11-08 13:45:45,584 [INFO]  Epoch[2] Validation-cross-entropy=9.289078
2023-11-08 13:45:45,584 [INFO]  Epoch[2] Validation-gmrt_in_air9-accuracy=0.000000
2023-11-08 13:45:45,590 [INFO]  Epoch[3] Batch [0-4]	Speed: 14224.01 samples/sec	cross-entropy=6.173597	gmrt_in_air9-accuracy=0.000000
2023-11-08 13:45:45,593 [INFO]  Epoch[3] Train-cross-entropy=6.022288
2023-11-08 13:45:45,593 [INFO]  Epoch[3] Train-gmrt_in_air9-accuracy=0.000000
2023-11-08 13:45:45,593 [INFO]  Epoch[3] Time cost=0.009
2023-11-08 13:45:45,595 [INFO]  Saved checkpoint to "./imputer_model/imputer_model_gmrt_in_air9/model-0003.params"
2023-11-08 13:45:45,595 [INFO]  Epoch[3] Validation-cross-entropy=11.862113
2023-11-08 13:45:45,595 [INFO]  Epoch[3] Validation-gmrt_in_air9-accuracy=0.000000
2023-11-08 13:45:45,601 [INFO]  Epoch[4] Batch [0-4]	Speed: 14828.23 samples/sec	cross-entropy=2.981060	gmrt_in_air9-accuracy=0.000000
2023-11-08 13:45:45,604 [INFO]  Epoch[4] Train-cross-entropy=3.479652
2023-11-08 13:45:45,604 [INFO]  Epoch[4] Train-gmrt_in_air9-accuracy=0.000000
2023-11-08 13:45:45,605 [INFO]  Epoch[4] Time cost=0.009
2023-11-08 13:45:45,606 [INFO]  Saved checkpoint to "./imputer_model/imputer_model_gmrt_in_air9/model-0004.params"
2023-11-08 13:45:45,606 [INFO]  Epoch[4] Validation-cross-entropy=9.164335
2023-11-08 13:45:45,606 [INFO]  Epoch[4] Validation-gmrt_in_air9-accuracy=0.000000
2023-11-08 13:45:45,607 [INFO]  
========== done (0.06406641006469727 s) fit model
2023-11-08 13:59:08,134 [INFO]  
========== start: fit model
2023-11-08 13:59:08,134 [WARNING]  Already bound, ignoring bind()
2023-11-08 13:59:08,142 [INFO]  Epoch[0] Batch [0-4]	Speed: 11255.16 samples/sec	cross-entropy=20.367623	gmrt_in_air9-accuracy=2.400000
2023-11-08 13:59:08,147 [INFO]  Epoch[0] Train-cross-entropy=18.522598
2023-11-08 13:59:08,147 [INFO]  Epoch[0] Train-gmrt_in_air9-accuracy=3.125000
2023-11-08 13:59:08,147 [INFO]  Epoch[0] Time cost=0.013
2023-11-08 13:59:08,151 [INFO]  Saved checkpoint to "./imputer_model/imputer_model_gmrt_in_air9/model-0000.params"
2023-11-08 13:59:08,152 [INFO]  Epoch[0] Validation-cross-entropy=29.484478
2023-11-08 13:59:08,152 [INFO]  Epoch[0] Validation-gmrt_in_air9-accuracy=0.000000
2023-11-08 13:59:08,159 [INFO]  Epoch[1] Batch [0-4]	Speed: 11075.90 samples/sec	cross-entropy=54.786958	gmrt_in_air9-accuracy=2.400000
2023-11-08 13:59:08,165 [INFO]  Epoch[1] Train-cross-entropy=45.767449
2023-11-08 13:59:08,165 [INFO]  Epoch[1] Train-gmrt_in_air9-accuracy=3.125000
2023-11-08 13:59:08,165 [INFO]  Epoch[1] Time cost=0.013
2023-11-08 13:59:08,168 [INFO]  Saved checkpoint to "./imputer_model/imputer_model_gmrt_in_air9/model-0001.params"
2023-11-08 13:59:08,169 [INFO]  Epoch[1] Validation-cross-entropy=13.871280
2023-11-08 13:59:08,169 [INFO]  Epoch[1] Validation-gmrt_in_air9-accuracy=0.000000
2023-11-08 13:59:08,176 [INFO]  Epoch[2] Batch [0-4]	Speed: 13412.38 samples/sec	cross-entropy=19.384008	gmrt_in_air9-accuracy=2.400000
2023-11-08 13:59:08,179 [INFO]  Epoch[2] Train-cross-entropy=15.416250
2023-11-08 13:59:08,179 [INFO]  Epoch[2] Train-gmrt_in_air9-accuracy=3.125000
2023-11-08 13:59:08,179 [INFO]  Epoch[2] Time cost=0.010
2023-11-08 13:59:08,181 [INFO]  Saved checkpoint to "./imputer_model/imputer_model_gmrt_in_air9/model-0002.params"
2023-11-08 13:59:08,182 [INFO]  Epoch[2] Validation-cross-entropy=24.662693
2023-11-08 13:59:08,182 [INFO]  Epoch[2] Validation-gmrt_in_air9-accuracy=0.000000
2023-11-08 13:59:08,188 [INFO]  Epoch[3] Batch [0-4]	Speed: 14468.57 samples/sec	cross-entropy=14.065201	gmrt_in_air9-accuracy=2.400000
2023-11-08 13:59:08,192 [INFO]  Epoch[3] Train-cross-entropy=11.151424
2023-11-08 13:59:08,192 [INFO]  Epoch[3] Train-gmrt_in_air9-accuracy=3.125000
2023-11-08 13:59:08,192 [INFO]  Epoch[3] Time cost=0.009
2023-11-08 13:59:08,193 [INFO]  Saved checkpoint to "./imputer_model/imputer_model_gmrt_in_air9/model-0003.params"
2023-11-08 13:59:08,194 [INFO]  Epoch[3] Validation-cross-entropy=16.722349
2023-11-08 13:59:08,194 [INFO]  Epoch[3] Validation-gmrt_in_air9-accuracy=0.000000
2023-11-08 13:59:08,199 [INFO]  Epoch[4] Batch [0-4]	Speed: 14730.59 samples/sec	cross-entropy=4.581395	gmrt_in_air9-accuracy=2.400000
2023-11-08 13:59:08,203 [INFO]  Epoch[4] Train-cross-entropy=5.328064
2023-11-08 13:59:08,203 [INFO]  Epoch[4] Train-gmrt_in_air9-accuracy=3.125000
2023-11-08 13:59:08,203 [INFO]  Epoch[4] Time cost=0.009
2023-11-08 13:59:08,204 [INFO]  Saved checkpoint to "./imputer_model/imputer_model_gmrt_in_air9/model-0004.params"
2023-11-08 13:59:08,205 [INFO]  Epoch[4] Validation-cross-entropy=12.843562
2023-11-08 13:59:08,205 [INFO]  Epoch[4] Validation-gmrt_in_air9-accuracy=0.000000
2023-11-08 13:59:08,205 [INFO]  
========== done (0.07108807563781738 s) fit model
2023-11-08 14:12:33,229 [INFO]  
========== start: fit model
2023-11-08 14:12:33,229 [WARNING]  Already bound, ignoring bind()
2023-11-08 14:12:33,238 [INFO]  Epoch[0] Batch [0-4]	Speed: 10442.93 samples/sec	cross-entropy=32.473070	gmrt_in_air9-accuracy=0.000000
2023-11-08 14:12:33,243 [INFO]  Epoch[0] Train-cross-entropy=30.530827
2023-11-08 14:12:33,243 [INFO]  Epoch[0] Train-gmrt_in_air9-accuracy=0.000000
2023-11-08 14:12:33,244 [INFO]  Epoch[0] Time cost=0.014
2023-11-08 14:12:33,247 [INFO]  Saved checkpoint to "./imputer_model/imputer_model_gmrt_in_air9/model-0000.params"
2023-11-08 14:12:33,248 [INFO]  Epoch[0] Validation-cross-entropy=28.229000
2023-11-08 14:12:33,248 [INFO]  Epoch[0] Validation-gmrt_in_air9-accuracy=0.000000
2023-11-08 14:12:33,254 [INFO]  Epoch[1] Batch [0-4]	Speed: 16483.60 samples/sec	cross-entropy=32.155451	gmrt_in_air9-accuracy=0.000000
2023-11-08 14:12:33,258 [INFO]  Epoch[1] Train-cross-entropy=62.783961
2023-11-08 14:12:33,258 [INFO]  Epoch[1] Train-gmrt_in_air9-accuracy=0.000000
2023-11-08 14:12:33,258 [INFO]  Epoch[1] Time cost=0.009
2023-11-08 14:12:33,260 [INFO]  Saved checkpoint to "./imputer_model/imputer_model_gmrt_in_air9/model-0001.params"
2023-11-08 14:12:33,261 [INFO]  Epoch[1] Validation-cross-entropy=20.930319
2023-11-08 14:12:33,261 [INFO]  Epoch[1] Validation-gmrt_in_air9-accuracy=0.000000
2023-11-08 14:12:33,266 [INFO]  Epoch[2] Batch [0-4]	Speed: 16796.11 samples/sec	cross-entropy=8.371347	gmrt_in_air9-accuracy=0.000000
2023-11-08 14:12:33,269 [INFO]  Epoch[2] Train-cross-entropy=6.708322
2023-11-08 14:12:33,269 [INFO]  Epoch[2] Train-gmrt_in_air9-accuracy=0.000000
2023-11-08 14:12:33,269 [INFO]  Epoch[2] Time cost=0.008
2023-11-08 14:12:33,271 [INFO]  Saved checkpoint to "./imputer_model/imputer_model_gmrt_in_air9/model-0002.params"
2023-11-08 14:12:33,271 [INFO]  Epoch[2] Validation-cross-entropy=12.713624
2023-11-08 14:12:33,271 [INFO]  Epoch[2] Validation-gmrt_in_air9-accuracy=0.000000
2023-11-08 14:12:33,276 [INFO]  Epoch[3] Batch [0-4]	Speed: 18665.98 samples/sec	cross-entropy=3.844818	gmrt_in_air9-accuracy=0.000000
2023-11-08 14:12:33,279 [INFO]  Epoch[3] Train-cross-entropy=4.522682
2023-11-08 14:12:33,279 [INFO]  Epoch[3] Train-gmrt_in_air9-accuracy=0.000000
2023-11-08 14:12:33,279 [INFO]  Epoch[3] Time cost=0.007
2023-11-08 14:12:33,280 [INFO]  Saved checkpoint to "./imputer_model/imputer_model_gmrt_in_air9/model-0003.params"
2023-11-08 14:12:33,280 [INFO]  Epoch[3] Validation-cross-entropy=12.989512
2023-11-08 14:12:33,280 [INFO]  Epoch[3] Validation-gmrt_in_air9-accuracy=0.000000
2023-11-08 14:12:33,284 [INFO]  Epoch[4] Batch [0-4]	Speed: 20860.70 samples/sec	cross-entropy=2.055648	gmrt_in_air9-accuracy=0.000000
2023-11-08 14:12:33,287 [INFO]  Epoch[4] Train-cross-entropy=1.944538
2023-11-08 14:12:33,287 [INFO]  Epoch[4] Train-gmrt_in_air9-accuracy=0.000000
2023-11-08 14:12:33,287 [INFO]  Epoch[4] Time cost=0.006
2023-11-08 14:12:33,288 [INFO]  Saved checkpoint to "./imputer_model/imputer_model_gmrt_in_air9/model-0004.params"
2023-11-08 14:12:33,288 [INFO]  Epoch[4] Validation-cross-entropy=9.765337
2023-11-08 14:12:33,288 [INFO]  Epoch[4] Validation-gmrt_in_air9-accuracy=0.000000
2023-11-08 14:12:33,288 [INFO]  
========== done (0.05910634994506836 s) fit model
2023-11-08 14:26:07,578 [INFO]  
========== start: fit model
2023-11-08 14:26:07,579 [WARNING]  Already bound, ignoring bind()
2023-11-08 14:26:07,586 [INFO]  Epoch[0] Batch [0-4]	Speed: 13713.18 samples/sec	cross-entropy=24.048163	gmrt_in_air9-accuracy=0.000000
2023-11-08 14:26:07,589 [INFO]  Epoch[0] Train-cross-entropy=18.600594
2023-11-08 14:26:07,589 [INFO]  Epoch[0] Train-gmrt_in_air9-accuracy=0.000000
2023-11-08 14:26:07,589 [INFO]  Epoch[0] Time cost=0.010
2023-11-08 14:26:07,590 [INFO]  Saved checkpoint to "./imputer_model/imputer_model_gmrt_in_air9/model-0000.params"
2023-11-08 14:26:07,591 [INFO]  Epoch[0] Validation-cross-entropy=169.901657
2023-11-08 14:26:07,591 [INFO]  Epoch[0] Validation-gmrt_in_air9-accuracy=0.000000
2023-11-08 14:26:07,596 [INFO]  Epoch[1] Batch [0-4]	Speed: 14224.76 samples/sec	cross-entropy=41.320745	gmrt_in_air9-accuracy=0.000000
2023-11-08 14:26:07,600 [INFO]  Epoch[1] Train-cross-entropy=31.291991
2023-11-08 14:26:07,600 [INFO]  Epoch[1] Train-gmrt_in_air9-accuracy=0.000000
2023-11-08 14:26:07,600 [INFO]  Epoch[1] Time cost=0.009
2023-11-08 14:26:07,601 [INFO]  Saved checkpoint to "./imputer_model/imputer_model_gmrt_in_air9/model-0001.params"
2023-11-08 14:26:07,602 [INFO]  Epoch[1] Validation-cross-entropy=47.192265
2023-11-08 14:26:07,602 [INFO]  Epoch[1] Validation-gmrt_in_air9-accuracy=0.000000
2023-11-08 14:26:07,607 [INFO]  Epoch[2] Batch [0-4]	Speed: 14943.80 samples/sec	cross-entropy=7.213858	gmrt_in_air9-accuracy=0.000000
2023-11-08 14:26:07,611 [INFO]  Epoch[2] Train-cross-entropy=6.029432
2023-11-08 14:26:07,611 [INFO]  Epoch[2] Train-gmrt_in_air9-accuracy=0.000000
2023-11-08 14:26:07,611 [INFO]  Epoch[2] Time cost=0.009
2023-11-08 14:26:07,612 [INFO]  Saved checkpoint to "./imputer_model/imputer_model_gmrt_in_air9/model-0002.params"
2023-11-08 14:26:07,612 [INFO]  Epoch[2] Validation-cross-entropy=32.338902
2023-11-08 14:26:07,612 [INFO]  Epoch[2] Validation-gmrt_in_air9-accuracy=0.000000
2023-11-08 14:26:07,618 [INFO]  Epoch[3] Batch [0-4]	Speed: 14871.77 samples/sec	cross-entropy=4.422252	gmrt_in_air9-accuracy=0.000000
2023-11-08 14:26:07,621 [INFO]  Epoch[3] Train-cross-entropy=3.494742
2023-11-08 14:26:07,621 [INFO]  Epoch[3] Train-gmrt_in_air9-accuracy=0.000000
2023-11-08 14:26:07,621 [INFO]  Epoch[3] Time cost=0.009
2023-11-08 14:26:07,623 [INFO]  Saved checkpoint to "./imputer_model/imputer_model_gmrt_in_air9/model-0003.params"
2023-11-08 14:26:07,623 [INFO]  Epoch[3] Validation-cross-entropy=22.552973
2023-11-08 14:26:07,623 [INFO]  Epoch[3] Validation-gmrt_in_air9-accuracy=0.000000
2023-11-08 14:26:07,628 [INFO]  Epoch[4] Batch [0-4]	Speed: 15354.08 samples/sec	cross-entropy=1.304624	gmrt_in_air9-accuracy=0.000000
2023-11-08 14:26:07,632 [INFO]  Epoch[4] Train-cross-entropy=0.995826
2023-11-08 14:26:07,632 [INFO]  Epoch[4] Train-gmrt_in_air9-accuracy=0.000000
2023-11-08 14:26:07,632 [INFO]  Epoch[4] Time cost=0.009
2023-11-08 14:26:07,633 [INFO]  Saved checkpoint to "./imputer_model/imputer_model_gmrt_in_air9/model-0004.params"
2023-11-08 14:26:07,634 [INFO]  Epoch[4] Validation-cross-entropy=22.221008
2023-11-08 14:26:07,634 [INFO]  Epoch[4] Validation-gmrt_in_air9-accuracy=0.000000
2023-11-08 14:26:07,634 [INFO]  
========== done (0.05523180961608887 s) fit model
2023-11-08 14:40:04,436 [INFO]  
========== start: fit model
2023-11-08 14:40:04,436 [WARNING]  Already bound, ignoring bind()
2023-11-08 14:40:04,444 [INFO]  Epoch[0] Batch [0-4]	Speed: 11880.30 samples/sec	cross-entropy=17.201109	gmrt_in_air9-accuracy=0.000000
2023-11-08 14:40:04,449 [INFO]  Epoch[0] Train-cross-entropy=16.172791
2023-11-08 14:40:04,449 [INFO]  Epoch[0] Train-gmrt_in_air9-accuracy=0.000000
2023-11-08 14:40:04,450 [INFO]  Epoch[0] Time cost=0.013
2023-11-08 14:40:04,453 [INFO]  Saved checkpoint to "./imputer_model/imputer_model_gmrt_in_air9/model-0000.params"
2023-11-08 14:40:04,454 [INFO]  Epoch[0] Validation-cross-entropy=32.913639
2023-11-08 14:40:04,454 [INFO]  Epoch[0] Validation-gmrt_in_air9-accuracy=0.000000
2023-11-08 14:40:04,460 [INFO]  Epoch[1] Batch [0-4]	Speed: 14663.80 samples/sec	cross-entropy=41.174799	gmrt_in_air9-accuracy=0.000000
2023-11-08 14:40:04,464 [INFO]  Epoch[1] Train-cross-entropy=32.283419
2023-11-08 14:40:04,464 [INFO]  Epoch[1] Train-gmrt_in_air9-accuracy=0.000000
2023-11-08 14:40:04,464 [INFO]  Epoch[1] Time cost=0.010
2023-11-08 14:40:04,466 [INFO]  Saved checkpoint to "./imputer_model/imputer_model_gmrt_in_air9/model-0001.params"
2023-11-08 14:40:04,467 [INFO]  Epoch[1] Validation-cross-entropy=16.362656
2023-11-08 14:40:04,467 [INFO]  Epoch[1] Validation-gmrt_in_air9-accuracy=0.000000
2023-11-08 14:40:04,472 [INFO]  Epoch[2] Batch [0-4]	Speed: 18594.86 samples/sec	cross-entropy=11.651519	gmrt_in_air9-accuracy=0.000000
2023-11-08 14:40:04,474 [INFO]  Epoch[2] Train-cross-entropy=8.963007
2023-11-08 14:40:04,475 [INFO]  Epoch[2] Train-gmrt_in_air9-accuracy=0.000000
2023-11-08 14:40:04,475 [INFO]  Epoch[2] Time cost=0.007
2023-11-08 14:40:04,476 [INFO]  Saved checkpoint to "./imputer_model/imputer_model_gmrt_in_air9/model-0002.params"
2023-11-08 14:40:04,477 [INFO]  Epoch[2] Validation-cross-entropy=9.810556
2023-11-08 14:40:04,477 [INFO]  Epoch[2] Validation-gmrt_in_air9-accuracy=0.000000
2023-11-08 14:40:04,482 [INFO]  Epoch[3] Batch [0-4]	Speed: 13737.74 samples/sec	cross-entropy=6.577184	gmrt_in_air9-accuracy=0.000000
2023-11-08 14:40:04,486 [INFO]  Epoch[3] Train-cross-entropy=4.593311
2023-11-08 14:40:04,486 [INFO]  Epoch[3] Train-gmrt_in_air9-accuracy=0.000000
2023-11-08 14:40:04,486 [INFO]  Epoch[3] Time cost=0.010
2023-11-08 14:40:04,489 [INFO]  Saved checkpoint to "./imputer_model/imputer_model_gmrt_in_air9/model-0003.params"
2023-11-08 14:40:04,489 [INFO]  Epoch[3] Validation-cross-entropy=7.690186
2023-11-08 14:40:04,490 [INFO]  Epoch[3] Validation-gmrt_in_air9-accuracy=0.000000
2023-11-08 14:40:04,495 [INFO]  Epoch[4] Batch [0-4]	Speed: 16339.12 samples/sec	cross-entropy=2.752488	gmrt_in_air9-accuracy=0.000000
2023-11-08 14:40:04,497 [INFO]  Epoch[4] Train-cross-entropy=2.192945
2023-11-08 14:40:04,498 [INFO]  Epoch[4] Train-gmrt_in_air9-accuracy=0.000000
2023-11-08 14:40:04,498 [INFO]  Epoch[4] Time cost=0.008
2023-11-08 14:40:04,499 [INFO]  Saved checkpoint to "./imputer_model/imputer_model_gmrt_in_air9/model-0004.params"
2023-11-08 14:40:04,500 [INFO]  Epoch[4] Validation-cross-entropy=8.703545
2023-11-08 14:40:04,500 [INFO]  Epoch[4] Validation-gmrt_in_air9-accuracy=0.000000
2023-11-08 14:40:04,500 [INFO]  
========== done (0.06401252746582031 s) fit model
2023-11-08 14:54:09,366 [INFO]  
========== start: fit model
2023-11-08 14:54:09,367 [WARNING]  Already bound, ignoring bind()
2023-11-08 14:54:09,374 [INFO]  Epoch[0] Batch [0-4]	Speed: 13447.32 samples/sec	cross-entropy=17.187474	gmrt_in_air9-accuracy=0.000000
2023-11-08 14:54:09,377 [INFO]  Epoch[0] Train-cross-entropy=16.839279
2023-11-08 14:54:09,378 [INFO]  Epoch[0] Train-gmrt_in_air9-accuracy=0.000000
2023-11-08 14:54:09,378 [INFO]  Epoch[0] Time cost=0.010
2023-11-08 14:54:09,379 [INFO]  Saved checkpoint to "./imputer_model/imputer_model_gmrt_in_air9/model-0000.params"
2023-11-08 14:54:09,379 [INFO]  Epoch[0] Validation-cross-entropy=9.193878
2023-11-08 14:54:09,379 [INFO]  Epoch[0] Validation-gmrt_in_air9-accuracy=0.000000
2023-11-08 14:54:09,386 [INFO]  Epoch[1] Batch [0-4]	Speed: 12305.09 samples/sec	cross-entropy=34.339462	gmrt_in_air9-accuracy=0.000000
2023-11-08 14:54:09,391 [INFO]  Epoch[1] Train-cross-entropy=30.335171
2023-11-08 14:54:09,392 [INFO]  Epoch[1] Train-gmrt_in_air9-accuracy=0.000000
2023-11-08 14:54:09,392 [INFO]  Epoch[1] Time cost=0.012
2023-11-08 14:54:09,395 [INFO]  Saved checkpoint to "./imputer_model/imputer_model_gmrt_in_air9/model-0001.params"
2023-11-08 14:54:09,396 [INFO]  Epoch[1] Validation-cross-entropy=7.714816
2023-11-08 14:54:09,397 [INFO]  Epoch[1] Validation-gmrt_in_air9-accuracy=0.000000
2023-11-08 14:54:09,403 [INFO]  Epoch[2] Batch [0-4]	Speed: 14780.06 samples/sec	cross-entropy=7.270184	gmrt_in_air9-accuracy=0.000000
2023-11-08 14:54:09,406 [INFO]  Epoch[2] Train-cross-entropy=7.044592
2023-11-08 14:54:09,406 [INFO]  Epoch[2] Train-gmrt_in_air9-accuracy=0.000000
2023-11-08 14:54:09,406 [INFO]  Epoch[2] Time cost=0.009
2023-11-08 14:54:09,408 [INFO]  Saved checkpoint to "./imputer_model/imputer_model_gmrt_in_air9/model-0002.params"
2023-11-08 14:54:09,409 [INFO]  Epoch[2] Validation-cross-entropy=6.661454
2023-11-08 14:54:09,409 [INFO]  Epoch[2] Validation-gmrt_in_air9-accuracy=0.000000
2023-11-08 14:54:09,414 [INFO]  Epoch[3] Batch [0-4]	Speed: 16529.28 samples/sec	cross-entropy=4.395311	gmrt_in_air9-accuracy=0.000000
2023-11-08 14:54:09,417 [INFO]  Epoch[3] Train-cross-entropy=3.309882
2023-11-08 14:54:09,417 [INFO]  Epoch[3] Train-gmrt_in_air9-accuracy=0.000000
2023-11-08 14:54:09,417 [INFO]  Epoch[3] Time cost=0.008
2023-11-08 14:54:09,443 [INFO]  Saved checkpoint to "./imputer_model/imputer_model_gmrt_in_air9/model-0003.params"
2023-11-08 14:54:09,444 [INFO]  Epoch[3] Validation-cross-entropy=9.182724
2023-11-08 14:54:09,444 [INFO]  Epoch[3] Validation-gmrt_in_air9-accuracy=0.000000
2023-11-08 14:54:09,452 [INFO]  Epoch[4] Batch [0-4]	Speed: 11313.50 samples/sec	cross-entropy=1.470366	gmrt_in_air9-accuracy=0.000000
2023-11-08 14:54:09,456 [INFO]  Epoch[4] Train-cross-entropy=1.180416
2023-11-08 14:54:09,457 [INFO]  Epoch[4] Train-gmrt_in_air9-accuracy=0.000000
2023-11-08 14:54:09,457 [INFO]  Epoch[4] Time cost=0.012
2023-11-08 14:54:09,476 [INFO]  Saved checkpoint to "./imputer_model/imputer_model_gmrt_in_air9/model-0004.params"
2023-11-08 14:54:09,477 [INFO]  Epoch[4] Validation-cross-entropy=6.166226
2023-11-08 14:54:09,478 [INFO]  Epoch[4] Validation-gmrt_in_air9-accuracy=0.000000
2023-11-08 14:54:09,478 [INFO]  
========== done (0.11123895645141602 s) fit model
