2023-11-08 12:41:31,091 [INFO]  
========== start: fit model
2023-11-08 12:41:31,091 [WARNING]  Already bound, ignoring bind()
2023-11-08 12:41:31,100 [INFO]  Epoch[0] Batch [0-4]	Speed: 12440.81 samples/sec	cross-entropy=21.903878	mean_speed_in_air13-accuracy=0.000000
2023-11-08 12:41:31,125 [INFO]  Epoch[0] Train-cross-entropy=19.066802
2023-11-08 12:41:31,125 [INFO]  Epoch[0] Train-mean_speed_in_air13-accuracy=0.000000
2023-11-08 12:41:31,125 [INFO]  Epoch[0] Time cost=0.032
2023-11-08 12:41:31,127 [INFO]  Saved checkpoint to "./imputer_model/imputer_model_mean_speed_in_air13/model-0000.params"
2023-11-08 12:41:31,153 [INFO]  Epoch[0] Validation-cross-entropy=42.051155
2023-11-08 12:41:31,153 [INFO]  Epoch[0] Validation-mean_speed_in_air13-accuracy=0.000000
2023-11-08 12:41:32,017 [INFO]  Epoch[1] Batch [0-4]	Speed: 74.48 samples/sec	cross-entropy=21.411722	mean_speed_in_air13-accuracy=0.000000
2023-11-08 12:41:32,027 [INFO]  Epoch[1] Train-cross-entropy=17.985424
2023-11-08 12:41:32,027 [INFO]  Epoch[1] Train-mean_speed_in_air13-accuracy=0.000000
2023-11-08 12:41:32,028 [INFO]  Epoch[1] Time cost=0.874
2023-11-08 12:41:32,031 [INFO]  Saved checkpoint to "./imputer_model/imputer_model_mean_speed_in_air13/model-0001.params"
2023-11-08 12:41:32,037 [INFO]  Epoch[1] Validation-cross-entropy=31.237225
2023-11-08 12:41:32,037 [INFO]  Epoch[1] Validation-mean_speed_in_air13-accuracy=0.000000
2023-11-08 12:41:32,051 [INFO]  Epoch[2] Batch [0-4]	Speed: 5933.72 samples/sec	cross-entropy=13.600030	mean_speed_in_air13-accuracy=0.000000
2023-11-08 12:41:32,060 [INFO]  Epoch[2] Train-cross-entropy=10.371350
2023-11-08 12:41:32,060 [INFO]  Epoch[2] Train-mean_speed_in_air13-accuracy=0.000000
2023-11-08 12:41:32,060 [INFO]  Epoch[2] Time cost=0.023
2023-11-08 12:41:32,064 [INFO]  Saved checkpoint to "./imputer_model/imputer_model_mean_speed_in_air13/model-0002.params"
2023-11-08 12:41:32,196 [INFO]  Epoch[2] Validation-cross-entropy=31.191864
2023-11-08 12:41:32,196 [INFO]  Epoch[2] Validation-mean_speed_in_air13-accuracy=0.000000
2023-11-08 12:41:32,881 [INFO]  Epoch[3] Batch [0-4]	Speed: 248.25 samples/sec	cross-entropy=5.125218	mean_speed_in_air13-accuracy=0.000000
2023-11-08 12:41:32,920 [INFO]  Epoch[3] Train-cross-entropy=3.769751
2023-11-08 12:41:32,920 [INFO]  Epoch[3] Train-mean_speed_in_air13-accuracy=0.000000
2023-11-08 12:41:32,920 [INFO]  Epoch[3] Time cost=0.723
2023-11-08 12:41:32,922 [INFO]  Saved checkpoint to "./imputer_model/imputer_model_mean_speed_in_air13/model-0003.params"
2023-11-08 12:41:32,923 [INFO]  Epoch[3] Validation-cross-entropy=28.655266
2023-11-08 12:41:32,923 [INFO]  Epoch[3] Validation-mean_speed_in_air13-accuracy=0.000000
2023-11-08 12:41:33,093 [INFO]  Epoch[4] Batch [0-4]	Speed: 451.76 samples/sec	cross-entropy=1.637200	mean_speed_in_air13-accuracy=0.000000
2023-11-08 12:41:33,376 [INFO]  Epoch[4] Train-cross-entropy=1.486379
2023-11-08 12:41:33,376 [INFO]  Epoch[4] Train-mean_speed_in_air13-accuracy=0.000000
2023-11-08 12:41:33,376 [INFO]  Epoch[4] Time cost=0.453
2023-11-08 12:41:33,380 [INFO]  Saved checkpoint to "./imputer_model/imputer_model_mean_speed_in_air13/model-0004.params"
2023-11-08 12:41:33,410 [INFO]  Epoch[4] Validation-cross-entropy=28.954483
2023-11-08 12:41:33,410 [INFO]  Epoch[4] Validation-mean_speed_in_air13-accuracy=0.000000
2023-11-08 12:41:33,410 [INFO]  
========== done (2.3195528984069824 s) fit model
2023-11-08 13:06:53,509 [INFO]  
========== start: fit model
2023-11-08 13:06:53,519 [WARNING]  Already bound, ignoring bind()
2023-11-08 13:06:53,527 [INFO]  Epoch[0] Batch [0-4]	Speed: 12942.89 samples/sec	cross-entropy=15.460794	mean_speed_in_air13-accuracy=3.200000
2023-11-08 13:06:53,530 [INFO]  Epoch[0] Train-cross-entropy=19.954584
2023-11-08 13:06:53,530 [INFO]  Epoch[0] Train-mean_speed_in_air13-accuracy=3.125000
2023-11-08 13:06:53,530 [INFO]  Epoch[0] Time cost=0.010
2023-11-08 13:06:53,532 [INFO]  Saved checkpoint to "./imputer_model/imputer_model_mean_speed_in_air13/model-0000.params"
2023-11-08 13:06:53,533 [INFO]  Epoch[0] Validation-cross-entropy=17.225691
2023-11-08 13:06:53,533 [INFO]  Epoch[0] Validation-mean_speed_in_air13-accuracy=0.000000
2023-11-08 13:06:53,539 [INFO]  Epoch[1] Batch [0-4]	Speed: 14125.95 samples/sec	cross-entropy=36.587498	mean_speed_in_air13-accuracy=3.200000
2023-11-08 13:06:53,542 [INFO]  Epoch[1] Train-cross-entropy=34.386135
2023-11-08 13:06:53,542 [INFO]  Epoch[1] Train-mean_speed_in_air13-accuracy=3.125000
2023-11-08 13:06:53,542 [INFO]  Epoch[1] Time cost=0.009
2023-11-08 13:06:53,544 [INFO]  Saved checkpoint to "./imputer_model/imputer_model_mean_speed_in_air13/model-0001.params"
2023-11-08 13:06:53,544 [INFO]  Epoch[1] Validation-cross-entropy=12.842600
2023-11-08 13:06:53,545 [INFO]  Epoch[1] Validation-mean_speed_in_air13-accuracy=0.000000
2023-11-08 13:06:53,550 [INFO]  Epoch[2] Batch [0-4]	Speed: 14178.18 samples/sec	cross-entropy=4.304413	mean_speed_in_air13-accuracy=3.200000
2023-11-08 13:06:53,554 [INFO]  Epoch[2] Train-cross-entropy=4.717091
2023-11-08 13:06:53,554 [INFO]  Epoch[2] Train-mean_speed_in_air13-accuracy=3.125000
2023-11-08 13:06:53,554 [INFO]  Epoch[2] Time cost=0.009
2023-11-08 13:06:53,555 [INFO]  Saved checkpoint to "./imputer_model/imputer_model_mean_speed_in_air13/model-0002.params"
2023-11-08 13:06:53,556 [INFO]  Epoch[2] Validation-cross-entropy=9.846141
2023-11-08 13:06:53,556 [INFO]  Epoch[2] Validation-mean_speed_in_air13-accuracy=0.000000
2023-11-08 13:06:53,562 [INFO]  Epoch[3] Batch [0-4]	Speed: 14268.62 samples/sec	cross-entropy=3.747730	mean_speed_in_air13-accuracy=3.200000
2023-11-08 13:06:53,565 [INFO]  Epoch[3] Train-cross-entropy=4.446890
2023-11-08 13:06:53,565 [INFO]  Epoch[3] Train-mean_speed_in_air13-accuracy=3.125000
2023-11-08 13:06:53,565 [INFO]  Epoch[3] Time cost=0.009
2023-11-08 13:06:53,567 [INFO]  Saved checkpoint to "./imputer_model/imputer_model_mean_speed_in_air13/model-0003.params"
2023-11-08 13:06:53,567 [INFO]  Epoch[3] Validation-cross-entropy=8.869708
2023-11-08 13:06:53,567 [INFO]  Epoch[3] Validation-mean_speed_in_air13-accuracy=0.000000
2023-11-08 13:06:53,573 [INFO]  Epoch[4] Batch [0-4]	Speed: 14292.17 samples/sec	cross-entropy=1.488208	mean_speed_in_air13-accuracy=3.200000
2023-11-08 13:06:53,576 [INFO]  Epoch[4] Train-cross-entropy=1.583951
2023-11-08 13:06:53,576 [INFO]  Epoch[4] Train-mean_speed_in_air13-accuracy=3.125000
2023-11-08 13:06:53,577 [INFO]  Epoch[4] Time cost=0.009
2023-11-08 13:06:53,578 [INFO]  Saved checkpoint to "./imputer_model/imputer_model_mean_speed_in_air13/model-0004.params"
2023-11-08 13:06:53,579 [INFO]  Epoch[4] Validation-cross-entropy=8.841633
2023-11-08 13:06:53,579 [INFO]  Epoch[4] Validation-mean_speed_in_air13-accuracy=0.000000
2023-11-08 13:06:53,579 [INFO]  
========== done (0.06964683532714844 s) fit model
2023-11-08 13:20:18,709 [INFO]  
========== start: fit model
2023-11-08 13:20:18,709 [WARNING]  Already bound, ignoring bind()
2023-11-08 13:20:18,716 [INFO]  Epoch[0] Batch [0-4]	Speed: 14285.32 samples/sec	cross-entropy=15.774130	mean_speed_in_air13-accuracy=0.000000
2023-11-08 13:20:18,720 [INFO]  Epoch[0] Train-cross-entropy=16.543528
2023-11-08 13:20:18,720 [INFO]  Epoch[0] Train-mean_speed_in_air13-accuracy=0.000000
2023-11-08 13:20:18,720 [INFO]  Epoch[0] Time cost=0.010
2023-11-08 13:20:18,721 [INFO]  Saved checkpoint to "./imputer_model/imputer_model_mean_speed_in_air13/model-0000.params"
2023-11-08 13:20:18,722 [INFO]  Epoch[0] Validation-cross-entropy=24.911184
2023-11-08 13:20:18,722 [INFO]  Epoch[0] Validation-mean_speed_in_air13-accuracy=0.000000
2023-11-08 13:20:18,727 [INFO]  Epoch[1] Batch [0-4]	Speed: 16364.02 samples/sec	cross-entropy=28.099448	mean_speed_in_air13-accuracy=0.000000
2023-11-08 13:20:18,730 [INFO]  Epoch[1] Train-cross-entropy=29.749599
2023-11-08 13:20:18,730 [INFO]  Epoch[1] Train-mean_speed_in_air13-accuracy=0.000000
2023-11-08 13:20:18,730 [INFO]  Epoch[1] Time cost=0.008
2023-11-08 13:20:18,731 [INFO]  Saved checkpoint to "./imputer_model/imputer_model_mean_speed_in_air13/model-0001.params"
2023-11-08 13:20:18,732 [INFO]  Epoch[1] Validation-cross-entropy=15.287330
2023-11-08 13:20:18,732 [INFO]  Epoch[1] Validation-mean_speed_in_air13-accuracy=0.000000
2023-11-08 13:20:18,736 [INFO]  Epoch[2] Batch [0-4]	Speed: 17189.77 samples/sec	cross-entropy=4.936040	mean_speed_in_air13-accuracy=0.000000
2023-11-08 13:20:18,739 [INFO]  Epoch[2] Train-cross-entropy=4.516660
2023-11-08 13:20:18,739 [INFO]  Epoch[2] Train-mean_speed_in_air13-accuracy=0.000000
2023-11-08 13:20:18,739 [INFO]  Epoch[2] Time cost=0.008
2023-11-08 13:20:18,741 [INFO]  Saved checkpoint to "./imputer_model/imputer_model_mean_speed_in_air13/model-0002.params"
2023-11-08 13:20:18,741 [INFO]  Epoch[2] Validation-cross-entropy=10.531284
2023-11-08 13:20:18,741 [INFO]  Epoch[2] Validation-mean_speed_in_air13-accuracy=0.000000
2023-11-08 13:20:18,746 [INFO]  Epoch[3] Batch [0-4]	Speed: 17846.92 samples/sec	cross-entropy=2.642407	mean_speed_in_air13-accuracy=0.000000
2023-11-08 13:20:18,748 [INFO]  Epoch[3] Train-cross-entropy=2.204258
2023-11-08 13:20:18,748 [INFO]  Epoch[3] Train-mean_speed_in_air13-accuracy=0.000000
2023-11-08 13:20:18,749 [INFO]  Epoch[3] Time cost=0.007
2023-11-08 13:20:18,750 [INFO]  Saved checkpoint to "./imputer_model/imputer_model_mean_speed_in_air13/model-0003.params"
2023-11-08 13:20:18,750 [INFO]  Epoch[3] Validation-cross-entropy=6.660132
2023-11-08 13:20:18,750 [INFO]  Epoch[3] Validation-mean_speed_in_air13-accuracy=0.000000
2023-11-08 13:20:18,755 [INFO]  Epoch[4] Batch [0-4]	Speed: 18298.26 samples/sec	cross-entropy=1.071452	mean_speed_in_air13-accuracy=0.000000
2023-11-08 13:20:18,757 [INFO]  Epoch[4] Train-cross-entropy=1.033912
2023-11-08 13:20:18,758 [INFO]  Epoch[4] Train-mean_speed_in_air13-accuracy=0.000000
2023-11-08 13:20:18,758 [INFO]  Epoch[4] Time cost=0.007
2023-11-08 13:20:18,759 [INFO]  Saved checkpoint to "./imputer_model/imputer_model_mean_speed_in_air13/model-0004.params"
2023-11-08 13:20:18,759 [INFO]  Epoch[4] Validation-cross-entropy=7.055118
2023-11-08 13:20:18,759 [INFO]  Epoch[4] Validation-mean_speed_in_air13-accuracy=0.000000
2023-11-08 13:20:18,759 [INFO]  
========== done (0.05000948905944824 s) fit model
2023-11-08 13:33:39,609 [INFO]  
========== start: fit model
2023-11-08 13:33:39,609 [WARNING]  Already bound, ignoring bind()
2023-11-08 13:33:39,620 [INFO]  Epoch[0] Batch [0-4]	Speed: 13532.74 samples/sec	cross-entropy=39.454558	mean_speed_in_air13-accuracy=0.000000
2023-11-08 13:33:39,623 [INFO]  Epoch[0] Train-cross-entropy=30.933916
2023-11-08 13:33:39,623 [INFO]  Epoch[0] Train-mean_speed_in_air13-accuracy=0.000000
2023-11-08 13:33:39,623 [INFO]  Epoch[0] Time cost=0.013
2023-11-08 13:33:39,625 [INFO]  Saved checkpoint to "./imputer_model/imputer_model_mean_speed_in_air13/model-0000.params"
2023-11-08 13:33:39,625 [INFO]  Epoch[0] Validation-cross-entropy=25.375881
2023-11-08 13:33:39,625 [INFO]  Epoch[0] Validation-mean_speed_in_air13-accuracy=0.000000
2023-11-08 13:33:39,633 [INFO]  Epoch[1] Batch [0-4]	Speed: 10123.15 samples/sec	cross-entropy=19.743152	mean_speed_in_air13-accuracy=0.000000
2023-11-08 13:33:39,638 [INFO]  Epoch[1] Train-cross-entropy=20.750992
2023-11-08 13:33:39,638 [INFO]  Epoch[1] Train-mean_speed_in_air13-accuracy=0.000000
2023-11-08 13:33:39,638 [INFO]  Epoch[1] Time cost=0.013
2023-11-08 13:33:39,642 [INFO]  Saved checkpoint to "./imputer_model/imputer_model_mean_speed_in_air13/model-0001.params"
2023-11-08 13:33:39,643 [INFO]  Epoch[1] Validation-cross-entropy=12.149300
2023-11-08 13:33:39,643 [INFO]  Epoch[1] Validation-mean_speed_in_air13-accuracy=0.000000
2023-11-08 13:33:39,648 [INFO]  Epoch[2] Batch [0-4]	Speed: 15341.80 samples/sec	cross-entropy=6.983354	mean_speed_in_air13-accuracy=0.000000
2023-11-08 13:33:39,651 [INFO]  Epoch[2] Train-cross-entropy=7.427867
2023-11-08 13:33:39,652 [INFO]  Epoch[2] Train-mean_speed_in_air13-accuracy=0.000000
2023-11-08 13:33:39,652 [INFO]  Epoch[2] Time cost=0.009
2023-11-08 13:33:39,653 [INFO]  Saved checkpoint to "./imputer_model/imputer_model_mean_speed_in_air13/model-0002.params"
2023-11-08 13:33:39,654 [INFO]  Epoch[2] Validation-cross-entropy=17.608681
2023-11-08 13:33:39,654 [INFO]  Epoch[2] Validation-mean_speed_in_air13-accuracy=0.000000
2023-11-08 13:33:39,659 [INFO]  Epoch[3] Batch [0-4]	Speed: 15491.43 samples/sec	cross-entropy=4.098579	mean_speed_in_air13-accuracy=0.000000
2023-11-08 13:33:39,662 [INFO]  Epoch[3] Train-cross-entropy=2.981065
2023-11-08 13:33:39,662 [INFO]  Epoch[3] Train-mean_speed_in_air13-accuracy=0.000000
2023-11-08 13:33:39,663 [INFO]  Epoch[3] Time cost=0.009
2023-11-08 13:33:39,664 [INFO]  Saved checkpoint to "./imputer_model/imputer_model_mean_speed_in_air13/model-0003.params"
2023-11-08 13:33:39,665 [INFO]  Epoch[3] Validation-cross-entropy=16.213362
2023-11-08 13:33:39,665 [INFO]  Epoch[3] Validation-mean_speed_in_air13-accuracy=0.000000
2023-11-08 13:33:39,670 [INFO]  Epoch[4] Batch [0-4]	Speed: 15139.33 samples/sec	cross-entropy=1.404678	mean_speed_in_air13-accuracy=0.000000
2023-11-08 13:33:39,673 [INFO]  Epoch[4] Train-cross-entropy=1.099933
2023-11-08 13:33:39,673 [INFO]  Epoch[4] Train-mean_speed_in_air13-accuracy=0.000000
2023-11-08 13:33:39,673 [INFO]  Epoch[4] Time cost=0.009
2023-11-08 13:33:39,675 [INFO]  Saved checkpoint to "./imputer_model/imputer_model_mean_speed_in_air13/model-0004.params"
2023-11-08 13:33:39,675 [INFO]  Epoch[4] Validation-cross-entropy=16.069355
2023-11-08 13:33:39,675 [INFO]  Epoch[4] Validation-mean_speed_in_air13-accuracy=0.000000
2023-11-08 13:33:39,675 [INFO]  
========== done (0.06623578071594238 s) fit model
2023-11-08 13:46:59,308 [INFO]  
========== start: fit model
2023-11-08 13:46:59,308 [WARNING]  Already bound, ignoring bind()
2023-11-08 13:46:59,315 [INFO]  Epoch[0] Batch [0-4]	Speed: 13717.38 samples/sec	cross-entropy=23.623528	mean_speed_in_air13-accuracy=0.000000
2023-11-08 13:46:59,319 [INFO]  Epoch[0] Train-cross-entropy=24.547490
2023-11-08 13:46:59,319 [INFO]  Epoch[0] Train-mean_speed_in_air13-accuracy=0.000000
2023-11-08 13:46:59,319 [INFO]  Epoch[0] Time cost=0.010
2023-11-08 13:46:59,320 [INFO]  Saved checkpoint to "./imputer_model/imputer_model_mean_speed_in_air13/model-0000.params"
2023-11-08 13:46:59,321 [INFO]  Epoch[0] Validation-cross-entropy=38.279953
2023-11-08 13:46:59,321 [INFO]  Epoch[0] Validation-mean_speed_in_air13-accuracy=0.000000
2023-11-08 13:46:59,328 [INFO]  Epoch[1] Batch [0-4]	Speed: 10497.65 samples/sec	cross-entropy=49.757935	mean_speed_in_air13-accuracy=0.000000
2023-11-08 13:46:59,333 [INFO]  Epoch[1] Train-cross-entropy=40.264728
2023-11-08 13:46:59,334 [INFO]  Epoch[1] Train-mean_speed_in_air13-accuracy=0.000000
2023-11-08 13:46:59,334 [INFO]  Epoch[1] Time cost=0.013
2023-11-08 13:46:59,337 [INFO]  Saved checkpoint to "./imputer_model/imputer_model_mean_speed_in_air13/model-0001.params"
2023-11-08 13:46:59,338 [INFO]  Epoch[1] Validation-cross-entropy=12.319799
2023-11-08 13:46:59,338 [INFO]  Epoch[1] Validation-mean_speed_in_air13-accuracy=0.000000
2023-11-08 13:46:59,345 [INFO]  Epoch[2] Batch [0-4]	Speed: 12221.05 samples/sec	cross-entropy=7.812713	mean_speed_in_air13-accuracy=0.000000
2023-11-08 13:46:59,349 [INFO]  Epoch[2] Train-cross-entropy=6.644476
2023-11-08 13:46:59,349 [INFO]  Epoch[2] Train-mean_speed_in_air13-accuracy=0.000000
2023-11-08 13:46:59,349 [INFO]  Epoch[2] Time cost=0.011
2023-11-08 13:46:59,351 [INFO]  Saved checkpoint to "./imputer_model/imputer_model_mean_speed_in_air13/model-0002.params"
2023-11-08 13:46:59,351 [INFO]  Epoch[2] Validation-cross-entropy=10.700757
2023-11-08 13:46:59,352 [INFO]  Epoch[2] Validation-mean_speed_in_air13-accuracy=0.000000
2023-11-08 13:46:59,358 [INFO]  Epoch[3] Batch [0-4]	Speed: 13570.37 samples/sec	cross-entropy=3.847493	mean_speed_in_air13-accuracy=0.000000
2023-11-08 13:46:59,361 [INFO]  Epoch[3] Train-cross-entropy=3.472220
2023-11-08 13:46:59,361 [INFO]  Epoch[3] Train-mean_speed_in_air13-accuracy=0.000000
2023-11-08 13:46:59,361 [INFO]  Epoch[3] Time cost=0.009
2023-11-08 13:46:59,363 [INFO]  Saved checkpoint to "./imputer_model/imputer_model_mean_speed_in_air13/model-0003.params"
2023-11-08 13:46:59,363 [INFO]  Epoch[3] Validation-cross-entropy=12.436448
2023-11-08 13:46:59,363 [INFO]  Epoch[3] Validation-mean_speed_in_air13-accuracy=0.000000
2023-11-08 13:46:59,368 [INFO]  Epoch[4] Batch [0-4]	Speed: 17550.54 samples/sec	cross-entropy=1.268106	mean_speed_in_air13-accuracy=0.000000
2023-11-08 13:46:59,371 [INFO]  Epoch[4] Train-cross-entropy=1.144782
2023-11-08 13:46:59,372 [INFO]  Epoch[4] Train-mean_speed_in_air13-accuracy=0.000000
2023-11-08 13:46:59,372 [INFO]  Epoch[4] Time cost=0.008
2023-11-08 13:46:59,373 [INFO]  Saved checkpoint to "./imputer_model/imputer_model_mean_speed_in_air13/model-0004.params"
2023-11-08 13:46:59,374 [INFO]  Epoch[4] Validation-cross-entropy=9.946991
2023-11-08 13:46:59,374 [INFO]  Epoch[4] Validation-mean_speed_in_air13-accuracy=0.000000
2023-11-08 13:46:59,374 [INFO]  
========== done (0.06571769714355469 s) fit model
2023-11-08 14:00:21,971 [INFO]  
========== start: fit model
2023-11-08 14:00:21,971 [WARNING]  Already bound, ignoring bind()
2023-11-08 14:00:21,978 [INFO]  Epoch[0] Batch [0-4]	Speed: 14154.26 samples/sec	cross-entropy=20.051080	mean_speed_in_air13-accuracy=0.000000
2023-11-08 14:00:21,981 [INFO]  Epoch[0] Train-cross-entropy=18.478069
2023-11-08 14:00:21,982 [INFO]  Epoch[0] Train-mean_speed_in_air13-accuracy=0.000000
2023-11-08 14:00:21,982 [INFO]  Epoch[0] Time cost=0.010
2023-11-08 14:00:21,983 [INFO]  Saved checkpoint to "./imputer_model/imputer_model_mean_speed_in_air13/model-0000.params"
2023-11-08 14:00:21,983 [INFO]  Epoch[0] Validation-cross-entropy=63.870064
2023-11-08 14:00:21,983 [INFO]  Epoch[0] Validation-mean_speed_in_air13-accuracy=0.000000
2023-11-08 14:00:21,990 [INFO]  Epoch[1] Batch [0-4]	Speed: 11479.45 samples/sec	cross-entropy=48.157053	mean_speed_in_air13-accuracy=0.000000
2023-11-08 14:00:21,995 [INFO]  Epoch[1] Train-cross-entropy=37.939416
2023-11-08 14:00:21,996 [INFO]  Epoch[1] Train-mean_speed_in_air13-accuracy=0.000000
2023-11-08 14:00:21,996 [INFO]  Epoch[1] Time cost=0.012
2023-11-08 14:00:21,999 [INFO]  Saved checkpoint to "./imputer_model/imputer_model_mean_speed_in_air13/model-0001.params"
2023-11-08 14:00:21,999 [INFO]  Epoch[1] Validation-cross-entropy=29.235540
2023-11-08 14:00:22,000 [INFO]  Epoch[1] Validation-mean_speed_in_air13-accuracy=0.000000
2023-11-08 14:00:22,006 [INFO]  Epoch[2] Batch [0-4]	Speed: 12402.30 samples/sec	cross-entropy=4.512551	mean_speed_in_air13-accuracy=0.000000
2023-11-08 14:00:22,010 [INFO]  Epoch[2] Train-cross-entropy=5.367775
2023-11-08 14:00:22,010 [INFO]  Epoch[2] Train-mean_speed_in_air13-accuracy=0.000000
2023-11-08 14:00:22,010 [INFO]  Epoch[2] Time cost=0.011
2023-11-08 14:00:22,012 [INFO]  Saved checkpoint to "./imputer_model/imputer_model_mean_speed_in_air13/model-0002.params"
2023-11-08 14:00:22,012 [INFO]  Epoch[2] Validation-cross-entropy=18.074188
2023-11-08 14:00:22,013 [INFO]  Epoch[2] Validation-mean_speed_in_air13-accuracy=0.000000
2023-11-08 14:00:22,019 [INFO]  Epoch[3] Batch [0-4]	Speed: 13579.98 samples/sec	cross-entropy=4.111670	mean_speed_in_air13-accuracy=0.000000
2023-11-08 14:00:22,022 [INFO]  Epoch[3] Train-cross-entropy=3.759901
2023-11-08 14:00:22,022 [INFO]  Epoch[3] Train-mean_speed_in_air13-accuracy=0.000000
2023-11-08 14:00:22,022 [INFO]  Epoch[3] Time cost=0.010
2023-11-08 14:00:22,024 [INFO]  Saved checkpoint to "./imputer_model/imputer_model_mean_speed_in_air13/model-0003.params"
2023-11-08 14:00:22,024 [INFO]  Epoch[3] Validation-cross-entropy=17.720711
2023-11-08 14:00:22,024 [INFO]  Epoch[3] Validation-mean_speed_in_air13-accuracy=0.000000
2023-11-08 14:00:22,030 [INFO]  Epoch[4] Batch [0-4]	Speed: 14080.75 samples/sec	cross-entropy=1.397585	mean_speed_in_air13-accuracy=0.000000
2023-11-08 14:00:22,033 [INFO]  Epoch[4] Train-cross-entropy=1.697774
2023-11-08 14:00:22,034 [INFO]  Epoch[4] Train-mean_speed_in_air13-accuracy=0.000000
2023-11-08 14:00:22,034 [INFO]  Epoch[4] Time cost=0.009
2023-11-08 14:00:22,035 [INFO]  Saved checkpoint to "./imputer_model/imputer_model_mean_speed_in_air13/model-0004.params"
2023-11-08 14:00:22,036 [INFO]  Epoch[4] Validation-cross-entropy=18.923059
2023-11-08 14:00:22,036 [INFO]  Epoch[4] Validation-mean_speed_in_air13-accuracy=0.000000
2023-11-08 14:00:22,036 [INFO]  
========== done (0.06482720375061035 s) fit model
2023-11-08 14:13:47,230 [INFO]  
========== start: fit model
2023-11-08 14:13:47,230 [WARNING]  Already bound, ignoring bind()
2023-11-08 14:13:47,237 [INFO]  Epoch[0] Batch [0-4]	Speed: 14020.45 samples/sec	cross-entropy=22.907857	mean_speed_in_air13-accuracy=2.600000
2023-11-08 14:13:47,241 [INFO]  Epoch[0] Train-cross-entropy=25.069657
2023-11-08 14:13:47,241 [INFO]  Epoch[0] Train-mean_speed_in_air13-accuracy=2.875000
2023-11-08 14:13:47,241 [INFO]  Epoch[0] Time cost=0.010
2023-11-08 14:13:47,242 [INFO]  Saved checkpoint to "./imputer_model/imputer_model_mean_speed_in_air13/model-0000.params"
2023-11-08 14:13:47,243 [INFO]  Epoch[0] Validation-cross-entropy=5.510015
2023-11-08 14:13:47,243 [INFO]  Epoch[0] Validation-mean_speed_in_air13-accuracy=0.000000
2023-11-08 14:13:47,250 [INFO]  Epoch[1] Batch [0-4]	Speed: 11284.02 samples/sec	cross-entropy=34.132371	mean_speed_in_air13-accuracy=2.600000
2023-11-08 14:13:47,255 [INFO]  Epoch[1] Train-cross-entropy=40.394190
2023-11-08 14:13:47,255 [INFO]  Epoch[1] Train-mean_speed_in_air13-accuracy=2.875000
2023-11-08 14:13:47,255 [INFO]  Epoch[1] Time cost=0.012
2023-11-08 14:13:47,258 [INFO]  Saved checkpoint to "./imputer_model/imputer_model_mean_speed_in_air13/model-0001.params"
2023-11-08 14:13:47,258 [INFO]  Epoch[1] Validation-cross-entropy=5.338178
2023-11-08 14:13:47,258 [INFO]  Epoch[1] Validation-mean_speed_in_air13-accuracy=0.000000
2023-11-08 14:13:47,263 [INFO]  Epoch[2] Batch [0-4]	Speed: 17282.74 samples/sec	cross-entropy=2.728296	mean_speed_in_air13-accuracy=2.600000
2023-11-08 14:13:47,266 [INFO]  Epoch[2] Train-cross-entropy=3.823426
2023-11-08 14:13:47,266 [INFO]  Epoch[2] Train-mean_speed_in_air13-accuracy=2.875000
2023-11-08 14:13:47,266 [INFO]  Epoch[2] Time cost=0.008
2023-11-08 14:13:47,268 [INFO]  Saved checkpoint to "./imputer_model/imputer_model_mean_speed_in_air13/model-0002.params"
2023-11-08 14:13:47,269 [INFO]  Epoch[2] Validation-cross-entropy=5.588870
2023-11-08 14:13:47,269 [INFO]  Epoch[2] Validation-mean_speed_in_air13-accuracy=0.000000
2023-11-08 14:13:47,273 [INFO]  Epoch[3] Batch [0-4]	Speed: 18406.16 samples/sec	cross-entropy=3.517933	mean_speed_in_air13-accuracy=2.600000
2023-11-08 14:13:47,276 [INFO]  Epoch[3] Train-cross-entropy=3.900629
2023-11-08 14:13:47,276 [INFO]  Epoch[3] Train-mean_speed_in_air13-accuracy=2.875000
2023-11-08 14:13:47,276 [INFO]  Epoch[3] Time cost=0.007
2023-11-08 14:13:47,277 [INFO]  Saved checkpoint to "./imputer_model/imputer_model_mean_speed_in_air13/model-0003.params"
2023-11-08 14:13:47,278 [INFO]  Epoch[3] Validation-cross-entropy=3.597111
2023-11-08 14:13:47,278 [INFO]  Epoch[3] Validation-mean_speed_in_air13-accuracy=0.000000
2023-11-08 14:13:47,283 [INFO]  Epoch[4] Batch [0-4]	Speed: 15097.61 samples/sec	cross-entropy=1.937350	mean_speed_in_air13-accuracy=2.600000
2023-11-08 14:13:47,288 [INFO]  Epoch[4] Train-cross-entropy=1.724401
2023-11-08 14:13:47,288 [INFO]  Epoch[4] Train-mean_speed_in_air13-accuracy=2.875000
2023-11-08 14:13:47,289 [INFO]  Epoch[4] Time cost=0.011
2023-11-08 14:13:47,292 [INFO]  Saved checkpoint to "./imputer_model/imputer_model_mean_speed_in_air13/model-0004.params"
2023-11-08 14:13:47,292 [INFO]  Epoch[4] Validation-cross-entropy=4.127565
2023-11-08 14:13:47,292 [INFO]  Epoch[4] Validation-mean_speed_in_air13-accuracy=0.000000
2023-11-08 14:13:47,292 [INFO]  
========== done (0.06200098991394043 s) fit model
2023-11-08 14:27:22,943 [INFO]  
========== start: fit model
2023-11-08 14:27:22,943 [WARNING]  Already bound, ignoring bind()
2023-11-08 14:27:22,950 [INFO]  Epoch[0] Batch [0-4]	Speed: 14154.26 samples/sec	cross-entropy=20.377013	mean_speed_in_air13-accuracy=0.000000
2023-11-08 14:27:22,954 [INFO]  Epoch[0] Train-cross-entropy=19.456554
2023-11-08 14:27:22,954 [INFO]  Epoch[0] Train-mean_speed_in_air13-accuracy=0.000000
2023-11-08 14:27:22,954 [INFO]  Epoch[0] Time cost=0.011
2023-11-08 14:27:22,957 [INFO]  Saved checkpoint to "./imputer_model/imputer_model_mean_speed_in_air13/model-0000.params"
2023-11-08 14:27:22,958 [INFO]  Epoch[0] Validation-cross-entropy=15.410459
2023-11-08 14:27:22,958 [INFO]  Epoch[0] Validation-mean_speed_in_air13-accuracy=0.000000
2023-11-08 14:27:22,966 [INFO]  Epoch[1] Batch [0-4]	Speed: 11115.80 samples/sec	cross-entropy=27.569475	mean_speed_in_air13-accuracy=0.000000
2023-11-08 14:27:22,971 [INFO]  Epoch[1] Train-cross-entropy=22.978030
2023-11-08 14:27:22,971 [INFO]  Epoch[1] Train-mean_speed_in_air13-accuracy=0.000000
2023-11-08 14:27:22,971 [INFO]  Epoch[1] Time cost=0.013
2023-11-08 14:27:22,974 [INFO]  Saved checkpoint to "./imputer_model/imputer_model_mean_speed_in_air13/model-0001.params"
2023-11-08 14:27:22,974 [INFO]  Epoch[1] Validation-cross-entropy=20.263006
2023-11-08 14:27:22,974 [INFO]  Epoch[1] Validation-mean_speed_in_air13-accuracy=0.000000
2023-11-08 14:27:22,980 [INFO]  Epoch[2] Batch [0-4]	Speed: 15619.43 samples/sec	cross-entropy=4.547454	mean_speed_in_air13-accuracy=0.000000
2023-11-08 14:27:22,983 [INFO]  Epoch[2] Train-cross-entropy=3.767822
2023-11-08 14:27:22,983 [INFO]  Epoch[2] Train-mean_speed_in_air13-accuracy=0.000000
2023-11-08 14:27:22,983 [INFO]  Epoch[2] Time cost=0.008
2023-11-08 14:27:22,984 [INFO]  Saved checkpoint to "./imputer_model/imputer_model_mean_speed_in_air13/model-0002.params"
2023-11-08 14:27:22,985 [INFO]  Epoch[2] Validation-cross-entropy=16.725504
2023-11-08 14:27:22,985 [INFO]  Epoch[2] Validation-mean_speed_in_air13-accuracy=0.000000
2023-11-08 14:27:22,990 [INFO]  Epoch[3] Batch [0-4]	Speed: 15825.70 samples/sec	cross-entropy=3.936785	mean_speed_in_air13-accuracy=0.000000
2023-11-08 14:27:22,993 [INFO]  Epoch[3] Train-cross-entropy=2.982392
2023-11-08 14:27:22,993 [INFO]  Epoch[3] Train-mean_speed_in_air13-accuracy=0.000000
2023-11-08 14:27:22,993 [INFO]  Epoch[3] Time cost=0.008
2023-11-08 14:27:22,995 [INFO]  Saved checkpoint to "./imputer_model/imputer_model_mean_speed_in_air13/model-0003.params"
2023-11-08 14:27:22,995 [INFO]  Epoch[3] Validation-cross-entropy=12.100839
2023-11-08 14:27:22,995 [INFO]  Epoch[3] Validation-mean_speed_in_air13-accuracy=0.000000
2023-11-08 14:27:23,000 [INFO]  Epoch[4] Batch [0-4]	Speed: 15405.19 samples/sec	cross-entropy=1.953163	mean_speed_in_air13-accuracy=0.000000
2023-11-08 14:27:23,003 [INFO]  Epoch[4] Train-cross-entropy=1.468658
2023-11-08 14:27:23,004 [INFO]  Epoch[4] Train-mean_speed_in_air13-accuracy=0.000000
2023-11-08 14:27:23,004 [INFO]  Epoch[4] Time cost=0.008
2023-11-08 14:27:23,022 [INFO]  Saved checkpoint to "./imputer_model/imputer_model_mean_speed_in_air13/model-0004.params"
2023-11-08 14:27:23,022 [INFO]  Epoch[4] Validation-cross-entropy=13.417778
2023-11-08 14:27:23,022 [INFO]  Epoch[4] Validation-mean_speed_in_air13-accuracy=0.000000
2023-11-08 14:27:23,023 [INFO]  
========== done (0.07991838455200195 s) fit model
2023-11-08 14:41:24,004 [INFO]  
========== start: fit model
2023-11-08 14:41:24,005 [WARNING]  Already bound, ignoring bind()
2023-11-08 14:41:24,011 [INFO]  Epoch[0] Batch [0-4]	Speed: 16228.49 samples/sec	cross-entropy=23.052103	mean_speed_in_air13-accuracy=0.000000
2023-11-08 14:41:24,014 [INFO]  Epoch[0] Train-cross-entropy=20.606541
2023-11-08 14:41:24,015 [INFO]  Epoch[0] Train-mean_speed_in_air13-accuracy=0.000000
2023-11-08 14:41:24,015 [INFO]  Epoch[0] Time cost=0.009
2023-11-08 14:41:24,016 [INFO]  Saved checkpoint to "./imputer_model/imputer_model_mean_speed_in_air13/model-0000.params"
2023-11-08 14:41:24,016 [INFO]  Epoch[0] Validation-cross-entropy=23.214638
2023-11-08 14:41:24,016 [INFO]  Epoch[0] Validation-mean_speed_in_air13-accuracy=0.000000
2023-11-08 14:41:24,027 [INFO]  Epoch[1] Batch [0-4]	Speed: 6778.67 samples/sec	cross-entropy=40.522838	mean_speed_in_air13-accuracy=0.000000
2023-11-08 14:41:24,030 [INFO]  Epoch[1] Train-cross-entropy=30.358414
2023-11-08 14:41:24,030 [INFO]  Epoch[1] Train-mean_speed_in_air13-accuracy=0.000000
2023-11-08 14:41:24,030 [INFO]  Epoch[1] Time cost=0.013
2023-11-08 14:41:24,031 [INFO]  Saved checkpoint to "./imputer_model/imputer_model_mean_speed_in_air13/model-0001.params"
2023-11-08 14:41:24,031 [INFO]  Epoch[1] Validation-cross-entropy=15.540039
2023-11-08 14:41:24,032 [INFO]  Epoch[1] Validation-mean_speed_in_air13-accuracy=0.000000
2023-11-08 14:41:24,037 [INFO]  Epoch[2] Batch [0-4]	Speed: 14490.44 samples/sec	cross-entropy=4.304740	mean_speed_in_air13-accuracy=0.000000
2023-11-08 14:41:24,041 [INFO]  Epoch[2] Train-cross-entropy=4.345230
2023-11-08 14:41:24,041 [INFO]  Epoch[2] Train-mean_speed_in_air13-accuracy=0.000000
2023-11-08 14:41:24,041 [INFO]  Epoch[2] Time cost=0.009
2023-11-08 14:41:24,042 [INFO]  Saved checkpoint to "./imputer_model/imputer_model_mean_speed_in_air13/model-0002.params"
2023-11-08 14:41:24,043 [INFO]  Epoch[2] Validation-cross-entropy=15.535234
2023-11-08 14:41:24,043 [INFO]  Epoch[2] Validation-mean_speed_in_air13-accuracy=0.000000
2023-11-08 14:41:24,048 [INFO]  Epoch[3] Batch [0-4]	Speed: 14418.06 samples/sec	cross-entropy=2.409662	mean_speed_in_air13-accuracy=0.000000
2023-11-08 14:41:24,052 [INFO]  Epoch[3] Train-cross-entropy=1.773906
2023-11-08 14:41:24,052 [INFO]  Epoch[3] Train-mean_speed_in_air13-accuracy=0.000000
2023-11-08 14:41:24,052 [INFO]  Epoch[3] Time cost=0.009
2023-11-08 14:41:24,053 [INFO]  Saved checkpoint to "./imputer_model/imputer_model_mean_speed_in_air13/model-0003.params"
2023-11-08 14:41:24,054 [INFO]  Epoch[3] Validation-cross-entropy=12.482384
2023-11-08 14:41:24,054 [INFO]  Epoch[3] Validation-mean_speed_in_air13-accuracy=0.000000
2023-11-08 14:41:24,059 [INFO]  Epoch[4] Batch [0-4]	Speed: 15150.44 samples/sec	cross-entropy=1.021787	mean_speed_in_air13-accuracy=0.000000
2023-11-08 14:41:24,062 [INFO]  Epoch[4] Train-cross-entropy=0.857994
2023-11-08 14:41:24,062 [INFO]  Epoch[4] Train-mean_speed_in_air13-accuracy=0.000000
2023-11-08 14:41:24,062 [INFO]  Epoch[4] Time cost=0.009
2023-11-08 14:41:24,064 [INFO]  Saved checkpoint to "./imputer_model/imputer_model_mean_speed_in_air13/model-0004.params"
2023-11-08 14:41:24,064 [INFO]  Epoch[4] Validation-cross-entropy=15.176147
2023-11-08 14:41:24,064 [INFO]  Epoch[4] Validation-mean_speed_in_air13-accuracy=0.000000
2023-11-08 14:41:24,064 [INFO]  
========== done (0.06010031700134277 s) fit model
2023-11-08 14:55:29,135 [INFO]  
========== start: fit model
2023-11-08 14:55:29,135 [WARNING]  Already bound, ignoring bind()
2023-11-08 14:55:29,143 [INFO]  Epoch[0] Batch [0-4]	Speed: 13510.27 samples/sec	cross-entropy=17.673686	mean_speed_in_air13-accuracy=0.000000
2023-11-08 14:55:29,148 [INFO]  Epoch[0] Train-cross-entropy=22.201001
2023-11-08 14:55:29,148 [INFO]  Epoch[0] Train-mean_speed_in_air13-accuracy=0.000000
2023-11-08 14:55:29,148 [INFO]  Epoch[0] Time cost=0.012
2023-11-08 14:55:29,151 [INFO]  Saved checkpoint to "./imputer_model/imputer_model_mean_speed_in_air13/model-0000.params"
2023-11-08 14:55:29,156 [INFO]  Epoch[0] Validation-cross-entropy=20.473955
2023-11-08 14:55:29,156 [INFO]  Epoch[0] Validation-mean_speed_in_air13-accuracy=0.000000
2023-11-08 14:55:29,162 [INFO]  Epoch[1] Batch [0-4]	Speed: 14013.13 samples/sec	cross-entropy=36.031191	mean_speed_in_air13-accuracy=0.000000
2023-11-08 14:55:29,165 [INFO]  Epoch[1] Train-cross-entropy=32.020925
2023-11-08 14:55:29,165 [INFO]  Epoch[1] Train-mean_speed_in_air13-accuracy=0.000000
2023-11-08 14:55:29,165 [INFO]  Epoch[1] Time cost=0.009
2023-11-08 14:55:29,167 [INFO]  Saved checkpoint to "./imputer_model/imputer_model_mean_speed_in_air13/model-0001.params"
2023-11-08 14:55:29,167 [INFO]  Epoch[1] Validation-cross-entropy=16.127869
2023-11-08 14:55:29,167 [INFO]  Epoch[1] Validation-mean_speed_in_air13-accuracy=0.000000
2023-11-08 14:55:29,173 [INFO]  Epoch[2] Batch [0-4]	Speed: 14335.67 samples/sec	cross-entropy=8.884098	mean_speed_in_air13-accuracy=0.000000
2023-11-08 14:55:29,176 [INFO]  Epoch[2] Train-cross-entropy=6.853867
2023-11-08 14:55:29,177 [INFO]  Epoch[2] Train-mean_speed_in_air13-accuracy=0.000000
2023-11-08 14:55:29,177 [INFO]  Epoch[2] Time cost=0.009
2023-11-08 14:55:29,178 [INFO]  Saved checkpoint to "./imputer_model/imputer_model_mean_speed_in_air13/model-0002.params"
2023-11-08 14:55:29,179 [INFO]  Epoch[2] Validation-cross-entropy=16.270771
2023-11-08 14:55:29,179 [INFO]  Epoch[2] Validation-mean_speed_in_air13-accuracy=0.000000
2023-11-08 14:55:29,187 [INFO]  Epoch[3] Batch [0-4]	Speed: 10310.56 samples/sec	cross-entropy=3.141800	mean_speed_in_air13-accuracy=0.000000
2023-11-08 14:55:29,191 [INFO]  Epoch[3] Train-cross-entropy=2.419928
2023-11-08 14:55:29,191 [INFO]  Epoch[3] Train-mean_speed_in_air13-accuracy=0.000000
2023-11-08 14:55:29,192 [INFO]  Epoch[3] Time cost=0.013
2023-11-08 14:55:29,195 [INFO]  Saved checkpoint to "./imputer_model/imputer_model_mean_speed_in_air13/model-0003.params"
2023-11-08 14:55:29,196 [INFO]  Epoch[3] Validation-cross-entropy=18.830711
2023-11-08 14:55:29,196 [INFO]  Epoch[3] Validation-mean_speed_in_air13-accuracy=0.000000
2023-11-08 14:55:29,202 [INFO]  Epoch[4] Batch [0-4]	Speed: 14003.62 samples/sec	cross-entropy=1.273576	mean_speed_in_air13-accuracy=0.000000
2023-11-08 14:55:29,206 [INFO]  Epoch[4] Train-cross-entropy=1.117040
2023-11-08 14:55:29,207 [INFO]  Epoch[4] Train-mean_speed_in_air13-accuracy=0.000000
2023-11-08 14:55:29,207 [INFO]  Epoch[4] Time cost=0.010
2023-11-08 14:55:29,208 [INFO]  Saved checkpoint to "./imputer_model/imputer_model_mean_speed_in_air13/model-0004.params"
2023-11-08 14:55:29,209 [INFO]  Epoch[4] Validation-cross-entropy=18.408823
2023-11-08 14:55:29,209 [INFO]  Epoch[4] Validation-mean_speed_in_air13-accuracy=0.000000
2023-11-08 14:55:29,209 [INFO]  
========== done (0.07403707504272461 s) fit model
