2023-11-08 12:48:24,762 [INFO]  
========== start: fit model
2023-11-08 12:48:24,762 [WARNING]  Already bound, ignoring bind()
2023-11-08 12:48:24,772 [INFO]  Epoch[0] Batch [0-4]	Speed: 11019.97 samples/sec	cross-entropy=19.712582	mean_jerk_in_air19-accuracy=0.000000
2023-11-08 12:48:24,787 [INFO]  Epoch[0] Train-cross-entropy=18.896429
2023-11-08 12:48:24,787 [INFO]  Epoch[0] Train-mean_jerk_in_air19-accuracy=0.000000
2023-11-08 12:48:24,787 [INFO]  Epoch[0] Time cost=0.023
2023-11-08 12:48:24,790 [INFO]  Saved checkpoint to "./imputer_model/imputer_model_mean_jerk_in_air19/model-0000.params"
2023-11-08 12:48:24,795 [INFO]  Epoch[0] Validation-cross-entropy=58.650681
2023-11-08 12:48:24,795 [INFO]  Epoch[0] Validation-mean_jerk_in_air19-accuracy=0.000000
2023-11-08 12:48:24,861 [INFO]  Epoch[1] Batch [0-4]	Speed: 1630.63 samples/sec	cross-entropy=58.191901	mean_jerk_in_air19-accuracy=0.000000
2023-11-08 12:48:25,543 [INFO]  Epoch[1] Train-cross-entropy=43.077219
2023-11-08 12:48:25,544 [INFO]  Epoch[1] Train-mean_jerk_in_air19-accuracy=0.000000
2023-11-08 12:48:25,544 [INFO]  Epoch[1] Time cost=0.749
2023-11-08 12:48:25,547 [INFO]  Saved checkpoint to "./imputer_model/imputer_model_mean_jerk_in_air19/model-0001.params"
2023-11-08 12:48:25,548 [INFO]  Epoch[1] Validation-cross-entropy=21.181927
2023-11-08 12:48:25,549 [INFO]  Epoch[1] Validation-mean_jerk_in_air19-accuracy=0.000000
2023-11-08 12:48:25,556 [INFO]  Epoch[2] Batch [0-4]	Speed: 11795.21 samples/sec	cross-entropy=14.088358	mean_jerk_in_air19-accuracy=0.000000
2023-11-08 12:48:25,560 [INFO]  Epoch[2] Train-cross-entropy=10.430994
2023-11-08 12:48:25,560 [INFO]  Epoch[2] Train-mean_jerk_in_air19-accuracy=0.000000
2023-11-08 12:48:25,560 [INFO]  Epoch[2] Time cost=0.011
2023-11-08 12:48:25,563 [INFO]  Saved checkpoint to "./imputer_model/imputer_model_mean_jerk_in_air19/model-0002.params"
2023-11-08 12:48:25,568 [INFO]  Epoch[2] Validation-cross-entropy=36.852951
2023-11-08 12:48:25,568 [INFO]  Epoch[2] Validation-mean_jerk_in_air19-accuracy=0.000000
2023-11-08 12:48:25,633 [INFO]  Epoch[3] Batch [0-4]	Speed: 1045.48 samples/sec	cross-entropy=12.922488	mean_jerk_in_air19-accuracy=0.000000
2023-11-08 12:48:25,728 [INFO]  Epoch[3] Train-cross-entropy=9.336689
2023-11-08 12:48:25,729 [INFO]  Epoch[3] Train-mean_jerk_in_air19-accuracy=0.000000
2023-11-08 12:48:25,729 [INFO]  Epoch[3] Time cost=0.160
2023-11-08 12:48:25,733 [INFO]  Saved checkpoint to "./imputer_model/imputer_model_mean_jerk_in_air19/model-0003.params"
2023-11-08 12:48:25,735 [INFO]  Epoch[3] Validation-cross-entropy=22.511398
2023-11-08 12:48:25,736 [INFO]  Epoch[3] Validation-mean_jerk_in_air19-accuracy=0.000000
2023-11-08 12:48:25,922 [INFO]  Epoch[4] Batch [0-4]	Speed: 361.63 samples/sec	cross-entropy=3.638439	mean_jerk_in_air19-accuracy=0.000000
2023-11-08 12:48:25,927 [INFO]  Epoch[4] Train-cross-entropy=2.744118
2023-11-08 12:48:25,928 [INFO]  Epoch[4] Train-mean_jerk_in_air19-accuracy=0.000000
2023-11-08 12:48:25,928 [INFO]  Epoch[4] Time cost=0.192
2023-11-08 12:48:25,930 [INFO]  Saved checkpoint to "./imputer_model/imputer_model_mean_jerk_in_air19/model-0004.params"
2023-11-08 12:48:25,930 [INFO]  Epoch[4] Validation-cross-entropy=28.786858
2023-11-08 12:48:25,931 [INFO]  Epoch[4] Validation-mean_jerk_in_air19-accuracy=0.000000
2023-11-08 12:48:25,931 [INFO]  
========== done (1.1689908504486084 s) fit model
2023-11-08 13:08:32,958 [INFO]  
========== start: fit model
2023-11-08 13:08:32,982 [WARNING]  Already bound, ignoring bind()
2023-11-08 13:08:32,992 [INFO]  Epoch[0] Batch [0-4]	Speed: 9976.05 samples/sec	cross-entropy=25.980384	mean_jerk_in_air19-accuracy=3.000000
2023-11-08 13:08:32,997 [INFO]  Epoch[0] Train-cross-entropy=27.288662
2023-11-08 13:08:32,997 [INFO]  Epoch[0] Train-mean_jerk_in_air19-accuracy=2.625000
2023-11-08 13:08:32,997 [INFO]  Epoch[0] Time cost=0.014
2023-11-08 13:08:33,000 [INFO]  Saved checkpoint to "./imputer_model/imputer_model_mean_jerk_in_air19/model-0000.params"
2023-11-08 13:08:33,001 [INFO]  Epoch[0] Validation-cross-entropy=57.667797
2023-11-08 13:08:33,002 [INFO]  Epoch[0] Validation-mean_jerk_in_air19-accuracy=0.000000
2023-11-08 13:08:33,009 [INFO]  Epoch[1] Batch [0-4]	Speed: 11276.91 samples/sec	cross-entropy=41.981776	mean_jerk_in_air19-accuracy=3.000000
2023-11-08 13:08:33,013 [INFO]  Epoch[1] Train-cross-entropy=35.403068
2023-11-08 13:08:33,013 [INFO]  Epoch[1] Train-mean_jerk_in_air19-accuracy=2.625000
2023-11-08 13:08:33,013 [INFO]  Epoch[1] Time cost=0.012
2023-11-08 13:08:33,060 [INFO]  Saved checkpoint to "./imputer_model/imputer_model_mean_jerk_in_air19/model-0001.params"
2023-11-08 13:08:33,061 [INFO]  Epoch[1] Validation-cross-entropy=53.278320
2023-11-08 13:08:33,061 [INFO]  Epoch[1] Validation-mean_jerk_in_air19-accuracy=0.000000
2023-11-08 13:08:33,069 [INFO]  Epoch[2] Batch [0-4]	Speed: 10852.45 samples/sec	cross-entropy=5.967035	mean_jerk_in_air19-accuracy=3.000000
2023-11-08 13:08:33,073 [INFO]  Epoch[2] Train-cross-entropy=5.067625
2023-11-08 13:08:33,073 [INFO]  Epoch[2] Train-mean_jerk_in_air19-accuracy=2.625000
2023-11-08 13:08:33,073 [INFO]  Epoch[2] Time cost=0.012
2023-11-08 13:08:33,076 [INFO]  Saved checkpoint to "./imputer_model/imputer_model_mean_jerk_in_air19/model-0002.params"
2023-11-08 13:08:33,077 [INFO]  Epoch[2] Validation-cross-entropy=49.903507
2023-11-08 13:08:33,077 [INFO]  Epoch[2] Validation-mean_jerk_in_air19-accuracy=0.000000
2023-11-08 13:08:33,083 [INFO]  Epoch[3] Batch [0-4]	Speed: 13374.96 samples/sec	cross-entropy=2.087491	mean_jerk_in_air19-accuracy=3.000000
2023-11-08 13:08:33,087 [INFO]  Epoch[3] Train-cross-entropy=2.375513
2023-11-08 13:08:33,087 [INFO]  Epoch[3] Train-mean_jerk_in_air19-accuracy=2.625000
2023-11-08 13:08:33,087 [INFO]  Epoch[3] Time cost=0.010
2023-11-08 13:08:33,089 [INFO]  Saved checkpoint to "./imputer_model/imputer_model_mean_jerk_in_air19/model-0003.params"
2023-11-08 13:08:33,090 [INFO]  Epoch[3] Validation-cross-entropy=47.242546
2023-11-08 13:08:33,090 [INFO]  Epoch[3] Validation-mean_jerk_in_air19-accuracy=0.000000
2023-11-08 13:08:33,095 [INFO]  Epoch[4] Batch [0-4]	Speed: 14378.67 samples/sec	cross-entropy=1.174759	mean_jerk_in_air19-accuracy=3.000000
2023-11-08 13:08:33,099 [INFO]  Epoch[4] Train-cross-entropy=1.024655
2023-11-08 13:08:33,099 [INFO]  Epoch[4] Train-mean_jerk_in_air19-accuracy=2.625000
2023-11-08 13:08:33,099 [INFO]  Epoch[4] Time cost=0.010
2023-11-08 13:08:33,101 [INFO]  Saved checkpoint to "./imputer_model/imputer_model_mean_jerk_in_air19/model-0004.params"
2023-11-08 13:08:33,101 [INFO]  Epoch[4] Validation-cross-entropy=45.984852
2023-11-08 13:08:33,101 [INFO]  Epoch[4] Validation-mean_jerk_in_air19-accuracy=0.000000
2023-11-08 13:08:33,101 [INFO]  
========== done (0.143263578414917 s) fit model
2023-11-08 13:21:55,508 [INFO]  
========== start: fit model
2023-11-08 13:21:55,508 [WARNING]  Already bound, ignoring bind()
2023-11-08 13:21:55,515 [INFO]  Epoch[0] Batch [0-4]	Speed: 14163.96 samples/sec	cross-entropy=18.715654	mean_jerk_in_air19-accuracy=2.400000
2023-11-08 13:21:55,520 [INFO]  Epoch[0] Train-cross-entropy=24.204152
2023-11-08 13:21:55,520 [INFO]  Epoch[0] Train-mean_jerk_in_air19-accuracy=2.250000
2023-11-08 13:21:55,520 [INFO]  Epoch[0] Time cost=0.011
2023-11-08 13:21:55,523 [INFO]  Saved checkpoint to "./imputer_model/imputer_model_mean_jerk_in_air19/model-0000.params"
2023-11-08 13:21:55,524 [INFO]  Epoch[0] Validation-cross-entropy=15.738422
2023-11-08 13:21:55,524 [INFO]  Epoch[0] Validation-mean_jerk_in_air19-accuracy=0.000000
2023-11-08 13:21:55,531 [INFO]  Epoch[1] Batch [0-4]	Speed: 12419.52 samples/sec	cross-entropy=33.136410	mean_jerk_in_air19-accuracy=2.400000
2023-11-08 13:21:55,534 [INFO]  Epoch[1] Train-cross-entropy=26.043457
2023-11-08 13:21:55,535 [INFO]  Epoch[1] Train-mean_jerk_in_air19-accuracy=2.250000
2023-11-08 13:21:55,535 [INFO]  Epoch[1] Time cost=0.010
2023-11-08 13:21:55,537 [INFO]  Saved checkpoint to "./imputer_model/imputer_model_mean_jerk_in_air19/model-0001.params"
2023-11-08 13:21:55,537 [INFO]  Epoch[1] Validation-cross-entropy=14.744576
2023-11-08 13:21:55,538 [INFO]  Epoch[1] Validation-mean_jerk_in_air19-accuracy=0.000000
2023-11-08 13:21:55,542 [INFO]  Epoch[2] Batch [0-4]	Speed: 17635.86 samples/sec	cross-entropy=11.837055	mean_jerk_in_air19-accuracy=2.400000
2023-11-08 13:21:55,545 [INFO]  Epoch[2] Train-cross-entropy=8.564729
2023-11-08 13:21:55,545 [INFO]  Epoch[2] Train-mean_jerk_in_air19-accuracy=2.250000
2023-11-08 13:21:55,545 [INFO]  Epoch[2] Time cost=0.008
2023-11-08 13:21:55,547 [INFO]  Saved checkpoint to "./imputer_model/imputer_model_mean_jerk_in_air19/model-0002.params"
2023-11-08 13:21:55,547 [INFO]  Epoch[2] Validation-cross-entropy=8.870352
2023-11-08 13:21:55,547 [INFO]  Epoch[2] Validation-mean_jerk_in_air19-accuracy=0.000000
2023-11-08 13:21:55,552 [INFO]  Epoch[3] Batch [0-4]	Speed: 17483.10 samples/sec	cross-entropy=2.846457	mean_jerk_in_air19-accuracy=2.400000
2023-11-08 13:21:55,555 [INFO]  Epoch[3] Train-cross-entropy=2.548313
2023-11-08 13:21:55,555 [INFO]  Epoch[3] Train-mean_jerk_in_air19-accuracy=2.250000
2023-11-08 13:21:55,555 [INFO]  Epoch[3] Time cost=0.008
2023-11-08 13:21:55,556 [INFO]  Saved checkpoint to "./imputer_model/imputer_model_mean_jerk_in_air19/model-0003.params"
2023-11-08 13:21:55,557 [INFO]  Epoch[3] Validation-cross-entropy=12.966462
2023-11-08 13:21:55,557 [INFO]  Epoch[3] Validation-mean_jerk_in_air19-accuracy=0.000000
2023-11-08 13:21:55,562 [INFO]  Epoch[4] Batch [0-4]	Speed: 15593.11 samples/sec	cross-entropy=1.457287	mean_jerk_in_air19-accuracy=2.400000
2023-11-08 13:21:55,565 [INFO]  Epoch[4] Train-cross-entropy=1.188729
2023-11-08 13:21:55,565 [INFO]  Epoch[4] Train-mean_jerk_in_air19-accuracy=2.250000
2023-11-08 13:21:55,565 [INFO]  Epoch[4] Time cost=0.009
2023-11-08 13:21:55,567 [INFO]  Saved checkpoint to "./imputer_model/imputer_model_mean_jerk_in_air19/model-0004.params"
2023-11-08 13:21:55,567 [INFO]  Epoch[4] Validation-cross-entropy=15.907398
2023-11-08 13:21:55,567 [INFO]  Epoch[4] Validation-mean_jerk_in_air19-accuracy=0.000000
2023-11-08 13:21:55,567 [INFO]  
========== done (0.05934596061706543 s) fit model
2023-11-08 13:35:16,055 [INFO]  
========== start: fit model
2023-11-08 13:35:16,056 [WARNING]  Already bound, ignoring bind()
2023-11-08 13:35:16,062 [INFO]  Epoch[0] Batch [0-4]	Speed: 14539.89 samples/sec	cross-entropy=15.478496	mean_jerk_in_air19-accuracy=0.000000
2023-11-08 13:35:16,066 [INFO]  Epoch[0] Train-cross-entropy=25.003332
2023-11-08 13:35:16,066 [INFO]  Epoch[0] Train-mean_jerk_in_air19-accuracy=0.000000
2023-11-08 13:35:16,066 [INFO]  Epoch[0] Time cost=0.010
2023-11-08 13:35:16,067 [INFO]  Saved checkpoint to "./imputer_model/imputer_model_mean_jerk_in_air19/model-0000.params"
2023-11-08 13:35:16,068 [INFO]  Epoch[0] Validation-cross-entropy=6.171494
2023-11-08 13:35:16,068 [INFO]  Epoch[0] Validation-mean_jerk_in_air19-accuracy=0.000000
2023-11-08 13:35:16,076 [INFO]  Epoch[1] Batch [0-4]	Speed: 10182.67 samples/sec	cross-entropy=27.884391	mean_jerk_in_air19-accuracy=0.000000
2023-11-08 13:35:16,082 [INFO]  Epoch[1] Train-cross-entropy=31.425761
2023-11-08 13:35:16,082 [INFO]  Epoch[1] Train-mean_jerk_in_air19-accuracy=0.000000
2023-11-08 13:35:16,082 [INFO]  Epoch[1] Time cost=0.014
2023-11-08 13:35:16,084 [INFO]  Saved checkpoint to "./imputer_model/imputer_model_mean_jerk_in_air19/model-0001.params"
2023-11-08 13:35:16,085 [INFO]  Epoch[1] Validation-cross-entropy=7.933566
2023-11-08 13:35:16,085 [INFO]  Epoch[1] Validation-mean_jerk_in_air19-accuracy=0.000000
2023-11-08 13:35:16,092 [INFO]  Epoch[2] Batch [0-4]	Speed: 12316.94 samples/sec	cross-entropy=6.152679	mean_jerk_in_air19-accuracy=0.000000
2023-11-08 13:35:16,096 [INFO]  Epoch[2] Train-cross-entropy=5.431736
2023-11-08 13:35:16,096 [INFO]  Epoch[2] Train-mean_jerk_in_air19-accuracy=0.000000
2023-11-08 13:35:16,096 [INFO]  Epoch[2] Time cost=0.011
2023-11-08 13:35:16,098 [INFO]  Saved checkpoint to "./imputer_model/imputer_model_mean_jerk_in_air19/model-0002.params"
2023-11-08 13:35:16,098 [INFO]  Epoch[2] Validation-cross-entropy=7.804043
2023-11-08 13:35:16,098 [INFO]  Epoch[2] Validation-mean_jerk_in_air19-accuracy=0.000000
2023-11-08 13:35:16,104 [INFO]  Epoch[3] Batch [0-4]	Speed: 13613.04 samples/sec	cross-entropy=3.710579	mean_jerk_in_air19-accuracy=0.000000
2023-11-08 13:35:16,108 [INFO]  Epoch[3] Train-cross-entropy=3.338321
2023-11-08 13:35:16,108 [INFO]  Epoch[3] Train-mean_jerk_in_air19-accuracy=0.000000
2023-11-08 13:35:16,108 [INFO]  Epoch[3] Time cost=0.010
2023-11-08 13:35:16,110 [INFO]  Saved checkpoint to "./imputer_model/imputer_model_mean_jerk_in_air19/model-0003.params"
2023-11-08 13:35:16,110 [INFO]  Epoch[3] Validation-cross-entropy=5.163373
2023-11-08 13:35:16,110 [INFO]  Epoch[3] Validation-mean_jerk_in_air19-accuracy=0.000000
2023-11-08 13:35:16,116 [INFO]  Epoch[4] Batch [0-4]	Speed: 13980.29 samples/sec	cross-entropy=1.949264	mean_jerk_in_air19-accuracy=0.000000
2023-11-08 13:35:16,119 [INFO]  Epoch[4] Train-cross-entropy=1.793408
2023-11-08 13:35:16,119 [INFO]  Epoch[4] Train-mean_jerk_in_air19-accuracy=0.000000
2023-11-08 13:35:16,120 [INFO]  Epoch[4] Time cost=0.009
2023-11-08 13:35:16,121 [INFO]  Saved checkpoint to "./imputer_model/imputer_model_mean_jerk_in_air19/model-0004.params"
2023-11-08 13:35:16,121 [INFO]  Epoch[4] Validation-cross-entropy=3.058731
2023-11-08 13:35:16,122 [INFO]  Epoch[4] Validation-mean_jerk_in_air19-accuracy=0.000000
2023-11-08 13:35:16,122 [INFO]  
========== done (0.06608247756958008 s) fit model
2023-11-08 13:48:36,027 [INFO]  
========== start: fit model
2023-11-08 13:48:36,027 [WARNING]  Already bound, ignoring bind()
2023-11-08 13:48:36,034 [INFO]  Epoch[0] Batch [0-4]	Speed: 14395.64 samples/sec	cross-entropy=17.060003	mean_jerk_in_air19-accuracy=2.600000
2023-11-08 13:48:36,038 [INFO]  Epoch[0] Train-cross-entropy=15.854933
2023-11-08 13:48:36,038 [INFO]  Epoch[0] Train-mean_jerk_in_air19-accuracy=2.375000
2023-11-08 13:48:36,038 [INFO]  Epoch[0] Time cost=0.011
2023-11-08 13:48:36,042 [INFO]  Saved checkpoint to "./imputer_model/imputer_model_mean_jerk_in_air19/model-0000.params"
2023-11-08 13:48:36,043 [INFO]  Epoch[0] Validation-cross-entropy=11.375002
2023-11-08 13:48:36,043 [INFO]  Epoch[0] Validation-mean_jerk_in_air19-accuracy=0.000000
2023-11-08 13:48:36,051 [INFO]  Epoch[1] Batch [0-4]	Speed: 10840.18 samples/sec	cross-entropy=48.950096	mean_jerk_in_air19-accuracy=2.600000
2023-11-08 13:48:36,055 [INFO]  Epoch[1] Train-cross-entropy=41.559050
2023-11-08 13:48:36,055 [INFO]  Epoch[1] Train-mean_jerk_in_air19-accuracy=2.375000
2023-11-08 13:48:36,055 [INFO]  Epoch[1] Time cost=0.012
2023-11-08 13:48:36,057 [INFO]  Saved checkpoint to "./imputer_model/imputer_model_mean_jerk_in_air19/model-0001.params"
2023-11-08 13:48:36,058 [INFO]  Epoch[1] Validation-cross-entropy=18.367947
2023-11-08 13:48:36,058 [INFO]  Epoch[1] Validation-mean_jerk_in_air19-accuracy=0.000000
2023-11-08 13:48:36,063 [INFO]  Epoch[2] Batch [0-4]	Speed: 16532.33 samples/sec	cross-entropy=11.230449	mean_jerk_in_air19-accuracy=2.600000
2023-11-08 13:48:36,066 [INFO]  Epoch[2] Train-cross-entropy=10.111727
2023-11-08 13:48:36,066 [INFO]  Epoch[2] Train-mean_jerk_in_air19-accuracy=2.375000
2023-11-08 13:48:36,066 [INFO]  Epoch[2] Time cost=0.008
2023-11-08 13:48:36,067 [INFO]  Saved checkpoint to "./imputer_model/imputer_model_mean_jerk_in_air19/model-0002.params"
2023-11-08 13:48:36,068 [INFO]  Epoch[2] Validation-cross-entropy=17.218292
2023-11-08 13:48:36,068 [INFO]  Epoch[2] Validation-mean_jerk_in_air19-accuracy=0.000000
2023-11-08 13:48:36,073 [INFO]  Epoch[3] Batch [0-4]	Speed: 16663.69 samples/sec	cross-entropy=11.145374	mean_jerk_in_air19-accuracy=2.600000
2023-11-08 13:48:36,076 [INFO]  Epoch[3] Train-cross-entropy=7.797044
2023-11-08 13:48:36,076 [INFO]  Epoch[3] Train-mean_jerk_in_air19-accuracy=2.375000
2023-11-08 13:48:36,076 [INFO]  Epoch[3] Time cost=0.008
2023-11-08 13:48:36,078 [INFO]  Saved checkpoint to "./imputer_model/imputer_model_mean_jerk_in_air19/model-0003.params"
2023-11-08 13:48:36,079 [INFO]  Epoch[3] Validation-cross-entropy=17.018810
2023-11-08 13:48:36,079 [INFO]  Epoch[3] Validation-mean_jerk_in_air19-accuracy=0.000000
2023-11-08 13:48:36,084 [INFO]  Epoch[4] Batch [0-4]	Speed: 15709.92 samples/sec	cross-entropy=2.825082	mean_jerk_in_air19-accuracy=2.600000
2023-11-08 13:48:36,087 [INFO]  Epoch[4] Train-cross-entropy=2.235742
2023-11-08 13:48:36,087 [INFO]  Epoch[4] Train-mean_jerk_in_air19-accuracy=2.375000
2023-11-08 13:48:36,087 [INFO]  Epoch[4] Time cost=0.008
2023-11-08 13:48:36,089 [INFO]  Saved checkpoint to "./imputer_model/imputer_model_mean_jerk_in_air19/model-0004.params"
2023-11-08 13:48:36,089 [INFO]  Epoch[4] Validation-cross-entropy=16.742626
2023-11-08 13:48:36,090 [INFO]  Epoch[4] Validation-mean_jerk_in_air19-accuracy=0.000000
2023-11-08 13:48:36,090 [INFO]  
========== done (0.06283092498779297 s) fit model
2023-11-08 14:01:58,864 [INFO]  
========== start: fit model
2023-11-08 14:01:58,864 [WARNING]  Already bound, ignoring bind()
2023-11-08 14:01:58,874 [INFO]  Epoch[0] Batch [0-4]	Speed: 9658.73 samples/sec	cross-entropy=17.009023	mean_jerk_in_air19-accuracy=3.000000
2023-11-08 14:01:58,879 [INFO]  Epoch[0] Train-cross-entropy=20.253746
2023-11-08 14:01:58,879 [INFO]  Epoch[0] Train-mean_jerk_in_air19-accuracy=2.625000
2023-11-08 14:01:58,879 [INFO]  Epoch[0] Time cost=0.014
2023-11-08 14:01:58,882 [INFO]  Saved checkpoint to "./imputer_model/imputer_model_mean_jerk_in_air19/model-0000.params"
2023-11-08 14:01:58,883 [INFO]  Epoch[0] Validation-cross-entropy=28.635914
2023-11-08 14:01:58,883 [INFO]  Epoch[0] Validation-mean_jerk_in_air19-accuracy=0.000000
2023-11-08 14:01:58,890 [INFO]  Epoch[1] Batch [0-4]	Speed: 11631.16 samples/sec	cross-entropy=34.300377	mean_jerk_in_air19-accuracy=3.000000
2023-11-08 14:01:58,895 [INFO]  Epoch[1] Train-cross-entropy=33.393777
2023-11-08 14:01:58,895 [INFO]  Epoch[1] Train-mean_jerk_in_air19-accuracy=2.625000
2023-11-08 14:01:58,895 [INFO]  Epoch[1] Time cost=0.012
2023-11-08 14:01:58,897 [INFO]  Saved checkpoint to "./imputer_model/imputer_model_mean_jerk_in_air19/model-0001.params"
2023-11-08 14:01:58,898 [INFO]  Epoch[1] Validation-cross-entropy=18.508060
2023-11-08 14:01:58,898 [INFO]  Epoch[1] Validation-mean_jerk_in_air19-accuracy=0.000000
2023-11-08 14:01:58,904 [INFO]  Epoch[2] Batch [0-4]	Speed: 13013.79 samples/sec	cross-entropy=16.630745	mean_jerk_in_air19-accuracy=3.000000
2023-11-08 14:01:58,908 [INFO]  Epoch[2] Train-cross-entropy=13.369619
2023-11-08 14:01:58,908 [INFO]  Epoch[2] Train-mean_jerk_in_air19-accuracy=2.625000
2023-11-08 14:01:58,908 [INFO]  Epoch[2] Time cost=0.010
2023-11-08 14:01:58,909 [INFO]  Saved checkpoint to "./imputer_model/imputer_model_mean_jerk_in_air19/model-0002.params"
2023-11-08 14:01:58,910 [INFO]  Epoch[2] Validation-cross-entropy=21.749399
2023-11-08 14:01:58,910 [INFO]  Epoch[2] Validation-mean_jerk_in_air19-accuracy=0.000000
2023-11-08 14:01:58,916 [INFO]  Epoch[3] Batch [0-4]	Speed: 12510.39 samples/sec	cross-entropy=6.615426	mean_jerk_in_air19-accuracy=3.000000
2023-11-08 14:01:58,921 [INFO]  Epoch[3] Train-cross-entropy=5.505259
2023-11-08 14:01:58,921 [INFO]  Epoch[3] Train-mean_jerk_in_air19-accuracy=2.625000
2023-11-08 14:01:58,921 [INFO]  Epoch[3] Time cost=0.011
2023-11-08 14:01:58,925 [INFO]  Saved checkpoint to "./imputer_model/imputer_model_mean_jerk_in_air19/model-0003.params"
2023-11-08 14:01:58,926 [INFO]  Epoch[3] Validation-cross-entropy=16.959026
2023-11-08 14:01:58,926 [INFO]  Epoch[3] Validation-mean_jerk_in_air19-accuracy=0.000000
2023-11-08 14:01:58,933 [INFO]  Epoch[4] Batch [0-4]	Speed: 11323.52 samples/sec	cross-entropy=2.145226	mean_jerk_in_air19-accuracy=3.000000
2023-11-08 14:01:58,937 [INFO]  Epoch[4] Train-cross-entropy=1.888178
2023-11-08 14:01:58,937 [INFO]  Epoch[4] Train-mean_jerk_in_air19-accuracy=2.625000
2023-11-08 14:01:58,937 [INFO]  Epoch[4] Time cost=0.012
2023-11-08 14:01:58,939 [INFO]  Saved checkpoint to "./imputer_model/imputer_model_mean_jerk_in_air19/model-0004.params"
2023-11-08 14:01:58,940 [INFO]  Epoch[4] Validation-cross-entropy=16.609592
2023-11-08 14:01:58,940 [INFO]  Epoch[4] Validation-mean_jerk_in_air19-accuracy=0.000000
2023-11-08 14:01:58,940 [INFO]  
========== done (0.07601809501647949 s) fit model
2023-11-08 14:15:25,443 [INFO]  
========== start: fit model
2023-11-08 14:15:25,443 [WARNING]  Already bound, ignoring bind()
2023-11-08 14:15:25,450 [INFO]  Epoch[0] Batch [0-4]	Speed: 13890.58 samples/sec	cross-entropy=19.775651	mean_jerk_in_air19-accuracy=0.000000
2023-11-08 14:15:25,453 [INFO]  Epoch[0] Train-cross-entropy=22.392744
2023-11-08 14:15:25,454 [INFO]  Epoch[0] Train-mean_jerk_in_air19-accuracy=0.000000
2023-11-08 14:15:25,454 [INFO]  Epoch[0] Time cost=0.010
2023-11-08 14:15:25,455 [INFO]  Saved checkpoint to "./imputer_model/imputer_model_mean_jerk_in_air19/model-0000.params"
2023-11-08 14:15:25,455 [INFO]  Epoch[0] Validation-cross-entropy=34.294937
2023-11-08 14:15:25,455 [INFO]  Epoch[0] Validation-mean_jerk_in_air19-accuracy=0.000000
2023-11-08 14:15:25,461 [INFO]  Epoch[1] Batch [0-4]	Speed: 14101.46 samples/sec	cross-entropy=45.206185	mean_jerk_in_air19-accuracy=0.000000
2023-11-08 14:15:25,466 [INFO]  Epoch[1] Train-cross-entropy=45.075667
2023-11-08 14:15:25,466 [INFO]  Epoch[1] Train-mean_jerk_in_air19-accuracy=0.000000
2023-11-08 14:15:25,466 [INFO]  Epoch[1] Time cost=0.011
2023-11-08 14:15:25,470 [INFO]  Saved checkpoint to "./imputer_model/imputer_model_mean_jerk_in_air19/model-0001.params"
2023-11-08 14:15:25,471 [INFO]  Epoch[1] Validation-cross-entropy=36.952072
2023-11-08 14:15:25,471 [INFO]  Epoch[1] Validation-mean_jerk_in_air19-accuracy=0.000000
2023-11-08 14:15:25,479 [INFO]  Epoch[2] Batch [0-4]	Speed: 10859.92 samples/sec	cross-entropy=18.470442	mean_jerk_in_air19-accuracy=0.000000
2023-11-08 14:15:25,483 [INFO]  Epoch[2] Train-cross-entropy=16.193636
2023-11-08 14:15:25,483 [INFO]  Epoch[2] Train-mean_jerk_in_air19-accuracy=0.000000
2023-11-08 14:15:25,483 [INFO]  Epoch[2] Time cost=0.012
2023-11-08 14:15:25,485 [INFO]  Saved checkpoint to "./imputer_model/imputer_model_mean_jerk_in_air19/model-0002.params"
2023-11-08 14:15:25,486 [INFO]  Epoch[2] Validation-cross-entropy=34.186195
2023-11-08 14:15:25,486 [INFO]  Epoch[2] Validation-mean_jerk_in_air19-accuracy=0.000000
2023-11-08 14:15:25,492 [INFO]  Epoch[3] Batch [0-4]	Speed: 13334.43 samples/sec	cross-entropy=5.424913	mean_jerk_in_air19-accuracy=0.000000
2023-11-08 14:15:25,495 [INFO]  Epoch[3] Train-cross-entropy=5.657071
2023-11-08 14:15:25,496 [INFO]  Epoch[3] Train-mean_jerk_in_air19-accuracy=0.000000
2023-11-08 14:15:25,496 [INFO]  Epoch[3] Time cost=0.010
2023-11-08 14:15:25,497 [INFO]  Saved checkpoint to "./imputer_model/imputer_model_mean_jerk_in_air19/model-0003.params"
2023-11-08 14:15:25,498 [INFO]  Epoch[3] Validation-cross-entropy=34.767387
2023-11-08 14:15:25,498 [INFO]  Epoch[3] Validation-mean_jerk_in_air19-accuracy=0.000000
2023-11-08 14:15:25,503 [INFO]  Epoch[4] Batch [0-4]	Speed: 15455.75 samples/sec	cross-entropy=3.104230	mean_jerk_in_air19-accuracy=0.000000
2023-11-08 14:15:25,506 [INFO]  Epoch[4] Train-cross-entropy=2.535809
2023-11-08 14:15:25,506 [INFO]  Epoch[4] Train-mean_jerk_in_air19-accuracy=0.000000
2023-11-08 14:15:25,506 [INFO]  Epoch[4] Time cost=0.009
2023-11-08 14:15:25,509 [INFO]  Saved checkpoint to "./imputer_model/imputer_model_mean_jerk_in_air19/model-0004.params"
2023-11-08 14:15:25,510 [INFO]  Epoch[4] Validation-cross-entropy=34.107307
2023-11-08 14:15:25,510 [INFO]  Epoch[4] Validation-mean_jerk_in_air19-accuracy=0.000000
2023-11-08 14:15:25,510 [INFO]  
========== done (0.06719207763671875 s) fit model
2023-11-08 14:29:02,207 [INFO]  
========== start: fit model
2023-11-08 14:29:02,207 [WARNING]  Already bound, ignoring bind()
2023-11-08 14:29:02,214 [INFO]  Epoch[0] Batch [0-4]	Speed: 14035.84 samples/sec	cross-entropy=15.620940	mean_jerk_in_air19-accuracy=0.000000
2023-11-08 14:29:02,218 [INFO]  Epoch[0] Train-cross-entropy=18.223079
2023-11-08 14:29:02,218 [INFO]  Epoch[0] Train-mean_jerk_in_air19-accuracy=0.000000
2023-11-08 14:29:02,218 [INFO]  Epoch[0] Time cost=0.010
2023-11-08 14:29:02,219 [INFO]  Saved checkpoint to "./imputer_model/imputer_model_mean_jerk_in_air19/model-0000.params"
2023-11-08 14:29:02,220 [INFO]  Epoch[0] Validation-cross-entropy=155.762070
2023-11-08 14:29:02,220 [INFO]  Epoch[0] Validation-mean_jerk_in_air19-accuracy=0.000000
2023-11-08 14:29:02,226 [INFO]  Epoch[1] Batch [0-4]	Speed: 12748.04 samples/sec	cross-entropy=55.347509	mean_jerk_in_air19-accuracy=0.000000
2023-11-08 14:29:02,231 [INFO]  Epoch[1] Train-cross-entropy=40.108460
2023-11-08 14:29:02,231 [INFO]  Epoch[1] Train-mean_jerk_in_air19-accuracy=0.000000
2023-11-08 14:29:02,231 [INFO]  Epoch[1] Time cost=0.011
2023-11-08 14:29:02,234 [INFO]  Saved checkpoint to "./imputer_model/imputer_model_mean_jerk_in_air19/model-0001.params"
2023-11-08 14:29:02,235 [INFO]  Epoch[1] Validation-cross-entropy=45.403828
2023-11-08 14:29:02,235 [INFO]  Epoch[1] Validation-mean_jerk_in_air19-accuracy=0.000000
2023-11-08 14:29:02,242 [INFO]  Epoch[2] Batch [0-4]	Speed: 12616.82 samples/sec	cross-entropy=10.442313	mean_jerk_in_air19-accuracy=0.000000
2023-11-08 14:29:02,246 [INFO]  Epoch[2] Train-cross-entropy=9.566258
2023-11-08 14:29:02,246 [INFO]  Epoch[2] Train-mean_jerk_in_air19-accuracy=0.000000
2023-11-08 14:29:02,246 [INFO]  Epoch[2] Time cost=0.011
2023-11-08 14:29:02,248 [INFO]  Saved checkpoint to "./imputer_model/imputer_model_mean_jerk_in_air19/model-0002.params"
2023-11-08 14:29:02,249 [INFO]  Epoch[2] Validation-cross-entropy=21.222158
2023-11-08 14:29:02,249 [INFO]  Epoch[2] Validation-mean_jerk_in_air19-accuracy=0.000000
2023-11-08 14:29:02,254 [INFO]  Epoch[3] Batch [0-4]	Speed: 14504.54 samples/sec	cross-entropy=5.550880	mean_jerk_in_air19-accuracy=0.000000
2023-11-08 14:29:02,258 [INFO]  Epoch[3] Train-cross-entropy=4.832524
2023-11-08 14:29:02,258 [INFO]  Epoch[3] Train-mean_jerk_in_air19-accuracy=0.000000
2023-11-08 14:29:02,258 [INFO]  Epoch[3] Time cost=0.009
2023-11-08 14:29:02,259 [INFO]  Saved checkpoint to "./imputer_model/imputer_model_mean_jerk_in_air19/model-0003.params"
2023-11-08 14:29:02,260 [INFO]  Epoch[3] Validation-cross-entropy=28.231762
2023-11-08 14:29:02,260 [INFO]  Epoch[3] Validation-mean_jerk_in_air19-accuracy=0.000000
2023-11-08 14:29:02,265 [INFO]  Epoch[4] Batch [0-4]	Speed: 15506.64 samples/sec	cross-entropy=2.151376	mean_jerk_in_air19-accuracy=0.000000
2023-11-08 14:29:02,269 [INFO]  Epoch[4] Train-cross-entropy=1.847054
2023-11-08 14:29:02,270 [INFO]  Epoch[4] Train-mean_jerk_in_air19-accuracy=0.000000
2023-11-08 14:29:02,270 [INFO]  Epoch[4] Time cost=0.010
2023-11-08 14:29:02,273 [INFO]  Saved checkpoint to "./imputer_model/imputer_model_mean_jerk_in_air19/model-0004.params"
2023-11-08 14:29:02,274 [INFO]  Epoch[4] Validation-cross-entropy=28.736355
2023-11-08 14:29:02,274 [INFO]  Epoch[4] Validation-mean_jerk_in_air19-accuracy=0.000000
2023-11-08 14:29:02,274 [INFO]  
========== done (0.06709098815917969 s) fit model
2023-11-08 14:43:07,020 [INFO]  
========== start: fit model
2023-11-08 14:43:07,020 [WARNING]  Already bound, ignoring bind()
2023-11-08 14:43:07,029 [INFO]  Epoch[0] Batch [0-4]	Speed: 10019.99 samples/sec	cross-entropy=21.025388	mean_jerk_in_air19-accuracy=0.000000
2023-11-08 14:43:07,034 [INFO]  Epoch[0] Train-cross-entropy=20.837200
2023-11-08 14:43:07,034 [INFO]  Epoch[0] Train-mean_jerk_in_air19-accuracy=0.000000
2023-11-08 14:43:07,034 [INFO]  Epoch[0] Time cost=0.013
2023-11-08 14:43:07,036 [INFO]  Saved checkpoint to "./imputer_model/imputer_model_mean_jerk_in_air19/model-0000.params"
2023-11-08 14:43:07,037 [INFO]  Epoch[0] Validation-cross-entropy=16.322464
2023-11-08 14:43:07,037 [INFO]  Epoch[0] Validation-mean_jerk_in_air19-accuracy=0.000000
2023-11-08 14:43:07,043 [INFO]  Epoch[1] Batch [0-4]	Speed: 15399.01 samples/sec	cross-entropy=40.261679	mean_jerk_in_air19-accuracy=0.000000
2023-11-08 14:43:07,046 [INFO]  Epoch[1] Train-cross-entropy=30.731841
2023-11-08 14:43:07,046 [INFO]  Epoch[1] Train-mean_jerk_in_air19-accuracy=0.000000
2023-11-08 14:43:07,046 [INFO]  Epoch[1] Time cost=0.009
2023-11-08 14:43:07,048 [INFO]  Saved checkpoint to "./imputer_model/imputer_model_mean_jerk_in_air19/model-0001.params"
2023-11-08 14:43:07,048 [INFO]  Epoch[1] Validation-cross-entropy=10.095266
2023-11-08 14:43:07,048 [INFO]  Epoch[1] Validation-mean_jerk_in_air19-accuracy=0.000000
2023-11-08 14:43:07,052 [INFO]  Epoch[2] Batch [0-4]	Speed: 20618.75 samples/sec	cross-entropy=5.050258	mean_jerk_in_air19-accuracy=0.000000
2023-11-08 14:43:07,055 [INFO]  Epoch[2] Train-cross-entropy=4.747182
2023-11-08 14:43:07,055 [INFO]  Epoch[2] Train-mean_jerk_in_air19-accuracy=0.000000
2023-11-08 14:43:07,055 [INFO]  Epoch[2] Time cost=0.007
2023-11-08 14:43:07,056 [INFO]  Saved checkpoint to "./imputer_model/imputer_model_mean_jerk_in_air19/model-0002.params"
2023-11-08 14:43:07,056 [INFO]  Epoch[2] Validation-cross-entropy=12.407975
2023-11-08 14:43:07,056 [INFO]  Epoch[2] Validation-mean_jerk_in_air19-accuracy=0.000000
2023-11-08 14:43:07,061 [INFO]  Epoch[3] Batch [0-4]	Speed: 19727.75 samples/sec	cross-entropy=4.193548	mean_jerk_in_air19-accuracy=0.000000
2023-11-08 14:43:07,063 [INFO]  Epoch[3] Train-cross-entropy=3.138673
2023-11-08 14:43:07,063 [INFO]  Epoch[3] Train-mean_jerk_in_air19-accuracy=0.000000
2023-11-08 14:43:07,063 [INFO]  Epoch[3] Time cost=0.007
2023-11-08 14:43:07,064 [INFO]  Saved checkpoint to "./imputer_model/imputer_model_mean_jerk_in_air19/model-0003.params"
2023-11-08 14:43:07,065 [INFO]  Epoch[3] Validation-cross-entropy=14.104121
2023-11-08 14:43:07,065 [INFO]  Epoch[3] Validation-mean_jerk_in_air19-accuracy=0.000000
2023-11-08 14:43:07,071 [INFO]  Epoch[4] Batch [0-4]	Speed: 13072.73 samples/sec	cross-entropy=1.343442	mean_jerk_in_air19-accuracy=0.000000
2023-11-08 14:43:07,074 [INFO]  Epoch[4] Train-cross-entropy=1.204517
2023-11-08 14:43:07,075 [INFO]  Epoch[4] Train-mean_jerk_in_air19-accuracy=0.000000
2023-11-08 14:43:07,075 [INFO]  Epoch[4] Time cost=0.010
2023-11-08 14:43:07,077 [INFO]  Saved checkpoint to "./imputer_model/imputer_model_mean_jerk_in_air19/model-0004.params"
2023-11-08 14:43:07,078 [INFO]  Epoch[4] Validation-cross-entropy=13.777917
2023-11-08 14:43:07,078 [INFO]  Epoch[4] Validation-mean_jerk_in_air19-accuracy=0.000000
2023-11-08 14:43:07,078 [INFO]  
========== done (0.057646751403808594 s) fit model
2023-11-08 14:57:13,237 [INFO]  
========== start: fit model
2023-11-08 14:57:13,238 [WARNING]  Already bound, ignoring bind()
2023-11-08 14:57:13,249 [INFO]  Epoch[0] Batch [0-4]	Speed: 10454.32 samples/sec	cross-entropy=24.163991	mean_jerk_in_air19-accuracy=1.800000
2023-11-08 14:57:13,253 [INFO]  Epoch[0] Train-cross-entropy=21.666001
2023-11-08 14:57:13,254 [INFO]  Epoch[0] Train-mean_jerk_in_air19-accuracy=2.000000
2023-11-08 14:57:13,254 [INFO]  Epoch[0] Time cost=0.014
2023-11-08 14:57:13,256 [INFO]  Saved checkpoint to "./imputer_model/imputer_model_mean_jerk_in_air19/model-0000.params"
2023-11-08 14:57:13,257 [INFO]  Epoch[0] Validation-cross-entropy=12.990495
2023-11-08 14:57:13,257 [INFO]  Epoch[0] Validation-mean_jerk_in_air19-accuracy=0.000000
2023-11-08 14:57:13,264 [INFO]  Epoch[1] Batch [0-4]	Speed: 12932.91 samples/sec	cross-entropy=36.168000	mean_jerk_in_air19-accuracy=1.800000
2023-11-08 14:57:13,267 [INFO]  Epoch[1] Train-cross-entropy=28.937881
2023-11-08 14:57:13,268 [INFO]  Epoch[1] Train-mean_jerk_in_air19-accuracy=2.000000
2023-11-08 14:57:13,268 [INFO]  Epoch[1] Time cost=0.010
2023-11-08 14:57:13,269 [INFO]  Saved checkpoint to "./imputer_model/imputer_model_mean_jerk_in_air19/model-0001.params"
2023-11-08 14:57:13,270 [INFO]  Epoch[1] Validation-cross-entropy=8.005424
2023-11-08 14:57:13,270 [INFO]  Epoch[1] Validation-mean_jerk_in_air19-accuracy=0.000000
2023-11-08 14:57:13,276 [INFO]  Epoch[2] Batch [0-4]	Speed: 13681.73 samples/sec	cross-entropy=3.537561	mean_jerk_in_air19-accuracy=1.800000
2023-11-08 14:57:13,280 [INFO]  Epoch[2] Train-cross-entropy=2.987966
2023-11-08 14:57:13,280 [INFO]  Epoch[2] Train-mean_jerk_in_air19-accuracy=2.000000
2023-11-08 14:57:13,280 [INFO]  Epoch[2] Time cost=0.010
2023-11-08 14:57:13,281 [INFO]  Saved checkpoint to "./imputer_model/imputer_model_mean_jerk_in_air19/model-0002.params"
2023-11-08 14:57:13,282 [INFO]  Epoch[2] Validation-cross-entropy=6.946692
2023-11-08 14:57:13,282 [INFO]  Epoch[2] Validation-mean_jerk_in_air19-accuracy=0.000000
2023-11-08 14:57:13,288 [INFO]  Epoch[3] Batch [0-4]	Speed: 13902.09 samples/sec	cross-entropy=2.165930	mean_jerk_in_air19-accuracy=1.800000
2023-11-08 14:57:13,291 [INFO]  Epoch[3] Train-cross-entropy=1.785061
2023-11-08 14:57:13,292 [INFO]  Epoch[3] Train-mean_jerk_in_air19-accuracy=2.000000
2023-11-08 14:57:13,292 [INFO]  Epoch[3] Time cost=0.009
2023-11-08 14:57:13,293 [INFO]  Saved checkpoint to "./imputer_model/imputer_model_mean_jerk_in_air19/model-0003.params"
2023-11-08 14:57:13,294 [INFO]  Epoch[3] Validation-cross-entropy=5.944998
2023-11-08 14:57:13,294 [INFO]  Epoch[3] Validation-mean_jerk_in_air19-accuracy=0.000000
2023-11-08 14:57:13,300 [INFO]  Epoch[4] Batch [0-4]	Speed: 13949.05 samples/sec	cross-entropy=1.101096	mean_jerk_in_air19-accuracy=1.800000
2023-11-08 14:57:13,303 [INFO]  Epoch[4] Train-cross-entropy=0.877385
2023-11-08 14:57:13,303 [INFO]  Epoch[4] Train-mean_jerk_in_air19-accuracy=2.000000
2023-11-08 14:57:13,303 [INFO]  Epoch[4] Time cost=0.009
2023-11-08 14:57:13,305 [INFO]  Saved checkpoint to "./imputer_model/imputer_model_mean_jerk_in_air19/model-0004.params"
2023-11-08 14:57:13,305 [INFO]  Epoch[4] Validation-cross-entropy=6.058044
2023-11-08 14:57:13,305 [INFO]  Epoch[4] Validation-mean_jerk_in_air19-accuracy=0.000000
2023-11-08 14:57:13,305 [INFO]  
========== done (0.06823348999023438 s) fit model
