2023-11-08 12:34:41,027 [INFO]  
========== start: fit model
2023-11-08 12:34:41,028 [WARNING]  Already bound, ignoring bind()
2023-11-08 12:34:41,040 [INFO]  Epoch[0] Batch [0-4]	Speed: 7513.73 samples/sec	cross-entropy=21.360892	mean_acc_in_air7-accuracy=0.000000
2023-11-08 12:34:41,189 [INFO]  Epoch[0] Train-cross-entropy=20.062024
2023-11-08 12:34:41,190 [INFO]  Epoch[0] Train-mean_acc_in_air7-accuracy=0.000000
2023-11-08 12:34:41,190 [INFO]  Epoch[0] Time cost=0.161
2023-11-08 12:34:41,193 [INFO]  Saved checkpoint to "./imputer_model/imputer_model_mean_acc_in_air7/model-0000.params"
2023-11-08 12:34:41,333 [INFO]  Epoch[0] Validation-cross-entropy=84.817673
2023-11-08 12:34:41,333 [INFO]  Epoch[0] Validation-mean_acc_in_air7-accuracy=0.000000
2023-11-08 12:34:41,564 [INFO]  Epoch[1] Batch [0-4]	Speed: 1482.09 samples/sec	cross-entropy=50.136638	mean_acc_in_air7-accuracy=0.000000
2023-11-08 12:34:41,579 [INFO]  Epoch[1] Train-cross-entropy=37.721520
2023-11-08 12:34:41,579 [INFO]  Epoch[1] Train-mean_acc_in_air7-accuracy=0.000000
2023-11-08 12:34:41,579 [INFO]  Epoch[1] Time cost=0.246
2023-11-08 12:34:41,582 [INFO]  Saved checkpoint to "./imputer_model/imputer_model_mean_acc_in_air7/model-0001.params"
2023-11-08 12:34:41,625 [INFO]  Epoch[1] Validation-cross-entropy=8.680367
2023-11-08 12:34:41,625 [INFO]  Epoch[1] Validation-mean_acc_in_air7-accuracy=0.000000
2023-11-08 12:34:41,672 [INFO]  Epoch[2] Batch [0-4]	Speed: 2298.07 samples/sec	cross-entropy=3.979101	mean_acc_in_air7-accuracy=0.000000
2023-11-08 12:34:41,680 [INFO]  Epoch[2] Train-cross-entropy=4.017381
2023-11-08 12:34:41,680 [INFO]  Epoch[2] Train-mean_acc_in_air7-accuracy=0.000000
2023-11-08 12:34:41,680 [INFO]  Epoch[2] Time cost=0.055
2023-11-08 12:34:41,683 [INFO]  Saved checkpoint to "./imputer_model/imputer_model_mean_acc_in_air7/model-0002.params"
2023-11-08 12:34:41,684 [INFO]  Epoch[2] Validation-cross-entropy=5.447999
2023-11-08 12:34:41,684 [INFO]  Epoch[2] Validation-mean_acc_in_air7-accuracy=0.000000
2023-11-08 12:34:41,780 [INFO]  Epoch[3] Batch [0-4]	Speed: 1305.80 samples/sec	cross-entropy=3.498764	mean_acc_in_air7-accuracy=0.000000
2023-11-08 12:34:41,840 [INFO]  Epoch[3] Train-cross-entropy=3.068651
2023-11-08 12:34:41,840 [INFO]  Epoch[3] Train-mean_acc_in_air7-accuracy=0.000000
2023-11-08 12:34:41,841 [INFO]  Epoch[3] Time cost=0.157
2023-11-08 12:34:41,843 [INFO]  Saved checkpoint to "./imputer_model/imputer_model_mean_acc_in_air7/model-0003.params"
2023-11-08 12:34:41,844 [INFO]  Epoch[3] Validation-cross-entropy=4.958724
2023-11-08 12:34:41,845 [INFO]  Epoch[3] Validation-mean_acc_in_air7-accuracy=0.000000
2023-11-08 12:34:41,853 [INFO]  Epoch[4] Batch [0-4]	Speed: 10226.89 samples/sec	cross-entropy=2.091439	mean_acc_in_air7-accuracy=0.000000
2023-11-08 12:34:41,857 [INFO]  Epoch[4] Train-cross-entropy=1.786954
2023-11-08 12:34:41,858 [INFO]  Epoch[4] Train-mean_acc_in_air7-accuracy=0.000000
2023-11-08 12:34:41,858 [INFO]  Epoch[4] Time cost=0.013
2023-11-08 12:34:41,862 [INFO]  Saved checkpoint to "./imputer_model/imputer_model_mean_acc_in_air7/model-0004.params"
2023-11-08 12:34:41,868 [INFO]  Epoch[4] Validation-cross-entropy=5.423908
2023-11-08 12:34:41,868 [INFO]  Epoch[4] Validation-mean_acc_in_air7-accuracy=0.000000
2023-11-08 12:34:41,869 [INFO]  
========== done (0.8412783145904541 s) fit model
2023-11-08 13:05:09,466 [INFO]  
========== start: fit model
2023-11-08 13:05:09,467 [WARNING]  Already bound, ignoring bind()
2023-11-08 13:05:09,478 [INFO]  Epoch[0] Batch [0-4]	Speed: 14112.58 samples/sec	cross-entropy=26.961004	mean_acc_in_air7-accuracy=0.000000
2023-11-08 13:05:09,481 [INFO]  Epoch[0] Train-cross-entropy=26.523187
2023-11-08 13:05:09,481 [INFO]  Epoch[0] Train-mean_acc_in_air7-accuracy=0.000000
2023-11-08 13:05:09,481 [INFO]  Epoch[0] Time cost=0.014
2023-11-08 13:05:09,483 [INFO]  Saved checkpoint to "./imputer_model/imputer_model_mean_acc_in_air7/model-0000.params"
2023-11-08 13:05:09,483 [INFO]  Epoch[0] Validation-cross-entropy=19.911489
2023-11-08 13:05:09,483 [INFO]  Epoch[0] Validation-mean_acc_in_air7-accuracy=0.000000
2023-11-08 13:05:09,489 [INFO]  Epoch[1] Batch [0-4]	Speed: 14201.43 samples/sec	cross-entropy=46.201030	mean_acc_in_air7-accuracy=0.000000
2023-11-08 13:05:09,493 [INFO]  Epoch[1] Train-cross-entropy=37.592748
2023-11-08 13:05:09,493 [INFO]  Epoch[1] Train-mean_acc_in_air7-accuracy=0.000000
2023-11-08 13:05:09,493 [INFO]  Epoch[1] Time cost=0.009
2023-11-08 13:05:09,494 [INFO]  Saved checkpoint to "./imputer_model/imputer_model_mean_acc_in_air7/model-0001.params"
2023-11-08 13:05:09,495 [INFO]  Epoch[1] Validation-cross-entropy=7.043681
2023-11-08 13:05:09,495 [INFO]  Epoch[1] Validation-mean_acc_in_air7-accuracy=0.000000
2023-11-08 13:05:09,501 [INFO]  Epoch[2] Batch [0-4]	Speed: 14506.89 samples/sec	cross-entropy=11.256460	mean_acc_in_air7-accuracy=0.000000
2023-11-08 13:05:09,504 [INFO]  Epoch[2] Train-cross-entropy=9.064502
2023-11-08 13:05:09,504 [INFO]  Epoch[2] Train-mean_acc_in_air7-accuracy=0.000000
2023-11-08 13:05:09,504 [INFO]  Epoch[2] Time cost=0.009
2023-11-08 13:05:09,505 [INFO]  Saved checkpoint to "./imputer_model/imputer_model_mean_acc_in_air7/model-0002.params"
2023-11-08 13:05:09,506 [INFO]  Epoch[2] Validation-cross-entropy=21.812092
2023-11-08 13:05:09,506 [INFO]  Epoch[2] Validation-mean_acc_in_air7-accuracy=0.000000
2023-11-08 13:05:09,512 [INFO]  Epoch[3] Batch [0-4]	Speed: 12806.42 samples/sec	cross-entropy=4.964988	mean_acc_in_air7-accuracy=0.000000
2023-11-08 13:05:09,517 [INFO]  Epoch[3] Train-cross-entropy=3.881614
2023-11-08 13:05:09,517 [INFO]  Epoch[3] Train-mean_acc_in_air7-accuracy=0.000000
2023-11-08 13:05:09,517 [INFO]  Epoch[3] Time cost=0.011
2023-11-08 13:05:09,521 [INFO]  Saved checkpoint to "./imputer_model/imputer_model_mean_acc_in_air7/model-0003.params"
2023-11-08 13:05:09,521 [INFO]  Epoch[3] Validation-cross-entropy=8.854801
2023-11-08 13:05:09,522 [INFO]  Epoch[3] Validation-mean_acc_in_air7-accuracy=0.000000
2023-11-08 13:05:09,530 [INFO]  Epoch[4] Batch [0-4]	Speed: 10270.32 samples/sec	cross-entropy=1.713741	mean_acc_in_air7-accuracy=0.000000
2023-11-08 13:05:09,533 [INFO]  Epoch[4] Train-cross-entropy=1.709769
2023-11-08 13:05:09,533 [INFO]  Epoch[4] Train-mean_acc_in_air7-accuracy=0.000000
2023-11-08 13:05:09,533 [INFO]  Epoch[4] Time cost=0.011
2023-11-08 13:05:09,535 [INFO]  Saved checkpoint to "./imputer_model/imputer_model_mean_acc_in_air7/model-0004.params"
2023-11-08 13:05:09,536 [INFO]  Epoch[4] Validation-cross-entropy=6.324791
2023-11-08 13:05:09,536 [INFO]  Epoch[4] Validation-mean_acc_in_air7-accuracy=0.000000
2023-11-08 13:05:09,536 [INFO]  
========== done (0.06988096237182617 s) fit model
2023-11-08 13:18:36,226 [INFO]  
========== start: fit model
2023-11-08 13:18:36,226 [WARNING]  Already bound, ignoring bind()
2023-11-08 13:18:36,234 [INFO]  Epoch[0] Batch [0-4]	Speed: 13718.08 samples/sec	cross-entropy=17.467879	mean_acc_in_air7-accuracy=2.600000
2023-11-08 13:18:36,237 [INFO]  Epoch[0] Train-cross-entropy=18.777406
2023-11-08 13:18:36,237 [INFO]  Epoch[0] Train-mean_acc_in_air7-accuracy=3.000000
2023-11-08 13:18:36,237 [INFO]  Epoch[0] Time cost=0.010
2023-11-08 13:18:36,239 [INFO]  Saved checkpoint to "./imputer_model/imputer_model_mean_acc_in_air7/model-0000.params"
2023-11-08 13:18:36,239 [INFO]  Epoch[0] Validation-cross-entropy=24.494585
2023-11-08 13:18:36,239 [INFO]  Epoch[0] Validation-mean_acc_in_air7-accuracy=0.000000
2023-11-08 13:18:36,245 [INFO]  Epoch[1] Batch [0-4]	Speed: 14870.12 samples/sec	cross-entropy=39.535484	mean_acc_in_air7-accuracy=2.600000
2023-11-08 13:18:36,248 [INFO]  Epoch[1] Train-cross-entropy=31.692807
2023-11-08 13:18:36,248 [INFO]  Epoch[1] Train-mean_acc_in_air7-accuracy=3.000000
2023-11-08 13:18:36,248 [INFO]  Epoch[1] Time cost=0.009
2023-11-08 13:18:36,249 [INFO]  Saved checkpoint to "./imputer_model/imputer_model_mean_acc_in_air7/model-0001.params"
2023-11-08 13:18:36,250 [INFO]  Epoch[1] Validation-cross-entropy=13.531116
2023-11-08 13:18:36,250 [INFO]  Epoch[1] Validation-mean_acc_in_air7-accuracy=0.000000
2023-11-08 13:18:36,255 [INFO]  Epoch[2] Batch [0-4]	Speed: 16853.05 samples/sec	cross-entropy=4.230935	mean_acc_in_air7-accuracy=2.600000
2023-11-08 13:18:36,258 [INFO]  Epoch[2] Train-cross-entropy=3.449459
2023-11-08 13:18:36,258 [INFO]  Epoch[2] Train-mean_acc_in_air7-accuracy=3.000000
2023-11-08 13:18:36,258 [INFO]  Epoch[2] Time cost=0.008
2023-11-08 13:18:36,259 [INFO]  Saved checkpoint to "./imputer_model/imputer_model_mean_acc_in_air7/model-0002.params"
2023-11-08 13:18:36,259 [INFO]  Epoch[2] Validation-cross-entropy=12.840876
2023-11-08 13:18:36,259 [INFO]  Epoch[2] Validation-mean_acc_in_air7-accuracy=0.000000
2023-11-08 13:18:36,264 [INFO]  Epoch[3] Batch [0-4]	Speed: 16724.95 samples/sec	cross-entropy=3.071231	mean_acc_in_air7-accuracy=2.600000
2023-11-08 13:18:36,267 [INFO]  Epoch[3] Train-cross-entropy=2.497869
2023-11-08 13:18:36,267 [INFO]  Epoch[3] Train-mean_acc_in_air7-accuracy=3.000000
2023-11-08 13:18:36,267 [INFO]  Epoch[3] Time cost=0.008
2023-11-08 13:18:36,268 [INFO]  Saved checkpoint to "./imputer_model/imputer_model_mean_acc_in_air7/model-0003.params"
2023-11-08 13:18:36,269 [INFO]  Epoch[3] Validation-cross-entropy=13.637024
2023-11-08 13:18:36,269 [INFO]  Epoch[3] Validation-mean_acc_in_air7-accuracy=0.000000
2023-11-08 13:18:36,274 [INFO]  Epoch[4] Batch [0-4]	Speed: 16716.62 samples/sec	cross-entropy=1.579322	mean_acc_in_air7-accuracy=2.600000
2023-11-08 13:18:36,277 [INFO]  Epoch[4] Train-cross-entropy=1.192470
2023-11-08 13:18:36,277 [INFO]  Epoch[4] Train-mean_acc_in_air7-accuracy=3.000000
2023-11-08 13:18:36,277 [INFO]  Epoch[4] Time cost=0.008
2023-11-08 13:18:36,278 [INFO]  Saved checkpoint to "./imputer_model/imputer_model_mean_acc_in_air7/model-0004.params"
2023-11-08 13:18:36,278 [INFO]  Epoch[4] Validation-cross-entropy=13.051656
2023-11-08 13:18:36,278 [INFO]  Epoch[4] Validation-mean_acc_in_air7-accuracy=0.000000
2023-11-08 13:18:36,278 [INFO]  
========== done (0.05222749710083008 s) fit model
2023-11-08 13:31:56,650 [INFO]  
========== start: fit model
2023-11-08 13:31:56,650 [WARNING]  Already bound, ignoring bind()
2023-11-08 13:31:56,657 [INFO]  Epoch[0] Batch [0-4]	Speed: 13910.01 samples/sec	cross-entropy=18.567920	mean_acc_in_air7-accuracy=0.000000
2023-11-08 13:31:56,661 [INFO]  Epoch[0] Train-cross-entropy=17.019590
2023-11-08 13:31:56,661 [INFO]  Epoch[0] Train-mean_acc_in_air7-accuracy=0.000000
2023-11-08 13:31:56,661 [INFO]  Epoch[0] Time cost=0.010
2023-11-08 13:31:56,662 [INFO]  Saved checkpoint to "./imputer_model/imputer_model_mean_acc_in_air7/model-0000.params"
2023-11-08 13:31:56,662 [INFO]  Epoch[0] Validation-cross-entropy=15.277903
2023-11-08 13:31:56,662 [INFO]  Epoch[0] Validation-mean_acc_in_air7-accuracy=0.000000
2023-11-08 13:31:56,675 [INFO]  Epoch[1] Batch [0-4]	Speed: 10071.11 samples/sec	cross-entropy=24.134447	mean_acc_in_air7-accuracy=0.000000
2023-11-08 13:31:56,680 [INFO]  Epoch[1] Train-cross-entropy=18.109368
2023-11-08 13:31:56,680 [INFO]  Epoch[1] Train-mean_acc_in_air7-accuracy=0.000000
2023-11-08 13:31:56,680 [INFO]  Epoch[1] Time cost=0.017
2023-11-08 13:31:56,683 [INFO]  Saved checkpoint to "./imputer_model/imputer_model_mean_acc_in_air7/model-0001.params"
2023-11-08 13:31:56,683 [INFO]  Epoch[1] Validation-cross-entropy=10.155730
2023-11-08 13:31:56,683 [INFO]  Epoch[1] Validation-mean_acc_in_air7-accuracy=0.000000
2023-11-08 13:31:56,690 [INFO]  Epoch[2] Batch [0-4]	Speed: 12551.92 samples/sec	cross-entropy=6.046365	mean_acc_in_air7-accuracy=0.000000
2023-11-08 13:31:56,694 [INFO]  Epoch[2] Train-cross-entropy=4.579030
2023-11-08 13:31:56,694 [INFO]  Epoch[2] Train-mean_acc_in_air7-accuracy=0.000000
2023-11-08 13:31:56,694 [INFO]  Epoch[2] Time cost=0.010
2023-11-08 13:31:56,696 [INFO]  Saved checkpoint to "./imputer_model/imputer_model_mean_acc_in_air7/model-0002.params"
2023-11-08 13:31:56,697 [INFO]  Epoch[2] Validation-cross-entropy=13.204975
2023-11-08 13:31:56,697 [INFO]  Epoch[2] Validation-mean_acc_in_air7-accuracy=0.000000
2023-11-08 13:31:56,702 [INFO]  Epoch[3] Batch [0-4]	Speed: 14091.10 samples/sec	cross-entropy=4.804419	mean_acc_in_air7-accuracy=0.000000
2023-11-08 13:31:56,706 [INFO]  Epoch[3] Train-cross-entropy=4.719508
2023-11-08 13:31:56,706 [INFO]  Epoch[3] Train-mean_acc_in_air7-accuracy=0.000000
2023-11-08 13:31:56,706 [INFO]  Epoch[3] Time cost=0.009
2023-11-08 13:31:56,708 [INFO]  Saved checkpoint to "./imputer_model/imputer_model_mean_acc_in_air7/model-0003.params"
2023-11-08 13:31:56,708 [INFO]  Epoch[3] Validation-cross-entropy=8.878185
2023-11-08 13:31:56,708 [INFO]  Epoch[3] Validation-mean_acc_in_air7-accuracy=0.000000
2023-11-08 13:31:56,714 [INFO]  Epoch[4] Batch [0-4]	Speed: 14105.91 samples/sec	cross-entropy=1.443930	mean_acc_in_air7-accuracy=0.000000
2023-11-08 13:31:56,717 [INFO]  Epoch[4] Train-cross-entropy=1.960377
2023-11-08 13:31:56,717 [INFO]  Epoch[4] Train-mean_acc_in_air7-accuracy=0.000000
2023-11-08 13:31:56,718 [INFO]  Epoch[4] Time cost=0.009
2023-11-08 13:31:56,719 [INFO]  Saved checkpoint to "./imputer_model/imputer_model_mean_acc_in_air7/model-0004.params"
2023-11-08 13:31:56,719 [INFO]  Epoch[4] Validation-cross-entropy=11.299000
2023-11-08 13:31:56,720 [INFO]  Epoch[4] Validation-mean_acc_in_air7-accuracy=0.000000
2023-11-08 13:31:56,720 [INFO]  
========== done (0.06967592239379883 s) fit model
2023-11-08 13:45:16,675 [INFO]  
========== start: fit model
2023-11-08 13:45:16,675 [WARNING]  Already bound, ignoring bind()
2023-11-08 13:45:16,682 [INFO]  Epoch[0] Batch [0-4]	Speed: 13753.23 samples/sec	cross-entropy=17.064017	mean_acc_in_air7-accuracy=0.000000
2023-11-08 13:45:16,685 [INFO]  Epoch[0] Train-cross-entropy=17.337885
2023-11-08 13:45:16,685 [INFO]  Epoch[0] Train-mean_acc_in_air7-accuracy=0.000000
2023-11-08 13:45:16,685 [INFO]  Epoch[0] Time cost=0.010
2023-11-08 13:45:16,687 [INFO]  Saved checkpoint to "./imputer_model/imputer_model_mean_acc_in_air7/model-0000.params"
2023-11-08 13:45:16,687 [INFO]  Epoch[0] Validation-cross-entropy=9.731844
2023-11-08 13:45:16,687 [INFO]  Epoch[0] Validation-mean_acc_in_air7-accuracy=0.000000
2023-11-08 13:45:16,692 [INFO]  Epoch[1] Batch [0-4]	Speed: 15102.70 samples/sec	cross-entropy=34.627793	mean_acc_in_air7-accuracy=0.000000
2023-11-08 13:45:16,696 [INFO]  Epoch[1] Train-cross-entropy=25.498376
2023-11-08 13:45:16,696 [INFO]  Epoch[1] Train-mean_acc_in_air7-accuracy=0.000000
2023-11-08 13:45:16,696 [INFO]  Epoch[1] Time cost=0.009
2023-11-08 13:45:16,697 [INFO]  Saved checkpoint to "./imputer_model/imputer_model_mean_acc_in_air7/model-0001.params"
2023-11-08 13:45:16,697 [INFO]  Epoch[1] Validation-cross-entropy=16.541962
2023-11-08 13:45:16,697 [INFO]  Epoch[1] Validation-mean_acc_in_air7-accuracy=0.000000
2023-11-08 13:45:16,702 [INFO]  Epoch[2] Batch [0-4]	Speed: 17534.49 samples/sec	cross-entropy=5.482596	mean_acc_in_air7-accuracy=0.000000
2023-11-08 13:45:16,705 [INFO]  Epoch[2] Train-cross-entropy=4.844365
2023-11-08 13:45:16,705 [INFO]  Epoch[2] Train-mean_acc_in_air7-accuracy=0.000000
2023-11-08 13:45:16,705 [INFO]  Epoch[2] Time cost=0.008
2023-11-08 13:45:16,706 [INFO]  Saved checkpoint to "./imputer_model/imputer_model_mean_acc_in_air7/model-0002.params"
2023-11-08 13:45:16,707 [INFO]  Epoch[2] Validation-cross-entropy=14.095831
2023-11-08 13:45:16,707 [INFO]  Epoch[2] Validation-mean_acc_in_air7-accuracy=0.000000
2023-11-08 13:45:16,714 [INFO]  Epoch[3] Batch [0-4]	Speed: 10453.09 samples/sec	cross-entropy=3.608688	mean_acc_in_air7-accuracy=0.000000
2023-11-08 13:45:16,719 [INFO]  Epoch[3] Train-cross-entropy=3.188487
2023-11-08 13:45:16,719 [INFO]  Epoch[3] Train-mean_acc_in_air7-accuracy=0.000000
2023-11-08 13:45:16,719 [INFO]  Epoch[3] Time cost=0.012
2023-11-08 13:45:16,721 [INFO]  Saved checkpoint to "./imputer_model/imputer_model_mean_acc_in_air7/model-0003.params"
2023-11-08 13:45:16,722 [INFO]  Epoch[3] Validation-cross-entropy=13.008079
2023-11-08 13:45:16,722 [INFO]  Epoch[3] Validation-mean_acc_in_air7-accuracy=0.000000
2023-11-08 13:45:16,728 [INFO]  Epoch[4] Batch [0-4]	Speed: 15103.55 samples/sec	cross-entropy=1.547000	mean_acc_in_air7-accuracy=0.000000
2023-11-08 13:45:16,730 [INFO]  Epoch[4] Train-cross-entropy=1.644648
2023-11-08 13:45:16,731 [INFO]  Epoch[4] Train-mean_acc_in_air7-accuracy=0.000000
2023-11-08 13:45:16,731 [INFO]  Epoch[4] Time cost=0.008
2023-11-08 13:45:16,732 [INFO]  Saved checkpoint to "./imputer_model/imputer_model_mean_acc_in_air7/model-0004.params"
2023-11-08 13:45:16,733 [INFO]  Epoch[4] Validation-cross-entropy=10.610211
2023-11-08 13:45:16,733 [INFO]  Epoch[4] Validation-mean_acc_in_air7-accuracy=0.000000
2023-11-08 13:45:16,733 [INFO]  
========== done (0.05864977836608887 s) fit model
2023-11-08 13:58:39,039 [INFO]  
========== start: fit model
2023-11-08 13:58:39,039 [WARNING]  Already bound, ignoring bind()
2023-11-08 13:58:39,046 [INFO]  Epoch[0] Batch [0-4]	Speed: 13825.48 samples/sec	cross-entropy=19.102233	mean_acc_in_air7-accuracy=3.400000
2023-11-08 13:58:39,049 [INFO]  Epoch[0] Train-cross-entropy=22.480116
2023-11-08 13:58:39,049 [INFO]  Epoch[0] Train-mean_acc_in_air7-accuracy=3.500000
2023-11-08 13:58:39,049 [INFO]  Epoch[0] Time cost=0.010
2023-11-08 13:58:39,050 [INFO]  Saved checkpoint to "./imputer_model/imputer_model_mean_acc_in_air7/model-0000.params"
2023-11-08 13:58:39,051 [INFO]  Epoch[0] Validation-cross-entropy=11.375307
2023-11-08 13:58:39,051 [INFO]  Epoch[0] Validation-mean_acc_in_air7-accuracy=0.000000
2023-11-08 13:58:39,056 [INFO]  Epoch[1] Batch [0-4]	Speed: 15130.80 samples/sec	cross-entropy=51.444222	mean_acc_in_air7-accuracy=3.400000
2023-11-08 13:58:39,060 [INFO]  Epoch[1] Train-cross-entropy=42.009697
2023-11-08 13:58:39,060 [INFO]  Epoch[1] Train-mean_acc_in_air7-accuracy=3.500000
2023-11-08 13:58:39,060 [INFO]  Epoch[1] Time cost=0.009
2023-11-08 13:58:39,064 [INFO]  Saved checkpoint to "./imputer_model/imputer_model_mean_acc_in_air7/model-0001.params"
2023-11-08 13:58:39,065 [INFO]  Epoch[1] Validation-cross-entropy=31.105633
2023-11-08 13:58:39,066 [INFO]  Epoch[1] Validation-mean_acc_in_air7-accuracy=0.000000
2023-11-08 13:58:39,073 [INFO]  Epoch[2] Batch [0-4]	Speed: 11728.73 samples/sec	cross-entropy=22.316804	mean_acc_in_air7-accuracy=3.400000
2023-11-08 13:58:39,076 [INFO]  Epoch[2] Train-cross-entropy=20.915000
2023-11-08 13:58:39,076 [INFO]  Epoch[2] Train-mean_acc_in_air7-accuracy=3.500000
2023-11-08 13:58:39,076 [INFO]  Epoch[2] Time cost=0.011
2023-11-08 13:58:39,079 [INFO]  Saved checkpoint to "./imputer_model/imputer_model_mean_acc_in_air7/model-0002.params"
2023-11-08 13:58:39,079 [INFO]  Epoch[2] Validation-cross-entropy=16.206181
2023-11-08 13:58:39,080 [INFO]  Epoch[2] Validation-mean_acc_in_air7-accuracy=0.000000
2023-11-08 13:58:39,085 [INFO]  Epoch[3] Batch [0-4]	Speed: 15632.16 samples/sec	cross-entropy=4.418920	mean_acc_in_air7-accuracy=3.400000
2023-11-08 13:58:39,088 [INFO]  Epoch[3] Train-cross-entropy=5.122409
2023-11-08 13:58:39,088 [INFO]  Epoch[3] Train-mean_acc_in_air7-accuracy=3.500000
2023-11-08 13:58:39,088 [INFO]  Epoch[3] Time cost=0.009
2023-11-08 13:58:39,092 [INFO]  Saved checkpoint to "./imputer_model/imputer_model_mean_acc_in_air7/model-0003.params"
2023-11-08 13:58:39,092 [INFO]  Epoch[3] Validation-cross-entropy=10.299147
2023-11-08 13:58:39,092 [INFO]  Epoch[3] Validation-mean_acc_in_air7-accuracy=0.000000
2023-11-08 13:58:39,098 [INFO]  Epoch[4] Batch [0-4]	Speed: 14783.32 samples/sec	cross-entropy=2.230893	mean_acc_in_air7-accuracy=3.400000
2023-11-08 13:58:39,101 [INFO]  Epoch[4] Train-cross-entropy=2.522040
2023-11-08 13:58:39,101 [INFO]  Epoch[4] Train-mean_acc_in_air7-accuracy=3.500000
2023-11-08 13:58:39,101 [INFO]  Epoch[4] Time cost=0.009
2023-11-08 13:58:39,103 [INFO]  Saved checkpoint to "./imputer_model/imputer_model_mean_acc_in_air7/model-0004.params"
2023-11-08 13:58:39,104 [INFO]  Epoch[4] Validation-cross-entropy=18.259863
2023-11-08 13:58:39,104 [INFO]  Epoch[4] Validation-mean_acc_in_air7-accuracy=0.000000
2023-11-08 13:58:39,104 [INFO]  
========== done (0.06525158882141113 s) fit model
2023-11-08 14:12:03,737 [INFO]  
========== start: fit model
2023-11-08 14:12:03,738 [WARNING]  Already bound, ignoring bind()
2023-11-08 14:12:03,744 [INFO]  Epoch[0] Batch [0-4]	Speed: 14166.21 samples/sec	cross-entropy=18.827399	mean_acc_in_air7-accuracy=4.000000
2023-11-08 14:12:03,748 [INFO]  Epoch[0] Train-cross-entropy=21.265078
2023-11-08 14:12:03,748 [INFO]  Epoch[0] Train-mean_acc_in_air7-accuracy=3.625000
2023-11-08 14:12:03,748 [INFO]  Epoch[0] Time cost=0.010
2023-11-08 14:12:03,749 [INFO]  Saved checkpoint to "./imputer_model/imputer_model_mean_acc_in_air7/model-0000.params"
2023-11-08 14:12:03,750 [INFO]  Epoch[0] Validation-cross-entropy=10.214749
2023-11-08 14:12:03,750 [INFO]  Epoch[0] Validation-mean_acc_in_air7-accuracy=0.000000
2023-11-08 14:12:03,757 [INFO]  Epoch[1] Batch [0-4]	Speed: 10577.49 samples/sec	cross-entropy=32.519322	mean_acc_in_air7-accuracy=4.000000
2023-11-08 14:12:03,761 [INFO]  Epoch[1] Train-cross-entropy=31.993730
2023-11-08 14:12:03,761 [INFO]  Epoch[1] Train-mean_acc_in_air7-accuracy=3.625000
2023-11-08 14:12:03,761 [INFO]  Epoch[1] Time cost=0.012
2023-11-08 14:12:03,764 [INFO]  Saved checkpoint to "./imputer_model/imputer_model_mean_acc_in_air7/model-0001.params"
2023-11-08 14:12:03,764 [INFO]  Epoch[1] Validation-cross-entropy=11.039952
2023-11-08 14:12:03,764 [INFO]  Epoch[1] Validation-mean_acc_in_air7-accuracy=0.000000
2023-11-08 14:12:03,771 [INFO]  Epoch[2] Batch [0-4]	Speed: 14227.78 samples/sec	cross-entropy=8.152571	mean_acc_in_air7-accuracy=4.000000
2023-11-08 14:12:03,774 [INFO]  Epoch[2] Train-cross-entropy=14.549291
2023-11-08 14:12:03,774 [INFO]  Epoch[2] Train-mean_acc_in_air7-accuracy=3.625000
2023-11-08 14:12:03,774 [INFO]  Epoch[2] Time cost=0.010
2023-11-08 14:12:03,776 [INFO]  Saved checkpoint to "./imputer_model/imputer_model_mean_acc_in_air7/model-0002.params"
2023-11-08 14:12:03,776 [INFO]  Epoch[2] Validation-cross-entropy=14.164735
2023-11-08 14:12:03,776 [INFO]  Epoch[2] Validation-mean_acc_in_air7-accuracy=0.000000
2023-11-08 14:12:03,782 [INFO]  Epoch[3] Batch [0-4]	Speed: 13537.52 samples/sec	cross-entropy=4.618936	mean_acc_in_air7-accuracy=4.000000
2023-11-08 14:12:03,786 [INFO]  Epoch[3] Train-cross-entropy=3.515168
2023-11-08 14:12:03,786 [INFO]  Epoch[3] Train-mean_acc_in_air7-accuracy=3.625000
2023-11-08 14:12:03,786 [INFO]  Epoch[3] Time cost=0.010
2023-11-08 14:12:03,788 [INFO]  Saved checkpoint to "./imputer_model/imputer_model_mean_acc_in_air7/model-0003.params"
2023-11-08 14:12:03,789 [INFO]  Epoch[3] Validation-cross-entropy=13.909777
2023-11-08 14:12:03,789 [INFO]  Epoch[3] Validation-mean_acc_in_air7-accuracy=0.000000
2023-11-08 14:12:03,794 [INFO]  Epoch[4] Batch [0-4]	Speed: 14116.29 samples/sec	cross-entropy=3.331864	mean_acc_in_air7-accuracy=4.000000
2023-11-08 14:12:03,798 [INFO]  Epoch[4] Train-cross-entropy=3.054121
2023-11-08 14:12:03,798 [INFO]  Epoch[4] Train-mean_acc_in_air7-accuracy=3.625000
2023-11-08 14:12:03,798 [INFO]  Epoch[4] Time cost=0.010
2023-11-08 14:12:03,800 [INFO]  Saved checkpoint to "./imputer_model/imputer_model_mean_acc_in_air7/model-0004.params"
2023-11-08 14:12:03,800 [INFO]  Epoch[4] Validation-cross-entropy=14.149074
2023-11-08 14:12:03,800 [INFO]  Epoch[4] Validation-mean_acc_in_air7-accuracy=0.000000
2023-11-08 14:12:03,800 [INFO]  
========== done (0.06294059753417969 s) fit model
2023-11-08 14:25:37,331 [INFO]  
========== start: fit model
2023-11-08 14:25:37,331 [WARNING]  Already bound, ignoring bind()
2023-11-08 14:25:37,340 [INFO]  Epoch[0] Batch [0-4]	Speed: 10851.14 samples/sec	cross-entropy=22.473456	mean_acc_in_air7-accuracy=3.000000
2023-11-08 14:25:37,344 [INFO]  Epoch[0] Train-cross-entropy=20.387249
2023-11-08 14:25:37,344 [INFO]  Epoch[0] Train-mean_acc_in_air7-accuracy=3.750000
2023-11-08 14:25:37,345 [INFO]  Epoch[0] Time cost=0.013
2023-11-08 14:25:37,348 [INFO]  Saved checkpoint to "./imputer_model/imputer_model_mean_acc_in_air7/model-0000.params"
2023-11-08 14:25:37,349 [INFO]  Epoch[0] Validation-cross-entropy=170.647507
2023-11-08 14:25:37,349 [INFO]  Epoch[0] Validation-mean_acc_in_air7-accuracy=0.000000
2023-11-08 14:25:37,355 [INFO]  Epoch[1] Batch [0-4]	Speed: 14710.40 samples/sec	cross-entropy=46.137589	mean_acc_in_air7-accuracy=3.000000
2023-11-08 14:25:37,359 [INFO]  Epoch[1] Train-cross-entropy=39.981996
2023-11-08 14:25:37,359 [INFO]  Epoch[1] Train-mean_acc_in_air7-accuracy=3.750000
2023-11-08 14:25:37,359 [INFO]  Epoch[1] Time cost=0.010
2023-11-08 14:25:37,361 [INFO]  Saved checkpoint to "./imputer_model/imputer_model_mean_acc_in_air7/model-0001.params"
2023-11-08 14:25:37,362 [INFO]  Epoch[1] Validation-cross-entropy=89.695618
2023-11-08 14:25:37,362 [INFO]  Epoch[1] Validation-mean_acc_in_air7-accuracy=0.000000
2023-11-08 14:25:37,366 [INFO]  Epoch[2] Batch [0-4]	Speed: 18425.11 samples/sec	cross-entropy=8.771917	mean_acc_in_air7-accuracy=3.000000
2023-11-08 14:25:37,369 [INFO]  Epoch[2] Train-cross-entropy=8.816697
2023-11-08 14:25:37,369 [INFO]  Epoch[2] Train-mean_acc_in_air7-accuracy=3.750000
2023-11-08 14:25:37,369 [INFO]  Epoch[2] Time cost=0.007
2023-11-08 14:25:37,370 [INFO]  Saved checkpoint to "./imputer_model/imputer_model_mean_acc_in_air7/model-0002.params"
2023-11-08 14:25:37,371 [INFO]  Epoch[2] Validation-cross-entropy=41.722569
2023-11-08 14:25:37,371 [INFO]  Epoch[2] Validation-mean_acc_in_air7-accuracy=0.000000
2023-11-08 14:25:37,376 [INFO]  Epoch[3] Batch [0-4]	Speed: 16205.96 samples/sec	cross-entropy=8.113700	mean_acc_in_air7-accuracy=3.000000
2023-11-08 14:25:37,380 [INFO]  Epoch[3] Train-cross-entropy=5.903301
2023-11-08 14:25:37,380 [INFO]  Epoch[3] Train-mean_acc_in_air7-accuracy=3.750000
2023-11-08 14:25:37,381 [INFO]  Epoch[3] Time cost=0.009
2023-11-08 14:25:37,383 [INFO]  Saved checkpoint to "./imputer_model/imputer_model_mean_acc_in_air7/model-0003.params"
2023-11-08 14:25:37,384 [INFO]  Epoch[3] Validation-cross-entropy=16.535530
2023-11-08 14:25:37,384 [INFO]  Epoch[3] Validation-mean_acc_in_air7-accuracy=0.000000
2023-11-08 14:25:37,390 [INFO]  Epoch[4] Batch [0-4]	Speed: 12431.60 samples/sec	cross-entropy=6.259155	mean_acc_in_air7-accuracy=3.000000
2023-11-08 14:25:37,394 [INFO]  Epoch[4] Train-cross-entropy=4.239959
2023-11-08 14:25:37,394 [INFO]  Epoch[4] Train-mean_acc_in_air7-accuracy=3.750000
2023-11-08 14:25:37,394 [INFO]  Epoch[4] Time cost=0.011
2023-11-08 14:25:37,415 [INFO]  Saved checkpoint to "./imputer_model/imputer_model_mean_acc_in_air7/model-0004.params"
2023-11-08 14:25:37,416 [INFO]  Epoch[4] Validation-cross-entropy=14.248304
2023-11-08 14:25:37,416 [INFO]  Epoch[4] Validation-mean_acc_in_air7-accuracy=0.000000
2023-11-08 14:25:37,416 [INFO]  
========== done (0.08486509323120117 s) fit model
2023-11-08 14:39:33,367 [INFO]  
========== start: fit model
2023-11-08 14:39:33,368 [WARNING]  Already bound, ignoring bind()
2023-11-08 14:39:33,375 [INFO]  Epoch[0] Batch [0-4]	Speed: 13678.24 samples/sec	cross-entropy=19.631548	mean_acc_in_air7-accuracy=0.000000
2023-11-08 14:39:33,379 [INFO]  Epoch[0] Train-cross-entropy=17.184175
2023-11-08 14:39:33,379 [INFO]  Epoch[0] Train-mean_acc_in_air7-accuracy=0.000000
2023-11-08 14:39:33,379 [INFO]  Epoch[0] Time cost=0.011
2023-11-08 14:39:33,380 [INFO]  Saved checkpoint to "./imputer_model/imputer_model_mean_acc_in_air7/model-0000.params"
2023-11-08 14:39:33,381 [INFO]  Epoch[0] Validation-cross-entropy=34.668877
2023-11-08 14:39:33,381 [INFO]  Epoch[0] Validation-mean_acc_in_air7-accuracy=0.000000
2023-11-08 14:39:33,386 [INFO]  Epoch[1] Batch [0-4]	Speed: 15367.27 samples/sec	cross-entropy=32.400777	mean_acc_in_air7-accuracy=0.000000
2023-11-08 14:39:33,390 [INFO]  Epoch[1] Train-cross-entropy=24.118415
2023-11-08 14:39:33,390 [INFO]  Epoch[1] Train-mean_acc_in_air7-accuracy=0.000000
2023-11-08 14:39:33,390 [INFO]  Epoch[1] Time cost=0.009
2023-11-08 14:39:33,391 [INFO]  Saved checkpoint to "./imputer_model/imputer_model_mean_acc_in_air7/model-0001.params"
2023-11-08 14:39:33,392 [INFO]  Epoch[1] Validation-cross-entropy=16.257050
2023-11-08 14:39:33,392 [INFO]  Epoch[1] Validation-mean_acc_in_air7-accuracy=0.000000
2023-11-08 14:39:33,397 [INFO]  Epoch[2] Batch [0-4]	Speed: 16508.95 samples/sec	cross-entropy=6.521888	mean_acc_in_air7-accuracy=0.000000
2023-11-08 14:39:33,400 [INFO]  Epoch[2] Train-cross-entropy=5.932065
2023-11-08 14:39:33,400 [INFO]  Epoch[2] Train-mean_acc_in_air7-accuracy=0.000000
2023-11-08 14:39:33,400 [INFO]  Epoch[2] Time cost=0.008
2023-11-08 14:39:33,401 [INFO]  Saved checkpoint to "./imputer_model/imputer_model_mean_acc_in_air7/model-0002.params"
2023-11-08 14:39:33,402 [INFO]  Epoch[2] Validation-cross-entropy=21.944555
2023-11-08 14:39:33,402 [INFO]  Epoch[2] Validation-mean_acc_in_air7-accuracy=0.000000
2023-11-08 14:39:33,406 [INFO]  Epoch[3] Batch [0-4]	Speed: 17396.98 samples/sec	cross-entropy=2.719560	mean_acc_in_air7-accuracy=0.000000
2023-11-08 14:39:33,409 [INFO]  Epoch[3] Train-cross-entropy=2.184205
2023-11-08 14:39:33,410 [INFO]  Epoch[3] Train-mean_acc_in_air7-accuracy=0.000000
2023-11-08 14:39:33,410 [INFO]  Epoch[3] Time cost=0.008
2023-11-08 14:39:33,411 [INFO]  Saved checkpoint to "./imputer_model/imputer_model_mean_acc_in_air7/model-0003.params"
2023-11-08 14:39:33,411 [INFO]  Epoch[3] Validation-cross-entropy=12.011454
2023-11-08 14:39:33,411 [INFO]  Epoch[3] Validation-mean_acc_in_air7-accuracy=0.000000
2023-11-08 14:39:33,416 [INFO]  Epoch[4] Batch [0-4]	Speed: 16831.92 samples/sec	cross-entropy=1.354087	mean_acc_in_air7-accuracy=0.000000
2023-11-08 14:39:33,419 [INFO]  Epoch[4] Train-cross-entropy=1.056840
2023-11-08 14:39:33,419 [INFO]  Epoch[4] Train-mean_acc_in_air7-accuracy=0.000000
2023-11-08 14:39:33,419 [INFO]  Epoch[4] Time cost=0.008
2023-11-08 14:39:33,421 [INFO]  Saved checkpoint to "./imputer_model/imputer_model_mean_acc_in_air7/model-0004.params"
2023-11-08 14:39:33,421 [INFO]  Epoch[4] Validation-cross-entropy=13.812586
2023-11-08 14:39:33,421 [INFO]  Epoch[4] Validation-mean_acc_in_air7-accuracy=0.000000
2023-11-08 14:39:33,421 [INFO]  
========== done (0.05402565002441406 s) fit model
2023-11-08 14:53:37,782 [INFO]  
========== start: fit model
2023-11-08 14:53:37,782 [WARNING]  Already bound, ignoring bind()
2023-11-08 14:53:37,790 [INFO]  Epoch[0] Batch [0-4]	Speed: 13637.93 samples/sec	cross-entropy=25.840031	mean_acc_in_air7-accuracy=3.200000
2023-11-08 14:53:37,793 [INFO]  Epoch[0] Train-cross-entropy=20.721260
2023-11-08 14:53:37,793 [INFO]  Epoch[0] Train-mean_acc_in_air7-accuracy=3.625000
2023-11-08 14:53:37,793 [INFO]  Epoch[0] Time cost=0.010
2023-11-08 14:53:37,795 [INFO]  Saved checkpoint to "./imputer_model/imputer_model_mean_acc_in_air7/model-0000.params"
2023-11-08 14:53:37,795 [INFO]  Epoch[0] Validation-cross-entropy=34.833145
2023-11-08 14:53:37,795 [INFO]  Epoch[0] Validation-mean_acc_in_air7-accuracy=0.000000
2023-11-08 14:53:37,802 [INFO]  Epoch[1] Batch [0-4]	Speed: 11620.08 samples/sec	cross-entropy=38.601556	mean_acc_in_air7-accuracy=3.200000
2023-11-08 14:53:37,808 [INFO]  Epoch[1] Train-cross-entropy=28.800969
2023-11-08 14:53:37,808 [INFO]  Epoch[1] Train-mean_acc_in_air7-accuracy=3.625000
2023-11-08 14:53:37,808 [INFO]  Epoch[1] Time cost=0.013
2023-11-08 14:53:37,812 [INFO]  Saved checkpoint to "./imputer_model/imputer_model_mean_acc_in_air7/model-0001.params"
2023-11-08 14:53:37,813 [INFO]  Epoch[1] Validation-cross-entropy=34.373989
2023-11-08 14:53:37,813 [INFO]  Epoch[1] Validation-mean_acc_in_air7-accuracy=0.000000
2023-11-08 14:53:37,820 [INFO]  Epoch[2] Batch [0-4]	Speed: 11230.20 samples/sec	cross-entropy=4.647892	mean_acc_in_air7-accuracy=3.200000
2023-11-08 14:53:37,824 [INFO]  Epoch[2] Train-cross-entropy=4.168700
2023-11-08 14:53:37,824 [INFO]  Epoch[2] Train-mean_acc_in_air7-accuracy=3.625000
2023-11-08 14:53:37,824 [INFO]  Epoch[2] Time cost=0.011
2023-11-08 14:53:37,826 [INFO]  Saved checkpoint to "./imputer_model/imputer_model_mean_acc_in_air7/model-0002.params"
2023-11-08 14:53:37,827 [INFO]  Epoch[2] Validation-cross-entropy=48.252468
2023-11-08 14:53:37,827 [INFO]  Epoch[2] Validation-mean_acc_in_air7-accuracy=0.000000
2023-11-08 14:53:37,832 [INFO]  Epoch[3] Batch [0-4]	Speed: 16365.02 samples/sec	cross-entropy=2.267395	mean_acc_in_air7-accuracy=3.200000
2023-11-08 14:53:37,835 [INFO]  Epoch[3] Train-cross-entropy=2.176142
2023-11-08 14:53:37,835 [INFO]  Epoch[3] Train-mean_acc_in_air7-accuracy=3.625000
2023-11-08 14:53:37,835 [INFO]  Epoch[3] Time cost=0.008
2023-11-08 14:53:37,837 [INFO]  Saved checkpoint to "./imputer_model/imputer_model_mean_acc_in_air7/model-0003.params"
2023-11-08 14:53:37,838 [INFO]  Epoch[3] Validation-cross-entropy=46.891098
2023-11-08 14:53:37,838 [INFO]  Epoch[3] Validation-mean_acc_in_air7-accuracy=0.000000
2023-11-08 14:53:37,844 [INFO]  Epoch[4] Batch [0-4]	Speed: 14171.44 samples/sec	cross-entropy=2.412180	mean_acc_in_air7-accuracy=3.200000
2023-11-08 14:53:37,847 [INFO]  Epoch[4] Train-cross-entropy=2.287229
2023-11-08 14:53:37,847 [INFO]  Epoch[4] Train-mean_acc_in_air7-accuracy=3.625000
2023-11-08 14:53:37,847 [INFO]  Epoch[4] Time cost=0.009
2023-11-08 14:53:37,849 [INFO]  Saved checkpoint to "./imputer_model/imputer_model_mean_acc_in_air7/model-0004.params"
2023-11-08 14:53:37,849 [INFO]  Epoch[4] Validation-cross-entropy=50.228989
2023-11-08 14:53:37,849 [INFO]  Epoch[4] Validation-mean_acc_in_air7-accuracy=0.000000
2023-11-08 14:53:37,849 [INFO]  
========== done (0.06706404685974121 s) fit model
