2023-11-08 12:32:26,722 [INFO]  
========== start: fit model
2023-11-08 12:32:26,722 [WARNING]  Already bound, ignoring bind()
2023-11-08 12:32:26,730 [INFO]  Epoch[0] Batch [0-4]	Speed: 13970.10 samples/sec	cross-entropy=22.668454	max_y_extension1-accuracy=2.800000
2023-11-08 12:32:26,734 [INFO]  Epoch[0] Train-cross-entropy=25.800411
2023-11-08 12:32:26,734 [INFO]  Epoch[0] Train-max_y_extension1-accuracy=2.750000
2023-11-08 12:32:26,734 [INFO]  Epoch[0] Time cost=0.011
2023-11-08 12:32:26,738 [INFO]  Saved checkpoint to "./imputer_model/imputer_model_max_y_extension1/model-0000.params"
2023-11-08 12:32:26,739 [INFO]  Epoch[0] Validation-cross-entropy=92.315063
2023-11-08 12:32:26,739 [INFO]  Epoch[0] Validation-max_y_extension1-accuracy=0.000000
2023-11-08 12:32:26,747 [INFO]  Epoch[1] Batch [0-4]	Speed: 10333.18 samples/sec	cross-entropy=43.493113	max_y_extension1-accuracy=2.800000
2023-11-08 12:32:26,752 [INFO]  Epoch[1] Train-cross-entropy=29.901383
2023-11-08 12:32:26,752 [INFO]  Epoch[1] Train-max_y_extension1-accuracy=2.750000
2023-11-08 12:32:26,752 [INFO]  Epoch[1] Time cost=0.013
2023-11-08 12:32:26,754 [INFO]  Saved checkpoint to "./imputer_model/imputer_model_max_y_extension1/model-0001.params"
2023-11-08 12:32:26,755 [INFO]  Epoch[1] Validation-cross-entropy=91.799789
2023-11-08 12:32:26,755 [INFO]  Epoch[1] Validation-max_y_extension1-accuracy=0.000000
2023-11-08 12:32:26,762 [INFO]  Epoch[2] Batch [0-4]	Speed: 12270.77 samples/sec	cross-entropy=4.348991	max_y_extension1-accuracy=2.800000
2023-11-08 12:32:26,766 [INFO]  Epoch[2] Train-cross-entropy=3.619756
2023-11-08 12:32:26,766 [INFO]  Epoch[2] Train-max_y_extension1-accuracy=2.750000
2023-11-08 12:32:26,766 [INFO]  Epoch[2] Time cost=0.011
2023-11-08 12:32:26,768 [INFO]  Saved checkpoint to "./imputer_model/imputer_model_max_y_extension1/model-0002.params"
2023-11-08 12:32:26,768 [INFO]  Epoch[2] Validation-cross-entropy=95.324104
2023-11-08 12:32:26,768 [INFO]  Epoch[2] Validation-max_y_extension1-accuracy=0.000000
2023-11-08 12:32:26,774 [INFO]  Epoch[3] Batch [0-4]	Speed: 13579.98 samples/sec	cross-entropy=4.556588	max_y_extension1-accuracy=2.800000
2023-11-08 12:32:26,778 [INFO]  Epoch[3] Train-cross-entropy=3.313413
2023-11-08 12:32:26,778 [INFO]  Epoch[3] Train-max_y_extension1-accuracy=2.750000
2023-11-08 12:32:26,778 [INFO]  Epoch[3] Time cost=0.010
2023-11-08 12:32:26,779 [INFO]  Saved checkpoint to "./imputer_model/imputer_model_max_y_extension1/model-0003.params"
2023-11-08 12:32:26,780 [INFO]  Epoch[3] Validation-cross-entropy=90.505005
2023-11-08 12:32:26,780 [INFO]  Epoch[3] Validation-max_y_extension1-accuracy=0.000000
2023-11-08 12:32:26,786 [INFO]  Epoch[4] Batch [0-4]	Speed: 14289.12 samples/sec	cross-entropy=0.954217	max_y_extension1-accuracy=2.800000
2023-11-08 12:32:26,789 [INFO]  Epoch[4] Train-cross-entropy=0.752519
2023-11-08 12:32:26,789 [INFO]  Epoch[4] Train-max_y_extension1-accuracy=2.750000
2023-11-08 12:32:26,789 [INFO]  Epoch[4] Time cost=0.009
2023-11-08 12:32:26,790 [INFO]  Saved checkpoint to "./imputer_model/imputer_model_max_y_extension1/model-0004.params"
2023-11-08 12:32:26,791 [INFO]  Epoch[4] Validation-cross-entropy=86.178070
2023-11-08 12:32:26,791 [INFO]  Epoch[4] Validation-max_y_extension1-accuracy=0.000000
2023-11-08 12:32:26,791 [INFO]  
========== done (0.0688486099243164 s) fit model
2023-11-08 13:03:28,601 [INFO]  
========== start: fit model
2023-11-08 13:03:28,601 [WARNING]  Already bound, ignoring bind()
2023-11-08 13:03:28,616 [INFO]  Epoch[0] Batch [0-4]	Speed: 14287.60 samples/sec	cross-entropy=16.149314	max_y_extension1-accuracy=3.400000
2023-11-08 13:03:28,620 [INFO]  Epoch[0] Train-cross-entropy=18.051234
2023-11-08 13:03:28,620 [INFO]  Epoch[0] Train-max_y_extension1-accuracy=3.375000
2023-11-08 13:03:28,620 [INFO]  Epoch[0] Time cost=0.018
2023-11-08 13:03:28,622 [INFO]  Saved checkpoint to "./imputer_model/imputer_model_max_y_extension1/model-0000.params"
2023-11-08 13:03:28,622 [INFO]  Epoch[0] Validation-cross-entropy=22.437944
2023-11-08 13:03:28,622 [INFO]  Epoch[0] Validation-max_y_extension1-accuracy=0.000000
2023-11-08 13:03:28,627 [INFO]  Epoch[1] Batch [0-4]	Speed: 15855.61 samples/sec	cross-entropy=36.039880	max_y_extension1-accuracy=3.400000
2023-11-08 13:03:28,630 [INFO]  Epoch[1] Train-cross-entropy=28.040461
2023-11-08 13:03:28,631 [INFO]  Epoch[1] Train-max_y_extension1-accuracy=3.375000
2023-11-08 13:03:28,631 [INFO]  Epoch[1] Time cost=0.008
2023-11-08 13:03:28,632 [INFO]  Saved checkpoint to "./imputer_model/imputer_model_max_y_extension1/model-0001.params"
2023-11-08 13:03:28,633 [INFO]  Epoch[1] Validation-cross-entropy=15.808287
2023-11-08 13:03:28,633 [INFO]  Epoch[1] Validation-max_y_extension1-accuracy=0.000000
2023-11-08 13:03:28,639 [INFO]  Epoch[2] Batch [0-4]	Speed: 11723.61 samples/sec	cross-entropy=7.240830	max_y_extension1-accuracy=3.400000
2023-11-08 13:03:28,644 [INFO]  Epoch[2] Train-cross-entropy=6.605269
2023-11-08 13:03:28,644 [INFO]  Epoch[2] Train-max_y_extension1-accuracy=3.375000
2023-11-08 13:03:28,644 [INFO]  Epoch[2] Time cost=0.012
2023-11-08 13:03:28,648 [INFO]  Saved checkpoint to "./imputer_model/imputer_model_max_y_extension1/model-0002.params"
2023-11-08 13:03:28,649 [INFO]  Epoch[2] Validation-cross-entropy=16.427235
2023-11-08 13:03:28,649 [INFO]  Epoch[2] Validation-max_y_extension1-accuracy=0.000000
2023-11-08 13:03:28,655 [INFO]  Epoch[3] Batch [0-4]	Speed: 15412.27 samples/sec	cross-entropy=3.016574	max_y_extension1-accuracy=3.400000
2023-11-08 13:03:28,658 [INFO]  Epoch[3] Train-cross-entropy=3.005275
2023-11-08 13:03:28,658 [INFO]  Epoch[3] Train-max_y_extension1-accuracy=3.375000
2023-11-08 13:03:28,659 [INFO]  Epoch[3] Time cost=0.009
2023-11-08 13:03:28,661 [INFO]  Saved checkpoint to "./imputer_model/imputer_model_max_y_extension1/model-0003.params"
2023-11-08 13:03:28,662 [INFO]  Epoch[3] Validation-cross-entropy=17.115345
2023-11-08 13:03:28,662 [INFO]  Epoch[3] Validation-max_y_extension1-accuracy=0.000000
2023-11-08 13:03:28,667 [INFO]  Epoch[4] Batch [0-4]	Speed: 16295.48 samples/sec	cross-entropy=1.143430	max_y_extension1-accuracy=3.400000
2023-11-08 13:03:28,670 [INFO]  Epoch[4] Train-cross-entropy=1.569948
2023-11-08 13:03:28,670 [INFO]  Epoch[4] Train-max_y_extension1-accuracy=3.375000
2023-11-08 13:03:28,670 [INFO]  Epoch[4] Time cost=0.008
2023-11-08 13:03:28,672 [INFO]  Saved checkpoint to "./imputer_model/imputer_model_max_y_extension1/model-0004.params"
2023-11-08 13:03:28,672 [INFO]  Epoch[4] Validation-cross-entropy=16.450411
2023-11-08 13:03:28,672 [INFO]  Epoch[4] Validation-max_y_extension1-accuracy=0.000000
2023-11-08 13:03:28,672 [INFO]  
========== done (0.07122087478637695 s) fit model
2023-11-08 13:16:57,250 [INFO]  
========== start: fit model
2023-11-08 13:16:57,251 [WARNING]  Already bound, ignoring bind()
2023-11-08 13:16:57,259 [INFO]  Epoch[0] Batch [0-4]	Speed: 12439.09 samples/sec	cross-entropy=20.909595	max_y_extension1-accuracy=2.600000
2023-11-08 13:16:57,263 [INFO]  Epoch[0] Train-cross-entropy=21.449311
2023-11-08 13:16:57,263 [INFO]  Epoch[0] Train-max_y_extension1-accuracy=3.000000
2023-11-08 13:16:57,263 [INFO]  Epoch[0] Time cost=0.011
2023-11-08 13:16:57,265 [INFO]  Saved checkpoint to "./imputer_model/imputer_model_max_y_extension1/model-0000.params"
2023-11-08 13:16:57,265 [INFO]  Epoch[0] Validation-cross-entropy=17.736807
2023-11-08 13:16:57,265 [INFO]  Epoch[0] Validation-max_y_extension1-accuracy=0.000000
2023-11-08 13:16:57,273 [INFO]  Epoch[1] Batch [0-4]	Speed: 10328.41 samples/sec	cross-entropy=33.546328	max_y_extension1-accuracy=2.600000
2023-11-08 13:16:57,278 [INFO]  Epoch[1] Train-cross-entropy=26.334267
2023-11-08 13:16:57,278 [INFO]  Epoch[1] Train-max_y_extension1-accuracy=3.000000
2023-11-08 13:16:57,278 [INFO]  Epoch[1] Time cost=0.013
2023-11-08 13:16:57,280 [INFO]  Saved checkpoint to "./imputer_model/imputer_model_max_y_extension1/model-0001.params"
2023-11-08 13:16:57,281 [INFO]  Epoch[1] Validation-cross-entropy=11.581313
2023-11-08 13:16:57,281 [INFO]  Epoch[1] Validation-max_y_extension1-accuracy=0.000000
2023-11-08 13:16:57,286 [INFO]  Epoch[2] Batch [0-4]	Speed: 15842.51 samples/sec	cross-entropy=5.876662	max_y_extension1-accuracy=2.600000
2023-11-08 13:16:57,290 [INFO]  Epoch[2] Train-cross-entropy=5.197014
2023-11-08 13:16:57,290 [INFO]  Epoch[2] Train-max_y_extension1-accuracy=3.000000
2023-11-08 13:16:57,290 [INFO]  Epoch[2] Time cost=0.009
2023-11-08 13:16:57,291 [INFO]  Saved checkpoint to "./imputer_model/imputer_model_max_y_extension1/model-0002.params"
2023-11-08 13:16:57,292 [INFO]  Epoch[2] Validation-cross-entropy=11.573405
2023-11-08 13:16:57,292 [INFO]  Epoch[2] Validation-max_y_extension1-accuracy=0.000000
2023-11-08 13:16:57,297 [INFO]  Epoch[3] Batch [0-4]	Speed: 16313.31 samples/sec	cross-entropy=2.477600	max_y_extension1-accuracy=2.600000
2023-11-08 13:16:57,300 [INFO]  Epoch[3] Train-cross-entropy=2.725284
2023-11-08 13:16:57,300 [INFO]  Epoch[3] Train-max_y_extension1-accuracy=3.000000
2023-11-08 13:16:57,300 [INFO]  Epoch[3] Time cost=0.008
2023-11-08 13:16:57,301 [INFO]  Saved checkpoint to "./imputer_model/imputer_model_max_y_extension1/model-0003.params"
2023-11-08 13:16:57,302 [INFO]  Epoch[3] Validation-cross-entropy=16.885239
2023-11-08 13:16:57,302 [INFO]  Epoch[3] Validation-max_y_extension1-accuracy=0.000000
2023-11-08 13:16:57,307 [INFO]  Epoch[4] Batch [0-4]	Speed: 16211.83 samples/sec	cross-entropy=2.792293	max_y_extension1-accuracy=2.600000
2023-11-08 13:16:57,310 [INFO]  Epoch[4] Train-cross-entropy=2.203858
2023-11-08 13:16:57,310 [INFO]  Epoch[4] Train-max_y_extension1-accuracy=3.000000
2023-11-08 13:16:57,310 [INFO]  Epoch[4] Time cost=0.008
2023-11-08 13:16:57,311 [INFO]  Saved checkpoint to "./imputer_model/imputer_model_max_y_extension1/model-0004.params"
2023-11-08 13:16:57,312 [INFO]  Epoch[4] Validation-cross-entropy=13.795890
2023-11-08 13:16:57,312 [INFO]  Epoch[4] Validation-max_y_extension1-accuracy=0.000000
2023-11-08 13:16:57,312 [INFO]  
========== done (0.06160736083984375 s) fit model
2023-11-08 13:30:18,020 [INFO]  
========== start: fit model
2023-11-08 13:30:18,020 [WARNING]  Already bound, ignoring bind()
2023-11-08 13:30:18,028 [INFO]  Epoch[0] Batch [0-4]	Speed: 14076.32 samples/sec	cross-entropy=23.524455	max_y_extension1-accuracy=4.400000
2023-11-08 13:30:18,031 [INFO]  Epoch[0] Train-cross-entropy=24.706766
2023-11-08 13:30:18,031 [INFO]  Epoch[0] Train-max_y_extension1-accuracy=3.625000
2023-11-08 13:30:18,031 [INFO]  Epoch[0] Time cost=0.010
2023-11-08 13:30:18,033 [INFO]  Saved checkpoint to "./imputer_model/imputer_model_max_y_extension1/model-0000.params"
2023-11-08 13:30:18,033 [INFO]  Epoch[0] Validation-cross-entropy=17.815668
2023-11-08 13:30:18,033 [INFO]  Epoch[0] Validation-max_y_extension1-accuracy=0.000000
2023-11-08 13:30:18,039 [INFO]  Epoch[1] Batch [0-4]	Speed: 15331.28 samples/sec	cross-entropy=32.975406	max_y_extension1-accuracy=4.400000
2023-11-08 13:30:18,044 [INFO]  Epoch[1] Train-cross-entropy=34.600052
2023-11-08 13:30:18,044 [INFO]  Epoch[1] Train-max_y_extension1-accuracy=3.625000
2023-11-08 13:30:18,044 [INFO]  Epoch[1] Time cost=0.011
2023-11-08 13:30:18,047 [INFO]  Saved checkpoint to "./imputer_model/imputer_model_max_y_extension1/model-0001.params"
2023-11-08 13:30:18,048 [INFO]  Epoch[1] Validation-cross-entropy=18.625998
2023-11-08 13:30:18,048 [INFO]  Epoch[1] Validation-max_y_extension1-accuracy=0.000000
2023-11-08 13:30:18,055 [INFO]  Epoch[2] Batch [0-4]	Speed: 13623.40 samples/sec	cross-entropy=10.938095	max_y_extension1-accuracy=4.400000
2023-11-08 13:30:18,058 [INFO]  Epoch[2] Train-cross-entropy=11.168009
2023-11-08 13:30:18,058 [INFO]  Epoch[2] Train-max_y_extension1-accuracy=3.625000
2023-11-08 13:30:18,058 [INFO]  Epoch[2] Time cost=0.010
2023-11-08 13:30:18,061 [INFO]  Saved checkpoint to "./imputer_model/imputer_model_max_y_extension1/model-0002.params"
2023-11-08 13:30:18,061 [INFO]  Epoch[2] Validation-cross-entropy=20.062456
2023-11-08 13:30:18,061 [INFO]  Epoch[2] Validation-max_y_extension1-accuracy=0.000000
2023-11-08 13:30:18,066 [INFO]  Epoch[3] Batch [0-4]	Speed: 17098.89 samples/sec	cross-entropy=5.473448	max_y_extension1-accuracy=4.400000
2023-11-08 13:30:18,069 [INFO]  Epoch[3] Train-cross-entropy=6.103435
2023-11-08 13:30:18,069 [INFO]  Epoch[3] Train-max_y_extension1-accuracy=3.625000
2023-11-08 13:30:18,069 [INFO]  Epoch[3] Time cost=0.008
2023-11-08 13:30:18,071 [INFO]  Saved checkpoint to "./imputer_model/imputer_model_max_y_extension1/model-0003.params"
2023-11-08 13:30:18,071 [INFO]  Epoch[3] Validation-cross-entropy=9.301256
2023-11-08 13:30:18,071 [INFO]  Epoch[3] Validation-max_y_extension1-accuracy=0.000000
2023-11-08 13:30:18,076 [INFO]  Epoch[4] Batch [0-4]	Speed: 17085.83 samples/sec	cross-entropy=4.402686	max_y_extension1-accuracy=4.400000
2023-11-08 13:30:18,080 [INFO]  Epoch[4] Train-cross-entropy=3.318273
2023-11-08 13:30:18,080 [INFO]  Epoch[4] Train-max_y_extension1-accuracy=3.625000
2023-11-08 13:30:18,080 [INFO]  Epoch[4] Time cost=0.008
2023-11-08 13:30:18,081 [INFO]  Saved checkpoint to "./imputer_model/imputer_model_max_y_extension1/model-0004.params"
2023-11-08 13:30:18,081 [INFO]  Epoch[4] Validation-cross-entropy=13.213988
2023-11-08 13:30:18,081 [INFO]  Epoch[4] Validation-max_y_extension1-accuracy=0.000000
2023-11-08 13:30:18,081 [INFO]  
========== done (0.06139731407165527 s) fit model
2023-11-08 13:43:37,947 [INFO]  
========== start: fit model
2023-11-08 13:43:37,947 [WARNING]  Already bound, ignoring bind()
2023-11-08 13:43:37,955 [INFO]  Epoch[0] Batch [0-4]	Speed: 10830.56 samples/sec	cross-entropy=28.393895	max_y_extension1-accuracy=0.000000
2023-11-08 13:43:37,960 [INFO]  Epoch[0] Train-cross-entropy=28.350701
2023-11-08 13:43:37,960 [INFO]  Epoch[0] Train-max_y_extension1-accuracy=0.000000
2023-11-08 13:43:37,961 [INFO]  Epoch[0] Time cost=0.013
2023-11-08 13:43:37,964 [INFO]  Saved checkpoint to "./imputer_model/imputer_model_max_y_extension1/model-0000.params"
2023-11-08 13:43:37,965 [INFO]  Epoch[0] Validation-cross-entropy=28.810053
2023-11-08 13:43:37,965 [INFO]  Epoch[0] Validation-max_y_extension1-accuracy=0.000000
2023-11-08 13:43:37,971 [INFO]  Epoch[1] Batch [0-4]	Speed: 14631.03 samples/sec	cross-entropy=37.568143	max_y_extension1-accuracy=0.000000
2023-11-08 13:43:37,974 [INFO]  Epoch[1] Train-cross-entropy=32.326284
2023-11-08 13:43:37,975 [INFO]  Epoch[1] Train-max_y_extension1-accuracy=0.000000
2023-11-08 13:43:37,975 [INFO]  Epoch[1] Time cost=0.009
2023-11-08 13:43:37,976 [INFO]  Saved checkpoint to "./imputer_model/imputer_model_max_y_extension1/model-0001.params"
2023-11-08 13:43:37,977 [INFO]  Epoch[1] Validation-cross-entropy=12.573346
2023-11-08 13:43:37,977 [INFO]  Epoch[1] Validation-max_y_extension1-accuracy=0.000000
2023-11-08 13:43:37,981 [INFO]  Epoch[2] Batch [0-4]	Speed: 20763.88 samples/sec	cross-entropy=5.494781	max_y_extension1-accuracy=0.000000
2023-11-08 13:43:37,983 [INFO]  Epoch[2] Train-cross-entropy=4.580654
2023-11-08 13:43:37,984 [INFO]  Epoch[2] Train-max_y_extension1-accuracy=0.000000
2023-11-08 13:43:37,984 [INFO]  Epoch[2] Time cost=0.007
2023-11-08 13:43:37,985 [INFO]  Saved checkpoint to "./imputer_model/imputer_model_max_y_extension1/model-0002.params"
2023-11-08 13:43:37,986 [INFO]  Epoch[2] Validation-cross-entropy=9.604235
2023-11-08 13:43:37,986 [INFO]  Epoch[2] Validation-max_y_extension1-accuracy=0.000000
2023-11-08 13:43:37,992 [INFO]  Epoch[3] Batch [0-4]	Speed: 12024.52 samples/sec	cross-entropy=6.824114	max_y_extension1-accuracy=0.000000
2023-11-08 13:43:37,996 [INFO]  Epoch[3] Train-cross-entropy=4.818885
2023-11-08 13:43:37,996 [INFO]  Epoch[3] Train-max_y_extension1-accuracy=0.000000
2023-11-08 13:43:37,997 [INFO]  Epoch[3] Time cost=0.011
2023-11-08 13:43:38,000 [INFO]  Saved checkpoint to "./imputer_model/imputer_model_max_y_extension1/model-0003.params"
2023-11-08 13:43:38,001 [INFO]  Epoch[3] Validation-cross-entropy=9.820454
2023-11-08 13:43:38,001 [INFO]  Epoch[3] Validation-max_y_extension1-accuracy=0.000000
2023-11-08 13:43:38,008 [INFO]  Epoch[4] Batch [0-4]	Speed: 11830.56 samples/sec	cross-entropy=1.642617	max_y_extension1-accuracy=0.000000
2023-11-08 13:43:38,012 [INFO]  Epoch[4] Train-cross-entropy=1.317876
2023-11-08 13:43:38,012 [INFO]  Epoch[4] Train-max_y_extension1-accuracy=0.000000
2023-11-08 13:43:38,012 [INFO]  Epoch[4] Time cost=0.011
2023-11-08 13:43:38,014 [INFO]  Saved checkpoint to "./imputer_model/imputer_model_max_y_extension1/model-0004.params"
2023-11-08 13:43:38,015 [INFO]  Epoch[4] Validation-cross-entropy=10.147253
2023-11-08 13:43:38,015 [INFO]  Epoch[4] Validation-max_y_extension1-accuracy=0.000000
2023-11-08 13:43:38,015 [INFO]  
========== done (0.06802678108215332 s) fit model
2023-11-08 13:56:59,638 [INFO]  
========== start: fit model
2023-11-08 13:56:59,639 [WARNING]  Already bound, ignoring bind()
2023-11-08 13:56:59,645 [INFO]  Epoch[0] Batch [0-4]	Speed: 13981.01 samples/sec	cross-entropy=27.285748	max_y_extension1-accuracy=3.400000
2023-11-08 13:56:59,650 [INFO]  Epoch[0] Train-cross-entropy=21.894773
2023-11-08 13:56:59,650 [INFO]  Epoch[0] Train-max_y_extension1-accuracy=3.625000
2023-11-08 13:56:59,650 [INFO]  Epoch[0] Time cost=0.011
2023-11-08 13:56:59,653 [INFO]  Saved checkpoint to "./imputer_model/imputer_model_max_y_extension1/model-0000.params"
2023-11-08 13:56:59,654 [INFO]  Epoch[0] Validation-cross-entropy=33.063538
2023-11-08 13:56:59,654 [INFO]  Epoch[0] Validation-max_y_extension1-accuracy=0.000000
2023-11-08 13:56:59,662 [INFO]  Epoch[1] Batch [0-4]	Speed: 11408.22 samples/sec	cross-entropy=37.331831	max_y_extension1-accuracy=3.400000
2023-11-08 13:56:59,666 [INFO]  Epoch[1] Train-cross-entropy=31.958908
2023-11-08 13:56:59,666 [INFO]  Epoch[1] Train-max_y_extension1-accuracy=3.625000
2023-11-08 13:56:59,666 [INFO]  Epoch[1] Time cost=0.012
2023-11-08 13:56:59,669 [INFO]  Saved checkpoint to "./imputer_model/imputer_model_max_y_extension1/model-0001.params"
2023-11-08 13:56:59,669 [INFO]  Epoch[1] Validation-cross-entropy=48.676098
2023-11-08 13:56:59,669 [INFO]  Epoch[1] Validation-max_y_extension1-accuracy=0.000000
2023-11-08 13:56:59,676 [INFO]  Epoch[2] Batch [0-4]	Speed: 12003.02 samples/sec	cross-entropy=10.335903	max_y_extension1-accuracy=3.400000
2023-11-08 13:56:59,681 [INFO]  Epoch[2] Train-cross-entropy=8.922600
2023-11-08 13:56:59,681 [INFO]  Epoch[2] Train-max_y_extension1-accuracy=3.625000
2023-11-08 13:56:59,681 [INFO]  Epoch[2] Time cost=0.012
2023-11-08 13:56:59,685 [INFO]  Saved checkpoint to "./imputer_model/imputer_model_max_y_extension1/model-0002.params"
2023-11-08 13:56:59,686 [INFO]  Epoch[2] Validation-cross-entropy=14.226187
2023-11-08 13:56:59,686 [INFO]  Epoch[2] Validation-max_y_extension1-accuracy=0.000000
2023-11-08 13:56:59,692 [INFO]  Epoch[3] Batch [0-4]	Speed: 14631.82 samples/sec	cross-entropy=7.131515	max_y_extension1-accuracy=3.400000
2023-11-08 13:56:59,695 [INFO]  Epoch[3] Train-cross-entropy=5.735459
2023-11-08 13:56:59,695 [INFO]  Epoch[3] Train-max_y_extension1-accuracy=3.625000
2023-11-08 13:56:59,695 [INFO]  Epoch[3] Time cost=0.010
2023-11-08 13:56:59,698 [INFO]  Saved checkpoint to "./imputer_model/imputer_model_max_y_extension1/model-0003.params"
2023-11-08 13:56:59,698 [INFO]  Epoch[3] Validation-cross-entropy=20.538687
2023-11-08 13:56:59,698 [INFO]  Epoch[3] Validation-max_y_extension1-accuracy=0.000000
2023-11-08 13:56:59,704 [INFO]  Epoch[4] Batch [0-4]	Speed: 14653.39 samples/sec	cross-entropy=2.072411	max_y_extension1-accuracy=3.400000
2023-11-08 13:56:59,707 [INFO]  Epoch[4] Train-cross-entropy=1.673909
2023-11-08 13:56:59,708 [INFO]  Epoch[4] Train-max_y_extension1-accuracy=3.625000
2023-11-08 13:56:59,708 [INFO]  Epoch[4] Time cost=0.009
2023-11-08 13:56:59,709 [INFO]  Saved checkpoint to "./imputer_model/imputer_model_max_y_extension1/model-0004.params"
2023-11-08 13:56:59,710 [INFO]  Epoch[4] Validation-cross-entropy=14.998907
2023-11-08 13:56:59,710 [INFO]  Epoch[4] Validation-max_y_extension1-accuracy=0.000000
2023-11-08 13:56:59,710 [INFO]  
========== done (0.07143425941467285 s) fit model
2023-11-08 14:10:23,679 [INFO]  
========== start: fit model
2023-11-08 14:10:23,679 [WARNING]  Already bound, ignoring bind()
2023-11-08 14:10:23,688 [INFO]  Epoch[0] Batch [0-4]	Speed: 10924.44 samples/sec	cross-entropy=20.224635	max_y_extension1-accuracy=2.600000
2023-11-08 14:10:23,693 [INFO]  Epoch[0] Train-cross-entropy=21.992540
2023-11-08 14:10:23,693 [INFO]  Epoch[0] Train-max_y_extension1-accuracy=3.375000
2023-11-08 14:10:23,693 [INFO]  Epoch[0] Time cost=0.013
2023-11-08 14:10:23,696 [INFO]  Saved checkpoint to "./imputer_model/imputer_model_max_y_extension1/model-0000.params"
2023-11-08 14:10:23,697 [INFO]  Epoch[0] Validation-cross-entropy=10.030910
2023-11-08 14:10:23,697 [INFO]  Epoch[0] Validation-max_y_extension1-accuracy=0.000000
2023-11-08 14:10:23,705 [INFO]  Epoch[1] Batch [0-4]	Speed: 12046.11 samples/sec	cross-entropy=35.203655	max_y_extension1-accuracy=2.600000
2023-11-08 14:10:23,709 [INFO]  Epoch[1] Train-cross-entropy=37.071795
2023-11-08 14:10:23,709 [INFO]  Epoch[1] Train-max_y_extension1-accuracy=3.375000
2023-11-08 14:10:23,709 [INFO]  Epoch[1] Time cost=0.011
2023-11-08 14:10:23,711 [INFO]  Saved checkpoint to "./imputer_model/imputer_model_max_y_extension1/model-0001.params"
2023-11-08 14:10:23,711 [INFO]  Epoch[1] Validation-cross-entropy=1.473235
2023-11-08 14:10:23,712 [INFO]  Epoch[1] Validation-max_y_extension1-accuracy=0.000000
2023-11-08 14:10:23,718 [INFO]  Epoch[2] Batch [0-4]	Speed: 13595.11 samples/sec	cross-entropy=11.287387	max_y_extension1-accuracy=2.600000
2023-11-08 14:10:23,721 [INFO]  Epoch[2] Train-cross-entropy=15.146242
2023-11-08 14:10:23,721 [INFO]  Epoch[2] Train-max_y_extension1-accuracy=3.375000
2023-11-08 14:10:23,721 [INFO]  Epoch[2] Time cost=0.010
2023-11-08 14:10:23,723 [INFO]  Saved checkpoint to "./imputer_model/imputer_model_max_y_extension1/model-0002.params"
2023-11-08 14:10:23,723 [INFO]  Epoch[2] Validation-cross-entropy=5.641685
2023-11-08 14:10:23,723 [INFO]  Epoch[2] Validation-max_y_extension1-accuracy=0.000000
2023-11-08 14:10:23,729 [INFO]  Epoch[3] Batch [0-4]	Speed: 15337.42 samples/sec	cross-entropy=4.741505	max_y_extension1-accuracy=2.600000
2023-11-08 14:10:23,732 [INFO]  Epoch[3] Train-cross-entropy=5.095863
2023-11-08 14:10:23,732 [INFO]  Epoch[3] Train-max_y_extension1-accuracy=3.375000
2023-11-08 14:10:23,732 [INFO]  Epoch[3] Time cost=0.009
2023-11-08 14:10:23,733 [INFO]  Saved checkpoint to "./imputer_model/imputer_model_max_y_extension1/model-0003.params"
2023-11-08 14:10:23,734 [INFO]  Epoch[3] Validation-cross-entropy=2.760092
2023-11-08 14:10:23,734 [INFO]  Epoch[3] Validation-max_y_extension1-accuracy=0.000000
2023-11-08 14:10:23,740 [INFO]  Epoch[4] Batch [0-4]	Speed: 14161.72 samples/sec	cross-entropy=3.186992	max_y_extension1-accuracy=2.600000
2023-11-08 14:10:23,743 [INFO]  Epoch[4] Train-cross-entropy=2.451143
2023-11-08 14:10:23,743 [INFO]  Epoch[4] Train-max_y_extension1-accuracy=3.375000
2023-11-08 14:10:23,743 [INFO]  Epoch[4] Time cost=0.009
2023-11-08 14:10:23,744 [INFO]  Saved checkpoint to "./imputer_model/imputer_model_max_y_extension1/model-0004.params"
2023-11-08 14:10:23,745 [INFO]  Epoch[4] Validation-cross-entropy=0.928758
2023-11-08 14:10:23,745 [INFO]  Epoch[4] Validation-max_y_extension1-accuracy=0.000000
2023-11-08 14:10:23,745 [INFO]  
========== done (0.06596708297729492 s) fit model
2023-11-08 14:23:55,737 [INFO]  
========== start: fit model
2023-11-08 14:23:55,737 [WARNING]  Already bound, ignoring bind()
2023-11-08 14:23:55,745 [INFO]  Epoch[0] Batch [0-4]	Speed: 12512.14 samples/sec	cross-entropy=23.681556	max_y_extension1-accuracy=3.800000
2023-11-08 14:23:55,750 [INFO]  Epoch[0] Train-cross-entropy=27.019016
2023-11-08 14:23:55,750 [INFO]  Epoch[0] Train-max_y_extension1-accuracy=3.500000
2023-11-08 14:23:55,750 [INFO]  Epoch[0] Time cost=0.012
2023-11-08 14:23:55,754 [INFO]  Saved checkpoint to "./imputer_model/imputer_model_max_y_extension1/model-0000.params"
2023-11-08 14:23:55,755 [INFO]  Epoch[0] Validation-cross-entropy=600.732849
2023-11-08 14:23:55,755 [INFO]  Epoch[0] Validation-max_y_extension1-accuracy=0.000000
2023-11-08 14:23:55,763 [INFO]  Epoch[1] Batch [0-4]	Speed: 10509.98 samples/sec	cross-entropy=34.706919	max_y_extension1-accuracy=3.800000
2023-11-08 14:23:55,767 [INFO]  Epoch[1] Train-cross-entropy=27.280809
2023-11-08 14:23:55,767 [INFO]  Epoch[1] Train-max_y_extension1-accuracy=3.500000
2023-11-08 14:23:55,767 [INFO]  Epoch[1] Time cost=0.012
2023-11-08 14:23:55,769 [INFO]  Saved checkpoint to "./imputer_model/imputer_model_max_y_extension1/model-0001.params"
2023-11-08 14:23:55,770 [INFO]  Epoch[1] Validation-cross-entropy=62.076069
2023-11-08 14:23:55,770 [INFO]  Epoch[1] Validation-max_y_extension1-accuracy=0.000000
2023-11-08 14:23:55,776 [INFO]  Epoch[2] Batch [0-4]	Speed: 13475.68 samples/sec	cross-entropy=5.495948	max_y_extension1-accuracy=3.800000
2023-11-08 14:23:55,780 [INFO]  Epoch[2] Train-cross-entropy=4.505252
2023-11-08 14:23:55,780 [INFO]  Epoch[2] Train-max_y_extension1-accuracy=3.500000
2023-11-08 14:23:55,780 [INFO]  Epoch[2] Time cost=0.010
2023-11-08 14:23:55,782 [INFO]  Saved checkpoint to "./imputer_model/imputer_model_max_y_extension1/model-0002.params"
2023-11-08 14:23:55,782 [INFO]  Epoch[2] Validation-cross-entropy=225.455750
2023-11-08 14:23:55,783 [INFO]  Epoch[2] Validation-max_y_extension1-accuracy=0.000000
2023-11-08 14:23:55,788 [INFO]  Epoch[3] Batch [0-4]	Speed: 14010.93 samples/sec	cross-entropy=2.594176	max_y_extension1-accuracy=3.800000
2023-11-08 14:23:55,792 [INFO]  Epoch[3] Train-cross-entropy=2.286548
2023-11-08 14:23:55,792 [INFO]  Epoch[3] Train-max_y_extension1-accuracy=3.500000
2023-11-08 14:23:55,792 [INFO]  Epoch[3] Time cost=0.009
2023-11-08 14:23:55,793 [INFO]  Saved checkpoint to "./imputer_model/imputer_model_max_y_extension1/model-0003.params"
2023-11-08 14:23:55,794 [INFO]  Epoch[3] Validation-cross-entropy=252.791718
2023-11-08 14:23:55,794 [INFO]  Epoch[3] Validation-max_y_extension1-accuracy=0.000000
2023-11-08 14:23:55,800 [INFO]  Epoch[4] Batch [0-4]	Speed: 13622.02 samples/sec	cross-entropy=0.860967	max_y_extension1-accuracy=3.800000
2023-11-08 14:23:55,803 [INFO]  Epoch[4] Train-cross-entropy=0.763683
2023-11-08 14:23:55,803 [INFO]  Epoch[4] Train-max_y_extension1-accuracy=3.500000
2023-11-08 14:23:55,803 [INFO]  Epoch[4] Time cost=0.009
2023-11-08 14:23:55,805 [INFO]  Saved checkpoint to "./imputer_model/imputer_model_max_y_extension1/model-0004.params"
2023-11-08 14:23:55,806 [INFO]  Epoch[4] Validation-cross-entropy=306.651184
2023-11-08 14:23:55,806 [INFO]  Epoch[4] Validation-max_y_extension1-accuracy=0.000000
2023-11-08 14:23:55,806 [INFO]  
========== done (0.06852173805236816 s) fit model
2023-11-08 14:37:46,452 [INFO]  
========== start: fit model
2023-11-08 14:37:46,453 [WARNING]  Already bound, ignoring bind()
2023-11-08 14:37:46,464 [INFO]  Epoch[0] Batch [0-4]	Speed: 10928.00 samples/sec	cross-entropy=24.162297	max_y_extension1-accuracy=0.000000
2023-11-08 14:37:46,468 [INFO]  Epoch[0] Train-cross-entropy=23.536732
2023-11-08 14:37:46,468 [INFO]  Epoch[0] Train-max_y_extension1-accuracy=0.000000
2023-11-08 14:37:46,468 [INFO]  Epoch[0] Time cost=0.014
2023-11-08 14:37:46,471 [INFO]  Saved checkpoint to "./imputer_model/imputer_model_max_y_extension1/model-0000.params"
2023-11-08 14:37:46,472 [INFO]  Epoch[0] Validation-cross-entropy=23.450562
2023-11-08 14:37:46,472 [INFO]  Epoch[0] Validation-max_y_extension1-accuracy=0.000000
2023-11-08 14:37:46,478 [INFO]  Epoch[1] Batch [0-4]	Speed: 12913.62 samples/sec	cross-entropy=40.882780	max_y_extension1-accuracy=0.000000
2023-11-08 14:37:46,482 [INFO]  Epoch[1] Train-cross-entropy=29.053258
2023-11-08 14:37:46,482 [INFO]  Epoch[1] Train-max_y_extension1-accuracy=0.000000
2023-11-08 14:37:46,482 [INFO]  Epoch[1] Time cost=0.010
2023-11-08 14:37:46,484 [INFO]  Saved checkpoint to "./imputer_model/imputer_model_max_y_extension1/model-0001.params"
2023-11-08 14:37:46,485 [INFO]  Epoch[1] Validation-cross-entropy=24.073971
2023-11-08 14:37:46,485 [INFO]  Epoch[1] Validation-max_y_extension1-accuracy=0.000000
2023-11-08 14:37:46,491 [INFO]  Epoch[2] Batch [0-4]	Speed: 13616.49 samples/sec	cross-entropy=12.381189	max_y_extension1-accuracy=0.000000
2023-11-08 14:37:46,494 [INFO]  Epoch[2] Train-cross-entropy=8.815636
2023-11-08 14:37:46,495 [INFO]  Epoch[2] Train-max_y_extension1-accuracy=0.000000
2023-11-08 14:37:46,495 [INFO]  Epoch[2] Time cost=0.010
2023-11-08 14:37:46,496 [INFO]  Saved checkpoint to "./imputer_model/imputer_model_max_y_extension1/model-0002.params"
2023-11-08 14:37:46,497 [INFO]  Epoch[2] Validation-cross-entropy=3.313567
2023-11-08 14:37:46,497 [INFO]  Epoch[2] Validation-max_y_extension1-accuracy=0.000000
2023-11-08 14:37:46,503 [INFO]  Epoch[3] Batch [0-4]	Speed: 14262.55 samples/sec	cross-entropy=5.121335	max_y_extension1-accuracy=0.000000
2023-11-08 14:37:46,506 [INFO]  Epoch[3] Train-cross-entropy=3.569882
2023-11-08 14:37:46,506 [INFO]  Epoch[3] Train-max_y_extension1-accuracy=0.000000
2023-11-08 14:37:46,506 [INFO]  Epoch[3] Time cost=0.009
2023-11-08 14:37:46,508 [INFO]  Saved checkpoint to "./imputer_model/imputer_model_max_y_extension1/model-0003.params"
2023-11-08 14:37:46,508 [INFO]  Epoch[3] Validation-cross-entropy=4.269285
2023-11-08 14:37:46,508 [INFO]  Epoch[3] Validation-max_y_extension1-accuracy=0.000000
2023-11-08 14:37:46,514 [INFO]  Epoch[4] Batch [0-4]	Speed: 14630.23 samples/sec	cross-entropy=1.750573	max_y_extension1-accuracy=0.000000
2023-11-08 14:37:46,517 [INFO]  Epoch[4] Train-cross-entropy=1.663580
2023-11-08 14:37:46,517 [INFO]  Epoch[4] Train-max_y_extension1-accuracy=0.000000
2023-11-08 14:37:46,517 [INFO]  Epoch[4] Time cost=0.009
2023-11-08 14:37:46,519 [INFO]  Saved checkpoint to "./imputer_model/imputer_model_max_y_extension1/model-0004.params"
2023-11-08 14:37:46,519 [INFO]  Epoch[4] Validation-cross-entropy=3.586432
2023-11-08 14:37:46,520 [INFO]  Epoch[4] Validation-max_y_extension1-accuracy=0.000000
2023-11-08 14:37:46,520 [INFO]  
========== done (0.06733274459838867 s) fit model
2023-11-08 14:51:52,483 [INFO]  
========== start: fit model
2023-11-08 14:51:52,483 [WARNING]  Already bound, ignoring bind()
2023-11-08 14:51:52,492 [INFO]  Epoch[0] Batch [0-4]	Speed: 10217.94 samples/sec	cross-entropy=20.601486	max_y_extension1-accuracy=3.000000
2023-11-08 14:51:52,497 [INFO]  Epoch[0] Train-cross-entropy=22.580679
2023-11-08 14:51:52,497 [INFO]  Epoch[0] Train-max_y_extension1-accuracy=3.000000
2023-11-08 14:51:52,497 [INFO]  Epoch[0] Time cost=0.013
2023-11-08 14:51:52,500 [INFO]  Saved checkpoint to "./imputer_model/imputer_model_max_y_extension1/model-0000.params"
2023-11-08 14:51:52,501 [INFO]  Epoch[0] Validation-cross-entropy=24.336660
2023-11-08 14:51:52,501 [INFO]  Epoch[0] Validation-max_y_extension1-accuracy=0.000000
2023-11-08 14:51:52,506 [INFO]  Epoch[1] Batch [0-4]	Speed: 14866.01 samples/sec	cross-entropy=24.283237	max_y_extension1-accuracy=3.000000
2023-11-08 14:51:52,510 [INFO]  Epoch[1] Train-cross-entropy=23.089342
2023-11-08 14:51:52,510 [INFO]  Epoch[1] Train-max_y_extension1-accuracy=3.000000
2023-11-08 14:51:52,510 [INFO]  Epoch[1] Time cost=0.009
2023-11-08 14:51:52,512 [INFO]  Saved checkpoint to "./imputer_model/imputer_model_max_y_extension1/model-0001.params"
2023-11-08 14:51:52,512 [INFO]  Epoch[1] Validation-cross-entropy=8.212348
2023-11-08 14:51:52,512 [INFO]  Epoch[1] Validation-max_y_extension1-accuracy=0.000000
2023-11-08 14:51:52,516 [INFO]  Epoch[2] Batch [0-4]	Speed: 22049.90 samples/sec	cross-entropy=6.899637	max_y_extension1-accuracy=3.000000
2023-11-08 14:51:52,519 [INFO]  Epoch[2] Train-cross-entropy=7.703021
2023-11-08 14:51:52,519 [INFO]  Epoch[2] Train-max_y_extension1-accuracy=3.000000
2023-11-08 14:51:52,519 [INFO]  Epoch[2] Time cost=0.007
2023-11-08 14:51:52,520 [INFO]  Saved checkpoint to "./imputer_model/imputer_model_max_y_extension1/model-0002.params"
2023-11-08 14:51:52,521 [INFO]  Epoch[2] Validation-cross-entropy=15.197866
2023-11-08 14:51:52,521 [INFO]  Epoch[2] Validation-max_y_extension1-accuracy=0.000000
2023-11-08 14:51:52,525 [INFO]  Epoch[3] Batch [0-4]	Speed: 19558.14 samples/sec	cross-entropy=4.232393	max_y_extension1-accuracy=3.000000
2023-11-08 14:51:52,528 [INFO]  Epoch[3] Train-cross-entropy=4.378619
2023-11-08 14:51:52,528 [INFO]  Epoch[3] Train-max_y_extension1-accuracy=3.000000
2023-11-08 14:51:52,528 [INFO]  Epoch[3] Time cost=0.007
2023-11-08 14:51:52,529 [INFO]  Saved checkpoint to "./imputer_model/imputer_model_max_y_extension1/model-0003.params"
2023-11-08 14:51:52,529 [INFO]  Epoch[3] Validation-cross-entropy=7.046115
2023-11-08 14:51:52,529 [INFO]  Epoch[3] Validation-max_y_extension1-accuracy=0.000000
2023-11-08 14:51:52,533 [INFO]  Epoch[4] Batch [0-4]	Speed: 20190.71 samples/sec	cross-entropy=2.306594	max_y_extension1-accuracy=3.000000
2023-11-08 14:51:52,537 [INFO]  Epoch[4] Train-cross-entropy=1.934123
2023-11-08 14:51:52,537 [INFO]  Epoch[4] Train-max_y_extension1-accuracy=3.000000
2023-11-08 14:51:52,537 [INFO]  Epoch[4] Time cost=0.008
2023-11-08 14:51:52,538 [INFO]  Saved checkpoint to "./imputer_model/imputer_model_max_y_extension1/model-0004.params"
2023-11-08 14:51:52,539 [INFO]  Epoch[4] Validation-cross-entropy=11.614051
2023-11-08 14:51:52,539 [INFO]  Epoch[4] Validation-max_y_extension1-accuracy=0.000000
2023-11-08 14:51:52,539 [INFO]  
========== done (0.05562138557434082 s) fit model
