2023-11-08 12:32:24,853 [INFO]  
========== start: fit model
2023-11-08 12:32:24,853 [WARNING]  Already bound, ignoring bind()
2023-11-08 12:32:24,860 [INFO]  Epoch[0] Batch [0-4]	Speed: 13735.63 samples/sec	cross-entropy=15.605407	gmrt_on_paper1-accuracy=0.000000
2023-11-08 12:32:24,863 [INFO]  Epoch[0] Train-cross-entropy=17.272694
2023-11-08 12:32:24,863 [INFO]  Epoch[0] Train-gmrt_on_paper1-accuracy=0.000000
2023-11-08 12:32:24,864 [INFO]  Epoch[0] Time cost=0.010
2023-11-08 12:32:24,865 [INFO]  Saved checkpoint to "./imputer_model/imputer_model_gmrt_on_paper1/model-0000.params"
2023-11-08 12:32:24,865 [INFO]  Epoch[0] Validation-cross-entropy=35.782856
2023-11-08 12:32:24,865 [INFO]  Epoch[0] Validation-gmrt_on_paper1-accuracy=0.000000
2023-11-08 12:32:24,871 [INFO]  Epoch[1] Batch [0-4]	Speed: 15100.16 samples/sec	cross-entropy=44.664450	gmrt_on_paper1-accuracy=0.000000
2023-11-08 12:32:24,874 [INFO]  Epoch[1] Train-cross-entropy=32.525305
2023-11-08 12:32:24,874 [INFO]  Epoch[1] Train-gmrt_on_paper1-accuracy=0.000000
2023-11-08 12:32:24,874 [INFO]  Epoch[1] Time cost=0.009
2023-11-08 12:32:24,875 [INFO]  Saved checkpoint to "./imputer_model/imputer_model_gmrt_on_paper1/model-0001.params"
2023-11-08 12:32:24,876 [INFO]  Epoch[1] Validation-cross-entropy=31.683647
2023-11-08 12:32:24,876 [INFO]  Epoch[1] Validation-gmrt_on_paper1-accuracy=0.000000
2023-11-08 12:32:24,881 [INFO]  Epoch[2] Batch [0-4]	Speed: 15768.99 samples/sec	cross-entropy=5.841197	gmrt_on_paper1-accuracy=0.000000
2023-11-08 12:32:24,884 [INFO]  Epoch[2] Train-cross-entropy=4.864191
2023-11-08 12:32:24,884 [INFO]  Epoch[2] Train-gmrt_on_paper1-accuracy=0.000000
2023-11-08 12:32:24,884 [INFO]  Epoch[2] Time cost=0.008
2023-11-08 12:32:24,885 [INFO]  Saved checkpoint to "./imputer_model/imputer_model_gmrt_on_paper1/model-0002.params"
2023-11-08 12:32:24,885 [INFO]  Epoch[2] Validation-cross-entropy=35.715488
2023-11-08 12:32:24,885 [INFO]  Epoch[2] Validation-gmrt_on_paper1-accuracy=0.000000
2023-11-08 12:32:24,890 [INFO]  Epoch[3] Batch [0-4]	Speed: 17401.49 samples/sec	cross-entropy=6.138677	gmrt_on_paper1-accuracy=0.000000
2023-11-08 12:32:24,893 [INFO]  Epoch[3] Train-cross-entropy=4.549475
2023-11-08 12:32:24,893 [INFO]  Epoch[3] Train-gmrt_on_paper1-accuracy=0.000000
2023-11-08 12:32:24,893 [INFO]  Epoch[3] Time cost=0.007
2023-11-08 12:32:24,894 [INFO]  Saved checkpoint to "./imputer_model/imputer_model_gmrt_on_paper1/model-0003.params"
2023-11-08 12:32:24,895 [INFO]  Epoch[3] Validation-cross-entropy=32.649559
2023-11-08 12:32:24,895 [INFO]  Epoch[3] Validation-gmrt_on_paper1-accuracy=0.000000
2023-11-08 12:32:24,899 [INFO]  Epoch[4] Batch [0-4]	Speed: 18489.84 samples/sec	cross-entropy=2.999508	gmrt_on_paper1-accuracy=0.000000
2023-11-08 12:32:24,902 [INFO]  Epoch[4] Train-cross-entropy=2.099976
2023-11-08 12:32:24,902 [INFO]  Epoch[4] Train-gmrt_on_paper1-accuracy=0.000000
2023-11-08 12:32:24,902 [INFO]  Epoch[4] Time cost=0.007
2023-11-08 12:32:24,903 [INFO]  Saved checkpoint to "./imputer_model/imputer_model_gmrt_on_paper1/model-0004.params"
2023-11-08 12:32:24,903 [INFO]  Epoch[4] Validation-cross-entropy=28.081985
2023-11-08 12:32:24,904 [INFO]  Epoch[4] Validation-gmrt_on_paper1-accuracy=0.000000
2023-11-08 12:32:24,904 [INFO]  
========== done (0.05105137825012207 s) fit model
2023-11-08 13:03:26,588 [INFO]  
========== start: fit model
2023-11-08 13:03:26,588 [WARNING]  Already bound, ignoring bind()
2023-11-08 13:03:26,603 [INFO]  Epoch[0] Batch [0-4]	Speed: 10246.02 samples/sec	cross-entropy=17.081489	gmrt_on_paper1-accuracy=4.000000
2023-11-08 13:03:26,608 [INFO]  Epoch[0] Train-cross-entropy=17.763972
2023-11-08 13:03:26,608 [INFO]  Epoch[0] Train-gmrt_on_paper1-accuracy=4.500000
2023-11-08 13:03:26,608 [INFO]  Epoch[0] Time cost=0.019
2023-11-08 13:03:26,627 [INFO]  Saved checkpoint to "./imputer_model/imputer_model_gmrt_on_paper1/model-0000.params"
2023-11-08 13:03:26,628 [INFO]  Epoch[0] Validation-cross-entropy=28.409563
2023-11-08 13:03:26,628 [INFO]  Epoch[0] Validation-gmrt_on_paper1-accuracy=0.000000
2023-11-08 13:03:26,637 [INFO]  Epoch[1] Batch [0-4]	Speed: 9623.41 samples/sec	cross-entropy=47.998222	gmrt_on_paper1-accuracy=4.000000
2023-11-08 13:03:26,642 [INFO]  Epoch[1] Train-cross-entropy=44.506045
2023-11-08 13:03:26,643 [INFO]  Epoch[1] Train-gmrt_on_paper1-accuracy=4.500000
2023-11-08 13:03:26,643 [INFO]  Epoch[1] Time cost=0.014
2023-11-08 13:03:26,656 [INFO]  Saved checkpoint to "./imputer_model/imputer_model_gmrt_on_paper1/model-0001.params"
2023-11-08 13:03:26,657 [INFO]  Epoch[1] Validation-cross-entropy=13.566316
2023-11-08 13:03:26,657 [INFO]  Epoch[1] Validation-gmrt_on_paper1-accuracy=0.000000
2023-11-08 13:03:26,665 [INFO]  Epoch[2] Batch [0-4]	Speed: 10574.99 samples/sec	cross-entropy=6.447285	gmrt_on_paper1-accuracy=4.000000
2023-11-08 13:03:26,669 [INFO]  Epoch[2] Train-cross-entropy=6.691813
2023-11-08 13:03:26,669 [INFO]  Epoch[2] Train-gmrt_on_paper1-accuracy=4.500000
2023-11-08 13:03:26,669 [INFO]  Epoch[2] Time cost=0.012
2023-11-08 13:03:26,671 [INFO]  Saved checkpoint to "./imputer_model/imputer_model_gmrt_on_paper1/model-0002.params"
2023-11-08 13:03:26,672 [INFO]  Epoch[2] Validation-cross-entropy=11.311280
2023-11-08 13:03:26,672 [INFO]  Epoch[2] Validation-gmrt_on_paper1-accuracy=0.000000
2023-11-08 13:03:26,678 [INFO]  Epoch[3] Batch [0-4]	Speed: 13319.88 samples/sec	cross-entropy=3.855161	gmrt_on_paper1-accuracy=4.000000
2023-11-08 13:03:26,682 [INFO]  Epoch[3] Train-cross-entropy=3.917255
2023-11-08 13:03:26,682 [INFO]  Epoch[3] Train-gmrt_on_paper1-accuracy=4.500000
2023-11-08 13:03:26,682 [INFO]  Epoch[3] Time cost=0.010
2023-11-08 13:03:26,684 [INFO]  Saved checkpoint to "./imputer_model/imputer_model_gmrt_on_paper1/model-0003.params"
2023-11-08 13:03:26,684 [INFO]  Epoch[3] Validation-cross-entropy=10.956836
2023-11-08 13:03:26,684 [INFO]  Epoch[3] Validation-gmrt_on_paper1-accuracy=0.000000
2023-11-08 13:03:26,690 [INFO]  Epoch[4] Batch [0-4]	Speed: 14361.75 samples/sec	cross-entropy=2.925620	gmrt_on_paper1-accuracy=4.000000
2023-11-08 13:03:26,693 [INFO]  Epoch[4] Train-cross-entropy=2.359096
2023-11-08 13:03:26,693 [INFO]  Epoch[4] Train-gmrt_on_paper1-accuracy=4.500000
2023-11-08 13:03:26,694 [INFO]  Epoch[4] Time cost=0.009
2023-11-08 13:03:26,695 [INFO]  Saved checkpoint to "./imputer_model/imputer_model_gmrt_on_paper1/model-0004.params"
2023-11-08 13:03:26,696 [INFO]  Epoch[4] Validation-cross-entropy=9.256343
2023-11-08 13:03:26,696 [INFO]  Epoch[4] Validation-gmrt_on_paper1-accuracy=0.000000
2023-11-08 13:03:26,696 [INFO]  
========== done (0.10769891738891602 s) fit model
2023-11-08 13:16:55,478 [INFO]  
========== start: fit model
2023-11-08 13:16:55,478 [WARNING]  Already bound, ignoring bind()
2023-11-08 13:16:55,486 [INFO]  Epoch[0] Batch [0-4]	Speed: 12434.48 samples/sec	cross-entropy=20.847111	gmrt_on_paper1-accuracy=3.600000
2023-11-08 13:16:55,491 [INFO]  Epoch[0] Train-cross-entropy=19.913170
2023-11-08 13:16:55,491 [INFO]  Epoch[0] Train-gmrt_on_paper1-accuracy=3.375000
2023-11-08 13:16:55,491 [INFO]  Epoch[0] Time cost=0.012
2023-11-08 13:16:55,494 [INFO]  Saved checkpoint to "./imputer_model/imputer_model_gmrt_on_paper1/model-0000.params"
2023-11-08 13:16:55,495 [INFO]  Epoch[0] Validation-cross-entropy=9.103448
2023-11-08 13:16:55,495 [INFO]  Epoch[0] Validation-gmrt_on_paper1-accuracy=0.000000
2023-11-08 13:16:55,504 [INFO]  Epoch[1] Batch [0-4]	Speed: 10249.54 samples/sec	cross-entropy=36.660253	gmrt_on_paper1-accuracy=3.600000
2023-11-08 13:16:55,508 [INFO]  Epoch[1] Train-cross-entropy=37.667697
2023-11-08 13:16:55,508 [INFO]  Epoch[1] Train-gmrt_on_paper1-accuracy=3.375000
2023-11-08 13:16:55,508 [INFO]  Epoch[1] Time cost=0.013
2023-11-08 13:16:55,510 [INFO]  Saved checkpoint to "./imputer_model/imputer_model_gmrt_on_paper1/model-0001.params"
2023-11-08 13:16:55,511 [INFO]  Epoch[1] Validation-cross-entropy=10.879143
2023-11-08 13:16:55,511 [INFO]  Epoch[1] Validation-gmrt_on_paper1-accuracy=0.000000
2023-11-08 13:16:55,518 [INFO]  Epoch[2] Batch [0-4]	Speed: 12957.26 samples/sec	cross-entropy=16.666387	gmrt_on_paper1-accuracy=3.600000
2023-11-08 13:16:55,521 [INFO]  Epoch[2] Train-cross-entropy=15.306747
2023-11-08 13:16:55,521 [INFO]  Epoch[2] Train-gmrt_on_paper1-accuracy=3.375000
2023-11-08 13:16:55,521 [INFO]  Epoch[2] Time cost=0.010
2023-11-08 13:16:55,523 [INFO]  Saved checkpoint to "./imputer_model/imputer_model_gmrt_on_paper1/model-0002.params"
2023-11-08 13:16:55,523 [INFO]  Epoch[2] Validation-cross-entropy=12.642757
2023-11-08 13:16:55,523 [INFO]  Epoch[2] Validation-gmrt_on_paper1-accuracy=0.000000
2023-11-08 13:16:55,529 [INFO]  Epoch[3] Batch [0-4]	Speed: 15415.81 samples/sec	cross-entropy=5.356218	gmrt_on_paper1-accuracy=3.600000
2023-11-08 13:16:55,532 [INFO]  Epoch[3] Train-cross-entropy=4.497267
2023-11-08 13:16:55,532 [INFO]  Epoch[3] Train-gmrt_on_paper1-accuracy=3.375000
2023-11-08 13:16:55,532 [INFO]  Epoch[3] Time cost=0.009
2023-11-08 13:16:55,533 [INFO]  Saved checkpoint to "./imputer_model/imputer_model_gmrt_on_paper1/model-0003.params"
2023-11-08 13:16:55,534 [INFO]  Epoch[3] Validation-cross-entropy=9.112333
2023-11-08 13:16:55,534 [INFO]  Epoch[3] Validation-gmrt_on_paper1-accuracy=0.000000
2023-11-08 13:16:55,540 [INFO]  Epoch[4] Batch [0-4]	Speed: 14707.99 samples/sec	cross-entropy=2.233266	gmrt_on_paper1-accuracy=3.600000
2023-11-08 13:16:55,543 [INFO]  Epoch[4] Train-cross-entropy=1.951794
2023-11-08 13:16:55,543 [INFO]  Epoch[4] Train-gmrt_on_paper1-accuracy=3.375000
2023-11-08 13:16:55,543 [INFO]  Epoch[4] Time cost=0.009
2023-11-08 13:16:55,544 [INFO]  Saved checkpoint to "./imputer_model/imputer_model_gmrt_on_paper1/model-0004.params"
2023-11-08 13:16:55,545 [INFO]  Epoch[4] Validation-cross-entropy=9.740533
2023-11-08 13:16:55,545 [INFO]  Epoch[4] Validation-gmrt_on_paper1-accuracy=0.000000
2023-11-08 13:16:55,545 [INFO]  
========== done (0.06696701049804688 s) fit model
2023-11-08 13:30:16,319 [INFO]  
========== start: fit model
2023-11-08 13:30:16,319 [WARNING]  Already bound, ignoring bind()
2023-11-08 13:30:16,328 [INFO]  Epoch[0] Batch [0-4]	Speed: 10819.21 samples/sec	cross-entropy=18.050546	gmrt_on_paper1-accuracy=0.000000
2023-11-08 13:30:16,332 [INFO]  Epoch[0] Train-cross-entropy=19.048922
2023-11-08 13:30:16,332 [INFO]  Epoch[0] Train-gmrt_on_paper1-accuracy=0.000000
2023-11-08 13:30:16,332 [INFO]  Epoch[0] Time cost=0.012
2023-11-08 13:30:16,335 [INFO]  Saved checkpoint to "./imputer_model/imputer_model_gmrt_on_paper1/model-0000.params"
2023-11-08 13:30:16,336 [INFO]  Epoch[0] Validation-cross-entropy=11.077198
2023-11-08 13:30:16,336 [INFO]  Epoch[0] Validation-gmrt_on_paper1-accuracy=0.000000
2023-11-08 13:30:16,342 [INFO]  Epoch[1] Batch [0-4]	Speed: 15189.01 samples/sec	cross-entropy=42.523578	gmrt_on_paper1-accuracy=0.000000
2023-11-08 13:30:16,346 [INFO]  Epoch[1] Train-cross-entropy=39.047853
2023-11-08 13:30:16,346 [INFO]  Epoch[1] Train-gmrt_on_paper1-accuracy=0.000000
2023-11-08 13:30:16,346 [INFO]  Epoch[1] Time cost=0.009
2023-11-08 13:30:16,348 [INFO]  Saved checkpoint to "./imputer_model/imputer_model_gmrt_on_paper1/model-0001.params"
2023-11-08 13:30:16,348 [INFO]  Epoch[1] Validation-cross-entropy=19.929714
2023-11-08 13:30:16,349 [INFO]  Epoch[1] Validation-gmrt_on_paper1-accuracy=0.000000
2023-11-08 13:30:16,353 [INFO]  Epoch[2] Batch [0-4]	Speed: 18714.13 samples/sec	cross-entropy=9.722547	gmrt_on_paper1-accuracy=0.000000
2023-11-08 13:30:16,356 [INFO]  Epoch[2] Train-cross-entropy=7.001327
2023-11-08 13:30:16,356 [INFO]  Epoch[2] Train-gmrt_on_paper1-accuracy=0.000000
2023-11-08 13:30:16,356 [INFO]  Epoch[2] Time cost=0.007
2023-11-08 13:30:16,357 [INFO]  Saved checkpoint to "./imputer_model/imputer_model_gmrt_on_paper1/model-0002.params"
2023-11-08 13:30:16,357 [INFO]  Epoch[2] Validation-cross-entropy=3.529314
2023-11-08 13:30:16,358 [INFO]  Epoch[2] Validation-gmrt_on_paper1-accuracy=0.000000
2023-11-08 13:30:16,362 [INFO]  Epoch[3] Batch [0-4]	Speed: 19444.80 samples/sec	cross-entropy=5.444494	gmrt_on_paper1-accuracy=0.000000
2023-11-08 13:30:16,364 [INFO]  Epoch[3] Train-cross-entropy=4.411778
2023-11-08 13:30:16,364 [INFO]  Epoch[3] Train-gmrt_on_paper1-accuracy=0.000000
2023-11-08 13:30:16,364 [INFO]  Epoch[3] Time cost=0.007
2023-11-08 13:30:16,365 [INFO]  Saved checkpoint to "./imputer_model/imputer_model_gmrt_on_paper1/model-0003.params"
2023-11-08 13:30:16,366 [INFO]  Epoch[3] Validation-cross-entropy=4.637183
2023-11-08 13:30:16,366 [INFO]  Epoch[3] Validation-gmrt_on_paper1-accuracy=0.000000
2023-11-08 13:30:16,370 [INFO]  Epoch[4] Batch [0-4]	Speed: 20759.06 samples/sec	cross-entropy=1.116773	gmrt_on_paper1-accuracy=0.000000
2023-11-08 13:30:16,372 [INFO]  Epoch[4] Train-cross-entropy=1.098905
2023-11-08 13:30:16,372 [INFO]  Epoch[4] Train-gmrt_on_paper1-accuracy=0.000000
2023-11-08 13:30:16,372 [INFO]  Epoch[4] Time cost=0.006
2023-11-08 13:30:16,373 [INFO]  Saved checkpoint to "./imputer_model/imputer_model_gmrt_on_paper1/model-0004.params"
2023-11-08 13:30:16,373 [INFO]  Epoch[4] Validation-cross-entropy=5.828935
2023-11-08 13:30:16,373 [INFO]  Epoch[4] Validation-gmrt_on_paper1-accuracy=0.000000
2023-11-08 13:30:16,373 [INFO]  
========== done (0.05429267883300781 s) fit model
2023-11-08 13:43:36,225 [INFO]  
========== start: fit model
2023-11-08 13:43:36,225 [WARNING]  Already bound, ignoring bind()
2023-11-08 13:43:36,232 [INFO]  Epoch[0] Batch [0-4]	Speed: 14324.20 samples/sec	cross-entropy=19.430579	gmrt_on_paper1-accuracy=0.000000
2023-11-08 13:43:36,236 [INFO]  Epoch[0] Train-cross-entropy=22.328086
2023-11-08 13:43:36,237 [INFO]  Epoch[0] Train-gmrt_on_paper1-accuracy=0.000000
2023-11-08 13:43:36,237 [INFO]  Epoch[0] Time cost=0.011
2023-11-08 13:43:36,240 [INFO]  Saved checkpoint to "./imputer_model/imputer_model_gmrt_on_paper1/model-0000.params"
2023-11-08 13:43:36,242 [INFO]  Epoch[0] Validation-cross-entropy=30.330816
2023-11-08 13:43:36,242 [INFO]  Epoch[0] Validation-gmrt_on_paper1-accuracy=0.000000
2023-11-08 13:43:36,249 [INFO]  Epoch[1] Batch [0-4]	Speed: 12490.60 samples/sec	cross-entropy=67.178931	gmrt_on_paper1-accuracy=0.000000
2023-11-08 13:43:36,253 [INFO]  Epoch[1] Train-cross-entropy=56.821416
2023-11-08 13:43:36,253 [INFO]  Epoch[1] Train-gmrt_on_paper1-accuracy=0.000000
2023-11-08 13:43:36,253 [INFO]  Epoch[1] Time cost=0.011
2023-11-08 13:43:36,256 [INFO]  Saved checkpoint to "./imputer_model/imputer_model_gmrt_on_paper1/model-0001.params"
2023-11-08 13:43:36,257 [INFO]  Epoch[1] Validation-cross-entropy=4.346810
2023-11-08 13:43:36,257 [INFO]  Epoch[1] Validation-gmrt_on_paper1-accuracy=0.000000
2023-11-08 13:43:36,262 [INFO]  Epoch[2] Batch [0-4]	Speed: 17164.49 samples/sec	cross-entropy=6.232840	gmrt_on_paper1-accuracy=0.000000
2023-11-08 13:43:36,265 [INFO]  Epoch[2] Train-cross-entropy=5.978052
2023-11-08 13:43:36,265 [INFO]  Epoch[2] Train-gmrt_on_paper1-accuracy=0.000000
2023-11-08 13:43:36,265 [INFO]  Epoch[2] Time cost=0.008
2023-11-08 13:43:36,267 [INFO]  Saved checkpoint to "./imputer_model/imputer_model_gmrt_on_paper1/model-0002.params"
2023-11-08 13:43:36,268 [INFO]  Epoch[2] Validation-cross-entropy=6.434863
2023-11-08 13:43:36,268 [INFO]  Epoch[2] Validation-gmrt_on_paper1-accuracy=0.000000
2023-11-08 13:43:36,273 [INFO]  Epoch[3] Batch [0-4]	Speed: 15661.35 samples/sec	cross-entropy=3.698986	gmrt_on_paper1-accuracy=0.000000
2023-11-08 13:43:36,276 [INFO]  Epoch[3] Train-cross-entropy=3.796872
2023-11-08 13:43:36,276 [INFO]  Epoch[3] Train-gmrt_on_paper1-accuracy=0.000000
2023-11-08 13:43:36,276 [INFO]  Epoch[3] Time cost=0.008
2023-11-08 13:43:36,277 [INFO]  Saved checkpoint to "./imputer_model/imputer_model_gmrt_on_paper1/model-0003.params"
2023-11-08 13:43:36,278 [INFO]  Epoch[3] Validation-cross-entropy=5.145983
2023-11-08 13:43:36,278 [INFO]  Epoch[3] Validation-gmrt_on_paper1-accuracy=0.000000
2023-11-08 13:43:36,283 [INFO]  Epoch[4] Batch [0-4]	Speed: 14980.49 samples/sec	cross-entropy=1.183641	gmrt_on_paper1-accuracy=0.000000
2023-11-08 13:43:36,288 [INFO]  Epoch[4] Train-cross-entropy=1.040985
2023-11-08 13:43:36,288 [INFO]  Epoch[4] Train-gmrt_on_paper1-accuracy=0.000000
2023-11-08 13:43:36,288 [INFO]  Epoch[4] Time cost=0.010
2023-11-08 13:43:36,291 [INFO]  Saved checkpoint to "./imputer_model/imputer_model_gmrt_on_paper1/model-0004.params"
2023-11-08 13:43:36,291 [INFO]  Epoch[4] Validation-cross-entropy=5.653892
2023-11-08 13:43:36,292 [INFO]  Epoch[4] Validation-gmrt_on_paper1-accuracy=0.000000
2023-11-08 13:43:36,292 [INFO]  
========== done (0.06653833389282227 s) fit model
2023-11-08 13:56:57,738 [INFO]  
========== start: fit model
2023-11-08 13:56:57,738 [WARNING]  Already bound, ignoring bind()
2023-11-08 13:56:57,745 [INFO]  Epoch[0] Batch [0-4]	Speed: 14053.48 samples/sec	cross-entropy=22.380981	gmrt_on_paper1-accuracy=0.000000
2023-11-08 13:56:57,748 [INFO]  Epoch[0] Train-cross-entropy=21.268442
2023-11-08 13:56:57,748 [INFO]  Epoch[0] Train-gmrt_on_paper1-accuracy=0.000000
2023-11-08 13:56:57,748 [INFO]  Epoch[0] Time cost=0.010
2023-11-08 13:56:57,750 [INFO]  Saved checkpoint to "./imputer_model/imputer_model_gmrt_on_paper1/model-0000.params"
2023-11-08 13:56:57,750 [INFO]  Epoch[0] Validation-cross-entropy=33.413002
2023-11-08 13:56:57,750 [INFO]  Epoch[0] Validation-gmrt_on_paper1-accuracy=0.000000
2023-11-08 13:56:57,756 [INFO]  Epoch[1] Batch [0-4]	Speed: 12796.05 samples/sec	cross-entropy=41.371462	gmrt_on_paper1-accuracy=0.000000
2023-11-08 13:56:57,761 [INFO]  Epoch[1] Train-cross-entropy=31.388095
2023-11-08 13:56:57,762 [INFO]  Epoch[1] Train-gmrt_on_paper1-accuracy=0.000000
2023-11-08 13:56:57,762 [INFO]  Epoch[1] Time cost=0.011
2023-11-08 13:56:57,765 [INFO]  Saved checkpoint to "./imputer_model/imputer_model_gmrt_on_paper1/model-0001.params"
2023-11-08 13:56:57,766 [INFO]  Epoch[1] Validation-cross-entropy=12.933354
2023-11-08 13:56:57,766 [INFO]  Epoch[1] Validation-gmrt_on_paper1-accuracy=0.000000
2023-11-08 13:56:57,773 [INFO]  Epoch[2] Batch [0-4]	Speed: 11794.69 samples/sec	cross-entropy=3.171898	gmrt_on_paper1-accuracy=0.000000
2023-11-08 13:56:57,777 [INFO]  Epoch[2] Train-cross-entropy=4.637188
2023-11-08 13:56:57,777 [INFO]  Epoch[2] Train-gmrt_on_paper1-accuracy=0.000000
2023-11-08 13:56:57,777 [INFO]  Epoch[2] Time cost=0.011
2023-11-08 13:56:57,779 [INFO]  Saved checkpoint to "./imputer_model/imputer_model_gmrt_on_paper1/model-0002.params"
2023-11-08 13:56:57,779 [INFO]  Epoch[2] Validation-cross-entropy=13.343368
2023-11-08 13:56:57,779 [INFO]  Epoch[2] Validation-gmrt_on_paper1-accuracy=0.000000
2023-11-08 13:56:57,785 [INFO]  Epoch[3] Batch [0-4]	Speed: 13675.45 samples/sec	cross-entropy=3.881650	gmrt_on_paper1-accuracy=0.000000
2023-11-08 13:56:57,789 [INFO]  Epoch[3] Train-cross-entropy=3.122938
2023-11-08 13:56:57,789 [INFO]  Epoch[3] Train-gmrt_on_paper1-accuracy=0.000000
2023-11-08 13:56:57,789 [INFO]  Epoch[3] Time cost=0.010
2023-11-08 13:56:57,790 [INFO]  Saved checkpoint to "./imputer_model/imputer_model_gmrt_on_paper1/model-0003.params"
2023-11-08 13:56:57,791 [INFO]  Epoch[3] Validation-cross-entropy=11.847623
2023-11-08 13:56:57,791 [INFO]  Epoch[3] Validation-gmrt_on_paper1-accuracy=0.000000
2023-11-08 13:56:57,797 [INFO]  Epoch[4] Batch [0-4]	Speed: 14249.68 samples/sec	cross-entropy=0.840033	gmrt_on_paper1-accuracy=0.000000
2023-11-08 13:56:57,800 [INFO]  Epoch[4] Train-cross-entropy=0.753575
2023-11-08 13:56:57,800 [INFO]  Epoch[4] Train-gmrt_on_paper1-accuracy=0.000000
2023-11-08 13:56:57,800 [INFO]  Epoch[4] Time cost=0.009
2023-11-08 13:56:57,802 [INFO]  Saved checkpoint to "./imputer_model/imputer_model_gmrt_on_paper1/model-0004.params"
2023-11-08 13:56:57,802 [INFO]  Epoch[4] Validation-cross-entropy=11.860261
2023-11-08 13:56:57,802 [INFO]  Epoch[4] Validation-gmrt_on_paper1-accuracy=0.000000
2023-11-08 13:56:57,802 [INFO]  
========== done (0.06474852561950684 s) fit model
2023-11-08 14:10:21,756 [INFO]  
========== start: fit model
2023-11-08 14:10:21,756 [WARNING]  Already bound, ignoring bind()
2023-11-08 14:10:21,763 [INFO]  Epoch[0] Batch [0-4]	Speed: 14086.66 samples/sec	cross-entropy=17.934869	gmrt_on_paper1-accuracy=0.000000
2023-11-08 14:10:21,767 [INFO]  Epoch[0] Train-cross-entropy=20.435062
2023-11-08 14:10:21,767 [INFO]  Epoch[0] Train-gmrt_on_paper1-accuracy=0.000000
2023-11-08 14:10:21,767 [INFO]  Epoch[0] Time cost=0.010
2023-11-08 14:10:21,768 [INFO]  Saved checkpoint to "./imputer_model/imputer_model_gmrt_on_paper1/model-0000.params"
2023-11-08 14:10:21,769 [INFO]  Epoch[0] Validation-cross-entropy=14.641281
2023-11-08 14:10:21,769 [INFO]  Epoch[0] Validation-gmrt_on_paper1-accuracy=0.000000
2023-11-08 14:10:21,775 [INFO]  Epoch[1] Batch [0-4]	Speed: 11285.91 samples/sec	cross-entropy=44.643368	gmrt_on_paper1-accuracy=0.000000
2023-11-08 14:10:21,780 [INFO]  Epoch[1] Train-cross-entropy=59.035155
2023-11-08 14:10:21,780 [INFO]  Epoch[1] Train-gmrt_on_paper1-accuracy=0.000000
2023-11-08 14:10:21,780 [INFO]  Epoch[1] Time cost=0.012
2023-11-08 14:10:21,783 [INFO]  Saved checkpoint to "./imputer_model/imputer_model_gmrt_on_paper1/model-0001.params"
2023-11-08 14:10:21,784 [INFO]  Epoch[1] Validation-cross-entropy=9.961711
2023-11-08 14:10:21,784 [INFO]  Epoch[1] Validation-gmrt_on_paper1-accuracy=0.000000
2023-11-08 14:10:21,790 [INFO]  Epoch[2] Batch [0-4]	Speed: 14776.81 samples/sec	cross-entropy=4.870599	gmrt_on_paper1-accuracy=0.000000
2023-11-08 14:10:21,793 [INFO]  Epoch[2] Train-cross-entropy=4.269610
2023-11-08 14:10:21,793 [INFO]  Epoch[2] Train-gmrt_on_paper1-accuracy=0.000000
2023-11-08 14:10:21,794 [INFO]  Epoch[2] Time cost=0.009
2023-11-08 14:10:21,796 [INFO]  Saved checkpoint to "./imputer_model/imputer_model_gmrt_on_paper1/model-0002.params"
2023-11-08 14:10:21,796 [INFO]  Epoch[2] Validation-cross-entropy=11.318436
2023-11-08 14:10:21,797 [INFO]  Epoch[2] Validation-gmrt_on_paper1-accuracy=0.000000
2023-11-08 14:10:21,801 [INFO]  Epoch[3] Batch [0-4]	Speed: 16729.12 samples/sec	cross-entropy=3.925171	gmrt_on_paper1-accuracy=0.000000
2023-11-08 14:10:21,804 [INFO]  Epoch[3] Train-cross-entropy=3.954078
2023-11-08 14:10:21,805 [INFO]  Epoch[3] Train-gmrt_on_paper1-accuracy=0.000000
2023-11-08 14:10:21,805 [INFO]  Epoch[3] Time cost=0.008
2023-11-08 14:10:21,806 [INFO]  Saved checkpoint to "./imputer_model/imputer_model_gmrt_on_paper1/model-0003.params"
2023-11-08 14:10:21,807 [INFO]  Epoch[3] Validation-cross-entropy=9.036823
2023-11-08 14:10:21,807 [INFO]  Epoch[3] Validation-gmrt_on_paper1-accuracy=0.000000
2023-11-08 14:10:21,812 [INFO]  Epoch[4] Batch [0-4]	Speed: 16713.50 samples/sec	cross-entropy=1.582395	gmrt_on_paper1-accuracy=0.000000
2023-11-08 14:10:21,815 [INFO]  Epoch[4] Train-cross-entropy=1.407854
2023-11-08 14:10:21,815 [INFO]  Epoch[4] Train-gmrt_on_paper1-accuracy=0.000000
2023-11-08 14:10:21,815 [INFO]  Epoch[4] Time cost=0.008
2023-11-08 14:10:21,816 [INFO]  Saved checkpoint to "./imputer_model/imputer_model_gmrt_on_paper1/model-0004.params"
2023-11-08 14:10:21,817 [INFO]  Epoch[4] Validation-cross-entropy=7.087262
2023-11-08 14:10:21,817 [INFO]  Epoch[4] Validation-gmrt_on_paper1-accuracy=0.000000
2023-11-08 14:10:21,817 [INFO]  
========== done (0.060807228088378906 s) fit model
2023-11-08 14:23:53,830 [INFO]  
========== start: fit model
2023-11-08 14:23:53,830 [WARNING]  Already bound, ignoring bind()
2023-11-08 14:23:53,838 [INFO]  Epoch[0] Batch [0-4]	Speed: 11601.00 samples/sec	cross-entropy=17.766714	gmrt_on_paper1-accuracy=0.000000
2023-11-08 14:23:53,843 [INFO]  Epoch[0] Train-cross-entropy=14.994851
2023-11-08 14:23:53,843 [INFO]  Epoch[0] Train-gmrt_on_paper1-accuracy=0.000000
2023-11-08 14:23:53,843 [INFO]  Epoch[0] Time cost=0.012
2023-11-08 14:23:53,846 [INFO]  Saved checkpoint to "./imputer_model/imputer_model_gmrt_on_paper1/model-0000.params"
2023-11-08 14:23:53,847 [INFO]  Epoch[0] Validation-cross-entropy=77.390419
2023-11-08 14:23:53,847 [INFO]  Epoch[0] Validation-gmrt_on_paper1-accuracy=0.000000
2023-11-08 14:23:53,853 [INFO]  Epoch[1] Batch [0-4]	Speed: 15143.60 samples/sec	cross-entropy=49.729877	gmrt_on_paper1-accuracy=0.000000
2023-11-08 14:23:53,856 [INFO]  Epoch[1] Train-cross-entropy=39.027186
2023-11-08 14:23:53,856 [INFO]  Epoch[1] Train-gmrt_on_paper1-accuracy=0.000000
2023-11-08 14:23:53,857 [INFO]  Epoch[1] Time cost=0.009
2023-11-08 14:23:53,858 [INFO]  Saved checkpoint to "./imputer_model/imputer_model_gmrt_on_paper1/model-0001.params"
2023-11-08 14:23:53,859 [INFO]  Epoch[1] Validation-cross-entropy=75.672722
2023-11-08 14:23:53,859 [INFO]  Epoch[1] Validation-gmrt_on_paper1-accuracy=0.000000
2023-11-08 14:23:53,863 [INFO]  Epoch[2] Batch [0-4]	Speed: 20273.05 samples/sec	cross-entropy=9.183533	gmrt_on_paper1-accuracy=0.000000
2023-11-08 14:23:53,866 [INFO]  Epoch[2] Train-cross-entropy=7.436651
2023-11-08 14:23:53,866 [INFO]  Epoch[2] Train-gmrt_on_paper1-accuracy=0.000000
2023-11-08 14:23:53,866 [INFO]  Epoch[2] Time cost=0.007
2023-11-08 14:23:53,867 [INFO]  Saved checkpoint to "./imputer_model/imputer_model_gmrt_on_paper1/model-0002.params"
2023-11-08 14:23:53,868 [INFO]  Epoch[2] Validation-cross-entropy=59.585903
2023-11-08 14:23:53,868 [INFO]  Epoch[2] Validation-gmrt_on_paper1-accuracy=0.000000
2023-11-08 14:23:53,872 [INFO]  Epoch[3] Batch [0-4]	Speed: 19491.39 samples/sec	cross-entropy=4.204813	gmrt_on_paper1-accuracy=0.000000
2023-11-08 14:23:53,874 [INFO]  Epoch[3] Train-cross-entropy=3.991402
2023-11-08 14:23:53,874 [INFO]  Epoch[3] Train-gmrt_on_paper1-accuracy=0.000000
2023-11-08 14:23:53,874 [INFO]  Epoch[3] Time cost=0.007
2023-11-08 14:23:53,876 [INFO]  Saved checkpoint to "./imputer_model/imputer_model_gmrt_on_paper1/model-0003.params"
2023-11-08 14:23:53,876 [INFO]  Epoch[3] Validation-cross-entropy=53.597977
2023-11-08 14:23:53,876 [INFO]  Epoch[3] Validation-gmrt_on_paper1-accuracy=0.000000
2023-11-08 14:23:53,882 [INFO]  Epoch[4] Batch [0-4]	Speed: 14806.96 samples/sec	cross-entropy=1.128959	gmrt_on_paper1-accuracy=0.000000
2023-11-08 14:23:53,885 [INFO]  Epoch[4] Train-cross-entropy=1.398287
2023-11-08 14:23:53,885 [INFO]  Epoch[4] Train-gmrt_on_paper1-accuracy=0.000000
2023-11-08 14:23:53,885 [INFO]  Epoch[4] Time cost=0.009
2023-11-08 14:23:53,886 [INFO]  Saved checkpoint to "./imputer_model/imputer_model_gmrt_on_paper1/model-0004.params"
2023-11-08 14:23:53,887 [INFO]  Epoch[4] Validation-cross-entropy=42.547787
2023-11-08 14:23:53,887 [INFO]  Epoch[4] Validation-gmrt_on_paper1-accuracy=0.000000
2023-11-08 14:23:53,887 [INFO]  
========== done (0.05682659149169922 s) fit model
2023-11-08 14:37:44,629 [INFO]  
========== start: fit model
2023-11-08 14:37:44,629 [WARNING]  Already bound, ignoring bind()
2023-11-08 14:37:44,635 [INFO]  Epoch[0] Batch [0-4]	Speed: 15949.82 samples/sec	cross-entropy=11.322696	gmrt_on_paper1-accuracy=4.000000
2023-11-08 14:37:44,639 [INFO]  Epoch[0] Train-cross-entropy=15.940868
2023-11-08 14:37:44,639 [INFO]  Epoch[0] Train-gmrt_on_paper1-accuracy=4.000000
2023-11-08 14:37:44,639 [INFO]  Epoch[0] Time cost=0.009
2023-11-08 14:37:44,640 [INFO]  Saved checkpoint to "./imputer_model/imputer_model_gmrt_on_paper1/model-0000.params"
2023-11-08 14:37:44,641 [INFO]  Epoch[0] Validation-cross-entropy=28.003994
2023-11-08 14:37:44,641 [INFO]  Epoch[0] Validation-gmrt_on_paper1-accuracy=0.000000
2023-11-08 14:37:44,646 [INFO]  Epoch[1] Batch [0-4]	Speed: 15517.40 samples/sec	cross-entropy=53.203983	gmrt_on_paper1-accuracy=4.000000
2023-11-08 14:37:44,649 [INFO]  Epoch[1] Train-cross-entropy=40.870922
2023-11-08 14:37:44,649 [INFO]  Epoch[1] Train-gmrt_on_paper1-accuracy=4.000000
2023-11-08 14:37:44,649 [INFO]  Epoch[1] Time cost=0.008
2023-11-08 14:37:44,650 [INFO]  Saved checkpoint to "./imputer_model/imputer_model_gmrt_on_paper1/model-0001.params"
2023-11-08 14:37:44,651 [INFO]  Epoch[1] Validation-cross-entropy=16.818483
2023-11-08 14:37:44,651 [INFO]  Epoch[1] Validation-gmrt_on_paper1-accuracy=0.000000
2023-11-08 14:37:44,655 [INFO]  Epoch[2] Batch [0-4]	Speed: 18596.15 samples/sec	cross-entropy=8.835749	gmrt_on_paper1-accuracy=4.000000
2023-11-08 14:37:44,658 [INFO]  Epoch[2] Train-cross-entropy=7.461573
2023-11-08 14:37:44,658 [INFO]  Epoch[2] Train-gmrt_on_paper1-accuracy=4.000000
2023-11-08 14:37:44,658 [INFO]  Epoch[2] Time cost=0.007
2023-11-08 14:37:44,659 [INFO]  Saved checkpoint to "./imputer_model/imputer_model_gmrt_on_paper1/model-0002.params"
2023-11-08 14:37:44,659 [INFO]  Epoch[2] Validation-cross-entropy=13.788107
2023-11-08 14:37:44,660 [INFO]  Epoch[2] Validation-gmrt_on_paper1-accuracy=0.000000
2023-11-08 14:37:44,664 [INFO]  Epoch[3] Batch [0-4]	Speed: 19255.11 samples/sec	cross-entropy=5.488897	gmrt_on_paper1-accuracy=4.000000
2023-11-08 14:37:44,666 [INFO]  Epoch[3] Train-cross-entropy=3.978361
2023-11-08 14:37:44,666 [INFO]  Epoch[3] Train-gmrt_on_paper1-accuracy=4.000000
2023-11-08 14:37:44,667 [INFO]  Epoch[3] Time cost=0.007
2023-11-08 14:37:44,668 [INFO]  Saved checkpoint to "./imputer_model/imputer_model_gmrt_on_paper1/model-0003.params"
2023-11-08 14:37:44,668 [INFO]  Epoch[3] Validation-cross-entropy=11.859090
2023-11-08 14:37:44,668 [INFO]  Epoch[3] Validation-gmrt_on_paper1-accuracy=0.000000
2023-11-08 14:37:44,673 [INFO]  Epoch[4] Batch [0-4]	Speed: 18962.66 samples/sec	cross-entropy=1.937124	gmrt_on_paper1-accuracy=4.000000
2023-11-08 14:37:44,675 [INFO]  Epoch[4] Train-cross-entropy=1.743435
2023-11-08 14:37:44,675 [INFO]  Epoch[4] Train-gmrt_on_paper1-accuracy=4.000000
2023-11-08 14:37:44,675 [INFO]  Epoch[4] Time cost=0.007
2023-11-08 14:37:44,677 [INFO]  Saved checkpoint to "./imputer_model/imputer_model_gmrt_on_paper1/model-0004.params"
2023-11-08 14:37:44,677 [INFO]  Epoch[4] Validation-cross-entropy=11.389592
2023-11-08 14:37:44,677 [INFO]  Epoch[4] Validation-gmrt_on_paper1-accuracy=0.000000
2023-11-08 14:37:44,677 [INFO]  
========== done (0.04800891876220703 s) fit model
2023-11-08 14:51:50,456 [INFO]  
========== start: fit model
2023-11-08 14:51:50,456 [WARNING]  Already bound, ignoring bind()
2023-11-08 14:51:50,463 [INFO]  Epoch[0] Batch [0-4]	Speed: 14114.07 samples/sec	cross-entropy=20.093630	gmrt_on_paper1-accuracy=4.000000
2023-11-08 14:51:50,466 [INFO]  Epoch[0] Train-cross-entropy=16.989542
2023-11-08 14:51:50,467 [INFO]  Epoch[0] Train-gmrt_on_paper1-accuracy=3.500000
2023-11-08 14:51:50,467 [INFO]  Epoch[0] Time cost=0.010
2023-11-08 14:51:50,468 [INFO]  Saved checkpoint to "./imputer_model/imputer_model_gmrt_on_paper1/model-0000.params"
2023-11-08 14:51:50,468 [INFO]  Epoch[0] Validation-cross-entropy=62.733189
2023-11-08 14:51:50,468 [INFO]  Epoch[0] Validation-gmrt_on_paper1-accuracy=0.000000
2023-11-08 14:51:50,476 [INFO]  Epoch[1] Batch [0-4]	Speed: 10825.32 samples/sec	cross-entropy=47.330962	gmrt_on_paper1-accuracy=4.000000
2023-11-08 14:51:50,481 [INFO]  Epoch[1] Train-cross-entropy=36.094772
2023-11-08 14:51:50,481 [INFO]  Epoch[1] Train-gmrt_on_paper1-accuracy=3.500000
2023-11-08 14:51:50,481 [INFO]  Epoch[1] Time cost=0.012
2023-11-08 14:51:50,484 [INFO]  Saved checkpoint to "./imputer_model/imputer_model_gmrt_on_paper1/model-0001.params"
2023-11-08 14:51:50,485 [INFO]  Epoch[1] Validation-cross-entropy=59.035839
2023-11-08 14:51:50,485 [INFO]  Epoch[1] Validation-gmrt_on_paper1-accuracy=0.000000
2023-11-08 14:51:50,492 [INFO]  Epoch[2] Batch [0-4]	Speed: 12308.47 samples/sec	cross-entropy=4.803810	gmrt_on_paper1-accuracy=4.000000
2023-11-08 14:51:50,495 [INFO]  Epoch[2] Train-cross-entropy=6.243847
2023-11-08 14:51:50,495 [INFO]  Epoch[2] Train-gmrt_on_paper1-accuracy=3.500000
2023-11-08 14:51:50,495 [INFO]  Epoch[2] Time cost=0.010
2023-11-08 14:51:50,497 [INFO]  Saved checkpoint to "./imputer_model/imputer_model_gmrt_on_paper1/model-0002.params"
2023-11-08 14:51:50,498 [INFO]  Epoch[2] Validation-cross-entropy=70.403595
2023-11-08 14:51:50,498 [INFO]  Epoch[2] Validation-gmrt_on_paper1-accuracy=0.000000
2023-11-08 14:51:50,503 [INFO]  Epoch[3] Batch [0-4]	Speed: 16429.12 samples/sec	cross-entropy=3.082818	gmrt_on_paper1-accuracy=4.000000
2023-11-08 14:51:50,506 [INFO]  Epoch[3] Train-cross-entropy=3.307250
2023-11-08 14:51:50,506 [INFO]  Epoch[3] Train-gmrt_on_paper1-accuracy=3.500000
2023-11-08 14:51:50,506 [INFO]  Epoch[3] Time cost=0.008
2023-11-08 14:51:50,508 [INFO]  Saved checkpoint to "./imputer_model/imputer_model_gmrt_on_paper1/model-0003.params"
2023-11-08 14:51:50,508 [INFO]  Epoch[3] Validation-cross-entropy=41.642902
2023-11-08 14:51:50,508 [INFO]  Epoch[3] Validation-gmrt_on_paper1-accuracy=0.000000
2023-11-08 14:51:50,514 [INFO]  Epoch[4] Batch [0-4]	Speed: 14267.10 samples/sec	cross-entropy=1.398076	gmrt_on_paper1-accuracy=4.000000
2023-11-08 14:51:50,517 [INFO]  Epoch[4] Train-cross-entropy=1.560764
2023-11-08 14:51:50,518 [INFO]  Epoch[4] Train-gmrt_on_paper1-accuracy=3.500000
2023-11-08 14:51:50,518 [INFO]  Epoch[4] Time cost=0.009
2023-11-08 14:51:50,519 [INFO]  Saved checkpoint to "./imputer_model/imputer_model_gmrt_on_paper1/model-0004.params"
2023-11-08 14:51:50,520 [INFO]  Epoch[4] Validation-cross-entropy=35.316616
2023-11-08 14:51:50,520 [INFO]  Epoch[4] Validation-gmrt_on_paper1-accuracy=0.000000
2023-11-08 14:51:50,520 [INFO]  
========== done (0.06377792358398438 s) fit model
