2023-11-08 16:46:20,911 [INFO]  
========== start: fit model
2023-11-08 16:46:20,913 [WARNING]  Already bound, ignoring bind()
2023-11-08 16:47:33,631 [INFO]  Epoch[0] Batch [0-52]	Speed: 11.85 samples/sec	cross-entropy=5.439729	RIAGENDR-accuracy=3.169811
2023-11-08 16:48:16,388 [INFO]  Epoch[0] Train-cross-entropy=3.037656
2023-11-08 16:48:16,388 [INFO]  Epoch[0] Train-RIAGENDR-accuracy=3.291262
2023-11-08 16:48:16,388 [INFO]  Epoch[0] Time cost=115.473
2023-11-08 16:48:16,427 [INFO]  Saved checkpoint to "./imputer_model/imputer_model_RIAGENDR/model-0000.params"
2023-11-08 16:48:18,883 [INFO]  Epoch[0] Validation-cross-entropy=0.283955
2023-11-08 16:48:18,883 [INFO]  Epoch[0] Validation-RIAGENDR-accuracy=0.000000
2023-11-08 16:49:12,038 [INFO]  Epoch[1] Batch [0-52]	Speed: 16.01 samples/sec	cross-entropy=0.235049	RIAGENDR-accuracy=3.169811
2023-11-08 16:49:59,109 [INFO]  Epoch[1] Train-cross-entropy=0.203833
2023-11-08 16:49:59,110 [INFO]  Epoch[1] Train-RIAGENDR-accuracy=3.291262
2023-11-08 16:49:59,110 [INFO]  Epoch[1] Time cost=100.227
2023-11-08 16:49:59,133 [INFO]  Saved checkpoint to "./imputer_model/imputer_model_RIAGENDR/model-0001.params"
2023-11-08 16:50:01,538 [INFO]  Epoch[1] Validation-cross-entropy=0.138801
2023-11-08 16:50:01,538 [INFO]  Epoch[1] Validation-RIAGENDR-accuracy=0.000000
2023-11-08 16:50:53,016 [INFO]  Epoch[2] Batch [0-52]	Speed: 16.48 samples/sec	cross-entropy=0.110890	RIAGENDR-accuracy=3.169811
2023-11-08 16:51:41,961 [INFO]  Epoch[2] Train-cross-entropy=0.109977
2023-11-08 16:51:41,962 [INFO]  Epoch[2] Train-RIAGENDR-accuracy=3.291262
2023-11-08 16:51:41,962 [INFO]  Epoch[2] Time cost=100.424
2023-11-08 16:51:41,986 [INFO]  Saved checkpoint to "./imputer_model/imputer_model_RIAGENDR/model-0002.params"
2023-11-08 16:51:44,124 [INFO]  Epoch[2] Validation-cross-entropy=0.076666
2023-11-08 16:51:44,124 [INFO]  Epoch[2] Validation-RIAGENDR-accuracy=0.000000
2023-11-08 16:52:26,096 [INFO]  Epoch[3] Batch [0-52]	Speed: 20.18 samples/sec	cross-entropy=0.102532	RIAGENDR-accuracy=3.169811
2023-11-08 16:52:56,575 [INFO]  Epoch[3] Train-cross-entropy=0.091569
2023-11-08 16:52:56,575 [INFO]  Epoch[3] Train-RIAGENDR-accuracy=3.291262
2023-11-08 16:52:56,576 [INFO]  Epoch[3] Time cost=72.452
2023-11-08 16:52:56,601 [INFO]  Saved checkpoint to "./imputer_model/imputer_model_RIAGENDR/model-0003.params"
2023-11-08 16:52:58,122 [INFO]  Epoch[3] Validation-cross-entropy=0.078856
2023-11-08 16:52:58,122 [INFO]  Epoch[3] Validation-RIAGENDR-accuracy=0.000000
2023-11-08 16:53:31,071 [INFO]  Epoch[4] Batch [0-52]	Speed: 25.66 samples/sec	cross-entropy=0.090953	RIAGENDR-accuracy=3.169811
2023-11-08 16:54:00,898 [INFO]  Epoch[4] Train-cross-entropy=0.113098
2023-11-08 16:54:00,898 [INFO]  Epoch[4] Train-RIAGENDR-accuracy=3.291262
2023-11-08 16:54:00,898 [INFO]  Epoch[4] Time cost=62.776
2023-11-08 16:54:00,920 [INFO]  Saved checkpoint to "./imputer_model/imputer_model_RIAGENDR/model-0004.params"
2023-11-08 16:54:02,382 [INFO]  Epoch[4] Validation-cross-entropy=0.063151
2023-11-08 16:54:02,382 [INFO]  Epoch[4] Validation-RIAGENDR-accuracy=0.000000
2023-11-08 16:54:02,382 [INFO]  
========== done (461.4718563556671 s) fit model
2023-11-08 17:16:50,122 [INFO]  
========== start: fit model
2023-11-08 17:16:50,122 [WARNING]  Already bound, ignoring bind()
2023-11-08 17:17:22,028 [INFO]  Epoch[0] Batch [0-52]	Speed: 26.83 samples/sec	cross-entropy=5.067400	RIAGENDR-accuracy=2.773585
