2023-11-08 12:38:48,506 [INFO]  
========== start: fit model
2023-11-08 12:38:48,506 [WARNING]  Already bound, ignoring bind()
2023-11-08 12:38:48,665 [INFO]  Epoch[0] Batch [0-4]	Speed: 427.15 samples/sec	cross-entropy=18.222966	total_time10-accuracy=4.400000
2023-11-08 12:38:48,674 [INFO]  Epoch[0] Train-cross-entropy=19.305659
2023-11-08 12:38:48,674 [INFO]  Epoch[0] Train-total_time10-accuracy=3.625000
2023-11-08 12:38:48,674 [INFO]  Epoch[0] Time cost=0.164
2023-11-08 12:38:48,678 [INFO]  Saved checkpoint to "./imputer_model/imputer_model_total_time10/model-0000.params"
2023-11-08 12:38:48,678 [INFO]  Epoch[0] Validation-cross-entropy=26.104609
2023-11-08 12:38:48,679 [INFO]  Epoch[0] Validation-total_time10-accuracy=0.000000
2023-11-08 12:38:48,716 [INFO]  Epoch[1] Batch [0-4]	Speed: 5757.33 samples/sec	cross-entropy=50.247336	total_time10-accuracy=4.400000
2023-11-08 12:38:48,726 [INFO]  Epoch[1] Train-cross-entropy=36.267528
2023-11-08 12:38:48,726 [INFO]  Epoch[1] Train-total_time10-accuracy=3.625000
2023-11-08 12:38:48,726 [INFO]  Epoch[1] Time cost=0.047
2023-11-08 12:38:48,729 [INFO]  Saved checkpoint to "./imputer_model/imputer_model_total_time10/model-0001.params"
2023-11-08 12:38:48,730 [INFO]  Epoch[1] Validation-cross-entropy=12.844608
2023-11-08 12:38:48,731 [INFO]  Epoch[1] Validation-total_time10-accuracy=0.000000
2023-11-08 12:38:48,844 [INFO]  Epoch[2] Batch [0-4]	Speed: 690.37 samples/sec	cross-entropy=5.300614	total_time10-accuracy=4.400000
2023-11-08 12:38:48,848 [INFO]  Epoch[2] Train-cross-entropy=4.992808
2023-11-08 12:38:48,849 [INFO]  Epoch[2] Train-total_time10-accuracy=3.625000
2023-11-08 12:38:48,849 [INFO]  Epoch[2] Time cost=0.118
2023-11-08 12:38:48,852 [INFO]  Saved checkpoint to "./imputer_model/imputer_model_total_time10/model-0002.params"
2023-11-08 12:38:48,853 [INFO]  Epoch[2] Validation-cross-entropy=17.972851
2023-11-08 12:38:48,853 [INFO]  Epoch[2] Validation-total_time10-accuracy=0.000000
2023-11-08 12:38:48,921 [INFO]  Epoch[3] Batch [0-4]	Speed: 1466.16 samples/sec	cross-entropy=2.752552	total_time10-accuracy=4.400000
2023-11-08 12:38:48,964 [INFO]  Epoch[3] Train-cross-entropy=2.089976
2023-11-08 12:38:48,965 [INFO]  Epoch[3] Train-total_time10-accuracy=3.625000
2023-11-08 12:38:48,965 [INFO]  Epoch[3] Time cost=0.112
2023-11-08 12:38:48,968 [INFO]  Saved checkpoint to "./imputer_model/imputer_model_total_time10/model-0003.params"
2023-11-08 12:38:48,983 [INFO]  Epoch[3] Validation-cross-entropy=8.748524
2023-11-08 12:38:48,983 [INFO]  Epoch[3] Validation-total_time10-accuracy=0.000000
2023-11-08 12:38:49,005 [INFO]  Epoch[4] Batch [0-4]	Speed: 3588.42 samples/sec	cross-entropy=0.905372	total_time10-accuracy=4.400000
2023-11-08 12:38:49,015 [INFO]  Epoch[4] Train-cross-entropy=0.806238
2023-11-08 12:38:49,015 [INFO]  Epoch[4] Train-total_time10-accuracy=3.625000
2023-11-08 12:38:49,015 [INFO]  Epoch[4] Time cost=0.032
2023-11-08 12:38:49,017 [INFO]  Saved checkpoint to "./imputer_model/imputer_model_total_time10/model-0004.params"
2023-11-08 12:38:49,018 [INFO]  Epoch[4] Validation-cross-entropy=9.678902
2023-11-08 12:38:49,018 [INFO]  Epoch[4] Validation-total_time10-accuracy=0.000000
2023-11-08 12:38:49,018 [INFO]  
========== done (0.5124118328094482 s) fit model
2023-11-08 13:06:09,404 [INFO]  
========== start: fit model
2023-11-08 13:06:09,425 [WARNING]  Already bound, ignoring bind()
2023-11-08 13:06:09,432 [INFO]  Epoch[0] Batch [0-4]	Speed: 13409.70 samples/sec	cross-entropy=18.275093	total_time10-accuracy=3.600000
2023-11-08 13:06:09,436 [INFO]  Epoch[0] Train-cross-entropy=18.022404
2023-11-08 13:06:09,436 [INFO]  Epoch[0] Train-total_time10-accuracy=3.375000
2023-11-08 13:06:09,436 [INFO]  Epoch[0] Time cost=0.010
2023-11-08 13:06:09,438 [INFO]  Saved checkpoint to "./imputer_model/imputer_model_total_time10/model-0000.params"
2023-11-08 13:06:09,439 [INFO]  Epoch[0] Validation-cross-entropy=8.457215
2023-11-08 13:06:09,439 [INFO]  Epoch[0] Validation-total_time10-accuracy=0.000000
2023-11-08 13:06:09,445 [INFO]  Epoch[1] Batch [0-4]	Speed: 13263.93 samples/sec	cross-entropy=60.189374	total_time10-accuracy=3.600000
2023-11-08 13:06:09,448 [INFO]  Epoch[1] Train-cross-entropy=46.868231
2023-11-08 13:06:09,448 [INFO]  Epoch[1] Train-total_time10-accuracy=3.375000
2023-11-08 13:06:09,448 [INFO]  Epoch[1] Time cost=0.010
2023-11-08 13:06:09,450 [INFO]  Saved checkpoint to "./imputer_model/imputer_model_total_time10/model-0001.params"
2023-11-08 13:06:09,451 [INFO]  Epoch[1] Validation-cross-entropy=10.099458
2023-11-08 13:06:09,451 [INFO]  Epoch[1] Validation-total_time10-accuracy=0.000000
2023-11-08 13:06:09,457 [INFO]  Epoch[2] Batch [0-4]	Speed: 13120.65 samples/sec	cross-entropy=11.597004	total_time10-accuracy=3.600000
2023-11-08 13:06:09,461 [INFO]  Epoch[2] Train-cross-entropy=9.830510
2023-11-08 13:06:09,461 [INFO]  Epoch[2] Train-total_time10-accuracy=3.375000
2023-11-08 13:06:09,461 [INFO]  Epoch[2] Time cost=0.010
2023-11-08 13:06:09,462 [INFO]  Saved checkpoint to "./imputer_model/imputer_model_total_time10/model-0002.params"
2023-11-08 13:06:09,463 [INFO]  Epoch[2] Validation-cross-entropy=4.704874
2023-11-08 13:06:09,463 [INFO]  Epoch[2] Validation-total_time10-accuracy=0.000000
2023-11-08 13:06:09,469 [INFO]  Epoch[3] Batch [0-4]	Speed: 13907.85 samples/sec	cross-entropy=9.786755	total_time10-accuracy=3.600000
2023-11-08 13:06:09,473 [INFO]  Epoch[3] Train-cross-entropy=8.189390
2023-11-08 13:06:09,473 [INFO]  Epoch[3] Train-total_time10-accuracy=3.375000
2023-11-08 13:06:09,473 [INFO]  Epoch[3] Time cost=0.010
2023-11-08 13:06:09,474 [INFO]  Saved checkpoint to "./imputer_model/imputer_model_total_time10/model-0003.params"
2023-11-08 13:06:09,475 [INFO]  Epoch[3] Validation-cross-entropy=1.849431
2023-11-08 13:06:09,475 [INFO]  Epoch[3] Validation-total_time10-accuracy=0.000000
2023-11-08 13:06:09,481 [INFO]  Epoch[4] Batch [0-4]	Speed: 12851.80 samples/sec	cross-entropy=2.139176	total_time10-accuracy=3.600000
2023-11-08 13:06:09,485 [INFO]  Epoch[4] Train-cross-entropy=3.428522
2023-11-08 13:06:09,485 [INFO]  Epoch[4] Train-total_time10-accuracy=3.375000
2023-11-08 13:06:09,485 [INFO]  Epoch[4] Time cost=0.010
2023-11-08 13:06:09,487 [INFO]  Saved checkpoint to "./imputer_model/imputer_model_total_time10/model-0004.params"
2023-11-08 13:06:09,488 [INFO]  Epoch[4] Validation-cross-entropy=2.071833
2023-11-08 13:06:09,488 [INFO]  Epoch[4] Validation-total_time10-accuracy=0.000000
2023-11-08 13:06:09,488 [INFO]  
========== done (0.08400559425354004 s) fit model
2023-11-08 13:19:35,181 [INFO]  
========== start: fit model
2023-11-08 13:19:35,181 [WARNING]  Already bound, ignoring bind()
2023-11-08 13:19:35,188 [INFO]  Epoch[0] Batch [0-4]	Speed: 14209.70 samples/sec	cross-entropy=14.935049	total_time10-accuracy=0.000000
2023-11-08 13:19:35,191 [INFO]  Epoch[0] Train-cross-entropy=15.615334
2023-11-08 13:19:35,191 [INFO]  Epoch[0] Train-total_time10-accuracy=0.000000
2023-11-08 13:19:35,191 [INFO]  Epoch[0] Time cost=0.010
2023-11-08 13:19:35,192 [INFO]  Saved checkpoint to "./imputer_model/imputer_model_total_time10/model-0000.params"
2023-11-08 13:19:35,193 [INFO]  Epoch[0] Validation-cross-entropy=32.441647
2023-11-08 13:19:35,193 [INFO]  Epoch[0] Validation-total_time10-accuracy=0.000000
2023-11-08 13:19:35,199 [INFO]  Epoch[1] Batch [0-4]	Speed: 14594.44 samples/sec	cross-entropy=46.949055	total_time10-accuracy=0.000000
2023-11-08 13:19:35,204 [INFO]  Epoch[1] Train-cross-entropy=36.320868
2023-11-08 13:19:35,204 [INFO]  Epoch[1] Train-total_time10-accuracy=0.000000
2023-11-08 13:19:35,204 [INFO]  Epoch[1] Time cost=0.011
2023-11-08 13:19:35,208 [INFO]  Saved checkpoint to "./imputer_model/imputer_model_total_time10/model-0001.params"
2023-11-08 13:19:35,209 [INFO]  Epoch[1] Validation-cross-entropy=6.695662
2023-11-08 13:19:35,209 [INFO]  Epoch[1] Validation-total_time10-accuracy=0.000000
2023-11-08 13:19:35,215 [INFO]  Epoch[2] Batch [0-4]	Speed: 14847.09 samples/sec	cross-entropy=4.331999	total_time10-accuracy=0.000000
2023-11-08 13:19:35,219 [INFO]  Epoch[2] Train-cross-entropy=4.776924
2023-11-08 13:19:35,219 [INFO]  Epoch[2] Train-total_time10-accuracy=0.000000
2023-11-08 13:19:35,219 [INFO]  Epoch[2] Time cost=0.010
2023-11-08 13:19:35,221 [INFO]  Saved checkpoint to "./imputer_model/imputer_model_total_time10/model-0002.params"
2023-11-08 13:19:35,222 [INFO]  Epoch[2] Validation-cross-entropy=10.645558
2023-11-08 13:19:35,222 [INFO]  Epoch[2] Validation-total_time10-accuracy=0.000000
2023-11-08 13:19:35,229 [INFO]  Epoch[3] Batch [0-4]	Speed: 10840.62 samples/sec	cross-entropy=3.248463	total_time10-accuracy=0.000000
2023-11-08 13:19:35,234 [INFO]  Epoch[3] Train-cross-entropy=2.490416
2023-11-08 13:19:35,234 [INFO]  Epoch[3] Train-total_time10-accuracy=0.000000
2023-11-08 13:19:35,234 [INFO]  Epoch[3] Time cost=0.012
2023-11-08 13:19:35,237 [INFO]  Saved checkpoint to "./imputer_model/imputer_model_total_time10/model-0003.params"
2023-11-08 13:19:35,238 [INFO]  Epoch[3] Validation-cross-entropy=11.377402
2023-11-08 13:19:35,239 [INFO]  Epoch[3] Validation-total_time10-accuracy=0.000000
2023-11-08 13:19:35,246 [INFO]  Epoch[4] Batch [0-4]	Speed: 11941.61 samples/sec	cross-entropy=1.343671	total_time10-accuracy=0.000000
2023-11-08 13:19:35,250 [INFO]  Epoch[4] Train-cross-entropy=1.221239
2023-11-08 13:19:35,250 [INFO]  Epoch[4] Train-total_time10-accuracy=0.000000
2023-11-08 13:19:35,250 [INFO]  Epoch[4] Time cost=0.011
2023-11-08 13:19:35,252 [INFO]  Saved checkpoint to "./imputer_model/imputer_model_total_time10/model-0004.params"
2023-11-08 13:19:35,253 [INFO]  Epoch[4] Validation-cross-entropy=11.500629
2023-11-08 13:19:35,253 [INFO]  Epoch[4] Validation-total_time10-accuracy=0.000000
2023-11-08 13:19:35,253 [INFO]  
========== done (0.07209014892578125 s) fit model
2023-11-08 13:32:55,648 [INFO]  
========== start: fit model
2023-11-08 13:32:55,648 [WARNING]  Already bound, ignoring bind()
2023-11-08 13:32:55,655 [INFO]  Epoch[0] Batch [0-4]	Speed: 13907.85 samples/sec	cross-entropy=9.871369	total_time10-accuracy=0.000000
2023-11-08 13:32:55,659 [INFO]  Epoch[0] Train-cross-entropy=17.139430
2023-11-08 13:32:55,659 [INFO]  Epoch[0] Train-total_time10-accuracy=0.000000
2023-11-08 13:32:55,659 [INFO]  Epoch[0] Time cost=0.010
2023-11-08 13:32:55,660 [INFO]  Saved checkpoint to "./imputer_model/imputer_model_total_time10/model-0000.params"
2023-11-08 13:32:55,660 [INFO]  Epoch[0] Validation-cross-entropy=9.692926
2023-11-08 13:32:55,660 [INFO]  Epoch[0] Validation-total_time10-accuracy=0.000000
2023-11-08 13:32:55,667 [INFO]  Epoch[1] Batch [0-4]	Speed: 11139.33 samples/sec	cross-entropy=33.258309	total_time10-accuracy=0.000000
2023-11-08 13:32:55,673 [INFO]  Epoch[1] Train-cross-entropy=34.141459
2023-11-08 13:32:55,673 [INFO]  Epoch[1] Train-total_time10-accuracy=0.000000
2023-11-08 13:32:55,673 [INFO]  Epoch[1] Time cost=0.013
2023-11-08 13:32:55,676 [INFO]  Saved checkpoint to "./imputer_model/imputer_model_total_time10/model-0001.params"
2023-11-08 13:32:55,677 [INFO]  Epoch[1] Validation-cross-entropy=7.051116
2023-11-08 13:32:55,677 [INFO]  Epoch[1] Validation-total_time10-accuracy=0.000000
2023-11-08 13:32:55,685 [INFO]  Epoch[2] Batch [0-4]	Speed: 11506.51 samples/sec	cross-entropy=5.287080	total_time10-accuracy=0.000000
2023-11-08 13:32:55,689 [INFO]  Epoch[2] Train-cross-entropy=7.253834
2023-11-08 13:32:55,689 [INFO]  Epoch[2] Train-total_time10-accuracy=0.000000
2023-11-08 13:32:55,689 [INFO]  Epoch[2] Time cost=0.012
2023-11-08 13:32:55,691 [INFO]  Saved checkpoint to "./imputer_model/imputer_model_total_time10/model-0002.params"
2023-11-08 13:32:55,692 [INFO]  Epoch[2] Validation-cross-entropy=4.225842
2023-11-08 13:32:55,692 [INFO]  Epoch[2] Validation-total_time10-accuracy=0.000000
2023-11-08 13:32:55,697 [INFO]  Epoch[3] Batch [0-4]	Speed: 15743.09 samples/sec	cross-entropy=3.014415	total_time10-accuracy=0.000000
2023-11-08 13:32:55,700 [INFO]  Epoch[3] Train-cross-entropy=2.613428
2023-11-08 13:32:55,700 [INFO]  Epoch[3] Train-total_time10-accuracy=0.000000
2023-11-08 13:32:55,700 [INFO]  Epoch[3] Time cost=0.008
2023-11-08 13:32:55,701 [INFO]  Saved checkpoint to "./imputer_model/imputer_model_total_time10/model-0003.params"
2023-11-08 13:32:55,702 [INFO]  Epoch[3] Validation-cross-entropy=5.813337
2023-11-08 13:32:55,702 [INFO]  Epoch[3] Validation-total_time10-accuracy=0.000000
2023-11-08 13:32:55,707 [INFO]  Epoch[4] Batch [0-4]	Speed: 15350.57 samples/sec	cross-entropy=1.700027	total_time10-accuracy=0.000000
2023-11-08 13:32:55,710 [INFO]  Epoch[4] Train-cross-entropy=1.383603
2023-11-08 13:32:55,710 [INFO]  Epoch[4] Train-total_time10-accuracy=0.000000
2023-11-08 13:32:55,710 [INFO]  Epoch[4] Time cost=0.008
2023-11-08 13:32:55,712 [INFO]  Saved checkpoint to "./imputer_model/imputer_model_total_time10/model-0004.params"
2023-11-08 13:32:55,712 [INFO]  Epoch[4] Validation-cross-entropy=4.731185
2023-11-08 13:32:55,712 [INFO]  Epoch[4] Validation-total_time10-accuracy=0.000000
2023-11-08 13:32:55,712 [INFO]  
========== done (0.06454300880432129 s) fit model
2023-11-08 13:46:15,597 [INFO]  
========== start: fit model
2023-11-08 13:46:15,597 [WARNING]  Already bound, ignoring bind()
2023-11-08 13:46:15,605 [INFO]  Epoch[0] Batch [0-4]	Speed: 14008.01 samples/sec	cross-entropy=15.718295	total_time10-accuracy=0.000000
2023-11-08 13:46:15,608 [INFO]  Epoch[0] Train-cross-entropy=15.789101
2023-11-08 13:46:15,608 [INFO]  Epoch[0] Train-total_time10-accuracy=0.000000
2023-11-08 13:46:15,608 [INFO]  Epoch[0] Time cost=0.010
2023-11-08 13:46:15,609 [INFO]  Saved checkpoint to "./imputer_model/imputer_model_total_time10/model-0000.params"
2023-11-08 13:46:15,610 [INFO]  Epoch[0] Validation-cross-entropy=7.805110
2023-11-08 13:46:15,610 [INFO]  Epoch[0] Validation-total_time10-accuracy=0.000000
2023-11-08 13:46:15,615 [INFO]  Epoch[1] Batch [0-4]	Speed: 15822.90 samples/sec	cross-entropy=39.964963	total_time10-accuracy=0.000000
2023-11-08 13:46:15,618 [INFO]  Epoch[1] Train-cross-entropy=31.779207
2023-11-08 13:46:15,618 [INFO]  Epoch[1] Train-total_time10-accuracy=0.000000
2023-11-08 13:46:15,618 [INFO]  Epoch[1] Time cost=0.008
2023-11-08 13:46:15,620 [INFO]  Saved checkpoint to "./imputer_model/imputer_model_total_time10/model-0001.params"
2023-11-08 13:46:15,620 [INFO]  Epoch[1] Validation-cross-entropy=4.092933
2023-11-08 13:46:15,620 [INFO]  Epoch[1] Validation-total_time10-accuracy=0.000000
2023-11-08 13:46:15,626 [INFO]  Epoch[2] Batch [0-4]	Speed: 13536.15 samples/sec	cross-entropy=6.345762	total_time10-accuracy=0.000000
2023-11-08 13:46:15,631 [INFO]  Epoch[2] Train-cross-entropy=5.245576
2023-11-08 13:46:15,631 [INFO]  Epoch[2] Train-total_time10-accuracy=0.000000
2023-11-08 13:46:15,631 [INFO]  Epoch[2] Time cost=0.011
2023-11-08 13:46:15,634 [INFO]  Saved checkpoint to "./imputer_model/imputer_model_total_time10/model-0002.params"
2023-11-08 13:46:15,635 [INFO]  Epoch[2] Validation-cross-entropy=3.494956
2023-11-08 13:46:15,635 [INFO]  Epoch[2] Validation-total_time10-accuracy=0.000000
2023-11-08 13:46:15,642 [INFO]  Epoch[3] Batch [0-4]	Speed: 13543.67 samples/sec	cross-entropy=3.919891	total_time10-accuracy=0.000000
2023-11-08 13:46:15,645 [INFO]  Epoch[3] Train-cross-entropy=2.962110
2023-11-08 13:46:15,645 [INFO]  Epoch[3] Train-total_time10-accuracy=0.000000
2023-11-08 13:46:15,645 [INFO]  Epoch[3] Time cost=0.010
2023-11-08 13:46:15,647 [INFO]  Saved checkpoint to "./imputer_model/imputer_model_total_time10/model-0003.params"
2023-11-08 13:46:15,648 [INFO]  Epoch[3] Validation-cross-entropy=5.520277
2023-11-08 13:46:15,648 [INFO]  Epoch[3] Validation-total_time10-accuracy=0.000000
2023-11-08 13:46:15,653 [INFO]  Epoch[4] Batch [0-4]	Speed: 15842.51 samples/sec	cross-entropy=2.852181	total_time10-accuracy=0.000000
2023-11-08 13:46:15,656 [INFO]  Epoch[4] Train-cross-entropy=2.391246
2023-11-08 13:46:15,656 [INFO]  Epoch[4] Train-total_time10-accuracy=0.000000
2023-11-08 13:46:15,656 [INFO]  Epoch[4] Time cost=0.008
2023-11-08 13:46:15,658 [INFO]  Saved checkpoint to "./imputer_model/imputer_model_total_time10/model-0004.params"
2023-11-08 13:46:15,658 [INFO]  Epoch[4] Validation-cross-entropy=2.475526
2023-11-08 13:46:15,659 [INFO]  Epoch[4] Validation-total_time10-accuracy=0.000000
2023-11-08 13:46:15,659 [INFO]  
========== done (0.06149554252624512 s) fit model
2023-11-08 13:59:38,073 [INFO]  
========== start: fit model
2023-11-08 13:59:38,073 [WARNING]  Already bound, ignoring bind()
2023-11-08 13:59:38,080 [INFO]  Epoch[0] Batch [0-4]	Speed: 13730.71 samples/sec	cross-entropy=16.035397	total_time10-accuracy=3.800000
2023-11-08 13:59:38,084 [INFO]  Epoch[0] Train-cross-entropy=17.937158
2023-11-08 13:59:38,084 [INFO]  Epoch[0] Train-total_time10-accuracy=3.500000
2023-11-08 13:59:38,084 [INFO]  Epoch[0] Time cost=0.010
2023-11-08 13:59:38,085 [INFO]  Saved checkpoint to "./imputer_model/imputer_model_total_time10/model-0000.params"
2023-11-08 13:59:38,085 [INFO]  Epoch[0] Validation-cross-entropy=9.402541
2023-11-08 13:59:38,085 [INFO]  Epoch[0] Validation-total_time10-accuracy=0.000000
2023-11-08 13:59:38,092 [INFO]  Epoch[1] Batch [0-4]	Speed: 12076.46 samples/sec	cross-entropy=47.595959	total_time10-accuracy=3.800000
2023-11-08 13:59:38,096 [INFO]  Epoch[1] Train-cross-entropy=50.622344
2023-11-08 13:59:38,096 [INFO]  Epoch[1] Train-total_time10-accuracy=3.500000
2023-11-08 13:59:38,096 [INFO]  Epoch[1] Time cost=0.011
2023-11-08 13:59:38,099 [INFO]  Saved checkpoint to "./imputer_model/imputer_model_total_time10/model-0001.params"
2023-11-08 13:59:38,099 [INFO]  Epoch[1] Validation-cross-entropy=3.751380
2023-11-08 13:59:38,100 [INFO]  Epoch[1] Validation-total_time10-accuracy=0.000000
2023-11-08 13:59:38,107 [INFO]  Epoch[2] Batch [0-4]	Speed: 10939.58 samples/sec	cross-entropy=10.799061	total_time10-accuracy=3.800000
2023-11-08 13:59:38,112 [INFO]  Epoch[2] Train-cross-entropy=10.135184
2023-11-08 13:59:38,112 [INFO]  Epoch[2] Train-total_time10-accuracy=3.500000
2023-11-08 13:59:38,112 [INFO]  Epoch[2] Time cost=0.012
2023-11-08 13:59:38,115 [INFO]  Saved checkpoint to "./imputer_model/imputer_model_total_time10/model-0002.params"
2023-11-08 13:59:38,116 [INFO]  Epoch[2] Validation-cross-entropy=3.366664
2023-11-08 13:59:38,116 [INFO]  Epoch[2] Validation-total_time10-accuracy=0.000000
2023-11-08 13:59:38,122 [INFO]  Epoch[3] Batch [0-4]	Speed: 13143.14 samples/sec	cross-entropy=7.710550	total_time10-accuracy=3.800000
2023-11-08 13:59:38,126 [INFO]  Epoch[3] Train-cross-entropy=6.648214
2023-11-08 13:59:38,126 [INFO]  Epoch[3] Train-total_time10-accuracy=3.500000
2023-11-08 13:59:38,126 [INFO]  Epoch[3] Time cost=0.010
2023-11-08 13:59:38,128 [INFO]  Saved checkpoint to "./imputer_model/imputer_model_total_time10/model-0003.params"
2023-11-08 13:59:38,129 [INFO]  Epoch[3] Validation-cross-entropy=1.962937
2023-11-08 13:59:38,129 [INFO]  Epoch[3] Validation-total_time10-accuracy=0.000000
2023-11-08 13:59:38,134 [INFO]  Epoch[4] Batch [0-4]	Speed: 14108.88 samples/sec	cross-entropy=1.534634	total_time10-accuracy=3.800000
2023-11-08 13:59:38,139 [INFO]  Epoch[4] Train-cross-entropy=1.456090
2023-11-08 13:59:38,139 [INFO]  Epoch[4] Train-total_time10-accuracy=3.500000
2023-11-08 13:59:38,140 [INFO]  Epoch[4] Time cost=0.011
2023-11-08 13:59:38,143 [INFO]  Saved checkpoint to "./imputer_model/imputer_model_total_time10/model-0004.params"
2023-11-08 13:59:38,144 [INFO]  Epoch[4] Validation-cross-entropy=1.119883
2023-11-08 13:59:38,144 [INFO]  Epoch[4] Validation-total_time10-accuracy=0.000000
2023-11-08 13:59:38,144 [INFO]  
========== done (0.07146143913269043 s) fit model
2023-11-08 14:13:03,571 [INFO]  
========== start: fit model
2023-11-08 14:13:03,572 [WARNING]  Already bound, ignoring bind()
2023-11-08 14:13:03,578 [INFO]  Epoch[0] Batch [0-4]	Speed: 14061.57 samples/sec	cross-entropy=16.112148	total_time10-accuracy=4.000000
2023-11-08 14:13:03,582 [INFO]  Epoch[0] Train-cross-entropy=18.237933
2023-11-08 14:13:03,582 [INFO]  Epoch[0] Train-total_time10-accuracy=3.500000
2023-11-08 14:13:03,582 [INFO]  Epoch[0] Time cost=0.010
2023-11-08 14:13:03,583 [INFO]  Saved checkpoint to "./imputer_model/imputer_model_total_time10/model-0000.params"
2023-11-08 14:13:03,584 [INFO]  Epoch[0] Validation-cross-entropy=31.702517
2023-11-08 14:13:03,584 [INFO]  Epoch[0] Validation-total_time10-accuracy=0.000000
2023-11-08 14:13:03,590 [INFO]  Epoch[1] Batch [0-4]	Speed: 14213.46 samples/sec	cross-entropy=42.471526	total_time10-accuracy=4.000000
2023-11-08 14:13:03,594 [INFO]  Epoch[1] Train-cross-entropy=61.519987
2023-11-08 14:13:03,594 [INFO]  Epoch[1] Train-total_time10-accuracy=3.500000
2023-11-08 14:13:03,594 [INFO]  Epoch[1] Time cost=0.010
2023-11-08 14:13:03,598 [INFO]  Saved checkpoint to "./imputer_model/imputer_model_total_time10/model-0001.params"
2023-11-08 14:13:03,599 [INFO]  Epoch[1] Validation-cross-entropy=7.483121
2023-11-08 14:13:03,599 [INFO]  Epoch[1] Validation-total_time10-accuracy=0.000000
2023-11-08 14:13:03,606 [INFO]  Epoch[2] Batch [0-4]	Speed: 10731.84 samples/sec	cross-entropy=7.002234	total_time10-accuracy=4.000000
2023-11-08 14:13:03,611 [INFO]  Epoch[2] Train-cross-entropy=10.230498
2023-11-08 14:13:03,611 [INFO]  Epoch[2] Train-total_time10-accuracy=3.500000
2023-11-08 14:13:03,611 [INFO]  Epoch[2] Time cost=0.012
2023-11-08 14:13:03,613 [INFO]  Saved checkpoint to "./imputer_model/imputer_model_total_time10/model-0002.params"
2023-11-08 14:13:03,614 [INFO]  Epoch[2] Validation-cross-entropy=20.123402
2023-11-08 14:13:03,614 [INFO]  Epoch[2] Validation-total_time10-accuracy=0.000000
2023-11-08 14:13:03,620 [INFO]  Epoch[3] Batch [0-4]	Speed: 13034.64 samples/sec	cross-entropy=4.987684	total_time10-accuracy=4.000000
2023-11-08 14:13:03,624 [INFO]  Epoch[3] Train-cross-entropy=5.244289
2023-11-08 14:13:03,624 [INFO]  Epoch[3] Train-total_time10-accuracy=3.500000
2023-11-08 14:13:03,624 [INFO]  Epoch[3] Time cost=0.010
2023-11-08 14:13:03,626 [INFO]  Saved checkpoint to "./imputer_model/imputer_model_total_time10/model-0003.params"
2023-11-08 14:13:03,626 [INFO]  Epoch[3] Validation-cross-entropy=13.568684
2023-11-08 14:13:03,626 [INFO]  Epoch[3] Validation-total_time10-accuracy=0.000000
2023-11-08 14:13:03,632 [INFO]  Epoch[4] Batch [0-4]	Speed: 13481.77 samples/sec	cross-entropy=2.217606	total_time10-accuracy=4.000000
2023-11-08 14:13:03,636 [INFO]  Epoch[4] Train-cross-entropy=2.061591
2023-11-08 14:13:03,636 [INFO]  Epoch[4] Train-total_time10-accuracy=3.500000
2023-11-08 14:13:03,636 [INFO]  Epoch[4] Time cost=0.010
2023-11-08 14:13:03,638 [INFO]  Saved checkpoint to "./imputer_model/imputer_model_total_time10/model-0004.params"
2023-11-08 14:13:03,638 [INFO]  Epoch[4] Validation-cross-entropy=12.783749
2023-11-08 14:13:03,638 [INFO]  Epoch[4] Validation-total_time10-accuracy=0.000000
2023-11-08 14:13:03,639 [INFO]  
========== done (0.0670771598815918 s) fit model
2023-11-08 14:26:38,391 [INFO]  
========== start: fit model
2023-11-08 14:26:38,391 [WARNING]  Already bound, ignoring bind()
2023-11-08 14:26:38,398 [INFO]  Epoch[0] Batch [0-4]	Speed: 13799.18 samples/sec	cross-entropy=9.043637	total_time10-accuracy=0.000000
2023-11-08 14:26:38,402 [INFO]  Epoch[0] Train-cross-entropy=13.042852
2023-11-08 14:26:38,402 [INFO]  Epoch[0] Train-total_time10-accuracy=0.000000
2023-11-08 14:26:38,402 [INFO]  Epoch[0] Time cost=0.010
2023-11-08 14:26:38,403 [INFO]  Saved checkpoint to "./imputer_model/imputer_model_total_time10/model-0000.params"
2023-11-08 14:26:38,404 [INFO]  Epoch[0] Validation-cross-entropy=78.732376
2023-11-08 14:26:38,404 [INFO]  Epoch[0] Validation-total_time10-accuracy=0.000000
2023-11-08 14:26:38,409 [INFO]  Epoch[1] Batch [0-4]	Speed: 14699.93 samples/sec	cross-entropy=50.128061	total_time10-accuracy=0.000000
2023-11-08 14:26:38,412 [INFO]  Epoch[1] Train-cross-entropy=46.100973
2023-11-08 14:26:38,413 [INFO]  Epoch[1] Train-total_time10-accuracy=0.000000
2023-11-08 14:26:38,413 [INFO]  Epoch[1] Time cost=0.009
2023-11-08 14:26:38,414 [INFO]  Saved checkpoint to "./imputer_model/imputer_model_total_time10/model-0001.params"
2023-11-08 14:26:38,414 [INFO]  Epoch[1] Validation-cross-entropy=40.348507
2023-11-08 14:26:38,414 [INFO]  Epoch[1] Validation-total_time10-accuracy=0.000000
2023-11-08 14:26:38,420 [INFO]  Epoch[2] Batch [0-4]	Speed: 14942.97 samples/sec	cross-entropy=10.431589	total_time10-accuracy=0.000000
2023-11-08 14:26:38,423 [INFO]  Epoch[2] Train-cross-entropy=14.943992
2023-11-08 14:26:38,423 [INFO]  Epoch[2] Train-total_time10-accuracy=0.000000
2023-11-08 14:26:38,423 [INFO]  Epoch[2] Time cost=0.009
2023-11-08 14:26:38,424 [INFO]  Saved checkpoint to "./imputer_model/imputer_model_total_time10/model-0002.params"
2023-11-08 14:26:38,425 [INFO]  Epoch[2] Validation-cross-entropy=62.040634
2023-11-08 14:26:38,425 [INFO]  Epoch[2] Validation-total_time10-accuracy=0.000000
2023-11-08 14:26:38,430 [INFO]  Epoch[3] Batch [0-4]	Speed: 15895.98 samples/sec	cross-entropy=9.948252	total_time10-accuracy=0.000000
2023-11-08 14:26:38,433 [INFO]  Epoch[3] Train-cross-entropy=7.289634
2023-11-08 14:26:38,433 [INFO]  Epoch[3] Train-total_time10-accuracy=0.000000
2023-11-08 14:26:38,433 [INFO]  Epoch[3] Time cost=0.008
2023-11-08 14:26:38,434 [INFO]  Saved checkpoint to "./imputer_model/imputer_model_total_time10/model-0003.params"
2023-11-08 14:26:38,435 [INFO]  Epoch[3] Validation-cross-entropy=56.947102
2023-11-08 14:26:38,435 [INFO]  Epoch[3] Validation-total_time10-accuracy=0.000000
2023-11-08 14:26:38,440 [INFO]  Epoch[4] Batch [0-4]	Speed: 16130.97 samples/sec	cross-entropy=2.968826	total_time10-accuracy=0.000000
2023-11-08 14:26:38,443 [INFO]  Epoch[4] Train-cross-entropy=2.313488
2023-11-08 14:26:38,443 [INFO]  Epoch[4] Train-total_time10-accuracy=0.000000
2023-11-08 14:26:38,443 [INFO]  Epoch[4] Time cost=0.008
2023-11-08 14:26:38,444 [INFO]  Saved checkpoint to "./imputer_model/imputer_model_total_time10/model-0004.params"
2023-11-08 14:26:38,444 [INFO]  Epoch[4] Validation-cross-entropy=63.441391
2023-11-08 14:26:38,445 [INFO]  Epoch[4] Validation-total_time10-accuracy=0.000000
2023-11-08 14:26:38,445 [INFO]  
========== done (0.0535430908203125 s) fit model
2023-11-08 14:40:36,799 [INFO]  
========== start: fit model
2023-11-08 14:40:36,799 [WARNING]  Already bound, ignoring bind()
2023-11-08 14:40:36,806 [INFO]  Epoch[0] Batch [0-4]	Speed: 14395.64 samples/sec	cross-entropy=12.401933	total_time10-accuracy=3.600000
2023-11-08 14:40:36,810 [INFO]  Epoch[0] Train-cross-entropy=16.230498
2023-11-08 14:40:36,810 [INFO]  Epoch[0] Train-total_time10-accuracy=3.375000
2023-11-08 14:40:36,810 [INFO]  Epoch[0] Time cost=0.010
2023-11-08 14:40:36,811 [INFO]  Saved checkpoint to "./imputer_model/imputer_model_total_time10/model-0000.params"
2023-11-08 14:40:36,816 [INFO]  Epoch[0] Validation-cross-entropy=5.407157
2023-11-08 14:40:36,816 [INFO]  Epoch[0] Validation-total_time10-accuracy=0.000000
2023-11-08 14:40:36,823 [INFO]  Epoch[1] Batch [0-4]	Speed: 12720.85 samples/sec	cross-entropy=39.601025	total_time10-accuracy=3.600000
2023-11-08 14:40:36,828 [INFO]  Epoch[1] Train-cross-entropy=29.729355
2023-11-08 14:40:36,828 [INFO]  Epoch[1] Train-total_time10-accuracy=3.375000
2023-11-08 14:40:36,828 [INFO]  Epoch[1] Time cost=0.012
2023-11-08 14:40:36,832 [INFO]  Saved checkpoint to "./imputer_model/imputer_model_total_time10/model-0001.params"
2023-11-08 14:40:36,833 [INFO]  Epoch[1] Validation-cross-entropy=4.382319
2023-11-08 14:40:36,833 [INFO]  Epoch[1] Validation-total_time10-accuracy=0.000000
2023-11-08 14:40:36,839 [INFO]  Epoch[2] Batch [0-4]	Speed: 15520.99 samples/sec	cross-entropy=5.976328	total_time10-accuracy=3.600000
2023-11-08 14:40:36,843 [INFO]  Epoch[2] Train-cross-entropy=5.303216
2023-11-08 14:40:36,843 [INFO]  Epoch[2] Train-total_time10-accuracy=3.375000
2023-11-08 14:40:36,843 [INFO]  Epoch[2] Time cost=0.010
2023-11-08 14:40:36,845 [INFO]  Saved checkpoint to "./imputer_model/imputer_model_total_time10/model-0002.params"
2023-11-08 14:40:36,846 [INFO]  Epoch[2] Validation-cross-entropy=3.603446
2023-11-08 14:40:36,846 [INFO]  Epoch[2] Validation-total_time10-accuracy=0.000000
2023-11-08 14:40:36,852 [INFO]  Epoch[3] Batch [0-4]	Speed: 13329.80 samples/sec	cross-entropy=1.970362	total_time10-accuracy=3.600000
2023-11-08 14:40:36,856 [INFO]  Epoch[3] Train-cross-entropy=1.889772
2023-11-08 14:40:36,856 [INFO]  Epoch[3] Train-total_time10-accuracy=3.375000
2023-11-08 14:40:36,856 [INFO]  Epoch[3] Time cost=0.010
2023-11-08 14:40:36,858 [INFO]  Saved checkpoint to "./imputer_model/imputer_model_total_time10/model-0003.params"
2023-11-08 14:40:36,858 [INFO]  Epoch[3] Validation-cross-entropy=2.859158
2023-11-08 14:40:36,858 [INFO]  Epoch[3] Validation-total_time10-accuracy=0.000000
2023-11-08 14:40:36,865 [INFO]  Epoch[4] Batch [0-4]	Speed: 11710.82 samples/sec	cross-entropy=0.916983	total_time10-accuracy=3.600000
2023-11-08 14:40:36,869 [INFO]  Epoch[4] Train-cross-entropy=0.801241
2023-11-08 14:40:36,870 [INFO]  Epoch[4] Train-total_time10-accuracy=3.375000
2023-11-08 14:40:36,870 [INFO]  Epoch[4] Time cost=0.011
2023-11-08 14:40:36,872 [INFO]  Saved checkpoint to "./imputer_model/imputer_model_total_time10/model-0004.params"
2023-11-08 14:40:36,873 [INFO]  Epoch[4] Validation-cross-entropy=3.438117
2023-11-08 14:40:36,873 [INFO]  Epoch[4] Validation-total_time10-accuracy=0.000000
2023-11-08 14:40:36,873 [INFO]  
========== done (0.07349801063537598 s) fit model
2023-11-08 14:54:41,728 [INFO]  
========== start: fit model
2023-11-08 14:54:41,729 [WARNING]  Already bound, ignoring bind()
2023-11-08 14:54:41,736 [INFO]  Epoch[0] Batch [0-4]	Speed: 14063.05 samples/sec	cross-entropy=23.711553	total_time10-accuracy=0.000000
2023-11-08 14:54:41,739 [INFO]  Epoch[0] Train-cross-entropy=18.568177
2023-11-08 14:54:41,739 [INFO]  Epoch[0] Train-total_time10-accuracy=0.000000
2023-11-08 14:54:41,739 [INFO]  Epoch[0] Time cost=0.010
2023-11-08 14:54:41,740 [INFO]  Saved checkpoint to "./imputer_model/imputer_model_total_time10/model-0000.params"
2023-11-08 14:54:41,741 [INFO]  Epoch[0] Validation-cross-entropy=5.834060
2023-11-08 14:54:41,741 [INFO]  Epoch[0] Validation-total_time10-accuracy=0.000000
2023-11-08 14:54:41,745 [INFO]  Epoch[1] Batch [0-4]	Speed: 20134.67 samples/sec	cross-entropy=26.097260	total_time10-accuracy=0.000000
2023-11-08 14:54:41,747 [INFO]  Epoch[1] Train-cross-entropy=19.649742
2023-11-08 14:54:41,747 [INFO]  Epoch[1] Train-total_time10-accuracy=0.000000
2023-11-08 14:54:41,747 [INFO]  Epoch[1] Time cost=0.007
2023-11-08 14:54:41,749 [INFO]  Saved checkpoint to "./imputer_model/imputer_model_total_time10/model-0001.params"
2023-11-08 14:54:41,749 [INFO]  Epoch[1] Validation-cross-entropy=3.041341
2023-11-08 14:54:41,749 [INFO]  Epoch[1] Validation-total_time10-accuracy=0.000000
2023-11-08 14:54:41,752 [INFO]  Epoch[2] Batch [0-4]	Speed: 25526.38 samples/sec	cross-entropy=4.097447	total_time10-accuracy=0.000000
2023-11-08 14:54:41,754 [INFO]  Epoch[2] Train-cross-entropy=3.655314
2023-11-08 14:54:41,754 [INFO]  Epoch[2] Train-total_time10-accuracy=0.000000
2023-11-08 14:54:41,755 [INFO]  Epoch[2] Time cost=0.005
2023-11-08 14:54:41,756 [INFO]  Saved checkpoint to "./imputer_model/imputer_model_total_time10/model-0002.params"
2023-11-08 14:54:41,756 [INFO]  Epoch[2] Validation-cross-entropy=2.875111
2023-11-08 14:54:41,756 [INFO]  Epoch[2] Validation-total_time10-accuracy=0.000000
2023-11-08 14:54:41,759 [INFO]  Epoch[3] Batch [0-4]	Speed: 25519.10 samples/sec	cross-entropy=2.341586	total_time10-accuracy=0.000000
2023-11-08 14:54:41,761 [INFO]  Epoch[3] Train-cross-entropy=2.169609
2023-11-08 14:54:41,762 [INFO]  Epoch[3] Train-total_time10-accuracy=0.000000
2023-11-08 14:54:41,762 [INFO]  Epoch[3] Time cost=0.005
2023-11-08 14:54:41,763 [INFO]  Saved checkpoint to "./imputer_model/imputer_model_total_time10/model-0003.params"
2023-11-08 14:54:41,763 [INFO]  Epoch[3] Validation-cross-entropy=3.104647
2023-11-08 14:54:41,763 [INFO]  Epoch[3] Validation-total_time10-accuracy=0.000000
2023-11-08 14:54:41,767 [INFO]  Epoch[4] Batch [0-4]	Speed: 23544.90 samples/sec	cross-entropy=0.658119	total_time10-accuracy=0.000000
2023-11-08 14:54:41,769 [INFO]  Epoch[4] Train-cross-entropy=0.675446
2023-11-08 14:54:41,769 [INFO]  Epoch[4] Train-total_time10-accuracy=0.000000
2023-11-08 14:54:41,769 [INFO]  Epoch[4] Time cost=0.006
2023-11-08 14:54:41,770 [INFO]  Saved checkpoint to "./imputer_model/imputer_model_total_time10/model-0004.params"
2023-11-08 14:54:41,771 [INFO]  Epoch[4] Validation-cross-entropy=3.171326
2023-11-08 14:54:41,771 [INFO]  Epoch[4] Validation-total_time10-accuracy=0.000000
2023-11-08 14:54:41,771 [INFO]  
========== done (0.042525529861450195 s) fit model
