2023-11-08 12:33:50,850 [INFO]  
========== start: fit model
2023-11-08 12:33:50,850 [WARNING]  Already bound, ignoring bind()
2023-11-08 12:33:50,857 [INFO]  Epoch[0] Batch [0-4]	Speed: 14179.68 samples/sec	cross-entropy=20.004561	mean_gmrt6-accuracy=0.000000
2023-11-08 12:33:50,861 [INFO]  Epoch[0] Train-cross-entropy=16.814442
2023-11-08 12:33:50,861 [INFO]  Epoch[0] Train-mean_gmrt6-accuracy=0.000000
2023-11-08 12:33:50,861 [INFO]  Epoch[0] Time cost=0.010
2023-11-08 12:33:50,862 [INFO]  Saved checkpoint to "./imputer_model/imputer_model_mean_gmrt6/model-0000.params"
2023-11-08 12:33:50,863 [INFO]  Epoch[0] Validation-cross-entropy=28.342264
2023-11-08 12:33:50,863 [INFO]  Epoch[0] Validation-mean_gmrt6-accuracy=0.000000
2023-11-08 12:33:50,871 [INFO]  Epoch[1] Batch [0-4]	Speed: 10552.95 samples/sec	cross-entropy=43.603695	mean_gmrt6-accuracy=0.000000
2023-11-08 12:33:50,876 [INFO]  Epoch[1] Train-cross-entropy=30.984929
2023-11-08 12:33:50,876 [INFO]  Epoch[1] Train-mean_gmrt6-accuracy=0.000000
2023-11-08 12:33:50,876 [INFO]  Epoch[1] Time cost=0.013
2023-11-08 12:33:50,878 [INFO]  Saved checkpoint to "./imputer_model/imputer_model_mean_gmrt6/model-0001.params"
2023-11-08 12:33:50,879 [INFO]  Epoch[1] Validation-cross-entropy=6.487209
2023-11-08 12:33:50,879 [INFO]  Epoch[1] Validation-mean_gmrt6-accuracy=0.000000
2023-11-08 12:33:50,884 [INFO]  Epoch[2] Batch [0-4]	Speed: 16195.20 samples/sec	cross-entropy=6.470859	mean_gmrt6-accuracy=0.000000
2023-11-08 12:33:50,887 [INFO]  Epoch[2] Train-cross-entropy=5.932635
2023-11-08 12:33:50,887 [INFO]  Epoch[2] Train-mean_gmrt6-accuracy=0.000000
2023-11-08 12:33:50,887 [INFO]  Epoch[2] Time cost=0.008
2023-11-08 12:33:50,889 [INFO]  Saved checkpoint to "./imputer_model/imputer_model_mean_gmrt6/model-0002.params"
2023-11-08 12:33:50,889 [INFO]  Epoch[2] Validation-cross-entropy=4.131380
2023-11-08 12:33:50,889 [INFO]  Epoch[2] Validation-mean_gmrt6-accuracy=0.000000
2023-11-08 12:33:50,894 [INFO]  Epoch[3] Batch [0-4]	Speed: 18529.40 samples/sec	cross-entropy=5.349064	mean_gmrt6-accuracy=0.000000
2023-11-08 12:33:50,897 [INFO]  Epoch[3] Train-cross-entropy=3.619416
2023-11-08 12:33:50,897 [INFO]  Epoch[3] Train-mean_gmrt6-accuracy=0.000000
2023-11-08 12:33:50,897 [INFO]  Epoch[3] Time cost=0.007
2023-11-08 12:33:50,898 [INFO]  Saved checkpoint to "./imputer_model/imputer_model_mean_gmrt6/model-0003.params"
2023-11-08 12:33:50,898 [INFO]  Epoch[3] Validation-cross-entropy=5.233925
2023-11-08 12:33:50,899 [INFO]  Epoch[3] Validation-mean_gmrt6-accuracy=0.000000
2023-11-08 12:33:50,904 [INFO]  Epoch[4] Batch [0-4]	Speed: 14334.14 samples/sec	cross-entropy=1.384120	mean_gmrt6-accuracy=0.000000
2023-11-08 12:33:50,907 [INFO]  Epoch[4] Train-cross-entropy=1.070999
2023-11-08 12:33:50,908 [INFO]  Epoch[4] Train-mean_gmrt6-accuracy=0.000000
2023-11-08 12:33:50,908 [INFO]  Epoch[4] Time cost=0.009
2023-11-08 12:33:50,909 [INFO]  Saved checkpoint to "./imputer_model/imputer_model_mean_gmrt6/model-0004.params"
2023-11-08 12:33:50,909 [INFO]  Epoch[4] Validation-cross-entropy=5.781339
2023-11-08 12:33:50,909 [INFO]  Epoch[4] Validation-mean_gmrt6-accuracy=0.000000
2023-11-08 12:33:50,910 [INFO]  
========== done (0.0592806339263916 s) fit model
2023-11-08 13:04:54,520 [INFO]  
========== start: fit model
2023-11-08 13:04:54,520 [WARNING]  Already bound, ignoring bind()
2023-11-08 13:04:54,536 [INFO]  Epoch[0] Batch [0-4]	Speed: 10128.88 samples/sec	cross-entropy=8.924563	mean_gmrt6-accuracy=0.000000
2023-11-08 13:04:54,540 [INFO]  Epoch[0] Train-cross-entropy=15.572378
2023-11-08 13:04:54,541 [INFO]  Epoch[0] Train-mean_gmrt6-accuracy=0.000000
2023-11-08 13:04:54,541 [INFO]  Epoch[0] Time cost=0.020
2023-11-08 13:04:54,543 [INFO]  Saved checkpoint to "./imputer_model/imputer_model_mean_gmrt6/model-0000.params"
2023-11-08 13:04:54,544 [INFO]  Epoch[0] Validation-cross-entropy=8.517200
2023-11-08 13:04:54,544 [INFO]  Epoch[0] Validation-mean_gmrt6-accuracy=0.000000
2023-11-08 13:04:54,551 [INFO]  Epoch[1] Batch [0-4]	Speed: 12080.26 samples/sec	cross-entropy=40.642509	mean_gmrt6-accuracy=0.000000
2023-11-08 13:04:54,554 [INFO]  Epoch[1] Train-cross-entropy=43.683099
2023-11-08 13:04:54,554 [INFO]  Epoch[1] Train-mean_gmrt6-accuracy=0.000000
2023-11-08 13:04:54,554 [INFO]  Epoch[1] Time cost=0.010
2023-11-08 13:04:54,556 [INFO]  Saved checkpoint to "./imputer_model/imputer_model_mean_gmrt6/model-0001.params"
2023-11-08 13:04:54,557 [INFO]  Epoch[1] Validation-cross-entropy=8.284590
2023-11-08 13:04:54,557 [INFO]  Epoch[1] Validation-mean_gmrt6-accuracy=0.000000
2023-11-08 13:04:54,563 [INFO]  Epoch[2] Batch [0-4]	Speed: 13841.16 samples/sec	cross-entropy=6.760159	mean_gmrt6-accuracy=0.000000
2023-11-08 13:04:54,566 [INFO]  Epoch[2] Train-cross-entropy=6.696382
2023-11-08 13:04:54,566 [INFO]  Epoch[2] Train-mean_gmrt6-accuracy=0.000000
2023-11-08 13:04:54,567 [INFO]  Epoch[2] Time cost=0.010
2023-11-08 13:04:54,568 [INFO]  Saved checkpoint to "./imputer_model/imputer_model_mean_gmrt6/model-0002.params"
2023-11-08 13:04:54,569 [INFO]  Epoch[2] Validation-cross-entropy=8.880461
2023-11-08 13:04:54,569 [INFO]  Epoch[2] Validation-mean_gmrt6-accuracy=0.000000
2023-11-08 13:04:54,575 [INFO]  Epoch[3] Batch [0-4]	Speed: 14210.45 samples/sec	cross-entropy=5.567654	mean_gmrt6-accuracy=0.000000
2023-11-08 13:04:54,578 [INFO]  Epoch[3] Train-cross-entropy=4.868782
2023-11-08 13:04:54,578 [INFO]  Epoch[3] Train-mean_gmrt6-accuracy=0.000000
2023-11-08 13:04:54,578 [INFO]  Epoch[3] Time cost=0.009
2023-11-08 13:04:54,580 [INFO]  Saved checkpoint to "./imputer_model/imputer_model_mean_gmrt6/model-0003.params"
2023-11-08 13:04:54,580 [INFO]  Epoch[3] Validation-cross-entropy=6.413285
2023-11-08 13:04:54,580 [INFO]  Epoch[3] Validation-mean_gmrt6-accuracy=0.000000
2023-11-08 13:04:54,586 [INFO]  Epoch[4] Batch [0-4]	Speed: 14712.82 samples/sec	cross-entropy=3.877977	mean_gmrt6-accuracy=0.000000
2023-11-08 13:04:54,589 [INFO]  Epoch[4] Train-cross-entropy=3.053845
2023-11-08 13:04:54,589 [INFO]  Epoch[4] Train-mean_gmrt6-accuracy=0.000000
2023-11-08 13:04:54,589 [INFO]  Epoch[4] Time cost=0.009
2023-11-08 13:04:54,591 [INFO]  Saved checkpoint to "./imputer_model/imputer_model_mean_gmrt6/model-0004.params"
2023-11-08 13:04:54,591 [INFO]  Epoch[4] Validation-cross-entropy=9.670876
2023-11-08 13:04:54,591 [INFO]  Epoch[4] Validation-mean_gmrt6-accuracy=0.000000
2023-11-08 13:04:54,591 [INFO]  
========== done (0.07129406929016113 s) fit model
2023-11-08 13:18:21,653 [INFO]  
========== start: fit model
2023-11-08 13:18:21,653 [WARNING]  Already bound, ignoring bind()
2023-11-08 13:18:21,661 [INFO]  Epoch[0] Batch [0-4]	Speed: 12677.00 samples/sec	cross-entropy=27.360905	mean_gmrt6-accuracy=2.600000
2023-11-08 13:18:21,665 [INFO]  Epoch[0] Train-cross-entropy=22.955899
2023-11-08 13:18:21,666 [INFO]  Epoch[0] Train-mean_gmrt6-accuracy=2.625000
2023-11-08 13:18:21,666 [INFO]  Epoch[0] Time cost=0.012
2023-11-08 13:18:21,669 [INFO]  Saved checkpoint to "./imputer_model/imputer_model_mean_gmrt6/model-0000.params"
2023-11-08 13:18:21,670 [INFO]  Epoch[0] Validation-cross-entropy=21.330212
2023-11-08 13:18:21,670 [INFO]  Epoch[0] Validation-mean_gmrt6-accuracy=0.000000
2023-11-08 13:18:21,677 [INFO]  Epoch[1] Batch [0-4]	Speed: 11744.64 samples/sec	cross-entropy=44.140943	mean_gmrt6-accuracy=2.600000
2023-11-08 13:18:21,681 [INFO]  Epoch[1] Train-cross-entropy=38.859480
2023-11-08 13:18:21,681 [INFO]  Epoch[1] Train-mean_gmrt6-accuracy=2.625000
2023-11-08 13:18:21,681 [INFO]  Epoch[1] Time cost=0.011
2023-11-08 13:18:21,683 [INFO]  Saved checkpoint to "./imputer_model/imputer_model_mean_gmrt6/model-0001.params"
2023-11-08 13:18:21,684 [INFO]  Epoch[1] Validation-cross-entropy=17.865608
2023-11-08 13:18:21,684 [INFO]  Epoch[1] Validation-mean_gmrt6-accuracy=0.000000
2023-11-08 13:18:21,689 [INFO]  Epoch[2] Batch [0-4]	Speed: 16804.52 samples/sec	cross-entropy=10.390217	mean_gmrt6-accuracy=2.600000
2023-11-08 13:18:21,692 [INFO]  Epoch[2] Train-cross-entropy=11.034683
2023-11-08 13:18:21,692 [INFO]  Epoch[2] Train-mean_gmrt6-accuracy=2.625000
2023-11-08 13:18:21,692 [INFO]  Epoch[2] Time cost=0.008
2023-11-08 13:18:21,693 [INFO]  Saved checkpoint to "./imputer_model/imputer_model_mean_gmrt6/model-0002.params"
2023-11-08 13:18:21,694 [INFO]  Epoch[2] Validation-cross-entropy=27.847273
2023-11-08 13:18:21,694 [INFO]  Epoch[2] Validation-mean_gmrt6-accuracy=0.000000
2023-11-08 13:18:21,699 [INFO]  Epoch[3] Batch [0-4]	Speed: 14352.53 samples/sec	cross-entropy=5.560917	mean_gmrt6-accuracy=2.600000
2023-11-08 13:18:21,702 [INFO]  Epoch[3] Train-cross-entropy=4.672719
2023-11-08 13:18:21,703 [INFO]  Epoch[3] Train-mean_gmrt6-accuracy=2.625000
2023-11-08 13:18:21,703 [INFO]  Epoch[3] Time cost=0.009
2023-11-08 13:18:21,704 [INFO]  Saved checkpoint to "./imputer_model/imputer_model_mean_gmrt6/model-0003.params"
2023-11-08 13:18:21,704 [INFO]  Epoch[3] Validation-cross-entropy=15.603083
2023-11-08 13:18:21,704 [INFO]  Epoch[3] Validation-mean_gmrt6-accuracy=0.000000
2023-11-08 13:18:21,710 [INFO]  Epoch[4] Batch [0-4]	Speed: 14826.59 samples/sec	cross-entropy=1.438652	mean_gmrt6-accuracy=2.600000
2023-11-08 13:18:21,713 [INFO]  Epoch[4] Train-cross-entropy=1.387728
2023-11-08 13:18:21,713 [INFO]  Epoch[4] Train-mean_gmrt6-accuracy=2.625000
2023-11-08 13:18:21,713 [INFO]  Epoch[4] Time cost=0.009
2023-11-08 13:18:21,715 [INFO]  Saved checkpoint to "./imputer_model/imputer_model_mean_gmrt6/model-0004.params"
2023-11-08 13:18:21,715 [INFO]  Epoch[4] Validation-cross-entropy=20.368185
2023-11-08 13:18:21,715 [INFO]  Epoch[4] Validation-mean_gmrt6-accuracy=0.000000
2023-11-08 13:18:21,715 [INFO]  
========== done (0.062129974365234375 s) fit model
2023-11-08 13:31:42,192 [INFO]  
========== start: fit model
2023-11-08 13:31:42,192 [WARNING]  Already bound, ignoring bind()
2023-11-08 13:31:42,199 [INFO]  Epoch[0] Batch [0-4]	Speed: 14053.48 samples/sec	cross-entropy=21.475554	mean_gmrt6-accuracy=2.200000
2023-11-08 13:31:42,204 [INFO]  Epoch[0] Train-cross-entropy=20.777483
2023-11-08 13:31:42,204 [INFO]  Epoch[0] Train-mean_gmrt6-accuracy=2.500000
2023-11-08 13:31:42,204 [INFO]  Epoch[0] Time cost=0.011
2023-11-08 13:31:42,207 [INFO]  Saved checkpoint to "./imputer_model/imputer_model_mean_gmrt6/model-0000.params"
2023-11-08 13:31:42,208 [INFO]  Epoch[0] Validation-cross-entropy=12.760062
2023-11-08 13:31:42,208 [INFO]  Epoch[0] Validation-mean_gmrt6-accuracy=0.000000
2023-11-08 13:31:42,214 [INFO]  Epoch[1] Batch [0-4]	Speed: 15271.10 samples/sec	cross-entropy=38.538977	mean_gmrt6-accuracy=2.200000
2023-11-08 13:31:42,218 [INFO]  Epoch[1] Train-cross-entropy=32.729835
2023-11-08 13:31:42,218 [INFO]  Epoch[1] Train-mean_gmrt6-accuracy=2.500000
2023-11-08 13:31:42,218 [INFO]  Epoch[1] Time cost=0.010
2023-11-08 13:31:42,220 [INFO]  Saved checkpoint to "./imputer_model/imputer_model_mean_gmrt6/model-0001.params"
2023-11-08 13:31:42,221 [INFO]  Epoch[1] Validation-cross-entropy=3.233010
2023-11-08 13:31:42,221 [INFO]  Epoch[1] Validation-mean_gmrt6-accuracy=0.000000
2023-11-08 13:31:42,225 [INFO]  Epoch[2] Batch [0-4]	Speed: 17766.59 samples/sec	cross-entropy=6.885204	mean_gmrt6-accuracy=2.200000
2023-11-08 13:31:42,228 [INFO]  Epoch[2] Train-cross-entropy=7.283529
2023-11-08 13:31:42,228 [INFO]  Epoch[2] Train-mean_gmrt6-accuracy=2.500000
2023-11-08 13:31:42,228 [INFO]  Epoch[2] Time cost=0.008
2023-11-08 13:31:42,230 [INFO]  Saved checkpoint to "./imputer_model/imputer_model_mean_gmrt6/model-0002.params"
2023-11-08 13:31:42,230 [INFO]  Epoch[2] Validation-cross-entropy=5.093751
2023-11-08 13:31:42,230 [INFO]  Epoch[2] Validation-mean_gmrt6-accuracy=0.000000
2023-11-08 13:31:42,235 [INFO]  Epoch[3] Batch [0-4]	Speed: 18035.17 samples/sec	cross-entropy=5.119262	mean_gmrt6-accuracy=2.200000
2023-11-08 13:31:42,238 [INFO]  Epoch[3] Train-cross-entropy=4.495961
2023-11-08 13:31:42,238 [INFO]  Epoch[3] Train-mean_gmrt6-accuracy=2.500000
2023-11-08 13:31:42,238 [INFO]  Epoch[3] Time cost=0.007
2023-11-08 13:31:42,239 [INFO]  Saved checkpoint to "./imputer_model/imputer_model_mean_gmrt6/model-0003.params"
2023-11-08 13:31:42,239 [INFO]  Epoch[3] Validation-cross-entropy=4.959585
2023-11-08 13:31:42,240 [INFO]  Epoch[3] Validation-mean_gmrt6-accuracy=0.000000
2023-11-08 13:31:42,244 [INFO]  Epoch[4] Batch [0-4]	Speed: 17867.11 samples/sec	cross-entropy=1.687960	mean_gmrt6-accuracy=2.200000
2023-11-08 13:31:42,247 [INFO]  Epoch[4] Train-cross-entropy=1.492870
2023-11-08 13:31:42,247 [INFO]  Epoch[4] Train-mean_gmrt6-accuracy=2.500000
2023-11-08 13:31:42,247 [INFO]  Epoch[4] Time cost=0.007
2023-11-08 13:31:42,248 [INFO]  Saved checkpoint to "./imputer_model/imputer_model_mean_gmrt6/model-0004.params"
2023-11-08 13:31:42,249 [INFO]  Epoch[4] Validation-cross-entropy=4.695190
2023-11-08 13:31:42,249 [INFO]  Epoch[4] Validation-mean_gmrt6-accuracy=0.000000
2023-11-08 13:31:42,249 [INFO]  
========== done (0.057053565979003906 s) fit model
2023-11-08 13:45:02,118 [INFO]  
========== start: fit model
2023-11-08 13:45:02,118 [WARNING]  Already bound, ignoring bind()
2023-11-08 13:45:02,125 [INFO]  Epoch[0] Batch [0-4]	Speed: 14051.27 samples/sec	cross-entropy=20.821222	mean_gmrt6-accuracy=0.000000
2023-11-08 13:45:02,128 [INFO]  Epoch[0] Train-cross-entropy=20.544132
2023-11-08 13:45:02,128 [INFO]  Epoch[0] Train-mean_gmrt6-accuracy=0.000000
2023-11-08 13:45:02,129 [INFO]  Epoch[0] Time cost=0.010
2023-11-08 13:45:02,130 [INFO]  Saved checkpoint to "./imputer_model/imputer_model_mean_gmrt6/model-0000.params"
2023-11-08 13:45:02,130 [INFO]  Epoch[0] Validation-cross-entropy=38.766827
2023-11-08 13:45:02,130 [INFO]  Epoch[0] Validation-mean_gmrt6-accuracy=0.000000
2023-11-08 13:45:02,136 [INFO]  Epoch[1] Batch [0-4]	Speed: 14206.69 samples/sec	cross-entropy=59.350896	mean_gmrt6-accuracy=0.000000
2023-11-08 13:45:02,140 [INFO]  Epoch[1] Train-cross-entropy=40.636948
2023-11-08 13:45:02,140 [INFO]  Epoch[1] Train-mean_gmrt6-accuracy=0.000000
2023-11-08 13:45:02,140 [INFO]  Epoch[1] Time cost=0.009
2023-11-08 13:45:02,141 [INFO]  Saved checkpoint to "./imputer_model/imputer_model_mean_gmrt6/model-0001.params"
2023-11-08 13:45:02,142 [INFO]  Epoch[1] Validation-cross-entropy=14.518970
2023-11-08 13:45:02,142 [INFO]  Epoch[1] Validation-mean_gmrt6-accuracy=0.000000
2023-11-08 13:45:02,147 [INFO]  Epoch[2] Batch [0-4]	Speed: 14419.61 samples/sec	cross-entropy=13.959631	mean_gmrt6-accuracy=0.000000
2023-11-08 13:45:02,151 [INFO]  Epoch[2] Train-cross-entropy=10.776809
2023-11-08 13:45:02,151 [INFO]  Epoch[2] Train-mean_gmrt6-accuracy=0.000000
2023-11-08 13:45:02,151 [INFO]  Epoch[2] Time cost=0.009
2023-11-08 13:45:02,152 [INFO]  Saved checkpoint to "./imputer_model/imputer_model_mean_gmrt6/model-0002.params"
2023-11-08 13:45:02,153 [INFO]  Epoch[2] Validation-cross-entropy=9.824677
2023-11-08 13:45:02,153 [INFO]  Epoch[2] Validation-mean_gmrt6-accuracy=0.000000
2023-11-08 13:45:02,159 [INFO]  Epoch[3] Batch [0-4]	Speed: 13601.31 samples/sec	cross-entropy=5.623930	mean_gmrt6-accuracy=0.000000
2023-11-08 13:45:02,164 [INFO]  Epoch[3] Train-cross-entropy=4.639324
2023-11-08 13:45:02,164 [INFO]  Epoch[3] Train-mean_gmrt6-accuracy=0.000000
2023-11-08 13:45:02,164 [INFO]  Epoch[3] Time cost=0.011
2023-11-08 13:45:02,167 [INFO]  Saved checkpoint to "./imputer_model/imputer_model_mean_gmrt6/model-0003.params"
2023-11-08 13:45:02,168 [INFO]  Epoch[3] Validation-cross-entropy=9.503565
2023-11-08 13:45:02,168 [INFO]  Epoch[3] Validation-mean_gmrt6-accuracy=0.000000
2023-11-08 13:45:02,176 [INFO]  Epoch[4] Batch [0-4]	Speed: 9958.28 samples/sec	cross-entropy=3.790150	mean_gmrt6-accuracy=0.000000
2023-11-08 13:45:02,181 [INFO]  Epoch[4] Train-cross-entropy=2.830680
2023-11-08 13:45:02,181 [INFO]  Epoch[4] Train-mean_gmrt6-accuracy=0.000000
2023-11-08 13:45:02,181 [INFO]  Epoch[4] Time cost=0.013
2023-11-08 13:45:02,183 [INFO]  Saved checkpoint to "./imputer_model/imputer_model_mean_gmrt6/model-0004.params"
2023-11-08 13:45:02,184 [INFO]  Epoch[4] Validation-cross-entropy=7.064521
2023-11-08 13:45:02,184 [INFO]  Epoch[4] Validation-mean_gmrt6-accuracy=0.000000
2023-11-08 13:45:02,184 [INFO]  
========== done (0.06623172760009766 s) fit model
2023-11-08 13:58:24,328 [INFO]  
========== start: fit model
2023-11-08 13:58:24,329 [WARNING]  Already bound, ignoring bind()
2023-11-08 13:58:24,335 [INFO]  Epoch[0] Batch [0-4]	Speed: 13986.84 samples/sec	cross-entropy=11.799101	mean_gmrt6-accuracy=2.600000
2023-11-08 13:58:24,339 [INFO]  Epoch[0] Train-cross-entropy=11.964949
2023-11-08 13:58:24,339 [INFO]  Epoch[0] Train-mean_gmrt6-accuracy=2.500000
2023-11-08 13:58:24,339 [INFO]  Epoch[0] Time cost=0.010
2023-11-08 13:58:24,340 [INFO]  Saved checkpoint to "./imputer_model/imputer_model_mean_gmrt6/model-0000.params"
2023-11-08 13:58:24,341 [INFO]  Epoch[0] Validation-cross-entropy=8.241908
2023-11-08 13:58:24,341 [INFO]  Epoch[0] Validation-mean_gmrt6-accuracy=0.000000
2023-11-08 13:58:24,348 [INFO]  Epoch[1] Batch [0-4]	Speed: 11289.71 samples/sec	cross-entropy=41.488980	mean_gmrt6-accuracy=2.600000
2023-11-08 13:58:24,353 [INFO]  Epoch[1] Train-cross-entropy=35.581939
2023-11-08 13:58:24,353 [INFO]  Epoch[1] Train-mean_gmrt6-accuracy=2.500000
2023-11-08 13:58:24,353 [INFO]  Epoch[1] Time cost=0.012
2023-11-08 13:58:24,357 [INFO]  Saved checkpoint to "./imputer_model/imputer_model_mean_gmrt6/model-0001.params"
2023-11-08 13:58:24,358 [INFO]  Epoch[1] Validation-cross-entropy=8.921230
2023-11-08 13:58:24,358 [INFO]  Epoch[1] Validation-mean_gmrt6-accuracy=0.000000
2023-11-08 13:58:24,365 [INFO]  Epoch[2] Batch [0-4]	Speed: 13760.98 samples/sec	cross-entropy=4.068234	mean_gmrt6-accuracy=2.600000
2023-11-08 13:58:24,368 [INFO]  Epoch[2] Train-cross-entropy=4.751285
2023-11-08 13:58:24,368 [INFO]  Epoch[2] Train-mean_gmrt6-accuracy=2.500000
2023-11-08 13:58:24,368 [INFO]  Epoch[2] Time cost=0.010
2023-11-08 13:58:24,371 [INFO]  Saved checkpoint to "./imputer_model/imputer_model_mean_gmrt6/model-0002.params"
2023-11-08 13:58:24,371 [INFO]  Epoch[2] Validation-cross-entropy=5.714252
2023-11-08 13:58:24,371 [INFO]  Epoch[2] Validation-mean_gmrt6-accuracy=0.000000
2023-11-08 13:58:24,377 [INFO]  Epoch[3] Batch [0-4]	Speed: 16613.16 samples/sec	cross-entropy=4.286456	mean_gmrt6-accuracy=2.600000
2023-11-08 13:58:24,380 [INFO]  Epoch[3] Train-cross-entropy=3.663457
2023-11-08 13:58:24,380 [INFO]  Epoch[3] Train-mean_gmrt6-accuracy=2.500000
2023-11-08 13:58:24,380 [INFO]  Epoch[3] Time cost=0.008
2023-11-08 13:58:24,381 [INFO]  Saved checkpoint to "./imputer_model/imputer_model_mean_gmrt6/model-0003.params"
2023-11-08 13:58:24,382 [INFO]  Epoch[3] Validation-cross-entropy=4.939341
2023-11-08 13:58:24,382 [INFO]  Epoch[3] Validation-mean_gmrt6-accuracy=0.000000
2023-11-08 13:58:24,387 [INFO]  Epoch[4] Batch [0-4]	Speed: 16324.22 samples/sec	cross-entropy=1.470364	mean_gmrt6-accuracy=2.600000
2023-11-08 13:58:24,390 [INFO]  Epoch[4] Train-cross-entropy=1.134873
2023-11-08 13:58:24,390 [INFO]  Epoch[4] Train-mean_gmrt6-accuracy=2.500000
2023-11-08 13:58:24,390 [INFO]  Epoch[4] Time cost=0.008
2023-11-08 13:58:24,392 [INFO]  Saved checkpoint to "./imputer_model/imputer_model_mean_gmrt6/model-0004.params"
2023-11-08 13:58:24,392 [INFO]  Epoch[4] Validation-cross-entropy=6.800972
2023-11-08 13:58:24,392 [INFO]  Epoch[4] Validation-mean_gmrt6-accuracy=0.000000
2023-11-08 13:58:24,392 [INFO]  
========== done (0.06380724906921387 s) fit model
2023-11-08 14:11:48,859 [INFO]  
========== start: fit model
2023-11-08 14:11:48,859 [WARNING]  Already bound, ignoring bind()
2023-11-08 14:11:48,867 [INFO]  Epoch[0] Batch [0-4]	Speed: 14021.18 samples/sec	cross-entropy=24.893994	mean_gmrt6-accuracy=2.800000
2023-11-08 14:11:48,872 [INFO]  Epoch[0] Train-cross-entropy=26.661842
2023-11-08 14:11:48,872 [INFO]  Epoch[0] Train-mean_gmrt6-accuracy=2.250000
2023-11-08 14:11:48,872 [INFO]  Epoch[0] Time cost=0.012
2023-11-08 14:11:48,875 [INFO]  Saved checkpoint to "./imputer_model/imputer_model_mean_gmrt6/model-0000.params"
2023-11-08 14:11:48,876 [INFO]  Epoch[0] Validation-cross-entropy=15.050411
2023-11-08 14:11:48,876 [INFO]  Epoch[0] Validation-mean_gmrt6-accuracy=0.000000
2023-11-08 14:11:48,882 [INFO]  Epoch[1] Batch [0-4]	Speed: 14339.50 samples/sec	cross-entropy=34.641286	mean_gmrt6-accuracy=2.800000
2023-11-08 14:11:48,887 [INFO]  Epoch[1] Train-cross-entropy=52.607235
2023-11-08 14:11:48,887 [INFO]  Epoch[1] Train-mean_gmrt6-accuracy=2.250000
2023-11-08 14:11:48,887 [INFO]  Epoch[1] Time cost=0.011
2023-11-08 14:11:48,889 [INFO]  Saved checkpoint to "./imputer_model/imputer_model_mean_gmrt6/model-0001.params"
2023-11-08 14:11:48,890 [INFO]  Epoch[1] Validation-cross-entropy=10.637252
2023-11-08 14:11:48,890 [INFO]  Epoch[1] Validation-mean_gmrt6-accuracy=0.000000
2023-11-08 14:11:48,896 [INFO]  Epoch[2] Batch [0-4]	Speed: 13559.40 samples/sec	cross-entropy=5.360721	mean_gmrt6-accuracy=2.800000
2023-11-08 14:11:48,900 [INFO]  Epoch[2] Train-cross-entropy=5.879448
2023-11-08 14:11:48,900 [INFO]  Epoch[2] Train-mean_gmrt6-accuracy=2.250000
2023-11-08 14:11:48,900 [INFO]  Epoch[2] Time cost=0.010
2023-11-08 14:11:48,901 [INFO]  Saved checkpoint to "./imputer_model/imputer_model_mean_gmrt6/model-0002.params"
2023-11-08 14:11:48,902 [INFO]  Epoch[2] Validation-cross-entropy=15.310461
2023-11-08 14:11:48,902 [INFO]  Epoch[2] Validation-mean_gmrt6-accuracy=0.000000
2023-11-08 14:11:48,908 [INFO]  Epoch[3] Batch [0-4]	Speed: 14088.14 samples/sec	cross-entropy=3.684394	mean_gmrt6-accuracy=2.800000
2023-11-08 14:11:48,911 [INFO]  Epoch[3] Train-cross-entropy=5.417262
2023-11-08 14:11:48,911 [INFO]  Epoch[3] Train-mean_gmrt6-accuracy=2.250000
2023-11-08 14:11:48,911 [INFO]  Epoch[3] Time cost=0.009
2023-11-08 14:11:48,913 [INFO]  Saved checkpoint to "./imputer_model/imputer_model_mean_gmrt6/model-0003.params"
2023-11-08 14:11:48,913 [INFO]  Epoch[3] Validation-cross-entropy=11.147869
2023-11-08 14:11:48,913 [INFO]  Epoch[3] Validation-mean_gmrt6-accuracy=0.000000
2023-11-08 14:11:48,921 [INFO]  Epoch[4] Batch [0-4]	Speed: 10101.05 samples/sec	cross-entropy=1.397548	mean_gmrt6-accuracy=2.800000
2023-11-08 14:11:48,925 [INFO]  Epoch[4] Train-cross-entropy=1.386376
2023-11-08 14:11:48,926 [INFO]  Epoch[4] Train-mean_gmrt6-accuracy=2.250000
2023-11-08 14:11:48,926 [INFO]  Epoch[4] Time cost=0.012
2023-11-08 14:11:48,929 [INFO]  Saved checkpoint to "./imputer_model/imputer_model_mean_gmrt6/model-0004.params"
2023-11-08 14:11:48,930 [INFO]  Epoch[4] Validation-cross-entropy=7.305638
2023-11-08 14:11:48,930 [INFO]  Epoch[4] Validation-mean_gmrt6-accuracy=0.000000
2023-11-08 14:11:48,930 [INFO]  
========== done (0.07073378562927246 s) fit model
2023-11-08 14:25:22,079 [INFO]  
========== start: fit model
2023-11-08 14:25:22,079 [WARNING]  Already bound, ignoring bind()
2023-11-08 14:25:22,086 [INFO]  Epoch[0] Batch [0-4]	Speed: 14136.37 samples/sec	cross-entropy=21.901484	mean_gmrt6-accuracy=0.000000
2023-11-08 14:25:22,089 [INFO]  Epoch[0] Train-cross-entropy=18.335228
2023-11-08 14:25:22,089 [INFO]  Epoch[0] Train-mean_gmrt6-accuracy=0.000000
2023-11-08 14:25:22,089 [INFO]  Epoch[0] Time cost=0.010
2023-11-08 14:25:22,090 [INFO]  Saved checkpoint to "./imputer_model/imputer_model_mean_gmrt6/model-0000.params"
2023-11-08 14:25:22,091 [INFO]  Epoch[0] Validation-cross-entropy=45.865578
2023-11-08 14:25:22,091 [INFO]  Epoch[0] Validation-mean_gmrt6-accuracy=0.000000
2023-11-08 14:25:22,096 [INFO]  Epoch[1] Batch [0-4]	Speed: 14836.43 samples/sec	cross-entropy=28.102040	mean_gmrt6-accuracy=0.000000
2023-11-08 14:25:22,100 [INFO]  Epoch[1] Train-cross-entropy=22.155591
2023-11-08 14:25:22,100 [INFO]  Epoch[1] Train-mean_gmrt6-accuracy=0.000000
2023-11-08 14:25:22,101 [INFO]  Epoch[1] Time cost=0.010
2023-11-08 14:25:22,104 [INFO]  Saved checkpoint to "./imputer_model/imputer_model_mean_gmrt6/model-0001.params"
2023-11-08 14:25:22,105 [INFO]  Epoch[1] Validation-cross-entropy=49.987976
2023-11-08 14:25:22,105 [INFO]  Epoch[1] Validation-mean_gmrt6-accuracy=0.000000
2023-11-08 14:25:22,112 [INFO]  Epoch[2] Batch [0-4]	Speed: 11387.89 samples/sec	cross-entropy=5.075394	mean_gmrt6-accuracy=0.000000
2023-11-08 14:25:22,116 [INFO]  Epoch[2] Train-cross-entropy=4.365831
2023-11-08 14:25:22,116 [INFO]  Epoch[2] Train-mean_gmrt6-accuracy=0.000000
2023-11-08 14:25:22,116 [INFO]  Epoch[2] Time cost=0.011
2023-11-08 14:25:22,117 [INFO]  Saved checkpoint to "./imputer_model/imputer_model_mean_gmrt6/model-0002.params"
2023-11-08 14:25:22,117 [INFO]  Epoch[2] Validation-cross-entropy=23.707451
2023-11-08 14:25:22,117 [INFO]  Epoch[2] Validation-mean_gmrt6-accuracy=0.000000
2023-11-08 14:25:22,122 [INFO]  Epoch[3] Batch [0-4]	Speed: 19919.52 samples/sec	cross-entropy=3.765098	mean_gmrt6-accuracy=0.000000
2023-11-08 14:25:22,124 [INFO]  Epoch[3] Train-cross-entropy=2.843380
2023-11-08 14:25:22,124 [INFO]  Epoch[3] Train-mean_gmrt6-accuracy=0.000000
2023-11-08 14:25:22,124 [INFO]  Epoch[3] Time cost=0.007
2023-11-08 14:25:22,125 [INFO]  Saved checkpoint to "./imputer_model/imputer_model_mean_gmrt6/model-0003.params"
2023-11-08 14:25:22,126 [INFO]  Epoch[3] Validation-cross-entropy=22.998228
2023-11-08 14:25:22,126 [INFO]  Epoch[3] Validation-mean_gmrt6-accuracy=0.000000
2023-11-08 14:25:22,130 [INFO]  Epoch[4] Batch [0-4]	Speed: 18447.90 samples/sec	cross-entropy=2.040672	mean_gmrt6-accuracy=0.000000
2023-11-08 14:25:22,133 [INFO]  Epoch[4] Train-cross-entropy=1.594378
2023-11-08 14:25:22,133 [INFO]  Epoch[4] Train-mean_gmrt6-accuracy=0.000000
2023-11-08 14:25:22,133 [INFO]  Epoch[4] Time cost=0.007
2023-11-08 14:25:22,134 [INFO]  Saved checkpoint to "./imputer_model/imputer_model_mean_gmrt6/model-0004.params"
2023-11-08 14:25:22,135 [INFO]  Epoch[4] Validation-cross-entropy=22.202414
2023-11-08 14:25:22,135 [INFO]  Epoch[4] Validation-mean_gmrt6-accuracy=0.000000
2023-11-08 14:25:22,135 [INFO]  
========== done (0.05637025833129883 s) fit model
2023-11-08 14:39:17,729 [INFO]  
========== start: fit model
2023-11-08 14:39:17,729 [WARNING]  Already bound, ignoring bind()
2023-11-08 14:39:17,736 [INFO]  Epoch[0] Batch [0-4]	Speed: 13878.37 samples/sec	cross-entropy=26.896004	mean_gmrt6-accuracy=0.000000
2023-11-08 14:39:17,739 [INFO]  Epoch[0] Train-cross-entropy=23.761914
2023-11-08 14:39:17,739 [INFO]  Epoch[0] Train-mean_gmrt6-accuracy=0.000000
2023-11-08 14:39:17,740 [INFO]  Epoch[0] Time cost=0.010
2023-11-08 14:39:17,741 [INFO]  Saved checkpoint to "./imputer_model/imputer_model_mean_gmrt6/model-0000.params"
2023-11-08 14:39:17,741 [INFO]  Epoch[0] Validation-cross-entropy=25.645880
2023-11-08 14:39:17,741 [INFO]  Epoch[0] Validation-mean_gmrt6-accuracy=0.000000
2023-11-08 14:39:17,751 [INFO]  Epoch[1] Batch [0-4]	Speed: 7653.84 samples/sec	cross-entropy=29.696288	mean_gmrt6-accuracy=0.000000
2023-11-08 14:39:17,754 [INFO]  Epoch[1] Train-cross-entropy=24.615835
2023-11-08 14:39:17,754 [INFO]  Epoch[1] Train-mean_gmrt6-accuracy=0.000000
2023-11-08 14:39:17,754 [INFO]  Epoch[1] Time cost=0.013
2023-11-08 14:39:17,756 [INFO]  Saved checkpoint to "./imputer_model/imputer_model_mean_gmrt6/model-0001.params"
2023-11-08 14:39:17,756 [INFO]  Epoch[1] Validation-cross-entropy=17.472130
2023-11-08 14:39:17,756 [INFO]  Epoch[1] Validation-mean_gmrt6-accuracy=0.000000
2023-11-08 14:39:17,764 [INFO]  Epoch[2] Batch [0-4]	Speed: 9801.56 samples/sec	cross-entropy=7.845823	mean_gmrt6-accuracy=0.000000
2023-11-08 14:39:17,769 [INFO]  Epoch[2] Train-cross-entropy=6.432888
2023-11-08 14:39:17,769 [INFO]  Epoch[2] Train-mean_gmrt6-accuracy=0.000000
2023-11-08 14:39:17,769 [INFO]  Epoch[2] Time cost=0.013
2023-11-08 14:39:17,773 [INFO]  Saved checkpoint to "./imputer_model/imputer_model_mean_gmrt6/model-0002.params"
2023-11-08 14:39:17,774 [INFO]  Epoch[2] Validation-cross-entropy=9.595197
2023-11-08 14:39:17,774 [INFO]  Epoch[2] Validation-mean_gmrt6-accuracy=0.000000
2023-11-08 14:39:17,781 [INFO]  Epoch[3] Batch [0-4]	Speed: 12304.52 samples/sec	cross-entropy=3.380396	mean_gmrt6-accuracy=0.000000
2023-11-08 14:39:17,785 [INFO]  Epoch[3] Train-cross-entropy=2.925808
2023-11-08 14:39:17,785 [INFO]  Epoch[3] Train-mean_gmrt6-accuracy=0.000000
2023-11-08 14:39:17,785 [INFO]  Epoch[3] Time cost=0.011
2023-11-08 14:39:17,787 [INFO]  Saved checkpoint to "./imputer_model/imputer_model_mean_gmrt6/model-0003.params"
2023-11-08 14:39:17,788 [INFO]  Epoch[3] Validation-cross-entropy=8.859455
2023-11-08 14:39:17,788 [INFO]  Epoch[3] Validation-mean_gmrt6-accuracy=0.000000
2023-11-08 14:39:17,794 [INFO]  Epoch[4] Batch [0-4]	Speed: 13407.03 samples/sec	cross-entropy=1.384188	mean_gmrt6-accuracy=0.000000
2023-11-08 14:39:17,797 [INFO]  Epoch[4] Train-cross-entropy=1.105643
2023-11-08 14:39:17,798 [INFO]  Epoch[4] Train-mean_gmrt6-accuracy=0.000000
2023-11-08 14:39:17,798 [INFO]  Epoch[4] Time cost=0.010
2023-11-08 14:39:17,799 [INFO]  Saved checkpoint to "./imputer_model/imputer_model_mean_gmrt6/model-0004.params"
2023-11-08 14:39:17,800 [INFO]  Epoch[4] Validation-cross-entropy=7.600117
2023-11-08 14:39:17,800 [INFO]  Epoch[4] Validation-mean_gmrt6-accuracy=0.000000
2023-11-08 14:39:17,800 [INFO]  
========== done (0.07137322425842285 s) fit model
2023-11-08 14:53:22,205 [INFO]  
========== start: fit model
2023-11-08 14:53:22,205 [WARNING]  Already bound, ignoring bind()
2023-11-08 14:53:22,212 [INFO]  Epoch[0] Batch [0-4]	Speed: 13783.59 samples/sec	cross-entropy=21.754065	mean_gmrt6-accuracy=2.800000
2023-11-08 14:53:22,215 [INFO]  Epoch[0] Train-cross-entropy=19.370985
2023-11-08 14:53:22,215 [INFO]  Epoch[0] Train-mean_gmrt6-accuracy=2.500000
2023-11-08 14:53:22,215 [INFO]  Epoch[0] Time cost=0.010
2023-11-08 14:53:22,217 [INFO]  Saved checkpoint to "./imputer_model/imputer_model_mean_gmrt6/model-0000.params"
2023-11-08 14:53:22,217 [INFO]  Epoch[0] Validation-cross-entropy=13.317586
2023-11-08 14:53:22,217 [INFO]  Epoch[0] Validation-mean_gmrt6-accuracy=0.000000
2023-11-08 14:53:22,225 [INFO]  Epoch[1] Batch [0-4]	Speed: 9950.53 samples/sec	cross-entropy=33.929954	mean_gmrt6-accuracy=2.800000
2023-11-08 14:53:22,230 [INFO]  Epoch[1] Train-cross-entropy=29.825677
2023-11-08 14:53:22,230 [INFO]  Epoch[1] Train-mean_gmrt6-accuracy=2.500000
2023-11-08 14:53:22,231 [INFO]  Epoch[1] Time cost=0.013
2023-11-08 14:53:22,234 [INFO]  Saved checkpoint to "./imputer_model/imputer_model_mean_gmrt6/model-0001.params"
2023-11-08 14:53:22,235 [INFO]  Epoch[1] Validation-cross-entropy=11.829706
2023-11-08 14:53:22,235 [INFO]  Epoch[1] Validation-mean_gmrt6-accuracy=0.000000
2023-11-08 14:53:22,243 [INFO]  Epoch[2] Batch [0-4]	Speed: 11529.25 samples/sec	cross-entropy=5.698172	mean_gmrt6-accuracy=2.800000
2023-11-08 14:53:22,247 [INFO]  Epoch[2] Train-cross-entropy=6.012893
2023-11-08 14:53:22,247 [INFO]  Epoch[2] Train-mean_gmrt6-accuracy=2.500000
2023-11-08 14:53:22,247 [INFO]  Epoch[2] Time cost=0.012
2023-11-08 14:53:22,249 [INFO]  Saved checkpoint to "./imputer_model/imputer_model_mean_gmrt6/model-0002.params"
2023-11-08 14:53:22,250 [INFO]  Epoch[2] Validation-cross-entropy=12.432080
2023-11-08 14:53:22,250 [INFO]  Epoch[2] Validation-mean_gmrt6-accuracy=0.000000
2023-11-08 14:53:22,256 [INFO]  Epoch[3] Batch [0-4]	Speed: 13417.08 samples/sec	cross-entropy=3.252491	mean_gmrt6-accuracy=2.800000
2023-11-08 14:53:22,260 [INFO]  Epoch[3] Train-cross-entropy=4.036820
2023-11-08 14:53:22,260 [INFO]  Epoch[3] Train-mean_gmrt6-accuracy=2.500000
2023-11-08 14:53:22,260 [INFO]  Epoch[3] Time cost=0.010
2023-11-08 14:53:22,261 [INFO]  Saved checkpoint to "./imputer_model/imputer_model_mean_gmrt6/model-0003.params"
2023-11-08 14:53:22,262 [INFO]  Epoch[3] Validation-cross-entropy=12.063060
2023-11-08 14:53:22,262 [INFO]  Epoch[3] Validation-mean_gmrt6-accuracy=0.000000
2023-11-08 14:53:22,268 [INFO]  Epoch[4] Batch [0-4]	Speed: 13541.62 samples/sec	cross-entropy=1.157936	mean_gmrt6-accuracy=2.800000
2023-11-08 14:53:22,272 [INFO]  Epoch[4] Train-cross-entropy=1.116517
2023-11-08 14:53:22,272 [INFO]  Epoch[4] Train-mean_gmrt6-accuracy=2.500000
2023-11-08 14:53:22,272 [INFO]  Epoch[4] Time cost=0.010
2023-11-08 14:53:22,273 [INFO]  Saved checkpoint to "./imputer_model/imputer_model_mean_gmrt6/model-0004.params"
2023-11-08 14:53:22,274 [INFO]  Epoch[4] Validation-cross-entropy=14.941118
2023-11-08 14:53:22,274 [INFO]  Epoch[4] Validation-mean_gmrt6-accuracy=0.000000
2023-11-08 14:53:22,274 [INFO]  
========== done (0.06963109970092773 s) fit model
