2023-11-08 12:53:54,694 [INFO]  
========== start: fit model
2023-11-08 12:53:54,694 [WARNING]  Already bound, ignoring bind()
2023-11-08 12:53:54,725 [INFO]  Epoch[0] Batch [0-4]	Speed: 2267.27 samples/sec	cross-entropy=31.867031	num_of_pendown24-accuracy=0.000000
2023-11-08 12:53:54,733 [INFO]  Epoch[0] Train-cross-entropy=27.617498
2023-11-08 12:53:54,733 [INFO]  Epoch[0] Train-num_of_pendown24-accuracy=0.000000
2023-11-08 12:53:54,733 [INFO]  Epoch[0] Time cost=0.038
2023-11-08 12:53:54,735 [INFO]  Saved checkpoint to "./imputer_model/imputer_model_num_of_pendown24/model-0000.params"
2023-11-08 12:53:54,739 [INFO]  Epoch[0] Validation-cross-entropy=4.066656
2023-11-08 12:53:54,739 [INFO]  Epoch[0] Validation-num_of_pendown24-accuracy=0.000000
2023-11-08 12:53:54,753 [INFO]  Epoch[1] Batch [0-4]	Speed: 5928.21 samples/sec	cross-entropy=30.904015	num_of_pendown24-accuracy=0.000000
2023-11-08 12:53:54,761 [INFO]  Epoch[1] Train-cross-entropy=24.913875
2023-11-08 12:53:54,761 [INFO]  Epoch[1] Train-num_of_pendown24-accuracy=0.000000
2023-11-08 12:53:54,761 [INFO]  Epoch[1] Time cost=0.022
2023-11-08 12:53:54,763 [INFO]  Saved checkpoint to "./imputer_model/imputer_model_num_of_pendown24/model-0001.params"
2023-11-08 12:53:54,829 [INFO]  Epoch[1] Validation-cross-entropy=9.168587
2023-11-08 12:53:54,829 [INFO]  Epoch[1] Validation-num_of_pendown24-accuracy=0.000000
2023-11-08 12:53:54,837 [INFO]  Epoch[2] Batch [0-4]	Speed: 11351.30 samples/sec	cross-entropy=6.662067	num_of_pendown24-accuracy=0.000000
2023-11-08 12:53:54,841 [INFO]  Epoch[2] Train-cross-entropy=5.239172
2023-11-08 12:53:54,841 [INFO]  Epoch[2] Train-num_of_pendown24-accuracy=0.000000
2023-11-08 12:53:54,841 [INFO]  Epoch[2] Time cost=0.012
2023-11-08 12:53:54,843 [INFO]  Saved checkpoint to "./imputer_model/imputer_model_num_of_pendown24/model-0002.params"
2023-11-08 12:53:54,844 [INFO]  Epoch[2] Validation-cross-entropy=8.784850
2023-11-08 12:53:54,844 [INFO]  Epoch[2] Validation-num_of_pendown24-accuracy=0.000000
2023-11-08 12:53:54,851 [INFO]  Epoch[3] Batch [0-4]	Speed: 12207.16 samples/sec	cross-entropy=3.119747	num_of_pendown24-accuracy=0.000000
2023-11-08 12:53:54,855 [INFO]  Epoch[3] Train-cross-entropy=2.296430
2023-11-08 12:53:54,855 [INFO]  Epoch[3] Train-num_of_pendown24-accuracy=0.000000
2023-11-08 12:53:54,855 [INFO]  Epoch[3] Time cost=0.011
2023-11-08 12:53:54,857 [INFO]  Saved checkpoint to "./imputer_model/imputer_model_num_of_pendown24/model-0003.params"
2023-11-08 12:53:54,858 [INFO]  Epoch[3] Validation-cross-entropy=7.710789
2023-11-08 12:53:54,858 [INFO]  Epoch[3] Validation-num_of_pendown24-accuracy=0.000000
2023-11-08 12:53:54,909 [INFO]  Epoch[4] Batch [0-4]	Speed: 1301.11 samples/sec	cross-entropy=1.310789	num_of_pendown24-accuracy=0.000000
2023-11-08 12:53:54,958 [INFO]  Epoch[4] Train-cross-entropy=1.104625
2023-11-08 12:53:54,958 [INFO]  Epoch[4] Train-num_of_pendown24-accuracy=0.000000
2023-11-08 12:53:54,958 [INFO]  Epoch[4] Time cost=0.100
2023-11-08 12:53:54,962 [INFO]  Saved checkpoint to "./imputer_model/imputer_model_num_of_pendown24/model-0004.params"
2023-11-08 12:53:54,963 [INFO]  Epoch[4] Validation-cross-entropy=8.352910
2023-11-08 12:53:54,963 [INFO]  Epoch[4] Validation-num_of_pendown24-accuracy=0.000000
2023-11-08 12:53:54,963 [INFO]  
========== done (0.2694532871246338 s) fit model
2023-11-08 13:10:04,840 [INFO]  
========== start: fit model
2023-11-08 13:10:04,840 [WARNING]  Already bound, ignoring bind()
2023-11-08 13:10:04,852 [INFO]  Epoch[0] Batch [0-4]	Speed: 9936.53 samples/sec	cross-entropy=22.161936	num_of_pendown24-accuracy=2.800000
2023-11-08 13:10:04,857 [INFO]  Epoch[0] Train-cross-entropy=21.189201
2023-11-08 13:10:04,857 [INFO]  Epoch[0] Train-num_of_pendown24-accuracy=3.000000
2023-11-08 13:10:04,857 [INFO]  Epoch[0] Time cost=0.017
2023-11-08 13:10:04,880 [INFO]  Saved checkpoint to "./imputer_model/imputer_model_num_of_pendown24/model-0000.params"
2023-11-08 13:10:04,881 [INFO]  Epoch[0] Validation-cross-entropy=25.213322
2023-11-08 13:10:04,881 [INFO]  Epoch[0] Validation-num_of_pendown24-accuracy=0.000000
2023-11-08 13:10:04,889 [INFO]  Epoch[1] Batch [0-4]	Speed: 10196.20 samples/sec	cross-entropy=31.788498	num_of_pendown24-accuracy=2.800000
2023-11-08 13:10:04,893 [INFO]  Epoch[1] Train-cross-entropy=39.958572
2023-11-08 13:10:04,894 [INFO]  Epoch[1] Train-num_of_pendown24-accuracy=3.000000
2023-11-08 13:10:04,894 [INFO]  Epoch[1] Time cost=0.013
2023-11-08 13:10:04,896 [INFO]  Saved checkpoint to "./imputer_model/imputer_model_num_of_pendown24/model-0001.params"
2023-11-08 13:10:04,897 [INFO]  Epoch[1] Validation-cross-entropy=17.542181
2023-11-08 13:10:04,897 [INFO]  Epoch[1] Validation-num_of_pendown24-accuracy=0.000000
2023-11-08 13:10:04,903 [INFO]  Epoch[2] Batch [0-4]	Speed: 13242.34 samples/sec	cross-entropy=10.618222	num_of_pendown24-accuracy=2.800000
2023-11-08 13:10:04,907 [INFO]  Epoch[2] Train-cross-entropy=10.973270
2023-11-08 13:10:04,907 [INFO]  Epoch[2] Train-num_of_pendown24-accuracy=3.000000
2023-11-08 13:10:04,907 [INFO]  Epoch[2] Time cost=0.010
2023-11-08 13:10:04,909 [INFO]  Saved checkpoint to "./imputer_model/imputer_model_num_of_pendown24/model-0002.params"
2023-11-08 13:10:04,910 [INFO]  Epoch[2] Validation-cross-entropy=10.144100
2023-11-08 13:10:04,910 [INFO]  Epoch[2] Validation-num_of_pendown24-accuracy=0.000000
2023-11-08 13:10:04,916 [INFO]  Epoch[3] Batch [0-4]	Speed: 14053.48 samples/sec	cross-entropy=2.935538	num_of_pendown24-accuracy=2.800000
2023-11-08 13:10:04,919 [INFO]  Epoch[3] Train-cross-entropy=2.610772
2023-11-08 13:10:04,919 [INFO]  Epoch[3] Train-num_of_pendown24-accuracy=3.000000
2023-11-08 13:10:04,919 [INFO]  Epoch[3] Time cost=0.009
2023-11-08 13:10:04,921 [INFO]  Saved checkpoint to "./imputer_model/imputer_model_num_of_pendown24/model-0003.params"
2023-11-08 13:10:04,921 [INFO]  Epoch[3] Validation-cross-entropy=11.500854
2023-11-08 13:10:04,921 [INFO]  Epoch[3] Validation-num_of_pendown24-accuracy=0.000000
2023-11-08 13:10:04,927 [INFO]  Epoch[4] Batch [0-4]	Speed: 14471.69 samples/sec	cross-entropy=2.053243	num_of_pendown24-accuracy=2.800000
2023-11-08 13:10:04,930 [INFO]  Epoch[4] Train-cross-entropy=1.854542
2023-11-08 13:10:04,930 [INFO]  Epoch[4] Train-num_of_pendown24-accuracy=3.000000
2023-11-08 13:10:04,930 [INFO]  Epoch[4] Time cost=0.009
2023-11-08 13:10:04,932 [INFO]  Saved checkpoint to "./imputer_model/imputer_model_num_of_pendown24/model-0004.params"
2023-11-08 13:10:04,932 [INFO]  Epoch[4] Validation-cross-entropy=8.572196
2023-11-08 13:10:04,932 [INFO]  Epoch[4] Validation-num_of_pendown24-accuracy=0.000000
2023-11-08 13:10:04,932 [INFO]  
========== done (0.09288263320922852 s) fit model
2023-11-08 13:23:21,734 [INFO]  
========== start: fit model
2023-11-08 13:23:21,734 [WARNING]  Already bound, ignoring bind()
2023-11-08 13:23:21,741 [INFO]  Epoch[0] Batch [0-4]	Speed: 14056.42 samples/sec	cross-entropy=12.368677	num_of_pendown24-accuracy=3.400000
2023-11-08 13:23:21,745 [INFO]  Epoch[0] Train-cross-entropy=18.794122
2023-11-08 13:23:21,745 [INFO]  Epoch[0] Train-num_of_pendown24-accuracy=3.125000
2023-11-08 13:23:21,745 [INFO]  Epoch[0] Time cost=0.010
2023-11-08 13:23:21,746 [INFO]  Saved checkpoint to "./imputer_model/imputer_model_num_of_pendown24/model-0000.params"
2023-11-08 13:23:21,746 [INFO]  Epoch[0] Validation-cross-entropy=36.777122
2023-11-08 13:23:21,747 [INFO]  Epoch[0] Validation-num_of_pendown24-accuracy=0.000000
2023-11-08 13:23:21,754 [INFO]  Epoch[1] Batch [0-4]	Speed: 11294.94 samples/sec	cross-entropy=32.441367	num_of_pendown24-accuracy=3.400000
2023-11-08 13:23:21,759 [INFO]  Epoch[1] Train-cross-entropy=24.918825
2023-11-08 13:23:21,759 [INFO]  Epoch[1] Train-num_of_pendown24-accuracy=3.125000
2023-11-08 13:23:21,759 [INFO]  Epoch[1] Time cost=0.012
2023-11-08 13:23:21,761 [INFO]  Saved checkpoint to "./imputer_model/imputer_model_num_of_pendown24/model-0001.params"
2023-11-08 13:23:21,762 [INFO]  Epoch[1] Validation-cross-entropy=35.221622
2023-11-08 13:23:21,762 [INFO]  Epoch[1] Validation-num_of_pendown24-accuracy=0.000000
2023-11-08 13:23:21,767 [INFO]  Epoch[2] Batch [0-4]	Speed: 17129.44 samples/sec	cross-entropy=7.067580	num_of_pendown24-accuracy=3.400000
2023-11-08 13:23:21,770 [INFO]  Epoch[2] Train-cross-entropy=6.873956
2023-11-08 13:23:21,770 [INFO]  Epoch[2] Train-num_of_pendown24-accuracy=3.125000
2023-11-08 13:23:21,770 [INFO]  Epoch[2] Time cost=0.008
2023-11-08 13:23:21,771 [INFO]  Saved checkpoint to "./imputer_model/imputer_model_num_of_pendown24/model-0002.params"
2023-11-08 13:23:21,772 [INFO]  Epoch[2] Validation-cross-entropy=38.413517
2023-11-08 13:23:21,772 [INFO]  Epoch[2] Validation-num_of_pendown24-accuracy=0.000000
2023-11-08 13:23:21,777 [INFO]  Epoch[3] Batch [0-4]	Speed: 17578.12 samples/sec	cross-entropy=2.940561	num_of_pendown24-accuracy=3.400000
2023-11-08 13:23:21,780 [INFO]  Epoch[3] Train-cross-entropy=3.072840
2023-11-08 13:23:21,780 [INFO]  Epoch[3] Train-num_of_pendown24-accuracy=3.125000
2023-11-08 13:23:21,780 [INFO]  Epoch[3] Time cost=0.008
2023-11-08 13:23:21,781 [INFO]  Saved checkpoint to "./imputer_model/imputer_model_num_of_pendown24/model-0003.params"
2023-11-08 13:23:21,781 [INFO]  Epoch[3] Validation-cross-entropy=33.796505
2023-11-08 13:23:21,781 [INFO]  Epoch[3] Validation-num_of_pendown24-accuracy=0.000000
2023-11-08 13:23:21,786 [INFO]  Epoch[4] Batch [0-4]	Speed: 17685.83 samples/sec	cross-entropy=2.533210	num_of_pendown24-accuracy=3.400000
2023-11-08 13:23:21,789 [INFO]  Epoch[4] Train-cross-entropy=2.066324
2023-11-08 13:23:21,789 [INFO]  Epoch[4] Train-num_of_pendown24-accuracy=3.125000
2023-11-08 13:23:21,789 [INFO]  Epoch[4] Time cost=0.008
2023-11-08 13:23:21,790 [INFO]  Saved checkpoint to "./imputer_model/imputer_model_num_of_pendown24/model-0004.params"
2023-11-08 13:23:21,791 [INFO]  Epoch[4] Validation-cross-entropy=37.261730
2023-11-08 13:23:21,791 [INFO]  Epoch[4] Validation-num_of_pendown24-accuracy=0.000000
2023-11-08 13:23:21,791 [INFO]  
========== done (0.05659222602844238 s) fit model
2023-11-08 13:36:41,276 [INFO]  
========== start: fit model
2023-11-08 13:36:41,276 [WARNING]  Already bound, ignoring bind()
2023-11-08 13:36:41,283 [INFO]  Epoch[0] Batch [0-4]	Speed: 14209.70 samples/sec	cross-entropy=25.192997	num_of_pendown24-accuracy=0.000000
2023-11-08 13:36:41,286 [INFO]  Epoch[0] Train-cross-entropy=21.318251
2023-11-08 13:36:41,287 [INFO]  Epoch[0] Train-num_of_pendown24-accuracy=0.000000
2023-11-08 13:36:41,287 [INFO]  Epoch[0] Time cost=0.010
2023-11-08 13:36:41,288 [INFO]  Saved checkpoint to "./imputer_model/imputer_model_num_of_pendown24/model-0000.params"
2023-11-08 13:36:41,288 [INFO]  Epoch[0] Validation-cross-entropy=5.295763
2023-11-08 13:36:41,288 [INFO]  Epoch[0] Validation-num_of_pendown24-accuracy=0.000000
2023-11-08 13:36:41,294 [INFO]  Epoch[1] Batch [0-4]	Speed: 15794.97 samples/sec	cross-entropy=25.797157	num_of_pendown24-accuracy=0.000000
2023-11-08 13:36:41,297 [INFO]  Epoch[1] Train-cross-entropy=19.751039
2023-11-08 13:36:41,297 [INFO]  Epoch[1] Train-num_of_pendown24-accuracy=0.000000
2023-11-08 13:36:41,297 [INFO]  Epoch[1] Time cost=0.008
2023-11-08 13:36:41,298 [INFO]  Saved checkpoint to "./imputer_model/imputer_model_num_of_pendown24/model-0001.params"
2023-11-08 13:36:41,299 [INFO]  Epoch[1] Validation-cross-entropy=3.497598
2023-11-08 13:36:41,299 [INFO]  Epoch[1] Validation-num_of_pendown24-accuracy=0.000000
2023-11-08 13:36:41,304 [INFO]  Epoch[2] Batch [0-4]	Speed: 15010.65 samples/sec	cross-entropy=4.590799	num_of_pendown24-accuracy=0.000000
2023-11-08 13:36:41,307 [INFO]  Epoch[2] Train-cross-entropy=3.757013
2023-11-08 13:36:41,307 [INFO]  Epoch[2] Train-num_of_pendown24-accuracy=0.000000
2023-11-08 13:36:41,307 [INFO]  Epoch[2] Time cost=0.009
2023-11-08 13:36:41,309 [INFO]  Saved checkpoint to "./imputer_model/imputer_model_num_of_pendown24/model-0002.params"
2023-11-08 13:36:41,309 [INFO]  Epoch[2] Validation-cross-entropy=4.045565
2023-11-08 13:36:41,309 [INFO]  Epoch[2] Validation-num_of_pendown24-accuracy=0.000000
2023-11-08 13:36:41,315 [INFO]  Epoch[3] Batch [0-4]	Speed: 14590.47 samples/sec	cross-entropy=3.999775	num_of_pendown24-accuracy=0.000000
2023-11-08 13:36:41,318 [INFO]  Epoch[3] Train-cross-entropy=3.077312
2023-11-08 13:36:41,318 [INFO]  Epoch[3] Train-num_of_pendown24-accuracy=0.000000
2023-11-08 13:36:41,318 [INFO]  Epoch[3] Time cost=0.009
2023-11-08 13:36:41,319 [INFO]  Saved checkpoint to "./imputer_model/imputer_model_num_of_pendown24/model-0003.params"
2023-11-08 13:36:41,320 [INFO]  Epoch[3] Validation-cross-entropy=5.615834
2023-11-08 13:36:41,320 [INFO]  Epoch[3] Validation-num_of_pendown24-accuracy=0.000000
2023-11-08 13:36:41,326 [INFO]  Epoch[4] Batch [0-4]	Speed: 14513.16 samples/sec	cross-entropy=1.679803	num_of_pendown24-accuracy=0.000000
2023-11-08 13:36:41,329 [INFO]  Epoch[4] Train-cross-entropy=1.854582
2023-11-08 13:36:41,329 [INFO]  Epoch[4] Train-num_of_pendown24-accuracy=0.000000
2023-11-08 13:36:41,329 [INFO]  Epoch[4] Time cost=0.009
2023-11-08 13:36:41,330 [INFO]  Saved checkpoint to "./imputer_model/imputer_model_num_of_pendown24/model-0004.params"
2023-11-08 13:36:41,331 [INFO]  Epoch[4] Validation-cross-entropy=3.066268
2023-11-08 13:36:41,331 [INFO]  Epoch[4] Validation-num_of_pendown24-accuracy=0.000000
2023-11-08 13:36:41,331 [INFO]  
========== done (0.055049896240234375 s) fit model
2023-11-08 13:50:02,134 [INFO]  
========== start: fit model
2023-11-08 13:50:02,134 [WARNING]  Already bound, ignoring bind()
2023-11-08 13:50:02,142 [INFO]  Epoch[0] Batch [0-4]	Speed: 11408.71 samples/sec	cross-entropy=21.820016	num_of_pendown24-accuracy=3.600000
2023-11-08 13:50:02,146 [INFO]  Epoch[0] Train-cross-entropy=23.001154
2023-11-08 13:50:02,146 [INFO]  Epoch[0] Train-num_of_pendown24-accuracy=3.000000
2023-11-08 13:50:02,146 [INFO]  Epoch[0] Time cost=0.011
2023-11-08 13:50:02,148 [INFO]  Saved checkpoint to "./imputer_model/imputer_model_num_of_pendown24/model-0000.params"
2023-11-08 13:50:02,148 [INFO]  Epoch[0] Validation-cross-entropy=14.505944
2023-11-08 13:50:02,148 [INFO]  Epoch[0] Validation-num_of_pendown24-accuracy=0.000000
2023-11-08 13:50:02,154 [INFO]  Epoch[1] Batch [0-4]	Speed: 14311.21 samples/sec	cross-entropy=27.152899	num_of_pendown24-accuracy=3.600000
2023-11-08 13:50:02,158 [INFO]  Epoch[1] Train-cross-entropy=22.650097
2023-11-08 13:50:02,158 [INFO]  Epoch[1] Train-num_of_pendown24-accuracy=3.000000
2023-11-08 13:50:02,158 [INFO]  Epoch[1] Time cost=0.009
2023-11-08 13:50:02,159 [INFO]  Saved checkpoint to "./imputer_model/imputer_model_num_of_pendown24/model-0001.params"
2023-11-08 13:50:02,160 [INFO]  Epoch[1] Validation-cross-entropy=13.707797
2023-11-08 13:50:02,160 [INFO]  Epoch[1] Validation-num_of_pendown24-accuracy=0.000000
2023-11-08 13:50:02,166 [INFO]  Epoch[2] Batch [0-4]	Speed: 14145.31 samples/sec	cross-entropy=17.811994	num_of_pendown24-accuracy=3.600000
2023-11-08 13:50:02,169 [INFO]  Epoch[2] Train-cross-entropy=12.825793
2023-11-08 13:50:02,169 [INFO]  Epoch[2] Train-num_of_pendown24-accuracy=3.000000
2023-11-08 13:50:02,169 [INFO]  Epoch[2] Time cost=0.009
2023-11-08 13:50:02,170 [INFO]  Saved checkpoint to "./imputer_model/imputer_model_num_of_pendown24/model-0002.params"
2023-11-08 13:50:02,171 [INFO]  Epoch[2] Validation-cross-entropy=4.427030
2023-11-08 13:50:02,171 [INFO]  Epoch[2] Validation-num_of_pendown24-accuracy=0.000000
2023-11-08 13:50:02,178 [INFO]  Epoch[3] Batch [0-4]	Speed: 11642.25 samples/sec	cross-entropy=12.527406	num_of_pendown24-accuracy=3.600000
2023-11-08 13:50:02,183 [INFO]  Epoch[3] Train-cross-entropy=8.557902
2023-11-08 13:50:02,183 [INFO]  Epoch[3] Train-num_of_pendown24-accuracy=3.000000
2023-11-08 13:50:02,183 [INFO]  Epoch[3] Time cost=0.012
2023-11-08 13:50:02,187 [INFO]  Saved checkpoint to "./imputer_model/imputer_model_num_of_pendown24/model-0003.params"
2023-11-08 13:50:02,188 [INFO]  Epoch[3] Validation-cross-entropy=2.255433
2023-11-08 13:50:02,188 [INFO]  Epoch[3] Validation-num_of_pendown24-accuracy=0.000000
2023-11-08 13:50:02,195 [INFO]  Epoch[4] Batch [0-4]	Speed: 12075.91 samples/sec	cross-entropy=1.760936	num_of_pendown24-accuracy=3.600000
2023-11-08 13:50:02,199 [INFO]  Epoch[4] Train-cross-entropy=1.876014
2023-11-08 13:50:02,199 [INFO]  Epoch[4] Train-num_of_pendown24-accuracy=3.000000
2023-11-08 13:50:02,199 [INFO]  Epoch[4] Time cost=0.011
2023-11-08 13:50:02,201 [INFO]  Saved checkpoint to "./imputer_model/imputer_model_num_of_pendown24/model-0004.params"
2023-11-08 13:50:02,202 [INFO]  Epoch[4] Validation-cross-entropy=2.771650
2023-11-08 13:50:02,202 [INFO]  Epoch[4] Validation-num_of_pendown24-accuracy=0.000000
2023-11-08 13:50:02,202 [INFO]  
========== done (0.06814098358154297 s) fit model
2023-11-08 14:03:24,803 [INFO]  
========== start: fit model
2023-11-08 14:03:24,803 [WARNING]  Already bound, ignoring bind()
2023-11-08 14:03:24,810 [INFO]  Epoch[0] Batch [0-4]	Speed: 14096.28 samples/sec	cross-entropy=29.215222	num_of_pendown24-accuracy=0.000000
2023-11-08 14:03:24,813 [INFO]  Epoch[0] Train-cross-entropy=30.286647
2023-11-08 14:03:24,814 [INFO]  Epoch[0] Train-num_of_pendown24-accuracy=0.000000
2023-11-08 14:03:24,814 [INFO]  Epoch[0] Time cost=0.010
2023-11-08 14:03:24,815 [INFO]  Saved checkpoint to "./imputer_model/imputer_model_num_of_pendown24/model-0000.params"
2023-11-08 14:03:24,815 [INFO]  Epoch[0] Validation-cross-entropy=29.236645
2023-11-08 14:03:24,815 [INFO]  Epoch[0] Validation-num_of_pendown24-accuracy=0.000000
2023-11-08 14:03:24,822 [INFO]  Epoch[1] Batch [0-4]	Speed: 12388.57 samples/sec	cross-entropy=58.795776	num_of_pendown24-accuracy=0.000000
2023-11-08 14:03:24,827 [INFO]  Epoch[1] Train-cross-entropy=42.854845
2023-11-08 14:03:24,827 [INFO]  Epoch[1] Train-num_of_pendown24-accuracy=0.000000
2023-11-08 14:03:24,827 [INFO]  Epoch[1] Time cost=0.012
2023-11-08 14:03:24,830 [INFO]  Saved checkpoint to "./imputer_model/imputer_model_num_of_pendown24/model-0001.params"
2023-11-08 14:03:24,831 [INFO]  Epoch[1] Validation-cross-entropy=33.273945
2023-11-08 14:03:24,831 [INFO]  Epoch[1] Validation-num_of_pendown24-accuracy=0.000000
2023-11-08 14:03:24,839 [INFO]  Epoch[2] Batch [0-4]	Speed: 11400.47 samples/sec	cross-entropy=6.878711	num_of_pendown24-accuracy=0.000000
2023-11-08 14:03:24,842 [INFO]  Epoch[2] Train-cross-entropy=7.067729
2023-11-08 14:03:24,842 [INFO]  Epoch[2] Train-num_of_pendown24-accuracy=0.000000
2023-11-08 14:03:24,842 [INFO]  Epoch[2] Time cost=0.011
2023-11-08 14:03:24,844 [INFO]  Saved checkpoint to "./imputer_model/imputer_model_num_of_pendown24/model-0002.params"
2023-11-08 14:03:24,845 [INFO]  Epoch[2] Validation-cross-entropy=24.019922
2023-11-08 14:03:24,845 [INFO]  Epoch[2] Validation-num_of_pendown24-accuracy=0.000000
2023-11-08 14:03:24,850 [INFO]  Epoch[3] Batch [0-4]	Speed: 15559.67 samples/sec	cross-entropy=4.770212	num_of_pendown24-accuracy=0.000000
2023-11-08 14:03:24,854 [INFO]  Epoch[3] Train-cross-entropy=5.128619
2023-11-08 14:03:24,854 [INFO]  Epoch[3] Train-num_of_pendown24-accuracy=0.000000
2023-11-08 14:03:24,854 [INFO]  Epoch[3] Time cost=0.009
2023-11-08 14:03:24,855 [INFO]  Saved checkpoint to "./imputer_model/imputer_model_num_of_pendown24/model-0003.params"
2023-11-08 14:03:24,856 [INFO]  Epoch[3] Validation-cross-entropy=23.700893
2023-11-08 14:03:24,856 [INFO]  Epoch[3] Validation-num_of_pendown24-accuracy=0.000000
2023-11-08 14:03:24,862 [INFO]  Epoch[4] Batch [0-4]	Speed: 13628.93 samples/sec	cross-entropy=1.068831	num_of_pendown24-accuracy=0.000000
2023-11-08 14:03:24,866 [INFO]  Epoch[4] Train-cross-entropy=1.214929
2023-11-08 14:03:24,866 [INFO]  Epoch[4] Train-num_of_pendown24-accuracy=0.000000
2023-11-08 14:03:24,866 [INFO]  Epoch[4] Time cost=0.010
2023-11-08 14:03:24,867 [INFO]  Saved checkpoint to "./imputer_model/imputer_model_num_of_pendown24/model-0004.params"
2023-11-08 14:03:24,868 [INFO]  Epoch[4] Validation-cross-entropy=21.710115
2023-11-08 14:03:24,868 [INFO]  Epoch[4] Validation-num_of_pendown24-accuracy=0.000000
2023-11-08 14:03:24,868 [INFO]  
========== done (0.06485509872436523 s) fit model
2023-11-08 14:16:51,531 [INFO]  
========== start: fit model
2023-11-08 14:16:51,531 [WARNING]  Already bound, ignoring bind()
2023-11-08 14:16:51,540 [INFO]  Epoch[0] Batch [0-4]	Speed: 10094.59 samples/sec	cross-entropy=26.808111	num_of_pendown24-accuracy=0.000000
2023-11-08 14:16:51,545 [INFO]  Epoch[0] Train-cross-entropy=20.763481
2023-11-08 14:16:51,545 [INFO]  Epoch[0] Train-num_of_pendown24-accuracy=0.000000
2023-11-08 14:16:51,545 [INFO]  Epoch[0] Time cost=0.013
2023-11-08 14:16:51,549 [INFO]  Saved checkpoint to "./imputer_model/imputer_model_num_of_pendown24/model-0000.params"
2023-11-08 14:16:51,550 [INFO]  Epoch[0] Validation-cross-entropy=3.825076
2023-11-08 14:16:51,550 [INFO]  Epoch[0] Validation-num_of_pendown24-accuracy=0.000000
2023-11-08 14:16:51,557 [INFO]  Epoch[1] Batch [0-4]	Speed: 11809.74 samples/sec	cross-entropy=25.280212	num_of_pendown24-accuracy=0.000000
2023-11-08 14:16:51,561 [INFO]  Epoch[1] Train-cross-entropy=33.215793
2023-11-08 14:16:51,561 [INFO]  Epoch[1] Train-num_of_pendown24-accuracy=0.000000
2023-11-08 14:16:51,561 [INFO]  Epoch[1] Time cost=0.012
2023-11-08 14:16:51,564 [INFO]  Saved checkpoint to "./imputer_model/imputer_model_num_of_pendown24/model-0001.params"
2023-11-08 14:16:51,564 [INFO]  Epoch[1] Validation-cross-entropy=3.942328
2023-11-08 14:16:51,564 [INFO]  Epoch[1] Validation-num_of_pendown24-accuracy=0.000000
2023-11-08 14:16:51,570 [INFO]  Epoch[2] Batch [0-4]	Speed: 13442.61 samples/sec	cross-entropy=8.417972	num_of_pendown24-accuracy=0.000000
2023-11-08 14:16:51,574 [INFO]  Epoch[2] Train-cross-entropy=14.390939
2023-11-08 14:16:51,574 [INFO]  Epoch[2] Train-num_of_pendown24-accuracy=0.000000
2023-11-08 14:16:51,574 [INFO]  Epoch[2] Time cost=0.010
2023-11-08 14:16:51,577 [INFO]  Saved checkpoint to "./imputer_model/imputer_model_num_of_pendown24/model-0002.params"
2023-11-08 14:16:51,577 [INFO]  Epoch[2] Validation-cross-entropy=6.320919
2023-11-08 14:16:51,577 [INFO]  Epoch[2] Validation-num_of_pendown24-accuracy=0.000000
2023-11-08 14:16:51,584 [INFO]  Epoch[3] Batch [0-4]	Speed: 12239.44 samples/sec	cross-entropy=3.497968	num_of_pendown24-accuracy=0.000000
2023-11-08 14:16:51,588 [INFO]  Epoch[3] Train-cross-entropy=3.089702
2023-11-08 14:16:51,588 [INFO]  Epoch[3] Train-num_of_pendown24-accuracy=0.000000
2023-11-08 14:16:51,588 [INFO]  Epoch[3] Time cost=0.011
2023-11-08 14:16:51,590 [INFO]  Saved checkpoint to "./imputer_model/imputer_model_num_of_pendown24/model-0003.params"
2023-11-08 14:16:51,591 [INFO]  Epoch[3] Validation-cross-entropy=8.794802
2023-11-08 14:16:51,591 [INFO]  Epoch[3] Validation-num_of_pendown24-accuracy=0.000000
2023-11-08 14:16:51,597 [INFO]  Epoch[4] Batch [0-4]	Speed: 13305.35 samples/sec	cross-entropy=3.814850	num_of_pendown24-accuracy=0.000000
2023-11-08 14:16:51,601 [INFO]  Epoch[4] Train-cross-entropy=3.266558
2023-11-08 14:16:51,601 [INFO]  Epoch[4] Train-num_of_pendown24-accuracy=0.000000
2023-11-08 14:16:51,601 [INFO]  Epoch[4] Time cost=0.010
2023-11-08 14:16:51,602 [INFO]  Saved checkpoint to "./imputer_model/imputer_model_num_of_pendown24/model-0004.params"
2023-11-08 14:16:51,603 [INFO]  Epoch[4] Validation-cross-entropy=3.334667
2023-11-08 14:16:51,603 [INFO]  Epoch[4] Validation-num_of_pendown24-accuracy=0.000000
2023-11-08 14:16:51,603 [INFO]  
========== done (0.0720815658569336 s) fit model
2023-11-08 14:30:30,691 [INFO]  
========== start: fit model
2023-11-08 14:30:30,692 [WARNING]  Already bound, ignoring bind()
2023-11-08 14:30:30,698 [INFO]  Epoch[0] Batch [0-4]	Speed: 14057.89 samples/sec	cross-entropy=25.238088	num_of_pendown24-accuracy=0.000000
2023-11-08 14:30:30,702 [INFO]  Epoch[0] Train-cross-entropy=21.838056
2023-11-08 14:30:30,702 [INFO]  Epoch[0] Train-num_of_pendown24-accuracy=0.000000
2023-11-08 14:30:30,702 [INFO]  Epoch[0] Time cost=0.010
2023-11-08 14:30:30,703 [INFO]  Saved checkpoint to "./imputer_model/imputer_model_num_of_pendown24/model-0000.params"
2023-11-08 14:30:30,704 [INFO]  Epoch[0] Validation-cross-entropy=187.349899
2023-11-08 14:30:30,704 [INFO]  Epoch[0] Validation-num_of_pendown24-accuracy=0.000000
2023-11-08 14:30:30,709 [INFO]  Epoch[1] Batch [0-4]	Speed: 15389.29 samples/sec	cross-entropy=43.134941	num_of_pendown24-accuracy=0.000000
2023-11-08 14:30:30,712 [INFO]  Epoch[1] Train-cross-entropy=38.024747
2023-11-08 14:30:30,713 [INFO]  Epoch[1] Train-num_of_pendown24-accuracy=0.000000
2023-11-08 14:30:30,713 [INFO]  Epoch[1] Time cost=0.009
2023-11-08 14:30:30,714 [INFO]  Saved checkpoint to "./imputer_model/imputer_model_num_of_pendown24/model-0001.params"
2023-11-08 14:30:30,714 [INFO]  Epoch[1] Validation-cross-entropy=69.001556
2023-11-08 14:30:30,714 [INFO]  Epoch[1] Validation-num_of_pendown24-accuracy=0.000000
2023-11-08 14:30:30,719 [INFO]  Epoch[2] Batch [0-4]	Speed: 16021.21 samples/sec	cross-entropy=4.903102	num_of_pendown24-accuracy=0.000000
2023-11-08 14:30:30,723 [INFO]  Epoch[2] Train-cross-entropy=4.072845
2023-11-08 14:30:30,723 [INFO]  Epoch[2] Train-num_of_pendown24-accuracy=0.000000
2023-11-08 14:30:30,723 [INFO]  Epoch[2] Time cost=0.008
2023-11-08 14:30:30,724 [INFO]  Saved checkpoint to "./imputer_model/imputer_model_num_of_pendown24/model-0002.params"
2023-11-08 14:30:30,724 [INFO]  Epoch[2] Validation-cross-entropy=59.274372
2023-11-08 14:30:30,724 [INFO]  Epoch[2] Validation-num_of_pendown24-accuracy=0.000000
2023-11-08 14:30:30,729 [INFO]  Epoch[3] Batch [0-4]	Speed: 17065.19 samples/sec	cross-entropy=3.973978	num_of_pendown24-accuracy=0.000000
2023-11-08 14:30:30,732 [INFO]  Epoch[3] Train-cross-entropy=3.361749
2023-11-08 14:30:30,732 [INFO]  Epoch[3] Train-num_of_pendown24-accuracy=0.000000
2023-11-08 14:30:30,732 [INFO]  Epoch[3] Time cost=0.008
2023-11-08 14:30:30,733 [INFO]  Saved checkpoint to "./imputer_model/imputer_model_num_of_pendown24/model-0003.params"
2023-11-08 14:30:30,734 [INFO]  Epoch[3] Validation-cross-entropy=42.811684
2023-11-08 14:30:30,734 [INFO]  Epoch[3] Validation-num_of_pendown24-accuracy=0.000000
2023-11-08 14:30:30,742 [INFO]  Epoch[4] Batch [0-4]	Speed: 9356.09 samples/sec	cross-entropy=2.019544	num_of_pendown24-accuracy=0.000000
2023-11-08 14:30:30,747 [INFO]  Epoch[4] Train-cross-entropy=1.557317
2023-11-08 14:30:30,747 [INFO]  Epoch[4] Train-num_of_pendown24-accuracy=0.000000
2023-11-08 14:30:30,747 [INFO]  Epoch[4] Time cost=0.013
2023-11-08 14:30:30,750 [INFO]  Saved checkpoint to "./imputer_model/imputer_model_num_of_pendown24/model-0004.params"
2023-11-08 14:30:30,751 [INFO]  Epoch[4] Validation-cross-entropy=37.079060
2023-11-08 14:30:30,751 [INFO]  Epoch[4] Validation-num_of_pendown24-accuracy=0.000000
2023-11-08 14:30:30,752 [INFO]  
========== done (0.06008791923522949 s) fit model
2023-11-08 14:44:35,848 [INFO]  
========== start: fit model
2023-11-08 14:44:35,848 [WARNING]  Already bound, ignoring bind()
2023-11-08 14:44:35,857 [INFO]  Epoch[0] Batch [0-4]	Speed: 10116.28 samples/sec	cross-entropy=25.290136	num_of_pendown24-accuracy=0.000000
2023-11-08 14:44:35,860 [INFO]  Epoch[0] Train-cross-entropy=26.344409
2023-11-08 14:44:35,860 [INFO]  Epoch[0] Train-num_of_pendown24-accuracy=0.000000
2023-11-08 14:44:35,860 [INFO]  Epoch[0] Time cost=0.012
2023-11-08 14:44:35,863 [INFO]  Saved checkpoint to "./imputer_model/imputer_model_num_of_pendown24/model-0000.params"
2023-11-08 14:44:35,863 [INFO]  Epoch[0] Validation-cross-entropy=17.743179
2023-11-08 14:44:35,863 [INFO]  Epoch[0] Validation-num_of_pendown24-accuracy=0.000000
2023-11-08 14:44:35,869 [INFO]  Epoch[1] Batch [0-4]	Speed: 14609.53 samples/sec	cross-entropy=55.047291	num_of_pendown24-accuracy=0.000000
2023-11-08 14:44:35,872 [INFO]  Epoch[1] Train-cross-entropy=41.968771
2023-11-08 14:44:35,872 [INFO]  Epoch[1] Train-num_of_pendown24-accuracy=0.000000
2023-11-08 14:44:35,872 [INFO]  Epoch[1] Time cost=0.009
2023-11-08 14:44:35,874 [INFO]  Saved checkpoint to "./imputer_model/imputer_model_num_of_pendown24/model-0001.params"
2023-11-08 14:44:35,874 [INFO]  Epoch[1] Validation-cross-entropy=38.258488
2023-11-08 14:44:35,875 [INFO]  Epoch[1] Validation-num_of_pendown24-accuracy=0.000000
2023-11-08 14:44:35,879 [INFO]  Epoch[2] Batch [0-4]	Speed: 19024.48 samples/sec	cross-entropy=13.727419	num_of_pendown24-accuracy=0.000000
2023-11-08 14:44:35,881 [INFO]  Epoch[2] Train-cross-entropy=10.295177
2023-11-08 14:44:35,881 [INFO]  Epoch[2] Train-num_of_pendown24-accuracy=0.000000
2023-11-08 14:44:35,881 [INFO]  Epoch[2] Time cost=0.007
2023-11-08 14:44:35,883 [INFO]  Saved checkpoint to "./imputer_model/imputer_model_num_of_pendown24/model-0002.params"
2023-11-08 14:44:35,883 [INFO]  Epoch[2] Validation-cross-entropy=21.438766
2023-11-08 14:44:35,883 [INFO]  Epoch[2] Validation-num_of_pendown24-accuracy=0.000000
2023-11-08 14:44:35,887 [INFO]  Epoch[3] Batch [0-4]	Speed: 20847.74 samples/sec	cross-entropy=7.021165	num_of_pendown24-accuracy=0.000000
2023-11-08 14:44:35,890 [INFO]  Epoch[3] Train-cross-entropy=5.424764
2023-11-08 14:44:35,890 [INFO]  Epoch[3] Train-num_of_pendown24-accuracy=0.000000
2023-11-08 14:44:35,890 [INFO]  Epoch[3] Time cost=0.007
2023-11-08 14:44:35,891 [INFO]  Saved checkpoint to "./imputer_model/imputer_model_num_of_pendown24/model-0003.params"
2023-11-08 14:44:35,891 [INFO]  Epoch[3] Validation-cross-entropy=24.823503
2023-11-08 14:44:35,891 [INFO]  Epoch[3] Validation-num_of_pendown24-accuracy=0.000000
2023-11-08 14:44:35,895 [INFO]  Epoch[4] Batch [0-4]	Speed: 20621.91 samples/sec	cross-entropy=2.151642	num_of_pendown24-accuracy=0.000000
2023-11-08 14:44:35,898 [INFO]  Epoch[4] Train-cross-entropy=1.906114
2023-11-08 14:44:35,898 [INFO]  Epoch[4] Train-num_of_pendown24-accuracy=0.000000
2023-11-08 14:44:35,898 [INFO]  Epoch[4] Time cost=0.006
2023-11-08 14:44:35,899 [INFO]  Saved checkpoint to "./imputer_model/imputer_model_num_of_pendown24/model-0004.params"
2023-11-08 14:44:35,899 [INFO]  Epoch[4] Validation-cross-entropy=23.669968
2023-11-08 14:44:35,899 [INFO]  Epoch[4] Validation-num_of_pendown24-accuracy=0.000000
2023-11-08 14:44:35,899 [INFO]  
========== done (0.05138659477233887 s) fit model
2023-11-08 14:58:45,398 [INFO]  
========== start: fit model
2023-11-08 14:58:45,398 [WARNING]  Already bound, ignoring bind()
2023-11-08 14:58:45,404 [INFO]  Epoch[0] Batch [0-4]	Speed: 16064.36 samples/sec	cross-entropy=9.207662	num_of_pendown24-accuracy=0.000000
2023-11-08 14:58:45,408 [INFO]  Epoch[0] Train-cross-entropy=22.262437
2023-11-08 14:58:45,408 [INFO]  Epoch[0] Train-num_of_pendown24-accuracy=0.000000
2023-11-08 14:58:45,408 [INFO]  Epoch[0] Time cost=0.009
2023-11-08 14:58:45,412 [INFO]  Saved checkpoint to "./imputer_model/imputer_model_num_of_pendown24/model-0000.params"
2023-11-08 14:58:45,413 [INFO]  Epoch[0] Validation-cross-entropy=32.227196
2023-11-08 14:58:45,413 [INFO]  Epoch[0] Validation-num_of_pendown24-accuracy=0.000000
2023-11-08 14:58:45,422 [INFO]  Epoch[1] Batch [0-4]	Speed: 10026.72 samples/sec	cross-entropy=37.863404	num_of_pendown24-accuracy=0.000000
2023-11-08 14:58:45,427 [INFO]  Epoch[1] Train-cross-entropy=29.423642
2023-11-08 14:58:45,427 [INFO]  Epoch[1] Train-num_of_pendown24-accuracy=0.000000
2023-11-08 14:58:45,427 [INFO]  Epoch[1] Time cost=0.014
2023-11-08 14:58:45,430 [INFO]  Saved checkpoint to "./imputer_model/imputer_model_num_of_pendown24/model-0001.params"
2023-11-08 14:58:45,430 [INFO]  Epoch[1] Validation-cross-entropy=24.186680
2023-11-08 14:58:45,431 [INFO]  Epoch[1] Validation-num_of_pendown24-accuracy=0.000000
2023-11-08 14:58:45,437 [INFO]  Epoch[2] Batch [0-4]	Speed: 12354.93 samples/sec	cross-entropy=10.329399	num_of_pendown24-accuracy=0.000000
2023-11-08 14:58:45,441 [INFO]  Epoch[2] Train-cross-entropy=8.959149
2023-11-08 14:58:45,441 [INFO]  Epoch[2] Train-num_of_pendown24-accuracy=0.000000
2023-11-08 14:58:45,441 [INFO]  Epoch[2] Time cost=0.011
2023-11-08 14:58:45,443 [INFO]  Saved checkpoint to "./imputer_model/imputer_model_num_of_pendown24/model-0002.params"
2023-11-08 14:58:45,444 [INFO]  Epoch[2] Validation-cross-entropy=29.151588
2023-11-08 14:58:45,444 [INFO]  Epoch[2] Validation-num_of_pendown24-accuracy=0.000000
2023-11-08 14:58:45,450 [INFO]  Epoch[3] Batch [0-4]	Speed: 13829.75 samples/sec	cross-entropy=4.295651	num_of_pendown24-accuracy=0.000000
2023-11-08 14:58:45,454 [INFO]  Epoch[3] Train-cross-entropy=6.764744
2023-11-08 14:58:45,454 [INFO]  Epoch[3] Train-num_of_pendown24-accuracy=0.000000
2023-11-08 14:58:45,454 [INFO]  Epoch[3] Time cost=0.010
2023-11-08 14:58:45,455 [INFO]  Saved checkpoint to "./imputer_model/imputer_model_num_of_pendown24/model-0003.params"
2023-11-08 14:58:45,456 [INFO]  Epoch[3] Validation-cross-entropy=21.840733
2023-11-08 14:58:45,456 [INFO]  Epoch[3] Validation-num_of_pendown24-accuracy=0.000000
2023-11-08 14:58:45,462 [INFO]  Epoch[4] Batch [0-4]	Speed: 14082.23 samples/sec	cross-entropy=2.165360	num_of_pendown24-accuracy=0.000000
2023-11-08 14:58:45,466 [INFO]  Epoch[4] Train-cross-entropy=2.827785
2023-11-08 14:58:45,466 [INFO]  Epoch[4] Train-num_of_pendown24-accuracy=0.000000
2023-11-08 14:58:45,466 [INFO]  Epoch[4] Time cost=0.010
2023-11-08 14:58:45,467 [INFO]  Saved checkpoint to "./imputer_model/imputer_model_num_of_pendown24/model-0004.params"
2023-11-08 14:58:45,468 [INFO]  Epoch[4] Validation-cross-entropy=27.119099
2023-11-08 14:58:45,468 [INFO]  Epoch[4] Validation-num_of_pendown24-accuracy=0.000000
2023-11-08 14:58:45,468 [INFO]  
========== done (0.06994509696960449 s) fit model
