2024-04-11 21:02:22,509 [INFO]  
========== start: fit model
2024-04-11 21:02:22,510 [WARNING]  Already bound, ignoring bind()
2024-04-11 21:02:22,517 [INFO]  Epoch[0] Batch [0-8]	Speed: 22371.49 samples/sec	cross-entropy=10.148619	NGP-accuracy=3.111111
2024-04-11 21:02:22,522 [INFO]  Epoch[0] Train-cross-entropy=7.248336
2024-04-11 21:02:22,522 [INFO]  Epoch[0] Train-NGP-accuracy=2.733333
2024-04-11 21:02:22,522 [INFO]  Epoch[0] Time cost=0.011
2024-04-11 21:02:22,523 [INFO]  Saved checkpoint to "./imputer_model/imputer_model_NGP/model-0000.params"
2024-04-11 21:02:22,524 [INFO]  Epoch[0] Validation-cross-entropy=1.333980
2024-04-11 21:02:22,524 [INFO]  Epoch[0] Validation-NGP-accuracy=0.000000
2024-04-11 21:02:22,530 [INFO]  Epoch[1] Batch [0-8]	Speed: 24392.14 samples/sec	cross-entropy=2.292562	NGP-accuracy=3.111111
2024-04-11 21:02:22,534 [INFO]  Epoch[1] Train-cross-entropy=1.891031
2024-04-11 21:02:22,534 [INFO]  Epoch[1] Train-NGP-accuracy=2.733333
2024-04-11 21:02:22,534 [INFO]  Epoch[1] Time cost=0.010
2024-04-11 21:02:22,535 [INFO]  Saved checkpoint to "./imputer_model/imputer_model_NGP/model-0001.params"
2024-04-11 21:02:22,536 [INFO]  Epoch[1] Validation-cross-entropy=0.718573
2024-04-11 21:02:22,536 [INFO]  Epoch[1] Validation-NGP-accuracy=0.000000
2024-04-11 21:02:22,542 [INFO]  Epoch[2] Batch [0-8]	Speed: 24441.00 samples/sec	cross-entropy=0.833110	NGP-accuracy=3.111111
2024-04-11 21:02:22,546 [INFO]  Epoch[2] Train-cross-entropy=0.717673
2024-04-11 21:02:22,546 [INFO]  Epoch[2] Train-NGP-accuracy=2.733333
2024-04-11 21:02:22,546 [INFO]  Epoch[2] Time cost=0.010
2024-04-11 21:02:22,548 [INFO]  Saved checkpoint to "./imputer_model/imputer_model_NGP/model-0002.params"
2024-04-11 21:02:22,548 [INFO]  Epoch[2] Validation-cross-entropy=0.386222
2024-04-11 21:02:22,548 [INFO]  Epoch[2] Validation-NGP-accuracy=0.000000
2024-04-11 21:02:22,565 [INFO]  Epoch[3] Batch [0-8]	Speed: 7869.24 samples/sec	cross-entropy=0.372132	NGP-accuracy=3.111111
2024-04-11 21:02:22,570 [INFO]  Epoch[3] Train-cross-entropy=0.338010
2024-04-11 21:02:22,570 [INFO]  Epoch[3] Train-NGP-accuracy=2.733333
2024-04-11 21:02:22,570 [INFO]  Epoch[3] Time cost=0.022
2024-04-11 21:02:22,572 [INFO]  Saved checkpoint to "./imputer_model/imputer_model_NGP/model-0003.params"
2024-04-11 21:02:22,573 [INFO]  Epoch[3] Validation-cross-entropy=0.168505
2024-04-11 21:02:22,573 [INFO]  Epoch[3] Validation-NGP-accuracy=0.000000
2024-04-11 21:02:22,579 [INFO]  Epoch[4] Batch [0-8]	Speed: 26492.52 samples/sec	cross-entropy=0.192571	NGP-accuracy=3.111111
2024-04-11 21:02:22,582 [INFO]  Epoch[4] Train-cross-entropy=0.184009
2024-04-11 21:02:22,582 [INFO]  Epoch[4] Train-NGP-accuracy=2.733333
2024-04-11 21:02:22,583 [INFO]  Epoch[4] Time cost=0.009
2024-04-11 21:02:22,584 [INFO]  Saved checkpoint to "./imputer_model/imputer_model_NGP/model-0004.params"
2024-04-11 21:02:22,584 [INFO]  Epoch[4] Validation-cross-entropy=0.140953
2024-04-11 21:02:22,584 [INFO]  Epoch[4] Validation-NGP-accuracy=0.000000
2024-04-11 21:02:22,584 [INFO]  
========== done (0.07495641708374023 s) fit model
2024-04-11 21:02:26,474 [INFO]  
========== start: fit model
2024-04-11 21:02:26,474 [WARNING]  Already bound, ignoring bind()
2024-04-11 21:02:26,482 [INFO]  Epoch[0] Batch [0-8]	Speed: 22364.96 samples/sec	cross-entropy=17.566621	NGP-accuracy=0.000000
2024-04-11 21:02:26,487 [INFO]  Epoch[0] Train-cross-entropy=11.926075
2024-04-11 21:02:26,487 [INFO]  Epoch[0] Train-NGP-accuracy=0.000000
2024-04-11 21:02:26,487 [INFO]  Epoch[0] Time cost=0.012
2024-04-11 21:02:26,488 [INFO]  Saved checkpoint to "./imputer_model/imputer_model_NGP/model-0000.params"
2024-04-11 21:02:26,489 [INFO]  Epoch[0] Validation-cross-entropy=1.431472
2024-04-11 21:02:26,489 [INFO]  Epoch[0] Validation-NGP-accuracy=0.000000
2024-04-11 21:02:26,495 [INFO]  Epoch[1] Batch [0-8]	Speed: 23699.77 samples/sec	cross-entropy=3.091925	NGP-accuracy=0.000000
2024-04-11 21:02:26,499 [INFO]  Epoch[1] Train-cross-entropy=2.851276
2024-04-11 21:02:26,499 [INFO]  Epoch[1] Train-NGP-accuracy=0.000000
2024-04-11 21:02:26,499 [INFO]  Epoch[1] Time cost=0.010
2024-04-11 21:02:26,500 [INFO]  Saved checkpoint to "./imputer_model/imputer_model_NGP/model-0001.params"
2024-04-11 21:02:26,501 [INFO]  Epoch[1] Validation-cross-entropy=1.769858
2024-04-11 21:02:26,501 [INFO]  Epoch[1] Validation-NGP-accuracy=0.000000
2024-04-11 21:02:26,507 [INFO]  Epoch[2] Batch [0-8]	Speed: 25086.25 samples/sec	cross-entropy=1.404960	NGP-accuracy=0.000000
2024-04-11 21:02:26,511 [INFO]  Epoch[2] Train-cross-entropy=1.127322
2024-04-11 21:02:26,511 [INFO]  Epoch[2] Train-NGP-accuracy=0.000000
2024-04-11 21:02:26,511 [INFO]  Epoch[2] Time cost=0.010
2024-04-11 21:02:26,513 [INFO]  Saved checkpoint to "./imputer_model/imputer_model_NGP/model-0002.params"
2024-04-11 21:02:26,513 [INFO]  Epoch[2] Validation-cross-entropy=0.493603
2024-04-11 21:02:26,513 [INFO]  Epoch[2] Validation-NGP-accuracy=0.000000
2024-04-11 21:02:26,519 [INFO]  Epoch[3] Batch [0-8]	Speed: 25336.05 samples/sec	cross-entropy=0.699491	NGP-accuracy=0.000000
2024-04-11 21:02:26,523 [INFO]  Epoch[3] Train-cross-entropy=0.596714
2024-04-11 21:02:26,523 [INFO]  Epoch[3] Train-NGP-accuracy=0.000000
2024-04-11 21:02:26,523 [INFO]  Epoch[3] Time cost=0.010
2024-04-11 21:02:26,524 [INFO]  Saved checkpoint to "./imputer_model/imputer_model_NGP/model-0003.params"
2024-04-11 21:02:26,525 [INFO]  Epoch[3] Validation-cross-entropy=0.461610
2024-04-11 21:02:26,525 [INFO]  Epoch[3] Validation-NGP-accuracy=0.000000
2024-04-11 21:02:26,531 [INFO]  Epoch[4] Batch [0-8]	Speed: 23379.82 samples/sec	cross-entropy=0.331965	NGP-accuracy=0.000000
2024-04-11 21:02:26,535 [INFO]  Epoch[4] Train-cross-entropy=0.319879
2024-04-11 21:02:26,535 [INFO]  Epoch[4] Train-NGP-accuracy=0.000000
2024-04-11 21:02:26,536 [INFO]  Epoch[4] Time cost=0.010
2024-04-11 21:02:26,537 [INFO]  Saved checkpoint to "./imputer_model/imputer_model_NGP/model-0004.params"
2024-04-11 21:02:26,537 [INFO]  Epoch[4] Validation-cross-entropy=0.230676
2024-04-11 21:02:26,538 [INFO]  Epoch[4] Validation-NGP-accuracy=0.000000
2024-04-11 21:02:26,538 [INFO]  
========== done (0.06337952613830566 s) fit model
2024-04-11 21:02:29,090 [INFO]  
========== start: fit model
2024-04-11 21:02:29,090 [WARNING]  Already bound, ignoring bind()
2024-04-11 21:02:29,097 [INFO]  Epoch[0] Batch [0-8]	Speed: 27804.18 samples/sec	cross-entropy=8.630401	NGP-accuracy=3.333333
2024-04-11 21:02:29,101 [INFO]  Epoch[0] Train-cross-entropy=7.041979
2024-04-11 21:02:29,101 [INFO]  Epoch[0] Train-NGP-accuracy=3.066667
2024-04-11 21:02:29,101 [INFO]  Epoch[0] Time cost=0.010
2024-04-11 21:02:29,102 [INFO]  Saved checkpoint to "./imputer_model/imputer_model_NGP/model-0000.params"
2024-04-11 21:02:29,103 [INFO]  Epoch[0] Validation-cross-entropy=1.900804
2024-04-11 21:02:29,103 [INFO]  Epoch[0] Validation-NGP-accuracy=0.000000
2024-04-11 21:02:29,109 [INFO]  Epoch[1] Batch [0-8]	Speed: 23158.96 samples/sec	cross-entropy=2.629528	NGP-accuracy=3.333333
2024-04-11 21:02:29,113 [INFO]  Epoch[1] Train-cross-entropy=2.166637
2024-04-11 21:02:29,114 [INFO]  Epoch[1] Train-NGP-accuracy=3.066667
2024-04-11 21:02:29,114 [INFO]  Epoch[1] Time cost=0.011
2024-04-11 21:02:29,115 [INFO]  Saved checkpoint to "./imputer_model/imputer_model_NGP/model-0001.params"
2024-04-11 21:02:29,116 [INFO]  Epoch[1] Validation-cross-entropy=0.531239
2024-04-11 21:02:29,116 [INFO]  Epoch[1] Validation-NGP-accuracy=0.000000
2024-04-11 21:02:29,122 [INFO]  Epoch[2] Batch [0-8]	Speed: 24053.36 samples/sec	cross-entropy=0.842302	NGP-accuracy=3.333333
2024-04-11 21:02:29,127 [INFO]  Epoch[2] Train-cross-entropy=0.765169
2024-04-11 21:02:29,127 [INFO]  Epoch[2] Train-NGP-accuracy=3.066667
2024-04-11 21:02:29,127 [INFO]  Epoch[2] Time cost=0.011
2024-04-11 21:02:29,128 [INFO]  Saved checkpoint to "./imputer_model/imputer_model_NGP/model-0002.params"
2024-04-11 21:02:29,129 [INFO]  Epoch[2] Validation-cross-entropy=0.649180
2024-04-11 21:02:29,129 [INFO]  Epoch[2] Validation-NGP-accuracy=0.000000
2024-04-11 21:02:29,135 [INFO]  Epoch[3] Batch [0-8]	Speed: 24833.29 samples/sec	cross-entropy=0.413775	NGP-accuracy=3.333333
2024-04-11 21:02:29,139 [INFO]  Epoch[3] Train-cross-entropy=0.356345
2024-04-11 21:02:29,139 [INFO]  Epoch[3] Train-NGP-accuracy=3.066667
2024-04-11 21:02:29,139 [INFO]  Epoch[3] Time cost=0.010
2024-04-11 21:02:29,141 [INFO]  Saved checkpoint to "./imputer_model/imputer_model_NGP/model-0003.params"
2024-04-11 21:02:29,150 [INFO]  Epoch[3] Validation-cross-entropy=0.346007
2024-04-11 21:02:29,150 [INFO]  Epoch[3] Validation-NGP-accuracy=0.000000
2024-04-11 21:02:29,157 [INFO]  Epoch[4] Batch [0-8]	Speed: 19273.08 samples/sec	cross-entropy=0.222401	NGP-accuracy=3.333333
2024-04-11 21:02:29,161 [INFO]  Epoch[4] Train-cross-entropy=0.204034
2024-04-11 21:02:29,161 [INFO]  Epoch[4] Train-NGP-accuracy=3.066667
2024-04-11 21:02:29,161 [INFO]  Epoch[4] Time cost=0.011
2024-04-11 21:02:29,162 [INFO]  Saved checkpoint to "./imputer_model/imputer_model_NGP/model-0004.params"
2024-04-11 21:02:29,163 [INFO]  Epoch[4] Validation-cross-entropy=0.448840
2024-04-11 21:02:29,163 [INFO]  Epoch[4] Validation-NGP-accuracy=0.000000
2024-04-11 21:02:29,163 [INFO]  
========== done (0.07297635078430176 s) fit model
2024-04-11 21:02:31,607 [INFO]  
========== start: fit model
2024-04-11 21:02:31,607 [WARNING]  Already bound, ignoring bind()
2024-04-11 21:02:31,616 [INFO]  Epoch[0] Batch [0-8]	Speed: 18776.31 samples/sec	cross-entropy=8.901977	NGP-accuracy=0.000000
2024-04-11 21:02:31,626 [INFO]  Epoch[0] Train-cross-entropy=7.536129
2024-04-11 21:02:31,626 [INFO]  Epoch[0] Train-NGP-accuracy=0.000000
2024-04-11 21:02:31,626 [INFO]  Epoch[0] Time cost=0.018
2024-04-11 21:02:31,629 [INFO]  Saved checkpoint to "./imputer_model/imputer_model_NGP/model-0000.params"
2024-04-11 21:02:31,630 [INFO]  Epoch[0] Validation-cross-entropy=2.016807
2024-04-11 21:02:31,630 [INFO]  Epoch[0] Validation-NGP-accuracy=0.000000
2024-04-11 21:02:31,638 [INFO]  Epoch[1] Batch [0-8]	Speed: 17429.74 samples/sec	cross-entropy=2.919700	NGP-accuracy=0.000000
2024-04-11 21:02:31,642 [INFO]  Epoch[1] Train-cross-entropy=2.236891
2024-04-11 21:02:31,643 [INFO]  Epoch[1] Train-NGP-accuracy=0.000000
2024-04-11 21:02:31,643 [INFO]  Epoch[1] Time cost=0.013
2024-04-11 21:02:31,644 [INFO]  Saved checkpoint to "./imputer_model/imputer_model_NGP/model-0001.params"
2024-04-11 21:02:31,645 [INFO]  Epoch[1] Validation-cross-entropy=0.493512
2024-04-11 21:02:31,645 [INFO]  Epoch[1] Validation-NGP-accuracy=0.000000
2024-04-11 21:02:31,651 [INFO]  Epoch[2] Batch [0-8]	Speed: 26009.93 samples/sec	cross-entropy=1.217407	NGP-accuracy=0.000000
2024-04-11 21:02:31,654 [INFO]  Epoch[2] Train-cross-entropy=0.939695
2024-04-11 21:02:31,654 [INFO]  Epoch[2] Train-NGP-accuracy=0.000000
2024-04-11 21:02:31,654 [INFO]  Epoch[2] Time cost=0.009
2024-04-11 21:02:31,655 [INFO]  Saved checkpoint to "./imputer_model/imputer_model_NGP/model-0002.params"
2024-04-11 21:02:31,656 [INFO]  Epoch[2] Validation-cross-entropy=0.498007
2024-04-11 21:02:31,656 [INFO]  Epoch[2] Validation-NGP-accuracy=0.000000
2024-04-11 21:02:31,661 [INFO]  Epoch[3] Batch [0-8]	Speed: 28244.47 samples/sec	cross-entropy=0.471070	NGP-accuracy=0.000000
2024-04-11 21:02:31,665 [INFO]  Epoch[3] Train-cross-entropy=0.361131
2024-04-11 21:02:31,665 [INFO]  Epoch[3] Train-NGP-accuracy=0.000000
2024-04-11 21:02:31,665 [INFO]  Epoch[3] Time cost=0.009
2024-04-11 21:02:31,666 [INFO]  Saved checkpoint to "./imputer_model/imputer_model_NGP/model-0003.params"
2024-04-11 21:02:31,667 [INFO]  Epoch[3] Validation-cross-entropy=0.361368
2024-04-11 21:02:31,667 [INFO]  Epoch[3] Validation-NGP-accuracy=0.000000
2024-04-11 21:02:31,672 [INFO]  Epoch[4] Batch [0-8]	Speed: 28010.17 samples/sec	cross-entropy=0.219586	NGP-accuracy=0.000000
2024-04-11 21:02:31,675 [INFO]  Epoch[4] Train-cross-entropy=0.207847
2024-04-11 21:02:31,676 [INFO]  Epoch[4] Train-NGP-accuracy=0.000000
2024-04-11 21:02:31,676 [INFO]  Epoch[4] Time cost=0.009
2024-04-11 21:02:31,677 [INFO]  Saved checkpoint to "./imputer_model/imputer_model_NGP/model-0004.params"
2024-04-11 21:02:31,677 [INFO]  Epoch[4] Validation-cross-entropy=0.260306
2024-04-11 21:02:31,677 [INFO]  Epoch[4] Validation-NGP-accuracy=0.000000
2024-04-11 21:02:31,677 [INFO]  
========== done (0.0702657699584961 s) fit model
2024-04-11 21:02:34,202 [INFO]  
========== start: fit model
2024-04-11 21:02:34,202 [WARNING]  Already bound, ignoring bind()
2024-04-11 21:02:34,212 [INFO]  Epoch[0] Batch [0-8]	Speed: 18028.51 samples/sec	cross-entropy=15.177617	NGP-accuracy=0.000000
2024-04-11 21:02:34,228 [INFO]  Epoch[0] Train-cross-entropy=12.412229
2024-04-11 21:02:34,229 [INFO]  Epoch[0] Train-NGP-accuracy=0.000000
2024-04-11 21:02:34,229 [INFO]  Epoch[0] Time cost=0.025
2024-04-11 21:02:34,231 [INFO]  Saved checkpoint to "./imputer_model/imputer_model_NGP/model-0000.params"
2024-04-11 21:02:34,233 [INFO]  Epoch[0] Validation-cross-entropy=7.774839
2024-04-11 21:02:34,233 [INFO]  Epoch[0] Validation-NGP-accuracy=0.000000
2024-04-11 21:02:34,241 [INFO]  Epoch[1] Batch [0-8]	Speed: 19107.09 samples/sec	cross-entropy=3.828901	NGP-accuracy=0.000000
2024-04-11 21:02:34,246 [INFO]  Epoch[1] Train-cross-entropy=3.238359
2024-04-11 21:02:34,246 [INFO]  Epoch[1] Train-NGP-accuracy=0.000000
2024-04-11 21:02:34,247 [INFO]  Epoch[1] Time cost=0.013
2024-04-11 21:02:34,248 [INFO]  Saved checkpoint to "./imputer_model/imputer_model_NGP/model-0001.params"
2024-04-11 21:02:34,249 [INFO]  Epoch[1] Validation-cross-entropy=2.675215
2024-04-11 21:02:34,249 [INFO]  Epoch[1] Validation-NGP-accuracy=0.000000
2024-04-11 21:02:34,256 [INFO]  Epoch[2] Batch [0-8]	Speed: 20434.32 samples/sec	cross-entropy=1.931698	NGP-accuracy=0.000000
2024-04-11 21:02:34,261 [INFO]  Epoch[2] Train-cross-entropy=1.748689
2024-04-11 21:02:34,261 [INFO]  Epoch[2] Train-NGP-accuracy=0.000000
2024-04-11 21:02:34,261 [INFO]  Epoch[2] Time cost=0.012
2024-04-11 21:02:34,263 [INFO]  Saved checkpoint to "./imputer_model/imputer_model_NGP/model-0002.params"
2024-04-11 21:02:34,264 [INFO]  Epoch[2] Validation-cross-entropy=1.472132
2024-04-11 21:02:34,264 [INFO]  Epoch[2] Validation-NGP-accuracy=0.000000
2024-04-11 21:02:34,271 [INFO]  Epoch[3] Batch [0-8]	Speed: 20484.22 samples/sec	cross-entropy=0.633597	NGP-accuracy=0.000000
2024-04-11 21:02:34,276 [INFO]  Epoch[3] Train-cross-entropy=0.655404
2024-04-11 21:02:34,276 [INFO]  Epoch[3] Train-NGP-accuracy=0.000000
2024-04-11 21:02:34,276 [INFO]  Epoch[3] Time cost=0.012
2024-04-11 21:02:34,277 [INFO]  Saved checkpoint to "./imputer_model/imputer_model_NGP/model-0003.params"
2024-04-11 21:02:34,278 [INFO]  Epoch[3] Validation-cross-entropy=0.691871
2024-04-11 21:02:34,278 [INFO]  Epoch[3] Validation-NGP-accuracy=0.000000
2024-04-11 21:02:34,286 [INFO]  Epoch[4] Batch [0-8]	Speed: 20269.22 samples/sec	cross-entropy=0.404446	NGP-accuracy=0.000000
2024-04-11 21:02:34,291 [INFO]  Epoch[4] Train-cross-entropy=0.416067
2024-04-11 21:02:34,291 [INFO]  Epoch[4] Train-NGP-accuracy=0.000000
2024-04-11 21:02:34,291 [INFO]  Epoch[4] Time cost=0.013
2024-04-11 21:02:34,292 [INFO]  Saved checkpoint to "./imputer_model/imputer_model_NGP/model-0004.params"
2024-04-11 21:02:34,293 [INFO]  Epoch[4] Validation-cross-entropy=0.568276
2024-04-11 21:02:34,293 [INFO]  Epoch[4] Validation-NGP-accuracy=0.000000
2024-04-11 21:02:34,293 [INFO]  
========== done (0.09116625785827637 s) fit model
2024-04-11 21:02:37,015 [INFO]  
========== start: fit model
2024-04-11 21:02:37,015 [WARNING]  Already bound, ignoring bind()
2024-04-11 21:02:37,023 [INFO]  Epoch[0] Batch [0-8]	Speed: 23268.36 samples/sec	cross-entropy=19.894796	NGP-accuracy=0.000000
2024-04-11 21:02:37,027 [INFO]  Epoch[0] Train-cross-entropy=15.286333
2024-04-11 21:02:37,027 [INFO]  Epoch[0] Train-NGP-accuracy=0.000000
2024-04-11 21:02:37,027 [INFO]  Epoch[0] Time cost=0.011
2024-04-11 21:02:37,028 [INFO]  Saved checkpoint to "./imputer_model/imputer_model_NGP/model-0000.params"
2024-04-11 21:02:37,029 [INFO]  Epoch[0] Validation-cross-entropy=1.570956
2024-04-11 21:02:37,029 [INFO]  Epoch[0] Validation-NGP-accuracy=0.000000
2024-04-11 21:02:37,035 [INFO]  Epoch[1] Batch [0-8]	Speed: 23404.29 samples/sec	cross-entropy=3.912346	NGP-accuracy=0.000000
2024-04-11 21:02:37,039 [INFO]  Epoch[1] Train-cross-entropy=3.390148
2024-04-11 21:02:37,040 [INFO]  Epoch[1] Train-NGP-accuracy=0.000000
2024-04-11 21:02:37,040 [INFO]  Epoch[1] Time cost=0.010
2024-04-11 21:02:37,041 [INFO]  Saved checkpoint to "./imputer_model/imputer_model_NGP/model-0001.params"
2024-04-11 21:02:37,042 [INFO]  Epoch[1] Validation-cross-entropy=0.648758
2024-04-11 21:02:37,042 [INFO]  Epoch[1] Validation-NGP-accuracy=0.000000
2024-04-11 21:02:37,048 [INFO]  Epoch[2] Batch [0-8]	Speed: 24797.73 samples/sec	cross-entropy=1.634712	NGP-accuracy=0.000000
2024-04-11 21:02:37,052 [INFO]  Epoch[2] Train-cross-entropy=1.408572
2024-04-11 21:02:37,052 [INFO]  Epoch[2] Train-NGP-accuracy=0.000000
2024-04-11 21:02:37,052 [INFO]  Epoch[2] Time cost=0.010
2024-04-11 21:02:37,053 [INFO]  Saved checkpoint to "./imputer_model/imputer_model_NGP/model-0002.params"
2024-04-11 21:02:37,054 [INFO]  Epoch[2] Validation-cross-entropy=0.299478
2024-04-11 21:02:37,054 [INFO]  Epoch[2] Validation-NGP-accuracy=0.000000
2024-04-11 21:02:37,060 [INFO]  Epoch[3] Batch [0-8]	Speed: 24704.16 samples/sec	cross-entropy=0.649173	NGP-accuracy=0.000000
2024-04-11 21:02:37,064 [INFO]  Epoch[3] Train-cross-entropy=0.535939
2024-04-11 21:02:37,064 [INFO]  Epoch[3] Train-NGP-accuracy=0.000000
2024-04-11 21:02:37,064 [INFO]  Epoch[3] Time cost=0.010
2024-04-11 21:02:37,066 [INFO]  Saved checkpoint to "./imputer_model/imputer_model_NGP/model-0003.params"
2024-04-11 21:02:37,066 [INFO]  Epoch[3] Validation-cross-entropy=0.655353
2024-04-11 21:02:37,066 [INFO]  Epoch[3] Validation-NGP-accuracy=0.000000
2024-04-11 21:02:37,072 [INFO]  Epoch[4] Batch [0-8]	Speed: 23905.55 samples/sec	cross-entropy=0.371459	NGP-accuracy=0.000000
2024-04-11 21:02:37,077 [INFO]  Epoch[4] Train-cross-entropy=0.321182
2024-04-11 21:02:37,077 [INFO]  Epoch[4] Train-NGP-accuracy=0.000000
2024-04-11 21:02:37,077 [INFO]  Epoch[4] Time cost=0.011
2024-04-11 21:02:37,078 [INFO]  Saved checkpoint to "./imputer_model/imputer_model_NGP/model-0004.params"
2024-04-11 21:02:37,079 [INFO]  Epoch[4] Validation-cross-entropy=0.438666
2024-04-11 21:02:37,079 [INFO]  Epoch[4] Validation-NGP-accuracy=0.000000
2024-04-11 21:02:37,079 [INFO]  
========== done (0.06432652473449707 s) fit model
2024-04-11 21:02:39,708 [INFO]  
========== start: fit model
2024-04-11 21:02:39,708 [WARNING]  Already bound, ignoring bind()
2024-04-11 21:02:39,720 [INFO]  Epoch[0] Batch [0-8]	Speed: 17874.25 samples/sec	cross-entropy=19.723753	NGP-accuracy=2.777778
2024-04-11 21:02:39,725 [INFO]  Epoch[0] Train-cross-entropy=16.552750
2024-04-11 21:02:39,725 [INFO]  Epoch[0] Train-NGP-accuracy=2.866667
2024-04-11 21:02:39,725 [INFO]  Epoch[0] Time cost=0.016
2024-04-11 21:02:39,726 [INFO]  Saved checkpoint to "./imputer_model/imputer_model_NGP/model-0000.params"
2024-04-11 21:02:39,727 [INFO]  Epoch[0] Validation-cross-entropy=10.415458
2024-04-11 21:02:39,727 [INFO]  Epoch[0] Validation-NGP-accuracy=0.000000
2024-04-11 21:02:39,735 [INFO]  Epoch[1] Batch [0-8]	Speed: 18182.99 samples/sec	cross-entropy=4.188022	NGP-accuracy=2.777778
2024-04-11 21:02:39,740 [INFO]  Epoch[1] Train-cross-entropy=3.921466
2024-04-11 21:02:39,741 [INFO]  Epoch[1] Train-NGP-accuracy=2.866667
2024-04-11 21:02:39,741 [INFO]  Epoch[1] Time cost=0.013
2024-04-11 21:02:39,742 [INFO]  Saved checkpoint to "./imputer_model/imputer_model_NGP/model-0001.params"
2024-04-11 21:02:39,743 [INFO]  Epoch[1] Validation-cross-entropy=3.869445
2024-04-11 21:02:39,743 [INFO]  Epoch[1] Validation-NGP-accuracy=0.000000
2024-04-11 21:02:39,750 [INFO]  Epoch[2] Batch [0-8]	Speed: 21587.09 samples/sec	cross-entropy=1.873851	NGP-accuracy=2.777778
2024-04-11 21:02:39,760 [INFO]  Epoch[2] Train-cross-entropy=1.516050
2024-04-11 21:02:39,760 [INFO]  Epoch[2] Train-NGP-accuracy=2.866667
2024-04-11 21:02:39,760 [INFO]  Epoch[2] Time cost=0.018
2024-04-11 21:02:39,762 [INFO]  Saved checkpoint to "./imputer_model/imputer_model_NGP/model-0002.params"
2024-04-11 21:02:39,763 [INFO]  Epoch[2] Validation-cross-entropy=2.613427
2024-04-11 21:02:39,763 [INFO]  Epoch[2] Validation-NGP-accuracy=0.000000
2024-04-11 21:02:39,770 [INFO]  Epoch[3] Batch [0-8]	Speed: 23129.02 samples/sec	cross-entropy=0.870622	NGP-accuracy=2.777778
2024-04-11 21:02:39,774 [INFO]  Epoch[3] Train-cross-entropy=0.720701
2024-04-11 21:02:39,774 [INFO]  Epoch[3] Train-NGP-accuracy=2.866667
2024-04-11 21:02:39,774 [INFO]  Epoch[3] Time cost=0.011
2024-04-11 21:02:39,776 [INFO]  Saved checkpoint to "./imputer_model/imputer_model_NGP/model-0003.params"
2024-04-11 21:02:39,777 [INFO]  Epoch[3] Validation-cross-entropy=1.405403
2024-04-11 21:02:39,777 [INFO]  Epoch[3] Validation-NGP-accuracy=0.000000
2024-04-11 21:02:39,783 [INFO]  Epoch[4] Batch [0-8]	Speed: 23416.54 samples/sec	cross-entropy=0.440888	NGP-accuracy=2.777778
2024-04-11 21:02:39,787 [INFO]  Epoch[4] Train-cross-entropy=0.404610
2024-04-11 21:02:39,787 [INFO]  Epoch[4] Train-NGP-accuracy=2.866667
2024-04-11 21:02:39,787 [INFO]  Epoch[4] Time cost=0.011
2024-04-11 21:02:39,789 [INFO]  Saved checkpoint to "./imputer_model/imputer_model_NGP/model-0004.params"
2024-04-11 21:02:39,790 [INFO]  Epoch[4] Validation-cross-entropy=0.663322
2024-04-11 21:02:39,790 [INFO]  Epoch[4] Validation-NGP-accuracy=0.000000
2024-04-11 21:02:39,790 [INFO]  
========== done (0.08183121681213379 s) fit model
2024-04-11 21:02:42,699 [INFO]  
========== start: fit model
2024-04-11 21:02:42,699 [WARNING]  Already bound, ignoring bind()
2024-04-11 21:02:42,708 [INFO]  Epoch[0] Batch [0-8]	Speed: 19149.34 samples/sec	cross-entropy=10.141927	NGP-accuracy=2.555556
2024-04-11 21:02:42,713 [INFO]  Epoch[0] Train-cross-entropy=8.299183
2024-04-11 21:02:42,713 [INFO]  Epoch[0] Train-NGP-accuracy=3.600000
2024-04-11 21:02:42,713 [INFO]  Epoch[0] Time cost=0.013
2024-04-11 21:02:42,715 [INFO]  Saved checkpoint to "./imputer_model/imputer_model_NGP/model-0000.params"
2024-04-11 21:02:42,715 [INFO]  Epoch[0] Validation-cross-entropy=0.840617
2024-04-11 21:02:42,715 [INFO]  Epoch[0] Validation-NGP-accuracy=0.000000
2024-04-11 21:02:42,722 [INFO]  Epoch[1] Batch [0-8]	Speed: 22121.67 samples/sec	cross-entropy=1.884902	NGP-accuracy=2.555556
2024-04-11 21:02:42,726 [INFO]  Epoch[1] Train-cross-entropy=1.739151
2024-04-11 21:02:42,726 [INFO]  Epoch[1] Train-NGP-accuracy=3.600000
2024-04-11 21:02:42,726 [INFO]  Epoch[1] Time cost=0.010
2024-04-11 21:02:42,733 [INFO]  Saved checkpoint to "./imputer_model/imputer_model_NGP/model-0001.params"
2024-04-11 21:02:42,736 [INFO]  Epoch[1] Validation-cross-entropy=0.649262
2024-04-11 21:02:42,736 [INFO]  Epoch[1] Validation-NGP-accuracy=0.000000
2024-04-11 21:02:42,743 [INFO]  Epoch[2] Batch [0-8]	Speed: 21856.90 samples/sec	cross-entropy=0.605791	NGP-accuracy=2.555556
2024-04-11 21:02:42,875 [INFO]  Epoch[2] Train-cross-entropy=0.563787
2024-04-11 21:02:42,876 [INFO]  Epoch[2] Train-NGP-accuracy=3.600000
2024-04-11 21:02:42,876 [INFO]  Epoch[2] Time cost=0.139
2024-04-11 21:02:42,877 [INFO]  Saved checkpoint to "./imputer_model/imputer_model_NGP/model-0002.params"
2024-04-11 21:02:42,878 [INFO]  Epoch[2] Validation-cross-entropy=0.566265
2024-04-11 21:02:42,879 [INFO]  Epoch[2] Validation-NGP-accuracy=0.000000
2024-04-11 21:02:42,894 [INFO]  Epoch[3] Batch [0-8]	Speed: 9715.19 samples/sec	cross-entropy=0.312581	NGP-accuracy=2.555556
2024-04-11 21:02:42,901 [INFO]  Epoch[3] Train-cross-entropy=0.333868
2024-04-11 21:02:42,901 [INFO]  Epoch[3] Train-NGP-accuracy=3.600000
2024-04-11 21:02:42,901 [INFO]  Epoch[3] Time cost=0.022
2024-04-11 21:02:42,903 [INFO]  Saved checkpoint to "./imputer_model/imputer_model_NGP/model-0003.params"
2024-04-11 21:02:42,904 [INFO]  Epoch[3] Validation-cross-entropy=0.338610
2024-04-11 21:02:42,904 [INFO]  Epoch[3] Validation-NGP-accuracy=0.000000
2024-04-11 21:02:42,911 [INFO]  Epoch[4] Batch [0-8]	Speed: 19996.68 samples/sec	cross-entropy=0.203103	NGP-accuracy=2.555556
2024-04-11 21:02:42,916 [INFO]  Epoch[4] Train-cross-entropy=0.218788
2024-04-11 21:02:42,916 [INFO]  Epoch[4] Train-NGP-accuracy=3.600000
2024-04-11 21:02:42,916 [INFO]  Epoch[4] Time cost=0.012
2024-04-11 21:02:42,918 [INFO]  Saved checkpoint to "./imputer_model/imputer_model_NGP/model-0004.params"
2024-04-11 21:02:42,919 [INFO]  Epoch[4] Validation-cross-entropy=0.349807
2024-04-11 21:02:42,919 [INFO]  Epoch[4] Validation-NGP-accuracy=0.000000
2024-04-11 21:02:42,919 [INFO]  
========== done (0.21986722946166992 s) fit model
2024-04-11 21:02:45,901 [INFO]  
========== start: fit model
2024-04-11 21:02:45,901 [WARNING]  Already bound, ignoring bind()
2024-04-11 21:02:45,909 [INFO]  Epoch[0] Batch [0-8]	Speed: 22003.81 samples/sec	cross-entropy=11.714207	NGP-accuracy=3.111111
2024-04-11 21:02:45,913 [INFO]  Epoch[0] Train-cross-entropy=8.845487
2024-04-11 21:02:45,914 [INFO]  Epoch[0] Train-NGP-accuracy=3.200000
2024-04-11 21:02:45,914 [INFO]  Epoch[0] Time cost=0.011
2024-04-11 21:02:45,915 [INFO]  Saved checkpoint to "./imputer_model/imputer_model_NGP/model-0000.params"
2024-04-11 21:02:45,916 [INFO]  Epoch[0] Validation-cross-entropy=1.703724
2024-04-11 21:02:45,916 [INFO]  Epoch[0] Validation-NGP-accuracy=0.000000
2024-04-11 21:02:45,924 [INFO]  Epoch[1] Batch [0-8]	Speed: 19599.55 samples/sec	cross-entropy=1.638484	NGP-accuracy=3.111111
2024-04-11 21:02:45,928 [INFO]  Epoch[1] Train-cross-entropy=1.483066
2024-04-11 21:02:45,928 [INFO]  Epoch[1] Train-NGP-accuracy=3.200000
2024-04-11 21:02:45,928 [INFO]  Epoch[1] Time cost=0.012
2024-04-11 21:02:45,929 [INFO]  Saved checkpoint to "./imputer_model/imputer_model_NGP/model-0001.params"
2024-04-11 21:02:45,930 [INFO]  Epoch[1] Validation-cross-entropy=1.949378
2024-04-11 21:02:45,930 [INFO]  Epoch[1] Validation-NGP-accuracy=0.000000
2024-04-11 21:02:45,938 [INFO]  Epoch[2] Batch [0-8]	Speed: 19568.83 samples/sec	cross-entropy=0.708666	NGP-accuracy=3.111111
2024-04-11 21:02:45,942 [INFO]  Epoch[2] Train-cross-entropy=0.593901
2024-04-11 21:02:45,942 [INFO]  Epoch[2] Train-NGP-accuracy=3.200000
2024-04-11 21:02:45,943 [INFO]  Epoch[2] Time cost=0.012
2024-04-11 21:02:45,944 [INFO]  Saved checkpoint to "./imputer_model/imputer_model_NGP/model-0002.params"
2024-04-11 21:02:45,945 [INFO]  Epoch[2] Validation-cross-entropy=0.739188
2024-04-11 21:02:45,945 [INFO]  Epoch[2] Validation-NGP-accuracy=0.000000
2024-04-11 21:02:45,951 [INFO]  Epoch[3] Batch [0-8]	Speed: 24577.50 samples/sec	cross-entropy=0.277346	NGP-accuracy=3.111111
2024-04-11 21:02:45,955 [INFO]  Epoch[3] Train-cross-entropy=0.232506
2024-04-11 21:02:45,955 [INFO]  Epoch[3] Train-NGP-accuracy=3.200000
2024-04-11 21:02:45,955 [INFO]  Epoch[3] Time cost=0.010
2024-04-11 21:02:45,956 [INFO]  Saved checkpoint to "./imputer_model/imputer_model_NGP/model-0003.params"
2024-04-11 21:02:45,957 [INFO]  Epoch[3] Validation-cross-entropy=0.426178
2024-04-11 21:02:45,957 [INFO]  Epoch[3] Validation-NGP-accuracy=0.000000
2024-04-11 21:02:45,964 [INFO]  Epoch[4] Batch [0-8]	Speed: 22497.10 samples/sec	cross-entropy=0.170964	NGP-accuracy=3.111111
2024-04-11 21:02:45,968 [INFO]  Epoch[4] Train-cross-entropy=0.139187
2024-04-11 21:02:45,968 [INFO]  Epoch[4] Train-NGP-accuracy=3.200000
2024-04-11 21:02:45,968 [INFO]  Epoch[4] Time cost=0.011
2024-04-11 21:02:45,970 [INFO]  Saved checkpoint to "./imputer_model/imputer_model_NGP/model-0004.params"
2024-04-11 21:02:45,970 [INFO]  Epoch[4] Validation-cross-entropy=0.229217
2024-04-11 21:02:45,970 [INFO]  Epoch[4] Validation-NGP-accuracy=0.000000
2024-04-11 21:02:45,970 [INFO]  
========== done (0.06961703300476074 s) fit model
2024-04-11 21:02:48,941 [INFO]  
========== start: fit model
2024-04-11 21:02:48,941 [WARNING]  Already bound, ignoring bind()
2024-04-11 21:02:48,948 [INFO]  Epoch[0] Batch [0-8]	Speed: 24664.44 samples/sec	cross-entropy=9.423347	NGP-accuracy=0.000000
2024-04-11 21:02:48,952 [INFO]  Epoch[0] Train-cross-entropy=7.103804
2024-04-11 21:02:48,952 [INFO]  Epoch[0] Train-NGP-accuracy=0.000000
2024-04-11 21:02:48,952 [INFO]  Epoch[0] Time cost=0.010
2024-04-11 21:02:48,953 [INFO]  Saved checkpoint to "./imputer_model/imputer_model_NGP/model-0000.params"
2024-04-11 21:02:48,954 [INFO]  Epoch[0] Validation-cross-entropy=6.911879
2024-04-11 21:02:48,954 [INFO]  Epoch[0] Validation-NGP-accuracy=0.000000
2024-04-11 21:02:48,960 [INFO]  Epoch[1] Batch [0-8]	Speed: 23950.34 samples/sec	cross-entropy=3.109981	NGP-accuracy=0.000000
2024-04-11 21:02:48,964 [INFO]  Epoch[1] Train-cross-entropy=2.469239
2024-04-11 21:02:48,964 [INFO]  Epoch[1] Train-NGP-accuracy=0.000000
2024-04-11 21:02:48,964 [INFO]  Epoch[1] Time cost=0.010
2024-04-11 21:02:48,966 [INFO]  Saved checkpoint to "./imputer_model/imputer_model_NGP/model-0001.params"
2024-04-11 21:02:48,966 [INFO]  Epoch[1] Validation-cross-entropy=4.107284
2024-04-11 21:02:48,966 [INFO]  Epoch[1] Validation-NGP-accuracy=0.000000
2024-04-11 21:02:48,979 [INFO]  Epoch[2] Batch [0-8]	Speed: 11411.86 samples/sec	cross-entropy=1.130086	NGP-accuracy=0.000000
2024-04-11 21:02:48,986 [INFO]  Epoch[2] Train-cross-entropy=1.049260
2024-04-11 21:02:48,986 [INFO]  Epoch[2] Train-NGP-accuracy=0.000000
2024-04-11 21:02:48,986 [INFO]  Epoch[2] Time cost=0.020
2024-04-11 21:02:48,989 [INFO]  Saved checkpoint to "./imputer_model/imputer_model_NGP/model-0002.params"
2024-04-11 21:02:48,990 [INFO]  Epoch[2] Validation-cross-entropy=2.510290
2024-04-11 21:02:48,990 [INFO]  Epoch[2] Validation-NGP-accuracy=0.000000
2024-04-11 21:02:48,997 [INFO]  Epoch[3] Batch [0-8]	Speed: 20574.50 samples/sec	cross-entropy=0.594439	NGP-accuracy=0.000000
2024-04-11 21:02:49,002 [INFO]  Epoch[3] Train-cross-entropy=0.498310
2024-04-11 21:02:49,002 [INFO]  Epoch[3] Train-NGP-accuracy=0.000000
2024-04-11 21:02:49,002 [INFO]  Epoch[3] Time cost=0.012
2024-04-11 21:02:49,003 [INFO]  Saved checkpoint to "./imputer_model/imputer_model_NGP/model-0003.params"
2024-04-11 21:02:49,004 [INFO]  Epoch[3] Validation-cross-entropy=0.649785
2024-04-11 21:02:49,004 [INFO]  Epoch[3] Validation-NGP-accuracy=0.000000
2024-04-11 21:02:49,010 [INFO]  Epoch[4] Batch [0-8]	Speed: 25322.91 samples/sec	cross-entropy=0.314023	NGP-accuracy=0.000000
2024-04-11 21:02:49,014 [INFO]  Epoch[4] Train-cross-entropy=0.275963
2024-04-11 21:02:49,014 [INFO]  Epoch[4] Train-NGP-accuracy=0.000000
2024-04-11 21:02:49,014 [INFO]  Epoch[4] Time cost=0.010
2024-04-11 21:02:49,015 [INFO]  Saved checkpoint to "./imputer_model/imputer_model_NGP/model-0004.params"
2024-04-11 21:02:49,016 [INFO]  Epoch[4] Validation-cross-entropy=0.359118
2024-04-11 21:02:49,016 [INFO]  Epoch[4] Validation-NGP-accuracy=0.000000
2024-04-11 21:02:49,016 [INFO]  
========== done (0.07503437995910645 s) fit model
2024-04-11 21:02:51,946 [INFO]  
========== start: fit model
2024-04-11 21:02:51,946 [WARNING]  Already bound, ignoring bind()
2024-04-11 21:02:51,957 [INFO]  Epoch[0] Batch [0-8]	Speed: 13411.38 samples/sec	cross-entropy=14.149046	NGP-accuracy=0.000000
2024-04-11 21:02:51,968 [INFO]  Epoch[0] Train-cross-entropy=9.751135
2024-04-11 21:02:51,968 [INFO]  Epoch[0] Train-NGP-accuracy=0.000000
2024-04-11 21:02:51,969 [INFO]  Epoch[0] Time cost=0.022
2024-04-11 21:02:51,972 [INFO]  Saved checkpoint to "./imputer_model/imputer_model_NGP/model-0000.params"
2024-04-11 21:02:51,973 [INFO]  Epoch[0] Validation-cross-entropy=4.327185
2024-04-11 21:02:51,973 [INFO]  Epoch[0] Validation-NGP-accuracy=0.000000
2024-04-11 21:02:51,982 [INFO]  Epoch[1] Batch [0-8]	Speed: 16303.89 samples/sec	cross-entropy=3.002591	NGP-accuracy=0.000000
2024-04-11 21:02:51,986 [INFO]  Epoch[1] Train-cross-entropy=2.454767
2024-04-11 21:02:51,986 [INFO]  Epoch[1] Train-NGP-accuracy=0.000000
2024-04-11 21:02:51,986 [INFO]  Epoch[1] Time cost=0.013
2024-04-11 21:02:51,987 [INFO]  Saved checkpoint to "./imputer_model/imputer_model_NGP/model-0001.params"
2024-04-11 21:02:51,988 [INFO]  Epoch[1] Validation-cross-entropy=1.410203
2024-04-11 21:02:51,988 [INFO]  Epoch[1] Validation-NGP-accuracy=0.000000
2024-04-11 21:02:51,994 [INFO]  Epoch[2] Batch [0-8]	Speed: 23909.81 samples/sec	cross-entropy=1.072934	NGP-accuracy=0.000000
2024-04-11 21:02:51,998 [INFO]  Epoch[2] Train-cross-entropy=0.818004
2024-04-11 21:02:51,998 [INFO]  Epoch[2] Train-NGP-accuracy=0.000000
2024-04-11 21:02:51,998 [INFO]  Epoch[2] Time cost=0.010
2024-04-11 21:02:52,000 [INFO]  Saved checkpoint to "./imputer_model/imputer_model_NGP/model-0002.params"
2024-04-11 21:02:52,000 [INFO]  Epoch[2] Validation-cross-entropy=0.538675
2024-04-11 21:02:52,001 [INFO]  Epoch[2] Validation-NGP-accuracy=0.000000
2024-04-11 21:02:52,006 [INFO]  Epoch[3] Batch [0-8]	Speed: 26352.08 samples/sec	cross-entropy=0.405429	NGP-accuracy=0.000000
2024-04-11 21:02:52,011 [INFO]  Epoch[3] Train-cross-entropy=0.353132
2024-04-11 21:02:52,011 [INFO]  Epoch[3] Train-NGP-accuracy=0.000000
2024-04-11 21:02:52,011 [INFO]  Epoch[3] Time cost=0.011
2024-04-11 21:02:52,012 [INFO]  Saved checkpoint to "./imputer_model/imputer_model_NGP/model-0003.params"
2024-04-11 21:02:52,013 [INFO]  Epoch[3] Validation-cross-entropy=0.275366
2024-04-11 21:02:52,013 [INFO]  Epoch[3] Validation-NGP-accuracy=0.000000
2024-04-11 21:02:52,019 [INFO]  Epoch[4] Batch [0-8]	Speed: 25395.98 samples/sec	cross-entropy=0.214537	NGP-accuracy=0.000000
2024-04-11 21:02:52,023 [INFO]  Epoch[4] Train-cross-entropy=0.195282
2024-04-11 21:02:52,023 [INFO]  Epoch[4] Train-NGP-accuracy=0.000000
2024-04-11 21:02:52,023 [INFO]  Epoch[4] Time cost=0.010
2024-04-11 21:02:52,024 [INFO]  Saved checkpoint to "./imputer_model/imputer_model_NGP/model-0004.params"
2024-04-11 21:02:52,025 [INFO]  Epoch[4] Validation-cross-entropy=0.289845
2024-04-11 21:02:52,025 [INFO]  Epoch[4] Validation-NGP-accuracy=0.000000
2024-04-11 21:02:52,025 [INFO]  
========== done (0.07959485054016113 s) fit model
2024-04-11 21:02:55,145 [INFO]  
========== start: fit model
2024-04-11 21:02:55,145 [WARNING]  Already bound, ignoring bind()
2024-04-11 21:02:55,153 [INFO]  Epoch[0] Batch [0-8]	Speed: 23087.25 samples/sec	cross-entropy=8.053153	NGP-accuracy=3.222222
2024-04-11 21:02:55,156 [INFO]  Epoch[0] Train-cross-entropy=6.915927
2024-04-11 21:02:55,156 [INFO]  Epoch[0] Train-NGP-accuracy=2.800000
2024-04-11 21:02:55,156 [INFO]  Epoch[0] Time cost=0.010
2024-04-11 21:02:55,158 [INFO]  Saved checkpoint to "./imputer_model/imputer_model_NGP/model-0000.params"
2024-04-11 21:02:55,158 [INFO]  Epoch[0] Validation-cross-entropy=2.145091
2024-04-11 21:02:55,158 [INFO]  Epoch[0] Validation-NGP-accuracy=0.000000
2024-04-11 21:02:55,164 [INFO]  Epoch[1] Batch [0-8]	Speed: 25051.14 samples/sec	cross-entropy=2.060148	NGP-accuracy=3.222222
2024-04-11 21:02:55,168 [INFO]  Epoch[1] Train-cross-entropy=1.820371
2024-04-11 21:02:55,168 [INFO]  Epoch[1] Train-NGP-accuracy=2.800000
2024-04-11 21:02:55,168 [INFO]  Epoch[1] Time cost=0.010
2024-04-11 21:02:55,170 [INFO]  Saved checkpoint to "./imputer_model/imputer_model_NGP/model-0001.params"
2024-04-11 21:02:55,170 [INFO]  Epoch[1] Validation-cross-entropy=1.394234
2024-04-11 21:02:55,170 [INFO]  Epoch[1] Validation-NGP-accuracy=0.000000
2024-04-11 21:02:55,176 [INFO]  Epoch[2] Batch [0-8]	Speed: 26855.63 samples/sec	cross-entropy=0.901357	NGP-accuracy=3.222222
2024-04-11 21:02:55,180 [INFO]  Epoch[2] Train-cross-entropy=0.759126
2024-04-11 21:02:55,180 [INFO]  Epoch[2] Train-NGP-accuracy=2.800000
2024-04-11 21:02:55,180 [INFO]  Epoch[2] Time cost=0.010
2024-04-11 21:02:55,182 [INFO]  Saved checkpoint to "./imputer_model/imputer_model_NGP/model-0002.params"
2024-04-11 21:02:55,182 [INFO]  Epoch[2] Validation-cross-entropy=0.607589
2024-04-11 21:02:55,182 [INFO]  Epoch[2] Validation-NGP-accuracy=0.000000
2024-04-11 21:02:55,188 [INFO]  Epoch[3] Batch [0-8]	Speed: 25747.97 samples/sec	cross-entropy=0.372448	NGP-accuracy=3.222222
2024-04-11 21:02:55,192 [INFO]  Epoch[3] Train-cross-entropy=0.331549
2024-04-11 21:02:55,192 [INFO]  Epoch[3] Train-NGP-accuracy=2.800000
2024-04-11 21:02:55,192 [INFO]  Epoch[3] Time cost=0.009
2024-04-11 21:02:55,193 [INFO]  Saved checkpoint to "./imputer_model/imputer_model_NGP/model-0003.params"
2024-04-11 21:02:55,194 [INFO]  Epoch[3] Validation-cross-entropy=0.343651
2024-04-11 21:02:55,194 [INFO]  Epoch[3] Validation-NGP-accuracy=0.000000
2024-04-11 21:02:55,199 [INFO]  Epoch[4] Batch [0-8]	Speed: 27915.50 samples/sec	cross-entropy=0.192514	NGP-accuracy=3.222222
2024-04-11 21:02:55,203 [INFO]  Epoch[4] Train-cross-entropy=0.170186
2024-04-11 21:02:55,203 [INFO]  Epoch[4] Train-NGP-accuracy=2.800000
2024-04-11 21:02:55,203 [INFO]  Epoch[4] Time cost=0.009
2024-04-11 21:02:55,205 [INFO]  Saved checkpoint to "./imputer_model/imputer_model_NGP/model-0004.params"
2024-04-11 21:02:55,205 [INFO]  Epoch[4] Validation-cross-entropy=0.306404
2024-04-11 21:02:55,205 [INFO]  Epoch[4] Validation-NGP-accuracy=0.000000
2024-04-11 21:02:55,205 [INFO]  
========== done (0.06046605110168457 s) fit model
2024-04-11 21:02:58,213 [INFO]  
========== start: fit model
2024-04-11 21:02:58,213 [WARNING]  Already bound, ignoring bind()
2024-04-11 21:02:58,220 [INFO]  Epoch[0] Batch [0-8]	Speed: 26667.54 samples/sec	cross-entropy=11.733720	NGP-accuracy=3.111111
2024-04-11 21:02:58,223 [INFO]  Epoch[0] Train-cross-entropy=8.740398
2024-04-11 21:02:58,223 [INFO]  Epoch[0] Train-NGP-accuracy=3.600000
2024-04-11 21:02:58,223 [INFO]  Epoch[0] Time cost=0.010
2024-04-11 21:02:58,225 [INFO]  Saved checkpoint to "./imputer_model/imputer_model_NGP/model-0000.params"
2024-04-11 21:02:58,225 [INFO]  Epoch[0] Validation-cross-entropy=0.860955
2024-04-11 21:02:58,225 [INFO]  Epoch[0] Validation-NGP-accuracy=0.000000
2024-04-11 21:02:58,231 [INFO]  Epoch[1] Batch [0-8]	Speed: 26054.11 samples/sec	cross-entropy=2.301444	NGP-accuracy=3.111111
2024-04-11 21:02:58,234 [INFO]  Epoch[1] Train-cross-entropy=2.013191
2024-04-11 21:02:58,234 [INFO]  Epoch[1] Train-NGP-accuracy=3.600000
2024-04-11 21:02:58,234 [INFO]  Epoch[1] Time cost=0.009
2024-04-11 21:02:58,236 [INFO]  Saved checkpoint to "./imputer_model/imputer_model_NGP/model-0001.params"
2024-04-11 21:02:58,236 [INFO]  Epoch[1] Validation-cross-entropy=0.462485
2024-04-11 21:02:58,236 [INFO]  Epoch[1] Validation-NGP-accuracy=0.000000
2024-04-11 21:02:58,241 [INFO]  Epoch[2] Batch [0-8]	Speed: 28544.82 samples/sec	cross-entropy=0.866810	NGP-accuracy=3.111111
2024-04-11 21:02:58,245 [INFO]  Epoch[2] Train-cross-entropy=0.786393
2024-04-11 21:02:58,245 [INFO]  Epoch[2] Train-NGP-accuracy=3.600000
2024-04-11 21:02:58,245 [INFO]  Epoch[2] Time cost=0.009
2024-04-11 21:02:58,246 [INFO]  Saved checkpoint to "./imputer_model/imputer_model_NGP/model-0002.params"
2024-04-11 21:02:58,247 [INFO]  Epoch[2] Validation-cross-entropy=0.238533
2024-04-11 21:02:58,247 [INFO]  Epoch[2] Validation-NGP-accuracy=0.000000
2024-04-11 21:02:58,252 [INFO]  Epoch[3] Batch [0-8]	Speed: 28541.78 samples/sec	cross-entropy=0.281807	NGP-accuracy=3.111111
2024-04-11 21:02:58,256 [INFO]  Epoch[3] Train-cross-entropy=0.293549
2024-04-11 21:02:58,256 [INFO]  Epoch[3] Train-NGP-accuracy=3.600000
2024-04-11 21:02:58,256 [INFO]  Epoch[3] Time cost=0.009
2024-04-11 21:02:58,257 [INFO]  Saved checkpoint to "./imputer_model/imputer_model_NGP/model-0003.params"
2024-04-11 21:02:58,258 [INFO]  Epoch[3] Validation-cross-entropy=0.180868
2024-04-11 21:02:58,258 [INFO]  Epoch[3] Validation-NGP-accuracy=0.000000
2024-04-11 21:02:58,263 [INFO]  Epoch[4] Batch [0-8]	Speed: 27622.50 samples/sec	cross-entropy=0.172628	NGP-accuracy=3.111111
2024-04-11 21:02:58,267 [INFO]  Epoch[4] Train-cross-entropy=0.172236
2024-04-11 21:02:58,267 [INFO]  Epoch[4] Train-NGP-accuracy=3.600000
2024-04-11 21:02:58,267 [INFO]  Epoch[4] Time cost=0.009
2024-04-11 21:02:58,268 [INFO]  Saved checkpoint to "./imputer_model/imputer_model_NGP/model-0004.params"
2024-04-11 21:02:58,269 [INFO]  Epoch[4] Validation-cross-entropy=0.140921
2024-04-11 21:02:58,269 [INFO]  Epoch[4] Validation-NGP-accuracy=0.000000
2024-04-11 21:02:58,269 [INFO]  
========== done (0.05579805374145508 s) fit model
2024-04-11 21:03:01,429 [INFO]  
========== start: fit model
2024-04-11 21:03:01,430 [WARNING]  Already bound, ignoring bind()
2024-04-11 21:03:01,437 [INFO]  Epoch[0] Batch [0-8]	Speed: 22669.04 samples/sec	cross-entropy=11.525928	NGP-accuracy=3.000000
2024-04-11 21:03:01,441 [INFO]  Epoch[0] Train-cross-entropy=8.213965
2024-04-11 21:03:01,441 [INFO]  Epoch[0] Train-NGP-accuracy=3.000000
2024-04-11 21:03:01,441 [INFO]  Epoch[0] Time cost=0.011
2024-04-11 21:03:01,442 [INFO]  Saved checkpoint to "./imputer_model/imputer_model_NGP/model-0000.params"
2024-04-11 21:03:01,443 [INFO]  Epoch[0] Validation-cross-entropy=1.669495
2024-04-11 21:03:01,443 [INFO]  Epoch[0] Validation-NGP-accuracy=0.000000
2024-04-11 21:03:01,448 [INFO]  Epoch[1] Batch [0-8]	Speed: 27886.50 samples/sec	cross-entropy=2.920781	NGP-accuracy=3.000000
2024-04-11 21:03:01,452 [INFO]  Epoch[1] Train-cross-entropy=2.192707
2024-04-11 21:03:01,452 [INFO]  Epoch[1] Train-NGP-accuracy=3.000000
2024-04-11 21:03:01,452 [INFO]  Epoch[1] Time cost=0.009
2024-04-11 21:03:01,454 [INFO]  Saved checkpoint to "./imputer_model/imputer_model_NGP/model-0001.params"
2024-04-11 21:03:01,455 [INFO]  Epoch[1] Validation-cross-entropy=0.861113
2024-04-11 21:03:01,455 [INFO]  Epoch[1] Validation-NGP-accuracy=0.000000
2024-04-11 21:03:01,461 [INFO]  Epoch[2] Batch [0-8]	Speed: 26437.73 samples/sec	cross-entropy=0.819844	NGP-accuracy=3.000000
2024-04-11 21:03:01,464 [INFO]  Epoch[2] Train-cross-entropy=0.659878
2024-04-11 21:03:01,464 [INFO]  Epoch[2] Train-NGP-accuracy=3.000000
2024-04-11 21:03:01,465 [INFO]  Epoch[2] Time cost=0.009
2024-04-11 21:03:01,466 [INFO]  Saved checkpoint to "./imputer_model/imputer_model_NGP/model-0002.params"
2024-04-11 21:03:01,466 [INFO]  Epoch[2] Validation-cross-entropy=0.378462
2024-04-11 21:03:01,466 [INFO]  Epoch[2] Validation-NGP-accuracy=0.000000
2024-04-11 21:03:01,472 [INFO]  Epoch[3] Batch [0-8]	Speed: 28216.27 samples/sec	cross-entropy=0.357155	NGP-accuracy=3.000000
2024-04-11 21:03:01,475 [INFO]  Epoch[3] Train-cross-entropy=0.308577
2024-04-11 21:03:01,475 [INFO]  Epoch[3] Train-NGP-accuracy=3.000000
2024-04-11 21:03:01,476 [INFO]  Epoch[3] Time cost=0.009
2024-04-11 21:03:01,477 [INFO]  Saved checkpoint to "./imputer_model/imputer_model_NGP/model-0003.params"
2024-04-11 21:03:01,477 [INFO]  Epoch[3] Validation-cross-entropy=0.204430
2024-04-11 21:03:01,477 [INFO]  Epoch[3] Validation-NGP-accuracy=0.000000
2024-04-11 21:03:01,483 [INFO]  Epoch[4] Batch [0-8]	Speed: 28389.35 samples/sec	cross-entropy=0.339148	NGP-accuracy=3.000000
2024-04-11 21:03:01,486 [INFO]  Epoch[4] Train-cross-entropy=0.247971
2024-04-11 21:03:01,486 [INFO]  Epoch[4] Train-NGP-accuracy=3.000000
2024-04-11 21:03:01,486 [INFO]  Epoch[4] Time cost=0.009
2024-04-11 21:03:01,488 [INFO]  Saved checkpoint to "./imputer_model/imputer_model_NGP/model-0004.params"
2024-04-11 21:03:01,488 [INFO]  Epoch[4] Validation-cross-entropy=0.182603
2024-04-11 21:03:01,488 [INFO]  Epoch[4] Validation-NGP-accuracy=0.000000
2024-04-11 21:03:01,488 [INFO]  
========== done (0.05889272689819336 s) fit model
2024-04-11 21:03:04,701 [INFO]  
========== start: fit model
2024-04-11 21:03:04,701 [WARNING]  Already bound, ignoring bind()
2024-04-11 21:03:04,728 [INFO]  Epoch[0] Batch [0-8]	Speed: 9589.21 samples/sec	cross-entropy=18.247362	NGP-accuracy=0.000000
2024-04-11 21:03:04,734 [INFO]  Epoch[0] Train-cross-entropy=12.768434
2024-04-11 21:03:04,735 [INFO]  Epoch[0] Train-NGP-accuracy=0.000000
2024-04-11 21:03:04,735 [INFO]  Epoch[0] Time cost=0.032
2024-04-11 21:03:04,737 [INFO]  Saved checkpoint to "./imputer_model/imputer_model_NGP/model-0000.params"
2024-04-11 21:03:04,738 [INFO]  Epoch[0] Validation-cross-entropy=4.278554
2024-04-11 21:03:04,738 [INFO]  Epoch[0] Validation-NGP-accuracy=0.000000
2024-04-11 21:03:04,745 [INFO]  Epoch[1] Batch [0-8]	Speed: 20470.16 samples/sec	cross-entropy=1.502460	NGP-accuracy=0.000000
2024-04-11 21:03:04,750 [INFO]  Epoch[1] Train-cross-entropy=1.470292
2024-04-11 21:03:04,750 [INFO]  Epoch[1] Train-NGP-accuracy=0.000000
2024-04-11 21:03:04,750 [INFO]  Epoch[1] Time cost=0.012
2024-04-11 21:03:04,752 [INFO]  Saved checkpoint to "./imputer_model/imputer_model_NGP/model-0001.params"
2024-04-11 21:03:04,753 [INFO]  Epoch[1] Validation-cross-entropy=0.749802
2024-04-11 21:03:04,753 [INFO]  Epoch[1] Validation-NGP-accuracy=0.000000
2024-04-11 21:03:04,760 [INFO]  Epoch[2] Batch [0-8]	Speed: 21538.59 samples/sec	cross-entropy=1.031793	NGP-accuracy=0.000000
2024-04-11 21:03:04,765 [INFO]  Epoch[2] Train-cross-entropy=0.796367
2024-04-11 21:03:04,765 [INFO]  Epoch[2] Train-NGP-accuracy=0.000000
2024-04-11 21:03:04,765 [INFO]  Epoch[2] Time cost=0.013
2024-04-11 21:03:04,767 [INFO]  Saved checkpoint to "./imputer_model/imputer_model_NGP/model-0002.params"
2024-04-11 21:03:04,768 [INFO]  Epoch[2] Validation-cross-entropy=0.651153
2024-04-11 21:03:04,768 [INFO]  Epoch[2] Validation-NGP-accuracy=0.000000
2024-04-11 21:03:04,777 [INFO]  Epoch[3] Batch [0-8]	Speed: 16182.51 samples/sec	cross-entropy=0.366285	NGP-accuracy=0.000000
2024-04-11 21:03:04,782 [INFO]  Epoch[3] Train-cross-entropy=0.347413
2024-04-11 21:03:04,783 [INFO]  Epoch[3] Train-NGP-accuracy=0.000000
2024-04-11 21:03:04,783 [INFO]  Epoch[3] Time cost=0.014
2024-04-11 21:03:04,785 [INFO]  Saved checkpoint to "./imputer_model/imputer_model_NGP/model-0003.params"
2024-04-11 21:03:04,786 [INFO]  Epoch[3] Validation-cross-entropy=0.388240
2024-04-11 21:03:04,786 [INFO]  Epoch[3] Validation-NGP-accuracy=0.000000
2024-04-11 21:03:04,793 [INFO]  Epoch[4] Batch [0-8]	Speed: 20287.61 samples/sec	cross-entropy=0.234978	NGP-accuracy=0.000000
2024-04-11 21:03:04,798 [INFO]  Epoch[4] Train-cross-entropy=0.214754
2024-04-11 21:03:04,798 [INFO]  Epoch[4] Train-NGP-accuracy=0.000000
2024-04-11 21:03:04,798 [INFO]  Epoch[4] Time cost=0.012
2024-04-11 21:03:04,799 [INFO]  Saved checkpoint to "./imputer_model/imputer_model_NGP/model-0004.params"
2024-04-11 21:03:04,800 [INFO]  Epoch[4] Validation-cross-entropy=0.221124
2024-04-11 21:03:04,800 [INFO]  Epoch[4] Validation-NGP-accuracy=0.000000
2024-04-11 21:03:04,800 [INFO]  
========== done (0.0990750789642334 s) fit model
2024-04-11 21:03:07,931 [INFO]  
========== start: fit model
2024-04-11 21:03:07,931 [WARNING]  Already bound, ignoring bind()
2024-04-11 21:03:07,942 [INFO]  Epoch[0] Batch [0-8]	Speed: 14199.18 samples/sec	cross-entropy=10.516438	NGP-accuracy=3.222222
2024-04-11 21:03:07,951 [INFO]  Epoch[0] Train-cross-entropy=8.907951
2024-04-11 21:03:07,951 [INFO]  Epoch[0] Train-NGP-accuracy=3.000000
2024-04-11 21:03:07,951 [INFO]  Epoch[0] Time cost=0.019
2024-04-11 21:03:07,954 [INFO]  Saved checkpoint to "./imputer_model/imputer_model_NGP/model-0000.params"
2024-04-11 21:03:07,956 [INFO]  Epoch[0] Validation-cross-entropy=5.939481
2024-04-11 21:03:07,956 [INFO]  Epoch[0] Validation-NGP-accuracy=0.000000
2024-04-11 21:03:07,964 [INFO]  Epoch[1] Batch [0-8]	Speed: 20993.66 samples/sec	cross-entropy=4.393501	NGP-accuracy=3.222222
2024-04-11 21:03:07,968 [INFO]  Epoch[1] Train-cross-entropy=3.310578
2024-04-11 21:03:07,968 [INFO]  Epoch[1] Train-NGP-accuracy=3.000000
2024-04-11 21:03:07,968 [INFO]  Epoch[1] Time cost=0.012
2024-04-11 21:03:07,970 [INFO]  Saved checkpoint to "./imputer_model/imputer_model_NGP/model-0001.params"
2024-04-11 21:03:07,973 [INFO]  Epoch[1] Validation-cross-entropy=3.391871
2024-04-11 21:03:07,973 [INFO]  Epoch[1] Validation-NGP-accuracy=0.000000
2024-04-11 21:03:07,979 [INFO]  Epoch[2] Batch [0-8]	Speed: 22836.82 samples/sec	cross-entropy=1.450392	NGP-accuracy=3.222222
2024-04-11 21:03:07,984 [INFO]  Epoch[2] Train-cross-entropy=1.168760
2024-04-11 21:03:07,984 [INFO]  Epoch[2] Train-NGP-accuracy=3.000000
2024-04-11 21:03:07,984 [INFO]  Epoch[2] Time cost=0.011
2024-04-11 21:03:07,986 [INFO]  Saved checkpoint to "./imputer_model/imputer_model_NGP/model-0002.params"
2024-04-11 21:03:07,987 [INFO]  Epoch[2] Validation-cross-entropy=2.186086
2024-04-11 21:03:07,987 [INFO]  Epoch[2] Validation-NGP-accuracy=0.000000
2024-04-11 21:03:07,993 [INFO]  Epoch[3] Batch [0-8]	Speed: 23348.30 samples/sec	cross-entropy=0.495523	NGP-accuracy=3.222222
2024-04-11 21:03:07,997 [INFO]  Epoch[3] Train-cross-entropy=0.459871
2024-04-11 21:03:07,998 [INFO]  Epoch[3] Train-NGP-accuracy=3.000000
2024-04-11 21:03:07,998 [INFO]  Epoch[3] Time cost=0.011
2024-04-11 21:03:07,999 [INFO]  Saved checkpoint to "./imputer_model/imputer_model_NGP/model-0003.params"
2024-04-11 21:03:08,000 [INFO]  Epoch[3] Validation-cross-entropy=1.090269
2024-04-11 21:03:08,000 [INFO]  Epoch[3] Validation-NGP-accuracy=0.000000
2024-04-11 21:03:08,007 [INFO]  Epoch[4] Batch [0-8]	Speed: 20473.28 samples/sec	cross-entropy=0.284645	NGP-accuracy=3.222222
2024-04-11 21:03:08,011 [INFO]  Epoch[4] Train-cross-entropy=0.274201
2024-04-11 21:03:08,011 [INFO]  Epoch[4] Train-NGP-accuracy=3.000000
2024-04-11 21:03:08,011 [INFO]  Epoch[4] Time cost=0.011
2024-04-11 21:03:08,013 [INFO]  Saved checkpoint to "./imputer_model/imputer_model_NGP/model-0004.params"
2024-04-11 21:03:08,014 [INFO]  Epoch[4] Validation-cross-entropy=0.776743
2024-04-11 21:03:08,014 [INFO]  Epoch[4] Validation-NGP-accuracy=0.000000
2024-04-11 21:03:08,014 [INFO]  
========== done (0.08331155776977539 s) fit model
2024-04-11 21:03:11,306 [INFO]  
========== start: fit model
2024-04-11 21:03:11,307 [WARNING]  Already bound, ignoring bind()
2024-04-11 21:03:11,316 [INFO]  Epoch[0] Batch [0-8]	Speed: 16916.78 samples/sec	cross-entropy=10.462875	NGP-accuracy=0.000000
2024-04-11 21:03:11,322 [INFO]  Epoch[0] Train-cross-entropy=7.663574
2024-04-11 21:03:11,322 [INFO]  Epoch[0] Train-NGP-accuracy=0.000000
2024-04-11 21:03:11,322 [INFO]  Epoch[0] Time cost=0.015
2024-04-11 21:03:11,323 [INFO]  Saved checkpoint to "./imputer_model/imputer_model_NGP/model-0000.params"
2024-04-11 21:03:11,324 [INFO]  Epoch[0] Validation-cross-entropy=3.271804
2024-04-11 21:03:11,324 [INFO]  Epoch[0] Validation-NGP-accuracy=0.000000
2024-04-11 21:03:11,330 [INFO]  Epoch[1] Batch [0-8]	Speed: 27766.79 samples/sec	cross-entropy=2.504667	NGP-accuracy=0.000000
2024-04-11 21:03:11,334 [INFO]  Epoch[1] Train-cross-entropy=1.936801
2024-04-11 21:03:11,334 [INFO]  Epoch[1] Train-NGP-accuracy=0.000000
2024-04-11 21:03:11,334 [INFO]  Epoch[1] Time cost=0.009
2024-04-11 21:03:11,335 [INFO]  Saved checkpoint to "./imputer_model/imputer_model_NGP/model-0001.params"
2024-04-11 21:03:11,336 [INFO]  Epoch[1] Validation-cross-entropy=2.244671
2024-04-11 21:03:11,336 [INFO]  Epoch[1] Validation-NGP-accuracy=0.000000
2024-04-11 21:03:11,341 [INFO]  Epoch[2] Batch [0-8]	Speed: 26929.72 samples/sec	cross-entropy=1.082840	NGP-accuracy=0.000000
2024-04-11 21:03:11,345 [INFO]  Epoch[2] Train-cross-entropy=0.889733
2024-04-11 21:03:11,345 [INFO]  Epoch[2] Train-NGP-accuracy=0.000000
2024-04-11 21:03:11,345 [INFO]  Epoch[2] Time cost=0.010
2024-04-11 21:03:11,347 [INFO]  Saved checkpoint to "./imputer_model/imputer_model_NGP/model-0002.params"
2024-04-11 21:03:11,347 [INFO]  Epoch[2] Validation-cross-entropy=1.763549
2024-04-11 21:03:11,347 [INFO]  Epoch[2] Validation-NGP-accuracy=0.000000
2024-04-11 21:03:11,352 [INFO]  Epoch[3] Batch [0-8]	Speed: 27941.65 samples/sec	cross-entropy=0.361606	NGP-accuracy=0.000000
2024-04-11 21:03:11,356 [INFO]  Epoch[3] Train-cross-entropy=0.327099
2024-04-11 21:03:11,356 [INFO]  Epoch[3] Train-NGP-accuracy=0.000000
2024-04-11 21:03:11,356 [INFO]  Epoch[3] Time cost=0.009
2024-04-11 21:03:11,358 [INFO]  Saved checkpoint to "./imputer_model/imputer_model_NGP/model-0003.params"
2024-04-11 21:03:11,358 [INFO]  Epoch[3] Validation-cross-entropy=1.018599
2024-04-11 21:03:11,358 [INFO]  Epoch[3] Validation-NGP-accuracy=0.000000
2024-04-11 21:03:11,364 [INFO]  Epoch[4] Batch [0-8]	Speed: 28185.16 samples/sec	cross-entropy=0.189305	NGP-accuracy=0.000000
2024-04-11 21:03:11,367 [INFO]  Epoch[4] Train-cross-entropy=0.179595
2024-04-11 21:03:11,367 [INFO]  Epoch[4] Train-NGP-accuracy=0.000000
2024-04-11 21:03:11,367 [INFO]  Epoch[4] Time cost=0.009
2024-04-11 21:03:11,368 [INFO]  Saved checkpoint to "./imputer_model/imputer_model_NGP/model-0004.params"
2024-04-11 21:03:11,369 [INFO]  Epoch[4] Validation-cross-entropy=0.725212
2024-04-11 21:03:11,369 [INFO]  Epoch[4] Validation-NGP-accuracy=0.000000
2024-04-11 21:03:11,369 [INFO]  
========== done (0.06282472610473633 s) fit model
2024-04-11 21:03:14,716 [INFO]  
========== start: fit model
2024-04-11 21:03:14,717 [WARNING]  Already bound, ignoring bind()
2024-04-11 21:03:14,725 [INFO]  Epoch[0] Batch [0-8]	Speed: 21796.55 samples/sec	cross-entropy=15.250815	NGP-accuracy=0.000000
2024-04-11 21:03:14,729 [INFO]  Epoch[0] Train-cross-entropy=10.698535
2024-04-11 21:03:14,729 [INFO]  Epoch[0] Train-NGP-accuracy=0.000000
2024-04-11 21:03:14,729 [INFO]  Epoch[0] Time cost=0.012
2024-04-11 21:03:14,731 [INFO]  Saved checkpoint to "./imputer_model/imputer_model_NGP/model-0000.params"
2024-04-11 21:03:14,731 [INFO]  Epoch[0] Validation-cross-entropy=1.759459
2024-04-11 21:03:14,732 [INFO]  Epoch[0] Validation-NGP-accuracy=0.000000
2024-04-11 21:03:14,738 [INFO]  Epoch[1] Batch [0-8]	Speed: 22423.81 samples/sec	cross-entropy=3.566072	NGP-accuracy=0.000000
2024-04-11 21:03:14,742 [INFO]  Epoch[1] Train-cross-entropy=2.675360
2024-04-11 21:03:14,742 [INFO]  Epoch[1] Train-NGP-accuracy=0.000000
2024-04-11 21:03:14,742 [INFO]  Epoch[1] Time cost=0.011
2024-04-11 21:03:14,744 [INFO]  Saved checkpoint to "./imputer_model/imputer_model_NGP/model-0001.params"
2024-04-11 21:03:14,744 [INFO]  Epoch[1] Validation-cross-entropy=0.945113
2024-04-11 21:03:14,744 [INFO]  Epoch[1] Validation-NGP-accuracy=0.000000
2024-04-11 21:03:14,750 [INFO]  Epoch[2] Batch [0-8]	Speed: 24708.71 samples/sec	cross-entropy=1.135082	NGP-accuracy=0.000000
2024-04-11 21:03:14,755 [INFO]  Epoch[2] Train-cross-entropy=0.903527
2024-04-11 21:03:14,755 [INFO]  Epoch[2] Train-NGP-accuracy=0.000000
2024-04-11 21:03:14,755 [INFO]  Epoch[2] Time cost=0.010
2024-04-11 21:03:14,756 [INFO]  Saved checkpoint to "./imputer_model/imputer_model_NGP/model-0002.params"
2024-04-11 21:03:14,757 [INFO]  Epoch[2] Validation-cross-entropy=1.102862
2024-04-11 21:03:14,757 [INFO]  Epoch[2] Validation-NGP-accuracy=0.000000
2024-04-11 21:03:14,763 [INFO]  Epoch[3] Batch [0-8]	Speed: 24539.30 samples/sec	cross-entropy=0.521245	NGP-accuracy=0.000000
2024-04-11 21:03:14,767 [INFO]  Epoch[3] Train-cross-entropy=0.416015
2024-04-11 21:03:14,767 [INFO]  Epoch[3] Train-NGP-accuracy=0.000000
2024-04-11 21:03:14,767 [INFO]  Epoch[3] Time cost=0.010
2024-04-11 21:03:14,768 [INFO]  Saved checkpoint to "./imputer_model/imputer_model_NGP/model-0003.params"
2024-04-11 21:03:14,769 [INFO]  Epoch[3] Validation-cross-entropy=0.894245
2024-04-11 21:03:14,769 [INFO]  Epoch[3] Validation-NGP-accuracy=0.000000
2024-04-11 21:03:14,776 [INFO]  Epoch[4] Batch [0-8]	Speed: 22853.35 samples/sec	cross-entropy=0.323757	NGP-accuracy=0.000000
2024-04-11 21:03:14,780 [INFO]  Epoch[4] Train-cross-entropy=0.267024
2024-04-11 21:03:14,780 [INFO]  Epoch[4] Train-NGP-accuracy=0.000000
2024-04-11 21:03:14,780 [INFO]  Epoch[4] Time cost=0.011
2024-04-11 21:03:14,781 [INFO]  Saved checkpoint to "./imputer_model/imputer_model_NGP/model-0004.params"
2024-04-11 21:03:14,782 [INFO]  Epoch[4] Validation-cross-entropy=0.575700
2024-04-11 21:03:14,782 [INFO]  Epoch[4] Validation-NGP-accuracy=0.000000
2024-04-11 21:03:14,782 [INFO]  
========== done (0.06583428382873535 s) fit model
2024-04-11 21:03:18,326 [INFO]  
========== start: fit model
2024-04-11 21:03:18,326 [WARNING]  Already bound, ignoring bind()
2024-04-11 21:03:18,341 [INFO]  Epoch[0] Batch [0-8]	Speed: 9994.25 samples/sec	cross-entropy=14.261128	NGP-accuracy=0.000000
2024-04-11 21:03:18,352 [INFO]  Epoch[0] Train-cross-entropy=11.309292
2024-04-11 21:03:18,352 [INFO]  Epoch[0] Train-NGP-accuracy=0.000000
2024-04-11 21:03:18,352 [INFO]  Epoch[0] Time cost=0.024
2024-04-11 21:03:18,354 [INFO]  Saved checkpoint to "./imputer_model/imputer_model_NGP/model-0000.params"
2024-04-11 21:03:18,356 [INFO]  Epoch[0] Validation-cross-entropy=1.548232
2024-04-11 21:03:18,356 [INFO]  Epoch[0] Validation-NGP-accuracy=0.000000
2024-04-11 21:03:18,365 [INFO]  Epoch[1] Batch [0-8]	Speed: 16527.24 samples/sec	cross-entropy=3.806828	NGP-accuracy=0.000000
2024-04-11 21:03:18,372 [INFO]  Epoch[1] Train-cross-entropy=3.375018
2024-04-11 21:03:18,372 [INFO]  Epoch[1] Train-NGP-accuracy=0.000000
2024-04-11 21:03:18,372 [INFO]  Epoch[1] Time cost=0.016
2024-04-11 21:03:18,374 [INFO]  Saved checkpoint to "./imputer_model/imputer_model_NGP/model-0001.params"
2024-04-11 21:03:18,375 [INFO]  Epoch[1] Validation-cross-entropy=0.949753
2024-04-11 21:03:18,375 [INFO]  Epoch[1] Validation-NGP-accuracy=0.000000
2024-04-11 21:03:18,387 [INFO]  Epoch[2] Batch [0-8]	Speed: 11788.22 samples/sec	cross-entropy=1.706349	NGP-accuracy=0.000000
2024-04-11 21:03:18,396 [INFO]  Epoch[2] Train-cross-entropy=1.541940
2024-04-11 21:03:18,396 [INFO]  Epoch[2] Train-NGP-accuracy=0.000000
2024-04-11 21:03:18,396 [INFO]  Epoch[2] Time cost=0.021
2024-04-11 21:03:18,397 [INFO]  Saved checkpoint to "./imputer_model/imputer_model_NGP/model-0002.params"
2024-04-11 21:03:18,398 [INFO]  Epoch[2] Validation-cross-entropy=0.685075
2024-04-11 21:03:18,399 [INFO]  Epoch[2] Validation-NGP-accuracy=0.000000
2024-04-11 21:03:18,405 [INFO]  Epoch[3] Batch [0-8]	Speed: 22605.09 samples/sec	cross-entropy=0.592750	NGP-accuracy=0.000000
2024-04-11 21:03:18,410 [INFO]  Epoch[3] Train-cross-entropy=0.553920
2024-04-11 21:03:18,410 [INFO]  Epoch[3] Train-NGP-accuracy=0.000000
2024-04-11 21:03:18,410 [INFO]  Epoch[3] Time cost=0.011
2024-04-11 21:03:18,411 [INFO]  Saved checkpoint to "./imputer_model/imputer_model_NGP/model-0003.params"
2024-04-11 21:03:18,412 [INFO]  Epoch[3] Validation-cross-entropy=0.284153
2024-04-11 21:03:18,412 [INFO]  Epoch[3] Validation-NGP-accuracy=0.000000
2024-04-11 21:03:18,419 [INFO]  Epoch[4] Batch [0-8]	Speed: 21962.40 samples/sec	cross-entropy=0.251129	NGP-accuracy=0.000000
2024-04-11 21:03:18,423 [INFO]  Epoch[4] Train-cross-entropy=0.243688
2024-04-11 21:03:18,423 [INFO]  Epoch[4] Train-NGP-accuracy=0.000000
2024-04-11 21:03:18,423 [INFO]  Epoch[4] Time cost=0.011
2024-04-11 21:03:18,425 [INFO]  Saved checkpoint to "./imputer_model/imputer_model_NGP/model-0004.params"
2024-04-11 21:03:18,425 [INFO]  Epoch[4] Validation-cross-entropy=0.179117
2024-04-11 21:03:18,425 [INFO]  Epoch[4] Validation-NGP-accuracy=0.000000
2024-04-11 21:03:18,426 [INFO]  
========== done (0.0993194580078125 s) fit model
2024-04-11 21:03:21,740 [INFO]  
========== start: fit model
2024-04-11 21:03:21,740 [WARNING]  Already bound, ignoring bind()
2024-04-11 21:03:21,754 [INFO]  Epoch[0] Batch [0-8]	Speed: 11286.15 samples/sec	cross-entropy=18.336475	NGP-accuracy=3.555556
2024-04-11 21:03:21,761 [INFO]  Epoch[0] Train-cross-entropy=12.688153
2024-04-11 21:03:21,761 [INFO]  Epoch[0] Train-NGP-accuracy=3.000000
2024-04-11 21:03:21,761 [INFO]  Epoch[0] Time cost=0.020
2024-04-11 21:03:21,764 [INFO]  Saved checkpoint to "./imputer_model/imputer_model_NGP/model-0000.params"
2024-04-11 21:03:21,770 [INFO]  Epoch[0] Validation-cross-entropy=2.479918
2024-04-11 21:03:21,770 [INFO]  Epoch[0] Validation-NGP-accuracy=0.000000
2024-04-11 21:03:21,777 [INFO]  Epoch[1] Batch [0-8]	Speed: 22172.84 samples/sec	cross-entropy=3.121173	NGP-accuracy=3.555556
2024-04-11 21:03:21,781 [INFO]  Epoch[1] Train-cross-entropy=2.518290
2024-04-11 21:03:21,781 [INFO]  Epoch[1] Train-NGP-accuracy=3.000000
2024-04-11 21:03:21,781 [INFO]  Epoch[1] Time cost=0.011
2024-04-11 21:03:21,782 [INFO]  Saved checkpoint to "./imputer_model/imputer_model_NGP/model-0001.params"
2024-04-11 21:03:21,783 [INFO]  Epoch[1] Validation-cross-entropy=1.062166
2024-04-11 21:03:21,783 [INFO]  Epoch[1] Validation-NGP-accuracy=0.000000
2024-04-11 21:03:21,789 [INFO]  Epoch[2] Batch [0-8]	Speed: 23336.13 samples/sec	cross-entropy=1.279427	NGP-accuracy=3.555556
2024-04-11 21:03:21,794 [INFO]  Epoch[2] Train-cross-entropy=0.947104
2024-04-11 21:03:21,794 [INFO]  Epoch[2] Train-NGP-accuracy=3.000000
2024-04-11 21:03:21,794 [INFO]  Epoch[2] Time cost=0.010
2024-04-11 21:03:21,795 [INFO]  Saved checkpoint to "./imputer_model/imputer_model_NGP/model-0002.params"
2024-04-11 21:03:21,796 [INFO]  Epoch[2] Validation-cross-entropy=0.611257
2024-04-11 21:03:21,796 [INFO]  Epoch[2] Validation-NGP-accuracy=0.000000
2024-04-11 21:03:21,802 [INFO]  Epoch[3] Batch [0-8]	Speed: 23684.09 samples/sec	cross-entropy=0.641334	NGP-accuracy=3.555556
2024-04-11 21:03:21,807 [INFO]  Epoch[3] Train-cross-entropy=0.504597
2024-04-11 21:03:21,807 [INFO]  Epoch[3] Train-NGP-accuracy=3.000000
2024-04-11 21:03:21,807 [INFO]  Epoch[3] Time cost=0.011
2024-04-11 21:03:21,808 [INFO]  Saved checkpoint to "./imputer_model/imputer_model_NGP/model-0003.params"
2024-04-11 21:03:21,809 [INFO]  Epoch[3] Validation-cross-entropy=0.395874
2024-04-11 21:03:21,809 [INFO]  Epoch[3] Validation-NGP-accuracy=0.000000
2024-04-11 21:03:21,816 [INFO]  Epoch[4] Batch [0-8]	Speed: 22989.38 samples/sec	cross-entropy=0.366484	NGP-accuracy=3.555556
2024-04-11 21:03:21,820 [INFO]  Epoch[4] Train-cross-entropy=0.294452
2024-04-11 21:03:21,820 [INFO]  Epoch[4] Train-NGP-accuracy=3.000000
2024-04-11 21:03:21,820 [INFO]  Epoch[4] Time cost=0.011
2024-04-11 21:03:21,821 [INFO]  Saved checkpoint to "./imputer_model/imputer_model_NGP/model-0004.params"
2024-04-11 21:03:21,822 [INFO]  Epoch[4] Validation-cross-entropy=0.255501
2024-04-11 21:03:21,822 [INFO]  Epoch[4] Validation-NGP-accuracy=0.000000
2024-04-11 21:03:21,822 [INFO]  
========== done (0.08217048645019531 s) fit model
2024-04-11 21:03:25,273 [INFO]  
========== start: fit model
2024-04-11 21:03:25,273 [WARNING]  Already bound, ignoring bind()
2024-04-11 21:03:25,280 [INFO]  Epoch[0] Batch [0-8]	Speed: 24169.22 samples/sec	cross-entropy=5.988514	NGP-accuracy=3.666667
2024-04-11 21:03:25,284 [INFO]  Epoch[0] Train-cross-entropy=5.004055
2024-04-11 21:03:25,284 [INFO]  Epoch[0] Train-NGP-accuracy=3.666667
2024-04-11 21:03:25,284 [INFO]  Epoch[0] Time cost=0.011
2024-04-11 21:03:25,286 [INFO]  Saved checkpoint to "./imputer_model/imputer_model_NGP/model-0000.params"
2024-04-11 21:03:25,286 [INFO]  Epoch[0] Validation-cross-entropy=1.151802
2024-04-11 21:03:25,286 [INFO]  Epoch[0] Validation-NGP-accuracy=0.000000
2024-04-11 21:03:25,293 [INFO]  Epoch[1] Batch [0-8]	Speed: 22388.28 samples/sec	cross-entropy=1.766649	NGP-accuracy=3.666667
2024-04-11 21:03:25,297 [INFO]  Epoch[1] Train-cross-entropy=1.330054
2024-04-11 21:03:25,297 [INFO]  Epoch[1] Train-NGP-accuracy=3.666667
2024-04-11 21:03:25,297 [INFO]  Epoch[1] Time cost=0.011
2024-04-11 21:03:25,298 [INFO]  Saved checkpoint to "./imputer_model/imputer_model_NGP/model-0001.params"
2024-04-11 21:03:25,299 [INFO]  Epoch[1] Validation-cross-entropy=0.563164
2024-04-11 21:03:25,299 [INFO]  Epoch[1] Validation-NGP-accuracy=0.000000
2024-04-11 21:03:25,305 [INFO]  Epoch[2] Batch [0-8]	Speed: 24423.21 samples/sec	cross-entropy=0.888009	NGP-accuracy=3.666667
2024-04-11 21:03:25,310 [INFO]  Epoch[2] Train-cross-entropy=0.688459
2024-04-11 21:03:25,310 [INFO]  Epoch[2] Train-NGP-accuracy=3.666667
2024-04-11 21:03:25,310 [INFO]  Epoch[2] Time cost=0.010
2024-04-11 21:03:25,311 [INFO]  Saved checkpoint to "./imputer_model/imputer_model_NGP/model-0002.params"
2024-04-11 21:03:25,312 [INFO]  Epoch[2] Validation-cross-entropy=0.166506
2024-04-11 21:03:25,312 [INFO]  Epoch[2] Validation-NGP-accuracy=0.000000
2024-04-11 21:03:25,318 [INFO]  Epoch[3] Batch [0-8]	Speed: 24348.99 samples/sec	cross-entropy=0.236297	NGP-accuracy=3.666667
2024-04-11 21:03:25,322 [INFO]  Epoch[3] Train-cross-entropy=0.226211
2024-04-11 21:03:25,322 [INFO]  Epoch[3] Train-NGP-accuracy=3.666667
2024-04-11 21:03:25,322 [INFO]  Epoch[3] Time cost=0.010
2024-04-11 21:03:25,323 [INFO]  Saved checkpoint to "./imputer_model/imputer_model_NGP/model-0003.params"
2024-04-11 21:03:25,324 [INFO]  Epoch[3] Validation-cross-entropy=0.087950
2024-04-11 21:03:25,324 [INFO]  Epoch[3] Validation-NGP-accuracy=0.000000
2024-04-11 21:03:25,330 [INFO]  Epoch[4] Batch [0-8]	Speed: 23720.71 samples/sec	cross-entropy=0.150260	NGP-accuracy=3.666667
2024-04-11 21:03:25,334 [INFO]  Epoch[4] Train-cross-entropy=0.143590
2024-04-11 21:03:25,334 [INFO]  Epoch[4] Train-NGP-accuracy=3.666667
2024-04-11 21:03:25,334 [INFO]  Epoch[4] Time cost=0.010
2024-04-11 21:03:25,336 [INFO]  Saved checkpoint to "./imputer_model/imputer_model_NGP/model-0004.params"
2024-04-11 21:03:25,336 [INFO]  Epoch[4] Validation-cross-entropy=0.099775
2024-04-11 21:03:25,336 [INFO]  Epoch[4] Validation-NGP-accuracy=0.000000
2024-04-11 21:03:25,336 [INFO]  
========== done (0.06362318992614746 s) fit model
2024-04-11 21:03:28,667 [INFO]  
========== start: fit model
2024-04-11 21:03:28,667 [WARNING]  Already bound, ignoring bind()
2024-04-11 21:03:28,674 [INFO]  Epoch[0] Batch [0-8]	Speed: 24663.31 samples/sec	cross-entropy=6.087123	NGP-accuracy=0.000000
2024-04-11 21:03:28,678 [INFO]  Epoch[0] Train-cross-entropy=5.267901
2024-04-11 21:03:28,678 [INFO]  Epoch[0] Train-NGP-accuracy=0.000000
2024-04-11 21:03:28,678 [INFO]  Epoch[0] Time cost=0.010
2024-04-11 21:03:28,679 [INFO]  Saved checkpoint to "./imputer_model/imputer_model_NGP/model-0000.params"
2024-04-11 21:03:28,680 [INFO]  Epoch[0] Validation-cross-entropy=1.085944
2024-04-11 21:03:28,680 [INFO]  Epoch[0] Validation-NGP-accuracy=0.000000
2024-04-11 21:03:28,685 [INFO]  Epoch[1] Batch [0-8]	Speed: 27700.89 samples/sec	cross-entropy=1.549945	NGP-accuracy=0.000000
2024-04-11 21:03:28,689 [INFO]  Epoch[1] Train-cross-entropy=1.604778
2024-04-11 21:03:28,689 [INFO]  Epoch[1] Train-NGP-accuracy=0.000000
2024-04-11 21:03:28,689 [INFO]  Epoch[1] Time cost=0.009
2024-04-11 21:03:28,690 [INFO]  Saved checkpoint to "./imputer_model/imputer_model_NGP/model-0001.params"
2024-04-11 21:03:28,691 [INFO]  Epoch[1] Validation-cross-entropy=0.568299
2024-04-11 21:03:28,691 [INFO]  Epoch[1] Validation-NGP-accuracy=0.000000
2024-04-11 21:03:28,696 [INFO]  Epoch[2] Batch [0-8]	Speed: 27507.86 samples/sec	cross-entropy=0.494184	NGP-accuracy=0.000000
2024-04-11 21:03:28,700 [INFO]  Epoch[2] Train-cross-entropy=0.480861
2024-04-11 21:03:28,700 [INFO]  Epoch[2] Train-NGP-accuracy=0.000000
2024-04-11 21:03:28,700 [INFO]  Epoch[2] Time cost=0.009
2024-04-11 21:03:28,701 [INFO]  Saved checkpoint to "./imputer_model/imputer_model_NGP/model-0002.params"
2024-04-11 21:03:28,702 [INFO]  Epoch[2] Validation-cross-entropy=0.596092
2024-04-11 21:03:28,702 [INFO]  Epoch[2] Validation-NGP-accuracy=0.000000
2024-04-11 21:03:28,707 [INFO]  Epoch[3] Batch [0-8]	Speed: 27807.06 samples/sec	cross-entropy=0.213629	NGP-accuracy=0.000000
2024-04-11 21:03:28,711 [INFO]  Epoch[3] Train-cross-entropy=0.229348
2024-04-11 21:03:28,711 [INFO]  Epoch[3] Train-NGP-accuracy=0.000000
2024-04-11 21:03:28,711 [INFO]  Epoch[3] Time cost=0.009
2024-04-11 21:03:28,712 [INFO]  Saved checkpoint to "./imputer_model/imputer_model_NGP/model-0003.params"
2024-04-11 21:03:28,712 [INFO]  Epoch[3] Validation-cross-entropy=0.448412
2024-04-11 21:03:28,713 [INFO]  Epoch[3] Validation-NGP-accuracy=0.000000
2024-04-11 21:03:28,718 [INFO]  Epoch[4] Batch [0-8]	Speed: 28234.07 samples/sec	cross-entropy=0.154345	NGP-accuracy=0.000000
2024-04-11 21:03:28,721 [INFO]  Epoch[4] Train-cross-entropy=0.149123
2024-04-11 21:03:28,721 [INFO]  Epoch[4] Train-NGP-accuracy=0.000000
2024-04-11 21:03:28,721 [INFO]  Epoch[4] Time cost=0.009
2024-04-11 21:03:28,723 [INFO]  Saved checkpoint to "./imputer_model/imputer_model_NGP/model-0004.params"
2024-04-11 21:03:28,723 [INFO]  Epoch[4] Validation-cross-entropy=0.320970
2024-04-11 21:03:28,723 [INFO]  Epoch[4] Validation-NGP-accuracy=0.000000
2024-04-11 21:03:28,723 [INFO]  
========== done (0.05645346641540527 s) fit model
2024-04-11 21:03:32,119 [INFO]  
========== start: fit model
2024-04-11 21:03:32,119 [WARNING]  Already bound, ignoring bind()
2024-04-11 21:03:32,126 [INFO]  Epoch[0] Batch [0-8]	Speed: 22810.63 samples/sec	cross-entropy=7.687991	NGP-accuracy=2.666667
2024-04-11 21:03:32,130 [INFO]  Epoch[0] Train-cross-entropy=5.739074
2024-04-11 21:03:32,130 [INFO]  Epoch[0] Train-NGP-accuracy=2.733333
2024-04-11 21:03:32,131 [INFO]  Epoch[0] Time cost=0.011
2024-04-11 21:03:32,132 [INFO]  Saved checkpoint to "./imputer_model/imputer_model_NGP/model-0000.params"
2024-04-11 21:03:32,132 [INFO]  Epoch[0] Validation-cross-entropy=0.494149
2024-04-11 21:03:32,132 [INFO]  Epoch[0] Validation-NGP-accuracy=0.000000
2024-04-11 21:03:32,138 [INFO]  Epoch[1] Batch [0-8]	Speed: 24502.35 samples/sec	cross-entropy=1.358757	NGP-accuracy=2.666667
2024-04-11 21:03:32,142 [INFO]  Epoch[1] Train-cross-entropy=1.409713
2024-04-11 21:03:32,142 [INFO]  Epoch[1] Train-NGP-accuracy=2.733333
2024-04-11 21:03:32,142 [INFO]  Epoch[1] Time cost=0.010
2024-04-11 21:03:32,143 [INFO]  Saved checkpoint to "./imputer_model/imputer_model_NGP/model-0001.params"
2024-04-11 21:03:32,144 [INFO]  Epoch[1] Validation-cross-entropy=0.640837
2024-04-11 21:03:32,144 [INFO]  Epoch[1] Validation-NGP-accuracy=0.000000
2024-04-11 21:03:32,150 [INFO]  Epoch[2] Batch [0-8]	Speed: 25510.62 samples/sec	cross-entropy=0.475456	NGP-accuracy=2.666667
2024-04-11 21:03:32,153 [INFO]  Epoch[2] Train-cross-entropy=0.423219
2024-04-11 21:03:32,153 [INFO]  Epoch[2] Train-NGP-accuracy=2.733333
2024-04-11 21:03:32,153 [INFO]  Epoch[2] Time cost=0.010
2024-04-11 21:03:32,155 [INFO]  Saved checkpoint to "./imputer_model/imputer_model_NGP/model-0002.params"
2024-04-11 21:03:32,155 [INFO]  Epoch[2] Validation-cross-entropy=0.104431
2024-04-11 21:03:32,155 [INFO]  Epoch[2] Validation-NGP-accuracy=0.000000
2024-04-11 21:03:32,161 [INFO]  Epoch[3] Batch [0-8]	Speed: 26367.61 samples/sec	cross-entropy=0.305797	NGP-accuracy=2.666667
2024-04-11 21:03:32,166 [INFO]  Epoch[3] Train-cross-entropy=0.273421
2024-04-11 21:03:32,167 [INFO]  Epoch[3] Train-NGP-accuracy=2.733333
2024-04-11 21:03:32,167 [INFO]  Epoch[3] Time cost=0.011
2024-04-11 21:03:32,168 [INFO]  Saved checkpoint to "./imputer_model/imputer_model_NGP/model-0003.params"
2024-04-11 21:03:32,169 [INFO]  Epoch[3] Validation-cross-entropy=0.073468
2024-04-11 21:03:32,169 [INFO]  Epoch[3] Validation-NGP-accuracy=0.000000
2024-04-11 21:03:32,177 [INFO]  Epoch[4] Batch [0-8]	Speed: 20026.52 samples/sec	cross-entropy=0.204851	NGP-accuracy=2.666667
2024-04-11 21:03:32,181 [INFO]  Epoch[4] Train-cross-entropy=0.168081
2024-04-11 21:03:32,181 [INFO]  Epoch[4] Train-NGP-accuracy=2.733333
2024-04-11 21:03:32,181 [INFO]  Epoch[4] Time cost=0.012
2024-04-11 21:03:32,182 [INFO]  Saved checkpoint to "./imputer_model/imputer_model_NGP/model-0004.params"
2024-04-11 21:03:32,183 [INFO]  Epoch[4] Validation-cross-entropy=0.110586
2024-04-11 21:03:32,183 [INFO]  Epoch[4] Validation-NGP-accuracy=0.000000
2024-04-11 21:03:32,183 [INFO]  
========== done (0.06422615051269531 s) fit model
2024-04-11 21:03:35,607 [INFO]  
========== start: fit model
2024-04-11 21:03:35,607 [WARNING]  Already bound, ignoring bind()
2024-04-11 21:03:35,614 [INFO]  Epoch[0] Batch [0-8]	Speed: 28295.08 samples/sec	cross-entropy=13.065500	NGP-accuracy=0.000000
2024-04-11 21:03:35,617 [INFO]  Epoch[0] Train-cross-entropy=11.585133
2024-04-11 21:03:35,618 [INFO]  Epoch[0] Train-NGP-accuracy=0.000000
2024-04-11 21:03:35,618 [INFO]  Epoch[0] Time cost=0.010
2024-04-11 21:03:35,619 [INFO]  Saved checkpoint to "./imputer_model/imputer_model_NGP/model-0000.params"
2024-04-11 21:03:35,619 [INFO]  Epoch[0] Validation-cross-entropy=4.137342
2024-04-11 21:03:35,619 [INFO]  Epoch[0] Validation-NGP-accuracy=0.000000
2024-04-11 21:03:35,625 [INFO]  Epoch[1] Batch [0-8]	Speed: 28001.40 samples/sec	cross-entropy=3.804431	NGP-accuracy=0.000000
2024-04-11 21:03:35,628 [INFO]  Epoch[1] Train-cross-entropy=3.631282
2024-04-11 21:03:35,628 [INFO]  Epoch[1] Train-NGP-accuracy=0.000000
2024-04-11 21:03:35,628 [INFO]  Epoch[1] Time cost=0.009
2024-04-11 21:03:35,630 [INFO]  Saved checkpoint to "./imputer_model/imputer_model_NGP/model-0001.params"
2024-04-11 21:03:35,630 [INFO]  Epoch[1] Validation-cross-entropy=1.174624
2024-04-11 21:03:35,630 [INFO]  Epoch[1] Validation-NGP-accuracy=0.000000
2024-04-11 21:03:35,636 [INFO]  Epoch[2] Batch [0-8]	Speed: 27070.94 samples/sec	cross-entropy=1.723712	NGP-accuracy=0.000000
2024-04-11 21:03:35,639 [INFO]  Epoch[2] Train-cross-entropy=1.414626
2024-04-11 21:03:35,639 [INFO]  Epoch[2] Train-NGP-accuracy=0.000000
2024-04-11 21:03:35,639 [INFO]  Epoch[2] Time cost=0.009
2024-04-11 21:03:35,640 [INFO]  Saved checkpoint to "./imputer_model/imputer_model_NGP/model-0002.params"
2024-04-11 21:03:35,641 [INFO]  Epoch[2] Validation-cross-entropy=0.942234
2024-04-11 21:03:35,641 [INFO]  Epoch[2] Validation-NGP-accuracy=0.000000
2024-04-11 21:03:35,646 [INFO]  Epoch[3] Batch [0-8]	Speed: 28059.94 samples/sec	cross-entropy=0.851309	NGP-accuracy=0.000000
2024-04-11 21:03:35,650 [INFO]  Epoch[3] Train-cross-entropy=0.693248
2024-04-11 21:03:35,650 [INFO]  Epoch[3] Train-NGP-accuracy=0.000000
2024-04-11 21:03:35,650 [INFO]  Epoch[3] Time cost=0.009
2024-04-11 21:03:35,651 [INFO]  Saved checkpoint to "./imputer_model/imputer_model_NGP/model-0003.params"
2024-04-11 21:03:35,652 [INFO]  Epoch[3] Validation-cross-entropy=0.468019
2024-04-11 21:03:35,652 [INFO]  Epoch[3] Validation-NGP-accuracy=0.000000
2024-04-11 21:03:35,657 [INFO]  Epoch[4] Batch [0-8]	Speed: 27516.32 samples/sec	cross-entropy=0.478639	NGP-accuracy=0.000000
2024-04-11 21:03:35,661 [INFO]  Epoch[4] Train-cross-entropy=0.396644
2024-04-11 21:03:35,661 [INFO]  Epoch[4] Train-NGP-accuracy=0.000000
2024-04-11 21:03:35,661 [INFO]  Epoch[4] Time cost=0.009
2024-04-11 21:03:35,663 [INFO]  Saved checkpoint to "./imputer_model/imputer_model_NGP/model-0004.params"
2024-04-11 21:03:35,663 [INFO]  Epoch[4] Validation-cross-entropy=0.408286
2024-04-11 21:03:35,663 [INFO]  Epoch[4] Validation-NGP-accuracy=0.000000
2024-04-11 21:03:35,663 [INFO]  
========== done (0.0564267635345459 s) fit model
2024-04-11 21:03:39,142 [INFO]  
========== start: fit model
2024-04-11 21:03:39,143 [WARNING]  Already bound, ignoring bind()
2024-04-11 21:03:39,154 [INFO]  Epoch[0] Batch [0-8]	Speed: 13069.87 samples/sec	cross-entropy=11.713622	NGP-accuracy=3.222222
2024-04-11 21:03:39,164 [INFO]  Epoch[0] Train-cross-entropy=8.733130
2024-04-11 21:03:39,164 [INFO]  Epoch[0] Train-NGP-accuracy=2.933333
2024-04-11 21:03:39,164 [INFO]  Epoch[0] Time cost=0.021
2024-04-11 21:03:39,166 [INFO]  Saved checkpoint to "./imputer_model/imputer_model_NGP/model-0000.params"
2024-04-11 21:03:39,167 [INFO]  Epoch[0] Validation-cross-entropy=1.998554
2024-04-11 21:03:39,168 [INFO]  Epoch[0] Validation-NGP-accuracy=0.000000
2024-04-11 21:03:39,176 [INFO]  Epoch[1] Batch [0-8]	Speed: 17318.42 samples/sec	cross-entropy=1.738613	NGP-accuracy=3.222222
2024-04-11 21:03:39,181 [INFO]  Epoch[1] Train-cross-entropy=1.576699
2024-04-11 21:03:39,181 [INFO]  Epoch[1] Train-NGP-accuracy=2.933333
2024-04-11 21:03:39,181 [INFO]  Epoch[1] Time cost=0.013
2024-04-11 21:03:39,182 [INFO]  Saved checkpoint to "./imputer_model/imputer_model_NGP/model-0001.params"
2024-04-11 21:03:39,183 [INFO]  Epoch[1] Validation-cross-entropy=0.359367
2024-04-11 21:03:39,183 [INFO]  Epoch[1] Validation-NGP-accuracy=0.000000
2024-04-11 21:03:39,189 [INFO]  Epoch[2] Batch [0-8]	Speed: 27162.71 samples/sec	cross-entropy=0.612568	NGP-accuracy=3.222222
2024-04-11 21:03:39,192 [INFO]  Epoch[2] Train-cross-entropy=0.637211
2024-04-11 21:03:39,192 [INFO]  Epoch[2] Train-NGP-accuracy=2.933333
2024-04-11 21:03:39,192 [INFO]  Epoch[2] Time cost=0.009
2024-04-11 21:03:39,194 [INFO]  Saved checkpoint to "./imputer_model/imputer_model_NGP/model-0002.params"
2024-04-11 21:03:39,194 [INFO]  Epoch[2] Validation-cross-entropy=0.147221
2024-04-11 21:03:39,194 [INFO]  Epoch[2] Validation-NGP-accuracy=0.000000
2024-04-11 21:03:39,201 [INFO]  Epoch[3] Batch [0-8]	Speed: 21073.60 samples/sec	cross-entropy=0.472643	NGP-accuracy=3.222222
2024-04-11 21:03:39,205 [INFO]  Epoch[3] Train-cross-entropy=0.412484
2024-04-11 21:03:39,205 [INFO]  Epoch[3] Train-NGP-accuracy=2.933333
2024-04-11 21:03:39,205 [INFO]  Epoch[3] Time cost=0.011
2024-04-11 21:03:39,206 [INFO]  Saved checkpoint to "./imputer_model/imputer_model_NGP/model-0003.params"
2024-04-11 21:03:39,207 [INFO]  Epoch[3] Validation-cross-entropy=0.095721
2024-04-11 21:03:39,207 [INFO]  Epoch[3] Validation-NGP-accuracy=0.000000
2024-04-11 21:03:39,213 [INFO]  Epoch[4] Batch [0-8]	Speed: 23390.01 samples/sec	cross-entropy=0.228420	NGP-accuracy=3.222222
2024-04-11 21:03:39,218 [INFO]  Epoch[4] Train-cross-entropy=0.223757
2024-04-11 21:03:39,218 [INFO]  Epoch[4] Train-NGP-accuracy=2.933333
2024-04-11 21:03:39,218 [INFO]  Epoch[4] Time cost=0.011
2024-04-11 21:03:39,220 [INFO]  Saved checkpoint to "./imputer_model/imputer_model_NGP/model-0004.params"
2024-04-11 21:03:39,220 [INFO]  Epoch[4] Validation-cross-entropy=0.077206
2024-04-11 21:03:39,220 [INFO]  Epoch[4] Validation-NGP-accuracy=0.000000
2024-04-11 21:03:39,220 [INFO]  
========== done (0.0780034065246582 s) fit model
2024-04-11 21:03:42,937 [INFO]  
========== start: fit model
2024-04-11 21:03:42,937 [WARNING]  Already bound, ignoring bind()
2024-04-11 21:03:42,945 [INFO]  Epoch[0] Batch [0-8]	Speed: 23057.50 samples/sec	cross-entropy=13.354226	NGP-accuracy=3.111111
2024-04-11 21:03:42,949 [INFO]  Epoch[0] Train-cross-entropy=9.120298
2024-04-11 21:03:42,949 [INFO]  Epoch[0] Train-NGP-accuracy=3.000000
2024-04-11 21:03:42,949 [INFO]  Epoch[0] Time cost=0.011
2024-04-11 21:03:42,950 [INFO]  Saved checkpoint to "./imputer_model/imputer_model_NGP/model-0000.params"
2024-04-11 21:03:42,951 [INFO]  Epoch[0] Validation-cross-entropy=1.594125
2024-04-11 21:03:42,951 [INFO]  Epoch[0] Validation-NGP-accuracy=0.000000
2024-04-11 21:03:42,957 [INFO]  Epoch[1] Batch [0-8]	Speed: 26237.46 samples/sec	cross-entropy=3.300952	NGP-accuracy=3.111111
2024-04-11 21:03:42,960 [INFO]  Epoch[1] Train-cross-entropy=2.501976
2024-04-11 21:03:42,960 [INFO]  Epoch[1] Train-NGP-accuracy=3.000000
2024-04-11 21:03:42,960 [INFO]  Epoch[1] Time cost=0.009
2024-04-11 21:03:42,962 [INFO]  Saved checkpoint to "./imputer_model/imputer_model_NGP/model-0001.params"
2024-04-11 21:03:42,962 [INFO]  Epoch[1] Validation-cross-entropy=1.029349
2024-04-11 21:03:42,962 [INFO]  Epoch[1] Validation-NGP-accuracy=0.000000
2024-04-11 21:03:42,968 [INFO]  Epoch[2] Batch [0-8]	Speed: 27594.11 samples/sec	cross-entropy=1.192620	NGP-accuracy=3.111111
2024-04-11 21:03:42,971 [INFO]  Epoch[2] Train-cross-entropy=0.875349
2024-04-11 21:03:42,972 [INFO]  Epoch[2] Train-NGP-accuracy=3.000000
2024-04-11 21:03:42,972 [INFO]  Epoch[2] Time cost=0.009
2024-04-11 21:03:42,973 [INFO]  Saved checkpoint to "./imputer_model/imputer_model_NGP/model-0002.params"
2024-04-11 21:03:42,973 [INFO]  Epoch[2] Validation-cross-entropy=0.653965
2024-04-11 21:03:42,973 [INFO]  Epoch[2] Validation-NGP-accuracy=0.000000
2024-04-11 21:03:42,979 [INFO]  Epoch[3] Batch [0-8]	Speed: 28173.33 samples/sec	cross-entropy=0.527842	NGP-accuracy=3.111111
2024-04-11 21:03:42,982 [INFO]  Epoch[3] Train-cross-entropy=0.383873
2024-04-11 21:03:42,982 [INFO]  Epoch[3] Train-NGP-accuracy=3.000000
2024-04-11 21:03:42,982 [INFO]  Epoch[3] Time cost=0.009
2024-04-11 21:03:42,991 [INFO]  Saved checkpoint to "./imputer_model/imputer_model_NGP/model-0003.params"
2024-04-11 21:03:42,997 [INFO]  Epoch[3] Validation-cross-entropy=0.474958
2024-04-11 21:03:42,997 [INFO]  Epoch[3] Validation-NGP-accuracy=0.000000
2024-04-11 21:03:43,004 [INFO]  Epoch[4] Batch [0-8]	Speed: 22313.84 samples/sec	cross-entropy=0.333619	NGP-accuracy=3.111111
2024-04-11 21:03:43,008 [INFO]  Epoch[4] Train-cross-entropy=0.266756
2024-04-11 21:03:43,008 [INFO]  Epoch[4] Train-NGP-accuracy=3.000000
2024-04-11 21:03:43,008 [INFO]  Epoch[4] Time cost=0.011
2024-04-11 21:03:43,010 [INFO]  Saved checkpoint to "./imputer_model/imputer_model_NGP/model-0004.params"
2024-04-11 21:03:43,010 [INFO]  Epoch[4] Validation-cross-entropy=0.466388
2024-04-11 21:03:43,011 [INFO]  Epoch[4] Validation-NGP-accuracy=0.000000
2024-04-11 21:03:43,011 [INFO]  
========== done (0.0736842155456543 s) fit model
2024-04-11 21:03:46,666 [INFO]  
========== start: fit model
2024-04-11 21:03:46,666 [WARNING]  Already bound, ignoring bind()
2024-04-11 21:03:46,686 [INFO]  Epoch[0] Batch [0-8]	Speed: 10704.66 samples/sec	cross-entropy=10.954414	NGP-accuracy=0.000000
2024-04-11 21:03:46,693 [INFO]  Epoch[0] Train-cross-entropy=7.703628
2024-04-11 21:03:46,693 [INFO]  Epoch[0] Train-NGP-accuracy=0.000000
2024-04-11 21:03:46,693 [INFO]  Epoch[0] Time cost=0.026
2024-04-11 21:03:46,695 [INFO]  Saved checkpoint to "./imputer_model/imputer_model_NGP/model-0000.params"
2024-04-11 21:03:46,696 [INFO]  Epoch[0] Validation-cross-entropy=1.863568
2024-04-11 21:03:46,696 [INFO]  Epoch[0] Validation-NGP-accuracy=0.000000
2024-04-11 21:03:46,703 [INFO]  Epoch[1] Batch [0-8]	Speed: 22587.02 samples/sec	cross-entropy=1.797532	NGP-accuracy=0.000000
2024-04-11 21:03:46,707 [INFO]  Epoch[1] Train-cross-entropy=1.484025
2024-04-11 21:03:46,707 [INFO]  Epoch[1] Train-NGP-accuracy=0.000000
2024-04-11 21:03:46,707 [INFO]  Epoch[1] Time cost=0.011
2024-04-11 21:03:46,709 [INFO]  Saved checkpoint to "./imputer_model/imputer_model_NGP/model-0001.params"
2024-04-11 21:03:46,710 [INFO]  Epoch[1] Validation-cross-entropy=1.597312
2024-04-11 21:03:46,710 [INFO]  Epoch[1] Validation-NGP-accuracy=0.000000
2024-04-11 21:03:46,716 [INFO]  Epoch[2] Batch [0-8]	Speed: 22807.72 samples/sec	cross-entropy=0.833857	NGP-accuracy=0.000000
2024-04-11 21:03:46,720 [INFO]  Epoch[2] Train-cross-entropy=0.661731
2024-04-11 21:03:46,720 [INFO]  Epoch[2] Train-NGP-accuracy=0.000000
2024-04-11 21:03:46,720 [INFO]  Epoch[2] Time cost=0.011
2024-04-11 21:03:46,722 [INFO]  Saved checkpoint to "./imputer_model/imputer_model_NGP/model-0002.params"
2024-04-11 21:03:46,723 [INFO]  Epoch[2] Validation-cross-entropy=0.598542
2024-04-11 21:03:46,723 [INFO]  Epoch[2] Validation-NGP-accuracy=0.000000
2024-04-11 21:03:46,729 [INFO]  Epoch[3] Batch [0-8]	Speed: 23183.96 samples/sec	cross-entropy=0.318780	NGP-accuracy=0.000000
2024-04-11 21:03:46,733 [INFO]  Epoch[3] Train-cross-entropy=0.301472
2024-04-11 21:03:46,733 [INFO]  Epoch[3] Train-NGP-accuracy=0.000000
2024-04-11 21:03:46,733 [INFO]  Epoch[3] Time cost=0.011
2024-04-11 21:03:46,735 [INFO]  Saved checkpoint to "./imputer_model/imputer_model_NGP/model-0003.params"
2024-04-11 21:03:46,736 [INFO]  Epoch[3] Validation-cross-entropy=0.288468
2024-04-11 21:03:46,736 [INFO]  Epoch[3] Validation-NGP-accuracy=0.000000
2024-04-11 21:03:46,742 [INFO]  Epoch[4] Batch [0-8]	Speed: 24103.03 samples/sec	cross-entropy=0.179572	NGP-accuracy=0.000000
2024-04-11 21:03:46,746 [INFO]  Epoch[4] Train-cross-entropy=0.176898
2024-04-11 21:03:46,746 [INFO]  Epoch[4] Train-NGP-accuracy=0.000000
2024-04-11 21:03:46,746 [INFO]  Epoch[4] Time cost=0.011
2024-04-11 21:03:46,748 [INFO]  Saved checkpoint to "./imputer_model/imputer_model_NGP/model-0004.params"
2024-04-11 21:03:46,748 [INFO]  Epoch[4] Validation-cross-entropy=0.260924
2024-04-11 21:03:46,748 [INFO]  Epoch[4] Validation-NGP-accuracy=0.000000
2024-04-11 21:03:46,749 [INFO]  
========== done (0.08224701881408691 s) fit model
2024-04-11 21:03:50,550 [INFO]  
========== start: fit model
2024-04-11 21:03:50,551 [WARNING]  Already bound, ignoring bind()
2024-04-11 21:03:50,558 [INFO]  Epoch[0] Batch [0-8]	Speed: 23231.11 samples/sec	cross-entropy=10.002049	NGP-accuracy=3.000000
2024-04-11 21:03:50,570 [INFO]  Epoch[0] Train-cross-entropy=7.869986
2024-04-11 21:03:50,570 [INFO]  Epoch[0] Train-NGP-accuracy=3.533333
2024-04-11 21:03:50,570 [INFO]  Epoch[0] Time cost=0.019
2024-04-11 21:03:50,571 [INFO]  Saved checkpoint to "./imputer_model/imputer_model_NGP/model-0000.params"
2024-04-11 21:03:50,572 [INFO]  Epoch[0] Validation-cross-entropy=2.564027
2024-04-11 21:03:50,572 [INFO]  Epoch[0] Validation-NGP-accuracy=0.000000
2024-04-11 21:03:50,580 [INFO]  Epoch[1] Batch [0-8]	Speed: 18168.22 samples/sec	cross-entropy=2.415891	NGP-accuracy=3.000000
2024-04-11 21:03:50,585 [INFO]  Epoch[1] Train-cross-entropy=1.988514
2024-04-11 21:03:50,585 [INFO]  Epoch[1] Train-NGP-accuracy=3.533333
2024-04-11 21:03:50,585 [INFO]  Epoch[1] Time cost=0.013
2024-04-11 21:03:50,586 [INFO]  Saved checkpoint to "./imputer_model/imputer_model_NGP/model-0001.params"
2024-04-11 21:03:50,587 [INFO]  Epoch[1] Validation-cross-entropy=0.977117
2024-04-11 21:03:50,587 [INFO]  Epoch[1] Validation-NGP-accuracy=0.000000
2024-04-11 21:03:50,593 [INFO]  Epoch[2] Batch [0-8]	Speed: 24096.54 samples/sec	cross-entropy=0.737585	NGP-accuracy=3.000000
2024-04-11 21:03:50,598 [INFO]  Epoch[2] Train-cross-entropy=0.636026
2024-04-11 21:03:50,598 [INFO]  Epoch[2] Train-NGP-accuracy=3.533333
2024-04-11 21:03:50,598 [INFO]  Epoch[2] Time cost=0.011
2024-04-11 21:03:50,599 [INFO]  Saved checkpoint to "./imputer_model/imputer_model_NGP/model-0002.params"
2024-04-11 21:03:50,600 [INFO]  Epoch[2] Validation-cross-entropy=0.554652
2024-04-11 21:03:50,600 [INFO]  Epoch[2] Validation-NGP-accuracy=0.000000
2024-04-11 21:03:50,606 [INFO]  Epoch[3] Batch [0-8]	Speed: 23902.36 samples/sec	cross-entropy=0.459663	NGP-accuracy=3.000000
2024-04-11 21:03:50,610 [INFO]  Epoch[3] Train-cross-entropy=0.379683
2024-04-11 21:03:50,610 [INFO]  Epoch[3] Train-NGP-accuracy=3.533333
2024-04-11 21:03:50,610 [INFO]  Epoch[3] Time cost=0.010
2024-04-11 21:03:50,612 [INFO]  Saved checkpoint to "./imputer_model/imputer_model_NGP/model-0003.params"
2024-04-11 21:03:50,612 [INFO]  Epoch[3] Validation-cross-entropy=0.524031
2024-04-11 21:03:50,612 [INFO]  Epoch[3] Validation-NGP-accuracy=0.000000
2024-04-11 21:03:50,618 [INFO]  Epoch[4] Batch [0-8]	Speed: 24435.43 samples/sec	cross-entropy=0.305635	NGP-accuracy=3.000000
2024-04-11 21:03:50,623 [INFO]  Epoch[4] Train-cross-entropy=0.249796
2024-04-11 21:03:50,623 [INFO]  Epoch[4] Train-NGP-accuracy=3.533333
2024-04-11 21:03:50,623 [INFO]  Epoch[4] Time cost=0.010
2024-04-11 21:03:50,624 [INFO]  Saved checkpoint to "./imputer_model/imputer_model_NGP/model-0004.params"
2024-04-11 21:03:50,625 [INFO]  Epoch[4] Validation-cross-entropy=0.382772
2024-04-11 21:03:50,625 [INFO]  Epoch[4] Validation-NGP-accuracy=0.000000
2024-04-11 21:03:50,625 [INFO]  
========== done (0.07472419738769531 s) fit model
2024-04-11 21:03:54,333 [INFO]  
========== start: fit model
2024-04-11 21:03:54,333 [WARNING]  Already bound, ignoring bind()
2024-04-11 21:03:54,341 [INFO]  Epoch[0] Batch [0-8]	Speed: 22731.43 samples/sec	cross-entropy=16.004855	NGP-accuracy=2.888889
2024-04-11 21:03:54,346 [INFO]  Epoch[0] Train-cross-entropy=12.147041
2024-04-11 21:03:54,346 [INFO]  Epoch[0] Train-NGP-accuracy=2.600000
2024-04-11 21:03:54,346 [INFO]  Epoch[0] Time cost=0.011
2024-04-11 21:03:54,347 [INFO]  Saved checkpoint to "./imputer_model/imputer_model_NGP/model-0000.params"
2024-04-11 21:03:54,348 [INFO]  Epoch[0] Validation-cross-entropy=4.810758
2024-04-11 21:03:54,348 [INFO]  Epoch[0] Validation-NGP-accuracy=0.000000
2024-04-11 21:03:54,354 [INFO]  Epoch[1] Batch [0-8]	Speed: 22904.05 samples/sec	cross-entropy=3.401375	NGP-accuracy=2.888889
2024-04-11 21:03:54,358 [INFO]  Epoch[1] Train-cross-entropy=3.299085
2024-04-11 21:03:54,358 [INFO]  Epoch[1] Train-NGP-accuracy=2.600000
2024-04-11 21:03:54,358 [INFO]  Epoch[1] Time cost=0.011
2024-04-11 21:03:54,360 [INFO]  Saved checkpoint to "./imputer_model/imputer_model_NGP/model-0001.params"
2024-04-11 21:03:54,360 [INFO]  Epoch[1] Validation-cross-entropy=1.960114
2024-04-11 21:03:54,361 [INFO]  Epoch[1] Validation-NGP-accuracy=0.000000
2024-04-11 21:03:54,367 [INFO]  Epoch[2] Batch [0-8]	Speed: 24167.05 samples/sec	cross-entropy=1.461363	NGP-accuracy=2.888889
2024-04-11 21:03:54,371 [INFO]  Epoch[2] Train-cross-entropy=1.469399
2024-04-11 21:03:54,371 [INFO]  Epoch[2] Train-NGP-accuracy=2.600000
2024-04-11 21:03:54,371 [INFO]  Epoch[2] Time cost=0.010
2024-04-11 21:03:54,372 [INFO]  Saved checkpoint to "./imputer_model/imputer_model_NGP/model-0002.params"
2024-04-11 21:03:54,373 [INFO]  Epoch[2] Validation-cross-entropy=1.071547
2024-04-11 21:03:54,373 [INFO]  Epoch[2] Validation-NGP-accuracy=0.000000
2024-04-11 21:03:54,379 [INFO]  Epoch[3] Batch [0-8]	Speed: 24714.40 samples/sec	cross-entropy=0.762813	NGP-accuracy=2.888889
2024-04-11 21:03:54,383 [INFO]  Epoch[3] Train-cross-entropy=0.755012
2024-04-11 21:03:54,383 [INFO]  Epoch[3] Train-NGP-accuracy=2.600000
2024-04-11 21:03:54,383 [INFO]  Epoch[3] Time cost=0.010
2024-04-11 21:03:54,384 [INFO]  Saved checkpoint to "./imputer_model/imputer_model_NGP/model-0003.params"
2024-04-11 21:03:54,385 [INFO]  Epoch[3] Validation-cross-entropy=0.632797
2024-04-11 21:03:54,385 [INFO]  Epoch[3] Validation-NGP-accuracy=0.000000
2024-04-11 21:03:54,391 [INFO]  Epoch[4] Batch [0-8]	Speed: 24483.35 samples/sec	cross-entropy=0.358907	NGP-accuracy=2.888889
2024-04-11 21:03:54,395 [INFO]  Epoch[4] Train-cross-entropy=0.372945
2024-04-11 21:03:54,395 [INFO]  Epoch[4] Train-NGP-accuracy=2.600000
2024-04-11 21:03:54,395 [INFO]  Epoch[4] Time cost=0.010
2024-04-11 21:03:54,396 [INFO]  Saved checkpoint to "./imputer_model/imputer_model_NGP/model-0004.params"
2024-04-11 21:03:54,397 [INFO]  Epoch[4] Validation-cross-entropy=0.462716
2024-04-11 21:03:54,397 [INFO]  Epoch[4] Validation-NGP-accuracy=0.000000
2024-04-11 21:03:54,397 [INFO]  
========== done (0.06403446197509766 s) fit model
2024-04-11 21:03:58,320 [INFO]  
========== start: fit model
2024-04-11 21:03:58,321 [WARNING]  Already bound, ignoring bind()
2024-04-11 21:03:58,327 [INFO]  Epoch[0] Batch [0-8]	Speed: 26543.60 samples/sec	cross-entropy=9.983528	NGP-accuracy=2.333333
2024-04-11 21:03:58,331 [INFO]  Epoch[0] Train-cross-entropy=7.367077
2024-04-11 21:03:58,331 [INFO]  Epoch[0] Train-NGP-accuracy=3.000000
2024-04-11 21:03:58,331 [INFO]  Epoch[0] Time cost=0.010
2024-04-11 21:03:58,332 [INFO]  Saved checkpoint to "./imputer_model/imputer_model_NGP/model-0000.params"
2024-04-11 21:03:58,333 [INFO]  Epoch[0] Validation-cross-entropy=0.960133
2024-04-11 21:03:58,333 [INFO]  Epoch[0] Validation-NGP-accuracy=0.000000
2024-04-11 21:03:58,338 [INFO]  Epoch[1] Batch [0-8]	Speed: 27980.97 samples/sec	cross-entropy=1.593835	NGP-accuracy=2.333333
2024-04-11 21:03:58,342 [INFO]  Epoch[1] Train-cross-entropy=1.297276
2024-04-11 21:03:58,342 [INFO]  Epoch[1] Train-NGP-accuracy=3.000000
2024-04-11 21:03:58,342 [INFO]  Epoch[1] Time cost=0.009
2024-04-11 21:03:58,343 [INFO]  Saved checkpoint to "./imputer_model/imputer_model_NGP/model-0001.params"
2024-04-11 21:03:58,343 [INFO]  Epoch[1] Validation-cross-entropy=0.317355
2024-04-11 21:03:58,343 [INFO]  Epoch[1] Validation-NGP-accuracy=0.000000
2024-04-11 21:03:58,349 [INFO]  Epoch[2] Batch [0-8]	Speed: 25640.98 samples/sec	cross-entropy=0.577785	NGP-accuracy=2.333333
2024-04-11 21:03:58,353 [INFO]  Epoch[2] Train-cross-entropy=0.495552
2024-04-11 21:03:58,353 [INFO]  Epoch[2] Train-NGP-accuracy=3.000000
2024-04-11 21:03:58,353 [INFO]  Epoch[2] Time cost=0.009
2024-04-11 21:03:58,354 [INFO]  Saved checkpoint to "./imputer_model/imputer_model_NGP/model-0002.params"
2024-04-11 21:03:58,354 [INFO]  Epoch[2] Validation-cross-entropy=0.321537
2024-04-11 21:03:58,354 [INFO]  Epoch[2] Validation-NGP-accuracy=0.000000
2024-04-11 21:03:58,360 [INFO]  Epoch[3] Batch [0-8]	Speed: 28030.64 samples/sec	cross-entropy=0.342608	NGP-accuracy=2.333333
2024-04-11 21:03:58,363 [INFO]  Epoch[3] Train-cross-entropy=0.316967
2024-04-11 21:03:58,363 [INFO]  Epoch[3] Train-NGP-accuracy=3.000000
2024-04-11 21:03:58,363 [INFO]  Epoch[3] Time cost=0.009
2024-04-11 21:03:58,365 [INFO]  Saved checkpoint to "./imputer_model/imputer_model_NGP/model-0003.params"
2024-04-11 21:03:58,365 [INFO]  Epoch[3] Validation-cross-entropy=0.193049
2024-04-11 21:03:58,365 [INFO]  Epoch[3] Validation-NGP-accuracy=0.000000
2024-04-11 21:03:58,370 [INFO]  Epoch[4] Batch [0-8]	Speed: 28269.75 samples/sec	cross-entropy=0.209028	NGP-accuracy=2.333333
2024-04-11 21:03:58,374 [INFO]  Epoch[4] Train-cross-entropy=0.193844
2024-04-11 21:03:58,374 [INFO]  Epoch[4] Train-NGP-accuracy=3.000000
2024-04-11 21:03:58,374 [INFO]  Epoch[4] Time cost=0.009
2024-04-11 21:03:58,375 [INFO]  Saved checkpoint to "./imputer_model/imputer_model_NGP/model-0004.params"
2024-04-11 21:03:58,375 [INFO]  Epoch[4] Validation-cross-entropy=0.168899
2024-04-11 21:03:58,375 [INFO]  Epoch[4] Validation-NGP-accuracy=0.000000
2024-04-11 21:03:58,375 [INFO]  
========== done (0.05500388145446777 s) fit model
