2023-11-08 12:33:16,650 [INFO]  
========== start: fit model
2023-11-08 12:33:16,651 [WARNING]  Already bound, ignoring bind()
2023-11-08 12:33:16,658 [INFO]  Epoch[0] Batch [0-4]	Speed: 13720.89 samples/sec	cross-entropy=25.969719	mean_acc_in_air4-accuracy=0.000000
2023-11-08 12:33:16,661 [INFO]  Epoch[0] Train-cross-entropy=23.581087
2023-11-08 12:33:16,661 [INFO]  Epoch[0] Train-mean_acc_in_air4-accuracy=0.000000
2023-11-08 12:33:16,661 [INFO]  Epoch[0] Time cost=0.010
2023-11-08 12:33:16,662 [INFO]  Saved checkpoint to "./imputer_model/imputer_model_mean_acc_in_air4/model-0000.params"
2023-11-08 12:33:16,663 [INFO]  Epoch[0] Validation-cross-entropy=19.198046
2023-11-08 12:33:16,663 [INFO]  Epoch[0] Validation-mean_acc_in_air4-accuracy=0.000000
2023-11-08 12:33:16,669 [INFO]  Epoch[1] Batch [0-4]	Speed: 14115.55 samples/sec	cross-entropy=38.768319	mean_acc_in_air4-accuracy=0.000000
2023-11-08 12:33:16,672 [INFO]  Epoch[1] Train-cross-entropy=32.998330
2023-11-08 12:33:16,672 [INFO]  Epoch[1] Train-mean_acc_in_air4-accuracy=0.000000
2023-11-08 12:33:16,672 [INFO]  Epoch[1] Time cost=0.009
2023-11-08 12:33:16,674 [INFO]  Saved checkpoint to "./imputer_model/imputer_model_mean_acc_in_air4/model-0001.params"
2023-11-08 12:33:16,674 [INFO]  Epoch[1] Validation-cross-entropy=16.221273
2023-11-08 12:33:16,674 [INFO]  Epoch[1] Validation-mean_acc_in_air4-accuracy=0.000000
2023-11-08 12:33:16,680 [INFO]  Epoch[2] Batch [0-4]	Speed: 14944.63 samples/sec	cross-entropy=6.630036	mean_acc_in_air4-accuracy=0.000000
2023-11-08 12:33:16,683 [INFO]  Epoch[2] Train-cross-entropy=5.373482
2023-11-08 12:33:16,683 [INFO]  Epoch[2] Train-mean_acc_in_air4-accuracy=0.000000
2023-11-08 12:33:16,683 [INFO]  Epoch[2] Time cost=0.009
2023-11-08 12:33:16,685 [INFO]  Saved checkpoint to "./imputer_model/imputer_model_mean_acc_in_air4/model-0002.params"
2023-11-08 12:33:16,685 [INFO]  Epoch[2] Validation-cross-entropy=8.822011
2023-11-08 12:33:16,685 [INFO]  Epoch[2] Validation-mean_acc_in_air4-accuracy=0.000000
2023-11-08 12:33:16,690 [INFO]  Epoch[3] Batch [0-4]	Speed: 15491.43 samples/sec	cross-entropy=3.328091	mean_acc_in_air4-accuracy=0.000000
2023-11-08 12:33:16,693 [INFO]  Epoch[3] Train-cross-entropy=2.573538
2023-11-08 12:33:16,694 [INFO]  Epoch[3] Train-mean_acc_in_air4-accuracy=0.000000
2023-11-08 12:33:16,694 [INFO]  Epoch[3] Time cost=0.008
2023-11-08 12:33:16,695 [INFO]  Saved checkpoint to "./imputer_model/imputer_model_mean_acc_in_air4/model-0003.params"
2023-11-08 12:33:16,695 [INFO]  Epoch[3] Validation-cross-entropy=8.140660
2023-11-08 12:33:16,695 [INFO]  Epoch[3] Validation-mean_acc_in_air4-accuracy=0.000000
2023-11-08 12:33:16,701 [INFO]  Epoch[4] Batch [0-4]	Speed: 15839.70 samples/sec	cross-entropy=1.227156	mean_acc_in_air4-accuracy=0.000000
2023-11-08 12:33:16,704 [INFO]  Epoch[4] Train-cross-entropy=0.946906
2023-11-08 12:33:16,704 [INFO]  Epoch[4] Train-mean_acc_in_air4-accuracy=0.000000
2023-11-08 12:33:16,704 [INFO]  Epoch[4] Time cost=0.008
2023-11-08 12:33:16,705 [INFO]  Saved checkpoint to "./imputer_model/imputer_model_mean_acc_in_air4/model-0004.params"
2023-11-08 12:33:16,706 [INFO]  Epoch[4] Validation-cross-entropy=7.272693
2023-11-08 12:33:16,706 [INFO]  Epoch[4] Validation-mean_acc_in_air4-accuracy=0.000000
2023-11-08 12:33:16,706 [INFO]  
========== done (0.05533432960510254 s) fit model
2023-11-08 13:04:19,611 [INFO]  
========== start: fit model
2023-11-08 13:04:19,612 [WARNING]  Already bound, ignoring bind()
2023-11-08 13:04:19,626 [INFO]  Epoch[0] Batch [0-4]	Speed: 10431.56 samples/sec	cross-entropy=24.803354	mean_acc_in_air4-accuracy=2.800000
2023-11-08 13:04:19,630 [INFO]  Epoch[0] Train-cross-entropy=22.499461
2023-11-08 13:04:19,630 [INFO]  Epoch[0] Train-mean_acc_in_air4-accuracy=3.000000
2023-11-08 13:04:19,631 [INFO]  Epoch[0] Time cost=0.018
2023-11-08 13:04:19,634 [INFO]  Saved checkpoint to "./imputer_model/imputer_model_mean_acc_in_air4/model-0000.params"
2023-11-08 13:04:19,634 [INFO]  Epoch[0] Validation-cross-entropy=24.330002
2023-11-08 13:04:19,634 [INFO]  Epoch[0] Validation-mean_acc_in_air4-accuracy=0.000000
2023-11-08 13:04:19,642 [INFO]  Epoch[1] Batch [0-4]	Speed: 10648.82 samples/sec	cross-entropy=35.107037	mean_acc_in_air4-accuracy=2.800000
2023-11-08 13:04:19,647 [INFO]  Epoch[1] Train-cross-entropy=30.747379
2023-11-08 13:04:19,648 [INFO]  Epoch[1] Train-mean_acc_in_air4-accuracy=3.000000
2023-11-08 13:04:19,648 [INFO]  Epoch[1] Time cost=0.013
2023-11-08 13:04:19,651 [INFO]  Saved checkpoint to "./imputer_model/imputer_model_mean_acc_in_air4/model-0001.params"
2023-11-08 13:04:19,652 [INFO]  Epoch[1] Validation-cross-entropy=19.073839
2023-11-08 13:04:19,652 [INFO]  Epoch[1] Validation-mean_acc_in_air4-accuracy=0.000000
2023-11-08 13:04:19,659 [INFO]  Epoch[2] Batch [0-4]	Speed: 12036.92 samples/sec	cross-entropy=8.723590	mean_acc_in_air4-accuracy=2.800000
2023-11-08 13:04:19,663 [INFO]  Epoch[2] Train-cross-entropy=11.838940
2023-11-08 13:04:19,663 [INFO]  Epoch[2] Train-mean_acc_in_air4-accuracy=3.000000
2023-11-08 13:04:19,663 [INFO]  Epoch[2] Time cost=0.011
2023-11-08 13:04:19,665 [INFO]  Saved checkpoint to "./imputer_model/imputer_model_mean_acc_in_air4/model-0002.params"
2023-11-08 13:04:19,666 [INFO]  Epoch[2] Validation-cross-entropy=18.447794
2023-11-08 13:04:19,666 [INFO]  Epoch[2] Validation-mean_acc_in_air4-accuracy=0.000000
2023-11-08 13:04:19,672 [INFO]  Epoch[3] Batch [0-4]	Speed: 13292.17 samples/sec	cross-entropy=7.844457	mean_acc_in_air4-accuracy=2.800000
2023-11-08 13:04:19,676 [INFO]  Epoch[3] Train-cross-entropy=6.803635
2023-11-08 13:04:19,676 [INFO]  Epoch[3] Train-mean_acc_in_air4-accuracy=3.000000
2023-11-08 13:04:19,676 [INFO]  Epoch[3] Time cost=0.010
2023-11-08 13:04:19,678 [INFO]  Saved checkpoint to "./imputer_model/imputer_model_mean_acc_in_air4/model-0003.params"
2023-11-08 13:04:19,678 [INFO]  Epoch[3] Validation-cross-entropy=15.854587
2023-11-08 13:04:19,678 [INFO]  Epoch[3] Validation-mean_acc_in_air4-accuracy=0.000000
2023-11-08 13:04:19,684 [INFO]  Epoch[4] Batch [0-4]	Speed: 14034.37 samples/sec	cross-entropy=2.539701	mean_acc_in_air4-accuracy=2.800000
2023-11-08 13:04:19,688 [INFO]  Epoch[4] Train-cross-entropy=2.550584
2023-11-08 13:04:19,688 [INFO]  Epoch[4] Train-mean_acc_in_air4-accuracy=3.000000
2023-11-08 13:04:19,688 [INFO]  Epoch[4] Time cost=0.009
2023-11-08 13:04:19,689 [INFO]  Saved checkpoint to "./imputer_model/imputer_model_mean_acc_in_air4/model-0004.params"
2023-11-08 13:04:19,690 [INFO]  Epoch[4] Validation-cross-entropy=17.997112
2023-11-08 13:04:19,690 [INFO]  Epoch[4] Validation-mean_acc_in_air4-accuracy=0.000000
2023-11-08 13:04:19,690 [INFO]  
========== done (0.07843494415283203 s) fit model
2023-11-08 13:17:47,108 [INFO]  
========== start: fit model
2023-11-08 13:17:47,108 [WARNING]  Already bound, ignoring bind()
2023-11-08 13:17:47,115 [INFO]  Epoch[0] Batch [0-4]	Speed: 14071.89 samples/sec	cross-entropy=18.743610	mean_acc_in_air4-accuracy=0.000000
2023-11-08 13:17:47,119 [INFO]  Epoch[0] Train-cross-entropy=19.854778
2023-11-08 13:17:47,119 [INFO]  Epoch[0] Train-mean_acc_in_air4-accuracy=0.000000
2023-11-08 13:17:47,119 [INFO]  Epoch[0] Time cost=0.010
2023-11-08 13:17:47,120 [INFO]  Saved checkpoint to "./imputer_model/imputer_model_mean_acc_in_air4/model-0000.params"
2023-11-08 13:17:47,120 [INFO]  Epoch[0] Validation-cross-entropy=68.000443
2023-11-08 13:17:47,121 [INFO]  Epoch[0] Validation-mean_acc_in_air4-accuracy=0.000000
2023-11-08 13:17:47,127 [INFO]  Epoch[1] Batch [0-4]	Speed: 11564.01 samples/sec	cross-entropy=37.857967	mean_acc_in_air4-accuracy=0.000000
2023-11-08 13:17:47,132 [INFO]  Epoch[1] Train-cross-entropy=29.591019
2023-11-08 13:17:47,132 [INFO]  Epoch[1] Train-mean_acc_in_air4-accuracy=0.000000
2023-11-08 13:17:47,132 [INFO]  Epoch[1] Time cost=0.012
2023-11-08 13:17:47,135 [INFO]  Saved checkpoint to "./imputer_model/imputer_model_mean_acc_in_air4/model-0001.params"
2023-11-08 13:17:47,136 [INFO]  Epoch[1] Validation-cross-entropy=12.149831
2023-11-08 13:17:47,136 [INFO]  Epoch[1] Validation-mean_acc_in_air4-accuracy=0.000000
2023-11-08 13:17:47,143 [INFO]  Epoch[2] Batch [0-4]	Speed: 12981.07 samples/sec	cross-entropy=6.204878	mean_acc_in_air4-accuracy=0.000000
2023-11-08 13:17:47,146 [INFO]  Epoch[2] Train-cross-entropy=5.157350
2023-11-08 13:17:47,146 [INFO]  Epoch[2] Train-mean_acc_in_air4-accuracy=0.000000
2023-11-08 13:17:47,146 [INFO]  Epoch[2] Time cost=0.010
2023-11-08 13:17:47,148 [INFO]  Saved checkpoint to "./imputer_model/imputer_model_mean_acc_in_air4/model-0002.params"
2023-11-08 13:17:47,149 [INFO]  Epoch[2] Validation-cross-entropy=28.981804
2023-11-08 13:17:47,149 [INFO]  Epoch[2] Validation-mean_acc_in_air4-accuracy=0.000000
2023-11-08 13:17:47,154 [INFO]  Epoch[3] Batch [0-4]	Speed: 15684.22 samples/sec	cross-entropy=5.223210	mean_acc_in_air4-accuracy=0.000000
2023-11-08 13:17:47,157 [INFO]  Epoch[3] Train-cross-entropy=4.361210
2023-11-08 13:17:47,157 [INFO]  Epoch[3] Train-mean_acc_in_air4-accuracy=0.000000
2023-11-08 13:17:47,157 [INFO]  Epoch[3] Time cost=0.009
2023-11-08 13:17:47,159 [INFO]  Saved checkpoint to "./imputer_model/imputer_model_mean_acc_in_air4/model-0003.params"
2023-11-08 13:17:47,159 [INFO]  Epoch[3] Validation-cross-entropy=21.912697
2023-11-08 13:17:47,159 [INFO]  Epoch[3] Validation-mean_acc_in_air4-accuracy=0.000000
2023-11-08 13:17:47,165 [INFO]  Epoch[4] Batch [0-4]	Speed: 13915.78 samples/sec	cross-entropy=1.666065	mean_acc_in_air4-accuracy=0.000000
2023-11-08 13:17:47,169 [INFO]  Epoch[4] Train-cross-entropy=1.529839
2023-11-08 13:17:47,169 [INFO]  Epoch[4] Train-mean_acc_in_air4-accuracy=0.000000
2023-11-08 13:17:47,169 [INFO]  Epoch[4] Time cost=0.010
2023-11-08 13:17:47,171 [INFO]  Saved checkpoint to "./imputer_model/imputer_model_mean_acc_in_air4/model-0004.params"
2023-11-08 13:17:47,171 [INFO]  Epoch[4] Validation-cross-entropy=24.147123
2023-11-08 13:17:47,171 [INFO]  Epoch[4] Validation-mean_acc_in_air4-accuracy=0.000000
2023-11-08 13:17:47,171 [INFO]  
========== done (0.06336855888366699 s) fit model
2023-11-08 13:31:07,901 [INFO]  
========== start: fit model
2023-11-08 13:31:07,901 [WARNING]  Already bound, ignoring bind()
2023-11-08 13:31:07,910 [INFO]  Epoch[0] Batch [0-4]	Speed: 9795.48 samples/sec	cross-entropy=29.046352	mean_acc_in_air4-accuracy=2.200000
2023-11-08 13:31:07,914 [INFO]  Epoch[0] Train-cross-entropy=27.081335
2023-11-08 13:31:07,915 [INFO]  Epoch[0] Train-mean_acc_in_air4-accuracy=2.625000
2023-11-08 13:31:07,915 [INFO]  Epoch[0] Time cost=0.013
2023-11-08 13:31:07,918 [INFO]  Saved checkpoint to "./imputer_model/imputer_model_mean_acc_in_air4/model-0000.params"
2023-11-08 13:31:07,919 [INFO]  Epoch[0] Validation-cross-entropy=22.687189
2023-11-08 13:31:07,919 [INFO]  Epoch[0] Validation-mean_acc_in_air4-accuracy=0.000000
2023-11-08 13:31:07,926 [INFO]  Epoch[1] Batch [0-4]	Speed: 12626.31 samples/sec	cross-entropy=62.098209	mean_acc_in_air4-accuracy=2.200000
2023-11-08 13:31:07,929 [INFO]  Epoch[1] Train-cross-entropy=50.749510
2023-11-08 13:31:07,930 [INFO]  Epoch[1] Train-mean_acc_in_air4-accuracy=2.625000
2023-11-08 13:31:07,930 [INFO]  Epoch[1] Time cost=0.011
2023-11-08 13:31:07,931 [INFO]  Saved checkpoint to "./imputer_model/imputer_model_mean_acc_in_air4/model-0001.params"
2023-11-08 13:31:07,932 [INFO]  Epoch[1] Validation-cross-entropy=20.271473
2023-11-08 13:31:07,932 [INFO]  Epoch[1] Validation-mean_acc_in_air4-accuracy=0.000000
2023-11-08 13:31:07,938 [INFO]  Epoch[2] Batch [0-4]	Speed: 14078.54 samples/sec	cross-entropy=7.090569	mean_acc_in_air4-accuracy=2.200000
2023-11-08 13:31:07,941 [INFO]  Epoch[2] Train-cross-entropy=7.527304
2023-11-08 13:31:07,941 [INFO]  Epoch[2] Train-mean_acc_in_air4-accuracy=2.625000
2023-11-08 13:31:07,941 [INFO]  Epoch[2] Time cost=0.009
2023-11-08 13:31:07,943 [INFO]  Saved checkpoint to "./imputer_model/imputer_model_mean_acc_in_air4/model-0002.params"
2023-11-08 13:31:07,943 [INFO]  Epoch[2] Validation-cross-entropy=30.220261
2023-11-08 13:31:07,943 [INFO]  Epoch[2] Validation-mean_acc_in_air4-accuracy=0.000000
2023-11-08 13:31:07,949 [INFO]  Epoch[3] Batch [0-4]	Speed: 14565.14 samples/sec	cross-entropy=4.102362	mean_acc_in_air4-accuracy=2.200000
2023-11-08 13:31:07,952 [INFO]  Epoch[3] Train-cross-entropy=3.866057
2023-11-08 13:31:07,952 [INFO]  Epoch[3] Train-mean_acc_in_air4-accuracy=2.625000
2023-11-08 13:31:07,953 [INFO]  Epoch[3] Time cost=0.009
2023-11-08 13:31:07,954 [INFO]  Saved checkpoint to "./imputer_model/imputer_model_mean_acc_in_air4/model-0003.params"
2023-11-08 13:31:07,954 [INFO]  Epoch[3] Validation-cross-entropy=26.354923
2023-11-08 13:31:07,954 [INFO]  Epoch[3] Validation-mean_acc_in_air4-accuracy=0.000000
2023-11-08 13:31:07,960 [INFO]  Epoch[4] Batch [0-4]	Speed: 14502.97 samples/sec	cross-entropy=3.214920	mean_acc_in_air4-accuracy=2.200000
2023-11-08 13:31:07,963 [INFO]  Epoch[4] Train-cross-entropy=2.489815
2023-11-08 13:31:07,963 [INFO]  Epoch[4] Train-mean_acc_in_air4-accuracy=2.625000
2023-11-08 13:31:07,963 [INFO]  Epoch[4] Time cost=0.009
2023-11-08 13:31:07,965 [INFO]  Saved checkpoint to "./imputer_model/imputer_model_mean_acc_in_air4/model-0004.params"
2023-11-08 13:31:07,965 [INFO]  Epoch[4] Validation-cross-entropy=23.863132
2023-11-08 13:31:07,965 [INFO]  Epoch[4] Validation-mean_acc_in_air4-accuracy=0.000000
2023-11-08 13:31:07,965 [INFO]  
========== done (0.06481647491455078 s) fit model
2023-11-08 13:44:27,846 [INFO]  
========== start: fit model
2023-11-08 13:44:27,846 [WARNING]  Already bound, ignoring bind()
2023-11-08 13:44:27,853 [INFO]  Epoch[0] Batch [0-4]	Speed: 13994.86 samples/sec	cross-entropy=17.873064	mean_acc_in_air4-accuracy=0.000000
2023-11-08 13:44:27,857 [INFO]  Epoch[0] Train-cross-entropy=19.153092
2023-11-08 13:44:27,857 [INFO]  Epoch[0] Train-mean_acc_in_air4-accuracy=0.000000
2023-11-08 13:44:27,857 [INFO]  Epoch[0] Time cost=0.010
2023-11-08 13:44:27,858 [INFO]  Saved checkpoint to "./imputer_model/imputer_model_mean_acc_in_air4/model-0000.params"
2023-11-08 13:44:27,859 [INFO]  Epoch[0] Validation-cross-entropy=12.574821
2023-11-08 13:44:27,859 [INFO]  Epoch[0] Validation-mean_acc_in_air4-accuracy=0.000000
2023-11-08 13:44:27,867 [INFO]  Epoch[1] Batch [0-4]	Speed: 10578.32 samples/sec	cross-entropy=43.483922	mean_acc_in_air4-accuracy=0.000000
2023-11-08 13:44:27,872 [INFO]  Epoch[1] Train-cross-entropy=32.868383
2023-11-08 13:44:27,872 [INFO]  Epoch[1] Train-mean_acc_in_air4-accuracy=0.000000
2023-11-08 13:44:27,872 [INFO]  Epoch[1] Time cost=0.013
2023-11-08 13:44:27,875 [INFO]  Saved checkpoint to "./imputer_model/imputer_model_mean_acc_in_air4/model-0001.params"
2023-11-08 13:44:27,876 [INFO]  Epoch[1] Validation-cross-entropy=8.963897
2023-11-08 13:44:27,876 [INFO]  Epoch[1] Validation-mean_acc_in_air4-accuracy=0.000000
2023-11-08 13:44:27,881 [INFO]  Epoch[2] Batch [0-4]	Speed: 16479.55 samples/sec	cross-entropy=10.838325	mean_acc_in_air4-accuracy=0.000000
2023-11-08 13:44:27,884 [INFO]  Epoch[2] Train-cross-entropy=9.484969
2023-11-08 13:44:27,884 [INFO]  Epoch[2] Train-mean_acc_in_air4-accuracy=0.000000
2023-11-08 13:44:27,884 [INFO]  Epoch[2] Time cost=0.008
2023-11-08 13:44:27,886 [INFO]  Saved checkpoint to "./imputer_model/imputer_model_mean_acc_in_air4/model-0002.params"
2023-11-08 13:44:27,886 [INFO]  Epoch[2] Validation-cross-entropy=11.610177
2023-11-08 13:44:27,886 [INFO]  Epoch[2] Validation-mean_acc_in_air4-accuracy=0.000000
2023-11-08 13:44:27,891 [INFO]  Epoch[3] Batch [0-4]	Speed: 17126.16 samples/sec	cross-entropy=6.570729	mean_acc_in_air4-accuracy=0.000000
2023-11-08 13:44:27,894 [INFO]  Epoch[3] Train-cross-entropy=5.014585
2023-11-08 13:44:27,894 [INFO]  Epoch[3] Train-mean_acc_in_air4-accuracy=0.000000
2023-11-08 13:44:27,894 [INFO]  Epoch[3] Time cost=0.008
2023-11-08 13:44:27,896 [INFO]  Saved checkpoint to "./imputer_model/imputer_model_mean_acc_in_air4/model-0003.params"
2023-11-08 13:44:27,896 [INFO]  Epoch[3] Validation-cross-entropy=6.605660
2023-11-08 13:44:27,896 [INFO]  Epoch[3] Validation-mean_acc_in_air4-accuracy=0.000000
2023-11-08 13:44:27,902 [INFO]  Epoch[4] Batch [0-4]	Speed: 14494.36 samples/sec	cross-entropy=1.627822	mean_acc_in_air4-accuracy=0.000000
2023-11-08 13:44:27,905 [INFO]  Epoch[4] Train-cross-entropy=1.321006
2023-11-08 13:44:27,905 [INFO]  Epoch[4] Train-mean_acc_in_air4-accuracy=0.000000
2023-11-08 13:44:27,905 [INFO]  Epoch[4] Time cost=0.009
2023-11-08 13:44:27,907 [INFO]  Saved checkpoint to "./imputer_model/imputer_model_mean_acc_in_air4/model-0004.params"
2023-11-08 13:44:27,907 [INFO]  Epoch[4] Validation-cross-entropy=7.264734
2023-11-08 13:44:27,907 [INFO]  Epoch[4] Validation-mean_acc_in_air4-accuracy=0.000000
2023-11-08 13:44:27,907 [INFO]  
========== done (0.0609586238861084 s) fit model
2023-11-08 13:57:49,807 [INFO]  
========== start: fit model
2023-11-08 13:57:49,807 [WARNING]  Already bound, ignoring bind()
2023-11-08 13:57:49,814 [INFO]  Epoch[0] Batch [0-4]	Speed: 13956.30 samples/sec	cross-entropy=27.350039	mean_acc_in_air4-accuracy=2.800000
2023-11-08 13:57:49,818 [INFO]  Epoch[0] Train-cross-entropy=23.647616
2023-11-08 13:57:49,818 [INFO]  Epoch[0] Train-mean_acc_in_air4-accuracy=2.500000
2023-11-08 13:57:49,818 [INFO]  Epoch[0] Time cost=0.010
2023-11-08 13:57:49,819 [INFO]  Saved checkpoint to "./imputer_model/imputer_model_mean_acc_in_air4/model-0000.params"
2023-11-08 13:57:49,820 [INFO]  Epoch[0] Validation-cross-entropy=50.005211
2023-11-08 13:57:49,820 [INFO]  Epoch[0] Validation-mean_acc_in_air4-accuracy=0.000000
2023-11-08 13:57:49,824 [INFO]  Epoch[1] Batch [0-4]	Speed: 16446.24 samples/sec	cross-entropy=44.444621	mean_acc_in_air4-accuracy=2.800000
2023-11-08 13:57:49,828 [INFO]  Epoch[1] Train-cross-entropy=36.913530
2023-11-08 13:57:49,828 [INFO]  Epoch[1] Train-mean_acc_in_air4-accuracy=2.500000
2023-11-08 13:57:49,828 [INFO]  Epoch[1] Time cost=0.008
2023-11-08 13:57:49,829 [INFO]  Saved checkpoint to "./imputer_model/imputer_model_mean_acc_in_air4/model-0001.params"
2023-11-08 13:57:49,830 [INFO]  Epoch[1] Validation-cross-entropy=17.576805
2023-11-08 13:57:49,830 [INFO]  Epoch[1] Validation-mean_acc_in_air4-accuracy=0.000000
2023-11-08 13:57:49,834 [INFO]  Epoch[2] Batch [0-4]	Speed: 18158.39 samples/sec	cross-entropy=14.672511	mean_acc_in_air4-accuracy=2.800000
2023-11-08 13:57:49,837 [INFO]  Epoch[2] Train-cross-entropy=12.949808
2023-11-08 13:57:49,838 [INFO]  Epoch[2] Train-mean_acc_in_air4-accuracy=2.500000
2023-11-08 13:57:49,838 [INFO]  Epoch[2] Time cost=0.008
2023-11-08 13:57:49,839 [INFO]  Saved checkpoint to "./imputer_model/imputer_model_mean_acc_in_air4/model-0002.params"
2023-11-08 13:57:49,839 [INFO]  Epoch[2] Validation-cross-entropy=11.728644
2023-11-08 13:57:49,839 [INFO]  Epoch[2] Validation-mean_acc_in_air4-accuracy=0.000000
2023-11-08 13:57:49,845 [INFO]  Epoch[3] Batch [0-4]	Speed: 14795.54 samples/sec	cross-entropy=5.934201	mean_acc_in_air4-accuracy=2.800000
2023-11-08 13:57:49,848 [INFO]  Epoch[3] Train-cross-entropy=5.642647
2023-11-08 13:57:49,848 [INFO]  Epoch[3] Train-mean_acc_in_air4-accuracy=2.500000
2023-11-08 13:57:49,848 [INFO]  Epoch[3] Time cost=0.009
2023-11-08 13:57:49,849 [INFO]  Saved checkpoint to "./imputer_model/imputer_model_mean_acc_in_air4/model-0003.params"
2023-11-08 13:57:49,850 [INFO]  Epoch[3] Validation-cross-entropy=8.327224
2023-11-08 13:57:49,850 [INFO]  Epoch[3] Validation-mean_acc_in_air4-accuracy=0.000000
2023-11-08 13:57:49,856 [INFO]  Epoch[4] Batch [0-4]	Speed: 14455.33 samples/sec	cross-entropy=2.646433	mean_acc_in_air4-accuracy=2.800000
2023-11-08 13:57:49,859 [INFO]  Epoch[4] Train-cross-entropy=2.395345
2023-11-08 13:57:49,859 [INFO]  Epoch[4] Train-mean_acc_in_air4-accuracy=2.500000
2023-11-08 13:57:49,859 [INFO]  Epoch[4] Time cost=0.009
2023-11-08 13:57:49,860 [INFO]  Saved checkpoint to "./imputer_model/imputer_model_mean_acc_in_air4/model-0004.params"
2023-11-08 13:57:49,861 [INFO]  Epoch[4] Validation-cross-entropy=9.491641
2023-11-08 13:57:49,861 [INFO]  Epoch[4] Validation-mean_acc_in_air4-accuracy=0.000000
2023-11-08 13:57:49,861 [INFO]  
========== done (0.05440926551818848 s) fit model
2023-11-08 14:11:14,136 [INFO]  
========== start: fit model
2023-11-08 14:11:14,136 [WARNING]  Already bound, ignoring bind()
2023-11-08 14:11:14,143 [INFO]  Epoch[0] Batch [0-4]	Speed: 14105.17 samples/sec	cross-entropy=23.876953	mean_acc_in_air4-accuracy=0.000000
2023-11-08 14:11:14,147 [INFO]  Epoch[0] Train-cross-entropy=33.257023
2023-11-08 14:11:14,147 [INFO]  Epoch[0] Train-mean_acc_in_air4-accuracy=0.000000
2023-11-08 14:11:14,147 [INFO]  Epoch[0] Time cost=0.010
2023-11-08 14:11:14,148 [INFO]  Saved checkpoint to "./imputer_model/imputer_model_mean_acc_in_air4/model-0000.params"
2023-11-08 14:11:14,149 [INFO]  Epoch[0] Validation-cross-entropy=142.172409
2023-11-08 14:11:14,149 [INFO]  Epoch[0] Validation-mean_acc_in_air4-accuracy=0.000000
2023-11-08 14:11:14,155 [INFO]  Epoch[1] Batch [0-4]	Speed: 14363.29 samples/sec	cross-entropy=41.942539	mean_acc_in_air4-accuracy=0.000000
2023-11-08 14:11:14,160 [INFO]  Epoch[1] Train-cross-entropy=58.329373
2023-11-08 14:11:14,160 [INFO]  Epoch[1] Train-mean_acc_in_air4-accuracy=0.000000
2023-11-08 14:11:14,160 [INFO]  Epoch[1] Time cost=0.011
2023-11-08 14:11:14,163 [INFO]  Saved checkpoint to "./imputer_model/imputer_model_mean_acc_in_air4/model-0001.params"
2023-11-08 14:11:14,163 [INFO]  Epoch[1] Validation-cross-entropy=90.233322
2023-11-08 14:11:14,164 [INFO]  Epoch[1] Validation-mean_acc_in_air4-accuracy=0.000000
2023-11-08 14:11:14,169 [INFO]  Epoch[2] Batch [0-4]	Speed: 14381.75 samples/sec	cross-entropy=6.885817	mean_acc_in_air4-accuracy=0.000000
2023-11-08 14:11:14,174 [INFO]  Epoch[2] Train-cross-entropy=7.174966
2023-11-08 14:11:14,174 [INFO]  Epoch[2] Train-mean_acc_in_air4-accuracy=0.000000
2023-11-08 14:11:14,174 [INFO]  Epoch[2] Time cost=0.010
2023-11-08 14:11:14,175 [INFO]  Saved checkpoint to "./imputer_model/imputer_model_mean_acc_in_air4/model-0002.params"
2023-11-08 14:11:14,176 [INFO]  Epoch[2] Validation-cross-entropy=101.828293
2023-11-08 14:11:14,176 [INFO]  Epoch[2] Validation-mean_acc_in_air4-accuracy=0.000000
2023-11-08 14:11:14,182 [INFO]  Epoch[3] Batch [0-4]	Speed: 13544.35 samples/sec	cross-entropy=4.698947	mean_acc_in_air4-accuracy=0.000000
2023-11-08 14:11:14,186 [INFO]  Epoch[3] Train-cross-entropy=5.222650
2023-11-08 14:11:14,186 [INFO]  Epoch[3] Train-mean_acc_in_air4-accuracy=0.000000
2023-11-08 14:11:14,186 [INFO]  Epoch[3] Time cost=0.010
2023-11-08 14:11:14,187 [INFO]  Saved checkpoint to "./imputer_model/imputer_model_mean_acc_in_air4/model-0003.params"
2023-11-08 14:11:14,188 [INFO]  Epoch[3] Validation-cross-entropy=78.759018
2023-11-08 14:11:14,188 [INFO]  Epoch[3] Validation-mean_acc_in_air4-accuracy=0.000000
2023-11-08 14:11:14,195 [INFO]  Epoch[4] Batch [0-4]	Speed: 10688.68 samples/sec	cross-entropy=2.012282	mean_acc_in_air4-accuracy=0.000000
2023-11-08 14:11:14,200 [INFO]  Epoch[4] Train-cross-entropy=1.709851
2023-11-08 14:11:14,200 [INFO]  Epoch[4] Train-mean_acc_in_air4-accuracy=0.000000
2023-11-08 14:11:14,200 [INFO]  Epoch[4] Time cost=0.012
2023-11-08 14:11:14,203 [INFO]  Saved checkpoint to "./imputer_model/imputer_model_mean_acc_in_air4/model-0004.params"
2023-11-08 14:11:14,204 [INFO]  Epoch[4] Validation-cross-entropy=82.377289
2023-11-08 14:11:14,204 [INFO]  Epoch[4] Validation-mean_acc_in_air4-accuracy=0.000000
2023-11-08 14:11:14,204 [INFO]  
========== done (0.06780028343200684 s) fit model
2023-11-08 14:24:46,450 [INFO]  
========== start: fit model
2023-11-08 14:24:46,450 [WARNING]  Already bound, ignoring bind()
2023-11-08 14:24:46,460 [INFO]  Epoch[0] Batch [0-4]	Speed: 10028.22 samples/sec	cross-entropy=25.938081	mean_acc_in_air4-accuracy=2.400000
2023-11-08 14:24:46,465 [INFO]  Epoch[0] Train-cross-entropy=19.540883
2023-11-08 14:24:46,465 [INFO]  Epoch[0] Train-mean_acc_in_air4-accuracy=2.500000
2023-11-08 14:24:46,465 [INFO]  Epoch[0] Time cost=0.014
2023-11-08 14:24:46,468 [INFO]  Saved checkpoint to "./imputer_model/imputer_model_mean_acc_in_air4/model-0000.params"
2023-11-08 14:24:46,469 [INFO]  Epoch[0] Validation-cross-entropy=157.461533
2023-11-08 14:24:46,469 [INFO]  Epoch[0] Validation-mean_acc_in_air4-accuracy=0.000000
2023-11-08 14:24:46,476 [INFO]  Epoch[1] Batch [0-4]	Speed: 12213.83 samples/sec	cross-entropy=40.743775	mean_acc_in_air4-accuracy=2.400000
2023-11-08 14:24:46,480 [INFO]  Epoch[1] Train-cross-entropy=32.732799
2023-11-08 14:24:46,480 [INFO]  Epoch[1] Train-mean_acc_in_air4-accuracy=2.500000
2023-11-08 14:24:46,480 [INFO]  Epoch[1] Time cost=0.011
2023-11-08 14:24:46,482 [INFO]  Saved checkpoint to "./imputer_model/imputer_model_mean_acc_in_air4/model-0001.params"
2023-11-08 14:24:46,482 [INFO]  Epoch[1] Validation-cross-entropy=62.727734
2023-11-08 14:24:46,483 [INFO]  Epoch[1] Validation-mean_acc_in_air4-accuracy=0.000000
2023-11-08 14:24:46,489 [INFO]  Epoch[2] Batch [0-4]	Speed: 13698.48 samples/sec	cross-entropy=8.467813	mean_acc_in_air4-accuracy=2.400000
2023-11-08 14:24:46,492 [INFO]  Epoch[2] Train-cross-entropy=6.489835
2023-11-08 14:24:46,492 [INFO]  Epoch[2] Train-mean_acc_in_air4-accuracy=2.500000
2023-11-08 14:24:46,492 [INFO]  Epoch[2] Time cost=0.010
2023-11-08 14:24:46,494 [INFO]  Saved checkpoint to "./imputer_model/imputer_model_mean_acc_in_air4/model-0002.params"
2023-11-08 14:24:46,494 [INFO]  Epoch[2] Validation-cross-entropy=51.955780
2023-11-08 14:24:46,494 [INFO]  Epoch[2] Validation-mean_acc_in_air4-accuracy=0.000000
2023-11-08 14:24:46,500 [INFO]  Epoch[3] Batch [0-4]	Speed: 14220.99 samples/sec	cross-entropy=4.631857	mean_acc_in_air4-accuracy=2.400000
2023-11-08 14:24:46,503 [INFO]  Epoch[3] Train-cross-entropy=5.673479
2023-11-08 14:24:46,504 [INFO]  Epoch[3] Train-mean_acc_in_air4-accuracy=2.500000
2023-11-08 14:24:46,504 [INFO]  Epoch[3] Time cost=0.009
2023-11-08 14:24:46,505 [INFO]  Saved checkpoint to "./imputer_model/imputer_model_mean_acc_in_air4/model-0003.params"
2023-11-08 14:24:46,505 [INFO]  Epoch[3] Validation-cross-entropy=66.218666
2023-11-08 14:24:46,506 [INFO]  Epoch[3] Validation-mean_acc_in_air4-accuracy=0.000000
2023-11-08 14:24:46,511 [INFO]  Epoch[4] Batch [0-4]	Speed: 14336.44 samples/sec	cross-entropy=2.028902	mean_acc_in_air4-accuracy=2.400000
2023-11-08 14:24:46,515 [INFO]  Epoch[4] Train-cross-entropy=3.301324
2023-11-08 14:24:46,515 [INFO]  Epoch[4] Train-mean_acc_in_air4-accuracy=2.500000
2023-11-08 14:24:46,515 [INFO]  Epoch[4] Time cost=0.009
2023-11-08 14:24:46,516 [INFO]  Saved checkpoint to "./imputer_model/imputer_model_mean_acc_in_air4/model-0004.params"
2023-11-08 14:24:46,517 [INFO]  Epoch[4] Validation-cross-entropy=44.209080
2023-11-08 14:24:46,517 [INFO]  Epoch[4] Validation-mean_acc_in_air4-accuracy=0.000000
2023-11-08 14:24:46,517 [INFO]  
========== done (0.06656575202941895 s) fit model
2023-11-08 14:38:40,510 [INFO]  
========== start: fit model
2023-11-08 14:38:40,510 [WARNING]  Already bound, ignoring bind()
2023-11-08 14:38:40,517 [INFO]  Epoch[0] Batch [0-4]	Speed: 14130.41 samples/sec	cross-entropy=27.298958	mean_acc_in_air4-accuracy=3.200000
2023-11-08 14:38:40,521 [INFO]  Epoch[0] Train-cross-entropy=25.017524
2023-11-08 14:38:40,521 [INFO]  Epoch[0] Train-mean_acc_in_air4-accuracy=2.875000
2023-11-08 14:38:40,521 [INFO]  Epoch[0] Time cost=0.010
2023-11-08 14:38:40,522 [INFO]  Saved checkpoint to "./imputer_model/imputer_model_mean_acc_in_air4/model-0000.params"
2023-11-08 14:38:40,523 [INFO]  Epoch[0] Validation-cross-entropy=25.295460
2023-11-08 14:38:40,523 [INFO]  Epoch[0] Validation-mean_acc_in_air4-accuracy=0.000000
2023-11-08 14:38:40,532 [INFO]  Epoch[1] Batch [0-4]	Speed: 9952.74 samples/sec	cross-entropy=30.262862	mean_acc_in_air4-accuracy=3.200000
2023-11-08 14:38:40,537 [INFO]  Epoch[1] Train-cross-entropy=24.972123
2023-11-08 14:38:40,537 [INFO]  Epoch[1] Train-mean_acc_in_air4-accuracy=2.875000
2023-11-08 14:38:40,537 [INFO]  Epoch[1] Time cost=0.014
2023-11-08 14:38:40,541 [INFO]  Saved checkpoint to "./imputer_model/imputer_model_mean_acc_in_air4/model-0001.params"
2023-11-08 14:38:40,542 [INFO]  Epoch[1] Validation-cross-entropy=18.224117
2023-11-08 14:38:40,542 [INFO]  Epoch[1] Validation-mean_acc_in_air4-accuracy=0.000000
2023-11-08 14:38:40,549 [INFO]  Epoch[2] Batch [0-4]	Speed: 12434.48 samples/sec	cross-entropy=4.443597	mean_acc_in_air4-accuracy=3.200000
2023-11-08 14:38:40,553 [INFO]  Epoch[2] Train-cross-entropy=4.042438
2023-11-08 14:38:40,553 [INFO]  Epoch[2] Train-mean_acc_in_air4-accuracy=2.875000
2023-11-08 14:38:40,553 [INFO]  Epoch[2] Time cost=0.011
2023-11-08 14:38:40,555 [INFO]  Saved checkpoint to "./imputer_model/imputer_model_mean_acc_in_air4/model-0002.params"
2023-11-08 14:38:40,556 [INFO]  Epoch[2] Validation-cross-entropy=19.107372
2023-11-08 14:38:40,556 [INFO]  Epoch[2] Validation-mean_acc_in_air4-accuracy=0.000000
2023-11-08 14:38:40,562 [INFO]  Epoch[3] Batch [0-4]	Speed: 13631.70 samples/sec	cross-entropy=2.812849	mean_acc_in_air4-accuracy=3.200000
2023-11-08 14:38:40,565 [INFO]  Epoch[3] Train-cross-entropy=2.315067
2023-11-08 14:38:40,565 [INFO]  Epoch[3] Train-mean_acc_in_air4-accuracy=2.875000
2023-11-08 14:38:40,566 [INFO]  Epoch[3] Time cost=0.010
2023-11-08 14:38:40,567 [INFO]  Saved checkpoint to "./imputer_model/imputer_model_mean_acc_in_air4/model-0003.params"
2023-11-08 14:38:40,568 [INFO]  Epoch[3] Validation-cross-entropy=21.293953
2023-11-08 14:38:40,568 [INFO]  Epoch[3] Validation-mean_acc_in_air4-accuracy=0.000000
2023-11-08 14:38:40,574 [INFO]  Epoch[4] Batch [0-4]	Speed: 13517.75 samples/sec	cross-entropy=1.030611	mean_acc_in_air4-accuracy=3.200000
2023-11-08 14:38:40,577 [INFO]  Epoch[4] Train-cross-entropy=0.953181
2023-11-08 14:38:40,578 [INFO]  Epoch[4] Train-mean_acc_in_air4-accuracy=2.875000
2023-11-08 14:38:40,578 [INFO]  Epoch[4] Time cost=0.010
2023-11-08 14:38:40,579 [INFO]  Saved checkpoint to "./imputer_model/imputer_model_mean_acc_in_air4/model-0004.params"
2023-11-08 14:38:40,580 [INFO]  Epoch[4] Validation-cross-entropy=19.499065
2023-11-08 14:38:40,580 [INFO]  Epoch[4] Validation-mean_acc_in_air4-accuracy=0.000000
2023-11-08 14:38:40,580 [INFO]  
========== done (0.07025337219238281 s) fit model
2023-11-08 14:52:45,509 [INFO]  
========== start: fit model
2023-11-08 14:52:45,509 [WARNING]  Already bound, ignoring bind()
2023-11-08 14:52:45,521 [INFO]  Epoch[0] Batch [0-4]	Speed: 9808.01 samples/sec	cross-entropy=17.389038	mean_acc_in_air4-accuracy=0.000000
2023-11-08 14:52:45,525 [INFO]  Epoch[0] Train-cross-entropy=21.094214
2023-11-08 14:52:45,526 [INFO]  Epoch[0] Train-mean_acc_in_air4-accuracy=0.000000
2023-11-08 14:52:45,526 [INFO]  Epoch[0] Time cost=0.014
2023-11-08 14:52:45,528 [INFO]  Saved checkpoint to "./imputer_model/imputer_model_mean_acc_in_air4/model-0000.params"
2023-11-08 14:52:45,529 [INFO]  Epoch[0] Validation-cross-entropy=21.758810
2023-11-08 14:52:45,529 [INFO]  Epoch[0] Validation-mean_acc_in_air4-accuracy=0.000000
2023-11-08 14:52:45,535 [INFO]  Epoch[1] Batch [0-4]	Speed: 13247.57 samples/sec	cross-entropy=37.402092	mean_acc_in_air4-accuracy=0.000000
2023-11-08 14:52:45,539 [INFO]  Epoch[1] Train-cross-entropy=38.357070
2023-11-08 14:52:45,539 [INFO]  Epoch[1] Train-mean_acc_in_air4-accuracy=0.000000
2023-11-08 14:52:45,539 [INFO]  Epoch[1] Time cost=0.010
2023-11-08 14:52:45,541 [INFO]  Saved checkpoint to "./imputer_model/imputer_model_mean_acc_in_air4/model-0001.params"
2023-11-08 14:52:45,542 [INFO]  Epoch[1] Validation-cross-entropy=3.320721
2023-11-08 14:52:45,542 [INFO]  Epoch[1] Validation-mean_acc_in_air4-accuracy=0.000000
2023-11-08 14:52:45,547 [INFO]  Epoch[2] Batch [0-4]	Speed: 14170.69 samples/sec	cross-entropy=7.054867	mean_acc_in_air4-accuracy=0.000000
2023-11-08 14:52:45,551 [INFO]  Epoch[2] Train-cross-entropy=8.800198
2023-11-08 14:52:45,551 [INFO]  Epoch[2] Train-mean_acc_in_air4-accuracy=0.000000
2023-11-08 14:52:45,551 [INFO]  Epoch[2] Time cost=0.009
2023-11-08 14:52:45,552 [INFO]  Saved checkpoint to "./imputer_model/imputer_model_mean_acc_in_air4/model-0002.params"
2023-11-08 14:52:45,553 [INFO]  Epoch[2] Validation-cross-entropy=5.996997
2023-11-08 14:52:45,553 [INFO]  Epoch[2] Validation-mean_acc_in_air4-accuracy=0.000000
2023-11-08 14:52:45,559 [INFO]  Epoch[3] Batch [0-4]	Speed: 14805.33 samples/sec	cross-entropy=5.018862	mean_acc_in_air4-accuracy=0.000000
2023-11-08 14:52:45,562 [INFO]  Epoch[3] Train-cross-entropy=5.061741
2023-11-08 14:52:45,562 [INFO]  Epoch[3] Train-mean_acc_in_air4-accuracy=0.000000
2023-11-08 14:52:45,562 [INFO]  Epoch[3] Time cost=0.009
2023-11-08 14:52:45,564 [INFO]  Saved checkpoint to "./imputer_model/imputer_model_mean_acc_in_air4/model-0003.params"
2023-11-08 14:52:45,564 [INFO]  Epoch[3] Validation-cross-entropy=4.553387
2023-11-08 14:52:45,564 [INFO]  Epoch[3] Validation-mean_acc_in_air4-accuracy=0.000000
2023-11-08 14:52:45,569 [INFO]  Epoch[4] Batch [0-4]	Speed: 15424.67 samples/sec	cross-entropy=2.783251	mean_acc_in_air4-accuracy=0.000000
2023-11-08 14:52:45,573 [INFO]  Epoch[4] Train-cross-entropy=2.074690
2023-11-08 14:52:45,573 [INFO]  Epoch[4] Train-mean_acc_in_air4-accuracy=0.000000
2023-11-08 14:52:45,573 [INFO]  Epoch[4] Time cost=0.009
2023-11-08 14:52:45,574 [INFO]  Saved checkpoint to "./imputer_model/imputer_model_mean_acc_in_air4/model-0004.params"
2023-11-08 14:52:45,575 [INFO]  Epoch[4] Validation-cross-entropy=2.631740
2023-11-08 14:52:45,575 [INFO]  Epoch[4] Validation-mean_acc_in_air4-accuracy=0.000000
2023-11-08 14:52:45,575 [INFO]  
========== done (0.06556105613708496 s) fit model
