2023-11-08 12:38:11,349 [INFO]  
========== start: fit model
2023-11-08 12:38:11,349 [WARNING]  Already bound, ignoring bind()
2023-11-08 12:38:11,679 [INFO]  Epoch[0] Batch [0-4]	Speed: 5039.43 samples/sec	cross-entropy=17.146416	mean_acc_on_paper10-accuracy=0.000000
2023-11-08 12:38:11,693 [INFO]  Epoch[0] Train-cross-entropy=16.943089
2023-11-08 12:38:11,693 [INFO]  Epoch[0] Train-mean_acc_on_paper10-accuracy=0.000000
2023-11-08 12:38:11,693 [INFO]  Epoch[0] Time cost=0.343
2023-11-08 12:38:11,696 [INFO]  Saved checkpoint to "./imputer_model/imputer_model_mean_acc_on_paper10/model-0000.params"
2023-11-08 12:38:11,701 [INFO]  Epoch[0] Validation-cross-entropy=13.806375
2023-11-08 12:38:11,701 [INFO]  Epoch[0] Validation-mean_acc_on_paper10-accuracy=0.000000
2023-11-08 12:38:11,758 [INFO]  Epoch[1] Batch [0-4]	Speed: 1462.74 samples/sec	cross-entropy=76.214451	mean_acc_on_paper10-accuracy=0.000000
2023-11-08 12:38:11,776 [INFO]  Epoch[1] Train-cross-entropy=55.413973
2023-11-08 12:38:11,776 [INFO]  Epoch[1] Train-mean_acc_on_paper10-accuracy=0.000000
2023-11-08 12:38:11,776 [INFO]  Epoch[1] Time cost=0.075
2023-11-08 12:38:11,779 [INFO]  Saved checkpoint to "./imputer_model/imputer_model_mean_acc_on_paper10/model-0001.params"
2023-11-08 12:38:11,780 [INFO]  Epoch[1] Validation-cross-entropy=8.484339
2023-11-08 12:38:11,780 [INFO]  Epoch[1] Validation-mean_acc_on_paper10-accuracy=0.000000
2023-11-08 12:38:11,797 [INFO]  Epoch[2] Batch [0-4]	Speed: 6529.53 samples/sec	cross-entropy=12.602653	mean_acc_on_paper10-accuracy=0.000000
2023-11-08 12:38:12,391 [INFO]  Epoch[2] Train-cross-entropy=9.768209
2023-11-08 12:38:12,391 [INFO]  Epoch[2] Train-mean_acc_on_paper10-accuracy=0.000000
2023-11-08 12:38:12,392 [INFO]  Epoch[2] Time cost=0.612
2023-11-08 12:38:12,397 [INFO]  Saved checkpoint to "./imputer_model/imputer_model_mean_acc_on_paper10/model-0002.params"
2023-11-08 12:38:12,528 [INFO]  Epoch[2] Validation-cross-entropy=6.023100
2023-11-08 12:38:12,528 [INFO]  Epoch[2] Validation-mean_acc_on_paper10-accuracy=0.000000
2023-11-08 12:38:12,864 [INFO]  Epoch[3] Batch [0-4]	Speed: 8517.70 samples/sec	cross-entropy=6.481514	mean_acc_on_paper10-accuracy=0.000000
2023-11-08 12:38:12,871 [INFO]  Epoch[3] Train-cross-entropy=5.191383
2023-11-08 12:38:12,871 [INFO]  Epoch[3] Train-mean_acc_on_paper10-accuracy=0.000000
2023-11-08 12:38:12,872 [INFO]  Epoch[3] Time cost=0.343
2023-11-08 12:38:12,875 [INFO]  Saved checkpoint to "./imputer_model/imputer_model_mean_acc_on_paper10/model-0003.params"
2023-11-08 12:38:12,875 [INFO]  Epoch[3] Validation-cross-entropy=6.198626
2023-11-08 12:38:12,876 [INFO]  Epoch[3] Validation-mean_acc_on_paper10-accuracy=0.000000
2023-11-08 12:38:12,968 [INFO]  Epoch[4] Batch [0-4]	Speed: 705.23 samples/sec	cross-entropy=3.063351	mean_acc_on_paper10-accuracy=0.000000
2023-11-08 12:38:12,974 [INFO]  Epoch[4] Train-cross-entropy=2.491751
2023-11-08 12:38:12,974 [INFO]  Epoch[4] Train-mean_acc_on_paper10-accuracy=0.000000
2023-11-08 12:38:12,974 [INFO]  Epoch[4] Time cost=0.099
2023-11-08 12:38:12,978 [INFO]  Saved checkpoint to "./imputer_model/imputer_model_mean_acc_on_paper10/model-0004.params"
2023-11-08 12:38:12,979 [INFO]  Epoch[4] Validation-cross-entropy=4.308426
2023-11-08 12:38:12,979 [INFO]  Epoch[4] Validation-mean_acc_on_paper10-accuracy=0.000000
2023-11-08 12:38:12,979 [INFO]  
========== done (1.630305528640747 s) fit model
2023-11-08 13:06:00,299 [INFO]  
========== start: fit model
2023-11-08 13:06:00,300 [WARNING]  Already bound, ignoring bind()
2023-11-08 13:06:00,307 [INFO]  Epoch[0] Batch [0-4]	Speed: 14155.75 samples/sec	cross-entropy=19.648724	mean_acc_on_paper10-accuracy=0.000000
2023-11-08 13:06:00,311 [INFO]  Epoch[0] Train-cross-entropy=16.928950
2023-11-08 13:06:00,311 [INFO]  Epoch[0] Train-mean_acc_on_paper10-accuracy=0.000000
2023-11-08 13:06:00,312 [INFO]  Epoch[0] Time cost=0.011
2023-11-08 13:06:00,315 [INFO]  Saved checkpoint to "./imputer_model/imputer_model_mean_acc_on_paper10/model-0000.params"
2023-11-08 13:06:00,315 [INFO]  Epoch[0] Validation-cross-entropy=1.878950
2023-11-08 13:06:00,316 [INFO]  Epoch[0] Validation-mean_acc_on_paper10-accuracy=0.000000
2023-11-08 13:06:00,322 [INFO]  Epoch[1] Batch [0-4]	Speed: 14404.13 samples/sec	cross-entropy=35.628816	mean_acc_on_paper10-accuracy=0.000000
2023-11-08 13:06:00,325 [INFO]  Epoch[1] Train-cross-entropy=31.556063
2023-11-08 13:06:00,325 [INFO]  Epoch[1] Train-mean_acc_on_paper10-accuracy=0.000000
2023-11-08 13:06:00,325 [INFO]  Epoch[1] Time cost=0.009
2023-11-08 13:06:00,327 [INFO]  Saved checkpoint to "./imputer_model/imputer_model_mean_acc_on_paper10/model-0001.params"
2023-11-08 13:06:00,328 [INFO]  Epoch[1] Validation-cross-entropy=6.468958
2023-11-08 13:06:00,328 [INFO]  Epoch[1] Validation-mean_acc_on_paper10-accuracy=0.000000
2023-11-08 13:06:00,332 [INFO]  Epoch[2] Batch [0-4]	Speed: 18374.66 samples/sec	cross-entropy=6.540587	mean_acc_on_paper10-accuracy=0.000000
2023-11-08 13:06:00,335 [INFO]  Epoch[2] Train-cross-entropy=8.311126
2023-11-08 13:06:00,335 [INFO]  Epoch[2] Train-mean_acc_on_paper10-accuracy=0.000000
2023-11-08 13:06:00,335 [INFO]  Epoch[2] Time cost=0.007
2023-11-08 13:06:00,337 [INFO]  Saved checkpoint to "./imputer_model/imputer_model_mean_acc_on_paper10/model-0002.params"
2023-11-08 13:06:00,337 [INFO]  Epoch[2] Validation-cross-entropy=6.255328
2023-11-08 13:06:00,337 [INFO]  Epoch[2] Validation-mean_acc_on_paper10-accuracy=0.000000
2023-11-08 13:06:00,341 [INFO]  Epoch[3] Batch [0-4]	Speed: 19328.59 samples/sec	cross-entropy=5.267321	mean_acc_on_paper10-accuracy=0.000000
2023-11-08 13:06:00,344 [INFO]  Epoch[3] Train-cross-entropy=4.982001
2023-11-08 13:06:00,344 [INFO]  Epoch[3] Train-mean_acc_on_paper10-accuracy=0.000000
2023-11-08 13:06:00,344 [INFO]  Epoch[3] Time cost=0.007
2023-11-08 13:06:00,345 [INFO]  Saved checkpoint to "./imputer_model/imputer_model_mean_acc_on_paper10/model-0003.params"
2023-11-08 13:06:00,346 [INFO]  Epoch[3] Validation-cross-entropy=5.962001
2023-11-08 13:06:00,346 [INFO]  Epoch[3] Validation-mean_acc_on_paper10-accuracy=0.000000
2023-11-08 13:06:00,350 [INFO]  Epoch[4] Batch [0-4]	Speed: 19749.52 samples/sec	cross-entropy=3.509578	mean_acc_on_paper10-accuracy=0.000000
2023-11-08 13:06:00,353 [INFO]  Epoch[4] Train-cross-entropy=2.792467
2023-11-08 13:06:00,353 [INFO]  Epoch[4] Train-mean_acc_on_paper10-accuracy=0.000000
2023-11-08 13:06:00,353 [INFO]  Epoch[4] Time cost=0.007
2023-11-08 13:06:00,356 [INFO]  Saved checkpoint to "./imputer_model/imputer_model_mean_acc_on_paper10/model-0004.params"
2023-11-08 13:06:00,356 [INFO]  Epoch[4] Validation-cross-entropy=4.970928
2023-11-08 13:06:00,356 [INFO]  Epoch[4] Validation-mean_acc_on_paper10-accuracy=0.000000
2023-11-08 13:06:00,356 [INFO]  
========== done (0.057007551193237305 s) fit model
2023-11-08 13:19:26,125 [INFO]  
========== start: fit model
2023-11-08 13:19:26,126 [WARNING]  Already bound, ignoring bind()
2023-11-08 13:19:26,135 [INFO]  Epoch[0] Batch [0-4]	Speed: 9504.16 samples/sec	cross-entropy=18.416544	mean_acc_on_paper10-accuracy=2.400000
2023-11-08 13:19:26,140 [INFO]  Epoch[0] Train-cross-entropy=16.913964
2023-11-08 13:19:26,141 [INFO]  Epoch[0] Train-mean_acc_on_paper10-accuracy=2.000000
2023-11-08 13:19:26,141 [INFO]  Epoch[0] Time cost=0.015
2023-11-08 13:19:26,144 [INFO]  Saved checkpoint to "./imputer_model/imputer_model_mean_acc_on_paper10/model-0000.params"
2023-11-08 13:19:26,145 [INFO]  Epoch[0] Validation-cross-entropy=17.058857
2023-11-08 13:19:26,145 [INFO]  Epoch[0] Validation-mean_acc_on_paper10-accuracy=0.000000
2023-11-08 13:19:26,152 [INFO]  Epoch[1] Batch [0-4]	Speed: 12409.76 samples/sec	cross-entropy=34.561432	mean_acc_on_paper10-accuracy=2.400000
2023-11-08 13:19:26,156 [INFO]  Epoch[1] Train-cross-entropy=25.515962
2023-11-08 13:19:26,156 [INFO]  Epoch[1] Train-mean_acc_on_paper10-accuracy=2.000000
2023-11-08 13:19:26,156 [INFO]  Epoch[1] Time cost=0.011
2023-11-08 13:19:26,158 [INFO]  Saved checkpoint to "./imputer_model/imputer_model_mean_acc_on_paper10/model-0001.params"
2023-11-08 13:19:26,159 [INFO]  Epoch[1] Validation-cross-entropy=14.093695
2023-11-08 13:19:26,159 [INFO]  Epoch[1] Validation-mean_acc_on_paper10-accuracy=0.000000
2023-11-08 13:19:26,165 [INFO]  Epoch[2] Batch [0-4]	Speed: 13279.02 samples/sec	cross-entropy=16.867316	mean_acc_on_paper10-accuracy=2.400000
2023-11-08 13:19:26,169 [INFO]  Epoch[2] Train-cross-entropy=12.663568
2023-11-08 13:19:26,169 [INFO]  Epoch[2] Train-mean_acc_on_paper10-accuracy=2.000000
2023-11-08 13:19:26,169 [INFO]  Epoch[2] Time cost=0.010
2023-11-08 13:19:26,171 [INFO]  Saved checkpoint to "./imputer_model/imputer_model_mean_acc_on_paper10/model-0002.params"
2023-11-08 13:19:26,172 [INFO]  Epoch[2] Validation-cross-entropy=5.396432
2023-11-08 13:19:26,172 [INFO]  Epoch[2] Validation-mean_acc_on_paper10-accuracy=0.000000
2023-11-08 13:19:26,178 [INFO]  Epoch[3] Batch [0-4]	Speed: 12343.56 samples/sec	cross-entropy=4.532286	mean_acc_on_paper10-accuracy=2.400000
2023-11-08 13:19:26,182 [INFO]  Epoch[3] Train-cross-entropy=3.308563
2023-11-08 13:19:26,182 [INFO]  Epoch[3] Train-mean_acc_on_paper10-accuracy=2.000000
2023-11-08 13:19:26,182 [INFO]  Epoch[3] Time cost=0.011
2023-11-08 13:19:26,184 [INFO]  Saved checkpoint to "./imputer_model/imputer_model_mean_acc_on_paper10/model-0003.params"
2023-11-08 13:19:26,185 [INFO]  Epoch[3] Validation-cross-entropy=6.204791
2023-11-08 13:19:26,185 [INFO]  Epoch[3] Validation-mean_acc_on_paper10-accuracy=0.000000
2023-11-08 13:19:26,191 [INFO]  Epoch[4] Batch [0-4]	Speed: 13746.18 samples/sec	cross-entropy=1.610073	mean_acc_on_paper10-accuracy=2.400000
2023-11-08 13:19:26,194 [INFO]  Epoch[4] Train-cross-entropy=1.798680
2023-11-08 13:19:26,195 [INFO]  Epoch[4] Train-mean_acc_on_paper10-accuracy=2.000000
2023-11-08 13:19:26,195 [INFO]  Epoch[4] Time cost=0.010
2023-11-08 13:19:26,196 [INFO]  Saved checkpoint to "./imputer_model/imputer_model_mean_acc_on_paper10/model-0004.params"
2023-11-08 13:19:26,197 [INFO]  Epoch[4] Validation-cross-entropy=9.109871
2023-11-08 13:19:26,197 [INFO]  Epoch[4] Validation-mean_acc_on_paper10-accuracy=0.000000
2023-11-08 13:19:26,197 [INFO]  
========== done (0.07146835327148438 s) fit model
2023-11-08 13:32:46,570 [INFO]  
========== start: fit model
2023-11-08 13:32:46,570 [WARNING]  Already bound, ignoring bind()
2023-11-08 13:32:46,579 [INFO]  Epoch[0] Batch [0-4]	Speed: 10683.57 samples/sec	cross-entropy=17.736388	mean_acc_on_paper10-accuracy=0.000000
2023-11-08 13:32:46,583 [INFO]  Epoch[0] Train-cross-entropy=18.147640
2023-11-08 13:32:46,583 [INFO]  Epoch[0] Train-mean_acc_on_paper10-accuracy=0.000000
2023-11-08 13:32:46,583 [INFO]  Epoch[0] Time cost=0.013
2023-11-08 13:32:46,586 [INFO]  Saved checkpoint to "./imputer_model/imputer_model_mean_acc_on_paper10/model-0000.params"
2023-11-08 13:32:46,587 [INFO]  Epoch[0] Validation-cross-entropy=15.885473
2023-11-08 13:32:46,587 [INFO]  Epoch[0] Validation-mean_acc_on_paper10-accuracy=0.000000
2023-11-08 13:32:46,592 [INFO]  Epoch[1] Batch [0-4]	Speed: 15298.95 samples/sec	cross-entropy=29.347657	mean_acc_on_paper10-accuracy=0.000000
2023-11-08 13:32:46,595 [INFO]  Epoch[1] Train-cross-entropy=24.427062
2023-11-08 13:32:46,595 [INFO]  Epoch[1] Train-mean_acc_on_paper10-accuracy=0.000000
2023-11-08 13:32:46,596 [INFO]  Epoch[1] Time cost=0.009
2023-11-08 13:32:46,597 [INFO]  Saved checkpoint to "./imputer_model/imputer_model_mean_acc_on_paper10/model-0001.params"
2023-11-08 13:32:46,598 [INFO]  Epoch[1] Validation-cross-entropy=11.779404
2023-11-08 13:32:46,598 [INFO]  Epoch[1] Validation-mean_acc_on_paper10-accuracy=0.000000
2023-11-08 13:32:46,602 [INFO]  Epoch[2] Batch [0-4]	Speed: 20157.35 samples/sec	cross-entropy=4.471875	mean_acc_on_paper10-accuracy=0.000000
2023-11-08 13:32:46,604 [INFO]  Epoch[2] Train-cross-entropy=6.491117
2023-11-08 13:32:46,604 [INFO]  Epoch[2] Train-mean_acc_on_paper10-accuracy=0.000000
2023-11-08 13:32:46,604 [INFO]  Epoch[2] Time cost=0.007
2023-11-08 13:32:46,606 [INFO]  Saved checkpoint to "./imputer_model/imputer_model_mean_acc_on_paper10/model-0002.params"
2023-11-08 13:32:46,606 [INFO]  Epoch[2] Validation-cross-entropy=10.494299
2023-11-08 13:32:46,606 [INFO]  Epoch[2] Validation-mean_acc_on_paper10-accuracy=0.000000
2023-11-08 13:32:46,610 [INFO]  Epoch[3] Batch [0-4]	Speed: 19636.83 samples/sec	cross-entropy=3.484356	mean_acc_on_paper10-accuracy=0.000000
2023-11-08 13:32:46,614 [INFO]  Epoch[3] Train-cross-entropy=3.207102
2023-11-08 13:32:46,614 [INFO]  Epoch[3] Train-mean_acc_on_paper10-accuracy=0.000000
2023-11-08 13:32:46,614 [INFO]  Epoch[3] Time cost=0.008
2023-11-08 13:32:46,616 [INFO]  Saved checkpoint to "./imputer_model/imputer_model_mean_acc_on_paper10/model-0003.params"
2023-11-08 13:32:46,617 [INFO]  Epoch[3] Validation-cross-entropy=8.690080
2023-11-08 13:32:46,617 [INFO]  Epoch[3] Validation-mean_acc_on_paper10-accuracy=0.000000
2023-11-08 13:32:46,621 [INFO]  Epoch[4] Batch [0-4]	Speed: 17429.74 samples/sec	cross-entropy=1.280858	mean_acc_on_paper10-accuracy=0.000000
2023-11-08 13:32:46,625 [INFO]  Epoch[4] Train-cross-entropy=1.092391
2023-11-08 13:32:46,625 [INFO]  Epoch[4] Train-mean_acc_on_paper10-accuracy=0.000000
2023-11-08 13:32:46,625 [INFO]  Epoch[4] Time cost=0.008
2023-11-08 13:32:46,626 [INFO]  Saved checkpoint to "./imputer_model/imputer_model_mean_acc_on_paper10/model-0004.params"
2023-11-08 13:32:46,627 [INFO]  Epoch[4] Validation-cross-entropy=11.150232
2023-11-08 13:32:46,627 [INFO]  Epoch[4] Validation-mean_acc_on_paper10-accuracy=0.000000
2023-11-08 13:32:46,627 [INFO]  
========== done (0.05745840072631836 s) fit model
2023-11-08 13:46:06,551 [INFO]  
========== start: fit model
2023-11-08 13:46:06,551 [WARNING]  Already bound, ignoring bind()
2023-11-08 13:46:06,558 [INFO]  Epoch[0] Batch [0-4]	Speed: 14029.24 samples/sec	cross-entropy=19.027416	mean_acc_on_paper10-accuracy=3.800000
2023-11-08 13:46:06,562 [INFO]  Epoch[0] Train-cross-entropy=18.362857
2023-11-08 13:46:06,562 [INFO]  Epoch[0] Train-mean_acc_on_paper10-accuracy=3.125000
2023-11-08 13:46:06,562 [INFO]  Epoch[0] Time cost=0.011
2023-11-08 13:46:06,563 [INFO]  Saved checkpoint to "./imputer_model/imputer_model_mean_acc_on_paper10/model-0000.params"
2023-11-08 13:46:06,564 [INFO]  Epoch[0] Validation-cross-entropy=15.844452
2023-11-08 13:46:06,564 [INFO]  Epoch[0] Validation-mean_acc_on_paper10-accuracy=0.000000
2023-11-08 13:46:06,575 [INFO]  Epoch[1] Batch [0-4]	Speed: 7644.68 samples/sec	cross-entropy=32.387460	mean_acc_on_paper10-accuracy=3.800000
2023-11-08 13:46:06,579 [INFO]  Epoch[1] Train-cross-entropy=26.525355
2023-11-08 13:46:06,580 [INFO]  Epoch[1] Train-mean_acc_on_paper10-accuracy=3.125000
2023-11-08 13:46:06,580 [INFO]  Epoch[1] Time cost=0.015
2023-11-08 13:46:06,582 [INFO]  Saved checkpoint to "./imputer_model/imputer_model_mean_acc_on_paper10/model-0001.params"
2023-11-08 13:46:06,583 [INFO]  Epoch[1] Validation-cross-entropy=4.309603
2023-11-08 13:46:06,583 [INFO]  Epoch[1] Validation-mean_acc_on_paper10-accuracy=0.000000
2023-11-08 13:46:06,591 [INFO]  Epoch[2] Batch [0-4]	Speed: 11127.32 samples/sec	cross-entropy=3.943855	mean_acc_on_paper10-accuracy=3.800000
2023-11-08 13:46:06,595 [INFO]  Epoch[2] Train-cross-entropy=4.202281
2023-11-08 13:46:06,595 [INFO]  Epoch[2] Train-mean_acc_on_paper10-accuracy=3.125000
2023-11-08 13:46:06,596 [INFO]  Epoch[2] Time cost=0.012
2023-11-08 13:46:06,598 [INFO]  Saved checkpoint to "./imputer_model/imputer_model_mean_acc_on_paper10/model-0002.params"
2023-11-08 13:46:06,599 [INFO]  Epoch[2] Validation-cross-entropy=4.075236
2023-11-08 13:46:06,600 [INFO]  Epoch[2] Validation-mean_acc_on_paper10-accuracy=0.000000
2023-11-08 13:46:06,607 [INFO]  Epoch[3] Batch [0-4]	Speed: 11571.99 samples/sec	cross-entropy=2.669961	mean_acc_on_paper10-accuracy=3.800000
2023-11-08 13:46:06,611 [INFO]  Epoch[3] Train-cross-entropy=2.219214
2023-11-08 13:46:06,611 [INFO]  Epoch[3] Train-mean_acc_on_paper10-accuracy=3.125000
2023-11-08 13:46:06,611 [INFO]  Epoch[3] Time cost=0.011
2023-11-08 13:46:06,613 [INFO]  Saved checkpoint to "./imputer_model/imputer_model_mean_acc_on_paper10/model-0003.params"
2023-11-08 13:46:06,614 [INFO]  Epoch[3] Validation-cross-entropy=4.124385
2023-11-08 13:46:06,614 [INFO]  Epoch[3] Validation-mean_acc_on_paper10-accuracy=0.000000
2023-11-08 13:46:06,620 [INFO]  Epoch[4] Batch [0-4]	Speed: 13185.75 samples/sec	cross-entropy=1.040546	mean_acc_on_paper10-accuracy=3.800000
2023-11-08 13:46:06,624 [INFO]  Epoch[4] Train-cross-entropy=0.915421
2023-11-08 13:46:06,624 [INFO]  Epoch[4] Train-mean_acc_on_paper10-accuracy=3.125000
2023-11-08 13:46:06,624 [INFO]  Epoch[4] Time cost=0.010
2023-11-08 13:46:06,628 [INFO]  Saved checkpoint to "./imputer_model/imputer_model_mean_acc_on_paper10/model-0004.params"
2023-11-08 13:46:06,629 [INFO]  Epoch[4] Validation-cross-entropy=2.637820
2023-11-08 13:46:06,629 [INFO]  Epoch[4] Validation-mean_acc_on_paper10-accuracy=0.000000
2023-11-08 13:46:06,629 [INFO]  
========== done (0.07845735549926758 s) fit model
2023-11-08 13:59:29,103 [INFO]  
========== start: fit model
2023-11-08 13:59:29,103 [WARNING]  Already bound, ignoring bind()
2023-11-08 13:59:29,112 [INFO]  Epoch[0] Batch [0-4]	Speed: 10844.56 samples/sec	cross-entropy=14.423371	mean_acc_on_paper10-accuracy=2.400000
2023-11-08 13:59:29,116 [INFO]  Epoch[0] Train-cross-entropy=14.856103
2023-11-08 13:59:29,117 [INFO]  Epoch[0] Train-mean_acc_on_paper10-accuracy=2.625000
2023-11-08 13:59:29,117 [INFO]  Epoch[0] Time cost=0.012
2023-11-08 13:59:29,119 [INFO]  Saved checkpoint to "./imputer_model/imputer_model_mean_acc_on_paper10/model-0000.params"
2023-11-08 13:59:29,120 [INFO]  Epoch[0] Validation-cross-entropy=5.543732
2023-11-08 13:59:29,120 [INFO]  Epoch[0] Validation-mean_acc_on_paper10-accuracy=0.000000
2023-11-08 13:59:29,126 [INFO]  Epoch[1] Batch [0-4]	Speed: 14374.05 samples/sec	cross-entropy=34.394060	mean_acc_on_paper10-accuracy=2.400000
2023-11-08 13:59:29,129 [INFO]  Epoch[1] Train-cross-entropy=28.454544
2023-11-08 13:59:29,129 [INFO]  Epoch[1] Train-mean_acc_on_paper10-accuracy=2.625000
2023-11-08 13:59:29,130 [INFO]  Epoch[1] Time cost=0.009
2023-11-08 13:59:29,131 [INFO]  Saved checkpoint to "./imputer_model/imputer_model_mean_acc_on_paper10/model-0001.params"
2023-11-08 13:59:29,132 [INFO]  Epoch[1] Validation-cross-entropy=5.756407
2023-11-08 13:59:29,132 [INFO]  Epoch[1] Validation-mean_acc_on_paper10-accuracy=0.000000
2023-11-08 13:59:29,136 [INFO]  Epoch[2] Batch [0-4]	Speed: 19154.81 samples/sec	cross-entropy=5.183467	mean_acc_on_paper10-accuracy=2.400000
2023-11-08 13:59:29,139 [INFO]  Epoch[2] Train-cross-entropy=5.445656
2023-11-08 13:59:29,139 [INFO]  Epoch[2] Train-mean_acc_on_paper10-accuracy=2.625000
2023-11-08 13:59:29,139 [INFO]  Epoch[2] Time cost=0.007
2023-11-08 13:59:29,140 [INFO]  Saved checkpoint to "./imputer_model/imputer_model_mean_acc_on_paper10/model-0002.params"
2023-11-08 13:59:29,141 [INFO]  Epoch[2] Validation-cross-entropy=5.823961
2023-11-08 13:59:29,141 [INFO]  Epoch[2] Validation-mean_acc_on_paper10-accuracy=0.000000
2023-11-08 13:59:29,145 [INFO]  Epoch[3] Batch [0-4]	Speed: 19753.88 samples/sec	cross-entropy=2.313367	mean_acc_on_paper10-accuracy=2.400000
2023-11-08 13:59:29,147 [INFO]  Epoch[3] Train-cross-entropy=2.004245
2023-11-08 13:59:29,147 [INFO]  Epoch[3] Train-mean_acc_on_paper10-accuracy=2.625000
2023-11-08 13:59:29,147 [INFO]  Epoch[3] Time cost=0.007
2023-11-08 13:59:29,149 [INFO]  Saved checkpoint to "./imputer_model/imputer_model_mean_acc_on_paper10/model-0003.params"
2023-11-08 13:59:29,149 [INFO]  Epoch[3] Validation-cross-entropy=5.737483
2023-11-08 13:59:29,149 [INFO]  Epoch[3] Validation-mean_acc_on_paper10-accuracy=0.000000
2023-11-08 13:59:29,153 [INFO]  Epoch[4] Batch [0-4]	Speed: 19853.23 samples/sec	cross-entropy=1.118854	mean_acc_on_paper10-accuracy=2.400000
2023-11-08 13:59:29,156 [INFO]  Epoch[4] Train-cross-entropy=1.180949
2023-11-08 13:59:29,156 [INFO]  Epoch[4] Train-mean_acc_on_paper10-accuracy=2.625000
2023-11-08 13:59:29,156 [INFO]  Epoch[4] Time cost=0.007
2023-11-08 13:59:29,157 [INFO]  Saved checkpoint to "./imputer_model/imputer_model_mean_acc_on_paper10/model-0004.params"
2023-11-08 13:59:29,157 [INFO]  Epoch[4] Validation-cross-entropy=5.275650
2023-11-08 13:59:29,157 [INFO]  Epoch[4] Validation-mean_acc_on_paper10-accuracy=0.000000
2023-11-08 13:59:29,157 [INFO]  
========== done (0.05395960807800293 s) fit model
2023-11-08 14:12:54,364 [INFO]  
========== start: fit model
2023-11-08 14:12:54,364 [WARNING]  Already bound, ignoring bind()
2023-11-08 14:12:54,371 [INFO]  Epoch[0] Batch [0-4]	Speed: 13948.32 samples/sec	cross-entropy=19.690943	mean_acc_on_paper10-accuracy=3.200000
2023-11-08 14:12:54,374 [INFO]  Epoch[0] Train-cross-entropy=20.577122
2023-11-08 14:12:54,374 [INFO]  Epoch[0] Train-mean_acc_on_paper10-accuracy=2.750000
2023-11-08 14:12:54,374 [INFO]  Epoch[0] Time cost=0.010
2023-11-08 14:12:54,375 [INFO]  Saved checkpoint to "./imputer_model/imputer_model_mean_acc_on_paper10/model-0000.params"
2023-11-08 14:12:54,376 [INFO]  Epoch[0] Validation-cross-entropy=39.376961
2023-11-08 14:12:54,376 [INFO]  Epoch[0] Validation-mean_acc_on_paper10-accuracy=0.000000
2023-11-08 14:12:54,382 [INFO]  Epoch[1] Batch [0-4]	Speed: 14326.49 samples/sec	cross-entropy=34.602609	mean_acc_on_paper10-accuracy=3.200000
2023-11-08 14:12:54,386 [INFO]  Epoch[1] Train-cross-entropy=50.192550
2023-11-08 14:12:54,386 [INFO]  Epoch[1] Train-mean_acc_on_paper10-accuracy=2.750000
2023-11-08 14:12:54,386 [INFO]  Epoch[1] Time cost=0.010
2023-11-08 14:12:54,389 [INFO]  Saved checkpoint to "./imputer_model/imputer_model_mean_acc_on_paper10/model-0001.params"
2023-11-08 14:12:54,390 [INFO]  Epoch[1] Validation-cross-entropy=37.513306
2023-11-08 14:12:54,390 [INFO]  Epoch[1] Validation-mean_acc_on_paper10-accuracy=0.000000
2023-11-08 14:12:54,397 [INFO]  Epoch[2] Batch [0-4]	Speed: 14250.44 samples/sec	cross-entropy=14.877149	mean_acc_on_paper10-accuracy=3.200000
2023-11-08 14:12:54,400 [INFO]  Epoch[2] Train-cross-entropy=20.063771
2023-11-08 14:12:54,400 [INFO]  Epoch[2] Train-mean_acc_on_paper10-accuracy=2.750000
2023-11-08 14:12:54,400 [INFO]  Epoch[2] Time cost=0.009
2023-11-08 14:12:54,402 [INFO]  Saved checkpoint to "./imputer_model/imputer_model_mean_acc_on_paper10/model-0002.params"
2023-11-08 14:12:54,402 [INFO]  Epoch[2] Validation-cross-entropy=50.209999
2023-11-08 14:12:54,403 [INFO]  Epoch[2] Validation-mean_acc_on_paper10-accuracy=0.000000
2023-11-08 14:12:54,407 [INFO]  Epoch[3] Batch [0-4]	Speed: 17517.32 samples/sec	cross-entropy=4.765268	mean_acc_on_paper10-accuracy=3.200000
2023-11-08 14:12:54,410 [INFO]  Epoch[3] Train-cross-entropy=4.317900
2023-11-08 14:12:54,410 [INFO]  Epoch[3] Train-mean_acc_on_paper10-accuracy=2.750000
2023-11-08 14:12:54,410 [INFO]  Epoch[3] Time cost=0.008
2023-11-08 14:12:54,412 [INFO]  Saved checkpoint to "./imputer_model/imputer_model_mean_acc_on_paper10/model-0003.params"
2023-11-08 14:12:54,412 [INFO]  Epoch[3] Validation-cross-entropy=49.533169
2023-11-08 14:12:54,412 [INFO]  Epoch[3] Validation-mean_acc_on_paper10-accuracy=0.000000
2023-11-08 14:12:54,417 [INFO]  Epoch[4] Batch [0-4]	Speed: 17966.36 samples/sec	cross-entropy=3.793621	mean_acc_on_paper10-accuracy=3.200000
2023-11-08 14:12:54,420 [INFO]  Epoch[4] Train-cross-entropy=3.172550
2023-11-08 14:12:54,420 [INFO]  Epoch[4] Train-mean_acc_on_paper10-accuracy=2.750000
2023-11-08 14:12:54,420 [INFO]  Epoch[4] Time cost=0.007
2023-11-08 14:12:54,421 [INFO]  Saved checkpoint to "./imputer_model/imputer_model_mean_acc_on_paper10/model-0004.params"
2023-11-08 14:12:54,422 [INFO]  Epoch[4] Validation-cross-entropy=55.631504
2023-11-08 14:12:54,422 [INFO]  Epoch[4] Validation-mean_acc_on_paper10-accuracy=0.000000
2023-11-08 14:12:54,422 [INFO]  
========== done (0.05812335014343262 s) fit model
2023-11-08 14:26:28,886 [INFO]  
========== start: fit model
2023-11-08 14:26:28,886 [WARNING]  Already bound, ignoring bind()
2023-11-08 14:26:28,894 [INFO]  Epoch[0] Batch [0-4]	Speed: 11274.54 samples/sec	cross-entropy=11.622026	mean_acc_on_paper10-accuracy=2.400000
2023-11-08 14:26:28,899 [INFO]  Epoch[0] Train-cross-entropy=15.415868
2023-11-08 14:26:28,899 [INFO]  Epoch[0] Train-mean_acc_on_paper10-accuracy=2.750000
2023-11-08 14:26:28,899 [INFO]  Epoch[0] Time cost=0.013
2023-11-08 14:26:28,903 [INFO]  Saved checkpoint to "./imputer_model/imputer_model_mean_acc_on_paper10/model-0000.params"
2023-11-08 14:26:28,904 [INFO]  Epoch[0] Validation-cross-entropy=28.232212
2023-11-08 14:26:28,904 [INFO]  Epoch[0] Validation-mean_acc_on_paper10-accuracy=0.000000
2023-11-08 14:26:28,911 [INFO]  Epoch[1] Batch [0-4]	Speed: 11447.63 samples/sec	cross-entropy=40.603407	mean_acc_on_paper10-accuracy=2.400000
2023-11-08 14:26:28,916 [INFO]  Epoch[1] Train-cross-entropy=37.226767
2023-11-08 14:26:28,916 [INFO]  Epoch[1] Train-mean_acc_on_paper10-accuracy=2.750000
2023-11-08 14:26:28,916 [INFO]  Epoch[1] Time cost=0.012
2023-11-08 14:26:28,918 [INFO]  Saved checkpoint to "./imputer_model/imputer_model_mean_acc_on_paper10/model-0001.params"
2023-11-08 14:26:28,919 [INFO]  Epoch[1] Validation-cross-entropy=38.963276
2023-11-08 14:26:28,919 [INFO]  Epoch[1] Validation-mean_acc_on_paper10-accuracy=0.000000
2023-11-08 14:26:28,925 [INFO]  Epoch[2] Batch [0-4]	Speed: 13556.66 samples/sec	cross-entropy=8.672740	mean_acc_on_paper10-accuracy=2.400000
2023-11-08 14:26:28,929 [INFO]  Epoch[2] Train-cross-entropy=6.896720
2023-11-08 14:26:28,929 [INFO]  Epoch[2] Train-mean_acc_on_paper10-accuracy=2.750000
2023-11-08 14:26:28,929 [INFO]  Epoch[2] Time cost=0.010
2023-11-08 14:26:28,930 [INFO]  Saved checkpoint to "./imputer_model/imputer_model_mean_acc_on_paper10/model-0002.params"
2023-11-08 14:26:28,931 [INFO]  Epoch[2] Validation-cross-entropy=34.577259
2023-11-08 14:26:28,931 [INFO]  Epoch[2] Validation-mean_acc_on_paper10-accuracy=0.000000
2023-11-08 14:26:28,937 [INFO]  Epoch[3] Batch [0-4]	Speed: 13941.80 samples/sec	cross-entropy=5.928161	mean_acc_on_paper10-accuracy=2.400000
2023-11-08 14:26:28,940 [INFO]  Epoch[3] Train-cross-entropy=4.835787
2023-11-08 14:26:28,940 [INFO]  Epoch[3] Train-mean_acc_on_paper10-accuracy=2.750000
2023-11-08 14:26:28,941 [INFO]  Epoch[3] Time cost=0.009
2023-11-08 14:26:28,942 [INFO]  Saved checkpoint to "./imputer_model/imputer_model_mean_acc_on_paper10/model-0003.params"
2023-11-08 14:26:28,942 [INFO]  Epoch[3] Validation-cross-entropy=26.855742
2023-11-08 14:26:28,943 [INFO]  Epoch[3] Validation-mean_acc_on_paper10-accuracy=0.000000
2023-11-08 14:26:28,948 [INFO]  Epoch[4] Batch [0-4]	Speed: 14180.43 samples/sec	cross-entropy=2.293690	mean_acc_on_paper10-accuracy=2.400000
2023-11-08 14:26:28,952 [INFO]  Epoch[4] Train-cross-entropy=1.755852
2023-11-08 14:26:28,952 [INFO]  Epoch[4] Train-mean_acc_on_paper10-accuracy=2.750000
2023-11-08 14:26:28,952 [INFO]  Epoch[4] Time cost=0.009
2023-11-08 14:26:28,953 [INFO]  Saved checkpoint to "./imputer_model/imputer_model_mean_acc_on_paper10/model-0004.params"
2023-11-08 14:26:28,954 [INFO]  Epoch[4] Validation-cross-entropy=18.907518
2023-11-08 14:26:28,954 [INFO]  Epoch[4] Validation-mean_acc_on_paper10-accuracy=0.000000
2023-11-08 14:26:28,954 [INFO]  
========== done (0.06803727149963379 s) fit model
2023-11-08 14:40:27,029 [INFO]  
========== start: fit model
2023-11-08 14:40:27,029 [WARNING]  Already bound, ignoring bind()
2023-11-08 14:40:27,039 [INFO]  Epoch[0] Batch [0-4]	Speed: 10457.57 samples/sec	cross-entropy=20.651206	mean_acc_on_paper10-accuracy=2.400000
2023-11-08 14:40:27,043 [INFO]  Epoch[0] Train-cross-entropy=19.546668
2023-11-08 14:40:27,043 [INFO]  Epoch[0] Train-mean_acc_on_paper10-accuracy=2.875000
2023-11-08 14:40:27,044 [INFO]  Epoch[0] Time cost=0.013
2023-11-08 14:40:27,046 [INFO]  Saved checkpoint to "./imputer_model/imputer_model_mean_acc_on_paper10/model-0000.params"
2023-11-08 14:40:27,047 [INFO]  Epoch[0] Validation-cross-entropy=34.183796
2023-11-08 14:40:27,047 [INFO]  Epoch[0] Validation-mean_acc_on_paper10-accuracy=0.000000
2023-11-08 14:40:27,052 [INFO]  Epoch[1] Batch [0-4]	Speed: 15061.18 samples/sec	cross-entropy=38.326295	mean_acc_on_paper10-accuracy=2.400000
2023-11-08 14:40:27,055 [INFO]  Epoch[1] Train-cross-entropy=32.362615
2023-11-08 14:40:27,056 [INFO]  Epoch[1] Train-mean_acc_on_paper10-accuracy=2.875000
2023-11-08 14:40:27,056 [INFO]  Epoch[1] Time cost=0.009
2023-11-08 14:40:27,057 [INFO]  Saved checkpoint to "./imputer_model/imputer_model_mean_acc_on_paper10/model-0001.params"
2023-11-08 14:40:27,058 [INFO]  Epoch[1] Validation-cross-entropy=32.039936
2023-11-08 14:40:27,058 [INFO]  Epoch[1] Validation-mean_acc_on_paper10-accuracy=0.000000
2023-11-08 14:40:27,062 [INFO]  Epoch[2] Batch [0-4]	Speed: 18654.31 samples/sec	cross-entropy=4.180068	mean_acc_on_paper10-accuracy=2.400000
2023-11-08 14:40:27,065 [INFO]  Epoch[2] Train-cross-entropy=4.062514
2023-11-08 14:40:27,065 [INFO]  Epoch[2] Train-mean_acc_on_paper10-accuracy=2.875000
2023-11-08 14:40:27,065 [INFO]  Epoch[2] Time cost=0.007
2023-11-08 14:40:27,066 [INFO]  Saved checkpoint to "./imputer_model/imputer_model_mean_acc_on_paper10/model-0002.params"
2023-11-08 14:40:27,067 [INFO]  Epoch[2] Validation-cross-entropy=22.609100
2023-11-08 14:40:27,067 [INFO]  Epoch[2] Validation-mean_acc_on_paper10-accuracy=0.000000
2023-11-08 14:40:27,072 [INFO]  Epoch[3] Batch [0-4]	Speed: 16647.16 samples/sec	cross-entropy=3.288272	mean_acc_on_paper10-accuracy=2.400000
2023-11-08 14:40:27,075 [INFO]  Epoch[3] Train-cross-entropy=2.391088
2023-11-08 14:40:27,076 [INFO]  Epoch[3] Train-mean_acc_on_paper10-accuracy=2.875000
2023-11-08 14:40:27,076 [INFO]  Epoch[3] Time cost=0.009
2023-11-08 14:40:27,078 [INFO]  Saved checkpoint to "./imputer_model/imputer_model_mean_acc_on_paper10/model-0003.params"
2023-11-08 14:40:27,079 [INFO]  Epoch[3] Validation-cross-entropy=16.423885
2023-11-08 14:40:27,079 [INFO]  Epoch[3] Validation-mean_acc_on_paper10-accuracy=0.000000
2023-11-08 14:40:27,085 [INFO]  Epoch[4] Batch [0-4]	Speed: 14870.12 samples/sec	cross-entropy=1.583770	mean_acc_on_paper10-accuracy=2.400000
2023-11-08 14:40:27,087 [INFO]  Epoch[4] Train-cross-entropy=1.197286
2023-11-08 14:40:27,087 [INFO]  Epoch[4] Train-mean_acc_on_paper10-accuracy=2.875000
2023-11-08 14:40:27,087 [INFO]  Epoch[4] Time cost=0.008
2023-11-08 14:40:27,089 [INFO]  Saved checkpoint to "./imputer_model/imputer_model_mean_acc_on_paper10/model-0004.params"
2023-11-08 14:40:27,090 [INFO]  Epoch[4] Validation-cross-entropy=21.663406
2023-11-08 14:40:27,090 [INFO]  Epoch[4] Validation-mean_acc_on_paper10-accuracy=0.000000
2023-11-08 14:40:27,090 [INFO]  
========== done (0.060376882553100586 s) fit model
2023-11-08 14:54:31,942 [INFO]  
========== start: fit model
2023-11-08 14:54:31,942 [WARNING]  Already bound, ignoring bind()
2023-11-08 14:54:31,949 [INFO]  Epoch[0] Batch [0-4]	Speed: 14420.38 samples/sec	cross-entropy=16.425856	mean_acc_on_paper10-accuracy=3.000000
2023-11-08 14:54:31,952 [INFO]  Epoch[0] Train-cross-entropy=16.911446
2023-11-08 14:54:31,952 [INFO]  Epoch[0] Train-mean_acc_on_paper10-accuracy=2.625000
2023-11-08 14:54:31,952 [INFO]  Epoch[0] Time cost=0.010
2023-11-08 14:54:31,954 [INFO]  Saved checkpoint to "./imputer_model/imputer_model_mean_acc_on_paper10/model-0000.params"
2023-11-08 14:54:31,954 [INFO]  Epoch[0] Validation-cross-entropy=39.342411
2023-11-08 14:54:31,954 [INFO]  Epoch[0] Validation-mean_acc_on_paper10-accuracy=0.000000
2023-11-08 14:54:31,960 [INFO]  Epoch[1] Batch [0-4]	Speed: 13314.59 samples/sec	cross-entropy=48.704965	mean_acc_on_paper10-accuracy=3.000000
2023-11-08 14:54:31,964 [INFO]  Epoch[1] Train-cross-entropy=47.053995
2023-11-08 14:54:31,965 [INFO]  Epoch[1] Train-mean_acc_on_paper10-accuracy=2.625000
2023-11-08 14:54:31,965 [INFO]  Epoch[1] Time cost=0.010
2023-11-08 14:54:31,968 [INFO]  Saved checkpoint to "./imputer_model/imputer_model_mean_acc_on_paper10/model-0001.params"
2023-11-08 14:54:31,969 [INFO]  Epoch[1] Validation-cross-entropy=14.000836
2023-11-08 14:54:31,969 [INFO]  Epoch[1] Validation-mean_acc_on_paper10-accuracy=0.000000
2023-11-08 14:54:31,977 [INFO]  Epoch[2] Batch [0-4]	Speed: 10556.27 samples/sec	cross-entropy=9.484157	mean_acc_on_paper10-accuracy=3.000000
2023-11-08 14:54:31,981 [INFO]  Epoch[2] Train-cross-entropy=10.188898
2023-11-08 14:54:31,981 [INFO]  Epoch[2] Train-mean_acc_on_paper10-accuracy=2.625000
2023-11-08 14:54:31,981 [INFO]  Epoch[2] Time cost=0.012
2023-11-08 14:54:31,983 [INFO]  Saved checkpoint to "./imputer_model/imputer_model_mean_acc_on_paper10/model-0002.params"
2023-11-08 14:54:31,984 [INFO]  Epoch[2] Validation-cross-entropy=29.515310
2023-11-08 14:54:31,984 [INFO]  Epoch[2] Validation-mean_acc_on_paper10-accuracy=0.000000
2023-11-08 14:54:31,990 [INFO]  Epoch[3] Batch [0-4]	Speed: 15803.34 samples/sec	cross-entropy=4.988279	mean_acc_on_paper10-accuracy=3.000000
2023-11-08 14:54:31,993 [INFO]  Epoch[3] Train-cross-entropy=4.628510
2023-11-08 14:54:31,993 [INFO]  Epoch[3] Train-mean_acc_on_paper10-accuracy=2.625000
2023-11-08 14:54:31,993 [INFO]  Epoch[3] Time cost=0.009
2023-11-08 14:54:31,995 [INFO]  Saved checkpoint to "./imputer_model/imputer_model_mean_acc_on_paper10/model-0003.params"
2023-11-08 14:54:31,995 [INFO]  Epoch[3] Validation-cross-entropy=17.539894
2023-11-08 14:54:31,995 [INFO]  Epoch[3] Validation-mean_acc_on_paper10-accuracy=0.000000
2023-11-08 14:54:32,001 [INFO]  Epoch[4] Batch [0-4]	Speed: 14672.61 samples/sec	cross-entropy=2.237628	mean_acc_on_paper10-accuracy=3.000000
2023-11-08 14:54:32,005 [INFO]  Epoch[4] Train-cross-entropy=1.732016
2023-11-08 14:54:32,005 [INFO]  Epoch[4] Train-mean_acc_on_paper10-accuracy=2.625000
2023-11-08 14:54:32,005 [INFO]  Epoch[4] Time cost=0.009
2023-11-08 14:54:32,006 [INFO]  Saved checkpoint to "./imputer_model/imputer_model_mean_acc_on_paper10/model-0004.params"
2023-11-08 14:54:32,007 [INFO]  Epoch[4] Validation-cross-entropy=17.858532
2023-11-08 14:54:32,007 [INFO]  Epoch[4] Validation-mean_acc_on_paper10-accuracy=0.000000
2023-11-08 14:54:32,007 [INFO]  
========== done (0.06513738632202148 s) fit model
