2023-11-08 12:32:57,778 [INFO]  
========== start: fit model
2023-11-08 12:32:57,778 [WARNING]  Already bound, ignoring bind()
2023-11-08 12:32:57,786 [INFO]  Epoch[0] Batch [0-4]	Speed: 14594.44 samples/sec	cross-entropy=22.804840	gmrt_on_paper3-accuracy=0.000000
2023-11-08 12:32:57,789 [INFO]  Epoch[0] Train-cross-entropy=22.293052
2023-11-08 12:32:57,789 [INFO]  Epoch[0] Train-gmrt_on_paper3-accuracy=0.000000
2023-11-08 12:32:57,789 [INFO]  Epoch[0] Time cost=0.010
2023-11-08 12:32:57,790 [INFO]  Saved checkpoint to "./imputer_model/imputer_model_gmrt_on_paper3/model-0000.params"
2023-11-08 12:32:57,791 [INFO]  Epoch[0] Validation-cross-entropy=19.740305
2023-11-08 12:32:57,791 [INFO]  Epoch[0] Validation-gmrt_on_paper3-accuracy=0.000000
2023-11-08 12:32:57,798 [INFO]  Epoch[1] Batch [0-4]	Speed: 10868.71 samples/sec	cross-entropy=59.967184	gmrt_on_paper3-accuracy=0.000000
2023-11-08 12:32:57,803 [INFO]  Epoch[1] Train-cross-entropy=45.489030
2023-11-08 12:32:57,804 [INFO]  Epoch[1] Train-gmrt_on_paper3-accuracy=0.000000
2023-11-08 12:32:57,804 [INFO]  Epoch[1] Time cost=0.013
2023-11-08 12:32:57,807 [INFO]  Saved checkpoint to "./imputer_model/imputer_model_gmrt_on_paper3/model-0001.params"
2023-11-08 12:32:57,808 [INFO]  Epoch[1] Validation-cross-entropy=20.319006
2023-11-08 12:32:57,809 [INFO]  Epoch[1] Validation-gmrt_on_paper3-accuracy=0.000000
2023-11-08 12:32:57,814 [INFO]  Epoch[2] Batch [0-4]	Speed: 16605.97 samples/sec	cross-entropy=6.476879	gmrt_on_paper3-accuracy=0.000000
2023-11-08 12:32:57,817 [INFO]  Epoch[2] Train-cross-entropy=5.633413
2023-11-08 12:32:57,817 [INFO]  Epoch[2] Train-gmrt_on_paper3-accuracy=0.000000
2023-11-08 12:32:57,817 [INFO]  Epoch[2] Time cost=0.008
2023-11-08 12:32:57,819 [INFO]  Saved checkpoint to "./imputer_model/imputer_model_gmrt_on_paper3/model-0002.params"
2023-11-08 12:32:57,820 [INFO]  Epoch[2] Validation-cross-entropy=13.858586
2023-11-08 12:32:57,820 [INFO]  Epoch[2] Validation-gmrt_on_paper3-accuracy=0.000000
2023-11-08 12:32:57,825 [INFO]  Epoch[3] Batch [0-4]	Speed: 18171.91 samples/sec	cross-entropy=4.282934	gmrt_on_paper3-accuracy=0.000000
2023-11-08 12:32:57,827 [INFO]  Epoch[3] Train-cross-entropy=3.426558
2023-11-08 12:32:57,827 [INFO]  Epoch[3] Train-gmrt_on_paper3-accuracy=0.000000
2023-11-08 12:32:57,827 [INFO]  Epoch[3] Time cost=0.007
2023-11-08 12:32:57,829 [INFO]  Saved checkpoint to "./imputer_model/imputer_model_gmrt_on_paper3/model-0003.params"
2023-11-08 12:32:57,829 [INFO]  Epoch[3] Validation-cross-entropy=15.052949
2023-11-08 12:32:57,830 [INFO]  Epoch[3] Validation-gmrt_on_paper3-accuracy=0.000000
2023-11-08 12:32:57,833 [INFO]  Epoch[4] Batch [0-4]	Speed: 21616.64 samples/sec	cross-entropy=2.068304	gmrt_on_paper3-accuracy=0.000000
2023-11-08 12:32:57,836 [INFO]  Epoch[4] Train-cross-entropy=1.564711
2023-11-08 12:32:57,836 [INFO]  Epoch[4] Train-gmrt_on_paper3-accuracy=0.000000
2023-11-08 12:32:57,836 [INFO]  Epoch[4] Time cost=0.006
2023-11-08 12:32:57,837 [INFO]  Saved checkpoint to "./imputer_model/imputer_model_gmrt_on_paper3/model-0004.params"
2023-11-08 12:32:57,838 [INFO]  Epoch[4] Validation-cross-entropy=11.278138
2023-11-08 12:32:57,838 [INFO]  Epoch[4] Validation-gmrt_on_paper3-accuracy=0.000000
2023-11-08 12:32:57,838 [INFO]  
========== done (0.059600114822387695 s) fit model
2023-11-08 13:04:00,099 [INFO]  
========== start: fit model
2023-11-08 13:04:00,099 [WARNING]  Already bound, ignoring bind()
2023-11-08 13:04:00,114 [INFO]  Epoch[0] Batch [0-4]	Speed: 10391.99 samples/sec	cross-entropy=20.263297	gmrt_on_paper3-accuracy=0.000000
2023-11-08 13:04:00,118 [INFO]  Epoch[0] Train-cross-entropy=19.954226
2023-11-08 13:04:00,119 [INFO]  Epoch[0] Train-gmrt_on_paper3-accuracy=0.000000
2023-11-08 13:04:00,119 [INFO]  Epoch[0] Time cost=0.017
2023-11-08 13:04:00,121 [INFO]  Saved checkpoint to "./imputer_model/imputer_model_gmrt_on_paper3/model-0000.params"
2023-11-08 13:04:00,122 [INFO]  Epoch[0] Validation-cross-entropy=62.193283
2023-11-08 13:04:00,122 [INFO]  Epoch[0] Validation-gmrt_on_paper3-accuracy=0.000000
2023-11-08 13:04:00,129 [INFO]  Epoch[1] Batch [0-4]	Speed: 12280.32 samples/sec	cross-entropy=31.546879	gmrt_on_paper3-accuracy=0.000000
2023-11-08 13:04:00,132 [INFO]  Epoch[1] Train-cross-entropy=26.432534
2023-11-08 13:04:00,132 [INFO]  Epoch[1] Train-gmrt_on_paper3-accuracy=0.000000
2023-11-08 13:04:00,132 [INFO]  Epoch[1] Time cost=0.010
2023-11-08 13:04:00,134 [INFO]  Saved checkpoint to "./imputer_model/imputer_model_gmrt_on_paper3/model-0001.params"
2023-11-08 13:04:00,135 [INFO]  Epoch[1] Validation-cross-entropy=37.080811
2023-11-08 13:04:00,135 [INFO]  Epoch[1] Validation-gmrt_on_paper3-accuracy=0.000000
2023-11-08 13:04:00,141 [INFO]  Epoch[2] Batch [0-4]	Speed: 14000.70 samples/sec	cross-entropy=7.117484	gmrt_on_paper3-accuracy=0.000000
2023-11-08 13:04:00,144 [INFO]  Epoch[2] Train-cross-entropy=6.235603
2023-11-08 13:04:00,144 [INFO]  Epoch[2] Train-gmrt_on_paper3-accuracy=0.000000
2023-11-08 13:04:00,144 [INFO]  Epoch[2] Time cost=0.009
2023-11-08 13:04:00,146 [INFO]  Saved checkpoint to "./imputer_model/imputer_model_gmrt_on_paper3/model-0002.params"
2023-11-08 13:04:00,146 [INFO]  Epoch[2] Validation-cross-entropy=105.816635
2023-11-08 13:04:00,146 [INFO]  Epoch[2] Validation-gmrt_on_paper3-accuracy=0.000000
2023-11-08 13:04:00,152 [INFO]  Epoch[3] Batch [0-4]	Speed: 12957.26 samples/sec	cross-entropy=8.518264	gmrt_on_paper3-accuracy=0.000000
2023-11-08 13:04:00,157 [INFO]  Epoch[3] Train-cross-entropy=6.015871
2023-11-08 13:04:00,157 [INFO]  Epoch[3] Train-gmrt_on_paper3-accuracy=0.000000
2023-11-08 13:04:00,158 [INFO]  Epoch[3] Time cost=0.011
2023-11-08 13:04:00,161 [INFO]  Saved checkpoint to "./imputer_model/imputer_model_gmrt_on_paper3/model-0003.params"
2023-11-08 13:04:00,162 [INFO]  Epoch[3] Validation-cross-entropy=36.197350
2023-11-08 13:04:00,162 [INFO]  Epoch[3] Validation-gmrt_on_paper3-accuracy=0.000000
2023-11-08 13:04:00,170 [INFO]  Epoch[4] Batch [0-4]	Speed: 10479.62 samples/sec	cross-entropy=6.257970	gmrt_on_paper3-accuracy=0.000000
2023-11-08 13:04:00,174 [INFO]  Epoch[4] Train-cross-entropy=4.157060
2023-11-08 13:04:00,174 [INFO]  Epoch[4] Train-gmrt_on_paper3-accuracy=0.000000
2023-11-08 13:04:00,174 [INFO]  Epoch[4] Time cost=0.012
2023-11-08 13:04:00,176 [INFO]  Saved checkpoint to "./imputer_model/imputer_model_gmrt_on_paper3/model-0004.params"
2023-11-08 13:04:00,177 [INFO]  Epoch[4] Validation-cross-entropy=77.629227
2023-11-08 13:04:00,177 [INFO]  Epoch[4] Validation-gmrt_on_paper3-accuracy=0.000000
2023-11-08 13:04:00,177 [INFO]  
========== done (0.07853031158447266 s) fit model
2023-11-08 13:17:27,981 [INFO]  
========== start: fit model
2023-11-08 13:17:27,981 [WARNING]  Already bound, ignoring bind()
2023-11-08 13:17:27,989 [INFO]  Epoch[0] Batch [0-4]	Speed: 12356.63 samples/sec	cross-entropy=24.173512	gmrt_on_paper3-accuracy=0.000000
2023-11-08 13:17:27,993 [INFO]  Epoch[0] Train-cross-entropy=25.914455
2023-11-08 13:17:27,994 [INFO]  Epoch[0] Train-gmrt_on_paper3-accuracy=0.000000
2023-11-08 13:17:27,994 [INFO]  Epoch[0] Time cost=0.012
2023-11-08 13:17:27,997 [INFO]  Saved checkpoint to "./imputer_model/imputer_model_gmrt_on_paper3/model-0000.params"
2023-11-08 13:17:27,998 [INFO]  Epoch[0] Validation-cross-entropy=23.167767
2023-11-08 13:17:27,998 [INFO]  Epoch[0] Validation-gmrt_on_paper3-accuracy=0.000000
2023-11-08 13:17:28,006 [INFO]  Epoch[1] Batch [0-4]	Speed: 10912.45 samples/sec	cross-entropy=30.115752	gmrt_on_paper3-accuracy=0.000000
2023-11-08 13:17:28,009 [INFO]  Epoch[1] Train-cross-entropy=25.728886
2023-11-08 13:17:28,009 [INFO]  Epoch[1] Train-gmrt_on_paper3-accuracy=0.000000
2023-11-08 13:17:28,009 [INFO]  Epoch[1] Time cost=0.011
2023-11-08 13:17:28,011 [INFO]  Saved checkpoint to "./imputer_model/imputer_model_gmrt_on_paper3/model-0001.params"
2023-11-08 13:17:28,012 [INFO]  Epoch[1] Validation-cross-entropy=20.204758
2023-11-08 13:17:28,012 [INFO]  Epoch[1] Validation-gmrt_on_paper3-accuracy=0.000000
2023-11-08 13:17:28,017 [INFO]  Epoch[2] Batch [0-4]	Speed: 16573.16 samples/sec	cross-entropy=8.843468	gmrt_on_paper3-accuracy=0.000000
2023-11-08 13:17:28,020 [INFO]  Epoch[2] Train-cross-entropy=6.761781
2023-11-08 13:17:28,020 [INFO]  Epoch[2] Train-gmrt_on_paper3-accuracy=0.000000
2023-11-08 13:17:28,020 [INFO]  Epoch[2] Time cost=0.008
2023-11-08 13:17:28,022 [INFO]  Saved checkpoint to "./imputer_model/imputer_model_gmrt_on_paper3/model-0002.params"
2023-11-08 13:17:28,022 [INFO]  Epoch[2] Validation-cross-entropy=16.755651
2023-11-08 13:17:28,022 [INFO]  Epoch[2] Validation-gmrt_on_paper3-accuracy=0.000000
2023-11-08 13:17:28,027 [INFO]  Epoch[3] Batch [0-4]	Speed: 17411.65 samples/sec	cross-entropy=4.163541	gmrt_on_paper3-accuracy=0.000000
2023-11-08 13:17:28,030 [INFO]  Epoch[3] Train-cross-entropy=3.272519
2023-11-08 13:17:28,030 [INFO]  Epoch[3] Train-gmrt_on_paper3-accuracy=0.000000
2023-11-08 13:17:28,030 [INFO]  Epoch[3] Time cost=0.008
2023-11-08 13:17:28,031 [INFO]  Saved checkpoint to "./imputer_model/imputer_model_gmrt_on_paper3/model-0003.params"
2023-11-08 13:17:28,032 [INFO]  Epoch[3] Validation-cross-entropy=17.237595
2023-11-08 13:17:28,032 [INFO]  Epoch[3] Validation-gmrt_on_paper3-accuracy=0.000000
2023-11-08 13:17:28,037 [INFO]  Epoch[4] Batch [0-4]	Speed: 14425.03 samples/sec	cross-entropy=1.272122	gmrt_on_paper3-accuracy=0.000000
2023-11-08 13:17:28,042 [INFO]  Epoch[4] Train-cross-entropy=1.063742
2023-11-08 13:17:28,042 [INFO]  Epoch[4] Train-gmrt_on_paper3-accuracy=0.000000
2023-11-08 13:17:28,042 [INFO]  Epoch[4] Time cost=0.010
2023-11-08 13:17:28,045 [INFO]  Saved checkpoint to "./imputer_model/imputer_model_gmrt_on_paper3/model-0004.params"
2023-11-08 13:17:28,045 [INFO]  Epoch[4] Validation-cross-entropy=18.448318
2023-11-08 13:17:28,046 [INFO]  Epoch[4] Validation-gmrt_on_paper3-accuracy=0.000000
2023-11-08 13:17:28,046 [INFO]  
========== done (0.06468963623046875 s) fit model
2023-11-08 13:30:48,835 [INFO]  
========== start: fit model
2023-11-08 13:30:48,835 [WARNING]  Already bound, ignoring bind()
2023-11-08 13:30:48,842 [INFO]  Epoch[0] Batch [0-4]	Speed: 14049.06 samples/sec	cross-entropy=20.031759	gmrt_on_paper3-accuracy=0.000000
2023-11-08 13:30:48,845 [INFO]  Epoch[0] Train-cross-entropy=21.365516
2023-11-08 13:30:48,845 [INFO]  Epoch[0] Train-gmrt_on_paper3-accuracy=0.000000
2023-11-08 13:30:48,845 [INFO]  Epoch[0] Time cost=0.010
2023-11-08 13:30:48,846 [INFO]  Saved checkpoint to "./imputer_model/imputer_model_gmrt_on_paper3/model-0000.params"
2023-11-08 13:30:48,847 [INFO]  Epoch[0] Validation-cross-entropy=7.251702
2023-11-08 13:30:48,847 [INFO]  Epoch[0] Validation-gmrt_on_paper3-accuracy=0.000000
2023-11-08 13:30:48,854 [INFO]  Epoch[1] Batch [0-4]	Speed: 11242.43 samples/sec	cross-entropy=37.919975	gmrt_on_paper3-accuracy=0.000000
2023-11-08 13:30:48,859 [INFO]  Epoch[1] Train-cross-entropy=30.131591
2023-11-08 13:30:48,859 [INFO]  Epoch[1] Train-gmrt_on_paper3-accuracy=0.000000
2023-11-08 13:30:48,859 [INFO]  Epoch[1] Time cost=0.012
2023-11-08 13:30:48,863 [INFO]  Saved checkpoint to "./imputer_model/imputer_model_gmrt_on_paper3/model-0001.params"
2023-11-08 13:30:48,863 [INFO]  Epoch[1] Validation-cross-entropy=7.279010
2023-11-08 13:30:48,864 [INFO]  Epoch[1] Validation-gmrt_on_paper3-accuracy=0.000000
2023-11-08 13:30:48,870 [INFO]  Epoch[2] Batch [0-4]	Speed: 13586.85 samples/sec	cross-entropy=9.772080	gmrt_on_paper3-accuracy=0.000000
2023-11-08 13:30:48,873 [INFO]  Epoch[2] Train-cross-entropy=8.902139
2023-11-08 13:30:48,874 [INFO]  Epoch[2] Train-gmrt_on_paper3-accuracy=0.000000
2023-11-08 13:30:48,874 [INFO]  Epoch[2] Time cost=0.010
2023-11-08 13:30:48,876 [INFO]  Saved checkpoint to "./imputer_model/imputer_model_gmrt_on_paper3/model-0002.params"
2023-11-08 13:30:48,876 [INFO]  Epoch[2] Validation-cross-entropy=6.269882
2023-11-08 13:30:48,876 [INFO]  Epoch[2] Validation-gmrt_on_paper3-accuracy=0.000000
2023-11-08 13:30:48,882 [INFO]  Epoch[3] Batch [0-4]	Speed: 15987.82 samples/sec	cross-entropy=3.670411	gmrt_on_paper3-accuracy=0.000000
2023-11-08 13:30:48,885 [INFO]  Epoch[3] Train-cross-entropy=3.114979
2023-11-08 13:30:48,885 [INFO]  Epoch[3] Train-gmrt_on_paper3-accuracy=0.000000
2023-11-08 13:30:48,885 [INFO]  Epoch[3] Time cost=0.008
2023-11-08 13:30:48,886 [INFO]  Saved checkpoint to "./imputer_model/imputer_model_gmrt_on_paper3/model-0003.params"
2023-11-08 13:30:48,887 [INFO]  Epoch[3] Validation-cross-entropy=7.237221
2023-11-08 13:30:48,887 [INFO]  Epoch[3] Validation-gmrt_on_paper3-accuracy=0.000000
2023-11-08 13:30:48,892 [INFO]  Epoch[4] Batch [0-4]	Speed: 14528.87 samples/sec	cross-entropy=1.796391	gmrt_on_paper3-accuracy=0.000000
2023-11-08 13:30:48,896 [INFO]  Epoch[4] Train-cross-entropy=2.091352
2023-11-08 13:30:48,896 [INFO]  Epoch[4] Train-gmrt_on_paper3-accuracy=0.000000
2023-11-08 13:30:48,896 [INFO]  Epoch[4] Time cost=0.009
2023-11-08 13:30:48,897 [INFO]  Saved checkpoint to "./imputer_model/imputer_model_gmrt_on_paper3/model-0004.params"
2023-11-08 13:30:48,898 [INFO]  Epoch[4] Validation-cross-entropy=5.649955
2023-11-08 13:30:48,898 [INFO]  Epoch[4] Validation-gmrt_on_paper3-accuracy=0.000000
2023-11-08 13:30:48,898 [INFO]  
========== done (0.06326603889465332 s) fit model
2023-11-08 13:44:08,761 [INFO]  
========== start: fit model
2023-11-08 13:44:08,761 [WARNING]  Already bound, ignoring bind()
2023-11-08 13:44:08,768 [INFO]  Epoch[0] Batch [0-4]	Speed: 13811.25 samples/sec	cross-entropy=24.855095	gmrt_on_paper3-accuracy=0.000000
2023-11-08 13:44:08,771 [INFO]  Epoch[0] Train-cross-entropy=22.127087
2023-11-08 13:44:08,771 [INFO]  Epoch[0] Train-gmrt_on_paper3-accuracy=0.000000
2023-11-08 13:44:08,771 [INFO]  Epoch[0] Time cost=0.010
2023-11-08 13:44:08,772 [INFO]  Saved checkpoint to "./imputer_model/imputer_model_gmrt_on_paper3/model-0000.params"
2023-11-08 13:44:08,773 [INFO]  Epoch[0] Validation-cross-entropy=37.510593
2023-11-08 13:44:08,773 [INFO]  Epoch[0] Validation-gmrt_on_paper3-accuracy=0.000000
2023-11-08 13:44:08,778 [INFO]  Epoch[1] Batch [0-4]	Speed: 15733.86 samples/sec	cross-entropy=31.411506	gmrt_on_paper3-accuracy=0.000000
2023-11-08 13:44:08,782 [INFO]  Epoch[1] Train-cross-entropy=24.701948
2023-11-08 13:44:08,782 [INFO]  Epoch[1] Train-gmrt_on_paper3-accuracy=0.000000
2023-11-08 13:44:08,782 [INFO]  Epoch[1] Time cost=0.009
2023-11-08 13:44:08,783 [INFO]  Saved checkpoint to "./imputer_model/imputer_model_gmrt_on_paper3/model-0001.params"
2023-11-08 13:44:08,783 [INFO]  Epoch[1] Validation-cross-entropy=15.704391
2023-11-08 13:44:08,783 [INFO]  Epoch[1] Validation-gmrt_on_paper3-accuracy=0.000000
2023-11-08 13:44:08,788 [INFO]  Epoch[2] Batch [0-4]	Speed: 16206.93 samples/sec	cross-entropy=9.107160	gmrt_on_paper3-accuracy=0.000000
2023-11-08 13:44:08,792 [INFO]  Epoch[2] Train-cross-entropy=7.399035
2023-11-08 13:44:08,792 [INFO]  Epoch[2] Train-gmrt_on_paper3-accuracy=0.000000
2023-11-08 13:44:08,792 [INFO]  Epoch[2] Time cost=0.008
2023-11-08 13:44:08,793 [INFO]  Saved checkpoint to "./imputer_model/imputer_model_gmrt_on_paper3/model-0002.params"
2023-11-08 13:44:08,793 [INFO]  Epoch[2] Validation-cross-entropy=10.293000
2023-11-08 13:44:08,793 [INFO]  Epoch[2] Validation-gmrt_on_paper3-accuracy=0.000000
2023-11-08 13:44:08,799 [INFO]  Epoch[3] Batch [0-4]	Speed: 14576.21 samples/sec	cross-entropy=5.604546	gmrt_on_paper3-accuracy=0.000000
2023-11-08 13:44:08,803 [INFO]  Epoch[3] Train-cross-entropy=4.122106
2023-11-08 13:44:08,803 [INFO]  Epoch[3] Train-gmrt_on_paper3-accuracy=0.000000
2023-11-08 13:44:08,803 [INFO]  Epoch[3] Time cost=0.010
2023-11-08 13:44:08,806 [INFO]  Saved checkpoint to "./imputer_model/imputer_model_gmrt_on_paper3/model-0003.params"
2023-11-08 13:44:08,807 [INFO]  Epoch[3] Validation-cross-entropy=9.703459
2023-11-08 13:44:08,807 [INFO]  Epoch[3] Validation-gmrt_on_paper3-accuracy=0.000000
2023-11-08 13:44:08,815 [INFO]  Epoch[4] Batch [0-4]	Speed: 11070.87 samples/sec	cross-entropy=1.816656	gmrt_on_paper3-accuracy=0.000000
2023-11-08 13:44:08,818 [INFO]  Epoch[4] Train-cross-entropy=1.468879
2023-11-08 13:44:08,818 [INFO]  Epoch[4] Train-gmrt_on_paper3-accuracy=0.000000
2023-11-08 13:44:08,818 [INFO]  Epoch[4] Time cost=0.011
2023-11-08 13:44:08,820 [INFO]  Saved checkpoint to "./imputer_model/imputer_model_gmrt_on_paper3/model-0004.params"
2023-11-08 13:44:08,821 [INFO]  Epoch[4] Validation-cross-entropy=11.427443
2023-11-08 13:44:08,821 [INFO]  Epoch[4] Validation-gmrt_on_paper3-accuracy=0.000000
2023-11-08 13:44:08,821 [INFO]  
========== done (0.06079673767089844 s) fit model
2023-11-08 13:57:30,600 [INFO]  
========== start: fit model
2023-11-08 13:57:30,600 [WARNING]  Already bound, ignoring bind()
2023-11-08 13:57:30,607 [INFO]  Epoch[0] Batch [0-4]	Speed: 14184.17 samples/sec	cross-entropy=15.036413	gmrt_on_paper3-accuracy=3.200000
2023-11-08 13:57:30,612 [INFO]  Epoch[0] Train-cross-entropy=18.091611
2023-11-08 13:57:30,612 [INFO]  Epoch[0] Train-gmrt_on_paper3-accuracy=3.250000
2023-11-08 13:57:30,612 [INFO]  Epoch[0] Time cost=0.012
2023-11-08 13:57:30,615 [INFO]  Saved checkpoint to "./imputer_model/imputer_model_gmrt_on_paper3/model-0000.params"
2023-11-08 13:57:30,616 [INFO]  Epoch[0] Validation-cross-entropy=19.852404
2023-11-08 13:57:30,616 [INFO]  Epoch[0] Validation-gmrt_on_paper3-accuracy=0.000000
2023-11-08 13:57:30,624 [INFO]  Epoch[1] Batch [0-4]	Speed: 10989.29 samples/sec	cross-entropy=41.305606	gmrt_on_paper3-accuracy=3.200000
2023-11-08 13:57:30,628 [INFO]  Epoch[1] Train-cross-entropy=31.688094
2023-11-08 13:57:30,628 [INFO]  Epoch[1] Train-gmrt_on_paper3-accuracy=3.250000
2023-11-08 13:57:30,628 [INFO]  Epoch[1] Time cost=0.012
2023-11-08 13:57:30,630 [INFO]  Saved checkpoint to "./imputer_model/imputer_model_gmrt_on_paper3/model-0001.params"
2023-11-08 13:57:30,631 [INFO]  Epoch[1] Validation-cross-entropy=18.734240
2023-11-08 13:57:30,631 [INFO]  Epoch[1] Validation-gmrt_on_paper3-accuracy=0.000000
2023-11-08 13:57:30,637 [INFO]  Epoch[2] Batch [0-4]	Speed: 13366.30 samples/sec	cross-entropy=4.684603	gmrt_on_paper3-accuracy=3.200000
2023-11-08 13:57:30,641 [INFO]  Epoch[2] Train-cross-entropy=4.800563
2023-11-08 13:57:30,641 [INFO]  Epoch[2] Train-gmrt_on_paper3-accuracy=3.250000
2023-11-08 13:57:30,641 [INFO]  Epoch[2] Time cost=0.010
2023-11-08 13:57:30,643 [INFO]  Saved checkpoint to "./imputer_model/imputer_model_gmrt_on_paper3/model-0002.params"
2023-11-08 13:57:30,643 [INFO]  Epoch[2] Validation-cross-entropy=23.058403
2023-11-08 13:57:30,643 [INFO]  Epoch[2] Validation-gmrt_on_paper3-accuracy=0.000000
2023-11-08 13:57:30,650 [INFO]  Epoch[3] Batch [0-4]	Speed: 12329.96 samples/sec	cross-entropy=2.476214	gmrt_on_paper3-accuracy=3.200000
2023-11-08 13:57:30,655 [INFO]  Epoch[3] Train-cross-entropy=2.888825
2023-11-08 13:57:30,655 [INFO]  Epoch[3] Train-gmrt_on_paper3-accuracy=3.250000
2023-11-08 13:57:30,655 [INFO]  Epoch[3] Time cost=0.011
2023-11-08 13:57:30,658 [INFO]  Saved checkpoint to "./imputer_model/imputer_model_gmrt_on_paper3/model-0003.params"
2023-11-08 13:57:30,659 [INFO]  Epoch[3] Validation-cross-entropy=22.734097
2023-11-08 13:57:30,659 [INFO]  Epoch[3] Validation-gmrt_on_paper3-accuracy=0.000000
2023-11-08 13:57:30,667 [INFO]  Epoch[4] Batch [0-4]	Speed: 11233.49 samples/sec	cross-entropy=1.143829	gmrt_on_paper3-accuracy=3.200000
2023-11-08 13:57:30,670 [INFO]  Epoch[4] Train-cross-entropy=1.675920
2023-11-08 13:57:30,670 [INFO]  Epoch[4] Train-gmrt_on_paper3-accuracy=3.250000
2023-11-08 13:57:30,670 [INFO]  Epoch[4] Time cost=0.011
2023-11-08 13:57:30,673 [INFO]  Saved checkpoint to "./imputer_model/imputer_model_gmrt_on_paper3/model-0004.params"
2023-11-08 13:57:30,673 [INFO]  Epoch[4] Validation-cross-entropy=23.330175
2023-11-08 13:57:30,673 [INFO]  Epoch[4] Validation-gmrt_on_paper3-accuracy=0.000000
2023-11-08 13:57:30,673 [INFO]  
========== done (0.07376623153686523 s) fit model
2023-11-08 14:10:55,035 [INFO]  
========== start: fit model
2023-11-08 14:10:55,035 [WARNING]  Already bound, ignoring bind()
2023-11-08 14:10:55,042 [INFO]  Epoch[0] Batch [0-4]	Speed: 13945.42 samples/sec	cross-entropy=24.768182	gmrt_on_paper3-accuracy=3.400000
2023-11-08 14:10:55,046 [INFO]  Epoch[0] Train-cross-entropy=20.083444
2023-11-08 14:10:55,046 [INFO]  Epoch[0] Train-gmrt_on_paper3-accuracy=3.375000
2023-11-08 14:10:55,046 [INFO]  Epoch[0] Time cost=0.010
2023-11-08 14:10:55,047 [INFO]  Saved checkpoint to "./imputer_model/imputer_model_gmrt_on_paper3/model-0000.params"
2023-11-08 14:10:55,048 [INFO]  Epoch[0] Validation-cross-entropy=25.058743
2023-11-08 14:10:55,048 [INFO]  Epoch[0] Validation-gmrt_on_paper3-accuracy=0.000000
2023-11-08 14:10:55,053 [INFO]  Epoch[1] Batch [0-4]	Speed: 14621.46 samples/sec	cross-entropy=34.316327	gmrt_on_paper3-accuracy=3.400000
2023-11-08 14:10:55,057 [INFO]  Epoch[1] Train-cross-entropy=29.783616
2023-11-08 14:10:55,057 [INFO]  Epoch[1] Train-gmrt_on_paper3-accuracy=3.375000
2023-11-08 14:10:55,057 [INFO]  Epoch[1] Time cost=0.009
2023-11-08 14:10:55,058 [INFO]  Saved checkpoint to "./imputer_model/imputer_model_gmrt_on_paper3/model-0001.params"
2023-11-08 14:10:55,059 [INFO]  Epoch[1] Validation-cross-entropy=10.121533
2023-11-08 14:10:55,059 [INFO]  Epoch[1] Validation-gmrt_on_paper3-accuracy=0.000000
2023-11-08 14:10:55,064 [INFO]  Epoch[2] Batch [0-4]	Speed: 15201.06 samples/sec	cross-entropy=6.381200	gmrt_on_paper3-accuracy=3.400000
2023-11-08 14:10:55,067 [INFO]  Epoch[2] Train-cross-entropy=15.330970
2023-11-08 14:10:55,067 [INFO]  Epoch[2] Train-gmrt_on_paper3-accuracy=3.375000
2023-11-08 14:10:55,067 [INFO]  Epoch[2] Time cost=0.009
2023-11-08 14:10:55,068 [INFO]  Saved checkpoint to "./imputer_model/imputer_model_gmrt_on_paper3/model-0002.params"
2023-11-08 14:10:55,069 [INFO]  Epoch[2] Validation-cross-entropy=8.143395
2023-11-08 14:10:55,069 [INFO]  Epoch[2] Validation-gmrt_on_paper3-accuracy=0.000000
2023-11-08 14:10:55,074 [INFO]  Epoch[3] Batch [0-4]	Speed: 15839.70 samples/sec	cross-entropy=3.959535	gmrt_on_paper3-accuracy=3.400000
2023-11-08 14:10:55,077 [INFO]  Epoch[3] Train-cross-entropy=4.649209
2023-11-08 14:10:55,077 [INFO]  Epoch[3] Train-gmrt_on_paper3-accuracy=3.375000
2023-11-08 14:10:55,077 [INFO]  Epoch[3] Time cost=0.008
2023-11-08 14:10:55,079 [INFO]  Saved checkpoint to "./imputer_model/imputer_model_gmrt_on_paper3/model-0003.params"
2023-11-08 14:10:55,079 [INFO]  Epoch[3] Validation-cross-entropy=6.277320
2023-11-08 14:10:55,079 [INFO]  Epoch[3] Validation-gmrt_on_paper3-accuracy=0.000000
2023-11-08 14:10:55,084 [INFO]  Epoch[4] Batch [0-4]	Speed: 16441.20 samples/sec	cross-entropy=2.942480	gmrt_on_paper3-accuracy=3.400000
2023-11-08 14:10:55,087 [INFO]  Epoch[4] Train-cross-entropy=2.847571
2023-11-08 14:10:55,087 [INFO]  Epoch[4] Train-gmrt_on_paper3-accuracy=3.375000
2023-11-08 14:10:55,087 [INFO]  Epoch[4] Time cost=0.008
2023-11-08 14:10:55,088 [INFO]  Saved checkpoint to "./imputer_model/imputer_model_gmrt_on_paper3/model-0004.params"
2023-11-08 14:10:55,089 [INFO]  Epoch[4] Validation-cross-entropy=5.839501
2023-11-08 14:10:55,089 [INFO]  Epoch[4] Validation-gmrt_on_paper3-accuracy=0.000000
2023-11-08 14:10:55,089 [INFO]  
========== done (0.05425143241882324 s) fit model
2023-11-08 14:24:26,800 [INFO]  
========== start: fit model
2023-11-08 14:24:26,800 [WARNING]  Already bound, ignoring bind()
2023-11-08 14:24:26,809 [INFO]  Epoch[0] Batch [0-4]	Speed: 10220.27 samples/sec	cross-entropy=26.178547	gmrt_on_paper3-accuracy=0.000000
2023-11-08 14:24:26,813 [INFO]  Epoch[0] Train-cross-entropy=21.736101
2023-11-08 14:24:26,814 [INFO]  Epoch[0] Train-gmrt_on_paper3-accuracy=0.000000
2023-11-08 14:24:26,814 [INFO]  Epoch[0] Time cost=0.013
2023-11-08 14:24:26,817 [INFO]  Saved checkpoint to "./imputer_model/imputer_model_gmrt_on_paper3/model-0000.params"
2023-11-08 14:24:26,817 [INFO]  Epoch[0] Validation-cross-entropy=24.840929
2023-11-08 14:24:26,817 [INFO]  Epoch[0] Validation-gmrt_on_paper3-accuracy=0.000000
2023-11-08 14:24:26,823 [INFO]  Epoch[1] Batch [0-4]	Speed: 15080.64 samples/sec	cross-entropy=45.474185	gmrt_on_paper3-accuracy=0.000000
2023-11-08 14:24:26,826 [INFO]  Epoch[1] Train-cross-entropy=34.621664
2023-11-08 14:24:26,827 [INFO]  Epoch[1] Train-gmrt_on_paper3-accuracy=0.000000
2023-11-08 14:24:26,827 [INFO]  Epoch[1] Time cost=0.009
2023-11-08 14:24:26,828 [INFO]  Saved checkpoint to "./imputer_model/imputer_model_gmrt_on_paper3/model-0001.params"
2023-11-08 14:24:26,829 [INFO]  Epoch[1] Validation-cross-entropy=13.248165
2023-11-08 14:24:26,829 [INFO]  Epoch[1] Validation-gmrt_on_paper3-accuracy=0.000000
2023-11-08 14:24:26,833 [INFO]  Epoch[2] Batch [0-4]	Speed: 20467.82 samples/sec	cross-entropy=5.594538	gmrt_on_paper3-accuracy=0.000000
2023-11-08 14:24:26,835 [INFO]  Epoch[2] Train-cross-entropy=4.521830
2023-11-08 14:24:26,835 [INFO]  Epoch[2] Train-gmrt_on_paper3-accuracy=0.000000
2023-11-08 14:24:26,835 [INFO]  Epoch[2] Time cost=0.007
2023-11-08 14:24:26,837 [INFO]  Saved checkpoint to "./imputer_model/imputer_model_gmrt_on_paper3/model-0002.params"
2023-11-08 14:24:26,837 [INFO]  Epoch[2] Validation-cross-entropy=8.830185
2023-11-08 14:24:26,837 [INFO]  Epoch[2] Validation-gmrt_on_paper3-accuracy=0.000000
2023-11-08 14:24:26,842 [INFO]  Epoch[3] Batch [0-4]	Speed: 18246.02 samples/sec	cross-entropy=2.341569	gmrt_on_paper3-accuracy=0.000000
2023-11-08 14:24:26,845 [INFO]  Epoch[3] Train-cross-entropy=2.068191
2023-11-08 14:24:26,845 [INFO]  Epoch[3] Train-gmrt_on_paper3-accuracy=0.000000
2023-11-08 14:24:26,845 [INFO]  Epoch[3] Time cost=0.007
2023-11-08 14:24:26,846 [INFO]  Saved checkpoint to "./imputer_model/imputer_model_gmrt_on_paper3/model-0003.params"
2023-11-08 14:24:26,846 [INFO]  Epoch[3] Validation-cross-entropy=15.565799
2023-11-08 14:24:26,847 [INFO]  Epoch[3] Validation-gmrt_on_paper3-accuracy=0.000000
2023-11-08 14:24:26,851 [INFO]  Epoch[4] Batch [0-4]	Speed: 17606.94 samples/sec	cross-entropy=1.260408	gmrt_on_paper3-accuracy=0.000000
2023-11-08 14:24:26,854 [INFO]  Epoch[4] Train-cross-entropy=1.049479
2023-11-08 14:24:26,854 [INFO]  Epoch[4] Train-gmrt_on_paper3-accuracy=0.000000
2023-11-08 14:24:26,854 [INFO]  Epoch[4] Time cost=0.008
2023-11-08 14:24:26,855 [INFO]  Saved checkpoint to "./imputer_model/imputer_model_gmrt_on_paper3/model-0004.params"
2023-11-08 14:24:26,856 [INFO]  Epoch[4] Validation-cross-entropy=16.331654
2023-11-08 14:24:26,856 [INFO]  Epoch[4] Validation-gmrt_on_paper3-accuracy=0.000000
2023-11-08 14:24:26,856 [INFO]  
========== done (0.05591773986816406 s) fit model
2023-11-08 14:38:19,546 [INFO]  
========== start: fit model
2023-11-08 14:38:19,546 [WARNING]  Already bound, ignoring bind()
2023-11-08 14:38:19,554 [INFO]  Epoch[0] Batch [0-4]	Speed: 11543.63 samples/sec	cross-entropy=19.056550	gmrt_on_paper3-accuracy=0.000000
2023-11-08 14:38:19,560 [INFO]  Epoch[0] Train-cross-entropy=21.778621
2023-11-08 14:38:19,560 [INFO]  Epoch[0] Train-gmrt_on_paper3-accuracy=0.000000
2023-11-08 14:38:19,560 [INFO]  Epoch[0] Time cost=0.013
2023-11-08 14:38:19,564 [INFO]  Saved checkpoint to "./imputer_model/imputer_model_gmrt_on_paper3/model-0000.params"
2023-11-08 14:38:19,565 [INFO]  Epoch[0] Validation-cross-entropy=23.417849
2023-11-08 14:38:19,565 [INFO]  Epoch[0] Validation-gmrt_on_paper3-accuracy=0.000000
2023-11-08 14:38:19,573 [INFO]  Epoch[1] Batch [0-4]	Speed: 11191.34 samples/sec	cross-entropy=41.923987	gmrt_on_paper3-accuracy=0.000000
2023-11-08 14:38:19,577 [INFO]  Epoch[1] Train-cross-entropy=39.270645
2023-11-08 14:38:19,577 [INFO]  Epoch[1] Train-gmrt_on_paper3-accuracy=0.000000
2023-11-08 14:38:19,577 [INFO]  Epoch[1] Time cost=0.012
2023-11-08 14:38:19,580 [INFO]  Saved checkpoint to "./imputer_model/imputer_model_gmrt_on_paper3/model-0001.params"
2023-11-08 14:38:19,580 [INFO]  Epoch[1] Validation-cross-entropy=40.933563
2023-11-08 14:38:19,581 [INFO]  Epoch[1] Validation-gmrt_on_paper3-accuracy=0.000000
2023-11-08 14:38:19,587 [INFO]  Epoch[2] Batch [0-4]	Speed: 13470.27 samples/sec	cross-entropy=12.043540	gmrt_on_paper3-accuracy=0.000000
2023-11-08 14:38:19,590 [INFO]  Epoch[2] Train-cross-entropy=9.433034
2023-11-08 14:38:19,591 [INFO]  Epoch[2] Train-gmrt_on_paper3-accuracy=0.000000
2023-11-08 14:38:19,591 [INFO]  Epoch[2] Time cost=0.010
2023-11-08 14:38:19,592 [INFO]  Saved checkpoint to "./imputer_model/imputer_model_gmrt_on_paper3/model-0002.params"
2023-11-08 14:38:19,593 [INFO]  Epoch[2] Validation-cross-entropy=19.311670
2023-11-08 14:38:19,593 [INFO]  Epoch[2] Validation-gmrt_on_paper3-accuracy=0.000000
2023-11-08 14:38:19,599 [INFO]  Epoch[3] Batch [0-4]	Speed: 14066.73 samples/sec	cross-entropy=4.364412	gmrt_on_paper3-accuracy=0.000000
2023-11-08 14:38:19,602 [INFO]  Epoch[3] Train-cross-entropy=3.750367
2023-11-08 14:38:19,602 [INFO]  Epoch[3] Train-gmrt_on_paper3-accuracy=0.000000
2023-11-08 14:38:19,603 [INFO]  Epoch[3] Time cost=0.009
2023-11-08 14:38:19,604 [INFO]  Saved checkpoint to "./imputer_model/imputer_model_gmrt_on_paper3/model-0003.params"
2023-11-08 14:38:19,605 [INFO]  Epoch[3] Validation-cross-entropy=27.322718
2023-11-08 14:38:19,605 [INFO]  Epoch[3] Validation-gmrt_on_paper3-accuracy=0.000000
2023-11-08 14:38:19,610 [INFO]  Epoch[4] Batch [0-4]	Speed: 14317.32 samples/sec	cross-entropy=2.113917	gmrt_on_paper3-accuracy=0.000000
2023-11-08 14:38:19,614 [INFO]  Epoch[4] Train-cross-entropy=1.792652
2023-11-08 14:38:19,614 [INFO]  Epoch[4] Train-gmrt_on_paper3-accuracy=0.000000
2023-11-08 14:38:19,614 [INFO]  Epoch[4] Time cost=0.009
2023-11-08 14:38:19,615 [INFO]  Saved checkpoint to "./imputer_model/imputer_model_gmrt_on_paper3/model-0004.params"
2023-11-08 14:38:19,616 [INFO]  Epoch[4] Validation-cross-entropy=21.433504
2023-11-08 14:38:19,616 [INFO]  Epoch[4] Validation-gmrt_on_paper3-accuracy=0.000000
2023-11-08 14:38:19,616 [INFO]  
========== done (0.07026839256286621 s) fit model
2023-11-08 14:52:25,342 [INFO]  
========== start: fit model
2023-11-08 14:52:25,342 [WARNING]  Already bound, ignoring bind()
2023-11-08 14:52:25,349 [INFO]  Epoch[0] Batch [0-4]	Speed: 13810.54 samples/sec	cross-entropy=18.529095	gmrt_on_paper3-accuracy=4.400000
2023-11-08 14:52:25,353 [INFO]  Epoch[0] Train-cross-entropy=23.141129
2023-11-08 14:52:25,353 [INFO]  Epoch[0] Train-gmrt_on_paper3-accuracy=3.625000
2023-11-08 14:52:25,353 [INFO]  Epoch[0] Time cost=0.010
2023-11-08 14:52:25,354 [INFO]  Saved checkpoint to "./imputer_model/imputer_model_gmrt_on_paper3/model-0000.params"
2023-11-08 14:52:25,355 [INFO]  Epoch[0] Validation-cross-entropy=22.248383
2023-11-08 14:52:25,355 [INFO]  Epoch[0] Validation-gmrt_on_paper3-accuracy=0.000000
2023-11-08 14:52:25,360 [INFO]  Epoch[1] Batch [0-4]	Speed: 15251.15 samples/sec	cross-entropy=40.389224	gmrt_on_paper3-accuracy=4.400000
2023-11-08 14:52:25,363 [INFO]  Epoch[1] Train-cross-entropy=30.557910
2023-11-08 14:52:25,364 [INFO]  Epoch[1] Train-gmrt_on_paper3-accuracy=3.625000
2023-11-08 14:52:25,364 [INFO]  Epoch[1] Time cost=0.009
2023-11-08 14:52:25,365 [INFO]  Saved checkpoint to "./imputer_model/imputer_model_gmrt_on_paper3/model-0001.params"
2023-11-08 14:52:25,365 [INFO]  Epoch[1] Validation-cross-entropy=33.509079
2023-11-08 14:52:25,366 [INFO]  Epoch[1] Validation-gmrt_on_paper3-accuracy=0.000000
2023-11-08 14:52:25,370 [INFO]  Epoch[2] Batch [0-4]	Speed: 16718.70 samples/sec	cross-entropy=4.839480	gmrt_on_paper3-accuracy=4.400000
2023-11-08 14:52:25,373 [INFO]  Epoch[2] Train-cross-entropy=4.208759
2023-11-08 14:52:25,373 [INFO]  Epoch[2] Train-gmrt_on_paper3-accuracy=3.625000
2023-11-08 14:52:25,373 [INFO]  Epoch[2] Time cost=0.008
2023-11-08 14:52:25,375 [INFO]  Saved checkpoint to "./imputer_model/imputer_model_gmrt_on_paper3/model-0002.params"
2023-11-08 14:52:25,375 [INFO]  Epoch[2] Validation-cross-entropy=34.128372
2023-11-08 14:52:25,375 [INFO]  Epoch[2] Validation-gmrt_on_paper3-accuracy=0.000000
2023-11-08 14:52:25,380 [INFO]  Epoch[3] Batch [0-4]	Speed: 15475.35 samples/sec	cross-entropy=3.139322	gmrt_on_paper3-accuracy=4.400000
2023-11-08 14:52:25,385 [INFO]  Epoch[3] Train-cross-entropy=2.481174
2023-11-08 14:52:25,385 [INFO]  Epoch[3] Train-gmrt_on_paper3-accuracy=3.625000
2023-11-08 14:52:25,386 [INFO]  Epoch[3] Time cost=0.010
2023-11-08 14:52:25,389 [INFO]  Saved checkpoint to "./imputer_model/imputer_model_gmrt_on_paper3/model-0003.params"
2023-11-08 14:52:25,390 [INFO]  Epoch[3] Validation-cross-entropy=29.820005
2023-11-08 14:52:25,390 [INFO]  Epoch[3] Validation-gmrt_on_paper3-accuracy=0.000000
2023-11-08 14:52:25,397 [INFO]  Epoch[4] Batch [0-4]	Speed: 11148.11 samples/sec	cross-entropy=1.129246	gmrt_on_paper3-accuracy=4.400000
2023-11-08 14:52:25,401 [INFO]  Epoch[4] Train-cross-entropy=0.868108
2023-11-08 14:52:25,401 [INFO]  Epoch[4] Train-gmrt_on_paper3-accuracy=3.625000
2023-11-08 14:52:25,401 [INFO]  Epoch[4] Time cost=0.011
2023-11-08 14:52:25,403 [INFO]  Saved checkpoint to "./imputer_model/imputer_model_gmrt_on_paper3/model-0004.params"
2023-11-08 14:52:25,404 [INFO]  Epoch[4] Validation-cross-entropy=29.334995
2023-11-08 14:52:25,404 [INFO]  Epoch[4] Validation-gmrt_on_paper3-accuracy=0.000000
2023-11-08 14:52:25,404 [INFO]  
========== done (0.061679840087890625 s) fit model
