2023-11-08 12:50:10,694 [INFO]  
========== start: fit model
2023-11-08 12:50:10,694 [WARNING]  Already bound, ignoring bind()
2023-11-08 12:50:11,902 [INFO]  Epoch[0] Batch [0-4]	Speed: 295.73 samples/sec	cross-entropy=18.702739	gmrt_in_air21-accuracy=0.000000
2023-11-08 12:50:11,909 [INFO]  Epoch[0] Train-cross-entropy=21.719009
2023-11-08 12:50:11,909 [INFO]  Epoch[0] Train-gmrt_in_air21-accuracy=0.000000
2023-11-08 12:50:11,909 [INFO]  Epoch[0] Time cost=1.214
2023-11-08 12:50:11,911 [INFO]  Saved checkpoint to "./imputer_model/imputer_model_gmrt_in_air21/model-0000.params"
2023-11-08 12:50:11,915 [INFO]  Epoch[0] Validation-cross-entropy=21.069071
2023-11-08 12:50:11,915 [INFO]  Epoch[0] Validation-gmrt_in_air21-accuracy=0.000000
2023-11-08 12:50:11,949 [INFO]  Epoch[1] Batch [0-4]	Speed: 2037.15 samples/sec	cross-entropy=52.635635	gmrt_in_air21-accuracy=0.000000
2023-11-08 12:50:12,081 [INFO]  Epoch[1] Train-cross-entropy=40.746532
2023-11-08 12:50:12,082 [INFO]  Epoch[1] Train-gmrt_in_air21-accuracy=0.000000
2023-11-08 12:50:12,082 [INFO]  Epoch[1] Time cost=0.166
2023-11-08 12:50:12,084 [INFO]  Saved checkpoint to "./imputer_model/imputer_model_gmrt_in_air21/model-0001.params"
2023-11-08 12:50:12,085 [INFO]  Epoch[1] Validation-cross-entropy=22.950020
2023-11-08 12:50:12,085 [INFO]  Epoch[1] Validation-gmrt_in_air21-accuracy=0.000000
2023-11-08 12:50:12,098 [INFO]  Epoch[2] Batch [0-4]	Speed: 6396.96 samples/sec	cross-entropy=3.660006	gmrt_in_air21-accuracy=0.000000
2023-11-08 12:50:12,172 [INFO]  Epoch[2] Train-cross-entropy=3.502874
2023-11-08 12:50:12,172 [INFO]  Epoch[2] Train-gmrt_in_air21-accuracy=0.000000
2023-11-08 12:50:12,172 [INFO]  Epoch[2] Time cost=0.086
2023-11-08 12:50:12,174 [INFO]  Saved checkpoint to "./imputer_model/imputer_model_gmrt_in_air21/model-0002.params"
2023-11-08 12:50:12,177 [INFO]  Epoch[2] Validation-cross-entropy=15.404308
2023-11-08 12:50:12,177 [INFO]  Epoch[2] Validation-gmrt_in_air21-accuracy=0.000000
2023-11-08 12:50:12,271 [INFO]  Epoch[3] Batch [0-4]	Speed: 9183.25 samples/sec	cross-entropy=2.772292	gmrt_in_air21-accuracy=0.000000
2023-11-08 12:50:12,277 [INFO]  Epoch[3] Train-cross-entropy=2.656967
2023-11-08 12:50:12,277 [INFO]  Epoch[3] Train-gmrt_in_air21-accuracy=0.000000
2023-11-08 12:50:12,278 [INFO]  Epoch[3] Time cost=0.100
2023-11-08 12:50:12,281 [INFO]  Saved checkpoint to "./imputer_model/imputer_model_gmrt_in_air21/model-0003.params"
2023-11-08 12:50:12,418 [INFO]  Epoch[3] Validation-cross-entropy=12.691821
2023-11-08 12:50:12,418 [INFO]  Epoch[3] Validation-gmrt_in_air21-accuracy=0.000000
2023-11-08 12:50:12,449 [INFO]  Epoch[4] Batch [0-4]	Speed: 3486.54 samples/sec	cross-entropy=1.115538	gmrt_in_air21-accuracy=0.000000
2023-11-08 12:50:12,455 [INFO]  Epoch[4] Train-cross-entropy=0.989754
2023-11-08 12:50:12,455 [INFO]  Epoch[4] Train-gmrt_in_air21-accuracy=0.000000
2023-11-08 12:50:12,455 [INFO]  Epoch[4] Time cost=0.037
2023-11-08 12:50:12,458 [INFO]  Saved checkpoint to "./imputer_model/imputer_model_gmrt_in_air21/model-0004.params"
2023-11-08 12:50:12,464 [INFO]  Epoch[4] Validation-cross-entropy=17.203011
2023-11-08 12:50:12,464 [INFO]  Epoch[4] Validation-gmrt_in_air21-accuracy=0.000000
2023-11-08 12:50:12,464 [INFO]  
========== done (1.7699787616729736 s) fit model
2023-11-08 13:09:02,172 [INFO]  
========== start: fit model
2023-11-08 13:09:02,172 [WARNING]  Already bound, ignoring bind()
2023-11-08 13:09:02,179 [INFO]  Epoch[0] Batch [0-4]	Speed: 14233.81 samples/sec	cross-entropy=15.187713	gmrt_in_air21-accuracy=0.000000
2023-11-08 13:09:02,184 [INFO]  Epoch[0] Train-cross-entropy=16.392448
2023-11-08 13:09:02,184 [INFO]  Epoch[0] Train-gmrt_in_air21-accuracy=0.000000
2023-11-08 13:09:02,184 [INFO]  Epoch[0] Time cost=0.011
2023-11-08 13:09:02,185 [INFO]  Saved checkpoint to "./imputer_model/imputer_model_gmrt_in_air21/model-0000.params"
2023-11-08 13:09:02,186 [INFO]  Epoch[0] Validation-cross-entropy=23.573845
2023-11-08 13:09:02,186 [INFO]  Epoch[0] Validation-gmrt_in_air21-accuracy=0.000000
2023-11-08 13:09:02,191 [INFO]  Epoch[1] Batch [0-4]	Speed: 14984.67 samples/sec	cross-entropy=47.638643	gmrt_in_air21-accuracy=0.000000
2023-11-08 13:09:02,194 [INFO]  Epoch[1] Train-cross-entropy=38.393386
2023-11-08 13:09:02,195 [INFO]  Epoch[1] Train-gmrt_in_air21-accuracy=0.000000
2023-11-08 13:09:02,195 [INFO]  Epoch[1] Time cost=0.009
2023-11-08 13:09:02,196 [INFO]  Saved checkpoint to "./imputer_model/imputer_model_gmrt_in_air21/model-0001.params"
2023-11-08 13:09:02,197 [INFO]  Epoch[1] Validation-cross-entropy=14.270475
2023-11-08 13:09:02,197 [INFO]  Epoch[1] Validation-gmrt_in_air21-accuracy=0.000000
2023-11-08 13:09:02,202 [INFO]  Epoch[2] Batch [0-4]	Speed: 14486.53 samples/sec	cross-entropy=10.535315	gmrt_in_air21-accuracy=0.000000
2023-11-08 13:09:02,206 [INFO]  Epoch[2] Train-cross-entropy=9.992261
2023-11-08 13:09:02,206 [INFO]  Epoch[2] Train-gmrt_in_air21-accuracy=0.000000
2023-11-08 13:09:02,206 [INFO]  Epoch[2] Time cost=0.009
2023-11-08 13:09:02,207 [INFO]  Saved checkpoint to "./imputer_model/imputer_model_gmrt_in_air21/model-0002.params"
2023-11-08 13:09:02,208 [INFO]  Epoch[2] Validation-cross-entropy=12.784156
2023-11-08 13:09:02,208 [INFO]  Epoch[2] Validation-gmrt_in_air21-accuracy=0.000000
2023-11-08 13:09:02,213 [INFO]  Epoch[3] Batch [0-4]	Speed: 14532.02 samples/sec	cross-entropy=5.329196	gmrt_in_air21-accuracy=0.000000
2023-11-08 13:09:02,216 [INFO]  Epoch[3] Train-cross-entropy=6.644904
2023-11-08 13:09:02,216 [INFO]  Epoch[3] Train-gmrt_in_air21-accuracy=0.000000
2023-11-08 13:09:02,217 [INFO]  Epoch[3] Time cost=0.009
2023-11-08 13:09:02,226 [INFO]  Saved checkpoint to "./imputer_model/imputer_model_gmrt_in_air21/model-0003.params"
2023-11-08 13:09:02,227 [INFO]  Epoch[3] Validation-cross-entropy=10.141645
2023-11-08 13:09:02,227 [INFO]  Epoch[3] Validation-gmrt_in_air21-accuracy=0.000000
2023-11-08 13:09:02,233 [INFO]  Epoch[4] Batch [0-4]	Speed: 13693.59 samples/sec	cross-entropy=2.882815	gmrt_in_air21-accuracy=0.000000
2023-11-08 13:09:02,237 [INFO]  Epoch[4] Train-cross-entropy=4.077204
2023-11-08 13:09:02,237 [INFO]  Epoch[4] Train-gmrt_in_air21-accuracy=0.000000
2023-11-08 13:09:02,237 [INFO]  Epoch[4] Time cost=0.010
2023-11-08 13:09:02,239 [INFO]  Saved checkpoint to "./imputer_model/imputer_model_gmrt_in_air21/model-0004.params"
2023-11-08 13:09:02,240 [INFO]  Epoch[4] Validation-cross-entropy=9.961501
2023-11-08 13:09:02,240 [INFO]  Epoch[4] Validation-gmrt_in_air21-accuracy=0.000000
2023-11-08 13:09:02,240 [INFO]  
========== done (0.06808257102966309 s) fit model
2023-11-08 13:22:21,795 [INFO]  
========== start: fit model
2023-11-08 13:22:21,795 [WARNING]  Already bound, ignoring bind()
2023-11-08 13:22:21,803 [INFO]  Epoch[0] Batch [0-4]	Speed: 10834.93 samples/sec	cross-entropy=19.837720	gmrt_in_air21-accuracy=0.000000
2023-11-08 13:22:21,808 [INFO]  Epoch[0] Train-cross-entropy=22.884540
2023-11-08 13:22:21,808 [INFO]  Epoch[0] Train-gmrt_in_air21-accuracy=0.000000
2023-11-08 13:22:21,808 [INFO]  Epoch[0] Time cost=0.013
2023-11-08 13:22:21,811 [INFO]  Saved checkpoint to "./imputer_model/imputer_model_gmrt_in_air21/model-0000.params"
2023-11-08 13:22:21,812 [INFO]  Epoch[0] Validation-cross-entropy=19.163458
2023-11-08 13:22:21,812 [INFO]  Epoch[0] Validation-gmrt_in_air21-accuracy=0.000000
2023-11-08 13:22:21,818 [INFO]  Epoch[1] Batch [0-4]	Speed: 15559.67 samples/sec	cross-entropy=47.222288	gmrt_in_air21-accuracy=0.000000
2023-11-08 13:22:21,821 [INFO]  Epoch[1] Train-cross-entropy=41.988436
2023-11-08 13:22:21,821 [INFO]  Epoch[1] Train-gmrt_in_air21-accuracy=0.000000
2023-11-08 13:22:21,821 [INFO]  Epoch[1] Time cost=0.009
2023-11-08 13:22:21,823 [INFO]  Saved checkpoint to "./imputer_model/imputer_model_gmrt_in_air21/model-0001.params"
2023-11-08 13:22:21,824 [INFO]  Epoch[1] Validation-cross-entropy=4.978596
2023-11-08 13:22:21,824 [INFO]  Epoch[1] Validation-gmrt_in_air21-accuracy=0.000000
2023-11-08 13:22:21,828 [INFO]  Epoch[2] Batch [0-4]	Speed: 20746.23 samples/sec	cross-entropy=7.147169	gmrt_in_air21-accuracy=0.000000
2023-11-08 13:22:21,831 [INFO]  Epoch[2] Train-cross-entropy=7.741874
2023-11-08 13:22:21,831 [INFO]  Epoch[2] Train-gmrt_in_air21-accuracy=0.000000
2023-11-08 13:22:21,831 [INFO]  Epoch[2] Time cost=0.007
2023-11-08 13:22:21,833 [INFO]  Saved checkpoint to "./imputer_model/imputer_model_gmrt_in_air21/model-0002.params"
2023-11-08 13:22:21,833 [INFO]  Epoch[2] Validation-cross-entropy=16.013693
2023-11-08 13:22:21,833 [INFO]  Epoch[2] Validation-gmrt_in_air21-accuracy=0.000000
2023-11-08 13:22:21,839 [INFO]  Epoch[3] Batch [0-4]	Speed: 14797.99 samples/sec	cross-entropy=5.124152	gmrt_in_air21-accuracy=0.000000
2023-11-08 13:22:21,842 [INFO]  Epoch[3] Train-cross-entropy=3.623714
2023-11-08 13:22:21,842 [INFO]  Epoch[3] Train-gmrt_in_air21-accuracy=0.000000
2023-11-08 13:22:21,842 [INFO]  Epoch[3] Time cost=0.009
2023-11-08 13:22:21,843 [INFO]  Saved checkpoint to "./imputer_model/imputer_model_gmrt_in_air21/model-0003.params"
2023-11-08 13:22:21,844 [INFO]  Epoch[3] Validation-cross-entropy=6.982721
2023-11-08 13:22:21,844 [INFO]  Epoch[3] Validation-gmrt_in_air21-accuracy=0.000000
2023-11-08 13:22:21,850 [INFO]  Epoch[4] Batch [0-4]	Speed: 13060.65 samples/sec	cross-entropy=1.898447	gmrt_in_air21-accuracy=0.000000
2023-11-08 13:22:21,854 [INFO]  Epoch[4] Train-cross-entropy=1.486526
2023-11-08 13:22:21,854 [INFO]  Epoch[4] Train-gmrt_in_air21-accuracy=0.000000
2023-11-08 13:22:21,854 [INFO]  Epoch[4] Time cost=0.011
2023-11-08 13:22:21,857 [INFO]  Saved checkpoint to "./imputer_model/imputer_model_gmrt_in_air21/model-0004.params"
2023-11-08 13:22:21,858 [INFO]  Epoch[4] Validation-cross-entropy=4.456174
2023-11-08 13:22:21,859 [INFO]  Epoch[4] Validation-gmrt_in_air21-accuracy=0.000000
2023-11-08 13:22:21,859 [INFO]  
========== done (0.0638132095336914 s) fit model
2023-11-08 13:35:42,295 [INFO]  
========== start: fit model
2023-11-08 13:35:42,295 [WARNING]  Already bound, ignoring bind()
2023-11-08 13:35:42,302 [INFO]  Epoch[0] Batch [0-4]	Speed: 13767.33 samples/sec	cross-entropy=16.100201	gmrt_in_air21-accuracy=0.000000
2023-11-08 13:35:42,305 [INFO]  Epoch[0] Train-cross-entropy=18.194162
2023-11-08 13:35:42,305 [INFO]  Epoch[0] Train-gmrt_in_air21-accuracy=0.000000
2023-11-08 13:35:42,305 [INFO]  Epoch[0] Time cost=0.010
2023-11-08 13:35:42,307 [INFO]  Saved checkpoint to "./imputer_model/imputer_model_gmrt_in_air21/model-0000.params"
2023-11-08 13:35:42,307 [INFO]  Epoch[0] Validation-cross-entropy=8.387091
2023-11-08 13:35:42,307 [INFO]  Epoch[0] Validation-gmrt_in_air21-accuracy=0.000000
2023-11-08 13:35:42,313 [INFO]  Epoch[1] Batch [0-4]	Speed: 15062.03 samples/sec	cross-entropy=31.176430	gmrt_in_air21-accuracy=0.000000
2023-11-08 13:35:42,316 [INFO]  Epoch[1] Train-cross-entropy=28.314946
2023-11-08 13:35:42,316 [INFO]  Epoch[1] Train-gmrt_in_air21-accuracy=0.000000
2023-11-08 13:35:42,316 [INFO]  Epoch[1] Time cost=0.009
2023-11-08 13:35:42,317 [INFO]  Saved checkpoint to "./imputer_model/imputer_model_gmrt_in_air21/model-0001.params"
2023-11-08 13:35:42,318 [INFO]  Epoch[1] Validation-cross-entropy=9.640184
2023-11-08 13:35:42,318 [INFO]  Epoch[1] Validation-gmrt_in_air21-accuracy=0.000000
2023-11-08 13:35:42,323 [INFO]  Epoch[2] Batch [0-4]	Speed: 15366.39 samples/sec	cross-entropy=9.603008	gmrt_in_air21-accuracy=0.000000
2023-11-08 13:35:42,326 [INFO]  Epoch[2] Train-cross-entropy=7.709619
2023-11-08 13:35:42,326 [INFO]  Epoch[2] Train-gmrt_in_air21-accuracy=0.000000
2023-11-08 13:35:42,326 [INFO]  Epoch[2] Time cost=0.008
2023-11-08 13:35:42,328 [INFO]  Saved checkpoint to "./imputer_model/imputer_model_gmrt_in_air21/model-0002.params"
2023-11-08 13:35:42,328 [INFO]  Epoch[2] Validation-cross-entropy=3.215806
2023-11-08 13:35:42,328 [INFO]  Epoch[2] Validation-gmrt_in_air21-accuracy=0.000000
2023-11-08 13:35:42,333 [INFO]  Epoch[3] Batch [0-4]	Speed: 16555.78 samples/sec	cross-entropy=2.491045	gmrt_in_air21-accuracy=0.000000
2023-11-08 13:35:42,336 [INFO]  Epoch[3] Train-cross-entropy=3.341516
2023-11-08 13:35:42,336 [INFO]  Epoch[3] Train-gmrt_in_air21-accuracy=0.000000
2023-11-08 13:35:42,336 [INFO]  Epoch[3] Time cost=0.008
2023-11-08 13:35:42,337 [INFO]  Saved checkpoint to "./imputer_model/imputer_model_gmrt_in_air21/model-0003.params"
2023-11-08 13:35:42,338 [INFO]  Epoch[3] Validation-cross-entropy=3.997887
2023-11-08 13:35:42,338 [INFO]  Epoch[3] Validation-gmrt_in_air21-accuracy=0.000000
2023-11-08 13:35:42,345 [INFO]  Epoch[4] Batch [0-4]	Speed: 9853.01 samples/sec	cross-entropy=1.013700	gmrt_in_air21-accuracy=0.000000
2023-11-08 13:35:42,350 [INFO]  Epoch[4] Train-cross-entropy=1.048914
2023-11-08 13:35:42,350 [INFO]  Epoch[4] Train-gmrt_in_air21-accuracy=0.000000
2023-11-08 13:35:42,350 [INFO]  Epoch[4] Time cost=0.013
2023-11-08 13:35:42,354 [INFO]  Saved checkpoint to "./imputer_model/imputer_model_gmrt_in_air21/model-0004.params"
2023-11-08 13:35:42,355 [INFO]  Epoch[4] Validation-cross-entropy=3.505633
2023-11-08 13:35:42,356 [INFO]  Epoch[4] Validation-gmrt_in_air21-accuracy=0.000000
2023-11-08 13:35:42,356 [INFO]  
========== done (0.061179399490356445 s) fit model
2023-11-08 13:49:02,555 [INFO]  
========== start: fit model
2023-11-08 13:49:02,556 [WARNING]  Already bound, ignoring bind()
2023-11-08 13:49:02,562 [INFO]  Epoch[0] Batch [0-4]	Speed: 14092.58 samples/sec	cross-entropy=20.598963	gmrt_in_air21-accuracy=0.000000
2023-11-08 13:49:02,566 [INFO]  Epoch[0] Train-cross-entropy=19.494845
2023-11-08 13:49:02,566 [INFO]  Epoch[0] Train-gmrt_in_air21-accuracy=0.000000
2023-11-08 13:49:02,566 [INFO]  Epoch[0] Time cost=0.010
2023-11-08 13:49:02,567 [INFO]  Saved checkpoint to "./imputer_model/imputer_model_gmrt_in_air21/model-0000.params"
2023-11-08 13:49:02,568 [INFO]  Epoch[0] Validation-cross-entropy=22.993952
2023-11-08 13:49:02,568 [INFO]  Epoch[0] Validation-gmrt_in_air21-accuracy=0.000000
2023-11-08 13:49:02,573 [INFO]  Epoch[1] Batch [0-4]	Speed: 14915.57 samples/sec	cross-entropy=38.373333	gmrt_in_air21-accuracy=0.000000
2023-11-08 13:49:02,577 [INFO]  Epoch[1] Train-cross-entropy=32.523296
2023-11-08 13:49:02,577 [INFO]  Epoch[1] Train-gmrt_in_air21-accuracy=0.000000
2023-11-08 13:49:02,577 [INFO]  Epoch[1] Time cost=0.009
2023-11-08 13:49:02,578 [INFO]  Saved checkpoint to "./imputer_model/imputer_model_gmrt_in_air21/model-0001.params"
2023-11-08 13:49:02,578 [INFO]  Epoch[1] Validation-cross-entropy=14.026399
2023-11-08 13:49:02,579 [INFO]  Epoch[1] Validation-gmrt_in_air21-accuracy=0.000000
2023-11-08 13:49:02,584 [INFO]  Epoch[2] Batch [0-4]	Speed: 16335.15 samples/sec	cross-entropy=7.177796	gmrt_in_air21-accuracy=0.000000
2023-11-08 13:49:02,586 [INFO]  Epoch[2] Train-cross-entropy=6.353503
2023-11-08 13:49:02,587 [INFO]  Epoch[2] Train-gmrt_in_air21-accuracy=0.000000
2023-11-08 13:49:02,587 [INFO]  Epoch[2] Time cost=0.008
2023-11-08 13:49:02,588 [INFO]  Saved checkpoint to "./imputer_model/imputer_model_gmrt_in_air21/model-0002.params"
2023-11-08 13:49:02,588 [INFO]  Epoch[2] Validation-cross-entropy=12.267308
2023-11-08 13:49:02,588 [INFO]  Epoch[2] Validation-gmrt_in_air21-accuracy=0.000000
2023-11-08 13:49:02,593 [INFO]  Epoch[3] Batch [0-4]	Speed: 17446.73 samples/sec	cross-entropy=2.862299	gmrt_in_air21-accuracy=0.000000
2023-11-08 13:49:02,596 [INFO]  Epoch[3] Train-cross-entropy=3.744178
2023-11-08 13:49:02,596 [INFO]  Epoch[3] Train-gmrt_in_air21-accuracy=0.000000
2023-11-08 13:49:02,596 [INFO]  Epoch[3] Time cost=0.008
2023-11-08 13:49:02,597 [INFO]  Saved checkpoint to "./imputer_model/imputer_model_gmrt_in_air21/model-0003.params"
2023-11-08 13:49:02,598 [INFO]  Epoch[3] Validation-cross-entropy=13.379415
2023-11-08 13:49:02,598 [INFO]  Epoch[3] Validation-gmrt_in_air21-accuracy=0.000000
2023-11-08 13:49:02,605 [INFO]  Epoch[4] Batch [0-4]	Speed: 9650.40 samples/sec	cross-entropy=1.828605	gmrt_in_air21-accuracy=0.000000
2023-11-08 13:49:02,610 [INFO]  Epoch[4] Train-cross-entropy=2.567164
2023-11-08 13:49:02,610 [INFO]  Epoch[4] Train-gmrt_in_air21-accuracy=0.000000
2023-11-08 13:49:02,610 [INFO]  Epoch[4] Time cost=0.013
2023-11-08 13:49:02,614 [INFO]  Saved checkpoint to "./imputer_model/imputer_model_gmrt_in_air21/model-0004.params"
2023-11-08 13:49:02,615 [INFO]  Epoch[4] Validation-cross-entropy=15.179787
2023-11-08 13:49:02,615 [INFO]  Epoch[4] Validation-gmrt_in_air21-accuracy=0.000000
2023-11-08 13:49:02,615 [INFO]  
========== done (0.05952119827270508 s) fit model
2023-11-08 14:02:25,506 [INFO]  
========== start: fit model
2023-11-08 14:02:25,506 [WARNING]  Already bound, ignoring bind()
2023-11-08 14:02:25,514 [INFO]  Epoch[0] Batch [0-4]	Speed: 11283.07 samples/sec	cross-entropy=19.801853	gmrt_in_air21-accuracy=0.000000
2023-11-08 14:02:25,519 [INFO]  Epoch[0] Train-cross-entropy=19.826379
2023-11-08 14:02:25,520 [INFO]  Epoch[0] Train-gmrt_in_air21-accuracy=0.000000
2023-11-08 14:02:25,520 [INFO]  Epoch[0] Time cost=0.013
2023-11-08 14:02:25,523 [INFO]  Saved checkpoint to "./imputer_model/imputer_model_gmrt_in_air21/model-0000.params"
2023-11-08 14:02:25,524 [INFO]  Epoch[0] Validation-cross-entropy=29.382244
2023-11-08 14:02:25,524 [INFO]  Epoch[0] Validation-gmrt_in_air21-accuracy=0.000000
2023-11-08 14:02:25,532 [INFO]  Epoch[1] Batch [0-4]	Speed: 11075.44 samples/sec	cross-entropy=29.522680	gmrt_in_air21-accuracy=0.000000
2023-11-08 14:02:25,537 [INFO]  Epoch[1] Train-cross-entropy=28.097208
2023-11-08 14:02:25,537 [INFO]  Epoch[1] Train-gmrt_in_air21-accuracy=0.000000
2023-11-08 14:02:25,537 [INFO]  Epoch[1] Time cost=0.013
2023-11-08 14:02:25,540 [INFO]  Saved checkpoint to "./imputer_model/imputer_model_gmrt_in_air21/model-0001.params"
2023-11-08 14:02:25,541 [INFO]  Epoch[1] Validation-cross-entropy=16.464897
2023-11-08 14:02:25,541 [INFO]  Epoch[1] Validation-gmrt_in_air21-accuracy=0.000000
2023-11-08 14:02:25,547 [INFO]  Epoch[2] Batch [0-4]	Speed: 13044.14 samples/sec	cross-entropy=5.644366	gmrt_in_air21-accuracy=0.000000
2023-11-08 14:02:25,551 [INFO]  Epoch[2] Train-cross-entropy=6.009661
2023-11-08 14:02:25,551 [INFO]  Epoch[2] Train-gmrt_in_air21-accuracy=0.000000
2023-11-08 14:02:25,551 [INFO]  Epoch[2] Time cost=0.010
2023-11-08 14:02:25,553 [INFO]  Saved checkpoint to "./imputer_model/imputer_model_gmrt_in_air21/model-0002.params"
2023-11-08 14:02:25,554 [INFO]  Epoch[2] Validation-cross-entropy=13.499067
2023-11-08 14:02:25,554 [INFO]  Epoch[2] Validation-gmrt_in_air21-accuracy=0.000000
2023-11-08 14:02:25,560 [INFO]  Epoch[3] Batch [0-4]	Speed: 13897.05 samples/sec	cross-entropy=3.753582	gmrt_in_air21-accuracy=0.000000
2023-11-08 14:02:25,563 [INFO]  Epoch[3] Train-cross-entropy=2.893093
2023-11-08 14:02:25,563 [INFO]  Epoch[3] Train-gmrt_in_air21-accuracy=0.000000
2023-11-08 14:02:25,564 [INFO]  Epoch[3] Time cost=0.010
2023-11-08 14:02:25,565 [INFO]  Saved checkpoint to "./imputer_model/imputer_model_gmrt_in_air21/model-0003.params"
2023-11-08 14:02:25,565 [INFO]  Epoch[3] Validation-cross-entropy=13.701822
2023-11-08 14:02:25,566 [INFO]  Epoch[3] Validation-gmrt_in_air21-accuracy=0.000000
2023-11-08 14:02:25,571 [INFO]  Epoch[4] Batch [0-4]	Speed: 14332.61 samples/sec	cross-entropy=0.869001	gmrt_in_air21-accuracy=0.000000
2023-11-08 14:02:25,575 [INFO]  Epoch[4] Train-cross-entropy=0.862230
2023-11-08 14:02:25,575 [INFO]  Epoch[4] Train-gmrt_in_air21-accuracy=0.000000
2023-11-08 14:02:25,575 [INFO]  Epoch[4] Time cost=0.009
2023-11-08 14:02:25,576 [INFO]  Saved checkpoint to "./imputer_model/imputer_model_gmrt_in_air21/model-0004.params"
2023-11-08 14:02:25,577 [INFO]  Epoch[4] Validation-cross-entropy=13.221167
2023-11-08 14:02:25,577 [INFO]  Epoch[4] Validation-gmrt_in_air21-accuracy=0.000000
2023-11-08 14:02:25,577 [INFO]  
========== done (0.0707547664642334 s) fit model
2023-11-08 14:15:52,137 [INFO]  
========== start: fit model
2023-11-08 14:15:52,138 [WARNING]  Already bound, ignoring bind()
2023-11-08 14:15:52,147 [INFO]  Epoch[0] Batch [0-4]	Speed: 9604.47 samples/sec	cross-entropy=16.987963	gmrt_in_air21-accuracy=0.000000
2023-11-08 14:15:52,152 [INFO]  Epoch[0] Train-cross-entropy=16.761500
2023-11-08 14:15:52,152 [INFO]  Epoch[0] Train-gmrt_in_air21-accuracy=0.000000
2023-11-08 14:15:52,152 [INFO]  Epoch[0] Time cost=0.014
2023-11-08 14:15:52,155 [INFO]  Saved checkpoint to "./imputer_model/imputer_model_gmrt_in_air21/model-0000.params"
2023-11-08 14:15:52,156 [INFO]  Epoch[0] Validation-cross-entropy=9.610658
2023-11-08 14:15:52,156 [INFO]  Epoch[0] Validation-gmrt_in_air21-accuracy=0.000000
2023-11-08 14:15:52,163 [INFO]  Epoch[1] Batch [0-4]	Speed: 12029.37 samples/sec	cross-entropy=43.014990	gmrt_in_air21-accuracy=0.000000
2023-11-08 14:15:52,167 [INFO]  Epoch[1] Train-cross-entropy=34.232900
2023-11-08 14:15:52,167 [INFO]  Epoch[1] Train-gmrt_in_air21-accuracy=0.000000
2023-11-08 14:15:52,167 [INFO]  Epoch[1] Time cost=0.011
2023-11-08 14:15:52,169 [INFO]  Saved checkpoint to "./imputer_model/imputer_model_gmrt_in_air21/model-0001.params"
2023-11-08 14:15:52,170 [INFO]  Epoch[1] Validation-cross-entropy=5.531127
2023-11-08 14:15:52,170 [INFO]  Epoch[1] Validation-gmrt_in_air21-accuracy=0.000000
2023-11-08 14:15:52,176 [INFO]  Epoch[2] Batch [0-4]	Speed: 13961.38 samples/sec	cross-entropy=4.039143	gmrt_in_air21-accuracy=0.000000
2023-11-08 14:15:52,179 [INFO]  Epoch[2] Train-cross-entropy=4.922966
2023-11-08 14:15:52,179 [INFO]  Epoch[2] Train-gmrt_in_air21-accuracy=0.000000
2023-11-08 14:15:52,179 [INFO]  Epoch[2] Time cost=0.010
2023-11-08 14:15:52,181 [INFO]  Saved checkpoint to "./imputer_model/imputer_model_gmrt_in_air21/model-0002.params"
2023-11-08 14:15:52,181 [INFO]  Epoch[2] Validation-cross-entropy=5.466509
2023-11-08 14:15:52,182 [INFO]  Epoch[2] Validation-gmrt_in_air21-accuracy=0.000000
2023-11-08 14:15:52,189 [INFO]  Epoch[3] Batch [0-4]	Speed: 11005.06 samples/sec	cross-entropy=3.491692	gmrt_in_air21-accuracy=0.000000
2023-11-08 14:15:52,193 [INFO]  Epoch[3] Train-cross-entropy=2.558420
2023-11-08 14:15:52,193 [INFO]  Epoch[3] Train-gmrt_in_air21-accuracy=0.000000
2023-11-08 14:15:52,193 [INFO]  Epoch[3] Time cost=0.012
2023-11-08 14:15:52,196 [INFO]  Saved checkpoint to "./imputer_model/imputer_model_gmrt_in_air21/model-0003.params"
2023-11-08 14:15:52,197 [INFO]  Epoch[3] Validation-cross-entropy=6.626631
2023-11-08 14:15:52,198 [INFO]  Epoch[3] Validation-gmrt_in_air21-accuracy=0.000000
2023-11-08 14:15:52,205 [INFO]  Epoch[4] Batch [0-4]	Speed: 11766.26 samples/sec	cross-entropy=1.449238	gmrt_in_air21-accuracy=0.000000
2023-11-08 14:15:52,208 [INFO]  Epoch[4] Train-cross-entropy=1.179519
2023-11-08 14:15:52,209 [INFO]  Epoch[4] Train-gmrt_in_air21-accuracy=0.000000
2023-11-08 14:15:52,209 [INFO]  Epoch[4] Time cost=0.011
2023-11-08 14:15:52,211 [INFO]  Saved checkpoint to "./imputer_model/imputer_model_gmrt_in_air21/model-0004.params"
2023-11-08 14:15:52,212 [INFO]  Epoch[4] Validation-cross-entropy=4.247044
2023-11-08 14:15:52,212 [INFO]  Epoch[4] Validation-gmrt_in_air21-accuracy=0.000000
2023-11-08 14:15:52,212 [INFO]  
========== done (0.07465243339538574 s) fit model
2023-11-08 14:29:29,153 [INFO]  
========== start: fit model
2023-11-08 14:29:29,153 [WARNING]  Already bound, ignoring bind()
2023-11-08 14:29:29,163 [INFO]  Epoch[0] Batch [0-4]	Speed: 9764.13 samples/sec	cross-entropy=20.415525	gmrt_in_air21-accuracy=0.000000
2023-11-08 14:29:29,168 [INFO]  Epoch[0] Train-cross-entropy=18.151749
2023-11-08 14:29:29,168 [INFO]  Epoch[0] Train-gmrt_in_air21-accuracy=0.000000
2023-11-08 14:29:29,168 [INFO]  Epoch[0] Time cost=0.014
2023-11-08 14:29:29,171 [INFO]  Saved checkpoint to "./imputer_model/imputer_model_gmrt_in_air21/model-0000.params"
2023-11-08 14:29:29,172 [INFO]  Epoch[0] Validation-cross-entropy=26.683668
2023-11-08 14:29:29,173 [INFO]  Epoch[0] Validation-gmrt_in_air21-accuracy=0.000000
2023-11-08 14:29:29,179 [INFO]  Epoch[1] Batch [0-4]	Speed: 12084.07 samples/sec	cross-entropy=49.275914	gmrt_in_air21-accuracy=0.000000
2023-11-08 14:29:29,184 [INFO]  Epoch[1] Train-cross-entropy=37.162131
2023-11-08 14:29:29,184 [INFO]  Epoch[1] Train-gmrt_in_air21-accuracy=0.000000
2023-11-08 14:29:29,184 [INFO]  Epoch[1] Time cost=0.011
2023-11-08 14:29:29,186 [INFO]  Saved checkpoint to "./imputer_model/imputer_model_gmrt_in_air21/model-0001.params"
2023-11-08 14:29:29,186 [INFO]  Epoch[1] Validation-cross-entropy=24.173069
2023-11-08 14:29:29,186 [INFO]  Epoch[1] Validation-gmrt_in_air21-accuracy=0.000000
2023-11-08 14:29:29,192 [INFO]  Epoch[2] Batch [0-4]	Speed: 13456.09 samples/sec	cross-entropy=7.518439	gmrt_in_air21-accuracy=0.000000
2023-11-08 14:29:29,197 [INFO]  Epoch[2] Train-cross-entropy=6.702810
2023-11-08 14:29:29,197 [INFO]  Epoch[2] Train-gmrt_in_air21-accuracy=0.000000
2023-11-08 14:29:29,198 [INFO]  Epoch[2] Time cost=0.011
2023-11-08 14:29:29,201 [INFO]  Saved checkpoint to "./imputer_model/imputer_model_gmrt_in_air21/model-0002.params"
2023-11-08 14:29:29,202 [INFO]  Epoch[2] Validation-cross-entropy=18.534454
2023-11-08 14:29:29,202 [INFO]  Epoch[2] Validation-gmrt_in_air21-accuracy=0.000000
2023-11-08 14:29:29,209 [INFO]  Epoch[3] Batch [0-4]	Speed: 12093.87 samples/sec	cross-entropy=3.584376	gmrt_in_air21-accuracy=0.000000
2023-11-08 14:29:29,213 [INFO]  Epoch[3] Train-cross-entropy=2.868457
2023-11-08 14:29:29,213 [INFO]  Epoch[3] Train-gmrt_in_air21-accuracy=0.000000
2023-11-08 14:29:29,213 [INFO]  Epoch[3] Time cost=0.011
2023-11-08 14:29:29,215 [INFO]  Saved checkpoint to "./imputer_model/imputer_model_gmrt_in_air21/model-0003.params"
2023-11-08 14:29:29,216 [INFO]  Epoch[3] Validation-cross-entropy=18.394650
2023-11-08 14:29:29,216 [INFO]  Epoch[3] Validation-gmrt_in_air21-accuracy=0.000000
2023-11-08 14:29:29,222 [INFO]  Epoch[4] Batch [0-4]	Speed: 13174.75 samples/sec	cross-entropy=1.093819	gmrt_in_air21-accuracy=0.000000
2023-11-08 14:29:29,226 [INFO]  Epoch[4] Train-cross-entropy=0.999544
2023-11-08 14:29:29,226 [INFO]  Epoch[4] Train-gmrt_in_air21-accuracy=0.000000
2023-11-08 14:29:29,226 [INFO]  Epoch[4] Time cost=0.010
2023-11-08 14:29:29,228 [INFO]  Saved checkpoint to "./imputer_model/imputer_model_gmrt_in_air21/model-0004.params"
2023-11-08 14:29:29,228 [INFO]  Epoch[4] Validation-cross-entropy=21.446583
2023-11-08 14:29:29,228 [INFO]  Epoch[4] Validation-gmrt_in_air21-accuracy=0.000000
2023-11-08 14:29:29,228 [INFO]  
========== done (0.07504558563232422 s) fit model
2023-11-08 14:43:34,108 [INFO]  
========== start: fit model
2023-11-08 14:43:34,108 [WARNING]  Already bound, ignoring bind()
2023-11-08 14:43:34,115 [INFO]  Epoch[0] Batch [0-4]	Speed: 13827.61 samples/sec	cross-entropy=24.297403	gmrt_in_air21-accuracy=3.200000
2023-11-08 14:43:34,119 [INFO]  Epoch[0] Train-cross-entropy=22.855549
2023-11-08 14:43:34,119 [INFO]  Epoch[0] Train-gmrt_in_air21-accuracy=3.000000
2023-11-08 14:43:34,119 [INFO]  Epoch[0] Time cost=0.010
2023-11-08 14:43:34,120 [INFO]  Saved checkpoint to "./imputer_model/imputer_model_gmrt_in_air21/model-0000.params"
2023-11-08 14:43:34,121 [INFO]  Epoch[0] Validation-cross-entropy=47.415516
2023-11-08 14:43:34,121 [INFO]  Epoch[0] Validation-gmrt_in_air21-accuracy=0.000000
2023-11-08 14:43:34,126 [INFO]  Epoch[1] Batch [0-4]	Speed: 14852.84 samples/sec	cross-entropy=42.554703	gmrt_in_air21-accuracy=3.200000
2023-11-08 14:43:34,130 [INFO]  Epoch[1] Train-cross-entropy=32.759604
2023-11-08 14:43:34,130 [INFO]  Epoch[1] Train-gmrt_in_air21-accuracy=3.000000
2023-11-08 14:43:34,130 [INFO]  Epoch[1] Time cost=0.009
2023-11-08 14:43:34,131 [INFO]  Saved checkpoint to "./imputer_model/imputer_model_gmrt_in_air21/model-0001.params"
2023-11-08 14:43:34,132 [INFO]  Epoch[1] Validation-cross-entropy=23.349886
2023-11-08 14:43:34,132 [INFO]  Epoch[1] Validation-gmrt_in_air21-accuracy=0.000000
2023-11-08 14:43:34,139 [INFO]  Epoch[2] Batch [0-4]	Speed: 12150.80 samples/sec	cross-entropy=12.416071	gmrt_in_air21-accuracy=3.200000
2023-11-08 14:43:34,143 [INFO]  Epoch[2] Train-cross-entropy=9.773544
2023-11-08 14:43:34,143 [INFO]  Epoch[2] Train-gmrt_in_air21-accuracy=3.000000
2023-11-08 14:43:34,143 [INFO]  Epoch[2] Time cost=0.011
2023-11-08 14:43:34,146 [INFO]  Saved checkpoint to "./imputer_model/imputer_model_gmrt_in_air21/model-0002.params"
2023-11-08 14:43:34,147 [INFO]  Epoch[2] Validation-cross-entropy=17.779173
2023-11-08 14:43:34,147 [INFO]  Epoch[2] Validation-gmrt_in_air21-accuracy=0.000000
2023-11-08 14:43:34,154 [INFO]  Epoch[3] Batch [0-4]	Speed: 12710.01 samples/sec	cross-entropy=6.654385	gmrt_in_air21-accuracy=3.200000
2023-11-08 14:43:34,157 [INFO]  Epoch[3] Train-cross-entropy=5.350971
2023-11-08 14:43:34,157 [INFO]  Epoch[3] Train-gmrt_in_air21-accuracy=3.000000
2023-11-08 14:43:34,157 [INFO]  Epoch[3] Time cost=0.010
2023-11-08 14:43:34,159 [INFO]  Saved checkpoint to "./imputer_model/imputer_model_gmrt_in_air21/model-0003.params"
2023-11-08 14:43:34,160 [INFO]  Epoch[3] Validation-cross-entropy=16.465132
2023-11-08 14:43:34,160 [INFO]  Epoch[3] Validation-gmrt_in_air21-accuracy=0.000000
2023-11-08 14:43:34,166 [INFO]  Epoch[4] Batch [0-4]	Speed: 14771.93 samples/sec	cross-entropy=1.899195	gmrt_in_air21-accuracy=3.200000
2023-11-08 14:43:34,169 [INFO]  Epoch[4] Train-cross-entropy=1.560256
2023-11-08 14:43:34,169 [INFO]  Epoch[4] Train-gmrt_in_air21-accuracy=3.000000
2023-11-08 14:43:34,169 [INFO]  Epoch[4] Time cost=0.009
2023-11-08 14:43:34,171 [INFO]  Saved checkpoint to "./imputer_model/imputer_model_gmrt_in_air21/model-0004.params"
2023-11-08 14:43:34,171 [INFO]  Epoch[4] Validation-cross-entropy=16.839939
2023-11-08 14:43:34,171 [INFO]  Epoch[4] Validation-gmrt_in_air21-accuracy=0.000000
2023-11-08 14:43:34,171 [INFO]  
========== done (0.06308341026306152 s) fit model
2023-11-08 14:57:42,000 [INFO]  
========== start: fit model
2023-11-08 14:57:42,000 [WARNING]  Already bound, ignoring bind()
2023-11-08 14:57:42,009 [INFO]  Epoch[0] Batch [0-4]	Speed: 9935.06 samples/sec	cross-entropy=12.700200	gmrt_in_air21-accuracy=0.000000
2023-11-08 14:57:42,014 [INFO]  Epoch[0] Train-cross-entropy=18.195858
2023-11-08 14:57:42,014 [INFO]  Epoch[0] Train-gmrt_in_air21-accuracy=0.000000
2023-11-08 14:57:42,014 [INFO]  Epoch[0] Time cost=0.013
2023-11-08 14:57:42,018 [INFO]  Saved checkpoint to "./imputer_model/imputer_model_gmrt_in_air21/model-0000.params"
2023-11-08 14:57:42,018 [INFO]  Epoch[0] Validation-cross-entropy=12.584956
2023-11-08 14:57:42,018 [INFO]  Epoch[0] Validation-gmrt_in_air21-accuracy=0.000000
2023-11-08 14:57:42,024 [INFO]  Epoch[1] Batch [0-4]	Speed: 15289.37 samples/sec	cross-entropy=35.314357	gmrt_in_air21-accuracy=0.000000
2023-11-08 14:57:42,028 [INFO]  Epoch[1] Train-cross-entropy=29.262159
2023-11-08 14:57:42,028 [INFO]  Epoch[1] Train-gmrt_in_air21-accuracy=0.000000
2023-11-08 14:57:42,028 [INFO]  Epoch[1] Time cost=0.009
2023-11-08 14:57:42,030 [INFO]  Saved checkpoint to "./imputer_model/imputer_model_gmrt_in_air21/model-0001.params"
2023-11-08 14:57:42,030 [INFO]  Epoch[1] Validation-cross-entropy=9.488712
2023-11-08 14:57:42,030 [INFO]  Epoch[1] Validation-gmrt_in_air21-accuracy=0.000000
2023-11-08 14:57:42,034 [INFO]  Epoch[2] Batch [0-4]	Speed: 19851.76 samples/sec	cross-entropy=4.310180	gmrt_in_air21-accuracy=0.000000
2023-11-08 14:57:42,037 [INFO]  Epoch[2] Train-cross-entropy=4.477058
2023-11-08 14:57:42,037 [INFO]  Epoch[2] Train-gmrt_in_air21-accuracy=0.000000
2023-11-08 14:57:42,037 [INFO]  Epoch[2] Time cost=0.007
2023-11-08 14:57:42,039 [INFO]  Saved checkpoint to "./imputer_model/imputer_model_gmrt_in_air21/model-0002.params"
2023-11-08 14:57:42,039 [INFO]  Epoch[2] Validation-cross-entropy=16.579287
2023-11-08 14:57:42,039 [INFO]  Epoch[2] Validation-gmrt_in_air21-accuracy=0.000000
2023-11-08 14:57:42,045 [INFO]  Epoch[3] Batch [0-4]	Speed: 14075.58 samples/sec	cross-entropy=3.027148	gmrt_in_air21-accuracy=0.000000
2023-11-08 14:57:42,049 [INFO]  Epoch[3] Train-cross-entropy=2.944548
2023-11-08 14:57:42,049 [INFO]  Epoch[3] Train-gmrt_in_air21-accuracy=0.000000
2023-11-08 14:57:42,049 [INFO]  Epoch[3] Time cost=0.009
2023-11-08 14:57:42,051 [INFO]  Saved checkpoint to "./imputer_model/imputer_model_gmrt_in_air21/model-0003.params"
2023-11-08 14:57:42,051 [INFO]  Epoch[3] Validation-cross-entropy=12.483006
2023-11-08 14:57:42,051 [INFO]  Epoch[3] Validation-gmrt_in_air21-accuracy=0.000000
2023-11-08 14:57:42,057 [INFO]  Epoch[4] Batch [0-4]	Speed: 13528.65 samples/sec	cross-entropy=1.430912	gmrt_in_air21-accuracy=0.000000
2023-11-08 14:57:42,061 [INFO]  Epoch[4] Train-cross-entropy=1.723078
2023-11-08 14:57:42,061 [INFO]  Epoch[4] Train-gmrt_in_air21-accuracy=0.000000
2023-11-08 14:57:42,061 [INFO]  Epoch[4] Time cost=0.010
2023-11-08 14:57:42,062 [INFO]  Saved checkpoint to "./imputer_model/imputer_model_gmrt_in_air21/model-0004.params"
2023-11-08 14:57:42,063 [INFO]  Epoch[4] Validation-cross-entropy=14.569206
2023-11-08 14:57:42,063 [INFO]  Epoch[4] Validation-gmrt_in_air21-accuracy=0.000000
2023-11-08 14:57:42,063 [INFO]  
========== done (0.06330204010009766 s) fit model
