2023-11-08 12:45:42,090 [INFO]  
========== start: fit model
2023-11-08 12:45:42,091 [WARNING]  Already bound, ignoring bind()
2023-11-08 12:45:42,101 [INFO]  Epoch[0] Batch [0-4]	Speed: 11269.33 samples/sec	cross-entropy=20.074914	mean_acc_on_paper17-accuracy=2.800000
2023-11-08 12:45:42,315 [INFO]  Epoch[0] Train-cross-entropy=19.307012
2023-11-08 12:45:42,315 [INFO]  Epoch[0] Train-mean_acc_on_paper17-accuracy=2.375000
2023-11-08 12:45:42,316 [INFO]  Epoch[0] Time cost=0.223
2023-11-08 12:45:42,319 [INFO]  Saved checkpoint to "./imputer_model/imputer_model_mean_acc_on_paper17/model-0000.params"
2023-11-08 12:45:42,323 [INFO]  Epoch[0] Validation-cross-entropy=21.905325
2023-11-08 12:45:42,323 [INFO]  Epoch[0] Validation-mean_acc_on_paper17-accuracy=0.000000
2023-11-08 12:45:42,407 [INFO]  Epoch[1] Batch [0-4]	Speed: 4192.01 samples/sec	cross-entropy=28.916081	mean_acc_on_paper17-accuracy=2.800000
2023-11-08 12:45:42,417 [INFO]  Epoch[1] Train-cross-entropy=20.363738
2023-11-08 12:45:42,418 [INFO]  Epoch[1] Train-mean_acc_on_paper17-accuracy=2.375000
2023-11-08 12:45:42,418 [INFO]  Epoch[1] Time cost=0.095
2023-11-08 12:45:42,421 [INFO]  Saved checkpoint to "./imputer_model/imputer_model_mean_acc_on_paper17/model-0001.params"
2023-11-08 12:45:42,428 [INFO]  Epoch[1] Validation-cross-entropy=24.735601
2023-11-08 12:45:42,428 [INFO]  Epoch[1] Validation-mean_acc_on_paper17-accuracy=0.000000
2023-11-08 12:45:42,446 [INFO]  Epoch[2] Batch [0-4]	Speed: 4398.92 samples/sec	cross-entropy=4.172452	mean_acc_on_paper17-accuracy=2.800000
2023-11-08 12:45:42,471 [INFO]  Epoch[2] Train-cross-entropy=3.729828
2023-11-08 12:45:42,471 [INFO]  Epoch[2] Train-mean_acc_on_paper17-accuracy=2.375000
2023-11-08 12:45:42,471 [INFO]  Epoch[2] Time cost=0.043
2023-11-08 12:45:42,475 [INFO]  Saved checkpoint to "./imputer_model/imputer_model_mean_acc_on_paper17/model-0002.params"
2023-11-08 12:45:42,491 [INFO]  Epoch[2] Validation-cross-entropy=14.455408
2023-11-08 12:45:42,491 [INFO]  Epoch[2] Validation-mean_acc_on_paper17-accuracy=0.000000
2023-11-08 12:45:42,519 [INFO]  Epoch[3] Batch [0-4]	Speed: 3474.67 samples/sec	cross-entropy=2.384723	mean_acc_on_paper17-accuracy=2.800000
2023-11-08 12:45:42,529 [INFO]  Epoch[3] Train-cross-entropy=1.736854
2023-11-08 12:45:42,529 [INFO]  Epoch[3] Train-mean_acc_on_paper17-accuracy=2.375000
2023-11-08 12:45:42,529 [INFO]  Epoch[3] Time cost=0.038
2023-11-08 12:45:42,533 [INFO]  Saved checkpoint to "./imputer_model/imputer_model_mean_acc_on_paper17/model-0003.params"
2023-11-08 12:45:42,533 [INFO]  Epoch[3] Validation-cross-entropy=17.081713
2023-11-08 12:45:42,534 [INFO]  Epoch[3] Validation-mean_acc_on_paper17-accuracy=0.000000
2023-11-08 12:45:42,554 [INFO]  Epoch[4] Batch [0-4]	Speed: 5348.07 samples/sec	cross-entropy=1.199539	mean_acc_on_paper17-accuracy=2.800000
2023-11-08 12:45:42,563 [INFO]  Epoch[4] Train-cross-entropy=0.934594
2023-11-08 12:45:42,563 [INFO]  Epoch[4] Train-mean_acc_on_paper17-accuracy=2.375000
2023-11-08 12:45:42,564 [INFO]  Epoch[4] Time cost=0.030
2023-11-08 12:45:42,567 [INFO]  Saved checkpoint to "./imputer_model/imputer_model_mean_acc_on_paper17/model-0004.params"
2023-11-08 12:45:42,568 [INFO]  Epoch[4] Validation-cross-entropy=17.702913
2023-11-08 12:45:42,568 [INFO]  Epoch[4] Validation-mean_acc_on_paper17-accuracy=0.000000
2023-11-08 12:45:42,568 [INFO]  
========== done (0.47795724868774414 s) fit model
2023-11-08 13:07:56,180 [INFO]  
========== start: fit model
2023-11-08 13:07:56,198 [WARNING]  Already bound, ignoring bind()
2023-11-08 13:07:56,205 [INFO]  Epoch[0] Batch [0-4]	Speed: 13399.66 samples/sec	cross-entropy=20.156040	mean_acc_on_paper17-accuracy=3.400000
2023-11-08 13:07:56,210 [INFO]  Epoch[0] Train-cross-entropy=28.445569
2023-11-08 13:07:56,210 [INFO]  Epoch[0] Train-mean_acc_on_paper17-accuracy=2.625000
2023-11-08 13:07:56,210 [INFO]  Epoch[0] Time cost=0.011
2023-11-08 13:07:56,214 [INFO]  Saved checkpoint to "./imputer_model/imputer_model_mean_acc_on_paper17/model-0000.params"
2023-11-08 13:07:56,215 [INFO]  Epoch[0] Validation-cross-entropy=12.954603
2023-11-08 13:07:56,215 [INFO]  Epoch[0] Validation-mean_acc_on_paper17-accuracy=0.000000
2023-11-08 13:07:56,223 [INFO]  Epoch[1] Batch [0-4]	Speed: 10836.68 samples/sec	cross-entropy=38.699740	mean_acc_on_paper17-accuracy=3.400000
2023-11-08 13:07:56,227 [INFO]  Epoch[1] Train-cross-entropy=34.172556
2023-11-08 13:07:56,227 [INFO]  Epoch[1] Train-mean_acc_on_paper17-accuracy=2.625000
2023-11-08 13:07:56,228 [INFO]  Epoch[1] Time cost=0.013
2023-11-08 13:07:56,230 [INFO]  Saved checkpoint to "./imputer_model/imputer_model_mean_acc_on_paper17/model-0001.params"
2023-11-08 13:07:56,230 [INFO]  Epoch[1] Validation-cross-entropy=11.124652
2023-11-08 13:07:56,230 [INFO]  Epoch[1] Validation-mean_acc_on_paper17-accuracy=0.000000
2023-11-08 13:07:56,237 [INFO]  Epoch[2] Batch [0-4]	Speed: 13011.27 samples/sec	cross-entropy=11.770897	mean_acc_on_paper17-accuracy=3.400000
2023-11-08 13:07:56,240 [INFO]  Epoch[2] Train-cross-entropy=14.716989
2023-11-08 13:07:56,240 [INFO]  Epoch[2] Train-mean_acc_on_paper17-accuracy=2.625000
2023-11-08 13:07:56,241 [INFO]  Epoch[2] Time cost=0.010
2023-11-08 13:07:56,242 [INFO]  Saved checkpoint to "./imputer_model/imputer_model_mean_acc_on_paper17/model-0002.params"
2023-11-08 13:07:56,243 [INFO]  Epoch[2] Validation-cross-entropy=5.520138
2023-11-08 13:07:56,243 [INFO]  Epoch[2] Validation-mean_acc_on_paper17-accuracy=0.000000
2023-11-08 13:07:56,248 [INFO]  Epoch[3] Batch [0-4]	Speed: 14416.51 samples/sec	cross-entropy=5.047785	mean_acc_on_paper17-accuracy=3.400000
2023-11-08 13:07:56,252 [INFO]  Epoch[3] Train-cross-entropy=7.299908
2023-11-08 13:07:56,252 [INFO]  Epoch[3] Train-mean_acc_on_paper17-accuracy=2.625000
2023-11-08 13:07:56,252 [INFO]  Epoch[3] Time cost=0.009
2023-11-08 13:07:56,253 [INFO]  Saved checkpoint to "./imputer_model/imputer_model_mean_acc_on_paper17/model-0003.params"
2023-11-08 13:07:56,254 [INFO]  Epoch[3] Validation-cross-entropy=3.761793
2023-11-08 13:07:56,254 [INFO]  Epoch[3] Validation-mean_acc_on_paper17-accuracy=0.000000
2023-11-08 13:07:56,259 [INFO]  Epoch[4] Batch [0-4]	Speed: 14423.48 samples/sec	cross-entropy=2.517687	mean_acc_on_paper17-accuracy=3.400000
2023-11-08 13:07:56,266 [INFO]  Epoch[4] Train-cross-entropy=2.471848
2023-11-08 13:07:56,266 [INFO]  Epoch[4] Train-mean_acc_on_paper17-accuracy=2.625000
2023-11-08 13:07:56,266 [INFO]  Epoch[4] Time cost=0.012
2023-11-08 13:07:56,267 [INFO]  Saved checkpoint to "./imputer_model/imputer_model_mean_acc_on_paper17/model-0004.params"
2023-11-08 13:07:56,268 [INFO]  Epoch[4] Validation-cross-entropy=3.127491
2023-11-08 13:07:56,268 [INFO]  Epoch[4] Validation-mean_acc_on_paper17-accuracy=0.000000
2023-11-08 13:07:56,268 [INFO]  
========== done (0.08842039108276367 s) fit model
2023-11-08 13:21:20,953 [INFO]  
========== start: fit model
2023-11-08 13:21:20,953 [WARNING]  Already bound, ignoring bind()
2023-11-08 13:21:20,960 [INFO]  Epoch[0] Batch [0-4]	Speed: 14061.57 samples/sec	cross-entropy=24.324372	mean_acc_on_paper17-accuracy=2.800000
2023-11-08 13:21:20,963 [INFO]  Epoch[0] Train-cross-entropy=24.008237
2023-11-08 13:21:20,963 [INFO]  Epoch[0] Train-mean_acc_on_paper17-accuracy=2.875000
2023-11-08 13:21:20,963 [INFO]  Epoch[0] Time cost=0.010
2023-11-08 13:21:20,964 [INFO]  Saved checkpoint to "./imputer_model/imputer_model_mean_acc_on_paper17/model-0000.params"
2023-11-08 13:21:20,965 [INFO]  Epoch[0] Validation-cross-entropy=17.103504
2023-11-08 13:21:20,965 [INFO]  Epoch[0] Validation-mean_acc_on_paper17-accuracy=0.000000
2023-11-08 13:21:20,970 [INFO]  Epoch[1] Batch [0-4]	Speed: 15778.26 samples/sec	cross-entropy=31.022133	mean_acc_on_paper17-accuracy=2.800000
2023-11-08 13:21:20,974 [INFO]  Epoch[1] Train-cross-entropy=28.624866
2023-11-08 13:21:20,974 [INFO]  Epoch[1] Train-mean_acc_on_paper17-accuracy=2.875000
2023-11-08 13:21:20,974 [INFO]  Epoch[1] Time cost=0.009
2023-11-08 13:21:20,975 [INFO]  Saved checkpoint to "./imputer_model/imputer_model_mean_acc_on_paper17/model-0001.params"
2023-11-08 13:21:20,975 [INFO]  Epoch[1] Validation-cross-entropy=5.790437
2023-11-08 13:21:20,975 [INFO]  Epoch[1] Validation-mean_acc_on_paper17-accuracy=0.000000
2023-11-08 13:21:20,980 [INFO]  Epoch[2] Batch [0-4]	Speed: 16344.10 samples/sec	cross-entropy=4.973751	mean_acc_on_paper17-accuracy=2.800000
2023-11-08 13:21:20,983 [INFO]  Epoch[2] Train-cross-entropy=5.845536
2023-11-08 13:21:20,984 [INFO]  Epoch[2] Train-mean_acc_on_paper17-accuracy=2.875000
2023-11-08 13:21:20,984 [INFO]  Epoch[2] Time cost=0.008
2023-11-08 13:21:20,985 [INFO]  Saved checkpoint to "./imputer_model/imputer_model_mean_acc_on_paper17/model-0002.params"
2023-11-08 13:21:20,985 [INFO]  Epoch[2] Validation-cross-entropy=21.410234
2023-11-08 13:21:20,985 [INFO]  Epoch[2] Validation-mean_acc_on_paper17-accuracy=0.000000
2023-11-08 13:21:20,990 [INFO]  Epoch[3] Batch [0-4]	Speed: 17605.79 samples/sec	cross-entropy=6.761264	mean_acc_on_paper17-accuracy=2.800000
2023-11-08 13:21:20,993 [INFO]  Epoch[3] Train-cross-entropy=5.297647
2023-11-08 13:21:20,993 [INFO]  Epoch[3] Train-mean_acc_on_paper17-accuracy=2.875000
2023-11-08 13:21:20,994 [INFO]  Epoch[3] Time cost=0.008
2023-11-08 13:21:20,996 [INFO]  Saved checkpoint to "./imputer_model/imputer_model_mean_acc_on_paper17/model-0003.params"
2023-11-08 13:21:20,997 [INFO]  Epoch[3] Validation-cross-entropy=12.872441
2023-11-08 13:21:20,998 [INFO]  Epoch[3] Validation-mean_acc_on_paper17-accuracy=0.000000
2023-11-08 13:21:21,006 [INFO]  Epoch[4] Batch [0-4]	Speed: 10120.09 samples/sec	cross-entropy=1.355354	mean_acc_on_paper17-accuracy=2.800000
2023-11-08 13:21:21,009 [INFO]  Epoch[4] Train-cross-entropy=1.189666
2023-11-08 13:21:21,009 [INFO]  Epoch[4] Train-mean_acc_on_paper17-accuracy=2.875000
2023-11-08 13:21:21,009 [INFO]  Epoch[4] Time cost=0.012
2023-11-08 13:21:21,012 [INFO]  Saved checkpoint to "./imputer_model/imputer_model_mean_acc_on_paper17/model-0004.params"
2023-11-08 13:21:21,013 [INFO]  Epoch[4] Validation-cross-entropy=10.539147
2023-11-08 13:21:21,013 [INFO]  Epoch[4] Validation-mean_acc_on_paper17-accuracy=0.000000
2023-11-08 13:21:21,013 [INFO]  
========== done (0.060138702392578125 s) fit model
2023-11-08 13:34:41,392 [INFO]  
========== start: fit model
2023-11-08 13:34:41,392 [WARNING]  Already bound, ignoring bind()
2023-11-08 13:34:41,399 [INFO]  Epoch[0] Batch [0-4]	Speed: 14406.45 samples/sec	cross-entropy=18.743319	mean_acc_on_paper17-accuracy=0.000000
2023-11-08 13:34:41,404 [INFO]  Epoch[0] Train-cross-entropy=16.226097
2023-11-08 13:34:41,404 [INFO]  Epoch[0] Train-mean_acc_on_paper17-accuracy=0.000000
2023-11-08 13:34:41,404 [INFO]  Epoch[0] Time cost=0.011
2023-11-08 13:34:41,407 [INFO]  Saved checkpoint to "./imputer_model/imputer_model_mean_acc_on_paper17/model-0000.params"
2023-11-08 13:34:41,408 [INFO]  Epoch[0] Validation-cross-entropy=28.464844
2023-11-08 13:34:41,408 [INFO]  Epoch[0] Validation-mean_acc_on_paper17-accuracy=0.000000
2023-11-08 13:34:41,415 [INFO]  Epoch[1] Batch [0-4]	Speed: 11503.06 samples/sec	cross-entropy=38.700893	mean_acc_on_paper17-accuracy=0.000000
2023-11-08 13:34:41,419 [INFO]  Epoch[1] Train-cross-entropy=30.144589
2023-11-08 13:34:41,419 [INFO]  Epoch[1] Train-mean_acc_on_paper17-accuracy=0.000000
2023-11-08 13:34:41,419 [INFO]  Epoch[1] Time cost=0.011
2023-11-08 13:34:41,420 [INFO]  Saved checkpoint to "./imputer_model/imputer_model_mean_acc_on_paper17/model-0001.params"
2023-11-08 13:34:41,421 [INFO]  Epoch[1] Validation-cross-entropy=11.455621
2023-11-08 13:34:41,421 [INFO]  Epoch[1] Validation-mean_acc_on_paper17-accuracy=0.000000
2023-11-08 13:34:41,426 [INFO]  Epoch[2] Batch [0-4]	Speed: 14259.52 samples/sec	cross-entropy=4.094097	mean_acc_on_paper17-accuracy=0.000000
2023-11-08 13:34:41,430 [INFO]  Epoch[2] Train-cross-entropy=4.936726
2023-11-08 13:34:41,430 [INFO]  Epoch[2] Train-mean_acc_on_paper17-accuracy=0.000000
2023-11-08 13:34:41,430 [INFO]  Epoch[2] Time cost=0.009
2023-11-08 13:34:41,431 [INFO]  Saved checkpoint to "./imputer_model/imputer_model_mean_acc_on_paper17/model-0002.params"
2023-11-08 13:34:41,432 [INFO]  Epoch[2] Validation-cross-entropy=10.086049
2023-11-08 13:34:41,432 [INFO]  Epoch[2] Validation-mean_acc_on_paper17-accuracy=0.000000
2023-11-08 13:34:41,437 [INFO]  Epoch[3] Batch [0-4]	Speed: 14714.44 samples/sec	cross-entropy=4.634122	mean_acc_on_paper17-accuracy=0.000000
2023-11-08 13:34:41,440 [INFO]  Epoch[3] Train-cross-entropy=4.108263
2023-11-08 13:34:41,440 [INFO]  Epoch[3] Train-mean_acc_on_paper17-accuracy=0.000000
2023-11-08 13:34:41,440 [INFO]  Epoch[3] Time cost=0.009
2023-11-08 13:34:41,442 [INFO]  Saved checkpoint to "./imputer_model/imputer_model_mean_acc_on_paper17/model-0003.params"
2023-11-08 13:34:41,442 [INFO]  Epoch[3] Validation-cross-entropy=11.334736
2023-11-08 13:34:41,442 [INFO]  Epoch[3] Validation-mean_acc_on_paper17-accuracy=0.000000
2023-11-08 13:34:41,448 [INFO]  Epoch[4] Batch [0-4]	Speed: 15243.35 samples/sec	cross-entropy=1.303775	mean_acc_on_paper17-accuracy=0.000000
2023-11-08 13:34:41,451 [INFO]  Epoch[4] Train-cross-entropy=1.543091
2023-11-08 13:34:41,451 [INFO]  Epoch[4] Train-mean_acc_on_paper17-accuracy=0.000000
2023-11-08 13:34:41,451 [INFO]  Epoch[4] Time cost=0.008
2023-11-08 13:34:41,452 [INFO]  Saved checkpoint to "./imputer_model/imputer_model_mean_acc_on_paper17/model-0004.params"
2023-11-08 13:34:41,453 [INFO]  Epoch[4] Validation-cross-entropy=12.000427
2023-11-08 13:34:41,453 [INFO]  Epoch[4] Validation-mean_acc_on_paper17-accuracy=0.000000
2023-11-08 13:34:41,453 [INFO]  
========== done (0.06061601638793945 s) fit model
2023-11-08 13:48:01,346 [INFO]  
========== start: fit model
2023-11-08 13:48:01,346 [WARNING]  Already bound, ignoring bind()
2023-11-08 13:48:01,353 [INFO]  Epoch[0] Batch [0-4]	Speed: 14254.98 samples/sec	cross-entropy=19.187143	mean_acc_on_paper17-accuracy=0.000000
2023-11-08 13:48:01,356 [INFO]  Epoch[0] Train-cross-entropy=21.801552
2023-11-08 13:48:01,356 [INFO]  Epoch[0] Train-mean_acc_on_paper17-accuracy=0.000000
2023-11-08 13:48:01,356 [INFO]  Epoch[0] Time cost=0.010
2023-11-08 13:48:01,357 [INFO]  Saved checkpoint to "./imputer_model/imputer_model_mean_acc_on_paper17/model-0000.params"
2023-11-08 13:48:01,358 [INFO]  Epoch[0] Validation-cross-entropy=24.341167
2023-11-08 13:48:01,358 [INFO]  Epoch[0] Validation-mean_acc_on_paper17-accuracy=0.000000
2023-11-08 13:48:01,364 [INFO]  Epoch[1] Batch [0-4]	Speed: 12232.75 samples/sec	cross-entropy=54.803231	mean_acc_on_paper17-accuracy=0.000000
2023-11-08 13:48:01,370 [INFO]  Epoch[1] Train-cross-entropy=46.138891
2023-11-08 13:48:01,370 [INFO]  Epoch[1] Train-mean_acc_on_paper17-accuracy=0.000000
2023-11-08 13:48:01,370 [INFO]  Epoch[1] Time cost=0.012
2023-11-08 13:48:01,373 [INFO]  Saved checkpoint to "./imputer_model/imputer_model_mean_acc_on_paper17/model-0001.params"
2023-11-08 13:48:01,374 [INFO]  Epoch[1] Validation-cross-entropy=14.034104
2023-11-08 13:48:01,375 [INFO]  Epoch[1] Validation-mean_acc_on_paper17-accuracy=0.000000
2023-11-08 13:48:01,382 [INFO]  Epoch[2] Batch [0-4]	Speed: 10930.67 samples/sec	cross-entropy=9.302118	mean_acc_on_paper17-accuracy=0.000000
2023-11-08 13:48:01,387 [INFO]  Epoch[2] Train-cross-entropy=7.401081
2023-11-08 13:48:01,387 [INFO]  Epoch[2] Train-mean_acc_on_paper17-accuracy=0.000000
2023-11-08 13:48:01,387 [INFO]  Epoch[2] Time cost=0.012
2023-11-08 13:48:01,390 [INFO]  Saved checkpoint to "./imputer_model/imputer_model_mean_acc_on_paper17/model-0002.params"
2023-11-08 13:48:01,391 [INFO]  Epoch[2] Validation-cross-entropy=11.752278
2023-11-08 13:48:01,391 [INFO]  Epoch[2] Validation-mean_acc_on_paper17-accuracy=0.000000
2023-11-08 13:48:01,398 [INFO]  Epoch[3] Batch [0-4]	Speed: 12357.77 samples/sec	cross-entropy=4.579936	mean_acc_on_paper17-accuracy=0.000000
2023-11-08 13:48:01,402 [INFO]  Epoch[3] Train-cross-entropy=5.041343
2023-11-08 13:48:01,402 [INFO]  Epoch[3] Train-mean_acc_on_paper17-accuracy=0.000000
2023-11-08 13:48:01,402 [INFO]  Epoch[3] Time cost=0.011
2023-11-08 13:48:01,404 [INFO]  Saved checkpoint to "./imputer_model/imputer_model_mean_acc_on_paper17/model-0003.params"
2023-11-08 13:48:01,405 [INFO]  Epoch[3] Validation-cross-entropy=9.739405
2023-11-08 13:48:01,405 [INFO]  Epoch[3] Validation-mean_acc_on_paper17-accuracy=0.000000
2023-11-08 13:48:01,411 [INFO]  Epoch[4] Batch [0-4]	Speed: 13490.57 samples/sec	cross-entropy=1.537646	mean_acc_on_paper17-accuracy=0.000000
2023-11-08 13:48:01,415 [INFO]  Epoch[4] Train-cross-entropy=1.711440
2023-11-08 13:48:01,415 [INFO]  Epoch[4] Train-mean_acc_on_paper17-accuracy=0.000000
2023-11-08 13:48:01,415 [INFO]  Epoch[4] Time cost=0.010
2023-11-08 13:48:01,416 [INFO]  Saved checkpoint to "./imputer_model/imputer_model_mean_acc_on_paper17/model-0004.params"
2023-11-08 13:48:01,417 [INFO]  Epoch[4] Validation-cross-entropy=9.894391
2023-11-08 13:48:01,417 [INFO]  Epoch[4] Validation-mean_acc_on_paper17-accuracy=0.000000
2023-11-08 13:48:01,417 [INFO]  
========== done (0.07115793228149414 s) fit model
2023-11-08 14:01:24,268 [INFO]  
========== start: fit model
2023-11-08 14:01:24,268 [WARNING]  Already bound, ignoring bind()
2023-11-08 14:01:24,275 [INFO]  Epoch[0] Batch [0-4]	Speed: 13803.44 samples/sec	cross-entropy=26.154889	mean_acc_on_paper17-accuracy=2.000000
2023-11-08 14:01:24,278 [INFO]  Epoch[0] Train-cross-entropy=25.169399
2023-11-08 14:01:24,279 [INFO]  Epoch[0] Train-mean_acc_on_paper17-accuracy=2.375000
2023-11-08 14:01:24,279 [INFO]  Epoch[0] Time cost=0.010
2023-11-08 14:01:24,280 [INFO]  Saved checkpoint to "./imputer_model/imputer_model_mean_acc_on_paper17/model-0000.params"
2023-11-08 14:01:24,280 [INFO]  Epoch[0] Validation-cross-entropy=17.777418
2023-11-08 14:01:24,280 [INFO]  Epoch[0] Validation-mean_acc_on_paper17-accuracy=0.000000
2023-11-08 14:01:24,287 [INFO]  Epoch[1] Batch [0-4]	Speed: 11214.72 samples/sec	cross-entropy=55.658250	mean_acc_on_paper17-accuracy=2.000000
2023-11-08 14:01:24,292 [INFO]  Epoch[1] Train-cross-entropy=47.940732
2023-11-08 14:01:24,293 [INFO]  Epoch[1] Train-mean_acc_on_paper17-accuracy=2.375000
2023-11-08 14:01:24,293 [INFO]  Epoch[1] Time cost=0.012
2023-11-08 14:01:24,296 [INFO]  Saved checkpoint to "./imputer_model/imputer_model_mean_acc_on_paper17/model-0001.params"
2023-11-08 14:01:24,297 [INFO]  Epoch[1] Validation-cross-entropy=13.302156
2023-11-08 14:01:24,297 [INFO]  Epoch[1] Validation-mean_acc_on_paper17-accuracy=0.000000
2023-11-08 14:01:24,303 [INFO]  Epoch[2] Batch [0-4]	Speed: 12174.50 samples/sec	cross-entropy=7.938672	mean_acc_on_paper17-accuracy=2.000000
2023-11-08 14:01:24,306 [INFO]  Epoch[2] Train-cross-entropy=6.739529
2023-11-08 14:01:24,307 [INFO]  Epoch[2] Train-mean_acc_on_paper17-accuracy=2.375000
2023-11-08 14:01:24,307 [INFO]  Epoch[2] Time cost=0.010
2023-11-08 14:01:24,309 [INFO]  Saved checkpoint to "./imputer_model/imputer_model_mean_acc_on_paper17/model-0002.params"
2023-11-08 14:01:24,309 [INFO]  Epoch[2] Validation-cross-entropy=8.283931
2023-11-08 14:01:24,309 [INFO]  Epoch[2] Validation-mean_acc_on_paper17-accuracy=0.000000
2023-11-08 14:01:24,314 [INFO]  Epoch[3] Batch [0-4]	Speed: 16458.34 samples/sec	cross-entropy=2.891395	mean_acc_on_paper17-accuracy=2.000000
2023-11-08 14:01:24,317 [INFO]  Epoch[3] Train-cross-entropy=3.176551
2023-11-08 14:01:24,317 [INFO]  Epoch[3] Train-mean_acc_on_paper17-accuracy=2.375000
2023-11-08 14:01:24,317 [INFO]  Epoch[3] Time cost=0.008
2023-11-08 14:01:24,319 [INFO]  Saved checkpoint to "./imputer_model/imputer_model_mean_acc_on_paper17/model-0003.params"
2023-11-08 14:01:24,319 [INFO]  Epoch[3] Validation-cross-entropy=9.325707
2023-11-08 14:01:24,319 [INFO]  Epoch[3] Validation-mean_acc_on_paper17-accuracy=0.000000
2023-11-08 14:01:24,325 [INFO]  Epoch[4] Batch [0-4]	Speed: 15486.07 samples/sec	cross-entropy=1.514828	mean_acc_on_paper17-accuracy=2.000000
2023-11-08 14:01:24,328 [INFO]  Epoch[4] Train-cross-entropy=1.420933
2023-11-08 14:01:24,328 [INFO]  Epoch[4] Train-mean_acc_on_paper17-accuracy=2.375000
2023-11-08 14:01:24,328 [INFO]  Epoch[4] Time cost=0.008
2023-11-08 14:01:24,329 [INFO]  Saved checkpoint to "./imputer_model/imputer_model_mean_acc_on_paper17/model-0004.params"
2023-11-08 14:01:24,329 [INFO]  Epoch[4] Validation-cross-entropy=11.324847
2023-11-08 14:01:24,330 [INFO]  Epoch[4] Validation-mean_acc_on_paper17-accuracy=0.000000
2023-11-08 14:01:24,330 [INFO]  
========== done (0.06173372268676758 s) fit model
2023-11-08 14:14:49,737 [INFO]  
========== start: fit model
2023-11-08 14:14:49,737 [WARNING]  Already bound, ignoring bind()
2023-11-08 14:14:49,746 [INFO]  Epoch[0] Batch [0-4]	Speed: 10589.17 samples/sec	cross-entropy=19.394431	mean_acc_on_paper17-accuracy=2.200000
2023-11-08 14:14:49,751 [INFO]  Epoch[0] Train-cross-entropy=18.577167
2023-11-08 14:14:49,751 [INFO]  Epoch[0] Train-mean_acc_on_paper17-accuracy=2.250000
2023-11-08 14:14:49,751 [INFO]  Epoch[0] Time cost=0.013
2023-11-08 14:14:49,755 [INFO]  Saved checkpoint to "./imputer_model/imputer_model_mean_acc_on_paper17/model-0000.params"
2023-11-08 14:14:49,756 [INFO]  Epoch[0] Validation-cross-entropy=16.340815
2023-11-08 14:14:49,756 [INFO]  Epoch[0] Validation-mean_acc_on_paper17-accuracy=0.000000
2023-11-08 14:14:49,761 [INFO]  Epoch[1] Batch [0-4]	Speed: 16030.78 samples/sec	cross-entropy=45.442271	mean_acc_on_paper17-accuracy=2.200000
2023-11-08 14:14:49,765 [INFO]  Epoch[1] Train-cross-entropy=39.770632
2023-11-08 14:14:49,765 [INFO]  Epoch[1] Train-mean_acc_on_paper17-accuracy=2.250000
2023-11-08 14:14:49,765 [INFO]  Epoch[1] Time cost=0.009
2023-11-08 14:14:49,767 [INFO]  Saved checkpoint to "./imputer_model/imputer_model_mean_acc_on_paper17/model-0001.params"
2023-11-08 14:14:49,767 [INFO]  Epoch[1] Validation-cross-entropy=37.735825
2023-11-08 14:14:49,767 [INFO]  Epoch[1] Validation-mean_acc_on_paper17-accuracy=0.000000
2023-11-08 14:14:49,772 [INFO]  Epoch[2] Batch [0-4]	Speed: 18585.85 samples/sec	cross-entropy=8.097096	mean_acc_on_paper17-accuracy=2.200000
2023-11-08 14:14:49,775 [INFO]  Epoch[2] Train-cross-entropy=12.979852
2023-11-08 14:14:49,775 [INFO]  Epoch[2] Train-mean_acc_on_paper17-accuracy=2.250000
2023-11-08 14:14:49,775 [INFO]  Epoch[2] Time cost=0.007
2023-11-08 14:14:49,777 [INFO]  Saved checkpoint to "./imputer_model/imputer_model_mean_acc_on_paper17/model-0002.params"
2023-11-08 14:14:49,777 [INFO]  Epoch[2] Validation-cross-entropy=22.615595
2023-11-08 14:14:49,777 [INFO]  Epoch[2] Validation-mean_acc_on_paper17-accuracy=0.000000
2023-11-08 14:14:49,783 [INFO]  Epoch[3] Batch [0-4]	Speed: 15164.99 samples/sec	cross-entropy=4.477018	mean_acc_on_paper17-accuracy=2.200000
2023-11-08 14:14:49,786 [INFO]  Epoch[3] Train-cross-entropy=5.286369
2023-11-08 14:14:49,786 [INFO]  Epoch[3] Train-mean_acc_on_paper17-accuracy=2.250000
2023-11-08 14:14:49,786 [INFO]  Epoch[3] Time cost=0.009
2023-11-08 14:14:49,788 [INFO]  Saved checkpoint to "./imputer_model/imputer_model_mean_acc_on_paper17/model-0003.params"
2023-11-08 14:14:49,789 [INFO]  Epoch[3] Validation-cross-entropy=26.828976
2023-11-08 14:14:49,789 [INFO]  Epoch[3] Validation-mean_acc_on_paper17-accuracy=0.000000
2023-11-08 14:14:49,793 [INFO]  Epoch[4] Batch [0-4]	Speed: 19667.04 samples/sec	cross-entropy=3.728953	mean_acc_on_paper17-accuracy=2.200000
2023-11-08 14:14:49,795 [INFO]  Epoch[4] Train-cross-entropy=2.760416
2023-11-08 14:14:49,795 [INFO]  Epoch[4] Train-mean_acc_on_paper17-accuracy=2.250000
2023-11-08 14:14:49,795 [INFO]  Epoch[4] Time cost=0.007
2023-11-08 14:14:49,797 [INFO]  Saved checkpoint to "./imputer_model/imputer_model_mean_acc_on_paper17/model-0004.params"
2023-11-08 14:14:49,797 [INFO]  Epoch[4] Validation-cross-entropy=20.319941
2023-11-08 14:14:49,797 [INFO]  Epoch[4] Validation-mean_acc_on_paper17-accuracy=0.000000
2023-11-08 14:14:49,797 [INFO]  
========== done (0.06014657020568848 s) fit model
2023-11-08 14:28:26,485 [INFO]  
========== start: fit model
2023-11-08 14:28:26,485 [WARNING]  Already bound, ignoring bind()
2023-11-08 14:28:26,493 [INFO]  Epoch[0] Batch [0-4]	Speed: 12292.69 samples/sec	cross-entropy=21.699172	mean_acc_on_paper17-accuracy=2.600000
2023-11-08 14:28:26,497 [INFO]  Epoch[0] Train-cross-entropy=20.447741
2023-11-08 14:28:26,498 [INFO]  Epoch[0] Train-mean_acc_on_paper17-accuracy=2.500000
2023-11-08 14:28:26,498 [INFO]  Epoch[0] Time cost=0.012
2023-11-08 14:28:26,501 [INFO]  Saved checkpoint to "./imputer_model/imputer_model_mean_acc_on_paper17/model-0000.params"
2023-11-08 14:28:26,502 [INFO]  Epoch[0] Validation-cross-entropy=41.876331
2023-11-08 14:28:26,502 [INFO]  Epoch[0] Validation-mean_acc_on_paper17-accuracy=0.000000
2023-11-08 14:28:26,510 [INFO]  Epoch[1] Batch [0-4]	Speed: 11404.34 samples/sec	cross-entropy=19.475755	mean_acc_on_paper17-accuracy=2.600000
2023-11-08 14:28:26,513 [INFO]  Epoch[1] Train-cross-entropy=20.677287
2023-11-08 14:28:26,514 [INFO]  Epoch[1] Train-mean_acc_on_paper17-accuracy=2.500000
2023-11-08 14:28:26,514 [INFO]  Epoch[1] Time cost=0.011
2023-11-08 14:28:26,516 [INFO]  Saved checkpoint to "./imputer_model/imputer_model_mean_acc_on_paper17/model-0001.params"
2023-11-08 14:28:26,517 [INFO]  Epoch[1] Validation-cross-entropy=31.003986
2023-11-08 14:28:26,517 [INFO]  Epoch[1] Validation-mean_acc_on_paper17-accuracy=0.000000
2023-11-08 14:28:26,522 [INFO]  Epoch[2] Batch [0-4]	Speed: 15977.35 samples/sec	cross-entropy=5.958580	mean_acc_on_paper17-accuracy=2.600000
2023-11-08 14:28:26,525 [INFO]  Epoch[2] Train-cross-entropy=6.357535
2023-11-08 14:28:26,525 [INFO]  Epoch[2] Train-mean_acc_on_paper17-accuracy=2.500000
2023-11-08 14:28:26,525 [INFO]  Epoch[2] Time cost=0.008
2023-11-08 14:28:26,527 [INFO]  Saved checkpoint to "./imputer_model/imputer_model_mean_acc_on_paper17/model-0002.params"
2023-11-08 14:28:26,527 [INFO]  Epoch[2] Validation-cross-entropy=11.277761
2023-11-08 14:28:26,527 [INFO]  Epoch[2] Validation-mean_acc_on_paper17-accuracy=0.000000
2023-11-08 14:28:26,533 [INFO]  Epoch[3] Batch [0-4]	Speed: 13888.42 samples/sec	cross-entropy=2.891170	mean_acc_on_paper17-accuracy=2.600000
2023-11-08 14:28:26,538 [INFO]  Epoch[3] Train-cross-entropy=2.422089
2023-11-08 14:28:26,538 [INFO]  Epoch[3] Train-mean_acc_on_paper17-accuracy=2.500000
2023-11-08 14:28:26,538 [INFO]  Epoch[3] Time cost=0.011
2023-11-08 14:28:26,541 [INFO]  Saved checkpoint to "./imputer_model/imputer_model_mean_acc_on_paper17/model-0003.params"
2023-11-08 14:28:26,542 [INFO]  Epoch[3] Validation-cross-entropy=15.564256
2023-11-08 14:28:26,542 [INFO]  Epoch[3] Validation-mean_acc_on_paper17-accuracy=0.000000
2023-11-08 14:28:26,550 [INFO]  Epoch[4] Batch [0-4]	Speed: 10706.16 samples/sec	cross-entropy=2.414670	mean_acc_on_paper17-accuracy=2.600000
2023-11-08 14:28:26,553 [INFO]  Epoch[4] Train-cross-entropy=1.767591
2023-11-08 14:28:26,553 [INFO]  Epoch[4] Train-mean_acc_on_paper17-accuracy=2.500000
2023-11-08 14:28:26,553 [INFO]  Epoch[4] Time cost=0.011
2023-11-08 14:28:26,555 [INFO]  Saved checkpoint to "./imputer_model/imputer_model_mean_acc_on_paper17/model-0004.params"
2023-11-08 14:28:26,556 [INFO]  Epoch[4] Validation-cross-entropy=14.278484
2023-11-08 14:28:26,556 [INFO]  Epoch[4] Validation-mean_acc_on_paper17-accuracy=0.000000
2023-11-08 14:28:26,556 [INFO]  
========== done (0.07132768630981445 s) fit model
2023-11-08 14:42:31,218 [INFO]  
========== start: fit model
2023-11-08 14:42:31,218 [WARNING]  Already bound, ignoring bind()
2023-11-08 14:42:31,225 [INFO]  Epoch[0] Batch [0-4]	Speed: 13827.61 samples/sec	cross-entropy=22.482843	mean_acc_on_paper17-accuracy=0.000000
2023-11-08 14:42:31,229 [INFO]  Epoch[0] Train-cross-entropy=23.462546
2023-11-08 14:42:31,229 [INFO]  Epoch[0] Train-mean_acc_on_paper17-accuracy=0.000000
2023-11-08 14:42:31,229 [INFO]  Epoch[0] Time cost=0.010
2023-11-08 14:42:31,233 [INFO]  Saved checkpoint to "./imputer_model/imputer_model_mean_acc_on_paper17/model-0000.params"
2023-11-08 14:42:31,234 [INFO]  Epoch[0] Validation-cross-entropy=28.633648
2023-11-08 14:42:31,234 [INFO]  Epoch[0] Validation-mean_acc_on_paper17-accuracy=0.000000
2023-11-08 14:42:31,241 [INFO]  Epoch[1] Batch [0-4]	Speed: 12854.87 samples/sec	cross-entropy=31.966137	mean_acc_on_paper17-accuracy=0.000000
2023-11-08 14:42:31,245 [INFO]  Epoch[1] Train-cross-entropy=30.376983
2023-11-08 14:42:31,245 [INFO]  Epoch[1] Train-mean_acc_on_paper17-accuracy=0.000000
2023-11-08 14:42:31,245 [INFO]  Epoch[1] Time cost=0.011
2023-11-08 14:42:31,247 [INFO]  Saved checkpoint to "./imputer_model/imputer_model_mean_acc_on_paper17/model-0001.params"
2023-11-08 14:42:31,248 [INFO]  Epoch[1] Validation-cross-entropy=19.306643
2023-11-08 14:42:31,248 [INFO]  Epoch[1] Validation-mean_acc_on_paper17-accuracy=0.000000
2023-11-08 14:42:31,253 [INFO]  Epoch[2] Batch [0-4]	Speed: 18798.00 samples/sec	cross-entropy=3.952332	mean_acc_on_paper17-accuracy=0.000000
2023-11-08 14:42:31,255 [INFO]  Epoch[2] Train-cross-entropy=4.160381
2023-11-08 14:42:31,255 [INFO]  Epoch[2] Train-mean_acc_on_paper17-accuracy=0.000000
2023-11-08 14:42:31,255 [INFO]  Epoch[2] Time cost=0.007
2023-11-08 14:42:31,257 [INFO]  Saved checkpoint to "./imputer_model/imputer_model_mean_acc_on_paper17/model-0002.params"
2023-11-08 14:42:31,258 [INFO]  Epoch[2] Validation-cross-entropy=9.171601
2023-11-08 14:42:31,258 [INFO]  Epoch[2] Validation-mean_acc_on_paper17-accuracy=0.000000
2023-11-08 14:42:31,262 [INFO]  Epoch[3] Batch [0-4]	Speed: 21116.70 samples/sec	cross-entropy=2.978080	mean_acc_on_paper17-accuracy=0.000000
2023-11-08 14:42:31,264 [INFO]  Epoch[3] Train-cross-entropy=2.305798
2023-11-08 14:42:31,264 [INFO]  Epoch[3] Train-mean_acc_on_paper17-accuracy=0.000000
2023-11-08 14:42:31,264 [INFO]  Epoch[3] Time cost=0.006
2023-11-08 14:42:31,266 [INFO]  Saved checkpoint to "./imputer_model/imputer_model_mean_acc_on_paper17/model-0003.params"
2023-11-08 14:42:31,266 [INFO]  Epoch[3] Validation-cross-entropy=5.594415
2023-11-08 14:42:31,266 [INFO]  Epoch[3] Validation-mean_acc_on_paper17-accuracy=0.000000
2023-11-08 14:42:31,270 [INFO]  Epoch[4] Batch [0-4]	Speed: 19832.69 samples/sec	cross-entropy=1.539933	mean_acc_on_paper17-accuracy=0.000000
2023-11-08 14:42:31,273 [INFO]  Epoch[4] Train-cross-entropy=1.160141
2023-11-08 14:42:31,273 [INFO]  Epoch[4] Train-mean_acc_on_paper17-accuracy=0.000000
2023-11-08 14:42:31,273 [INFO]  Epoch[4] Time cost=0.007
2023-11-08 14:42:31,274 [INFO]  Saved checkpoint to "./imputer_model/imputer_model_mean_acc_on_paper17/model-0004.params"
2023-11-08 14:42:31,274 [INFO]  Epoch[4] Validation-cross-entropy=6.495002
2023-11-08 14:42:31,274 [INFO]  Epoch[4] Validation-mean_acc_on_paper17-accuracy=0.000000
2023-11-08 14:42:31,274 [INFO]  
========== done (0.05650019645690918 s) fit model
2023-11-08 14:56:35,869 [INFO]  
========== start: fit model
2023-11-08 14:56:35,869 [WARNING]  Already bound, ignoring bind()
2023-11-08 14:56:35,875 [INFO]  Epoch[0] Batch [0-4]	Speed: 15980.20 samples/sec	cross-entropy=20.482806	mean_acc_on_paper17-accuracy=2.600000
2023-11-08 14:56:35,879 [INFO]  Epoch[0] Train-cross-entropy=24.105214
2023-11-08 14:56:35,879 [INFO]  Epoch[0] Train-mean_acc_on_paper17-accuracy=2.750000
2023-11-08 14:56:35,879 [INFO]  Epoch[0] Time cost=0.009
2023-11-08 14:56:35,880 [INFO]  Saved checkpoint to "./imputer_model/imputer_model_mean_acc_on_paper17/model-0000.params"
2023-11-08 14:56:35,880 [INFO]  Epoch[0] Validation-cross-entropy=22.044619
2023-11-08 14:56:35,881 [INFO]  Epoch[0] Validation-mean_acc_on_paper17-accuracy=0.000000
2023-11-08 14:56:35,887 [INFO]  Epoch[1] Batch [0-4]	Speed: 11273.12 samples/sec	cross-entropy=45.595581	mean_acc_on_paper17-accuracy=2.600000
2023-11-08 14:56:35,892 [INFO]  Epoch[1] Train-cross-entropy=33.448336
2023-11-08 14:56:35,892 [INFO]  Epoch[1] Train-mean_acc_on_paper17-accuracy=2.750000
2023-11-08 14:56:35,892 [INFO]  Epoch[1] Time cost=0.011
2023-11-08 14:56:35,894 [INFO]  Saved checkpoint to "./imputer_model/imputer_model_mean_acc_on_paper17/model-0001.params"
2023-11-08 14:56:35,895 [INFO]  Epoch[1] Validation-cross-entropy=29.406700
2023-11-08 14:56:35,895 [INFO]  Epoch[1] Validation-mean_acc_on_paper17-accuracy=0.000000
2023-11-08 14:56:35,902 [INFO]  Epoch[2] Batch [0-4]	Speed: 12558.97 samples/sec	cross-entropy=9.842029	mean_acc_on_paper17-accuracy=2.600000
2023-11-08 14:56:35,906 [INFO]  Epoch[2] Train-cross-entropy=8.702006
2023-11-08 14:56:35,906 [INFO]  Epoch[2] Train-mean_acc_on_paper17-accuracy=2.750000
2023-11-08 14:56:35,906 [INFO]  Epoch[2] Time cost=0.011
2023-11-08 14:56:35,908 [INFO]  Saved checkpoint to "./imputer_model/imputer_model_mean_acc_on_paper17/model-0002.params"
2023-11-08 14:56:35,909 [INFO]  Epoch[2] Validation-cross-entropy=22.103899
2023-11-08 14:56:35,909 [INFO]  Epoch[2] Validation-mean_acc_on_paper17-accuracy=0.000000
2023-11-08 14:56:35,915 [INFO]  Epoch[3] Batch [0-4]	Speed: 13355.00 samples/sec	cross-entropy=4.181355	mean_acc_on_paper17-accuracy=2.600000
2023-11-08 14:56:35,918 [INFO]  Epoch[3] Train-cross-entropy=4.321795
2023-11-08 14:56:35,919 [INFO]  Epoch[3] Train-mean_acc_on_paper17-accuracy=2.750000
2023-11-08 14:56:35,919 [INFO]  Epoch[3] Time cost=0.010
2023-11-08 14:56:35,920 [INFO]  Saved checkpoint to "./imputer_model/imputer_model_mean_acc_on_paper17/model-0003.params"
2023-11-08 14:56:35,921 [INFO]  Epoch[3] Validation-cross-entropy=17.020849
2023-11-08 14:56:35,921 [INFO]  Epoch[3] Validation-mean_acc_on_paper17-accuracy=0.000000
2023-11-08 14:56:35,927 [INFO]  Epoch[4] Batch [0-4]	Speed: 13920.11 samples/sec	cross-entropy=1.743232	mean_acc_on_paper17-accuracy=2.600000
2023-11-08 14:56:35,931 [INFO]  Epoch[4] Train-cross-entropy=1.414684
2023-11-08 14:56:35,931 [INFO]  Epoch[4] Train-mean_acc_on_paper17-accuracy=2.750000
2023-11-08 14:56:35,931 [INFO]  Epoch[4] Time cost=0.010
2023-11-08 14:56:35,932 [INFO]  Saved checkpoint to "./imputer_model/imputer_model_mean_acc_on_paper17/model-0004.params"
2023-11-08 14:56:35,933 [INFO]  Epoch[4] Validation-cross-entropy=14.936026
2023-11-08 14:56:35,933 [INFO]  Epoch[4] Validation-mean_acc_on_paper17-accuracy=0.000000
2023-11-08 14:56:35,933 [INFO]  
========== done (0.06397151947021484 s) fit model
