2024-02-02 16:15:22,683 [INFO]  
========== start: fit model
2024-02-02 16:15:22,683 [WARNING]  Already bound, ignoring bind()
2024-02-02 16:15:22,690 [INFO]  Epoch[0] Batch [0-7]	Speed: 23069.39 samples/sec	cross-entropy=9.637049	fbs-accuracy=0.000000
2024-02-02 16:15:22,695 [INFO]  Epoch[0] Train-cross-entropy=7.143830
2024-02-02 16:15:22,695 [INFO]  Epoch[0] Train-fbs-accuracy=0.000000
2024-02-02 16:15:22,695 [INFO]  Epoch[0] Time cost=0.011
2024-02-02 16:15:22,696 [INFO]  Saved checkpoint to "./imputer_model/imputer_model_fbs/model-0000.params"
2024-02-02 16:15:22,696 [INFO]  Epoch[0] Validation-cross-entropy=2.270924
2024-02-02 16:15:22,696 [INFO]  Epoch[0] Validation-fbs-accuracy=0.000000
2024-02-02 16:15:22,701 [INFO]  Epoch[1] Batch [0-7]	Speed: 27620.06 samples/sec	cross-entropy=1.107592	fbs-accuracy=0.000000
2024-02-02 16:15:22,705 [INFO]  Epoch[1] Train-cross-entropy=0.994642
2024-02-02 16:15:22,705 [INFO]  Epoch[1] Train-fbs-accuracy=0.000000
2024-02-02 16:15:22,705 [INFO]  Epoch[1] Time cost=0.008
2024-02-02 16:15:22,706 [INFO]  Saved checkpoint to "./imputer_model/imputer_model_fbs/model-0001.params"
2024-02-02 16:15:22,707 [INFO]  Epoch[1] Validation-cross-entropy=0.411095
2024-02-02 16:15:22,707 [INFO]  Epoch[1] Validation-fbs-accuracy=0.000000
2024-02-02 16:15:22,711 [INFO]  Epoch[2] Batch [0-7]	Speed: 27814.68 samples/sec	cross-entropy=0.831935	fbs-accuracy=0.000000
2024-02-02 16:15:22,715 [INFO]  Epoch[2] Train-cross-entropy=0.627720
2024-02-02 16:15:22,715 [INFO]  Epoch[2] Train-fbs-accuracy=0.000000
2024-02-02 16:15:22,715 [INFO]  Epoch[2] Time cost=0.008
2024-02-02 16:15:22,716 [INFO]  Saved checkpoint to "./imputer_model/imputer_model_fbs/model-0002.params"
2024-02-02 16:15:22,717 [INFO]  Epoch[2] Validation-cross-entropy=0.393833
2024-02-02 16:15:22,717 [INFO]  Epoch[2] Validation-fbs-accuracy=0.000000
2024-02-02 16:15:22,723 [INFO]  Epoch[3] Batch [0-7]	Speed: 21507.28 samples/sec	cross-entropy=0.341284	fbs-accuracy=0.000000
2024-02-02 16:15:22,726 [INFO]  Epoch[3] Train-cross-entropy=0.324825
2024-02-02 16:15:22,726 [INFO]  Epoch[3] Train-fbs-accuracy=0.000000
2024-02-02 16:15:22,726 [INFO]  Epoch[3] Time cost=0.009
2024-02-02 16:15:22,727 [INFO]  Saved checkpoint to "./imputer_model/imputer_model_fbs/model-0003.params"
2024-02-02 16:15:22,728 [INFO]  Epoch[3] Validation-cross-entropy=0.331293
2024-02-02 16:15:22,728 [INFO]  Epoch[3] Validation-fbs-accuracy=0.000000
2024-02-02 16:15:22,733 [INFO]  Epoch[4] Batch [0-7]	Speed: 23402.68 samples/sec	cross-entropy=0.246088	fbs-accuracy=0.000000
2024-02-02 16:15:22,737 [INFO]  Epoch[4] Train-cross-entropy=0.230880
2024-02-02 16:15:22,738 [INFO]  Epoch[4] Train-fbs-accuracy=0.000000
2024-02-02 16:15:22,738 [INFO]  Epoch[4] Time cost=0.010
2024-02-02 16:15:22,739 [INFO]  Saved checkpoint to "./imputer_model/imputer_model_fbs/model-0004.params"
2024-02-02 16:15:22,740 [INFO]  Epoch[4] Validation-cross-entropy=0.268434
2024-02-02 16:15:22,740 [INFO]  Epoch[4] Validation-fbs-accuracy=0.000000
2024-02-02 16:15:22,740 [INFO]  
========== done (0.056540489196777344 s) fit model
2024-02-02 16:15:27,568 [INFO]  
========== start: fit model
2024-02-02 16:15:27,569 [WARNING]  Already bound, ignoring bind()
2024-02-02 16:15:27,575 [INFO]  Epoch[0] Batch [0-7]	Speed: 23202.71 samples/sec	cross-entropy=10.977842	fbs-accuracy=3.125000
2024-02-02 16:15:27,584 [INFO]  Epoch[0] Train-cross-entropy=9.336997
2024-02-02 16:15:27,584 [INFO]  Epoch[0] Train-fbs-accuracy=2.928571
2024-02-02 16:15:27,584 [INFO]  Epoch[0] Time cost=0.015
2024-02-02 16:15:27,587 [INFO]  Saved checkpoint to "./imputer_model/imputer_model_fbs/model-0000.params"
2024-02-02 16:15:27,588 [INFO]  Epoch[0] Validation-cross-entropy=1.905470
2024-02-02 16:15:27,588 [INFO]  Epoch[0] Validation-fbs-accuracy=0.000000
2024-02-02 16:15:27,598 [INFO]  Epoch[1] Batch [0-7]	Speed: 14714.09 samples/sec	cross-entropy=1.734324	fbs-accuracy=3.125000
2024-02-02 16:15:27,603 [INFO]  Epoch[1] Train-cross-entropy=1.405919
2024-02-02 16:15:27,603 [INFO]  Epoch[1] Train-fbs-accuracy=2.928571
2024-02-02 16:15:27,603 [INFO]  Epoch[1] Time cost=0.015
2024-02-02 16:15:27,605 [INFO]  Saved checkpoint to "./imputer_model/imputer_model_fbs/model-0001.params"
2024-02-02 16:15:27,605 [INFO]  Epoch[1] Validation-cross-entropy=0.692322
2024-02-02 16:15:27,605 [INFO]  Epoch[1] Validation-fbs-accuracy=0.000000
2024-02-02 16:15:27,611 [INFO]  Epoch[2] Batch [0-7]	Speed: 23744.54 samples/sec	cross-entropy=0.734651	fbs-accuracy=3.125000
2024-02-02 16:15:27,615 [INFO]  Epoch[2] Train-cross-entropy=0.676083
2024-02-02 16:15:27,615 [INFO]  Epoch[2] Train-fbs-accuracy=2.928571
2024-02-02 16:15:27,615 [INFO]  Epoch[2] Time cost=0.009
2024-02-02 16:15:27,616 [INFO]  Saved checkpoint to "./imputer_model/imputer_model_fbs/model-0002.params"
2024-02-02 16:15:27,616 [INFO]  Epoch[2] Validation-cross-entropy=0.557324
2024-02-02 16:15:27,616 [INFO]  Epoch[2] Validation-fbs-accuracy=0.000000
2024-02-02 16:15:27,621 [INFO]  Epoch[3] Batch [0-7]	Speed: 28758.01 samples/sec	cross-entropy=0.606589	fbs-accuracy=3.125000
2024-02-02 16:15:27,625 [INFO]  Epoch[3] Train-cross-entropy=0.506965
2024-02-02 16:15:27,625 [INFO]  Epoch[3] Train-fbs-accuracy=2.928571
2024-02-02 16:15:27,625 [INFO]  Epoch[3] Time cost=0.008
2024-02-02 16:15:27,626 [INFO]  Saved checkpoint to "./imputer_model/imputer_model_fbs/model-0003.params"
2024-02-02 16:15:27,626 [INFO]  Epoch[3] Validation-cross-entropy=0.420876
2024-02-02 16:15:27,626 [INFO]  Epoch[3] Validation-fbs-accuracy=0.000000
2024-02-02 16:15:27,631 [INFO]  Epoch[4] Batch [0-7]	Speed: 27014.90 samples/sec	cross-entropy=0.382499	fbs-accuracy=3.125000
2024-02-02 16:15:27,635 [INFO]  Epoch[4] Train-cross-entropy=0.328632
2024-02-02 16:15:27,635 [INFO]  Epoch[4] Train-fbs-accuracy=2.928571
2024-02-02 16:15:27,635 [INFO]  Epoch[4] Time cost=0.009
2024-02-02 16:15:27,636 [INFO]  Saved checkpoint to "./imputer_model/imputer_model_fbs/model-0004.params"
2024-02-02 16:15:27,637 [INFO]  Epoch[4] Validation-cross-entropy=0.276770
2024-02-02 16:15:27,637 [INFO]  Epoch[4] Validation-fbs-accuracy=0.000000
2024-02-02 16:15:27,637 [INFO]  
========== done (0.06846237182617188 s) fit model
2024-02-02 16:15:30,885 [INFO]  
========== start: fit model
2024-02-02 16:15:30,885 [WARNING]  Already bound, ignoring bind()
2024-02-02 16:15:30,894 [INFO]  Epoch[0] Batch [0-7]	Speed: 18105.37 samples/sec	cross-entropy=23.853268	fbs-accuracy=3.375000
2024-02-02 16:15:30,898 [INFO]  Epoch[0] Train-cross-entropy=19.244292
2024-02-02 16:15:30,898 [INFO]  Epoch[0] Train-fbs-accuracy=3.071429
2024-02-02 16:15:30,898 [INFO]  Epoch[0] Time cost=0.012
2024-02-02 16:15:30,900 [INFO]  Saved checkpoint to "./imputer_model/imputer_model_fbs/model-0000.params"
2024-02-02 16:15:30,901 [INFO]  Epoch[0] Validation-cross-entropy=4.966780
2024-02-02 16:15:30,901 [INFO]  Epoch[0] Validation-fbs-accuracy=0.000000
2024-02-02 16:15:30,906 [INFO]  Epoch[1] Batch [0-7]	Speed: 26431.22 samples/sec	cross-entropy=6.428327	fbs-accuracy=3.375000
2024-02-02 16:15:30,909 [INFO]  Epoch[1] Train-cross-entropy=5.089160
2024-02-02 16:15:30,909 [INFO]  Epoch[1] Train-fbs-accuracy=3.071429
2024-02-02 16:15:30,909 [INFO]  Epoch[1] Time cost=0.009
2024-02-02 16:15:30,911 [INFO]  Saved checkpoint to "./imputer_model/imputer_model_fbs/model-0001.params"
2024-02-02 16:15:30,912 [INFO]  Epoch[1] Validation-cross-entropy=0.950227
2024-02-02 16:15:30,912 [INFO]  Epoch[1] Validation-fbs-accuracy=0.000000
2024-02-02 16:15:30,917 [INFO]  Epoch[2] Batch [0-7]	Speed: 27272.11 samples/sec	cross-entropy=1.862908	fbs-accuracy=3.375000
2024-02-02 16:15:30,920 [INFO]  Epoch[2] Train-cross-entropy=1.498878
2024-02-02 16:15:30,920 [INFO]  Epoch[2] Train-fbs-accuracy=3.071429
2024-02-02 16:15:30,920 [INFO]  Epoch[2] Time cost=0.008
2024-02-02 16:15:30,922 [INFO]  Saved checkpoint to "./imputer_model/imputer_model_fbs/model-0002.params"
2024-02-02 16:15:30,922 [INFO]  Epoch[2] Validation-cross-entropy=0.663575
2024-02-02 16:15:30,923 [INFO]  Epoch[2] Validation-fbs-accuracy=0.000000
2024-02-02 16:15:30,927 [INFO]  Epoch[3] Batch [0-7]	Speed: 28527.48 samples/sec	cross-entropy=0.855765	fbs-accuracy=3.375000
2024-02-02 16:15:30,931 [INFO]  Epoch[3] Train-cross-entropy=0.769236
2024-02-02 16:15:30,931 [INFO]  Epoch[3] Train-fbs-accuracy=3.071429
2024-02-02 16:15:30,931 [INFO]  Epoch[3] Time cost=0.008
2024-02-02 16:15:30,932 [INFO]  Saved checkpoint to "./imputer_model/imputer_model_fbs/model-0003.params"
2024-02-02 16:15:30,933 [INFO]  Epoch[3] Validation-cross-entropy=0.479119
2024-02-02 16:15:30,933 [INFO]  Epoch[3] Validation-fbs-accuracy=0.000000
2024-02-02 16:15:30,937 [INFO]  Epoch[4] Batch [0-7]	Speed: 28992.29 samples/sec	cross-entropy=0.493699	fbs-accuracy=3.375000
2024-02-02 16:15:30,941 [INFO]  Epoch[4] Train-cross-entropy=0.501781
2024-02-02 16:15:30,941 [INFO]  Epoch[4] Train-fbs-accuracy=3.071429
2024-02-02 16:15:30,941 [INFO]  Epoch[4] Time cost=0.008
2024-02-02 16:15:30,942 [INFO]  Saved checkpoint to "./imputer_model/imputer_model_fbs/model-0004.params"
2024-02-02 16:15:30,943 [INFO]  Epoch[4] Validation-cross-entropy=0.376390
2024-02-02 16:15:30,943 [INFO]  Epoch[4] Validation-fbs-accuracy=0.000000
2024-02-02 16:15:30,943 [INFO]  
========== done (0.05809521675109863 s) fit model
2024-02-02 16:15:34,128 [INFO]  
========== start: fit model
2024-02-02 16:15:34,128 [WARNING]  Already bound, ignoring bind()
2024-02-02 16:15:34,135 [INFO]  Epoch[0] Batch [0-7]	Speed: 21878.91 samples/sec	cross-entropy=20.401997	fbs-accuracy=3.500000
2024-02-02 16:15:34,139 [INFO]  Epoch[0] Train-cross-entropy=15.641926
2024-02-02 16:15:34,140 [INFO]  Epoch[0] Train-fbs-accuracy=3.428571
2024-02-02 16:15:34,140 [INFO]  Epoch[0] Time cost=0.011
2024-02-02 16:15:34,143 [INFO]  Saved checkpoint to "./imputer_model/imputer_model_fbs/model-0000.params"
2024-02-02 16:15:34,144 [INFO]  Epoch[0] Validation-cross-entropy=6.541982
2024-02-02 16:15:34,144 [INFO]  Epoch[0] Validation-fbs-accuracy=0.000000
2024-02-02 16:15:34,154 [INFO]  Epoch[1] Batch [0-7]	Speed: 13654.68 samples/sec	cross-entropy=5.115920	fbs-accuracy=3.500000
2024-02-02 16:15:34,159 [INFO]  Epoch[1] Train-cross-entropy=4.014429
2024-02-02 16:15:34,159 [INFO]  Epoch[1] Train-fbs-accuracy=3.428571
2024-02-02 16:15:34,159 [INFO]  Epoch[1] Time cost=0.015
2024-02-02 16:15:34,162 [INFO]  Saved checkpoint to "./imputer_model/imputer_model_fbs/model-0001.params"
2024-02-02 16:15:34,163 [INFO]  Epoch[1] Validation-cross-entropy=1.480469
2024-02-02 16:15:34,163 [INFO]  Epoch[1] Validation-fbs-accuracy=0.000000
2024-02-02 16:15:34,170 [INFO]  Epoch[2] Batch [0-7]	Speed: 18653.19 samples/sec	cross-entropy=1.194019	fbs-accuracy=3.500000
2024-02-02 16:15:34,175 [INFO]  Epoch[2] Train-cross-entropy=1.001854
2024-02-02 16:15:34,175 [INFO]  Epoch[2] Train-fbs-accuracy=3.428571
2024-02-02 16:15:34,175 [INFO]  Epoch[2] Time cost=0.013
2024-02-02 16:15:34,177 [INFO]  Saved checkpoint to "./imputer_model/imputer_model_fbs/model-0002.params"
2024-02-02 16:15:34,177 [INFO]  Epoch[2] Validation-cross-entropy=0.744840
2024-02-02 16:15:34,177 [INFO]  Epoch[2] Validation-fbs-accuracy=0.000000
2024-02-02 16:15:34,182 [INFO]  Epoch[3] Batch [0-7]	Speed: 25999.67 samples/sec	cross-entropy=0.671534	fbs-accuracy=3.500000
2024-02-02 16:15:34,187 [INFO]  Epoch[3] Train-cross-entropy=0.557290
2024-02-02 16:15:34,187 [INFO]  Epoch[3] Train-fbs-accuracy=3.428571
2024-02-02 16:15:34,187 [INFO]  Epoch[3] Time cost=0.010
2024-02-02 16:15:34,188 [INFO]  Saved checkpoint to "./imputer_model/imputer_model_fbs/model-0003.params"
2024-02-02 16:15:34,189 [INFO]  Epoch[3] Validation-cross-entropy=0.688105
2024-02-02 16:15:34,189 [INFO]  Epoch[3] Validation-fbs-accuracy=0.000000
2024-02-02 16:15:34,194 [INFO]  Epoch[4] Batch [0-7]	Speed: 25224.83 samples/sec	cross-entropy=0.327134	fbs-accuracy=3.500000
2024-02-02 16:15:34,198 [INFO]  Epoch[4] Train-cross-entropy=0.306546
2024-02-02 16:15:34,198 [INFO]  Epoch[4] Train-fbs-accuracy=3.428571
2024-02-02 16:15:34,198 [INFO]  Epoch[4] Time cost=0.009
2024-02-02 16:15:34,200 [INFO]  Saved checkpoint to "./imputer_model/imputer_model_fbs/model-0004.params"
2024-02-02 16:15:34,201 [INFO]  Epoch[4] Validation-cross-entropy=0.620560
2024-02-02 16:15:34,201 [INFO]  Epoch[4] Validation-fbs-accuracy=0.000000
2024-02-02 16:15:34,201 [INFO]  
========== done (0.07311534881591797 s) fit model
2024-02-02 16:15:37,562 [INFO]  
========== start: fit model
2024-02-02 16:15:37,562 [WARNING]  Already bound, ignoring bind()
2024-02-02 16:15:37,568 [INFO]  Epoch[0] Batch [0-7]	Speed: 23755.35 samples/sec	cross-entropy=17.047722	fbs-accuracy=0.000000
2024-02-02 16:15:37,572 [INFO]  Epoch[0] Train-cross-entropy=12.817671
2024-02-02 16:15:37,572 [INFO]  Epoch[0] Train-fbs-accuracy=0.000000
2024-02-02 16:15:37,572 [INFO]  Epoch[0] Time cost=0.010
2024-02-02 16:15:37,574 [INFO]  Saved checkpoint to "./imputer_model/imputer_model_fbs/model-0000.params"
2024-02-02 16:15:37,574 [INFO]  Epoch[0] Validation-cross-entropy=2.512767
2024-02-02 16:15:37,574 [INFO]  Epoch[0] Validation-fbs-accuracy=0.000000
2024-02-02 16:15:37,579 [INFO]  Epoch[1] Batch [0-7]	Speed: 27400.96 samples/sec	cross-entropy=2.847707	fbs-accuracy=0.000000
2024-02-02 16:15:37,582 [INFO]  Epoch[1] Train-cross-entropy=2.191337
2024-02-02 16:15:37,583 [INFO]  Epoch[1] Train-fbs-accuracy=0.000000
2024-02-02 16:15:37,583 [INFO]  Epoch[1] Time cost=0.008
2024-02-02 16:15:37,584 [INFO]  Saved checkpoint to "./imputer_model/imputer_model_fbs/model-0001.params"
2024-02-02 16:15:37,584 [INFO]  Epoch[1] Validation-cross-entropy=0.564277
2024-02-02 16:15:37,584 [INFO]  Epoch[1] Validation-fbs-accuracy=0.000000
2024-02-02 16:15:37,589 [INFO]  Epoch[2] Batch [0-7]	Speed: 28307.44 samples/sec	cross-entropy=0.698882	fbs-accuracy=0.000000
2024-02-02 16:15:37,593 [INFO]  Epoch[2] Train-cross-entropy=0.651255
2024-02-02 16:15:37,593 [INFO]  Epoch[2] Train-fbs-accuracy=0.000000
2024-02-02 16:15:37,593 [INFO]  Epoch[2] Time cost=0.008
2024-02-02 16:15:37,594 [INFO]  Saved checkpoint to "./imputer_model/imputer_model_fbs/model-0002.params"
2024-02-02 16:15:37,595 [INFO]  Epoch[2] Validation-cross-entropy=0.415833
2024-02-02 16:15:37,595 [INFO]  Epoch[2] Validation-fbs-accuracy=0.000000
2024-02-02 16:15:37,599 [INFO]  Epoch[3] Batch [0-7]	Speed: 28687.76 samples/sec	cross-entropy=0.565817	fbs-accuracy=0.000000
2024-02-02 16:15:37,603 [INFO]  Epoch[3] Train-cross-entropy=0.488377
2024-02-02 16:15:37,603 [INFO]  Epoch[3] Train-fbs-accuracy=0.000000
2024-02-02 16:15:37,603 [INFO]  Epoch[3] Time cost=0.008
2024-02-02 16:15:37,604 [INFO]  Saved checkpoint to "./imputer_model/imputer_model_fbs/model-0003.params"
2024-02-02 16:15:37,605 [INFO]  Epoch[3] Validation-cross-entropy=0.360953
2024-02-02 16:15:37,605 [INFO]  Epoch[3] Validation-fbs-accuracy=0.000000
2024-02-02 16:15:37,609 [INFO]  Epoch[4] Batch [0-7]	Speed: 28576.07 samples/sec	cross-entropy=0.310931	fbs-accuracy=0.000000
2024-02-02 16:15:37,613 [INFO]  Epoch[4] Train-cross-entropy=0.287562
2024-02-02 16:15:37,613 [INFO]  Epoch[4] Train-fbs-accuracy=0.000000
2024-02-02 16:15:37,613 [INFO]  Epoch[4] Time cost=0.009
2024-02-02 16:15:37,615 [INFO]  Saved checkpoint to "./imputer_model/imputer_model_fbs/model-0004.params"
2024-02-02 16:15:37,616 [INFO]  Epoch[4] Validation-cross-entropy=0.389183
2024-02-02 16:15:37,616 [INFO]  Epoch[4] Validation-fbs-accuracy=0.000000
2024-02-02 16:15:37,616 [INFO]  
========== done (0.05437755584716797 s) fit model
2024-02-02 16:15:40,947 [INFO]  
========== start: fit model
2024-02-02 16:15:40,947 [WARNING]  Already bound, ignoring bind()
2024-02-02 16:15:40,954 [INFO]  Epoch[0] Batch [0-7]	Speed: 24730.83 samples/sec	cross-entropy=10.998080	fbs-accuracy=0.000000
2024-02-02 16:15:40,957 [INFO]  Epoch[0] Train-cross-entropy=8.120818
2024-02-02 16:15:40,957 [INFO]  Epoch[0] Train-fbs-accuracy=0.000000
2024-02-02 16:15:40,958 [INFO]  Epoch[0] Time cost=0.009
2024-02-02 16:15:40,959 [INFO]  Saved checkpoint to "./imputer_model/imputer_model_fbs/model-0000.params"
2024-02-02 16:15:40,960 [INFO]  Epoch[0] Validation-cross-entropy=2.901314
2024-02-02 16:15:40,960 [INFO]  Epoch[0] Validation-fbs-accuracy=0.000000
2024-02-02 16:15:40,965 [INFO]  Epoch[1] Batch [0-7]	Speed: 26308.36 samples/sec	cross-entropy=1.799984	fbs-accuracy=0.000000
2024-02-02 16:15:40,968 [INFO]  Epoch[1] Train-cross-entropy=1.288713
2024-02-02 16:15:40,968 [INFO]  Epoch[1] Train-fbs-accuracy=0.000000
2024-02-02 16:15:40,968 [INFO]  Epoch[1] Time cost=0.009
2024-02-02 16:15:40,970 [INFO]  Saved checkpoint to "./imputer_model/imputer_model_fbs/model-0001.params"
2024-02-02 16:15:40,970 [INFO]  Epoch[1] Validation-cross-entropy=0.827622
2024-02-02 16:15:40,970 [INFO]  Epoch[1] Validation-fbs-accuracy=0.000000
2024-02-02 16:15:40,975 [INFO]  Epoch[2] Batch [0-7]	Speed: 28482.51 samples/sec	cross-entropy=0.733306	fbs-accuracy=0.000000
2024-02-02 16:15:40,979 [INFO]  Epoch[2] Train-cross-entropy=0.614810
2024-02-02 16:15:40,979 [INFO]  Epoch[2] Train-fbs-accuracy=0.000000
2024-02-02 16:15:40,979 [INFO]  Epoch[2] Time cost=0.008
2024-02-02 16:15:40,980 [INFO]  Saved checkpoint to "./imputer_model/imputer_model_fbs/model-0002.params"
2024-02-02 16:15:40,981 [INFO]  Epoch[2] Validation-cross-entropy=0.836531
2024-02-02 16:15:40,981 [INFO]  Epoch[2] Validation-fbs-accuracy=0.000000
2024-02-02 16:15:40,985 [INFO]  Epoch[3] Batch [0-7]	Speed: 27373.82 samples/sec	cross-entropy=0.407093	fbs-accuracy=0.000000
2024-02-02 16:15:40,989 [INFO]  Epoch[3] Train-cross-entropy=0.337471
2024-02-02 16:15:40,989 [INFO]  Epoch[3] Train-fbs-accuracy=0.000000
2024-02-02 16:15:40,989 [INFO]  Epoch[3] Time cost=0.009
2024-02-02 16:15:40,990 [INFO]  Saved checkpoint to "./imputer_model/imputer_model_fbs/model-0003.params"
2024-02-02 16:15:40,991 [INFO]  Epoch[3] Validation-cross-entropy=0.507193
2024-02-02 16:15:40,991 [INFO]  Epoch[3] Validation-fbs-accuracy=0.000000
2024-02-02 16:15:40,997 [INFO]  Epoch[4] Batch [0-7]	Speed: 23131.87 samples/sec	cross-entropy=0.253357	fbs-accuracy=0.000000
2024-02-02 16:15:41,001 [INFO]  Epoch[4] Train-cross-entropy=0.217930
2024-02-02 16:15:41,001 [INFO]  Epoch[4] Train-fbs-accuracy=0.000000
2024-02-02 16:15:41,001 [INFO]  Epoch[4] Time cost=0.010
2024-02-02 16:15:41,002 [INFO]  Saved checkpoint to "./imputer_model/imputer_model_fbs/model-0004.params"
2024-02-02 16:15:41,003 [INFO]  Epoch[4] Validation-cross-entropy=0.411266
2024-02-02 16:15:41,003 [INFO]  Epoch[4] Validation-fbs-accuracy=0.000000
2024-02-02 16:15:41,004 [INFO]  
========== done (0.05627846717834473 s) fit model
2024-02-02 16:15:44,629 [INFO]  
========== start: fit model
2024-02-02 16:15:44,629 [WARNING]  Already bound, ignoring bind()
2024-02-02 16:15:44,641 [INFO]  Epoch[0] Batch [0-7]	Speed: 12133.85 samples/sec	cross-entropy=22.480613	fbs-accuracy=0.000000
2024-02-02 16:15:44,648 [INFO]  Epoch[0] Train-cross-entropy=16.397311
2024-02-02 16:15:44,648 [INFO]  Epoch[0] Train-fbs-accuracy=0.000000
2024-02-02 16:15:44,648 [INFO]  Epoch[0] Time cost=0.018
2024-02-02 16:15:44,650 [INFO]  Saved checkpoint to "./imputer_model/imputer_model_fbs/model-0000.params"
2024-02-02 16:15:44,651 [INFO]  Epoch[0] Validation-cross-entropy=5.581379
2024-02-02 16:15:44,651 [INFO]  Epoch[0] Validation-fbs-accuracy=0.000000
2024-02-02 16:15:44,658 [INFO]  Epoch[1] Batch [0-7]	Speed: 20098.49 samples/sec	cross-entropy=4.325143	fbs-accuracy=0.000000
2024-02-02 16:15:44,662 [INFO]  Epoch[1] Train-cross-entropy=3.175356
2024-02-02 16:15:44,662 [INFO]  Epoch[1] Train-fbs-accuracy=0.000000
2024-02-02 16:15:44,662 [INFO]  Epoch[1] Time cost=0.011
2024-02-02 16:15:44,663 [INFO]  Saved checkpoint to "./imputer_model/imputer_model_fbs/model-0001.params"
2024-02-02 16:15:44,664 [INFO]  Epoch[1] Validation-cross-entropy=0.712580
2024-02-02 16:15:44,664 [INFO]  Epoch[1] Validation-fbs-accuracy=0.000000
2024-02-02 16:15:44,670 [INFO]  Epoch[2] Batch [0-7]	Speed: 24375.37 samples/sec	cross-entropy=1.074964	fbs-accuracy=0.000000
2024-02-02 16:15:44,674 [INFO]  Epoch[2] Train-cross-entropy=0.840939
2024-02-02 16:15:44,674 [INFO]  Epoch[2] Train-fbs-accuracy=0.000000
2024-02-02 16:15:44,674 [INFO]  Epoch[2] Time cost=0.010
2024-02-02 16:15:44,675 [INFO]  Saved checkpoint to "./imputer_model/imputer_model_fbs/model-0002.params"
2024-02-02 16:15:44,676 [INFO]  Epoch[2] Validation-cross-entropy=1.307009
2024-02-02 16:15:44,676 [INFO]  Epoch[2] Validation-fbs-accuracy=0.000000
2024-02-02 16:15:44,681 [INFO]  Epoch[3] Batch [0-7]	Speed: 25242.45 samples/sec	cross-entropy=0.386347	fbs-accuracy=0.000000
2024-02-02 16:15:44,685 [INFO]  Epoch[3] Train-cross-entropy=0.366753
2024-02-02 16:15:44,685 [INFO]  Epoch[3] Train-fbs-accuracy=0.000000
2024-02-02 16:15:44,685 [INFO]  Epoch[3] Time cost=0.009
2024-02-02 16:15:44,686 [INFO]  Saved checkpoint to "./imputer_model/imputer_model_fbs/model-0003.params"
2024-02-02 16:15:44,687 [INFO]  Epoch[3] Validation-cross-entropy=1.300619
2024-02-02 16:15:44,687 [INFO]  Epoch[3] Validation-fbs-accuracy=0.000000
2024-02-02 16:15:44,692 [INFO]  Epoch[4] Batch [0-7]	Speed: 24302.23 samples/sec	cross-entropy=0.229864	fbs-accuracy=0.000000
2024-02-02 16:15:44,696 [INFO]  Epoch[4] Train-cross-entropy=0.242425
2024-02-02 16:15:44,696 [INFO]  Epoch[4] Train-fbs-accuracy=0.000000
2024-02-02 16:15:44,696 [INFO]  Epoch[4] Time cost=0.009
2024-02-02 16:15:44,698 [INFO]  Saved checkpoint to "./imputer_model/imputer_model_fbs/model-0004.params"
2024-02-02 16:15:44,698 [INFO]  Epoch[4] Validation-cross-entropy=1.023746
2024-02-02 16:15:44,698 [INFO]  Epoch[4] Validation-fbs-accuracy=0.000000
2024-02-02 16:15:44,699 [INFO]  
========== done (0.06921267509460449 s) fit model
2024-02-02 16:15:48,195 [INFO]  
========== start: fit model
2024-02-02 16:15:48,195 [WARNING]  Already bound, ignoring bind()
2024-02-02 16:15:48,206 [INFO]  Epoch[0] Batch [0-7]	Speed: 12241.99 samples/sec	cross-entropy=11.198343	fbs-accuracy=3.875000
2024-02-02 16:15:48,215 [INFO]  Epoch[0] Train-cross-entropy=7.981782
2024-02-02 16:15:48,215 [INFO]  Epoch[0] Train-fbs-accuracy=3.928571
2024-02-02 16:15:48,215 [INFO]  Epoch[0] Time cost=0.020
2024-02-02 16:15:48,217 [INFO]  Saved checkpoint to "./imputer_model/imputer_model_fbs/model-0000.params"
2024-02-02 16:15:48,219 [INFO]  Epoch[0] Validation-cross-entropy=3.778957
2024-02-02 16:15:48,219 [INFO]  Epoch[0] Validation-fbs-accuracy=0.000000
2024-02-02 16:15:48,226 [INFO]  Epoch[1] Batch [0-7]	Speed: 17829.81 samples/sec	cross-entropy=1.911108	fbs-accuracy=3.875000
2024-02-02 16:15:48,231 [INFO]  Epoch[1] Train-cross-entropy=1.390483
2024-02-02 16:15:48,231 [INFO]  Epoch[1] Train-fbs-accuracy=3.928571
2024-02-02 16:15:48,231 [INFO]  Epoch[1] Time cost=0.012
2024-02-02 16:15:48,232 [INFO]  Saved checkpoint to "./imputer_model/imputer_model_fbs/model-0001.params"
2024-02-02 16:15:48,233 [INFO]  Epoch[1] Validation-cross-entropy=0.602559
2024-02-02 16:15:48,233 [INFO]  Epoch[1] Validation-fbs-accuracy=0.000000
2024-02-02 16:15:48,239 [INFO]  Epoch[2] Batch [0-7]	Speed: 22614.07 samples/sec	cross-entropy=0.900874	fbs-accuracy=3.875000
2024-02-02 16:15:48,243 [INFO]  Epoch[2] Train-cross-entropy=0.766772
2024-02-02 16:15:48,243 [INFO]  Epoch[2] Train-fbs-accuracy=3.928571
2024-02-02 16:15:48,243 [INFO]  Epoch[2] Time cost=0.010
2024-02-02 16:15:48,245 [INFO]  Saved checkpoint to "./imputer_model/imputer_model_fbs/model-0002.params"
2024-02-02 16:15:48,245 [INFO]  Epoch[2] Validation-cross-entropy=0.417564
2024-02-02 16:15:48,245 [INFO]  Epoch[2] Validation-fbs-accuracy=0.000000
2024-02-02 16:15:48,250 [INFO]  Epoch[3] Batch [0-7]	Speed: 28252.96 samples/sec	cross-entropy=0.541663	fbs-accuracy=3.875000
2024-02-02 16:15:48,254 [INFO]  Epoch[3] Train-cross-entropy=0.438806
2024-02-02 16:15:48,254 [INFO]  Epoch[3] Train-fbs-accuracy=3.928571
2024-02-02 16:15:48,254 [INFO]  Epoch[3] Time cost=0.008
2024-02-02 16:15:48,255 [INFO]  Saved checkpoint to "./imputer_model/imputer_model_fbs/model-0003.params"
2024-02-02 16:15:48,255 [INFO]  Epoch[3] Validation-cross-entropy=0.593871
2024-02-02 16:15:48,255 [INFO]  Epoch[3] Validation-fbs-accuracy=0.000000
2024-02-02 16:15:48,260 [INFO]  Epoch[4] Batch [0-7]	Speed: 28687.76 samples/sec	cross-entropy=0.280684	fbs-accuracy=3.875000
2024-02-02 16:15:48,264 [INFO]  Epoch[4] Train-cross-entropy=0.241809
2024-02-02 16:15:48,264 [INFO]  Epoch[4] Train-fbs-accuracy=3.928571
2024-02-02 16:15:48,264 [INFO]  Epoch[4] Time cost=0.008
2024-02-02 16:15:48,265 [INFO]  Saved checkpoint to "./imputer_model/imputer_model_fbs/model-0004.params"
2024-02-02 16:15:48,265 [INFO]  Epoch[4] Validation-cross-entropy=0.409126
2024-02-02 16:15:48,265 [INFO]  Epoch[4] Validation-fbs-accuracy=0.000000
2024-02-02 16:15:48,265 [INFO]  
========== done (0.0704798698425293 s) fit model
2024-02-02 16:15:51,774 [INFO]  
========== start: fit model
2024-02-02 16:15:51,775 [WARNING]  Already bound, ignoring bind()
2024-02-02 16:15:51,781 [INFO]  Epoch[0] Batch [0-7]	Speed: 22777.45 samples/sec	cross-entropy=14.150593	fbs-accuracy=0.000000
2024-02-02 16:15:51,785 [INFO]  Epoch[0] Train-cross-entropy=12.453121
2024-02-02 16:15:51,786 [INFO]  Epoch[0] Train-fbs-accuracy=0.000000
2024-02-02 16:15:51,786 [INFO]  Epoch[0] Time cost=0.010
2024-02-02 16:15:51,787 [INFO]  Saved checkpoint to "./imputer_model/imputer_model_fbs/model-0000.params"
2024-02-02 16:15:51,787 [INFO]  Epoch[0] Validation-cross-entropy=8.506484
2024-02-02 16:15:51,787 [INFO]  Epoch[0] Validation-fbs-accuracy=0.000000
2024-02-02 16:15:51,793 [INFO]  Epoch[1] Batch [0-7]	Speed: 22478.80 samples/sec	cross-entropy=1.934131	fbs-accuracy=0.000000
2024-02-02 16:15:51,797 [INFO]  Epoch[1] Train-cross-entropy=1.722104
2024-02-02 16:15:51,798 [INFO]  Epoch[1] Train-fbs-accuracy=0.000000
2024-02-02 16:15:51,798 [INFO]  Epoch[1] Time cost=0.010
2024-02-02 16:15:51,799 [INFO]  Saved checkpoint to "./imputer_model/imputer_model_fbs/model-0001.params"
2024-02-02 16:15:51,799 [INFO]  Epoch[1] Validation-cross-entropy=2.084785
2024-02-02 16:15:51,799 [INFO]  Epoch[1] Validation-fbs-accuracy=0.000000
2024-02-02 16:15:51,805 [INFO]  Epoch[2] Batch [0-7]	Speed: 24404.49 samples/sec	cross-entropy=0.925789	fbs-accuracy=0.000000
2024-02-02 16:15:51,809 [INFO]  Epoch[2] Train-cross-entropy=0.878675
2024-02-02 16:15:51,809 [INFO]  Epoch[2] Train-fbs-accuracy=0.000000
2024-02-02 16:15:51,809 [INFO]  Epoch[2] Time cost=0.010
2024-02-02 16:15:51,810 [INFO]  Saved checkpoint to "./imputer_model/imputer_model_fbs/model-0002.params"
2024-02-02 16:15:51,811 [INFO]  Epoch[2] Validation-cross-entropy=0.819616
2024-02-02 16:15:51,811 [INFO]  Epoch[2] Validation-fbs-accuracy=0.000000
2024-02-02 16:15:51,816 [INFO]  Epoch[3] Batch [0-7]	Speed: 24814.43 samples/sec	cross-entropy=0.477831	fbs-accuracy=0.000000
2024-02-02 16:15:51,820 [INFO]  Epoch[3] Train-cross-entropy=0.437024
2024-02-02 16:15:51,820 [INFO]  Epoch[3] Train-fbs-accuracy=0.000000
2024-02-02 16:15:51,820 [INFO]  Epoch[3] Time cost=0.009
2024-02-02 16:15:51,822 [INFO]  Saved checkpoint to "./imputer_model/imputer_model_fbs/model-0003.params"
2024-02-02 16:15:51,822 [INFO]  Epoch[3] Validation-cross-entropy=0.761089
2024-02-02 16:15:51,822 [INFO]  Epoch[3] Validation-fbs-accuracy=0.000000
2024-02-02 16:15:51,836 [INFO]  Epoch[4] Batch [0-7]	Speed: 12803.54 samples/sec	cross-entropy=0.319159	fbs-accuracy=0.000000
2024-02-02 16:15:51,842 [INFO]  Epoch[4] Train-cross-entropy=0.282027
2024-02-02 16:15:51,843 [INFO]  Epoch[4] Train-fbs-accuracy=0.000000
2024-02-02 16:15:51,843 [INFO]  Epoch[4] Time cost=0.020
2024-02-02 16:15:51,844 [INFO]  Saved checkpoint to "./imputer_model/imputer_model_fbs/model-0004.params"
2024-02-02 16:15:51,845 [INFO]  Epoch[4] Validation-cross-entropy=0.637026
2024-02-02 16:15:51,845 [INFO]  Epoch[4] Validation-fbs-accuracy=0.000000
2024-02-02 16:15:51,845 [INFO]  
========== done (0.07073688507080078 s) fit model
2024-02-02 16:15:55,442 [INFO]  
========== start: fit model
2024-02-02 16:15:55,442 [WARNING]  Already bound, ignoring bind()
2024-02-02 16:15:55,449 [INFO]  Epoch[0] Batch [0-7]	Speed: 23018.52 samples/sec	cross-entropy=10.495146	fbs-accuracy=3.750000
2024-02-02 16:15:55,453 [INFO]  Epoch[0] Train-cross-entropy=8.488184
2024-02-02 16:15:55,453 [INFO]  Epoch[0] Train-fbs-accuracy=3.428571
2024-02-02 16:15:55,453 [INFO]  Epoch[0] Time cost=0.010
2024-02-02 16:15:55,454 [INFO]  Saved checkpoint to "./imputer_model/imputer_model_fbs/model-0000.params"
2024-02-02 16:15:55,455 [INFO]  Epoch[0] Validation-cross-entropy=2.903399
2024-02-02 16:15:55,455 [INFO]  Epoch[0] Validation-fbs-accuracy=0.000000
2024-02-02 16:15:55,459 [INFO]  Epoch[1] Batch [0-7]	Speed: 27581.14 samples/sec	cross-entropy=1.979938	fbs-accuracy=3.750000
2024-02-02 16:15:55,463 [INFO]  Epoch[1] Train-cross-entropy=1.457577
2024-02-02 16:15:55,463 [INFO]  Epoch[1] Train-fbs-accuracy=3.428571
2024-02-02 16:15:55,463 [INFO]  Epoch[1] Time cost=0.008
2024-02-02 16:15:55,464 [INFO]  Saved checkpoint to "./imputer_model/imputer_model_fbs/model-0001.params"
2024-02-02 16:15:55,465 [INFO]  Epoch[1] Validation-cross-entropy=0.524697
2024-02-02 16:15:55,465 [INFO]  Epoch[1] Validation-fbs-accuracy=0.000000
2024-02-02 16:15:55,469 [INFO]  Epoch[2] Batch [0-7]	Speed: 27806.44 samples/sec	cross-entropy=0.759631	fbs-accuracy=3.750000
2024-02-02 16:15:55,473 [INFO]  Epoch[2] Train-cross-entropy=0.731085
2024-02-02 16:15:55,473 [INFO]  Epoch[2] Train-fbs-accuracy=3.428571
2024-02-02 16:15:55,473 [INFO]  Epoch[2] Time cost=0.008
2024-02-02 16:15:55,474 [INFO]  Saved checkpoint to "./imputer_model/imputer_model_fbs/model-0002.params"
2024-02-02 16:15:55,475 [INFO]  Epoch[2] Validation-cross-entropy=0.891300
2024-02-02 16:15:55,475 [INFO]  Epoch[2] Validation-fbs-accuracy=0.000000
2024-02-02 16:15:55,480 [INFO]  Epoch[3] Batch [0-7]	Speed: 29219.51 samples/sec	cross-entropy=0.435118	fbs-accuracy=3.750000
2024-02-02 16:15:55,483 [INFO]  Epoch[3] Train-cross-entropy=0.411000
2024-02-02 16:15:55,483 [INFO]  Epoch[3] Train-fbs-accuracy=3.428571
2024-02-02 16:15:55,483 [INFO]  Epoch[3] Time cost=0.008
2024-02-02 16:15:55,484 [INFO]  Saved checkpoint to "./imputer_model/imputer_model_fbs/model-0003.params"
2024-02-02 16:15:55,485 [INFO]  Epoch[3] Validation-cross-entropy=0.701183
2024-02-02 16:15:55,485 [INFO]  Epoch[3] Validation-fbs-accuracy=0.000000
2024-02-02 16:15:55,489 [INFO]  Epoch[4] Batch [0-7]	Speed: 28981.56 samples/sec	cross-entropy=0.250158	fbs-accuracy=3.750000
2024-02-02 16:15:55,493 [INFO]  Epoch[4] Train-cross-entropy=0.242071
2024-02-02 16:15:55,493 [INFO]  Epoch[4] Train-fbs-accuracy=3.428571
2024-02-02 16:15:55,493 [INFO]  Epoch[4] Time cost=0.008
2024-02-02 16:15:55,494 [INFO]  Saved checkpoint to "./imputer_model/imputer_model_fbs/model-0004.params"
2024-02-02 16:15:55,495 [INFO]  Epoch[4] Validation-cross-entropy=0.456373
2024-02-02 16:15:55,495 [INFO]  Epoch[4] Validation-fbs-accuracy=0.000000
2024-02-02 16:15:55,495 [INFO]  
========== done (0.05347013473510742 s) fit model
2024-02-02 16:15:58,993 [INFO]  
========== start: fit model
2024-02-02 16:15:58,993 [WARNING]  Already bound, ignoring bind()
2024-02-02 16:15:58,999 [INFO]  Epoch[0] Batch [0-7]	Speed: 28304.03 samples/sec	cross-entropy=15.731041	fbs-accuracy=3.125000
2024-02-02 16:15:59,002 [INFO]  Epoch[0] Train-cross-entropy=12.524580
2024-02-02 16:15:59,002 [INFO]  Epoch[0] Train-fbs-accuracy=3.428571
2024-02-02 16:15:59,002 [INFO]  Epoch[0] Time cost=0.009
2024-02-02 16:15:59,004 [INFO]  Saved checkpoint to "./imputer_model/imputer_model_fbs/model-0000.params"
2024-02-02 16:15:59,004 [INFO]  Epoch[0] Validation-cross-entropy=7.062407
2024-02-02 16:15:59,004 [INFO]  Epoch[0] Validation-fbs-accuracy=0.000000
2024-02-02 16:15:59,009 [INFO]  Epoch[1] Batch [0-7]	Speed: 26920.46 samples/sec	cross-entropy=3.181217	fbs-accuracy=3.125000
2024-02-02 16:15:59,013 [INFO]  Epoch[1] Train-cross-entropy=2.665194
2024-02-02 16:15:59,013 [INFO]  Epoch[1] Train-fbs-accuracy=3.428571
2024-02-02 16:15:59,013 [INFO]  Epoch[1] Time cost=0.009
2024-02-02 16:15:59,014 [INFO]  Saved checkpoint to "./imputer_model/imputer_model_fbs/model-0001.params"
2024-02-02 16:15:59,015 [INFO]  Epoch[1] Validation-cross-entropy=1.223754
2024-02-02 16:15:59,015 [INFO]  Epoch[1] Validation-fbs-accuracy=0.000000
2024-02-02 16:15:59,020 [INFO]  Epoch[2] Batch [0-7]	Speed: 25720.66 samples/sec	cross-entropy=0.695039	fbs-accuracy=3.125000
2024-02-02 16:15:59,024 [INFO]  Epoch[2] Train-cross-entropy=0.719166
2024-02-02 16:15:59,024 [INFO]  Epoch[2] Train-fbs-accuracy=3.428571
2024-02-02 16:15:59,024 [INFO]  Epoch[2] Time cost=0.009
2024-02-02 16:15:59,025 [INFO]  Saved checkpoint to "./imputer_model/imputer_model_fbs/model-0002.params"
2024-02-02 16:15:59,026 [INFO]  Epoch[2] Validation-cross-entropy=0.370100
2024-02-02 16:15:59,026 [INFO]  Epoch[2] Validation-fbs-accuracy=0.000000
2024-02-02 16:15:59,031 [INFO]  Epoch[3] Batch [0-7]	Speed: 27907.21 samples/sec	cross-entropy=0.528616	fbs-accuracy=3.125000
2024-02-02 16:15:59,034 [INFO]  Epoch[3] Train-cross-entropy=0.510117
2024-02-02 16:15:59,034 [INFO]  Epoch[3] Train-fbs-accuracy=3.428571
2024-02-02 16:15:59,034 [INFO]  Epoch[3] Time cost=0.008
2024-02-02 16:15:59,035 [INFO]  Saved checkpoint to "./imputer_model/imputer_model_fbs/model-0003.params"
2024-02-02 16:15:59,036 [INFO]  Epoch[3] Validation-cross-entropy=0.291836
2024-02-02 16:15:59,036 [INFO]  Epoch[3] Validation-fbs-accuracy=0.000000
2024-02-02 16:15:59,041 [INFO]  Epoch[4] Batch [0-7]	Speed: 27452.20 samples/sec	cross-entropy=0.252914	fbs-accuracy=3.125000
2024-02-02 16:15:59,044 [INFO]  Epoch[4] Train-cross-entropy=0.287245
2024-02-02 16:15:59,044 [INFO]  Epoch[4] Train-fbs-accuracy=3.428571
2024-02-02 16:15:59,044 [INFO]  Epoch[4] Time cost=0.008
2024-02-02 16:15:59,046 [INFO]  Saved checkpoint to "./imputer_model/imputer_model_fbs/model-0004.params"
2024-02-02 16:15:59,046 [INFO]  Epoch[4] Validation-cross-entropy=0.258613
2024-02-02 16:15:59,046 [INFO]  Epoch[4] Validation-fbs-accuracy=0.000000
2024-02-02 16:15:59,046 [INFO]  
========== done (0.053333282470703125 s) fit model
2024-02-02 16:16:02,665 [INFO]  
========== start: fit model
2024-02-02 16:16:02,665 [WARNING]  Already bound, ignoring bind()
2024-02-02 16:16:02,672 [INFO]  Epoch[0] Batch [0-7]	Speed: 23801.09 samples/sec	cross-entropy=12.239319	fbs-accuracy=2.875000
2024-02-02 16:16:02,675 [INFO]  Epoch[0] Train-cross-entropy=8.580596
2024-02-02 16:16:02,675 [INFO]  Epoch[0] Train-fbs-accuracy=3.214286
2024-02-02 16:16:02,675 [INFO]  Epoch[0] Time cost=0.010
2024-02-02 16:16:02,677 [INFO]  Saved checkpoint to "./imputer_model/imputer_model_fbs/model-0000.params"
2024-02-02 16:16:02,677 [INFO]  Epoch[0] Validation-cross-entropy=8.295337
2024-02-02 16:16:02,677 [INFO]  Epoch[0] Validation-fbs-accuracy=0.000000
2024-02-02 16:16:02,682 [INFO]  Epoch[1] Batch [0-7]	Speed: 27152.31 samples/sec	cross-entropy=2.443540	fbs-accuracy=2.875000
2024-02-02 16:16:02,686 [INFO]  Epoch[1] Train-cross-entropy=1.827195
2024-02-02 16:16:02,686 [INFO]  Epoch[1] Train-fbs-accuracy=3.214286
2024-02-02 16:16:02,686 [INFO]  Epoch[1] Time cost=0.008
2024-02-02 16:16:02,687 [INFO]  Saved checkpoint to "./imputer_model/imputer_model_fbs/model-0001.params"
2024-02-02 16:16:02,688 [INFO]  Epoch[1] Validation-cross-entropy=0.779161
2024-02-02 16:16:02,688 [INFO]  Epoch[1] Validation-fbs-accuracy=0.000000
2024-02-02 16:16:02,693 [INFO]  Epoch[2] Batch [0-7]	Speed: 23543.43 samples/sec	cross-entropy=0.648550	fbs-accuracy=2.875000
2024-02-02 16:16:02,697 [INFO]  Epoch[2] Train-cross-entropy=0.584508
2024-02-02 16:16:02,697 [INFO]  Epoch[2] Train-fbs-accuracy=3.214286
2024-02-02 16:16:02,697 [INFO]  Epoch[2] Time cost=0.009
2024-02-02 16:16:02,698 [INFO]  Saved checkpoint to "./imputer_model/imputer_model_fbs/model-0002.params"
2024-02-02 16:16:02,699 [INFO]  Epoch[2] Validation-cross-entropy=0.207944
2024-02-02 16:16:02,699 [INFO]  Epoch[2] Validation-fbs-accuracy=0.000000
2024-02-02 16:16:02,703 [INFO]  Epoch[3] Batch [0-7]	Speed: 29268.66 samples/sec	cross-entropy=0.379026	fbs-accuracy=2.875000
2024-02-02 16:16:02,707 [INFO]  Epoch[3] Train-cross-entropy=0.321453
2024-02-02 16:16:02,707 [INFO]  Epoch[3] Train-fbs-accuracy=3.214286
2024-02-02 16:16:02,707 [INFO]  Epoch[3] Time cost=0.008
2024-02-02 16:16:02,708 [INFO]  Saved checkpoint to "./imputer_model/imputer_model_fbs/model-0003.params"
2024-02-02 16:16:02,709 [INFO]  Epoch[3] Validation-cross-entropy=0.116785
2024-02-02 16:16:02,709 [INFO]  Epoch[3] Validation-fbs-accuracy=0.000000
2024-02-02 16:16:02,714 [INFO]  Epoch[4] Batch [0-7]	Speed: 24780.40 samples/sec	cross-entropy=0.243807	fbs-accuracy=2.875000
2024-02-02 16:16:02,718 [INFO]  Epoch[4] Train-cross-entropy=0.213376
2024-02-02 16:16:02,718 [INFO]  Epoch[4] Train-fbs-accuracy=3.214286
2024-02-02 16:16:02,718 [INFO]  Epoch[4] Time cost=0.009
2024-02-02 16:16:02,719 [INFO]  Saved checkpoint to "./imputer_model/imputer_model_fbs/model-0004.params"
2024-02-02 16:16:02,720 [INFO]  Epoch[4] Validation-cross-entropy=0.108821
2024-02-02 16:16:02,720 [INFO]  Epoch[4] Validation-fbs-accuracy=0.000000
2024-02-02 16:16:02,720 [INFO]  
========== done (0.05502200126647949 s) fit model
2024-02-02 16:16:06,489 [INFO]  
========== start: fit model
2024-02-02 16:16:06,489 [WARNING]  Already bound, ignoring bind()
2024-02-02 16:16:06,497 [INFO]  Epoch[0] Batch [0-7]	Speed: 21159.50 samples/sec	cross-entropy=13.482475	fbs-accuracy=0.000000
2024-02-02 16:16:06,501 [INFO]  Epoch[0] Train-cross-entropy=11.270130
2024-02-02 16:16:06,501 [INFO]  Epoch[0] Train-fbs-accuracy=0.000000
2024-02-02 16:16:06,501 [INFO]  Epoch[0] Time cost=0.011
2024-02-02 16:16:06,503 [INFO]  Saved checkpoint to "./imputer_model/imputer_model_fbs/model-0000.params"
2024-02-02 16:16:06,504 [INFO]  Epoch[0] Validation-cross-entropy=4.453217
2024-02-02 16:16:06,504 [INFO]  Epoch[0] Validation-fbs-accuracy=0.000000
2024-02-02 16:16:06,509 [INFO]  Epoch[1] Batch [0-7]	Speed: 23581.25 samples/sec	cross-entropy=2.694232	fbs-accuracy=0.000000
2024-02-02 16:16:06,513 [INFO]  Epoch[1] Train-cross-entropy=2.266573
2024-02-02 16:16:06,513 [INFO]  Epoch[1] Train-fbs-accuracy=0.000000
2024-02-02 16:16:06,513 [INFO]  Epoch[1] Time cost=0.010
2024-02-02 16:16:06,515 [INFO]  Saved checkpoint to "./imputer_model/imputer_model_fbs/model-0001.params"
2024-02-02 16:16:06,515 [INFO]  Epoch[1] Validation-cross-entropy=0.910923
2024-02-02 16:16:06,516 [INFO]  Epoch[1] Validation-fbs-accuracy=0.000000
2024-02-02 16:16:06,521 [INFO]  Epoch[2] Batch [0-7]	Speed: 25017.95 samples/sec	cross-entropy=0.696654	fbs-accuracy=0.000000
2024-02-02 16:16:06,525 [INFO]  Epoch[2] Train-cross-entropy=0.678645
2024-02-02 16:16:06,525 [INFO]  Epoch[2] Train-fbs-accuracy=0.000000
2024-02-02 16:16:06,525 [INFO]  Epoch[2] Time cost=0.009
2024-02-02 16:16:06,526 [INFO]  Saved checkpoint to "./imputer_model/imputer_model_fbs/model-0002.params"
2024-02-02 16:16:06,527 [INFO]  Epoch[2] Validation-cross-entropy=0.603214
2024-02-02 16:16:06,527 [INFO]  Epoch[2] Validation-fbs-accuracy=0.000000
2024-02-02 16:16:06,532 [INFO]  Epoch[3] Batch [0-7]	Speed: 25409.02 samples/sec	cross-entropy=0.517874	fbs-accuracy=0.000000
2024-02-02 16:16:06,536 [INFO]  Epoch[3] Train-cross-entropy=0.465668
2024-02-02 16:16:06,536 [INFO]  Epoch[3] Train-fbs-accuracy=0.000000
2024-02-02 16:16:06,536 [INFO]  Epoch[3] Time cost=0.009
2024-02-02 16:16:06,538 [INFO]  Saved checkpoint to "./imputer_model/imputer_model_fbs/model-0003.params"
2024-02-02 16:16:06,538 [INFO]  Epoch[3] Validation-cross-entropy=0.527541
2024-02-02 16:16:06,538 [INFO]  Epoch[3] Validation-fbs-accuracy=0.000000
2024-02-02 16:16:06,544 [INFO]  Epoch[4] Batch [0-7]	Speed: 24852.50 samples/sec	cross-entropy=0.326333	fbs-accuracy=0.000000
2024-02-02 16:16:06,548 [INFO]  Epoch[4] Train-cross-entropy=0.273624
2024-02-02 16:16:06,548 [INFO]  Epoch[4] Train-fbs-accuracy=0.000000
2024-02-02 16:16:06,548 [INFO]  Epoch[4] Time cost=0.010
2024-02-02 16:16:06,549 [INFO]  Saved checkpoint to "./imputer_model/imputer_model_fbs/model-0004.params"
2024-02-02 16:16:06,550 [INFO]  Epoch[4] Validation-cross-entropy=0.403615
2024-02-02 16:16:06,550 [INFO]  Epoch[4] Validation-fbs-accuracy=0.000000
2024-02-02 16:16:06,550 [INFO]  
========== done (0.06111001968383789 s) fit model
2024-02-02 16:16:10,446 [INFO]  
========== start: fit model
2024-02-02 16:16:10,446 [WARNING]  Already bound, ignoring bind()
2024-02-02 16:16:10,453 [INFO]  Epoch[0] Batch [0-7]	Speed: 23493.98 samples/sec	cross-entropy=13.908718	fbs-accuracy=3.750000
2024-02-02 16:16:10,457 [INFO]  Epoch[0] Train-cross-entropy=11.402122
2024-02-02 16:16:10,457 [INFO]  Epoch[0] Train-fbs-accuracy=3.857143
2024-02-02 16:16:10,457 [INFO]  Epoch[0] Time cost=0.010
2024-02-02 16:16:10,459 [INFO]  Saved checkpoint to "./imputer_model/imputer_model_fbs/model-0000.params"
2024-02-02 16:16:10,459 [INFO]  Epoch[0] Validation-cross-entropy=3.768931
2024-02-02 16:16:10,459 [INFO]  Epoch[0] Validation-fbs-accuracy=0.000000
2024-02-02 16:16:10,464 [INFO]  Epoch[1] Batch [0-7]	Speed: 25529.16 samples/sec	cross-entropy=2.982183	fbs-accuracy=3.750000
2024-02-02 16:16:10,468 [INFO]  Epoch[1] Train-cross-entropy=2.694611
2024-02-02 16:16:10,468 [INFO]  Epoch[1] Train-fbs-accuracy=3.857143
2024-02-02 16:16:10,468 [INFO]  Epoch[1] Time cost=0.009
2024-02-02 16:16:10,469 [INFO]  Saved checkpoint to "./imputer_model/imputer_model_fbs/model-0001.params"
2024-02-02 16:16:10,470 [INFO]  Epoch[1] Validation-cross-entropy=1.040916
2024-02-02 16:16:10,470 [INFO]  Epoch[1] Validation-fbs-accuracy=0.000000
2024-02-02 16:16:10,475 [INFO]  Epoch[2] Batch [0-7]	Speed: 25979.54 samples/sec	cross-entropy=0.745320	fbs-accuracy=3.750000
2024-02-02 16:16:10,478 [INFO]  Epoch[2] Train-cross-entropy=0.835355
2024-02-02 16:16:10,478 [INFO]  Epoch[2] Train-fbs-accuracy=3.857143
2024-02-02 16:16:10,478 [INFO]  Epoch[2] Time cost=0.009
2024-02-02 16:16:10,480 [INFO]  Saved checkpoint to "./imputer_model/imputer_model_fbs/model-0002.params"
2024-02-02 16:16:10,480 [INFO]  Epoch[2] Validation-cross-entropy=0.836430
2024-02-02 16:16:10,480 [INFO]  Epoch[2] Validation-fbs-accuracy=0.000000
2024-02-02 16:16:10,485 [INFO]  Epoch[3] Batch [0-7]	Speed: 28616.11 samples/sec	cross-entropy=0.568866	fbs-accuracy=3.750000
2024-02-02 16:16:10,488 [INFO]  Epoch[3] Train-cross-entropy=0.556887
2024-02-02 16:16:10,488 [INFO]  Epoch[3] Train-fbs-accuracy=3.857143
2024-02-02 16:16:10,488 [INFO]  Epoch[3] Time cost=0.008
2024-02-02 16:16:10,489 [INFO]  Saved checkpoint to "./imputer_model/imputer_model_fbs/model-0003.params"
2024-02-02 16:16:10,490 [INFO]  Epoch[3] Validation-cross-entropy=0.616411
2024-02-02 16:16:10,490 [INFO]  Epoch[3] Validation-fbs-accuracy=0.000000
2024-02-02 16:16:10,495 [INFO]  Epoch[4] Batch [0-7]	Speed: 26510.27 samples/sec	cross-entropy=0.347092	fbs-accuracy=3.750000
2024-02-02 16:16:10,498 [INFO]  Epoch[4] Train-cross-entropy=0.348783
2024-02-02 16:16:10,498 [INFO]  Epoch[4] Train-fbs-accuracy=3.857143
2024-02-02 16:16:10,498 [INFO]  Epoch[4] Time cost=0.008
2024-02-02 16:16:10,499 [INFO]  Saved checkpoint to "./imputer_model/imputer_model_fbs/model-0004.params"
2024-02-02 16:16:10,500 [INFO]  Epoch[4] Validation-cross-entropy=0.498238
2024-02-02 16:16:10,500 [INFO]  Epoch[4] Validation-fbs-accuracy=0.000000
2024-02-02 16:16:10,500 [INFO]  
========== done (0.05388450622558594 s) fit model
2024-02-02 16:16:14,209 [INFO]  
========== start: fit model
2024-02-02 16:16:14,209 [WARNING]  Already bound, ignoring bind()
2024-02-02 16:16:14,216 [INFO]  Epoch[0] Batch [0-7]	Speed: 21950.47 samples/sec	cross-entropy=17.213790	fbs-accuracy=0.000000
2024-02-02 16:16:14,222 [INFO]  Epoch[0] Train-cross-entropy=13.890605
2024-02-02 16:16:14,222 [INFO]  Epoch[0] Train-fbs-accuracy=0.000000
2024-02-02 16:16:14,222 [INFO]  Epoch[0] Time cost=0.013
2024-02-02 16:16:14,224 [INFO]  Saved checkpoint to "./imputer_model/imputer_model_fbs/model-0000.params"
2024-02-02 16:16:14,225 [INFO]  Epoch[0] Validation-cross-entropy=4.953316
2024-02-02 16:16:14,226 [INFO]  Epoch[0] Validation-fbs-accuracy=0.000000
2024-02-02 16:16:14,233 [INFO]  Epoch[1] Batch [0-7]	Speed: 17349.12 samples/sec	cross-entropy=2.688036	fbs-accuracy=0.000000
2024-02-02 16:16:14,237 [INFO]  Epoch[1] Train-cross-entropy=2.155949
2024-02-02 16:16:14,238 [INFO]  Epoch[1] Train-fbs-accuracy=0.000000
2024-02-02 16:16:14,238 [INFO]  Epoch[1] Time cost=0.012
2024-02-02 16:16:14,239 [INFO]  Saved checkpoint to "./imputer_model/imputer_model_fbs/model-0001.params"
2024-02-02 16:16:14,240 [INFO]  Epoch[1] Validation-cross-entropy=0.744615
2024-02-02 16:16:14,240 [INFO]  Epoch[1] Validation-fbs-accuracy=0.000000
2024-02-02 16:16:14,245 [INFO]  Epoch[2] Batch [0-7]	Speed: 27014.90 samples/sec	cross-entropy=0.958751	fbs-accuracy=0.000000
2024-02-02 16:16:14,248 [INFO]  Epoch[2] Train-cross-entropy=0.805559
2024-02-02 16:16:14,248 [INFO]  Epoch[2] Train-fbs-accuracy=0.000000
2024-02-02 16:16:14,248 [INFO]  Epoch[2] Time cost=0.009
2024-02-02 16:16:14,250 [INFO]  Saved checkpoint to "./imputer_model/imputer_model_fbs/model-0002.params"
2024-02-02 16:16:14,251 [INFO]  Epoch[2] Validation-cross-entropy=0.545732
2024-02-02 16:16:14,251 [INFO]  Epoch[2] Validation-fbs-accuracy=0.000000
2024-02-02 16:16:14,255 [INFO]  Epoch[3] Batch [0-7]	Speed: 28553.49 samples/sec	cross-entropy=0.564791	fbs-accuracy=0.000000
2024-02-02 16:16:14,259 [INFO]  Epoch[3] Train-cross-entropy=0.476694
2024-02-02 16:16:14,259 [INFO]  Epoch[3] Train-fbs-accuracy=0.000000
2024-02-02 16:16:14,259 [INFO]  Epoch[3] Time cost=0.008
2024-02-02 16:16:14,260 [INFO]  Saved checkpoint to "./imputer_model/imputer_model_fbs/model-0003.params"
2024-02-02 16:16:14,260 [INFO]  Epoch[3] Validation-cross-entropy=0.432790
2024-02-02 16:16:14,261 [INFO]  Epoch[3] Validation-fbs-accuracy=0.000000
2024-02-02 16:16:14,265 [INFO]  Epoch[4] Batch [0-7]	Speed: 28499.79 samples/sec	cross-entropy=0.332058	fbs-accuracy=0.000000
2024-02-02 16:16:14,269 [INFO]  Epoch[4] Train-cross-entropy=0.304768
2024-02-02 16:16:14,269 [INFO]  Epoch[4] Train-fbs-accuracy=0.000000
2024-02-02 16:16:14,269 [INFO]  Epoch[4] Time cost=0.008
2024-02-02 16:16:14,270 [INFO]  Saved checkpoint to "./imputer_model/imputer_model_fbs/model-0004.params"
2024-02-02 16:16:14,271 [INFO]  Epoch[4] Validation-cross-entropy=0.404604
2024-02-02 16:16:14,271 [INFO]  Epoch[4] Validation-fbs-accuracy=0.000000
2024-02-02 16:16:14,271 [INFO]  
========== done (0.06227850914001465 s) fit model
2024-02-02 16:16:18,052 [INFO]  
========== start: fit model
2024-02-02 16:16:18,052 [WARNING]  Already bound, ignoring bind()
2024-02-02 16:16:18,059 [INFO]  Epoch[0] Batch [0-7]	Speed: 24742.55 samples/sec	cross-entropy=16.972159	fbs-accuracy=3.125000
2024-02-02 16:16:18,063 [INFO]  Epoch[0] Train-cross-entropy=12.368781
2024-02-02 16:16:18,063 [INFO]  Epoch[0] Train-fbs-accuracy=3.000000
2024-02-02 16:16:18,063 [INFO]  Epoch[0] Time cost=0.010
2024-02-02 16:16:18,064 [INFO]  Saved checkpoint to "./imputer_model/imputer_model_fbs/model-0000.params"
2024-02-02 16:16:18,065 [INFO]  Epoch[0] Validation-cross-entropy=6.336326
2024-02-02 16:16:18,065 [INFO]  Epoch[0] Validation-fbs-accuracy=0.000000
2024-02-02 16:16:18,071 [INFO]  Epoch[1] Batch [0-7]	Speed: 23475.19 samples/sec	cross-entropy=2.846217	fbs-accuracy=3.125000
2024-02-02 16:16:18,075 [INFO]  Epoch[1] Train-cross-entropy=2.259589
2024-02-02 16:16:18,075 [INFO]  Epoch[1] Train-fbs-accuracy=3.000000
2024-02-02 16:16:18,075 [INFO]  Epoch[1] Time cost=0.010
2024-02-02 16:16:18,076 [INFO]  Saved checkpoint to "./imputer_model/imputer_model_fbs/model-0001.params"
2024-02-02 16:16:18,077 [INFO]  Epoch[1] Validation-cross-entropy=1.856386
2024-02-02 16:16:18,077 [INFO]  Epoch[1] Validation-fbs-accuracy=0.000000
2024-02-02 16:16:18,082 [INFO]  Epoch[2] Batch [0-7]	Speed: 24089.13 samples/sec	cross-entropy=1.066605	fbs-accuracy=3.125000
2024-02-02 16:16:18,086 [INFO]  Epoch[2] Train-cross-entropy=0.968503
2024-02-02 16:16:18,086 [INFO]  Epoch[2] Train-fbs-accuracy=3.000000
2024-02-02 16:16:18,086 [INFO]  Epoch[2] Time cost=0.010
2024-02-02 16:16:18,088 [INFO]  Saved checkpoint to "./imputer_model/imputer_model_fbs/model-0002.params"
2024-02-02 16:16:18,088 [INFO]  Epoch[2] Validation-cross-entropy=1.128262
2024-02-02 16:16:18,089 [INFO]  Epoch[2] Validation-fbs-accuracy=0.000000
2024-02-02 16:16:18,103 [INFO]  Epoch[3] Batch [0-7]	Speed: 8247.52 samples/sec	cross-entropy=0.691654	fbs-accuracy=3.125000
2024-02-02 16:16:18,111 [INFO]  Epoch[3] Train-cross-entropy=0.617522
2024-02-02 16:16:18,112 [INFO]  Epoch[3] Train-fbs-accuracy=3.000000
2024-02-02 16:16:18,112 [INFO]  Epoch[3] Time cost=0.023
2024-02-02 16:16:18,114 [INFO]  Saved checkpoint to "./imputer_model/imputer_model_fbs/model-0003.params"
2024-02-02 16:16:18,115 [INFO]  Epoch[3] Validation-cross-entropy=0.933259
2024-02-02 16:16:18,115 [INFO]  Epoch[3] Validation-fbs-accuracy=0.000000
2024-02-02 16:16:18,122 [INFO]  Epoch[4] Batch [0-7]	Speed: 19639.70 samples/sec	cross-entropy=0.399756	fbs-accuracy=3.125000
2024-02-02 16:16:18,126 [INFO]  Epoch[4] Train-cross-entropy=0.392766
2024-02-02 16:16:18,126 [INFO]  Epoch[4] Train-fbs-accuracy=3.000000
2024-02-02 16:16:18,126 [INFO]  Epoch[4] Time cost=0.011
2024-02-02 16:16:18,128 [INFO]  Saved checkpoint to "./imputer_model/imputer_model_fbs/model-0004.params"
2024-02-02 16:16:18,128 [INFO]  Epoch[4] Validation-cross-entropy=0.855366
2024-02-02 16:16:18,128 [INFO]  Epoch[4] Validation-fbs-accuracy=0.000000
2024-02-02 16:16:18,128 [INFO]  
========== done (0.07610130310058594 s) fit model
2024-02-02 16:16:22,013 [INFO]  
========== start: fit model
2024-02-02 16:16:22,013 [WARNING]  Already bound, ignoring bind()
2024-02-02 16:16:22,027 [INFO]  Epoch[0] Batch [0-7]	Speed: 10544.60 samples/sec	cross-entropy=20.617660	fbs-accuracy=0.000000
2024-02-02 16:16:22,033 [INFO]  Epoch[0] Train-cross-entropy=16.879411
2024-02-02 16:16:22,033 [INFO]  Epoch[0] Train-fbs-accuracy=0.000000
2024-02-02 16:16:22,033 [INFO]  Epoch[0] Time cost=0.020
2024-02-02 16:16:22,035 [INFO]  Saved checkpoint to "./imputer_model/imputer_model_fbs/model-0000.params"
2024-02-02 16:16:22,036 [INFO]  Epoch[0] Validation-cross-entropy=7.085173
2024-02-02 16:16:22,036 [INFO]  Epoch[0] Validation-fbs-accuracy=0.000000
2024-02-02 16:16:22,043 [INFO]  Epoch[1] Batch [0-7]	Speed: 22773.03 samples/sec	cross-entropy=5.847942	fbs-accuracy=0.000000
2024-02-02 16:16:22,047 [INFO]  Epoch[1] Train-cross-entropy=4.593269
2024-02-02 16:16:22,047 [INFO]  Epoch[1] Train-fbs-accuracy=0.000000
2024-02-02 16:16:22,047 [INFO]  Epoch[1] Time cost=0.010
2024-02-02 16:16:22,048 [INFO]  Saved checkpoint to "./imputer_model/imputer_model_fbs/model-0001.params"
2024-02-02 16:16:22,049 [INFO]  Epoch[1] Validation-cross-entropy=1.604561
2024-02-02 16:16:22,049 [INFO]  Epoch[1] Validation-fbs-accuracy=0.000000
2024-02-02 16:16:22,058 [INFO]  Epoch[2] Batch [0-7]	Speed: 13075.10 samples/sec	cross-entropy=1.312626	fbs-accuracy=0.000000
2024-02-02 16:16:22,066 [INFO]  Epoch[2] Train-cross-entropy=1.026885
2024-02-02 16:16:22,066 [INFO]  Epoch[2] Train-fbs-accuracy=0.000000
2024-02-02 16:16:22,066 [INFO]  Epoch[2] Time cost=0.017
2024-02-02 16:16:22,068 [INFO]  Saved checkpoint to "./imputer_model/imputer_model_fbs/model-0002.params"
2024-02-02 16:16:22,069 [INFO]  Epoch[2] Validation-cross-entropy=0.838473
2024-02-02 16:16:22,069 [INFO]  Epoch[2] Validation-fbs-accuracy=0.000000
2024-02-02 16:16:22,075 [INFO]  Epoch[3] Batch [0-7]	Speed: 21316.00 samples/sec	cross-entropy=0.602305	fbs-accuracy=0.000000
2024-02-02 16:16:22,080 [INFO]  Epoch[3] Train-cross-entropy=0.555437
2024-02-02 16:16:22,080 [INFO]  Epoch[3] Train-fbs-accuracy=0.000000
2024-02-02 16:16:22,080 [INFO]  Epoch[3] Time cost=0.011
2024-02-02 16:16:22,081 [INFO]  Saved checkpoint to "./imputer_model/imputer_model_fbs/model-0003.params"
2024-02-02 16:16:22,082 [INFO]  Epoch[3] Validation-cross-entropy=1.020401
2024-02-02 16:16:22,082 [INFO]  Epoch[3] Validation-fbs-accuracy=0.000000
2024-02-02 16:16:22,087 [INFO]  Epoch[4] Batch [0-7]	Speed: 27662.35 samples/sec	cross-entropy=0.448837	fbs-accuracy=0.000000
2024-02-02 16:16:22,090 [INFO]  Epoch[4] Train-cross-entropy=0.387288
2024-02-02 16:16:22,091 [INFO]  Epoch[4] Train-fbs-accuracy=0.000000
2024-02-02 16:16:22,091 [INFO]  Epoch[4] Time cost=0.009
2024-02-02 16:16:22,092 [INFO]  Saved checkpoint to "./imputer_model/imputer_model_fbs/model-0004.params"
2024-02-02 16:16:22,092 [INFO]  Epoch[4] Validation-cross-entropy=0.900599
2024-02-02 16:16:22,092 [INFO]  Epoch[4] Validation-fbs-accuracy=0.000000
2024-02-02 16:16:22,092 [INFO]  
========== done (0.07996177673339844 s) fit model
2024-02-02 16:16:26,153 [INFO]  
========== start: fit model
2024-02-02 16:16:26,153 [WARNING]  Already bound, ignoring bind()
2024-02-02 16:16:26,159 [INFO]  Epoch[0] Batch [0-7]	Speed: 28052.19 samples/sec	cross-entropy=15.943621	fbs-accuracy=3.125000
2024-02-02 16:16:26,163 [INFO]  Epoch[0] Train-cross-entropy=12.679944
2024-02-02 16:16:26,163 [INFO]  Epoch[0] Train-fbs-accuracy=3.214286
2024-02-02 16:16:26,163 [INFO]  Epoch[0] Time cost=0.009
2024-02-02 16:16:26,164 [INFO]  Saved checkpoint to "./imputer_model/imputer_model_fbs/model-0000.params"
2024-02-02 16:16:26,165 [INFO]  Epoch[0] Validation-cross-entropy=24.446386
2024-02-02 16:16:26,165 [INFO]  Epoch[0] Validation-fbs-accuracy=0.000000
2024-02-02 16:16:26,170 [INFO]  Epoch[1] Batch [0-7]	Speed: 27440.97 samples/sec	cross-entropy=2.918865	fbs-accuracy=3.125000
2024-02-02 16:16:26,173 [INFO]  Epoch[1] Train-cross-entropy=2.416450
2024-02-02 16:16:26,173 [INFO]  Epoch[1] Train-fbs-accuracy=3.214286
2024-02-02 16:16:26,173 [INFO]  Epoch[1] Time cost=0.008
2024-02-02 16:16:26,174 [INFO]  Saved checkpoint to "./imputer_model/imputer_model_fbs/model-0001.params"
2024-02-02 16:16:26,175 [INFO]  Epoch[1] Validation-cross-entropy=6.359354
2024-02-02 16:16:26,175 [INFO]  Epoch[1] Validation-fbs-accuracy=0.000000
2024-02-02 16:16:26,180 [INFO]  Epoch[2] Batch [0-7]	Speed: 28454.91 samples/sec	cross-entropy=0.708170	fbs-accuracy=3.125000
2024-02-02 16:16:26,183 [INFO]  Epoch[2] Train-cross-entropy=0.704977
2024-02-02 16:16:26,183 [INFO]  Epoch[2] Train-fbs-accuracy=3.214286
2024-02-02 16:16:26,183 [INFO]  Epoch[2] Time cost=0.008
2024-02-02 16:16:26,185 [INFO]  Saved checkpoint to "./imputer_model/imputer_model_fbs/model-0002.params"
2024-02-02 16:16:26,185 [INFO]  Epoch[2] Validation-cross-entropy=1.733272
2024-02-02 16:16:26,185 [INFO]  Epoch[2] Validation-fbs-accuracy=0.000000
2024-02-02 16:16:26,190 [INFO]  Epoch[3] Batch [0-7]	Speed: 28745.69 samples/sec	cross-entropy=0.523890	fbs-accuracy=3.125000
2024-02-02 16:16:26,193 [INFO]  Epoch[3] Train-cross-entropy=0.468507
2024-02-02 16:16:26,193 [INFO]  Epoch[3] Train-fbs-accuracy=3.214286
2024-02-02 16:16:26,193 [INFO]  Epoch[3] Time cost=0.008
2024-02-02 16:16:26,195 [INFO]  Saved checkpoint to "./imputer_model/imputer_model_fbs/model-0003.params"
2024-02-02 16:16:26,195 [INFO]  Epoch[3] Validation-cross-entropy=1.542002
2024-02-02 16:16:26,195 [INFO]  Epoch[3] Validation-fbs-accuracy=0.000000
2024-02-02 16:16:26,200 [INFO]  Epoch[4] Batch [0-7]	Speed: 28911.99 samples/sec	cross-entropy=0.302704	fbs-accuracy=3.125000
2024-02-02 16:16:26,203 [INFO]  Epoch[4] Train-cross-entropy=0.300131
2024-02-02 16:16:26,203 [INFO]  Epoch[4] Train-fbs-accuracy=3.214286
2024-02-02 16:16:26,203 [INFO]  Epoch[4] Time cost=0.008
2024-02-02 16:16:26,205 [INFO]  Saved checkpoint to "./imputer_model/imputer_model_fbs/model-0004.params"
2024-02-02 16:16:26,205 [INFO]  Epoch[4] Validation-cross-entropy=1.778394
2024-02-02 16:16:26,205 [INFO]  Epoch[4] Validation-fbs-accuracy=0.000000
2024-02-02 16:16:26,205 [INFO]  
========== done (0.052237510681152344 s) fit model
2024-02-02 16:16:30,171 [INFO]  
========== start: fit model
2024-02-02 16:16:30,171 [WARNING]  Already bound, ignoring bind()
2024-02-02 16:16:30,178 [INFO]  Epoch[0] Batch [0-7]	Speed: 22917.46 samples/sec	cross-entropy=15.185200	fbs-accuracy=0.000000
2024-02-02 16:16:30,182 [INFO]  Epoch[0] Train-cross-entropy=12.431046
2024-02-02 16:16:30,182 [INFO]  Epoch[0] Train-fbs-accuracy=0.000000
2024-02-02 16:16:30,182 [INFO]  Epoch[0] Time cost=0.010
2024-02-02 16:16:30,183 [INFO]  Saved checkpoint to "./imputer_model/imputer_model_fbs/model-0000.params"
2024-02-02 16:16:30,184 [INFO]  Epoch[0] Validation-cross-entropy=3.121204
2024-02-02 16:16:30,184 [INFO]  Epoch[0] Validation-fbs-accuracy=0.000000
2024-02-02 16:16:30,189 [INFO]  Epoch[1] Batch [0-7]	Speed: 26463.98 samples/sec	cross-entropy=3.435906	fbs-accuracy=0.000000
2024-02-02 16:16:30,193 [INFO]  Epoch[1] Train-cross-entropy=2.663285
2024-02-02 16:16:30,193 [INFO]  Epoch[1] Train-fbs-accuracy=0.000000
2024-02-02 16:16:30,193 [INFO]  Epoch[1] Time cost=0.009
2024-02-02 16:16:30,194 [INFO]  Saved checkpoint to "./imputer_model/imputer_model_fbs/model-0001.params"
2024-02-02 16:16:30,195 [INFO]  Epoch[1] Validation-cross-entropy=0.589051
2024-02-02 16:16:30,195 [INFO]  Epoch[1] Validation-fbs-accuracy=0.000000
2024-02-02 16:16:30,200 [INFO]  Epoch[2] Batch [0-7]	Speed: 28581.29 samples/sec	cross-entropy=0.770828	fbs-accuracy=0.000000
2024-02-02 16:16:30,203 [INFO]  Epoch[2] Train-cross-entropy=0.756438
2024-02-02 16:16:30,203 [INFO]  Epoch[2] Train-fbs-accuracy=0.000000
2024-02-02 16:16:30,203 [INFO]  Epoch[2] Time cost=0.008
2024-02-02 16:16:30,204 [INFO]  Saved checkpoint to "./imputer_model/imputer_model_fbs/model-0002.params"
2024-02-02 16:16:30,205 [INFO]  Epoch[2] Validation-cross-entropy=0.369146
2024-02-02 16:16:30,205 [INFO]  Epoch[2] Validation-fbs-accuracy=0.000000
2024-02-02 16:16:30,210 [INFO]  Epoch[3] Batch [0-7]	Speed: 28726.35 samples/sec	cross-entropy=0.524714	fbs-accuracy=0.000000
2024-02-02 16:16:30,213 [INFO]  Epoch[3] Train-cross-entropy=0.517676
2024-02-02 16:16:30,213 [INFO]  Epoch[3] Train-fbs-accuracy=0.000000
2024-02-02 16:16:30,213 [INFO]  Epoch[3] Time cost=0.008
2024-02-02 16:16:30,214 [INFO]  Saved checkpoint to "./imputer_model/imputer_model_fbs/model-0003.params"
2024-02-02 16:16:30,215 [INFO]  Epoch[3] Validation-cross-entropy=0.259624
2024-02-02 16:16:30,215 [INFO]  Epoch[3] Validation-fbs-accuracy=0.000000
2024-02-02 16:16:30,221 [INFO]  Epoch[4] Batch [0-7]	Speed: 20648.88 samples/sec	cross-entropy=0.333158	fbs-accuracy=0.000000
2024-02-02 16:16:30,225 [INFO]  Epoch[4] Train-cross-entropy=0.309301
2024-02-02 16:16:30,225 [INFO]  Epoch[4] Train-fbs-accuracy=0.000000
2024-02-02 16:16:30,225 [INFO]  Epoch[4] Time cost=0.010
2024-02-02 16:16:30,226 [INFO]  Saved checkpoint to "./imputer_model/imputer_model_fbs/model-0004.params"
2024-02-02 16:16:30,227 [INFO]  Epoch[4] Validation-cross-entropy=0.180439
2024-02-02 16:16:30,227 [INFO]  Epoch[4] Validation-fbs-accuracy=0.000000
2024-02-02 16:16:30,227 [INFO]  
========== done (0.05627584457397461 s) fit model
2024-02-02 16:16:34,037 [INFO]  
========== start: fit model
2024-02-02 16:16:34,037 [WARNING]  Already bound, ignoring bind()
2024-02-02 16:16:34,044 [INFO]  Epoch[0] Batch [0-7]	Speed: 23485.75 samples/sec	cross-entropy=16.256596	fbs-accuracy=4.125000
2024-02-02 16:16:34,048 [INFO]  Epoch[0] Train-cross-entropy=11.875295
2024-02-02 16:16:34,048 [INFO]  Epoch[0] Train-fbs-accuracy=3.642857
2024-02-02 16:16:34,048 [INFO]  Epoch[0] Time cost=0.010
2024-02-02 16:16:34,049 [INFO]  Saved checkpoint to "./imputer_model/imputer_model_fbs/model-0000.params"
2024-02-02 16:16:34,050 [INFO]  Epoch[0] Validation-cross-entropy=6.641276
2024-02-02 16:16:34,050 [INFO]  Epoch[0] Validation-fbs-accuracy=0.000000
2024-02-02 16:16:34,055 [INFO]  Epoch[1] Batch [0-7]	Speed: 26277.45 samples/sec	cross-entropy=3.739771	fbs-accuracy=4.125000
2024-02-02 16:16:34,058 [INFO]  Epoch[1] Train-cross-entropy=2.651566
2024-02-02 16:16:34,058 [INFO]  Epoch[1] Train-fbs-accuracy=3.642857
2024-02-02 16:16:34,059 [INFO]  Epoch[1] Time cost=0.008
2024-02-02 16:16:34,060 [INFO]  Saved checkpoint to "./imputer_model/imputer_model_fbs/model-0001.params"
2024-02-02 16:16:34,060 [INFO]  Epoch[1] Validation-cross-entropy=0.950752
2024-02-02 16:16:34,060 [INFO]  Epoch[1] Validation-fbs-accuracy=0.000000
2024-02-02 16:16:34,065 [INFO]  Epoch[2] Batch [0-7]	Speed: 29028.12 samples/sec	cross-entropy=0.796625	fbs-accuracy=4.125000
2024-02-02 16:16:34,068 [INFO]  Epoch[2] Train-cross-entropy=0.599417
2024-02-02 16:16:34,068 [INFO]  Epoch[2] Train-fbs-accuracy=3.642857
2024-02-02 16:16:34,068 [INFO]  Epoch[2] Time cost=0.008
2024-02-02 16:16:34,070 [INFO]  Saved checkpoint to "./imputer_model/imputer_model_fbs/model-0002.params"
2024-02-02 16:16:34,070 [INFO]  Epoch[2] Validation-cross-entropy=0.301225
2024-02-02 16:16:34,070 [INFO]  Epoch[2] Validation-fbs-accuracy=0.000000
2024-02-02 16:16:34,075 [INFO]  Epoch[3] Batch [0-7]	Speed: 29463.25 samples/sec	cross-entropy=0.538149	fbs-accuracy=4.125000
2024-02-02 16:16:34,078 [INFO]  Epoch[3] Train-cross-entropy=0.410845
2024-02-02 16:16:34,078 [INFO]  Epoch[3] Train-fbs-accuracy=3.642857
2024-02-02 16:16:34,078 [INFO]  Epoch[3] Time cost=0.008
2024-02-02 16:16:34,079 [INFO]  Saved checkpoint to "./imputer_model/imputer_model_fbs/model-0003.params"
2024-02-02 16:16:34,080 [INFO]  Epoch[3] Validation-cross-entropy=0.257713
2024-02-02 16:16:34,080 [INFO]  Epoch[3] Validation-fbs-accuracy=0.000000
2024-02-02 16:16:34,085 [INFO]  Epoch[4] Batch [0-7]	Speed: 29022.74 samples/sec	cross-entropy=0.284623	fbs-accuracy=4.125000
2024-02-02 16:16:34,088 [INFO]  Epoch[4] Train-cross-entropy=0.226827
2024-02-02 16:16:34,088 [INFO]  Epoch[4] Train-fbs-accuracy=3.642857
2024-02-02 16:16:34,088 [INFO]  Epoch[4] Time cost=0.008
2024-02-02 16:16:34,089 [INFO]  Saved checkpoint to "./imputer_model/imputer_model_fbs/model-0004.params"
2024-02-02 16:16:34,090 [INFO]  Epoch[4] Validation-cross-entropy=0.226149
2024-02-02 16:16:34,090 [INFO]  Epoch[4] Validation-fbs-accuracy=0.000000
2024-02-02 16:16:34,090 [INFO]  
========== done (0.05296206474304199 s) fit model
2024-02-02 16:16:38,110 [INFO]  
========== start: fit model
2024-02-02 16:16:38,110 [WARNING]  Already bound, ignoring bind()
2024-02-02 16:16:38,116 [INFO]  Epoch[0] Batch [0-7]	Speed: 27058.47 samples/sec	cross-entropy=15.342491	fbs-accuracy=4.000000
2024-02-02 16:16:38,120 [INFO]  Epoch[0] Train-cross-entropy=14.619665
2024-02-02 16:16:38,120 [INFO]  Epoch[0] Train-fbs-accuracy=3.500000
2024-02-02 16:16:38,120 [INFO]  Epoch[0] Time cost=0.009
2024-02-02 16:16:38,121 [INFO]  Saved checkpoint to "./imputer_model/imputer_model_fbs/model-0000.params"
2024-02-02 16:16:38,122 [INFO]  Epoch[0] Validation-cross-entropy=3.849999
2024-02-02 16:16:38,122 [INFO]  Epoch[0] Validation-fbs-accuracy=0.000000
2024-02-02 16:16:38,127 [INFO]  Epoch[1] Batch [0-7]	Speed: 26601.85 samples/sec	cross-entropy=4.466820	fbs-accuracy=4.000000
2024-02-02 16:16:38,131 [INFO]  Epoch[1] Train-cross-entropy=3.489957
2024-02-02 16:16:38,131 [INFO]  Epoch[1] Train-fbs-accuracy=3.500000
2024-02-02 16:16:38,131 [INFO]  Epoch[1] Time cost=0.009
2024-02-02 16:16:38,132 [INFO]  Saved checkpoint to "./imputer_model/imputer_model_fbs/model-0001.params"
2024-02-02 16:16:38,133 [INFO]  Epoch[1] Validation-cross-entropy=2.888030
2024-02-02 16:16:38,133 [INFO]  Epoch[1] Validation-fbs-accuracy=0.000000
2024-02-02 16:16:38,137 [INFO]  Epoch[2] Batch [0-7]	Speed: 27400.96 samples/sec	cross-entropy=1.456581	fbs-accuracy=4.000000
2024-02-02 16:16:38,141 [INFO]  Epoch[2] Train-cross-entropy=1.136174
2024-02-02 16:16:38,141 [INFO]  Epoch[2] Train-fbs-accuracy=3.500000
2024-02-02 16:16:38,141 [INFO]  Epoch[2] Time cost=0.008
2024-02-02 16:16:38,142 [INFO]  Saved checkpoint to "./imputer_model/imputer_model_fbs/model-0002.params"
2024-02-02 16:16:38,143 [INFO]  Epoch[2] Validation-cross-entropy=2.357743
2024-02-02 16:16:38,143 [INFO]  Epoch[2] Validation-fbs-accuracy=0.000000
2024-02-02 16:16:38,148 [INFO]  Epoch[3] Batch [0-7]	Speed: 27418.55 samples/sec	cross-entropy=0.577271	fbs-accuracy=4.000000
2024-02-02 16:16:38,152 [INFO]  Epoch[3] Train-cross-entropy=0.546539
2024-02-02 16:16:38,152 [INFO]  Epoch[3] Train-fbs-accuracy=3.500000
2024-02-02 16:16:38,152 [INFO]  Epoch[3] Time cost=0.009
2024-02-02 16:16:38,153 [INFO]  Saved checkpoint to "./imputer_model/imputer_model_fbs/model-0003.params"
2024-02-02 16:16:38,154 [INFO]  Epoch[3] Validation-cross-entropy=1.614900
2024-02-02 16:16:38,154 [INFO]  Epoch[3] Validation-fbs-accuracy=0.000000
2024-02-02 16:16:38,158 [INFO]  Epoch[4] Batch [0-7]	Speed: 28367.27 samples/sec	cross-entropy=0.401987	fbs-accuracy=4.000000
2024-02-02 16:16:38,162 [INFO]  Epoch[4] Train-cross-entropy=0.338772
2024-02-02 16:16:38,162 [INFO]  Epoch[4] Train-fbs-accuracy=3.500000
2024-02-02 16:16:38,162 [INFO]  Epoch[4] Time cost=0.008
2024-02-02 16:16:38,163 [INFO]  Saved checkpoint to "./imputer_model/imputer_model_fbs/model-0004.params"
2024-02-02 16:16:38,164 [INFO]  Epoch[4] Validation-cross-entropy=1.411652
2024-02-02 16:16:38,164 [INFO]  Epoch[4] Validation-fbs-accuracy=0.000000
2024-02-02 16:16:38,164 [INFO]  
========== done (0.0539250373840332 s) fit model
2024-02-02 16:16:42,221 [INFO]  
========== start: fit model
2024-02-02 16:16:42,221 [WARNING]  Already bound, ignoring bind()
2024-02-02 16:16:42,227 [INFO]  Epoch[0] Batch [0-7]	Speed: 24420.98 samples/sec	cross-entropy=25.812270	fbs-accuracy=2.875000
2024-02-02 16:16:42,233 [INFO]  Epoch[0] Train-cross-entropy=20.747550
2024-02-02 16:16:42,233 [INFO]  Epoch[0] Train-fbs-accuracy=3.071429
2024-02-02 16:16:42,233 [INFO]  Epoch[0] Time cost=0.012
2024-02-02 16:16:42,236 [INFO]  Saved checkpoint to "./imputer_model/imputer_model_fbs/model-0000.params"
2024-02-02 16:16:42,237 [INFO]  Epoch[0] Validation-cross-entropy=20.221416
2024-02-02 16:16:42,238 [INFO]  Epoch[0] Validation-fbs-accuracy=0.000000
2024-02-02 16:16:42,373 [INFO]  Epoch[1] Batch [0-7]	Speed: 837.27 samples/sec	cross-entropy=7.871147	fbs-accuracy=2.875000
2024-02-02 16:16:42,384 [INFO]  Epoch[1] Train-cross-entropy=5.578500
2024-02-02 16:16:42,384 [INFO]  Epoch[1] Train-fbs-accuracy=3.071429
2024-02-02 16:16:42,384 [INFO]  Epoch[1] Time cost=0.146
2024-02-02 16:16:42,387 [INFO]  Saved checkpoint to "./imputer_model/imputer_model_fbs/model-0001.params"
2024-02-02 16:16:42,388 [INFO]  Epoch[1] Validation-cross-entropy=7.252326
2024-02-02 16:16:42,388 [INFO]  Epoch[1] Validation-fbs-accuracy=0.000000
2024-02-02 16:16:42,397 [INFO]  Epoch[2] Batch [0-7]	Speed: 14598.86 samples/sec	cross-entropy=2.089639	fbs-accuracy=2.875000
2024-02-02 16:16:42,401 [INFO]  Epoch[2] Train-cross-entropy=1.787077
2024-02-02 16:16:42,401 [INFO]  Epoch[2] Train-fbs-accuracy=3.071429
2024-02-02 16:16:42,401 [INFO]  Epoch[2] Time cost=0.013
2024-02-02 16:16:42,403 [INFO]  Saved checkpoint to "./imputer_model/imputer_model_fbs/model-0002.params"
2024-02-02 16:16:42,403 [INFO]  Epoch[2] Validation-cross-entropy=1.838004
2024-02-02 16:16:42,403 [INFO]  Epoch[2] Validation-fbs-accuracy=0.000000
2024-02-02 16:16:42,409 [INFO]  Epoch[3] Batch [0-7]	Speed: 25479.31 samples/sec	cross-entropy=0.810575	fbs-accuracy=2.875000
2024-02-02 16:16:42,412 [INFO]  Epoch[3] Train-cross-entropy=0.798305
2024-02-02 16:16:42,412 [INFO]  Epoch[3] Train-fbs-accuracy=3.071429
2024-02-02 16:16:42,412 [INFO]  Epoch[3] Time cost=0.009
2024-02-02 16:16:42,414 [INFO]  Saved checkpoint to "./imputer_model/imputer_model_fbs/model-0003.params"
2024-02-02 16:16:42,414 [INFO]  Epoch[3] Validation-cross-entropy=1.403453
2024-02-02 16:16:42,414 [INFO]  Epoch[3] Validation-fbs-accuracy=0.000000
2024-02-02 16:16:42,419 [INFO]  Epoch[4] Batch [0-7]	Speed: 26422.30 samples/sec	cross-entropy=0.494945	fbs-accuracy=2.875000
2024-02-02 16:16:42,422 [INFO]  Epoch[4] Train-cross-entropy=0.448824
2024-02-02 16:16:42,423 [INFO]  Epoch[4] Train-fbs-accuracy=3.071429
2024-02-02 16:16:42,423 [INFO]  Epoch[4] Time cost=0.009
2024-02-02 16:16:42,424 [INFO]  Saved checkpoint to "./imputer_model/imputer_model_fbs/model-0004.params"
2024-02-02 16:16:42,424 [INFO]  Epoch[4] Validation-cross-entropy=1.020480
2024-02-02 16:16:42,424 [INFO]  Epoch[4] Validation-fbs-accuracy=0.000000
2024-02-02 16:16:42,424 [INFO]  
========== done (0.20339727401733398 s) fit model
2024-02-02 16:16:46,678 [INFO]  
========== start: fit model
2024-02-02 16:16:46,679 [WARNING]  Already bound, ignoring bind()
2024-02-02 16:16:46,685 [INFO]  Epoch[0] Batch [0-7]	Speed: 22929.76 samples/sec	cross-entropy=16.588300	fbs-accuracy=0.000000
2024-02-02 16:16:46,689 [INFO]  Epoch[0] Train-cross-entropy=14.700388
2024-02-02 16:16:46,690 [INFO]  Epoch[0] Train-fbs-accuracy=0.000000
2024-02-02 16:16:46,690 [INFO]  Epoch[0] Time cost=0.010
2024-02-02 16:16:46,691 [INFO]  Saved checkpoint to "./imputer_model/imputer_model_fbs/model-0000.params"
2024-02-02 16:16:46,692 [INFO]  Epoch[0] Validation-cross-entropy=4.516297
2024-02-02 16:16:46,692 [INFO]  Epoch[0] Validation-fbs-accuracy=0.000000
2024-02-02 16:16:46,697 [INFO]  Epoch[1] Batch [0-7]	Speed: 23736.15 samples/sec	cross-entropy=4.623562	fbs-accuracy=0.000000
2024-02-02 16:16:46,701 [INFO]  Epoch[1] Train-cross-entropy=3.994851
2024-02-02 16:16:46,701 [INFO]  Epoch[1] Train-fbs-accuracy=0.000000
2024-02-02 16:16:46,701 [INFO]  Epoch[1] Time cost=0.009
2024-02-02 16:16:46,702 [INFO]  Saved checkpoint to "./imputer_model/imputer_model_fbs/model-0001.params"
2024-02-02 16:16:46,703 [INFO]  Epoch[1] Validation-cross-entropy=0.825969
2024-02-02 16:16:46,703 [INFO]  Epoch[1] Validation-fbs-accuracy=0.000000
2024-02-02 16:16:46,707 [INFO]  Epoch[2] Batch [0-7]	Speed: 28085.74 samples/sec	cross-entropy=1.110591	fbs-accuracy=0.000000
2024-02-02 16:16:46,711 [INFO]  Epoch[2] Train-cross-entropy=1.079645
2024-02-02 16:16:46,711 [INFO]  Epoch[2] Train-fbs-accuracy=0.000000
2024-02-02 16:16:46,711 [INFO]  Epoch[2] Time cost=0.008
2024-02-02 16:16:46,712 [INFO]  Saved checkpoint to "./imputer_model/imputer_model_fbs/model-0002.params"
2024-02-02 16:16:46,713 [INFO]  Epoch[2] Validation-cross-entropy=0.704945
2024-02-02 16:16:46,713 [INFO]  Epoch[2] Validation-fbs-accuracy=0.000000
2024-02-02 16:16:46,718 [INFO]  Epoch[3] Batch [0-7]	Speed: 28441.12 samples/sec	cross-entropy=0.869014	fbs-accuracy=0.000000
2024-02-02 16:16:46,721 [INFO]  Epoch[3] Train-cross-entropy=0.752068
2024-02-02 16:16:46,721 [INFO]  Epoch[3] Train-fbs-accuracy=0.000000
2024-02-02 16:16:46,721 [INFO]  Epoch[3] Time cost=0.008
2024-02-02 16:16:46,722 [INFO]  Saved checkpoint to "./imputer_model/imputer_model_fbs/model-0003.params"
2024-02-02 16:16:46,723 [INFO]  Epoch[3] Validation-cross-entropy=0.773401
2024-02-02 16:16:46,723 [INFO]  Epoch[3] Validation-fbs-accuracy=0.000000
2024-02-02 16:16:46,728 [INFO]  Epoch[4] Batch [0-7]	Speed: 28307.44 samples/sec	cross-entropy=0.532694	fbs-accuracy=0.000000
2024-02-02 16:16:46,732 [INFO]  Epoch[4] Train-cross-entropy=0.462548
2024-02-02 16:16:46,732 [INFO]  Epoch[4] Train-fbs-accuracy=0.000000
2024-02-02 16:16:46,732 [INFO]  Epoch[4] Time cost=0.008
2024-02-02 16:16:46,733 [INFO]  Saved checkpoint to "./imputer_model/imputer_model_fbs/model-0004.params"
2024-02-02 16:16:46,733 [INFO]  Epoch[4] Validation-cross-entropy=0.472724
2024-02-02 16:16:46,734 [INFO]  Epoch[4] Validation-fbs-accuracy=0.000000
2024-02-02 16:16:46,734 [INFO]  
========== done (0.05515336990356445 s) fit model
2024-02-02 16:16:50,942 [INFO]  
========== start: fit model
2024-02-02 16:16:50,942 [WARNING]  Already bound, ignoring bind()
2024-02-02 16:16:50,952 [INFO]  Epoch[0] Batch [0-7]	Speed: 13835.66 samples/sec	cross-entropy=12.561678	fbs-accuracy=3.500000
2024-02-02 16:16:50,960 [INFO]  Epoch[0] Train-cross-entropy=9.737449
2024-02-02 16:16:50,960 [INFO]  Epoch[0] Train-fbs-accuracy=3.857143
2024-02-02 16:16:50,960 [INFO]  Epoch[0] Time cost=0.017
2024-02-02 16:16:50,962 [INFO]  Saved checkpoint to "./imputer_model/imputer_model_fbs/model-0000.params"
2024-02-02 16:16:50,963 [INFO]  Epoch[0] Validation-cross-entropy=31.908408
2024-02-02 16:16:50,963 [INFO]  Epoch[0] Validation-fbs-accuracy=0.000000
2024-02-02 16:16:50,970 [INFO]  Epoch[1] Batch [0-7]	Speed: 19861.41 samples/sec	cross-entropy=3.521121	fbs-accuracy=3.500000
2024-02-02 16:16:50,974 [INFO]  Epoch[1] Train-cross-entropy=2.759127
2024-02-02 16:16:50,974 [INFO]  Epoch[1] Train-fbs-accuracy=3.857143
2024-02-02 16:16:50,974 [INFO]  Epoch[1] Time cost=0.011
2024-02-02 16:16:50,976 [INFO]  Saved checkpoint to "./imputer_model/imputer_model_fbs/model-0001.params"
2024-02-02 16:16:50,976 [INFO]  Epoch[1] Validation-cross-entropy=5.683919
2024-02-02 16:16:50,977 [INFO]  Epoch[1] Validation-fbs-accuracy=0.000000
2024-02-02 16:16:50,981 [INFO]  Epoch[2] Batch [0-7]	Speed: 28673.75 samples/sec	cross-entropy=1.479655	fbs-accuracy=3.500000
2024-02-02 16:16:50,985 [INFO]  Epoch[2] Train-cross-entropy=1.201117
2024-02-02 16:16:50,985 [INFO]  Epoch[2] Train-fbs-accuracy=3.857143
2024-02-02 16:16:50,985 [INFO]  Epoch[2] Time cost=0.008
2024-02-02 16:16:50,986 [INFO]  Saved checkpoint to "./imputer_model/imputer_model_fbs/model-0002.params"
2024-02-02 16:16:50,987 [INFO]  Epoch[2] Validation-cross-entropy=1.531142
2024-02-02 16:16:50,987 [INFO]  Epoch[2] Validation-fbs-accuracy=0.000000
2024-02-02 16:16:50,991 [INFO]  Epoch[3] Batch [0-7]	Speed: 28439.40 samples/sec	cross-entropy=0.870921	fbs-accuracy=3.500000
2024-02-02 16:16:50,995 [INFO]  Epoch[3] Train-cross-entropy=0.694487
2024-02-02 16:16:50,995 [INFO]  Epoch[3] Train-fbs-accuracy=3.857143
2024-02-02 16:16:50,995 [INFO]  Epoch[3] Time cost=0.008
2024-02-02 16:16:50,996 [INFO]  Saved checkpoint to "./imputer_model/imputer_model_fbs/model-0003.params"
2024-02-02 16:16:50,996 [INFO]  Epoch[3] Validation-cross-entropy=1.250768
2024-02-02 16:16:50,997 [INFO]  Epoch[3] Validation-fbs-accuracy=0.000000
2024-02-02 16:16:51,001 [INFO]  Epoch[4] Batch [0-7]	Speed: 28661.50 samples/sec	cross-entropy=0.538814	fbs-accuracy=3.500000
2024-02-02 16:16:51,005 [INFO]  Epoch[4] Train-cross-entropy=0.427143
2024-02-02 16:16:51,005 [INFO]  Epoch[4] Train-fbs-accuracy=3.857143
2024-02-02 16:16:51,005 [INFO]  Epoch[4] Time cost=0.009
2024-02-02 16:16:51,006 [INFO]  Saved checkpoint to "./imputer_model/imputer_model_fbs/model-0004.params"
2024-02-02 16:16:51,007 [INFO]  Epoch[4] Validation-cross-entropy=0.902792
2024-02-02 16:16:51,007 [INFO]  Epoch[4] Validation-fbs-accuracy=0.000000
2024-02-02 16:16:51,007 [INFO]  
========== done (0.06502580642700195 s) fit model
2024-02-02 16:16:55,541 [INFO]  
========== start: fit model
2024-02-02 16:16:55,541 [WARNING]  Already bound, ignoring bind()
2024-02-02 16:16:55,547 [INFO]  Epoch[0] Batch [0-7]	Speed: 24755.59 samples/sec	cross-entropy=17.948397	fbs-accuracy=3.500000
2024-02-02 16:16:55,551 [INFO]  Epoch[0] Train-cross-entropy=13.052681
2024-02-02 16:16:55,552 [INFO]  Epoch[0] Train-fbs-accuracy=3.642857
2024-02-02 16:16:55,552 [INFO]  Epoch[0] Time cost=0.010
2024-02-02 16:16:55,553 [INFO]  Saved checkpoint to "./imputer_model/imputer_model_fbs/model-0000.params"
2024-02-02 16:16:55,553 [INFO]  Epoch[0] Validation-cross-entropy=3.408506
2024-02-02 16:16:55,553 [INFO]  Epoch[0] Validation-fbs-accuracy=0.000000
2024-02-02 16:16:55,558 [INFO]  Epoch[1] Batch [0-7]	Speed: 25733.34 samples/sec	cross-entropy=3.828183	fbs-accuracy=3.500000
2024-02-02 16:16:55,562 [INFO]  Epoch[1] Train-cross-entropy=2.624445
2024-02-02 16:16:55,562 [INFO]  Epoch[1] Train-fbs-accuracy=3.642857
2024-02-02 16:16:55,562 [INFO]  Epoch[1] Time cost=0.009
2024-02-02 16:16:55,564 [INFO]  Saved checkpoint to "./imputer_model/imputer_model_fbs/model-0001.params"
2024-02-02 16:16:55,564 [INFO]  Epoch[1] Validation-cross-entropy=0.369132
2024-02-02 16:16:55,564 [INFO]  Epoch[1] Validation-fbs-accuracy=0.000000
2024-02-02 16:16:55,569 [INFO]  Epoch[2] Batch [0-7]	Speed: 25986.73 samples/sec	cross-entropy=0.789196	fbs-accuracy=3.500000
2024-02-02 16:16:55,573 [INFO]  Epoch[2] Train-cross-entropy=0.661283
2024-02-02 16:16:55,573 [INFO]  Epoch[2] Train-fbs-accuracy=3.642857
2024-02-02 16:16:55,573 [INFO]  Epoch[2] Time cost=0.009
2024-02-02 16:16:55,575 [INFO]  Saved checkpoint to "./imputer_model/imputer_model_fbs/model-0002.params"
2024-02-02 16:16:55,575 [INFO]  Epoch[2] Validation-cross-entropy=0.220353
2024-02-02 16:16:55,575 [INFO]  Epoch[2] Validation-fbs-accuracy=0.000000
2024-02-02 16:16:55,580 [INFO]  Epoch[3] Batch [0-7]	Speed: 25960.88 samples/sec	cross-entropy=0.542727	fbs-accuracy=3.500000
2024-02-02 16:16:55,584 [INFO]  Epoch[3] Train-cross-entropy=0.428028
2024-02-02 16:16:55,584 [INFO]  Epoch[3] Train-fbs-accuracy=3.642857
2024-02-02 16:16:55,584 [INFO]  Epoch[3] Time cost=0.009
2024-02-02 16:16:55,585 [INFO]  Saved checkpoint to "./imputer_model/imputer_model_fbs/model-0003.params"
2024-02-02 16:16:55,585 [INFO]  Epoch[3] Validation-cross-entropy=0.197412
2024-02-02 16:16:55,586 [INFO]  Epoch[3] Validation-fbs-accuracy=0.000000
2024-02-02 16:16:55,591 [INFO]  Epoch[4] Batch [0-7]	Speed: 23677.52 samples/sec	cross-entropy=0.294126	fbs-accuracy=3.500000
2024-02-02 16:16:55,595 [INFO]  Epoch[4] Train-cross-entropy=0.240339
2024-02-02 16:16:55,595 [INFO]  Epoch[4] Train-fbs-accuracy=3.642857
2024-02-02 16:16:55,595 [INFO]  Epoch[4] Time cost=0.009
2024-02-02 16:16:55,596 [INFO]  Saved checkpoint to "./imputer_model/imputer_model_fbs/model-0004.params"
2024-02-02 16:16:55,597 [INFO]  Epoch[4] Validation-cross-entropy=0.140876
2024-02-02 16:16:55,597 [INFO]  Epoch[4] Validation-fbs-accuracy=0.000000
2024-02-02 16:16:55,597 [INFO]  
========== done (0.05604910850524902 s) fit model
2024-02-02 16:17:00,132 [INFO]  
========== start: fit model
2024-02-02 16:17:00,133 [WARNING]  Already bound, ignoring bind()
2024-02-02 16:17:00,139 [INFO]  Epoch[0] Batch [0-7]	Speed: 22953.29 samples/sec	cross-entropy=10.281527	fbs-accuracy=0.000000
2024-02-02 16:17:00,144 [INFO]  Epoch[0] Train-cross-entropy=8.478381
2024-02-02 16:17:00,144 [INFO]  Epoch[0] Train-fbs-accuracy=0.000000
2024-02-02 16:17:00,144 [INFO]  Epoch[0] Time cost=0.010
2024-02-02 16:17:00,145 [INFO]  Saved checkpoint to "./imputer_model/imputer_model_fbs/model-0000.params"
2024-02-02 16:17:00,146 [INFO]  Epoch[0] Validation-cross-entropy=27.404374
2024-02-02 16:17:00,146 [INFO]  Epoch[0] Validation-fbs-accuracy=0.000000
2024-02-02 16:17:00,152 [INFO]  Epoch[1] Batch [0-7]	Speed: 22524.07 samples/sec	cross-entropy=1.749319	fbs-accuracy=0.000000
2024-02-02 16:17:00,155 [INFO]  Epoch[1] Train-cross-entropy=1.463844
2024-02-02 16:17:00,155 [INFO]  Epoch[1] Train-fbs-accuracy=0.000000
2024-02-02 16:17:00,155 [INFO]  Epoch[1] Time cost=0.009
2024-02-02 16:17:00,157 [INFO]  Saved checkpoint to "./imputer_model/imputer_model_fbs/model-0001.params"
2024-02-02 16:17:00,157 [INFO]  Epoch[1] Validation-cross-entropy=5.870686
2024-02-02 16:17:00,157 [INFO]  Epoch[1] Validation-fbs-accuracy=0.000000
2024-02-02 16:17:00,162 [INFO]  Epoch[2] Batch [0-7]	Speed: 28258.06 samples/sec	cross-entropy=0.695493	fbs-accuracy=0.000000
2024-02-02 16:17:00,166 [INFO]  Epoch[2] Train-cross-entropy=0.637830
2024-02-02 16:17:00,166 [INFO]  Epoch[2] Train-fbs-accuracy=0.000000
2024-02-02 16:17:00,166 [INFO]  Epoch[2] Time cost=0.008
2024-02-02 16:17:00,167 [INFO]  Saved checkpoint to "./imputer_model/imputer_model_fbs/model-0002.params"
2024-02-02 16:17:00,168 [INFO]  Epoch[2] Validation-cross-entropy=2.768277
2024-02-02 16:17:00,168 [INFO]  Epoch[2] Validation-fbs-accuracy=0.000000
2024-02-02 16:17:00,173 [INFO]  Epoch[3] Batch [0-7]	Speed: 26293.63 samples/sec	cross-entropy=0.502217	fbs-accuracy=0.000000
2024-02-02 16:17:00,176 [INFO]  Epoch[3] Train-cross-entropy=0.413288
2024-02-02 16:17:00,176 [INFO]  Epoch[3] Train-fbs-accuracy=0.000000
2024-02-02 16:17:00,176 [INFO]  Epoch[3] Time cost=0.009
2024-02-02 16:17:00,177 [INFO]  Saved checkpoint to "./imputer_model/imputer_model_fbs/model-0003.params"
2024-02-02 16:17:00,178 [INFO]  Epoch[3] Validation-cross-entropy=3.737932
2024-02-02 16:17:00,178 [INFO]  Epoch[3] Validation-fbs-accuracy=0.000000
2024-02-02 16:17:00,183 [INFO]  Epoch[4] Batch [0-7]	Speed: 28555.23 samples/sec	cross-entropy=0.265105	fbs-accuracy=0.000000
2024-02-02 16:17:00,186 [INFO]  Epoch[4] Train-cross-entropy=0.248877
2024-02-02 16:17:00,186 [INFO]  Epoch[4] Train-fbs-accuracy=0.000000
2024-02-02 16:17:00,186 [INFO]  Epoch[4] Time cost=0.008
2024-02-02 16:17:00,188 [INFO]  Saved checkpoint to "./imputer_model/imputer_model_fbs/model-0004.params"
2024-02-02 16:17:00,188 [INFO]  Epoch[4] Validation-cross-entropy=3.158003
2024-02-02 16:17:00,188 [INFO]  Epoch[4] Validation-fbs-accuracy=0.000000
2024-02-02 16:17:00,188 [INFO]  
========== done (0.0559849739074707 s) fit model
2024-02-02 16:17:04,714 [INFO]  
========== start: fit model
2024-02-02 16:17:04,714 [WARNING]  Already bound, ignoring bind()
2024-02-02 16:17:04,721 [INFO]  Epoch[0] Batch [0-7]	Speed: 24026.29 samples/sec	cross-entropy=11.788068	fbs-accuracy=0.000000
2024-02-02 16:17:04,725 [INFO]  Epoch[0] Train-cross-entropy=8.428764
2024-02-02 16:17:04,725 [INFO]  Epoch[0] Train-fbs-accuracy=0.000000
2024-02-02 16:17:04,725 [INFO]  Epoch[0] Time cost=0.010
2024-02-02 16:17:04,726 [INFO]  Saved checkpoint to "./imputer_model/imputer_model_fbs/model-0000.params"
2024-02-02 16:17:04,726 [INFO]  Epoch[0] Validation-cross-entropy=2.323258
2024-02-02 16:17:04,726 [INFO]  Epoch[0] Validation-fbs-accuracy=0.000000
2024-02-02 16:17:04,733 [INFO]  Epoch[1] Batch [0-7]	Speed: 20911.77 samples/sec	cross-entropy=1.780066	fbs-accuracy=0.000000
2024-02-02 16:17:04,739 [INFO]  Epoch[1] Train-cross-entropy=1.332909
2024-02-02 16:17:04,739 [INFO]  Epoch[1] Train-fbs-accuracy=0.000000
2024-02-02 16:17:04,739 [INFO]  Epoch[1] Time cost=0.013
2024-02-02 16:17:04,741 [INFO]  Saved checkpoint to "./imputer_model/imputer_model_fbs/model-0001.params"
2024-02-02 16:17:04,741 [INFO]  Epoch[1] Validation-cross-entropy=1.050581
2024-02-02 16:17:04,742 [INFO]  Epoch[1] Validation-fbs-accuracy=0.000000
2024-02-02 16:17:04,747 [INFO]  Epoch[2] Batch [0-7]	Speed: 22123.11 samples/sec	cross-entropy=0.584685	fbs-accuracy=0.000000
2024-02-02 16:17:04,752 [INFO]  Epoch[2] Train-cross-entropy=0.516764
2024-02-02 16:17:04,752 [INFO]  Epoch[2] Train-fbs-accuracy=0.000000
2024-02-02 16:17:04,752 [INFO]  Epoch[2] Time cost=0.010
2024-02-02 16:17:04,753 [INFO]  Saved checkpoint to "./imputer_model/imputer_model_fbs/model-0002.params"
2024-02-02 16:17:04,754 [INFO]  Epoch[2] Validation-cross-entropy=0.524076
2024-02-02 16:17:04,754 [INFO]  Epoch[2] Validation-fbs-accuracy=0.000000
2024-02-02 16:17:04,759 [INFO]  Epoch[3] Batch [0-7]	Speed: 25064.67 samples/sec	cross-entropy=0.323714	fbs-accuracy=0.000000
2024-02-02 16:17:04,763 [INFO]  Epoch[3] Train-cross-entropy=0.271734
2024-02-02 16:17:04,763 [INFO]  Epoch[3] Train-fbs-accuracy=0.000000
2024-02-02 16:17:04,763 [INFO]  Epoch[3] Time cost=0.009
2024-02-02 16:17:04,765 [INFO]  Saved checkpoint to "./imputer_model/imputer_model_fbs/model-0003.params"
2024-02-02 16:17:04,765 [INFO]  Epoch[3] Validation-cross-entropy=0.468606
2024-02-02 16:17:04,765 [INFO]  Epoch[3] Validation-fbs-accuracy=0.000000
2024-02-02 16:17:04,770 [INFO]  Epoch[4] Batch [0-7]	Speed: 25222.12 samples/sec	cross-entropy=0.154040	fbs-accuracy=0.000000
2024-02-02 16:17:04,775 [INFO]  Epoch[4] Train-cross-entropy=0.158069
2024-02-02 16:17:04,775 [INFO]  Epoch[4] Train-fbs-accuracy=0.000000
2024-02-02 16:17:04,775 [INFO]  Epoch[4] Time cost=0.010
2024-02-02 16:17:04,777 [INFO]  Saved checkpoint to "./imputer_model/imputer_model_fbs/model-0004.params"
2024-02-02 16:17:04,777 [INFO]  Epoch[4] Validation-cross-entropy=0.477800
2024-02-02 16:17:04,777 [INFO]  Epoch[4] Validation-fbs-accuracy=0.000000
2024-02-02 16:17:04,777 [INFO]  
========== done (0.06339383125305176 s) fit model
2024-02-02 16:17:09,398 [INFO]  
========== start: fit model
2024-02-02 16:17:09,398 [WARNING]  Already bound, ignoring bind()
2024-02-02 16:17:09,404 [INFO]  Epoch[0] Batch [0-7]	Speed: 23065.99 samples/sec	cross-entropy=21.029018	fbs-accuracy=3.250000
2024-02-02 16:17:09,409 [INFO]  Epoch[0] Train-cross-entropy=16.089235
2024-02-02 16:17:09,409 [INFO]  Epoch[0] Train-fbs-accuracy=3.642857
2024-02-02 16:17:09,409 [INFO]  Epoch[0] Time cost=0.010
2024-02-02 16:17:09,410 [INFO]  Saved checkpoint to "./imputer_model/imputer_model_fbs/model-0000.params"
2024-02-02 16:17:09,411 [INFO]  Epoch[0] Validation-cross-entropy=5.560079
2024-02-02 16:17:09,411 [INFO]  Epoch[0] Validation-fbs-accuracy=0.000000
2024-02-02 16:17:09,424 [INFO]  Epoch[1] Batch [0-7]	Speed: 10602.91 samples/sec	cross-entropy=6.276655	fbs-accuracy=3.250000
2024-02-02 16:17:09,430 [INFO]  Epoch[1] Train-cross-entropy=4.742719
2024-02-02 16:17:09,430 [INFO]  Epoch[1] Train-fbs-accuracy=3.642857
2024-02-02 16:17:09,430 [INFO]  Epoch[1] Time cost=0.019
2024-02-02 16:17:09,433 [INFO]  Saved checkpoint to "./imputer_model/imputer_model_fbs/model-0001.params"
2024-02-02 16:17:09,434 [INFO]  Epoch[1] Validation-cross-entropy=1.401651
2024-02-02 16:17:09,434 [INFO]  Epoch[1] Validation-fbs-accuracy=0.000000
2024-02-02 16:17:09,440 [INFO]  Epoch[2] Batch [0-7]	Speed: 22277.33 samples/sec	cross-entropy=1.391445	fbs-accuracy=3.250000
2024-02-02 16:17:09,444 [INFO]  Epoch[2] Train-cross-entropy=1.051904
2024-02-02 16:17:09,444 [INFO]  Epoch[2] Train-fbs-accuracy=3.642857
2024-02-02 16:17:09,444 [INFO]  Epoch[2] Time cost=0.010
2024-02-02 16:17:09,445 [INFO]  Saved checkpoint to "./imputer_model/imputer_model_fbs/model-0002.params"
2024-02-02 16:17:09,446 [INFO]  Epoch[2] Validation-cross-entropy=0.606024
2024-02-02 16:17:09,446 [INFO]  Epoch[2] Validation-fbs-accuracy=0.000000
2024-02-02 16:17:09,451 [INFO]  Epoch[3] Batch [0-7]	Speed: 26160.39 samples/sec	cross-entropy=0.692555	fbs-accuracy=3.250000
2024-02-02 16:17:09,455 [INFO]  Epoch[3] Train-cross-entropy=0.565543
2024-02-02 16:17:09,455 [INFO]  Epoch[3] Train-fbs-accuracy=3.642857
2024-02-02 16:17:09,455 [INFO]  Epoch[3] Time cost=0.009
2024-02-02 16:17:09,456 [INFO]  Saved checkpoint to "./imputer_model/imputer_model_fbs/model-0003.params"
2024-02-02 16:17:09,457 [INFO]  Epoch[3] Validation-cross-entropy=0.365160
2024-02-02 16:17:09,457 [INFO]  Epoch[3] Validation-fbs-accuracy=0.000000
2024-02-02 16:17:09,461 [INFO]  Epoch[4] Batch [0-7]	Speed: 27152.31 samples/sec	cross-entropy=0.428009	fbs-accuracy=3.250000
2024-02-02 16:17:09,465 [INFO]  Epoch[4] Train-cross-entropy=0.347277
2024-02-02 16:17:09,465 [INFO]  Epoch[4] Train-fbs-accuracy=3.642857
2024-02-02 16:17:09,465 [INFO]  Epoch[4] Time cost=0.008
2024-02-02 16:17:09,466 [INFO]  Saved checkpoint to "./imputer_model/imputer_model_fbs/model-0004.params"
2024-02-02 16:17:09,467 [INFO]  Epoch[4] Validation-cross-entropy=0.320721
2024-02-02 16:17:09,467 [INFO]  Epoch[4] Validation-fbs-accuracy=0.000000
2024-02-02 16:17:09,467 [INFO]  
========== done (0.06934618949890137 s) fit model
2024-02-02 16:17:14,035 [INFO]  
========== start: fit model
2024-02-02 16:17:14,035 [WARNING]  Already bound, ignoring bind()
2024-02-02 16:17:14,041 [INFO]  Epoch[0] Batch [0-7]	Speed: 25418.65 samples/sec	cross-entropy=10.275959	fbs-accuracy=0.000000
2024-02-02 16:17:14,045 [INFO]  Epoch[0] Train-cross-entropy=10.093818
2024-02-02 16:17:14,046 [INFO]  Epoch[0] Train-fbs-accuracy=0.000000
2024-02-02 16:17:14,046 [INFO]  Epoch[0] Time cost=0.010
2024-02-02 16:17:14,047 [INFO]  Saved checkpoint to "./imputer_model/imputer_model_fbs/model-0000.params"
2024-02-02 16:17:14,048 [INFO]  Epoch[0] Validation-cross-entropy=15.805303
2024-02-02 16:17:14,048 [INFO]  Epoch[0] Validation-fbs-accuracy=0.000000
2024-02-02 16:17:14,054 [INFO]  Epoch[1] Batch [0-7]	Speed: 22047.31 samples/sec	cross-entropy=2.372459	fbs-accuracy=0.000000
2024-02-02 16:17:14,058 [INFO]  Epoch[1] Train-cross-entropy=2.174710
2024-02-02 16:17:14,058 [INFO]  Epoch[1] Train-fbs-accuracy=0.000000
2024-02-02 16:17:14,058 [INFO]  Epoch[1] Time cost=0.010
2024-02-02 16:17:14,059 [INFO]  Saved checkpoint to "./imputer_model/imputer_model_fbs/model-0001.params"
2024-02-02 16:17:14,060 [INFO]  Epoch[1] Validation-cross-entropy=1.259498
2024-02-02 16:17:14,060 [INFO]  Epoch[1] Validation-fbs-accuracy=0.000000
2024-02-02 16:17:14,065 [INFO]  Epoch[2] Batch [0-7]	Speed: 24609.04 samples/sec	cross-entropy=0.675557	fbs-accuracy=0.000000
2024-02-02 16:17:14,069 [INFO]  Epoch[2] Train-cross-entropy=0.641903
2024-02-02 16:17:14,070 [INFO]  Epoch[2] Train-fbs-accuracy=0.000000
2024-02-02 16:17:14,070 [INFO]  Epoch[2] Time cost=0.010
2024-02-02 16:17:14,087 [INFO]  Saved checkpoint to "./imputer_model/imputer_model_fbs/model-0002.params"
2024-02-02 16:17:14,088 [INFO]  Epoch[2] Validation-cross-entropy=1.276065
2024-02-02 16:17:14,088 [INFO]  Epoch[2] Validation-fbs-accuracy=0.000000
2024-02-02 16:17:14,094 [INFO]  Epoch[3] Batch [0-7]	Speed: 22758.69 samples/sec	cross-entropy=0.602593	fbs-accuracy=0.000000
2024-02-02 16:17:14,099 [INFO]  Epoch[3] Train-cross-entropy=0.493661
2024-02-02 16:17:14,099 [INFO]  Epoch[3] Train-fbs-accuracy=0.000000
2024-02-02 16:17:14,099 [INFO]  Epoch[3] Time cost=0.010
2024-02-02 16:17:14,100 [INFO]  Saved checkpoint to "./imputer_model/imputer_model_fbs/model-0003.params"
2024-02-02 16:17:14,101 [INFO]  Epoch[3] Validation-cross-entropy=0.740867
2024-02-02 16:17:14,101 [INFO]  Epoch[3] Validation-fbs-accuracy=0.000000
2024-02-02 16:17:14,107 [INFO]  Epoch[4] Batch [0-7]	Speed: 22977.99 samples/sec	cross-entropy=0.320277	fbs-accuracy=0.000000
2024-02-02 16:17:14,111 [INFO]  Epoch[4] Train-cross-entropy=0.288657
2024-02-02 16:17:14,111 [INFO]  Epoch[4] Train-fbs-accuracy=0.000000
2024-02-02 16:17:14,111 [INFO]  Epoch[4] Time cost=0.010
2024-02-02 16:17:14,113 [INFO]  Saved checkpoint to "./imputer_model/imputer_model_fbs/model-0004.params"
2024-02-02 16:17:14,113 [INFO]  Epoch[4] Validation-cross-entropy=0.729086
2024-02-02 16:17:14,113 [INFO]  Epoch[4] Validation-fbs-accuracy=0.000000
2024-02-02 16:17:14,113 [INFO]  
========== done (0.07878732681274414 s) fit model
2024-02-02 16:17:19,514 [INFO]  
========== start: fit model
2024-02-02 16:17:19,514 [WARNING]  Already bound, ignoring bind()
2024-02-02 16:17:19,520 [INFO]  Epoch[0] Batch [0-7]	Speed: 23968.67 samples/sec	cross-entropy=17.092590	fbs-accuracy=0.000000
2024-02-02 16:17:19,524 [INFO]  Epoch[0] Train-cross-entropy=14.872929
2024-02-02 16:17:19,524 [INFO]  Epoch[0] Train-fbs-accuracy=0.000000
2024-02-02 16:17:19,524 [INFO]  Epoch[0] Time cost=0.010
2024-02-02 16:17:19,526 [INFO]  Saved checkpoint to "./imputer_model/imputer_model_fbs/model-0000.params"
2024-02-02 16:17:19,526 [INFO]  Epoch[0] Validation-cross-entropy=6.930343
2024-02-02 16:17:19,526 [INFO]  Epoch[0] Validation-fbs-accuracy=0.000000
2024-02-02 16:17:19,534 [INFO]  Epoch[1] Batch [0-7]	Speed: 17261.14 samples/sec	cross-entropy=4.948288	fbs-accuracy=0.000000
2024-02-02 16:17:19,544 [INFO]  Epoch[1] Train-cross-entropy=3.872028
2024-02-02 16:17:19,545 [INFO]  Epoch[1] Train-fbs-accuracy=0.000000
2024-02-02 16:17:19,545 [INFO]  Epoch[1] Time cost=0.018
2024-02-02 16:17:19,547 [INFO]  Saved checkpoint to "./imputer_model/imputer_model_fbs/model-0001.params"
2024-02-02 16:17:19,549 [INFO]  Epoch[1] Validation-cross-entropy=1.253147
2024-02-02 16:17:19,549 [INFO]  Epoch[1] Validation-fbs-accuracy=0.000000
2024-02-02 16:17:19,558 [INFO]  Epoch[2] Batch [0-7]	Speed: 14864.95 samples/sec	cross-entropy=0.935881	fbs-accuracy=0.000000
2024-02-02 16:17:19,562 [INFO]  Epoch[2] Train-cross-entropy=0.895376
2024-02-02 16:17:19,562 [INFO]  Epoch[2] Train-fbs-accuracy=0.000000
2024-02-02 16:17:19,562 [INFO]  Epoch[2] Time cost=0.014
2024-02-02 16:17:19,564 [INFO]  Saved checkpoint to "./imputer_model/imputer_model_fbs/model-0002.params"
2024-02-02 16:17:19,565 [INFO]  Epoch[2] Validation-cross-entropy=0.669843
2024-02-02 16:17:19,565 [INFO]  Epoch[2] Validation-fbs-accuracy=0.000000
2024-02-02 16:17:19,570 [INFO]  Epoch[3] Batch [0-7]	Speed: 24129.96 samples/sec	cross-entropy=0.538052	fbs-accuracy=0.000000
2024-02-02 16:17:19,574 [INFO]  Epoch[3] Train-cross-entropy=0.511230
2024-02-02 16:17:19,574 [INFO]  Epoch[3] Train-fbs-accuracy=0.000000
2024-02-02 16:17:19,574 [INFO]  Epoch[3] Time cost=0.010
2024-02-02 16:17:19,576 [INFO]  Saved checkpoint to "./imputer_model/imputer_model_fbs/model-0003.params"
2024-02-02 16:17:19,576 [INFO]  Epoch[3] Validation-cross-entropy=0.416437
2024-02-02 16:17:19,576 [INFO]  Epoch[3] Validation-fbs-accuracy=0.000000
2024-02-02 16:17:19,581 [INFO]  Epoch[4] Batch [0-7]	Speed: 26089.20 samples/sec	cross-entropy=0.323705	fbs-accuracy=0.000000
2024-02-02 16:17:19,586 [INFO]  Epoch[4] Train-cross-entropy=0.311823
2024-02-02 16:17:19,586 [INFO]  Epoch[4] Train-fbs-accuracy=0.000000
2024-02-02 16:17:19,586 [INFO]  Epoch[4] Time cost=0.009
2024-02-02 16:17:19,587 [INFO]  Saved checkpoint to "./imputer_model/imputer_model_fbs/model-0004.params"
2024-02-02 16:17:19,588 [INFO]  Epoch[4] Validation-cross-entropy=0.341033
2024-02-02 16:17:19,588 [INFO]  Epoch[4] Validation-fbs-accuracy=0.000000
2024-02-02 16:17:19,588 [INFO]  
========== done (0.07411575317382812 s) fit model
