2023-11-08 12:38:20,437 [INFO]  
========== start: fit model
2023-11-08 12:38:20,438 [WARNING]  Already bound, ignoring bind()
2023-11-08 12:38:20,454 [INFO]  Epoch[0] Batch [0-4]	Speed: 4654.76 samples/sec	cross-entropy=18.930732	mean_jerk_on_paper10-accuracy=4.400000
2023-11-08 12:38:20,472 [INFO]  Epoch[0] Train-cross-entropy=22.745160
2023-11-08 12:38:20,472 [INFO]  Epoch[0] Train-mean_jerk_on_paper10-accuracy=4.000000
2023-11-08 12:38:20,473 [INFO]  Epoch[0] Time cost=0.034
2023-11-08 12:38:20,474 [INFO]  Saved checkpoint to "./imputer_model/imputer_model_mean_jerk_on_paper10/model-0000.params"
2023-11-08 12:38:20,496 [INFO]  Epoch[0] Validation-cross-entropy=14.492190
2023-11-08 12:38:20,496 [INFO]  Epoch[0] Validation-mean_jerk_on_paper10-accuracy=0.000000
2023-11-08 12:38:20,751 [INFO]  Epoch[1] Batch [0-4]	Speed: 255.79 samples/sec	cross-entropy=33.543096	mean_jerk_on_paper10-accuracy=4.400000
2023-11-08 12:38:20,774 [INFO]  Epoch[1] Train-cross-entropy=25.597023
2023-11-08 12:38:20,774 [INFO]  Epoch[1] Train-mean_jerk_on_paper10-accuracy=4.000000
2023-11-08 12:38:20,774 [INFO]  Epoch[1] Time cost=0.278
2023-11-08 12:38:20,776 [INFO]  Saved checkpoint to "./imputer_model/imputer_model_mean_jerk_on_paper10/model-0001.params"
2023-11-08 12:38:20,788 [INFO]  Epoch[1] Validation-cross-entropy=10.063360
2023-11-08 12:38:20,788 [INFO]  Epoch[1] Validation-mean_jerk_on_paper10-accuracy=0.000000
2023-11-08 12:38:20,815 [INFO]  Epoch[2] Batch [0-4]	Speed: 8901.27 samples/sec	cross-entropy=5.049952	mean_jerk_on_paper10-accuracy=4.400000
2023-11-08 12:38:20,820 [INFO]  Epoch[2] Train-cross-entropy=5.122030
2023-11-08 12:38:20,821 [INFO]  Epoch[2] Train-mean_jerk_on_paper10-accuracy=4.000000
2023-11-08 12:38:20,821 [INFO]  Epoch[2] Time cost=0.033
2023-11-08 12:38:20,822 [INFO]  Saved checkpoint to "./imputer_model/imputer_model_mean_jerk_on_paper10/model-0002.params"
2023-11-08 12:38:20,823 [INFO]  Epoch[2] Validation-cross-entropy=9.201342
2023-11-08 12:38:20,823 [INFO]  Epoch[2] Validation-mean_jerk_on_paper10-accuracy=0.000000
2023-11-08 12:38:20,873 [INFO]  Epoch[3] Batch [0-4]	Speed: 1720.78 samples/sec	cross-entropy=2.510912	mean_jerk_on_paper10-accuracy=4.400000
2023-11-08 12:38:20,881 [INFO]  Epoch[3] Train-cross-entropy=2.277533
2023-11-08 12:38:20,881 [INFO]  Epoch[3] Train-mean_jerk_on_paper10-accuracy=4.000000
2023-11-08 12:38:20,881 [INFO]  Epoch[3] Time cost=0.058
2023-11-08 12:38:20,883 [INFO]  Saved checkpoint to "./imputer_model/imputer_model_mean_jerk_on_paper10/model-0003.params"
2023-11-08 12:38:20,884 [INFO]  Epoch[3] Validation-cross-entropy=10.003267
2023-11-08 12:38:20,884 [INFO]  Epoch[3] Validation-mean_jerk_on_paper10-accuracy=0.000000
2023-11-08 12:38:20,891 [INFO]  Epoch[4] Batch [0-4]	Speed: 11193.21 samples/sec	cross-entropy=1.240918	mean_jerk_on_paper10-accuracy=4.400000
2023-11-08 12:38:20,904 [INFO]  Epoch[4] Train-cross-entropy=1.080148
2023-11-08 12:38:20,904 [INFO]  Epoch[4] Train-mean_jerk_on_paper10-accuracy=4.000000
2023-11-08 12:38:20,904 [INFO]  Epoch[4] Time cost=0.020
2023-11-08 12:38:20,906 [INFO]  Saved checkpoint to "./imputer_model/imputer_model_mean_jerk_on_paper10/model-0004.params"
2023-11-08 12:38:20,907 [INFO]  Epoch[4] Validation-cross-entropy=7.833793
2023-11-08 12:38:20,907 [INFO]  Epoch[4] Validation-mean_jerk_on_paper10-accuracy=0.000000
2023-11-08 12:38:20,908 [INFO]  
========== done (0.47018909454345703 s) fit model
2023-11-08 13:06:02,989 [INFO]  
========== start: fit model
2023-11-08 13:06:02,989 [WARNING]  Already bound, ignoring bind()
2023-11-08 13:06:02,996 [INFO]  Epoch[0] Batch [0-4]	Speed: 12805.81 samples/sec	cross-entropy=19.712906	mean_jerk_on_paper10-accuracy=0.000000
2023-11-08 13:06:03,001 [INFO]  Epoch[0] Train-cross-entropy=19.920133
2023-11-08 13:06:03,001 [INFO]  Epoch[0] Train-mean_jerk_on_paper10-accuracy=0.000000
2023-11-08 13:06:03,001 [INFO]  Epoch[0] Time cost=0.012
2023-11-08 13:06:03,005 [INFO]  Saved checkpoint to "./imputer_model/imputer_model_mean_jerk_on_paper10/model-0000.params"
2023-11-08 13:06:03,005 [INFO]  Epoch[0] Validation-cross-entropy=8.223984
2023-11-08 13:06:03,006 [INFO]  Epoch[0] Validation-mean_jerk_on_paper10-accuracy=0.000000
2023-11-08 13:06:03,011 [INFO]  Epoch[1] Batch [0-4]	Speed: 16212.81 samples/sec	cross-entropy=47.536816	mean_jerk_on_paper10-accuracy=0.000000
2023-11-08 13:06:03,015 [INFO]  Epoch[1] Train-cross-entropy=43.754281
2023-11-08 13:06:03,015 [INFO]  Epoch[1] Train-mean_jerk_on_paper10-accuracy=0.000000
2023-11-08 13:06:03,015 [INFO]  Epoch[1] Time cost=0.009
2023-11-08 13:06:03,017 [INFO]  Saved checkpoint to "./imputer_model/imputer_model_mean_jerk_on_paper10/model-0001.params"
2023-11-08 13:06:03,018 [INFO]  Epoch[1] Validation-cross-entropy=6.823088
2023-11-08 13:06:03,018 [INFO]  Epoch[1] Validation-mean_jerk_on_paper10-accuracy=0.000000
2023-11-08 13:06:03,022 [INFO]  Epoch[2] Batch [0-4]	Speed: 19147.97 samples/sec	cross-entropy=15.034431	mean_jerk_on_paper10-accuracy=0.000000
2023-11-08 13:06:03,025 [INFO]  Epoch[2] Train-cross-entropy=15.402435
2023-11-08 13:06:03,025 [INFO]  Epoch[2] Train-mean_jerk_on_paper10-accuracy=0.000000
2023-11-08 13:06:03,025 [INFO]  Epoch[2] Time cost=0.007
2023-11-08 13:06:03,026 [INFO]  Saved checkpoint to "./imputer_model/imputer_model_mean_jerk_on_paper10/model-0002.params"
2023-11-08 13:06:03,027 [INFO]  Epoch[2] Validation-cross-entropy=3.499831
2023-11-08 13:06:03,027 [INFO]  Epoch[2] Validation-mean_jerk_on_paper10-accuracy=0.000000
2023-11-08 13:06:03,031 [INFO]  Epoch[3] Batch [0-4]	Speed: 18637.47 samples/sec	cross-entropy=10.105168	mean_jerk_on_paper10-accuracy=0.000000
2023-11-08 13:06:03,034 [INFO]  Epoch[3] Train-cross-entropy=7.439505
2023-11-08 13:06:03,034 [INFO]  Epoch[3] Train-mean_jerk_on_paper10-accuracy=0.000000
2023-11-08 13:06:03,034 [INFO]  Epoch[3] Time cost=0.007
2023-11-08 13:06:03,035 [INFO]  Saved checkpoint to "./imputer_model/imputer_model_mean_jerk_on_paper10/model-0003.params"
2023-11-08 13:06:03,036 [INFO]  Epoch[3] Validation-cross-entropy=3.048051
2023-11-08 13:06:03,036 [INFO]  Epoch[3] Validation-mean_jerk_on_paper10-accuracy=0.000000
2023-11-08 13:06:03,040 [INFO]  Epoch[4] Batch [0-4]	Speed: 17258.29 samples/sec	cross-entropy=2.507432	mean_jerk_on_paper10-accuracy=0.000000
2023-11-08 13:06:03,043 [INFO]  Epoch[4] Train-cross-entropy=2.036827
2023-11-08 13:06:03,043 [INFO]  Epoch[4] Train-mean_jerk_on_paper10-accuracy=0.000000
2023-11-08 13:06:03,044 [INFO]  Epoch[4] Time cost=0.008
2023-11-08 13:06:03,046 [INFO]  Saved checkpoint to "./imputer_model/imputer_model_mean_jerk_on_paper10/model-0004.params"
2023-11-08 13:06:03,047 [INFO]  Epoch[4] Validation-cross-entropy=3.565774
2023-11-08 13:06:03,047 [INFO]  Epoch[4] Validation-mean_jerk_on_paper10-accuracy=0.000000
2023-11-08 13:06:03,047 [INFO]  
========== done (0.05838584899902344 s) fit model
2023-11-08 13:19:28,977 [INFO]  
========== start: fit model
2023-11-08 13:19:28,977 [WARNING]  Already bound, ignoring bind()
2023-11-08 13:19:28,987 [INFO]  Epoch[0] Batch [0-4]	Speed: 10774.05 samples/sec	cross-entropy=23.121928	mean_jerk_on_paper10-accuracy=0.000000
2023-11-08 13:19:28,991 [INFO]  Epoch[0] Train-cross-entropy=19.731901
2023-11-08 13:19:28,991 [INFO]  Epoch[0] Train-mean_jerk_on_paper10-accuracy=0.000000
2023-11-08 13:19:28,992 [INFO]  Epoch[0] Time cost=0.014
2023-11-08 13:19:28,995 [INFO]  Saved checkpoint to "./imputer_model/imputer_model_mean_jerk_on_paper10/model-0000.params"
2023-11-08 13:19:28,996 [INFO]  Epoch[0] Validation-cross-entropy=28.787077
2023-11-08 13:19:28,996 [INFO]  Epoch[0] Validation-mean_jerk_on_paper10-accuracy=0.000000
2023-11-08 13:19:29,002 [INFO]  Epoch[1] Batch [0-4]	Speed: 14972.14 samples/sec	cross-entropy=43.736664	mean_jerk_on_paper10-accuracy=0.000000
2023-11-08 13:19:29,005 [INFO]  Epoch[1] Train-cross-entropy=33.288527
2023-11-08 13:19:29,005 [INFO]  Epoch[1] Train-mean_jerk_on_paper10-accuracy=0.000000
2023-11-08 13:19:29,005 [INFO]  Epoch[1] Time cost=0.010
2023-11-08 13:19:29,008 [INFO]  Saved checkpoint to "./imputer_model/imputer_model_mean_jerk_on_paper10/model-0001.params"
2023-11-08 13:19:29,008 [INFO]  Epoch[1] Validation-cross-entropy=24.378847
2023-11-08 13:19:29,008 [INFO]  Epoch[1] Validation-mean_jerk_on_paper10-accuracy=0.000000
2023-11-08 13:19:29,013 [INFO]  Epoch[2] Batch [0-4]	Speed: 17578.12 samples/sec	cross-entropy=11.142725	mean_jerk_on_paper10-accuracy=0.000000
2023-11-08 13:19:29,016 [INFO]  Epoch[2] Train-cross-entropy=8.950377
2023-11-08 13:19:29,016 [INFO]  Epoch[2] Train-mean_jerk_on_paper10-accuracy=0.000000
2023-11-08 13:19:29,016 [INFO]  Epoch[2] Time cost=0.008
2023-11-08 13:19:29,017 [INFO]  Saved checkpoint to "./imputer_model/imputer_model_mean_jerk_on_paper10/model-0002.params"
2023-11-08 13:19:29,018 [INFO]  Epoch[2] Validation-cross-entropy=10.268970
2023-11-08 13:19:29,018 [INFO]  Epoch[2] Validation-mean_jerk_on_paper10-accuracy=0.000000
2023-11-08 13:19:29,023 [INFO]  Epoch[3] Batch [0-4]	Speed: 17061.94 samples/sec	cross-entropy=8.805088	mean_jerk_on_paper10-accuracy=0.000000
2023-11-08 13:19:29,026 [INFO]  Epoch[3] Train-cross-entropy=6.283894
2023-11-08 13:19:29,026 [INFO]  Epoch[3] Train-mean_jerk_on_paper10-accuracy=0.000000
2023-11-08 13:19:29,026 [INFO]  Epoch[3] Time cost=0.008
2023-11-08 13:19:29,027 [INFO]  Saved checkpoint to "./imputer_model/imputer_model_mean_jerk_on_paper10/model-0003.params"
2023-11-08 13:19:29,027 [INFO]  Epoch[3] Validation-cross-entropy=7.079210
2023-11-08 13:19:29,028 [INFO]  Epoch[3] Validation-mean_jerk_on_paper10-accuracy=0.000000
2023-11-08 13:19:29,033 [INFO]  Epoch[4] Batch [0-4]	Speed: 14581.75 samples/sec	cross-entropy=2.600002	mean_jerk_on_paper10-accuracy=0.000000
2023-11-08 13:19:29,036 [INFO]  Epoch[4] Train-cross-entropy=2.133665
2023-11-08 13:19:29,036 [INFO]  Epoch[4] Train-mean_jerk_on_paper10-accuracy=0.000000
2023-11-08 13:19:29,037 [INFO]  Epoch[4] Time cost=0.009
2023-11-08 13:19:29,038 [INFO]  Saved checkpoint to "./imputer_model/imputer_model_mean_jerk_on_paper10/model-0004.params"
2023-11-08 13:19:29,038 [INFO]  Epoch[4] Validation-cross-entropy=5.174147
2023-11-08 13:19:29,038 [INFO]  Epoch[4] Validation-mean_jerk_on_paper10-accuracy=0.000000
2023-11-08 13:19:29,038 [INFO]  
========== done (0.06109452247619629 s) fit model
2023-11-08 13:32:49,324 [INFO]  
========== start: fit model
2023-11-08 13:32:49,324 [WARNING]  Already bound, ignoring bind()
2023-11-08 13:32:49,333 [INFO]  Epoch[0] Batch [0-4]	Speed: 9638.62 samples/sec	cross-entropy=22.567484	mean_jerk_on_paper10-accuracy=3.800000
2023-11-08 13:32:49,339 [INFO]  Epoch[0] Train-cross-entropy=22.308435
2023-11-08 13:32:49,339 [INFO]  Epoch[0] Train-mean_jerk_on_paper10-accuracy=3.750000
2023-11-08 13:32:49,339 [INFO]  Epoch[0] Time cost=0.014
2023-11-08 13:32:49,342 [INFO]  Saved checkpoint to "./imputer_model/imputer_model_mean_jerk_on_paper10/model-0000.params"
2023-11-08 13:32:49,343 [INFO]  Epoch[0] Validation-cross-entropy=8.906428
2023-11-08 13:32:49,343 [INFO]  Epoch[0] Validation-mean_jerk_on_paper10-accuracy=0.000000
2023-11-08 13:32:49,350 [INFO]  Epoch[1] Batch [0-4]	Speed: 11745.15 samples/sec	cross-entropy=28.062851	mean_jerk_on_paper10-accuracy=3.800000
2023-11-08 13:32:49,354 [INFO]  Epoch[1] Train-cross-entropy=24.718994
2023-11-08 13:32:49,354 [INFO]  Epoch[1] Train-mean_jerk_on_paper10-accuracy=3.750000
2023-11-08 13:32:49,354 [INFO]  Epoch[1] Time cost=0.011
2023-11-08 13:32:49,357 [INFO]  Saved checkpoint to "./imputer_model/imputer_model_mean_jerk_on_paper10/model-0001.params"
2023-11-08 13:32:49,357 [INFO]  Epoch[1] Validation-cross-entropy=8.232923
2023-11-08 13:32:49,357 [INFO]  Epoch[1] Validation-mean_jerk_on_paper10-accuracy=0.000000
2023-11-08 13:32:49,364 [INFO]  Epoch[2] Batch [0-4]	Speed: 13615.80 samples/sec	cross-entropy=10.282504	mean_jerk_on_paper10-accuracy=3.800000
2023-11-08 13:32:49,367 [INFO]  Epoch[2] Train-cross-entropy=7.176545
2023-11-08 13:32:49,367 [INFO]  Epoch[2] Train-mean_jerk_on_paper10-accuracy=3.750000
2023-11-08 13:32:49,367 [INFO]  Epoch[2] Time cost=0.010
2023-11-08 13:32:49,369 [INFO]  Saved checkpoint to "./imputer_model/imputer_model_mean_jerk_on_paper10/model-0002.params"
2023-11-08 13:32:49,369 [INFO]  Epoch[2] Validation-cross-entropy=6.140204
2023-11-08 13:32:49,369 [INFO]  Epoch[2] Validation-mean_jerk_on_paper10-accuracy=0.000000
2023-11-08 13:32:49,377 [INFO]  Epoch[3] Batch [0-4]	Speed: 10303.04 samples/sec	cross-entropy=2.814024	mean_jerk_on_paper10-accuracy=3.800000
2023-11-08 13:32:49,382 [INFO]  Epoch[3] Train-cross-entropy=2.372392
2023-11-08 13:32:49,382 [INFO]  Epoch[3] Train-mean_jerk_on_paper10-accuracy=3.750000
2023-11-08 13:32:49,382 [INFO]  Epoch[3] Time cost=0.012
2023-11-08 13:32:49,385 [INFO]  Saved checkpoint to "./imputer_model/imputer_model_mean_jerk_on_paper10/model-0003.params"
2023-11-08 13:32:49,386 [INFO]  Epoch[3] Validation-cross-entropy=6.520553
2023-11-08 13:32:49,386 [INFO]  Epoch[3] Validation-mean_jerk_on_paper10-accuracy=0.000000
2023-11-08 13:32:49,393 [INFO]  Epoch[4] Batch [0-4]	Speed: 13481.09 samples/sec	cross-entropy=1.234883	mean_jerk_on_paper10-accuracy=3.800000
2023-11-08 13:32:49,396 [INFO]  Epoch[4] Train-cross-entropy=1.022495
2023-11-08 13:32:49,396 [INFO]  Epoch[4] Train-mean_jerk_on_paper10-accuracy=3.750000
2023-11-08 13:32:49,396 [INFO]  Epoch[4] Time cost=0.010
2023-11-08 13:32:49,399 [INFO]  Saved checkpoint to "./imputer_model/imputer_model_mean_jerk_on_paper10/model-0004.params"
2023-11-08 13:32:49,399 [INFO]  Epoch[4] Validation-cross-entropy=7.171475
2023-11-08 13:32:49,399 [INFO]  Epoch[4] Validation-mean_jerk_on_paper10-accuracy=0.000000
2023-11-08 13:32:49,399 [INFO]  
========== done (0.07493066787719727 s) fit model
2023-11-08 13:46:09,258 [INFO]  
========== start: fit model
2023-11-08 13:46:09,259 [WARNING]  Already bound, ignoring bind()
2023-11-08 13:46:09,265 [INFO]  Epoch[0] Batch [0-4]	Speed: 14108.13 samples/sec	cross-entropy=20.347087	mean_jerk_on_paper10-accuracy=3.000000
2023-11-08 13:46:09,269 [INFO]  Epoch[0] Train-cross-entropy=21.105890
2023-11-08 13:46:09,269 [INFO]  Epoch[0] Train-mean_jerk_on_paper10-accuracy=3.125000
2023-11-08 13:46:09,269 [INFO]  Epoch[0] Time cost=0.010
2023-11-08 13:46:09,270 [INFO]  Saved checkpoint to "./imputer_model/imputer_model_mean_jerk_on_paper10/model-0000.params"
2023-11-08 13:46:09,271 [INFO]  Epoch[0] Validation-cross-entropy=41.566727
2023-11-08 13:46:09,271 [INFO]  Epoch[0] Validation-mean_jerk_on_paper10-accuracy=0.000000
2023-11-08 13:46:09,279 [INFO]  Epoch[1] Batch [0-4]	Speed: 10311.75 samples/sec	cross-entropy=33.177947	mean_jerk_on_paper10-accuracy=3.000000
2023-11-08 13:46:09,284 [INFO]  Epoch[1] Train-cross-entropy=35.290320
2023-11-08 13:46:09,284 [INFO]  Epoch[1] Train-mean_jerk_on_paper10-accuracy=3.125000
2023-11-08 13:46:09,284 [INFO]  Epoch[1] Time cost=0.014
2023-11-08 13:46:09,288 [INFO]  Saved checkpoint to "./imputer_model/imputer_model_mean_jerk_on_paper10/model-0001.params"
2023-11-08 13:46:09,289 [INFO]  Epoch[1] Validation-cross-entropy=26.246693
2023-11-08 13:46:09,289 [INFO]  Epoch[1] Validation-mean_jerk_on_paper10-accuracy=0.000000
2023-11-08 13:46:09,296 [INFO]  Epoch[2] Batch [0-4]	Speed: 11920.93 samples/sec	cross-entropy=9.898641	mean_jerk_on_paper10-accuracy=3.000000
2023-11-08 13:46:09,300 [INFO]  Epoch[2] Train-cross-entropy=10.129222
2023-11-08 13:46:09,300 [INFO]  Epoch[2] Train-mean_jerk_on_paper10-accuracy=3.125000
2023-11-08 13:46:09,300 [INFO]  Epoch[2] Time cost=0.011
2023-11-08 13:46:09,302 [INFO]  Saved checkpoint to "./imputer_model/imputer_model_mean_jerk_on_paper10/model-0002.params"
2023-11-08 13:46:09,303 [INFO]  Epoch[2] Validation-cross-entropy=23.955942
2023-11-08 13:46:09,303 [INFO]  Epoch[2] Validation-mean_jerk_on_paper10-accuracy=0.000000
2023-11-08 13:46:09,309 [INFO]  Epoch[3] Batch [0-4]	Speed: 13538.88 samples/sec	cross-entropy=2.782766	mean_jerk_on_paper10-accuracy=3.000000
2023-11-08 13:46:09,313 [INFO]  Epoch[3] Train-cross-entropy=2.625336
2023-11-08 13:46:09,313 [INFO]  Epoch[3] Train-mean_jerk_on_paper10-accuracy=3.125000
2023-11-08 13:46:09,313 [INFO]  Epoch[3] Time cost=0.010
2023-11-08 13:46:09,314 [INFO]  Saved checkpoint to "./imputer_model/imputer_model_mean_jerk_on_paper10/model-0003.params"
2023-11-08 13:46:09,315 [INFO]  Epoch[3] Validation-cross-entropy=31.753338
2023-11-08 13:46:09,315 [INFO]  Epoch[3] Validation-mean_jerk_on_paper10-accuracy=0.000000
2023-11-08 13:46:09,321 [INFO]  Epoch[4] Batch [0-4]	Speed: 13571.74 samples/sec	cross-entropy=2.284268	mean_jerk_on_paper10-accuracy=3.000000
2023-11-08 13:46:09,325 [INFO]  Epoch[4] Train-cross-entropy=1.694162
2023-11-08 13:46:09,325 [INFO]  Epoch[4] Train-mean_jerk_on_paper10-accuracy=3.125000
2023-11-08 13:46:09,325 [INFO]  Epoch[4] Time cost=0.010
2023-11-08 13:46:09,326 [INFO]  Saved checkpoint to "./imputer_model/imputer_model_mean_jerk_on_paper10/model-0004.params"
2023-11-08 13:46:09,327 [INFO]  Epoch[4] Validation-cross-entropy=23.114765
2023-11-08 13:46:09,327 [INFO]  Epoch[4] Validation-mean_jerk_on_paper10-accuracy=0.000000
2023-11-08 13:46:09,327 [INFO]  
========== done (0.06829953193664551 s) fit model
2023-11-08 13:59:31,787 [INFO]  
========== start: fit model
2023-11-08 13:59:31,788 [WARNING]  Already bound, ignoring bind()
2023-11-08 13:59:31,794 [INFO]  Epoch[0] Batch [0-4]	Speed: 14031.44 samples/sec	cross-entropy=18.690907	mean_jerk_on_paper10-accuracy=4.400000
2023-11-08 13:59:31,799 [INFO]  Epoch[0] Train-cross-entropy=18.804536
2023-11-08 13:59:31,799 [INFO]  Epoch[0] Train-mean_jerk_on_paper10-accuracy=4.125000
2023-11-08 13:59:31,800 [INFO]  Epoch[0] Time cost=0.011
2023-11-08 13:59:31,803 [INFO]  Saved checkpoint to "./imputer_model/imputer_model_mean_jerk_on_paper10/model-0000.params"
2023-11-08 13:59:31,803 [INFO]  Epoch[0] Validation-cross-entropy=4.906852
2023-11-08 13:59:31,803 [INFO]  Epoch[0] Validation-mean_jerk_on_paper10-accuracy=0.000000
2023-11-08 13:59:31,809 [INFO]  Epoch[1] Batch [0-4]	Speed: 14273.17 samples/sec	cross-entropy=42.951404	mean_jerk_on_paper10-accuracy=4.400000
2023-11-08 13:59:31,813 [INFO]  Epoch[1] Train-cross-entropy=35.014840
2023-11-08 13:59:31,813 [INFO]  Epoch[1] Train-mean_jerk_on_paper10-accuracy=4.125000
2023-11-08 13:59:31,813 [INFO]  Epoch[1] Time cost=0.010
2023-11-08 13:59:31,815 [INFO]  Saved checkpoint to "./imputer_model/imputer_model_mean_jerk_on_paper10/model-0001.params"
2023-11-08 13:59:31,816 [INFO]  Epoch[1] Validation-cross-entropy=15.738193
2023-11-08 13:59:31,816 [INFO]  Epoch[1] Validation-mean_jerk_on_paper10-accuracy=0.000000
2023-11-08 13:59:31,820 [INFO]  Epoch[2] Batch [0-4]	Speed: 18906.57 samples/sec	cross-entropy=9.059501	mean_jerk_on_paper10-accuracy=4.400000
2023-11-08 13:59:31,823 [INFO]  Epoch[2] Train-cross-entropy=10.603908
2023-11-08 13:59:31,823 [INFO]  Epoch[2] Train-mean_jerk_on_paper10-accuracy=4.125000
2023-11-08 13:59:31,823 [INFO]  Epoch[2] Time cost=0.007
2023-11-08 13:59:31,824 [INFO]  Saved checkpoint to "./imputer_model/imputer_model_mean_jerk_on_paper10/model-0002.params"
2023-11-08 13:59:31,825 [INFO]  Epoch[2] Validation-cross-entropy=21.766266
2023-11-08 13:59:31,825 [INFO]  Epoch[2] Validation-mean_jerk_on_paper10-accuracy=0.000000
2023-11-08 13:59:31,830 [INFO]  Epoch[3] Batch [0-4]	Speed: 16933.85 samples/sec	cross-entropy=5.091003	mean_jerk_on_paper10-accuracy=4.400000
2023-11-08 13:59:31,833 [INFO]  Epoch[3] Train-cross-entropy=4.197606
2023-11-08 13:59:31,833 [INFO]  Epoch[3] Train-mean_jerk_on_paper10-accuracy=4.125000
2023-11-08 13:59:31,833 [INFO]  Epoch[3] Time cost=0.008
2023-11-08 13:59:31,834 [INFO]  Saved checkpoint to "./imputer_model/imputer_model_mean_jerk_on_paper10/model-0003.params"
2023-11-08 13:59:31,835 [INFO]  Epoch[3] Validation-cross-entropy=15.739343
2023-11-08 13:59:31,835 [INFO]  Epoch[3] Validation-mean_jerk_on_paper10-accuracy=0.000000
2023-11-08 13:59:31,840 [INFO]  Epoch[4] Batch [0-4]	Speed: 16119.35 samples/sec	cross-entropy=1.852438	mean_jerk_on_paper10-accuracy=4.400000
2023-11-08 13:59:31,843 [INFO]  Epoch[4] Train-cross-entropy=1.764981
2023-11-08 13:59:31,843 [INFO]  Epoch[4] Train-mean_jerk_on_paper10-accuracy=4.125000
2023-11-08 13:59:31,843 [INFO]  Epoch[4] Time cost=0.008
2023-11-08 13:59:31,844 [INFO]  Saved checkpoint to "./imputer_model/imputer_model_mean_jerk_on_paper10/model-0004.params"
2023-11-08 13:59:31,845 [INFO]  Epoch[4] Validation-cross-entropy=16.917578
2023-11-08 13:59:31,845 [INFO]  Epoch[4] Validation-mean_jerk_on_paper10-accuracy=0.000000
2023-11-08 13:59:31,845 [INFO]  
========== done (0.05751681327819824 s) fit model
2023-11-08 14:12:57,082 [INFO]  
========== start: fit model
2023-11-08 14:12:57,082 [WARNING]  Already bound, ignoring bind()
2023-11-08 14:12:57,090 [INFO]  Epoch[0] Batch [0-4]	Speed: 11333.56 samples/sec	cross-entropy=31.257138	mean_jerk_on_paper10-accuracy=3.200000
2023-11-08 14:12:57,095 [INFO]  Epoch[0] Train-cross-entropy=28.252972
2023-11-08 14:12:57,096 [INFO]  Epoch[0] Train-mean_jerk_on_paper10-accuracy=3.875000
2023-11-08 14:12:57,096 [INFO]  Epoch[0] Time cost=0.013
2023-11-08 14:12:57,100 [INFO]  Saved checkpoint to "./imputer_model/imputer_model_mean_jerk_on_paper10/model-0000.params"
2023-11-08 14:12:57,101 [INFO]  Epoch[0] Validation-cross-entropy=17.192387
2023-11-08 14:12:57,101 [INFO]  Epoch[0] Validation-mean_jerk_on_paper10-accuracy=0.000000
2023-11-08 14:12:57,108 [INFO]  Epoch[1] Batch [0-4]	Speed: 12049.89 samples/sec	cross-entropy=28.925079	mean_jerk_on_paper10-accuracy=3.200000
2023-11-08 14:12:57,112 [INFO]  Epoch[1] Train-cross-entropy=31.980877
2023-11-08 14:12:57,112 [INFO]  Epoch[1] Train-mean_jerk_on_paper10-accuracy=3.875000
2023-11-08 14:12:57,112 [INFO]  Epoch[1] Time cost=0.011
2023-11-08 14:12:57,114 [INFO]  Saved checkpoint to "./imputer_model/imputer_model_mean_jerk_on_paper10/model-0001.params"
2023-11-08 14:12:57,115 [INFO]  Epoch[1] Validation-cross-entropy=15.245367
2023-11-08 14:12:57,115 [INFO]  Epoch[1] Validation-mean_jerk_on_paper10-accuracy=0.000000
2023-11-08 14:12:57,121 [INFO]  Epoch[2] Batch [0-4]	Speed: 13564.20 samples/sec	cross-entropy=7.232651	mean_jerk_on_paper10-accuracy=3.200000
2023-11-08 14:12:57,125 [INFO]  Epoch[2] Train-cross-entropy=5.677245
2023-11-08 14:12:57,125 [INFO]  Epoch[2] Train-mean_jerk_on_paper10-accuracy=3.875000
2023-11-08 14:12:57,125 [INFO]  Epoch[2] Time cost=0.010
2023-11-08 14:12:57,127 [INFO]  Saved checkpoint to "./imputer_model/imputer_model_mean_jerk_on_paper10/model-0002.params"
2023-11-08 14:12:57,128 [INFO]  Epoch[2] Validation-cross-entropy=16.118349
2023-11-08 14:12:57,128 [INFO]  Epoch[2] Validation-mean_jerk_on_paper10-accuracy=0.000000
2023-11-08 14:12:57,134 [INFO]  Epoch[3] Batch [0-4]	Speed: 13578.61 samples/sec	cross-entropy=3.290385	mean_jerk_on_paper10-accuracy=3.200000
2023-11-08 14:12:57,137 [INFO]  Epoch[3] Train-cross-entropy=2.805298
2023-11-08 14:12:57,137 [INFO]  Epoch[3] Train-mean_jerk_on_paper10-accuracy=3.875000
2023-11-08 14:12:57,137 [INFO]  Epoch[3] Time cost=0.010
2023-11-08 14:12:57,139 [INFO]  Saved checkpoint to "./imputer_model/imputer_model_mean_jerk_on_paper10/model-0003.params"
2023-11-08 14:12:57,140 [INFO]  Epoch[3] Validation-cross-entropy=11.389617
2023-11-08 14:12:57,140 [INFO]  Epoch[3] Validation-mean_jerk_on_paper10-accuracy=0.000000
2023-11-08 14:12:57,145 [INFO]  Epoch[4] Batch [0-4]	Speed: 14059.37 samples/sec	cross-entropy=1.479466	mean_jerk_on_paper10-accuracy=3.200000
2023-11-08 14:12:57,149 [INFO]  Epoch[4] Train-cross-entropy=1.223032
2023-11-08 14:12:57,149 [INFO]  Epoch[4] Train-mean_jerk_on_paper10-accuracy=3.875000
2023-11-08 14:12:57,149 [INFO]  Epoch[4] Time cost=0.009
2023-11-08 14:12:57,151 [INFO]  Saved checkpoint to "./imputer_model/imputer_model_mean_jerk_on_paper10/model-0004.params"
2023-11-08 14:12:57,151 [INFO]  Epoch[4] Validation-cross-entropy=10.154587
2023-11-08 14:12:57,151 [INFO]  Epoch[4] Validation-mean_jerk_on_paper10-accuracy=0.000000
2023-11-08 14:12:57,151 [INFO]  
========== done (0.06935524940490723 s) fit model
2023-11-08 14:26:31,663 [INFO]  
========== start: fit model
2023-11-08 14:26:31,663 [WARNING]  Already bound, ignoring bind()
2023-11-08 14:26:31,670 [INFO]  Epoch[0] Batch [0-4]	Speed: 13749.70 samples/sec	cross-entropy=18.364728	mean_jerk_on_paper10-accuracy=0.000000
2023-11-08 14:26:31,674 [INFO]  Epoch[0] Train-cross-entropy=16.777141
2023-11-08 14:26:31,674 [INFO]  Epoch[0] Train-mean_jerk_on_paper10-accuracy=0.000000
2023-11-08 14:26:31,674 [INFO]  Epoch[0] Time cost=0.010
2023-11-08 14:26:31,675 [INFO]  Saved checkpoint to "./imputer_model/imputer_model_mean_jerk_on_paper10/model-0000.params"
2023-11-08 14:26:31,676 [INFO]  Epoch[0] Validation-cross-entropy=24.877094
2023-11-08 14:26:31,676 [INFO]  Epoch[0] Validation-mean_jerk_on_paper10-accuracy=0.000000
2023-11-08 14:26:31,681 [INFO]  Epoch[1] Batch [0-4]	Speed: 14410.32 samples/sec	cross-entropy=35.383199	mean_jerk_on_paper10-accuracy=0.000000
2023-11-08 14:26:31,685 [INFO]  Epoch[1] Train-cross-entropy=25.501242
2023-11-08 14:26:31,685 [INFO]  Epoch[1] Train-mean_jerk_on_paper10-accuracy=0.000000
2023-11-08 14:26:31,685 [INFO]  Epoch[1] Time cost=0.009
2023-11-08 14:26:31,686 [INFO]  Saved checkpoint to "./imputer_model/imputer_model_mean_jerk_on_paper10/model-0001.params"
2023-11-08 14:26:31,687 [INFO]  Epoch[1] Validation-cross-entropy=44.593887
2023-11-08 14:26:31,687 [INFO]  Epoch[1] Validation-mean_jerk_on_paper10-accuracy=0.000000
2023-11-08 14:26:31,693 [INFO]  Epoch[2] Batch [0-4]	Speed: 14303.59 samples/sec	cross-entropy=3.299080	mean_jerk_on_paper10-accuracy=0.000000
2023-11-08 14:26:31,696 [INFO]  Epoch[2] Train-cross-entropy=4.740382
2023-11-08 14:26:31,696 [INFO]  Epoch[2] Train-mean_jerk_on_paper10-accuracy=0.000000
2023-11-08 14:26:31,696 [INFO]  Epoch[2] Time cost=0.009
2023-11-08 14:26:31,697 [INFO]  Saved checkpoint to "./imputer_model/imputer_model_mean_jerk_on_paper10/model-0002.params"
2023-11-08 14:26:31,698 [INFO]  Epoch[2] Validation-cross-entropy=13.235557
2023-11-08 14:26:31,698 [INFO]  Epoch[2] Validation-mean_jerk_on_paper10-accuracy=0.000000
2023-11-08 14:26:31,703 [INFO]  Epoch[3] Batch [0-4]	Speed: 15019.05 samples/sec	cross-entropy=2.970042	mean_jerk_on_paper10-accuracy=0.000000
2023-11-08 14:26:31,706 [INFO]  Epoch[3] Train-cross-entropy=2.683418
2023-11-08 14:26:31,706 [INFO]  Epoch[3] Train-mean_jerk_on_paper10-accuracy=0.000000
2023-11-08 14:26:31,706 [INFO]  Epoch[3] Time cost=0.009
2023-11-08 14:26:31,708 [INFO]  Saved checkpoint to "./imputer_model/imputer_model_mean_jerk_on_paper10/model-0003.params"
2023-11-08 14:26:31,708 [INFO]  Epoch[3] Validation-cross-entropy=10.822770
2023-11-08 14:26:31,708 [INFO]  Epoch[3] Validation-mean_jerk_on_paper10-accuracy=0.000000
2023-11-08 14:26:31,714 [INFO]  Epoch[4] Batch [0-4]	Speed: 15474.46 samples/sec	cross-entropy=1.324779	mean_jerk_on_paper10-accuracy=0.000000
2023-11-08 14:26:31,717 [INFO]  Epoch[4] Train-cross-entropy=1.043998
2023-11-08 14:26:31,717 [INFO]  Epoch[4] Train-mean_jerk_on_paper10-accuracy=0.000000
2023-11-08 14:26:31,717 [INFO]  Epoch[4] Time cost=0.008
2023-11-08 14:26:31,718 [INFO]  Saved checkpoint to "./imputer_model/imputer_model_mean_jerk_on_paper10/model-0004.params"
2023-11-08 14:26:31,719 [INFO]  Epoch[4] Validation-cross-entropy=11.264636
2023-11-08 14:26:31,719 [INFO]  Epoch[4] Validation-mean_jerk_on_paper10-accuracy=0.000000
2023-11-08 14:26:31,719 [INFO]  
========== done (0.055922746658325195 s) fit model
2023-11-08 14:40:29,931 [INFO]  
========== start: fit model
2023-11-08 14:40:29,931 [WARNING]  Already bound, ignoring bind()
2023-11-08 14:40:29,940 [INFO]  Epoch[0] Batch [0-4]	Speed: 10275.43 samples/sec	cross-entropy=24.858457	mean_jerk_on_paper10-accuracy=0.000000
2023-11-08 14:40:29,945 [INFO]  Epoch[0] Train-cross-entropy=23.571820
2023-11-08 14:40:29,945 [INFO]  Epoch[0] Train-mean_jerk_on_paper10-accuracy=0.000000
2023-11-08 14:40:29,945 [INFO]  Epoch[0] Time cost=0.013
2023-11-08 14:40:29,949 [INFO]  Saved checkpoint to "./imputer_model/imputer_model_mean_jerk_on_paper10/model-0000.params"
2023-11-08 14:40:29,950 [INFO]  Epoch[0] Validation-cross-entropy=96.817245
2023-11-08 14:40:29,950 [INFO]  Epoch[0] Validation-mean_jerk_on_paper10-accuracy=0.000000
2023-11-08 14:40:29,957 [INFO]  Epoch[1] Batch [0-4]	Speed: 11989.08 samples/sec	cross-entropy=52.615330	mean_jerk_on_paper10-accuracy=0.000000
2023-11-08 14:40:29,961 [INFO]  Epoch[1] Train-cross-entropy=39.373513
2023-11-08 14:40:29,962 [INFO]  Epoch[1] Train-mean_jerk_on_paper10-accuracy=0.000000
2023-11-08 14:40:29,962 [INFO]  Epoch[1] Time cost=0.012
2023-11-08 14:40:29,964 [INFO]  Saved checkpoint to "./imputer_model/imputer_model_mean_jerk_on_paper10/model-0001.params"
2023-11-08 14:40:29,965 [INFO]  Epoch[1] Validation-cross-entropy=27.481579
2023-11-08 14:40:29,965 [INFO]  Epoch[1] Validation-mean_jerk_on_paper10-accuracy=0.000000
2023-11-08 14:40:29,971 [INFO]  Epoch[2] Batch [0-4]	Speed: 13433.86 samples/sec	cross-entropy=12.635469	mean_jerk_on_paper10-accuracy=0.000000
2023-11-08 14:40:29,975 [INFO]  Epoch[2] Train-cross-entropy=9.671980
2023-11-08 14:40:29,975 [INFO]  Epoch[2] Train-mean_jerk_on_paper10-accuracy=0.000000
2023-11-08 14:40:29,975 [INFO]  Epoch[2] Time cost=0.010
2023-11-08 14:40:29,977 [INFO]  Saved checkpoint to "./imputer_model/imputer_model_mean_jerk_on_paper10/model-0002.params"
2023-11-08 14:40:29,977 [INFO]  Epoch[2] Validation-cross-entropy=31.561678
2023-11-08 14:40:29,977 [INFO]  Epoch[2] Validation-mean_jerk_on_paper10-accuracy=0.000000
2023-11-08 14:40:29,983 [INFO]  Epoch[3] Batch [0-4]	Speed: 13912.18 samples/sec	cross-entropy=6.215542	mean_jerk_on_paper10-accuracy=0.000000
2023-11-08 14:40:29,987 [INFO]  Epoch[3] Train-cross-entropy=5.326940
2023-11-08 14:40:29,987 [INFO]  Epoch[3] Train-mean_jerk_on_paper10-accuracy=0.000000
2023-11-08 14:40:29,987 [INFO]  Epoch[3] Time cost=0.010
2023-11-08 14:40:29,989 [INFO]  Saved checkpoint to "./imputer_model/imputer_model_mean_jerk_on_paper10/model-0003.params"
2023-11-08 14:40:29,989 [INFO]  Epoch[3] Validation-cross-entropy=34.853901
2023-11-08 14:40:29,989 [INFO]  Epoch[3] Validation-mean_jerk_on_paper10-accuracy=0.000000
2023-11-08 14:40:29,995 [INFO]  Epoch[4] Batch [0-4]	Speed: 14032.91 samples/sec	cross-entropy=3.282687	mean_jerk_on_paper10-accuracy=0.000000
2023-11-08 14:40:29,999 [INFO]  Epoch[4] Train-cross-entropy=2.257226
2023-11-08 14:40:29,999 [INFO]  Epoch[4] Train-mean_jerk_on_paper10-accuracy=0.000000
2023-11-08 14:40:29,999 [INFO]  Epoch[4] Time cost=0.009
2023-11-08 14:40:30,000 [INFO]  Saved checkpoint to "./imputer_model/imputer_model_mean_jerk_on_paper10/model-0004.params"
2023-11-08 14:40:30,001 [INFO]  Epoch[4] Validation-cross-entropy=28.568819
2023-11-08 14:40:30,001 [INFO]  Epoch[4] Validation-mean_jerk_on_paper10-accuracy=0.000000
2023-11-08 14:40:30,001 [INFO]  
========== done (0.0699772834777832 s) fit model
2023-11-08 14:54:34,824 [INFO]  
========== start: fit model
2023-11-08 14:54:34,825 [WARNING]  Already bound, ignoring bind()
2023-11-08 14:54:34,832 [INFO]  Epoch[0] Batch [0-4]	Speed: 13921.56 samples/sec	cross-entropy=20.434138	mean_jerk_on_paper10-accuracy=3.800000
2023-11-08 14:54:34,835 [INFO]  Epoch[0] Train-cross-entropy=18.712456
2023-11-08 14:54:34,835 [INFO]  Epoch[0] Train-mean_jerk_on_paper10-accuracy=3.625000
2023-11-08 14:54:34,835 [INFO]  Epoch[0] Time cost=0.010
2023-11-08 14:54:34,837 [INFO]  Saved checkpoint to "./imputer_model/imputer_model_mean_jerk_on_paper10/model-0000.params"
2023-11-08 14:54:34,837 [INFO]  Epoch[0] Validation-cross-entropy=17.516890
2023-11-08 14:54:34,837 [INFO]  Epoch[0] Validation-mean_jerk_on_paper10-accuracy=0.000000
2023-11-08 14:54:34,843 [INFO]  Epoch[1] Batch [0-4]	Speed: 14565.14 samples/sec	cross-entropy=45.938632	mean_jerk_on_paper10-accuracy=3.800000
2023-11-08 14:54:34,846 [INFO]  Epoch[1] Train-cross-entropy=32.768693
2023-11-08 14:54:34,846 [INFO]  Epoch[1] Train-mean_jerk_on_paper10-accuracy=3.625000
2023-11-08 14:54:34,846 [INFO]  Epoch[1] Time cost=0.009
2023-11-08 14:54:34,848 [INFO]  Saved checkpoint to "./imputer_model/imputer_model_mean_jerk_on_paper10/model-0001.params"
2023-11-08 14:54:34,848 [INFO]  Epoch[1] Validation-cross-entropy=21.364042
2023-11-08 14:54:34,849 [INFO]  Epoch[1] Validation-mean_jerk_on_paper10-accuracy=0.000000
2023-11-08 14:54:34,855 [INFO]  Epoch[2] Batch [0-4]	Speed: 11123.63 samples/sec	cross-entropy=5.928852	mean_jerk_on_paper10-accuracy=3.800000
2023-11-08 14:54:34,860 [INFO]  Epoch[2] Train-cross-entropy=5.957001
2023-11-08 14:54:34,861 [INFO]  Epoch[2] Train-mean_jerk_on_paper10-accuracy=3.625000
2023-11-08 14:54:34,861 [INFO]  Epoch[2] Time cost=0.012
2023-11-08 14:54:34,864 [INFO]  Saved checkpoint to "./imputer_model/imputer_model_mean_jerk_on_paper10/model-0002.params"
2023-11-08 14:54:34,865 [INFO]  Epoch[2] Validation-cross-entropy=25.557993
2023-11-08 14:54:34,865 [INFO]  Epoch[2] Validation-mean_jerk_on_paper10-accuracy=0.000000
2023-11-08 14:54:34,870 [INFO]  Epoch[3] Batch [0-4]	Speed: 15569.60 samples/sec	cross-entropy=3.279254	mean_jerk_on_paper10-accuracy=3.800000
2023-11-08 14:54:34,874 [INFO]  Epoch[3] Train-cross-entropy=3.231885
2023-11-08 14:54:34,874 [INFO]  Epoch[3] Train-mean_jerk_on_paper10-accuracy=3.625000
2023-11-08 14:54:34,874 [INFO]  Epoch[3] Time cost=0.009
2023-11-08 14:54:34,876 [INFO]  Saved checkpoint to "./imputer_model/imputer_model_mean_jerk_on_paper10/model-0003.params"
2023-11-08 14:54:34,877 [INFO]  Epoch[3] Validation-cross-entropy=21.474962
2023-11-08 14:54:34,877 [INFO]  Epoch[3] Validation-mean_jerk_on_paper10-accuracy=0.000000
2023-11-08 14:54:34,883 [INFO]  Epoch[4] Batch [0-4]	Speed: 13016.31 samples/sec	cross-entropy=1.961377	mean_jerk_on_paper10-accuracy=3.800000
2023-11-08 14:54:34,887 [INFO]  Epoch[4] Train-cross-entropy=1.438081
2023-11-08 14:54:34,887 [INFO]  Epoch[4] Train-mean_jerk_on_paper10-accuracy=3.625000
2023-11-08 14:54:34,887 [INFO]  Epoch[4] Time cost=0.010
2023-11-08 14:54:34,889 [INFO]  Saved checkpoint to "./imputer_model/imputer_model_mean_jerk_on_paper10/model-0004.params"
2023-11-08 14:54:34,890 [INFO]  Epoch[4] Validation-cross-entropy=20.158319
2023-11-08 14:54:34,890 [INFO]  Epoch[4] Validation-mean_jerk_on_paper10-accuracy=0.000000
2023-11-08 14:54:34,890 [INFO]  
========== done (0.06538248062133789 s) fit model
