2023-11-08 12:34:11,136 [INFO]  
========== start: fit model
2023-11-08 12:34:11,136 [WARNING]  Already bound, ignoring bind()
2023-11-08 12:34:11,279 [INFO]  Epoch[0] Batch [0-4]	Speed: 8798.85 samples/sec	cross-entropy=33.781091	paper_time6-accuracy=0.000000
2023-11-08 12:34:11,286 [INFO]  Epoch[0] Train-cross-entropy=26.210584
2023-11-08 12:34:11,286 [INFO]  Epoch[0] Train-paper_time6-accuracy=0.000000
2023-11-08 12:34:11,286 [INFO]  Epoch[0] Time cost=0.146
2023-11-08 12:34:11,288 [INFO]  Saved checkpoint to "./imputer_model/imputer_model_paper_time6/model-0000.params"
2023-11-08 12:34:11,291 [INFO]  Epoch[0] Validation-cross-entropy=47.722275
2023-11-08 12:34:11,291 [INFO]  Epoch[0] Validation-paper_time6-accuracy=0.000000
2023-11-08 12:34:11,301 [INFO]  Epoch[1] Batch [0-4]	Speed: 8376.31 samples/sec	cross-entropy=50.106189	paper_time6-accuracy=0.000000
2023-11-08 12:34:11,307 [INFO]  Epoch[1] Train-cross-entropy=38.724290
2023-11-08 12:34:11,307 [INFO]  Epoch[1] Train-paper_time6-accuracy=0.000000
2023-11-08 12:34:11,307 [INFO]  Epoch[1] Time cost=0.015
2023-11-08 12:34:11,309 [INFO]  Saved checkpoint to "./imputer_model/imputer_model_paper_time6/model-0001.params"
2023-11-08 12:34:11,312 [INFO]  Epoch[1] Validation-cross-entropy=42.142708
2023-11-08 12:34:11,312 [INFO]  Epoch[1] Validation-paper_time6-accuracy=0.000000
2023-11-08 12:34:11,365 [INFO]  Epoch[2] Batch [0-4]	Speed: 1245.78 samples/sec	cross-entropy=7.557771	paper_time6-accuracy=0.000000
2023-11-08 12:34:11,383 [INFO]  Epoch[2] Train-cross-entropy=7.981377
2023-11-08 12:34:11,383 [INFO]  Epoch[2] Train-paper_time6-accuracy=0.000000
2023-11-08 12:34:11,383 [INFO]  Epoch[2] Time cost=0.071
2023-11-08 12:34:11,385 [INFO]  Saved checkpoint to "./imputer_model/imputer_model_paper_time6/model-0002.params"
2023-11-08 12:34:11,408 [INFO]  Epoch[2] Validation-cross-entropy=28.824831
2023-11-08 12:34:11,408 [INFO]  Epoch[2] Validation-paper_time6-accuracy=0.000000
2023-11-08 12:34:11,498 [INFO]  Epoch[3] Batch [0-4]	Speed: 8099.56 samples/sec	cross-entropy=6.463953	paper_time6-accuracy=0.000000
2023-11-08 12:34:11,505 [INFO]  Epoch[3] Train-cross-entropy=4.632267
2023-11-08 12:34:11,505 [INFO]  Epoch[3] Train-paper_time6-accuracy=0.000000
2023-11-08 12:34:11,506 [INFO]  Epoch[3] Time cost=0.097
2023-11-08 12:34:11,509 [INFO]  Saved checkpoint to "./imputer_model/imputer_model_paper_time6/model-0003.params"
2023-11-08 12:34:11,509 [INFO]  Epoch[3] Validation-cross-entropy=26.576887
2023-11-08 12:34:11,510 [INFO]  Epoch[3] Validation-paper_time6-accuracy=0.000000
2023-11-08 12:34:11,555 [INFO]  Epoch[4] Batch [0-4]	Speed: 1456.78 samples/sec	cross-entropy=1.288300	paper_time6-accuracy=0.000000
2023-11-08 12:34:11,594 [INFO]  Epoch[4] Train-cross-entropy=1.046122
2023-11-08 12:34:11,594 [INFO]  Epoch[4] Train-paper_time6-accuracy=0.000000
2023-11-08 12:34:11,595 [INFO]  Epoch[4] Time cost=0.085
2023-11-08 12:34:11,598 [INFO]  Saved checkpoint to "./imputer_model/imputer_model_paper_time6/model-0004.params"
2023-11-08 12:34:11,615 [INFO]  Epoch[4] Validation-cross-entropy=23.853565
2023-11-08 12:34:11,615 [INFO]  Epoch[4] Validation-paper_time6-accuracy=0.000000
2023-11-08 12:34:11,615 [INFO]  
========== done (0.4794032573699951 s) fit model
2023-11-08 13:05:00,076 [INFO]  
========== start: fit model
2023-11-08 13:05:00,076 [WARNING]  Already bound, ignoring bind()
2023-11-08 13:05:00,090 [INFO]  Epoch[0] Batch [0-4]	Speed: 12008.39 samples/sec	cross-entropy=12.526082	paper_time6-accuracy=4.600000
2023-11-08 13:05:00,094 [INFO]  Epoch[0] Train-cross-entropy=21.115383
2023-11-08 13:05:00,094 [INFO]  Epoch[0] Train-paper_time6-accuracy=3.875000
2023-11-08 13:05:00,094 [INFO]  Epoch[0] Time cost=0.017
2023-11-08 13:05:00,112 [INFO]  Saved checkpoint to "./imputer_model/imputer_model_paper_time6/model-0000.params"
2023-11-08 13:05:00,113 [INFO]  Epoch[0] Validation-cross-entropy=15.276122
2023-11-08 13:05:00,113 [INFO]  Epoch[0] Validation-paper_time6-accuracy=0.000000
2023-11-08 13:05:00,120 [INFO]  Epoch[1] Batch [0-4]	Speed: 11181.55 samples/sec	cross-entropy=36.533715	paper_time6-accuracy=4.600000
2023-11-08 13:05:00,125 [INFO]  Epoch[1] Train-cross-entropy=26.721579
2023-11-08 13:05:00,125 [INFO]  Epoch[1] Train-paper_time6-accuracy=3.875000
2023-11-08 13:05:00,125 [INFO]  Epoch[1] Time cost=0.012
2023-11-08 13:05:00,128 [INFO]  Saved checkpoint to "./imputer_model/imputer_model_paper_time6/model-0001.params"
2023-11-08 13:05:00,128 [INFO]  Epoch[1] Validation-cross-entropy=17.740192
2023-11-08 13:05:00,128 [INFO]  Epoch[1] Validation-paper_time6-accuracy=0.000000
2023-11-08 13:05:00,135 [INFO]  Epoch[2] Batch [0-4]	Speed: 12144.75 samples/sec	cross-entropy=12.139362	paper_time6-accuracy=4.600000
2023-11-08 13:05:00,139 [INFO]  Epoch[2] Train-cross-entropy=10.172771
2023-11-08 13:05:00,139 [INFO]  Epoch[2] Train-paper_time6-accuracy=3.875000
2023-11-08 13:05:00,139 [INFO]  Epoch[2] Time cost=0.011
2023-11-08 13:05:00,141 [INFO]  Saved checkpoint to "./imputer_model/imputer_model_paper_time6/model-0002.params"
2023-11-08 13:05:00,141 [INFO]  Epoch[2] Validation-cross-entropy=8.768836
2023-11-08 13:05:00,142 [INFO]  Epoch[2] Validation-paper_time6-accuracy=0.000000
2023-11-08 13:05:00,149 [INFO]  Epoch[3] Batch [0-4]	Speed: 9903.17 samples/sec	cross-entropy=4.304098	paper_time6-accuracy=4.600000
2023-11-08 13:05:00,154 [INFO]  Epoch[3] Train-cross-entropy=3.759414
2023-11-08 13:05:00,154 [INFO]  Epoch[3] Train-paper_time6-accuracy=3.875000
2023-11-08 13:05:00,154 [INFO]  Epoch[3] Time cost=0.013
2023-11-08 13:05:00,157 [INFO]  Saved checkpoint to "./imputer_model/imputer_model_paper_time6/model-0003.params"
2023-11-08 13:05:00,158 [INFO]  Epoch[3] Validation-cross-entropy=6.242625
2023-11-08 13:05:00,158 [INFO]  Epoch[3] Validation-paper_time6-accuracy=0.000000
2023-11-08 13:05:00,165 [INFO]  Epoch[4] Batch [0-4]	Speed: 12213.27 samples/sec	cross-entropy=1.293983	paper_time6-accuracy=4.600000
2023-11-08 13:05:00,169 [INFO]  Epoch[4] Train-cross-entropy=1.437972
2023-11-08 13:05:00,169 [INFO]  Epoch[4] Train-paper_time6-accuracy=3.875000
2023-11-08 13:05:00,169 [INFO]  Epoch[4] Time cost=0.011
2023-11-08 13:05:00,171 [INFO]  Saved checkpoint to "./imputer_model/imputer_model_paper_time6/model-0004.params"
2023-11-08 13:05:00,172 [INFO]  Epoch[4] Validation-cross-entropy=7.664810
2023-11-08 13:05:00,172 [INFO]  Epoch[4] Validation-paper_time6-accuracy=0.000000
2023-11-08 13:05:00,172 [INFO]  
========== done (0.09578585624694824 s) fit model
2023-11-08 13:18:27,018 [INFO]  
========== start: fit model
2023-11-08 13:18:27,018 [WARNING]  Already bound, ignoring bind()
2023-11-08 13:18:27,026 [INFO]  Epoch[0] Batch [0-4]	Speed: 13892.02 samples/sec	cross-entropy=13.299663	paper_time6-accuracy=4.600000
2023-11-08 13:18:27,029 [INFO]  Epoch[0] Train-cross-entropy=19.564590
2023-11-08 13:18:27,029 [INFO]  Epoch[0] Train-paper_time6-accuracy=3.625000
2023-11-08 13:18:27,029 [INFO]  Epoch[0] Time cost=0.010
2023-11-08 13:18:27,031 [INFO]  Saved checkpoint to "./imputer_model/imputer_model_paper_time6/model-0000.params"
2023-11-08 13:18:27,031 [INFO]  Epoch[0] Validation-cross-entropy=3.744078
2023-11-08 13:18:27,031 [INFO]  Epoch[0] Validation-paper_time6-accuracy=0.000000
2023-11-08 13:18:27,037 [INFO]  Epoch[1] Batch [0-4]	Speed: 14320.38 samples/sec	cross-entropy=33.994772	paper_time6-accuracy=4.600000
2023-11-08 13:18:27,040 [INFO]  Epoch[1] Train-cross-entropy=30.228618
2023-11-08 13:18:27,041 [INFO]  Epoch[1] Train-paper_time6-accuracy=3.625000
2023-11-08 13:18:27,041 [INFO]  Epoch[1] Time cost=0.009
2023-11-08 13:18:27,042 [INFO]  Saved checkpoint to "./imputer_model/imputer_model_paper_time6/model-0001.params"
2023-11-08 13:18:27,043 [INFO]  Epoch[1] Validation-cross-entropy=7.533208
2023-11-08 13:18:27,043 [INFO]  Epoch[1] Validation-paper_time6-accuracy=0.000000
2023-11-08 13:18:27,048 [INFO]  Epoch[2] Batch [0-4]	Speed: 14892.40 samples/sec	cross-entropy=7.757107	paper_time6-accuracy=4.600000
2023-11-08 13:18:27,051 [INFO]  Epoch[2] Train-cross-entropy=6.657886
2023-11-08 13:18:27,052 [INFO]  Epoch[2] Train-paper_time6-accuracy=3.625000
2023-11-08 13:18:27,052 [INFO]  Epoch[2] Time cost=0.009
2023-11-08 13:18:27,053 [INFO]  Saved checkpoint to "./imputer_model/imputer_model_paper_time6/model-0002.params"
2023-11-08 13:18:27,053 [INFO]  Epoch[2] Validation-cross-entropy=3.368532
2023-11-08 13:18:27,054 [INFO]  Epoch[2] Validation-paper_time6-accuracy=0.000000
2023-11-08 13:18:27,059 [INFO]  Epoch[3] Batch [0-4]	Speed: 14758.12 samples/sec	cross-entropy=4.059256	paper_time6-accuracy=4.600000
2023-11-08 13:18:27,062 [INFO]  Epoch[3] Train-cross-entropy=3.039649
2023-11-08 13:18:27,062 [INFO]  Epoch[3] Train-paper_time6-accuracy=3.625000
2023-11-08 13:18:27,062 [INFO]  Epoch[3] Time cost=0.009
2023-11-08 13:18:27,064 [INFO]  Saved checkpoint to "./imputer_model/imputer_model_paper_time6/model-0003.params"
2023-11-08 13:18:27,064 [INFO]  Epoch[3] Validation-cross-entropy=5.175582
2023-11-08 13:18:27,064 [INFO]  Epoch[3] Validation-paper_time6-accuracy=0.000000
2023-11-08 13:18:27,070 [INFO]  Epoch[4] Batch [0-4]	Speed: 14840.53 samples/sec	cross-entropy=0.920937	paper_time6-accuracy=4.600000
2023-11-08 13:18:27,074 [INFO]  Epoch[4] Train-cross-entropy=0.877661
2023-11-08 13:18:27,074 [INFO]  Epoch[4] Train-paper_time6-accuracy=3.625000
2023-11-08 13:18:27,074 [INFO]  Epoch[4] Time cost=0.010
2023-11-08 13:18:27,078 [INFO]  Saved checkpoint to "./imputer_model/imputer_model_paper_time6/model-0004.params"
2023-11-08 13:18:27,079 [INFO]  Epoch[4] Validation-cross-entropy=4.189320
2023-11-08 13:18:27,079 [INFO]  Epoch[4] Validation-paper_time6-accuracy=0.000000
2023-11-08 13:18:27,079 [INFO]  
========== done (0.06120944023132324 s) fit model
2023-11-08 13:31:47,590 [INFO]  
========== start: fit model
2023-11-08 13:31:47,590 [WARNING]  Already bound, ignoring bind()
2023-11-08 13:31:47,598 [INFO]  Epoch[0] Batch [0-4]	Speed: 11631.66 samples/sec	cross-entropy=17.919597	paper_time6-accuracy=3.600000
2023-11-08 13:31:47,603 [INFO]  Epoch[0] Train-cross-entropy=15.230623
2023-11-08 13:31:47,603 [INFO]  Epoch[0] Train-paper_time6-accuracy=3.500000
2023-11-08 13:31:47,603 [INFO]  Epoch[0] Time cost=0.012
2023-11-08 13:31:47,606 [INFO]  Saved checkpoint to "./imputer_model/imputer_model_paper_time6/model-0000.params"
2023-11-08 13:31:47,607 [INFO]  Epoch[0] Validation-cross-entropy=8.584904
2023-11-08 13:31:47,607 [INFO]  Epoch[0] Validation-paper_time6-accuracy=0.000000
2023-11-08 13:31:47,614 [INFO]  Epoch[1] Batch [0-4]	Speed: 13589.60 samples/sec	cross-entropy=51.313940	paper_time6-accuracy=3.600000
2023-11-08 13:31:47,617 [INFO]  Epoch[1] Train-cross-entropy=39.209572
2023-11-08 13:31:47,617 [INFO]  Epoch[1] Train-paper_time6-accuracy=3.500000
2023-11-08 13:31:47,617 [INFO]  Epoch[1] Time cost=0.010
2023-11-08 13:31:47,619 [INFO]  Saved checkpoint to "./imputer_model/imputer_model_paper_time6/model-0001.params"
2023-11-08 13:31:47,620 [INFO]  Epoch[1] Validation-cross-entropy=1.392615
2023-11-08 13:31:47,620 [INFO]  Epoch[1] Validation-paper_time6-accuracy=0.000000
2023-11-08 13:31:47,625 [INFO]  Epoch[2] Batch [0-4]	Speed: 17111.97 samples/sec	cross-entropy=10.172676	paper_time6-accuracy=3.600000
2023-11-08 13:31:47,628 [INFO]  Epoch[2] Train-cross-entropy=7.797680
2023-11-08 13:31:47,628 [INFO]  Epoch[2] Train-paper_time6-accuracy=3.500000
2023-11-08 13:31:47,628 [INFO]  Epoch[2] Time cost=0.008
2023-11-08 13:31:47,629 [INFO]  Saved checkpoint to "./imputer_model/imputer_model_paper_time6/model-0002.params"
2023-11-08 13:31:47,630 [INFO]  Epoch[2] Validation-cross-entropy=2.291669
2023-11-08 13:31:47,630 [INFO]  Epoch[2] Validation-paper_time6-accuracy=0.000000
2023-11-08 13:31:47,635 [INFO]  Epoch[3] Batch [0-4]	Speed: 16731.21 samples/sec	cross-entropy=6.302297	paper_time6-accuracy=3.600000
2023-11-08 13:31:47,638 [INFO]  Epoch[3] Train-cross-entropy=4.609521
2023-11-08 13:31:47,638 [INFO]  Epoch[3] Train-paper_time6-accuracy=3.500000
2023-11-08 13:31:47,638 [INFO]  Epoch[3] Time cost=0.008
2023-11-08 13:31:47,639 [INFO]  Saved checkpoint to "./imputer_model/imputer_model_paper_time6/model-0003.params"
2023-11-08 13:31:47,640 [INFO]  Epoch[3] Validation-cross-entropy=2.341675
2023-11-08 13:31:47,640 [INFO]  Epoch[3] Validation-paper_time6-accuracy=0.000000
2023-11-08 13:31:47,645 [INFO]  Epoch[4] Batch [0-4]	Speed: 15555.16 samples/sec	cross-entropy=1.838417	paper_time6-accuracy=3.600000
2023-11-08 13:31:47,648 [INFO]  Epoch[4] Train-cross-entropy=1.447987
2023-11-08 13:31:47,648 [INFO]  Epoch[4] Train-paper_time6-accuracy=3.500000
2023-11-08 13:31:47,648 [INFO]  Epoch[4] Time cost=0.009
2023-11-08 13:31:47,650 [INFO]  Saved checkpoint to "./imputer_model/imputer_model_paper_time6/model-0004.params"
2023-11-08 13:31:47,650 [INFO]  Epoch[4] Validation-cross-entropy=2.567133
2023-11-08 13:31:47,650 [INFO]  Epoch[4] Validation-paper_time6-accuracy=0.000000
2023-11-08 13:31:47,650 [INFO]  
========== done (0.060605525970458984 s) fit model
2023-11-08 13:45:07,494 [INFO]  
========== start: fit model
2023-11-08 13:45:07,495 [WARNING]  Already bound, ignoring bind()
2023-11-08 13:45:07,501 [INFO]  Epoch[0] Batch [0-4]	Speed: 14124.46 samples/sec	cross-entropy=16.627731	paper_time6-accuracy=4.000000
2023-11-08 13:45:07,505 [INFO]  Epoch[0] Train-cross-entropy=14.540779
2023-11-08 13:45:07,505 [INFO]  Epoch[0] Train-paper_time6-accuracy=3.625000
2023-11-08 13:45:07,505 [INFO]  Epoch[0] Time cost=0.010
2023-11-08 13:45:07,506 [INFO]  Saved checkpoint to "./imputer_model/imputer_model_paper_time6/model-0000.params"
2023-11-08 13:45:07,507 [INFO]  Epoch[0] Validation-cross-entropy=25.931458
2023-11-08 13:45:07,507 [INFO]  Epoch[0] Validation-paper_time6-accuracy=0.000000
2023-11-08 13:45:07,515 [INFO]  Epoch[1] Batch [0-4]	Speed: 10573.74 samples/sec	cross-entropy=52.815951	paper_time6-accuracy=4.000000
2023-11-08 13:45:07,520 [INFO]  Epoch[1] Train-cross-entropy=39.260020
2023-11-08 13:45:07,520 [INFO]  Epoch[1] Train-paper_time6-accuracy=3.625000
2023-11-08 13:45:07,520 [INFO]  Epoch[1] Time cost=0.013
2023-11-08 13:45:07,523 [INFO]  Saved checkpoint to "./imputer_model/imputer_model_paper_time6/model-0001.params"
2023-11-08 13:45:07,523 [INFO]  Epoch[1] Validation-cross-entropy=6.923588
2023-11-08 13:45:07,524 [INFO]  Epoch[1] Validation-paper_time6-accuracy=0.000000
2023-11-08 13:45:07,530 [INFO]  Epoch[2] Batch [0-4]	Speed: 12159.61 samples/sec	cross-entropy=11.085937	paper_time6-accuracy=4.000000
2023-11-08 13:45:07,534 [INFO]  Epoch[2] Train-cross-entropy=9.257673
2023-11-08 13:45:07,534 [INFO]  Epoch[2] Train-paper_time6-accuracy=3.625000
2023-11-08 13:45:07,534 [INFO]  Epoch[2] Time cost=0.011
2023-11-08 13:45:07,536 [INFO]  Saved checkpoint to "./imputer_model/imputer_model_paper_time6/model-0002.params"
2023-11-08 13:45:07,537 [INFO]  Epoch[2] Validation-cross-entropy=5.746642
2023-11-08 13:45:07,537 [INFO]  Epoch[2] Validation-paper_time6-accuracy=0.000000
2023-11-08 13:45:07,543 [INFO]  Epoch[3] Batch [0-4]	Speed: 13553.24 samples/sec	cross-entropy=9.436771	paper_time6-accuracy=4.000000
2023-11-08 13:45:07,546 [INFO]  Epoch[3] Train-cross-entropy=7.947123
2023-11-08 13:45:07,546 [INFO]  Epoch[3] Train-paper_time6-accuracy=3.625000
2023-11-08 13:45:07,546 [INFO]  Epoch[3] Time cost=0.010
2023-11-08 13:45:07,548 [INFO]  Saved checkpoint to "./imputer_model/imputer_model_paper_time6/model-0003.params"
2023-11-08 13:45:07,548 [INFO]  Epoch[3] Validation-cross-entropy=3.887191
2023-11-08 13:45:07,549 [INFO]  Epoch[3] Validation-paper_time6-accuracy=0.000000
2023-11-08 13:45:07,554 [INFO]  Epoch[4] Batch [0-4]	Speed: 14239.10 samples/sec	cross-entropy=2.624532	paper_time6-accuracy=4.000000
2023-11-08 13:45:07,558 [INFO]  Epoch[4] Train-cross-entropy=2.238417
2023-11-08 13:45:07,558 [INFO]  Epoch[4] Train-paper_time6-accuracy=3.625000
2023-11-08 13:45:07,558 [INFO]  Epoch[4] Time cost=0.009
2023-11-08 13:45:07,559 [INFO]  Saved checkpoint to "./imputer_model/imputer_model_paper_time6/model-0004.params"
2023-11-08 13:45:07,560 [INFO]  Epoch[4] Validation-cross-entropy=3.432465
2023-11-08 13:45:07,560 [INFO]  Epoch[4] Validation-paper_time6-accuracy=0.000000
2023-11-08 13:45:07,560 [INFO]  
========== done (0.06541800498962402 s) fit model
2023-11-08 13:58:29,842 [INFO]  
========== start: fit model
2023-11-08 13:58:29,842 [WARNING]  Already bound, ignoring bind()
2023-11-08 13:58:29,849 [INFO]  Epoch[0] Batch [0-4]	Speed: 14064.52 samples/sec	cross-entropy=12.007743	paper_time6-accuracy=4.200000
2023-11-08 13:58:29,853 [INFO]  Epoch[0] Train-cross-entropy=16.500027
2023-11-08 13:58:29,853 [INFO]  Epoch[0] Train-paper_time6-accuracy=4.500000
2023-11-08 13:58:29,853 [INFO]  Epoch[0] Time cost=0.010
2023-11-08 13:58:29,854 [INFO]  Saved checkpoint to "./imputer_model/imputer_model_paper_time6/model-0000.params"
2023-11-08 13:58:29,855 [INFO]  Epoch[0] Validation-cross-entropy=6.325051
2023-11-08 13:58:29,855 [INFO]  Epoch[0] Validation-paper_time6-accuracy=0.000000
2023-11-08 13:58:29,862 [INFO]  Epoch[1] Batch [0-4]	Speed: 10732.70 samples/sec	cross-entropy=47.226544	paper_time6-accuracy=4.200000
2023-11-08 13:58:29,867 [INFO]  Epoch[1] Train-cross-entropy=38.921394
2023-11-08 13:58:29,868 [INFO]  Epoch[1] Train-paper_time6-accuracy=4.500000
2023-11-08 13:58:29,868 [INFO]  Epoch[1] Time cost=0.013
2023-11-08 13:58:29,871 [INFO]  Saved checkpoint to "./imputer_model/imputer_model_paper_time6/model-0001.params"
2023-11-08 13:58:29,872 [INFO]  Epoch[1] Validation-cross-entropy=5.712101
2023-11-08 13:58:29,872 [INFO]  Epoch[1] Validation-paper_time6-accuracy=0.000000
2023-11-08 13:58:29,878 [INFO]  Epoch[2] Batch [0-4]	Speed: 15675.98 samples/sec	cross-entropy=4.107924	paper_time6-accuracy=4.200000
2023-11-08 13:58:29,882 [INFO]  Epoch[2] Train-cross-entropy=4.701442
2023-11-08 13:58:29,882 [INFO]  Epoch[2] Train-paper_time6-accuracy=4.500000
2023-11-08 13:58:29,882 [INFO]  Epoch[2] Time cost=0.009
2023-11-08 13:58:29,884 [INFO]  Saved checkpoint to "./imputer_model/imputer_model_paper_time6/model-0002.params"
2023-11-08 13:58:29,885 [INFO]  Epoch[2] Validation-cross-entropy=2.741064
2023-11-08 13:58:29,885 [INFO]  Epoch[2] Validation-paper_time6-accuracy=0.000000
2023-11-08 13:58:29,890 [INFO]  Epoch[3] Batch [0-4]	Speed: 15947.92 samples/sec	cross-entropy=2.978659	paper_time6-accuracy=4.200000
2023-11-08 13:58:29,893 [INFO]  Epoch[3] Train-cross-entropy=2.722040
2023-11-08 13:58:29,893 [INFO]  Epoch[3] Train-paper_time6-accuracy=4.500000
2023-11-08 13:58:29,893 [INFO]  Epoch[3] Time cost=0.008
2023-11-08 13:58:29,895 [INFO]  Saved checkpoint to "./imputer_model/imputer_model_paper_time6/model-0003.params"
2023-11-08 13:58:29,895 [INFO]  Epoch[3] Validation-cross-entropy=0.928821
2023-11-08 13:58:29,895 [INFO]  Epoch[3] Validation-paper_time6-accuracy=0.000000
2023-11-08 13:58:29,902 [INFO]  Epoch[4] Batch [0-4]	Speed: 11859.31 samples/sec	cross-entropy=1.069669	paper_time6-accuracy=4.200000
2023-11-08 13:58:29,906 [INFO]  Epoch[4] Train-cross-entropy=0.967299
2023-11-08 13:58:29,906 [INFO]  Epoch[4] Train-paper_time6-accuracy=4.500000
2023-11-08 13:58:29,907 [INFO]  Epoch[4] Time cost=0.011
2023-11-08 13:58:29,909 [INFO]  Saved checkpoint to "./imputer_model/imputer_model_paper_time6/model-0004.params"
2023-11-08 13:58:29,909 [INFO]  Epoch[4] Validation-cross-entropy=0.868008
2023-11-08 13:58:29,910 [INFO]  Epoch[4] Validation-paper_time6-accuracy=0.000000
2023-11-08 13:58:29,910 [INFO]  
========== done (0.06726479530334473 s) fit model
2023-11-08 14:11:54,611 [INFO]  
========== start: fit model
2023-11-08 14:11:54,611 [WARNING]  Already bound, ignoring bind()
2023-11-08 14:11:54,619 [INFO]  Epoch[0] Batch [0-4]	Speed: 10865.63 samples/sec	cross-entropy=16.973867	paper_time6-accuracy=3.000000
2023-11-08 14:11:54,624 [INFO]  Epoch[0] Train-cross-entropy=34.179309
2023-11-08 14:11:54,624 [INFO]  Epoch[0] Train-paper_time6-accuracy=3.500000
2023-11-08 14:11:54,624 [INFO]  Epoch[0] Time cost=0.013
2023-11-08 14:11:54,628 [INFO]  Saved checkpoint to "./imputer_model/imputer_model_paper_time6/model-0000.params"
2023-11-08 14:11:54,628 [INFO]  Epoch[0] Validation-cross-entropy=5.022383
2023-11-08 14:11:54,629 [INFO]  Epoch[0] Validation-paper_time6-accuracy=0.000000
2023-11-08 14:11:54,635 [INFO]  Epoch[1] Batch [0-4]	Speed: 13970.83 samples/sec	cross-entropy=26.428377	paper_time6-accuracy=3.000000
2023-11-08 14:11:54,638 [INFO]  Epoch[1] Train-cross-entropy=43.965849
2023-11-08 14:11:54,639 [INFO]  Epoch[1] Train-paper_time6-accuracy=3.500000
2023-11-08 14:11:54,639 [INFO]  Epoch[1] Time cost=0.010
2023-11-08 14:11:54,641 [INFO]  Saved checkpoint to "./imputer_model/imputer_model_paper_time6/model-0001.params"
2023-11-08 14:11:54,642 [INFO]  Epoch[1] Validation-cross-entropy=4.011655
2023-11-08 14:11:54,642 [INFO]  Epoch[1] Validation-paper_time6-accuracy=0.000000
2023-11-08 14:11:54,647 [INFO]  Epoch[2] Batch [0-4]	Speed: 16701.02 samples/sec	cross-entropy=7.076780	paper_time6-accuracy=3.000000
2023-11-08 14:11:54,650 [INFO]  Epoch[2] Train-cross-entropy=7.129409
2023-11-08 14:11:54,650 [INFO]  Epoch[2] Train-paper_time6-accuracy=3.500000
2023-11-08 14:11:54,650 [INFO]  Epoch[2] Time cost=0.008
2023-11-08 14:11:54,651 [INFO]  Saved checkpoint to "./imputer_model/imputer_model_paper_time6/model-0002.params"
2023-11-08 14:11:54,652 [INFO]  Epoch[2] Validation-cross-entropy=8.877607
2023-11-08 14:11:54,652 [INFO]  Epoch[2] Validation-paper_time6-accuracy=0.000000
2023-11-08 14:11:54,657 [INFO]  Epoch[3] Batch [0-4]	Speed: 13706.88 samples/sec	cross-entropy=4.067877	paper_time6-accuracy=3.000000
2023-11-08 14:11:54,662 [INFO]  Epoch[3] Train-cross-entropy=3.336618
2023-11-08 14:11:54,662 [INFO]  Epoch[3] Train-paper_time6-accuracy=3.500000
2023-11-08 14:11:54,662 [INFO]  Epoch[3] Time cost=0.010
2023-11-08 14:11:54,664 [INFO]  Saved checkpoint to "./imputer_model/imputer_model_paper_time6/model-0003.params"
2023-11-08 14:11:54,665 [INFO]  Epoch[3] Validation-cross-entropy=3.962983
2023-11-08 14:11:54,665 [INFO]  Epoch[3] Validation-paper_time6-accuracy=0.000000
2023-11-08 14:11:54,672 [INFO]  Epoch[4] Batch [0-4]	Speed: 11925.16 samples/sec	cross-entropy=1.663144	paper_time6-accuracy=3.000000
2023-11-08 14:11:54,676 [INFO]  Epoch[4] Train-cross-entropy=1.315088
2023-11-08 14:11:54,676 [INFO]  Epoch[4] Train-paper_time6-accuracy=3.500000
2023-11-08 14:11:54,676 [INFO]  Epoch[4] Time cost=0.011
2023-11-08 14:11:54,678 [INFO]  Saved checkpoint to "./imputer_model/imputer_model_paper_time6/model-0004.params"
2023-11-08 14:11:54,678 [INFO]  Epoch[4] Validation-cross-entropy=2.741031
2023-11-08 14:11:54,678 [INFO]  Epoch[4] Validation-paper_time6-accuracy=0.000000
2023-11-08 14:11:54,679 [INFO]  
========== done (0.0677025318145752 s) fit model
2023-11-08 14:25:27,601 [INFO]  
========== start: fit model
2023-11-08 14:25:27,601 [WARNING]  Already bound, ignoring bind()
2023-11-08 14:25:27,611 [INFO]  Epoch[0] Batch [0-4]	Speed: 9733.33 samples/sec	cross-entropy=11.411454	paper_time6-accuracy=0.000000
2023-11-08 14:25:27,616 [INFO]  Epoch[0] Train-cross-entropy=16.278289
2023-11-08 14:25:27,616 [INFO]  Epoch[0] Train-paper_time6-accuracy=0.000000
2023-11-08 14:25:27,616 [INFO]  Epoch[0] Time cost=0.014
2023-11-08 14:25:27,619 [INFO]  Saved checkpoint to "./imputer_model/imputer_model_paper_time6/model-0000.params"
2023-11-08 14:25:27,620 [INFO]  Epoch[0] Validation-cross-entropy=45.672161
2023-11-08 14:25:27,620 [INFO]  Epoch[0] Validation-paper_time6-accuracy=0.000000
2023-11-08 14:25:27,627 [INFO]  Epoch[1] Batch [0-4]	Speed: 11919.87 samples/sec	cross-entropy=59.213009	paper_time6-accuracy=0.000000
2023-11-08 14:25:27,631 [INFO]  Epoch[1] Train-cross-entropy=44.038586
2023-11-08 14:25:27,631 [INFO]  Epoch[1] Train-paper_time6-accuracy=0.000000
2023-11-08 14:25:27,631 [INFO]  Epoch[1] Time cost=0.011
2023-11-08 14:25:27,633 [INFO]  Saved checkpoint to "./imputer_model/imputer_model_paper_time6/model-0001.params"
2023-11-08 14:25:27,634 [INFO]  Epoch[1] Validation-cross-entropy=27.945211
2023-11-08 14:25:27,634 [INFO]  Epoch[1] Validation-paper_time6-accuracy=0.000000
2023-11-08 14:25:27,640 [INFO]  Epoch[2] Batch [0-4]	Speed: 13426.47 samples/sec	cross-entropy=13.319373	paper_time6-accuracy=0.000000
2023-11-08 14:25:27,643 [INFO]  Epoch[2] Train-cross-entropy=9.803683
2023-11-08 14:25:27,643 [INFO]  Epoch[2] Train-paper_time6-accuracy=0.000000
2023-11-08 14:25:27,643 [INFO]  Epoch[2] Time cost=0.010
2023-11-08 14:25:27,645 [INFO]  Saved checkpoint to "./imputer_model/imputer_model_paper_time6/model-0002.params"
2023-11-08 14:25:27,645 [INFO]  Epoch[2] Validation-cross-entropy=15.691327
2023-11-08 14:25:27,646 [INFO]  Epoch[2] Validation-paper_time6-accuracy=0.000000
2023-11-08 14:25:27,651 [INFO]  Epoch[3] Batch [0-4]	Speed: 13899.21 samples/sec	cross-entropy=6.149199	paper_time6-accuracy=0.000000
2023-11-08 14:25:27,655 [INFO]  Epoch[3] Train-cross-entropy=4.750282
2023-11-08 14:25:27,655 [INFO]  Epoch[3] Train-paper_time6-accuracy=0.000000
2023-11-08 14:25:27,655 [INFO]  Epoch[3] Time cost=0.009
2023-11-08 14:25:27,656 [INFO]  Saved checkpoint to "./imputer_model/imputer_model_paper_time6/model-0003.params"
2023-11-08 14:25:27,657 [INFO]  Epoch[3] Validation-cross-entropy=7.324043
2023-11-08 14:25:27,657 [INFO]  Epoch[3] Validation-paper_time6-accuracy=0.000000
2023-11-08 14:25:27,662 [INFO]  Epoch[4] Batch [0-4]	Speed: 14776.81 samples/sec	cross-entropy=1.208446	paper_time6-accuracy=0.000000
2023-11-08 14:25:27,666 [INFO]  Epoch[4] Train-cross-entropy=1.292293
2023-11-08 14:25:27,666 [INFO]  Epoch[4] Train-paper_time6-accuracy=0.000000
2023-11-08 14:25:27,666 [INFO]  Epoch[4] Time cost=0.009
2023-11-08 14:25:27,667 [INFO]  Saved checkpoint to "./imputer_model/imputer_model_paper_time6/model-0004.params"
2023-11-08 14:25:27,668 [INFO]  Epoch[4] Validation-cross-entropy=8.392926
2023-11-08 14:25:27,668 [INFO]  Epoch[4] Validation-paper_time6-accuracy=0.000000
2023-11-08 14:25:27,668 [INFO]  
========== done (0.06676530838012695 s) fit model
2023-11-08 14:39:23,606 [INFO]  
========== start: fit model
2023-11-08 14:39:23,606 [WARNING]  Already bound, ignoring bind()
2023-11-08 14:39:23,613 [INFO]  Epoch[0] Batch [0-4]	Speed: 15718.20 samples/sec	cross-entropy=22.712183	paper_time6-accuracy=3.000000
2023-11-08 14:39:23,616 [INFO]  Epoch[0] Train-cross-entropy=18.343464
2023-11-08 14:39:23,616 [INFO]  Epoch[0] Train-paper_time6-accuracy=3.375000
2023-11-08 14:39:23,616 [INFO]  Epoch[0] Time cost=0.009
2023-11-08 14:39:23,617 [INFO]  Saved checkpoint to "./imputer_model/imputer_model_paper_time6/model-0000.params"
2023-11-08 14:39:23,618 [INFO]  Epoch[0] Validation-cross-entropy=23.879974
2023-11-08 14:39:23,618 [INFO]  Epoch[0] Validation-paper_time6-accuracy=0.000000
2023-11-08 14:39:23,623 [INFO]  Epoch[1] Batch [0-4]	Speed: 14043.18 samples/sec	cross-entropy=49.414704	paper_time6-accuracy=3.000000
2023-11-08 14:39:23,627 [INFO]  Epoch[1] Train-cross-entropy=36.555869
2023-11-08 14:39:23,627 [INFO]  Epoch[1] Train-paper_time6-accuracy=3.375000
2023-11-08 14:39:23,627 [INFO]  Epoch[1] Time cost=0.010
2023-11-08 14:39:23,630 [INFO]  Saved checkpoint to "./imputer_model/imputer_model_paper_time6/model-0001.params"
2023-11-08 14:39:23,630 [INFO]  Epoch[1] Validation-cross-entropy=24.753183
2023-11-08 14:39:23,630 [INFO]  Epoch[1] Validation-paper_time6-accuracy=0.000000
2023-11-08 14:39:23,635 [INFO]  Epoch[2] Batch [0-4]	Speed: 17291.64 samples/sec	cross-entropy=4.508169	paper_time6-accuracy=3.000000
2023-11-08 14:39:23,638 [INFO]  Epoch[2] Train-cross-entropy=4.701767
2023-11-08 14:39:23,638 [INFO]  Epoch[2] Train-paper_time6-accuracy=3.375000
2023-11-08 14:39:23,638 [INFO]  Epoch[2] Time cost=0.008
2023-11-08 14:39:23,640 [INFO]  Saved checkpoint to "./imputer_model/imputer_model_paper_time6/model-0002.params"
2023-11-08 14:39:23,641 [INFO]  Epoch[2] Validation-cross-entropy=26.758329
2023-11-08 14:39:23,641 [INFO]  Epoch[2] Validation-paper_time6-accuracy=0.000000
2023-11-08 14:39:23,645 [INFO]  Epoch[3] Batch [0-4]	Speed: 19772.79 samples/sec	cross-entropy=3.466938	paper_time6-accuracy=3.000000
2023-11-08 14:39:23,647 [INFO]  Epoch[3] Train-cross-entropy=2.988584
2023-11-08 14:39:23,648 [INFO]  Epoch[3] Train-paper_time6-accuracy=3.375000
2023-11-08 14:39:23,648 [INFO]  Epoch[3] Time cost=0.007
2023-11-08 14:39:23,649 [INFO]  Saved checkpoint to "./imputer_model/imputer_model_paper_time6/model-0003.params"
2023-11-08 14:39:23,650 [INFO]  Epoch[3] Validation-cross-entropy=21.389986
2023-11-08 14:39:23,650 [INFO]  Epoch[3] Validation-paper_time6-accuracy=0.000000
2023-11-08 14:39:23,654 [INFO]  Epoch[4] Batch [0-4]	Speed: 18465.67 samples/sec	cross-entropy=1.809163	paper_time6-accuracy=3.000000
2023-11-08 14:39:23,657 [INFO]  Epoch[4] Train-cross-entropy=1.377534
2023-11-08 14:39:23,657 [INFO]  Epoch[4] Train-paper_time6-accuracy=3.375000
2023-11-08 14:39:23,657 [INFO]  Epoch[4] Time cost=0.007
2023-11-08 14:39:23,658 [INFO]  Saved checkpoint to "./imputer_model/imputer_model_paper_time6/model-0004.params"
2023-11-08 14:39:23,659 [INFO]  Epoch[4] Validation-cross-entropy=18.113085
2023-11-08 14:39:23,659 [INFO]  Epoch[4] Validation-paper_time6-accuracy=0.000000
2023-11-08 14:39:23,659 [INFO]  
========== done (0.05260324478149414 s) fit model
2023-11-08 14:53:27,788 [INFO]  
========== start: fit model
2023-11-08 14:53:27,788 [WARNING]  Already bound, ignoring bind()
2023-11-08 14:53:27,795 [INFO]  Epoch[0] Batch [0-4]	Speed: 14483.41 samples/sec	cross-entropy=21.955472	paper_time6-accuracy=4.800000
2023-11-08 14:53:27,798 [INFO]  Epoch[0] Train-cross-entropy=20.587890
2023-11-08 14:53:27,798 [INFO]  Epoch[0] Train-paper_time6-accuracy=4.125000
2023-11-08 14:53:27,798 [INFO]  Epoch[0] Time cost=0.010
2023-11-08 14:53:27,799 [INFO]  Saved checkpoint to "./imputer_model/imputer_model_paper_time6/model-0000.params"
2023-11-08 14:53:27,800 [INFO]  Epoch[0] Validation-cross-entropy=12.252726
2023-11-08 14:53:27,800 [INFO]  Epoch[0] Validation-paper_time6-accuracy=0.000000
2023-11-08 14:53:27,805 [INFO]  Epoch[1] Batch [0-4]	Speed: 15312.92 samples/sec	cross-entropy=24.256992	paper_time6-accuracy=4.800000
2023-11-08 14:53:27,812 [INFO]  Epoch[1] Train-cross-entropy=24.429040
2023-11-08 14:53:27,812 [INFO]  Epoch[1] Train-paper_time6-accuracy=4.125000
2023-11-08 14:53:27,813 [INFO]  Epoch[1] Time cost=0.013
2023-11-08 14:53:27,816 [INFO]  Saved checkpoint to "./imputer_model/imputer_model_paper_time6/model-0001.params"
2023-11-08 14:53:27,817 [INFO]  Epoch[1] Validation-cross-entropy=2.030460
2023-11-08 14:53:27,817 [INFO]  Epoch[1] Validation-paper_time6-accuracy=0.000000
2023-11-08 14:53:27,825 [INFO]  Epoch[2] Batch [0-4]	Speed: 10893.41 samples/sec	cross-entropy=5.457704	paper_time6-accuracy=4.800000
2023-11-08 14:53:27,830 [INFO]  Epoch[2] Train-cross-entropy=4.698833
2023-11-08 14:53:27,830 [INFO]  Epoch[2] Train-paper_time6-accuracy=4.125000
2023-11-08 14:53:27,830 [INFO]  Epoch[2] Time cost=0.012
2023-11-08 14:53:27,832 [INFO]  Saved checkpoint to "./imputer_model/imputer_model_paper_time6/model-0002.params"
2023-11-08 14:53:27,833 [INFO]  Epoch[2] Validation-cross-entropy=2.710796
2023-11-08 14:53:27,833 [INFO]  Epoch[2] Validation-paper_time6-accuracy=0.000000
2023-11-08 14:53:27,839 [INFO]  Epoch[3] Batch [0-4]	Speed: 13582.04 samples/sec	cross-entropy=3.053309	paper_time6-accuracy=4.800000
2023-11-08 14:53:27,843 [INFO]  Epoch[3] Train-cross-entropy=2.697284
2023-11-08 14:53:27,843 [INFO]  Epoch[3] Train-paper_time6-accuracy=4.125000
2023-11-08 14:53:27,843 [INFO]  Epoch[3] Time cost=0.010
2023-11-08 14:53:27,845 [INFO]  Saved checkpoint to "./imputer_model/imputer_model_paper_time6/model-0003.params"
2023-11-08 14:53:27,845 [INFO]  Epoch[3] Validation-cross-entropy=2.744578
2023-11-08 14:53:27,845 [INFO]  Epoch[3] Validation-paper_time6-accuracy=0.000000
2023-11-08 14:53:27,851 [INFO]  Epoch[4] Batch [0-4]	Speed: 13978.10 samples/sec	cross-entropy=0.893936	paper_time6-accuracy=4.800000
2023-11-08 14:53:27,855 [INFO]  Epoch[4] Train-cross-entropy=1.141327
2023-11-08 14:53:27,855 [INFO]  Epoch[4] Train-paper_time6-accuracy=4.125000
2023-11-08 14:53:27,855 [INFO]  Epoch[4] Time cost=0.009
2023-11-08 14:53:27,856 [INFO]  Saved checkpoint to "./imputer_model/imputer_model_paper_time6/model-0004.params"
2023-11-08 14:53:27,857 [INFO]  Epoch[4] Validation-cross-entropy=3.413371
2023-11-08 14:53:27,857 [INFO]  Epoch[4] Validation-paper_time6-accuracy=0.000000
2023-11-08 14:53:27,857 [INFO]  
========== done (0.06949377059936523 s) fit model
