2023-11-08 12:48:43,511 [INFO]  
========== start: fit model
2023-11-08 12:48:43,517 [WARNING]  Already bound, ignoring bind()
2023-11-08 12:48:44,461 [INFO]  Epoch[0] Batch [0-4]	Speed: 190.42 samples/sec	cross-entropy=17.420834	paper_time19-accuracy=0.000000
2023-11-08 12:48:44,517 [INFO]  Epoch[0] Train-cross-entropy=17.784010
2023-11-08 12:48:44,518 [INFO]  Epoch[0] Train-paper_time19-accuracy=0.000000
2023-11-08 12:48:44,518 [INFO]  Epoch[0] Time cost=1.000
2023-11-08 12:48:44,521 [INFO]  Saved checkpoint to "./imputer_model/imputer_model_paper_time19/model-0000.params"
2023-11-08 12:48:44,539 [INFO]  Epoch[0] Validation-cross-entropy=11.653347
2023-11-08 12:48:44,539 [INFO]  Epoch[0] Validation-paper_time19-accuracy=0.000000
2023-11-08 12:48:44,555 [INFO]  Epoch[1] Batch [0-4]	Speed: 5938.18 samples/sec	cross-entropy=48.905809	paper_time19-accuracy=0.000000
2023-11-08 12:48:44,564 [INFO]  Epoch[1] Train-cross-entropy=39.197304
2023-11-08 12:48:44,564 [INFO]  Epoch[1] Train-paper_time19-accuracy=0.000000
2023-11-08 12:48:44,565 [INFO]  Epoch[1] Time cost=0.025
2023-11-08 12:48:44,568 [INFO]  Saved checkpoint to "./imputer_model/imputer_model_paper_time19/model-0001.params"
2023-11-08 12:48:44,569 [INFO]  Epoch[1] Validation-cross-entropy=6.336306
2023-11-08 12:48:44,569 [INFO]  Epoch[1] Validation-paper_time19-accuracy=0.000000
2023-11-08 12:48:45,400 [INFO]  Epoch[2] Batch [0-4]	Speed: 84.17 samples/sec	cross-entropy=12.130695	paper_time19-accuracy=0.000000
2023-11-08 12:48:45,417 [INFO]  Epoch[2] Train-cross-entropy=10.237937
2023-11-08 12:48:45,417 [INFO]  Epoch[2] Train-paper_time19-accuracy=0.000000
2023-11-08 12:48:45,417 [INFO]  Epoch[2] Time cost=0.848
2023-11-08 12:48:45,419 [INFO]  Saved checkpoint to "./imputer_model/imputer_model_paper_time19/model-0002.params"
2023-11-08 12:48:45,423 [INFO]  Epoch[2] Validation-cross-entropy=8.219120
2023-11-08 12:48:45,423 [INFO]  Epoch[2] Validation-paper_time19-accuracy=0.000000
2023-11-08 12:48:45,454 [INFO]  Epoch[3] Batch [0-4]	Speed: 3197.68 samples/sec	cross-entropy=5.076950	paper_time19-accuracy=0.000000
2023-11-08 12:48:45,668 [INFO]  Epoch[3] Train-cross-entropy=4.051896
2023-11-08 12:48:45,668 [INFO]  Epoch[3] Train-paper_time19-accuracy=0.000000
2023-11-08 12:48:45,668 [INFO]  Epoch[3] Time cost=0.245
2023-11-08 12:48:45,670 [INFO]  Saved checkpoint to "./imputer_model/imputer_model_paper_time19/model-0003.params"
2023-11-08 12:48:45,824 [INFO]  Epoch[3] Validation-cross-entropy=4.632574
2023-11-08 12:48:45,824 [INFO]  Epoch[3] Validation-paper_time19-accuracy=0.000000
2023-11-08 12:48:45,834 [INFO]  Epoch[4] Batch [0-4]	Speed: 7136.39 samples/sec	cross-entropy=1.813187	paper_time19-accuracy=0.000000
2023-11-08 12:48:45,868 [INFO]  Epoch[4] Train-cross-entropy=1.539677
2023-11-08 12:48:45,868 [INFO]  Epoch[4] Train-paper_time19-accuracy=0.000000
2023-11-08 12:48:45,868 [INFO]  Epoch[4] Time cost=0.044
2023-11-08 12:48:45,870 [INFO]  Saved checkpoint to "./imputer_model/imputer_model_paper_time19/model-0004.params"
2023-11-08 12:48:45,872 [INFO]  Epoch[4] Validation-cross-entropy=4.903666
2023-11-08 12:48:45,872 [INFO]  Epoch[4] Validation-paper_time19-accuracy=0.000000
2023-11-08 12:48:45,872 [INFO]  
========== done (2.361048698425293 s) fit model
2023-11-08 13:08:38,244 [INFO]  
========== start: fit model
2023-11-08 13:08:38,275 [WARNING]  Already bound, ignoring bind()
2023-11-08 13:08:38,286 [INFO]  Epoch[0] Batch [0-4]	Speed: 10179.96 samples/sec	cross-entropy=20.195825	paper_time19-accuracy=0.000000
2023-11-08 13:08:38,290 [INFO]  Epoch[0] Train-cross-entropy=20.805027
2023-11-08 13:08:38,290 [INFO]  Epoch[0] Train-paper_time19-accuracy=0.000000
2023-11-08 13:08:38,290 [INFO]  Epoch[0] Time cost=0.014
2023-11-08 13:08:38,293 [INFO]  Saved checkpoint to "./imputer_model/imputer_model_paper_time19/model-0000.params"
2023-11-08 13:08:38,293 [INFO]  Epoch[0] Validation-cross-entropy=19.017159
2023-11-08 13:08:38,293 [INFO]  Epoch[0] Validation-paper_time19-accuracy=0.000000
2023-11-08 13:08:38,301 [INFO]  Epoch[1] Batch [0-4]	Speed: 11673.64 samples/sec	cross-entropy=25.091785	paper_time19-accuracy=0.000000
2023-11-08 13:08:38,306 [INFO]  Epoch[1] Train-cross-entropy=26.222985
2023-11-08 13:08:38,307 [INFO]  Epoch[1] Train-paper_time19-accuracy=0.000000
2023-11-08 13:08:38,307 [INFO]  Epoch[1] Time cost=0.013
2023-11-08 13:08:38,310 [INFO]  Saved checkpoint to "./imputer_model/imputer_model_paper_time19/model-0001.params"
2023-11-08 13:08:38,311 [INFO]  Epoch[1] Validation-cross-entropy=5.093618
2023-11-08 13:08:38,311 [INFO]  Epoch[1] Validation-paper_time19-accuracy=0.000000
2023-11-08 13:08:38,319 [INFO]  Epoch[2] Batch [0-4]	Speed: 11143.49 samples/sec	cross-entropy=5.821242	paper_time19-accuracy=0.000000
2023-11-08 13:08:38,323 [INFO]  Epoch[2] Train-cross-entropy=7.334338
2023-11-08 13:08:38,323 [INFO]  Epoch[2] Train-paper_time19-accuracy=0.000000
2023-11-08 13:08:38,323 [INFO]  Epoch[2] Time cost=0.012
2023-11-08 13:08:38,325 [INFO]  Saved checkpoint to "./imputer_model/imputer_model_paper_time19/model-0002.params"
2023-11-08 13:08:38,326 [INFO]  Epoch[2] Validation-cross-entropy=7.419581
2023-11-08 13:08:38,326 [INFO]  Epoch[2] Validation-paper_time19-accuracy=0.000000
2023-11-08 13:08:38,332 [INFO]  Epoch[3] Batch [0-4]	Speed: 13723.69 samples/sec	cross-entropy=1.917222	paper_time19-accuracy=0.000000
2023-11-08 13:08:38,336 [INFO]  Epoch[3] Train-cross-entropy=1.709685
2023-11-08 13:08:38,336 [INFO]  Epoch[3] Train-paper_time19-accuracy=0.000000
2023-11-08 13:08:38,336 [INFO]  Epoch[3] Time cost=0.010
2023-11-08 13:08:38,355 [INFO]  Saved checkpoint to "./imputer_model/imputer_model_paper_time19/model-0003.params"
2023-11-08 13:08:38,355 [INFO]  Epoch[3] Validation-cross-entropy=6.979689
2023-11-08 13:08:38,356 [INFO]  Epoch[3] Validation-paper_time19-accuracy=0.000000
2023-11-08 13:08:38,363 [INFO]  Epoch[4] Batch [0-4]	Speed: 11499.12 samples/sec	cross-entropy=1.477207	paper_time19-accuracy=0.000000
2023-11-08 13:08:38,367 [INFO]  Epoch[4] Train-cross-entropy=1.107495
2023-11-08 13:08:38,367 [INFO]  Epoch[4] Train-paper_time19-accuracy=0.000000
2023-11-08 13:08:38,367 [INFO]  Epoch[4] Time cost=0.012
2023-11-08 13:08:38,370 [INFO]  Saved checkpoint to "./imputer_model/imputer_model_paper_time19/model-0004.params"
2023-11-08 13:08:38,370 [INFO]  Epoch[4] Validation-cross-entropy=6.708981
2023-11-08 13:08:38,370 [INFO]  Epoch[4] Validation-paper_time19-accuracy=0.000000
2023-11-08 13:08:38,371 [INFO]  
========== done (0.12609004974365234 s) fit model
2023-11-08 13:21:59,965 [INFO]  
========== start: fit model
2023-11-08 13:21:59,965 [WARNING]  Already bound, ignoring bind()
2023-11-08 13:21:59,972 [INFO]  Epoch[0] Batch [0-4]	Speed: 14017.52 samples/sec	cross-entropy=17.354080	paper_time19-accuracy=3.000000
2023-11-08 13:21:59,976 [INFO]  Epoch[0] Train-cross-entropy=17.791932
2023-11-08 13:21:59,977 [INFO]  Epoch[0] Train-paper_time19-accuracy=3.375000
2023-11-08 13:21:59,977 [INFO]  Epoch[0] Time cost=0.011
2023-11-08 13:21:59,980 [INFO]  Saved checkpoint to "./imputer_model/imputer_model_paper_time19/model-0000.params"
2023-11-08 13:21:59,981 [INFO]  Epoch[0] Validation-cross-entropy=80.015350
2023-11-08 13:21:59,981 [INFO]  Epoch[0] Validation-paper_time19-accuracy=0.000000
2023-11-08 13:21:59,988 [INFO]  Epoch[1] Batch [0-4]	Speed: 12018.60 samples/sec	cross-entropy=32.092286	paper_time19-accuracy=3.000000
2023-11-08 13:21:59,992 [INFO]  Epoch[1] Train-cross-entropy=29.060292
2023-11-08 13:21:59,993 [INFO]  Epoch[1] Train-paper_time19-accuracy=3.375000
2023-11-08 13:21:59,993 [INFO]  Epoch[1] Time cost=0.011
2023-11-08 13:21:59,995 [INFO]  Saved checkpoint to "./imputer_model/imputer_model_paper_time19/model-0001.params"
2023-11-08 13:21:59,996 [INFO]  Epoch[1] Validation-cross-entropy=65.977692
2023-11-08 13:21:59,996 [INFO]  Epoch[1] Validation-paper_time19-accuracy=0.000000
2023-11-08 13:22:00,001 [INFO]  Epoch[2] Batch [0-4]	Speed: 14306.64 samples/sec	cross-entropy=4.310771	paper_time19-accuracy=3.000000
2023-11-08 13:22:00,005 [INFO]  Epoch[2] Train-cross-entropy=6.105436
2023-11-08 13:22:00,006 [INFO]  Epoch[2] Train-paper_time19-accuracy=3.375000
2023-11-08 13:22:00,006 [INFO]  Epoch[2] Time cost=0.010
2023-11-08 13:22:00,009 [INFO]  Saved checkpoint to "./imputer_model/imputer_model_paper_time19/model-0002.params"
2023-11-08 13:22:00,009 [INFO]  Epoch[2] Validation-cross-entropy=57.862179
2023-11-08 13:22:00,010 [INFO]  Epoch[2] Validation-paper_time19-accuracy=0.000000
2023-11-08 13:22:00,016 [INFO]  Epoch[3] Batch [0-4]	Speed: 12413.20 samples/sec	cross-entropy=3.256833	paper_time19-accuracy=3.000000
2023-11-08 13:22:00,020 [INFO]  Epoch[3] Train-cross-entropy=2.650746
2023-11-08 13:22:00,020 [INFO]  Epoch[3] Train-paper_time19-accuracy=3.375000
2023-11-08 13:22:00,020 [INFO]  Epoch[3] Time cost=0.010
2023-11-08 13:22:00,022 [INFO]  Saved checkpoint to "./imputer_model/imputer_model_paper_time19/model-0003.params"
2023-11-08 13:22:00,022 [INFO]  Epoch[3] Validation-cross-entropy=42.957703
2023-11-08 13:22:00,022 [INFO]  Epoch[3] Validation-paper_time19-accuracy=0.000000
2023-11-08 13:22:00,028 [INFO]  Epoch[4] Batch [0-4]	Speed: 15732.02 samples/sec	cross-entropy=1.975007	paper_time19-accuracy=3.000000
2023-11-08 13:22:00,031 [INFO]  Epoch[4] Train-cross-entropy=1.683995
2023-11-08 13:22:00,031 [INFO]  Epoch[4] Train-paper_time19-accuracy=3.375000
2023-11-08 13:22:00,031 [INFO]  Epoch[4] Time cost=0.008
2023-11-08 13:22:00,032 [INFO]  Saved checkpoint to "./imputer_model/imputer_model_paper_time19/model-0004.params"
2023-11-08 13:22:00,033 [INFO]  Epoch[4] Validation-cross-entropy=45.250061
2023-11-08 13:22:00,033 [INFO]  Epoch[4] Validation-paper_time19-accuracy=0.000000
2023-11-08 13:22:00,033 [INFO]  
========== done (0.06823134422302246 s) fit model
2023-11-08 13:35:20,586 [INFO]  
========== start: fit model
2023-11-08 13:35:20,586 [WARNING]  Already bound, ignoring bind()
2023-11-08 13:35:20,595 [INFO]  Epoch[0] Batch [0-4]	Speed: 10703.17 samples/sec	cross-entropy=24.595605	paper_time19-accuracy=0.000000
2023-11-08 13:35:20,599 [INFO]  Epoch[0] Train-cross-entropy=23.909128
2023-11-08 13:35:20,599 [INFO]  Epoch[0] Train-paper_time19-accuracy=0.000000
2023-11-08 13:35:20,600 [INFO]  Epoch[0] Time cost=0.013
2023-11-08 13:35:20,602 [INFO]  Saved checkpoint to "./imputer_model/imputer_model_paper_time19/model-0000.params"
2023-11-08 13:35:20,603 [INFO]  Epoch[0] Validation-cross-entropy=15.036825
2023-11-08 13:35:20,603 [INFO]  Epoch[0] Validation-paper_time19-accuracy=0.000000
2023-11-08 13:35:20,609 [INFO]  Epoch[1] Batch [0-4]	Speed: 15047.67 samples/sec	cross-entropy=35.467393	paper_time19-accuracy=0.000000
2023-11-08 13:35:20,611 [INFO]  Epoch[1] Train-cross-entropy=31.201740
2023-11-08 13:35:20,612 [INFO]  Epoch[1] Train-paper_time19-accuracy=0.000000
2023-11-08 13:35:20,612 [INFO]  Epoch[1] Time cost=0.009
2023-11-08 13:35:20,613 [INFO]  Saved checkpoint to "./imputer_model/imputer_model_paper_time19/model-0001.params"
2023-11-08 13:35:20,614 [INFO]  Epoch[1] Validation-cross-entropy=24.924313
2023-11-08 13:35:20,614 [INFO]  Epoch[1] Validation-paper_time19-accuracy=0.000000
2023-11-08 13:35:20,618 [INFO]  Epoch[2] Batch [0-4]	Speed: 20348.35 samples/sec	cross-entropy=6.371153	paper_time19-accuracy=0.000000
2023-11-08 13:35:20,621 [INFO]  Epoch[2] Train-cross-entropy=7.114950
2023-11-08 13:35:20,621 [INFO]  Epoch[2] Train-paper_time19-accuracy=0.000000
2023-11-08 13:35:20,621 [INFO]  Epoch[2] Time cost=0.007
2023-11-08 13:35:20,622 [INFO]  Saved checkpoint to "./imputer_model/imputer_model_paper_time19/model-0002.params"
2023-11-08 13:35:20,623 [INFO]  Epoch[2] Validation-cross-entropy=28.902647
2023-11-08 13:35:20,623 [INFO]  Epoch[2] Validation-paper_time19-accuracy=0.000000
2023-11-08 13:35:20,628 [INFO]  Epoch[3] Batch [0-4]	Speed: 15685.14 samples/sec	cross-entropy=4.367921	paper_time19-accuracy=0.000000
2023-11-08 13:35:20,631 [INFO]  Epoch[3] Train-cross-entropy=4.651627
2023-11-08 13:35:20,631 [INFO]  Epoch[3] Train-paper_time19-accuracy=0.000000
2023-11-08 13:35:20,631 [INFO]  Epoch[3] Time cost=0.008
2023-11-08 13:35:20,633 [INFO]  Saved checkpoint to "./imputer_model/imputer_model_paper_time19/model-0003.params"
2023-11-08 13:35:20,634 [INFO]  Epoch[3] Validation-cross-entropy=19.819286
2023-11-08 13:35:20,634 [INFO]  Epoch[3] Validation-paper_time19-accuracy=0.000000
2023-11-08 13:35:20,639 [INFO]  Epoch[4] Batch [0-4]	Speed: 16604.94 samples/sec	cross-entropy=1.460435	paper_time19-accuracy=0.000000
2023-11-08 13:35:20,641 [INFO]  Epoch[4] Train-cross-entropy=1.418372
2023-11-08 13:35:20,641 [INFO]  Epoch[4] Train-paper_time19-accuracy=0.000000
2023-11-08 13:35:20,641 [INFO]  Epoch[4] Time cost=0.008
2023-11-08 13:35:20,643 [INFO]  Saved checkpoint to "./imputer_model/imputer_model_paper_time19/model-0004.params"
2023-11-08 13:35:20,643 [INFO]  Epoch[4] Validation-cross-entropy=24.594212
2023-11-08 13:35:20,643 [INFO]  Epoch[4] Validation-paper_time19-accuracy=0.000000
2023-11-08 13:35:20,643 [INFO]  
========== done (0.057636260986328125 s) fit model
2023-11-08 13:48:40,633 [INFO]  
========== start: fit model
2023-11-08 13:48:40,633 [WARNING]  Already bound, ignoring bind()
2023-11-08 13:48:40,640 [INFO]  Epoch[0] Batch [0-4]	Speed: 14128.93 samples/sec	cross-entropy=23.616367	paper_time19-accuracy=0.000000
2023-11-08 13:48:40,643 [INFO]  Epoch[0] Train-cross-entropy=24.520888
2023-11-08 13:48:40,643 [INFO]  Epoch[0] Train-paper_time19-accuracy=0.000000
2023-11-08 13:48:40,643 [INFO]  Epoch[0] Time cost=0.010
2023-11-08 13:48:40,644 [INFO]  Saved checkpoint to "./imputer_model/imputer_model_paper_time19/model-0000.params"
2023-11-08 13:48:40,645 [INFO]  Epoch[0] Validation-cross-entropy=36.351341
2023-11-08 13:48:40,645 [INFO]  Epoch[0] Validation-paper_time19-accuracy=0.000000
2023-11-08 13:48:40,651 [INFO]  Epoch[1] Batch [0-4]	Speed: 14360.98 samples/sec	cross-entropy=30.301678	paper_time19-accuracy=0.000000
2023-11-08 13:48:40,656 [INFO]  Epoch[1] Train-cross-entropy=32.216835
2023-11-08 13:48:40,656 [INFO]  Epoch[1] Train-paper_time19-accuracy=0.000000
2023-11-08 13:48:40,656 [INFO]  Epoch[1] Time cost=0.011
2023-11-08 13:48:40,659 [INFO]  Saved checkpoint to "./imputer_model/imputer_model_paper_time19/model-0001.params"
2023-11-08 13:48:40,660 [INFO]  Epoch[1] Validation-cross-entropy=24.075348
2023-11-08 13:48:40,660 [INFO]  Epoch[1] Validation-paper_time19-accuracy=0.000000
2023-11-08 13:48:40,668 [INFO]  Epoch[2] Batch [0-4]	Speed: 10848.95 samples/sec	cross-entropy=3.959429	paper_time19-accuracy=0.000000
2023-11-08 13:48:40,671 [INFO]  Epoch[2] Train-cross-entropy=6.920052
2023-11-08 13:48:40,672 [INFO]  Epoch[2] Train-paper_time19-accuracy=0.000000
2023-11-08 13:48:40,672 [INFO]  Epoch[2] Time cost=0.011
2023-11-08 13:48:40,674 [INFO]  Saved checkpoint to "./imputer_model/imputer_model_paper_time19/model-0002.params"
2023-11-08 13:48:40,674 [INFO]  Epoch[2] Validation-cross-entropy=16.909946
2023-11-08 13:48:40,674 [INFO]  Epoch[2] Validation-paper_time19-accuracy=0.000000
2023-11-08 13:48:40,680 [INFO]  Epoch[3] Batch [0-4]	Speed: 15650.39 samples/sec	cross-entropy=3.351957	paper_time19-accuracy=0.000000
2023-11-08 13:48:40,683 [INFO]  Epoch[3] Train-cross-entropy=2.951916
2023-11-08 13:48:40,683 [INFO]  Epoch[3] Train-paper_time19-accuracy=0.000000
2023-11-08 13:48:40,683 [INFO]  Epoch[3] Time cost=0.009
2023-11-08 13:48:40,684 [INFO]  Saved checkpoint to "./imputer_model/imputer_model_paper_time19/model-0003.params"
2023-11-08 13:48:40,685 [INFO]  Epoch[3] Validation-cross-entropy=17.394545
2023-11-08 13:48:40,685 [INFO]  Epoch[3] Validation-paper_time19-accuracy=0.000000
2023-11-08 13:48:40,690 [INFO]  Epoch[4] Batch [0-4]	Speed: 15669.57 samples/sec	cross-entropy=1.378835	paper_time19-accuracy=0.000000
2023-11-08 13:48:40,693 [INFO]  Epoch[4] Train-cross-entropy=1.242085
2023-11-08 13:48:40,693 [INFO]  Epoch[4] Train-paper_time19-accuracy=0.000000
2023-11-08 13:48:40,693 [INFO]  Epoch[4] Time cost=0.008
2023-11-08 13:48:40,695 [INFO]  Saved checkpoint to "./imputer_model/imputer_model_paper_time19/model-0004.params"
2023-11-08 13:48:40,695 [INFO]  Epoch[4] Validation-cross-entropy=24.296652
2023-11-08 13:48:40,695 [INFO]  Epoch[4] Validation-paper_time19-accuracy=0.000000
2023-11-08 13:48:40,695 [INFO]  
========== done (0.06280779838562012 s) fit model
2023-11-08 14:02:03,603 [INFO]  
========== start: fit model
2023-11-08 14:02:03,603 [WARNING]  Already bound, ignoring bind()
2023-11-08 14:02:03,611 [INFO]  Epoch[0] Batch [0-4]	Speed: 10742.57 samples/sec	cross-entropy=15.330138	paper_time19-accuracy=4.200000
2023-11-08 14:02:03,616 [INFO]  Epoch[0] Train-cross-entropy=15.728769
2023-11-08 14:02:03,616 [INFO]  Epoch[0] Train-paper_time19-accuracy=3.625000
2023-11-08 14:02:03,616 [INFO]  Epoch[0] Time cost=0.013
2023-11-08 14:02:03,620 [INFO]  Saved checkpoint to "./imputer_model/imputer_model_paper_time19/model-0000.params"
2023-11-08 14:02:03,621 [INFO]  Epoch[0] Validation-cross-entropy=22.425415
2023-11-08 14:02:03,621 [INFO]  Epoch[0] Validation-paper_time19-accuracy=0.000000
2023-11-08 14:02:03,627 [INFO]  Epoch[1] Batch [0-4]	Speed: 15805.20 samples/sec	cross-entropy=45.069151	paper_time19-accuracy=4.200000
2023-11-08 14:02:03,630 [INFO]  Epoch[1] Train-cross-entropy=42.341337
2023-11-08 14:02:03,630 [INFO]  Epoch[1] Train-paper_time19-accuracy=3.625000
2023-11-08 14:02:03,630 [INFO]  Epoch[1] Time cost=0.009
2023-11-08 14:02:03,632 [INFO]  Saved checkpoint to "./imputer_model/imputer_model_paper_time19/model-0001.params"
2023-11-08 14:02:03,633 [INFO]  Epoch[1] Validation-cross-entropy=23.909903
2023-11-08 14:02:03,633 [INFO]  Epoch[1] Validation-paper_time19-accuracy=0.000000
2023-11-08 14:02:03,638 [INFO]  Epoch[2] Batch [0-4]	Speed: 17771.30 samples/sec	cross-entropy=4.307833	paper_time19-accuracy=4.200000
2023-11-08 14:02:03,641 [INFO]  Epoch[2] Train-cross-entropy=7.702923
2023-11-08 14:02:03,641 [INFO]  Epoch[2] Train-paper_time19-accuracy=3.625000
2023-11-08 14:02:03,641 [INFO]  Epoch[2] Time cost=0.008
2023-11-08 14:02:03,642 [INFO]  Saved checkpoint to "./imputer_model/imputer_model_paper_time19/model-0002.params"
2023-11-08 14:02:03,643 [INFO]  Epoch[2] Validation-cross-entropy=21.943441
2023-11-08 14:02:03,643 [INFO]  Epoch[2] Validation-paper_time19-accuracy=0.000000
2023-11-08 14:02:03,648 [INFO]  Epoch[3] Batch [0-4]	Speed: 17655.58 samples/sec	cross-entropy=3.977256	paper_time19-accuracy=4.200000
2023-11-08 14:02:03,650 [INFO]  Epoch[3] Train-cross-entropy=4.119828
2023-11-08 14:02:03,651 [INFO]  Epoch[3] Train-paper_time19-accuracy=3.625000
2023-11-08 14:02:03,651 [INFO]  Epoch[3] Time cost=0.008
2023-11-08 14:02:03,652 [INFO]  Saved checkpoint to "./imputer_model/imputer_model_paper_time19/model-0003.params"
2023-11-08 14:02:03,653 [INFO]  Epoch[3] Validation-cross-entropy=21.615396
2023-11-08 14:02:03,653 [INFO]  Epoch[3] Validation-paper_time19-accuracy=0.000000
2023-11-08 14:02:03,658 [INFO]  Epoch[4] Batch [0-4]	Speed: 18094.74 samples/sec	cross-entropy=1.441755	paper_time19-accuracy=4.200000
2023-11-08 14:02:03,661 [INFO]  Epoch[4] Train-cross-entropy=1.336449
2023-11-08 14:02:03,661 [INFO]  Epoch[4] Train-paper_time19-accuracy=3.625000
2023-11-08 14:02:03,661 [INFO]  Epoch[4] Time cost=0.007
2023-11-08 14:02:03,662 [INFO]  Saved checkpoint to "./imputer_model/imputer_model_paper_time19/model-0004.params"
2023-11-08 14:02:03,662 [INFO]  Epoch[4] Validation-cross-entropy=18.104923
2023-11-08 14:02:03,662 [INFO]  Epoch[4] Validation-paper_time19-accuracy=0.000000
2023-11-08 14:02:03,662 [INFO]  
========== done (0.059618473052978516 s) fit model
2023-11-08 14:15:30,150 [INFO]  
========== start: fit model
2023-11-08 14:15:30,150 [WARNING]  Already bound, ignoring bind()
2023-11-08 14:15:30,157 [INFO]  Epoch[0] Batch [0-4]	Speed: 14043.18 samples/sec	cross-entropy=19.482809	paper_time19-accuracy=0.000000
2023-11-08 14:15:30,162 [INFO]  Epoch[0] Train-cross-entropy=18.458555
2023-11-08 14:15:30,162 [INFO]  Epoch[0] Train-paper_time19-accuracy=0.000000
2023-11-08 14:15:30,162 [INFO]  Epoch[0] Time cost=0.011
2023-11-08 14:15:30,165 [INFO]  Saved checkpoint to "./imputer_model/imputer_model_paper_time19/model-0000.params"
2023-11-08 14:15:30,166 [INFO]  Epoch[0] Validation-cross-entropy=32.559986
2023-11-08 14:15:30,166 [INFO]  Epoch[0] Validation-paper_time19-accuracy=0.000000
2023-11-08 14:15:30,174 [INFO]  Epoch[1] Batch [0-4]	Speed: 10787.47 samples/sec	cross-entropy=56.556199	paper_time19-accuracy=0.000000
2023-11-08 14:15:30,178 [INFO]  Epoch[1] Train-cross-entropy=43.969662
2023-11-08 14:15:30,178 [INFO]  Epoch[1] Train-paper_time19-accuracy=0.000000
2023-11-08 14:15:30,178 [INFO]  Epoch[1] Time cost=0.012
2023-11-08 14:15:30,180 [INFO]  Saved checkpoint to "./imputer_model/imputer_model_paper_time19/model-0001.params"
2023-11-08 14:15:30,181 [INFO]  Epoch[1] Validation-cross-entropy=40.619690
2023-11-08 14:15:30,181 [INFO]  Epoch[1] Validation-paper_time19-accuracy=0.000000
2023-11-08 14:15:30,186 [INFO]  Epoch[2] Batch [0-4]	Speed: 16592.62 samples/sec	cross-entropy=8.871211	paper_time19-accuracy=0.000000
2023-11-08 14:15:30,189 [INFO]  Epoch[2] Train-cross-entropy=16.521752
2023-11-08 14:15:30,189 [INFO]  Epoch[2] Train-paper_time19-accuracy=0.000000
2023-11-08 14:15:30,189 [INFO]  Epoch[2] Time cost=0.008
2023-11-08 14:15:30,191 [INFO]  Saved checkpoint to "./imputer_model/imputer_model_paper_time19/model-0002.params"
2023-11-08 14:15:30,191 [INFO]  Epoch[2] Validation-cross-entropy=37.821930
2023-11-08 14:15:30,191 [INFO]  Epoch[2] Validation-paper_time19-accuracy=0.000000
2023-11-08 14:15:30,196 [INFO]  Epoch[3] Batch [0-4]	Speed: 17640.50 samples/sec	cross-entropy=6.171141	paper_time19-accuracy=0.000000
2023-11-08 14:15:30,199 [INFO]  Epoch[3] Train-cross-entropy=5.717706
2023-11-08 14:15:30,199 [INFO]  Epoch[3] Train-paper_time19-accuracy=0.000000
2023-11-08 14:15:30,199 [INFO]  Epoch[3] Time cost=0.008
2023-11-08 14:15:30,201 [INFO]  Saved checkpoint to "./imputer_model/imputer_model_paper_time19/model-0003.params"
2023-11-08 14:15:30,202 [INFO]  Epoch[3] Validation-cross-entropy=42.045353
2023-11-08 14:15:30,202 [INFO]  Epoch[3] Validation-paper_time19-accuracy=0.000000
2023-11-08 14:15:30,208 [INFO]  Epoch[4] Batch [0-4]	Speed: 13130.92 samples/sec	cross-entropy=3.748501	paper_time19-accuracy=0.000000
2023-11-08 14:15:30,211 [INFO]  Epoch[4] Train-cross-entropy=3.208808
2023-11-08 14:15:30,211 [INFO]  Epoch[4] Train-paper_time19-accuracy=0.000000
2023-11-08 14:15:30,211 [INFO]  Epoch[4] Time cost=0.009
2023-11-08 14:15:30,213 [INFO]  Saved checkpoint to "./imputer_model/imputer_model_paper_time19/model-0004.params"
2023-11-08 14:15:30,214 [INFO]  Epoch[4] Validation-cross-entropy=36.022316
2023-11-08 14:15:30,214 [INFO]  Epoch[4] Validation-paper_time19-accuracy=0.000000
2023-11-08 14:15:30,214 [INFO]  
========== done (0.06405854225158691 s) fit model
2023-11-08 14:29:07,008 [INFO]  
========== start: fit model
2023-11-08 14:29:07,008 [WARNING]  Already bound, ignoring bind()
2023-11-08 14:29:07,015 [INFO]  Epoch[0] Batch [0-4]	Speed: 13725.80 samples/sec	cross-entropy=19.390089	paper_time19-accuracy=4.400000
2023-11-08 14:29:07,019 [INFO]  Epoch[0] Train-cross-entropy=19.044639
2023-11-08 14:29:07,019 [INFO]  Epoch[0] Train-paper_time19-accuracy=4.500000
2023-11-08 14:29:07,019 [INFO]  Epoch[0] Time cost=0.010
2023-11-08 14:29:07,020 [INFO]  Saved checkpoint to "./imputer_model/imputer_model_paper_time19/model-0000.params"
2023-11-08 14:29:07,021 [INFO]  Epoch[0] Validation-cross-entropy=21.194630
2023-11-08 14:29:07,021 [INFO]  Epoch[0] Validation-paper_time19-accuracy=0.000000
2023-11-08 14:29:07,027 [INFO]  Epoch[1] Batch [0-4]	Speed: 14419.61 samples/sec	cross-entropy=47.751772	paper_time19-accuracy=4.400000
2023-11-08 14:29:07,030 [INFO]  Epoch[1] Train-cross-entropy=34.493736
2023-11-08 14:29:07,030 [INFO]  Epoch[1] Train-paper_time19-accuracy=4.500000
2023-11-08 14:29:07,030 [INFO]  Epoch[1] Time cost=0.009
2023-11-08 14:29:07,031 [INFO]  Saved checkpoint to "./imputer_model/imputer_model_paper_time19/model-0001.params"
2023-11-08 14:29:07,032 [INFO]  Epoch[1] Validation-cross-entropy=26.073305
2023-11-08 14:29:07,032 [INFO]  Epoch[1] Validation-paper_time19-accuracy=0.000000
2023-11-08 14:29:07,037 [INFO]  Epoch[2] Batch [0-4]	Speed: 16006.88 samples/sec	cross-entropy=6.407216	paper_time19-accuracy=4.400000
2023-11-08 14:29:07,040 [INFO]  Epoch[2] Train-cross-entropy=5.966726
2023-11-08 14:29:07,040 [INFO]  Epoch[2] Train-paper_time19-accuracy=4.500000
2023-11-08 14:29:07,040 [INFO]  Epoch[2] Time cost=0.008
2023-11-08 14:29:07,042 [INFO]  Saved checkpoint to "./imputer_model/imputer_model_paper_time19/model-0002.params"
2023-11-08 14:29:07,042 [INFO]  Epoch[2] Validation-cross-entropy=35.287666
2023-11-08 14:29:07,042 [INFO]  Epoch[2] Validation-paper_time19-accuracy=0.000000
2023-11-08 14:29:07,047 [INFO]  Epoch[3] Batch [0-4]	Speed: 16682.34 samples/sec	cross-entropy=3.918017	paper_time19-accuracy=4.400000
2023-11-08 14:29:07,050 [INFO]  Epoch[3] Train-cross-entropy=3.689812
2023-11-08 14:29:07,050 [INFO]  Epoch[3] Train-paper_time19-accuracy=4.500000
2023-11-08 14:29:07,050 [INFO]  Epoch[3] Time cost=0.008
2023-11-08 14:29:07,051 [INFO]  Saved checkpoint to "./imputer_model/imputer_model_paper_time19/model-0003.params"
2023-11-08 14:29:07,052 [INFO]  Epoch[3] Validation-cross-entropy=40.974091
2023-11-08 14:29:07,052 [INFO]  Epoch[3] Validation-paper_time19-accuracy=0.000000
2023-11-08 14:29:07,057 [INFO]  Epoch[4] Batch [0-4]	Speed: 17183.17 samples/sec	cross-entropy=1.335822	paper_time19-accuracy=4.400000
2023-11-08 14:29:07,059 [INFO]  Epoch[4] Train-cross-entropy=1.864240
2023-11-08 14:29:07,059 [INFO]  Epoch[4] Train-paper_time19-accuracy=4.500000
2023-11-08 14:29:07,060 [INFO]  Epoch[4] Time cost=0.008
2023-11-08 14:29:07,061 [INFO]  Saved checkpoint to "./imputer_model/imputer_model_paper_time19/model-0004.params"
2023-11-08 14:29:07,061 [INFO]  Epoch[4] Validation-cross-entropy=25.907820
2023-11-08 14:29:07,061 [INFO]  Epoch[4] Validation-paper_time19-accuracy=0.000000
2023-11-08 14:29:07,061 [INFO]  
========== done (0.05307960510253906 s) fit model
2023-11-08 14:43:11,890 [INFO]  
========== start: fit model
2023-11-08 14:43:11,890 [WARNING]  Already bound, ignoring bind()
2023-11-08 14:43:11,897 [INFO]  Epoch[0] Batch [0-4]	Speed: 14120.75 samples/sec	cross-entropy=20.146497	paper_time19-accuracy=4.600000
2023-11-08 14:43:11,902 [INFO]  Epoch[0] Train-cross-entropy=19.398772
2023-11-08 14:43:11,902 [INFO]  Epoch[0] Train-paper_time19-accuracy=3.750000
2023-11-08 14:43:11,902 [INFO]  Epoch[0] Time cost=0.011
2023-11-08 14:43:11,906 [INFO]  Saved checkpoint to "./imputer_model/imputer_model_paper_time19/model-0000.params"
2023-11-08 14:43:11,906 [INFO]  Epoch[0] Validation-cross-entropy=91.344330
2023-11-08 14:43:11,907 [INFO]  Epoch[0] Validation-paper_time19-accuracy=0.000000
2023-11-08 14:43:11,913 [INFO]  Epoch[1] Batch [0-4]	Speed: 13388.30 samples/sec	cross-entropy=47.945213	paper_time19-accuracy=4.600000
2023-11-08 14:43:11,916 [INFO]  Epoch[1] Train-cross-entropy=33.888140
2023-11-08 14:43:11,916 [INFO]  Epoch[1] Train-paper_time19-accuracy=3.750000
2023-11-08 14:43:11,916 [INFO]  Epoch[1] Time cost=0.010
2023-11-08 14:43:11,918 [INFO]  Saved checkpoint to "./imputer_model/imputer_model_paper_time19/model-0001.params"
2023-11-08 14:43:11,919 [INFO]  Epoch[1] Validation-cross-entropy=38.946739
2023-11-08 14:43:11,919 [INFO]  Epoch[1] Validation-paper_time19-accuracy=0.000000
2023-11-08 14:43:11,923 [INFO]  Epoch[2] Batch [0-4]	Speed: 19426.51 samples/sec	cross-entropy=12.937371	paper_time19-accuracy=4.600000
2023-11-08 14:43:11,926 [INFO]  Epoch[2] Train-cross-entropy=10.104487
2023-11-08 14:43:11,926 [INFO]  Epoch[2] Train-paper_time19-accuracy=3.750000
2023-11-08 14:43:11,926 [INFO]  Epoch[2] Time cost=0.007
2023-11-08 14:43:11,927 [INFO]  Saved checkpoint to "./imputer_model/imputer_model_paper_time19/model-0002.params"
2023-11-08 14:43:11,928 [INFO]  Epoch[2] Validation-cross-entropy=45.463982
2023-11-08 14:43:11,928 [INFO]  Epoch[2] Validation-paper_time19-accuracy=0.000000
2023-11-08 14:43:11,932 [INFO]  Epoch[3] Batch [0-4]	Speed: 19990.73 samples/sec	cross-entropy=3.196471	paper_time19-accuracy=4.600000
2023-11-08 14:43:11,934 [INFO]  Epoch[3] Train-cross-entropy=3.082126
2023-11-08 14:43:11,934 [INFO]  Epoch[3] Train-paper_time19-accuracy=3.750000
2023-11-08 14:43:11,934 [INFO]  Epoch[3] Time cost=0.007
2023-11-08 14:43:11,935 [INFO]  Saved checkpoint to "./imputer_model/imputer_model_paper_time19/model-0003.params"
2023-11-08 14:43:11,936 [INFO]  Epoch[3] Validation-cross-entropy=55.268581
2023-11-08 14:43:11,936 [INFO]  Epoch[3] Validation-paper_time19-accuracy=0.000000
2023-11-08 14:43:11,942 [INFO]  Epoch[4] Batch [0-4]	Speed: 14447.55 samples/sec	cross-entropy=1.405962	paper_time19-accuracy=4.600000
2023-11-08 14:43:11,945 [INFO]  Epoch[4] Train-cross-entropy=1.279784
2023-11-08 14:43:11,945 [INFO]  Epoch[4] Train-paper_time19-accuracy=3.750000
2023-11-08 14:43:11,945 [INFO]  Epoch[4] Time cost=0.009
2023-11-08 14:43:11,947 [INFO]  Saved checkpoint to "./imputer_model/imputer_model_paper_time19/model-0004.params"
2023-11-08 14:43:11,947 [INFO]  Epoch[4] Validation-cross-entropy=46.078590
2023-11-08 14:43:11,948 [INFO]  Epoch[4] Validation-paper_time19-accuracy=0.000000
2023-11-08 14:43:11,948 [INFO]  
========== done (0.057299137115478516 s) fit model
2023-11-08 14:57:18,328 [INFO]  
========== start: fit model
2023-11-08 14:57:18,328 [WARNING]  Already bound, ignoring bind()
2023-11-08 14:57:18,337 [INFO]  Epoch[0] Batch [0-4]	Speed: 9856.99 samples/sec	cross-entropy=21.956860	paper_time19-accuracy=3.600000
2023-11-08 14:57:18,341 [INFO]  Epoch[0] Train-cross-entropy=18.700469
2023-11-08 14:57:18,341 [INFO]  Epoch[0] Train-paper_time19-accuracy=3.375000
2023-11-08 14:57:18,341 [INFO]  Epoch[0] Time cost=0.013
2023-11-08 14:57:18,344 [INFO]  Saved checkpoint to "./imputer_model/imputer_model_paper_time19/model-0000.params"
2023-11-08 14:57:18,345 [INFO]  Epoch[0] Validation-cross-entropy=22.110260
2023-11-08 14:57:18,345 [INFO]  Epoch[0] Validation-paper_time19-accuracy=0.000000
2023-11-08 14:57:18,351 [INFO]  Epoch[1] Batch [0-4]	Speed: 13279.02 samples/sec	cross-entropy=22.886549	paper_time19-accuracy=3.600000
2023-11-08 14:57:18,355 [INFO]  Epoch[1] Train-cross-entropy=16.432912
2023-11-08 14:57:18,355 [INFO]  Epoch[1] Train-paper_time19-accuracy=3.375000
2023-11-08 14:57:18,355 [INFO]  Epoch[1] Time cost=0.010
2023-11-08 14:57:18,357 [INFO]  Saved checkpoint to "./imputer_model/imputer_model_paper_time19/model-0001.params"
2023-11-08 14:57:18,358 [INFO]  Epoch[1] Validation-cross-entropy=15.495868
2023-11-08 14:57:18,358 [INFO]  Epoch[1] Validation-paper_time19-accuracy=0.000000
2023-11-08 14:57:18,364 [INFO]  Epoch[2] Batch [0-4]	Speed: 13846.87 samples/sec	cross-entropy=6.645670	paper_time19-accuracy=3.600000
2023-11-08 14:57:18,367 [INFO]  Epoch[2] Train-cross-entropy=5.152219
2023-11-08 14:57:18,367 [INFO]  Epoch[2] Train-paper_time19-accuracy=3.375000
2023-11-08 14:57:18,367 [INFO]  Epoch[2] Time cost=0.010
2023-11-08 14:57:18,369 [INFO]  Saved checkpoint to "./imputer_model/imputer_model_paper_time19/model-0002.params"
2023-11-08 14:57:18,370 [INFO]  Epoch[2] Validation-cross-entropy=10.711894
2023-11-08 14:57:18,370 [INFO]  Epoch[2] Validation-paper_time19-accuracy=0.000000
2023-11-08 14:57:18,375 [INFO]  Epoch[3] Batch [0-4]	Speed: 14071.89 samples/sec	cross-entropy=2.812150	paper_time19-accuracy=3.600000
2023-11-08 14:57:18,379 [INFO]  Epoch[3] Train-cross-entropy=2.737124
2023-11-08 14:57:18,379 [INFO]  Epoch[3] Train-paper_time19-accuracy=3.375000
2023-11-08 14:57:18,379 [INFO]  Epoch[3] Time cost=0.009
2023-11-08 14:57:18,380 [INFO]  Saved checkpoint to "./imputer_model/imputer_model_paper_time19/model-0003.params"
2023-11-08 14:57:18,381 [INFO]  Epoch[3] Validation-cross-entropy=12.363916
2023-11-08 14:57:18,381 [INFO]  Epoch[3] Validation-paper_time19-accuracy=0.000000
2023-11-08 14:57:18,387 [INFO]  Epoch[4] Batch [0-4]	Speed: 13966.46 samples/sec	cross-entropy=1.334912	paper_time19-accuracy=3.600000
2023-11-08 14:57:18,390 [INFO]  Epoch[4] Train-cross-entropy=1.386458
2023-11-08 14:57:18,390 [INFO]  Epoch[4] Train-paper_time19-accuracy=3.375000
2023-11-08 14:57:18,391 [INFO]  Epoch[4] Time cost=0.009
2023-11-08 14:57:18,392 [INFO]  Saved checkpoint to "./imputer_model/imputer_model_paper_time19/model-0004.params"
2023-11-08 14:57:18,393 [INFO]  Epoch[4] Validation-cross-entropy=11.177229
2023-11-08 14:57:18,393 [INFO]  Epoch[4] Validation-paper_time19-accuracy=0.000000
2023-11-08 14:57:18,393 [INFO]  
========== done (0.0648188591003418 s) fit model
