2023-11-08 12:54:20,920 [INFO]  
========== start: fit model
2023-11-08 12:54:20,920 [WARNING]  Already bound, ignoring bind()
2023-11-08 12:54:21,022 [INFO]  Epoch[0] Batch [0-4]	Speed: 643.94 samples/sec	cross-entropy=22.625303	max_y_extension25-accuracy=3.800000
2023-11-08 12:54:21,026 [INFO]  Epoch[0] Train-cross-entropy=22.935901
2023-11-08 12:54:21,027 [INFO]  Epoch[0] Train-max_y_extension25-accuracy=3.125000
2023-11-08 12:54:21,027 [INFO]  Epoch[0] Time cost=0.107
2023-11-08 12:54:21,030 [INFO]  Saved checkpoint to "./imputer_model/imputer_model_max_y_extension25/model-0000.params"
2023-11-08 12:54:21,031 [INFO]  Epoch[0] Validation-cross-entropy=15.602562
2023-11-08 12:54:21,031 [INFO]  Epoch[0] Validation-max_y_extension25-accuracy=0.000000
2023-11-08 12:54:21,090 [INFO]  Epoch[1] Batch [0-4]	Speed: 1334.45 samples/sec	cross-entropy=32.052003	max_y_extension25-accuracy=3.800000
2023-11-08 12:54:21,121 [INFO]  Epoch[1] Train-cross-entropy=23.311786
2023-11-08 12:54:21,121 [INFO]  Epoch[1] Train-max_y_extension25-accuracy=3.125000
2023-11-08 12:54:21,121 [INFO]  Epoch[1] Time cost=0.090
2023-11-08 12:54:21,136 [INFO]  Saved checkpoint to "./imputer_model/imputer_model_max_y_extension25/model-0001.params"
2023-11-08 12:54:21,137 [INFO]  Epoch[1] Validation-cross-entropy=17.041838
2023-11-08 12:54:21,137 [INFO]  Epoch[1] Validation-max_y_extension25-accuracy=0.000000
2023-11-08 12:54:21,148 [INFO]  Epoch[2] Batch [0-4]	Speed: 6611.87 samples/sec	cross-entropy=8.050994	max_y_extension25-accuracy=3.800000
2023-11-08 12:54:21,159 [INFO]  Epoch[2] Train-cross-entropy=5.624062
2023-11-08 12:54:21,159 [INFO]  Epoch[2] Train-max_y_extension25-accuracy=3.125000
2023-11-08 12:54:21,159 [INFO]  Epoch[2] Time cost=0.022
2023-11-08 12:54:21,161 [INFO]  Saved checkpoint to "./imputer_model/imputer_model_max_y_extension25/model-0002.params"
2023-11-08 12:54:21,162 [INFO]  Epoch[2] Validation-cross-entropy=19.201923
2023-11-08 12:54:21,162 [INFO]  Epoch[2] Validation-max_y_extension25-accuracy=0.000000
2023-11-08 12:54:21,205 [INFO]  Epoch[3] Batch [0-4]	Speed: 3423.97 samples/sec	cross-entropy=2.632828	max_y_extension25-accuracy=3.800000
2023-11-08 12:54:21,251 [INFO]  Epoch[3] Train-cross-entropy=2.304864
2023-11-08 12:54:21,251 [INFO]  Epoch[3] Train-max_y_extension25-accuracy=3.125000
2023-11-08 12:54:21,252 [INFO]  Epoch[3] Time cost=0.089
2023-11-08 12:54:21,255 [INFO]  Saved checkpoint to "./imputer_model/imputer_model_max_y_extension25/model-0003.params"
2023-11-08 12:54:21,260 [INFO]  Epoch[3] Validation-cross-entropy=16.735176
2023-11-08 12:54:21,261 [INFO]  Epoch[3] Validation-max_y_extension25-accuracy=0.000000
2023-11-08 12:54:21,294 [INFO]  Epoch[4] Batch [0-4]	Speed: 2128.90 samples/sec	cross-entropy=1.545484	max_y_extension25-accuracy=3.800000
2023-11-08 12:54:21,320 [INFO]  Epoch[4] Train-cross-entropy=1.318463
2023-11-08 12:54:21,320 [INFO]  Epoch[4] Train-max_y_extension25-accuracy=3.125000
2023-11-08 12:54:21,320 [INFO]  Epoch[4] Time cost=0.059
2023-11-08 12:54:21,323 [INFO]  Saved checkpoint to "./imputer_model/imputer_model_max_y_extension25/model-0004.params"
2023-11-08 12:54:21,340 [INFO]  Epoch[4] Validation-cross-entropy=18.397129
2023-11-08 12:54:21,340 [INFO]  Epoch[4] Validation-max_y_extension25-accuracy=0.000000
2023-11-08 12:54:21,340 [INFO]  
========== done (0.420595645904541 s) fit model
2023-11-08 13:10:14,502 [INFO]  
========== start: fit model
2023-11-08 13:10:14,503 [WARNING]  Already bound, ignoring bind()
2023-11-08 13:10:14,510 [INFO]  Epoch[0] Batch [0-4]	Speed: 14484.19 samples/sec	cross-entropy=13.572113	max_y_extension25-accuracy=0.000000
2023-11-08 13:10:14,513 [INFO]  Epoch[0] Train-cross-entropy=21.578500
2023-11-08 13:10:14,513 [INFO]  Epoch[0] Train-max_y_extension25-accuracy=0.000000
2023-11-08 13:10:14,513 [INFO]  Epoch[0] Time cost=0.010
2023-11-08 13:10:14,527 [INFO]  Saved checkpoint to "./imputer_model/imputer_model_max_y_extension25/model-0000.params"
2023-11-08 13:10:14,528 [INFO]  Epoch[0] Validation-cross-entropy=28.932957
2023-11-08 13:10:14,528 [INFO]  Epoch[0] Validation-max_y_extension25-accuracy=0.000000
2023-11-08 13:10:14,534 [INFO]  Epoch[1] Batch [0-4]	Speed: 14050.53 samples/sec	cross-entropy=27.525978	max_y_extension25-accuracy=0.000000
2023-11-08 13:10:14,538 [INFO]  Epoch[1] Train-cross-entropy=24.351303
2023-11-08 13:10:14,538 [INFO]  Epoch[1] Train-max_y_extension25-accuracy=0.000000
2023-11-08 13:10:14,538 [INFO]  Epoch[1] Time cost=0.010
2023-11-08 13:10:14,540 [INFO]  Saved checkpoint to "./imputer_model/imputer_model_max_y_extension25/model-0001.params"
2023-11-08 13:10:14,541 [INFO]  Epoch[1] Validation-cross-entropy=13.793227
2023-11-08 13:10:14,541 [INFO]  Epoch[1] Validation-max_y_extension25-accuracy=0.000000
2023-11-08 13:10:14,547 [INFO]  Epoch[2] Batch [0-4]	Speed: 12893.15 samples/sec	cross-entropy=3.514264	max_y_extension25-accuracy=0.000000
2023-11-08 13:10:14,551 [INFO]  Epoch[2] Train-cross-entropy=3.342102
2023-11-08 13:10:14,551 [INFO]  Epoch[2] Train-max_y_extension25-accuracy=0.000000
2023-11-08 13:10:14,551 [INFO]  Epoch[2] Time cost=0.010
2023-11-08 13:10:14,553 [INFO]  Saved checkpoint to "./imputer_model/imputer_model_max_y_extension25/model-0002.params"
2023-11-08 13:10:14,553 [INFO]  Epoch[2] Validation-cross-entropy=11.844602
2023-11-08 13:10:14,553 [INFO]  Epoch[2] Validation-max_y_extension25-accuracy=0.000000
2023-11-08 13:10:14,560 [INFO]  Epoch[3] Batch [0-4]	Speed: 11505.53 samples/sec	cross-entropy=1.828776	max_y_extension25-accuracy=0.000000
2023-11-08 13:10:14,565 [INFO]  Epoch[3] Train-cross-entropy=1.949200
2023-11-08 13:10:14,565 [INFO]  Epoch[3] Train-max_y_extension25-accuracy=0.000000
2023-11-08 13:10:14,565 [INFO]  Epoch[3] Time cost=0.012
2023-11-08 13:10:14,568 [INFO]  Saved checkpoint to "./imputer_model/imputer_model_max_y_extension25/model-0003.params"
2023-11-08 13:10:14,569 [INFO]  Epoch[3] Validation-cross-entropy=13.169436
2023-11-08 13:10:14,569 [INFO]  Epoch[3] Validation-max_y_extension25-accuracy=0.000000
2023-11-08 13:10:14,574 [INFO]  Epoch[4] Batch [0-4]	Speed: 15097.61 samples/sec	cross-entropy=0.808894	max_y_extension25-accuracy=0.000000
2023-11-08 13:10:14,577 [INFO]  Epoch[4] Train-cross-entropy=0.721271
2023-11-08 13:10:14,577 [INFO]  Epoch[4] Train-max_y_extension25-accuracy=0.000000
2023-11-08 13:10:14,577 [INFO]  Epoch[4] Time cost=0.009
2023-11-08 13:10:14,579 [INFO]  Saved checkpoint to "./imputer_model/imputer_model_max_y_extension25/model-0004.params"
2023-11-08 13:10:14,580 [INFO]  Epoch[4] Validation-cross-entropy=14.740742
2023-11-08 13:10:14,580 [INFO]  Epoch[4] Validation-max_y_extension25-accuracy=0.000000
2023-11-08 13:10:14,580 [INFO]  
========== done (0.07757902145385742 s) fit model
2023-11-08 13:23:30,923 [INFO]  
========== start: fit model
2023-11-08 13:23:30,923 [WARNING]  Already bound, ignoring bind()
2023-11-08 13:23:30,930 [INFO]  Epoch[0] Batch [0-4]	Speed: 14019.71 samples/sec	cross-entropy=22.747740	max_y_extension25-accuracy=0.000000
2023-11-08 13:23:30,933 [INFO]  Epoch[0] Train-cross-entropy=25.744044
2023-11-08 13:23:30,933 [INFO]  Epoch[0] Train-max_y_extension25-accuracy=0.000000
2023-11-08 13:23:30,933 [INFO]  Epoch[0] Time cost=0.010
2023-11-08 13:23:30,935 [INFO]  Saved checkpoint to "./imputer_model/imputer_model_max_y_extension25/model-0000.params"
2023-11-08 13:23:30,935 [INFO]  Epoch[0] Validation-cross-entropy=95.611465
2023-11-08 13:23:30,935 [INFO]  Epoch[0] Validation-max_y_extension25-accuracy=0.000000
2023-11-08 13:23:30,940 [INFO]  Epoch[1] Batch [0-4]	Speed: 15332.16 samples/sec	cross-entropy=33.575574	max_y_extension25-accuracy=0.000000
2023-11-08 13:23:30,944 [INFO]  Epoch[1] Train-cross-entropy=28.687174
2023-11-08 13:23:30,944 [INFO]  Epoch[1] Train-max_y_extension25-accuracy=0.000000
2023-11-08 13:23:30,944 [INFO]  Epoch[1] Time cost=0.009
2023-11-08 13:23:30,948 [INFO]  Saved checkpoint to "./imputer_model/imputer_model_max_y_extension25/model-0001.params"
2023-11-08 13:23:30,949 [INFO]  Epoch[1] Validation-cross-entropy=72.354027
2023-11-08 13:23:30,949 [INFO]  Epoch[1] Validation-max_y_extension25-accuracy=0.000000
2023-11-08 13:23:30,957 [INFO]  Epoch[2] Batch [0-4]	Speed: 11283.54 samples/sec	cross-entropy=8.140442	max_y_extension25-accuracy=0.000000
2023-11-08 13:23:30,961 [INFO]  Epoch[2] Train-cross-entropy=8.813605
2023-11-08 13:23:30,961 [INFO]  Epoch[2] Train-max_y_extension25-accuracy=0.000000
2023-11-08 13:23:30,961 [INFO]  Epoch[2] Time cost=0.012
2023-11-08 13:23:30,963 [INFO]  Saved checkpoint to "./imputer_model/imputer_model_max_y_extension25/model-0002.params"
2023-11-08 13:23:30,964 [INFO]  Epoch[2] Validation-cross-entropy=59.921429
2023-11-08 13:23:30,964 [INFO]  Epoch[2] Validation-max_y_extension25-accuracy=0.000000
2023-11-08 13:23:30,971 [INFO]  Epoch[3] Batch [0-4]	Speed: 12385.71 samples/sec	cross-entropy=5.532720	max_y_extension25-accuracy=0.000000
2023-11-08 13:23:30,975 [INFO]  Epoch[3] Train-cross-entropy=5.048839
2023-11-08 13:23:30,975 [INFO]  Epoch[3] Train-max_y_extension25-accuracy=0.000000
2023-11-08 13:23:30,975 [INFO]  Epoch[3] Time cost=0.011
2023-11-08 13:23:30,977 [INFO]  Saved checkpoint to "./imputer_model/imputer_model_max_y_extension25/model-0003.params"
2023-11-08 13:23:30,977 [INFO]  Epoch[3] Validation-cross-entropy=54.743450
2023-11-08 13:23:30,978 [INFO]  Epoch[3] Validation-max_y_extension25-accuracy=0.000000
2023-11-08 13:23:30,984 [INFO]  Epoch[4] Batch [0-4]	Speed: 13419.76 samples/sec	cross-entropy=1.167442	max_y_extension25-accuracy=0.000000
2023-11-08 13:23:30,987 [INFO]  Epoch[4] Train-cross-entropy=1.418484
2023-11-08 13:23:30,987 [INFO]  Epoch[4] Train-max_y_extension25-accuracy=0.000000
2023-11-08 13:23:30,987 [INFO]  Epoch[4] Time cost=0.010
2023-11-08 13:23:30,989 [INFO]  Saved checkpoint to "./imputer_model/imputer_model_max_y_extension25/model-0004.params"
2023-11-08 13:23:30,989 [INFO]  Epoch[4] Validation-cross-entropy=66.148750
2023-11-08 13:23:30,989 [INFO]  Epoch[4] Validation-max_y_extension25-accuracy=0.000000
2023-11-08 13:23:30,989 [INFO]  
========== done (0.06670808792114258 s) fit model
2023-11-08 13:36:50,368 [INFO]  
========== start: fit model
2023-11-08 13:36:50,368 [WARNING]  Already bound, ignoring bind()
2023-11-08 13:36:50,375 [INFO]  Epoch[0] Batch [0-4]	Speed: 13911.46 samples/sec	cross-entropy=23.576984	max_y_extension25-accuracy=3.000000
2023-11-08 13:36:50,378 [INFO]  Epoch[0] Train-cross-entropy=25.338781
2023-11-08 13:36:50,378 [INFO]  Epoch[0] Train-max_y_extension25-accuracy=3.000000
2023-11-08 13:36:50,378 [INFO]  Epoch[0] Time cost=0.010
2023-11-08 13:36:50,380 [INFO]  Saved checkpoint to "./imputer_model/imputer_model_max_y_extension25/model-0000.params"
2023-11-08 13:36:50,380 [INFO]  Epoch[0] Validation-cross-entropy=45.944248
2023-11-08 13:36:50,380 [INFO]  Epoch[0] Validation-max_y_extension25-accuracy=0.000000
2023-11-08 13:36:50,385 [INFO]  Epoch[1] Batch [0-4]	Speed: 14807.78 samples/sec	cross-entropy=32.818939	max_y_extension25-accuracy=3.000000
2023-11-08 13:36:50,390 [INFO]  Epoch[1] Train-cross-entropy=32.483068
2023-11-08 13:36:50,390 [INFO]  Epoch[1] Train-max_y_extension25-accuracy=3.000000
2023-11-08 13:36:50,390 [INFO]  Epoch[1] Time cost=0.010
2023-11-08 13:36:50,393 [INFO]  Saved checkpoint to "./imputer_model/imputer_model_max_y_extension25/model-0001.params"
2023-11-08 13:36:50,394 [INFO]  Epoch[1] Validation-cross-entropy=14.006949
2023-11-08 13:36:50,395 [INFO]  Epoch[1] Validation-max_y_extension25-accuracy=0.000000
2023-11-08 13:36:50,401 [INFO]  Epoch[2] Batch [0-4]	Speed: 14206.69 samples/sec	cross-entropy=9.648080	max_y_extension25-accuracy=3.000000
2023-11-08 13:36:50,404 [INFO]  Epoch[2] Train-cross-entropy=7.863049
2023-11-08 13:36:50,404 [INFO]  Epoch[2] Train-max_y_extension25-accuracy=3.000000
2023-11-08 13:36:50,404 [INFO]  Epoch[2] Time cost=0.010
2023-11-08 13:36:50,406 [INFO]  Saved checkpoint to "./imputer_model/imputer_model_max_y_extension25/model-0002.params"
2023-11-08 13:36:50,407 [INFO]  Epoch[2] Validation-cross-entropy=17.988768
2023-11-08 13:36:50,407 [INFO]  Epoch[2] Validation-max_y_extension25-accuracy=0.000000
2023-11-08 13:36:50,412 [INFO]  Epoch[3] Batch [0-4]	Speed: 17918.39 samples/sec	cross-entropy=3.252516	max_y_extension25-accuracy=3.000000
2023-11-08 13:36:50,415 [INFO]  Epoch[3] Train-cross-entropy=3.299861
2023-11-08 13:36:50,415 [INFO]  Epoch[3] Train-max_y_extension25-accuracy=3.000000
2023-11-08 13:36:50,415 [INFO]  Epoch[3] Time cost=0.008
2023-11-08 13:36:50,417 [INFO]  Saved checkpoint to "./imputer_model/imputer_model_max_y_extension25/model-0003.params"
2023-11-08 13:36:50,417 [INFO]  Epoch[3] Validation-cross-entropy=14.298627
2023-11-08 13:36:50,417 [INFO]  Epoch[3] Validation-max_y_extension25-accuracy=0.000000
2023-11-08 13:36:50,422 [INFO]  Epoch[4] Batch [0-4]	Speed: 16681.30 samples/sec	cross-entropy=1.395452	max_y_extension25-accuracy=3.000000
2023-11-08 13:36:50,425 [INFO]  Epoch[4] Train-cross-entropy=1.249888
2023-11-08 13:36:50,425 [INFO]  Epoch[4] Train-max_y_extension25-accuracy=3.000000
2023-11-08 13:36:50,425 [INFO]  Epoch[4] Time cost=0.008
2023-11-08 13:36:50,426 [INFO]  Saved checkpoint to "./imputer_model/imputer_model_max_y_extension25/model-0004.params"
2023-11-08 13:36:50,427 [INFO]  Epoch[4] Validation-cross-entropy=13.158617
2023-11-08 13:36:50,427 [INFO]  Epoch[4] Validation-max_y_extension25-accuracy=0.000000
2023-11-08 13:36:50,427 [INFO]  
========== done (0.059108734130859375 s) fit model
2023-11-08 13:50:11,349 [INFO]  
========== start: fit model
2023-11-08 13:50:11,349 [WARNING]  Already bound, ignoring bind()
2023-11-08 13:50:11,356 [INFO]  Epoch[0] Batch [0-4]	Speed: 14134.88 samples/sec	cross-entropy=20.526752	max_y_extension25-accuracy=3.800000
2023-11-08 13:50:11,359 [INFO]  Epoch[0] Train-cross-entropy=21.498884
2023-11-08 13:50:11,359 [INFO]  Epoch[0] Train-max_y_extension25-accuracy=2.875000
2023-11-08 13:50:11,359 [INFO]  Epoch[0] Time cost=0.010
2023-11-08 13:50:11,360 [INFO]  Saved checkpoint to "./imputer_model/imputer_model_max_y_extension25/model-0000.params"
2023-11-08 13:50:11,361 [INFO]  Epoch[0] Validation-cross-entropy=32.796989
2023-11-08 13:50:11,361 [INFO]  Epoch[0] Validation-max_y_extension25-accuracy=0.000000
2023-11-08 13:50:11,366 [INFO]  Epoch[1] Batch [0-4]	Speed: 15742.17 samples/sec	cross-entropy=41.930333	max_y_extension25-accuracy=3.800000
2023-11-08 13:50:11,369 [INFO]  Epoch[1] Train-cross-entropy=36.518170
2023-11-08 13:50:11,370 [INFO]  Epoch[1] Train-max_y_extension25-accuracy=2.875000
2023-11-08 13:50:11,370 [INFO]  Epoch[1] Time cost=0.009
2023-11-08 13:50:11,371 [INFO]  Saved checkpoint to "./imputer_model/imputer_model_max_y_extension25/model-0001.params"
2023-11-08 13:50:11,371 [INFO]  Epoch[1] Validation-cross-entropy=24.662746
2023-11-08 13:50:11,371 [INFO]  Epoch[1] Validation-max_y_extension25-accuracy=0.000000
2023-11-08 13:50:11,376 [INFO]  Epoch[2] Batch [0-4]	Speed: 16104.84 samples/sec	cross-entropy=10.866160	max_y_extension25-accuracy=3.800000
2023-11-08 13:50:11,379 [INFO]  Epoch[2] Train-cross-entropy=10.088763
2023-11-08 13:50:11,379 [INFO]  Epoch[2] Train-max_y_extension25-accuracy=2.875000
2023-11-08 13:50:11,379 [INFO]  Epoch[2] Time cost=0.008
2023-11-08 13:50:11,381 [INFO]  Saved checkpoint to "./imputer_model/imputer_model_max_y_extension25/model-0002.params"
2023-11-08 13:50:11,381 [INFO]  Epoch[2] Validation-cross-entropy=9.777067
2023-11-08 13:50:11,381 [INFO]  Epoch[2] Validation-max_y_extension25-accuracy=0.000000
2023-11-08 13:50:11,387 [INFO]  Epoch[3] Batch [0-4]	Speed: 14401.82 samples/sec	cross-entropy=10.931580	max_y_extension25-accuracy=3.800000
2023-11-08 13:50:11,390 [INFO]  Epoch[3] Train-cross-entropy=8.021460
2023-11-08 13:50:11,390 [INFO]  Epoch[3] Train-max_y_extension25-accuracy=2.875000
2023-11-08 13:50:11,390 [INFO]  Epoch[3] Time cost=0.009
2023-11-08 13:50:11,391 [INFO]  Saved checkpoint to "./imputer_model/imputer_model_max_y_extension25/model-0003.params"
2023-11-08 13:50:11,392 [INFO]  Epoch[3] Validation-cross-entropy=19.854893
2023-11-08 13:50:11,392 [INFO]  Epoch[3] Validation-max_y_extension25-accuracy=0.000000
2023-11-08 13:50:11,396 [INFO]  Epoch[4] Batch [0-4]	Speed: 18738.95 samples/sec	cross-entropy=3.483787	max_y_extension25-accuracy=3.800000
2023-11-08 13:50:11,399 [INFO]  Epoch[4] Train-cross-entropy=2.667016
2023-11-08 13:50:11,399 [INFO]  Epoch[4] Train-max_y_extension25-accuracy=2.875000
2023-11-08 13:50:11,399 [INFO]  Epoch[4] Time cost=0.007
2023-11-08 13:50:11,401 [INFO]  Saved checkpoint to "./imputer_model/imputer_model_max_y_extension25/model-0004.params"
2023-11-08 13:50:11,401 [INFO]  Epoch[4] Validation-cross-entropy=17.936142
2023-11-08 13:50:11,401 [INFO]  Epoch[4] Validation-max_y_extension25-accuracy=0.000000
2023-11-08 13:50:11,401 [INFO]  
========== done (0.05260872840881348 s) fit model
2023-11-08 14:03:33,842 [INFO]  
========== start: fit model
2023-11-08 14:03:33,842 [WARNING]  Already bound, ignoring bind()
2023-11-08 14:03:33,851 [INFO]  Epoch[0] Batch [0-4]	Speed: 10789.64 samples/sec	cross-entropy=21.835847	max_y_extension25-accuracy=2.800000
2023-11-08 14:03:33,855 [INFO]  Epoch[0] Train-cross-entropy=20.089509
2023-11-08 14:03:33,855 [INFO]  Epoch[0] Train-max_y_extension25-accuracy=2.750000
2023-11-08 14:03:33,855 [INFO]  Epoch[0] Time cost=0.013
2023-11-08 14:03:33,858 [INFO]  Saved checkpoint to "./imputer_model/imputer_model_max_y_extension25/model-0000.params"
2023-11-08 14:03:33,859 [INFO]  Epoch[0] Validation-cross-entropy=19.588978
2023-11-08 14:03:33,859 [INFO]  Epoch[0] Validation-max_y_extension25-accuracy=0.000000
2023-11-08 14:03:33,864 [INFO]  Epoch[1] Batch [0-4]	Speed: 15452.19 samples/sec	cross-entropy=35.663302	max_y_extension25-accuracy=2.800000
2023-11-08 14:03:33,867 [INFO]  Epoch[1] Train-cross-entropy=32.440937
2023-11-08 14:03:33,867 [INFO]  Epoch[1] Train-max_y_extension25-accuracy=2.750000
2023-11-08 14:03:33,867 [INFO]  Epoch[1] Time cost=0.009
2023-11-08 14:03:33,869 [INFO]  Saved checkpoint to "./imputer_model/imputer_model_max_y_extension25/model-0001.params"
2023-11-08 14:03:33,870 [INFO]  Epoch[1] Validation-cross-entropy=20.757986
2023-11-08 14:03:33,870 [INFO]  Epoch[1] Validation-max_y_extension25-accuracy=0.000000
2023-11-08 14:03:33,874 [INFO]  Epoch[2] Batch [0-4]	Speed: 20445.99 samples/sec	cross-entropy=10.198625	max_y_extension25-accuracy=2.800000
2023-11-08 14:03:33,876 [INFO]  Epoch[2] Train-cross-entropy=12.442543
2023-11-08 14:03:33,876 [INFO]  Epoch[2] Train-max_y_extension25-accuracy=2.750000
2023-11-08 14:03:33,876 [INFO]  Epoch[2] Time cost=0.007
2023-11-08 14:03:33,878 [INFO]  Saved checkpoint to "./imputer_model/imputer_model_max_y_extension25/model-0002.params"
2023-11-08 14:03:33,878 [INFO]  Epoch[2] Validation-cross-entropy=22.380554
2023-11-08 14:03:33,878 [INFO]  Epoch[2] Validation-max_y_extension25-accuracy=0.000000
2023-11-08 14:03:33,882 [INFO]  Epoch[3] Batch [0-4]	Speed: 20846.12 samples/sec	cross-entropy=3.856566	max_y_extension25-accuracy=2.800000
2023-11-08 14:03:33,884 [INFO]  Epoch[3] Train-cross-entropy=4.215176
2023-11-08 14:03:33,885 [INFO]  Epoch[3] Train-max_y_extension25-accuracy=2.750000
2023-11-08 14:03:33,885 [INFO]  Epoch[3] Time cost=0.006
2023-11-08 14:03:33,886 [INFO]  Saved checkpoint to "./imputer_model/imputer_model_max_y_extension25/model-0003.params"
2023-11-08 14:03:33,886 [INFO]  Epoch[3] Validation-cross-entropy=16.205252
2023-11-08 14:03:33,886 [INFO]  Epoch[3] Validation-max_y_extension25-accuracy=0.000000
2023-11-08 14:03:33,890 [INFO]  Epoch[4] Batch [0-4]	Speed: 19370.43 samples/sec	cross-entropy=2.610969	max_y_extension25-accuracy=2.800000
2023-11-08 14:03:33,894 [INFO]  Epoch[4] Train-cross-entropy=2.107951
2023-11-08 14:03:33,894 [INFO]  Epoch[4] Train-max_y_extension25-accuracy=2.750000
2023-11-08 14:03:33,894 [INFO]  Epoch[4] Time cost=0.008
2023-11-08 14:03:33,897 [INFO]  Saved checkpoint to "./imputer_model/imputer_model_max_y_extension25/model-0004.params"
2023-11-08 14:03:33,897 [INFO]  Epoch[4] Validation-cross-entropy=13.549383
2023-11-08 14:03:33,897 [INFO]  Epoch[4] Validation-max_y_extension25-accuracy=0.000000
2023-11-08 14:03:33,897 [INFO]  
========== done (0.05581164360046387 s) fit model
2023-11-08 14:17:00,505 [INFO]  
========== start: fit model
2023-11-08 14:17:00,505 [WARNING]  Already bound, ignoring bind()
2023-11-08 14:17:00,512 [INFO]  Epoch[0] Batch [0-4]	Speed: 14111.84 samples/sec	cross-entropy=16.929918	max_y_extension25-accuracy=3.800000
2023-11-08 14:17:00,516 [INFO]  Epoch[0] Train-cross-entropy=17.969608
2023-11-08 14:17:00,516 [INFO]  Epoch[0] Train-max_y_extension25-accuracy=3.000000
2023-11-08 14:17:00,516 [INFO]  Epoch[0] Time cost=0.010
2023-11-08 14:17:00,520 [INFO]  Saved checkpoint to "./imputer_model/imputer_model_max_y_extension25/model-0000.params"
2023-11-08 14:17:00,521 [INFO]  Epoch[0] Validation-cross-entropy=31.022881
2023-11-08 14:17:00,521 [INFO]  Epoch[0] Validation-max_y_extension25-accuracy=0.000000
2023-11-08 14:17:00,529 [INFO]  Epoch[1] Batch [0-4]	Speed: 10715.13 samples/sec	cross-entropy=27.499676	max_y_extension25-accuracy=3.800000
2023-11-08 14:17:00,533 [INFO]  Epoch[1] Train-cross-entropy=40.334441
2023-11-08 14:17:00,533 [INFO]  Epoch[1] Train-max_y_extension25-accuracy=3.000000
2023-11-08 14:17:00,533 [INFO]  Epoch[1] Time cost=0.012
2023-11-08 14:17:00,535 [INFO]  Saved checkpoint to "./imputer_model/imputer_model_max_y_extension25/model-0001.params"
2023-11-08 14:17:00,536 [INFO]  Epoch[1] Validation-cross-entropy=32.023594
2023-11-08 14:17:00,536 [INFO]  Epoch[1] Validation-max_y_extension25-accuracy=0.000000
2023-11-08 14:17:00,542 [INFO]  Epoch[2] Batch [0-4]	Speed: 15505.74 samples/sec	cross-entropy=5.223559	max_y_extension25-accuracy=3.800000
2023-11-08 14:17:00,545 [INFO]  Epoch[2] Train-cross-entropy=11.353612
2023-11-08 14:17:00,545 [INFO]  Epoch[2] Train-max_y_extension25-accuracy=3.000000
2023-11-08 14:17:00,545 [INFO]  Epoch[2] Time cost=0.009
2023-11-08 14:17:00,546 [INFO]  Saved checkpoint to "./imputer_model/imputer_model_max_y_extension25/model-0002.params"
2023-11-08 14:17:00,547 [INFO]  Epoch[2] Validation-cross-entropy=24.719463
2023-11-08 14:17:00,547 [INFO]  Epoch[2] Validation-max_y_extension25-accuracy=0.000000
2023-11-08 14:17:00,552 [INFO]  Epoch[3] Batch [0-4]	Speed: 16222.61 samples/sec	cross-entropy=5.071811	max_y_extension25-accuracy=3.800000
2023-11-08 14:17:00,555 [INFO]  Epoch[3] Train-cross-entropy=5.200825
2023-11-08 14:17:00,555 [INFO]  Epoch[3] Train-max_y_extension25-accuracy=3.000000
2023-11-08 14:17:00,555 [INFO]  Epoch[3] Time cost=0.008
2023-11-08 14:17:00,556 [INFO]  Saved checkpoint to "./imputer_model/imputer_model_max_y_extension25/model-0003.params"
2023-11-08 14:17:00,557 [INFO]  Epoch[3] Validation-cross-entropy=19.564552
2023-11-08 14:17:00,557 [INFO]  Epoch[3] Validation-max_y_extension25-accuracy=0.000000
2023-11-08 14:17:00,562 [INFO]  Epoch[4] Batch [0-4]	Speed: 15817.30 samples/sec	cross-entropy=2.968723	max_y_extension25-accuracy=3.800000
2023-11-08 14:17:00,565 [INFO]  Epoch[4] Train-cross-entropy=2.493930
2023-11-08 14:17:00,565 [INFO]  Epoch[4] Train-max_y_extension25-accuracy=3.000000
2023-11-08 14:17:00,565 [INFO]  Epoch[4] Time cost=0.008
2023-11-08 14:17:00,566 [INFO]  Saved checkpoint to "./imputer_model/imputer_model_max_y_extension25/model-0004.params"
2023-11-08 14:17:00,567 [INFO]  Epoch[4] Validation-cross-entropy=22.176689
2023-11-08 14:17:00,567 [INFO]  Epoch[4] Validation-max_y_extension25-accuracy=0.000000
2023-11-08 14:17:00,567 [INFO]  
========== done (0.06190848350524902 s) fit model
2023-11-08 14:30:40,005 [INFO]  
========== start: fit model
2023-11-08 14:30:40,006 [WARNING]  Already bound, ignoring bind()
2023-11-08 14:30:40,015 [INFO]  Epoch[0] Batch [0-4]	Speed: 9513.93 samples/sec	cross-entropy=17.051999	max_y_extension25-accuracy=3.800000
2023-11-08 14:30:40,021 [INFO]  Epoch[0] Train-cross-entropy=19.276370
2023-11-08 14:30:40,021 [INFO]  Epoch[0] Train-max_y_extension25-accuracy=3.000000
2023-11-08 14:30:40,021 [INFO]  Epoch[0] Time cost=0.015
2023-11-08 14:30:40,024 [INFO]  Saved checkpoint to "./imputer_model/imputer_model_max_y_extension25/model-0000.params"
2023-11-08 14:30:40,025 [INFO]  Epoch[0] Validation-cross-entropy=59.468910
2023-11-08 14:30:40,025 [INFO]  Epoch[0] Validation-max_y_extension25-accuracy=0.000000
2023-11-08 14:30:40,033 [INFO]  Epoch[1] Batch [0-4]	Speed: 11930.99 samples/sec	cross-entropy=34.725653	max_y_extension25-accuracy=3.800000
2023-11-08 14:30:40,036 [INFO]  Epoch[1] Train-cross-entropy=28.112933
2023-11-08 14:30:40,036 [INFO]  Epoch[1] Train-max_y_extension25-accuracy=3.000000
2023-11-08 14:30:40,036 [INFO]  Epoch[1] Time cost=0.011
2023-11-08 14:30:40,039 [INFO]  Saved checkpoint to "./imputer_model/imputer_model_max_y_extension25/model-0001.params"
2023-11-08 14:30:40,039 [INFO]  Epoch[1] Validation-cross-entropy=27.311247
2023-11-08 14:30:40,040 [INFO]  Epoch[1] Validation-max_y_extension25-accuracy=0.000000
2023-11-08 14:30:40,045 [INFO]  Epoch[2] Batch [0-4]	Speed: 15671.40 samples/sec	cross-entropy=7.709644	max_y_extension25-accuracy=3.800000
2023-11-08 14:30:40,048 [INFO]  Epoch[2] Train-cross-entropy=7.556260
2023-11-08 14:30:40,048 [INFO]  Epoch[2] Train-max_y_extension25-accuracy=3.000000
2023-11-08 14:30:40,048 [INFO]  Epoch[2] Time cost=0.008
2023-11-08 14:30:40,050 [INFO]  Saved checkpoint to "./imputer_model/imputer_model_max_y_extension25/model-0002.params"
2023-11-08 14:30:40,050 [INFO]  Epoch[2] Validation-cross-entropy=66.162300
2023-11-08 14:30:40,050 [INFO]  Epoch[2] Validation-max_y_extension25-accuracy=0.000000
2023-11-08 14:30:40,056 [INFO]  Epoch[3] Batch [0-4]	Speed: 13829.75 samples/sec	cross-entropy=4.109782	max_y_extension25-accuracy=3.800000
2023-11-08 14:30:40,061 [INFO]  Epoch[3] Train-cross-entropy=3.725531
2023-11-08 14:30:40,061 [INFO]  Epoch[3] Train-max_y_extension25-accuracy=3.000000
2023-11-08 14:30:40,061 [INFO]  Epoch[3] Time cost=0.011
2023-11-08 14:30:40,064 [INFO]  Saved checkpoint to "./imputer_model/imputer_model_max_y_extension25/model-0003.params"
2023-11-08 14:30:40,064 [INFO]  Epoch[3] Validation-cross-entropy=66.944618
2023-11-08 14:30:40,064 [INFO]  Epoch[3] Validation-max_y_extension25-accuracy=0.000000
2023-11-08 14:30:40,071 [INFO]  Epoch[4] Batch [0-4]	Speed: 11896.63 samples/sec	cross-entropy=3.223475	max_y_extension25-accuracy=3.800000
2023-11-08 14:30:40,075 [INFO]  Epoch[4] Train-cross-entropy=2.315627
2023-11-08 14:30:40,075 [INFO]  Epoch[4] Train-max_y_extension25-accuracy=3.000000
2023-11-08 14:30:40,075 [INFO]  Epoch[4] Time cost=0.011
2023-11-08 14:30:40,077 [INFO]  Saved checkpoint to "./imputer_model/imputer_model_max_y_extension25/model-0004.params"
2023-11-08 14:30:40,078 [INFO]  Epoch[4] Validation-cross-entropy=48.672222
2023-11-08 14:30:40,078 [INFO]  Epoch[4] Validation-max_y_extension25-accuracy=0.000000
2023-11-08 14:30:40,078 [INFO]  
========== done (0.07227253913879395 s) fit model
2023-11-08 14:44:45,301 [INFO]  
========== start: fit model
2023-11-08 14:44:45,301 [WARNING]  Already bound, ignoring bind()
2023-11-08 14:44:45,308 [INFO]  Epoch[0] Batch [0-4]	Speed: 14224.76 samples/sec	cross-entropy=27.347696	max_y_extension25-accuracy=2.800000
2023-11-08 14:44:45,312 [INFO]  Epoch[0] Train-cross-entropy=22.315173
2023-11-08 14:44:45,312 [INFO]  Epoch[0] Train-max_y_extension25-accuracy=3.000000
2023-11-08 14:44:45,312 [INFO]  Epoch[0] Time cost=0.010
2023-11-08 14:44:45,313 [INFO]  Saved checkpoint to "./imputer_model/imputer_model_max_y_extension25/model-0000.params"
2023-11-08 14:44:45,313 [INFO]  Epoch[0] Validation-cross-entropy=34.983597
2023-11-08 14:44:45,313 [INFO]  Epoch[0] Validation-max_y_extension25-accuracy=0.000000
2023-11-08 14:44:45,325 [INFO]  Epoch[1] Batch [0-4]	Speed: 6289.93 samples/sec	cross-entropy=30.475453	max_y_extension25-accuracy=2.800000
2023-11-08 14:44:45,330 [INFO]  Epoch[1] Train-cross-entropy=22.824104
2023-11-08 14:44:45,330 [INFO]  Epoch[1] Train-max_y_extension25-accuracy=3.000000
2023-11-08 14:44:45,330 [INFO]  Epoch[1] Time cost=0.017
2023-11-08 14:44:45,333 [INFO]  Saved checkpoint to "./imputer_model/imputer_model_max_y_extension25/model-0001.params"
2023-11-08 14:44:45,334 [INFO]  Epoch[1] Validation-cross-entropy=18.033278
2023-11-08 14:44:45,334 [INFO]  Epoch[1] Validation-max_y_extension25-accuracy=0.000000
2023-11-08 14:44:45,341 [INFO]  Epoch[2] Batch [0-4]	Speed: 12074.83 samples/sec	cross-entropy=3.001801	max_y_extension25-accuracy=2.800000
2023-11-08 14:44:45,345 [INFO]  Epoch[2] Train-cross-entropy=3.029070
2023-11-08 14:44:45,345 [INFO]  Epoch[2] Train-max_y_extension25-accuracy=3.000000
2023-11-08 14:44:45,345 [INFO]  Epoch[2] Time cost=0.011
2023-11-08 14:44:45,347 [INFO]  Saved checkpoint to "./imputer_model/imputer_model_max_y_extension25/model-0002.params"
2023-11-08 14:44:45,347 [INFO]  Epoch[2] Validation-cross-entropy=17.552193
2023-11-08 14:44:45,347 [INFO]  Epoch[2] Validation-max_y_extension25-accuracy=0.000000
2023-11-08 14:44:45,353 [INFO]  Epoch[3] Batch [0-4]	Speed: 13724.40 samples/sec	cross-entropy=2.196395	max_y_extension25-accuracy=2.800000
2023-11-08 14:44:45,357 [INFO]  Epoch[3] Train-cross-entropy=1.829575
2023-11-08 14:44:45,357 [INFO]  Epoch[3] Train-max_y_extension25-accuracy=3.000000
2023-11-08 14:44:45,357 [INFO]  Epoch[3] Time cost=0.010
2023-11-08 14:44:45,358 [INFO]  Saved checkpoint to "./imputer_model/imputer_model_max_y_extension25/model-0003.params"
2023-11-08 14:44:45,359 [INFO]  Epoch[3] Validation-cross-entropy=14.134437
2023-11-08 14:44:45,359 [INFO]  Epoch[3] Validation-max_y_extension25-accuracy=0.000000
2023-11-08 14:44:45,365 [INFO]  Epoch[4] Batch [0-4]	Speed: 14108.88 samples/sec	cross-entropy=1.204704	max_y_extension25-accuracy=2.800000
2023-11-08 14:44:45,368 [INFO]  Epoch[4] Train-cross-entropy=0.896769
2023-11-08 14:44:45,368 [INFO]  Epoch[4] Train-max_y_extension25-accuracy=3.000000
2023-11-08 14:44:45,368 [INFO]  Epoch[4] Time cost=0.009
2023-11-08 14:44:45,370 [INFO]  Saved checkpoint to "./imputer_model/imputer_model_max_y_extension25/model-0004.params"
2023-11-08 14:44:45,370 [INFO]  Epoch[4] Validation-cross-entropy=14.716066
2023-11-08 14:44:45,370 [INFO]  Epoch[4] Validation-max_y_extension25-accuracy=0.000000
2023-11-08 14:44:45,370 [INFO]  
========== done (0.06933140754699707 s) fit model
2023-11-08 14:58:55,360 [INFO]  
========== start: fit model
2023-11-08 14:58:55,360 [WARNING]  Already bound, ignoring bind()
2023-11-08 14:58:55,367 [INFO]  Epoch[0] Batch [0-4]	Speed: 14056.42 samples/sec	cross-entropy=23.290688	max_y_extension25-accuracy=2.400000
2023-11-08 14:58:55,370 [INFO]  Epoch[0] Train-cross-entropy=22.796151
2023-11-08 14:58:55,371 [INFO]  Epoch[0] Train-max_y_extension25-accuracy=2.125000
2023-11-08 14:58:55,371 [INFO]  Epoch[0] Time cost=0.010
2023-11-08 14:58:55,372 [INFO]  Saved checkpoint to "./imputer_model/imputer_model_max_y_extension25/model-0000.params"
2023-11-08 14:58:55,372 [INFO]  Epoch[0] Validation-cross-entropy=38.037258
2023-11-08 14:58:55,373 [INFO]  Epoch[0] Validation-max_y_extension25-accuracy=0.000000
2023-11-08 14:58:55,378 [INFO]  Epoch[1] Batch [0-4]	Speed: 16069.17 samples/sec	cross-entropy=36.802085	max_y_extension25-accuracy=2.400000
2023-11-08 14:58:55,381 [INFO]  Epoch[1] Train-cross-entropy=27.803917
2023-11-08 14:58:55,381 [INFO]  Epoch[1] Train-max_y_extension25-accuracy=2.125000
2023-11-08 14:58:55,381 [INFO]  Epoch[1] Time cost=0.008
2023-11-08 14:58:55,382 [INFO]  Saved checkpoint to "./imputer_model/imputer_model_max_y_extension25/model-0001.params"
2023-11-08 14:58:55,383 [INFO]  Epoch[1] Validation-cross-entropy=20.951384
2023-11-08 14:58:55,383 [INFO]  Epoch[1] Validation-max_y_extension25-accuracy=0.000000
2023-11-08 14:58:55,388 [INFO]  Epoch[2] Batch [0-4]	Speed: 15108.65 samples/sec	cross-entropy=6.705257	max_y_extension25-accuracy=2.400000
2023-11-08 14:58:55,392 [INFO]  Epoch[2] Train-cross-entropy=6.943025
2023-11-08 14:58:55,392 [INFO]  Epoch[2] Train-max_y_extension25-accuracy=2.125000
2023-11-08 14:58:55,392 [INFO]  Epoch[2] Time cost=0.009
2023-11-08 14:58:55,393 [INFO]  Saved checkpoint to "./imputer_model/imputer_model_max_y_extension25/model-0002.params"
2023-11-08 14:58:55,394 [INFO]  Epoch[2] Validation-cross-entropy=18.933941
2023-11-08 14:58:55,394 [INFO]  Epoch[2] Validation-max_y_extension25-accuracy=0.000000
2023-11-08 14:58:55,399 [INFO]  Epoch[3] Batch [0-4]	Speed: 16455.31 samples/sec	cross-entropy=4.107963	max_y_extension25-accuracy=2.400000
2023-11-08 14:58:55,402 [INFO]  Epoch[3] Train-cross-entropy=4.342627
2023-11-08 14:58:55,402 [INFO]  Epoch[3] Train-max_y_extension25-accuracy=2.125000
2023-11-08 14:58:55,402 [INFO]  Epoch[3] Time cost=0.008
2023-11-08 14:58:55,404 [INFO]  Saved checkpoint to "./imputer_model/imputer_model_max_y_extension25/model-0003.params"
2023-11-08 14:58:55,404 [INFO]  Epoch[3] Validation-cross-entropy=18.372122
2023-11-08 14:58:55,404 [INFO]  Epoch[3] Validation-max_y_extension25-accuracy=0.000000
2023-11-08 14:58:55,410 [INFO]  Epoch[4] Batch [0-4]	Speed: 15285.02 samples/sec	cross-entropy=2.079646	max_y_extension25-accuracy=2.400000
2023-11-08 14:58:55,413 [INFO]  Epoch[4] Train-cross-entropy=1.625940
2023-11-08 14:58:55,413 [INFO]  Epoch[4] Train-max_y_extension25-accuracy=2.125000
2023-11-08 14:58:55,413 [INFO]  Epoch[4] Time cost=0.008
2023-11-08 14:58:55,414 [INFO]  Saved checkpoint to "./imputer_model/imputer_model_max_y_extension25/model-0004.params"
2023-11-08 14:58:55,415 [INFO]  Epoch[4] Validation-cross-entropy=17.187178
2023-11-08 14:58:55,415 [INFO]  Epoch[4] Validation-max_y_extension25-accuracy=0.000000
2023-11-08 14:58:55,415 [INFO]  
========== done (0.05527687072753906 s) fit model
