2023-11-08 12:37:48,384 [INFO]  
========== start: fit model
2023-11-08 12:37:48,388 [WARNING]  Already bound, ignoring bind()
2023-11-08 12:37:49,262 [INFO]  Epoch[0] Batch [0-4]	Speed: 147.29 samples/sec	cross-entropy=25.991549	gmrt_in_air10-accuracy=3.000000
2023-11-08 12:37:49,486 [INFO]  Epoch[0] Train-cross-entropy=24.713871
2023-11-08 12:37:49,487 [INFO]  Epoch[0] Train-gmrt_in_air10-accuracy=2.500000
2023-11-08 12:37:49,487 [INFO]  Epoch[0] Time cost=1.098
2023-11-08 12:37:49,490 [INFO]  Saved checkpoint to "./imputer_model/imputer_model_gmrt_in_air10/model-0000.params"
2023-11-08 12:37:49,490 [INFO]  Epoch[0] Validation-cross-entropy=21.222181
2023-11-08 12:37:49,491 [INFO]  Epoch[0] Validation-gmrt_in_air10-accuracy=0.000000
2023-11-08 12:37:50,226 [INFO]  Epoch[1] Batch [0-4]	Speed: 107.99 samples/sec	cross-entropy=48.212281	gmrt_in_air10-accuracy=3.000000
2023-11-08 12:37:50,299 [INFO]  Epoch[1] Train-cross-entropy=35.082518
2023-11-08 12:37:50,299 [INFO]  Epoch[1] Train-gmrt_in_air10-accuracy=2.500000
2023-11-08 12:37:50,299 [INFO]  Epoch[1] Time cost=0.808
2023-11-08 12:37:50,302 [INFO]  Saved checkpoint to "./imputer_model/imputer_model_gmrt_in_air10/model-0001.params"
2023-11-08 12:37:50,334 [INFO]  Epoch[1] Validation-cross-entropy=8.763936
2023-11-08 12:37:50,334 [INFO]  Epoch[1] Validation-gmrt_in_air10-accuracy=0.000000
2023-11-08 12:37:50,349 [INFO]  Epoch[2] Batch [0-4]	Speed: 5532.47 samples/sec	cross-entropy=5.492021	gmrt_in_air10-accuracy=3.000000
2023-11-08 12:37:50,368 [INFO]  Epoch[2] Train-cross-entropy=4.682108
2023-11-08 12:37:50,368 [INFO]  Epoch[2] Train-gmrt_in_air10-accuracy=2.500000
2023-11-08 12:37:50,368 [INFO]  Epoch[2] Time cost=0.034
2023-11-08 12:37:50,370 [INFO]  Saved checkpoint to "./imputer_model/imputer_model_gmrt_in_air10/model-0002.params"
2023-11-08 12:37:50,372 [INFO]  Epoch[2] Validation-cross-entropy=4.412058
2023-11-08 12:37:50,372 [INFO]  Epoch[2] Validation-gmrt_in_air10-accuracy=0.000000
2023-11-08 12:37:50,420 [INFO]  Epoch[3] Batch [0-4]	Speed: 1546.55 samples/sec	cross-entropy=3.320091	gmrt_in_air10-accuracy=3.000000
2023-11-08 12:37:50,429 [INFO]  Epoch[3] Train-cross-entropy=2.730973
2023-11-08 12:37:50,429 [INFO]  Epoch[3] Train-gmrt_in_air10-accuracy=2.500000
2023-11-08 12:37:50,429 [INFO]  Epoch[3] Time cost=0.057
2023-11-08 12:37:50,431 [INFO]  Saved checkpoint to "./imputer_model/imputer_model_gmrt_in_air10/model-0003.params"
2023-11-08 12:37:50,436 [INFO]  Epoch[3] Validation-cross-entropy=4.131971
2023-11-08 12:37:50,436 [INFO]  Epoch[3] Validation-gmrt_in_air10-accuracy=0.000000
2023-11-08 12:37:50,549 [INFO]  Epoch[4] Batch [0-4]	Speed: 686.70 samples/sec	cross-entropy=1.321941	gmrt_in_air10-accuracy=3.000000
2023-11-08 12:37:50,553 [INFO]  Epoch[4] Train-cross-entropy=1.165354
2023-11-08 12:37:50,553 [INFO]  Epoch[4] Train-gmrt_in_air10-accuracy=2.500000
2023-11-08 12:37:50,554 [INFO]  Epoch[4] Time cost=0.118
2023-11-08 12:37:50,557 [INFO]  Saved checkpoint to "./imputer_model/imputer_model_gmrt_in_air10/model-0004.params"
2023-11-08 12:37:50,558 [INFO]  Epoch[4] Validation-cross-entropy=4.408566
2023-11-08 12:37:50,558 [INFO]  Epoch[4] Validation-gmrt_in_air10-accuracy=0.000000
2023-11-08 12:37:50,559 [INFO]  
========== done (2.1751790046691895 s) fit model
2023-11-08 13:05:55,612 [INFO]  
========== start: fit model
2023-11-08 13:05:55,626 [WARNING]  Already bound, ignoring bind()
2023-11-08 13:05:55,639 [INFO]  Epoch[0] Batch [0-4]	Speed: 10623.53 samples/sec	cross-entropy=24.147123	gmrt_in_air10-accuracy=0.000000
2023-11-08 13:05:55,644 [INFO]  Epoch[0] Train-cross-entropy=22.242754
2023-11-08 13:05:55,644 [INFO]  Epoch[0] Train-gmrt_in_air10-accuracy=0.000000
2023-11-08 13:05:55,644 [INFO]  Epoch[0] Time cost=0.017
2023-11-08 13:05:55,647 [INFO]  Saved checkpoint to "./imputer_model/imputer_model_gmrt_in_air10/model-0000.params"
2023-11-08 13:05:55,648 [INFO]  Epoch[0] Validation-cross-entropy=4.910598
2023-11-08 13:05:55,648 [INFO]  Epoch[0] Validation-gmrt_in_air10-accuracy=0.000000
2023-11-08 13:05:55,654 [INFO]  Epoch[1] Batch [0-4]	Speed: 14925.52 samples/sec	cross-entropy=24.026968	gmrt_in_air10-accuracy=0.000000
2023-11-08 13:05:55,657 [INFO]  Epoch[1] Train-cross-entropy=27.622374
2023-11-08 13:05:55,657 [INFO]  Epoch[1] Train-gmrt_in_air10-accuracy=0.000000
2023-11-08 13:05:55,657 [INFO]  Epoch[1] Time cost=0.009
2023-11-08 13:05:55,659 [INFO]  Saved checkpoint to "./imputer_model/imputer_model_gmrt_in_air10/model-0001.params"
2023-11-08 13:05:55,660 [INFO]  Epoch[1] Validation-cross-entropy=3.993889
2023-11-08 13:05:55,660 [INFO]  Epoch[1] Validation-gmrt_in_air10-accuracy=0.000000
2023-11-08 13:05:55,665 [INFO]  Epoch[2] Batch [0-4]	Speed: 14585.71 samples/sec	cross-entropy=8.848343	gmrt_in_air10-accuracy=0.000000
2023-11-08 13:05:55,669 [INFO]  Epoch[2] Train-cross-entropy=7.837154
2023-11-08 13:05:55,669 [INFO]  Epoch[2] Train-gmrt_in_air10-accuracy=0.000000
2023-11-08 13:05:55,669 [INFO]  Epoch[2] Time cost=0.009
2023-11-08 13:05:55,670 [INFO]  Saved checkpoint to "./imputer_model/imputer_model_gmrt_in_air10/model-0002.params"
2023-11-08 13:05:55,671 [INFO]  Epoch[2] Validation-cross-entropy=5.189271
2023-11-08 13:05:55,671 [INFO]  Epoch[2] Validation-gmrt_in_air10-accuracy=0.000000
2023-11-08 13:05:55,676 [INFO]  Epoch[3] Batch [0-4]	Speed: 15014.85 samples/sec	cross-entropy=2.189812	gmrt_in_air10-accuracy=0.000000
2023-11-08 13:05:55,679 [INFO]  Epoch[3] Train-cross-entropy=2.019331
2023-11-08 13:05:55,679 [INFO]  Epoch[3] Train-gmrt_in_air10-accuracy=0.000000
2023-11-08 13:05:55,679 [INFO]  Epoch[3] Time cost=0.009
2023-11-08 13:05:55,681 [INFO]  Saved checkpoint to "./imputer_model/imputer_model_gmrt_in_air10/model-0003.params"
2023-11-08 13:05:55,681 [INFO]  Epoch[3] Validation-cross-entropy=3.178117
2023-11-08 13:05:55,681 [INFO]  Epoch[3] Validation-gmrt_in_air10-accuracy=0.000000
2023-11-08 13:05:55,687 [INFO]  Epoch[4] Batch [0-4]	Speed: 14619.87 samples/sec	cross-entropy=1.331186	gmrt_in_air10-accuracy=0.000000
2023-11-08 13:05:55,690 [INFO]  Epoch[4] Train-cross-entropy=1.106024
2023-11-08 13:05:55,690 [INFO]  Epoch[4] Train-gmrt_in_air10-accuracy=0.000000
2023-11-08 13:05:55,690 [INFO]  Epoch[4] Time cost=0.009
2023-11-08 13:05:55,691 [INFO]  Saved checkpoint to "./imputer_model/imputer_model_gmrt_in_air10/model-0004.params"
2023-11-08 13:05:55,692 [INFO]  Epoch[4] Validation-cross-entropy=3.376131
2023-11-08 13:05:55,692 [INFO]  Epoch[4] Validation-gmrt_in_air10-accuracy=0.000000
2023-11-08 13:05:55,692 [INFO]  
========== done (0.07956647872924805 s) fit model
2023-11-08 13:19:21,591 [INFO]  
========== start: fit model
2023-11-08 13:19:21,591 [WARNING]  Already bound, ignoring bind()
2023-11-08 13:19:21,600 [INFO]  Epoch[0] Batch [0-4]	Speed: 10398.83 samples/sec	cross-entropy=19.037712	gmrt_in_air10-accuracy=3.400000
2023-11-08 13:19:21,605 [INFO]  Epoch[0] Train-cross-entropy=17.784722
2023-11-08 13:19:21,605 [INFO]  Epoch[0] Train-gmrt_in_air10-accuracy=3.125000
2023-11-08 13:19:21,605 [INFO]  Epoch[0] Time cost=0.013
2023-11-08 13:19:21,609 [INFO]  Saved checkpoint to "./imputer_model/imputer_model_gmrt_in_air10/model-0000.params"
2023-11-08 13:19:21,610 [INFO]  Epoch[0] Validation-cross-entropy=51.914944
2023-11-08 13:19:21,610 [INFO]  Epoch[0] Validation-gmrt_in_air10-accuracy=0.000000
2023-11-08 13:19:21,617 [INFO]  Epoch[1] Batch [0-4]	Speed: 11086.42 samples/sec	cross-entropy=37.753978	gmrt_in_air10-accuracy=3.400000
2023-11-08 13:19:21,621 [INFO]  Epoch[1] Train-cross-entropy=31.589910
2023-11-08 13:19:21,622 [INFO]  Epoch[1] Train-gmrt_in_air10-accuracy=3.125000
2023-11-08 13:19:21,622 [INFO]  Epoch[1] Time cost=0.012
2023-11-08 13:19:21,624 [INFO]  Saved checkpoint to "./imputer_model/imputer_model_gmrt_in_air10/model-0001.params"
2023-11-08 13:19:21,625 [INFO]  Epoch[1] Validation-cross-entropy=33.968887
2023-11-08 13:19:21,625 [INFO]  Epoch[1] Validation-gmrt_in_air10-accuracy=0.000000
2023-11-08 13:19:21,631 [INFO]  Epoch[2] Batch [0-4]	Speed: 13512.31 samples/sec	cross-entropy=10.927422	gmrt_in_air10-accuracy=3.400000
2023-11-08 13:19:21,635 [INFO]  Epoch[2] Train-cross-entropy=9.207483
2023-11-08 13:19:21,635 [INFO]  Epoch[2] Train-gmrt_in_air10-accuracy=3.125000
2023-11-08 13:19:21,635 [INFO]  Epoch[2] Time cost=0.010
2023-11-08 13:19:21,636 [INFO]  Saved checkpoint to "./imputer_model/imputer_model_gmrt_in_air10/model-0002.params"
2023-11-08 13:19:21,637 [INFO]  Epoch[2] Validation-cross-entropy=42.925274
2023-11-08 13:19:21,637 [INFO]  Epoch[2] Validation-gmrt_in_air10-accuracy=0.000000
2023-11-08 13:19:21,644 [INFO]  Epoch[3] Batch [0-4]	Speed: 11021.78 samples/sec	cross-entropy=5.736382	gmrt_in_air10-accuracy=3.400000
2023-11-08 13:19:21,649 [INFO]  Epoch[3] Train-cross-entropy=4.404886
2023-11-08 13:19:21,649 [INFO]  Epoch[3] Train-gmrt_in_air10-accuracy=3.125000
2023-11-08 13:19:21,649 [INFO]  Epoch[3] Time cost=0.012
2023-11-08 13:19:21,652 [INFO]  Saved checkpoint to "./imputer_model/imputer_model_gmrt_in_air10/model-0003.params"
2023-11-08 13:19:21,653 [INFO]  Epoch[3] Validation-cross-entropy=33.708168
2023-11-08 13:19:21,653 [INFO]  Epoch[3] Validation-gmrt_in_air10-accuracy=0.000000
2023-11-08 13:19:21,660 [INFO]  Epoch[4] Batch [0-4]	Speed: 12400.58 samples/sec	cross-entropy=1.597404	gmrt_in_air10-accuracy=3.400000
2023-11-08 13:19:21,664 [INFO]  Epoch[4] Train-cross-entropy=1.427063
2023-11-08 13:19:21,664 [INFO]  Epoch[4] Train-gmrt_in_air10-accuracy=3.125000
2023-11-08 13:19:21,664 [INFO]  Epoch[4] Time cost=0.011
2023-11-08 13:19:21,666 [INFO]  Saved checkpoint to "./imputer_model/imputer_model_gmrt_in_air10/model-0004.params"
2023-11-08 13:19:21,667 [INFO]  Epoch[4] Validation-cross-entropy=31.795401
2023-11-08 13:19:21,667 [INFO]  Epoch[4] Validation-gmrt_in_air10-accuracy=0.000000
2023-11-08 13:19:21,667 [INFO]  
========== done (0.07559871673583984 s) fit model
2023-11-08 13:32:42,215 [INFO]  
========== start: fit model
2023-11-08 13:32:42,215 [WARNING]  Already bound, ignoring bind()
2023-11-08 13:32:42,222 [INFO]  Epoch[0] Batch [0-4]	Speed: 14306.64 samples/sec	cross-entropy=24.672721	gmrt_in_air10-accuracy=0.000000
2023-11-08 13:32:42,225 [INFO]  Epoch[0] Train-cross-entropy=19.830661
2023-11-08 13:32:42,225 [INFO]  Epoch[0] Train-gmrt_in_air10-accuracy=0.000000
2023-11-08 13:32:42,225 [INFO]  Epoch[0] Time cost=0.010
2023-11-08 13:32:42,226 [INFO]  Saved checkpoint to "./imputer_model/imputer_model_gmrt_in_air10/model-0000.params"
2023-11-08 13:32:42,227 [INFO]  Epoch[0] Validation-cross-entropy=17.823824
2023-11-08 13:32:42,227 [INFO]  Epoch[0] Validation-gmrt_in_air10-accuracy=0.000000
2023-11-08 13:32:42,232 [INFO]  Epoch[1] Batch [0-4]	Speed: 15368.15 samples/sec	cross-entropy=34.827381	gmrt_in_air10-accuracy=0.000000
2023-11-08 13:32:42,235 [INFO]  Epoch[1] Train-cross-entropy=32.025610
2023-11-08 13:32:42,235 [INFO]  Epoch[1] Train-gmrt_in_air10-accuracy=0.000000
2023-11-08 13:32:42,235 [INFO]  Epoch[1] Time cost=0.009
2023-11-08 13:32:42,237 [INFO]  Saved checkpoint to "./imputer_model/imputer_model_gmrt_in_air10/model-0001.params"
2023-11-08 13:32:42,237 [INFO]  Epoch[1] Validation-cross-entropy=13.430344
2023-11-08 13:32:42,237 [INFO]  Epoch[1] Validation-gmrt_in_air10-accuracy=0.000000
2023-11-08 13:32:42,242 [INFO]  Epoch[2] Batch [0-4]	Speed: 17430.87 samples/sec	cross-entropy=8.923888	gmrt_in_air10-accuracy=0.000000
2023-11-08 13:32:42,245 [INFO]  Epoch[2] Train-cross-entropy=12.160900
2023-11-08 13:32:42,245 [INFO]  Epoch[2] Train-gmrt_in_air10-accuracy=0.000000
2023-11-08 13:32:42,245 [INFO]  Epoch[2] Time cost=0.008
2023-11-08 13:32:42,246 [INFO]  Saved checkpoint to "./imputer_model/imputer_model_gmrt_in_air10/model-0002.params"
2023-11-08 13:32:42,246 [INFO]  Epoch[2] Validation-cross-entropy=18.185987
2023-11-08 13:32:42,246 [INFO]  Epoch[2] Validation-gmrt_in_air10-accuracy=0.000000
2023-11-08 13:32:42,251 [INFO]  Epoch[3] Batch [0-4]	Speed: 18824.37 samples/sec	cross-entropy=3.947278	gmrt_in_air10-accuracy=0.000000
2023-11-08 13:32:42,253 [INFO]  Epoch[3] Train-cross-entropy=4.505596
2023-11-08 13:32:42,253 [INFO]  Epoch[3] Train-gmrt_in_air10-accuracy=0.000000
2023-11-08 13:32:42,253 [INFO]  Epoch[3] Time cost=0.007
2023-11-08 13:32:42,254 [INFO]  Saved checkpoint to "./imputer_model/imputer_model_gmrt_in_air10/model-0003.params"
2023-11-08 13:32:42,255 [INFO]  Epoch[3] Validation-cross-entropy=11.938457
2023-11-08 13:32:42,255 [INFO]  Epoch[3] Validation-gmrt_in_air10-accuracy=0.000000
2023-11-08 13:32:42,259 [INFO]  Epoch[4] Batch [0-4]	Speed: 18143.66 samples/sec	cross-entropy=2.266528	gmrt_in_air10-accuracy=0.000000
2023-11-08 13:32:42,262 [INFO]  Epoch[4] Train-cross-entropy=1.997501
2023-11-08 13:32:42,262 [INFO]  Epoch[4] Train-gmrt_in_air10-accuracy=0.000000
2023-11-08 13:32:42,262 [INFO]  Epoch[4] Time cost=0.007
2023-11-08 13:32:42,263 [INFO]  Saved checkpoint to "./imputer_model/imputer_model_gmrt_in_air10/model-0004.params"
2023-11-08 13:32:42,264 [INFO]  Epoch[4] Validation-cross-entropy=8.273025
2023-11-08 13:32:42,264 [INFO]  Epoch[4] Validation-gmrt_in_air10-accuracy=0.000000
2023-11-08 13:32:42,264 [INFO]  
========== done (0.04909348487854004 s) fit model
2023-11-08 13:46:02,027 [INFO]  
========== start: fit model
2023-11-08 13:46:02,027 [WARNING]  Already bound, ignoring bind()
2023-11-08 13:46:02,035 [INFO]  Epoch[0] Batch [0-4]	Speed: 10843.69 samples/sec	cross-entropy=19.516383	gmrt_in_air10-accuracy=2.800000
2023-11-08 13:46:02,040 [INFO]  Epoch[0] Train-cross-entropy=20.309699
2023-11-08 13:46:02,040 [INFO]  Epoch[0] Train-gmrt_in_air10-accuracy=3.625000
2023-11-08 13:46:02,040 [INFO]  Epoch[0] Time cost=0.012
2023-11-08 13:46:02,043 [INFO]  Saved checkpoint to "./imputer_model/imputer_model_gmrt_in_air10/model-0000.params"
2023-11-08 13:46:02,044 [INFO]  Epoch[0] Validation-cross-entropy=11.736608
2023-11-08 13:46:02,044 [INFO]  Epoch[0] Validation-gmrt_in_air10-accuracy=0.000000
2023-11-08 13:46:02,050 [INFO]  Epoch[1] Batch [0-4]	Speed: 14580.17 samples/sec	cross-entropy=34.167584	gmrt_in_air10-accuracy=2.800000
2023-11-08 13:46:02,054 [INFO]  Epoch[1] Train-cross-entropy=28.887338
2023-11-08 13:46:02,054 [INFO]  Epoch[1] Train-gmrt_in_air10-accuracy=3.625000
2023-11-08 13:46:02,054 [INFO]  Epoch[1] Time cost=0.009
2023-11-08 13:46:02,056 [INFO]  Saved checkpoint to "./imputer_model/imputer_model_gmrt_in_air10/model-0001.params"
2023-11-08 13:46:02,056 [INFO]  Epoch[1] Validation-cross-entropy=6.317903
2023-11-08 13:46:02,056 [INFO]  Epoch[1] Validation-gmrt_in_air10-accuracy=0.000000
2023-11-08 13:46:02,061 [INFO]  Epoch[2] Batch [0-4]	Speed: 18115.50 samples/sec	cross-entropy=7.089306	gmrt_in_air10-accuracy=2.800000
2023-11-08 13:46:02,064 [INFO]  Epoch[2] Train-cross-entropy=5.407788
2023-11-08 13:46:02,065 [INFO]  Epoch[2] Train-gmrt_in_air10-accuracy=3.625000
2023-11-08 13:46:02,065 [INFO]  Epoch[2] Time cost=0.008
2023-11-08 13:46:02,068 [INFO]  Saved checkpoint to "./imputer_model/imputer_model_gmrt_in_air10/model-0002.params"
2023-11-08 13:46:02,069 [INFO]  Epoch[2] Validation-cross-entropy=9.508071
2023-11-08 13:46:02,069 [INFO]  Epoch[2] Validation-gmrt_in_air10-accuracy=0.000000
2023-11-08 13:46:02,076 [INFO]  Epoch[3] Batch [0-4]	Speed: 11361.87 samples/sec	cross-entropy=4.053733	gmrt_in_air10-accuracy=2.800000
2023-11-08 13:46:02,080 [INFO]  Epoch[3] Train-cross-entropy=3.365656
2023-11-08 13:46:02,080 [INFO]  Epoch[3] Train-gmrt_in_air10-accuracy=3.625000
2023-11-08 13:46:02,080 [INFO]  Epoch[3] Time cost=0.011
2023-11-08 13:46:02,082 [INFO]  Saved checkpoint to "./imputer_model/imputer_model_gmrt_in_air10/model-0003.params"
2023-11-08 13:46:02,082 [INFO]  Epoch[3] Validation-cross-entropy=3.038532
2023-11-08 13:46:02,082 [INFO]  Epoch[3] Validation-gmrt_in_air10-accuracy=0.000000
2023-11-08 13:46:02,088 [INFO]  Epoch[4] Batch [0-4]	Speed: 13922.28 samples/sec	cross-entropy=2.687043	gmrt_in_air10-accuracy=2.800000
2023-11-08 13:46:02,092 [INFO]  Epoch[4] Train-cross-entropy=2.167048
2023-11-08 13:46:02,092 [INFO]  Epoch[4] Train-gmrt_in_air10-accuracy=3.625000
2023-11-08 13:46:02,092 [INFO]  Epoch[4] Time cost=0.009
2023-11-08 13:46:02,093 [INFO]  Saved checkpoint to "./imputer_model/imputer_model_gmrt_in_air10/model-0004.params"
2023-11-08 13:46:02,094 [INFO]  Epoch[4] Validation-cross-entropy=19.293407
2023-11-08 13:46:02,094 [INFO]  Epoch[4] Validation-gmrt_in_air10-accuracy=0.000000
2023-11-08 13:46:02,094 [INFO]  
========== done (0.06704854965209961 s) fit model
2023-11-08 13:59:24,528 [INFO]  
========== start: fit model
2023-11-08 13:59:24,528 [WARNING]  Already bound, ignoring bind()
2023-11-08 13:59:24,535 [INFO]  Epoch[0] Batch [0-4]	Speed: 13871.20 samples/sec	cross-entropy=17.156707	gmrt_in_air10-accuracy=3.400000
2023-11-08 13:59:24,540 [INFO]  Epoch[0] Train-cross-entropy=19.047581
2023-11-08 13:59:24,540 [INFO]  Epoch[0] Train-gmrt_in_air10-accuracy=3.125000
2023-11-08 13:59:24,540 [INFO]  Epoch[0] Time cost=0.011
2023-11-08 13:59:24,543 [INFO]  Saved checkpoint to "./imputer_model/imputer_model_gmrt_in_air10/model-0000.params"
2023-11-08 13:59:24,544 [INFO]  Epoch[0] Validation-cross-entropy=13.916354
2023-11-08 13:59:24,544 [INFO]  Epoch[0] Validation-gmrt_in_air10-accuracy=0.000000
2023-11-08 13:59:24,552 [INFO]  Epoch[1] Batch [0-4]	Speed: 10755.06 samples/sec	cross-entropy=44.442459	gmrt_in_air10-accuracy=3.400000
2023-11-08 13:59:24,556 [INFO]  Epoch[1] Train-cross-entropy=53.851315
2023-11-08 13:59:24,556 [INFO]  Epoch[1] Train-gmrt_in_air10-accuracy=3.125000
2023-11-08 13:59:24,556 [INFO]  Epoch[1] Time cost=0.011
2023-11-08 13:59:24,558 [INFO]  Saved checkpoint to "./imputer_model/imputer_model_gmrt_in_air10/model-0001.params"
2023-11-08 13:59:24,559 [INFO]  Epoch[1] Validation-cross-entropy=7.536915
2023-11-08 13:59:24,559 [INFO]  Epoch[1] Validation-gmrt_in_air10-accuracy=0.000000
2023-11-08 13:59:24,564 [INFO]  Epoch[2] Batch [0-4]	Speed: 16683.37 samples/sec	cross-entropy=13.734574	gmrt_in_air10-accuracy=3.400000
2023-11-08 13:59:24,567 [INFO]  Epoch[2] Train-cross-entropy=15.958115
2023-11-08 13:59:24,567 [INFO]  Epoch[2] Train-gmrt_in_air10-accuracy=3.125000
2023-11-08 13:59:24,567 [INFO]  Epoch[2] Time cost=0.008
2023-11-08 13:59:24,568 [INFO]  Saved checkpoint to "./imputer_model/imputer_model_gmrt_in_air10/model-0002.params"
2023-11-08 13:59:24,569 [INFO]  Epoch[2] Validation-cross-entropy=15.911485
2023-11-08 13:59:24,569 [INFO]  Epoch[2] Validation-gmrt_in_air10-accuracy=0.000000
2023-11-08 13:59:24,574 [INFO]  Epoch[3] Batch [0-4]	Speed: 15072.18 samples/sec	cross-entropy=6.104484	gmrt_in_air10-accuracy=3.400000
2023-11-08 13:59:24,577 [INFO]  Epoch[3] Train-cross-entropy=5.410270
2023-11-08 13:59:24,578 [INFO]  Epoch[3] Train-gmrt_in_air10-accuracy=3.125000
2023-11-08 13:59:24,578 [INFO]  Epoch[3] Time cost=0.009
2023-11-08 13:59:24,580 [INFO]  Saved checkpoint to "./imputer_model/imputer_model_gmrt_in_air10/model-0003.params"
2023-11-08 13:59:24,581 [INFO]  Epoch[3] Validation-cross-entropy=10.206168
2023-11-08 13:59:24,581 [INFO]  Epoch[3] Validation-gmrt_in_air10-accuracy=0.000000
2023-11-08 13:59:24,586 [INFO]  Epoch[4] Batch [0-4]	Speed: 16878.49 samples/sec	cross-entropy=1.628473	gmrt_in_air10-accuracy=3.400000
2023-11-08 13:59:24,589 [INFO]  Epoch[4] Train-cross-entropy=1.870783
2023-11-08 13:59:24,589 [INFO]  Epoch[4] Train-gmrt_in_air10-accuracy=3.125000
2023-11-08 13:59:24,589 [INFO]  Epoch[4] Time cost=0.008
2023-11-08 13:59:24,590 [INFO]  Saved checkpoint to "./imputer_model/imputer_model_gmrt_in_air10/model-0004.params"
2023-11-08 13:59:24,591 [INFO]  Epoch[4] Validation-cross-entropy=5.089705
2023-11-08 13:59:24,591 [INFO]  Epoch[4] Validation-gmrt_in_air10-accuracy=0.000000
2023-11-08 13:59:24,591 [INFO]  
========== done (0.06337571144104004 s) fit model
2023-11-08 14:12:49,702 [INFO]  
========== start: fit model
2023-11-08 14:12:49,702 [WARNING]  Already bound, ignoring bind()
2023-11-08 14:12:49,709 [INFO]  Epoch[0] Batch [0-4]	Speed: 14261.79 samples/sec	cross-entropy=18.463922	gmrt_in_air10-accuracy=0.000000
2023-11-08 14:12:49,712 [INFO]  Epoch[0] Train-cross-entropy=17.760864
2023-11-08 14:12:49,712 [INFO]  Epoch[0] Train-gmrt_in_air10-accuracy=0.000000
2023-11-08 14:12:49,712 [INFO]  Epoch[0] Time cost=0.010
2023-11-08 14:12:49,714 [INFO]  Saved checkpoint to "./imputer_model/imputer_model_gmrt_in_air10/model-0000.params"
2023-11-08 14:12:49,714 [INFO]  Epoch[0] Validation-cross-entropy=16.058311
2023-11-08 14:12:49,714 [INFO]  Epoch[0] Validation-gmrt_in_air10-accuracy=0.000000
2023-11-08 14:12:49,720 [INFO]  Epoch[1] Batch [0-4]	Speed: 12988.60 samples/sec	cross-entropy=34.296067	gmrt_in_air10-accuracy=0.000000
2023-11-08 14:12:49,726 [INFO]  Epoch[1] Train-cross-entropy=39.703490
2023-11-08 14:12:49,726 [INFO]  Epoch[1] Train-gmrt_in_air10-accuracy=0.000000
2023-11-08 14:12:49,726 [INFO]  Epoch[1] Time cost=0.012
2023-11-08 14:12:49,730 [INFO]  Saved checkpoint to "./imputer_model/imputer_model_gmrt_in_air10/model-0001.params"
2023-11-08 14:12:49,731 [INFO]  Epoch[1] Validation-cross-entropy=16.037420
2023-11-08 14:12:49,731 [INFO]  Epoch[1] Validation-gmrt_in_air10-accuracy=0.000000
2023-11-08 14:12:49,736 [INFO]  Epoch[2] Batch [0-4]	Speed: 15689.72 samples/sec	cross-entropy=4.505442	gmrt_in_air10-accuracy=0.000000
2023-11-08 14:12:49,740 [INFO]  Epoch[2] Train-cross-entropy=7.452842
2023-11-08 14:12:49,740 [INFO]  Epoch[2] Train-gmrt_in_air10-accuracy=0.000000
2023-11-08 14:12:49,740 [INFO]  Epoch[2] Time cost=0.009
2023-11-08 14:12:49,742 [INFO]  Saved checkpoint to "./imputer_model/imputer_model_gmrt_in_air10/model-0002.params"
2023-11-08 14:12:49,742 [INFO]  Epoch[2] Validation-cross-entropy=9.788982
2023-11-08 14:12:49,742 [INFO]  Epoch[2] Validation-gmrt_in_air10-accuracy=0.000000
2023-11-08 14:12:49,746 [INFO]  Epoch[3] Batch [0-4]	Speed: 23501.62 samples/sec	cross-entropy=2.654430	gmrt_in_air10-accuracy=0.000000
2023-11-08 14:12:49,748 [INFO]  Epoch[3] Train-cross-entropy=2.540326
2023-11-08 14:12:49,748 [INFO]  Epoch[3] Train-gmrt_in_air10-accuracy=0.000000
2023-11-08 14:12:49,748 [INFO]  Epoch[3] Time cost=0.006
2023-11-08 14:12:49,750 [INFO]  Saved checkpoint to "./imputer_model/imputer_model_gmrt_in_air10/model-0003.params"
2023-11-08 14:12:49,750 [INFO]  Epoch[3] Validation-cross-entropy=6.814957
2023-11-08 14:12:49,750 [INFO]  Epoch[3] Validation-gmrt_in_air10-accuracy=0.000000
2023-11-08 14:12:49,754 [INFO]  Epoch[4] Batch [0-4]	Speed: 23730.15 samples/sec	cross-entropy=1.507218	gmrt_in_air10-accuracy=0.000000
2023-11-08 14:12:49,756 [INFO]  Epoch[4] Train-cross-entropy=1.426212
2023-11-08 14:12:49,756 [INFO]  Epoch[4] Train-gmrt_in_air10-accuracy=0.000000
2023-11-08 14:12:49,756 [INFO]  Epoch[4] Time cost=0.006
2023-11-08 14:12:49,757 [INFO]  Saved checkpoint to "./imputer_model/imputer_model_gmrt_in_air10/model-0004.params"
2023-11-08 14:12:49,758 [INFO]  Epoch[4] Validation-cross-entropy=6.150814
2023-11-08 14:12:49,758 [INFO]  Epoch[4] Validation-gmrt_in_air10-accuracy=0.000000
2023-11-08 14:12:49,758 [INFO]  
========== done (0.05566573143005371 s) fit model
2023-11-08 14:26:24,360 [INFO]  
========== start: fit model
2023-11-08 14:26:24,360 [WARNING]  Already bound, ignoring bind()
2023-11-08 14:26:24,369 [INFO]  Epoch[0] Batch [0-4]	Speed: 9593.49 samples/sec	cross-entropy=12.827718	gmrt_in_air10-accuracy=3.200000
2023-11-08 14:26:24,375 [INFO]  Epoch[0] Train-cross-entropy=13.126749
2023-11-08 14:26:24,375 [INFO]  Epoch[0] Train-gmrt_in_air10-accuracy=2.750000
2023-11-08 14:26:24,375 [INFO]  Epoch[0] Time cost=0.014
2023-11-08 14:26:24,378 [INFO]  Saved checkpoint to "./imputer_model/imputer_model_gmrt_in_air10/model-0000.params"
2023-11-08 14:26:24,378 [INFO]  Epoch[0] Validation-cross-entropy=18.190861
2023-11-08 14:26:24,379 [INFO]  Epoch[0] Validation-gmrt_in_air10-accuracy=0.000000
2023-11-08 14:26:24,384 [INFO]  Epoch[1] Batch [0-4]	Speed: 14208.95 samples/sec	cross-entropy=33.216397	gmrt_in_air10-accuracy=3.200000
2023-11-08 14:26:24,388 [INFO]  Epoch[1] Train-cross-entropy=25.659891
2023-11-08 14:26:24,388 [INFO]  Epoch[1] Train-gmrt_in_air10-accuracy=2.750000
2023-11-08 14:26:24,388 [INFO]  Epoch[1] Time cost=0.009
2023-11-08 14:26:24,389 [INFO]  Saved checkpoint to "./imputer_model/imputer_model_gmrt_in_air10/model-0001.params"
2023-11-08 14:26:24,390 [INFO]  Epoch[1] Validation-cross-entropy=5.812578
2023-11-08 14:26:24,390 [INFO]  Epoch[1] Validation-gmrt_in_air10-accuracy=0.000000
2023-11-08 14:26:24,396 [INFO]  Epoch[2] Batch [0-4]	Speed: 13991.22 samples/sec	cross-entropy=4.919316	gmrt_in_air10-accuracy=3.200000
2023-11-08 14:26:24,399 [INFO]  Epoch[2] Train-cross-entropy=5.098186
2023-11-08 14:26:24,399 [INFO]  Epoch[2] Train-gmrt_in_air10-accuracy=2.750000
2023-11-08 14:26:24,399 [INFO]  Epoch[2] Time cost=0.009
2023-11-08 14:26:24,401 [INFO]  Saved checkpoint to "./imputer_model/imputer_model_gmrt_in_air10/model-0002.params"
2023-11-08 14:26:24,401 [INFO]  Epoch[2] Validation-cross-entropy=6.419956
2023-11-08 14:26:24,401 [INFO]  Epoch[2] Validation-gmrt_in_air10-accuracy=0.000000
2023-11-08 14:26:24,407 [INFO]  Epoch[3] Batch [0-4]	Speed: 13217.56 samples/sec	cross-entropy=6.034895	gmrt_in_air10-accuracy=3.200000
2023-11-08 14:26:24,411 [INFO]  Epoch[3] Train-cross-entropy=5.217722
2023-11-08 14:26:24,411 [INFO]  Epoch[3] Train-gmrt_in_air10-accuracy=2.750000
2023-11-08 14:26:24,411 [INFO]  Epoch[3] Time cost=0.010
2023-11-08 14:26:24,413 [INFO]  Saved checkpoint to "./imputer_model/imputer_model_gmrt_in_air10/model-0003.params"
2023-11-08 14:26:24,414 [INFO]  Epoch[3] Validation-cross-entropy=5.513307
2023-11-08 14:26:24,414 [INFO]  Epoch[3] Validation-gmrt_in_air10-accuracy=0.000000
2023-11-08 14:26:24,420 [INFO]  Epoch[4] Batch [0-4]	Speed: 13600.62 samples/sec	cross-entropy=1.285482	gmrt_in_air10-accuracy=3.200000
2023-11-08 14:26:24,423 [INFO]  Epoch[4] Train-cross-entropy=1.338944
2023-11-08 14:26:24,423 [INFO]  Epoch[4] Train-gmrt_in_air10-accuracy=2.750000
2023-11-08 14:26:24,423 [INFO]  Epoch[4] Time cost=0.010
2023-11-08 14:26:24,425 [INFO]  Saved checkpoint to "./imputer_model/imputer_model_gmrt_in_air10/model-0004.params"
2023-11-08 14:26:24,426 [INFO]  Epoch[4] Validation-cross-entropy=9.815954
2023-11-08 14:26:24,426 [INFO]  Epoch[4] Validation-gmrt_in_air10-accuracy=0.000000
2023-11-08 14:26:24,426 [INFO]  
========== done (0.06593441963195801 s) fit model
2023-11-08 14:40:22,074 [INFO]  
========== start: fit model
2023-11-08 14:40:22,074 [WARNING]  Already bound, ignoring bind()
2023-11-08 14:40:22,081 [INFO]  Epoch[0] Batch [0-4]	Speed: 13730.01 samples/sec	cross-entropy=19.348020	gmrt_in_air10-accuracy=0.000000
2023-11-08 14:40:22,085 [INFO]  Epoch[0] Train-cross-entropy=15.751745
2023-11-08 14:40:22,085 [INFO]  Epoch[0] Train-gmrt_in_air10-accuracy=0.000000
2023-11-08 14:40:22,085 [INFO]  Epoch[0] Time cost=0.010
2023-11-08 14:40:22,086 [INFO]  Saved checkpoint to "./imputer_model/imputer_model_gmrt_in_air10/model-0000.params"
2023-11-08 14:40:22,087 [INFO]  Epoch[0] Validation-cross-entropy=19.538713
2023-11-08 14:40:22,087 [INFO]  Epoch[0] Validation-gmrt_in_air10-accuracy=0.000000
2023-11-08 14:40:22,093 [INFO]  Epoch[1] Batch [0-4]	Speed: 14449.88 samples/sec	cross-entropy=34.306737	gmrt_in_air10-accuracy=0.000000
2023-11-08 14:40:22,096 [INFO]  Epoch[1] Train-cross-entropy=23.732201
2023-11-08 14:40:22,096 [INFO]  Epoch[1] Train-gmrt_in_air10-accuracy=0.000000
2023-11-08 14:40:22,096 [INFO]  Epoch[1] Time cost=0.009
2023-11-08 14:40:22,097 [INFO]  Saved checkpoint to "./imputer_model/imputer_model_gmrt_in_air10/model-0001.params"
2023-11-08 14:40:22,098 [INFO]  Epoch[1] Validation-cross-entropy=7.392126
2023-11-08 14:40:22,098 [INFO]  Epoch[1] Validation-gmrt_in_air10-accuracy=0.000000
2023-11-08 14:40:22,103 [INFO]  Epoch[2] Batch [0-4]	Speed: 16131.94 samples/sec	cross-entropy=6.838531	gmrt_in_air10-accuracy=0.000000
2023-11-08 14:40:22,106 [INFO]  Epoch[2] Train-cross-entropy=4.816088
2023-11-08 14:40:22,106 [INFO]  Epoch[2] Train-gmrt_in_air10-accuracy=0.000000
2023-11-08 14:40:22,106 [INFO]  Epoch[2] Time cost=0.008
2023-11-08 14:40:22,108 [INFO]  Saved checkpoint to "./imputer_model/imputer_model_gmrt_in_air10/model-0002.params"
2023-11-08 14:40:22,108 [INFO]  Epoch[2] Validation-cross-entropy=5.934363
2023-11-08 14:40:22,108 [INFO]  Epoch[2] Validation-gmrt_in_air10-accuracy=0.000000
2023-11-08 14:40:22,113 [INFO]  Epoch[3] Batch [0-4]	Speed: 16409.04 samples/sec	cross-entropy=4.868201	gmrt_in_air10-accuracy=0.000000
2023-11-08 14:40:22,116 [INFO]  Epoch[3] Train-cross-entropy=3.457729
2023-11-08 14:40:22,116 [INFO]  Epoch[3] Train-gmrt_in_air10-accuracy=0.000000
2023-11-08 14:40:22,116 [INFO]  Epoch[3] Time cost=0.008
2023-11-08 14:40:22,118 [INFO]  Saved checkpoint to "./imputer_model/imputer_model_gmrt_in_air10/model-0003.params"
2023-11-08 14:40:22,118 [INFO]  Epoch[3] Validation-cross-entropy=4.690610
2023-11-08 14:40:22,118 [INFO]  Epoch[3] Validation-gmrt_in_air10-accuracy=0.000000
2023-11-08 14:40:22,123 [INFO]  Epoch[4] Batch [0-4]	Speed: 17376.71 samples/sec	cross-entropy=1.355962	gmrt_in_air10-accuracy=0.000000
2023-11-08 14:40:22,126 [INFO]  Epoch[4] Train-cross-entropy=1.196368
2023-11-08 14:40:22,126 [INFO]  Epoch[4] Train-gmrt_in_air10-accuracy=0.000000
2023-11-08 14:40:22,126 [INFO]  Epoch[4] Time cost=0.008
2023-11-08 14:40:22,128 [INFO]  Saved checkpoint to "./imputer_model/imputer_model_gmrt_in_air10/model-0004.params"
2023-11-08 14:40:22,128 [INFO]  Epoch[4] Validation-cross-entropy=2.923212
2023-11-08 14:40:22,128 [INFO]  Epoch[4] Validation-gmrt_in_air10-accuracy=0.000000
2023-11-08 14:40:22,128 [INFO]  
========== done (0.054175376892089844 s) fit model
2023-11-08 14:54:27,184 [INFO]  
========== start: fit model
2023-11-08 14:54:27,184 [WARNING]  Already bound, ignoring bind()
2023-11-08 14:54:27,196 [INFO]  Epoch[0] Batch [0-4]	Speed: 10498.47 samples/sec	cross-entropy=18.941185	gmrt_in_air10-accuracy=3.000000
2023-11-08 14:54:27,200 [INFO]  Epoch[0] Train-cross-entropy=24.535855
2023-11-08 14:54:27,201 [INFO]  Epoch[0] Train-gmrt_in_air10-accuracy=2.500000
2023-11-08 14:54:27,201 [INFO]  Epoch[0] Time cost=0.014
2023-11-08 14:54:27,203 [INFO]  Saved checkpoint to "./imputer_model/imputer_model_gmrt_in_air10/model-0000.params"
2023-11-08 14:54:27,204 [INFO]  Epoch[0] Validation-cross-entropy=46.558128
2023-11-08 14:54:27,204 [INFO]  Epoch[0] Validation-gmrt_in_air10-accuracy=0.000000
2023-11-08 14:54:27,209 [INFO]  Epoch[1] Batch [0-4]	Speed: 15457.53 samples/sec	cross-entropy=36.490768	gmrt_in_air10-accuracy=3.000000
2023-11-08 14:54:27,212 [INFO]  Epoch[1] Train-cross-entropy=30.008055
2023-11-08 14:54:27,213 [INFO]  Epoch[1] Train-gmrt_in_air10-accuracy=2.500000
2023-11-08 14:54:27,213 [INFO]  Epoch[1] Time cost=0.009
2023-11-08 14:54:27,214 [INFO]  Saved checkpoint to "./imputer_model/imputer_model_gmrt_in_air10/model-0001.params"
2023-11-08 14:54:27,215 [INFO]  Epoch[1] Validation-cross-entropy=44.121632
2023-11-08 14:54:27,215 [INFO]  Epoch[1] Validation-gmrt_in_air10-accuracy=0.000000
2023-11-08 14:54:27,220 [INFO]  Epoch[2] Batch [0-4]	Speed: 18043.66 samples/sec	cross-entropy=4.667246	gmrt_in_air10-accuracy=3.000000
2023-11-08 14:54:27,222 [INFO]  Epoch[2] Train-cross-entropy=7.076590
2023-11-08 14:54:27,222 [INFO]  Epoch[2] Train-gmrt_in_air10-accuracy=2.500000
2023-11-08 14:54:27,223 [INFO]  Epoch[2] Time cost=0.008
2023-11-08 14:54:27,224 [INFO]  Saved checkpoint to "./imputer_model/imputer_model_gmrt_in_air10/model-0002.params"
2023-11-08 14:54:27,224 [INFO]  Epoch[2] Validation-cross-entropy=47.715908
2023-11-08 14:54:27,224 [INFO]  Epoch[2] Validation-gmrt_in_air10-accuracy=0.000000
2023-11-08 14:54:27,229 [INFO]  Epoch[3] Batch [0-4]	Speed: 16958.46 samples/sec	cross-entropy=3.046170	gmrt_in_air10-accuracy=3.000000
2023-11-08 14:54:27,232 [INFO]  Epoch[3] Train-cross-entropy=2.784128
2023-11-08 14:54:27,232 [INFO]  Epoch[3] Train-gmrt_in_air10-accuracy=2.500000
2023-11-08 14:54:27,232 [INFO]  Epoch[3] Time cost=0.008
2023-11-08 14:54:27,234 [INFO]  Saved checkpoint to "./imputer_model/imputer_model_gmrt_in_air10/model-0003.params"
2023-11-08 14:54:27,234 [INFO]  Epoch[3] Validation-cross-entropy=53.790291
2023-11-08 14:54:27,234 [INFO]  Epoch[3] Validation-gmrt_in_air10-accuracy=0.000000
2023-11-08 14:54:27,239 [INFO]  Epoch[4] Batch [0-4]	Speed: 16927.45 samples/sec	cross-entropy=2.189950	gmrt_in_air10-accuracy=3.000000
2023-11-08 14:54:27,242 [INFO]  Epoch[4] Train-cross-entropy=1.624285
2023-11-08 14:54:27,242 [INFO]  Epoch[4] Train-gmrt_in_air10-accuracy=2.500000
2023-11-08 14:54:27,242 [INFO]  Epoch[4] Time cost=0.008
2023-11-08 14:54:27,243 [INFO]  Saved checkpoint to "./imputer_model/imputer_model_gmrt_in_air10/model-0004.params"
2023-11-08 14:54:27,244 [INFO]  Epoch[4] Validation-cross-entropy=51.590591
2023-11-08 14:54:27,244 [INFO]  Epoch[4] Validation-gmrt_in_air10-accuracy=0.000000
2023-11-08 14:54:27,244 [INFO]  
========== done (0.059868812561035156 s) fit model
