2023-11-08 12:32:56,915 [INFO]  
========== start: fit model
2023-11-08 12:32:56,915 [WARNING]  Already bound, ignoring bind()
2023-11-08 12:32:56,924 [INFO]  Epoch[0] Batch [0-4]	Speed: 9903.17 samples/sec	cross-entropy=27.454560	gmrt_in_air3-accuracy=0.000000
2023-11-08 12:32:56,928 [INFO]  Epoch[0] Train-cross-entropy=28.142487
2023-11-08 12:32:56,929 [INFO]  Epoch[0] Train-gmrt_in_air3-accuracy=0.000000
2023-11-08 12:32:56,929 [INFO]  Epoch[0] Time cost=0.013
2023-11-08 12:32:56,932 [INFO]  Saved checkpoint to "./imputer_model/imputer_model_gmrt_in_air3/model-0000.params"
2023-11-08 12:32:56,932 [INFO]  Epoch[0] Validation-cross-entropy=22.743462
2023-11-08 12:32:56,933 [INFO]  Epoch[0] Validation-gmrt_in_air3-accuracy=0.000000
2023-11-08 12:32:56,938 [INFO]  Epoch[1] Batch [0-4]	Speed: 14959.62 samples/sec	cross-entropy=43.896958	gmrt_in_air3-accuracy=0.000000
2023-11-08 12:32:56,942 [INFO]  Epoch[1] Train-cross-entropy=40.407278
2023-11-08 12:32:56,942 [INFO]  Epoch[1] Train-gmrt_in_air3-accuracy=0.000000
2023-11-08 12:32:56,942 [INFO]  Epoch[1] Time cost=0.010
2023-11-08 12:32:56,944 [INFO]  Saved checkpoint to "./imputer_model/imputer_model_gmrt_in_air3/model-0001.params"
2023-11-08 12:32:56,945 [INFO]  Epoch[1] Validation-cross-entropy=28.796223
2023-11-08 12:32:56,945 [INFO]  Epoch[1] Validation-gmrt_in_air3-accuracy=0.000000
2023-11-08 12:32:56,951 [INFO]  Epoch[2] Batch [0-4]	Speed: 13986.11 samples/sec	cross-entropy=8.646808	gmrt_in_air3-accuracy=0.000000
2023-11-08 12:32:56,954 [INFO]  Epoch[2] Train-cross-entropy=8.107644
2023-11-08 12:32:56,954 [INFO]  Epoch[2] Train-gmrt_in_air3-accuracy=0.000000
2023-11-08 12:32:56,954 [INFO]  Epoch[2] Time cost=0.009
2023-11-08 12:32:56,956 [INFO]  Saved checkpoint to "./imputer_model/imputer_model_gmrt_in_air3/model-0002.params"
2023-11-08 12:32:56,956 [INFO]  Epoch[2] Validation-cross-entropy=29.919428
2023-11-08 12:32:56,956 [INFO]  Epoch[2] Validation-gmrt_in_air3-accuracy=0.000000
2023-11-08 12:32:56,962 [INFO]  Epoch[3] Batch [0-4]	Speed: 14134.88 samples/sec	cross-entropy=4.983190	gmrt_in_air3-accuracy=0.000000
2023-11-08 12:32:56,965 [INFO]  Epoch[3] Train-cross-entropy=3.960043
2023-11-08 12:32:56,966 [INFO]  Epoch[3] Train-gmrt_in_air3-accuracy=0.000000
2023-11-08 12:32:56,966 [INFO]  Epoch[3] Time cost=0.009
2023-11-08 12:32:56,967 [INFO]  Saved checkpoint to "./imputer_model/imputer_model_gmrt_in_air3/model-0003.params"
2023-11-08 12:32:56,968 [INFO]  Epoch[3] Validation-cross-entropy=13.660087
2023-11-08 12:32:56,968 [INFO]  Epoch[3] Validation-gmrt_in_air3-accuracy=0.000000
2023-11-08 12:32:56,973 [INFO]  Epoch[4] Batch [0-4]	Speed: 14418.84 samples/sec	cross-entropy=3.600210	gmrt_in_air3-accuracy=0.000000
2023-11-08 12:32:56,977 [INFO]  Epoch[4] Train-cross-entropy=2.569976
2023-11-08 12:32:56,977 [INFO]  Epoch[4] Train-gmrt_in_air3-accuracy=0.000000
2023-11-08 12:32:56,977 [INFO]  Epoch[4] Time cost=0.009
2023-11-08 12:32:56,978 [INFO]  Saved checkpoint to "./imputer_model/imputer_model_gmrt_in_air3/model-0004.params"
2023-11-08 12:32:56,979 [INFO]  Epoch[4] Validation-cross-entropy=14.270075
2023-11-08 12:32:56,979 [INFO]  Epoch[4] Validation-gmrt_in_air3-accuracy=0.000000
2023-11-08 12:32:56,979 [INFO]  
========== done (0.06416487693786621 s) fit model
2023-11-08 13:03:59,237 [INFO]  
========== start: fit model
2023-11-08 13:03:59,238 [WARNING]  Already bound, ignoring bind()
2023-11-08 13:03:59,251 [INFO]  Epoch[0] Batch [0-4]	Speed: 13265.90 samples/sec	cross-entropy=29.051693	gmrt_in_air3-accuracy=3.200000
2023-11-08 13:03:59,254 [INFO]  Epoch[0] Train-cross-entropy=26.123726
2023-11-08 13:03:59,254 [INFO]  Epoch[0] Train-gmrt_in_air3-accuracy=3.375000
2023-11-08 13:03:59,255 [INFO]  Epoch[0] Time cost=0.016
2023-11-08 13:03:59,256 [INFO]  Saved checkpoint to "./imputer_model/imputer_model_gmrt_in_air3/model-0000.params"
2023-11-08 13:03:59,257 [INFO]  Epoch[0] Validation-cross-entropy=49.711933
2023-11-08 13:03:59,257 [INFO]  Epoch[0] Validation-gmrt_in_air3-accuracy=0.000000
2023-11-08 13:03:59,262 [INFO]  Epoch[1] Batch [0-4]	Speed: 14259.52 samples/sec	cross-entropy=30.695725	gmrt_in_air3-accuracy=3.200000
2023-11-08 13:03:59,267 [INFO]  Epoch[1] Train-cross-entropy=27.898833
2023-11-08 13:03:59,267 [INFO]  Epoch[1] Train-gmrt_in_air3-accuracy=3.375000
2023-11-08 13:03:59,268 [INFO]  Epoch[1] Time cost=0.011
2023-11-08 13:03:59,271 [INFO]  Saved checkpoint to "./imputer_model/imputer_model_gmrt_in_air3/model-0001.params"
2023-11-08 13:03:59,272 [INFO]  Epoch[1] Validation-cross-entropy=35.445206
2023-11-08 13:03:59,272 [INFO]  Epoch[1] Validation-gmrt_in_air3-accuracy=0.000000
2023-11-08 13:03:59,278 [INFO]  Epoch[2] Batch [0-4]	Speed: 15453.08 samples/sec	cross-entropy=4.151823	gmrt_in_air3-accuracy=3.200000
2023-11-08 13:03:59,281 [INFO]  Epoch[2] Train-cross-entropy=3.731304
2023-11-08 13:03:59,281 [INFO]  Epoch[2] Train-gmrt_in_air3-accuracy=3.375000
2023-11-08 13:03:59,281 [INFO]  Epoch[2] Time cost=0.009
2023-11-08 13:03:59,283 [INFO]  Saved checkpoint to "./imputer_model/imputer_model_gmrt_in_air3/model-0002.params"
2023-11-08 13:03:59,284 [INFO]  Epoch[2] Validation-cross-entropy=28.376694
2023-11-08 13:03:59,284 [INFO]  Epoch[2] Validation-gmrt_in_air3-accuracy=0.000000
2023-11-08 13:03:59,289 [INFO]  Epoch[3] Batch [0-4]	Speed: 15947.92 samples/sec	cross-entropy=2.273002	gmrt_in_air3-accuracy=3.200000
2023-11-08 13:03:59,292 [INFO]  Epoch[3] Train-cross-entropy=2.195156
2023-11-08 13:03:59,293 [INFO]  Epoch[3] Train-gmrt_in_air3-accuracy=3.375000
2023-11-08 13:03:59,293 [INFO]  Epoch[3] Time cost=0.008
2023-11-08 13:03:59,294 [INFO]  Saved checkpoint to "./imputer_model/imputer_model_gmrt_in_air3/model-0003.params"
2023-11-08 13:03:59,295 [INFO]  Epoch[3] Validation-cross-entropy=36.480778
2023-11-08 13:03:59,295 [INFO]  Epoch[3] Validation-gmrt_in_air3-accuracy=0.000000
2023-11-08 13:03:59,300 [INFO]  Epoch[4] Batch [0-4]	Speed: 15099.31 samples/sec	cross-entropy=0.722556	gmrt_in_air3-accuracy=3.200000
2023-11-08 13:03:59,304 [INFO]  Epoch[4] Train-cross-entropy=0.782604
2023-11-08 13:03:59,304 [INFO]  Epoch[4] Train-gmrt_in_air3-accuracy=3.375000
2023-11-08 13:03:59,304 [INFO]  Epoch[4] Time cost=0.009
2023-11-08 13:03:59,307 [INFO]  Saved checkpoint to "./imputer_model/imputer_model_gmrt_in_air3/model-0004.params"
2023-11-08 13:03:59,307 [INFO]  Epoch[4] Validation-cross-entropy=35.088943
2023-11-08 13:03:59,308 [INFO]  Epoch[4] Validation-gmrt_in_air3-accuracy=0.000000
2023-11-08 13:03:59,308 [INFO]  
========== done (0.07035279273986816 s) fit model
2023-11-08 13:17:27,017 [INFO]  
========== start: fit model
2023-11-08 13:17:27,017 [WARNING]  Already bound, ignoring bind()
2023-11-08 13:17:27,024 [INFO]  Epoch[0] Batch [0-4]	Speed: 12569.56 samples/sec	cross-entropy=20.851468	gmrt_in_air3-accuracy=3.200000
2023-11-08 13:17:27,030 [INFO]  Epoch[0] Train-cross-entropy=20.589372
2023-11-08 13:17:27,030 [INFO]  Epoch[0] Train-gmrt_in_air3-accuracy=3.125000
2023-11-08 13:17:27,030 [INFO]  Epoch[0] Time cost=0.012
2023-11-08 13:17:27,034 [INFO]  Saved checkpoint to "./imputer_model/imputer_model_gmrt_in_air3/model-0000.params"
2023-11-08 13:17:27,035 [INFO]  Epoch[0] Validation-cross-entropy=23.689939
2023-11-08 13:17:27,035 [INFO]  Epoch[0] Validation-gmrt_in_air3-accuracy=0.000000
2023-11-08 13:17:27,043 [INFO]  Epoch[1] Batch [0-4]	Speed: 10203.57 samples/sec	cross-entropy=45.142904	gmrt_in_air3-accuracy=3.200000
2023-11-08 13:17:27,049 [INFO]  Epoch[1] Train-cross-entropy=36.733096
2023-11-08 13:17:27,049 [INFO]  Epoch[1] Train-gmrt_in_air3-accuracy=3.125000
2023-11-08 13:17:27,049 [INFO]  Epoch[1] Time cost=0.014
2023-11-08 13:17:27,051 [INFO]  Saved checkpoint to "./imputer_model/imputer_model_gmrt_in_air3/model-0001.params"
2023-11-08 13:17:27,052 [INFO]  Epoch[1] Validation-cross-entropy=18.620836
2023-11-08 13:17:27,052 [INFO]  Epoch[1] Validation-gmrt_in_air3-accuracy=0.000000
2023-11-08 13:17:27,059 [INFO]  Epoch[2] Batch [0-4]	Speed: 12457.56 samples/sec	cross-entropy=16.731750	gmrt_in_air3-accuracy=3.200000
2023-11-08 13:17:27,062 [INFO]  Epoch[2] Train-cross-entropy=12.761548
2023-11-08 13:17:27,062 [INFO]  Epoch[2] Train-gmrt_in_air3-accuracy=3.125000
2023-11-08 13:17:27,063 [INFO]  Epoch[2] Time cost=0.010
2023-11-08 13:17:27,064 [INFO]  Saved checkpoint to "./imputer_model/imputer_model_gmrt_in_air3/model-0002.params"
2023-11-08 13:17:27,065 [INFO]  Epoch[2] Validation-cross-entropy=16.180073
2023-11-08 13:17:27,065 [INFO]  Epoch[2] Validation-gmrt_in_air3-accuracy=0.000000
2023-11-08 13:17:27,071 [INFO]  Epoch[3] Batch [0-4]	Speed: 12404.60 samples/sec	cross-entropy=7.425038	gmrt_in_air3-accuracy=3.200000
2023-11-08 13:17:27,075 [INFO]  Epoch[3] Train-cross-entropy=5.534116
2023-11-08 13:17:27,075 [INFO]  Epoch[3] Train-gmrt_in_air3-accuracy=3.125000
2023-11-08 13:17:27,075 [INFO]  Epoch[3] Time cost=0.010
2023-11-08 13:17:27,076 [INFO]  Saved checkpoint to "./imputer_model/imputer_model_gmrt_in_air3/model-0003.params"
2023-11-08 13:17:27,076 [INFO]  Epoch[3] Validation-cross-entropy=12.593122
2023-11-08 13:17:27,076 [INFO]  Epoch[3] Validation-gmrt_in_air3-accuracy=0.000000
2023-11-08 13:17:27,082 [INFO]  Epoch[4] Batch [0-4]	Speed: 14952.96 samples/sec	cross-entropy=3.960322	gmrt_in_air3-accuracy=3.200000
2023-11-08 13:17:27,085 [INFO]  Epoch[4] Train-cross-entropy=2.820354
2023-11-08 13:17:27,085 [INFO]  Epoch[4] Train-gmrt_in_air3-accuracy=3.125000
2023-11-08 13:17:27,085 [INFO]  Epoch[4] Time cost=0.009
2023-11-08 13:17:27,086 [INFO]  Saved checkpoint to "./imputer_model/imputer_model_gmrt_in_air3/model-0004.params"
2023-11-08 13:17:27,087 [INFO]  Epoch[4] Validation-cross-entropy=11.878759
2023-11-08 13:17:27,087 [INFO]  Epoch[4] Validation-gmrt_in_air3-accuracy=0.000000
2023-11-08 13:17:27,087 [INFO]  
========== done (0.06990623474121094 s) fit model
2023-11-08 13:30:47,991 [INFO]  
========== start: fit model
2023-11-08 13:30:47,992 [WARNING]  Already bound, ignoring bind()
2023-11-08 13:30:48,000 [INFO]  Epoch[0] Batch [0-4]	Speed: 10616.81 samples/sec	cross-entropy=18.743462	gmrt_in_air3-accuracy=3.000000
2023-11-08 13:30:48,005 [INFO]  Epoch[0] Train-cross-entropy=20.307112
2023-11-08 13:30:48,005 [INFO]  Epoch[0] Train-gmrt_in_air3-accuracy=2.875000
2023-11-08 13:30:48,005 [INFO]  Epoch[0] Time cost=0.013
2023-11-08 13:30:48,008 [INFO]  Saved checkpoint to "./imputer_model/imputer_model_gmrt_in_air3/model-0000.params"
2023-11-08 13:30:48,009 [INFO]  Epoch[0] Validation-cross-entropy=6.540078
2023-11-08 13:30:48,009 [INFO]  Epoch[0] Validation-gmrt_in_air3-accuracy=0.000000
2023-11-08 13:30:48,015 [INFO]  Epoch[1] Batch [0-4]	Speed: 12786.29 samples/sec	cross-entropy=28.848161	gmrt_in_air3-accuracy=3.000000
2023-11-08 13:30:48,019 [INFO]  Epoch[1] Train-cross-entropy=20.993880
2023-11-08 13:30:48,019 [INFO]  Epoch[1] Train-gmrt_in_air3-accuracy=2.875000
2023-11-08 13:30:48,019 [INFO]  Epoch[1] Time cost=0.010
2023-11-08 13:30:48,021 [INFO]  Saved checkpoint to "./imputer_model/imputer_model_gmrt_in_air3/model-0001.params"
2023-11-08 13:30:48,022 [INFO]  Epoch[1] Validation-cross-entropy=12.171440
2023-11-08 13:30:48,022 [INFO]  Epoch[1] Validation-gmrt_in_air3-accuracy=0.000000
2023-11-08 13:30:48,028 [INFO]  Epoch[2] Batch [0-4]	Speed: 14005.82 samples/sec	cross-entropy=3.371841	gmrt_in_air3-accuracy=3.000000
2023-11-08 13:30:48,031 [INFO]  Epoch[2] Train-cross-entropy=4.915450
2023-11-08 13:30:48,032 [INFO]  Epoch[2] Train-gmrt_in_air3-accuracy=2.875000
2023-11-08 13:30:48,032 [INFO]  Epoch[2] Time cost=0.009
2023-11-08 13:30:48,033 [INFO]  Saved checkpoint to "./imputer_model/imputer_model_gmrt_in_air3/model-0002.params"
2023-11-08 13:30:48,034 [INFO]  Epoch[2] Validation-cross-entropy=10.227777
2023-11-08 13:30:48,034 [INFO]  Epoch[2] Validation-gmrt_in_air3-accuracy=0.000000
2023-11-08 13:30:48,040 [INFO]  Epoch[3] Batch [0-4]	Speed: 14498.27 samples/sec	cross-entropy=3.313785	gmrt_in_air3-accuracy=3.000000
2023-11-08 13:30:48,043 [INFO]  Epoch[3] Train-cross-entropy=3.458980
2023-11-08 13:30:48,043 [INFO]  Epoch[3] Train-gmrt_in_air3-accuracy=2.875000
2023-11-08 13:30:48,043 [INFO]  Epoch[3] Time cost=0.009
2023-11-08 13:30:48,045 [INFO]  Saved checkpoint to "./imputer_model/imputer_model_gmrt_in_air3/model-0003.params"
2023-11-08 13:30:48,045 [INFO]  Epoch[3] Validation-cross-entropy=6.565281
2023-11-08 13:30:48,045 [INFO]  Epoch[3] Validation-gmrt_in_air3-accuracy=0.000000
2023-11-08 13:30:48,051 [INFO]  Epoch[4] Batch [0-4]	Speed: 14264.82 samples/sec	cross-entropy=1.404116	gmrt_in_air3-accuracy=3.000000
2023-11-08 13:30:48,054 [INFO]  Epoch[4] Train-cross-entropy=1.109772
2023-11-08 13:30:48,054 [INFO]  Epoch[4] Train-gmrt_in_air3-accuracy=2.875000
2023-11-08 13:30:48,055 [INFO]  Epoch[4] Time cost=0.009
2023-11-08 13:30:48,056 [INFO]  Saved checkpoint to "./imputer_model/imputer_model_gmrt_in_air3/model-0004.params"
2023-11-08 13:30:48,057 [INFO]  Epoch[4] Validation-cross-entropy=6.831472
2023-11-08 13:30:48,057 [INFO]  Epoch[4] Validation-gmrt_in_air3-accuracy=0.000000
2023-11-08 13:30:48,057 [INFO]  
========== done (0.06537652015686035 s) fit model
2023-11-08 13:44:07,848 [INFO]  
========== start: fit model
2023-11-08 13:44:07,848 [WARNING]  Already bound, ignoring bind()
2023-11-08 13:44:07,855 [INFO]  Epoch[0] Batch [0-4]	Speed: 14024.84 samples/sec	cross-entropy=23.751678	gmrt_in_air3-accuracy=0.000000
2023-11-08 13:44:07,859 [INFO]  Epoch[0] Train-cross-entropy=20.679523
2023-11-08 13:44:07,859 [INFO]  Epoch[0] Train-gmrt_in_air3-accuracy=0.000000
2023-11-08 13:44:07,859 [INFO]  Epoch[0] Time cost=0.010
2023-11-08 13:44:07,860 [INFO]  Saved checkpoint to "./imputer_model/imputer_model_gmrt_in_air3/model-0000.params"
2023-11-08 13:44:07,860 [INFO]  Epoch[0] Validation-cross-entropy=43.814064
2023-11-08 13:44:07,860 [INFO]  Epoch[0] Validation-gmrt_in_air3-accuracy=0.000000
2023-11-08 13:44:07,867 [INFO]  Epoch[1] Batch [0-4]	Speed: 11312.55 samples/sec	cross-entropy=31.745196	gmrt_in_air3-accuracy=0.000000
2023-11-08 13:44:07,872 [INFO]  Epoch[1] Train-cross-entropy=27.993489
2023-11-08 13:44:07,873 [INFO]  Epoch[1] Train-gmrt_in_air3-accuracy=0.000000
2023-11-08 13:44:07,873 [INFO]  Epoch[1] Time cost=0.012
2023-11-08 13:44:07,876 [INFO]  Saved checkpoint to "./imputer_model/imputer_model_gmrt_in_air3/model-0001.params"
2023-11-08 13:44:07,877 [INFO]  Epoch[1] Validation-cross-entropy=13.815907
2023-11-08 13:44:07,877 [INFO]  Epoch[1] Validation-gmrt_in_air3-accuracy=0.000000
2023-11-08 13:44:07,882 [INFO]  Epoch[2] Batch [0-4]	Speed: 16707.25 samples/sec	cross-entropy=5.521865	gmrt_in_air3-accuracy=0.000000
2023-11-08 13:44:07,885 [INFO]  Epoch[2] Train-cross-entropy=6.891478
2023-11-08 13:44:07,885 [INFO]  Epoch[2] Train-gmrt_in_air3-accuracy=0.000000
2023-11-08 13:44:07,885 [INFO]  Epoch[2] Time cost=0.008
2023-11-08 13:44:07,887 [INFO]  Saved checkpoint to "./imputer_model/imputer_model_gmrt_in_air3/model-0002.params"
2023-11-08 13:44:07,888 [INFO]  Epoch[2] Validation-cross-entropy=11.576394
2023-11-08 13:44:07,888 [INFO]  Epoch[2] Validation-gmrt_in_air3-accuracy=0.000000
2023-11-08 13:44:07,892 [INFO]  Epoch[3] Batch [0-4]	Speed: 18061.87 samples/sec	cross-entropy=3.344331	gmrt_in_air3-accuracy=0.000000
2023-11-08 13:44:07,895 [INFO]  Epoch[3] Train-cross-entropy=3.720806
2023-11-08 13:44:07,895 [INFO]  Epoch[3] Train-gmrt_in_air3-accuracy=0.000000
2023-11-08 13:44:07,895 [INFO]  Epoch[3] Time cost=0.007
2023-11-08 13:44:07,897 [INFO]  Saved checkpoint to "./imputer_model/imputer_model_gmrt_in_air3/model-0003.params"
2023-11-08 13:44:07,897 [INFO]  Epoch[3] Validation-cross-entropy=10.319030
2023-11-08 13:44:07,897 [INFO]  Epoch[3] Validation-gmrt_in_air3-accuracy=0.000000
2023-11-08 13:44:07,902 [INFO]  Epoch[4] Batch [0-4]	Speed: 15285.89 samples/sec	cross-entropy=1.303975	gmrt_in_air3-accuracy=0.000000
2023-11-08 13:44:07,906 [INFO]  Epoch[4] Train-cross-entropy=1.354405
2023-11-08 13:44:07,906 [INFO]  Epoch[4] Train-gmrt_in_air3-accuracy=0.000000
2023-11-08 13:44:07,906 [INFO]  Epoch[4] Time cost=0.009
2023-11-08 13:44:07,908 [INFO]  Saved checkpoint to "./imputer_model/imputer_model_gmrt_in_air3/model-0004.params"
2023-11-08 13:44:07,908 [INFO]  Epoch[4] Validation-cross-entropy=8.861913
2023-11-08 13:44:07,908 [INFO]  Epoch[4] Validation-gmrt_in_air3-accuracy=0.000000
2023-11-08 13:44:07,908 [INFO]  
========== done (0.060457706451416016 s) fit model
2023-11-08 13:57:29,603 [INFO]  
========== start: fit model
2023-11-08 13:57:29,603 [WARNING]  Already bound, ignoring bind()
2023-11-08 13:57:29,610 [INFO]  Epoch[0] Batch [0-4]	Speed: 14156.49 samples/sec	cross-entropy=20.984016	gmrt_in_air3-accuracy=0.000000
2023-11-08 13:57:29,613 [INFO]  Epoch[0] Train-cross-entropy=23.255528
2023-11-08 13:57:29,613 [INFO]  Epoch[0] Train-gmrt_in_air3-accuracy=0.000000
2023-11-08 13:57:29,613 [INFO]  Epoch[0] Time cost=0.010
2023-11-08 13:57:29,614 [INFO]  Saved checkpoint to "./imputer_model/imputer_model_gmrt_in_air3/model-0000.params"
2023-11-08 13:57:29,615 [INFO]  Epoch[0] Validation-cross-entropy=24.263615
2023-11-08 13:57:29,615 [INFO]  Epoch[0] Validation-gmrt_in_air3-accuracy=0.000000
2023-11-08 13:57:29,620 [INFO]  Epoch[1] Batch [0-4]	Speed: 14771.11 samples/sec	cross-entropy=59.982980	gmrt_in_air3-accuracy=0.000000
2023-11-08 13:57:29,624 [INFO]  Epoch[1] Train-cross-entropy=50.352259
2023-11-08 13:57:29,624 [INFO]  Epoch[1] Train-gmrt_in_air3-accuracy=0.000000
2023-11-08 13:57:29,624 [INFO]  Epoch[1] Time cost=0.009
2023-11-08 13:57:29,625 [INFO]  Saved checkpoint to "./imputer_model/imputer_model_gmrt_in_air3/model-0001.params"
2023-11-08 13:57:29,626 [INFO]  Epoch[1] Validation-cross-entropy=27.148966
2023-11-08 13:57:29,626 [INFO]  Epoch[1] Validation-gmrt_in_air3-accuracy=0.000000
2023-11-08 13:57:29,631 [INFO]  Epoch[2] Batch [0-4]	Speed: 15987.82 samples/sec	cross-entropy=21.369312	gmrt_in_air3-accuracy=0.000000
2023-11-08 13:57:29,634 [INFO]  Epoch[2] Train-cross-entropy=18.184433
2023-11-08 13:57:29,634 [INFO]  Epoch[2] Train-gmrt_in_air3-accuracy=0.000000
2023-11-08 13:57:29,634 [INFO]  Epoch[2] Time cost=0.008
2023-11-08 13:57:29,635 [INFO]  Saved checkpoint to "./imputer_model/imputer_model_gmrt_in_air3/model-0002.params"
2023-11-08 13:57:29,636 [INFO]  Epoch[2] Validation-cross-entropy=20.325794
2023-11-08 13:57:29,636 [INFO]  Epoch[2] Validation-gmrt_in_air3-accuracy=0.000000
2023-11-08 13:57:29,641 [INFO]  Epoch[3] Batch [0-4]	Speed: 16632.72 samples/sec	cross-entropy=5.770936	gmrt_in_air3-accuracy=0.000000
2023-11-08 13:57:29,644 [INFO]  Epoch[3] Train-cross-entropy=5.694444
2023-11-08 13:57:29,644 [INFO]  Epoch[3] Train-gmrt_in_air3-accuracy=0.000000
2023-11-08 13:57:29,644 [INFO]  Epoch[3] Time cost=0.008
2023-11-08 13:57:29,645 [INFO]  Saved checkpoint to "./imputer_model/imputer_model_gmrt_in_air3/model-0003.params"
2023-11-08 13:57:29,645 [INFO]  Epoch[3] Validation-cross-entropy=16.183346
2023-11-08 13:57:29,645 [INFO]  Epoch[3] Validation-gmrt_in_air3-accuracy=0.000000
2023-11-08 13:57:29,650 [INFO]  Epoch[4] Batch [0-4]	Speed: 17180.97 samples/sec	cross-entropy=3.324230	gmrt_in_air3-accuracy=0.000000
2023-11-08 13:57:29,653 [INFO]  Epoch[4] Train-cross-entropy=2.856553
2023-11-08 13:57:29,653 [INFO]  Epoch[4] Train-gmrt_in_air3-accuracy=0.000000
2023-11-08 13:57:29,653 [INFO]  Epoch[4] Time cost=0.008
2023-11-08 13:57:29,655 [INFO]  Saved checkpoint to "./imputer_model/imputer_model_gmrt_in_air3/model-0004.params"
2023-11-08 13:57:29,655 [INFO]  Epoch[4] Validation-cross-entropy=13.752617
2023-11-08 13:57:29,655 [INFO]  Epoch[4] Validation-gmrt_in_air3-accuracy=0.000000
2023-11-08 13:57:29,655 [INFO]  
========== done (0.05248308181762695 s) fit model
2023-11-08 14:10:54,174 [INFO]  
========== start: fit model
2023-11-08 14:10:54,174 [WARNING]  Already bound, ignoring bind()
2023-11-08 14:10:54,182 [INFO]  Epoch[0] Batch [0-4]	Speed: 11623.10 samples/sec	cross-entropy=18.982443	gmrt_in_air3-accuracy=3.000000
2023-11-08 14:10:54,187 [INFO]  Epoch[0] Train-cross-entropy=23.975239
2023-11-08 14:10:54,187 [INFO]  Epoch[0] Train-gmrt_in_air3-accuracy=2.750000
2023-11-08 14:10:54,187 [INFO]  Epoch[0] Time cost=0.012
2023-11-08 14:10:54,190 [INFO]  Saved checkpoint to "./imputer_model/imputer_model_gmrt_in_air3/model-0000.params"
2023-11-08 14:10:54,191 [INFO]  Epoch[0] Validation-cross-entropy=16.476696
2023-11-08 14:10:54,191 [INFO]  Epoch[0] Validation-gmrt_in_air3-accuracy=0.000000
2023-11-08 14:10:54,198 [INFO]  Epoch[1] Batch [0-4]	Speed: 14342.57 samples/sec	cross-entropy=42.154810	gmrt_in_air3-accuracy=3.000000
2023-11-08 14:10:54,201 [INFO]  Epoch[1] Train-cross-entropy=37.647365
2023-11-08 14:10:54,201 [INFO]  Epoch[1] Train-gmrt_in_air3-accuracy=2.750000
2023-11-08 14:10:54,202 [INFO]  Epoch[1] Time cost=0.010
2023-11-08 14:10:54,204 [INFO]  Saved checkpoint to "./imputer_model/imputer_model_gmrt_in_air3/model-0001.params"
2023-11-08 14:10:54,204 [INFO]  Epoch[1] Validation-cross-entropy=6.690779
2023-11-08 14:10:54,204 [INFO]  Epoch[1] Validation-gmrt_in_air3-accuracy=0.000000
2023-11-08 14:10:54,209 [INFO]  Epoch[2] Batch [0-4]	Speed: 17017.59 samples/sec	cross-entropy=5.946264	gmrt_in_air3-accuracy=3.000000
2023-11-08 14:10:54,212 [INFO]  Epoch[2] Train-cross-entropy=10.984881
2023-11-08 14:10:54,212 [INFO]  Epoch[2] Train-gmrt_in_air3-accuracy=2.750000
2023-11-08 14:10:54,212 [INFO]  Epoch[2] Time cost=0.008
2023-11-08 14:10:54,214 [INFO]  Saved checkpoint to "./imputer_model/imputer_model_gmrt_in_air3/model-0002.params"
2023-11-08 14:10:54,214 [INFO]  Epoch[2] Validation-cross-entropy=6.056221
2023-11-08 14:10:54,214 [INFO]  Epoch[2] Validation-gmrt_in_air3-accuracy=0.000000
2023-11-08 14:10:54,219 [INFO]  Epoch[3] Batch [0-4]	Speed: 17516.18 samples/sec	cross-entropy=3.807133	gmrt_in_air3-accuracy=3.000000
2023-11-08 14:10:54,222 [INFO]  Epoch[3] Train-cross-entropy=3.720091
2023-11-08 14:10:54,222 [INFO]  Epoch[3] Train-gmrt_in_air3-accuracy=2.750000
2023-11-08 14:10:54,222 [INFO]  Epoch[3] Time cost=0.008
2023-11-08 14:10:54,223 [INFO]  Saved checkpoint to "./imputer_model/imputer_model_gmrt_in_air3/model-0003.params"
2023-11-08 14:10:54,224 [INFO]  Epoch[3] Validation-cross-entropy=7.398706
2023-11-08 14:10:54,224 [INFO]  Epoch[3] Validation-gmrt_in_air3-accuracy=0.000000
2023-11-08 14:10:54,229 [INFO]  Epoch[4] Batch [0-4]	Speed: 14928.01 samples/sec	cross-entropy=2.334282	gmrt_in_air3-accuracy=3.000000
2023-11-08 14:10:54,232 [INFO]  Epoch[4] Train-cross-entropy=1.898227
2023-11-08 14:10:54,232 [INFO]  Epoch[4] Train-gmrt_in_air3-accuracy=2.750000
2023-11-08 14:10:54,232 [INFO]  Epoch[4] Time cost=0.009
2023-11-08 14:10:54,234 [INFO]  Saved checkpoint to "./imputer_model/imputer_model_gmrt_in_air3/model-0004.params"
2023-11-08 14:10:54,235 [INFO]  Epoch[4] Validation-cross-entropy=6.049677
2023-11-08 14:10:54,235 [INFO]  Epoch[4] Validation-gmrt_in_air3-accuracy=0.000000
2023-11-08 14:10:54,235 [INFO]  
========== done (0.06085991859436035 s) fit model
2023-11-08 14:24:25,964 [INFO]  
========== start: fit model
2023-11-08 14:24:25,964 [WARNING]  Already bound, ignoring bind()
2023-11-08 14:24:25,971 [INFO]  Epoch[0] Batch [0-4]	Speed: 13947.60 samples/sec	cross-entropy=22.243501	gmrt_in_air3-accuracy=2.800000
2023-11-08 14:24:25,975 [INFO]  Epoch[0] Train-cross-entropy=20.926199
2023-11-08 14:24:25,975 [INFO]  Epoch[0] Train-gmrt_in_air3-accuracy=3.125000
2023-11-08 14:24:25,975 [INFO]  Epoch[0] Time cost=0.010
2023-11-08 14:24:25,976 [INFO]  Saved checkpoint to "./imputer_model/imputer_model_gmrt_in_air3/model-0000.params"
2023-11-08 14:24:25,977 [INFO]  Epoch[0] Validation-cross-entropy=41.109821
2023-11-08 14:24:25,977 [INFO]  Epoch[0] Validation-gmrt_in_air3-accuracy=0.000000
2023-11-08 14:24:25,982 [INFO]  Epoch[1] Batch [0-4]	Speed: 14447.55 samples/sec	cross-entropy=27.833833	gmrt_in_air3-accuracy=2.800000
2023-11-08 14:24:25,987 [INFO]  Epoch[1] Train-cross-entropy=36.240763
2023-11-08 14:24:25,987 [INFO]  Epoch[1] Train-gmrt_in_air3-accuracy=3.125000
2023-11-08 14:24:25,987 [INFO]  Epoch[1] Time cost=0.010
2023-11-08 14:24:25,991 [INFO]  Saved checkpoint to "./imputer_model/imputer_model_gmrt_in_air3/model-0001.params"
2023-11-08 14:24:25,991 [INFO]  Epoch[1] Validation-cross-entropy=75.815041
2023-11-08 14:24:25,992 [INFO]  Epoch[1] Validation-gmrt_in_air3-accuracy=0.000000
2023-11-08 14:24:25,999 [INFO]  Epoch[2] Batch [0-4]	Speed: 10817.47 samples/sec	cross-entropy=6.420007	gmrt_in_air3-accuracy=2.800000
2023-11-08 14:24:26,004 [INFO]  Epoch[2] Train-cross-entropy=6.665598
2023-11-08 14:24:26,004 [INFO]  Epoch[2] Train-gmrt_in_air3-accuracy=3.125000
2023-11-08 14:24:26,004 [INFO]  Epoch[2] Time cost=0.012
2023-11-08 14:24:26,006 [INFO]  Saved checkpoint to "./imputer_model/imputer_model_gmrt_in_air3/model-0002.params"
2023-11-08 14:24:26,006 [INFO]  Epoch[2] Validation-cross-entropy=10.924088
2023-11-08 14:24:26,007 [INFO]  Epoch[2] Validation-gmrt_in_air3-accuracy=0.000000
2023-11-08 14:24:26,012 [INFO]  Epoch[3] Batch [0-4]	Speed: 15207.08 samples/sec	cross-entropy=2.546098	gmrt_in_air3-accuracy=2.800000
2023-11-08 14:24:26,015 [INFO]  Epoch[3] Train-cross-entropy=2.731244
2023-11-08 14:24:26,015 [INFO]  Epoch[3] Train-gmrt_in_air3-accuracy=3.125000
2023-11-08 14:24:26,015 [INFO]  Epoch[3] Time cost=0.009
2023-11-08 14:24:26,017 [INFO]  Saved checkpoint to "./imputer_model/imputer_model_gmrt_in_air3/model-0003.params"
2023-11-08 14:24:26,017 [INFO]  Epoch[3] Validation-cross-entropy=38.429634
2023-11-08 14:24:26,018 [INFO]  Epoch[3] Validation-gmrt_in_air3-accuracy=0.000000
2023-11-08 14:24:26,023 [INFO]  Epoch[4] Batch [0-4]	Speed: 14637.41 samples/sec	cross-entropy=1.185589	gmrt_in_air3-accuracy=2.800000
2023-11-08 14:24:26,026 [INFO]  Epoch[4] Train-cross-entropy=1.113681
2023-11-08 14:24:26,026 [INFO]  Epoch[4] Train-gmrt_in_air3-accuracy=3.125000
2023-11-08 14:24:26,026 [INFO]  Epoch[4] Time cost=0.009
2023-11-08 14:24:26,028 [INFO]  Saved checkpoint to "./imputer_model/imputer_model_gmrt_in_air3/model-0004.params"
2023-11-08 14:24:26,028 [INFO]  Epoch[4] Validation-cross-entropy=64.132011
2023-11-08 14:24:26,028 [INFO]  Epoch[4] Validation-gmrt_in_air3-accuracy=0.000000
2023-11-08 14:24:26,028 [INFO]  
========== done (0.06450223922729492 s) fit model
2023-11-08 14:38:18,462 [INFO]  
========== start: fit model
2023-11-08 14:38:18,462 [WARNING]  Already bound, ignoring bind()
2023-11-08 14:38:18,468 [INFO]  Epoch[0] Batch [0-4]	Speed: 16125.16 samples/sec	cross-entropy=24.634213	gmrt_in_air3-accuracy=3.200000
2023-11-08 14:38:18,471 [INFO]  Epoch[0] Train-cross-entropy=24.336384
2023-11-08 14:38:18,471 [INFO]  Epoch[0] Train-gmrt_in_air3-accuracy=2.750000
2023-11-08 14:38:18,471 [INFO]  Epoch[0] Time cost=0.009
2023-11-08 14:38:18,473 [INFO]  Saved checkpoint to "./imputer_model/imputer_model_gmrt_in_air3/model-0000.params"
2023-11-08 14:38:18,473 [INFO]  Epoch[0] Validation-cross-entropy=24.293995
2023-11-08 14:38:18,473 [INFO]  Epoch[0] Validation-gmrt_in_air3-accuracy=0.000000
2023-11-08 14:38:18,478 [INFO]  Epoch[1] Batch [0-4]	Speed: 17282.74 samples/sec	cross-entropy=38.600684	gmrt_in_air3-accuracy=3.200000
2023-11-08 14:38:18,481 [INFO]  Epoch[1] Train-cross-entropy=30.980634
2023-11-08 14:38:18,481 [INFO]  Epoch[1] Train-gmrt_in_air3-accuracy=2.750000
2023-11-08 14:38:18,481 [INFO]  Epoch[1] Time cost=0.007
2023-11-08 14:38:18,482 [INFO]  Saved checkpoint to "./imputer_model/imputer_model_gmrt_in_air3/model-0001.params"
2023-11-08 14:38:18,482 [INFO]  Epoch[1] Validation-cross-entropy=11.774709
2023-11-08 14:38:18,482 [INFO]  Epoch[1] Validation-gmrt_in_air3-accuracy=0.000000
2023-11-08 14:38:18,486 [INFO]  Epoch[2] Batch [0-4]	Speed: 21737.42 samples/sec	cross-entropy=3.699302	gmrt_in_air3-accuracy=3.200000
2023-11-08 14:38:18,488 [INFO]  Epoch[2] Train-cross-entropy=3.322671
2023-11-08 14:38:18,489 [INFO]  Epoch[2] Train-gmrt_in_air3-accuracy=2.750000
2023-11-08 14:38:18,489 [INFO]  Epoch[2] Time cost=0.006
2023-11-08 14:38:18,490 [INFO]  Saved checkpoint to "./imputer_model/imputer_model_gmrt_in_air3/model-0002.params"
2023-11-08 14:38:18,490 [INFO]  Epoch[2] Validation-cross-entropy=22.663134
2023-11-08 14:38:18,490 [INFO]  Epoch[2] Validation-gmrt_in_air3-accuracy=0.000000
2023-11-08 14:38:18,494 [INFO]  Epoch[3] Batch [0-4]	Speed: 25908.26 samples/sec	cross-entropy=2.577460	gmrt_in_air3-accuracy=3.200000
2023-11-08 14:38:18,496 [INFO]  Epoch[3] Train-cross-entropy=2.042809
2023-11-08 14:38:18,496 [INFO]  Epoch[3] Train-gmrt_in_air3-accuracy=2.750000
2023-11-08 14:38:18,496 [INFO]  Epoch[3] Time cost=0.005
2023-11-08 14:38:18,497 [INFO]  Saved checkpoint to "./imputer_model/imputer_model_gmrt_in_air3/model-0003.params"
2023-11-08 14:38:18,497 [INFO]  Epoch[3] Validation-cross-entropy=13.998401
2023-11-08 14:38:18,497 [INFO]  Epoch[3] Validation-gmrt_in_air3-accuracy=0.000000
2023-11-08 14:38:18,501 [INFO]  Epoch[4] Batch [0-4]	Speed: 22714.12 samples/sec	cross-entropy=1.377006	gmrt_in_air3-accuracy=3.200000
2023-11-08 14:38:18,503 [INFO]  Epoch[4] Train-cross-entropy=1.060395
2023-11-08 14:38:18,503 [INFO]  Epoch[4] Train-gmrt_in_air3-accuracy=2.750000
2023-11-08 14:38:18,503 [INFO]  Epoch[4] Time cost=0.006
2023-11-08 14:38:18,504 [INFO]  Saved checkpoint to "./imputer_model/imputer_model_gmrt_in_air3/model-0004.params"
2023-11-08 14:38:18,505 [INFO]  Epoch[4] Validation-cross-entropy=13.375709
2023-11-08 14:38:18,505 [INFO]  Epoch[4] Validation-gmrt_in_air3-accuracy=0.000000
2023-11-08 14:38:18,505 [INFO]  
========== done (0.043160200119018555 s) fit model
2023-11-08 14:52:24,254 [INFO]  
========== start: fit model
2023-11-08 14:52:24,254 [WARNING]  Already bound, ignoring bind()
2023-11-08 14:52:24,261 [INFO]  Epoch[0] Batch [0-4]	Speed: 13978.83 samples/sec	cross-entropy=22.531649	gmrt_in_air3-accuracy=3.000000
2023-11-08 14:52:24,265 [INFO]  Epoch[0] Train-cross-entropy=23.861143
2023-11-08 14:52:24,265 [INFO]  Epoch[0] Train-gmrt_in_air3-accuracy=2.750000
2023-11-08 14:52:24,265 [INFO]  Epoch[0] Time cost=0.010
2023-11-08 14:52:24,266 [INFO]  Saved checkpoint to "./imputer_model/imputer_model_gmrt_in_air3/model-0000.params"
2023-11-08 14:52:24,266 [INFO]  Epoch[0] Validation-cross-entropy=16.943380
2023-11-08 14:52:24,266 [INFO]  Epoch[0] Validation-gmrt_in_air3-accuracy=0.000000
2023-11-08 14:52:24,273 [INFO]  Epoch[1] Batch [0-4]	Speed: 12956.00 samples/sec	cross-entropy=28.930276	gmrt_in_air3-accuracy=3.000000
2023-11-08 14:52:24,278 [INFO]  Epoch[1] Train-cross-entropy=22.126458
2023-11-08 14:52:24,278 [INFO]  Epoch[1] Train-gmrt_in_air3-accuracy=2.750000
2023-11-08 14:52:24,278 [INFO]  Epoch[1] Time cost=0.012
2023-11-08 14:52:24,282 [INFO]  Saved checkpoint to "./imputer_model/imputer_model_gmrt_in_air3/model-0001.params"
2023-11-08 14:52:24,283 [INFO]  Epoch[1] Validation-cross-entropy=54.005268
2023-11-08 14:52:24,283 [INFO]  Epoch[1] Validation-gmrt_in_air3-accuracy=0.000000
2023-11-08 14:52:24,291 [INFO]  Epoch[2] Batch [0-4]	Speed: 10983.00 samples/sec	cross-entropy=2.875178	gmrt_in_air3-accuracy=3.000000
2023-11-08 14:52:24,294 [INFO]  Epoch[2] Train-cross-entropy=2.944815
2023-11-08 14:52:24,294 [INFO]  Epoch[2] Train-gmrt_in_air3-accuracy=2.750000
2023-11-08 14:52:24,294 [INFO]  Epoch[2] Time cost=0.011
2023-11-08 14:52:24,296 [INFO]  Saved checkpoint to "./imputer_model/imputer_model_gmrt_in_air3/model-0002.params"
2023-11-08 14:52:24,297 [INFO]  Epoch[2] Validation-cross-entropy=29.821327
2023-11-08 14:52:24,297 [INFO]  Epoch[2] Validation-gmrt_in_air3-accuracy=0.000000
2023-11-08 14:52:24,302 [INFO]  Epoch[3] Batch [0-4]	Speed: 15658.60 samples/sec	cross-entropy=1.742871	gmrt_in_air3-accuracy=3.000000
2023-11-08 14:52:24,305 [INFO]  Epoch[3] Train-cross-entropy=1.496280
2023-11-08 14:52:24,305 [INFO]  Epoch[3] Train-gmrt_in_air3-accuracy=2.750000
2023-11-08 14:52:24,305 [INFO]  Epoch[3] Time cost=0.008
2023-11-08 14:52:24,307 [INFO]  Saved checkpoint to "./imputer_model/imputer_model_gmrt_in_air3/model-0003.params"
2023-11-08 14:52:24,307 [INFO]  Epoch[3] Validation-cross-entropy=24.826971
2023-11-08 14:52:24,308 [INFO]  Epoch[3] Validation-gmrt_in_air3-accuracy=0.000000
2023-11-08 14:52:24,314 [INFO]  Epoch[4] Batch [0-4]	Speed: 14237.59 samples/sec	cross-entropy=0.877790	gmrt_in_air3-accuracy=3.000000
2023-11-08 14:52:24,316 [INFO]  Epoch[4] Train-cross-entropy=0.814930
2023-11-08 14:52:24,316 [INFO]  Epoch[4] Train-gmrt_in_air3-accuracy=2.750000
2023-11-08 14:52:24,316 [INFO]  Epoch[4] Time cost=0.008
2023-11-08 14:52:24,317 [INFO]  Saved checkpoint to "./imputer_model/imputer_model_gmrt_in_air3/model-0004.params"
2023-11-08 14:52:24,317 [INFO]  Epoch[4] Validation-cross-entropy=24.800451
2023-11-08 14:52:24,318 [INFO]  Epoch[4] Validation-gmrt_in_air3-accuracy=0.000000
2023-11-08 14:52:24,318 [INFO]  
========== done (0.0640103816986084 s) fit model
