2023-11-08 12:36:38,490 [INFO]  
========== start: fit model
2023-11-08 12:36:38,490 [WARNING]  Already bound, ignoring bind()
2023-11-08 12:36:38,499 [INFO]  Epoch[0] Batch [0-4]	Speed: 13034.64 samples/sec	cross-entropy=18.783947	gmrt_on_paper9-accuracy=0.000000
2023-11-08 12:36:38,505 [INFO]  Epoch[0] Train-cross-entropy=19.010118
2023-11-08 12:36:38,505 [INFO]  Epoch[0] Train-gmrt_on_paper9-accuracy=0.000000
2023-11-08 12:36:38,505 [INFO]  Epoch[0] Time cost=0.014
2023-11-08 12:36:38,508 [INFO]  Saved checkpoint to "./imputer_model/imputer_model_gmrt_on_paper9/model-0000.params"
2023-11-08 12:36:38,539 [INFO]  Epoch[0] Validation-cross-entropy=10.703840
2023-11-08 12:36:38,539 [INFO]  Epoch[0] Validation-gmrt_on_paper9-accuracy=0.000000
2023-11-08 12:36:38,546 [INFO]  Epoch[1] Batch [0-4]	Speed: 12568.38 samples/sec	cross-entropy=58.442318	gmrt_on_paper9-accuracy=0.000000
2023-11-08 12:36:38,551 [INFO]  Epoch[1] Train-cross-entropy=41.498709
2023-11-08 12:36:38,551 [INFO]  Epoch[1] Train-gmrt_on_paper9-accuracy=0.000000
2023-11-08 12:36:38,551 [INFO]  Epoch[1] Time cost=0.012
2023-11-08 12:36:38,554 [INFO]  Saved checkpoint to "./imputer_model/imputer_model_gmrt_on_paper9/model-0001.params"
2023-11-08 12:36:38,555 [INFO]  Epoch[1] Validation-cross-entropy=10.184507
2023-11-08 12:36:38,555 [INFO]  Epoch[1] Validation-gmrt_on_paper9-accuracy=0.000000
2023-11-08 12:36:38,562 [INFO]  Epoch[2] Batch [0-4]	Speed: 11977.84 samples/sec	cross-entropy=6.810435	gmrt_on_paper9-accuracy=0.000000
2023-11-08 12:36:38,569 [INFO]  Epoch[2] Train-cross-entropy=5.891756
2023-11-08 12:36:38,569 [INFO]  Epoch[2] Train-gmrt_on_paper9-accuracy=0.000000
2023-11-08 12:36:38,569 [INFO]  Epoch[2] Time cost=0.014
2023-11-08 12:36:38,572 [INFO]  Saved checkpoint to "./imputer_model/imputer_model_gmrt_on_paper9/model-0002.params"
2023-11-08 12:36:38,573 [INFO]  Epoch[2] Validation-cross-entropy=11.193510
2023-11-08 12:36:38,573 [INFO]  Epoch[2] Validation-gmrt_on_paper9-accuracy=0.000000
2023-11-08 12:36:38,662 [INFO]  Epoch[3] Batch [0-4]	Speed: 738.47 samples/sec	cross-entropy=5.902386	gmrt_on_paper9-accuracy=0.000000
2023-11-08 12:36:38,700 [INFO]  Epoch[3] Train-cross-entropy=4.084184
2023-11-08 12:36:38,700 [INFO]  Epoch[3] Train-gmrt_on_paper9-accuracy=0.000000
2023-11-08 12:36:38,700 [INFO]  Epoch[3] Time cost=0.127
2023-11-08 12:36:38,702 [INFO]  Saved checkpoint to "./imputer_model/imputer_model_gmrt_on_paper9/model-0003.params"
2023-11-08 12:36:38,705 [INFO]  Epoch[3] Validation-cross-entropy=10.264384
2023-11-08 12:36:38,705 [INFO]  Epoch[3] Validation-gmrt_on_paper9-accuracy=0.000000
2023-11-08 12:36:38,730 [INFO]  Epoch[4] Batch [0-4]	Speed: 3590.15 samples/sec	cross-entropy=2.077772	gmrt_on_paper9-accuracy=0.000000
2023-11-08 12:36:38,741 [INFO]  Epoch[4] Train-cross-entropy=1.528282
2023-11-08 12:36:38,741 [INFO]  Epoch[4] Train-gmrt_on_paper9-accuracy=0.000000
2023-11-08 12:36:38,741 [INFO]  Epoch[4] Time cost=0.036
2023-11-08 12:36:38,744 [INFO]  Saved checkpoint to "./imputer_model/imputer_model_gmrt_on_paper9/model-0004.params"
2023-11-08 12:36:38,745 [INFO]  Epoch[4] Validation-cross-entropy=10.280025
2023-11-08 12:36:38,745 [INFO]  Epoch[4] Validation-gmrt_on_paper9-accuracy=0.000000
2023-11-08 12:36:38,746 [INFO]  
========== done (0.25592517852783203 s) fit model
2023-11-08 13:05:39,712 [INFO]  
========== start: fit model
2023-11-08 13:05:39,732 [WARNING]  Already bound, ignoring bind()
2023-11-08 13:05:39,740 [INFO]  Epoch[0] Batch [0-4]	Speed: 12538.44 samples/sec	cross-entropy=22.169302	gmrt_on_paper9-accuracy=0.000000
2023-11-08 13:05:39,744 [INFO]  Epoch[0] Train-cross-entropy=19.437858
2023-11-08 13:05:39,745 [INFO]  Epoch[0] Train-gmrt_on_paper9-accuracy=0.000000
2023-11-08 13:05:39,745 [INFO]  Epoch[0] Time cost=0.011
2023-11-08 13:05:39,748 [INFO]  Saved checkpoint to "./imputer_model/imputer_model_gmrt_on_paper9/model-0000.params"
2023-11-08 13:05:39,749 [INFO]  Epoch[0] Validation-cross-entropy=23.060965
2023-11-08 13:05:39,749 [INFO]  Epoch[0] Validation-gmrt_on_paper9-accuracy=0.000000
2023-11-08 13:05:39,756 [INFO]  Epoch[1] Batch [0-4]	Speed: 12185.55 samples/sec	cross-entropy=36.094765	gmrt_on_paper9-accuracy=0.000000
2023-11-08 13:05:39,760 [INFO]  Epoch[1] Train-cross-entropy=30.985302
2023-11-08 13:05:39,760 [INFO]  Epoch[1] Train-gmrt_on_paper9-accuracy=0.000000
2023-11-08 13:05:39,760 [INFO]  Epoch[1] Time cost=0.011
2023-11-08 13:05:39,762 [INFO]  Saved checkpoint to "./imputer_model/imputer_model_gmrt_on_paper9/model-0001.params"
2023-11-08 13:05:39,763 [INFO]  Epoch[1] Validation-cross-entropy=6.892020
2023-11-08 13:05:39,763 [INFO]  Epoch[1] Validation-gmrt_on_paper9-accuracy=0.000000
2023-11-08 13:05:39,769 [INFO]  Epoch[2] Batch [0-4]	Speed: 14160.98 samples/sec	cross-entropy=8.002147	gmrt_on_paper9-accuracy=0.000000
2023-11-08 13:05:39,772 [INFO]  Epoch[2] Train-cross-entropy=8.652885
2023-11-08 13:05:39,772 [INFO]  Epoch[2] Train-gmrt_on_paper9-accuracy=0.000000
2023-11-08 13:05:39,773 [INFO]  Epoch[2] Time cost=0.009
2023-11-08 13:05:39,774 [INFO]  Saved checkpoint to "./imputer_model/imputer_model_gmrt_on_paper9/model-0002.params"
2023-11-08 13:05:39,775 [INFO]  Epoch[2] Validation-cross-entropy=9.676727
2023-11-08 13:05:39,775 [INFO]  Epoch[2] Validation-gmrt_on_paper9-accuracy=0.000000
2023-11-08 13:05:39,780 [INFO]  Epoch[3] Batch [0-4]	Speed: 14497.49 samples/sec	cross-entropy=2.132344	gmrt_on_paper9-accuracy=0.000000
2023-11-08 13:05:39,784 [INFO]  Epoch[3] Train-cross-entropy=2.809004
2023-11-08 13:05:39,784 [INFO]  Epoch[3] Train-gmrt_on_paper9-accuracy=0.000000
2023-11-08 13:05:39,784 [INFO]  Epoch[3] Time cost=0.010
2023-11-08 13:05:39,787 [INFO]  Saved checkpoint to "./imputer_model/imputer_model_gmrt_on_paper9/model-0003.params"
2023-11-08 13:05:39,788 [INFO]  Epoch[3] Validation-cross-entropy=8.468838
2023-11-08 13:05:39,788 [INFO]  Epoch[3] Validation-gmrt_on_paper9-accuracy=0.000000
2023-11-08 13:05:39,795 [INFO]  Epoch[4] Batch [0-4]	Speed: 11611.53 samples/sec	cross-entropy=1.157752	gmrt_on_paper9-accuracy=0.000000
2023-11-08 13:05:39,799 [INFO]  Epoch[4] Train-cross-entropy=1.084677
2023-11-08 13:05:39,799 [INFO]  Epoch[4] Train-gmrt_on_paper9-accuracy=0.000000
2023-11-08 13:05:39,799 [INFO]  Epoch[4] Time cost=0.011
2023-11-08 13:05:39,801 [INFO]  Saved checkpoint to "./imputer_model/imputer_model_gmrt_on_paper9/model-0004.params"
2023-11-08 13:05:39,802 [INFO]  Epoch[4] Validation-cross-entropy=7.903126
2023-11-08 13:05:39,802 [INFO]  Epoch[4] Validation-gmrt_on_paper9-accuracy=0.000000
2023-11-08 13:05:39,802 [INFO]  
========== done (0.09052062034606934 s) fit model
2023-11-08 13:19:06,102 [INFO]  
========== start: fit model
2023-11-08 13:19:06,102 [WARNING]  Already bound, ignoring bind()
2023-11-08 13:19:06,111 [INFO]  Epoch[0] Batch [0-4]	Speed: 10779.67 samples/sec	cross-entropy=19.889326	gmrt_on_paper9-accuracy=4.600000
2023-11-08 13:19:06,115 [INFO]  Epoch[0] Train-cross-entropy=20.701084
2023-11-08 13:19:06,115 [INFO]  Epoch[0] Train-gmrt_on_paper9-accuracy=4.375000
2023-11-08 13:19:06,115 [INFO]  Epoch[0] Time cost=0.013
2023-11-08 13:19:06,118 [INFO]  Saved checkpoint to "./imputer_model/imputer_model_gmrt_on_paper9/model-0000.params"
2023-11-08 13:19:06,118 [INFO]  Epoch[0] Validation-cross-entropy=14.225336
2023-11-08 13:19:06,119 [INFO]  Epoch[0] Validation-gmrt_on_paper9-accuracy=0.000000
2023-11-08 13:19:06,124 [INFO]  Epoch[1] Batch [0-4]	Speed: 14524.16 samples/sec	cross-entropy=56.411587	gmrt_on_paper9-accuracy=4.600000
2023-11-08 13:19:06,127 [INFO]  Epoch[1] Train-cross-entropy=44.201137
2023-11-08 13:19:06,127 [INFO]  Epoch[1] Train-gmrt_on_paper9-accuracy=4.375000
2023-11-08 13:19:06,127 [INFO]  Epoch[1] Time cost=0.009
2023-11-08 13:19:06,129 [INFO]  Saved checkpoint to "./imputer_model/imputer_model_gmrt_on_paper9/model-0001.params"
2023-11-08 13:19:06,130 [INFO]  Epoch[1] Validation-cross-entropy=19.090601
2023-11-08 13:19:06,130 [INFO]  Epoch[1] Validation-gmrt_on_paper9-accuracy=0.000000
2023-11-08 13:19:06,134 [INFO]  Epoch[2] Batch [0-4]	Speed: 18428.91 samples/sec	cross-entropy=11.050615	gmrt_on_paper9-accuracy=4.600000
2023-11-08 13:19:06,137 [INFO]  Epoch[2] Train-cross-entropy=8.748528
2023-11-08 13:19:06,137 [INFO]  Epoch[2] Train-gmrt_on_paper9-accuracy=4.375000
2023-11-08 13:19:06,137 [INFO]  Epoch[2] Time cost=0.007
2023-11-08 13:19:06,138 [INFO]  Saved checkpoint to "./imputer_model/imputer_model_gmrt_on_paper9/model-0002.params"
2023-11-08 13:19:06,139 [INFO]  Epoch[2] Validation-cross-entropy=15.509277
2023-11-08 13:19:06,139 [INFO]  Epoch[2] Validation-gmrt_on_paper9-accuracy=0.000000
2023-11-08 13:19:06,143 [INFO]  Epoch[3] Batch [0-4]	Speed: 18493.66 samples/sec	cross-entropy=5.224268	gmrt_on_paper9-accuracy=4.600000
2023-11-08 13:19:06,146 [INFO]  Epoch[3] Train-cross-entropy=4.075333
2023-11-08 13:19:06,146 [INFO]  Epoch[3] Train-gmrt_on_paper9-accuracy=4.375000
2023-11-08 13:19:06,146 [INFO]  Epoch[3] Time cost=0.007
2023-11-08 13:19:06,147 [INFO]  Saved checkpoint to "./imputer_model/imputer_model_gmrt_on_paper9/model-0003.params"
2023-11-08 13:19:06,148 [INFO]  Epoch[3] Validation-cross-entropy=7.724175
2023-11-08 13:19:06,148 [INFO]  Epoch[3] Validation-gmrt_on_paper9-accuracy=0.000000
2023-11-08 13:19:06,152 [INFO]  Epoch[4] Batch [0-4]	Speed: 18408.69 samples/sec	cross-entropy=1.795800	gmrt_on_paper9-accuracy=4.600000
2023-11-08 13:19:06,155 [INFO]  Epoch[4] Train-cross-entropy=1.633019
2023-11-08 13:19:06,155 [INFO]  Epoch[4] Train-gmrt_on_paper9-accuracy=4.375000
2023-11-08 13:19:06,155 [INFO]  Epoch[4] Time cost=0.007
2023-11-08 13:19:06,157 [INFO]  Saved checkpoint to "./imputer_model/imputer_model_gmrt_on_paper9/model-0004.params"
2023-11-08 13:19:06,158 [INFO]  Epoch[4] Validation-cross-entropy=9.837659
2023-11-08 13:19:06,158 [INFO]  Epoch[4] Validation-gmrt_on_paper9-accuracy=0.000000
2023-11-08 13:19:06,158 [INFO]  
========== done (0.05656838417053223 s) fit model
2023-11-08 13:32:26,690 [INFO]  
========== start: fit model
2023-11-08 13:32:26,691 [WARNING]  Already bound, ignoring bind()
2023-11-08 13:32:26,697 [INFO]  Epoch[0] Batch [0-4]	Speed: 14048.33 samples/sec	cross-entropy=23.551197	gmrt_on_paper9-accuracy=0.000000
2023-11-08 13:32:26,701 [INFO]  Epoch[0] Train-cross-entropy=18.919844
2023-11-08 13:32:26,701 [INFO]  Epoch[0] Train-gmrt_on_paper9-accuracy=0.000000
2023-11-08 13:32:26,701 [INFO]  Epoch[0] Time cost=0.010
2023-11-08 13:32:26,702 [INFO]  Saved checkpoint to "./imputer_model/imputer_model_gmrt_on_paper9/model-0000.params"
2023-11-08 13:32:26,703 [INFO]  Epoch[0] Validation-cross-entropy=11.400486
2023-11-08 13:32:26,703 [INFO]  Epoch[0] Validation-gmrt_on_paper9-accuracy=0.000000
2023-11-08 13:32:26,711 [INFO]  Epoch[1] Batch [0-4]	Speed: 10514.51 samples/sec	cross-entropy=33.684989	gmrt_on_paper9-accuracy=0.000000
2023-11-08 13:32:26,716 [INFO]  Epoch[1] Train-cross-entropy=28.914935
2023-11-08 13:32:26,716 [INFO]  Epoch[1] Train-gmrt_on_paper9-accuracy=0.000000
2023-11-08 13:32:26,716 [INFO]  Epoch[1] Time cost=0.013
2023-11-08 13:32:26,719 [INFO]  Saved checkpoint to "./imputer_model/imputer_model_gmrt_on_paper9/model-0001.params"
2023-11-08 13:32:26,720 [INFO]  Epoch[1] Validation-cross-entropy=9.318114
2023-11-08 13:32:26,720 [INFO]  Epoch[1] Validation-gmrt_on_paper9-accuracy=0.000000
2023-11-08 13:32:26,726 [INFO]  Epoch[2] Batch [0-4]	Speed: 16523.17 samples/sec	cross-entropy=4.677095	gmrt_on_paper9-accuracy=0.000000
2023-11-08 13:32:26,729 [INFO]  Epoch[2] Train-cross-entropy=6.874274
2023-11-08 13:32:26,729 [INFO]  Epoch[2] Train-gmrt_on_paper9-accuracy=0.000000
2023-11-08 13:32:26,729 [INFO]  Epoch[2] Time cost=0.008
2023-11-08 13:32:26,731 [INFO]  Saved checkpoint to "./imputer_model/imputer_model_gmrt_on_paper9/model-0002.params"
2023-11-08 13:32:26,731 [INFO]  Epoch[2] Validation-cross-entropy=18.070858
2023-11-08 13:32:26,731 [INFO]  Epoch[2] Validation-gmrt_on_paper9-accuracy=0.000000
2023-11-08 13:32:26,736 [INFO]  Epoch[3] Batch [0-4]	Speed: 17493.35 samples/sec	cross-entropy=2.833415	gmrt_on_paper9-accuracy=0.000000
2023-11-08 13:32:26,739 [INFO]  Epoch[3] Train-cross-entropy=2.927204
2023-11-08 13:32:26,739 [INFO]  Epoch[3] Train-gmrt_on_paper9-accuracy=0.000000
2023-11-08 13:32:26,739 [INFO]  Epoch[3] Time cost=0.008
2023-11-08 13:32:26,740 [INFO]  Saved checkpoint to "./imputer_model/imputer_model_gmrt_on_paper9/model-0003.params"
2023-11-08 13:32:26,741 [INFO]  Epoch[3] Validation-cross-entropy=11.748773
2023-11-08 13:32:26,741 [INFO]  Epoch[3] Validation-gmrt_on_paper9-accuracy=0.000000
2023-11-08 13:32:26,746 [INFO]  Epoch[4] Batch [0-4]	Speed: 17017.59 samples/sec	cross-entropy=1.011670	gmrt_on_paper9-accuracy=0.000000
2023-11-08 13:32:26,749 [INFO]  Epoch[4] Train-cross-entropy=0.915129
2023-11-08 13:32:26,749 [INFO]  Epoch[4] Train-gmrt_on_paper9-accuracy=0.000000
2023-11-08 13:32:26,749 [INFO]  Epoch[4] Time cost=0.008
2023-11-08 13:32:26,750 [INFO]  Saved checkpoint to "./imputer_model/imputer_model_gmrt_on_paper9/model-0004.params"
2023-11-08 13:32:26,751 [INFO]  Epoch[4] Validation-cross-entropy=10.045925
2023-11-08 13:32:26,751 [INFO]  Epoch[4] Validation-gmrt_on_paper9-accuracy=0.000000
2023-11-08 13:32:26,751 [INFO]  
========== done (0.060330867767333984 s) fit model
2023-11-08 13:45:46,591 [INFO]  
========== start: fit model
2023-11-08 13:45:46,591 [WARNING]  Already bound, ignoring bind()
2023-11-08 13:45:46,598 [INFO]  Epoch[0] Batch [0-4]	Speed: 14301.30 samples/sec	cross-entropy=24.776916	gmrt_on_paper9-accuracy=0.000000
2023-11-08 13:45:46,601 [INFO]  Epoch[0] Train-cross-entropy=23.011333
2023-11-08 13:45:46,601 [INFO]  Epoch[0] Train-gmrt_on_paper9-accuracy=0.000000
2023-11-08 13:45:46,602 [INFO]  Epoch[0] Time cost=0.010
2023-11-08 13:45:46,603 [INFO]  Saved checkpoint to "./imputer_model/imputer_model_gmrt_on_paper9/model-0000.params"
2023-11-08 13:45:46,603 [INFO]  Epoch[0] Validation-cross-entropy=27.324209
2023-11-08 13:45:46,603 [INFO]  Epoch[0] Validation-gmrt_on_paper9-accuracy=0.000000
2023-11-08 13:45:46,610 [INFO]  Epoch[1] Batch [0-4]	Speed: 12175.05 samples/sec	cross-entropy=33.886726	gmrt_on_paper9-accuracy=0.000000
2023-11-08 13:45:46,615 [INFO]  Epoch[1] Train-cross-entropy=27.653651
2023-11-08 13:45:46,615 [INFO]  Epoch[1] Train-gmrt_on_paper9-accuracy=0.000000
2023-11-08 13:45:46,615 [INFO]  Epoch[1] Time cost=0.012
2023-11-08 13:45:46,618 [INFO]  Saved checkpoint to "./imputer_model/imputer_model_gmrt_on_paper9/model-0001.params"
2023-11-08 13:45:46,619 [INFO]  Epoch[1] Validation-cross-entropy=7.175938
2023-11-08 13:45:46,620 [INFO]  Epoch[1] Validation-gmrt_on_paper9-accuracy=0.000000
2023-11-08 13:45:46,624 [INFO]  Epoch[2] Batch [0-4]	Speed: 17199.68 samples/sec	cross-entropy=6.665009	gmrt_on_paper9-accuracy=0.000000
2023-11-08 13:45:46,627 [INFO]  Epoch[2] Train-cross-entropy=5.351354
2023-11-08 13:45:46,628 [INFO]  Epoch[2] Train-gmrt_on_paper9-accuracy=0.000000
2023-11-08 13:45:46,628 [INFO]  Epoch[2] Time cost=0.008
2023-11-08 13:45:46,630 [INFO]  Saved checkpoint to "./imputer_model/imputer_model_gmrt_on_paper9/model-0002.params"
2023-11-08 13:45:46,630 [INFO]  Epoch[2] Validation-cross-entropy=14.854110
2023-11-08 13:45:46,630 [INFO]  Epoch[2] Validation-gmrt_on_paper9-accuracy=0.000000
2023-11-08 13:45:46,635 [INFO]  Epoch[3] Batch [0-4]	Speed: 17617.34 samples/sec	cross-entropy=5.540463	gmrt_on_paper9-accuracy=0.000000
2023-11-08 13:45:46,638 [INFO]  Epoch[3] Train-cross-entropy=4.074121
2023-11-08 13:45:46,638 [INFO]  Epoch[3] Train-gmrt_on_paper9-accuracy=0.000000
2023-11-08 13:45:46,638 [INFO]  Epoch[3] Time cost=0.008
2023-11-08 13:45:46,639 [INFO]  Saved checkpoint to "./imputer_model/imputer_model_gmrt_on_paper9/model-0003.params"
2023-11-08 13:45:46,640 [INFO]  Epoch[3] Validation-cross-entropy=9.349133
2023-11-08 13:45:46,640 [INFO]  Epoch[3] Validation-gmrt_on_paper9-accuracy=0.000000
2023-11-08 13:45:46,645 [INFO]  Epoch[4] Batch [0-4]	Speed: 16537.42 samples/sec	cross-entropy=2.035707	gmrt_on_paper9-accuracy=0.000000
2023-11-08 13:45:46,647 [INFO]  Epoch[4] Train-cross-entropy=1.461882
2023-11-08 13:45:46,648 [INFO]  Epoch[4] Train-gmrt_on_paper9-accuracy=0.000000
2023-11-08 13:45:46,648 [INFO]  Epoch[4] Time cost=0.008
2023-11-08 13:45:46,649 [INFO]  Saved checkpoint to "./imputer_model/imputer_model_gmrt_on_paper9/model-0004.params"
2023-11-08 13:45:46,649 [INFO]  Epoch[4] Validation-cross-entropy=5.804786
2023-11-08 13:45:46,649 [INFO]  Epoch[4] Validation-gmrt_on_paper9-accuracy=0.000000
2023-11-08 13:45:46,649 [INFO]  
========== done (0.05832552909851074 s) fit model
2023-11-08 13:59:09,166 [INFO]  
========== start: fit model
2023-11-08 13:59:09,166 [WARNING]  Already bound, ignoring bind()
2023-11-08 13:59:09,173 [INFO]  Epoch[0] Batch [0-4]	Speed: 13816.94 samples/sec	cross-entropy=15.743777	gmrt_on_paper9-accuracy=4.000000
2023-11-08 13:59:09,176 [INFO]  Epoch[0] Train-cross-entropy=16.757571
2023-11-08 13:59:09,177 [INFO]  Epoch[0] Train-gmrt_on_paper9-accuracy=3.875000
2023-11-08 13:59:09,177 [INFO]  Epoch[0] Time cost=0.010
2023-11-08 13:59:09,178 [INFO]  Saved checkpoint to "./imputer_model/imputer_model_gmrt_on_paper9/model-0000.params"
2023-11-08 13:59:09,178 [INFO]  Epoch[0] Validation-cross-entropy=17.022223
2023-11-08 13:59:09,178 [INFO]  Epoch[0] Validation-gmrt_on_paper9-accuracy=0.000000
2023-11-08 13:59:09,184 [INFO]  Epoch[1] Batch [0-4]	Speed: 14385.61 samples/sec	cross-entropy=50.135940	gmrt_on_paper9-accuracy=4.000000
2023-11-08 13:59:09,187 [INFO]  Epoch[1] Train-cross-entropy=40.754900
2023-11-08 13:59:09,187 [INFO]  Epoch[1] Train-gmrt_on_paper9-accuracy=3.875000
2023-11-08 13:59:09,187 [INFO]  Epoch[1] Time cost=0.009
2023-11-08 13:59:09,189 [INFO]  Saved checkpoint to "./imputer_model/imputer_model_gmrt_on_paper9/model-0001.params"
2023-11-08 13:59:09,189 [INFO]  Epoch[1] Validation-cross-entropy=23.666563
2023-11-08 13:59:09,189 [INFO]  Epoch[1] Validation-gmrt_on_paper9-accuracy=0.000000
2023-11-08 13:59:09,195 [INFO]  Epoch[2] Batch [0-4]	Speed: 15323.41 samples/sec	cross-entropy=8.762400	gmrt_on_paper9-accuracy=4.000000
2023-11-08 13:59:09,198 [INFO]  Epoch[2] Train-cross-entropy=10.814286
2023-11-08 13:59:09,198 [INFO]  Epoch[2] Train-gmrt_on_paper9-accuracy=3.875000
2023-11-08 13:59:09,198 [INFO]  Epoch[2] Time cost=0.008
2023-11-08 13:59:09,199 [INFO]  Saved checkpoint to "./imputer_model/imputer_model_gmrt_on_paper9/model-0002.params"
2023-11-08 13:59:09,200 [INFO]  Epoch[2] Validation-cross-entropy=14.281520
2023-11-08 13:59:09,200 [INFO]  Epoch[2] Validation-gmrt_on_paper9-accuracy=0.000000
2023-11-08 13:59:09,205 [INFO]  Epoch[3] Batch [0-4]	Speed: 16088.43 samples/sec	cross-entropy=3.412599	gmrt_on_paper9-accuracy=4.000000
2023-11-08 13:59:09,208 [INFO]  Epoch[3] Train-cross-entropy=3.719772
2023-11-08 13:59:09,208 [INFO]  Epoch[3] Train-gmrt_on_paper9-accuracy=3.875000
2023-11-08 13:59:09,208 [INFO]  Epoch[3] Time cost=0.008
2023-11-08 13:59:09,209 [INFO]  Saved checkpoint to "./imputer_model/imputer_model_gmrt_on_paper9/model-0003.params"
2023-11-08 13:59:09,209 [INFO]  Epoch[3] Validation-cross-entropy=15.177196
2023-11-08 13:59:09,209 [INFO]  Epoch[3] Validation-gmrt_on_paper9-accuracy=0.000000
2023-11-08 13:59:09,214 [INFO]  Epoch[4] Batch [0-4]	Speed: 16900.80 samples/sec	cross-entropy=1.946117	gmrt_on_paper9-accuracy=4.000000
2023-11-08 13:59:09,217 [INFO]  Epoch[4] Train-cross-entropy=1.732888
2023-11-08 13:59:09,217 [INFO]  Epoch[4] Train-gmrt_on_paper9-accuracy=3.875000
2023-11-08 13:59:09,217 [INFO]  Epoch[4] Time cost=0.008
2023-11-08 13:59:09,219 [INFO]  Saved checkpoint to "./imputer_model/imputer_model_gmrt_on_paper9/model-0004.params"
2023-11-08 13:59:09,219 [INFO]  Epoch[4] Validation-cross-entropy=13.261549
2023-11-08 13:59:09,219 [INFO]  Epoch[4] Validation-gmrt_on_paper9-accuracy=0.000000
2023-11-08 13:59:09,219 [INFO]  
========== done (0.0533597469329834 s) fit model
2023-11-08 14:12:34,289 [INFO]  
========== start: fit model
2023-11-08 14:12:34,290 [WARNING]  Already bound, ignoring bind()
2023-11-08 14:12:34,297 [INFO]  Epoch[0] Batch [0-4]	Speed: 14178.93 samples/sec	cross-entropy=23.261182	gmrt_on_paper9-accuracy=2.600000
2023-11-08 14:12:34,300 [INFO]  Epoch[0] Train-cross-entropy=22.044539
2023-11-08 14:12:34,300 [INFO]  Epoch[0] Train-gmrt_on_paper9-accuracy=3.625000
2023-11-08 14:12:34,300 [INFO]  Epoch[0] Time cost=0.010
2023-11-08 14:12:34,302 [INFO]  Saved checkpoint to "./imputer_model/imputer_model_gmrt_on_paper9/model-0000.params"
2023-11-08 14:12:34,302 [INFO]  Epoch[0] Validation-cross-entropy=10.031666
2023-11-08 14:12:34,302 [INFO]  Epoch[0] Validation-gmrt_on_paper9-accuracy=0.000000
2023-11-08 14:12:34,311 [INFO]  Epoch[1] Batch [0-4]	Speed: 10021.11 samples/sec	cross-entropy=52.937766	gmrt_on_paper9-accuracy=2.600000
2023-11-08 14:12:34,316 [INFO]  Epoch[1] Train-cross-entropy=79.757177
2023-11-08 14:12:34,316 [INFO]  Epoch[1] Train-gmrt_on_paper9-accuracy=3.625000
2023-11-08 14:12:34,316 [INFO]  Epoch[1] Time cost=0.014
2023-11-08 14:12:34,319 [INFO]  Saved checkpoint to "./imputer_model/imputer_model_gmrt_on_paper9/model-0001.params"
2023-11-08 14:12:34,320 [INFO]  Epoch[1] Validation-cross-entropy=12.659794
2023-11-08 14:12:34,320 [INFO]  Epoch[1] Validation-gmrt_on_paper9-accuracy=0.000000
2023-11-08 14:12:34,327 [INFO]  Epoch[2] Batch [0-4]	Speed: 12161.81 samples/sec	cross-entropy=8.131010	gmrt_on_paper9-accuracy=2.600000
2023-11-08 14:12:34,331 [INFO]  Epoch[2] Train-cross-entropy=8.487755
2023-11-08 14:12:34,331 [INFO]  Epoch[2] Train-gmrt_on_paper9-accuracy=3.625000
2023-11-08 14:12:34,331 [INFO]  Epoch[2] Time cost=0.011
2023-11-08 14:12:34,333 [INFO]  Saved checkpoint to "./imputer_model/imputer_model_gmrt_on_paper9/model-0002.params"
2023-11-08 14:12:34,334 [INFO]  Epoch[2] Validation-cross-entropy=5.843289
2023-11-08 14:12:34,334 [INFO]  Epoch[2] Validation-gmrt_on_paper9-accuracy=0.000000
2023-11-08 14:12:34,340 [INFO]  Epoch[3] Batch [0-4]	Speed: 13368.30 samples/sec	cross-entropy=4.604078	gmrt_on_paper9-accuracy=2.600000
2023-11-08 14:12:34,344 [INFO]  Epoch[3] Train-cross-entropy=5.935932
2023-11-08 14:12:34,344 [INFO]  Epoch[3] Train-gmrt_on_paper9-accuracy=3.625000
2023-11-08 14:12:34,344 [INFO]  Epoch[3] Time cost=0.010
2023-11-08 14:12:34,345 [INFO]  Saved checkpoint to "./imputer_model/imputer_model_gmrt_on_paper9/model-0003.params"
2023-11-08 14:12:34,346 [INFO]  Epoch[3] Validation-cross-entropy=3.911011
2023-11-08 14:12:34,346 [INFO]  Epoch[3] Validation-gmrt_on_paper9-accuracy=0.000000
2023-11-08 14:12:34,352 [INFO]  Epoch[4] Batch [0-4]	Speed: 13084.20 samples/sec	cross-entropy=1.671805	gmrt_on_paper9-accuracy=2.600000
2023-11-08 14:12:34,355 [INFO]  Epoch[4] Train-cross-entropy=1.686580
2023-11-08 14:12:34,356 [INFO]  Epoch[4] Train-gmrt_on_paper9-accuracy=3.625000
2023-11-08 14:12:34,356 [INFO]  Epoch[4] Time cost=0.010
2023-11-08 14:12:34,357 [INFO]  Saved checkpoint to "./imputer_model/imputer_model_gmrt_on_paper9/model-0004.params"
2023-11-08 14:12:34,358 [INFO]  Epoch[4] Validation-cross-entropy=2.100695
2023-11-08 14:12:34,358 [INFO]  Epoch[4] Validation-gmrt_on_paper9-accuracy=0.000000
2023-11-08 14:12:34,358 [INFO]  
========== done (0.0684659481048584 s) fit model
2023-11-08 14:26:08,428 [INFO]  
========== start: fit model
2023-11-08 14:26:08,429 [WARNING]  Already bound, ignoring bind()
2023-11-08 14:26:08,437 [INFO]  Epoch[0] Batch [0-4]	Speed: 10224.94 samples/sec	cross-entropy=18.992819	gmrt_on_paper9-accuracy=0.000000
2023-11-08 14:26:08,442 [INFO]  Epoch[0] Train-cross-entropy=20.050926
2023-11-08 14:26:08,442 [INFO]  Epoch[0] Train-gmrt_on_paper9-accuracy=0.000000
2023-11-08 14:26:08,442 [INFO]  Epoch[0] Time cost=0.013
2023-11-08 14:26:08,445 [INFO]  Saved checkpoint to "./imputer_model/imputer_model_gmrt_on_paper9/model-0000.params"
2023-11-08 14:26:08,446 [INFO]  Epoch[0] Validation-cross-entropy=33.478825
2023-11-08 14:26:08,446 [INFO]  Epoch[0] Validation-gmrt_on_paper9-accuracy=0.000000
2023-11-08 14:26:08,451 [INFO]  Epoch[1] Batch [0-4]	Speed: 14905.63 samples/sec	cross-entropy=55.596508	gmrt_on_paper9-accuracy=0.000000
2023-11-08 14:26:08,455 [INFO]  Epoch[1] Train-cross-entropy=46.660223
2023-11-08 14:26:08,455 [INFO]  Epoch[1] Train-gmrt_on_paper9-accuracy=0.000000
2023-11-08 14:26:08,455 [INFO]  Epoch[1] Time cost=0.009
2023-11-08 14:26:08,457 [INFO]  Saved checkpoint to "./imputer_model/imputer_model_gmrt_on_paper9/model-0001.params"
2023-11-08 14:26:08,457 [INFO]  Epoch[1] Validation-cross-entropy=57.568497
2023-11-08 14:26:08,457 [INFO]  Epoch[1] Validation-gmrt_on_paper9-accuracy=0.000000
2023-11-08 14:26:08,461 [INFO]  Epoch[2] Batch [0-4]	Speed: 20425.77 samples/sec	cross-entropy=8.044872	gmrt_on_paper9-accuracy=0.000000
2023-11-08 14:26:08,464 [INFO]  Epoch[2] Train-cross-entropy=5.891091
2023-11-08 14:26:08,464 [INFO]  Epoch[2] Train-gmrt_on_paper9-accuracy=0.000000
2023-11-08 14:26:08,464 [INFO]  Epoch[2] Time cost=0.007
2023-11-08 14:26:08,465 [INFO]  Saved checkpoint to "./imputer_model/imputer_model_gmrt_on_paper9/model-0002.params"
2023-11-08 14:26:08,466 [INFO]  Epoch[2] Validation-cross-entropy=52.742607
2023-11-08 14:26:08,466 [INFO]  Epoch[2] Validation-gmrt_on_paper9-accuracy=0.000000
2023-11-08 14:26:08,472 [INFO]  Epoch[3] Batch [0-4]	Speed: 12796.66 samples/sec	cross-entropy=6.355553	gmrt_on_paper9-accuracy=0.000000
2023-11-08 14:26:08,476 [INFO]  Epoch[3] Train-cross-entropy=5.080910
2023-11-08 14:26:08,476 [INFO]  Epoch[3] Train-gmrt_on_paper9-accuracy=0.000000
2023-11-08 14:26:08,476 [INFO]  Epoch[3] Time cost=0.010
2023-11-08 14:26:08,478 [INFO]  Saved checkpoint to "./imputer_model/imputer_model_gmrt_on_paper9/model-0003.params"
2023-11-08 14:26:08,479 [INFO]  Epoch[3] Validation-cross-entropy=27.819569
2023-11-08 14:26:08,479 [INFO]  Epoch[3] Validation-gmrt_on_paper9-accuracy=0.000000
2023-11-08 14:26:08,486 [INFO]  Epoch[4] Batch [0-4]	Speed: 12285.94 samples/sec	cross-entropy=2.907776	gmrt_on_paper9-accuracy=0.000000
2023-11-08 14:26:08,489 [INFO]  Epoch[4] Train-cross-entropy=2.071237
2023-11-08 14:26:08,489 [INFO]  Epoch[4] Train-gmrt_on_paper9-accuracy=0.000000
2023-11-08 14:26:08,489 [INFO]  Epoch[4] Time cost=0.011
2023-11-08 14:26:08,491 [INFO]  Saved checkpoint to "./imputer_model/imputer_model_gmrt_on_paper9/model-0004.params"
2023-11-08 14:26:08,492 [INFO]  Epoch[4] Validation-cross-entropy=7.133717
2023-11-08 14:26:08,492 [INFO]  Epoch[4] Validation-gmrt_on_paper9-accuracy=0.000000
2023-11-08 14:26:08,492 [INFO]  
========== done (0.06367874145507812 s) fit model
2023-11-08 14:40:05,597 [INFO]  
========== start: fit model
2023-11-08 14:40:05,598 [WARNING]  Already bound, ignoring bind()
2023-11-08 14:40:05,605 [INFO]  Epoch[0] Batch [0-4]	Speed: 13913.62 samples/sec	cross-entropy=20.057058	gmrt_on_paper9-accuracy=0.000000
2023-11-08 14:40:05,608 [INFO]  Epoch[0] Train-cross-entropy=18.513436
2023-11-08 14:40:05,608 [INFO]  Epoch[0] Train-gmrt_on_paper9-accuracy=0.000000
2023-11-08 14:40:05,608 [INFO]  Epoch[0] Time cost=0.010
2023-11-08 14:40:05,609 [INFO]  Saved checkpoint to "./imputer_model/imputer_model_gmrt_on_paper9/model-0000.params"
2023-11-08 14:40:05,610 [INFO]  Epoch[0] Validation-cross-entropy=22.747135
2023-11-08 14:40:05,610 [INFO]  Epoch[0] Validation-gmrt_on_paper9-accuracy=0.000000
2023-11-08 14:40:05,616 [INFO]  Epoch[1] Batch [0-4]	Speed: 14797.99 samples/sec	cross-entropy=61.709178	gmrt_on_paper9-accuracy=0.000000
2023-11-08 14:40:05,619 [INFO]  Epoch[1] Train-cross-entropy=46.413062
2023-11-08 14:40:05,619 [INFO]  Epoch[1] Train-gmrt_on_paper9-accuracy=0.000000
2023-11-08 14:40:05,619 [INFO]  Epoch[1] Time cost=0.009
2023-11-08 14:40:05,620 [INFO]  Saved checkpoint to "./imputer_model/imputer_model_gmrt_on_paper9/model-0001.params"
2023-11-08 14:40:05,621 [INFO]  Epoch[1] Validation-cross-entropy=15.118696
2023-11-08 14:40:05,621 [INFO]  Epoch[1] Validation-gmrt_on_paper9-accuracy=0.000000
2023-11-08 14:40:05,626 [INFO]  Epoch[2] Batch [0-4]	Speed: 14949.62 samples/sec	cross-entropy=7.184629	gmrt_on_paper9-accuracy=0.000000
2023-11-08 14:40:05,629 [INFO]  Epoch[2] Train-cross-entropy=5.274542
2023-11-08 14:40:05,630 [INFO]  Epoch[2] Train-gmrt_on_paper9-accuracy=0.000000
2023-11-08 14:40:05,630 [INFO]  Epoch[2] Time cost=0.009
2023-11-08 14:40:05,631 [INFO]  Saved checkpoint to "./imputer_model/imputer_model_gmrt_on_paper9/model-0002.params"
2023-11-08 14:40:05,631 [INFO]  Epoch[2] Validation-cross-entropy=8.419164
2023-11-08 14:40:05,632 [INFO]  Epoch[2] Validation-gmrt_on_paper9-accuracy=0.000000
2023-11-08 14:40:05,637 [INFO]  Epoch[3] Batch [0-4]	Speed: 16315.29 samples/sec	cross-entropy=3.877284	gmrt_on_paper9-accuracy=0.000000
2023-11-08 14:40:05,643 [INFO]  Epoch[3] Train-cross-entropy=3.164453
2023-11-08 14:40:05,643 [INFO]  Epoch[3] Train-gmrt_on_paper9-accuracy=0.000000
2023-11-08 14:40:05,643 [INFO]  Epoch[3] Time cost=0.012
2023-11-08 14:40:05,645 [INFO]  Saved checkpoint to "./imputer_model/imputer_model_gmrt_on_paper9/model-0003.params"
2023-11-08 14:40:05,645 [INFO]  Epoch[3] Validation-cross-entropy=9.285220
2023-11-08 14:40:05,645 [INFO]  Epoch[3] Validation-gmrt_on_paper9-accuracy=0.000000
2023-11-08 14:40:05,650 [INFO]  Epoch[4] Batch [0-4]	Speed: 15464.65 samples/sec	cross-entropy=1.492063	gmrt_on_paper9-accuracy=0.000000
2023-11-08 14:40:05,654 [INFO]  Epoch[4] Train-cross-entropy=1.133437
2023-11-08 14:40:05,654 [INFO]  Epoch[4] Train-gmrt_on_paper9-accuracy=0.000000
2023-11-08 14:40:05,654 [INFO]  Epoch[4] Time cost=0.009
2023-11-08 14:40:05,655 [INFO]  Saved checkpoint to "./imputer_model/imputer_model_gmrt_on_paper9/model-0004.params"
2023-11-08 14:40:05,656 [INFO]  Epoch[4] Validation-cross-entropy=8.083577
2023-11-08 14:40:05,656 [INFO]  Epoch[4] Validation-gmrt_on_paper9-accuracy=0.000000
2023-11-08 14:40:05,656 [INFO]  
========== done (0.05855703353881836 s) fit model
2023-11-08 14:54:10,329 [INFO]  
========== start: fit model
2023-11-08 14:54:10,330 [WARNING]  Already bound, ignoring bind()
2023-11-08 14:54:10,338 [INFO]  Epoch[0] Batch [0-4]	Speed: 11789.51 samples/sec	cross-entropy=25.372322	gmrt_on_paper9-accuracy=4.400000
2023-11-08 14:54:10,342 [INFO]  Epoch[0] Train-cross-entropy=21.876495
2023-11-08 14:54:10,342 [INFO]  Epoch[0] Train-gmrt_on_paper9-accuracy=4.250000
2023-11-08 14:54:10,342 [INFO]  Epoch[0] Time cost=0.012
2023-11-08 14:54:10,344 [INFO]  Saved checkpoint to "./imputer_model/imputer_model_gmrt_on_paper9/model-0000.params"
2023-11-08 14:54:10,344 [INFO]  Epoch[0] Validation-cross-entropy=25.732378
2023-11-08 14:54:10,344 [INFO]  Epoch[0] Validation-gmrt_on_paper9-accuracy=0.000000
2023-11-08 14:54:10,352 [INFO]  Epoch[1] Batch [0-4]	Speed: 11154.14 samples/sec	cross-entropy=42.977828	gmrt_on_paper9-accuracy=4.400000
2023-11-08 14:54:10,357 [INFO]  Epoch[1] Train-cross-entropy=30.299089
2023-11-08 14:54:10,357 [INFO]  Epoch[1] Train-gmrt_on_paper9-accuracy=4.250000
2023-11-08 14:54:10,357 [INFO]  Epoch[1] Time cost=0.013
2023-11-08 14:54:10,361 [INFO]  Saved checkpoint to "./imputer_model/imputer_model_gmrt_on_paper9/model-0001.params"
2023-11-08 14:54:10,362 [INFO]  Epoch[1] Validation-cross-entropy=17.610447
2023-11-08 14:54:10,362 [INFO]  Epoch[1] Validation-gmrt_on_paper9-accuracy=0.000000
2023-11-08 14:54:10,369 [INFO]  Epoch[2] Batch [0-4]	Speed: 11827.96 samples/sec	cross-entropy=4.080855	gmrt_on_paper9-accuracy=4.400000
2023-11-08 14:54:10,373 [INFO]  Epoch[2] Train-cross-entropy=3.642546
2023-11-08 14:54:10,374 [INFO]  Epoch[2] Train-gmrt_on_paper9-accuracy=4.250000
2023-11-08 14:54:10,374 [INFO]  Epoch[2] Time cost=0.011
2023-11-08 14:54:10,376 [INFO]  Saved checkpoint to "./imputer_model/imputer_model_gmrt_on_paper9/model-0002.params"
2023-11-08 14:54:10,377 [INFO]  Epoch[2] Validation-cross-entropy=17.941183
2023-11-08 14:54:10,377 [INFO]  Epoch[2] Validation-gmrt_on_paper9-accuracy=0.000000
2023-11-08 14:54:10,383 [INFO]  Epoch[3] Batch [0-4]	Speed: 13640.71 samples/sec	cross-entropy=2.387922	gmrt_on_paper9-accuracy=4.400000
2023-11-08 14:54:10,386 [INFO]  Epoch[3] Train-cross-entropy=1.761283
2023-11-08 14:54:10,387 [INFO]  Epoch[3] Train-gmrt_on_paper9-accuracy=4.250000
2023-11-08 14:54:10,387 [INFO]  Epoch[3] Time cost=0.010
2023-11-08 14:54:10,388 [INFO]  Saved checkpoint to "./imputer_model/imputer_model_gmrt_on_paper9/model-0003.params"
2023-11-08 14:54:10,389 [INFO]  Epoch[3] Validation-cross-entropy=18.949009
2023-11-08 14:54:10,389 [INFO]  Epoch[3] Validation-gmrt_on_paper9-accuracy=0.000000
2023-11-08 14:54:10,395 [INFO]  Epoch[4] Batch [0-4]	Speed: 14114.81 samples/sec	cross-entropy=1.160081	gmrt_on_paper9-accuracy=4.400000
2023-11-08 14:54:10,398 [INFO]  Epoch[4] Train-cross-entropy=0.861581
2023-11-08 14:54:10,398 [INFO]  Epoch[4] Train-gmrt_on_paper9-accuracy=4.250000
2023-11-08 14:54:10,398 [INFO]  Epoch[4] Time cost=0.009
2023-11-08 14:54:10,400 [INFO]  Saved checkpoint to "./imputer_model/imputer_model_gmrt_on_paper9/model-0004.params"
2023-11-08 14:54:10,401 [INFO]  Epoch[4] Validation-cross-entropy=18.446613
2023-11-08 14:54:10,401 [INFO]  Epoch[4] Validation-gmrt_on_paper9-accuracy=0.000000
2023-11-08 14:54:10,401 [INFO]  
========== done (0.07124137878417969 s) fit model
