2024-03-31 19:33:48,065 [INFO]  
========== start: fit model
2024-03-31 19:33:48,065 [WARNING]  Already bound, ignoring bind()
2024-03-31 19:33:48,184 [INFO]  Epoch[0] Batch [0-16]	Speed: 9731.48 samples/sec	cross-entropy=9.477229	A3-accuracy=0.000000
2024-03-31 19:33:48,249 [INFO]  Epoch[0] Train-cross-entropy=6.480814
2024-03-31 19:33:48,249 [INFO]  Epoch[0] Train-A3-accuracy=0.000000
2024-03-31 19:33:48,249 [INFO]  Epoch[0] Time cost=0.184
2024-03-31 19:33:48,251 [INFO]  Saved checkpoint to "./imputer_model/imputer_model_A3/model-0000.params"
2024-03-31 19:33:48,253 [INFO]  Epoch[0] Validation-cross-entropy=0.783033
2024-03-31 19:33:48,253 [INFO]  Epoch[0] Validation-A3-accuracy=0.000000
2024-03-31 19:33:48,276 [INFO]  Epoch[1] Batch [0-16]	Speed: 11546.11 samples/sec	cross-entropy=0.775948	A3-accuracy=0.000000
2024-03-31 19:33:48,290 [INFO]  Epoch[1] Train-cross-entropy=0.819751
2024-03-31 19:33:48,290 [INFO]  Epoch[1] Train-A3-accuracy=0.000000
2024-03-31 19:33:48,290 [INFO]  Epoch[1] Time cost=0.037
2024-03-31 19:33:48,292 [INFO]  Saved checkpoint to "./imputer_model/imputer_model_A3/model-0001.params"
2024-03-31 19:33:48,294 [INFO]  Epoch[1] Validation-cross-entropy=0.749466
2024-03-31 19:33:48,294 [INFO]  Epoch[1] Validation-A3-accuracy=0.000000
2024-03-31 19:33:48,312 [INFO]  Epoch[2] Batch [0-16]	Speed: 15642.18 samples/sec	cross-entropy=0.389988	A3-accuracy=0.000000
2024-03-31 19:33:48,330 [INFO]  Epoch[2] Train-cross-entropy=0.440457
2024-03-31 19:33:48,330 [INFO]  Epoch[2] Train-A3-accuracy=0.000000
2024-03-31 19:33:48,330 [INFO]  Epoch[2] Time cost=0.036
2024-03-31 19:33:48,332 [INFO]  Saved checkpoint to "./imputer_model/imputer_model_A3/model-0002.params"
2024-03-31 19:33:48,334 [INFO]  Epoch[2] Validation-cross-entropy=0.399294
2024-03-31 19:33:48,334 [INFO]  Epoch[2] Validation-A3-accuracy=0.000000
2024-03-31 19:33:48,353 [INFO]  Epoch[3] Batch [0-16]	Speed: 15013.80 samples/sec	cross-entropy=0.222296	A3-accuracy=0.000000
2024-03-31 19:33:48,409 [INFO]  Epoch[3] Train-cross-entropy=0.266280
2024-03-31 19:33:48,410 [INFO]  Epoch[3] Train-A3-accuracy=0.000000
2024-03-31 19:33:48,410 [INFO]  Epoch[3] Time cost=0.075
2024-03-31 19:33:48,411 [INFO]  Saved checkpoint to "./imputer_model/imputer_model_A3/model-0003.params"
2024-03-31 19:33:48,412 [INFO]  Epoch[3] Validation-cross-entropy=0.453732
2024-03-31 19:33:48,412 [INFO]  Epoch[3] Validation-A3-accuracy=0.000000
2024-03-31 19:33:48,701 [INFO]  Epoch[4] Batch [0-16]	Speed: 925.67 samples/sec	cross-entropy=0.192415	A3-accuracy=0.000000
2024-03-31 19:33:48,764 [INFO]  Epoch[4] Train-cross-entropy=0.239921
2024-03-31 19:33:48,765 [INFO]  Epoch[4] Train-A3-accuracy=0.000000
2024-03-31 19:33:48,765 [INFO]  Epoch[4] Time cost=0.352
2024-03-31 19:33:48,766 [INFO]  Saved checkpoint to "./imputer_model/imputer_model_A3/model-0004.params"
2024-03-31 19:33:48,772 [INFO]  Epoch[4] Validation-cross-entropy=0.281936
2024-03-31 19:33:48,772 [INFO]  Epoch[4] Validation-A3-accuracy=0.000000
2024-03-31 19:33:48,772 [INFO]  
========== done (0.7071347236633301 s) fit model
2024-03-31 19:34:29,772 [INFO]  
========== start: fit model
2024-03-31 19:34:29,772 [WARNING]  Already bound, ignoring bind()
2024-03-31 19:34:29,786 [INFO]  Epoch[0] Batch [0-16]	Speed: 22166.89 samples/sec	cross-entropy=8.257462	A3-accuracy=0.000000
2024-03-31 19:34:29,794 [INFO]  Epoch[0] Train-cross-entropy=5.450580
2024-03-31 19:34:29,794 [INFO]  Epoch[0] Train-A3-accuracy=0.000000
2024-03-31 19:34:29,794 [INFO]  Epoch[0] Time cost=0.021
2024-03-31 19:34:29,796 [INFO]  Saved checkpoint to "./imputer_model/imputer_model_A3/model-0000.params"
2024-03-31 19:34:29,797 [INFO]  Epoch[0] Validation-cross-entropy=0.987142
2024-03-31 19:34:29,797 [INFO]  Epoch[0] Validation-A3-accuracy=0.000000
2024-03-31 19:34:29,807 [INFO]  Epoch[1] Batch [0-16]	Speed: 27677.33 samples/sec	cross-entropy=0.826253	A3-accuracy=0.000000
2024-03-31 19:34:29,815 [INFO]  Epoch[1] Train-cross-entropy=1.068057
2024-03-31 19:34:29,815 [INFO]  Epoch[1] Train-A3-accuracy=0.000000
2024-03-31 19:34:29,815 [INFO]  Epoch[1] Time cost=0.018
2024-03-31 19:34:29,817 [INFO]  Saved checkpoint to "./imputer_model/imputer_model_A3/model-0001.params"
2024-03-31 19:34:29,818 [INFO]  Epoch[1] Validation-cross-entropy=0.700467
2024-03-31 19:34:29,818 [INFO]  Epoch[1] Validation-A3-accuracy=0.000000
2024-03-31 19:34:29,828 [INFO]  Epoch[2] Batch [0-16]	Speed: 26143.55 samples/sec	cross-entropy=0.495943	A3-accuracy=0.000000
2024-03-31 19:34:29,836 [INFO]  Epoch[2] Train-cross-entropy=0.627437
2024-03-31 19:34:29,837 [INFO]  Epoch[2] Train-A3-accuracy=0.000000
2024-03-31 19:34:29,837 [INFO]  Epoch[2] Time cost=0.019
2024-03-31 19:34:29,842 [INFO]  Saved checkpoint to "./imputer_model/imputer_model_A3/model-0002.params"
2024-03-31 19:34:29,844 [INFO]  Epoch[2] Validation-cross-entropy=0.403443
2024-03-31 19:34:29,844 [INFO]  Epoch[2] Validation-A3-accuracy=0.000000
2024-03-31 19:34:29,853 [INFO]  Epoch[3] Batch [0-16]	Speed: 28217.75 samples/sec	cross-entropy=0.300402	A3-accuracy=0.000000
2024-03-31 19:34:29,868 [INFO]  Epoch[3] Train-cross-entropy=0.407503
2024-03-31 19:34:29,868 [INFO]  Epoch[3] Train-A3-accuracy=0.000000
2024-03-31 19:34:29,868 [INFO]  Epoch[3] Time cost=0.025
2024-03-31 19:34:29,870 [INFO]  Saved checkpoint to "./imputer_model/imputer_model_A3/model-0003.params"
2024-03-31 19:34:29,871 [INFO]  Epoch[3] Validation-cross-entropy=0.410086
2024-03-31 19:34:29,871 [INFO]  Epoch[3] Validation-A3-accuracy=0.000000
2024-03-31 19:34:29,886 [INFO]  Epoch[4] Batch [0-16]	Speed: 17474.28 samples/sec	cross-entropy=0.249461	A3-accuracy=0.000000
2024-03-31 19:34:29,896 [INFO]  Epoch[4] Train-cross-entropy=0.313938
2024-03-31 19:34:29,896 [INFO]  Epoch[4] Train-A3-accuracy=0.000000
2024-03-31 19:34:29,896 [INFO]  Epoch[4] Time cost=0.025
2024-03-31 19:34:29,897 [INFO]  Saved checkpoint to "./imputer_model/imputer_model_A3/model-0004.params"
2024-03-31 19:34:29,898 [INFO]  Epoch[4] Validation-cross-entropy=0.299743
2024-03-31 19:34:29,899 [INFO]  Epoch[4] Validation-A3-accuracy=0.000000
2024-03-31 19:34:29,899 [INFO]  
========== done (0.12627339363098145 s) fit model
2024-03-31 19:34:43,917 [INFO]  
========== start: fit model
2024-03-31 19:34:43,917 [WARNING]  Already bound, ignoring bind()
2024-03-31 19:34:44,330 [INFO]  Epoch[0] Batch [0-16]	Speed: 805.32 samples/sec	cross-entropy=7.963192	A3-accuracy=2.941176
2024-03-31 19:34:44,435 [INFO]  Epoch[0] Train-cross-entropy=5.267439
2024-03-31 19:34:44,435 [INFO]  Epoch[0] Train-A3-accuracy=3.258065
2024-03-31 19:34:44,435 [INFO]  Epoch[0] Time cost=0.517
2024-03-31 19:34:44,436 [INFO]  Saved checkpoint to "./imputer_model/imputer_model_A3/model-0000.params"
2024-03-31 19:34:44,437 [INFO]  Epoch[0] Validation-cross-entropy=1.338070
2024-03-31 19:34:44,437 [INFO]  Epoch[0] Validation-A3-accuracy=0.000000
2024-03-31 19:34:45,187 [INFO]  Epoch[1] Batch [0-16]	Speed: 341.92 samples/sec	cross-entropy=0.886778	A3-accuracy=2.941176
2024-03-31 19:34:45,484 [INFO]  Epoch[1] Train-cross-entropy=0.715076
2024-03-31 19:34:45,484 [INFO]  Epoch[1] Train-A3-accuracy=3.258065
2024-03-31 19:34:45,484 [INFO]  Epoch[1] Time cost=1.047
2024-03-31 19:34:45,486 [INFO]  Saved checkpoint to "./imputer_model/imputer_model_A3/model-0001.params"
2024-03-31 19:34:45,492 [INFO]  Epoch[1] Validation-cross-entropy=0.748771
2024-03-31 19:34:45,492 [INFO]  Epoch[1] Validation-A3-accuracy=0.000000
2024-03-31 19:34:45,766 [INFO]  Epoch[2] Batch [0-16]	Speed: 938.10 samples/sec	cross-entropy=0.275173	A3-accuracy=2.941176
2024-03-31 19:34:45,916 [INFO]  Epoch[2] Train-cross-entropy=0.302126
2024-03-31 19:34:45,916 [INFO]  Epoch[2] Train-A3-accuracy=3.258065
2024-03-31 19:34:45,916 [INFO]  Epoch[2] Time cost=0.424
2024-03-31 19:34:45,918 [INFO]  Saved checkpoint to "./imputer_model/imputer_model_A3/model-0002.params"
2024-03-31 19:34:45,919 [INFO]  Epoch[2] Validation-cross-entropy=0.463373
2024-03-31 19:34:45,919 [INFO]  Epoch[2] Validation-A3-accuracy=0.000000
2024-03-31 19:34:45,931 [INFO]  Epoch[3] Batch [0-16]	Speed: 22978.55 samples/sec	cross-entropy=0.201814	A3-accuracy=2.941176
2024-03-31 19:34:45,979 [INFO]  Epoch[3] Train-cross-entropy=0.176858
2024-03-31 19:34:45,980 [INFO]  Epoch[3] Train-A3-accuracy=3.258065
2024-03-31 19:34:45,980 [INFO]  Epoch[3] Time cost=0.061
2024-03-31 19:34:45,981 [INFO]  Saved checkpoint to "./imputer_model/imputer_model_A3/model-0003.params"
2024-03-31 19:34:45,982 [INFO]  Epoch[3] Validation-cross-entropy=0.281131
2024-03-31 19:34:45,982 [INFO]  Epoch[3] Validation-A3-accuracy=0.000000
2024-03-31 19:34:46,278 [INFO]  Epoch[4] Batch [0-16]	Speed: 1293.68 samples/sec	cross-entropy=0.113616	A3-accuracy=2.941176
2024-03-31 19:34:47,066 [INFO]  Epoch[4] Train-cross-entropy=0.116843
2024-03-31 19:34:47,066 [INFO]  Epoch[4] Train-A3-accuracy=3.258065
2024-03-31 19:34:47,066 [INFO]  Epoch[4] Time cost=1.084
2024-03-31 19:34:47,068 [INFO]  Saved checkpoint to "./imputer_model/imputer_model_A3/model-0004.params"
2024-03-31 19:34:47,069 [INFO]  Epoch[4] Validation-cross-entropy=0.206448
2024-03-31 19:34:47,069 [INFO]  Epoch[4] Validation-A3-accuracy=0.000000
2024-03-31 19:34:47,069 [INFO]  
========== done (3.152282238006592 s) fit model
2024-03-31 19:35:22,720 [INFO]  
========== start: fit model
2024-03-31 19:35:22,720 [WARNING]  Already bound, ignoring bind()
2024-03-31 19:35:23,420 [INFO]  Epoch[0] Batch [0-16]	Speed: 774.65 samples/sec	cross-entropy=8.380742	A3-accuracy=3.764706
2024-03-31 19:35:23,428 [INFO]  Epoch[0] Train-cross-entropy=5.768368
2024-03-31 19:35:23,429 [INFO]  Epoch[0] Train-A3-accuracy=3.193548
2024-03-31 19:35:23,429 [INFO]  Epoch[0] Time cost=0.707
2024-03-31 19:35:23,430 [INFO]  Saved checkpoint to "./imputer_model/imputer_model_A3/model-0000.params"
2024-03-31 19:35:23,481 [INFO]  Epoch[0] Validation-cross-entropy=1.000916
2024-03-31 19:35:23,481 [INFO]  Epoch[0] Validation-A3-accuracy=0.000000
2024-03-31 19:35:23,645 [INFO]  Epoch[1] Batch [0-16]	Speed: 1630.55 samples/sec	cross-entropy=0.883223	A3-accuracy=3.764706
2024-03-31 19:35:23,783 [INFO]  Epoch[1] Train-cross-entropy=0.832708
2024-03-31 19:35:23,783 [INFO]  Epoch[1] Train-A3-accuracy=3.193548
2024-03-31 19:35:23,783 [INFO]  Epoch[1] Time cost=0.302
2024-03-31 19:35:23,785 [INFO]  Saved checkpoint to "./imputer_model/imputer_model_A3/model-0001.params"
2024-03-31 19:35:23,786 [INFO]  Epoch[1] Validation-cross-entropy=0.424077
2024-03-31 19:35:23,786 [INFO]  Epoch[1] Validation-A3-accuracy=0.000000
2024-03-31 19:35:23,990 [INFO]  Epoch[2] Batch [0-16]	Speed: 1258.66 samples/sec	cross-entropy=0.365435	A3-accuracy=3.764706
2024-03-31 19:35:24,192 [INFO]  Epoch[2] Train-cross-entropy=0.356055
2024-03-31 19:35:24,193 [INFO]  Epoch[2] Train-A3-accuracy=3.193548
2024-03-31 19:35:24,193 [INFO]  Epoch[2] Time cost=0.407
2024-03-31 19:35:24,194 [INFO]  Saved checkpoint to "./imputer_model/imputer_model_A3/model-0002.params"
2024-03-31 19:35:24,195 [INFO]  Epoch[2] Validation-cross-entropy=0.148433
2024-03-31 19:35:24,195 [INFO]  Epoch[2] Validation-A3-accuracy=0.000000
2024-03-31 19:35:24,314 [INFO]  Epoch[3] Batch [0-16]	Speed: 2167.35 samples/sec	cross-entropy=0.201606	A3-accuracy=3.764706
2024-03-31 19:35:24,597 [INFO]  Epoch[3] Train-cross-entropy=0.360178
2024-03-31 19:35:24,598 [INFO]  Epoch[3] Train-A3-accuracy=3.193548
2024-03-31 19:35:24,598 [INFO]  Epoch[3] Time cost=0.402
2024-03-31 19:35:24,602 [INFO]  Saved checkpoint to "./imputer_model/imputer_model_A3/model-0003.params"
2024-03-31 19:35:24,614 [INFO]  Epoch[3] Validation-cross-entropy=0.253439
2024-03-31 19:35:24,614 [INFO]  Epoch[3] Validation-A3-accuracy=0.000000
2024-03-31 19:35:24,741 [INFO]  Epoch[4] Batch [0-16]	Speed: 2046.58 samples/sec	cross-entropy=0.246997	A3-accuracy=3.764706
2024-03-31 19:35:24,935 [INFO]  Epoch[4] Train-cross-entropy=0.679693
2024-03-31 19:35:24,935 [INFO]  Epoch[4] Train-A3-accuracy=3.193548
2024-03-31 19:35:24,935 [INFO]  Epoch[4] Time cost=0.320
2024-03-31 19:35:24,937 [INFO]  Saved checkpoint to "./imputer_model/imputer_model_A3/model-0004.params"
2024-03-31 19:35:24,952 [INFO]  Epoch[4] Validation-cross-entropy=0.207849
2024-03-31 19:35:24,952 [INFO]  Epoch[4] Validation-A3-accuracy=0.000000
2024-03-31 19:35:24,952 [INFO]  
========== done (2.231931209564209 s) fit model
2024-03-31 19:35:59,308 [INFO]  
========== start: fit model
2024-03-31 19:35:59,308 [WARNING]  Already bound, ignoring bind()
2024-03-31 19:35:59,585 [INFO]  Epoch[0] Batch [0-16]	Speed: 1111.27 samples/sec	cross-entropy=7.678928	A3-accuracy=0.000000
2024-03-31 19:35:59,618 [INFO]  Epoch[0] Train-cross-entropy=5.383563
2024-03-31 19:35:59,618 [INFO]  Epoch[0] Train-A3-accuracy=0.000000
2024-03-31 19:35:59,618 [INFO]  Epoch[0] Time cost=0.309
2024-03-31 19:35:59,620 [INFO]  Saved checkpoint to "./imputer_model/imputer_model_A3/model-0000.params"
2024-03-31 19:35:59,625 [INFO]  Epoch[0] Validation-cross-entropy=3.471269
2024-03-31 19:35:59,625 [INFO]  Epoch[0] Validation-A3-accuracy=0.000000
2024-03-31 19:35:59,758 [INFO]  Epoch[1] Batch [0-16]	Speed: 1935.05 samples/sec	cross-entropy=1.239867	A3-accuracy=0.000000
2024-03-31 19:35:59,919 [INFO]  Epoch[1] Train-cross-entropy=1.073100
2024-03-31 19:35:59,919 [INFO]  Epoch[1] Train-A3-accuracy=0.000000
2024-03-31 19:35:59,919 [INFO]  Epoch[1] Time cost=0.294
2024-03-31 19:35:59,923 [INFO]  Saved checkpoint to "./imputer_model/imputer_model_A3/model-0001.params"
2024-03-31 19:35:59,941 [INFO]  Epoch[1] Validation-cross-entropy=2.686181
2024-03-31 19:35:59,941 [INFO]  Epoch[1] Validation-A3-accuracy=0.000000
2024-03-31 19:36:00,037 [INFO]  Epoch[2] Batch [0-16]	Speed: 2698.37 samples/sec	cross-entropy=0.446515	A3-accuracy=0.000000
2024-03-31 19:36:00,172 [INFO]  Epoch[2] Train-cross-entropy=0.377266
2024-03-31 19:36:00,172 [INFO]  Epoch[2] Train-A3-accuracy=0.000000
2024-03-31 19:36:00,172 [INFO]  Epoch[2] Time cost=0.232
2024-03-31 19:36:00,174 [INFO]  Saved checkpoint to "./imputer_model/imputer_model_A3/model-0002.params"
2024-03-31 19:36:00,176 [INFO]  Epoch[2] Validation-cross-entropy=0.670777
2024-03-31 19:36:00,176 [INFO]  Epoch[2] Validation-A3-accuracy=0.000000
2024-03-31 19:36:00,270 [INFO]  Epoch[3] Batch [0-16]	Speed: 2861.71 samples/sec	cross-entropy=0.330192	A3-accuracy=0.000000
2024-03-31 19:36:00,292 [INFO]  Epoch[3] Train-cross-entropy=0.255851
2024-03-31 19:36:00,292 [INFO]  Epoch[3] Train-A3-accuracy=0.000000
2024-03-31 19:36:00,292 [INFO]  Epoch[3] Time cost=0.116
2024-03-31 19:36:00,294 [INFO]  Saved checkpoint to "./imputer_model/imputer_model_A3/model-0003.params"
2024-03-31 19:36:00,313 [INFO]  Epoch[3] Validation-cross-entropy=1.226296
2024-03-31 19:36:00,313 [INFO]  Epoch[3] Validation-A3-accuracy=0.000000
2024-03-31 19:36:00,512 [INFO]  Epoch[4] Batch [0-16]	Speed: 1535.73 samples/sec	cross-entropy=0.199721	A3-accuracy=0.000000
2024-03-31 19:36:00,561 [INFO]  Epoch[4] Train-cross-entropy=0.163286
2024-03-31 19:36:00,562 [INFO]  Epoch[4] Train-A3-accuracy=0.000000
2024-03-31 19:36:00,562 [INFO]  Epoch[4] Time cost=0.249
2024-03-31 19:36:00,563 [INFO]  Saved checkpoint to "./imputer_model/imputer_model_A3/model-0004.params"
2024-03-31 19:36:00,564 [INFO]  Epoch[4] Validation-cross-entropy=1.281537
2024-03-31 19:36:00,565 [INFO]  Epoch[4] Validation-A3-accuracy=0.000000
2024-03-31 19:36:00,565 [INFO]  
========== done (1.2564406394958496 s) fit model
2024-03-31 19:36:24,558 [INFO]  
========== start: fit model
2024-03-31 19:36:24,558 [WARNING]  Already bound, ignoring bind()
2024-03-31 19:36:24,569 [INFO]  Epoch[0] Batch [0-16]	Speed: 27986.81 samples/sec	cross-entropy=10.782799	A3-accuracy=2.705882
2024-03-31 19:36:24,577 [INFO]  Epoch[0] Train-cross-entropy=7.251565
2024-03-31 19:36:24,578 [INFO]  Epoch[0] Train-A3-accuracy=3.032258
2024-03-31 19:36:24,578 [INFO]  Epoch[0] Time cost=0.019
2024-03-31 19:36:24,579 [INFO]  Saved checkpoint to "./imputer_model/imputer_model_A3/model-0000.params"
2024-03-31 19:36:24,580 [INFO]  Epoch[0] Validation-cross-entropy=1.283718
2024-03-31 19:36:24,580 [INFO]  Epoch[0] Validation-A3-accuracy=0.000000
2024-03-31 19:36:24,590 [INFO]  Epoch[1] Batch [0-16]	Speed: 27453.70 samples/sec	cross-entropy=1.140018	A3-accuracy=2.705882
2024-03-31 19:36:24,598 [INFO]  Epoch[1] Train-cross-entropy=0.912191
2024-03-31 19:36:24,598 [INFO]  Epoch[1] Train-A3-accuracy=3.032258
2024-03-31 19:36:24,598 [INFO]  Epoch[1] Time cost=0.018
2024-03-31 19:36:24,599 [INFO]  Saved checkpoint to "./imputer_model/imputer_model_A3/model-0001.params"
2024-03-31 19:36:24,600 [INFO]  Epoch[1] Validation-cross-entropy=0.680618
2024-03-31 19:36:24,600 [INFO]  Epoch[1] Validation-A3-accuracy=0.000000
2024-03-31 19:36:24,610 [INFO]  Epoch[2] Batch [0-16]	Speed: 27525.49 samples/sec	cross-entropy=0.566362	A3-accuracy=2.705882
2024-03-31 19:36:24,618 [INFO]  Epoch[2] Train-cross-entropy=0.463137
2024-03-31 19:36:24,618 [INFO]  Epoch[2] Train-A3-accuracy=3.032258
2024-03-31 19:36:24,618 [INFO]  Epoch[2] Time cost=0.018
2024-03-31 19:36:24,620 [INFO]  Saved checkpoint to "./imputer_model/imputer_model_A3/model-0002.params"
2024-03-31 19:36:24,620 [INFO]  Epoch[2] Validation-cross-entropy=0.456070
2024-03-31 19:36:24,620 [INFO]  Epoch[2] Validation-A3-accuracy=0.000000
2024-03-31 19:36:24,630 [INFO]  Epoch[3] Batch [0-16]	Speed: 27697.32 samples/sec	cross-entropy=0.285987	A3-accuracy=2.705882
2024-03-31 19:36:24,638 [INFO]  Epoch[3] Train-cross-entropy=0.263333
2024-03-31 19:36:24,639 [INFO]  Epoch[3] Train-A3-accuracy=3.032258
2024-03-31 19:36:24,639 [INFO]  Epoch[3] Time cost=0.018
2024-03-31 19:36:24,640 [INFO]  Saved checkpoint to "./imputer_model/imputer_model_A3/model-0003.params"
2024-03-31 19:36:24,641 [INFO]  Epoch[3] Validation-cross-entropy=0.330090
2024-03-31 19:36:24,641 [INFO]  Epoch[3] Validation-A3-accuracy=0.000000
2024-03-31 19:36:24,651 [INFO]  Epoch[4] Batch [0-16]	Speed: 27047.76 samples/sec	cross-entropy=0.191933	A3-accuracy=2.705882
2024-03-31 19:36:24,659 [INFO]  Epoch[4] Train-cross-entropy=0.167790
2024-03-31 19:36:24,659 [INFO]  Epoch[4] Train-A3-accuracy=3.032258
2024-03-31 19:36:24,659 [INFO]  Epoch[4] Time cost=0.018
2024-03-31 19:36:24,660 [INFO]  Saved checkpoint to "./imputer_model/imputer_model_A3/model-0004.params"
2024-03-31 19:36:24,661 [INFO]  Epoch[4] Validation-cross-entropy=0.295936
2024-03-31 19:36:24,661 [INFO]  Epoch[4] Validation-A3-accuracy=0.000000
2024-03-31 19:36:24,661 [INFO]  
========== done (0.10353422164916992 s) fit model
2024-03-31 19:36:45,528 [INFO]  
========== start: fit model
2024-03-31 19:36:45,528 [WARNING]  Already bound, ignoring bind()
2024-03-31 19:36:45,707 [INFO]  Epoch[0] Batch [0-16]	Speed: 2122.18 samples/sec	cross-entropy=7.981960	A3-accuracy=3.235294
2024-03-31 19:36:45,721 [INFO]  Epoch[0] Train-cross-entropy=5.985653
2024-03-31 19:36:45,721 [INFO]  Epoch[0] Train-A3-accuracy=3.096774
2024-03-31 19:36:45,721 [INFO]  Epoch[0] Time cost=0.192
2024-03-31 19:36:45,725 [INFO]  Saved checkpoint to "./imputer_model/imputer_model_A3/model-0000.params"
2024-03-31 19:36:45,744 [INFO]  Epoch[0] Validation-cross-entropy=0.991932
2024-03-31 19:36:45,744 [INFO]  Epoch[0] Validation-A3-accuracy=0.000000
2024-03-31 19:36:45,827 [INFO]  Epoch[1] Batch [0-16]	Speed: 3138.60 samples/sec	cross-entropy=0.813788	A3-accuracy=3.235294
2024-03-31 19:36:45,990 [INFO]  Epoch[1] Train-cross-entropy=0.875164
2024-03-31 19:36:45,990 [INFO]  Epoch[1] Train-A3-accuracy=3.096774
2024-03-31 19:36:45,990 [INFO]  Epoch[1] Time cost=0.246
2024-03-31 19:36:45,992 [INFO]  Saved checkpoint to "./imputer_model/imputer_model_A3/model-0001.params"
2024-03-31 19:36:46,006 [INFO]  Epoch[1] Validation-cross-entropy=0.451965
2024-03-31 19:36:46,006 [INFO]  Epoch[1] Validation-A3-accuracy=0.000000
2024-03-31 19:36:46,395 [INFO]  Epoch[2] Batch [0-16]	Speed: 666.83 samples/sec	cross-entropy=0.325632	A3-accuracy=3.235294
2024-03-31 19:36:46,617 [INFO]  Epoch[2] Train-cross-entropy=0.421737
2024-03-31 19:36:46,618 [INFO]  Epoch[2] Train-A3-accuracy=3.096774
2024-03-31 19:36:46,618 [INFO]  Epoch[2] Time cost=0.612
2024-03-31 19:36:46,619 [INFO]  Saved checkpoint to "./imputer_model/imputer_model_A3/model-0002.params"
2024-03-31 19:36:46,657 [INFO]  Epoch[2] Validation-cross-entropy=0.256344
2024-03-31 19:36:46,657 [INFO]  Epoch[2] Validation-A3-accuracy=0.000000
2024-03-31 19:36:46,872 [INFO]  Epoch[3] Batch [0-16]	Speed: 2262.81 samples/sec	cross-entropy=0.184915	A3-accuracy=3.235294
2024-03-31 19:36:46,991 [INFO]  Epoch[3] Train-cross-entropy=0.241610
2024-03-31 19:36:46,991 [INFO]  Epoch[3] Train-A3-accuracy=3.096774
2024-03-31 19:36:46,991 [INFO]  Epoch[3] Time cost=0.334
2024-03-31 19:36:46,993 [INFO]  Saved checkpoint to "./imputer_model/imputer_model_A3/model-0003.params"
2024-03-31 19:36:46,994 [INFO]  Epoch[3] Validation-cross-entropy=0.216867
2024-03-31 19:36:46,994 [INFO]  Epoch[3] Validation-A3-accuracy=0.000000
2024-03-31 19:36:47,173 [INFO]  Epoch[4] Batch [0-16]	Speed: 1441.48 samples/sec	cross-entropy=0.152490	A3-accuracy=3.235294
2024-03-31 19:36:47,199 [INFO]  Epoch[4] Train-cross-entropy=0.227969
2024-03-31 19:36:47,199 [INFO]  Epoch[4] Train-A3-accuracy=3.096774
2024-03-31 19:36:47,199 [INFO]  Epoch[4] Time cost=0.205
2024-03-31 19:36:47,203 [INFO]  Saved checkpoint to "./imputer_model/imputer_model_A3/model-0004.params"
2024-03-31 19:36:47,213 [INFO]  Epoch[4] Validation-cross-entropy=0.158715
2024-03-31 19:36:47,213 [INFO]  Epoch[4] Validation-A3-accuracy=0.000000
2024-03-31 19:36:47,213 [INFO]  
========== done (1.6850738525390625 s) fit model
2024-03-31 19:37:05,812 [INFO]  
========== start: fit model
2024-03-31 19:37:05,812 [WARNING]  Already bound, ignoring bind()
2024-03-31 19:37:06,026 [INFO]  Epoch[0] Batch [0-16]	Speed: 1285.86 samples/sec	cross-entropy=12.375906	A3-accuracy=0.000000
2024-03-31 19:37:06,242 [INFO]  Epoch[0] Train-cross-entropy=8.883956
2024-03-31 19:37:06,242 [INFO]  Epoch[0] Train-A3-accuracy=0.000000
2024-03-31 19:37:06,242 [INFO]  Epoch[0] Time cost=0.430
2024-03-31 19:37:06,246 [INFO]  Saved checkpoint to "./imputer_model/imputer_model_A3/model-0000.params"
2024-03-31 19:37:06,327 [INFO]  Epoch[0] Validation-cross-entropy=1.730375
2024-03-31 19:37:06,328 [INFO]  Epoch[0] Validation-A3-accuracy=0.000000
2024-03-31 19:37:06,745 [INFO]  Epoch[1] Batch [0-16]	Speed: 614.27 samples/sec	cross-entropy=1.379486	A3-accuracy=0.000000
2024-03-31 19:37:06,987 [INFO]  Epoch[1] Train-cross-entropy=1.265495
2024-03-31 19:37:06,988 [INFO]  Epoch[1] Train-A3-accuracy=0.000000
2024-03-31 19:37:06,988 [INFO]  Epoch[1] Time cost=0.660
2024-03-31 19:37:06,989 [INFO]  Saved checkpoint to "./imputer_model/imputer_model_A3/model-0001.params"
2024-03-31 19:37:06,993 [INFO]  Epoch[1] Validation-cross-entropy=0.799358
2024-03-31 19:37:06,993 [INFO]  Epoch[1] Validation-A3-accuracy=0.000000
2024-03-31 19:37:07,055 [INFO]  Epoch[2] Batch [0-16]	Speed: 4224.90 samples/sec	cross-entropy=0.458185	A3-accuracy=0.000000
2024-03-31 19:37:07,086 [INFO]  Epoch[2] Train-cross-entropy=0.502721
2024-03-31 19:37:07,086 [INFO]  Epoch[2] Train-A3-accuracy=0.000000
2024-03-31 19:37:07,086 [INFO]  Epoch[2] Time cost=0.093
2024-03-31 19:37:07,090 [INFO]  Saved checkpoint to "./imputer_model/imputer_model_A3/model-0002.params"
2024-03-31 19:37:07,142 [INFO]  Epoch[2] Validation-cross-entropy=0.482433
2024-03-31 19:37:07,143 [INFO]  Epoch[2] Validation-A3-accuracy=0.000000
2024-03-31 19:37:07,412 [INFO]  Epoch[3] Batch [0-16]	Speed: 956.52 samples/sec	cross-entropy=0.314169	A3-accuracy=0.000000
2024-03-31 19:37:07,518 [INFO]  Epoch[3] Train-cross-entropy=0.340865
2024-03-31 19:37:07,518 [INFO]  Epoch[3] Train-A3-accuracy=0.000000
2024-03-31 19:37:07,518 [INFO]  Epoch[3] Time cost=0.375
2024-03-31 19:37:07,520 [INFO]  Saved checkpoint to "./imputer_model/imputer_model_A3/model-0003.params"
2024-03-31 19:37:07,521 [INFO]  Epoch[3] Validation-cross-entropy=0.318269
2024-03-31 19:37:07,521 [INFO]  Epoch[3] Validation-A3-accuracy=0.000000
2024-03-31 19:37:07,580 [INFO]  Epoch[4] Batch [0-16]	Speed: 4355.54 samples/sec	cross-entropy=0.193879	A3-accuracy=0.000000
2024-03-31 19:37:07,723 [INFO]  Epoch[4] Train-cross-entropy=0.221191
2024-03-31 19:37:07,723 [INFO]  Epoch[4] Train-A3-accuracy=0.000000
2024-03-31 19:37:07,723 [INFO]  Epoch[4] Time cost=0.202
2024-03-31 19:37:07,725 [INFO]  Saved checkpoint to "./imputer_model/imputer_model_A3/model-0004.params"
2024-03-31 19:37:07,726 [INFO]  Epoch[4] Validation-cross-entropy=0.404638
2024-03-31 19:37:07,726 [INFO]  Epoch[4] Validation-A3-accuracy=0.000000
2024-03-31 19:37:07,726 [INFO]  
========== done (1.9145708084106445 s) fit model
2024-03-31 19:37:31,358 [INFO]  
========== start: fit model
2024-03-31 19:37:31,358 [WARNING]  Already bound, ignoring bind()
2024-03-31 19:37:31,381 [INFO]  Epoch[0] Batch [0-16]	Speed: 22928.99 samples/sec	cross-entropy=11.387427	A3-accuracy=0.000000
2024-03-31 19:37:31,391 [INFO]  Epoch[0] Train-cross-entropy=7.504359
2024-03-31 19:37:31,391 [INFO]  Epoch[0] Train-A3-accuracy=0.000000
2024-03-31 19:37:31,391 [INFO]  Epoch[0] Time cost=0.032
2024-03-31 19:37:31,393 [INFO]  Saved checkpoint to "./imputer_model/imputer_model_A3/model-0000.params"
2024-03-31 19:37:31,394 [INFO]  Epoch[0] Validation-cross-entropy=1.506895
2024-03-31 19:37:31,394 [INFO]  Epoch[0] Validation-A3-accuracy=0.000000
2024-03-31 19:37:31,406 [INFO]  Epoch[1] Batch [0-16]	Speed: 23736.44 samples/sec	cross-entropy=1.412435	A3-accuracy=0.000000
2024-03-31 19:37:31,415 [INFO]  Epoch[1] Train-cross-entropy=1.099703
2024-03-31 19:37:31,415 [INFO]  Epoch[1] Train-A3-accuracy=0.000000
2024-03-31 19:37:31,415 [INFO]  Epoch[1] Time cost=0.021
2024-03-31 19:37:31,417 [INFO]  Saved checkpoint to "./imputer_model/imputer_model_A3/model-0001.params"
2024-03-31 19:37:31,418 [INFO]  Epoch[1] Validation-cross-entropy=0.446902
2024-03-31 19:37:31,418 [INFO]  Epoch[1] Validation-A3-accuracy=0.000000
2024-03-31 19:37:31,429 [INFO]  Epoch[2] Batch [0-16]	Speed: 23999.06 samples/sec	cross-entropy=0.456439	A3-accuracy=0.000000
2024-03-31 19:37:31,439 [INFO]  Epoch[2] Train-cross-entropy=0.383740
2024-03-31 19:37:31,439 [INFO]  Epoch[2] Train-A3-accuracy=0.000000
2024-03-31 19:37:31,439 [INFO]  Epoch[2] Time cost=0.021
2024-03-31 19:37:31,440 [INFO]  Saved checkpoint to "./imputer_model/imputer_model_A3/model-0002.params"
2024-03-31 19:37:31,441 [INFO]  Epoch[2] Validation-cross-entropy=0.392974
2024-03-31 19:37:31,441 [INFO]  Epoch[2] Validation-A3-accuracy=0.000000
2024-03-31 19:37:31,453 [INFO]  Epoch[3] Batch [0-16]	Speed: 23060.97 samples/sec	cross-entropy=0.200193	A3-accuracy=0.000000
2024-03-31 19:37:31,462 [INFO]  Epoch[3] Train-cross-entropy=0.202648
2024-03-31 19:37:31,463 [INFO]  Epoch[3] Train-A3-accuracy=0.000000
2024-03-31 19:37:31,463 [INFO]  Epoch[3] Time cost=0.021
2024-03-31 19:37:31,464 [INFO]  Saved checkpoint to "./imputer_model/imputer_model_A3/model-0003.params"
2024-03-31 19:37:31,465 [INFO]  Epoch[3] Validation-cross-entropy=0.208556
2024-03-31 19:37:31,465 [INFO]  Epoch[3] Validation-A3-accuracy=0.000000
2024-03-31 19:37:31,477 [INFO]  Epoch[4] Batch [0-16]	Speed: 23379.32 samples/sec	cross-entropy=0.145369	A3-accuracy=0.000000
2024-03-31 19:37:31,486 [INFO]  Epoch[4] Train-cross-entropy=0.134146
2024-03-31 19:37:31,486 [INFO]  Epoch[4] Train-A3-accuracy=0.000000
2024-03-31 19:37:31,486 [INFO]  Epoch[4] Time cost=0.021
2024-03-31 19:37:31,488 [INFO]  Saved checkpoint to "./imputer_model/imputer_model_A3/model-0004.params"
2024-03-31 19:37:31,489 [INFO]  Epoch[4] Validation-cross-entropy=0.232347
2024-03-31 19:37:31,489 [INFO]  Epoch[4] Validation-A3-accuracy=0.000000
2024-03-31 19:37:31,489 [INFO]  
========== done (0.13155031204223633 s) fit model
2024-03-31 19:37:50,527 [INFO]  
========== start: fit model
2024-03-31 19:37:50,527 [WARNING]  Already bound, ignoring bind()
2024-03-31 19:37:50,559 [INFO]  Epoch[0] Batch [0-16]	Speed: 8659.63 samples/sec	cross-entropy=10.268750	A3-accuracy=3.117647
2024-03-31 19:37:50,802 [INFO]  Epoch[0] Train-cross-entropy=7.103994
2024-03-31 19:37:50,803 [INFO]  Epoch[0] Train-A3-accuracy=3.129032
2024-03-31 19:37:50,803 [INFO]  Epoch[0] Time cost=0.275
2024-03-31 19:37:50,804 [INFO]  Saved checkpoint to "./imputer_model/imputer_model_A3/model-0000.params"
2024-03-31 19:37:50,805 [INFO]  Epoch[0] Validation-cross-entropy=1.728550
2024-03-31 19:37:50,805 [INFO]  Epoch[0] Validation-A3-accuracy=0.000000
2024-03-31 19:37:50,916 [INFO]  Epoch[1] Batch [0-16]	Speed: 2340.42 samples/sec	cross-entropy=1.572782	A3-accuracy=3.117647
2024-03-31 19:37:51,079 [INFO]  Epoch[1] Train-cross-entropy=1.158233
2024-03-31 19:37:51,079 [INFO]  Epoch[1] Train-A3-accuracy=3.129032
2024-03-31 19:37:51,079 [INFO]  Epoch[1] Time cost=0.274
2024-03-31 19:37:51,081 [INFO]  Saved checkpoint to "./imputer_model/imputer_model_A3/model-0001.params"
2024-03-31 19:37:51,089 [INFO]  Epoch[1] Validation-cross-entropy=1.151344
2024-03-31 19:37:51,090 [INFO]  Epoch[1] Validation-A3-accuracy=0.000000
2024-03-31 19:37:51,339 [INFO]  Epoch[2] Batch [0-16]	Speed: 1035.58 samples/sec	cross-entropy=0.424511	A3-accuracy=3.117647
2024-03-31 19:37:51,352 [INFO]  Epoch[2] Train-cross-entropy=0.368109
2024-03-31 19:37:51,353 [INFO]  Epoch[2] Train-A3-accuracy=3.129032
2024-03-31 19:37:51,353 [INFO]  Epoch[2] Time cost=0.263
2024-03-31 19:37:51,354 [INFO]  Saved checkpoint to "./imputer_model/imputer_model_A3/model-0002.params"
2024-03-31 19:37:51,357 [INFO]  Epoch[2] Validation-cross-entropy=0.720332
2024-03-31 19:37:51,357 [INFO]  Epoch[2] Validation-A3-accuracy=0.000000
2024-03-31 19:37:51,375 [INFO]  Epoch[3] Batch [0-16]	Speed: 17746.04 samples/sec	cross-entropy=0.218906	A3-accuracy=3.117647
2024-03-31 19:37:51,394 [INFO]  Epoch[3] Train-cross-entropy=0.222068
2024-03-31 19:37:51,394 [INFO]  Epoch[3] Train-A3-accuracy=3.129032
2024-03-31 19:37:51,394 [INFO]  Epoch[3] Time cost=0.038
2024-03-31 19:37:51,396 [INFO]  Saved checkpoint to "./imputer_model/imputer_model_A3/model-0003.params"
2024-03-31 19:37:51,427 [INFO]  Epoch[3] Validation-cross-entropy=0.563268
2024-03-31 19:37:51,427 [INFO]  Epoch[3] Validation-A3-accuracy=0.000000
2024-03-31 19:37:51,523 [INFO]  Epoch[4] Batch [0-16]	Speed: 2698.34 samples/sec	cross-entropy=0.155902	A3-accuracy=3.117647
2024-03-31 19:37:51,536 [INFO]  Epoch[4] Train-cross-entropy=0.147511
2024-03-31 19:37:51,536 [INFO]  Epoch[4] Train-A3-accuracy=3.129032
2024-03-31 19:37:51,536 [INFO]  Epoch[4] Time cost=0.109
2024-03-31 19:37:51,538 [INFO]  Saved checkpoint to "./imputer_model/imputer_model_A3/model-0004.params"
2024-03-31 19:37:51,564 [INFO]  Epoch[4] Validation-cross-entropy=0.491233
2024-03-31 19:37:51,564 [INFO]  Epoch[4] Validation-A3-accuracy=0.000000
2024-03-31 19:37:51,564 [INFO]  
========== done (1.0377027988433838 s) fit model
2024-03-31 19:38:13,113 [INFO]  
========== start: fit model
2024-03-31 19:38:13,113 [WARNING]  Already bound, ignoring bind()
2024-03-31 19:38:13,214 [INFO]  Epoch[0] Batch [0-16]	Speed: 2821.48 samples/sec	cross-entropy=10.171182	A3-accuracy=2.764706
2024-03-31 19:38:13,331 [INFO]  Epoch[0] Train-cross-entropy=6.526682
2024-03-31 19:38:13,331 [INFO]  Epoch[0] Train-A3-accuracy=2.838710
2024-03-31 19:38:13,331 [INFO]  Epoch[0] Time cost=0.217
2024-03-31 19:38:13,333 [INFO]  Saved checkpoint to "./imputer_model/imputer_model_A3/model-0000.params"
2024-03-31 19:38:13,334 [INFO]  Epoch[0] Validation-cross-entropy=1.126550
2024-03-31 19:38:13,334 [INFO]  Epoch[0] Validation-A3-accuracy=0.000000
2024-03-31 19:38:13,530 [INFO]  Epoch[1] Batch [0-16]	Speed: 1440.59 samples/sec	cross-entropy=0.982649	A3-accuracy=2.764706
2024-03-31 19:38:13,554 [INFO]  Epoch[1] Train-cross-entropy=0.741104
2024-03-31 19:38:13,554 [INFO]  Epoch[1] Train-A3-accuracy=2.838710
2024-03-31 19:38:13,554 [INFO]  Epoch[1] Time cost=0.220
2024-03-31 19:38:13,556 [INFO]  Saved checkpoint to "./imputer_model/imputer_model_A3/model-0001.params"
2024-03-31 19:38:13,557 [INFO]  Epoch[1] Validation-cross-entropy=0.925886
2024-03-31 19:38:13,557 [INFO]  Epoch[1] Validation-A3-accuracy=0.000000
2024-03-31 19:38:13,617 [INFO]  Epoch[2] Batch [0-16]	Speed: 4345.51 samples/sec	cross-entropy=0.438360	A3-accuracy=2.764706
2024-03-31 19:38:13,710 [INFO]  Epoch[2] Train-cross-entropy=0.352924
2024-03-31 19:38:13,710 [INFO]  Epoch[2] Train-A3-accuracy=2.838710
2024-03-31 19:38:13,710 [INFO]  Epoch[2] Time cost=0.153
2024-03-31 19:38:13,712 [INFO]  Saved checkpoint to "./imputer_model/imputer_model_A3/model-0002.params"
2024-03-31 19:38:13,755 [INFO]  Epoch[2] Validation-cross-entropy=0.833912
2024-03-31 19:38:13,755 [INFO]  Epoch[2] Validation-A3-accuracy=0.000000
2024-03-31 19:38:13,814 [INFO]  Epoch[3] Batch [0-16]	Speed: 4406.99 samples/sec	cross-entropy=0.272047	A3-accuracy=2.764706
2024-03-31 19:38:13,827 [INFO]  Epoch[3] Train-cross-entropy=0.240988
2024-03-31 19:38:13,827 [INFO]  Epoch[3] Train-A3-accuracy=2.838710
2024-03-31 19:38:13,827 [INFO]  Epoch[3] Time cost=0.073
2024-03-31 19:38:13,829 [INFO]  Saved checkpoint to "./imputer_model/imputer_model_A3/model-0003.params"
2024-03-31 19:38:13,834 [INFO]  Epoch[3] Validation-cross-entropy=0.671185
2024-03-31 19:38:13,834 [INFO]  Epoch[3] Validation-A3-accuracy=0.000000
2024-03-31 19:38:13,882 [INFO]  Epoch[4] Batch [0-16]	Speed: 5484.99 samples/sec	cross-entropy=0.246619	A3-accuracy=2.764706
2024-03-31 19:38:14,042 [INFO]  Epoch[4] Train-cross-entropy=0.226054
2024-03-31 19:38:14,042 [INFO]  Epoch[4] Train-A3-accuracy=2.838710
2024-03-31 19:38:14,042 [INFO]  Epoch[4] Time cost=0.208
2024-03-31 19:38:14,044 [INFO]  Saved checkpoint to "./imputer_model/imputer_model_A3/model-0004.params"
2024-03-31 19:38:14,050 [INFO]  Epoch[4] Validation-cross-entropy=1.530207
2024-03-31 19:38:14,050 [INFO]  Epoch[4] Validation-A3-accuracy=0.000000
2024-03-31 19:38:14,051 [INFO]  
========== done (0.9375481605529785 s) fit model
2024-03-31 19:38:39,133 [INFO]  
========== start: fit model
2024-03-31 19:38:39,133 [WARNING]  Already bound, ignoring bind()
2024-03-31 19:38:39,146 [INFO]  Epoch[0] Batch [0-16]	Speed: 22707.87 samples/sec	cross-entropy=10.247615	A3-accuracy=3.294118
2024-03-31 19:38:39,155 [INFO]  Epoch[0] Train-cross-entropy=6.596180
2024-03-31 19:38:39,155 [INFO]  Epoch[0] Train-A3-accuracy=3.290323
2024-03-31 19:38:39,155 [INFO]  Epoch[0] Time cost=0.021
2024-03-31 19:38:39,156 [INFO]  Saved checkpoint to "./imputer_model/imputer_model_A3/model-0000.params"
2024-03-31 19:38:39,157 [INFO]  Epoch[0] Validation-cross-entropy=2.208953
2024-03-31 19:38:39,157 [INFO]  Epoch[0] Validation-A3-accuracy=0.000000
2024-03-31 19:38:39,168 [INFO]  Epoch[1] Batch [0-16]	Speed: 27017.13 samples/sec	cross-entropy=0.851047	A3-accuracy=3.294118
2024-03-31 19:38:39,176 [INFO]  Epoch[1] Train-cross-entropy=0.810005
2024-03-31 19:38:39,176 [INFO]  Epoch[1] Train-A3-accuracy=3.290323
2024-03-31 19:38:39,176 [INFO]  Epoch[1] Time cost=0.018
2024-03-31 19:38:39,177 [INFO]  Saved checkpoint to "./imputer_model/imputer_model_A3/model-0001.params"
2024-03-31 19:38:39,178 [INFO]  Epoch[1] Validation-cross-entropy=0.357177
2024-03-31 19:38:39,178 [INFO]  Epoch[1] Validation-A3-accuracy=0.000000
2024-03-31 19:38:39,188 [INFO]  Epoch[2] Batch [0-16]	Speed: 27408.15 samples/sec	cross-entropy=0.348683	A3-accuracy=3.294118
2024-03-31 19:38:39,197 [INFO]  Epoch[2] Train-cross-entropy=0.434922
2024-03-31 19:38:39,197 [INFO]  Epoch[2] Train-A3-accuracy=3.290323
2024-03-31 19:38:39,197 [INFO]  Epoch[2] Time cost=0.019
2024-03-31 19:38:39,199 [INFO]  Saved checkpoint to "./imputer_model/imputer_model_A3/model-0002.params"
2024-03-31 19:38:39,200 [INFO]  Epoch[2] Validation-cross-entropy=0.382846
2024-03-31 19:38:39,200 [INFO]  Epoch[2] Validation-A3-accuracy=0.000000
2024-03-31 19:38:39,211 [INFO]  Epoch[3] Batch [0-16]	Speed: 23910.88 samples/sec	cross-entropy=0.234401	A3-accuracy=3.294118
2024-03-31 19:38:39,220 [INFO]  Epoch[3] Train-cross-entropy=0.301200
2024-03-31 19:38:39,220 [INFO]  Epoch[3] Train-A3-accuracy=3.290323
2024-03-31 19:38:39,220 [INFO]  Epoch[3] Time cost=0.020
2024-03-31 19:38:39,221 [INFO]  Saved checkpoint to "./imputer_model/imputer_model_A3/model-0003.params"
2024-03-31 19:38:39,222 [INFO]  Epoch[3] Validation-cross-entropy=0.149030
2024-03-31 19:38:39,222 [INFO]  Epoch[3] Validation-A3-accuracy=0.000000
2024-03-31 19:38:39,233 [INFO]  Epoch[4] Batch [0-16]	Speed: 25220.60 samples/sec	cross-entropy=0.171094	A3-accuracy=3.294118
2024-03-31 19:38:39,242 [INFO]  Epoch[4] Train-cross-entropy=0.232877
2024-03-31 19:38:39,242 [INFO]  Epoch[4] Train-A3-accuracy=3.290323
2024-03-31 19:38:39,242 [INFO]  Epoch[4] Time cost=0.020
2024-03-31 19:38:39,244 [INFO]  Saved checkpoint to "./imputer_model/imputer_model_A3/model-0004.params"
2024-03-31 19:38:39,245 [INFO]  Epoch[4] Validation-cross-entropy=0.239772
2024-03-31 19:38:39,245 [INFO]  Epoch[4] Validation-A3-accuracy=0.000000
2024-03-31 19:38:39,245 [INFO]  
========== done (0.11220574378967285 s) fit model
2024-03-31 19:38:56,460 [INFO]  
========== start: fit model
2024-03-31 19:38:56,461 [WARNING]  Already bound, ignoring bind()
2024-03-31 19:38:56,560 [INFO]  Epoch[0] Batch [0-16]	Speed: 2651.15 samples/sec	cross-entropy=10.692702	A3-accuracy=0.000000
2024-03-31 19:38:56,714 [INFO]  Epoch[0] Train-cross-entropy=6.898456
2024-03-31 19:38:56,715 [INFO]  Epoch[0] Train-A3-accuracy=0.000000
2024-03-31 19:38:56,715 [INFO]  Epoch[0] Time cost=0.253
2024-03-31 19:38:56,716 [INFO]  Saved checkpoint to "./imputer_model/imputer_model_A3/model-0000.params"
2024-03-31 19:38:56,718 [INFO]  Epoch[0] Validation-cross-entropy=0.561513
2024-03-31 19:38:56,718 [INFO]  Epoch[0] Validation-A3-accuracy=0.000000
2024-03-31 19:38:56,802 [INFO]  Epoch[1] Batch [0-16]	Speed: 3088.21 samples/sec	cross-entropy=0.785277	A3-accuracy=0.000000
2024-03-31 19:38:57,091 [INFO]  Epoch[1] Train-cross-entropy=0.702558
2024-03-31 19:38:57,091 [INFO]  Epoch[1] Train-A3-accuracy=0.000000
2024-03-31 19:38:57,091 [INFO]  Epoch[1] Time cost=0.374
2024-03-31 19:38:57,093 [INFO]  Saved checkpoint to "./imputer_model/imputer_model_A3/model-0001.params"
2024-03-31 19:38:57,094 [INFO]  Epoch[1] Validation-cross-entropy=0.218260
2024-03-31 19:38:57,095 [INFO]  Epoch[1] Validation-A3-accuracy=0.000000
2024-03-31 19:38:57,125 [INFO]  Epoch[2] Batch [0-16]	Speed: 9487.45 samples/sec	cross-entropy=0.353244	A3-accuracy=0.000000
2024-03-31 19:38:57,217 [INFO]  Epoch[2] Train-cross-entropy=0.318557
2024-03-31 19:38:57,218 [INFO]  Epoch[2] Train-A3-accuracy=0.000000
2024-03-31 19:38:57,218 [INFO]  Epoch[2] Time cost=0.123
2024-03-31 19:38:57,219 [INFO]  Saved checkpoint to "./imputer_model/imputer_model_A3/model-0002.params"
2024-03-31 19:38:57,221 [INFO]  Epoch[2] Validation-cross-entropy=0.138140
2024-03-31 19:38:57,221 [INFO]  Epoch[2] Validation-A3-accuracy=0.000000
2024-03-31 19:38:57,361 [INFO]  Epoch[3] Batch [0-16]	Speed: 1843.97 samples/sec	cross-entropy=0.244567	A3-accuracy=0.000000
2024-03-31 19:38:57,439 [INFO]  Epoch[3] Train-cross-entropy=0.217869
2024-03-31 19:38:57,439 [INFO]  Epoch[3] Train-A3-accuracy=0.000000
2024-03-31 19:38:57,439 [INFO]  Epoch[3] Time cost=0.218
2024-03-31 19:38:57,441 [INFO]  Saved checkpoint to "./imputer_model/imputer_model_A3/model-0003.params"
2024-03-31 19:38:57,447 [INFO]  Epoch[3] Validation-cross-entropy=0.122482
2024-03-31 19:38:57,447 [INFO]  Epoch[3] Validation-A3-accuracy=0.000000
2024-03-31 19:38:57,488 [INFO]  Epoch[4] Batch [0-16]	Speed: 7650.79 samples/sec	cross-entropy=0.160384	A3-accuracy=0.000000
2024-03-31 19:38:57,525 [INFO]  Epoch[4] Train-cross-entropy=0.145263
2024-03-31 19:38:57,526 [INFO]  Epoch[4] Train-A3-accuracy=0.000000
2024-03-31 19:38:57,526 [INFO]  Epoch[4] Time cost=0.078
2024-03-31 19:38:57,527 [INFO]  Saved checkpoint to "./imputer_model/imputer_model_A3/model-0004.params"
2024-03-31 19:38:57,607 [INFO]  Epoch[4] Validation-cross-entropy=0.118378
2024-03-31 19:38:57,607 [INFO]  Epoch[4] Validation-A3-accuracy=0.000000
2024-03-31 19:38:57,607 [INFO]  
========== done (1.1465942859649658 s) fit model
2024-03-31 19:40:15,579 [INFO]  
========== start: fit model
2024-03-31 19:40:15,579 [WARNING]  Already bound, ignoring bind()
2024-03-31 19:40:15,672 [INFO]  Epoch[0] Batch [0-16]	Speed: 15089.12 samples/sec	cross-entropy=10.924979	A3-accuracy=3.235294
2024-03-31 19:40:15,704 [INFO]  Epoch[0] Train-cross-entropy=7.041079
2024-03-31 19:40:15,704 [INFO]  Epoch[0] Train-A3-accuracy=3.032258
2024-03-31 19:40:15,705 [INFO]  Epoch[0] Time cost=0.125
2024-03-31 19:40:15,706 [INFO]  Saved checkpoint to "./imputer_model/imputer_model_A3/model-0000.params"
2024-03-31 19:40:15,708 [INFO]  Epoch[0] Validation-cross-entropy=1.690516
2024-03-31 19:40:15,708 [INFO]  Epoch[0] Validation-A3-accuracy=0.000000
2024-03-31 19:40:15,726 [INFO]  Epoch[1] Batch [0-16]	Speed: 15228.87 samples/sec	cross-entropy=1.085707	A3-accuracy=3.235294
2024-03-31 19:40:15,915 [INFO]  Epoch[1] Train-cross-entropy=0.782069
2024-03-31 19:40:15,915 [INFO]  Epoch[1] Train-A3-accuracy=3.032258
2024-03-31 19:40:15,915 [INFO]  Epoch[1] Time cost=0.207
2024-03-31 19:40:15,917 [INFO]  Saved checkpoint to "./imputer_model/imputer_model_A3/model-0001.params"
2024-03-31 19:40:15,918 [INFO]  Epoch[1] Validation-cross-entropy=0.859537
2024-03-31 19:40:15,919 [INFO]  Epoch[1] Validation-A3-accuracy=0.000000
2024-03-31 19:40:15,965 [INFO]  Epoch[2] Batch [0-16]	Speed: 6166.50 samples/sec	cross-entropy=0.418803	A3-accuracy=3.235294
2024-03-31 19:40:15,989 [INFO]  Epoch[2] Train-cross-entropy=0.327044
2024-03-31 19:40:15,989 [INFO]  Epoch[2] Train-A3-accuracy=3.032258
2024-03-31 19:40:15,989 [INFO]  Epoch[2] Time cost=0.071
2024-03-31 19:40:15,992 [INFO]  Saved checkpoint to "./imputer_model/imputer_model_A3/model-0002.params"
2024-03-31 19:40:15,994 [INFO]  Epoch[2] Validation-cross-entropy=0.531606
2024-03-31 19:40:15,994 [INFO]  Epoch[2] Validation-A3-accuracy=0.000000
2024-03-31 19:40:16,016 [INFO]  Epoch[3] Batch [0-16]	Speed: 12413.49 samples/sec	cross-entropy=0.356210	A3-accuracy=3.235294
2024-03-31 19:40:16,132 [INFO]  Epoch[3] Train-cross-entropy=0.260394
2024-03-31 19:40:16,133 [INFO]  Epoch[3] Train-A3-accuracy=3.032258
2024-03-31 19:40:16,133 [INFO]  Epoch[3] Time cost=0.139
2024-03-31 19:40:16,134 [INFO]  Saved checkpoint to "./imputer_model/imputer_model_A3/model-0003.params"
2024-03-31 19:40:16,136 [INFO]  Epoch[3] Validation-cross-entropy=0.328494
2024-03-31 19:40:16,136 [INFO]  Epoch[3] Validation-A3-accuracy=0.000000
2024-03-31 19:40:16,192 [INFO]  Epoch[4] Batch [0-16]	Speed: 5614.13 samples/sec	cross-entropy=0.167394	A3-accuracy=3.235294
2024-03-31 19:40:16,209 [INFO]  Epoch[4] Train-cross-entropy=0.141247
2024-03-31 19:40:16,209 [INFO]  Epoch[4] Train-A3-accuracy=3.032258
2024-03-31 19:40:16,209 [INFO]  Epoch[4] Time cost=0.073
2024-03-31 19:40:16,211 [INFO]  Saved checkpoint to "./imputer_model/imputer_model_A3/model-0004.params"
2024-03-31 19:40:16,226 [INFO]  Epoch[4] Validation-cross-entropy=0.348027
2024-03-31 19:40:16,227 [INFO]  Epoch[4] Validation-A3-accuracy=0.000000
2024-03-31 19:40:16,227 [INFO]  
========== done (0.6478509902954102 s) fit model
2024-03-31 19:44:24,860 [INFO]  
========== start: fit model
2024-03-31 19:44:24,860 [WARNING]  Already bound, ignoring bind()
2024-03-31 19:44:24,898 [INFO]  Epoch[0] Batch [0-16]	Speed: 9812.22 samples/sec	cross-entropy=12.359116	A3-accuracy=3.000000
2024-03-31 19:44:24,920 [INFO]  Epoch[0] Train-cross-entropy=8.469393
2024-03-31 19:44:24,920 [INFO]  Epoch[0] Train-A3-accuracy=3.129032
2024-03-31 19:44:24,921 [INFO]  Epoch[0] Time cost=0.060
2024-03-31 19:44:24,922 [INFO]  Saved checkpoint to "./imputer_model/imputer_model_A3/model-0000.params"
2024-03-31 19:44:24,937 [INFO]  Epoch[0] Validation-cross-entropy=1.053764
2024-03-31 19:44:24,937 [INFO]  Epoch[0] Validation-A3-accuracy=0.000000
2024-03-31 19:44:24,949 [INFO]  Epoch[1] Batch [0-16]	Speed: 23860.93 samples/sec	cross-entropy=0.911026	A3-accuracy=3.000000
2024-03-31 19:44:24,958 [INFO]  Epoch[1] Train-cross-entropy=0.826965
2024-03-31 19:44:24,958 [INFO]  Epoch[1] Train-A3-accuracy=3.129032
2024-03-31 19:44:24,958 [INFO]  Epoch[1] Time cost=0.021
2024-03-31 19:44:24,960 [INFO]  Saved checkpoint to "./imputer_model/imputer_model_A3/model-0001.params"
2024-03-31 19:44:24,962 [INFO]  Epoch[1] Validation-cross-entropy=0.528038
2024-03-31 19:44:24,962 [INFO]  Epoch[1] Validation-A3-accuracy=0.000000
2024-03-31 19:44:24,978 [INFO]  Epoch[2] Batch [0-16]	Speed: 17054.62 samples/sec	cross-entropy=0.433771	A3-accuracy=3.000000
2024-03-31 19:44:25,013 [INFO]  Epoch[2] Train-cross-entropy=0.384831
2024-03-31 19:44:25,013 [INFO]  Epoch[2] Train-A3-accuracy=3.129032
2024-03-31 19:44:25,013 [INFO]  Epoch[2] Time cost=0.051
2024-03-31 19:44:25,015 [INFO]  Saved checkpoint to "./imputer_model/imputer_model_A3/model-0002.params"
2024-03-31 19:44:25,019 [INFO]  Epoch[2] Validation-cross-entropy=0.193041
2024-03-31 19:44:25,019 [INFO]  Epoch[2] Validation-A3-accuracy=0.000000
2024-03-31 19:44:25,039 [INFO]  Epoch[3] Batch [0-16]	Speed: 13127.07 samples/sec	cross-entropy=0.179837	A3-accuracy=3.000000
2024-03-31 19:44:25,056 [INFO]  Epoch[3] Train-cross-entropy=0.177808
2024-03-31 19:44:25,056 [INFO]  Epoch[3] Train-A3-accuracy=3.129032
2024-03-31 19:44:25,056 [INFO]  Epoch[3] Time cost=0.037
2024-03-31 19:44:25,057 [INFO]  Saved checkpoint to "./imputer_model/imputer_model_A3/model-0003.params"
2024-03-31 19:44:25,068 [INFO]  Epoch[3] Validation-cross-entropy=0.150131
2024-03-31 19:44:25,068 [INFO]  Epoch[3] Validation-A3-accuracy=0.000000
2024-03-31 19:44:25,097 [INFO]  Epoch[4] Batch [0-16]	Speed: 9345.01 samples/sec	cross-entropy=0.123219	A3-accuracy=3.000000
2024-03-31 19:44:25,147 [INFO]  Epoch[4] Train-cross-entropy=0.119847
2024-03-31 19:44:25,148 [INFO]  Epoch[4] Train-A3-accuracy=3.129032
2024-03-31 19:44:25,148 [INFO]  Epoch[4] Time cost=0.080
2024-03-31 19:44:25,149 [INFO]  Saved checkpoint to "./imputer_model/imputer_model_A3/model-0004.params"
2024-03-31 19:44:25,150 [INFO]  Epoch[4] Validation-cross-entropy=0.123251
2024-03-31 19:44:25,150 [INFO]  Epoch[4] Validation-A3-accuracy=0.000000
2024-03-31 19:44:25,150 [INFO]  
========== done (0.29066967964172363 s) fit model
2024-03-31 19:47:28,031 [INFO]  
========== start: fit model
2024-03-31 19:47:28,035 [WARNING]  Already bound, ignoring bind()
2024-03-31 19:47:29,995 [INFO]  Epoch[0] Batch [0-16]	Speed: 222.07 samples/sec	cross-entropy=9.180677	A3-accuracy=3.000000
2024-03-31 19:47:33,530 [INFO]  Epoch[0] Train-cross-entropy=6.158448
2024-03-31 19:47:33,530 [INFO]  Epoch[0] Train-A3-accuracy=3.000000
2024-03-31 19:47:33,530 [INFO]  Epoch[0] Time cost=5.494
2024-03-31 19:47:33,532 [INFO]  Saved checkpoint to "./imputer_model/imputer_model_A3/model-0000.params"
2024-03-31 19:47:33,533 [INFO]  Epoch[0] Validation-cross-entropy=1.404416
2024-03-31 19:47:33,533 [INFO]  Epoch[0] Validation-A3-accuracy=0.000000
2024-03-31 19:47:33,551 [INFO]  Epoch[1] Batch [0-16]	Speed: 14890.95 samples/sec	cross-entropy=0.827203	A3-accuracy=3.000000
2024-03-31 19:47:33,565 [INFO]  Epoch[1] Train-cross-entropy=0.690350
2024-03-31 19:47:33,565 [INFO]  Epoch[1] Train-A3-accuracy=3.000000
2024-03-31 19:47:33,565 [INFO]  Epoch[1] Time cost=0.032
2024-03-31 19:47:33,567 [INFO]  Saved checkpoint to "./imputer_model/imputer_model_A3/model-0001.params"
2024-03-31 19:47:33,568 [INFO]  Epoch[1] Validation-cross-entropy=0.734284
2024-03-31 19:47:33,569 [INFO]  Epoch[1] Validation-A3-accuracy=0.000000
2024-03-31 19:47:33,587 [INFO]  Epoch[2] Batch [0-16]	Speed: 14445.41 samples/sec	cross-entropy=0.328768	A3-accuracy=3.000000
2024-03-31 19:47:33,602 [INFO]  Epoch[2] Train-cross-entropy=0.293195
2024-03-31 19:47:33,602 [INFO]  Epoch[2] Train-A3-accuracy=3.000000
2024-03-31 19:47:33,602 [INFO]  Epoch[2] Time cost=0.034
2024-03-31 19:47:33,604 [INFO]  Saved checkpoint to "./imputer_model/imputer_model_A3/model-0002.params"
2024-03-31 19:47:33,606 [INFO]  Epoch[2] Validation-cross-entropy=0.383984
2024-03-31 19:47:33,606 [INFO]  Epoch[2] Validation-A3-accuracy=0.000000
2024-03-31 19:47:33,645 [INFO]  Epoch[3] Batch [0-16]	Speed: 6756.92 samples/sec	cross-entropy=0.179814	A3-accuracy=3.000000
2024-03-31 19:47:33,654 [INFO]  Epoch[3] Train-cross-entropy=0.170453
2024-03-31 19:47:33,654 [INFO]  Epoch[3] Train-A3-accuracy=3.000000
2024-03-31 19:47:33,654 [INFO]  Epoch[3] Time cost=0.048
2024-03-31 19:47:33,656 [INFO]  Saved checkpoint to "./imputer_model/imputer_model_A3/model-0003.params"
2024-03-31 19:47:33,657 [INFO]  Epoch[3] Validation-cross-entropy=0.296261
2024-03-31 19:47:33,657 [INFO]  Epoch[3] Validation-A3-accuracy=0.000000
2024-03-31 19:47:33,668 [INFO]  Epoch[4] Batch [0-16]	Speed: 24434.32 samples/sec	cross-entropy=0.124185	A3-accuracy=3.000000
2024-03-31 19:47:33,737 [INFO]  Epoch[4] Train-cross-entropy=0.119018
2024-03-31 19:47:33,737 [INFO]  Epoch[4] Train-A3-accuracy=3.000000
2024-03-31 19:47:33,737 [INFO]  Epoch[4] Time cost=0.080
2024-03-31 19:47:33,739 [INFO]  Saved checkpoint to "./imputer_model/imputer_model_A3/model-0004.params"
2024-03-31 19:47:33,757 [INFO]  Epoch[4] Validation-cross-entropy=0.228522
2024-03-31 19:47:33,758 [INFO]  Epoch[4] Validation-A3-accuracy=0.000000
2024-03-31 19:47:33,758 [INFO]  
========== done (5.726542711257935 s) fit model
2024-03-31 19:50:43,619 [INFO]  
========== start: fit model
2024-03-31 19:50:43,619 [WARNING]  Already bound, ignoring bind()
2024-03-31 19:50:43,730 [INFO]  Epoch[0] Batch [0-16]	Speed: 2671.01 samples/sec	cross-entropy=10.072749	A3-accuracy=3.058824
2024-03-31 19:50:43,738 [INFO]  Epoch[0] Train-cross-entropy=6.899610
2024-03-31 19:50:43,738 [INFO]  Epoch[0] Train-A3-accuracy=3.193548
2024-03-31 19:50:43,738 [INFO]  Epoch[0] Time cost=0.118
2024-03-31 19:50:43,740 [INFO]  Saved checkpoint to "./imputer_model/imputer_model_A3/model-0000.params"
2024-03-31 19:50:43,741 [INFO]  Epoch[0] Validation-cross-entropy=1.086122
2024-03-31 19:50:43,741 [INFO]  Epoch[0] Validation-A3-accuracy=0.000000
2024-03-31 19:50:43,756 [INFO]  Epoch[1] Batch [0-16]	Speed: 18346.41 samples/sec	cross-entropy=1.001060	A3-accuracy=3.058824
2024-03-31 19:50:43,764 [INFO]  Epoch[1] Train-cross-entropy=0.756021
2024-03-31 19:50:43,764 [INFO]  Epoch[1] Train-A3-accuracy=3.193548
2024-03-31 19:50:43,764 [INFO]  Epoch[1] Time cost=0.023
2024-03-31 19:50:43,765 [INFO]  Saved checkpoint to "./imputer_model/imputer_model_A3/model-0001.params"
2024-03-31 19:50:43,766 [INFO]  Epoch[1] Validation-cross-entropy=0.490652
2024-03-31 19:50:43,766 [INFO]  Epoch[1] Validation-A3-accuracy=0.000000
2024-03-31 19:50:43,793 [INFO]  Epoch[2] Batch [0-16]	Speed: 9923.03 samples/sec	cross-entropy=0.470929	A3-accuracy=3.058824
2024-03-31 19:50:43,807 [INFO]  Epoch[2] Train-cross-entropy=0.358764
2024-03-31 19:50:43,807 [INFO]  Epoch[2] Train-A3-accuracy=3.193548
2024-03-31 19:50:43,807 [INFO]  Epoch[2] Time cost=0.041
2024-03-31 19:50:43,809 [INFO]  Saved checkpoint to "./imputer_model/imputer_model_A3/model-0002.params"
2024-03-31 19:50:43,811 [INFO]  Epoch[2] Validation-cross-entropy=0.392140
2024-03-31 19:50:43,811 [INFO]  Epoch[2] Validation-A3-accuracy=0.000000
2024-03-31 19:50:43,830 [INFO]  Epoch[3] Batch [0-16]	Speed: 13931.13 samples/sec	cross-entropy=0.231193	A3-accuracy=3.058824
2024-03-31 19:50:43,845 [INFO]  Epoch[3] Train-cross-entropy=0.192377
2024-03-31 19:50:43,845 [INFO]  Epoch[3] Train-A3-accuracy=3.193548
2024-03-31 19:50:43,845 [INFO]  Epoch[3] Time cost=0.034
2024-03-31 19:50:43,847 [INFO]  Saved checkpoint to "./imputer_model/imputer_model_A3/model-0003.params"
2024-03-31 19:50:43,851 [INFO]  Epoch[3] Validation-cross-entropy=0.327262
2024-03-31 19:50:43,851 [INFO]  Epoch[3] Validation-A3-accuracy=0.000000
2024-03-31 19:50:43,934 [INFO]  Epoch[4] Batch [0-16]	Speed: 3133.73 samples/sec	cross-entropy=0.173749	A3-accuracy=3.058824
2024-03-31 19:50:44,001 [INFO]  Epoch[4] Train-cross-entropy=0.142965
2024-03-31 19:50:44,001 [INFO]  Epoch[4] Train-A3-accuracy=3.193548
2024-03-31 19:50:44,001 [INFO]  Epoch[4] Time cost=0.150
2024-03-31 19:50:44,003 [INFO]  Saved checkpoint to "./imputer_model/imputer_model_A3/model-0004.params"
2024-03-31 19:50:44,005 [INFO]  Epoch[4] Validation-cross-entropy=0.269743
2024-03-31 19:50:44,005 [INFO]  Epoch[4] Validation-A3-accuracy=0.000000
2024-03-31 19:50:44,005 [INFO]  
========== done (0.38553833961486816 s) fit model
2024-03-31 19:53:52,568 [INFO]  
========== start: fit model
2024-03-31 19:53:52,568 [WARNING]  Already bound, ignoring bind()
2024-03-31 19:53:52,587 [INFO]  Epoch[0] Batch [0-16]	Speed: 17368.56 samples/sec	cross-entropy=15.317082	A3-accuracy=0.000000
2024-03-31 19:53:52,631 [INFO]  Epoch[0] Train-cross-entropy=10.226486
2024-03-31 19:53:52,631 [INFO]  Epoch[0] Train-A3-accuracy=0.000000
2024-03-31 19:53:52,631 [INFO]  Epoch[0] Time cost=0.062
2024-03-31 19:53:52,633 [INFO]  Saved checkpoint to "./imputer_model/imputer_model_A3/model-0000.params"
2024-03-31 19:53:52,634 [INFO]  Epoch[0] Validation-cross-entropy=2.645749
2024-03-31 19:53:52,634 [INFO]  Epoch[0] Validation-A3-accuracy=0.000000
2024-03-31 19:53:52,649 [INFO]  Epoch[1] Batch [0-16]	Speed: 18872.01 samples/sec	cross-entropy=1.401865	A3-accuracy=0.000000
2024-03-31 19:53:52,666 [INFO]  Epoch[1] Train-cross-entropy=1.046264
2024-03-31 19:53:52,666 [INFO]  Epoch[1] Train-A3-accuracy=0.000000
2024-03-31 19:53:52,666 [INFO]  Epoch[1] Time cost=0.032
2024-03-31 19:53:52,668 [INFO]  Saved checkpoint to "./imputer_model/imputer_model_A3/model-0001.params"
2024-03-31 19:53:52,669 [INFO]  Epoch[1] Validation-cross-entropy=0.754171
2024-03-31 19:53:52,669 [INFO]  Epoch[1] Validation-A3-accuracy=0.000000
2024-03-31 19:53:52,684 [INFO]  Epoch[2] Batch [0-16]	Speed: 18337.63 samples/sec	cross-entropy=0.535737	A3-accuracy=0.000000
2024-03-31 19:53:52,700 [INFO]  Epoch[2] Train-cross-entropy=0.461997
2024-03-31 19:53:52,700 [INFO]  Epoch[2] Train-A3-accuracy=0.000000
2024-03-31 19:53:52,700 [INFO]  Epoch[2] Time cost=0.031
2024-03-31 19:53:52,702 [INFO]  Saved checkpoint to "./imputer_model/imputer_model_A3/model-0002.params"
2024-03-31 19:53:52,712 [INFO]  Epoch[2] Validation-cross-entropy=0.465113
2024-03-31 19:53:52,712 [INFO]  Epoch[2] Validation-A3-accuracy=0.000000
2024-03-31 19:53:53,021 [INFO]  Epoch[3] Batch [0-16]	Speed: 831.31 samples/sec	cross-entropy=0.320203	A3-accuracy=0.000000
2024-03-31 19:53:53,050 [INFO]  Epoch[3] Train-cross-entropy=0.292037
2024-03-31 19:53:53,050 [INFO]  Epoch[3] Train-A3-accuracy=0.000000
2024-03-31 19:53:53,050 [INFO]  Epoch[3] Time cost=0.338
2024-03-31 19:53:53,052 [INFO]  Saved checkpoint to "./imputer_model/imputer_model_A3/model-0003.params"
2024-03-31 19:53:53,053 [INFO]  Epoch[3] Validation-cross-entropy=0.274019
2024-03-31 19:53:53,053 [INFO]  Epoch[3] Validation-A3-accuracy=0.000000
2024-03-31 19:53:53,069 [INFO]  Epoch[4] Batch [0-16]	Speed: 17251.91 samples/sec	cross-entropy=0.243142	A3-accuracy=0.000000
2024-03-31 19:53:53,082 [INFO]  Epoch[4] Train-cross-entropy=0.214854
2024-03-31 19:53:53,082 [INFO]  Epoch[4] Train-A3-accuracy=0.000000
2024-03-31 19:53:53,082 [INFO]  Epoch[4] Time cost=0.029
2024-03-31 19:53:53,084 [INFO]  Saved checkpoint to "./imputer_model/imputer_model_A3/model-0004.params"
2024-03-31 19:53:53,086 [INFO]  Epoch[4] Validation-cross-entropy=0.287799
2024-03-31 19:53:53,086 [INFO]  Epoch[4] Validation-A3-accuracy=0.000000
2024-03-31 19:53:53,086 [INFO]  
========== done (0.5180008411407471 s) fit model
2024-03-31 19:54:13,144 [INFO]  
========== start: fit model
2024-03-31 19:54:13,145 [WARNING]  Already bound, ignoring bind()
2024-03-31 19:54:13,217 [INFO]  Epoch[0] Batch [0-16]	Speed: 4143.32 samples/sec	cross-entropy=8.392022	A3-accuracy=0.000000
2024-03-31 19:54:13,271 [INFO]  Epoch[0] Train-cross-entropy=5.541189
2024-03-31 19:54:13,271 [INFO]  Epoch[0] Train-A3-accuracy=0.000000
2024-03-31 19:54:13,271 [INFO]  Epoch[0] Time cost=0.125
2024-03-31 19:54:13,272 [INFO]  Saved checkpoint to "./imputer_model/imputer_model_A3/model-0000.params"
2024-03-31 19:54:13,274 [INFO]  Epoch[0] Validation-cross-entropy=1.332211
2024-03-31 19:54:13,274 [INFO]  Epoch[0] Validation-A3-accuracy=0.000000
2024-03-31 19:54:13,449 [INFO]  Epoch[1] Batch [0-16]	Speed: 1534.45 samples/sec	cross-entropy=0.783323	A3-accuracy=0.000000
2024-03-31 19:54:13,613 [INFO]  Epoch[1] Train-cross-entropy=0.627879
2024-03-31 19:54:13,613 [INFO]  Epoch[1] Train-A3-accuracy=0.000000
2024-03-31 19:54:13,613 [INFO]  Epoch[1] Time cost=0.339
2024-03-31 19:54:13,615 [INFO]  Saved checkpoint to "./imputer_model/imputer_model_A3/model-0001.params"
2024-03-31 19:54:13,616 [INFO]  Epoch[1] Validation-cross-entropy=0.843561
2024-03-31 19:54:13,616 [INFO]  Epoch[1] Validation-A3-accuracy=0.000000
2024-03-31 19:54:13,634 [INFO]  Epoch[2] Batch [0-16]	Speed: 14988.65 samples/sec	cross-entropy=0.319578	A3-accuracy=0.000000
2024-03-31 19:54:13,730 [INFO]  Epoch[2] Train-cross-entropy=0.292996
2024-03-31 19:54:13,730 [INFO]  Epoch[2] Train-A3-accuracy=0.000000
2024-03-31 19:54:13,730 [INFO]  Epoch[2] Time cost=0.114
2024-03-31 19:54:13,732 [INFO]  Saved checkpoint to "./imputer_model/imputer_model_A3/model-0002.params"
2024-03-31 19:54:13,733 [INFO]  Epoch[2] Validation-cross-entropy=0.369608
2024-03-31 19:54:13,734 [INFO]  Epoch[2] Validation-A3-accuracy=0.000000
2024-03-31 19:54:13,751 [INFO]  Epoch[3] Batch [0-16]	Speed: 15875.07 samples/sec	cross-entropy=0.191182	A3-accuracy=0.000000
2024-03-31 19:54:13,766 [INFO]  Epoch[3] Train-cross-entropy=0.322437
2024-03-31 19:54:13,766 [INFO]  Epoch[3] Train-A3-accuracy=0.000000
2024-03-31 19:54:13,766 [INFO]  Epoch[3] Time cost=0.033
2024-03-31 19:54:13,768 [INFO]  Saved checkpoint to "./imputer_model/imputer_model_A3/model-0003.params"
2024-03-31 19:54:13,770 [INFO]  Epoch[3] Validation-cross-entropy=0.810042
2024-03-31 19:54:13,770 [INFO]  Epoch[3] Validation-A3-accuracy=0.000000
2024-03-31 19:54:13,788 [INFO]  Epoch[4] Batch [0-16]	Speed: 15499.93 samples/sec	cross-entropy=0.258205	A3-accuracy=0.000000
2024-03-31 19:54:13,803 [INFO]  Epoch[4] Train-cross-entropy=0.573806
2024-03-31 19:54:13,803 [INFO]  Epoch[4] Train-A3-accuracy=0.000000
2024-03-31 19:54:13,803 [INFO]  Epoch[4] Time cost=0.033
2024-03-31 19:54:13,805 [INFO]  Saved checkpoint to "./imputer_model/imputer_model_A3/model-0004.params"
2024-03-31 19:54:13,818 [INFO]  Epoch[4] Validation-cross-entropy=0.474779
2024-03-31 19:54:13,818 [INFO]  Epoch[4] Validation-A3-accuracy=0.000000
2024-03-31 19:54:13,818 [INFO]  
========== done (0.6740076541900635 s) fit model
2024-03-31 19:54:34,884 [INFO]  
========== start: fit model
2024-03-31 19:54:34,884 [WARNING]  Already bound, ignoring bind()
2024-03-31 19:54:35,034 [INFO]  Epoch[0] Batch [0-16]	Speed: 1953.93 samples/sec	cross-entropy=7.999932	A3-accuracy=2.529412
2024-03-31 19:54:35,285 [INFO]  Epoch[0] Train-cross-entropy=5.662697
2024-03-31 19:54:35,286 [INFO]  Epoch[0] Train-A3-accuracy=3.032258
2024-03-31 19:54:35,286 [INFO]  Epoch[0] Time cost=0.400
2024-03-31 19:54:35,290 [INFO]  Saved checkpoint to "./imputer_model/imputer_model_A3/model-0000.params"
2024-03-31 19:54:35,367 [INFO]  Epoch[0] Validation-cross-entropy=1.248303
2024-03-31 19:54:35,367 [INFO]  Epoch[0] Validation-A3-accuracy=0.000000
2024-03-31 19:54:35,761 [INFO]  Epoch[1] Batch [0-16]	Speed: 1202.40 samples/sec	cross-entropy=1.415319	A3-accuracy=2.529412
2024-03-31 19:54:35,798 [INFO]  Epoch[1] Train-cross-entropy=1.223754
2024-03-31 19:54:35,798 [INFO]  Epoch[1] Train-A3-accuracy=3.032258
2024-03-31 19:54:35,798 [INFO]  Epoch[1] Time cost=0.431
2024-03-31 19:54:35,800 [INFO]  Saved checkpoint to "./imputer_model/imputer_model_A3/model-0001.params"
2024-03-31 19:54:35,803 [INFO]  Epoch[1] Validation-cross-entropy=1.233080
2024-03-31 19:54:35,803 [INFO]  Epoch[1] Validation-A3-accuracy=0.000000
2024-03-31 19:54:36,011 [INFO]  Epoch[2] Batch [0-16]	Speed: 1241.50 samples/sec	cross-entropy=0.936482	A3-accuracy=2.529412
2024-03-31 19:54:36,146 [INFO]  Epoch[2] Train-cross-entropy=0.733510
2024-03-31 19:54:36,146 [INFO]  Epoch[2] Train-A3-accuracy=3.032258
2024-03-31 19:54:36,146 [INFO]  Epoch[2] Time cost=0.343
2024-03-31 19:54:36,148 [INFO]  Saved checkpoint to "./imputer_model/imputer_model_A3/model-0002.params"
2024-03-31 19:54:36,159 [INFO]  Epoch[2] Validation-cross-entropy=0.489219
2024-03-31 19:54:36,160 [INFO]  Epoch[2] Validation-A3-accuracy=0.000000
2024-03-31 19:54:36,217 [INFO]  Epoch[3] Batch [0-16]	Speed: 4502.31 samples/sec	cross-entropy=0.665649	A3-accuracy=2.529412
2024-03-31 19:54:36,342 [INFO]  Epoch[3] Train-cross-entropy=0.540777
2024-03-31 19:54:36,342 [INFO]  Epoch[3] Train-A3-accuracy=3.032258
2024-03-31 19:54:36,342 [INFO]  Epoch[3] Time cost=0.182
2024-03-31 19:54:36,344 [INFO]  Saved checkpoint to "./imputer_model/imputer_model_A3/model-0003.params"
2024-03-31 19:54:36,347 [INFO]  Epoch[3] Validation-cross-entropy=0.719804
2024-03-31 19:54:36,347 [INFO]  Epoch[3] Validation-A3-accuracy=0.000000
2024-03-31 19:54:36,394 [INFO]  Epoch[4] Batch [0-16]	Speed: 5559.89 samples/sec	cross-entropy=0.515704	A3-accuracy=2.529412
2024-03-31 19:54:36,540 [INFO]  Epoch[4] Train-cross-entropy=0.394550
2024-03-31 19:54:36,540 [INFO]  Epoch[4] Train-A3-accuracy=3.032258
2024-03-31 19:54:36,540 [INFO]  Epoch[4] Time cost=0.193
2024-03-31 19:54:36,542 [INFO]  Saved checkpoint to "./imputer_model/imputer_model_A3/model-0004.params"
2024-03-31 19:54:36,543 [INFO]  Epoch[4] Validation-cross-entropy=0.310193
2024-03-31 19:54:36,543 [INFO]  Epoch[4] Validation-A3-accuracy=0.000000
2024-03-31 19:54:36,543 [INFO]  
========== done (1.6589486598968506 s) fit model
2024-03-31 19:55:02,734 [INFO]  
========== start: fit model
2024-03-31 19:55:02,735 [WARNING]  Already bound, ignoring bind()
2024-03-31 19:55:02,746 [INFO]  Epoch[0] Batch [0-16]	Speed: 27224.69 samples/sec	cross-entropy=9.901145	A3-accuracy=3.411765
2024-03-31 19:55:02,756 [INFO]  Epoch[0] Train-cross-entropy=6.735303
2024-03-31 19:55:02,756 [INFO]  Epoch[0] Train-A3-accuracy=3.225806
2024-03-31 19:55:02,756 [INFO]  Epoch[0] Time cost=0.021
2024-03-31 19:55:02,757 [INFO]  Saved checkpoint to "./imputer_model/imputer_model_A3/model-0000.params"
2024-03-31 19:55:02,758 [INFO]  Epoch[0] Validation-cross-entropy=1.318209
2024-03-31 19:55:02,758 [INFO]  Epoch[0] Validation-A3-accuracy=0.000000
2024-03-31 19:55:02,768 [INFO]  Epoch[1] Batch [0-16]	Speed: 27133.88 samples/sec	cross-entropy=1.083885	A3-accuracy=3.411765
2024-03-31 19:55:02,777 [INFO]  Epoch[1] Train-cross-entropy=1.006831
2024-03-31 19:55:02,777 [INFO]  Epoch[1] Train-A3-accuracy=3.225806
2024-03-31 19:55:02,777 [INFO]  Epoch[1] Time cost=0.019
2024-03-31 19:55:02,778 [INFO]  Saved checkpoint to "./imputer_model/imputer_model_A3/model-0001.params"
2024-03-31 19:55:02,779 [INFO]  Epoch[1] Validation-cross-entropy=0.556793
2024-03-31 19:55:02,779 [INFO]  Epoch[1] Validation-A3-accuracy=0.000000
2024-03-31 19:55:02,789 [INFO]  Epoch[2] Batch [0-16]	Speed: 27257.87 samples/sec	cross-entropy=0.609892	A3-accuracy=3.411765
2024-03-31 19:55:02,797 [INFO]  Epoch[2] Train-cross-entropy=0.518620
2024-03-31 19:55:02,797 [INFO]  Epoch[2] Train-A3-accuracy=3.225806
2024-03-31 19:55:02,797 [INFO]  Epoch[2] Time cost=0.018
2024-03-31 19:55:02,804 [INFO]  Saved checkpoint to "./imputer_model/imputer_model_A3/model-0002.params"
2024-03-31 19:55:02,804 [INFO]  Epoch[2] Validation-cross-entropy=0.599567
2024-03-31 19:55:02,805 [INFO]  Epoch[2] Validation-A3-accuracy=0.000000
2024-03-31 19:55:02,816 [INFO]  Epoch[3] Batch [0-16]	Speed: 23288.04 samples/sec	cross-entropy=0.321324	A3-accuracy=3.411765
2024-03-31 19:55:02,825 [INFO]  Epoch[3] Train-cross-entropy=0.314663
2024-03-31 19:55:02,825 [INFO]  Epoch[3] Train-A3-accuracy=3.225806
2024-03-31 19:55:02,825 [INFO]  Epoch[3] Time cost=0.020
2024-03-31 19:55:02,829 [INFO]  Saved checkpoint to "./imputer_model/imputer_model_A3/model-0003.params"
2024-03-31 19:55:02,837 [INFO]  Epoch[3] Validation-cross-entropy=0.271190
2024-03-31 19:55:02,837 [INFO]  Epoch[3] Validation-A3-accuracy=0.000000
2024-03-31 19:55:02,851 [INFO]  Epoch[4] Batch [0-16]	Speed: 19228.21 samples/sec	cross-entropy=0.261574	A3-accuracy=3.411765
2024-03-31 19:55:02,866 [INFO]  Epoch[4] Train-cross-entropy=0.253113
2024-03-31 19:55:02,866 [INFO]  Epoch[4] Train-A3-accuracy=3.225806
2024-03-31 19:55:02,866 [INFO]  Epoch[4] Time cost=0.029
2024-03-31 19:55:02,868 [INFO]  Saved checkpoint to "./imputer_model/imputer_model_A3/model-0004.params"
2024-03-31 19:55:02,873 [INFO]  Epoch[4] Validation-cross-entropy=0.547548
2024-03-31 19:55:02,873 [INFO]  Epoch[4] Validation-A3-accuracy=0.000000
2024-03-31 19:55:02,873 [INFO]  
========== done (0.13843345642089844 s) fit model
2024-03-31 19:55:13,058 [INFO]  
========== start: fit model
2024-03-31 19:55:13,058 [WARNING]  Already bound, ignoring bind()
2024-03-31 19:55:13,146 [INFO]  Epoch[0] Batch [0-16]	Speed: 3027.64 samples/sec	cross-entropy=16.365148	A3-accuracy=3.117647
2024-03-31 19:55:13,174 [INFO]  Epoch[0] Train-cross-entropy=11.547569
2024-03-31 19:55:13,174 [INFO]  Epoch[0] Train-A3-accuracy=3.032258
2024-03-31 19:55:13,174 [INFO]  Epoch[0] Time cost=0.115
2024-03-31 19:55:13,176 [INFO]  Saved checkpoint to "./imputer_model/imputer_model_A3/model-0000.params"
2024-03-31 19:55:13,177 [INFO]  Epoch[0] Validation-cross-entropy=2.040023
2024-03-31 19:55:13,177 [INFO]  Epoch[0] Validation-A3-accuracy=0.000000
2024-03-31 19:55:13,282 [INFO]  Epoch[1] Batch [0-16]	Speed: 2461.28 samples/sec	cross-entropy=2.401814	A3-accuracy=3.117647
2024-03-31 19:55:13,375 [INFO]  Epoch[1] Train-cross-entropy=1.788597
2024-03-31 19:55:13,375 [INFO]  Epoch[1] Train-A3-accuracy=3.032258
2024-03-31 19:55:13,375 [INFO]  Epoch[1] Time cost=0.198
2024-03-31 19:55:13,383 [INFO]  Saved checkpoint to "./imputer_model/imputer_model_A3/model-0001.params"
2024-03-31 19:55:13,416 [INFO]  Epoch[1] Validation-cross-entropy=0.743578
2024-03-31 19:55:13,416 [INFO]  Epoch[1] Validation-A3-accuracy=0.000000
2024-03-31 19:55:13,544 [INFO]  Epoch[2] Batch [0-16]	Speed: 2329.36 samples/sec	cross-entropy=0.690867	A3-accuracy=3.117647
2024-03-31 19:55:13,831 [INFO]  Epoch[2] Train-cross-entropy=0.583855
2024-03-31 19:55:13,831 [INFO]  Epoch[2] Train-A3-accuracy=3.032258
2024-03-31 19:55:13,831 [INFO]  Epoch[2] Time cost=0.415
2024-03-31 19:55:13,835 [INFO]  Saved checkpoint to "./imputer_model/imputer_model_A3/model-0002.params"
2024-03-31 19:55:13,848 [INFO]  Epoch[2] Validation-cross-entropy=0.462562
2024-03-31 19:55:13,848 [INFO]  Epoch[2] Validation-A3-accuracy=0.000000
2024-03-31 19:55:14,096 [INFO]  Epoch[3] Batch [0-16]	Speed: 1112.82 samples/sec	cross-entropy=0.296053	A3-accuracy=3.117647
2024-03-31 19:55:14,223 [INFO]  Epoch[3] Train-cross-entropy=0.283104
2024-03-31 19:55:14,223 [INFO]  Epoch[3] Train-A3-accuracy=3.032258
2024-03-31 19:55:14,223 [INFO]  Epoch[3] Time cost=0.375
2024-03-31 19:55:14,224 [INFO]  Saved checkpoint to "./imputer_model/imputer_model_A3/model-0003.params"
2024-03-31 19:55:14,228 [INFO]  Epoch[3] Validation-cross-entropy=0.324329
2024-03-31 19:55:14,228 [INFO]  Epoch[3] Validation-A3-accuracy=0.000000
2024-03-31 19:55:14,259 [INFO]  Epoch[4] Batch [0-16]	Speed: 8510.89 samples/sec	cross-entropy=0.178213	A3-accuracy=3.117647
2024-03-31 19:55:14,281 [INFO]  Epoch[4] Train-cross-entropy=0.175321
2024-03-31 19:55:14,282 [INFO]  Epoch[4] Train-A3-accuracy=3.032258
2024-03-31 19:55:14,282 [INFO]  Epoch[4] Time cost=0.054
2024-03-31 19:55:14,286 [INFO]  Saved checkpoint to "./imputer_model/imputer_model_A3/model-0004.params"
2024-03-31 19:55:14,324 [INFO]  Epoch[4] Validation-cross-entropy=0.244296
2024-03-31 19:55:14,324 [INFO]  Epoch[4] Validation-A3-accuracy=0.000000
2024-03-31 19:55:14,325 [INFO]  
========== done (1.2664766311645508 s) fit model
2024-03-31 19:55:41,178 [INFO]  
========== start: fit model
2024-03-31 19:55:41,178 [WARNING]  Already bound, ignoring bind()
2024-03-31 19:55:41,212 [INFO]  Epoch[0] Batch [0-16]	Speed: 8182.95 samples/sec	cross-entropy=10.390780	A3-accuracy=3.117647
2024-03-31 19:55:41,303 [INFO]  Epoch[0] Train-cross-entropy=6.909668
2024-03-31 19:55:41,303 [INFO]  Epoch[0] Train-A3-accuracy=3.064516
2024-03-31 19:55:41,303 [INFO]  Epoch[0] Time cost=0.124
2024-03-31 19:55:41,305 [INFO]  Saved checkpoint to "./imputer_model/imputer_model_A3/model-0000.params"
2024-03-31 19:55:41,314 [INFO]  Epoch[0] Validation-cross-entropy=1.727363
2024-03-31 19:55:41,315 [INFO]  Epoch[0] Validation-A3-accuracy=0.000000
2024-03-31 19:55:41,607 [INFO]  Epoch[1] Batch [0-16]	Speed: 877.06 samples/sec	cross-entropy=1.358312	A3-accuracy=3.117647
2024-03-31 19:55:41,713 [INFO]  Epoch[1] Train-cross-entropy=1.012751
2024-03-31 19:55:41,713 [INFO]  Epoch[1] Train-A3-accuracy=3.064516
2024-03-31 19:55:41,713 [INFO]  Epoch[1] Time cost=0.399
2024-03-31 19:55:41,715 [INFO]  Saved checkpoint to "./imputer_model/imputer_model_A3/model-0001.params"
2024-03-31 19:55:41,716 [INFO]  Epoch[1] Validation-cross-entropy=0.589531
2024-03-31 19:55:41,717 [INFO]  Epoch[1] Validation-A3-accuracy=0.000000
2024-03-31 19:55:41,738 [INFO]  Epoch[2] Batch [0-16]	Speed: 12675.65 samples/sec	cross-entropy=0.414977	A3-accuracy=3.117647
2024-03-31 19:55:41,756 [INFO]  Epoch[2] Train-cross-entropy=0.388059
2024-03-31 19:55:41,757 [INFO]  Epoch[2] Train-A3-accuracy=3.064516
2024-03-31 19:55:41,757 [INFO]  Epoch[2] Time cost=0.040
2024-03-31 19:55:41,758 [INFO]  Saved checkpoint to "./imputer_model/imputer_model_A3/model-0002.params"
2024-03-31 19:55:41,762 [INFO]  Epoch[2] Validation-cross-entropy=0.300398
2024-03-31 19:55:41,762 [INFO]  Epoch[2] Validation-A3-accuracy=0.000000
2024-03-31 19:55:41,790 [INFO]  Epoch[3] Batch [0-16]	Speed: 9771.33 samples/sec	cross-entropy=0.402791	A3-accuracy=3.117647
2024-03-31 19:55:41,880 [INFO]  Epoch[3] Train-cross-entropy=0.385150
2024-03-31 19:55:41,880 [INFO]  Epoch[3] Train-A3-accuracy=3.064516
2024-03-31 19:55:41,880 [INFO]  Epoch[3] Time cost=0.117
2024-03-31 19:55:41,881 [INFO]  Saved checkpoint to "./imputer_model/imputer_model_A3/model-0003.params"
2024-03-31 19:55:41,882 [INFO]  Epoch[3] Validation-cross-entropy=0.315198
2024-03-31 19:55:41,883 [INFO]  Epoch[3] Validation-A3-accuracy=0.000000
2024-03-31 19:55:42,005 [INFO]  Epoch[4] Batch [0-16]	Speed: 2114.45 samples/sec	cross-entropy=0.451066	A3-accuracy=3.117647
2024-03-31 19:55:42,143 [INFO]  Epoch[4] Train-cross-entropy=0.411618
2024-03-31 19:55:42,143 [INFO]  Epoch[4] Train-A3-accuracy=3.064516
2024-03-31 19:55:42,143 [INFO]  Epoch[4] Time cost=0.260
2024-03-31 19:55:42,145 [INFO]  Saved checkpoint to "./imputer_model/imputer_model_A3/model-0004.params"
2024-03-31 19:55:42,147 [INFO]  Epoch[4] Validation-cross-entropy=0.287028
2024-03-31 19:55:42,147 [INFO]  Epoch[4] Validation-A3-accuracy=0.000000
2024-03-31 19:55:42,147 [INFO]  
========== done (0.969398021697998 s) fit model
2024-03-31 19:56:10,809 [INFO]  
========== start: fit model
2024-03-31 19:56:10,809 [WARNING]  Already bound, ignoring bind()
2024-03-31 19:56:10,833 [INFO]  Epoch[0] Batch [0-16]	Speed: 12706.25 samples/sec	cross-entropy=11.885456	A3-accuracy=0.000000
2024-03-31 19:56:10,897 [INFO]  Epoch[0] Train-cross-entropy=7.774560
2024-03-31 19:56:10,897 [INFO]  Epoch[0] Train-A3-accuracy=0.000000
2024-03-31 19:56:10,898 [INFO]  Epoch[0] Time cost=0.087
2024-03-31 19:56:10,899 [INFO]  Saved checkpoint to "./imputer_model/imputer_model_A3/model-0000.params"
2024-03-31 19:56:10,900 [INFO]  Epoch[0] Validation-cross-entropy=2.848815
2024-03-31 19:56:10,900 [INFO]  Epoch[0] Validation-A3-accuracy=0.000000
2024-03-31 19:56:10,991 [INFO]  Epoch[1] Batch [0-16]	Speed: 2838.88 samples/sec	cross-entropy=1.098559	A3-accuracy=0.000000
2024-03-31 19:56:11,270 [INFO]  Epoch[1] Train-cross-entropy=0.793394
2024-03-31 19:56:11,270 [INFO]  Epoch[1] Train-A3-accuracy=0.000000
2024-03-31 19:56:11,270 [INFO]  Epoch[1] Time cost=0.370
2024-03-31 19:56:11,274 [INFO]  Saved checkpoint to "./imputer_model/imputer_model_A3/model-0001.params"
2024-03-31 19:56:11,279 [INFO]  Epoch[1] Validation-cross-entropy=0.721818
2024-03-31 19:56:11,279 [INFO]  Epoch[1] Validation-A3-accuracy=0.000000
2024-03-31 19:56:11,333 [INFO]  Epoch[2] Batch [0-16]	Speed: 4828.54 samples/sec	cross-entropy=0.394786	A3-accuracy=0.000000
2024-03-31 19:56:11,616 [INFO]  Epoch[2] Train-cross-entropy=0.320461
2024-03-31 19:56:11,616 [INFO]  Epoch[2] Train-A3-accuracy=0.000000
2024-03-31 19:56:11,616 [INFO]  Epoch[2] Time cost=0.337
2024-03-31 19:56:11,618 [INFO]  Saved checkpoint to "./imputer_model/imputer_model_A3/model-0002.params"
2024-03-31 19:56:11,619 [INFO]  Epoch[2] Validation-cross-entropy=0.291689
2024-03-31 19:56:11,619 [INFO]  Epoch[2] Validation-A3-accuracy=0.000000
2024-03-31 19:56:11,880 [INFO]  Epoch[3] Batch [0-16]	Speed: 987.68 samples/sec	cross-entropy=0.201478	A3-accuracy=0.000000
2024-03-31 19:56:11,889 [INFO]  Epoch[3] Train-cross-entropy=0.171977
2024-03-31 19:56:11,889 [INFO]  Epoch[3] Train-A3-accuracy=0.000000
2024-03-31 19:56:11,889 [INFO]  Epoch[3] Time cost=0.270
2024-03-31 19:56:11,891 [INFO]  Saved checkpoint to "./imputer_model/imputer_model_A3/model-0003.params"
2024-03-31 19:56:11,892 [INFO]  Epoch[3] Validation-cross-entropy=0.180831
2024-03-31 19:56:11,892 [INFO]  Epoch[3] Validation-A3-accuracy=0.000000
2024-03-31 19:56:11,903 [INFO]  Epoch[4] Batch [0-16]	Speed: 23760.08 samples/sec	cross-entropy=0.135309	A3-accuracy=0.000000
2024-03-31 19:56:11,913 [INFO]  Epoch[4] Train-cross-entropy=0.118185
2024-03-31 19:56:11,913 [INFO]  Epoch[4] Train-A3-accuracy=0.000000
2024-03-31 19:56:11,913 [INFO]  Epoch[4] Time cost=0.021
2024-03-31 19:56:11,914 [INFO]  Saved checkpoint to "./imputer_model/imputer_model_A3/model-0004.params"
2024-03-31 19:56:11,915 [INFO]  Epoch[4] Validation-cross-entropy=0.130053
2024-03-31 19:56:11,915 [INFO]  Epoch[4] Validation-A3-accuracy=0.000000
2024-03-31 19:56:11,915 [INFO]  
========== done (1.1063206195831299 s) fit model
2024-03-31 19:56:22,127 [INFO]  
========== start: fit model
2024-03-31 19:56:22,127 [WARNING]  Already bound, ignoring bind()
2024-03-31 19:56:22,486 [INFO]  Epoch[0] Batch [0-16]	Speed: 726.40 samples/sec	cross-entropy=9.653548	A3-accuracy=3.176471
2024-03-31 19:56:22,553 [INFO]  Epoch[0] Train-cross-entropy=7.340422
2024-03-31 19:56:22,553 [INFO]  Epoch[0] Train-A3-accuracy=3.096774
2024-03-31 19:56:22,553 [INFO]  Epoch[0] Time cost=0.425
2024-03-31 19:56:22,554 [INFO]  Saved checkpoint to "./imputer_model/imputer_model_A3/model-0000.params"
2024-03-31 19:56:22,560 [INFO]  Epoch[0] Validation-cross-entropy=1.948175
2024-03-31 19:56:22,560 [INFO]  Epoch[0] Validation-A3-accuracy=0.000000
2024-03-31 19:56:22,728 [INFO]  Epoch[1] Batch [0-16]	Speed: 1532.96 samples/sec	cross-entropy=1.515045	A3-accuracy=3.176471
2024-03-31 19:56:22,756 [INFO]  Epoch[1] Train-cross-entropy=1.143696
2024-03-31 19:56:22,756 [INFO]  Epoch[1] Train-A3-accuracy=3.096774
2024-03-31 19:56:22,756 [INFO]  Epoch[1] Time cost=0.196
2024-03-31 19:56:22,757 [INFO]  Saved checkpoint to "./imputer_model/imputer_model_A3/model-0001.params"
2024-03-31 19:56:22,761 [INFO]  Epoch[1] Validation-cross-entropy=0.708198
2024-03-31 19:56:22,761 [INFO]  Epoch[1] Validation-A3-accuracy=0.000000
2024-03-31 19:56:22,785 [INFO]  Epoch[2] Batch [0-16]	Speed: 10968.75 samples/sec	cross-entropy=0.717427	A3-accuracy=3.176471
2024-03-31 19:56:23,033 [INFO]  Epoch[2] Train-cross-entropy=0.529331
2024-03-31 19:56:23,033 [INFO]  Epoch[2] Train-A3-accuracy=3.096774
2024-03-31 19:56:23,033 [INFO]  Epoch[2] Time cost=0.272
2024-03-31 19:56:23,035 [INFO]  Saved checkpoint to "./imputer_model/imputer_model_A3/model-0002.params"
2024-03-31 19:56:23,090 [INFO]  Epoch[2] Validation-cross-entropy=0.473739
2024-03-31 19:56:23,090 [INFO]  Epoch[2] Validation-A3-accuracy=0.000000
2024-03-31 19:56:23,378 [INFO]  Epoch[3] Batch [0-16]	Speed: 895.55 samples/sec	cross-entropy=0.725066	A3-accuracy=3.176471
2024-03-31 19:56:23,437 [INFO]  Epoch[3] Train-cross-entropy=0.517893
2024-03-31 19:56:23,437 [INFO]  Epoch[3] Train-A3-accuracy=3.096774
2024-03-31 19:56:23,437 [INFO]  Epoch[3] Time cost=0.347
2024-03-31 19:56:23,439 [INFO]  Saved checkpoint to "./imputer_model/imputer_model_A3/model-0003.params"
2024-03-31 19:56:23,440 [INFO]  Epoch[3] Validation-cross-entropy=0.416523
2024-03-31 19:56:23,440 [INFO]  Epoch[3] Validation-A3-accuracy=0.000000
2024-03-31 19:56:23,696 [INFO]  Epoch[4] Batch [0-16]	Speed: 1054.06 samples/sec	cross-entropy=0.759029	A3-accuracy=3.176471
2024-03-31 19:56:23,739 [INFO]  Epoch[4] Train-cross-entropy=0.524670
2024-03-31 19:56:23,739 [INFO]  Epoch[4] Train-A3-accuracy=3.096774
2024-03-31 19:56:23,739 [INFO]  Epoch[4] Time cost=0.299
2024-03-31 19:56:23,741 [INFO]  Saved checkpoint to "./imputer_model/imputer_model_A3/model-0004.params"
2024-03-31 19:56:23,742 [INFO]  Epoch[4] Validation-cross-entropy=0.353729
2024-03-31 19:56:23,742 [INFO]  Epoch[4] Validation-A3-accuracy=0.000000
2024-03-31 19:56:23,742 [INFO]  
========== done (1.614715337753296 s) fit model
2024-03-31 19:56:49,411 [INFO]  
========== start: fit model
2024-03-31 19:56:49,411 [WARNING]  Already bound, ignoring bind()
2024-03-31 19:56:49,671 [INFO]  Epoch[0] Batch [0-16]	Speed: 2958.59 samples/sec	cross-entropy=11.083070	A3-accuracy=3.529412
2024-03-31 19:56:49,746 [INFO]  Epoch[0] Train-cross-entropy=8.046239
2024-03-31 19:56:49,746 [INFO]  Epoch[0] Train-A3-accuracy=3.032258
2024-03-31 19:56:49,746 [INFO]  Epoch[0] Time cost=0.334
2024-03-31 19:56:49,748 [INFO]  Saved checkpoint to "./imputer_model/imputer_model_A3/model-0000.params"
2024-03-31 19:56:49,910 [INFO]  Epoch[0] Validation-cross-entropy=2.442389
2024-03-31 19:56:49,910 [INFO]  Epoch[0] Validation-A3-accuracy=0.000000
2024-03-31 19:56:50,245 [INFO]  Epoch[1] Batch [0-16]	Speed: 960.60 samples/sec	cross-entropy=1.916192	A3-accuracy=3.529412
2024-03-31 19:56:50,680 [INFO]  Epoch[1] Train-cross-entropy=1.449457
2024-03-31 19:56:50,680 [INFO]  Epoch[1] Train-A3-accuracy=3.032258
2024-03-31 19:56:50,680 [INFO]  Epoch[1] Time cost=0.770
2024-03-31 19:56:50,682 [INFO]  Saved checkpoint to "./imputer_model/imputer_model_A3/model-0001.params"
2024-03-31 19:56:50,731 [INFO]  Epoch[1] Validation-cross-entropy=0.551553
2024-03-31 19:56:50,731 [INFO]  Epoch[1] Validation-A3-accuracy=0.000000
2024-03-31 19:56:51,167 [INFO]  Epoch[2] Batch [0-16]	Speed: 713.02 samples/sec	cross-entropy=0.463304	A3-accuracy=3.529412
2024-03-31 19:56:51,294 [INFO]  Epoch[2] Train-cross-entropy=0.406206
2024-03-31 19:56:51,295 [INFO]  Epoch[2] Train-A3-accuracy=3.032258
2024-03-31 19:56:51,295 [INFO]  Epoch[2] Time cost=0.563
2024-03-31 19:56:51,296 [INFO]  Saved checkpoint to "./imputer_model/imputer_model_A3/model-0002.params"
2024-03-31 19:56:51,322 [INFO]  Epoch[2] Validation-cross-entropy=0.251190
2024-03-31 19:56:51,322 [INFO]  Epoch[2] Validation-A3-accuracy=0.000000
2024-03-31 19:56:51,397 [INFO]  Epoch[3] Batch [0-16]	Speed: 3442.25 samples/sec	cross-entropy=0.238443	A3-accuracy=3.529412
2024-03-31 19:56:51,550 [INFO]  Epoch[3] Train-cross-entropy=0.211562
2024-03-31 19:56:51,550 [INFO]  Epoch[3] Train-A3-accuracy=3.032258
2024-03-31 19:56:51,550 [INFO]  Epoch[3] Time cost=0.228
2024-03-31 19:56:51,551 [INFO]  Saved checkpoint to "./imputer_model/imputer_model_A3/model-0003.params"
2024-03-31 19:56:51,600 [INFO]  Epoch[3] Validation-cross-entropy=0.173002
2024-03-31 19:56:51,601 [INFO]  Epoch[3] Validation-A3-accuracy=0.000000
2024-03-31 19:56:51,620 [INFO]  Epoch[4] Batch [0-16]	Speed: 13885.01 samples/sec	cross-entropy=0.161488	A3-accuracy=3.529412
2024-03-31 19:56:51,806 [INFO]  Epoch[4] Train-cross-entropy=0.142674
2024-03-31 19:56:51,806 [INFO]  Epoch[4] Train-A3-accuracy=3.032258
2024-03-31 19:56:51,806 [INFO]  Epoch[4] Time cost=0.206
2024-03-31 19:56:51,808 [INFO]  Saved checkpoint to "./imputer_model/imputer_model_A3/model-0004.params"
2024-03-31 19:56:51,809 [INFO]  Epoch[4] Validation-cross-entropy=0.137491
2024-03-31 19:56:51,809 [INFO]  Epoch[4] Validation-A3-accuracy=0.000000
2024-03-31 19:56:51,810 [INFO]  
========== done (2.3985564708709717 s) fit model
2024-03-31 19:57:20,611 [INFO]  
========== start: fit model
2024-03-31 19:57:20,611 [WARNING]  Already bound, ignoring bind()
2024-03-31 19:57:20,817 [INFO]  Epoch[0] Batch [0-16]	Speed: 18765.80 samples/sec	cross-entropy=13.213402	A3-accuracy=3.294118
2024-03-31 19:57:20,826 [INFO]  Epoch[0] Train-cross-entropy=9.246394
2024-03-31 19:57:20,826 [INFO]  Epoch[0] Train-A3-accuracy=3.161290
2024-03-31 19:57:20,826 [INFO]  Epoch[0] Time cost=0.214
2024-03-31 19:57:20,827 [INFO]  Saved checkpoint to "./imputer_model/imputer_model_A3/model-0000.params"
2024-03-31 19:57:20,828 [INFO]  Epoch[0] Validation-cross-entropy=2.022768
2024-03-31 19:57:20,828 [INFO]  Epoch[0] Validation-A3-accuracy=0.000000
2024-03-31 19:57:20,840 [INFO]  Epoch[1] Batch [0-16]	Speed: 23469.77 samples/sec	cross-entropy=0.914447	A3-accuracy=3.294118
2024-03-31 19:57:20,849 [INFO]  Epoch[1] Train-cross-entropy=0.748002
2024-03-31 19:57:20,849 [INFO]  Epoch[1] Train-A3-accuracy=3.161290
2024-03-31 19:57:20,849 [INFO]  Epoch[1] Time cost=0.021
2024-03-31 19:57:20,851 [INFO]  Saved checkpoint to "./imputer_model/imputer_model_A3/model-0001.params"
2024-03-31 19:57:20,852 [INFO]  Epoch[1] Validation-cross-entropy=0.393198
2024-03-31 19:57:20,852 [INFO]  Epoch[1] Validation-A3-accuracy=0.000000
2024-03-31 19:57:20,863 [INFO]  Epoch[2] Batch [0-16]	Speed: 24310.40 samples/sec	cross-entropy=0.376198	A3-accuracy=3.294118
2024-03-31 19:57:20,873 [INFO]  Epoch[2] Train-cross-entropy=0.365882
2024-03-31 19:57:20,873 [INFO]  Epoch[2] Train-A3-accuracy=3.161290
2024-03-31 19:57:20,873 [INFO]  Epoch[2] Time cost=0.021
2024-03-31 19:57:20,875 [INFO]  Saved checkpoint to "./imputer_model/imputer_model_A3/model-0002.params"
2024-03-31 19:57:20,875 [INFO]  Epoch[2] Validation-cross-entropy=0.175490
2024-03-31 19:57:20,875 [INFO]  Epoch[2] Validation-A3-accuracy=0.000000
2024-03-31 19:57:20,887 [INFO]  Epoch[3] Batch [0-16]	Speed: 24114.40 samples/sec	cross-entropy=0.284559	A3-accuracy=3.294118
2024-03-31 19:57:20,896 [INFO]  Epoch[3] Train-cross-entropy=0.271730
2024-03-31 19:57:20,896 [INFO]  Epoch[3] Train-A3-accuracy=3.161290
2024-03-31 19:57:20,897 [INFO]  Epoch[3] Time cost=0.021
2024-03-31 19:57:20,898 [INFO]  Saved checkpoint to "./imputer_model/imputer_model_A3/model-0003.params"
2024-03-31 19:57:20,899 [INFO]  Epoch[3] Validation-cross-entropy=0.189823
2024-03-31 19:57:20,899 [INFO]  Epoch[3] Validation-A3-accuracy=0.000000
2024-03-31 19:57:20,910 [INFO]  Epoch[4] Batch [0-16]	Speed: 24105.74 samples/sec	cross-entropy=0.267494	A3-accuracy=3.294118
2024-03-31 19:57:20,920 [INFO]  Epoch[4] Train-cross-entropy=0.254911
2024-03-31 19:57:20,920 [INFO]  Epoch[4] Train-A3-accuracy=3.161290
2024-03-31 19:57:20,920 [INFO]  Epoch[4] Time cost=0.021
2024-03-31 19:57:20,921 [INFO]  Saved checkpoint to "./imputer_model/imputer_model_A3/model-0004.params"
2024-03-31 19:57:20,922 [INFO]  Epoch[4] Validation-cross-entropy=0.122754
2024-03-31 19:57:20,922 [INFO]  Epoch[4] Validation-A3-accuracy=0.000000
2024-03-31 19:57:20,922 [INFO]  
========== done (0.3111703395843506 s) fit model
2024-03-31 19:57:30,667 [INFO]  
========== start: fit model
2024-03-31 19:57:30,667 [WARNING]  Already bound, ignoring bind()
2024-03-31 19:57:30,879 [INFO]  Epoch[0] Batch [0-16]	Speed: 3381.84 samples/sec	cross-entropy=11.513933	A3-accuracy=0.000000
2024-03-31 19:57:30,911 [INFO]  Epoch[0] Train-cross-entropy=8.911422
2024-03-31 19:57:30,911 [INFO]  Epoch[0] Train-A3-accuracy=0.000000
2024-03-31 19:57:30,911 [INFO]  Epoch[0] Time cost=0.243
2024-03-31 19:57:30,913 [INFO]  Saved checkpoint to "./imputer_model/imputer_model_A3/model-0000.params"
2024-03-31 19:57:30,915 [INFO]  Epoch[0] Validation-cross-entropy=2.438949
2024-03-31 19:57:30,915 [INFO]  Epoch[0] Validation-A3-accuracy=0.000000
2024-03-31 19:57:30,931 [INFO]  Epoch[1] Batch [0-16]	Speed: 16863.91 samples/sec	cross-entropy=1.653342	A3-accuracy=0.000000
2024-03-31 19:57:30,945 [INFO]  Epoch[1] Train-cross-entropy=1.233788
2024-03-31 19:57:30,945 [INFO]  Epoch[1] Train-A3-accuracy=0.000000
2024-03-31 19:57:30,945 [INFO]  Epoch[1] Time cost=0.030
2024-03-31 19:57:30,947 [INFO]  Saved checkpoint to "./imputer_model/imputer_model_A3/model-0001.params"
2024-03-31 19:57:30,951 [INFO]  Epoch[1] Validation-cross-entropy=0.717381
2024-03-31 19:57:30,951 [INFO]  Epoch[1] Validation-A3-accuracy=0.000000
2024-03-31 19:57:30,971 [INFO]  Epoch[2] Batch [0-16]	Speed: 13480.07 samples/sec	cross-entropy=0.604494	A3-accuracy=0.000000
2024-03-31 19:57:30,997 [INFO]  Epoch[2] Train-cross-entropy=0.529145
2024-03-31 19:57:30,997 [INFO]  Epoch[2] Train-A3-accuracy=0.000000
2024-03-31 19:57:30,997 [INFO]  Epoch[2] Time cost=0.046
2024-03-31 19:57:30,999 [INFO]  Saved checkpoint to "./imputer_model/imputer_model_A3/model-0002.params"
2024-03-31 19:57:31,000 [INFO]  Epoch[2] Validation-cross-entropy=0.384654
2024-03-31 19:57:31,000 [INFO]  Epoch[2] Validation-A3-accuracy=0.000000
2024-03-31 19:57:31,201 [INFO]  Epoch[3] Batch [0-16]	Speed: 1280.63 samples/sec	cross-entropy=0.363245	A3-accuracy=0.000000
2024-03-31 19:57:31,292 [INFO]  Epoch[3] Train-cross-entropy=0.327260
2024-03-31 19:57:31,292 [INFO]  Epoch[3] Train-A3-accuracy=0.000000
2024-03-31 19:57:31,292 [INFO]  Epoch[3] Time cost=0.292
2024-03-31 19:57:31,294 [INFO]  Saved checkpoint to "./imputer_model/imputer_model_A3/model-0003.params"
2024-03-31 19:57:31,296 [INFO]  Epoch[3] Validation-cross-entropy=0.360494
2024-03-31 19:57:31,296 [INFO]  Epoch[3] Validation-A3-accuracy=0.000000
2024-03-31 19:57:31,332 [INFO]  Epoch[4] Batch [0-16]	Speed: 16949.36 samples/sec	cross-entropy=0.270710	A3-accuracy=0.000000
2024-03-31 19:57:31,355 [INFO]  Epoch[4] Train-cross-entropy=0.240216
2024-03-31 19:57:31,355 [INFO]  Epoch[4] Train-A3-accuracy=0.000000
2024-03-31 19:57:31,355 [INFO]  Epoch[4] Time cost=0.059
2024-03-31 19:57:31,357 [INFO]  Saved checkpoint to "./imputer_model/imputer_model_A3/model-0004.params"
2024-03-31 19:57:31,358 [INFO]  Epoch[4] Validation-cross-entropy=0.248169
2024-03-31 19:57:31,358 [INFO]  Epoch[4] Validation-A3-accuracy=0.000000
2024-03-31 19:57:31,359 [INFO]  
========== done (0.6915857791900635 s) fit model
2024-03-31 19:58:01,684 [INFO]  
========== start: fit model
2024-03-31 19:58:01,684 [WARNING]  Already bound, ignoring bind()
2024-03-31 19:58:01,871 [INFO]  Epoch[0] Batch [0-16]	Speed: 1382.85 samples/sec	cross-entropy=8.402739	A3-accuracy=0.000000
2024-03-31 19:58:01,907 [INFO]  Epoch[0] Train-cross-entropy=5.297947
2024-03-31 19:58:01,907 [INFO]  Epoch[0] Train-A3-accuracy=0.000000
2024-03-31 19:58:01,907 [INFO]  Epoch[0] Time cost=0.222
2024-03-31 19:58:01,908 [INFO]  Saved checkpoint to "./imputer_model/imputer_model_A3/model-0000.params"
2024-03-31 19:58:01,909 [INFO]  Epoch[0] Validation-cross-entropy=0.622300
2024-03-31 19:58:01,909 [INFO]  Epoch[0] Validation-A3-accuracy=0.000000
2024-03-31 19:58:02,056 [INFO]  Epoch[1] Batch [0-16]	Speed: 1751.32 samples/sec	cross-entropy=1.215163	A3-accuracy=0.000000
2024-03-31 19:58:02,088 [INFO]  Epoch[1] Train-cross-entropy=0.972639
2024-03-31 19:58:02,089 [INFO]  Epoch[1] Train-A3-accuracy=0.000000
2024-03-31 19:58:02,089 [INFO]  Epoch[1] Time cost=0.179
2024-03-31 19:58:02,090 [INFO]  Saved checkpoint to "./imputer_model/imputer_model_A3/model-0001.params"
2024-03-31 19:58:02,105 [INFO]  Epoch[1] Validation-cross-entropy=0.283841
2024-03-31 19:58:02,105 [INFO]  Epoch[1] Validation-A3-accuracy=0.000000
2024-03-31 19:58:02,568 [INFO]  Epoch[2] Batch [0-16]	Speed: 557.10 samples/sec	cross-entropy=0.360004	A3-accuracy=0.000000
2024-03-31 19:58:02,648 [INFO]  Epoch[2] Train-cross-entropy=0.346757
2024-03-31 19:58:02,648 [INFO]  Epoch[2] Train-A3-accuracy=0.000000
2024-03-31 19:58:02,648 [INFO]  Epoch[2] Time cost=0.543
2024-03-31 19:58:02,653 [INFO]  Saved checkpoint to "./imputer_model/imputer_model_A3/model-0002.params"
2024-03-31 19:58:02,686 [INFO]  Epoch[2] Validation-cross-entropy=0.185085
2024-03-31 19:58:02,686 [INFO]  Epoch[2] Validation-A3-accuracy=0.000000
2024-03-31 19:58:03,089 [INFO]  Epoch[3] Batch [0-16]	Speed: 1066.36 samples/sec	cross-entropy=0.215083	A3-accuracy=0.000000
2024-03-31 19:58:03,153 [INFO]  Epoch[3] Train-cross-entropy=0.238397
2024-03-31 19:58:03,153 [INFO]  Epoch[3] Train-A3-accuracy=0.000000
2024-03-31 19:58:03,153 [INFO]  Epoch[3] Time cost=0.467
2024-03-31 19:58:03,155 [INFO]  Saved checkpoint to "./imputer_model/imputer_model_A3/model-0003.params"
2024-03-31 19:58:03,158 [INFO]  Epoch[3] Validation-cross-entropy=0.185441
2024-03-31 19:58:03,158 [INFO]  Epoch[3] Validation-A3-accuracy=0.000000
2024-03-31 19:58:03,271 [INFO]  Epoch[4] Batch [0-16]	Speed: 2305.31 samples/sec	cross-entropy=0.135462	A3-accuracy=0.000000
2024-03-31 19:58:03,333 [INFO]  Epoch[4] Train-cross-entropy=0.141668
2024-03-31 19:58:03,333 [INFO]  Epoch[4] Train-A3-accuracy=0.000000
2024-03-31 19:58:03,333 [INFO]  Epoch[4] Time cost=0.175
2024-03-31 19:58:03,335 [INFO]  Saved checkpoint to "./imputer_model/imputer_model_A3/model-0004.params"
2024-03-31 19:58:03,339 [INFO]  Epoch[4] Validation-cross-entropy=0.187181
2024-03-31 19:58:03,339 [INFO]  Epoch[4] Validation-A3-accuracy=0.000000
2024-03-31 19:58:03,339 [INFO]  
========== done (1.6554348468780518 s) fit model
2024-03-31 19:58:30,676 [INFO]  
========== start: fit model
2024-03-31 19:58:30,676 [WARNING]  Already bound, ignoring bind()
2024-03-31 19:58:30,687 [INFO]  Epoch[0] Batch [0-16]	Speed: 27972.22 samples/sec	cross-entropy=10.790251	A3-accuracy=3.000000
2024-03-31 19:58:30,696 [INFO]  Epoch[0] Train-cross-entropy=7.075200
2024-03-31 19:58:30,696 [INFO]  Epoch[0] Train-A3-accuracy=3.387097
2024-03-31 19:58:30,696 [INFO]  Epoch[0] Time cost=0.020
2024-03-31 19:58:30,698 [INFO]  Saved checkpoint to "./imputer_model/imputer_model_A3/model-0000.params"
2024-03-31 19:58:30,699 [INFO]  Epoch[0] Validation-cross-entropy=2.033449
2024-03-31 19:58:30,699 [INFO]  Epoch[0] Validation-A3-accuracy=0.000000
2024-03-31 19:58:30,710 [INFO]  Epoch[1] Batch [0-16]	Speed: 24172.49 samples/sec	cross-entropy=0.927591	A3-accuracy=3.000000
2024-03-31 19:58:30,719 [INFO]  Epoch[1] Train-cross-entropy=0.798360
2024-03-31 19:58:30,720 [INFO]  Epoch[1] Train-A3-accuracy=3.387097
2024-03-31 19:58:30,720 [INFO]  Epoch[1] Time cost=0.021
2024-03-31 19:58:30,721 [INFO]  Saved checkpoint to "./imputer_model/imputer_model_A3/model-0001.params"
2024-03-31 19:58:30,722 [INFO]  Epoch[1] Validation-cross-entropy=1.253424
2024-03-31 19:58:30,722 [INFO]  Epoch[1] Validation-A3-accuracy=0.000000
2024-03-31 19:58:30,734 [INFO]  Epoch[2] Batch [0-16]	Speed: 24133.91 samples/sec	cross-entropy=0.412159	A3-accuracy=3.000000
2024-03-31 19:58:30,743 [INFO]  Epoch[2] Train-cross-entropy=0.361454
2024-03-31 19:58:30,743 [INFO]  Epoch[2] Train-A3-accuracy=3.387097
2024-03-31 19:58:30,743 [INFO]  Epoch[2] Time cost=0.021
2024-03-31 19:58:30,745 [INFO]  Saved checkpoint to "./imputer_model/imputer_model_A3/model-0002.params"
2024-03-31 19:58:30,746 [INFO]  Epoch[2] Validation-cross-entropy=0.684205
2024-03-31 19:58:30,746 [INFO]  Epoch[2] Validation-A3-accuracy=0.000000
2024-03-31 19:58:30,757 [INFO]  Epoch[3] Batch [0-16]	Speed: 24213.91 samples/sec	cross-entropy=0.205471	A3-accuracy=3.000000
2024-03-31 19:58:30,766 [INFO]  Epoch[3] Train-cross-entropy=0.189591
2024-03-31 19:58:30,766 [INFO]  Epoch[3] Train-A3-accuracy=3.387097
2024-03-31 19:58:30,767 [INFO]  Epoch[3] Time cost=0.021
2024-03-31 19:58:30,768 [INFO]  Saved checkpoint to "./imputer_model/imputer_model_A3/model-0003.params"
2024-03-31 19:58:30,769 [INFO]  Epoch[3] Validation-cross-entropy=0.463484
2024-03-31 19:58:30,769 [INFO]  Epoch[3] Validation-A3-accuracy=0.000000
2024-03-31 19:58:30,780 [INFO]  Epoch[4] Batch [0-16]	Speed: 23986.19 samples/sec	cross-entropy=0.143980	A3-accuracy=3.000000
2024-03-31 19:58:30,790 [INFO]  Epoch[4] Train-cross-entropy=0.130540
2024-03-31 19:58:30,790 [INFO]  Epoch[4] Train-A3-accuracy=3.387097
2024-03-31 19:58:30,790 [INFO]  Epoch[4] Time cost=0.021
2024-03-31 19:58:30,791 [INFO]  Saved checkpoint to "./imputer_model/imputer_model_A3/model-0004.params"
2024-03-31 19:58:30,793 [INFO]  Epoch[4] Validation-cross-entropy=0.351975
2024-03-31 19:58:30,793 [INFO]  Epoch[4] Validation-A3-accuracy=0.000000
2024-03-31 19:58:30,793 [INFO]  
========== done (0.11705279350280762 s) fit model
2024-03-31 19:58:38,031 [INFO]  
========== start: fit model
2024-03-31 19:58:38,031 [WARNING]  Already bound, ignoring bind()
2024-03-31 19:58:38,043 [INFO]  Epoch[0] Batch [0-16]	Speed: 25550.07 samples/sec	cross-entropy=8.430832	A3-accuracy=0.000000
2024-03-31 19:58:38,052 [INFO]  Epoch[0] Train-cross-entropy=5.692460
2024-03-31 19:58:38,052 [INFO]  Epoch[0] Train-A3-accuracy=0.000000
2024-03-31 19:58:38,052 [INFO]  Epoch[0] Time cost=0.020
2024-03-31 19:58:38,053 [INFO]  Saved checkpoint to "./imputer_model/imputer_model_A3/model-0000.params"
2024-03-31 19:58:38,054 [INFO]  Epoch[0] Validation-cross-entropy=1.778247
2024-03-31 19:58:38,054 [INFO]  Epoch[0] Validation-A3-accuracy=0.000000
2024-03-31 19:58:38,067 [INFO]  Epoch[1] Batch [0-16]	Speed: 21203.01 samples/sec	cross-entropy=1.432721	A3-accuracy=0.000000
2024-03-31 19:58:38,075 [INFO]  Epoch[1] Train-cross-entropy=1.147280
2024-03-31 19:58:38,075 [INFO]  Epoch[1] Train-A3-accuracy=0.000000
2024-03-31 19:58:38,075 [INFO]  Epoch[1] Time cost=0.021
2024-03-31 19:58:38,076 [INFO]  Saved checkpoint to "./imputer_model/imputer_model_A3/model-0001.params"
2024-03-31 19:58:38,077 [INFO]  Epoch[1] Validation-cross-entropy=0.534244
2024-03-31 19:58:38,077 [INFO]  Epoch[1] Validation-A3-accuracy=0.000000
2024-03-31 19:58:38,087 [INFO]  Epoch[2] Batch [0-16]	Speed: 27286.96 samples/sec	cross-entropy=0.404078	A3-accuracy=0.000000
2024-03-31 19:58:38,095 [INFO]  Epoch[2] Train-cross-entropy=0.341237
2024-03-31 19:58:38,095 [INFO]  Epoch[2] Train-A3-accuracy=0.000000
2024-03-31 19:58:38,095 [INFO]  Epoch[2] Time cost=0.018
2024-03-31 19:58:38,096 [INFO]  Saved checkpoint to "./imputer_model/imputer_model_A3/model-0002.params"
2024-03-31 19:58:38,097 [INFO]  Epoch[2] Validation-cross-entropy=0.420824
2024-03-31 19:58:38,097 [INFO]  Epoch[2] Validation-A3-accuracy=0.000000
2024-03-31 19:58:38,107 [INFO]  Epoch[3] Batch [0-16]	Speed: 27786.19 samples/sec	cross-entropy=0.224385	A3-accuracy=0.000000
2024-03-31 19:58:38,115 [INFO]  Epoch[3] Train-cross-entropy=0.195700
2024-03-31 19:58:38,115 [INFO]  Epoch[3] Train-A3-accuracy=0.000000
2024-03-31 19:58:38,115 [INFO]  Epoch[3] Time cost=0.018
2024-03-31 19:58:38,116 [INFO]  Saved checkpoint to "./imputer_model/imputer_model_A3/model-0003.params"
2024-03-31 19:58:38,117 [INFO]  Epoch[3] Validation-cross-entropy=0.295566
2024-03-31 19:58:38,117 [INFO]  Epoch[3] Validation-A3-accuracy=0.000000
2024-03-31 19:58:38,127 [INFO]  Epoch[4] Batch [0-16]	Speed: 27346.03 samples/sec	cross-entropy=0.122571	A3-accuracy=0.000000
2024-03-31 19:58:38,135 [INFO]  Epoch[4] Train-cross-entropy=0.117620
2024-03-31 19:58:38,136 [INFO]  Epoch[4] Train-A3-accuracy=0.000000
2024-03-31 19:58:38,136 [INFO]  Epoch[4] Time cost=0.018
2024-03-31 19:58:38,137 [INFO]  Saved checkpoint to "./imputer_model/imputer_model_A3/model-0004.params"
2024-03-31 19:58:38,138 [INFO]  Epoch[4] Validation-cross-entropy=0.285351
2024-03-31 19:58:38,138 [INFO]  Epoch[4] Validation-A3-accuracy=0.000000
2024-03-31 19:58:38,138 [INFO]  
========== done (0.10640549659729004 s) fit model
