2023-11-08 12:32:33,092 [INFO]  
========== start: fit model
2023-11-08 12:32:33,092 [WARNING]  Already bound, ignoring bind()
2023-11-08 12:32:33,099 [INFO]  Epoch[0] Batch [0-4]	Speed: 14140.09 samples/sec	cross-entropy=25.664675	mean_speed_on_paper1-accuracy=0.000000
2023-11-08 12:32:33,104 [INFO]  Epoch[0] Train-cross-entropy=25.999993
2023-11-08 12:32:33,104 [INFO]  Epoch[0] Train-mean_speed_on_paper1-accuracy=0.000000
2023-11-08 12:32:33,104 [INFO]  Epoch[0] Time cost=0.012
2023-11-08 12:32:33,107 [INFO]  Saved checkpoint to "./imputer_model/imputer_model_mean_speed_on_paper1/model-0000.params"
2023-11-08 12:32:33,108 [INFO]  Epoch[0] Validation-cross-entropy=240.626831
2023-11-08 12:32:33,108 [INFO]  Epoch[0] Validation-mean_speed_on_paper1-accuracy=0.000000
2023-11-08 12:32:33,116 [INFO]  Epoch[1] Batch [0-4]	Speed: 10576.65 samples/sec	cross-entropy=43.842876	mean_speed_on_paper1-accuracy=0.000000
2023-11-08 12:32:33,121 [INFO]  Epoch[1] Train-cross-entropy=32.526708
2023-11-08 12:32:33,121 [INFO]  Epoch[1] Train-mean_speed_on_paper1-accuracy=0.000000
2023-11-08 12:32:33,121 [INFO]  Epoch[1] Time cost=0.013
2023-11-08 12:32:33,123 [INFO]  Saved checkpoint to "./imputer_model/imputer_model_mean_speed_on_paper1/model-0001.params"
2023-11-08 12:32:33,124 [INFO]  Epoch[1] Validation-cross-entropy=190.187973
2023-11-08 12:32:33,124 [INFO]  Epoch[1] Validation-mean_speed_on_paper1-accuracy=0.000000
2023-11-08 12:32:33,131 [INFO]  Epoch[2] Batch [0-4]	Speed: 12890.06 samples/sec	cross-entropy=5.215027	mean_speed_on_paper1-accuracy=0.000000
2023-11-08 12:32:33,134 [INFO]  Epoch[2] Train-cross-entropy=4.863317
2023-11-08 12:32:33,134 [INFO]  Epoch[2] Train-mean_speed_on_paper1-accuracy=0.000000
2023-11-08 12:32:33,134 [INFO]  Epoch[2] Time cost=0.010
2023-11-08 12:32:33,136 [INFO]  Saved checkpoint to "./imputer_model/imputer_model_mean_speed_on_paper1/model-0002.params"
2023-11-08 12:32:33,137 [INFO]  Epoch[2] Validation-cross-entropy=221.350906
2023-11-08 12:32:33,137 [INFO]  Epoch[2] Validation-mean_speed_on_paper1-accuracy=0.000000
2023-11-08 12:32:33,142 [INFO]  Epoch[3] Batch [0-4]	Speed: 14168.45 samples/sec	cross-entropy=4.208081	mean_speed_on_paper1-accuracy=0.000000
2023-11-08 12:32:33,146 [INFO]  Epoch[3] Train-cross-entropy=2.916566
2023-11-08 12:32:33,146 [INFO]  Epoch[3] Train-mean_speed_on_paper1-accuracy=0.000000
2023-11-08 12:32:33,146 [INFO]  Epoch[3] Time cost=0.009
2023-11-08 12:32:33,147 [INFO]  Saved checkpoint to "./imputer_model/imputer_model_mean_speed_on_paper1/model-0003.params"
2023-11-08 12:32:33,148 [INFO]  Epoch[3] Validation-cross-entropy=224.389069
2023-11-08 12:32:33,148 [INFO]  Epoch[3] Validation-mean_speed_on_paper1-accuracy=0.000000
2023-11-08 12:32:33,154 [INFO]  Epoch[4] Batch [0-4]	Speed: 14265.58 samples/sec	cross-entropy=1.264863	mean_speed_on_paper1-accuracy=0.000000
2023-11-08 12:32:33,157 [INFO]  Epoch[4] Train-cross-entropy=1.048649
2023-11-08 12:32:33,157 [INFO]  Epoch[4] Train-mean_speed_on_paper1-accuracy=0.000000
2023-11-08 12:32:33,157 [INFO]  Epoch[4] Time cost=0.009
2023-11-08 12:32:33,159 [INFO]  Saved checkpoint to "./imputer_model/imputer_model_mean_speed_on_paper1/model-0004.params"
2023-11-08 12:32:33,159 [INFO]  Epoch[4] Validation-cross-entropy=199.742584
2023-11-08 12:32:33,159 [INFO]  Epoch[4] Validation-mean_speed_on_paper1-accuracy=0.000000
2023-11-08 12:32:33,159 [INFO]  
========== done (0.06763076782226562 s) fit model
2023-11-08 13:03:35,125 [INFO]  
========== start: fit model
2023-11-08 13:03:35,137 [WARNING]  Already bound, ignoring bind()
2023-11-08 13:03:35,146 [INFO]  Epoch[0] Batch [0-4]	Speed: 13987.57 samples/sec	cross-entropy=18.029986	mean_speed_on_paper1-accuracy=0.000000
2023-11-08 13:03:35,149 [INFO]  Epoch[0] Train-cross-entropy=19.675972
2023-11-08 13:03:35,149 [INFO]  Epoch[0] Train-mean_speed_on_paper1-accuracy=0.000000
2023-11-08 13:03:35,149 [INFO]  Epoch[0] Time cost=0.011
2023-11-08 13:03:35,151 [INFO]  Saved checkpoint to "./imputer_model/imputer_model_mean_speed_on_paper1/model-0000.params"
2023-11-08 13:03:35,151 [INFO]  Epoch[0] Validation-cross-entropy=12.558783
2023-11-08 13:03:35,151 [INFO]  Epoch[0] Validation-mean_speed_on_paper1-accuracy=0.000000
2023-11-08 13:03:35,157 [INFO]  Epoch[1] Batch [0-4]	Speed: 14485.75 samples/sec	cross-entropy=40.806846	mean_speed_on_paper1-accuracy=0.000000
2023-11-08 13:03:35,160 [INFO]  Epoch[1] Train-cross-entropy=32.065232
2023-11-08 13:03:35,160 [INFO]  Epoch[1] Train-mean_speed_on_paper1-accuracy=0.000000
2023-11-08 13:03:35,161 [INFO]  Epoch[1] Time cost=0.009
2023-11-08 13:03:35,162 [INFO]  Saved checkpoint to "./imputer_model/imputer_model_mean_speed_on_paper1/model-0001.params"
2023-11-08 13:03:35,163 [INFO]  Epoch[1] Validation-cross-entropy=18.341862
2023-11-08 13:03:35,163 [INFO]  Epoch[1] Validation-mean_speed_on_paper1-accuracy=0.000000
2023-11-08 13:03:35,171 [INFO]  Epoch[2] Batch [0-4]	Speed: 10547.56 samples/sec	cross-entropy=5.451703	mean_speed_on_paper1-accuracy=0.000000
2023-11-08 13:03:35,175 [INFO]  Epoch[2] Train-cross-entropy=5.474726
2023-11-08 13:03:35,175 [INFO]  Epoch[2] Train-mean_speed_on_paper1-accuracy=0.000000
2023-11-08 13:03:35,175 [INFO]  Epoch[2] Time cost=0.013
2023-11-08 13:03:35,178 [INFO]  Saved checkpoint to "./imputer_model/imputer_model_mean_speed_on_paper1/model-0002.params"
2023-11-08 13:03:35,179 [INFO]  Epoch[2] Validation-cross-entropy=7.809930
2023-11-08 13:03:35,179 [INFO]  Epoch[2] Validation-mean_speed_on_paper1-accuracy=0.000000
2023-11-08 13:03:35,185 [INFO]  Epoch[3] Batch [0-4]	Speed: 13066.37 samples/sec	cross-entropy=1.683417	mean_speed_on_paper1-accuracy=0.000000
2023-11-08 13:03:35,189 [INFO]  Epoch[3] Train-cross-entropy=1.846339
2023-11-08 13:03:35,189 [INFO]  Epoch[3] Train-mean_speed_on_paper1-accuracy=0.000000
2023-11-08 13:03:35,189 [INFO]  Epoch[3] Time cost=0.010
2023-11-08 13:03:35,191 [INFO]  Saved checkpoint to "./imputer_model/imputer_model_mean_speed_on_paper1/model-0003.params"
2023-11-08 13:03:35,191 [INFO]  Epoch[3] Validation-cross-entropy=8.069227
2023-11-08 13:03:35,191 [INFO]  Epoch[3] Validation-mean_speed_on_paper1-accuracy=0.000000
2023-11-08 13:03:35,197 [INFO]  Epoch[4] Batch [0-4]	Speed: 14363.29 samples/sec	cross-entropy=1.322443	mean_speed_on_paper1-accuracy=0.000000
2023-11-08 13:03:35,201 [INFO]  Epoch[4] Train-cross-entropy=1.129413
2023-11-08 13:03:35,201 [INFO]  Epoch[4] Train-mean_speed_on_paper1-accuracy=0.000000
2023-11-08 13:03:35,201 [INFO]  Epoch[4] Time cost=0.010
2023-11-08 13:03:35,204 [INFO]  Saved checkpoint to "./imputer_model/imputer_model_mean_speed_on_paper1/model-0004.params"
2023-11-08 13:03:35,205 [INFO]  Epoch[4] Validation-cross-entropy=8.624285
2023-11-08 13:03:35,205 [INFO]  Epoch[4] Validation-mean_speed_on_paper1-accuracy=0.000000
2023-11-08 13:03:35,205 [INFO]  
========== done (0.08033490180969238 s) fit model
2023-11-08 13:17:03,619 [INFO]  
========== start: fit model
2023-11-08 13:17:03,620 [WARNING]  Already bound, ignoring bind()
2023-11-08 13:17:03,627 [INFO]  Epoch[0] Batch [0-4]	Speed: 12548.99 samples/sec	cross-entropy=20.874860	mean_speed_on_paper1-accuracy=3.000000
2023-11-08 13:17:03,631 [INFO]  Epoch[0] Train-cross-entropy=19.079892
2023-11-08 13:17:03,631 [INFO]  Epoch[0] Train-mean_speed_on_paper1-accuracy=2.500000
2023-11-08 13:17:03,631 [INFO]  Epoch[0] Time cost=0.011
2023-11-08 13:17:03,633 [INFO]  Saved checkpoint to "./imputer_model/imputer_model_mean_speed_on_paper1/model-0000.params"
2023-11-08 13:17:03,633 [INFO]  Epoch[0] Validation-cross-entropy=4.493307
2023-11-08 13:17:03,633 [INFO]  Epoch[0] Validation-mean_speed_on_paper1-accuracy=0.000000
2023-11-08 13:17:03,638 [INFO]  Epoch[1] Batch [0-4]	Speed: 16058.59 samples/sec	cross-entropy=31.604827	mean_speed_on_paper1-accuracy=3.000000
2023-11-08 13:17:03,641 [INFO]  Epoch[1] Train-cross-entropy=27.506699
2023-11-08 13:17:03,642 [INFO]  Epoch[1] Train-mean_speed_on_paper1-accuracy=2.500000
2023-11-08 13:17:03,642 [INFO]  Epoch[1] Time cost=0.008
2023-11-08 13:17:03,643 [INFO]  Saved checkpoint to "./imputer_model/imputer_model_mean_speed_on_paper1/model-0001.params"
2023-11-08 13:17:03,643 [INFO]  Epoch[1] Validation-cross-entropy=7.574883
2023-11-08 13:17:03,644 [INFO]  Epoch[1] Validation-mean_speed_on_paper1-accuracy=0.000000
2023-11-08 13:17:03,647 [INFO]  Epoch[2] Batch [0-4]	Speed: 21345.06 samples/sec	cross-entropy=4.560848	mean_speed_on_paper1-accuracy=3.000000
2023-11-08 13:17:03,650 [INFO]  Epoch[2] Train-cross-entropy=4.032843
2023-11-08 13:17:03,650 [INFO]  Epoch[2] Train-mean_speed_on_paper1-accuracy=2.500000
2023-11-08 13:17:03,650 [INFO]  Epoch[2] Time cost=0.006
2023-11-08 13:17:03,651 [INFO]  Saved checkpoint to "./imputer_model/imputer_model_mean_speed_on_paper1/model-0002.params"
2023-11-08 13:17:03,652 [INFO]  Epoch[2] Validation-cross-entropy=8.337070
2023-11-08 13:17:03,652 [INFO]  Epoch[2] Validation-mean_speed_on_paper1-accuracy=0.000000
2023-11-08 13:17:03,655 [INFO]  Epoch[3] Batch [0-4]	Speed: 25616.51 samples/sec	cross-entropy=3.896547	mean_speed_on_paper1-accuracy=3.000000
2023-11-08 13:17:03,657 [INFO]  Epoch[3] Train-cross-entropy=3.147155
2023-11-08 13:17:03,657 [INFO]  Epoch[3] Train-mean_speed_on_paper1-accuracy=2.500000
2023-11-08 13:17:03,657 [INFO]  Epoch[3] Time cost=0.005
2023-11-08 13:17:03,658 [INFO]  Saved checkpoint to "./imputer_model/imputer_model_mean_speed_on_paper1/model-0003.params"
2023-11-08 13:17:03,658 [INFO]  Epoch[3] Validation-cross-entropy=3.410974
2023-11-08 13:17:03,659 [INFO]  Epoch[3] Validation-mean_speed_on_paper1-accuracy=0.000000
2023-11-08 13:17:03,662 [INFO]  Epoch[4] Batch [0-4]	Speed: 25589.65 samples/sec	cross-entropy=1.270414	mean_speed_on_paper1-accuracy=3.000000
2023-11-08 13:17:03,664 [INFO]  Epoch[4] Train-cross-entropy=1.034238
2023-11-08 13:17:03,664 [INFO]  Epoch[4] Train-mean_speed_on_paper1-accuracy=2.500000
2023-11-08 13:17:03,664 [INFO]  Epoch[4] Time cost=0.005
2023-11-08 13:17:03,665 [INFO]  Saved checkpoint to "./imputer_model/imputer_model_mean_speed_on_paper1/model-0004.params"
2023-11-08 13:17:03,665 [INFO]  Epoch[4] Validation-cross-entropy=2.956265
2023-11-08 13:17:03,665 [INFO]  Epoch[4] Validation-mean_speed_on_paper1-accuracy=0.000000
2023-11-08 13:17:03,665 [INFO]  
========== done (0.046033382415771484 s) fit model
2023-11-08 13:30:24,409 [INFO]  
========== start: fit model
2023-11-08 13:30:24,409 [WARNING]  Already bound, ignoring bind()
2023-11-08 13:30:24,416 [INFO]  Epoch[0] Batch [0-4]	Speed: 14096.28 samples/sec	cross-entropy=20.450458	mean_speed_on_paper1-accuracy=2.800000
2023-11-08 13:30:24,419 [INFO]  Epoch[0] Train-cross-entropy=18.067181
2023-11-08 13:30:24,419 [INFO]  Epoch[0] Train-mean_speed_on_paper1-accuracy=3.125000
2023-11-08 13:30:24,419 [INFO]  Epoch[0] Time cost=0.010
2023-11-08 13:30:24,421 [INFO]  Saved checkpoint to "./imputer_model/imputer_model_mean_speed_on_paper1/model-0000.params"
2023-11-08 13:30:24,421 [INFO]  Epoch[0] Validation-cross-entropy=6.419713
2023-11-08 13:30:24,421 [INFO]  Epoch[0] Validation-mean_speed_on_paper1-accuracy=0.000000
2023-11-08 13:30:24,427 [INFO]  Epoch[1] Batch [0-4]	Speed: 14780.06 samples/sec	cross-entropy=42.982170	mean_speed_on_paper1-accuracy=2.800000
2023-11-08 13:30:24,432 [INFO]  Epoch[1] Train-cross-entropy=36.522348
2023-11-08 13:30:24,432 [INFO]  Epoch[1] Train-mean_speed_on_paper1-accuracy=3.125000
2023-11-08 13:30:24,432 [INFO]  Epoch[1] Time cost=0.011
2023-11-08 13:30:24,435 [INFO]  Saved checkpoint to "./imputer_model/imputer_model_mean_speed_on_paper1/model-0001.params"
2023-11-08 13:30:24,435 [INFO]  Epoch[1] Validation-cross-entropy=5.275837
2023-11-08 13:30:24,436 [INFO]  Epoch[1] Validation-mean_speed_on_paper1-accuracy=0.000000
2023-11-08 13:30:24,441 [INFO]  Epoch[2] Batch [0-4]	Speed: 15515.60 samples/sec	cross-entropy=10.227107	mean_speed_on_paper1-accuracy=2.800000
2023-11-08 13:30:24,444 [INFO]  Epoch[2] Train-cross-entropy=13.702954
2023-11-08 13:30:24,444 [INFO]  Epoch[2] Train-mean_speed_on_paper1-accuracy=3.125000
2023-11-08 13:30:24,444 [INFO]  Epoch[2] Time cost=0.009
2023-11-08 13:30:24,469 [INFO]  Saved checkpoint to "./imputer_model/imputer_model_mean_speed_on_paper1/model-0002.params"
2023-11-08 13:30:24,470 [INFO]  Epoch[2] Validation-cross-entropy=5.417364
2023-11-08 13:30:24,470 [INFO]  Epoch[2] Validation-mean_speed_on_paper1-accuracy=0.000000
2023-11-08 13:30:24,477 [INFO]  Epoch[3] Batch [0-4]	Speed: 11213.31 samples/sec	cross-entropy=4.133850	mean_speed_on_paper1-accuracy=2.800000
2023-11-08 13:30:24,482 [INFO]  Epoch[3] Train-cross-entropy=4.081494
2023-11-08 13:30:24,482 [INFO]  Epoch[3] Train-mean_speed_on_paper1-accuracy=3.125000
2023-11-08 13:30:24,482 [INFO]  Epoch[3] Time cost=0.012
2023-11-08 13:30:24,495 [INFO]  Saved checkpoint to "./imputer_model/imputer_model_mean_speed_on_paper1/model-0003.params"
2023-11-08 13:30:24,496 [INFO]  Epoch[3] Validation-cross-entropy=2.904945
2023-11-08 13:30:24,496 [INFO]  Epoch[3] Validation-mean_speed_on_paper1-accuracy=0.000000
2023-11-08 13:30:24,504 [INFO]  Epoch[4] Batch [0-4]	Speed: 9786.20 samples/sec	cross-entropy=2.364805	mean_speed_on_paper1-accuracy=2.800000
2023-11-08 13:30:24,509 [INFO]  Epoch[4] Train-cross-entropy=2.212796
2023-11-08 13:30:24,509 [INFO]  Epoch[4] Train-mean_speed_on_paper1-accuracy=3.125000
2023-11-08 13:30:24,510 [INFO]  Epoch[4] Time cost=0.013
2023-11-08 13:30:24,513 [INFO]  Saved checkpoint to "./imputer_model/imputer_model_mean_speed_on_paper1/model-0004.params"
2023-11-08 13:30:24,514 [INFO]  Epoch[4] Validation-cross-entropy=1.972315
2023-11-08 13:30:24,514 [INFO]  Epoch[4] Validation-mean_speed_on_paper1-accuracy=0.000000
2023-11-08 13:30:24,514 [INFO]  
========== done (0.10501837730407715 s) fit model
2023-11-08 13:43:44,287 [INFO]  
========== start: fit model
2023-11-08 13:43:44,288 [WARNING]  Already bound, ignoring bind()
2023-11-08 13:43:44,296 [INFO]  Epoch[0] Batch [0-4]	Speed: 10797.45 samples/sec	cross-entropy=13.552022	mean_speed_on_paper1-accuracy=3.000000
2023-11-08 13:43:44,300 [INFO]  Epoch[0] Train-cross-entropy=18.768498
2023-11-08 13:43:44,301 [INFO]  Epoch[0] Train-mean_speed_on_paper1-accuracy=3.125000
2023-11-08 13:43:44,301 [INFO]  Epoch[0] Time cost=0.013
2023-11-08 13:43:44,304 [INFO]  Saved checkpoint to "./imputer_model/imputer_model_mean_speed_on_paper1/model-0000.params"
2023-11-08 13:43:44,305 [INFO]  Epoch[0] Validation-cross-entropy=5.811549
2023-11-08 13:43:44,305 [INFO]  Epoch[0] Validation-mean_speed_on_paper1-accuracy=0.000000
2023-11-08 13:43:44,312 [INFO]  Epoch[1] Batch [0-4]	Speed: 12165.12 samples/sec	cross-entropy=38.557744	mean_speed_on_paper1-accuracy=3.000000
2023-11-08 13:43:44,315 [INFO]  Epoch[1] Train-cross-entropy=29.190920
2023-11-08 13:43:44,316 [INFO]  Epoch[1] Train-mean_speed_on_paper1-accuracy=3.125000
2023-11-08 13:43:44,316 [INFO]  Epoch[1] Time cost=0.011
2023-11-08 13:43:44,318 [INFO]  Saved checkpoint to "./imputer_model/imputer_model_mean_speed_on_paper1/model-0001.params"
2023-11-08 13:43:44,318 [INFO]  Epoch[1] Validation-cross-entropy=8.274572
2023-11-08 13:43:44,318 [INFO]  Epoch[1] Validation-mean_speed_on_paper1-accuracy=0.000000
2023-11-08 13:43:44,323 [INFO]  Epoch[2] Batch [0-4]	Speed: 18136.31 samples/sec	cross-entropy=11.851370	mean_speed_on_paper1-accuracy=3.000000
2023-11-08 13:43:44,326 [INFO]  Epoch[2] Train-cross-entropy=9.011398
2023-11-08 13:43:44,326 [INFO]  Epoch[2] Train-mean_speed_on_paper1-accuracy=3.125000
2023-11-08 13:43:44,326 [INFO]  Epoch[2] Time cost=0.008
2023-11-08 13:43:44,328 [INFO]  Saved checkpoint to "./imputer_model/imputer_model_mean_speed_on_paper1/model-0002.params"
2023-11-08 13:43:44,328 [INFO]  Epoch[2] Validation-cross-entropy=11.545510
2023-11-08 13:43:44,328 [INFO]  Epoch[2] Validation-mean_speed_on_paper1-accuracy=0.000000
2023-11-08 13:43:44,333 [INFO]  Epoch[3] Batch [0-4]	Speed: 17799.58 samples/sec	cross-entropy=6.318779	mean_speed_on_paper1-accuracy=3.000000
2023-11-08 13:43:44,336 [INFO]  Epoch[3] Train-cross-entropy=4.895345
2023-11-08 13:43:44,336 [INFO]  Epoch[3] Train-mean_speed_on_paper1-accuracy=3.125000
2023-11-08 13:43:44,336 [INFO]  Epoch[3] Time cost=0.008
2023-11-08 13:43:44,337 [INFO]  Saved checkpoint to "./imputer_model/imputer_model_mean_speed_on_paper1/model-0003.params"
2023-11-08 13:43:44,337 [INFO]  Epoch[3] Validation-cross-entropy=7.975397
2023-11-08 13:43:44,337 [INFO]  Epoch[3] Validation-mean_speed_on_paper1-accuracy=0.000000
2023-11-08 13:43:44,343 [INFO]  Epoch[4] Batch [0-4]	Speed: 12949.75 samples/sec	cross-entropy=1.128866	mean_speed_on_paper1-accuracy=3.000000
2023-11-08 13:43:44,347 [INFO]  Epoch[4] Train-cross-entropy=1.189455
2023-11-08 13:43:44,347 [INFO]  Epoch[4] Train-mean_speed_on_paper1-accuracy=3.125000
2023-11-08 13:43:44,347 [INFO]  Epoch[4] Time cost=0.010
2023-11-08 13:43:44,350 [INFO]  Saved checkpoint to "./imputer_model/imputer_model_mean_speed_on_paper1/model-0004.params"
2023-11-08 13:43:44,350 [INFO]  Epoch[4] Validation-cross-entropy=9.628732
2023-11-08 13:43:44,351 [INFO]  Epoch[4] Validation-mean_speed_on_paper1-accuracy=0.000000
2023-11-08 13:43:44,351 [INFO]  
========== done (0.06320881843566895 s) fit model
2023-11-08 13:57:05,933 [INFO]  
========== start: fit model
2023-11-08 13:57:05,933 [WARNING]  Already bound, ignoring bind()
2023-11-08 13:57:05,941 [INFO]  Epoch[0] Batch [0-4]	Speed: 13358.32 samples/sec	cross-entropy=20.054626	mean_speed_on_paper1-accuracy=0.000000
2023-11-08 13:57:05,944 [INFO]  Epoch[0] Train-cross-entropy=19.351324
2023-11-08 13:57:05,945 [INFO]  Epoch[0] Train-mean_speed_on_paper1-accuracy=0.000000
2023-11-08 13:57:05,945 [INFO]  Epoch[0] Time cost=0.011
2023-11-08 13:57:05,946 [INFO]  Saved checkpoint to "./imputer_model/imputer_model_mean_speed_on_paper1/model-0000.params"
2023-11-08 13:57:05,946 [INFO]  Epoch[0] Validation-cross-entropy=22.381437
2023-11-08 13:57:05,946 [INFO]  Epoch[0] Validation-mean_speed_on_paper1-accuracy=0.000000
2023-11-08 13:57:05,953 [INFO]  Epoch[1] Batch [0-4]	Speed: 12610.89 samples/sec	cross-entropy=26.965317	mean_speed_on_paper1-accuracy=0.000000
2023-11-08 13:57:05,958 [INFO]  Epoch[1] Train-cross-entropy=24.950018
2023-11-08 13:57:05,958 [INFO]  Epoch[1] Train-mean_speed_on_paper1-accuracy=0.000000
2023-11-08 13:57:05,958 [INFO]  Epoch[1] Time cost=0.011
2023-11-08 13:57:05,961 [INFO]  Saved checkpoint to "./imputer_model/imputer_model_mean_speed_on_paper1/model-0001.params"
2023-11-08 13:57:05,962 [INFO]  Epoch[1] Validation-cross-entropy=10.993404
2023-11-08 13:57:05,962 [INFO]  Epoch[1] Validation-mean_speed_on_paper1-accuracy=0.000000
2023-11-08 13:57:05,967 [INFO]  Epoch[2] Batch [0-4]	Speed: 16094.22 samples/sec	cross-entropy=2.688146	mean_speed_on_paper1-accuracy=0.000000
2023-11-08 13:57:05,971 [INFO]  Epoch[2] Train-cross-entropy=4.275448
2023-11-08 13:57:05,972 [INFO]  Epoch[2] Train-mean_speed_on_paper1-accuracy=0.000000
2023-11-08 13:57:05,972 [INFO]  Epoch[2] Time cost=0.010
2023-11-08 13:57:05,974 [INFO]  Saved checkpoint to "./imputer_model/imputer_model_mean_speed_on_paper1/model-0002.params"
2023-11-08 13:57:05,974 [INFO]  Epoch[2] Validation-cross-entropy=11.285045
2023-11-08 13:57:05,974 [INFO]  Epoch[2] Validation-mean_speed_on_paper1-accuracy=0.000000
2023-11-08 13:57:05,980 [INFO]  Epoch[3] Batch [0-4]	Speed: 13652.50 samples/sec	cross-entropy=2.998332	mean_speed_on_paper1-accuracy=0.000000
2023-11-08 13:57:05,984 [INFO]  Epoch[3] Train-cross-entropy=2.374965
2023-11-08 13:57:05,984 [INFO]  Epoch[3] Train-mean_speed_on_paper1-accuracy=0.000000
2023-11-08 13:57:05,984 [INFO]  Epoch[3] Time cost=0.010
2023-11-08 13:57:05,987 [INFO]  Saved checkpoint to "./imputer_model/imputer_model_mean_speed_on_paper1/model-0003.params"
2023-11-08 13:57:05,988 [INFO]  Epoch[3] Validation-cross-entropy=9.773988
2023-11-08 13:57:05,988 [INFO]  Epoch[3] Validation-mean_speed_on_paper1-accuracy=0.000000
2023-11-08 13:57:05,995 [INFO]  Epoch[4] Batch [0-4]	Speed: 12507.48 samples/sec	cross-entropy=1.491133	mean_speed_on_paper1-accuracy=0.000000
2023-11-08 13:57:05,999 [INFO]  Epoch[4] Train-cross-entropy=1.258341
2023-11-08 13:57:05,999 [INFO]  Epoch[4] Train-mean_speed_on_paper1-accuracy=0.000000
2023-11-08 13:57:05,999 [INFO]  Epoch[4] Time cost=0.011
2023-11-08 13:57:06,001 [INFO]  Saved checkpoint to "./imputer_model/imputer_model_mean_speed_on_paper1/model-0004.params"
2023-11-08 13:57:06,002 [INFO]  Epoch[4] Validation-cross-entropy=9.180605
2023-11-08 13:57:06,002 [INFO]  Epoch[4] Validation-mean_speed_on_paper1-accuracy=0.000000
2023-11-08 13:57:06,002 [INFO]  
========== done (0.06909608840942383 s) fit model
2023-11-08 14:10:30,170 [INFO]  
========== start: fit model
2023-11-08 14:10:30,170 [WARNING]  Already bound, ignoring bind()
2023-11-08 14:10:30,177 [INFO]  Epoch[0] Batch [0-4]	Speed: 14065.26 samples/sec	cross-entropy=15.591266	mean_speed_on_paper1-accuracy=0.000000
2023-11-08 14:10:30,180 [INFO]  Epoch[0] Train-cross-entropy=19.018740
2023-11-08 14:10:30,180 [INFO]  Epoch[0] Train-mean_speed_on_paper1-accuracy=0.000000
2023-11-08 14:10:30,180 [INFO]  Epoch[0] Time cost=0.010
2023-11-08 14:10:30,182 [INFO]  Saved checkpoint to "./imputer_model/imputer_model_mean_speed_on_paper1/model-0000.params"
2023-11-08 14:10:30,182 [INFO]  Epoch[0] Validation-cross-entropy=15.935685
2023-11-08 14:10:30,182 [INFO]  Epoch[0] Validation-mean_speed_on_paper1-accuracy=0.000000
2023-11-08 14:10:30,188 [INFO]  Epoch[1] Batch [0-4]	Speed: 14149.78 samples/sec	cross-entropy=49.265844	mean_speed_on_paper1-accuracy=0.000000
2023-11-08 14:10:30,191 [INFO]  Epoch[1] Train-cross-entropy=41.697417
2023-11-08 14:10:30,191 [INFO]  Epoch[1] Train-mean_speed_on_paper1-accuracy=0.000000
2023-11-08 14:10:30,191 [INFO]  Epoch[1] Time cost=0.009
2023-11-08 14:10:30,193 [INFO]  Saved checkpoint to "./imputer_model/imputer_model_mean_speed_on_paper1/model-0001.params"
2023-11-08 14:10:30,193 [INFO]  Epoch[1] Validation-cross-entropy=7.798016
2023-11-08 14:10:30,193 [INFO]  Epoch[1] Validation-mean_speed_on_paper1-accuracy=0.000000
2023-11-08 14:10:30,199 [INFO]  Epoch[2] Batch [0-4]	Speed: 14928.01 samples/sec	cross-entropy=4.311318	mean_speed_on_paper1-accuracy=0.000000
2023-11-08 14:10:30,202 [INFO]  Epoch[2] Train-cross-entropy=3.502950
2023-11-08 14:10:30,202 [INFO]  Epoch[2] Train-mean_speed_on_paper1-accuracy=0.000000
2023-11-08 14:10:30,202 [INFO]  Epoch[2] Time cost=0.009
2023-11-08 14:10:30,203 [INFO]  Saved checkpoint to "./imputer_model/imputer_model_mean_speed_on_paper1/model-0002.params"
2023-11-08 14:10:30,204 [INFO]  Epoch[2] Validation-cross-entropy=8.358532
2023-11-08 14:10:30,204 [INFO]  Epoch[2] Validation-mean_speed_on_paper1-accuracy=0.000000
2023-11-08 14:10:30,209 [INFO]  Epoch[3] Batch [0-4]	Speed: 16072.05 samples/sec	cross-entropy=2.873100	mean_speed_on_paper1-accuracy=0.000000
2023-11-08 14:10:30,212 [INFO]  Epoch[3] Train-cross-entropy=2.445618
2023-11-08 14:10:30,212 [INFO]  Epoch[3] Train-mean_speed_on_paper1-accuracy=0.000000
2023-11-08 14:10:30,212 [INFO]  Epoch[3] Time cost=0.008
2023-11-08 14:10:30,214 [INFO]  Saved checkpoint to "./imputer_model/imputer_model_mean_speed_on_paper1/model-0003.params"
2023-11-08 14:10:30,214 [INFO]  Epoch[3] Validation-cross-entropy=7.123833
2023-11-08 14:10:30,214 [INFO]  Epoch[3] Validation-mean_speed_on_paper1-accuracy=0.000000
2023-11-08 14:10:30,219 [INFO]  Epoch[4] Batch [0-4]	Speed: 15519.19 samples/sec	cross-entropy=1.072682	mean_speed_on_paper1-accuracy=0.000000
2023-11-08 14:10:30,222 [INFO]  Epoch[4] Train-cross-entropy=0.951771
2023-11-08 14:10:30,222 [INFO]  Epoch[4] Train-mean_speed_on_paper1-accuracy=0.000000
2023-11-08 14:10:30,223 [INFO]  Epoch[4] Time cost=0.008
2023-11-08 14:10:30,224 [INFO]  Saved checkpoint to "./imputer_model/imputer_model_mean_speed_on_paper1/model-0004.params"
2023-11-08 14:10:30,224 [INFO]  Epoch[4] Validation-cross-entropy=6.736847
2023-11-08 14:10:30,224 [INFO]  Epoch[4] Validation-mean_speed_on_paper1-accuracy=0.000000
2023-11-08 14:10:30,224 [INFO]  
========== done (0.05473184585571289 s) fit model
2023-11-08 14:24:02,000 [INFO]  
========== start: fit model
2023-11-08 14:24:02,000 [WARNING]  Already bound, ignoring bind()
2023-11-08 14:24:02,006 [INFO]  Epoch[0] Batch [0-4]	Speed: 15928.05 samples/sec	cross-entropy=21.351592	mean_speed_on_paper1-accuracy=1.800000
2023-11-08 14:24:02,009 [INFO]  Epoch[0] Train-cross-entropy=20.303484
2023-11-08 14:24:02,009 [INFO]  Epoch[0] Train-mean_speed_on_paper1-accuracy=2.500000
2023-11-08 14:24:02,009 [INFO]  Epoch[0] Time cost=0.009
2023-11-08 14:24:02,011 [INFO]  Saved checkpoint to "./imputer_model/imputer_model_mean_speed_on_paper1/model-0000.params"
2023-11-08 14:24:02,011 [INFO]  Epoch[0] Validation-cross-entropy=148.857834
2023-11-08 14:24:02,011 [INFO]  Epoch[0] Validation-mean_speed_on_paper1-accuracy=0.000000
2023-11-08 14:24:02,016 [INFO]  Epoch[1] Batch [0-4]	Speed: 15904.46 samples/sec	cross-entropy=49.911770	mean_speed_on_paper1-accuracy=1.800000
2023-11-08 14:24:02,019 [INFO]  Epoch[1] Train-cross-entropy=39.199344
2023-11-08 14:24:02,019 [INFO]  Epoch[1] Train-mean_speed_on_paper1-accuracy=2.500000
2023-11-08 14:24:02,019 [INFO]  Epoch[1] Time cost=0.008
2023-11-08 14:24:02,021 [INFO]  Saved checkpoint to "./imputer_model/imputer_model_mean_speed_on_paper1/model-0001.params"
2023-11-08 14:24:02,021 [INFO]  Epoch[1] Validation-cross-entropy=85.879875
2023-11-08 14:24:02,021 [INFO]  Epoch[1] Validation-mean_speed_on_paper1-accuracy=0.000000
2023-11-08 14:24:02,025 [INFO]  Epoch[2] Batch [0-4]	Speed: 19771.34 samples/sec	cross-entropy=4.828037	mean_speed_on_paper1-accuracy=1.800000
2023-11-08 14:24:02,028 [INFO]  Epoch[2] Train-cross-entropy=4.116638
2023-11-08 14:24:02,029 [INFO]  Epoch[2] Train-mean_speed_on_paper1-accuracy=2.500000
2023-11-08 14:24:02,029 [INFO]  Epoch[2] Time cost=0.008
2023-11-08 14:24:02,032 [INFO]  Saved checkpoint to "./imputer_model/imputer_model_mean_speed_on_paper1/model-0002.params"
2023-11-08 14:24:02,033 [INFO]  Epoch[2] Validation-cross-entropy=52.589703
2023-11-08 14:24:02,034 [INFO]  Epoch[2] Validation-mean_speed_on_paper1-accuracy=0.000000
2023-11-08 14:24:02,041 [INFO]  Epoch[3] Batch [0-4]	Speed: 11194.14 samples/sec	cross-entropy=3.836492	mean_speed_on_paper1-accuracy=1.800000
2023-11-08 14:24:02,045 [INFO]  Epoch[3] Train-cross-entropy=3.322587
2023-11-08 14:24:02,045 [INFO]  Epoch[3] Train-mean_speed_on_paper1-accuracy=2.500000
2023-11-08 14:24:02,045 [INFO]  Epoch[3] Time cost=0.012
2023-11-08 14:24:02,047 [INFO]  Saved checkpoint to "./imputer_model/imputer_model_mean_speed_on_paper1/model-0003.params"
2023-11-08 14:24:02,048 [INFO]  Epoch[3] Validation-cross-entropy=59.572548
2023-11-08 14:24:02,048 [INFO]  Epoch[3] Validation-mean_speed_on_paper1-accuracy=0.000000
2023-11-08 14:24:02,054 [INFO]  Epoch[4] Batch [0-4]	Speed: 13873.35 samples/sec	cross-entropy=1.178186	mean_speed_on_paper1-accuracy=1.800000
2023-11-08 14:24:02,058 [INFO]  Epoch[4] Train-cross-entropy=1.368134
2023-11-08 14:24:02,058 [INFO]  Epoch[4] Train-mean_speed_on_paper1-accuracy=2.500000
2023-11-08 14:24:02,058 [INFO]  Epoch[4] Time cost=0.010
2023-11-08 14:24:02,060 [INFO]  Saved checkpoint to "./imputer_model/imputer_model_mean_speed_on_paper1/model-0004.params"
2023-11-08 14:24:02,060 [INFO]  Epoch[4] Validation-cross-entropy=64.408020
2023-11-08 14:24:02,061 [INFO]  Epoch[4] Validation-mean_speed_on_paper1-accuracy=0.000000
2023-11-08 14:24:02,061 [INFO]  
========== done (0.06071305274963379 s) fit model
2023-11-08 14:37:53,323 [INFO]  
========== start: fit model
2023-11-08 14:37:53,324 [WARNING]  Already bound, ignoring bind()
2023-11-08 14:37:53,335 [INFO]  Epoch[0] Batch [0-4]	Speed: 10813.11 samples/sec	cross-entropy=12.896282	mean_speed_on_paper1-accuracy=0.000000
2023-11-08 14:37:53,339 [INFO]  Epoch[0] Train-cross-entropy=17.034245
2023-11-08 14:37:53,339 [INFO]  Epoch[0] Train-mean_speed_on_paper1-accuracy=0.000000
2023-11-08 14:37:53,339 [INFO]  Epoch[0] Time cost=0.014
2023-11-08 14:37:53,341 [INFO]  Saved checkpoint to "./imputer_model/imputer_model_mean_speed_on_paper1/model-0000.params"
2023-11-08 14:37:53,342 [INFO]  Epoch[0] Validation-cross-entropy=10.304896
2023-11-08 14:37:53,342 [INFO]  Epoch[0] Validation-mean_speed_on_paper1-accuracy=0.000000
2023-11-08 14:37:53,349 [INFO]  Epoch[1] Batch [0-4]	Speed: 12984.21 samples/sec	cross-entropy=62.567321	mean_speed_on_paper1-accuracy=0.000000
2023-11-08 14:37:53,352 [INFO]  Epoch[1] Train-cross-entropy=44.456219
2023-11-08 14:37:53,352 [INFO]  Epoch[1] Train-mean_speed_on_paper1-accuracy=0.000000
2023-11-08 14:37:53,353 [INFO]  Epoch[1] Time cost=0.010
2023-11-08 14:37:53,354 [INFO]  Saved checkpoint to "./imputer_model/imputer_model_mean_speed_on_paper1/model-0001.params"
2023-11-08 14:37:53,355 [INFO]  Epoch[1] Validation-cross-entropy=11.669501
2023-11-08 14:37:53,355 [INFO]  Epoch[1] Validation-mean_speed_on_paper1-accuracy=0.000000
2023-11-08 14:37:53,362 [INFO]  Epoch[2] Batch [0-4]	Speed: 11468.17 samples/sec	cross-entropy=5.241574	mean_speed_on_paper1-accuracy=0.000000
2023-11-08 14:37:53,367 [INFO]  Epoch[2] Train-cross-entropy=5.146728
2023-11-08 14:37:53,367 [INFO]  Epoch[2] Train-mean_speed_on_paper1-accuracy=0.000000
2023-11-08 14:37:53,367 [INFO]  Epoch[2] Time cost=0.012
2023-11-08 14:37:53,370 [INFO]  Saved checkpoint to "./imputer_model/imputer_model_mean_speed_on_paper1/model-0002.params"
2023-11-08 14:37:53,371 [INFO]  Epoch[2] Validation-cross-entropy=10.012081
2023-11-08 14:37:53,372 [INFO]  Epoch[2] Validation-mean_speed_on_paper1-accuracy=0.000000
2023-11-08 14:37:53,378 [INFO]  Epoch[3] Batch [0-4]	Speed: 12452.36 samples/sec	cross-entropy=3.428711	mean_speed_on_paper1-accuracy=0.000000
2023-11-08 14:37:53,382 [INFO]  Epoch[3] Train-cross-entropy=2.775176
2023-11-08 14:37:53,382 [INFO]  Epoch[3] Train-mean_speed_on_paper1-accuracy=0.000000
2023-11-08 14:37:53,382 [INFO]  Epoch[3] Time cost=0.010
2023-11-08 14:37:53,384 [INFO]  Saved checkpoint to "./imputer_model/imputer_model_mean_speed_on_paper1/model-0003.params"
2023-11-08 14:37:53,385 [INFO]  Epoch[3] Validation-cross-entropy=8.720027
2023-11-08 14:37:53,385 [INFO]  Epoch[3] Validation-mean_speed_on_paper1-accuracy=0.000000
2023-11-08 14:37:53,391 [INFO]  Epoch[4] Batch [0-4]	Speed: 12740.78 samples/sec	cross-entropy=1.333267	mean_speed_on_paper1-accuracy=0.000000
2023-11-08 14:37:53,394 [INFO]  Epoch[4] Train-cross-entropy=1.098748
2023-11-08 14:37:53,395 [INFO]  Epoch[4] Train-mean_speed_on_paper1-accuracy=0.000000
2023-11-08 14:37:53,395 [INFO]  Epoch[4] Time cost=0.010
2023-11-08 14:37:53,397 [INFO]  Saved checkpoint to "./imputer_model/imputer_model_mean_speed_on_paper1/model-0004.params"
2023-11-08 14:37:53,398 [INFO]  Epoch[4] Validation-cross-entropy=6.795050
2023-11-08 14:37:53,398 [INFO]  Epoch[4] Validation-mean_speed_on_paper1-accuracy=0.000000
2023-11-08 14:37:53,398 [INFO]  
========== done (0.07512545585632324 s) fit model
2023-11-08 14:51:59,183 [INFO]  
========== start: fit model
2023-11-08 14:51:59,184 [WARNING]  Already bound, ignoring bind()
2023-11-08 14:51:59,191 [INFO]  Epoch[0] Batch [0-4]	Speed: 13901.37 samples/sec	cross-entropy=19.019014	mean_speed_on_paper1-accuracy=0.000000
2023-11-08 14:51:59,196 [INFO]  Epoch[0] Train-cross-entropy=16.200769
2023-11-08 14:51:59,196 [INFO]  Epoch[0] Train-mean_speed_on_paper1-accuracy=0.000000
2023-11-08 14:51:59,196 [INFO]  Epoch[0] Time cost=0.011
2023-11-08 14:51:59,199 [INFO]  Saved checkpoint to "./imputer_model/imputer_model_mean_speed_on_paper1/model-0000.params"
2023-11-08 14:51:59,200 [INFO]  Epoch[0] Validation-cross-entropy=5.856383
2023-11-08 14:51:59,200 [INFO]  Epoch[0] Validation-mean_speed_on_paper1-accuracy=0.000000
2023-11-08 14:51:59,207 [INFO]  Epoch[1] Batch [0-4]	Speed: 13036.54 samples/sec	cross-entropy=31.609901	mean_speed_on_paper1-accuracy=0.000000
2023-11-08 14:51:59,210 [INFO]  Epoch[1] Train-cross-entropy=29.619087
2023-11-08 14:51:59,210 [INFO]  Epoch[1] Train-mean_speed_on_paper1-accuracy=0.000000
2023-11-08 14:51:59,210 [INFO]  Epoch[1] Time cost=0.010
2023-11-08 14:51:59,213 [INFO]  Saved checkpoint to "./imputer_model/imputer_model_mean_speed_on_paper1/model-0001.params"
2023-11-08 14:51:59,213 [INFO]  Epoch[1] Validation-cross-entropy=26.080332
2023-11-08 14:51:59,213 [INFO]  Epoch[1] Validation-mean_speed_on_paper1-accuracy=0.000000
2023-11-08 14:51:59,218 [INFO]  Epoch[2] Batch [0-4]	Speed: 18769.09 samples/sec	cross-entropy=5.838537	mean_speed_on_paper1-accuracy=0.000000
2023-11-08 14:51:59,221 [INFO]  Epoch[2] Train-cross-entropy=7.274412
2023-11-08 14:51:59,221 [INFO]  Epoch[2] Train-mean_speed_on_paper1-accuracy=0.000000
2023-11-08 14:51:59,221 [INFO]  Epoch[2] Time cost=0.008
2023-11-08 14:51:59,223 [INFO]  Saved checkpoint to "./imputer_model/imputer_model_mean_speed_on_paper1/model-0002.params"
2023-11-08 14:51:59,223 [INFO]  Epoch[2] Validation-cross-entropy=6.097573
2023-11-08 14:51:59,223 [INFO]  Epoch[2] Validation-mean_speed_on_paper1-accuracy=0.000000
2023-11-08 14:51:59,228 [INFO]  Epoch[3] Batch [0-4]	Speed: 18313.24 samples/sec	cross-entropy=3.276359	mean_speed_on_paper1-accuracy=0.000000
2023-11-08 14:51:59,230 [INFO]  Epoch[3] Train-cross-entropy=3.036138
2023-11-08 14:51:59,230 [INFO]  Epoch[3] Train-mean_speed_on_paper1-accuracy=0.000000
2023-11-08 14:51:59,231 [INFO]  Epoch[3] Time cost=0.007
2023-11-08 14:51:59,232 [INFO]  Saved checkpoint to "./imputer_model/imputer_model_mean_speed_on_paper1/model-0003.params"
2023-11-08 14:51:59,232 [INFO]  Epoch[3] Validation-cross-entropy=10.177335
2023-11-08 14:51:59,232 [INFO]  Epoch[3] Validation-mean_speed_on_paper1-accuracy=0.000000
2023-11-08 14:51:59,237 [INFO]  Epoch[4] Batch [0-4]	Speed: 18249.74 samples/sec	cross-entropy=1.645499	mean_speed_on_paper1-accuracy=0.000000
2023-11-08 14:51:59,240 [INFO]  Epoch[4] Train-cross-entropy=1.344752
2023-11-08 14:51:59,240 [INFO]  Epoch[4] Train-mean_speed_on_paper1-accuracy=0.000000
2023-11-08 14:51:59,240 [INFO]  Epoch[4] Time cost=0.007
2023-11-08 14:51:59,241 [INFO]  Saved checkpoint to "./imputer_model/imputer_model_mean_speed_on_paper1/model-0004.params"
2023-11-08 14:51:59,242 [INFO]  Epoch[4] Validation-cross-entropy=10.469090
2023-11-08 14:51:59,242 [INFO]  Epoch[4] Validation-mean_speed_on_paper1-accuracy=0.000000
2023-11-08 14:51:59,242 [INFO]  
========== done (0.05824732780456543 s) fit model
