2023-11-08 12:44:45,279 [INFO]  
========== start: fit model
2023-11-08 12:44:45,280 [WARNING]  Already bound, ignoring bind()
2023-11-08 12:44:45,325 [INFO]  Epoch[0] Batch [0-4]	Speed: 1704.04 samples/sec	cross-entropy=23.361920	mean_jerk_in_air16-accuracy=0.000000
2023-11-08 12:44:45,372 [INFO]  Epoch[0] Train-cross-entropy=20.644892
2023-11-08 12:44:45,372 [INFO]  Epoch[0] Train-mean_jerk_in_air16-accuracy=0.000000
2023-11-08 12:44:45,372 [INFO]  Epoch[0] Time cost=0.089
2023-11-08 12:44:45,375 [INFO]  Saved checkpoint to "./imputer_model/imputer_model_mean_jerk_in_air16/model-0000.params"
2023-11-08 12:44:45,380 [INFO]  Epoch[0] Validation-cross-entropy=45.426556
2023-11-08 12:44:45,380 [INFO]  Epoch[0] Validation-mean_jerk_in_air16-accuracy=0.000000
2023-11-08 12:44:45,449 [INFO]  Epoch[1] Batch [0-4]	Speed: 1477.95 samples/sec	cross-entropy=38.581124	mean_jerk_in_air16-accuracy=0.000000
2023-11-08 12:44:45,509 [INFO]  Epoch[1] Train-cross-entropy=28.995194
2023-11-08 12:44:45,510 [INFO]  Epoch[1] Train-mean_jerk_in_air16-accuracy=0.000000
2023-11-08 12:44:45,510 [INFO]  Epoch[1] Time cost=0.130
2023-11-08 12:44:45,513 [INFO]  Saved checkpoint to "./imputer_model/imputer_model_mean_jerk_in_air16/model-0001.params"
2023-11-08 12:44:45,534 [INFO]  Epoch[1] Validation-cross-entropy=25.450842
2023-11-08 12:44:45,535 [INFO]  Epoch[1] Validation-mean_jerk_in_air16-accuracy=0.000000
2023-11-08 12:44:45,592 [INFO]  Epoch[2] Batch [0-4]	Speed: 1799.53 samples/sec	cross-entropy=8.511060	mean_jerk_in_air16-accuracy=0.000000
2023-11-08 12:44:45,621 [INFO]  Epoch[2] Train-cross-entropy=7.220392
2023-11-08 12:44:45,621 [INFO]  Epoch[2] Train-mean_jerk_in_air16-accuracy=0.000000
2023-11-08 12:44:45,621 [INFO]  Epoch[2] Time cost=0.086
2023-11-08 12:44:45,625 [INFO]  Saved checkpoint to "./imputer_model/imputer_model_mean_jerk_in_air16/model-0002.params"
2023-11-08 12:44:45,654 [INFO]  Epoch[2] Validation-cross-entropy=22.933674
2023-11-08 12:44:45,655 [INFO]  Epoch[2] Validation-mean_jerk_in_air16-accuracy=0.000000
2023-11-08 12:44:45,689 [INFO]  Epoch[3] Batch [0-4]	Speed: 2858.92 samples/sec	cross-entropy=4.439997	mean_jerk_in_air16-accuracy=0.000000
2023-11-08 12:44:45,716 [INFO]  Epoch[3] Train-cross-entropy=3.381656
2023-11-08 12:44:45,717 [INFO]  Epoch[3] Train-mean_jerk_in_air16-accuracy=0.000000
2023-11-08 12:44:45,717 [INFO]  Epoch[3] Time cost=0.062
2023-11-08 12:44:45,720 [INFO]  Saved checkpoint to "./imputer_model/imputer_model_mean_jerk_in_air16/model-0003.params"
2023-11-08 12:44:45,739 [INFO]  Epoch[3] Validation-cross-entropy=21.122568
2023-11-08 12:44:45,739 [INFO]  Epoch[3] Validation-mean_jerk_in_air16-accuracy=0.000000
2023-11-08 12:44:45,796 [INFO]  Epoch[4] Batch [0-4]	Speed: 2151.29 samples/sec	cross-entropy=1.635562	mean_jerk_in_air16-accuracy=0.000000
2023-11-08 12:44:46,547 [INFO]  Epoch[4] Train-cross-entropy=1.365536
2023-11-08 12:44:46,548 [INFO]  Epoch[4] Train-mean_jerk_in_air16-accuracy=0.000000
2023-11-08 12:44:46,548 [INFO]  Epoch[4] Time cost=0.808
2023-11-08 12:44:46,551 [INFO]  Saved checkpoint to "./imputer_model/imputer_model_mean_jerk_in_air16/model-0004.params"
2023-11-08 12:44:46,555 [INFO]  Epoch[4] Validation-cross-entropy=20.646259
2023-11-08 12:44:46,555 [INFO]  Epoch[4] Validation-mean_jerk_in_air16-accuracy=0.000000
2023-11-08 12:44:46,555 [INFO]  
========== done (1.2761049270629883 s) fit model
2023-11-08 13:07:41,606 [INFO]  
========== start: fit model
2023-11-08 13:07:41,607 [WARNING]  Already bound, ignoring bind()
2023-11-08 13:07:41,614 [INFO]  Epoch[0] Batch [0-4]	Speed: 14094.06 samples/sec	cross-entropy=28.046819	mean_jerk_in_air16-accuracy=4.000000
2023-11-08 13:07:41,617 [INFO]  Epoch[0] Train-cross-entropy=27.308344
2023-11-08 13:07:41,617 [INFO]  Epoch[0] Train-mean_jerk_in_air16-accuracy=3.500000
2023-11-08 13:07:41,617 [INFO]  Epoch[0] Time cost=0.010
2023-11-08 13:07:41,618 [INFO]  Saved checkpoint to "./imputer_model/imputer_model_mean_jerk_in_air16/model-0000.params"
2023-11-08 13:07:41,619 [INFO]  Epoch[0] Validation-cross-entropy=38.155613
2023-11-08 13:07:41,619 [INFO]  Epoch[0] Validation-mean_jerk_in_air16-accuracy=0.000000
2023-11-08 13:07:41,624 [INFO]  Epoch[1] Batch [0-4]	Speed: 15431.76 samples/sec	cross-entropy=37.653107	mean_jerk_in_air16-accuracy=4.000000
2023-11-08 13:07:41,628 [INFO]  Epoch[1] Train-cross-entropy=34.612245
2023-11-08 13:07:41,628 [INFO]  Epoch[1] Train-mean_jerk_in_air16-accuracy=3.500000
2023-11-08 13:07:41,628 [INFO]  Epoch[1] Time cost=0.009
2023-11-08 13:07:41,629 [INFO]  Saved checkpoint to "./imputer_model/imputer_model_mean_jerk_in_air16/model-0001.params"
2023-11-08 13:07:41,629 [INFO]  Epoch[1] Validation-cross-entropy=23.802105
2023-11-08 13:07:41,629 [INFO]  Epoch[1] Validation-mean_jerk_in_air16-accuracy=0.000000
2023-11-08 13:07:41,634 [INFO]  Epoch[2] Batch [0-4]	Speed: 16199.11 samples/sec	cross-entropy=8.395871	mean_jerk_in_air16-accuracy=4.000000
2023-11-08 13:07:41,637 [INFO]  Epoch[2] Train-cross-entropy=7.050568
2023-11-08 13:07:41,637 [INFO]  Epoch[2] Train-mean_jerk_in_air16-accuracy=3.500000
2023-11-08 13:07:41,637 [INFO]  Epoch[2] Time cost=0.008
2023-11-08 13:07:41,639 [INFO]  Saved checkpoint to "./imputer_model/imputer_model_mean_jerk_in_air16/model-0002.params"
2023-11-08 13:07:41,639 [INFO]  Epoch[2] Validation-cross-entropy=31.374596
2023-11-08 13:07:41,639 [INFO]  Epoch[2] Validation-mean_jerk_in_air16-accuracy=0.000000
2023-11-08 13:07:41,644 [INFO]  Epoch[3] Batch [0-4]	Speed: 17141.47 samples/sec	cross-entropy=4.178558	mean_jerk_in_air16-accuracy=4.000000
2023-11-08 13:07:41,647 [INFO]  Epoch[3] Train-cross-entropy=3.467737
2023-11-08 13:07:41,647 [INFO]  Epoch[3] Train-mean_jerk_in_air16-accuracy=3.500000
2023-11-08 13:07:41,647 [INFO]  Epoch[3] Time cost=0.008
2023-11-08 13:07:41,648 [INFO]  Saved checkpoint to "./imputer_model/imputer_model_mean_jerk_in_air16/model-0003.params"
2023-11-08 13:07:41,648 [INFO]  Epoch[3] Validation-cross-entropy=25.627670
2023-11-08 13:07:41,648 [INFO]  Epoch[3] Validation-mean_jerk_in_air16-accuracy=0.000000
2023-11-08 13:07:41,653 [INFO]  Epoch[4] Batch [0-4]	Speed: 17336.31 samples/sec	cross-entropy=1.485738	mean_jerk_in_air16-accuracy=4.000000
2023-11-08 13:07:41,656 [INFO]  Epoch[4] Train-cross-entropy=1.299756
2023-11-08 13:07:41,656 [INFO]  Epoch[4] Train-mean_jerk_in_air16-accuracy=3.500000
2023-11-08 13:07:41,656 [INFO]  Epoch[4] Time cost=0.008
2023-11-08 13:07:41,657 [INFO]  Saved checkpoint to "./imputer_model/imputer_model_mean_jerk_in_air16/model-0004.params"
2023-11-08 13:07:41,658 [INFO]  Epoch[4] Validation-cross-entropy=21.550879
2023-11-08 13:07:41,658 [INFO]  Epoch[4] Validation-mean_jerk_in_air16-accuracy=0.000000
2023-11-08 13:07:41,658 [INFO]  
========== done (0.05153179168701172 s) fit model
2023-11-08 13:21:06,363 [INFO]  
========== start: fit model
2023-11-08 13:21:06,363 [WARNING]  Already bound, ignoring bind()
2023-11-08 13:21:06,371 [INFO]  Epoch[0] Batch [0-4]	Speed: 13748.29 samples/sec	cross-entropy=11.832775	mean_jerk_in_air16-accuracy=0.000000
2023-11-08 13:21:06,376 [INFO]  Epoch[0] Train-cross-entropy=17.841768
2023-11-08 13:21:06,376 [INFO]  Epoch[0] Train-mean_jerk_in_air16-accuracy=0.000000
2023-11-08 13:21:06,376 [INFO]  Epoch[0] Time cost=0.012
2023-11-08 13:21:06,380 [INFO]  Saved checkpoint to "./imputer_model/imputer_model_mean_jerk_in_air16/model-0000.params"
2023-11-08 13:21:06,381 [INFO]  Epoch[0] Validation-cross-entropy=12.282099
2023-11-08 13:21:06,381 [INFO]  Epoch[0] Validation-mean_jerk_in_air16-accuracy=0.000000
2023-11-08 13:21:06,388 [INFO]  Epoch[1] Batch [0-4]	Speed: 13288.88 samples/sec	cross-entropy=43.996381	mean_jerk_in_air16-accuracy=0.000000
2023-11-08 13:21:06,391 [INFO]  Epoch[1] Train-cross-entropy=35.288452
2023-11-08 13:21:06,391 [INFO]  Epoch[1] Train-mean_jerk_in_air16-accuracy=0.000000
2023-11-08 13:21:06,391 [INFO]  Epoch[1] Time cost=0.010
2023-11-08 13:21:06,394 [INFO]  Saved checkpoint to "./imputer_model/imputer_model_mean_jerk_in_air16/model-0001.params"
2023-11-08 13:21:06,395 [INFO]  Epoch[1] Validation-cross-entropy=8.094560
2023-11-08 13:21:06,395 [INFO]  Epoch[1] Validation-mean_jerk_in_air16-accuracy=0.000000
2023-11-08 13:21:06,400 [INFO]  Epoch[2] Batch [0-4]	Speed: 16758.36 samples/sec	cross-entropy=8.768903	mean_jerk_in_air16-accuracy=0.000000
2023-11-08 13:21:06,403 [INFO]  Epoch[2] Train-cross-entropy=7.492209
2023-11-08 13:21:06,403 [INFO]  Epoch[2] Train-mean_jerk_in_air16-accuracy=0.000000
2023-11-08 13:21:06,403 [INFO]  Epoch[2] Time cost=0.008
2023-11-08 13:21:06,404 [INFO]  Saved checkpoint to "./imputer_model/imputer_model_mean_jerk_in_air16/model-0002.params"
2023-11-08 13:21:06,405 [INFO]  Epoch[2] Validation-cross-entropy=6.962070
2023-11-08 13:21:06,405 [INFO]  Epoch[2] Validation-mean_jerk_in_air16-accuracy=0.000000
2023-11-08 13:21:06,410 [INFO]  Epoch[3] Batch [0-4]	Speed: 16009.75 samples/sec	cross-entropy=5.533721	mean_jerk_in_air16-accuracy=0.000000
2023-11-08 13:21:06,413 [INFO]  Epoch[3] Train-cross-entropy=4.341642
2023-11-08 13:21:06,413 [INFO]  Epoch[3] Train-mean_jerk_in_air16-accuracy=0.000000
2023-11-08 13:21:06,413 [INFO]  Epoch[3] Time cost=0.008
2023-11-08 13:21:06,415 [INFO]  Saved checkpoint to "./imputer_model/imputer_model_mean_jerk_in_air16/model-0003.params"
2023-11-08 13:21:06,415 [INFO]  Epoch[3] Validation-cross-entropy=7.194158
2023-11-08 13:21:06,415 [INFO]  Epoch[3] Validation-mean_jerk_in_air16-accuracy=0.000000
2023-11-08 13:21:06,420 [INFO]  Epoch[4] Batch [0-4]	Speed: 16438.18 samples/sec	cross-entropy=2.002471	mean_jerk_in_air16-accuracy=0.000000
2023-11-08 13:21:06,423 [INFO]  Epoch[4] Train-cross-entropy=1.885060
2023-11-08 13:21:06,423 [INFO]  Epoch[4] Train-mean_jerk_in_air16-accuracy=0.000000
2023-11-08 13:21:06,423 [INFO]  Epoch[4] Time cost=0.008
2023-11-08 13:21:06,424 [INFO]  Saved checkpoint to "./imputer_model/imputer_model_mean_jerk_in_air16/model-0004.params"
2023-11-08 13:21:06,425 [INFO]  Epoch[4] Validation-cross-entropy=6.054403
2023-11-08 13:21:06,425 [INFO]  Epoch[4] Validation-mean_jerk_in_air16-accuracy=0.000000
2023-11-08 13:21:06,425 [INFO]  
========== done (0.06175422668457031 s) fit model
2023-11-08 13:34:26,923 [INFO]  
========== start: fit model
2023-11-08 13:34:26,923 [WARNING]  Already bound, ignoring bind()
2023-11-08 13:34:26,930 [INFO]  Epoch[0] Batch [0-4]	Speed: 13973.01 samples/sec	cross-entropy=13.846191	mean_jerk_in_air16-accuracy=0.000000
2023-11-08 13:34:26,934 [INFO]  Epoch[0] Train-cross-entropy=18.186830
2023-11-08 13:34:26,934 [INFO]  Epoch[0] Train-mean_jerk_in_air16-accuracy=0.000000
2023-11-08 13:34:26,934 [INFO]  Epoch[0] Time cost=0.011
2023-11-08 13:34:26,938 [INFO]  Saved checkpoint to "./imputer_model/imputer_model_mean_jerk_in_air16/model-0000.params"
2023-11-08 13:34:26,939 [INFO]  Epoch[0] Validation-cross-entropy=18.182274
2023-11-08 13:34:26,939 [INFO]  Epoch[0] Validation-mean_jerk_in_air16-accuracy=0.000000
2023-11-08 13:34:26,946 [INFO]  Epoch[1] Batch [0-4]	Speed: 10944.04 samples/sec	cross-entropy=44.103442	mean_jerk_in_air16-accuracy=0.000000
2023-11-08 13:34:26,950 [INFO]  Epoch[1] Train-cross-entropy=32.356887
2023-11-08 13:34:26,950 [INFO]  Epoch[1] Train-mean_jerk_in_air16-accuracy=0.000000
2023-11-08 13:34:26,950 [INFO]  Epoch[1] Time cost=0.011
2023-11-08 13:34:26,952 [INFO]  Saved checkpoint to "./imputer_model/imputer_model_mean_jerk_in_air16/model-0001.params"
2023-11-08 13:34:26,953 [INFO]  Epoch[1] Validation-cross-entropy=20.082617
2023-11-08 13:34:26,953 [INFO]  Epoch[1] Validation-mean_jerk_in_air16-accuracy=0.000000
2023-11-08 13:34:26,958 [INFO]  Epoch[2] Batch [0-4]	Speed: 16783.51 samples/sec	cross-entropy=5.206136	mean_jerk_in_air16-accuracy=0.000000
2023-11-08 13:34:26,961 [INFO]  Epoch[2] Train-cross-entropy=5.092959
2023-11-08 13:34:26,961 [INFO]  Epoch[2] Train-mean_jerk_in_air16-accuracy=0.000000
2023-11-08 13:34:26,961 [INFO]  Epoch[2] Time cost=0.008
2023-11-08 13:34:26,962 [INFO]  Saved checkpoint to "./imputer_model/imputer_model_mean_jerk_in_air16/model-0002.params"
2023-11-08 13:34:26,963 [INFO]  Epoch[2] Validation-cross-entropy=6.323629
2023-11-08 13:34:26,963 [INFO]  Epoch[2] Validation-mean_jerk_in_air16-accuracy=0.000000
2023-11-08 13:34:26,967 [INFO]  Epoch[3] Batch [0-4]	Speed: 17807.85 samples/sec	cross-entropy=3.552511	mean_jerk_in_air16-accuracy=0.000000
2023-11-08 13:34:26,971 [INFO]  Epoch[3] Train-cross-entropy=3.844326
2023-11-08 13:34:26,971 [INFO]  Epoch[3] Train-mean_jerk_in_air16-accuracy=0.000000
2023-11-08 13:34:26,971 [INFO]  Epoch[3] Time cost=0.009
2023-11-08 13:34:26,974 [INFO]  Saved checkpoint to "./imputer_model/imputer_model_mean_jerk_in_air16/model-0003.params"
2023-11-08 13:34:26,975 [INFO]  Epoch[3] Validation-cross-entropy=11.445355
2023-11-08 13:34:26,975 [INFO]  Epoch[3] Validation-mean_jerk_in_air16-accuracy=0.000000
2023-11-08 13:34:26,980 [INFO]  Epoch[4] Batch [0-4]	Speed: 15573.21 samples/sec	cross-entropy=1.478514	mean_jerk_in_air16-accuracy=0.000000
2023-11-08 13:34:26,983 [INFO]  Epoch[4] Train-cross-entropy=1.659625
2023-11-08 13:34:26,983 [INFO]  Epoch[4] Train-mean_jerk_in_air16-accuracy=0.000000
2023-11-08 13:34:26,983 [INFO]  Epoch[4] Time cost=0.008
2023-11-08 13:34:26,985 [INFO]  Saved checkpoint to "./imputer_model/imputer_model_mean_jerk_in_air16/model-0004.params"
2023-11-08 13:34:26,986 [INFO]  Epoch[4] Validation-cross-entropy=5.204351
2023-11-08 13:34:26,986 [INFO]  Epoch[4] Validation-mean_jerk_in_air16-accuracy=0.000000
2023-11-08 13:34:26,986 [INFO]  
========== done (0.06330490112304688 s) fit model
2023-11-08 13:47:46,992 [INFO]  
========== start: fit model
2023-11-08 13:47:46,992 [WARNING]  Already bound, ignoring bind()
2023-11-08 13:47:47,001 [INFO]  Epoch[0] Batch [0-4]	Speed: 9969.38 samples/sec	cross-entropy=24.746892	mean_jerk_in_air16-accuracy=3.400000
2023-11-08 13:47:47,006 [INFO]  Epoch[0] Train-cross-entropy=25.938568
2023-11-08 13:47:47,006 [INFO]  Epoch[0] Train-mean_jerk_in_air16-accuracy=3.500000
2023-11-08 13:47:47,006 [INFO]  Epoch[0] Time cost=0.013
2023-11-08 13:47:47,009 [INFO]  Saved checkpoint to "./imputer_model/imputer_model_mean_jerk_in_air16/model-0000.params"
2023-11-08 13:47:47,009 [INFO]  Epoch[0] Validation-cross-entropy=22.035082
2023-11-08 13:47:47,010 [INFO]  Epoch[0] Validation-mean_jerk_in_air16-accuracy=0.000000
2023-11-08 13:47:47,015 [INFO]  Epoch[1] Batch [0-4]	Speed: 15323.41 samples/sec	cross-entropy=45.953251	mean_jerk_in_air16-accuracy=3.400000
2023-11-08 13:47:47,018 [INFO]  Epoch[1] Train-cross-entropy=35.482842
2023-11-08 13:47:47,019 [INFO]  Epoch[1] Train-mean_jerk_in_air16-accuracy=3.500000
2023-11-08 13:47:47,019 [INFO]  Epoch[1] Time cost=0.009
2023-11-08 13:47:47,020 [INFO]  Saved checkpoint to "./imputer_model/imputer_model_mean_jerk_in_air16/model-0001.params"
2023-11-08 13:47:47,021 [INFO]  Epoch[1] Validation-cross-entropy=14.123306
2023-11-08 13:47:47,021 [INFO]  Epoch[1] Validation-mean_jerk_in_air16-accuracy=0.000000
2023-11-08 13:47:47,025 [INFO]  Epoch[2] Batch [0-4]	Speed: 20020.54 samples/sec	cross-entropy=14.236972	mean_jerk_in_air16-accuracy=3.400000
2023-11-08 13:47:47,028 [INFO]  Epoch[2] Train-cross-entropy=10.969307
2023-11-08 13:47:47,028 [INFO]  Epoch[2] Train-mean_jerk_in_air16-accuracy=3.500000
2023-11-08 13:47:47,028 [INFO]  Epoch[2] Time cost=0.007
2023-11-08 13:47:47,029 [INFO]  Saved checkpoint to "./imputer_model/imputer_model_mean_jerk_in_air16/model-0002.params"
2023-11-08 13:47:47,030 [INFO]  Epoch[2] Validation-cross-entropy=18.114697
2023-11-08 13:47:47,030 [INFO]  Epoch[2] Validation-mean_jerk_in_air16-accuracy=0.000000
2023-11-08 13:47:47,034 [INFO]  Epoch[3] Batch [0-4]	Speed: 19608.14 samples/sec	cross-entropy=6.618447	mean_jerk_in_air16-accuracy=3.400000
2023-11-08 13:47:47,036 [INFO]  Epoch[3] Train-cross-entropy=4.987930
2023-11-08 13:47:47,037 [INFO]  Epoch[3] Train-mean_jerk_in_air16-accuracy=3.500000
2023-11-08 13:47:47,037 [INFO]  Epoch[3] Time cost=0.007
2023-11-08 13:47:47,038 [INFO]  Saved checkpoint to "./imputer_model/imputer_model_mean_jerk_in_air16/model-0003.params"
2023-11-08 13:47:47,038 [INFO]  Epoch[3] Validation-cross-entropy=16.582464
2023-11-08 13:47:47,038 [INFO]  Epoch[3] Validation-mean_jerk_in_air16-accuracy=0.000000
2023-11-08 13:47:47,043 [INFO]  Epoch[4] Batch [0-4]	Speed: 17916.00 samples/sec	cross-entropy=1.688369	mean_jerk_in_air16-accuracy=3.400000
2023-11-08 13:47:47,045 [INFO]  Epoch[4] Train-cross-entropy=1.968407
2023-11-08 13:47:47,045 [INFO]  Epoch[4] Train-mean_jerk_in_air16-accuracy=3.500000
2023-11-08 13:47:47,045 [INFO]  Epoch[4] Time cost=0.007
2023-11-08 13:47:47,047 [INFO]  Saved checkpoint to "./imputer_model/imputer_model_mean_jerk_in_air16/model-0004.params"
2023-11-08 13:47:47,047 [INFO]  Epoch[4] Validation-cross-entropy=16.637087
2023-11-08 13:47:47,047 [INFO]  Epoch[4] Validation-mean_jerk_in_air16-accuracy=0.000000
2023-11-08 13:47:47,047 [INFO]  
========== done (0.0552065372467041 s) fit model
2023-11-08 14:01:09,631 [INFO]  
========== start: fit model
2023-11-08 14:01:09,631 [WARNING]  Already bound, ignoring bind()
2023-11-08 14:01:09,638 [INFO]  Epoch[0] Batch [0-4]	Speed: 13907.85 samples/sec	cross-entropy=14.218121	mean_jerk_in_air16-accuracy=0.000000
2023-11-08 14:01:09,641 [INFO]  Epoch[0] Train-cross-entropy=18.671110
2023-11-08 14:01:09,641 [INFO]  Epoch[0] Train-mean_jerk_in_air16-accuracy=0.000000
2023-11-08 14:01:09,641 [INFO]  Epoch[0] Time cost=0.010
2023-11-08 14:01:09,643 [INFO]  Saved checkpoint to "./imputer_model/imputer_model_mean_jerk_in_air16/model-0000.params"
2023-11-08 14:01:09,643 [INFO]  Epoch[0] Validation-cross-entropy=25.381971
2023-11-08 14:01:09,643 [INFO]  Epoch[0] Validation-mean_jerk_in_air16-accuracy=0.000000
2023-11-08 14:01:09,649 [INFO]  Epoch[1] Batch [0-4]	Speed: 15688.81 samples/sec	cross-entropy=43.531826	mean_jerk_in_air16-accuracy=0.000000
2023-11-08 14:01:09,654 [INFO]  Epoch[1] Train-cross-entropy=34.714610
2023-11-08 14:01:09,654 [INFO]  Epoch[1] Train-mean_jerk_in_air16-accuracy=0.000000
2023-11-08 14:01:09,654 [INFO]  Epoch[1] Time cost=0.011
2023-11-08 14:01:09,658 [INFO]  Saved checkpoint to "./imputer_model/imputer_model_mean_jerk_in_air16/model-0001.params"
2023-11-08 14:01:09,659 [INFO]  Epoch[1] Validation-cross-entropy=30.412157
2023-11-08 14:01:09,659 [INFO]  Epoch[1] Validation-mean_jerk_in_air16-accuracy=0.000000
2023-11-08 14:01:09,667 [INFO]  Epoch[2] Batch [0-4]	Speed: 11098.80 samples/sec	cross-entropy=6.750737	mean_jerk_in_air16-accuracy=0.000000
2023-11-08 14:01:09,671 [INFO]  Epoch[2] Train-cross-entropy=6.271513
2023-11-08 14:01:09,671 [INFO]  Epoch[2] Train-mean_jerk_in_air16-accuracy=0.000000
2023-11-08 14:01:09,671 [INFO]  Epoch[2] Time cost=0.012
2023-11-08 14:01:09,674 [INFO]  Saved checkpoint to "./imputer_model/imputer_model_mean_jerk_in_air16/model-0002.params"
2023-11-08 14:01:09,674 [INFO]  Epoch[2] Validation-cross-entropy=16.883545
2023-11-08 14:01:09,674 [INFO]  Epoch[2] Validation-mean_jerk_in_air16-accuracy=0.000000
2023-11-08 14:01:09,681 [INFO]  Epoch[3] Batch [0-4]	Speed: 12766.23 samples/sec	cross-entropy=3.993381	mean_jerk_in_air16-accuracy=0.000000
2023-11-08 14:01:09,685 [INFO]  Epoch[3] Train-cross-entropy=2.988799
2023-11-08 14:01:09,685 [INFO]  Epoch[3] Train-mean_jerk_in_air16-accuracy=0.000000
2023-11-08 14:01:09,685 [INFO]  Epoch[3] Time cost=0.010
2023-11-08 14:01:09,686 [INFO]  Saved checkpoint to "./imputer_model/imputer_model_mean_jerk_in_air16/model-0003.params"
2023-11-08 14:01:09,687 [INFO]  Epoch[3] Validation-cross-entropy=21.776423
2023-11-08 14:01:09,687 [INFO]  Epoch[3] Validation-mean_jerk_in_air16-accuracy=0.000000
2023-11-08 14:01:09,694 [INFO]  Epoch[4] Batch [0-4]	Speed: 12297.76 samples/sec	cross-entropy=1.274174	mean_jerk_in_air16-accuracy=0.000000
2023-11-08 14:01:09,698 [INFO]  Epoch[4] Train-cross-entropy=1.162171
2023-11-08 14:01:09,698 [INFO]  Epoch[4] Train-mean_jerk_in_air16-accuracy=0.000000
2023-11-08 14:01:09,698 [INFO]  Epoch[4] Time cost=0.011
2023-11-08 14:01:09,701 [INFO]  Saved checkpoint to "./imputer_model/imputer_model_mean_jerk_in_air16/model-0004.params"
2023-11-08 14:01:09,702 [INFO]  Epoch[4] Validation-cross-entropy=19.751997
2023-11-08 14:01:09,702 [INFO]  Epoch[4] Validation-mean_jerk_in_air16-accuracy=0.000000
2023-11-08 14:01:09,702 [INFO]  
========== done (0.07131528854370117 s) fit model
2023-11-08 14:14:35,176 [INFO]  
========== start: fit model
2023-11-08 14:14:35,176 [WARNING]  Already bound, ignoring bind()
2023-11-08 14:14:35,185 [INFO]  Epoch[0] Batch [0-4]	Speed: 9585.61 samples/sec	cross-entropy=20.578511	mean_jerk_in_air16-accuracy=0.000000
2023-11-08 14:14:35,191 [INFO]  Epoch[0] Train-cross-entropy=20.088383
2023-11-08 14:14:35,191 [INFO]  Epoch[0] Train-mean_jerk_in_air16-accuracy=0.000000
2023-11-08 14:14:35,191 [INFO]  Epoch[0] Time cost=0.014
2023-11-08 14:14:35,194 [INFO]  Saved checkpoint to "./imputer_model/imputer_model_mean_jerk_in_air16/model-0000.params"
2023-11-08 14:14:35,195 [INFO]  Epoch[0] Validation-cross-entropy=4.080043
2023-11-08 14:14:35,195 [INFO]  Epoch[0] Validation-mean_jerk_in_air16-accuracy=0.000000
2023-11-08 14:14:35,202 [INFO]  Epoch[1] Batch [0-4]	Speed: 12162.91 samples/sec	cross-entropy=26.086547	mean_jerk_in_air16-accuracy=0.000000
2023-11-08 14:14:35,206 [INFO]  Epoch[1] Train-cross-entropy=25.762679
2023-11-08 14:14:35,206 [INFO]  Epoch[1] Train-mean_jerk_in_air16-accuracy=0.000000
2023-11-08 14:14:35,206 [INFO]  Epoch[1] Time cost=0.011
2023-11-08 14:14:35,208 [INFO]  Saved checkpoint to "./imputer_model/imputer_model_mean_jerk_in_air16/model-0001.params"
2023-11-08 14:14:35,209 [INFO]  Epoch[1] Validation-cross-entropy=7.373786
2023-11-08 14:14:35,209 [INFO]  Epoch[1] Validation-mean_jerk_in_air16-accuracy=0.000000
2023-11-08 14:14:35,215 [INFO]  Epoch[2] Batch [0-4]	Speed: 13394.98 samples/sec	cross-entropy=5.263578	mean_jerk_in_air16-accuracy=0.000000
2023-11-08 14:14:35,218 [INFO]  Epoch[2] Train-cross-entropy=13.767374
2023-11-08 14:14:35,218 [INFO]  Epoch[2] Train-mean_jerk_in_air16-accuracy=0.000000
2023-11-08 14:14:35,218 [INFO]  Epoch[2] Time cost=0.010
2023-11-08 14:14:35,220 [INFO]  Saved checkpoint to "./imputer_model/imputer_model_mean_jerk_in_air16/model-0002.params"
2023-11-08 14:14:35,220 [INFO]  Epoch[2] Validation-cross-entropy=2.697263
2023-11-08 14:14:35,220 [INFO]  Epoch[2] Validation-mean_jerk_in_air16-accuracy=0.000000
2023-11-08 14:14:35,226 [INFO]  Epoch[3] Batch [0-4]	Speed: 14347.93 samples/sec	cross-entropy=4.284072	mean_jerk_in_air16-accuracy=0.000000
2023-11-08 14:14:35,230 [INFO]  Epoch[3] Train-cross-entropy=3.465528
2023-11-08 14:14:35,230 [INFO]  Epoch[3] Train-mean_jerk_in_air16-accuracy=0.000000
2023-11-08 14:14:35,230 [INFO]  Epoch[3] Time cost=0.009
2023-11-08 14:14:35,231 [INFO]  Saved checkpoint to "./imputer_model/imputer_model_mean_jerk_in_air16/model-0003.params"
2023-11-08 14:14:35,232 [INFO]  Epoch[3] Validation-cross-entropy=2.394714
2023-11-08 14:14:35,232 [INFO]  Epoch[3] Validation-mean_jerk_in_air16-accuracy=0.000000
2023-11-08 14:14:35,238 [INFO]  Epoch[4] Batch [0-4]	Speed: 14021.91 samples/sec	cross-entropy=2.823513	mean_jerk_in_air16-accuracy=0.000000
2023-11-08 14:14:35,241 [INFO]  Epoch[4] Train-cross-entropy=2.125396
2023-11-08 14:14:35,241 [INFO]  Epoch[4] Train-mean_jerk_in_air16-accuracy=0.000000
2023-11-08 14:14:35,241 [INFO]  Epoch[4] Time cost=0.009
2023-11-08 14:14:35,243 [INFO]  Saved checkpoint to "./imputer_model/imputer_model_mean_jerk_in_air16/model-0004.params"
2023-11-08 14:14:35,243 [INFO]  Epoch[4] Validation-cross-entropy=2.850222
2023-11-08 14:14:35,243 [INFO]  Epoch[4] Validation-mean_jerk_in_air16-accuracy=0.000000
2023-11-08 14:14:35,243 [INFO]  
========== done (0.06718587875366211 s) fit model
2023-11-08 14:28:11,642 [INFO]  
========== start: fit model
2023-11-08 14:28:11,642 [WARNING]  Already bound, ignoring bind()
2023-11-08 14:28:11,650 [INFO]  Epoch[0] Batch [0-4]	Speed: 11631.66 samples/sec	cross-entropy=18.901031	mean_jerk_in_air16-accuracy=0.000000
2023-11-08 14:28:11,655 [INFO]  Epoch[0] Train-cross-entropy=20.102226
2023-11-08 14:28:11,655 [INFO]  Epoch[0] Train-mean_jerk_in_air16-accuracy=0.000000
2023-11-08 14:28:11,655 [INFO]  Epoch[0] Time cost=0.012
2023-11-08 14:28:11,659 [INFO]  Saved checkpoint to "./imputer_model/imputer_model_mean_jerk_in_air16/model-0000.params"
2023-11-08 14:28:11,659 [INFO]  Epoch[0] Validation-cross-entropy=15.229761
2023-11-08 14:28:11,660 [INFO]  Epoch[0] Validation-mean_jerk_in_air16-accuracy=0.000000
2023-11-08 14:28:11,666 [INFO]  Epoch[1] Batch [0-4]	Speed: 14083.71 samples/sec	cross-entropy=27.855897	mean_jerk_in_air16-accuracy=0.000000
2023-11-08 14:28:11,669 [INFO]  Epoch[1] Train-cross-entropy=23.266895
2023-11-08 14:28:11,670 [INFO]  Epoch[1] Train-mean_jerk_in_air16-accuracy=0.000000
2023-11-08 14:28:11,670 [INFO]  Epoch[1] Time cost=0.010
2023-11-08 14:28:11,672 [INFO]  Saved checkpoint to "./imputer_model/imputer_model_mean_jerk_in_air16/model-0001.params"
2023-11-08 14:28:11,672 [INFO]  Epoch[1] Validation-cross-entropy=41.031174
2023-11-08 14:28:11,673 [INFO]  Epoch[1] Validation-mean_jerk_in_air16-accuracy=0.000000
2023-11-08 14:28:11,678 [INFO]  Epoch[2] Batch [0-4]	Speed: 16670.94 samples/sec	cross-entropy=6.214665	mean_jerk_in_air16-accuracy=0.000000
2023-11-08 14:28:11,680 [INFO]  Epoch[2] Train-cross-entropy=6.530417
2023-11-08 14:28:11,681 [INFO]  Epoch[2] Train-mean_jerk_in_air16-accuracy=0.000000
2023-11-08 14:28:11,681 [INFO]  Epoch[2] Time cost=0.008
2023-11-08 14:28:11,682 [INFO]  Saved checkpoint to "./imputer_model/imputer_model_mean_jerk_in_air16/model-0002.params"
2023-11-08 14:28:11,683 [INFO]  Epoch[2] Validation-cross-entropy=18.797247
2023-11-08 14:28:11,683 [INFO]  Epoch[2] Validation-mean_jerk_in_air16-accuracy=0.000000
2023-11-08 14:28:11,687 [INFO]  Epoch[3] Batch [0-4]	Speed: 16753.13 samples/sec	cross-entropy=3.266416	mean_jerk_in_air16-accuracy=0.000000
2023-11-08 14:28:11,691 [INFO]  Epoch[3] Train-cross-entropy=3.895257
2023-11-08 14:28:11,691 [INFO]  Epoch[3] Train-mean_jerk_in_air16-accuracy=0.000000
2023-11-08 14:28:11,691 [INFO]  Epoch[3] Time cost=0.009
2023-11-08 14:28:11,694 [INFO]  Saved checkpoint to "./imputer_model/imputer_model_mean_jerk_in_air16/model-0003.params"
2023-11-08 14:28:11,695 [INFO]  Epoch[3] Validation-cross-entropy=6.760856
2023-11-08 14:28:11,695 [INFO]  Epoch[3] Validation-mean_jerk_in_air16-accuracy=0.000000
2023-11-08 14:28:11,700 [INFO]  Epoch[4] Batch [0-4]	Speed: 15507.54 samples/sec	cross-entropy=1.288152	mean_jerk_in_air16-accuracy=0.000000
2023-11-08 14:28:11,703 [INFO]  Epoch[4] Train-cross-entropy=1.454961
2023-11-08 14:28:11,703 [INFO]  Epoch[4] Train-mean_jerk_in_air16-accuracy=0.000000
2023-11-08 14:28:11,703 [INFO]  Epoch[4] Time cost=0.008
2023-11-08 14:28:11,705 [INFO]  Saved checkpoint to "./imputer_model/imputer_model_mean_jerk_in_air16/model-0004.params"
2023-11-08 14:28:11,706 [INFO]  Epoch[4] Validation-cross-entropy=12.969793
2023-11-08 14:28:11,706 [INFO]  Epoch[4] Validation-mean_jerk_in_air16-accuracy=0.000000
2023-11-08 14:28:11,706 [INFO]  
========== done (0.06347537040710449 s) fit model
2023-11-08 14:42:15,220 [INFO]  
========== start: fit model
2023-11-08 14:42:15,220 [WARNING]  Already bound, ignoring bind()
2023-11-08 14:42:15,227 [INFO]  Epoch[0] Batch [0-4]	Speed: 13743.37 samples/sec	cross-entropy=27.198847	mean_jerk_in_air16-accuracy=0.000000
2023-11-08 14:42:15,232 [INFO]  Epoch[0] Train-cross-entropy=23.244821
2023-11-08 14:42:15,232 [INFO]  Epoch[0] Train-mean_jerk_in_air16-accuracy=0.000000
2023-11-08 14:42:15,232 [INFO]  Epoch[0] Time cost=0.012
2023-11-08 14:42:15,236 [INFO]  Saved checkpoint to "./imputer_model/imputer_model_mean_jerk_in_air16/model-0000.params"
2023-11-08 14:42:15,237 [INFO]  Epoch[0] Validation-cross-entropy=34.611073
2023-11-08 14:42:15,237 [INFO]  Epoch[0] Validation-mean_jerk_in_air16-accuracy=0.000000
2023-11-08 14:42:15,244 [INFO]  Epoch[1] Batch [0-4]	Speed: 11906.12 samples/sec	cross-entropy=42.299091	mean_jerk_in_air16-accuracy=0.000000
2023-11-08 14:42:15,248 [INFO]  Epoch[1] Train-cross-entropy=32.462537
2023-11-08 14:42:15,248 [INFO]  Epoch[1] Train-mean_jerk_in_air16-accuracy=0.000000
2023-11-08 14:42:15,249 [INFO]  Epoch[1] Time cost=0.012
2023-11-08 14:42:15,251 [INFO]  Saved checkpoint to "./imputer_model/imputer_model_mean_jerk_in_air16/model-0001.params"
2023-11-08 14:42:15,252 [INFO]  Epoch[1] Validation-cross-entropy=30.383602
2023-11-08 14:42:15,252 [INFO]  Epoch[1] Validation-mean_jerk_in_air16-accuracy=0.000000
2023-11-08 14:42:15,258 [INFO]  Epoch[2] Batch [0-4]	Speed: 13818.36 samples/sec	cross-entropy=12.630514	mean_jerk_in_air16-accuracy=0.000000
2023-11-08 14:42:15,262 [INFO]  Epoch[2] Train-cross-entropy=10.494530
2023-11-08 14:42:15,262 [INFO]  Epoch[2] Train-mean_jerk_in_air16-accuracy=0.000000
2023-11-08 14:42:15,262 [INFO]  Epoch[2] Time cost=0.010
2023-11-08 14:42:15,263 [INFO]  Saved checkpoint to "./imputer_model/imputer_model_mean_jerk_in_air16/model-0002.params"
2023-11-08 14:42:15,264 [INFO]  Epoch[2] Validation-cross-entropy=14.252538
2023-11-08 14:42:15,264 [INFO]  Epoch[2] Validation-mean_jerk_in_air16-accuracy=0.000000
2023-11-08 14:42:15,270 [INFO]  Epoch[3] Batch [0-4]	Speed: 13912.18 samples/sec	cross-entropy=3.614379	mean_jerk_in_air16-accuracy=0.000000
2023-11-08 14:42:15,274 [INFO]  Epoch[3] Train-cross-entropy=3.048953
2023-11-08 14:42:15,274 [INFO]  Epoch[3] Train-mean_jerk_in_air16-accuracy=0.000000
2023-11-08 14:42:15,274 [INFO]  Epoch[3] Time cost=0.010
2023-11-08 14:42:15,276 [INFO]  Saved checkpoint to "./imputer_model/imputer_model_mean_jerk_in_air16/model-0003.params"
2023-11-08 14:42:15,276 [INFO]  Epoch[3] Validation-cross-entropy=14.782318
2023-11-08 14:42:15,276 [INFO]  Epoch[3] Validation-mean_jerk_in_air16-accuracy=0.000000
2023-11-08 14:42:15,282 [INFO]  Epoch[4] Batch [0-4]	Speed: 13921.56 samples/sec	cross-entropy=2.516831	mean_jerk_in_air16-accuracy=0.000000
2023-11-08 14:42:15,286 [INFO]  Epoch[4] Train-cross-entropy=1.882014
2023-11-08 14:42:15,286 [INFO]  Epoch[4] Train-mean_jerk_in_air16-accuracy=0.000000
2023-11-08 14:42:15,286 [INFO]  Epoch[4] Time cost=0.010
2023-11-08 14:42:15,288 [INFO]  Saved checkpoint to "./imputer_model/imputer_model_mean_jerk_in_air16/model-0004.params"
2023-11-08 14:42:15,288 [INFO]  Epoch[4] Validation-cross-entropy=13.420629
2023-11-08 14:42:15,288 [INFO]  Epoch[4] Validation-mean_jerk_in_air16-accuracy=0.000000
2023-11-08 14:42:15,288 [INFO]  
========== done (0.06883740425109863 s) fit model
2023-11-08 14:56:20,161 [INFO]  
========== start: fit model
2023-11-08 14:56:20,161 [WARNING]  Already bound, ignoring bind()
2023-11-08 14:56:20,171 [INFO]  Epoch[0] Batch [0-4]	Speed: 9441.98 samples/sec	cross-entropy=20.375658	mean_jerk_in_air16-accuracy=0.000000
2023-11-08 14:56:20,177 [INFO]  Epoch[0] Train-cross-entropy=21.658365
2023-11-08 14:56:20,177 [INFO]  Epoch[0] Train-mean_jerk_in_air16-accuracy=0.000000
2023-11-08 14:56:20,177 [INFO]  Epoch[0] Time cost=0.015
2023-11-08 14:56:20,180 [INFO]  Saved checkpoint to "./imputer_model/imputer_model_mean_jerk_in_air16/model-0000.params"
2023-11-08 14:56:20,181 [INFO]  Epoch[0] Validation-cross-entropy=6.989930
2023-11-08 14:56:20,181 [INFO]  Epoch[0] Validation-mean_jerk_in_air16-accuracy=0.000000
2023-11-08 14:56:20,188 [INFO]  Epoch[1] Batch [0-4]	Speed: 12228.29 samples/sec	cross-entropy=33.389557	mean_jerk_in_air16-accuracy=0.000000
2023-11-08 14:56:20,192 [INFO]  Epoch[1] Train-cross-entropy=29.402528
2023-11-08 14:56:20,192 [INFO]  Epoch[1] Train-mean_jerk_in_air16-accuracy=0.000000
2023-11-08 14:56:20,192 [INFO]  Epoch[1] Time cost=0.011
2023-11-08 14:56:20,194 [INFO]  Saved checkpoint to "./imputer_model/imputer_model_mean_jerk_in_air16/model-0001.params"
2023-11-08 14:56:20,195 [INFO]  Epoch[1] Validation-cross-entropy=6.279001
2023-11-08 14:56:20,195 [INFO]  Epoch[1] Validation-mean_jerk_in_air16-accuracy=0.000000
2023-11-08 14:56:20,201 [INFO]  Epoch[2] Batch [0-4]	Speed: 14114.07 samples/sec	cross-entropy=7.038122	mean_jerk_in_air16-accuracy=0.000000
2023-11-08 14:56:20,204 [INFO]  Epoch[2] Train-cross-entropy=6.415361
2023-11-08 14:56:20,205 [INFO]  Epoch[2] Train-mean_jerk_in_air16-accuracy=0.000000
2023-11-08 14:56:20,205 [INFO]  Epoch[2] Time cost=0.010
2023-11-08 14:56:20,206 [INFO]  Saved checkpoint to "./imputer_model/imputer_model_mean_jerk_in_air16/model-0002.params"
2023-11-08 14:56:20,207 [INFO]  Epoch[2] Validation-cross-entropy=3.190772
2023-11-08 14:56:20,207 [INFO]  Epoch[2] Validation-mean_jerk_in_air16-accuracy=0.000000
2023-11-08 14:56:20,213 [INFO]  Epoch[3] Batch [0-4]	Speed: 14431.24 samples/sec	cross-entropy=2.906570	mean_jerk_in_air16-accuracy=0.000000
2023-11-08 14:56:20,216 [INFO]  Epoch[3] Train-cross-entropy=2.868486
2023-11-08 14:56:20,216 [INFO]  Epoch[3] Train-mean_jerk_in_air16-accuracy=0.000000
2023-11-08 14:56:20,216 [INFO]  Epoch[3] Time cost=0.009
2023-11-08 14:56:20,218 [INFO]  Saved checkpoint to "./imputer_model/imputer_model_mean_jerk_in_air16/model-0003.params"
2023-11-08 14:56:20,218 [INFO]  Epoch[3] Validation-cross-entropy=7.619826
2023-11-08 14:56:20,218 [INFO]  Epoch[3] Validation-mean_jerk_in_air16-accuracy=0.000000
2023-11-08 14:56:20,223 [INFO]  Epoch[4] Batch [0-4]	Speed: 18669.87 samples/sec	cross-entropy=1.352764	mean_jerk_in_air16-accuracy=0.000000
2023-11-08 14:56:20,225 [INFO]  Epoch[4] Train-cross-entropy=1.206814
2023-11-08 14:56:20,225 [INFO]  Epoch[4] Train-mean_jerk_in_air16-accuracy=0.000000
2023-11-08 14:56:20,225 [INFO]  Epoch[4] Time cost=0.007
2023-11-08 14:56:20,227 [INFO]  Saved checkpoint to "./imputer_model/imputer_model_mean_jerk_in_air16/model-0004.params"
2023-11-08 14:56:20,228 [INFO]  Epoch[4] Validation-cross-entropy=7.052227
2023-11-08 14:56:20,228 [INFO]  Epoch[4] Validation-mean_jerk_in_air16-accuracy=0.000000
2023-11-08 14:56:20,228 [INFO]  
========== done (0.06676340103149414 s) fit model
