2024-02-02 16:15:22,297 [INFO]  
========== start: fit model
2024-02-02 16:15:22,298 [WARNING]  Already bound, ignoring bind()
2024-02-02 16:15:22,304 [INFO]  Epoch[0] Batch [0-7]	Speed: 22876.16 samples/sec	cross-entropy=18.654431	cp-accuracy=2.625000
2024-02-02 16:15:22,309 [INFO]  Epoch[0] Train-cross-entropy=15.617442
2024-02-02 16:15:22,309 [INFO]  Epoch[0] Train-cp-accuracy=2.642857
2024-02-02 16:15:22,309 [INFO]  Epoch[0] Time cost=0.011
2024-02-02 16:15:22,310 [INFO]  Saved checkpoint to "./imputer_model/imputer_model_cp/model-0000.params"
2024-02-02 16:15:22,311 [INFO]  Epoch[0] Validation-cross-entropy=10.061235
2024-02-02 16:15:22,311 [INFO]  Epoch[0] Validation-cp-accuracy=0.000000
2024-02-02 16:15:22,321 [INFO]  Epoch[1] Batch [0-7]	Speed: 15552.97 samples/sec	cross-entropy=5.103757	cp-accuracy=2.625000
2024-02-02 16:15:22,326 [INFO]  Epoch[1] Train-cross-entropy=4.606922
2024-02-02 16:15:22,326 [INFO]  Epoch[1] Train-cp-accuracy=2.642857
2024-02-02 16:15:22,326 [INFO]  Epoch[1] Time cost=0.015
2024-02-02 16:15:22,328 [INFO]  Saved checkpoint to "./imputer_model/imputer_model_cp/model-0001.params"
2024-02-02 16:15:22,329 [INFO]  Epoch[1] Validation-cross-entropy=2.054720
2024-02-02 16:15:22,329 [INFO]  Epoch[1] Validation-cp-accuracy=0.000000
2024-02-02 16:15:22,335 [INFO]  Epoch[2] Batch [0-7]	Speed: 22224.63 samples/sec	cross-entropy=1.428604	cp-accuracy=2.625000
2024-02-02 16:15:22,339 [INFO]  Epoch[2] Train-cross-entropy=1.305015
2024-02-02 16:15:22,339 [INFO]  Epoch[2] Train-cp-accuracy=2.642857
2024-02-02 16:15:22,339 [INFO]  Epoch[2] Time cost=0.010
2024-02-02 16:15:22,340 [INFO]  Saved checkpoint to "./imputer_model/imputer_model_cp/model-0002.params"
2024-02-02 16:15:22,341 [INFO]  Epoch[2] Validation-cross-entropy=0.932280
2024-02-02 16:15:22,341 [INFO]  Epoch[2] Validation-cp-accuracy=0.000000
2024-02-02 16:15:22,346 [INFO]  Epoch[3] Batch [0-7]	Speed: 26552.23 samples/sec	cross-entropy=0.550339	cp-accuracy=2.625000
2024-02-02 16:15:22,349 [INFO]  Epoch[3] Train-cross-entropy=0.534287
2024-02-02 16:15:22,349 [INFO]  Epoch[3] Train-cp-accuracy=2.642857
2024-02-02 16:15:22,349 [INFO]  Epoch[3] Time cost=0.009
2024-02-02 16:15:22,351 [INFO]  Saved checkpoint to "./imputer_model/imputer_model_cp/model-0003.params"
2024-02-02 16:15:22,351 [INFO]  Epoch[3] Validation-cross-entropy=0.891901
2024-02-02 16:15:22,351 [INFO]  Epoch[3] Validation-cp-accuracy=0.000000
2024-02-02 16:15:22,357 [INFO]  Epoch[4] Batch [0-7]	Speed: 25325.46 samples/sec	cross-entropy=0.404505	cp-accuracy=2.625000
2024-02-02 16:15:22,360 [INFO]  Epoch[4] Train-cross-entropy=0.373615
2024-02-02 16:15:22,360 [INFO]  Epoch[4] Train-cp-accuracy=2.642857
2024-02-02 16:15:22,360 [INFO]  Epoch[4] Time cost=0.009
2024-02-02 16:15:22,362 [INFO]  Saved checkpoint to "./imputer_model/imputer_model_cp/model-0004.params"
2024-02-02 16:15:22,362 [INFO]  Epoch[4] Validation-cross-entropy=0.661214
2024-02-02 16:15:22,362 [INFO]  Epoch[4] Validation-cp-accuracy=0.000000
2024-02-02 16:15:22,362 [INFO]  
========== done (0.0649099349975586 s) fit model
2024-02-02 16:15:27,233 [INFO]  
========== start: fit model
2024-02-02 16:15:27,233 [WARNING]  Already bound, ignoring bind()
2024-02-02 16:15:27,240 [INFO]  Epoch[0] Batch [0-7]	Speed: 24668.49 samples/sec	cross-entropy=16.804893	cp-accuracy=2.750000
2024-02-02 16:15:27,244 [INFO]  Epoch[0] Train-cross-entropy=14.233385
2024-02-02 16:15:27,244 [INFO]  Epoch[0] Train-cp-accuracy=2.642857
2024-02-02 16:15:27,244 [INFO]  Epoch[0] Time cost=0.010
2024-02-02 16:15:27,245 [INFO]  Saved checkpoint to "./imputer_model/imputer_model_cp/model-0000.params"
2024-02-02 16:15:27,246 [INFO]  Epoch[0] Validation-cross-entropy=5.177877
2024-02-02 16:15:27,246 [INFO]  Epoch[0] Validation-cp-accuracy=0.000000
2024-02-02 16:15:27,252 [INFO]  Epoch[1] Batch [0-7]	Speed: 23423.69 samples/sec	cross-entropy=4.280939	cp-accuracy=2.750000
2024-02-02 16:15:27,255 [INFO]  Epoch[1] Train-cross-entropy=3.759352
2024-02-02 16:15:27,256 [INFO]  Epoch[1] Train-cp-accuracy=2.642857
2024-02-02 16:15:27,256 [INFO]  Epoch[1] Time cost=0.010
2024-02-02 16:15:27,257 [INFO]  Saved checkpoint to "./imputer_model/imputer_model_cp/model-0001.params"
2024-02-02 16:15:27,258 [INFO]  Epoch[1] Validation-cross-entropy=1.397114
2024-02-02 16:15:27,258 [INFO]  Epoch[1] Validation-cp-accuracy=0.000000
2024-02-02 16:15:27,263 [INFO]  Epoch[2] Batch [0-7]	Speed: 23946.68 samples/sec	cross-entropy=0.970858	cp-accuracy=2.750000
2024-02-02 16:15:27,267 [INFO]  Epoch[2] Train-cross-entropy=1.054536
2024-02-02 16:15:27,267 [INFO]  Epoch[2] Train-cp-accuracy=2.642857
2024-02-02 16:15:27,267 [INFO]  Epoch[2] Time cost=0.010
2024-02-02 16:15:27,269 [INFO]  Saved checkpoint to "./imputer_model/imputer_model_cp/model-0002.params"
2024-02-02 16:15:27,269 [INFO]  Epoch[2] Validation-cross-entropy=1.077260
2024-02-02 16:15:27,269 [INFO]  Epoch[2] Validation-cp-accuracy=0.000000
2024-02-02 16:15:27,275 [INFO]  Epoch[3] Batch [0-7]	Speed: 24539.63 samples/sec	cross-entropy=0.596932	cp-accuracy=2.750000
2024-02-02 16:15:27,278 [INFO]  Epoch[3] Train-cross-entropy=0.582914
2024-02-02 16:15:27,279 [INFO]  Epoch[3] Train-cp-accuracy=2.642857
2024-02-02 16:15:27,279 [INFO]  Epoch[3] Time cost=0.009
2024-02-02 16:15:27,280 [INFO]  Saved checkpoint to "./imputer_model/imputer_model_cp/model-0003.params"
2024-02-02 16:15:27,280 [INFO]  Epoch[3] Validation-cross-entropy=0.642240
2024-02-02 16:15:27,280 [INFO]  Epoch[3] Validation-cp-accuracy=0.000000
2024-02-02 16:15:27,286 [INFO]  Epoch[4] Batch [0-7]	Speed: 24907.85 samples/sec	cross-entropy=0.404324	cp-accuracy=2.750000
2024-02-02 16:15:27,290 [INFO]  Epoch[4] Train-cross-entropy=0.386854
2024-02-02 16:15:27,290 [INFO]  Epoch[4] Train-cp-accuracy=2.642857
2024-02-02 16:15:27,290 [INFO]  Epoch[4] Time cost=0.010
2024-02-02 16:15:27,291 [INFO]  Saved checkpoint to "./imputer_model/imputer_model_cp/model-0004.params"
2024-02-02 16:15:27,292 [INFO]  Epoch[4] Validation-cross-entropy=0.583214
2024-02-02 16:15:27,292 [INFO]  Epoch[4] Validation-cp-accuracy=0.000000
2024-02-02 16:15:27,292 [INFO]  
========== done (0.05883431434631348 s) fit model
2024-02-02 16:15:30,490 [INFO]  
========== start: fit model
2024-02-02 16:15:30,490 [WARNING]  Already bound, ignoring bind()
2024-02-02 16:15:30,497 [INFO]  Epoch[0] Batch [0-7]	Speed: 21555.64 samples/sec	cross-entropy=17.789260	cp-accuracy=2.250000
2024-02-02 16:15:30,502 [INFO]  Epoch[0] Train-cross-entropy=13.510828
2024-02-02 16:15:30,502 [INFO]  Epoch[0] Train-cp-accuracy=2.500000
2024-02-02 16:15:30,502 [INFO]  Epoch[0] Time cost=0.011
2024-02-02 16:15:30,503 [INFO]  Saved checkpoint to "./imputer_model/imputer_model_cp/model-0000.params"
2024-02-02 16:15:30,504 [INFO]  Epoch[0] Validation-cross-entropy=5.638429
2024-02-02 16:15:30,504 [INFO]  Epoch[0] Validation-cp-accuracy=0.000000
2024-02-02 16:15:30,510 [INFO]  Epoch[1] Batch [0-7]	Speed: 21261.97 samples/sec	cross-entropy=3.869314	cp-accuracy=2.250000
2024-02-02 16:15:30,514 [INFO]  Epoch[1] Train-cross-entropy=2.911486
2024-02-02 16:15:30,514 [INFO]  Epoch[1] Train-cp-accuracy=2.500000
2024-02-02 16:15:30,514 [INFO]  Epoch[1] Time cost=0.010
2024-02-02 16:15:30,515 [INFO]  Saved checkpoint to "./imputer_model/imputer_model_cp/model-0001.params"
2024-02-02 16:15:30,516 [INFO]  Epoch[1] Validation-cross-entropy=0.815311
2024-02-02 16:15:30,516 [INFO]  Epoch[1] Validation-cp-accuracy=0.000000
2024-02-02 16:15:30,526 [INFO]  Epoch[2] Batch [0-7]	Speed: 13027.59 samples/sec	cross-entropy=1.079089	cp-accuracy=2.250000
2024-02-02 16:15:30,532 [INFO]  Epoch[2] Train-cross-entropy=0.849954
2024-02-02 16:15:30,532 [INFO]  Epoch[2] Train-cp-accuracy=2.500000
2024-02-02 16:15:30,532 [INFO]  Epoch[2] Time cost=0.016
2024-02-02 16:15:30,535 [INFO]  Saved checkpoint to "./imputer_model/imputer_model_cp/model-0002.params"
2024-02-02 16:15:30,536 [INFO]  Epoch[2] Validation-cross-entropy=0.225853
2024-02-02 16:15:30,536 [INFO]  Epoch[2] Validation-cp-accuracy=0.000000
2024-02-02 16:15:30,541 [INFO]  Epoch[3] Batch [0-7]	Speed: 23536.35 samples/sec	cross-entropy=0.506222	cp-accuracy=2.250000
2024-02-02 16:15:30,546 [INFO]  Epoch[3] Train-cross-entropy=0.442170
2024-02-02 16:15:30,546 [INFO]  Epoch[3] Train-cp-accuracy=2.500000
2024-02-02 16:15:30,546 [INFO]  Epoch[3] Time cost=0.010
2024-02-02 16:15:30,547 [INFO]  Saved checkpoint to "./imputer_model/imputer_model_cp/model-0003.params"
2024-02-02 16:15:30,548 [INFO]  Epoch[3] Validation-cross-entropy=0.127550
2024-02-02 16:15:30,548 [INFO]  Epoch[3] Validation-cp-accuracy=0.000000
2024-02-02 16:15:30,553 [INFO]  Epoch[4] Batch [0-7]	Speed: 25698.14 samples/sec	cross-entropy=0.291695	cp-accuracy=2.250000
2024-02-02 16:15:30,557 [INFO]  Epoch[4] Train-cross-entropy=0.256986
2024-02-02 16:15:30,557 [INFO]  Epoch[4] Train-cp-accuracy=2.500000
2024-02-02 16:15:30,557 [INFO]  Epoch[4] Time cost=0.009
2024-02-02 16:15:30,558 [INFO]  Saved checkpoint to "./imputer_model/imputer_model_cp/model-0004.params"
2024-02-02 16:15:30,559 [INFO]  Epoch[4] Validation-cross-entropy=0.127061
2024-02-02 16:15:30,559 [INFO]  Epoch[4] Validation-cp-accuracy=0.000000
2024-02-02 16:15:30,559 [INFO]  
========== done (0.0686495304107666 s) fit model
2024-02-02 16:15:33,764 [INFO]  
========== start: fit model
2024-02-02 16:15:33,764 [WARNING]  Already bound, ignoring bind()
2024-02-02 16:15:33,771 [INFO]  Epoch[0] Batch [0-7]	Speed: 22662.07 samples/sec	cross-entropy=13.447013	cp-accuracy=2.500000
2024-02-02 16:15:33,776 [INFO]  Epoch[0] Train-cross-entropy=11.136935
2024-02-02 16:15:33,776 [INFO]  Epoch[0] Train-cp-accuracy=2.357143
2024-02-02 16:15:33,776 [INFO]  Epoch[0] Time cost=0.012
2024-02-02 16:15:33,778 [INFO]  Saved checkpoint to "./imputer_model/imputer_model_cp/model-0000.params"
2024-02-02 16:15:33,778 [INFO]  Epoch[0] Validation-cross-entropy=2.882546
2024-02-02 16:15:33,778 [INFO]  Epoch[0] Validation-cp-accuracy=0.000000
2024-02-02 16:15:33,784 [INFO]  Epoch[1] Batch [0-7]	Speed: 22911.87 samples/sec	cross-entropy=3.903178	cp-accuracy=2.500000
2024-02-02 16:15:33,790 [INFO]  Epoch[1] Train-cross-entropy=3.269999
2024-02-02 16:15:33,790 [INFO]  Epoch[1] Train-cp-accuracy=2.357143
2024-02-02 16:15:33,790 [INFO]  Epoch[1] Time cost=0.012
2024-02-02 16:15:33,791 [INFO]  Saved checkpoint to "./imputer_model/imputer_model_cp/model-0001.params"
2024-02-02 16:15:33,792 [INFO]  Epoch[1] Validation-cross-entropy=1.165883
2024-02-02 16:15:33,792 [INFO]  Epoch[1] Validation-cp-accuracy=0.000000
2024-02-02 16:15:33,797 [INFO]  Epoch[2] Batch [0-7]	Speed: 26487.85 samples/sec	cross-entropy=0.855794	cp-accuracy=2.500000
2024-02-02 16:15:33,803 [INFO]  Epoch[2] Train-cross-entropy=0.772923
2024-02-02 16:15:33,803 [INFO]  Epoch[2] Train-cp-accuracy=2.357143
2024-02-02 16:15:33,803 [INFO]  Epoch[2] Time cost=0.011
2024-02-02 16:15:33,805 [INFO]  Saved checkpoint to "./imputer_model/imputer_model_cp/model-0002.params"
2024-02-02 16:15:33,806 [INFO]  Epoch[2] Validation-cross-entropy=0.571204
2024-02-02 16:15:33,806 [INFO]  Epoch[2] Validation-cp-accuracy=0.000000
2024-02-02 16:15:33,812 [INFO]  Epoch[3] Batch [0-7]	Speed: 20877.39 samples/sec	cross-entropy=0.446304	cp-accuracy=2.500000
2024-02-02 16:15:33,816 [INFO]  Epoch[3] Train-cross-entropy=0.396507
2024-02-02 16:15:33,816 [INFO]  Epoch[3] Train-cp-accuracy=2.357143
2024-02-02 16:15:33,816 [INFO]  Epoch[3] Time cost=0.010
2024-02-02 16:15:33,818 [INFO]  Saved checkpoint to "./imputer_model/imputer_model_cp/model-0003.params"
2024-02-02 16:15:33,818 [INFO]  Epoch[3] Validation-cross-entropy=0.472710
2024-02-02 16:15:33,818 [INFO]  Epoch[3] Validation-cp-accuracy=0.000000
2024-02-02 16:15:33,824 [INFO]  Epoch[4] Batch [0-7]	Speed: 24071.84 samples/sec	cross-entropy=0.349995	cp-accuracy=2.500000
2024-02-02 16:15:33,828 [INFO]  Epoch[4] Train-cross-entropy=0.291576
2024-02-02 16:15:33,828 [INFO]  Epoch[4] Train-cp-accuracy=2.357143
2024-02-02 16:15:33,828 [INFO]  Epoch[4] Time cost=0.009
2024-02-02 16:15:33,829 [INFO]  Saved checkpoint to "./imputer_model/imputer_model_cp/model-0004.params"
2024-02-02 16:15:33,830 [INFO]  Epoch[4] Validation-cross-entropy=0.336646
2024-02-02 16:15:33,830 [INFO]  Epoch[4] Validation-cp-accuracy=0.000000
2024-02-02 16:15:33,830 [INFO]  
========== done (0.06641101837158203 s) fit model
2024-02-02 16:15:37,159 [INFO]  
========== start: fit model
2024-02-02 16:15:37,160 [WARNING]  Already bound, ignoring bind()
2024-02-02 16:15:37,167 [INFO]  Epoch[0] Batch [0-7]	Speed: 24448.95 samples/sec	cross-entropy=19.178013	cp-accuracy=2.625000
2024-02-02 16:15:37,171 [INFO]  Epoch[0] Train-cross-entropy=16.972488
2024-02-02 16:15:37,171 [INFO]  Epoch[0] Train-cp-accuracy=2.357143
2024-02-02 16:15:37,171 [INFO]  Epoch[0] Time cost=0.011
2024-02-02 16:15:37,173 [INFO]  Saved checkpoint to "./imputer_model/imputer_model_cp/model-0000.params"
2024-02-02 16:15:37,174 [INFO]  Epoch[0] Validation-cross-entropy=4.504725
2024-02-02 16:15:37,174 [INFO]  Epoch[0] Validation-cp-accuracy=0.000000
2024-02-02 16:15:37,179 [INFO]  Epoch[1] Batch [0-7]	Speed: 23837.32 samples/sec	cross-entropy=5.420251	cp-accuracy=2.625000
2024-02-02 16:15:37,183 [INFO]  Epoch[1] Train-cross-entropy=4.354023
2024-02-02 16:15:37,183 [INFO]  Epoch[1] Train-cp-accuracy=2.357143
2024-02-02 16:15:37,183 [INFO]  Epoch[1] Time cost=0.010
2024-02-02 16:15:37,185 [INFO]  Saved checkpoint to "./imputer_model/imputer_model_cp/model-0001.params"
2024-02-02 16:15:37,185 [INFO]  Epoch[1] Validation-cross-entropy=1.001559
2024-02-02 16:15:37,185 [INFO]  Epoch[1] Validation-cp-accuracy=0.000000
2024-02-02 16:15:37,191 [INFO]  Epoch[2] Batch [0-7]	Speed: 24475.70 samples/sec	cross-entropy=1.349195	cp-accuracy=2.625000
2024-02-02 16:15:37,194 [INFO]  Epoch[2] Train-cross-entropy=1.252728
2024-02-02 16:15:37,194 [INFO]  Epoch[2] Train-cp-accuracy=2.357143
2024-02-02 16:15:37,194 [INFO]  Epoch[2] Time cost=0.009
2024-02-02 16:15:37,196 [INFO]  Saved checkpoint to "./imputer_model/imputer_model_cp/model-0002.params"
2024-02-02 16:15:37,196 [INFO]  Epoch[2] Validation-cross-entropy=0.676336
2024-02-02 16:15:37,196 [INFO]  Epoch[2] Validation-cp-accuracy=0.000000
2024-02-02 16:15:37,203 [INFO]  Epoch[3] Batch [0-7]	Speed: 19229.69 samples/sec	cross-entropy=0.656461	cp-accuracy=2.625000
2024-02-02 16:15:37,207 [INFO]  Epoch[3] Train-cross-entropy=0.609439
2024-02-02 16:15:37,207 [INFO]  Epoch[3] Train-cp-accuracy=2.357143
2024-02-02 16:15:37,207 [INFO]  Epoch[3] Time cost=0.010
2024-02-02 16:15:37,208 [INFO]  Saved checkpoint to "./imputer_model/imputer_model_cp/model-0003.params"
2024-02-02 16:15:37,209 [INFO]  Epoch[3] Validation-cross-entropy=0.534010
2024-02-02 16:15:37,209 [INFO]  Epoch[3] Validation-cp-accuracy=0.000000
2024-02-02 16:15:37,214 [INFO]  Epoch[4] Batch [0-7]	Speed: 25980.98 samples/sec	cross-entropy=0.440818	cp-accuracy=2.625000
2024-02-02 16:15:37,217 [INFO]  Epoch[4] Train-cross-entropy=0.400055
2024-02-02 16:15:37,217 [INFO]  Epoch[4] Train-cp-accuracy=2.357143
2024-02-02 16:15:37,217 [INFO]  Epoch[4] Time cost=0.009
2024-02-02 16:15:37,218 [INFO]  Saved checkpoint to "./imputer_model/imputer_model_cp/model-0004.params"
2024-02-02 16:15:37,219 [INFO]  Epoch[4] Validation-cross-entropy=0.303692
2024-02-02 16:15:37,219 [INFO]  Epoch[4] Validation-cp-accuracy=0.000000
2024-02-02 16:15:37,219 [INFO]  
========== done (0.05968832969665527 s) fit model
2024-02-02 16:15:40,572 [INFO]  
========== start: fit model
2024-02-02 16:15:40,573 [WARNING]  Already bound, ignoring bind()
2024-02-02 16:15:40,579 [INFO]  Epoch[0] Batch [0-7]	Speed: 23951.57 samples/sec	cross-entropy=10.656677	cp-accuracy=2.875000
2024-02-02 16:15:40,583 [INFO]  Epoch[0] Train-cross-entropy=8.328180
2024-02-02 16:15:40,583 [INFO]  Epoch[0] Train-cp-accuracy=2.428571
2024-02-02 16:15:40,583 [INFO]  Epoch[0] Time cost=0.010
2024-02-02 16:15:40,584 [INFO]  Saved checkpoint to "./imputer_model/imputer_model_cp/model-0000.params"
2024-02-02 16:15:40,585 [INFO]  Epoch[0] Validation-cross-entropy=3.763523
2024-02-02 16:15:40,585 [INFO]  Epoch[0] Validation-cp-accuracy=0.000000
2024-02-02 16:15:40,590 [INFO]  Epoch[1] Batch [0-7]	Speed: 27673.76 samples/sec	cross-entropy=1.837538	cp-accuracy=2.875000
2024-02-02 16:15:40,593 [INFO]  Epoch[1] Train-cross-entropy=1.378233
2024-02-02 16:15:40,593 [INFO]  Epoch[1] Train-cp-accuracy=2.428571
2024-02-02 16:15:40,593 [INFO]  Epoch[1] Time cost=0.008
2024-02-02 16:15:40,595 [INFO]  Saved checkpoint to "./imputer_model/imputer_model_cp/model-0001.params"
2024-02-02 16:15:40,595 [INFO]  Epoch[1] Validation-cross-entropy=0.351760
2024-02-02 16:15:40,595 [INFO]  Epoch[1] Validation-cp-accuracy=0.000000
2024-02-02 16:15:40,600 [INFO]  Epoch[2] Batch [0-7]	Speed: 29518.79 samples/sec	cross-entropy=0.523051	cp-accuracy=2.875000
2024-02-02 16:15:40,603 [INFO]  Epoch[2] Train-cross-entropy=0.457382
2024-02-02 16:15:40,603 [INFO]  Epoch[2] Train-cp-accuracy=2.428571
2024-02-02 16:15:40,603 [INFO]  Epoch[2] Time cost=0.008
2024-02-02 16:15:40,604 [INFO]  Saved checkpoint to "./imputer_model/imputer_model_cp/model-0002.params"
2024-02-02 16:15:40,605 [INFO]  Epoch[2] Validation-cross-entropy=0.562038
2024-02-02 16:15:40,605 [INFO]  Epoch[2] Validation-cp-accuracy=0.000000
2024-02-02 16:15:40,610 [INFO]  Epoch[3] Batch [0-7]	Speed: 29756.26 samples/sec	cross-entropy=0.366331	cp-accuracy=2.875000
2024-02-02 16:15:40,613 [INFO]  Epoch[3] Train-cross-entropy=0.287303
2024-02-02 16:15:40,613 [INFO]  Epoch[3] Train-cp-accuracy=2.428571
2024-02-02 16:15:40,613 [INFO]  Epoch[3] Time cost=0.008
2024-02-02 16:15:40,614 [INFO]  Saved checkpoint to "./imputer_model/imputer_model_cp/model-0003.params"
2024-02-02 16:15:40,615 [INFO]  Epoch[3] Validation-cross-entropy=0.254308
2024-02-02 16:15:40,615 [INFO]  Epoch[3] Validation-cp-accuracy=0.000000
2024-02-02 16:15:40,619 [INFO]  Epoch[4] Batch [0-7]	Speed: 28864.03 samples/sec	cross-entropy=0.179158	cp-accuracy=2.875000
2024-02-02 16:15:40,623 [INFO]  Epoch[4] Train-cross-entropy=0.157757
2024-02-02 16:15:40,623 [INFO]  Epoch[4] Train-cp-accuracy=2.428571
2024-02-02 16:15:40,623 [INFO]  Epoch[4] Time cost=0.009
2024-02-02 16:15:40,625 [INFO]  Saved checkpoint to "./imputer_model/imputer_model_cp/model-0004.params"
2024-02-02 16:15:40,625 [INFO]  Epoch[4] Validation-cross-entropy=0.253800
2024-02-02 16:15:40,625 [INFO]  Epoch[4] Validation-cp-accuracy=0.000000
2024-02-02 16:15:40,625 [INFO]  
========== done (0.052840471267700195 s) fit model
2024-02-02 16:15:44,241 [INFO]  
========== start: fit model
2024-02-02 16:15:44,242 [WARNING]  Already bound, ignoring bind()
2024-02-02 16:15:44,249 [INFO]  Epoch[0] Batch [0-7]	Speed: 23565.87 samples/sec	cross-entropy=11.883775	cp-accuracy=2.625000
2024-02-02 16:15:44,253 [INFO]  Epoch[0] Train-cross-entropy=8.815656
2024-02-02 16:15:44,253 [INFO]  Epoch[0] Train-cp-accuracy=2.500000
2024-02-02 16:15:44,253 [INFO]  Epoch[0] Time cost=0.011
2024-02-02 16:15:44,254 [INFO]  Saved checkpoint to "./imputer_model/imputer_model_cp/model-0000.params"
2024-02-02 16:15:44,255 [INFO]  Epoch[0] Validation-cross-entropy=6.231963
2024-02-02 16:15:44,255 [INFO]  Epoch[0] Validation-cp-accuracy=0.000000
2024-02-02 16:15:44,260 [INFO]  Epoch[1] Batch [0-7]	Speed: 25591.74 samples/sec	cross-entropy=2.710099	cp-accuracy=2.625000
2024-02-02 16:15:44,264 [INFO]  Epoch[1] Train-cross-entropy=2.126335
2024-02-02 16:15:44,264 [INFO]  Epoch[1] Train-cp-accuracy=2.500000
2024-02-02 16:15:44,264 [INFO]  Epoch[1] Time cost=0.009
2024-02-02 16:15:44,265 [INFO]  Saved checkpoint to "./imputer_model/imputer_model_cp/model-0001.params"
2024-02-02 16:15:44,266 [INFO]  Epoch[1] Validation-cross-entropy=0.820727
2024-02-02 16:15:44,266 [INFO]  Epoch[1] Validation-cp-accuracy=0.000000
2024-02-02 16:15:44,271 [INFO]  Epoch[2] Batch [0-7]	Speed: 26656.19 samples/sec	cross-entropy=0.671787	cp-accuracy=2.625000
2024-02-02 16:15:44,275 [INFO]  Epoch[2] Train-cross-entropy=0.667422
2024-02-02 16:15:44,275 [INFO]  Epoch[2] Train-cp-accuracy=2.500000
2024-02-02 16:15:44,275 [INFO]  Epoch[2] Time cost=0.009
2024-02-02 16:15:44,276 [INFO]  Saved checkpoint to "./imputer_model/imputer_model_cp/model-0002.params"
2024-02-02 16:15:44,277 [INFO]  Epoch[2] Validation-cross-entropy=0.637432
2024-02-02 16:15:44,277 [INFO]  Epoch[2] Validation-cp-accuracy=0.000000
2024-02-02 16:15:44,281 [INFO]  Epoch[3] Batch [0-7]	Speed: 28679.00 samples/sec	cross-entropy=0.575272	cp-accuracy=2.625000
2024-02-02 16:15:44,285 [INFO]  Epoch[3] Train-cross-entropy=0.487832
2024-02-02 16:15:44,285 [INFO]  Epoch[3] Train-cp-accuracy=2.500000
2024-02-02 16:15:44,285 [INFO]  Epoch[3] Time cost=0.008
2024-02-02 16:15:44,286 [INFO]  Saved checkpoint to "./imputer_model/imputer_model_cp/model-0003.params"
2024-02-02 16:15:44,287 [INFO]  Epoch[3] Validation-cross-entropy=0.470765
2024-02-02 16:15:44,287 [INFO]  Epoch[3] Validation-cp-accuracy=0.000000
2024-02-02 16:15:44,292 [INFO]  Epoch[4] Batch [0-7]	Speed: 24370.31 samples/sec	cross-entropy=0.332302	cp-accuracy=2.625000
2024-02-02 16:15:44,296 [INFO]  Epoch[4] Train-cross-entropy=0.292596
2024-02-02 16:15:44,296 [INFO]  Epoch[4] Train-cp-accuracy=2.500000
2024-02-02 16:15:44,296 [INFO]  Epoch[4] Time cost=0.009
2024-02-02 16:15:44,297 [INFO]  Saved checkpoint to "./imputer_model/imputer_model_cp/model-0004.params"
2024-02-02 16:15:44,298 [INFO]  Epoch[4] Validation-cross-entropy=0.419156
2024-02-02 16:15:44,298 [INFO]  Epoch[4] Validation-cp-accuracy=0.000000
2024-02-02 16:15:44,298 [INFO]  
========== done (0.05644369125366211 s) fit model
2024-02-02 16:15:47,835 [INFO]  
========== start: fit model
2024-02-02 16:15:47,835 [WARNING]  Already bound, ignoring bind()
2024-02-02 16:15:47,842 [INFO]  Epoch[0] Batch [0-7]	Speed: 23166.09 samples/sec	cross-entropy=15.278553	cp-accuracy=2.375000
2024-02-02 16:15:47,846 [INFO]  Epoch[0] Train-cross-entropy=12.050448
2024-02-02 16:15:47,846 [INFO]  Epoch[0] Train-cp-accuracy=2.285714
2024-02-02 16:15:47,846 [INFO]  Epoch[0] Time cost=0.010
2024-02-02 16:15:47,847 [INFO]  Saved checkpoint to "./imputer_model/imputer_model_cp/model-0000.params"
2024-02-02 16:15:47,848 [INFO]  Epoch[0] Validation-cross-entropy=6.428359
2024-02-02 16:15:47,848 [INFO]  Epoch[0] Validation-cp-accuracy=0.000000
2024-02-02 16:15:47,853 [INFO]  Epoch[1] Batch [0-7]	Speed: 25734.75 samples/sec	cross-entropy=5.072108	cp-accuracy=2.375000
2024-02-02 16:15:47,856 [INFO]  Epoch[1] Train-cross-entropy=3.734782
2024-02-02 16:15:47,857 [INFO]  Epoch[1] Train-cp-accuracy=2.285714
2024-02-02 16:15:47,857 [INFO]  Epoch[1] Time cost=0.009
2024-02-02 16:15:47,858 [INFO]  Saved checkpoint to "./imputer_model/imputer_model_cp/model-0001.params"
2024-02-02 16:15:47,858 [INFO]  Epoch[1] Validation-cross-entropy=3.931761
2024-02-02 16:15:47,858 [INFO]  Epoch[1] Validation-cp-accuracy=0.000000
2024-02-02 16:15:47,863 [INFO]  Epoch[2] Batch [0-7]	Speed: 29159.66 samples/sec	cross-entropy=1.038421	cp-accuracy=2.375000
2024-02-02 16:15:47,866 [INFO]  Epoch[2] Train-cross-entropy=0.826066
2024-02-02 16:15:47,866 [INFO]  Epoch[2] Train-cp-accuracy=2.285714
2024-02-02 16:15:47,866 [INFO]  Epoch[2] Time cost=0.008
2024-02-02 16:15:47,868 [INFO]  Saved checkpoint to "./imputer_model/imputer_model_cp/model-0002.params"
2024-02-02 16:15:47,868 [INFO]  Epoch[2] Validation-cross-entropy=2.219113
2024-02-02 16:15:47,868 [INFO]  Epoch[2] Validation-cp-accuracy=0.000000
2024-02-02 16:15:47,873 [INFO]  Epoch[3] Batch [0-7]	Speed: 27887.33 samples/sec	cross-entropy=0.465721	cp-accuracy=2.375000
2024-02-02 16:15:47,876 [INFO]  Epoch[3] Train-cross-entropy=0.408216
2024-02-02 16:15:47,876 [INFO]  Epoch[3] Train-cp-accuracy=2.285714
2024-02-02 16:15:47,877 [INFO]  Epoch[3] Time cost=0.008
2024-02-02 16:15:47,878 [INFO]  Saved checkpoint to "./imputer_model/imputer_model_cp/model-0003.params"
2024-02-02 16:15:47,878 [INFO]  Epoch[3] Validation-cross-entropy=0.843156
2024-02-02 16:15:47,878 [INFO]  Epoch[3] Validation-cp-accuracy=0.000000
2024-02-02 16:15:47,883 [INFO]  Epoch[4] Batch [0-7]	Speed: 26741.17 samples/sec	cross-entropy=0.402688	cp-accuracy=2.375000
2024-02-02 16:15:47,887 [INFO]  Epoch[4] Train-cross-entropy=0.346535
2024-02-02 16:15:47,887 [INFO]  Epoch[4] Train-cp-accuracy=2.285714
2024-02-02 16:15:47,887 [INFO]  Epoch[4] Time cost=0.009
2024-02-02 16:15:47,888 [INFO]  Saved checkpoint to "./imputer_model/imputer_model_cp/model-0004.params"
2024-02-02 16:15:47,889 [INFO]  Epoch[4] Validation-cross-entropy=0.800451
2024-02-02 16:15:47,889 [INFO]  Epoch[4] Validation-cp-accuracy=0.000000
2024-02-02 16:15:47,889 [INFO]  
========== done (0.05411529541015625 s) fit model
2024-02-02 16:15:51,370 [INFO]  
========== start: fit model
2024-02-02 16:15:51,370 [WARNING]  Already bound, ignoring bind()
2024-02-02 16:15:51,377 [INFO]  Epoch[0] Batch [0-7]	Speed: 23879.73 samples/sec	cross-entropy=14.738452	cp-accuracy=2.125000
2024-02-02 16:15:51,381 [INFO]  Epoch[0] Train-cross-entropy=10.977218
2024-02-02 16:15:51,381 [INFO]  Epoch[0] Train-cp-accuracy=2.000000
2024-02-02 16:15:51,381 [INFO]  Epoch[0] Time cost=0.010
2024-02-02 16:15:51,382 [INFO]  Saved checkpoint to "./imputer_model/imputer_model_cp/model-0000.params"
2024-02-02 16:15:51,384 [INFO]  Epoch[0] Validation-cross-entropy=2.536600
2024-02-02 16:15:51,384 [INFO]  Epoch[0] Validation-cp-accuracy=0.000000
2024-02-02 16:15:51,394 [INFO]  Epoch[1] Batch [0-7]	Speed: 14301.09 samples/sec	cross-entropy=3.011597	cp-accuracy=2.125000
2024-02-02 16:15:51,399 [INFO]  Epoch[1] Train-cross-entropy=2.320228
2024-02-02 16:15:51,399 [INFO]  Epoch[1] Train-cp-accuracy=2.000000
2024-02-02 16:15:51,399 [INFO]  Epoch[1] Time cost=0.015
2024-02-02 16:15:51,400 [INFO]  Saved checkpoint to "./imputer_model/imputer_model_cp/model-0001.params"
2024-02-02 16:15:51,401 [INFO]  Epoch[1] Validation-cross-entropy=0.579866
2024-02-02 16:15:51,401 [INFO]  Epoch[1] Validation-cp-accuracy=0.000000
2024-02-02 16:15:51,407 [INFO]  Epoch[2] Batch [0-7]	Speed: 23971.12 samples/sec	cross-entropy=1.019805	cp-accuracy=2.125000
2024-02-02 16:15:51,411 [INFO]  Epoch[2] Train-cross-entropy=0.770462
2024-02-02 16:15:51,411 [INFO]  Epoch[2] Train-cp-accuracy=2.000000
2024-02-02 16:15:51,411 [INFO]  Epoch[2] Time cost=0.010
2024-02-02 16:15:51,412 [INFO]  Saved checkpoint to "./imputer_model/imputer_model_cp/model-0002.params"
2024-02-02 16:15:51,413 [INFO]  Epoch[2] Validation-cross-entropy=0.441547
2024-02-02 16:15:51,413 [INFO]  Epoch[2] Validation-cp-accuracy=0.000000
2024-02-02 16:15:51,418 [INFO]  Epoch[3] Batch [0-7]	Speed: 29305.18 samples/sec	cross-entropy=0.639741	cp-accuracy=2.125000
2024-02-02 16:15:51,421 [INFO]  Epoch[3] Train-cross-entropy=0.487377
2024-02-02 16:15:51,421 [INFO]  Epoch[3] Train-cp-accuracy=2.000000
2024-02-02 16:15:51,421 [INFO]  Epoch[3] Time cost=0.008
2024-02-02 16:15:51,422 [INFO]  Saved checkpoint to "./imputer_model/imputer_model_cp/model-0003.params"
2024-02-02 16:15:51,423 [INFO]  Epoch[3] Validation-cross-entropy=0.212239
2024-02-02 16:15:51,423 [INFO]  Epoch[3] Validation-cp-accuracy=0.000000
2024-02-02 16:15:51,427 [INFO]  Epoch[4] Batch [0-7]	Speed: 28684.26 samples/sec	cross-entropy=0.426255	cp-accuracy=2.125000
2024-02-02 16:15:51,432 [INFO]  Epoch[4] Train-cross-entropy=0.337376
2024-02-02 16:15:51,433 [INFO]  Epoch[4] Train-cp-accuracy=2.000000
2024-02-02 16:15:51,433 [INFO]  Epoch[4] Time cost=0.010
2024-02-02 16:15:51,434 [INFO]  Saved checkpoint to "./imputer_model/imputer_model_cp/model-0004.params"
2024-02-02 16:15:51,435 [INFO]  Epoch[4] Validation-cross-entropy=0.159968
2024-02-02 16:15:51,435 [INFO]  Epoch[4] Validation-cp-accuracy=0.000000
2024-02-02 16:15:51,435 [INFO]  
========== done (0.06553053855895996 s) fit model
2024-02-02 16:15:55,050 [INFO]  
========== start: fit model
2024-02-02 16:15:55,050 [WARNING]  Already bound, ignoring bind()
2024-02-02 16:15:55,058 [INFO]  Epoch[0] Batch [0-7]	Speed: 22042.14 samples/sec	cross-entropy=19.518268	cp-accuracy=0.000000
2024-02-02 16:15:55,061 [INFO]  Epoch[0] Train-cross-entropy=13.761493
2024-02-02 16:15:55,061 [INFO]  Epoch[0] Train-cp-accuracy=0.000000
2024-02-02 16:15:55,061 [INFO]  Epoch[0] Time cost=0.010
2024-02-02 16:15:55,063 [INFO]  Saved checkpoint to "./imputer_model/imputer_model_cp/model-0000.params"
2024-02-02 16:15:55,063 [INFO]  Epoch[0] Validation-cross-entropy=4.329875
2024-02-02 16:15:55,063 [INFO]  Epoch[0] Validation-cp-accuracy=0.000000
2024-02-02 16:15:55,068 [INFO]  Epoch[1] Batch [0-7]	Speed: 27839.40 samples/sec	cross-entropy=5.115225	cp-accuracy=0.000000
2024-02-02 16:15:55,072 [INFO]  Epoch[1] Train-cross-entropy=3.968112
2024-02-02 16:15:55,072 [INFO]  Epoch[1] Train-cp-accuracy=0.000000
2024-02-02 16:15:55,072 [INFO]  Epoch[1] Time cost=0.008
2024-02-02 16:15:55,073 [INFO]  Saved checkpoint to "./imputer_model/imputer_model_cp/model-0001.params"
2024-02-02 16:15:55,074 [INFO]  Epoch[1] Validation-cross-entropy=1.954853
2024-02-02 16:15:55,074 [INFO]  Epoch[1] Validation-cp-accuracy=0.000000
2024-02-02 16:15:55,078 [INFO]  Epoch[2] Batch [0-7]	Speed: 27747.32 samples/sec	cross-entropy=1.294113	cp-accuracy=0.000000
2024-02-02 16:15:55,082 [INFO]  Epoch[2] Train-cross-entropy=1.081711
2024-02-02 16:15:55,082 [INFO]  Epoch[2] Train-cp-accuracy=0.000000
2024-02-02 16:15:55,082 [INFO]  Epoch[2] Time cost=0.008
2024-02-02 16:15:55,083 [INFO]  Saved checkpoint to "./imputer_model/imputer_model_cp/model-0002.params"
2024-02-02 16:15:55,084 [INFO]  Epoch[2] Validation-cross-entropy=0.540586
2024-02-02 16:15:55,084 [INFO]  Epoch[2] Validation-cp-accuracy=0.000000
2024-02-02 16:15:55,088 [INFO]  Epoch[3] Batch [0-7]	Speed: 28738.65 samples/sec	cross-entropy=0.501325	cp-accuracy=0.000000
2024-02-02 16:15:55,092 [INFO]  Epoch[3] Train-cross-entropy=0.504778
2024-02-02 16:15:55,092 [INFO]  Epoch[3] Train-cp-accuracy=0.000000
2024-02-02 16:15:55,092 [INFO]  Epoch[3] Time cost=0.008
2024-02-02 16:15:55,093 [INFO]  Saved checkpoint to "./imputer_model/imputer_model_cp/model-0003.params"
2024-02-02 16:15:55,094 [INFO]  Epoch[3] Validation-cross-entropy=0.587047
2024-02-02 16:15:55,094 [INFO]  Epoch[3] Validation-cp-accuracy=0.000000
2024-02-02 16:15:55,099 [INFO]  Epoch[4] Batch [0-7]	Speed: 27113.13 samples/sec	cross-entropy=0.305730	cp-accuracy=0.000000
2024-02-02 16:15:55,102 [INFO]  Epoch[4] Train-cross-entropy=0.334799
2024-02-02 16:15:55,102 [INFO]  Epoch[4] Train-cp-accuracy=0.000000
2024-02-02 16:15:55,102 [INFO]  Epoch[4] Time cost=0.008
2024-02-02 16:15:55,103 [INFO]  Saved checkpoint to "./imputer_model/imputer_model_cp/model-0004.params"
2024-02-02 16:15:55,104 [INFO]  Epoch[4] Validation-cross-entropy=0.482067
2024-02-02 16:15:55,104 [INFO]  Epoch[4] Validation-cp-accuracy=0.000000
2024-02-02 16:15:55,104 [INFO]  
========== done (0.05390048027038574 s) fit model
2024-02-02 16:15:58,657 [INFO]  
========== start: fit model
2024-02-02 16:15:58,658 [WARNING]  Already bound, ignoring bind()
2024-02-02 16:15:58,664 [INFO]  Epoch[0] Batch [0-7]	Speed: 26783.86 samples/sec	cross-entropy=10.845337	cp-accuracy=3.000000
2024-02-02 16:15:58,667 [INFO]  Epoch[0] Train-cross-entropy=8.767223
2024-02-02 16:15:58,667 [INFO]  Epoch[0] Train-cp-accuracy=2.928571
2024-02-02 16:15:58,667 [INFO]  Epoch[0] Time cost=0.009
2024-02-02 16:15:58,669 [INFO]  Saved checkpoint to "./imputer_model/imputer_model_cp/model-0000.params"
2024-02-02 16:15:58,669 [INFO]  Epoch[0] Validation-cross-entropy=4.264339
2024-02-02 16:15:58,669 [INFO]  Epoch[0] Validation-cp-accuracy=0.000000
2024-02-02 16:15:58,674 [INFO]  Epoch[1] Batch [0-7]	Speed: 26973.02 samples/sec	cross-entropy=2.146906	cp-accuracy=3.000000
2024-02-02 16:15:58,678 [INFO]  Epoch[1] Train-cross-entropy=1.818064
2024-02-02 16:15:58,678 [INFO]  Epoch[1] Train-cp-accuracy=2.928571
2024-02-02 16:15:58,678 [INFO]  Epoch[1] Time cost=0.008
2024-02-02 16:15:58,679 [INFO]  Saved checkpoint to "./imputer_model/imputer_model_cp/model-0001.params"
2024-02-02 16:15:58,679 [INFO]  Epoch[1] Validation-cross-entropy=1.501822
2024-02-02 16:15:58,680 [INFO]  Epoch[1] Validation-cp-accuracy=0.000000
2024-02-02 16:15:58,684 [INFO]  Epoch[2] Batch [0-7]	Speed: 28867.58 samples/sec	cross-entropy=0.783553	cp-accuracy=3.000000
2024-02-02 16:15:58,688 [INFO]  Epoch[2] Train-cross-entropy=0.677263
2024-02-02 16:15:58,688 [INFO]  Epoch[2] Train-cp-accuracy=2.928571
2024-02-02 16:15:58,688 [INFO]  Epoch[2] Time cost=0.008
2024-02-02 16:15:58,689 [INFO]  Saved checkpoint to "./imputer_model/imputer_model_cp/model-0002.params"
2024-02-02 16:15:58,690 [INFO]  Epoch[2] Validation-cross-entropy=0.656533
2024-02-02 16:15:58,690 [INFO]  Epoch[2] Validation-cp-accuracy=0.000000
2024-02-02 16:15:58,694 [INFO]  Epoch[3] Batch [0-7]	Speed: 29062.24 samples/sec	cross-entropy=0.510252	cp-accuracy=3.000000
2024-02-02 16:15:58,698 [INFO]  Epoch[3] Train-cross-entropy=0.449560
2024-02-02 16:15:58,698 [INFO]  Epoch[3] Train-cp-accuracy=2.928571
2024-02-02 16:15:58,698 [INFO]  Epoch[3] Time cost=0.008
2024-02-02 16:15:58,699 [INFO]  Saved checkpoint to "./imputer_model/imputer_model_cp/model-0003.params"
2024-02-02 16:15:58,700 [INFO]  Epoch[3] Validation-cross-entropy=0.492538
2024-02-02 16:15:58,700 [INFO]  Epoch[3] Validation-cp-accuracy=0.000000
2024-02-02 16:15:58,704 [INFO]  Epoch[4] Batch [0-7]	Speed: 27942.07 samples/sec	cross-entropy=0.317729	cp-accuracy=3.000000
2024-02-02 16:15:58,708 [INFO]  Epoch[4] Train-cross-entropy=0.292012
2024-02-02 16:15:58,708 [INFO]  Epoch[4] Train-cp-accuracy=2.928571
2024-02-02 16:15:58,708 [INFO]  Epoch[4] Time cost=0.008
2024-02-02 16:15:58,709 [INFO]  Saved checkpoint to "./imputer_model/imputer_model_cp/model-0004.params"
2024-02-02 16:15:58,710 [INFO]  Epoch[4] Validation-cross-entropy=0.429607
2024-02-02 16:15:58,710 [INFO]  Epoch[4] Validation-cp-accuracy=0.000000
2024-02-02 16:15:58,710 [INFO]  
========== done (0.05254244804382324 s) fit model
2024-02-02 16:16:02,262 [INFO]  
========== start: fit model
2024-02-02 16:16:02,263 [WARNING]  Already bound, ignoring bind()
2024-02-02 16:16:02,269 [INFO]  Epoch[0] Batch [0-7]	Speed: 26993.16 samples/sec	cross-entropy=11.869273	cp-accuracy=0.000000
2024-02-02 16:16:02,273 [INFO]  Epoch[0] Train-cross-entropy=11.622817
2024-02-02 16:16:02,273 [INFO]  Epoch[0] Train-cp-accuracy=0.000000
2024-02-02 16:16:02,273 [INFO]  Epoch[0] Time cost=0.009
2024-02-02 16:16:02,274 [INFO]  Saved checkpoint to "./imputer_model/imputer_model_cp/model-0000.params"
2024-02-02 16:16:02,275 [INFO]  Epoch[0] Validation-cross-entropy=1.062279
2024-02-02 16:16:02,275 [INFO]  Epoch[0] Validation-cp-accuracy=0.000000
2024-02-02 16:16:02,280 [INFO]  Epoch[1] Batch [0-7]	Speed: 21880.95 samples/sec	cross-entropy=2.989831	cp-accuracy=0.000000
2024-02-02 16:16:02,284 [INFO]  Epoch[1] Train-cross-entropy=2.866134
2024-02-02 16:16:02,284 [INFO]  Epoch[1] Train-cp-accuracy=0.000000
2024-02-02 16:16:02,284 [INFO]  Epoch[1] Time cost=0.009
2024-02-02 16:16:02,285 [INFO]  Saved checkpoint to "./imputer_model/imputer_model_cp/model-0001.params"
2024-02-02 16:16:02,286 [INFO]  Epoch[1] Validation-cross-entropy=0.998260
2024-02-02 16:16:02,286 [INFO]  Epoch[1] Validation-cp-accuracy=0.000000
2024-02-02 16:16:02,293 [INFO]  Epoch[2] Batch [0-7]	Speed: 21932.03 samples/sec	cross-entropy=0.894690	cp-accuracy=0.000000
2024-02-02 16:16:02,297 [INFO]  Epoch[2] Train-cross-entropy=0.811162
2024-02-02 16:16:02,297 [INFO]  Epoch[2] Train-cp-accuracy=0.000000
2024-02-02 16:16:02,297 [INFO]  Epoch[2] Time cost=0.011
2024-02-02 16:16:02,299 [INFO]  Saved checkpoint to "./imputer_model/imputer_model_cp/model-0002.params"
2024-02-02 16:16:02,300 [INFO]  Epoch[2] Validation-cross-entropy=1.269279
2024-02-02 16:16:02,300 [INFO]  Epoch[2] Validation-cp-accuracy=0.000000
2024-02-02 16:16:02,305 [INFO]  Epoch[3] Batch [0-7]	Speed: 25905.04 samples/sec	cross-entropy=0.641775	cp-accuracy=0.000000
2024-02-02 16:16:02,309 [INFO]  Epoch[3] Train-cross-entropy=0.570093
2024-02-02 16:16:02,309 [INFO]  Epoch[3] Train-cp-accuracy=0.000000
2024-02-02 16:16:02,309 [INFO]  Epoch[3] Time cost=0.009
2024-02-02 16:16:02,310 [INFO]  Saved checkpoint to "./imputer_model/imputer_model_cp/model-0003.params"
2024-02-02 16:16:02,311 [INFO]  Epoch[3] Validation-cross-entropy=0.266947
2024-02-02 16:16:02,311 [INFO]  Epoch[3] Validation-cp-accuracy=0.000000
2024-02-02 16:16:02,319 [INFO]  Epoch[4] Batch [0-7]	Speed: 18265.18 samples/sec	cross-entropy=0.355708	cp-accuracy=0.000000
2024-02-02 16:16:02,325 [INFO]  Epoch[4] Train-cross-entropy=0.332935
2024-02-02 16:16:02,325 [INFO]  Epoch[4] Train-cp-accuracy=0.000000
2024-02-02 16:16:02,325 [INFO]  Epoch[4] Time cost=0.014
2024-02-02 16:16:02,327 [INFO]  Saved checkpoint to "./imputer_model/imputer_model_cp/model-0004.params"
2024-02-02 16:16:02,327 [INFO]  Epoch[4] Validation-cross-entropy=0.316753
2024-02-02 16:16:02,327 [INFO]  Epoch[4] Validation-cp-accuracy=0.000000
2024-02-02 16:16:02,327 [INFO]  
========== done (0.06509685516357422 s) fit model
2024-02-02 16:16:06,058 [INFO]  
========== start: fit model
2024-02-02 16:16:06,058 [WARNING]  Already bound, ignoring bind()
2024-02-02 16:16:06,069 [INFO]  Epoch[0] Batch [0-7]	Speed: 12914.78 samples/sec	cross-entropy=19.359820	cp-accuracy=2.625000
2024-02-02 16:16:06,078 [INFO]  Epoch[0] Train-cross-entropy=15.028585
2024-02-02 16:16:06,078 [INFO]  Epoch[0] Train-cp-accuracy=2.357143
2024-02-02 16:16:06,078 [INFO]  Epoch[0] Time cost=0.019
2024-02-02 16:16:06,081 [INFO]  Saved checkpoint to "./imputer_model/imputer_model_cp/model-0000.params"
2024-02-02 16:16:06,082 [INFO]  Epoch[0] Validation-cross-entropy=3.764724
2024-02-02 16:16:06,082 [INFO]  Epoch[0] Validation-cp-accuracy=0.000000
2024-02-02 16:16:06,088 [INFO]  Epoch[1] Batch [0-7]	Speed: 21125.24 samples/sec	cross-entropy=5.279599	cp-accuracy=2.625000
2024-02-02 16:16:06,093 [INFO]  Epoch[1] Train-cross-entropy=4.009869
2024-02-02 16:16:06,093 [INFO]  Epoch[1] Train-cp-accuracy=2.357143
2024-02-02 16:16:06,093 [INFO]  Epoch[1] Time cost=0.011
2024-02-02 16:16:06,094 [INFO]  Saved checkpoint to "./imputer_model/imputer_model_cp/model-0001.params"
2024-02-02 16:16:06,095 [INFO]  Epoch[1] Validation-cross-entropy=3.456516
2024-02-02 16:16:06,095 [INFO]  Epoch[1] Validation-cp-accuracy=0.000000
2024-02-02 16:16:06,100 [INFO]  Epoch[2] Batch [0-7]	Speed: 24202.06 samples/sec	cross-entropy=1.658148	cp-accuracy=2.625000
2024-02-02 16:16:06,104 [INFO]  Epoch[2] Train-cross-entropy=1.221720
2024-02-02 16:16:06,104 [INFO]  Epoch[2] Train-cp-accuracy=2.357143
2024-02-02 16:16:06,104 [INFO]  Epoch[2] Time cost=0.009
2024-02-02 16:16:06,106 [INFO]  Saved checkpoint to "./imputer_model/imputer_model_cp/model-0002.params"
2024-02-02 16:16:06,106 [INFO]  Epoch[2] Validation-cross-entropy=1.445009
2024-02-02 16:16:06,106 [INFO]  Epoch[2] Validation-cp-accuracy=0.000000
2024-02-02 16:16:06,112 [INFO]  Epoch[3] Batch [0-7]	Speed: 25127.68 samples/sec	cross-entropy=0.681982	cp-accuracy=2.625000
2024-02-02 16:16:06,115 [INFO]  Epoch[3] Train-cross-entropy=0.588645
2024-02-02 16:16:06,116 [INFO]  Epoch[3] Train-cp-accuracy=2.357143
2024-02-02 16:16:06,116 [INFO]  Epoch[3] Time cost=0.009
2024-02-02 16:16:06,137 [INFO]  Saved checkpoint to "./imputer_model/imputer_model_cp/model-0003.params"
2024-02-02 16:16:06,138 [INFO]  Epoch[3] Validation-cross-entropy=0.743324
2024-02-02 16:16:06,139 [INFO]  Epoch[3] Validation-cp-accuracy=0.000000
2024-02-02 16:16:06,145 [INFO]  Epoch[4] Batch [0-7]	Speed: 21258.13 samples/sec	cross-entropy=0.430821	cp-accuracy=2.625000
2024-02-02 16:16:06,149 [INFO]  Epoch[4] Train-cross-entropy=0.382378
2024-02-02 16:16:06,149 [INFO]  Epoch[4] Train-cp-accuracy=2.357143
2024-02-02 16:16:06,149 [INFO]  Epoch[4] Time cost=0.011
2024-02-02 16:16:06,155 [INFO]  Saved checkpoint to "./imputer_model/imputer_model_cp/model-0004.params"
2024-02-02 16:16:06,156 [INFO]  Epoch[4] Validation-cross-entropy=0.522188
2024-02-02 16:16:06,156 [INFO]  Epoch[4] Validation-cp-accuracy=0.000000
2024-02-02 16:16:06,156 [INFO]  
========== done (0.09774327278137207 s) fit model
2024-02-02 16:16:10,072 [INFO]  
========== start: fit model
2024-02-02 16:16:10,072 [WARNING]  Already bound, ignoring bind()
2024-02-02 16:16:10,087 [INFO]  Epoch[0] Batch [0-7]	Speed: 10304.28 samples/sec	cross-entropy=13.612147	cp-accuracy=3.375000
2024-02-02 16:16:10,095 [INFO]  Epoch[0] Train-cross-entropy=11.837869
2024-02-02 16:16:10,096 [INFO]  Epoch[0] Train-cp-accuracy=2.500000
2024-02-02 16:16:10,096 [INFO]  Epoch[0] Time cost=0.023
2024-02-02 16:16:10,098 [INFO]  Saved checkpoint to "./imputer_model/imputer_model_cp/model-0000.params"
2024-02-02 16:16:10,099 [INFO]  Epoch[0] Validation-cross-entropy=9.254933
2024-02-02 16:16:10,099 [INFO]  Epoch[0] Validation-cp-accuracy=0.000000
2024-02-02 16:16:10,107 [INFO]  Epoch[1] Batch [0-7]	Speed: 18193.73 samples/sec	cross-entropy=3.485828	cp-accuracy=3.375000
2024-02-02 16:16:10,112 [INFO]  Epoch[1] Train-cross-entropy=2.872417
2024-02-02 16:16:10,112 [INFO]  Epoch[1] Train-cp-accuracy=2.500000
2024-02-02 16:16:10,112 [INFO]  Epoch[1] Time cost=0.013
2024-02-02 16:16:10,113 [INFO]  Saved checkpoint to "./imputer_model/imputer_model_cp/model-0001.params"
2024-02-02 16:16:10,114 [INFO]  Epoch[1] Validation-cross-entropy=3.150470
2024-02-02 16:16:10,114 [INFO]  Epoch[1] Validation-cp-accuracy=0.000000
2024-02-02 16:16:10,119 [INFO]  Epoch[2] Batch [0-7]	Speed: 28048.84 samples/sec	cross-entropy=0.806006	cp-accuracy=3.375000
2024-02-02 16:16:10,123 [INFO]  Epoch[2] Train-cross-entropy=0.833562
2024-02-02 16:16:10,123 [INFO]  Epoch[2] Train-cp-accuracy=2.500000
2024-02-02 16:16:10,123 [INFO]  Epoch[2] Time cost=0.008
2024-02-02 16:16:10,124 [INFO]  Saved checkpoint to "./imputer_model/imputer_model_cp/model-0002.params"
2024-02-02 16:16:10,124 [INFO]  Epoch[2] Validation-cross-entropy=1.249347
2024-02-02 16:16:10,124 [INFO]  Epoch[2] Validation-cp-accuracy=0.000000
2024-02-02 16:16:10,129 [INFO]  Epoch[3] Batch [0-7]	Speed: 26113.85 samples/sec	cross-entropy=0.537276	cp-accuracy=3.375000
2024-02-02 16:16:10,133 [INFO]  Epoch[3] Train-cross-entropy=0.538445
2024-02-02 16:16:10,133 [INFO]  Epoch[3] Train-cp-accuracy=2.500000
2024-02-02 16:16:10,133 [INFO]  Epoch[3] Time cost=0.009
2024-02-02 16:16:10,134 [INFO]  Saved checkpoint to "./imputer_model/imputer_model_cp/model-0003.params"
2024-02-02 16:16:10,135 [INFO]  Epoch[3] Validation-cross-entropy=1.119458
2024-02-02 16:16:10,135 [INFO]  Epoch[3] Validation-cp-accuracy=0.000000
2024-02-02 16:16:10,140 [INFO]  Epoch[4] Batch [0-7]	Speed: 26321.63 samples/sec	cross-entropy=0.378577	cp-accuracy=3.375000
2024-02-02 16:16:10,144 [INFO]  Epoch[4] Train-cross-entropy=0.361782
2024-02-02 16:16:10,144 [INFO]  Epoch[4] Train-cp-accuracy=2.500000
2024-02-02 16:16:10,144 [INFO]  Epoch[4] Time cost=0.009
2024-02-02 16:16:10,145 [INFO]  Saved checkpoint to "./imputer_model/imputer_model_cp/model-0004.params"
2024-02-02 16:16:10,145 [INFO]  Epoch[4] Validation-cross-entropy=1.231326
2024-02-02 16:16:10,146 [INFO]  Epoch[4] Validation-cp-accuracy=0.000000
2024-02-02 16:16:10,146 [INFO]  
========== done (0.07341146469116211 s) fit model
2024-02-02 16:16:13,831 [INFO]  
========== start: fit model
2024-02-02 16:16:13,831 [WARNING]  Already bound, ignoring bind()
2024-02-02 16:16:13,838 [INFO]  Epoch[0] Batch [0-7]	Speed: 23046.76 samples/sec	cross-entropy=9.376818	cp-accuracy=2.250000
2024-02-02 16:16:13,843 [INFO]  Epoch[0] Train-cross-entropy=6.979073
2024-02-02 16:16:13,843 [INFO]  Epoch[0] Train-cp-accuracy=3.142857
2024-02-02 16:16:13,843 [INFO]  Epoch[0] Time cost=0.011
2024-02-02 16:16:13,845 [INFO]  Saved checkpoint to "./imputer_model/imputer_model_cp/model-0000.params"
2024-02-02 16:16:13,846 [INFO]  Epoch[0] Validation-cross-entropy=2.500703
2024-02-02 16:16:13,846 [INFO]  Epoch[0] Validation-cp-accuracy=0.000000
2024-02-02 16:16:13,854 [INFO]  Epoch[1] Batch [0-7]	Speed: 16696.71 samples/sec	cross-entropy=1.292238	cp-accuracy=2.250000
2024-02-02 16:16:13,859 [INFO]  Epoch[1] Train-cross-entropy=0.999967
2024-02-02 16:16:13,859 [INFO]  Epoch[1] Train-cp-accuracy=3.142857
2024-02-02 16:16:13,859 [INFO]  Epoch[1] Time cost=0.013
2024-02-02 16:16:13,860 [INFO]  Saved checkpoint to "./imputer_model/imputer_model_cp/model-0001.params"
2024-02-02 16:16:13,861 [INFO]  Epoch[1] Validation-cross-entropy=1.770595
2024-02-02 16:16:13,861 [INFO]  Epoch[1] Validation-cp-accuracy=0.000000
2024-02-02 16:16:13,868 [INFO]  Epoch[2] Batch [0-7]	Speed: 18862.16 samples/sec	cross-entropy=0.526433	cp-accuracy=2.250000
2024-02-02 16:16:13,874 [INFO]  Epoch[2] Train-cross-entropy=0.505526
2024-02-02 16:16:13,874 [INFO]  Epoch[2] Train-cp-accuracy=3.142857
2024-02-02 16:16:13,874 [INFO]  Epoch[2] Time cost=0.013
2024-02-02 16:16:13,878 [INFO]  Saved checkpoint to "./imputer_model/imputer_model_cp/model-0002.params"
2024-02-02 16:16:13,878 [INFO]  Epoch[2] Validation-cross-entropy=0.478152
2024-02-02 16:16:13,879 [INFO]  Epoch[2] Validation-cp-accuracy=0.000000
2024-02-02 16:16:13,885 [INFO]  Epoch[3] Batch [0-7]	Speed: 20434.21 samples/sec	cross-entropy=0.292597	cp-accuracy=2.250000
2024-02-02 16:16:13,890 [INFO]  Epoch[3] Train-cross-entropy=0.249732
2024-02-02 16:16:13,890 [INFO]  Epoch[3] Train-cp-accuracy=3.142857
2024-02-02 16:16:13,890 [INFO]  Epoch[3] Time cost=0.011
2024-02-02 16:16:13,891 [INFO]  Saved checkpoint to "./imputer_model/imputer_model_cp/model-0003.params"
2024-02-02 16:16:13,892 [INFO]  Epoch[3] Validation-cross-entropy=0.528336
2024-02-02 16:16:13,892 [INFO]  Epoch[3] Validation-cp-accuracy=0.000000
2024-02-02 16:16:13,899 [INFO]  Epoch[4] Batch [0-7]	Speed: 20205.69 samples/sec	cross-entropy=0.159757	cp-accuracy=2.250000
2024-02-02 16:16:13,904 [INFO]  Epoch[4] Train-cross-entropy=0.152630
2024-02-02 16:16:13,904 [INFO]  Epoch[4] Train-cp-accuracy=3.142857
2024-02-02 16:16:13,904 [INFO]  Epoch[4] Time cost=0.012
2024-02-02 16:16:13,906 [INFO]  Saved checkpoint to "./imputer_model/imputer_model_cp/model-0004.params"
2024-02-02 16:16:13,907 [INFO]  Epoch[4] Validation-cross-entropy=0.421455
2024-02-02 16:16:13,907 [INFO]  Epoch[4] Validation-cp-accuracy=0.000000
2024-02-02 16:16:13,907 [INFO]  
========== done (0.07568812370300293 s) fit model
2024-02-02 16:16:17,683 [INFO]  
========== start: fit model
2024-02-02 16:16:17,683 [WARNING]  Already bound, ignoring bind()
2024-02-02 16:16:17,690 [INFO]  Epoch[0] Batch [0-7]	Speed: 23033.20 samples/sec	cross-entropy=10.471729	cp-accuracy=2.125000
2024-02-02 16:16:17,694 [INFO]  Epoch[0] Train-cross-entropy=8.919625
2024-02-02 16:16:17,694 [INFO]  Epoch[0] Train-cp-accuracy=2.285714
2024-02-02 16:16:17,695 [INFO]  Epoch[0] Time cost=0.011
2024-02-02 16:16:17,696 [INFO]  Saved checkpoint to "./imputer_model/imputer_model_cp/model-0000.params"
2024-02-02 16:16:17,697 [INFO]  Epoch[0] Validation-cross-entropy=2.728425
2024-02-02 16:16:17,697 [INFO]  Epoch[0] Validation-cp-accuracy=0.000000
2024-02-02 16:16:17,707 [INFO]  Epoch[1] Batch [0-7]	Speed: 11598.49 samples/sec	cross-entropy=2.441945	cp-accuracy=2.125000
2024-02-02 16:16:17,717 [INFO]  Epoch[1] Train-cross-entropy=2.044406
2024-02-02 16:16:17,717 [INFO]  Epoch[1] Train-cp-accuracy=2.285714
2024-02-02 16:16:17,717 [INFO]  Epoch[1] Time cost=0.020
2024-02-02 16:16:17,720 [INFO]  Saved checkpoint to "./imputer_model/imputer_model_cp/model-0001.params"
2024-02-02 16:16:17,721 [INFO]  Epoch[1] Validation-cross-entropy=1.287356
2024-02-02 16:16:17,721 [INFO]  Epoch[1] Validation-cp-accuracy=0.000000
2024-02-02 16:16:17,729 [INFO]  Epoch[2] Batch [0-7]	Speed: 15864.98 samples/sec	cross-entropy=0.924906	cp-accuracy=2.125000
2024-02-02 16:16:17,733 [INFO]  Epoch[2] Train-cross-entropy=0.717063
2024-02-02 16:16:17,734 [INFO]  Epoch[2] Train-cp-accuracy=2.285714
2024-02-02 16:16:17,734 [INFO]  Epoch[2] Time cost=0.013
2024-02-02 16:16:17,735 [INFO]  Saved checkpoint to "./imputer_model/imputer_model_cp/model-0002.params"
2024-02-02 16:16:17,736 [INFO]  Epoch[2] Validation-cross-entropy=2.309740
2024-02-02 16:16:17,736 [INFO]  Epoch[2] Validation-cp-accuracy=0.000000
2024-02-02 16:16:17,741 [INFO]  Epoch[3] Batch [0-7]	Speed: 25789.85 samples/sec	cross-entropy=0.660788	cp-accuracy=2.125000
2024-02-02 16:16:17,745 [INFO]  Epoch[3] Train-cross-entropy=0.501312
2024-02-02 16:16:17,745 [INFO]  Epoch[3] Train-cp-accuracy=2.285714
2024-02-02 16:16:17,745 [INFO]  Epoch[3] Time cost=0.009
2024-02-02 16:16:17,746 [INFO]  Saved checkpoint to "./imputer_model/imputer_model_cp/model-0003.params"
2024-02-02 16:16:17,746 [INFO]  Epoch[3] Validation-cross-entropy=1.305392
2024-02-02 16:16:17,746 [INFO]  Epoch[3] Validation-cp-accuracy=0.000000
2024-02-02 16:16:17,752 [INFO]  Epoch[4] Batch [0-7]	Speed: 24588.43 samples/sec	cross-entropy=0.389882	cp-accuracy=2.125000
2024-02-02 16:16:17,756 [INFO]  Epoch[4] Train-cross-entropy=0.304384
2024-02-02 16:16:17,756 [INFO]  Epoch[4] Train-cp-accuracy=2.285714
2024-02-02 16:16:17,756 [INFO]  Epoch[4] Time cost=0.009
2024-02-02 16:16:17,757 [INFO]  Saved checkpoint to "./imputer_model/imputer_model_cp/model-0004.params"
2024-02-02 16:16:17,758 [INFO]  Epoch[4] Validation-cross-entropy=0.810492
2024-02-02 16:16:17,758 [INFO]  Epoch[4] Validation-cp-accuracy=0.000000
2024-02-02 16:16:17,758 [INFO]  
========== done (0.0748291015625 s) fit model
2024-02-02 16:16:21,644 [INFO]  
========== start: fit model
2024-02-02 16:16:21,644 [WARNING]  Already bound, ignoring bind()
2024-02-02 16:16:21,650 [INFO]  Epoch[0] Batch [0-7]	Speed: 26103.69 samples/sec	cross-entropy=15.844365	cp-accuracy=0.000000
2024-02-02 16:16:21,654 [INFO]  Epoch[0] Train-cross-entropy=12.582474
2024-02-02 16:16:21,654 [INFO]  Epoch[0] Train-cp-accuracy=0.000000
2024-02-02 16:16:21,654 [INFO]  Epoch[0] Time cost=0.009
2024-02-02 16:16:21,655 [INFO]  Saved checkpoint to "./imputer_model/imputer_model_cp/model-0000.params"
2024-02-02 16:16:21,656 [INFO]  Epoch[0] Validation-cross-entropy=1.692122
2024-02-02 16:16:21,656 [INFO]  Epoch[0] Validation-cp-accuracy=0.000000
2024-02-02 16:16:21,661 [INFO]  Epoch[1] Batch [0-7]	Speed: 27021.11 samples/sec	cross-entropy=4.139437	cp-accuracy=0.000000
2024-02-02 16:16:21,664 [INFO]  Epoch[1] Train-cross-entropy=3.284118
2024-02-02 16:16:21,664 [INFO]  Epoch[1] Train-cp-accuracy=0.000000
2024-02-02 16:16:21,664 [INFO]  Epoch[1] Time cost=0.008
2024-02-02 16:16:21,665 [INFO]  Saved checkpoint to "./imputer_model/imputer_model_cp/model-0001.params"
2024-02-02 16:16:21,666 [INFO]  Epoch[1] Validation-cross-entropy=1.115337
2024-02-02 16:16:21,666 [INFO]  Epoch[1] Validation-cp-accuracy=0.000000
2024-02-02 16:16:21,671 [INFO]  Epoch[2] Batch [0-7]	Speed: 27783.42 samples/sec	cross-entropy=0.950632	cp-accuracy=0.000000
2024-02-02 16:16:21,674 [INFO]  Epoch[2] Train-cross-entropy=0.937577
2024-02-02 16:16:21,674 [INFO]  Epoch[2] Train-cp-accuracy=0.000000
2024-02-02 16:16:21,674 [INFO]  Epoch[2] Time cost=0.008
2024-02-02 16:16:21,676 [INFO]  Saved checkpoint to "./imputer_model/imputer_model_cp/model-0002.params"
2024-02-02 16:16:21,676 [INFO]  Epoch[2] Validation-cross-entropy=0.728706
2024-02-02 16:16:21,676 [INFO]  Epoch[2] Validation-cp-accuracy=0.000000
2024-02-02 16:16:21,681 [INFO]  Epoch[3] Batch [0-7]	Speed: 28173.33 samples/sec	cross-entropy=0.530056	cp-accuracy=0.000000
2024-02-02 16:16:21,684 [INFO]  Epoch[3] Train-cross-entropy=0.512299
2024-02-02 16:16:21,685 [INFO]  Epoch[3] Train-cp-accuracy=0.000000
2024-02-02 16:16:21,685 [INFO]  Epoch[3] Time cost=0.008
2024-02-02 16:16:21,686 [INFO]  Saved checkpoint to "./imputer_model/imputer_model_cp/model-0003.params"
2024-02-02 16:16:21,686 [INFO]  Epoch[3] Validation-cross-entropy=0.477470
2024-02-02 16:16:21,686 [INFO]  Epoch[3] Validation-cp-accuracy=0.000000
2024-02-02 16:16:21,691 [INFO]  Epoch[4] Batch [0-7]	Speed: 27259.45 samples/sec	cross-entropy=0.329622	cp-accuracy=0.000000
2024-02-02 16:16:21,695 [INFO]  Epoch[4] Train-cross-entropy=0.309213
2024-02-02 16:16:21,695 [INFO]  Epoch[4] Train-cp-accuracy=0.000000
2024-02-02 16:16:21,695 [INFO]  Epoch[4] Time cost=0.008
2024-02-02 16:16:21,696 [INFO]  Saved checkpoint to "./imputer_model/imputer_model_cp/model-0004.params"
2024-02-02 16:16:21,697 [INFO]  Epoch[4] Validation-cross-entropy=0.511653
2024-02-02 16:16:21,697 [INFO]  Epoch[4] Validation-cp-accuracy=0.000000
2024-02-02 16:16:21,697 [INFO]  
========== done (0.05296754837036133 s) fit model
2024-02-02 16:16:25,786 [INFO]  
========== start: fit model
2024-02-02 16:16:25,787 [WARNING]  Already bound, ignoring bind()
2024-02-02 16:16:25,793 [INFO]  Epoch[0] Batch [0-7]	Speed: 24979.37 samples/sec	cross-entropy=15.229284	cp-accuracy=2.750000
2024-02-02 16:16:25,798 [INFO]  Epoch[0] Train-cross-entropy=12.450161
2024-02-02 16:16:25,798 [INFO]  Epoch[0] Train-cp-accuracy=3.142857
2024-02-02 16:16:25,798 [INFO]  Epoch[0] Time cost=0.011
2024-02-02 16:16:25,800 [INFO]  Saved checkpoint to "./imputer_model/imputer_model_cp/model-0000.params"
2024-02-02 16:16:25,801 [INFO]  Epoch[0] Validation-cross-entropy=5.455138
2024-02-02 16:16:25,801 [INFO]  Epoch[0] Validation-cp-accuracy=0.000000
2024-02-02 16:16:25,808 [INFO]  Epoch[1] Batch [0-7]	Speed: 17960.70 samples/sec	cross-entropy=3.884495	cp-accuracy=2.750000
2024-02-02 16:16:25,812 [INFO]  Epoch[1] Train-cross-entropy=3.311445
2024-02-02 16:16:25,812 [INFO]  Epoch[1] Train-cp-accuracy=3.142857
2024-02-02 16:16:25,812 [INFO]  Epoch[1] Time cost=0.011
2024-02-02 16:16:25,813 [INFO]  Saved checkpoint to "./imputer_model/imputer_model_cp/model-0001.params"
2024-02-02 16:16:25,814 [INFO]  Epoch[1] Validation-cross-entropy=1.262474
2024-02-02 16:16:25,814 [INFO]  Epoch[1] Validation-cp-accuracy=0.000000
2024-02-02 16:16:25,820 [INFO]  Epoch[2] Batch [0-7]	Speed: 23805.91 samples/sec	cross-entropy=1.096619	cp-accuracy=2.750000
2024-02-02 16:16:25,823 [INFO]  Epoch[2] Train-cross-entropy=1.065310
2024-02-02 16:16:25,823 [INFO]  Epoch[2] Train-cp-accuracy=3.142857
2024-02-02 16:16:25,823 [INFO]  Epoch[2] Time cost=0.009
2024-02-02 16:16:25,825 [INFO]  Saved checkpoint to "./imputer_model/imputer_model_cp/model-0002.params"
2024-02-02 16:16:25,825 [INFO]  Epoch[2] Validation-cross-entropy=0.662495
2024-02-02 16:16:25,825 [INFO]  Epoch[2] Validation-cp-accuracy=0.000000
2024-02-02 16:16:25,830 [INFO]  Epoch[3] Batch [0-7]	Speed: 29250.44 samples/sec	cross-entropy=0.692003	cp-accuracy=2.750000
2024-02-02 16:16:25,834 [INFO]  Epoch[3] Train-cross-entropy=0.675857
2024-02-02 16:16:25,834 [INFO]  Epoch[3] Train-cp-accuracy=3.142857
2024-02-02 16:16:25,834 [INFO]  Epoch[3] Time cost=0.008
2024-02-02 16:16:25,835 [INFO]  Saved checkpoint to "./imputer_model/imputer_model_cp/model-0003.params"
2024-02-02 16:16:25,835 [INFO]  Epoch[3] Validation-cross-entropy=0.476485
2024-02-02 16:16:25,835 [INFO]  Epoch[3] Validation-cp-accuracy=0.000000
2024-02-02 16:16:25,840 [INFO]  Epoch[4] Batch [0-7]	Speed: 28738.65 samples/sec	cross-entropy=0.425853	cp-accuracy=2.750000
2024-02-02 16:16:25,844 [INFO]  Epoch[4] Train-cross-entropy=0.440029
2024-02-02 16:16:25,844 [INFO]  Epoch[4] Train-cp-accuracy=3.142857
2024-02-02 16:16:25,844 [INFO]  Epoch[4] Time cost=0.009
2024-02-02 16:16:25,845 [INFO]  Saved checkpoint to "./imputer_model/imputer_model_cp/model-0004.params"
2024-02-02 16:16:25,846 [INFO]  Epoch[4] Validation-cross-entropy=0.444421
2024-02-02 16:16:25,846 [INFO]  Epoch[4] Validation-cp-accuracy=0.000000
2024-02-02 16:16:25,846 [INFO]  
========== done (0.05968284606933594 s) fit model
2024-02-02 16:16:29,800 [INFO]  
========== start: fit model
2024-02-02 16:16:29,800 [WARNING]  Already bound, ignoring bind()
2024-02-02 16:16:29,807 [INFO]  Epoch[0] Batch [0-7]	Speed: 23207.29 samples/sec	cross-entropy=12.178429	cp-accuracy=0.000000
2024-02-02 16:16:29,811 [INFO]  Epoch[0] Train-cross-entropy=8.943282
2024-02-02 16:16:29,812 [INFO]  Epoch[0] Train-cp-accuracy=0.000000
2024-02-02 16:16:29,812 [INFO]  Epoch[0] Time cost=0.011
2024-02-02 16:16:29,813 [INFO]  Saved checkpoint to "./imputer_model/imputer_model_cp/model-0000.params"
2024-02-02 16:16:29,813 [INFO]  Epoch[0] Validation-cross-entropy=4.789600
2024-02-02 16:16:29,814 [INFO]  Epoch[0] Validation-cp-accuracy=0.000000
2024-02-02 16:16:29,818 [INFO]  Epoch[1] Batch [0-7]	Speed: 28326.22 samples/sec	cross-entropy=2.004809	cp-accuracy=0.000000
2024-02-02 16:16:29,822 [INFO]  Epoch[1] Train-cross-entropy=1.554686
2024-02-02 16:16:29,822 [INFO]  Epoch[1] Train-cp-accuracy=0.000000
2024-02-02 16:16:29,822 [INFO]  Epoch[1] Time cost=0.008
2024-02-02 16:16:29,823 [INFO]  Saved checkpoint to "./imputer_model/imputer_model_cp/model-0001.params"
2024-02-02 16:16:29,824 [INFO]  Epoch[1] Validation-cross-entropy=2.342440
2024-02-02 16:16:29,824 [INFO]  Epoch[1] Validation-cp-accuracy=0.000000
2024-02-02 16:16:29,829 [INFO]  Epoch[2] Batch [0-7]	Speed: 26895.80 samples/sec	cross-entropy=0.730455	cp-accuracy=0.000000
2024-02-02 16:16:29,832 [INFO]  Epoch[2] Train-cross-entropy=0.689490
2024-02-02 16:16:29,832 [INFO]  Epoch[2] Train-cp-accuracy=0.000000
2024-02-02 16:16:29,832 [INFO]  Epoch[2] Time cost=0.009
2024-02-02 16:16:29,833 [INFO]  Saved checkpoint to "./imputer_model/imputer_model_cp/model-0002.params"
2024-02-02 16:16:29,834 [INFO]  Epoch[2] Validation-cross-entropy=0.862721
2024-02-02 16:16:29,834 [INFO]  Epoch[2] Validation-cp-accuracy=0.000000
2024-02-02 16:16:29,839 [INFO]  Epoch[3] Batch [0-7]	Speed: 28468.70 samples/sec	cross-entropy=0.449018	cp-accuracy=0.000000
2024-02-02 16:16:29,842 [INFO]  Epoch[3] Train-cross-entropy=0.400386
2024-02-02 16:16:29,842 [INFO]  Epoch[3] Train-cp-accuracy=0.000000
2024-02-02 16:16:29,842 [INFO]  Epoch[3] Time cost=0.008
2024-02-02 16:16:29,844 [INFO]  Saved checkpoint to "./imputer_model/imputer_model_cp/model-0003.params"
2024-02-02 16:16:29,844 [INFO]  Epoch[3] Validation-cross-entropy=0.843174
2024-02-02 16:16:29,844 [INFO]  Epoch[3] Validation-cp-accuracy=0.000000
2024-02-02 16:16:29,849 [INFO]  Epoch[4] Batch [0-7]	Speed: 27291.12 samples/sec	cross-entropy=0.317917	cp-accuracy=0.000000
2024-02-02 16:16:29,853 [INFO]  Epoch[4] Train-cross-entropy=0.279100
2024-02-02 16:16:29,853 [INFO]  Epoch[4] Train-cp-accuracy=0.000000
2024-02-02 16:16:29,853 [INFO]  Epoch[4] Time cost=0.008
2024-02-02 16:16:29,854 [INFO]  Saved checkpoint to "./imputer_model/imputer_model_cp/model-0004.params"
2024-02-02 16:16:29,855 [INFO]  Epoch[4] Validation-cross-entropy=0.675260
2024-02-02 16:16:29,855 [INFO]  Epoch[4] Validation-cp-accuracy=0.000000
2024-02-02 16:16:29,855 [INFO]  
========== done (0.05495882034301758 s) fit model
2024-02-02 16:16:33,698 [INFO]  
========== start: fit model
2024-02-02 16:16:33,698 [WARNING]  Already bound, ignoring bind()
2024-02-02 16:16:33,704 [INFO]  Epoch[0] Batch [0-7]	Speed: 28840.99 samples/sec	cross-entropy=7.680881	cp-accuracy=2.500000
2024-02-02 16:16:33,707 [INFO]  Epoch[0] Train-cross-entropy=7.605560
2024-02-02 16:16:33,707 [INFO]  Epoch[0] Train-cp-accuracy=2.428571
2024-02-02 16:16:33,707 [INFO]  Epoch[0] Time cost=0.008
2024-02-02 16:16:33,708 [INFO]  Saved checkpoint to "./imputer_model/imputer_model_cp/model-0000.params"
2024-02-02 16:16:33,709 [INFO]  Epoch[0] Validation-cross-entropy=4.385914
2024-02-02 16:16:33,709 [INFO]  Epoch[0] Validation-cp-accuracy=0.000000
2024-02-02 16:16:33,714 [INFO]  Epoch[1] Batch [0-7]	Speed: 26615.41 samples/sec	cross-entropy=1.811786	cp-accuracy=2.500000
2024-02-02 16:16:33,717 [INFO]  Epoch[1] Train-cross-entropy=1.653731
2024-02-02 16:16:33,717 [INFO]  Epoch[1] Train-cp-accuracy=2.428571
2024-02-02 16:16:33,718 [INFO]  Epoch[1] Time cost=0.008
2024-02-02 16:16:33,719 [INFO]  Saved checkpoint to "./imputer_model/imputer_model_cp/model-0001.params"
2024-02-02 16:16:33,719 [INFO]  Epoch[1] Validation-cross-entropy=1.470757
2024-02-02 16:16:33,719 [INFO]  Epoch[1] Validation-cp-accuracy=0.000000
2024-02-02 16:16:33,724 [INFO]  Epoch[2] Batch [0-7]	Speed: 28802.09 samples/sec	cross-entropy=0.797440	cp-accuracy=2.500000
2024-02-02 16:16:33,727 [INFO]  Epoch[2] Train-cross-entropy=0.807854
2024-02-02 16:16:33,727 [INFO]  Epoch[2] Train-cp-accuracy=2.428571
2024-02-02 16:16:33,728 [INFO]  Epoch[2] Time cost=0.008
2024-02-02 16:16:33,729 [INFO]  Saved checkpoint to "./imputer_model/imputer_model_cp/model-0002.params"
2024-02-02 16:16:33,729 [INFO]  Epoch[2] Validation-cross-entropy=0.731420
2024-02-02 16:16:33,729 [INFO]  Epoch[2] Validation-cp-accuracy=0.000000
2024-02-02 16:16:33,734 [INFO]  Epoch[3] Batch [0-7]	Speed: 29666.06 samples/sec	cross-entropy=0.540723	cp-accuracy=2.500000
2024-02-02 16:16:33,737 [INFO]  Epoch[3] Train-cross-entropy=0.493969
2024-02-02 16:16:33,737 [INFO]  Epoch[3] Train-cp-accuracy=2.428571
2024-02-02 16:16:33,737 [INFO]  Epoch[3] Time cost=0.008
2024-02-02 16:16:33,739 [INFO]  Saved checkpoint to "./imputer_model/imputer_model_cp/model-0003.params"
2024-02-02 16:16:33,739 [INFO]  Epoch[3] Validation-cross-entropy=0.593896
2024-02-02 16:16:33,739 [INFO]  Epoch[3] Validation-cp-accuracy=0.000000
2024-02-02 16:16:33,744 [INFO]  Epoch[4] Batch [0-7]	Speed: 28960.12 samples/sec	cross-entropy=0.269465	cp-accuracy=2.500000
2024-02-02 16:16:33,747 [INFO]  Epoch[4] Train-cross-entropy=0.268713
2024-02-02 16:16:33,747 [INFO]  Epoch[4] Train-cp-accuracy=2.428571
2024-02-02 16:16:33,747 [INFO]  Epoch[4] Time cost=0.008
2024-02-02 16:16:33,749 [INFO]  Saved checkpoint to "./imputer_model/imputer_model_cp/model-0004.params"
2024-02-02 16:16:33,749 [INFO]  Epoch[4] Validation-cross-entropy=0.610176
2024-02-02 16:16:33,749 [INFO]  Epoch[4] Validation-cp-accuracy=0.000000
2024-02-02 16:16:33,749 [INFO]  
========== done (0.05115485191345215 s) fit model
2024-02-02 16:16:37,721 [INFO]  
========== start: fit model
2024-02-02 16:16:37,721 [WARNING]  Already bound, ignoring bind()
2024-02-02 16:16:37,728 [INFO]  Epoch[0] Batch [0-7]	Speed: 21627.09 samples/sec	cross-entropy=12.402013	cp-accuracy=2.625000
2024-02-02 16:16:37,735 [INFO]  Epoch[0] Train-cross-entropy=10.751459
2024-02-02 16:16:37,736 [INFO]  Epoch[0] Train-cp-accuracy=2.285714
2024-02-02 16:16:37,736 [INFO]  Epoch[0] Time cost=0.014
2024-02-02 16:16:37,738 [INFO]  Saved checkpoint to "./imputer_model/imputer_model_cp/model-0000.params"
2024-02-02 16:16:37,739 [INFO]  Epoch[0] Validation-cross-entropy=9.259825
2024-02-02 16:16:37,740 [INFO]  Epoch[0] Validation-cp-accuracy=0.000000
2024-02-02 16:16:37,749 [INFO]  Epoch[1] Batch [0-7]	Speed: 14024.42 samples/sec	cross-entropy=3.050342	cp-accuracy=2.625000
2024-02-02 16:16:37,754 [INFO]  Epoch[1] Train-cross-entropy=2.620037
2024-02-02 16:16:37,754 [INFO]  Epoch[1] Train-cp-accuracy=2.285714
2024-02-02 16:16:37,754 [INFO]  Epoch[1] Time cost=0.014
2024-02-02 16:16:37,756 [INFO]  Saved checkpoint to "./imputer_model/imputer_model_cp/model-0001.params"
2024-02-02 16:16:37,756 [INFO]  Epoch[1] Validation-cross-entropy=2.806074
2024-02-02 16:16:37,756 [INFO]  Epoch[1] Validation-cp-accuracy=0.000000
2024-02-02 16:16:37,762 [INFO]  Epoch[2] Batch [0-7]	Speed: 23768.57 samples/sec	cross-entropy=1.108475	cp-accuracy=2.625000
2024-02-02 16:16:37,766 [INFO]  Epoch[2] Train-cross-entropy=0.890775
2024-02-02 16:16:37,766 [INFO]  Epoch[2] Train-cp-accuracy=2.285714
2024-02-02 16:16:37,766 [INFO]  Epoch[2] Time cost=0.010
2024-02-02 16:16:37,768 [INFO]  Saved checkpoint to "./imputer_model/imputer_model_cp/model-0002.params"
2024-02-02 16:16:37,768 [INFO]  Epoch[2] Validation-cross-entropy=0.614094
2024-02-02 16:16:37,768 [INFO]  Epoch[2] Validation-cp-accuracy=0.000000
2024-02-02 16:16:37,773 [INFO]  Epoch[3] Batch [0-7]	Speed: 25531.93 samples/sec	cross-entropy=0.600790	cp-accuracy=2.625000
2024-02-02 16:16:37,777 [INFO]  Epoch[3] Train-cross-entropy=0.493849
2024-02-02 16:16:37,777 [INFO]  Epoch[3] Train-cp-accuracy=2.285714
2024-02-02 16:16:37,777 [INFO]  Epoch[3] Time cost=0.009
2024-02-02 16:16:37,779 [INFO]  Saved checkpoint to "./imputer_model/imputer_model_cp/model-0003.params"
2024-02-02 16:16:37,779 [INFO]  Epoch[3] Validation-cross-entropy=0.432447
2024-02-02 16:16:37,779 [INFO]  Epoch[3] Validation-cp-accuracy=0.000000
2024-02-02 16:16:37,785 [INFO]  Epoch[4] Batch [0-7]	Speed: 25348.70 samples/sec	cross-entropy=0.421305	cp-accuracy=2.625000
2024-02-02 16:16:37,789 [INFO]  Epoch[4] Train-cross-entropy=0.321780
2024-02-02 16:16:37,789 [INFO]  Epoch[4] Train-cp-accuracy=2.285714
2024-02-02 16:16:37,789 [INFO]  Epoch[4] Time cost=0.010
2024-02-02 16:16:37,790 [INFO]  Saved checkpoint to "./imputer_model/imputer_model_cp/model-0004.params"
2024-02-02 16:16:37,791 [INFO]  Epoch[4] Validation-cross-entropy=0.420090
2024-02-02 16:16:37,791 [INFO]  Epoch[4] Validation-cp-accuracy=0.000000
2024-02-02 16:16:37,791 [INFO]  
========== done (0.07065463066101074 s) fit model
2024-02-02 16:16:41,896 [INFO]  
========== start: fit model
2024-02-02 16:16:41,896 [WARNING]  Already bound, ignoring bind()
2024-02-02 16:16:41,902 [INFO]  Epoch[0] Batch [0-7]	Speed: 28261.46 samples/sec	cross-entropy=17.107540	cp-accuracy=0.000000
2024-02-02 16:16:41,906 [INFO]  Epoch[0] Train-cross-entropy=14.894718
2024-02-02 16:16:41,906 [INFO]  Epoch[0] Train-cp-accuracy=0.000000
2024-02-02 16:16:41,906 [INFO]  Epoch[0] Time cost=0.009
2024-02-02 16:16:41,907 [INFO]  Saved checkpoint to "./imputer_model/imputer_model_cp/model-0000.params"
2024-02-02 16:16:41,908 [INFO]  Epoch[0] Validation-cross-entropy=5.516113
2024-02-02 16:16:41,908 [INFO]  Epoch[0] Validation-cp-accuracy=0.000000
2024-02-02 16:16:41,912 [INFO]  Epoch[1] Batch [0-7]	Speed: 28075.67 samples/sec	cross-entropy=4.017627	cp-accuracy=0.000000
2024-02-02 16:16:41,916 [INFO]  Epoch[1] Train-cross-entropy=3.155194
2024-02-02 16:16:41,916 [INFO]  Epoch[1] Train-cp-accuracy=0.000000
2024-02-02 16:16:41,916 [INFO]  Epoch[1] Time cost=0.008
2024-02-02 16:16:41,917 [INFO]  Saved checkpoint to "./imputer_model/imputer_model_cp/model-0001.params"
2024-02-02 16:16:41,918 [INFO]  Epoch[1] Validation-cross-entropy=1.574322
2024-02-02 16:16:41,918 [INFO]  Epoch[1] Validation-cp-accuracy=0.000000
2024-02-02 16:16:41,922 [INFO]  Epoch[2] Batch [0-7]	Speed: 27566.58 samples/sec	cross-entropy=1.082652	cp-accuracy=0.000000
2024-02-02 16:16:41,926 [INFO]  Epoch[2] Train-cross-entropy=0.885704
2024-02-02 16:16:41,926 [INFO]  Epoch[2] Train-cp-accuracy=0.000000
2024-02-02 16:16:41,926 [INFO]  Epoch[2] Time cost=0.008
2024-02-02 16:16:41,927 [INFO]  Saved checkpoint to "./imputer_model/imputer_model_cp/model-0002.params"
2024-02-02 16:16:41,928 [INFO]  Epoch[2] Validation-cross-entropy=0.656189
2024-02-02 16:16:41,928 [INFO]  Epoch[2] Validation-cp-accuracy=0.000000
2024-02-02 16:16:41,933 [INFO]  Epoch[3] Batch [0-7]	Speed: 26771.64 samples/sec	cross-entropy=0.579114	cp-accuracy=0.000000
2024-02-02 16:16:41,936 [INFO]  Epoch[3] Train-cross-entropy=0.501715
2024-02-02 16:16:41,936 [INFO]  Epoch[3] Train-cp-accuracy=0.000000
2024-02-02 16:16:41,936 [INFO]  Epoch[3] Time cost=0.008
2024-02-02 16:16:41,937 [INFO]  Saved checkpoint to "./imputer_model/imputer_model_cp/model-0003.params"
2024-02-02 16:16:41,938 [INFO]  Epoch[3] Validation-cross-entropy=0.416220
2024-02-02 16:16:41,938 [INFO]  Epoch[3] Validation-cp-accuracy=0.000000
2024-02-02 16:16:41,942 [INFO]  Epoch[4] Batch [0-7]	Speed: 27887.33 samples/sec	cross-entropy=0.342448	cp-accuracy=0.000000
2024-02-02 16:16:41,946 [INFO]  Epoch[4] Train-cross-entropy=0.296614
2024-02-02 16:16:41,946 [INFO]  Epoch[4] Train-cp-accuracy=0.000000
2024-02-02 16:16:41,946 [INFO]  Epoch[4] Time cost=0.008
2024-02-02 16:16:41,947 [INFO]  Saved checkpoint to "./imputer_model/imputer_model_cp/model-0004.params"
2024-02-02 16:16:41,948 [INFO]  Epoch[4] Validation-cross-entropy=0.373231
2024-02-02 16:16:41,948 [INFO]  Epoch[4] Validation-cp-accuracy=0.000000
2024-02-02 16:16:41,948 [INFO]  
========== done (0.05181384086608887 s) fit model
2024-02-02 16:16:46,281 [INFO]  
========== start: fit model
2024-02-02 16:16:46,281 [WARNING]  Already bound, ignoring bind()
2024-02-02 16:16:46,288 [INFO]  Epoch[0] Batch [0-7]	Speed: 22285.78 samples/sec	cross-entropy=13.748679	cp-accuracy=0.000000
2024-02-02 16:16:46,294 [INFO]  Epoch[0] Train-cross-entropy=9.729700
2024-02-02 16:16:46,294 [INFO]  Epoch[0] Train-cp-accuracy=0.000000
2024-02-02 16:16:46,294 [INFO]  Epoch[0] Time cost=0.012
2024-02-02 16:16:46,297 [INFO]  Saved checkpoint to "./imputer_model/imputer_model_cp/model-0000.params"
2024-02-02 16:16:46,298 [INFO]  Epoch[0] Validation-cross-entropy=4.199881
2024-02-02 16:16:46,298 [INFO]  Epoch[0] Validation-cp-accuracy=0.000000
2024-02-02 16:16:46,309 [INFO]  Epoch[1] Batch [0-7]	Speed: 12210.17 samples/sec	cross-entropy=3.024049	cp-accuracy=0.000000
2024-02-02 16:16:46,315 [INFO]  Epoch[1] Train-cross-entropy=2.138225
2024-02-02 16:16:46,315 [INFO]  Epoch[1] Train-cp-accuracy=0.000000
2024-02-02 16:16:46,315 [INFO]  Epoch[1] Time cost=0.016
2024-02-02 16:16:46,317 [INFO]  Saved checkpoint to "./imputer_model/imputer_model_cp/model-0001.params"
2024-02-02 16:16:46,318 [INFO]  Epoch[1] Validation-cross-entropy=0.517860
2024-02-02 16:16:46,318 [INFO]  Epoch[1] Validation-cp-accuracy=0.000000
2024-02-02 16:16:46,325 [INFO]  Epoch[2] Batch [0-7]	Speed: 18517.90 samples/sec	cross-entropy=0.843583	cp-accuracy=0.000000
2024-02-02 16:16:46,333 [INFO]  Epoch[2] Train-cross-entropy=0.760096
2024-02-02 16:16:46,333 [INFO]  Epoch[2] Train-cp-accuracy=0.000000
2024-02-02 16:16:46,333 [INFO]  Epoch[2] Time cost=0.015
2024-02-02 16:16:46,336 [INFO]  Saved checkpoint to "./imputer_model/imputer_model_cp/model-0002.params"
2024-02-02 16:16:46,337 [INFO]  Epoch[2] Validation-cross-entropy=0.670395
2024-02-02 16:16:46,337 [INFO]  Epoch[2] Validation-cp-accuracy=0.000000
2024-02-02 16:16:46,344 [INFO]  Epoch[3] Batch [0-7]	Speed: 19214.74 samples/sec	cross-entropy=0.487854	cp-accuracy=0.000000
2024-02-02 16:16:46,349 [INFO]  Epoch[3] Train-cross-entropy=0.487824
2024-02-02 16:16:46,349 [INFO]  Epoch[3] Train-cp-accuracy=0.000000
2024-02-02 16:16:46,349 [INFO]  Epoch[3] Time cost=0.012
2024-02-02 16:16:46,351 [INFO]  Saved checkpoint to "./imputer_model/imputer_model_cp/model-0003.params"
2024-02-02 16:16:46,351 [INFO]  Epoch[3] Validation-cross-entropy=0.641676
2024-02-02 16:16:46,352 [INFO]  Epoch[3] Validation-cp-accuracy=0.000000
2024-02-02 16:16:46,356 [INFO]  Epoch[4] Batch [0-7]	Speed: 28331.35 samples/sec	cross-entropy=0.300038	cp-accuracy=0.000000
2024-02-02 16:16:46,360 [INFO]  Epoch[4] Train-cross-entropy=0.290902
2024-02-02 16:16:46,360 [INFO]  Epoch[4] Train-cp-accuracy=0.000000
2024-02-02 16:16:46,360 [INFO]  Epoch[4] Time cost=0.008
2024-02-02 16:16:46,361 [INFO]  Saved checkpoint to "./imputer_model/imputer_model_cp/model-0004.params"
2024-02-02 16:16:46,362 [INFO]  Epoch[4] Validation-cross-entropy=0.341028
2024-02-02 16:16:46,362 [INFO]  Epoch[4] Validation-cp-accuracy=0.000000
2024-02-02 16:16:46,362 [INFO]  
========== done (0.08113265037536621 s) fit model
2024-02-02 16:16:50,559 [INFO]  
========== start: fit model
2024-02-02 16:16:50,560 [WARNING]  Already bound, ignoring bind()
2024-02-02 16:16:50,573 [INFO]  Epoch[0] Batch [0-7]	Speed: 21790.61 samples/sec	cross-entropy=13.493458	cp-accuracy=2.500000
2024-02-02 16:16:50,577 [INFO]  Epoch[0] Train-cross-entropy=11.128327
2024-02-02 16:16:50,578 [INFO]  Epoch[0] Train-cp-accuracy=2.642857
2024-02-02 16:16:50,578 [INFO]  Epoch[0] Time cost=0.017
2024-02-02 16:16:50,579 [INFO]  Saved checkpoint to "./imputer_model/imputer_model_cp/model-0000.params"
2024-02-02 16:16:50,579 [INFO]  Epoch[0] Validation-cross-entropy=5.348067
2024-02-02 16:16:50,579 [INFO]  Epoch[0] Validation-cp-accuracy=0.000000
2024-02-02 16:16:50,585 [INFO]  Epoch[1] Batch [0-7]	Speed: 25277.77 samples/sec	cross-entropy=2.116145	cp-accuracy=2.500000
2024-02-02 16:16:50,588 [INFO]  Epoch[1] Train-cross-entropy=1.803301
2024-02-02 16:16:50,588 [INFO]  Epoch[1] Train-cp-accuracy=2.642857
2024-02-02 16:16:50,588 [INFO]  Epoch[1] Time cost=0.009
2024-02-02 16:16:50,590 [INFO]  Saved checkpoint to "./imputer_model/imputer_model_cp/model-0001.params"
2024-02-02 16:16:50,590 [INFO]  Epoch[1] Validation-cross-entropy=1.808000
2024-02-02 16:16:50,591 [INFO]  Epoch[1] Validation-cp-accuracy=0.000000
2024-02-02 16:16:50,595 [INFO]  Epoch[2] Batch [0-7]	Speed: 28668.50 samples/sec	cross-entropy=0.890518	cp-accuracy=2.500000
2024-02-02 16:16:50,599 [INFO]  Epoch[2] Train-cross-entropy=0.779107
2024-02-02 16:16:50,599 [INFO]  Epoch[2] Train-cp-accuracy=2.642857
2024-02-02 16:16:50,599 [INFO]  Epoch[2] Time cost=0.008
2024-02-02 16:16:50,600 [INFO]  Saved checkpoint to "./imputer_model/imputer_model_cp/model-0002.params"
2024-02-02 16:16:50,601 [INFO]  Epoch[2] Validation-cross-entropy=1.155957
2024-02-02 16:16:50,601 [INFO]  Epoch[2] Validation-cp-accuracy=0.000000
2024-02-02 16:16:50,606 [INFO]  Epoch[3] Batch [0-7]	Speed: 29237.70 samples/sec	cross-entropy=0.641809	cp-accuracy=2.500000
2024-02-02 16:16:50,609 [INFO]  Epoch[3] Train-cross-entropy=0.570754
2024-02-02 16:16:50,609 [INFO]  Epoch[3] Train-cp-accuracy=2.642857
2024-02-02 16:16:50,609 [INFO]  Epoch[3] Time cost=0.008
2024-02-02 16:16:50,610 [INFO]  Saved checkpoint to "./imputer_model/imputer_model_cp/model-0003.params"
2024-02-02 16:16:50,611 [INFO]  Epoch[3] Validation-cross-entropy=0.950547
2024-02-02 16:16:50,611 [INFO]  Epoch[3] Validation-cp-accuracy=0.000000
2024-02-02 16:16:50,616 [INFO]  Epoch[4] Batch [0-7]	Speed: 28810.92 samples/sec	cross-entropy=0.355968	cp-accuracy=2.500000
2024-02-02 16:16:50,619 [INFO]  Epoch[4] Train-cross-entropy=0.339848
2024-02-02 16:16:50,619 [INFO]  Epoch[4] Train-cp-accuracy=2.642857
2024-02-02 16:16:50,619 [INFO]  Epoch[4] Time cost=0.008
2024-02-02 16:16:50,620 [INFO]  Saved checkpoint to "./imputer_model/imputer_model_cp/model-0004.params"
2024-02-02 16:16:50,621 [INFO]  Epoch[4] Validation-cross-entropy=0.759705
2024-02-02 16:16:50,621 [INFO]  Epoch[4] Validation-cp-accuracy=0.000000
2024-02-02 16:16:50,621 [INFO]  
========== done (0.061635732650756836 s) fit model
2024-02-02 16:16:55,190 [INFO]  
========== start: fit model
2024-02-02 16:16:55,190 [WARNING]  Already bound, ignoring bind()
2024-02-02 16:16:55,196 [INFO]  Epoch[0] Batch [0-7]	Speed: 25900.76 samples/sec	cross-entropy=16.650218	cp-accuracy=1.750000
2024-02-02 16:16:55,200 [INFO]  Epoch[0] Train-cross-entropy=12.129925
2024-02-02 16:16:55,200 [INFO]  Epoch[0] Train-cp-accuracy=3.142857
2024-02-02 16:16:55,201 [INFO]  Epoch[0] Time cost=0.010
2024-02-02 16:16:55,202 [INFO]  Saved checkpoint to "./imputer_model/imputer_model_cp/model-0000.params"
2024-02-02 16:16:55,202 [INFO]  Epoch[0] Validation-cross-entropy=2.941277
2024-02-02 16:16:55,202 [INFO]  Epoch[0] Validation-cp-accuracy=0.000000
2024-02-02 16:16:55,208 [INFO]  Epoch[1] Batch [0-7]	Speed: 25429.66 samples/sec	cross-entropy=3.868453	cp-accuracy=1.750000
2024-02-02 16:16:55,212 [INFO]  Epoch[1] Train-cross-entropy=2.852810
2024-02-02 16:16:55,212 [INFO]  Epoch[1] Train-cp-accuracy=3.142857
2024-02-02 16:16:55,212 [INFO]  Epoch[1] Time cost=0.009
2024-02-02 16:16:55,213 [INFO]  Saved checkpoint to "./imputer_model/imputer_model_cp/model-0001.params"
2024-02-02 16:16:55,213 [INFO]  Epoch[1] Validation-cross-entropy=1.277607
2024-02-02 16:16:55,213 [INFO]  Epoch[1] Validation-cp-accuracy=0.000000
2024-02-02 16:16:55,218 [INFO]  Epoch[2] Batch [0-7]	Speed: 26931.26 samples/sec	cross-entropy=0.966010	cp-accuracy=1.750000
2024-02-02 16:16:55,222 [INFO]  Epoch[2] Train-cross-entropy=0.812476
2024-02-02 16:16:55,222 [INFO]  Epoch[2] Train-cp-accuracy=3.142857
2024-02-02 16:16:55,222 [INFO]  Epoch[2] Time cost=0.008
2024-02-02 16:16:55,223 [INFO]  Saved checkpoint to "./imputer_model/imputer_model_cp/model-0002.params"
2024-02-02 16:16:55,224 [INFO]  Epoch[2] Validation-cross-entropy=0.521124
2024-02-02 16:16:55,224 [INFO]  Epoch[2] Validation-cp-accuracy=0.000000
2024-02-02 16:16:55,228 [INFO]  Epoch[3] Batch [0-7]	Speed: 28624.83 samples/sec	cross-entropy=0.471891	cp-accuracy=1.750000
2024-02-02 16:16:55,232 [INFO]  Epoch[3] Train-cross-entropy=0.423713
2024-02-02 16:16:55,232 [INFO]  Epoch[3] Train-cp-accuracy=3.142857
2024-02-02 16:16:55,233 [INFO]  Epoch[3] Time cost=0.009
2024-02-02 16:16:55,234 [INFO]  Saved checkpoint to "./imputer_model/imputer_model_cp/model-0003.params"
2024-02-02 16:16:55,234 [INFO]  Epoch[3] Validation-cross-entropy=0.342996
2024-02-02 16:16:55,234 [INFO]  Epoch[3] Validation-cp-accuracy=0.000000
2024-02-02 16:16:55,239 [INFO]  Epoch[4] Batch [0-7]	Speed: 27245.22 samples/sec	cross-entropy=0.336665	cp-accuracy=1.750000
2024-02-02 16:16:55,244 [INFO]  Epoch[4] Train-cross-entropy=0.294195
2024-02-02 16:16:55,244 [INFO]  Epoch[4] Train-cp-accuracy=3.142857
2024-02-02 16:16:55,244 [INFO]  Epoch[4] Time cost=0.010
2024-02-02 16:16:55,246 [INFO]  Saved checkpoint to "./imputer_model/imputer_model_cp/model-0004.params"
2024-02-02 16:16:55,246 [INFO]  Epoch[4] Validation-cross-entropy=0.295823
2024-02-02 16:16:55,246 [INFO]  Epoch[4] Validation-cp-accuracy=0.000000
2024-02-02 16:16:55,246 [INFO]  
========== done (0.056529998779296875 s) fit model
2024-02-02 16:16:59,757 [INFO]  
========== start: fit model
2024-02-02 16:16:59,757 [WARNING]  Already bound, ignoring bind()
2024-02-02 16:16:59,763 [INFO]  Epoch[0] Batch [0-7]	Speed: 27318.10 samples/sec	cross-entropy=17.436809	cp-accuracy=0.000000
2024-02-02 16:16:59,767 [INFO]  Epoch[0] Train-cross-entropy=13.698369
2024-02-02 16:16:59,767 [INFO]  Epoch[0] Train-cp-accuracy=0.000000
2024-02-02 16:16:59,767 [INFO]  Epoch[0] Time cost=0.009
2024-02-02 16:16:59,768 [INFO]  Saved checkpoint to "./imputer_model/imputer_model_cp/model-0000.params"
2024-02-02 16:16:59,769 [INFO]  Epoch[0] Validation-cross-entropy=10.322563
2024-02-02 16:16:59,769 [INFO]  Epoch[0] Validation-cp-accuracy=0.000000
2024-02-02 16:16:59,774 [INFO]  Epoch[1] Batch [0-7]	Speed: 25343.23 samples/sec	cross-entropy=5.865264	cp-accuracy=0.000000
2024-02-02 16:16:59,778 [INFO]  Epoch[1] Train-cross-entropy=4.697016
2024-02-02 16:16:59,778 [INFO]  Epoch[1] Train-cp-accuracy=0.000000
2024-02-02 16:16:59,778 [INFO]  Epoch[1] Time cost=0.009
2024-02-02 16:16:59,779 [INFO]  Saved checkpoint to "./imputer_model/imputer_model_cp/model-0001.params"
2024-02-02 16:16:59,780 [INFO]  Epoch[1] Validation-cross-entropy=3.550146
2024-02-02 16:16:59,780 [INFO]  Epoch[1] Validation-cp-accuracy=0.000000
2024-02-02 16:16:59,784 [INFO]  Epoch[2] Batch [0-7]	Speed: 28758.01 samples/sec	cross-entropy=1.344467	cp-accuracy=0.000000
2024-02-02 16:16:59,788 [INFO]  Epoch[2] Train-cross-entropy=1.227496
2024-02-02 16:16:59,788 [INFO]  Epoch[2] Train-cp-accuracy=0.000000
2024-02-02 16:16:59,788 [INFO]  Epoch[2] Time cost=0.008
2024-02-02 16:16:59,789 [INFO]  Saved checkpoint to "./imputer_model/imputer_model_cp/model-0002.params"
2024-02-02 16:16:59,790 [INFO]  Epoch[2] Validation-cross-entropy=1.303200
2024-02-02 16:16:59,790 [INFO]  Epoch[2] Validation-cp-accuracy=0.000000
2024-02-02 16:16:59,795 [INFO]  Epoch[3] Batch [0-7]	Speed: 29046.07 samples/sec	cross-entropy=0.624687	cp-accuracy=0.000000
2024-02-02 16:16:59,798 [INFO]  Epoch[3] Train-cross-entropy=0.598027
2024-02-02 16:16:59,798 [INFO]  Epoch[3] Train-cp-accuracy=0.000000
2024-02-02 16:16:59,798 [INFO]  Epoch[3] Time cost=0.008
2024-02-02 16:16:59,800 [INFO]  Saved checkpoint to "./imputer_model/imputer_model_cp/model-0003.params"
2024-02-02 16:16:59,800 [INFO]  Epoch[3] Validation-cross-entropy=0.757285
2024-02-02 16:16:59,800 [INFO]  Epoch[3] Validation-cp-accuracy=0.000000
2024-02-02 16:16:59,805 [INFO]  Epoch[4] Batch [0-7]	Speed: 28814.45 samples/sec	cross-entropy=0.493152	cp-accuracy=0.000000
2024-02-02 16:16:59,808 [INFO]  Epoch[4] Train-cross-entropy=0.428331
2024-02-02 16:16:59,808 [INFO]  Epoch[4] Train-cp-accuracy=0.000000
2024-02-02 16:16:59,809 [INFO]  Epoch[4] Time cost=0.008
2024-02-02 16:16:59,810 [INFO]  Saved checkpoint to "./imputer_model/imputer_model_cp/model-0004.params"
2024-02-02 16:16:59,810 [INFO]  Epoch[4] Validation-cross-entropy=0.754096
2024-02-02 16:16:59,810 [INFO]  Epoch[4] Validation-cp-accuracy=0.000000
2024-02-02 16:16:59,811 [INFO]  
========== done (0.05341005325317383 s) fit model
2024-02-02 16:17:04,360 [INFO]  
========== start: fit model
2024-02-02 16:17:04,360 [WARNING]  Already bound, ignoring bind()
2024-02-02 16:17:04,367 [INFO]  Epoch[0] Batch [0-7]	Speed: 24187.11 samples/sec	cross-entropy=7.309951	cp-accuracy=0.000000
2024-02-02 16:17:04,371 [INFO]  Epoch[0] Train-cross-entropy=6.374211
2024-02-02 16:17:04,371 [INFO]  Epoch[0] Train-cp-accuracy=0.000000
2024-02-02 16:17:04,371 [INFO]  Epoch[0] Time cost=0.010
2024-02-02 16:17:04,372 [INFO]  Saved checkpoint to "./imputer_model/imputer_model_cp/model-0000.params"
2024-02-02 16:17:04,373 [INFO]  Epoch[0] Validation-cross-entropy=3.010897
2024-02-02 16:17:04,373 [INFO]  Epoch[0] Validation-cp-accuracy=0.000000
2024-02-02 16:17:04,378 [INFO]  Epoch[1] Batch [0-7]	Speed: 27531.03 samples/sec	cross-entropy=1.197974	cp-accuracy=0.000000
2024-02-02 16:17:04,382 [INFO]  Epoch[1] Train-cross-entropy=1.120736
2024-02-02 16:17:04,382 [INFO]  Epoch[1] Train-cp-accuracy=0.000000
2024-02-02 16:17:04,382 [INFO]  Epoch[1] Time cost=0.009
2024-02-02 16:17:04,383 [INFO]  Saved checkpoint to "./imputer_model/imputer_model_cp/model-0001.params"
2024-02-02 16:17:04,384 [INFO]  Epoch[1] Validation-cross-entropy=1.225482
2024-02-02 16:17:04,384 [INFO]  Epoch[1] Validation-cp-accuracy=0.000000
2024-02-02 16:17:04,389 [INFO]  Epoch[2] Batch [0-7]	Speed: 26650.14 samples/sec	cross-entropy=0.900409	cp-accuracy=0.000000
2024-02-02 16:17:04,392 [INFO]  Epoch[2] Train-cross-entropy=0.754951
2024-02-02 16:17:04,392 [INFO]  Epoch[2] Train-cp-accuracy=0.000000
2024-02-02 16:17:04,392 [INFO]  Epoch[2] Time cost=0.009
2024-02-02 16:17:04,394 [INFO]  Saved checkpoint to "./imputer_model/imputer_model_cp/model-0002.params"
2024-02-02 16:17:04,395 [INFO]  Epoch[2] Validation-cross-entropy=0.800752
2024-02-02 16:17:04,395 [INFO]  Epoch[2] Validation-cp-accuracy=0.000000
2024-02-02 16:17:04,399 [INFO]  Epoch[3] Batch [0-7]	Speed: 28985.13 samples/sec	cross-entropy=0.461695	cp-accuracy=0.000000
2024-02-02 16:17:04,403 [INFO]  Epoch[3] Train-cross-entropy=0.423982
2024-02-02 16:17:04,403 [INFO]  Epoch[3] Train-cp-accuracy=0.000000
2024-02-02 16:17:04,403 [INFO]  Epoch[3] Time cost=0.008
2024-02-02 16:17:04,404 [INFO]  Saved checkpoint to "./imputer_model/imputer_model_cp/model-0003.params"
2024-02-02 16:17:04,405 [INFO]  Epoch[3] Validation-cross-entropy=0.828106
2024-02-02 16:17:04,405 [INFO]  Epoch[3] Validation-cp-accuracy=0.000000
2024-02-02 16:17:04,409 [INFO]  Epoch[4] Batch [0-7]	Speed: 28626.57 samples/sec	cross-entropy=0.257904	cp-accuracy=0.000000
2024-02-02 16:17:04,413 [INFO]  Epoch[4] Train-cross-entropy=0.256999
2024-02-02 16:17:04,413 [INFO]  Epoch[4] Train-cp-accuracy=0.000000
2024-02-02 16:17:04,413 [INFO]  Epoch[4] Time cost=0.008
2024-02-02 16:17:04,414 [INFO]  Saved checkpoint to "./imputer_model/imputer_model_cp/model-0004.params"
2024-02-02 16:17:04,415 [INFO]  Epoch[4] Validation-cross-entropy=0.599177
2024-02-02 16:17:04,415 [INFO]  Epoch[4] Validation-cp-accuracy=0.000000
2024-02-02 16:17:04,415 [INFO]  
========== done (0.054988861083984375 s) fit model
2024-02-02 16:17:08,992 [INFO]  
========== start: fit model
2024-02-02 16:17:08,992 [WARNING]  Already bound, ignoring bind()
2024-02-02 16:17:09,006 [INFO]  Epoch[0] Batch [0-7]	Speed: 10881.17 samples/sec	cross-entropy=18.736116	cp-accuracy=0.000000
2024-02-02 16:17:09,014 [INFO]  Epoch[0] Train-cross-entropy=15.298127
2024-02-02 16:17:09,015 [INFO]  Epoch[0] Train-cp-accuracy=0.000000
2024-02-02 16:17:09,015 [INFO]  Epoch[0] Time cost=0.022
2024-02-02 16:17:09,017 [INFO]  Saved checkpoint to "./imputer_model/imputer_model_cp/model-0000.params"
2024-02-02 16:17:09,018 [INFO]  Epoch[0] Validation-cross-entropy=5.117079
2024-02-02 16:17:09,018 [INFO]  Epoch[0] Validation-cp-accuracy=0.000000
2024-02-02 16:17:09,025 [INFO]  Epoch[1] Batch [0-7]	Speed: 18810.04 samples/sec	cross-entropy=3.988740	cp-accuracy=0.000000
2024-02-02 16:17:09,028 [INFO]  Epoch[1] Train-cross-entropy=3.300169
2024-02-02 16:17:09,028 [INFO]  Epoch[1] Train-cp-accuracy=0.000000
2024-02-02 16:17:09,028 [INFO]  Epoch[1] Time cost=0.011
2024-02-02 16:17:09,030 [INFO]  Saved checkpoint to "./imputer_model/imputer_model_cp/model-0001.params"
2024-02-02 16:17:09,030 [INFO]  Epoch[1] Validation-cross-entropy=1.670403
2024-02-02 16:17:09,030 [INFO]  Epoch[1] Validation-cp-accuracy=0.000000
2024-02-02 16:17:09,036 [INFO]  Epoch[2] Batch [0-7]	Speed: 22351.53 samples/sec	cross-entropy=1.307961	cp-accuracy=0.000000
2024-02-02 16:17:09,040 [INFO]  Epoch[2] Train-cross-entropy=0.991725
2024-02-02 16:17:09,041 [INFO]  Epoch[2] Train-cp-accuracy=0.000000
2024-02-02 16:17:09,041 [INFO]  Epoch[2] Time cost=0.010
2024-02-02 16:17:09,042 [INFO]  Saved checkpoint to "./imputer_model/imputer_model_cp/model-0002.params"
2024-02-02 16:17:09,043 [INFO]  Epoch[2] Validation-cross-entropy=0.353607
2024-02-02 16:17:09,043 [INFO]  Epoch[2] Validation-cp-accuracy=0.000000
2024-02-02 16:17:09,048 [INFO]  Epoch[3] Batch [0-7]	Speed: 24529.37 samples/sec	cross-entropy=0.660711	cp-accuracy=0.000000
2024-02-02 16:17:09,052 [INFO]  Epoch[3] Train-cross-entropy=0.581391
2024-02-02 16:17:09,052 [INFO]  Epoch[3] Train-cp-accuracy=0.000000
2024-02-02 16:17:09,052 [INFO]  Epoch[3] Time cost=0.009
2024-02-02 16:17:09,053 [INFO]  Saved checkpoint to "./imputer_model/imputer_model_cp/model-0003.params"
2024-02-02 16:17:09,054 [INFO]  Epoch[3] Validation-cross-entropy=0.292124
2024-02-02 16:17:09,054 [INFO]  Epoch[3] Validation-cp-accuracy=0.000000
2024-02-02 16:17:09,059 [INFO]  Epoch[4] Batch [0-7]	Speed: 26691.03 samples/sec	cross-entropy=0.398835	cp-accuracy=0.000000
2024-02-02 16:17:09,062 [INFO]  Epoch[4] Train-cross-entropy=0.346289
2024-02-02 16:17:09,062 [INFO]  Epoch[4] Train-cp-accuracy=0.000000
2024-02-02 16:17:09,063 [INFO]  Epoch[4] Time cost=0.008
2024-02-02 16:17:09,064 [INFO]  Saved checkpoint to "./imputer_model/imputer_model_cp/model-0004.params"
2024-02-02 16:17:09,064 [INFO]  Epoch[4] Validation-cross-entropy=0.299035
2024-02-02 16:17:09,065 [INFO]  Epoch[4] Validation-cp-accuracy=0.000000
2024-02-02 16:17:09,065 [INFO]  
========== done (0.07249140739440918 s) fit model
2024-02-02 16:17:13,640 [INFO]  
========== start: fit model
2024-02-02 16:17:13,640 [WARNING]  Already bound, ignoring bind()
2024-02-02 16:17:13,647 [INFO]  Epoch[0] Batch [0-7]	Speed: 22807.30 samples/sec	cross-entropy=12.541135	cp-accuracy=2.500000
2024-02-02 16:17:13,652 [INFO]  Epoch[0] Train-cross-entropy=10.157405
2024-02-02 16:17:13,652 [INFO]  Epoch[0] Train-cp-accuracy=2.071429
2024-02-02 16:17:13,652 [INFO]  Epoch[0] Time cost=0.011
2024-02-02 16:17:13,655 [INFO]  Saved checkpoint to "./imputer_model/imputer_model_cp/model-0000.params"
2024-02-02 16:17:13,656 [INFO]  Epoch[0] Validation-cross-entropy=20.589361
2024-02-02 16:17:13,656 [INFO]  Epoch[0] Validation-cp-accuracy=0.000000
2024-02-02 16:17:13,665 [INFO]  Epoch[1] Batch [0-7]	Speed: 15110.72 samples/sec	cross-entropy=3.059036	cp-accuracy=2.500000
2024-02-02 16:17:13,669 [INFO]  Epoch[1] Train-cross-entropy=2.296386
2024-02-02 16:17:13,669 [INFO]  Epoch[1] Train-cp-accuracy=2.071429
2024-02-02 16:17:13,669 [INFO]  Epoch[1] Time cost=0.013
2024-02-02 16:17:13,671 [INFO]  Saved checkpoint to "./imputer_model/imputer_model_cp/model-0001.params"
2024-02-02 16:17:13,671 [INFO]  Epoch[1] Validation-cross-entropy=3.695429
2024-02-02 16:17:13,671 [INFO]  Epoch[1] Validation-cp-accuracy=0.000000
2024-02-02 16:17:13,677 [INFO]  Epoch[2] Batch [0-7]	Speed: 25523.61 samples/sec	cross-entropy=0.697214	cp-accuracy=2.500000
2024-02-02 16:17:13,680 [INFO]  Epoch[2] Train-cross-entropy=0.838739
2024-02-02 16:17:13,680 [INFO]  Epoch[2] Train-cp-accuracy=2.071429
2024-02-02 16:17:13,680 [INFO]  Epoch[2] Time cost=0.009
2024-02-02 16:17:13,688 [INFO]  Saved checkpoint to "./imputer_model/imputer_model_cp/model-0002.params"
2024-02-02 16:17:13,690 [INFO]  Epoch[2] Validation-cross-entropy=0.820556
2024-02-02 16:17:13,690 [INFO]  Epoch[2] Validation-cp-accuracy=0.000000
2024-02-02 16:17:13,702 [INFO]  Epoch[3] Batch [0-7]	Speed: 10800.37 samples/sec	cross-entropy=0.368113	cp-accuracy=2.500000
2024-02-02 16:17:13,710 [INFO]  Epoch[3] Train-cross-entropy=0.372116
2024-02-02 16:17:13,710 [INFO]  Epoch[3] Train-cp-accuracy=2.071429
2024-02-02 16:17:13,710 [INFO]  Epoch[3] Time cost=0.020
2024-02-02 16:17:13,712 [INFO]  Saved checkpoint to "./imputer_model/imputer_model_cp/model-0003.params"
2024-02-02 16:17:13,713 [INFO]  Epoch[3] Validation-cross-entropy=0.673352
2024-02-02 16:17:13,713 [INFO]  Epoch[3] Validation-cp-accuracy=0.000000
2024-02-02 16:17:13,720 [INFO]  Epoch[4] Batch [0-7]	Speed: 20342.18 samples/sec	cross-entropy=0.282283	cp-accuracy=2.500000
2024-02-02 16:17:13,725 [INFO]  Epoch[4] Train-cross-entropy=0.256343
2024-02-02 16:17:13,725 [INFO]  Epoch[4] Train-cp-accuracy=2.071429
2024-02-02 16:17:13,725 [INFO]  Epoch[4] Time cost=0.012
2024-02-02 16:17:13,726 [INFO]  Saved checkpoint to "./imputer_model/imputer_model_cp/model-0004.params"
2024-02-02 16:17:13,727 [INFO]  Epoch[4] Validation-cross-entropy=0.911495
2024-02-02 16:17:13,727 [INFO]  Epoch[4] Validation-cp-accuracy=0.000000
2024-02-02 16:17:13,727 [INFO]  
========== done (0.08742594718933105 s) fit model
2024-02-02 16:17:19,106 [INFO]  
========== start: fit model
2024-02-02 16:17:19,106 [WARNING]  Already bound, ignoring bind()
2024-02-02 16:17:19,113 [INFO]  Epoch[0] Batch [0-7]	Speed: 22659.88 samples/sec	cross-entropy=11.439248	cp-accuracy=0.000000
2024-02-02 16:17:19,117 [INFO]  Epoch[0] Train-cross-entropy=10.296696
2024-02-02 16:17:19,117 [INFO]  Epoch[0] Train-cp-accuracy=0.000000
2024-02-02 16:17:19,117 [INFO]  Epoch[0] Time cost=0.010
2024-02-02 16:17:19,118 [INFO]  Saved checkpoint to "./imputer_model/imputer_model_cp/model-0000.params"
2024-02-02 16:17:19,119 [INFO]  Epoch[0] Validation-cross-entropy=4.456583
2024-02-02 16:17:19,119 [INFO]  Epoch[0] Validation-cp-accuracy=0.000000
2024-02-02 16:17:19,124 [INFO]  Epoch[1] Batch [0-7]	Speed: 27268.94 samples/sec	cross-entropy=2.170879	cp-accuracy=0.000000
2024-02-02 16:17:19,127 [INFO]  Epoch[1] Train-cross-entropy=1.792848
2024-02-02 16:17:19,127 [INFO]  Epoch[1] Train-cp-accuracy=0.000000
2024-02-02 16:17:19,127 [INFO]  Epoch[1] Time cost=0.008
2024-02-02 16:17:19,128 [INFO]  Saved checkpoint to "./imputer_model/imputer_model_cp/model-0001.params"
2024-02-02 16:17:19,129 [INFO]  Epoch[1] Validation-cross-entropy=1.929854
2024-02-02 16:17:19,129 [INFO]  Epoch[1] Validation-cp-accuracy=0.000000
2024-02-02 16:17:19,134 [INFO]  Epoch[2] Batch [0-7]	Speed: 26955.99 samples/sec	cross-entropy=0.744207	cp-accuracy=0.000000
2024-02-02 16:17:19,137 [INFO]  Epoch[2] Train-cross-entropy=0.684954
2024-02-02 16:17:19,137 [INFO]  Epoch[2] Train-cp-accuracy=0.000000
2024-02-02 16:17:19,137 [INFO]  Epoch[2] Time cost=0.008
2024-02-02 16:17:19,139 [INFO]  Saved checkpoint to "./imputer_model/imputer_model_cp/model-0002.params"
2024-02-02 16:17:19,140 [INFO]  Epoch[2] Validation-cross-entropy=1.229068
2024-02-02 16:17:19,140 [INFO]  Epoch[2] Validation-cp-accuracy=0.000000
2024-02-02 16:17:19,144 [INFO]  Epoch[3] Batch [0-7]	Speed: 29046.07 samples/sec	cross-entropy=0.407604	cp-accuracy=0.000000
2024-02-02 16:17:19,148 [INFO]  Epoch[3] Train-cross-entropy=0.370565
2024-02-02 16:17:19,148 [INFO]  Epoch[3] Train-cp-accuracy=0.000000
2024-02-02 16:17:19,148 [INFO]  Epoch[3] Time cost=0.008
2024-02-02 16:17:19,149 [INFO]  Saved checkpoint to "./imputer_model/imputer_model_cp/model-0003.params"
2024-02-02 16:17:19,150 [INFO]  Epoch[3] Validation-cross-entropy=0.756018
2024-02-02 16:17:19,150 [INFO]  Epoch[3] Validation-cp-accuracy=0.000000
2024-02-02 16:17:19,155 [INFO]  Epoch[4] Batch [0-7]	Speed: 25450.32 samples/sec	cross-entropy=0.313807	cp-accuracy=0.000000
2024-02-02 16:17:19,159 [INFO]  Epoch[4] Train-cross-entropy=0.259875
2024-02-02 16:17:19,160 [INFO]  Epoch[4] Train-cp-accuracy=0.000000
2024-02-02 16:17:19,160 [INFO]  Epoch[4] Time cost=0.010
2024-02-02 16:17:19,163 [INFO]  Saved checkpoint to "./imputer_model/imputer_model_cp/model-0004.params"
2024-02-02 16:17:19,164 [INFO]  Epoch[4] Validation-cross-entropy=0.847927
2024-02-02 16:17:19,164 [INFO]  Epoch[4] Validation-cp-accuracy=0.000000
2024-02-02 16:17:19,164 [INFO]  
========== done (0.05848836898803711 s) fit model
