2023-11-08 12:50:04,369 [INFO]  
========== start: fit model
2023-11-08 12:50:04,370 [WARNING]  Already bound, ignoring bind()
2023-11-08 12:50:04,683 [INFO]  Epoch[0] Batch [0-4]	Speed: 3013.01 samples/sec	cross-entropy=28.840272	air_time21-accuracy=3.200000
2023-11-08 12:50:04,700 [INFO]  Epoch[0] Train-cross-entropy=23.929354
2023-11-08 12:50:04,700 [INFO]  Epoch[0] Train-air_time21-accuracy=3.250000
2023-11-08 12:50:04,700 [INFO]  Epoch[0] Time cost=0.330
2023-11-08 12:50:04,702 [INFO]  Saved checkpoint to "./imputer_model/imputer_model_air_time21/model-0000.params"
2023-11-08 12:50:04,703 [INFO]  Epoch[0] Validation-cross-entropy=83.706818
2023-11-08 12:50:04,703 [INFO]  Epoch[0] Validation-air_time21-accuracy=0.000000
2023-11-08 12:50:04,767 [INFO]  Epoch[1] Batch [0-4]	Speed: 1121.87 samples/sec	cross-entropy=58.787642	air_time21-accuracy=3.200000
2023-11-08 12:50:04,773 [INFO]  Epoch[1] Train-cross-entropy=40.962955
2023-11-08 12:50:04,773 [INFO]  Epoch[1] Train-air_time21-accuracy=3.250000
2023-11-08 12:50:04,773 [INFO]  Epoch[1] Time cost=0.070
2023-11-08 12:50:04,776 [INFO]  Saved checkpoint to "./imputer_model/imputer_model_air_time21/model-0001.params"
2023-11-08 12:50:04,777 [INFO]  Epoch[1] Validation-cross-entropy=20.121033
2023-11-08 12:50:04,777 [INFO]  Epoch[1] Validation-air_time21-accuracy=0.000000
2023-11-08 12:50:04,812 [INFO]  Epoch[2] Batch [0-4]	Speed: 2507.22 samples/sec	cross-entropy=9.967738	air_time21-accuracy=3.200000
2023-11-08 12:50:04,831 [INFO]  Epoch[2] Train-cross-entropy=7.401671
2023-11-08 12:50:04,831 [INFO]  Epoch[2] Train-air_time21-accuracy=3.250000
2023-11-08 12:50:04,831 [INFO]  Epoch[2] Time cost=0.054
2023-11-08 12:50:04,834 [INFO]  Saved checkpoint to "./imputer_model/imputer_model_air_time21/model-0002.params"
2023-11-08 12:50:04,853 [INFO]  Epoch[2] Validation-cross-entropy=29.014385
2023-11-08 12:50:04,853 [INFO]  Epoch[2] Validation-air_time21-accuracy=0.000000
2023-11-08 12:50:04,899 [INFO]  Epoch[3] Batch [0-4]	Speed: 3219.11 samples/sec	cross-entropy=4.567561	air_time21-accuracy=3.200000
2023-11-08 12:50:04,929 [INFO]  Epoch[3] Train-cross-entropy=3.359775
2023-11-08 12:50:04,929 [INFO]  Epoch[3] Train-air_time21-accuracy=3.250000
2023-11-08 12:50:04,929 [INFO]  Epoch[3] Time cost=0.075
2023-11-08 12:50:04,932 [INFO]  Saved checkpoint to "./imputer_model/imputer_model_air_time21/model-0003.params"
2023-11-08 12:50:04,933 [INFO]  Epoch[3] Validation-cross-entropy=27.598967
2023-11-08 12:50:04,933 [INFO]  Epoch[3] Validation-air_time21-accuracy=0.000000
2023-11-08 12:50:04,943 [INFO]  Epoch[4] Batch [0-4]	Speed: 8058.95 samples/sec	cross-entropy=1.942357	air_time21-accuracy=3.200000
2023-11-08 12:50:04,949 [INFO]  Epoch[4] Train-cross-entropy=1.474331
2023-11-08 12:50:04,949 [INFO]  Epoch[4] Train-air_time21-accuracy=3.250000
2023-11-08 12:50:04,949 [INFO]  Epoch[4] Time cost=0.016
2023-11-08 12:50:04,952 [INFO]  Saved checkpoint to "./imputer_model/imputer_model_air_time21/model-0004.params"
2023-11-08 12:50:04,953 [INFO]  Epoch[4] Validation-cross-entropy=22.811974
2023-11-08 12:50:04,953 [INFO]  Epoch[4] Validation-air_time21-accuracy=0.000000
2023-11-08 12:50:04,954 [INFO]  
========== done (0.5843336582183838 s) fit model
2023-11-08 13:09:00,287 [INFO]  
========== start: fit model
2023-11-08 13:09:00,304 [WARNING]  Already bound, ignoring bind()
2023-11-08 13:09:00,313 [INFO]  Epoch[0] Batch [0-4]	Speed: 9647.28 samples/sec	cross-entropy=17.407443	air_time21-accuracy=0.000000
2023-11-08 13:09:00,318 [INFO]  Epoch[0] Train-cross-entropy=17.190636
2023-11-08 13:09:00,319 [INFO]  Epoch[0] Train-air_time21-accuracy=0.000000
2023-11-08 13:09:00,319 [INFO]  Epoch[0] Time cost=0.014
2023-11-08 13:09:00,322 [INFO]  Saved checkpoint to "./imputer_model/imputer_model_air_time21/model-0000.params"
2023-11-08 13:09:00,323 [INFO]  Epoch[0] Validation-cross-entropy=16.759062
2023-11-08 13:09:00,323 [INFO]  Epoch[0] Validation-air_time21-accuracy=0.000000
2023-11-08 13:09:00,330 [INFO]  Epoch[1] Batch [0-4]	Speed: 12118.44 samples/sec	cross-entropy=32.726819	air_time21-accuracy=0.000000
2023-11-08 13:09:00,334 [INFO]  Epoch[1] Train-cross-entropy=28.103918
2023-11-08 13:09:00,334 [INFO]  Epoch[1] Train-air_time21-accuracy=0.000000
2023-11-08 13:09:00,334 [INFO]  Epoch[1] Time cost=0.011
2023-11-08 13:09:00,356 [INFO]  Saved checkpoint to "./imputer_model/imputer_model_air_time21/model-0001.params"
2023-11-08 13:09:00,357 [INFO]  Epoch[1] Validation-cross-entropy=15.658432
2023-11-08 13:09:00,357 [INFO]  Epoch[1] Validation-air_time21-accuracy=0.000000
2023-11-08 13:09:00,365 [INFO]  Epoch[2] Batch [0-4]	Speed: 10234.69 samples/sec	cross-entropy=3.989460	air_time21-accuracy=0.000000
2023-11-08 13:09:00,370 [INFO]  Epoch[2] Train-cross-entropy=5.023818
2023-11-08 13:09:00,370 [INFO]  Epoch[2] Train-air_time21-accuracy=0.000000
2023-11-08 13:09:00,370 [INFO]  Epoch[2] Time cost=0.013
2023-11-08 13:09:00,373 [INFO]  Saved checkpoint to "./imputer_model/imputer_model_air_time21/model-0002.params"
2023-11-08 13:09:00,374 [INFO]  Epoch[2] Validation-cross-entropy=17.422077
2023-11-08 13:09:00,374 [INFO]  Epoch[2] Validation-air_time21-accuracy=0.000000
2023-11-08 13:09:00,381 [INFO]  Epoch[3] Batch [0-4]	Speed: 12440.24 samples/sec	cross-entropy=5.051793	air_time21-accuracy=0.000000
2023-11-08 13:09:00,385 [INFO]  Epoch[3] Train-cross-entropy=4.683854
2023-11-08 13:09:00,385 [INFO]  Epoch[3] Train-air_time21-accuracy=0.000000
2023-11-08 13:09:00,385 [INFO]  Epoch[3] Time cost=0.011
2023-11-08 13:09:00,387 [INFO]  Saved checkpoint to "./imputer_model/imputer_model_air_time21/model-0003.params"
2023-11-08 13:09:00,388 [INFO]  Epoch[3] Validation-cross-entropy=14.482693
2023-11-08 13:09:00,388 [INFO]  Epoch[3] Validation-air_time21-accuracy=0.000000
2023-11-08 13:09:00,394 [INFO]  Epoch[4] Batch [0-4]	Speed: 12483.05 samples/sec	cross-entropy=2.635760	air_time21-accuracy=0.000000
2023-11-08 13:09:00,398 [INFO]  Epoch[4] Train-cross-entropy=3.244432
2023-11-08 13:09:00,398 [INFO]  Epoch[4] Train-air_time21-accuracy=0.000000
2023-11-08 13:09:00,398 [INFO]  Epoch[4] Time cost=0.011
2023-11-08 13:09:00,400 [INFO]  Saved checkpoint to "./imputer_model/imputer_model_air_time21/model-0004.params"
2023-11-08 13:09:00,401 [INFO]  Epoch[4] Validation-cross-entropy=15.045999
2023-11-08 13:09:00,401 [INFO]  Epoch[4] Validation-air_time21-accuracy=0.000000
2023-11-08 13:09:00,401 [INFO]  
========== done (0.11374592781066895 s) fit model
2023-11-08 13:22:20,022 [INFO]  
========== start: fit model
2023-11-08 13:22:20,022 [WARNING]  Already bound, ignoring bind()
2023-11-08 13:22:20,030 [INFO]  Epoch[0] Batch [0-4]	Speed: 11663.50 samples/sec	cross-entropy=16.641449	air_time21-accuracy=0.000000
2023-11-08 13:22:20,035 [INFO]  Epoch[0] Train-cross-entropy=20.977555
2023-11-08 13:22:20,035 [INFO]  Epoch[0] Train-air_time21-accuracy=0.000000
2023-11-08 13:22:20,035 [INFO]  Epoch[0] Time cost=0.012
2023-11-08 13:22:20,038 [INFO]  Saved checkpoint to "./imputer_model/imputer_model_air_time21/model-0000.params"
2023-11-08 13:22:20,039 [INFO]  Epoch[0] Validation-cross-entropy=10.378733
2023-11-08 13:22:20,039 [INFO]  Epoch[0] Validation-air_time21-accuracy=0.000000
2023-11-08 13:22:20,044 [INFO]  Epoch[1] Batch [0-4]	Speed: 15217.43 samples/sec	cross-entropy=46.295403	air_time21-accuracy=0.000000
2023-11-08 13:22:20,048 [INFO]  Epoch[1] Train-cross-entropy=38.781859
2023-11-08 13:22:20,048 [INFO]  Epoch[1] Train-air_time21-accuracy=0.000000
2023-11-08 13:22:20,048 [INFO]  Epoch[1] Time cost=0.009
2023-11-08 13:22:20,050 [INFO]  Saved checkpoint to "./imputer_model/imputer_model_air_time21/model-0001.params"
2023-11-08 13:22:20,051 [INFO]  Epoch[1] Validation-cross-entropy=14.351027
2023-11-08 13:22:20,051 [INFO]  Epoch[1] Validation-air_time21-accuracy=0.000000
2023-11-08 13:22:20,055 [INFO]  Epoch[2] Batch [0-4]	Speed: 19446.21 samples/sec	cross-entropy=5.148759	air_time21-accuracy=0.000000
2023-11-08 13:22:20,058 [INFO]  Epoch[2] Train-cross-entropy=4.807897
2023-11-08 13:22:20,058 [INFO]  Epoch[2] Train-air_time21-accuracy=0.000000
2023-11-08 13:22:20,058 [INFO]  Epoch[2] Time cost=0.007
2023-11-08 13:22:20,059 [INFO]  Saved checkpoint to "./imputer_model/imputer_model_air_time21/model-0002.params"
2023-11-08 13:22:20,060 [INFO]  Epoch[2] Validation-cross-entropy=3.115812
2023-11-08 13:22:20,060 [INFO]  Epoch[2] Validation-air_time21-accuracy=0.000000
2023-11-08 13:22:20,064 [INFO]  Epoch[3] Batch [0-4]	Speed: 19359.26 samples/sec	cross-entropy=4.121621	air_time21-accuracy=0.000000
2023-11-08 13:22:20,067 [INFO]  Epoch[3] Train-cross-entropy=3.174495
2023-11-08 13:22:20,067 [INFO]  Epoch[3] Train-air_time21-accuracy=0.000000
2023-11-08 13:22:20,067 [INFO]  Epoch[3] Time cost=0.007
2023-11-08 13:22:20,068 [INFO]  Saved checkpoint to "./imputer_model/imputer_model_air_time21/model-0003.params"
2023-11-08 13:22:20,068 [INFO]  Epoch[3] Validation-cross-entropy=5.828472
2023-11-08 13:22:20,068 [INFO]  Epoch[3] Validation-air_time21-accuracy=0.000000
2023-11-08 13:22:20,073 [INFO]  Epoch[4] Batch [0-4]	Speed: 17959.15 samples/sec	cross-entropy=1.496983	air_time21-accuracy=0.000000
2023-11-08 13:22:20,076 [INFO]  Epoch[4] Train-cross-entropy=1.201004
2023-11-08 13:22:20,076 [INFO]  Epoch[4] Train-air_time21-accuracy=0.000000
2023-11-08 13:22:20,076 [INFO]  Epoch[4] Time cost=0.007
2023-11-08 13:22:20,077 [INFO]  Saved checkpoint to "./imputer_model/imputer_model_air_time21/model-0004.params"
2023-11-08 13:22:20,077 [INFO]  Epoch[4] Validation-cross-entropy=6.819370
2023-11-08 13:22:20,077 [INFO]  Epoch[4] Validation-air_time21-accuracy=0.000000
2023-11-08 13:22:20,077 [INFO]  
========== done (0.055524587631225586 s) fit model
2023-11-08 13:35:40,452 [INFO]  
========== start: fit model
2023-11-08 13:35:40,452 [WARNING]  Already bound, ignoring bind()
2023-11-08 13:35:40,459 [INFO]  Epoch[0] Batch [0-4]	Speed: 13685.91 samples/sec	cross-entropy=23.590704	air_time21-accuracy=2.600000
2023-11-08 13:35:40,462 [INFO]  Epoch[0] Train-cross-entropy=25.458492
2023-11-08 13:35:40,463 [INFO]  Epoch[0] Train-air_time21-accuracy=2.500000
2023-11-08 13:35:40,463 [INFO]  Epoch[0] Time cost=0.010
2023-11-08 13:35:40,464 [INFO]  Saved checkpoint to "./imputer_model/imputer_model_air_time21/model-0000.params"
2023-11-08 13:35:40,464 [INFO]  Epoch[0] Validation-cross-entropy=4.120778
2023-11-08 13:35:40,464 [INFO]  Epoch[0] Validation-air_time21-accuracy=0.000000
2023-11-08 13:35:40,472 [INFO]  Epoch[1] Batch [0-4]	Speed: 10637.43 samples/sec	cross-entropy=29.758913	air_time21-accuracy=2.600000
2023-11-08 13:35:40,477 [INFO]  Epoch[1] Train-cross-entropy=28.352781
2023-11-08 13:35:40,477 [INFO]  Epoch[1] Train-air_time21-accuracy=2.500000
2023-11-08 13:35:40,477 [INFO]  Epoch[1] Time cost=0.013
2023-11-08 13:35:40,481 [INFO]  Saved checkpoint to "./imputer_model/imputer_model_air_time21/model-0001.params"
2023-11-08 13:35:40,482 [INFO]  Epoch[1] Validation-cross-entropy=3.840758
2023-11-08 13:35:40,482 [INFO]  Epoch[1] Validation-air_time21-accuracy=0.000000
2023-11-08 13:35:40,489 [INFO]  Epoch[2] Batch [0-4]	Speed: 11696.02 samples/sec	cross-entropy=6.652261	air_time21-accuracy=2.600000
2023-11-08 13:35:40,493 [INFO]  Epoch[2] Train-cross-entropy=6.707412
2023-11-08 13:35:40,493 [INFO]  Epoch[2] Train-air_time21-accuracy=2.500000
2023-11-08 13:35:40,493 [INFO]  Epoch[2] Time cost=0.011
2023-11-08 13:35:40,502 [INFO]  Saved checkpoint to "./imputer_model/imputer_model_air_time21/model-0002.params"
2023-11-08 13:35:40,503 [INFO]  Epoch[2] Validation-cross-entropy=3.537744
2023-11-08 13:35:40,504 [INFO]  Epoch[2] Validation-air_time21-accuracy=0.000000
2023-11-08 13:35:40,510 [INFO]  Epoch[3] Batch [0-4]	Speed: 12937.90 samples/sec	cross-entropy=2.571707	air_time21-accuracy=2.600000
2023-11-08 13:35:40,514 [INFO]  Epoch[3] Train-cross-entropy=2.556544
2023-11-08 13:35:40,514 [INFO]  Epoch[3] Train-air_time21-accuracy=2.500000
2023-11-08 13:35:40,514 [INFO]  Epoch[3] Time cost=0.010
2023-11-08 13:35:40,516 [INFO]  Saved checkpoint to "./imputer_model/imputer_model_air_time21/model-0003.params"
2023-11-08 13:35:40,517 [INFO]  Epoch[3] Validation-cross-entropy=2.013857
2023-11-08 13:35:40,517 [INFO]  Epoch[3] Validation-air_time21-accuracy=0.000000
2023-11-08 13:35:40,524 [INFO]  Epoch[4] Batch [0-4]	Speed: 12404.60 samples/sec	cross-entropy=1.162100	air_time21-accuracy=2.600000
2023-11-08 13:35:40,527 [INFO]  Epoch[4] Train-cross-entropy=0.957158
2023-11-08 13:35:40,528 [INFO]  Epoch[4] Train-air_time21-accuracy=2.500000
2023-11-08 13:35:40,528 [INFO]  Epoch[4] Time cost=0.011
2023-11-08 13:35:40,529 [INFO]  Saved checkpoint to "./imputer_model/imputer_model_air_time21/model-0004.params"
2023-11-08 13:35:40,530 [INFO]  Epoch[4] Validation-cross-entropy=1.968356
2023-11-08 13:35:40,530 [INFO]  Epoch[4] Validation-air_time21-accuracy=0.000000
2023-11-08 13:35:40,530 [INFO]  
========== done (0.07839655876159668 s) fit model
2023-11-08 13:49:00,662 [INFO]  
========== start: fit model
2023-11-08 13:49:00,662 [WARNING]  Already bound, ignoring bind()
2023-11-08 13:49:00,669 [INFO]  Epoch[0] Batch [0-4]	Speed: 14199.18 samples/sec	cross-entropy=17.301245	air_time21-accuracy=2.600000
2023-11-08 13:49:00,672 [INFO]  Epoch[0] Train-cross-entropy=15.685001
2023-11-08 13:49:00,672 [INFO]  Epoch[0] Train-air_time21-accuracy=2.625000
2023-11-08 13:49:00,672 [INFO]  Epoch[0] Time cost=0.010
2023-11-08 13:49:00,673 [INFO]  Saved checkpoint to "./imputer_model/imputer_model_air_time21/model-0000.params"
2023-11-08 13:49:00,674 [INFO]  Epoch[0] Validation-cross-entropy=14.195560
2023-11-08 13:49:00,674 [INFO]  Epoch[0] Validation-air_time21-accuracy=0.000000
2023-11-08 13:49:00,679 [INFO]  Epoch[1] Batch [0-4]	Speed: 15032.51 samples/sec	cross-entropy=39.556788	air_time21-accuracy=2.600000
2023-11-08 13:49:00,683 [INFO]  Epoch[1] Train-cross-entropy=35.982499
2023-11-08 13:49:00,683 [INFO]  Epoch[1] Train-air_time21-accuracy=2.625000
2023-11-08 13:49:00,683 [INFO]  Epoch[1] Time cost=0.009
2023-11-08 13:49:00,684 [INFO]  Saved checkpoint to "./imputer_model/imputer_model_air_time21/model-0001.params"
2023-11-08 13:49:00,685 [INFO]  Epoch[1] Validation-cross-entropy=13.145283
2023-11-08 13:49:00,685 [INFO]  Epoch[1] Validation-air_time21-accuracy=0.000000
2023-11-08 13:49:00,691 [INFO]  Epoch[2] Batch [0-4]	Speed: 11563.02 samples/sec	cross-entropy=7.806249	air_time21-accuracy=2.600000
2023-11-08 13:49:00,696 [INFO]  Epoch[2] Train-cross-entropy=5.665930
2023-11-08 13:49:00,696 [INFO]  Epoch[2] Train-air_time21-accuracy=2.625000
2023-11-08 13:49:00,696 [INFO]  Epoch[2] Time cost=0.011
2023-11-08 13:49:00,699 [INFO]  Saved checkpoint to "./imputer_model/imputer_model_air_time21/model-0002.params"
2023-11-08 13:49:00,700 [INFO]  Epoch[2] Validation-cross-entropy=10.123384
2023-11-08 13:49:00,700 [INFO]  Epoch[2] Validation-air_time21-accuracy=0.000000
2023-11-08 13:49:00,707 [INFO]  Epoch[3] Batch [0-4]	Speed: 13263.93 samples/sec	cross-entropy=6.071882	air_time21-accuracy=2.600000
2023-11-08 13:49:00,710 [INFO]  Epoch[3] Train-cross-entropy=4.342200
2023-11-08 13:49:00,710 [INFO]  Epoch[3] Train-air_time21-accuracy=2.625000
2023-11-08 13:49:00,710 [INFO]  Epoch[3] Time cost=0.010
2023-11-08 13:49:00,712 [INFO]  Saved checkpoint to "./imputer_model/imputer_model_air_time21/model-0003.params"
2023-11-08 13:49:00,713 [INFO]  Epoch[3] Validation-cross-entropy=9.136328
2023-11-08 13:49:00,713 [INFO]  Epoch[3] Validation-air_time21-accuracy=0.000000
2023-11-08 13:49:00,719 [INFO]  Epoch[4] Batch [0-4]	Speed: 14121.49 samples/sec	cross-entropy=1.313979	air_time21-accuracy=2.600000
2023-11-08 13:49:00,722 [INFO]  Epoch[4] Train-cross-entropy=1.162206
2023-11-08 13:49:00,722 [INFO]  Epoch[4] Train-air_time21-accuracy=2.625000
2023-11-08 13:49:00,723 [INFO]  Epoch[4] Time cost=0.009
2023-11-08 13:49:00,724 [INFO]  Saved checkpoint to "./imputer_model/imputer_model_air_time21/model-0004.params"
2023-11-08 13:49:00,725 [INFO]  Epoch[4] Validation-cross-entropy=8.826771
2023-11-08 13:49:00,725 [INFO]  Epoch[4] Validation-air_time21-accuracy=0.000000
2023-11-08 13:49:00,725 [INFO]  
========== done (0.06323051452636719 s) fit model
2023-11-08 14:02:23,626 [INFO]  
========== start: fit model
2023-11-08 14:02:23,627 [WARNING]  Already bound, ignoring bind()
2023-11-08 14:02:23,634 [INFO]  Epoch[0] Batch [0-4]	Speed: 13882.68 samples/sec	cross-entropy=13.117090	air_time21-accuracy=2.600000
2023-11-08 14:02:23,637 [INFO]  Epoch[0] Train-cross-entropy=17.006479
2023-11-08 14:02:23,637 [INFO]  Epoch[0] Train-air_time21-accuracy=2.750000
2023-11-08 14:02:23,637 [INFO]  Epoch[0] Time cost=0.010
2023-11-08 14:02:23,638 [INFO]  Saved checkpoint to "./imputer_model/imputer_model_air_time21/model-0000.params"
2023-11-08 14:02:23,639 [INFO]  Epoch[0] Validation-cross-entropy=3.908056
2023-11-08 14:02:23,639 [INFO]  Epoch[0] Validation-air_time21-accuracy=0.000000
2023-11-08 14:02:23,647 [INFO]  Epoch[1] Batch [0-4]	Speed: 10560.01 samples/sec	cross-entropy=52.379503	air_time21-accuracy=2.600000
2023-11-08 14:02:23,652 [INFO]  Epoch[1] Train-cross-entropy=52.460412
2023-11-08 14:02:23,652 [INFO]  Epoch[1] Train-air_time21-accuracy=2.750000
2023-11-08 14:02:23,652 [INFO]  Epoch[1] Time cost=0.013
2023-11-08 14:02:23,655 [INFO]  Saved checkpoint to "./imputer_model/imputer_model_air_time21/model-0001.params"
2023-11-08 14:02:23,656 [INFO]  Epoch[1] Validation-cross-entropy=2.874507
2023-11-08 14:02:23,656 [INFO]  Epoch[1] Validation-air_time21-accuracy=0.000000
2023-11-08 14:02:23,663 [INFO]  Epoch[2] Batch [0-4]	Speed: 14223.25 samples/sec	cross-entropy=7.825503	air_time21-accuracy=2.600000
2023-11-08 14:02:23,666 [INFO]  Epoch[2] Train-cross-entropy=7.591515
2023-11-08 14:02:23,666 [INFO]  Epoch[2] Train-air_time21-accuracy=2.750000
2023-11-08 14:02:23,666 [INFO]  Epoch[2] Time cost=0.010
2023-11-08 14:02:23,668 [INFO]  Saved checkpoint to "./imputer_model/imputer_model_air_time21/model-0002.params"
2023-11-08 14:02:23,669 [INFO]  Epoch[2] Validation-cross-entropy=6.716156
2023-11-08 14:02:23,669 [INFO]  Epoch[2] Validation-air_time21-accuracy=0.000000
2023-11-08 14:02:23,674 [INFO]  Epoch[3] Batch [0-4]	Speed: 16151.35 samples/sec	cross-entropy=5.751354	air_time21-accuracy=2.600000
2023-11-08 14:02:23,677 [INFO]  Epoch[3] Train-cross-entropy=4.551710
2023-11-08 14:02:23,677 [INFO]  Epoch[3] Train-air_time21-accuracy=2.750000
2023-11-08 14:02:23,677 [INFO]  Epoch[3] Time cost=0.008
2023-11-08 14:02:23,678 [INFO]  Saved checkpoint to "./imputer_model/imputer_model_air_time21/model-0003.params"
2023-11-08 14:02:23,679 [INFO]  Epoch[3] Validation-cross-entropy=6.346945
2023-11-08 14:02:23,679 [INFO]  Epoch[3] Validation-air_time21-accuracy=0.000000
2023-11-08 14:02:23,684 [INFO]  Epoch[4] Batch [0-4]	Speed: 15515.60 samples/sec	cross-entropy=2.234641	air_time21-accuracy=2.600000
2023-11-08 14:02:23,688 [INFO]  Epoch[4] Train-cross-entropy=2.058570
2023-11-08 14:02:23,688 [INFO]  Epoch[4] Train-air_time21-accuracy=2.750000
2023-11-08 14:02:23,688 [INFO]  Epoch[4] Time cost=0.009
2023-11-08 14:02:23,691 [INFO]  Saved checkpoint to "./imputer_model/imputer_model_air_time21/model-0004.params"
2023-11-08 14:02:23,692 [INFO]  Epoch[4] Validation-cross-entropy=7.093510
2023-11-08 14:02:23,692 [INFO]  Epoch[4] Validation-air_time21-accuracy=0.000000
2023-11-08 14:02:23,692 [INFO]  
========== done (0.06543231010437012 s) fit model
2023-11-08 14:15:50,226 [INFO]  
========== start: fit model
2023-11-08 14:15:50,226 [WARNING]  Already bound, ignoring bind()
2023-11-08 14:15:50,233 [INFO]  Epoch[0] Batch [0-4]	Speed: 14059.37 samples/sec	cross-entropy=27.948996	air_time21-accuracy=2.600000
2023-11-08 14:15:50,236 [INFO]  Epoch[0] Train-cross-entropy=23.527436
2023-11-08 14:15:50,236 [INFO]  Epoch[0] Train-air_time21-accuracy=3.375000
2023-11-08 14:15:50,236 [INFO]  Epoch[0] Time cost=0.010
2023-11-08 14:15:50,238 [INFO]  Saved checkpoint to "./imputer_model/imputer_model_air_time21/model-0000.params"
2023-11-08 14:15:50,238 [INFO]  Epoch[0] Validation-cross-entropy=82.730591
2023-11-08 14:15:50,238 [INFO]  Epoch[0] Validation-air_time21-accuracy=0.000000
2023-11-08 14:15:50,244 [INFO]  Epoch[1] Batch [0-4]	Speed: 14983.84 samples/sec	cross-entropy=33.677350	air_time21-accuracy=2.600000
2023-11-08 14:15:50,247 [INFO]  Epoch[1] Train-cross-entropy=26.699925
2023-11-08 14:15:50,247 [INFO]  Epoch[1] Train-air_time21-accuracy=3.375000
2023-11-08 14:15:50,247 [INFO]  Epoch[1] Time cost=0.009
2023-11-08 14:15:50,248 [INFO]  Saved checkpoint to "./imputer_model/imputer_model_air_time21/model-0001.params"
2023-11-08 14:15:50,249 [INFO]  Epoch[1] Validation-cross-entropy=44.865547
2023-11-08 14:15:50,249 [INFO]  Epoch[1] Validation-air_time21-accuracy=0.000000
2023-11-08 14:15:50,256 [INFO]  Epoch[2] Batch [0-4]	Speed: 11335.48 samples/sec	cross-entropy=10.069512	air_time21-accuracy=2.600000
2023-11-08 14:15:50,260 [INFO]  Epoch[2] Train-cross-entropy=15.912757
2023-11-08 14:15:50,260 [INFO]  Epoch[2] Train-air_time21-accuracy=3.375000
2023-11-08 14:15:50,260 [INFO]  Epoch[2] Time cost=0.012
2023-11-08 14:15:50,264 [INFO]  Saved checkpoint to "./imputer_model/imputer_model_air_time21/model-0002.params"
2023-11-08 14:15:50,264 [INFO]  Epoch[2] Validation-cross-entropy=76.864601
2023-11-08 14:15:50,265 [INFO]  Epoch[2] Validation-air_time21-accuracy=0.000000
2023-11-08 14:15:50,271 [INFO]  Epoch[3] Batch [0-4]	Speed: 14444.44 samples/sec	cross-entropy=4.336810	air_time21-accuracy=2.600000
2023-11-08 14:15:50,274 [INFO]  Epoch[3] Train-cross-entropy=3.439879
2023-11-08 14:15:50,274 [INFO]  Epoch[3] Train-air_time21-accuracy=3.375000
2023-11-08 14:15:50,274 [INFO]  Epoch[3] Time cost=0.010
2023-11-08 14:15:50,276 [INFO]  Saved checkpoint to "./imputer_model/imputer_model_air_time21/model-0003.params"
2023-11-08 14:15:50,277 [INFO]  Epoch[3] Validation-cross-entropy=51.283169
2023-11-08 14:15:50,277 [INFO]  Epoch[3] Validation-air_time21-accuracy=0.000000
2023-11-08 14:15:50,282 [INFO]  Epoch[4] Batch [0-4]	Speed: 15606.71 samples/sec	cross-entropy=2.372121	air_time21-accuracy=2.600000
2023-11-08 14:15:50,285 [INFO]  Epoch[4] Train-cross-entropy=2.094245
2023-11-08 14:15:50,286 [INFO]  Epoch[4] Train-air_time21-accuracy=3.375000
2023-11-08 14:15:50,286 [INFO]  Epoch[4] Time cost=0.008
2023-11-08 14:15:50,287 [INFO]  Saved checkpoint to "./imputer_model/imputer_model_air_time21/model-0004.params"
2023-11-08 14:15:50,288 [INFO]  Epoch[4] Validation-cross-entropy=58.071434
2023-11-08 14:15:50,288 [INFO]  Epoch[4] Validation-air_time21-accuracy=0.000000
2023-11-08 14:15:50,288 [INFO]  
========== done (0.06220436096191406 s) fit model
2023-11-08 14:29:27,283 [INFO]  
========== start: fit model
2023-11-08 14:29:27,283 [WARNING]  Already bound, ignoring bind()
2023-11-08 14:29:27,292 [INFO]  Epoch[0] Batch [0-4]	Speed: 10821.39 samples/sec	cross-entropy=19.567846	air_time21-accuracy=0.000000
2023-11-08 14:29:27,296 [INFO]  Epoch[0] Train-cross-entropy=20.239708
2023-11-08 14:29:27,296 [INFO]  Epoch[0] Train-air_time21-accuracy=0.000000
2023-11-08 14:29:27,297 [INFO]  Epoch[0] Time cost=0.013
2023-11-08 14:29:27,299 [INFO]  Saved checkpoint to "./imputer_model/imputer_model_air_time21/model-0000.params"
2023-11-08 14:29:27,300 [INFO]  Epoch[0] Validation-cross-entropy=33.845116
2023-11-08 14:29:27,300 [INFO]  Epoch[0] Validation-air_time21-accuracy=0.000000
2023-11-08 14:29:27,306 [INFO]  Epoch[1] Batch [0-4]	Speed: 13913.62 samples/sec	cross-entropy=41.605107	air_time21-accuracy=0.000000
2023-11-08 14:29:27,310 [INFO]  Epoch[1] Train-cross-entropy=30.682111
2023-11-08 14:29:27,310 [INFO]  Epoch[1] Train-air_time21-accuracy=0.000000
2023-11-08 14:29:27,310 [INFO]  Epoch[1] Time cost=0.010
2023-11-08 14:29:27,313 [INFO]  Saved checkpoint to "./imputer_model/imputer_model_air_time21/model-0001.params"
2023-11-08 14:29:27,314 [INFO]  Epoch[1] Validation-cross-entropy=27.728786
2023-11-08 14:29:27,314 [INFO]  Epoch[1] Validation-air_time21-accuracy=0.000000
2023-11-08 14:29:27,320 [INFO]  Epoch[2] Batch [0-4]	Speed: 14705.57 samples/sec	cross-entropy=7.850550	air_time21-accuracy=0.000000
2023-11-08 14:29:27,323 [INFO]  Epoch[2] Train-cross-entropy=5.661325
2023-11-08 14:29:27,323 [INFO]  Epoch[2] Train-air_time21-accuracy=0.000000
2023-11-08 14:29:27,323 [INFO]  Epoch[2] Time cost=0.009
2023-11-08 14:29:27,325 [INFO]  Saved checkpoint to "./imputer_model/imputer_model_air_time21/model-0002.params"
2023-11-08 14:29:27,326 [INFO]  Epoch[2] Validation-cross-entropy=55.797680
2023-11-08 14:29:27,326 [INFO]  Epoch[2] Validation-air_time21-accuracy=0.000000
2023-11-08 14:29:27,333 [INFO]  Epoch[3] Batch [0-4]	Speed: 11921.99 samples/sec	cross-entropy=3.830514	air_time21-accuracy=0.000000
2023-11-08 14:29:27,337 [INFO]  Epoch[3] Train-cross-entropy=2.984306
2023-11-08 14:29:27,337 [INFO]  Epoch[3] Train-air_time21-accuracy=0.000000
2023-11-08 14:29:27,337 [INFO]  Epoch[3] Time cost=0.011
2023-11-08 14:29:27,339 [INFO]  Saved checkpoint to "./imputer_model/imputer_model_air_time21/model-0003.params"
2023-11-08 14:29:27,340 [INFO]  Epoch[3] Validation-cross-entropy=16.929031
2023-11-08 14:29:27,340 [INFO]  Epoch[3] Validation-air_time21-accuracy=0.000000
2023-11-08 14:29:27,346 [INFO]  Epoch[4] Batch [0-4]	Speed: 13179.27 samples/sec	cross-entropy=1.132170	air_time21-accuracy=0.000000
2023-11-08 14:29:27,350 [INFO]  Epoch[4] Train-cross-entropy=1.157986
2023-11-08 14:29:27,350 [INFO]  Epoch[4] Train-air_time21-accuracy=0.000000
2023-11-08 14:29:27,350 [INFO]  Epoch[4] Time cost=0.010
2023-11-08 14:29:27,351 [INFO]  Saved checkpoint to "./imputer_model/imputer_model_air_time21/model-0004.params"
2023-11-08 14:29:27,352 [INFO]  Epoch[4] Validation-cross-entropy=5.685684
2023-11-08 14:29:27,352 [INFO]  Epoch[4] Validation-air_time21-accuracy=0.000000
2023-11-08 14:29:27,352 [INFO]  
========== done (0.06928825378417969 s) fit model
2023-11-08 14:43:32,341 [INFO]  
========== start: fit model
2023-11-08 14:43:32,341 [WARNING]  Already bound, ignoring bind()
2023-11-08 14:43:32,348 [INFO]  Epoch[0] Batch [0-4]	Speed: 13737.74 samples/sec	cross-entropy=23.325445	air_time21-accuracy=0.000000
2023-11-08 14:43:32,352 [INFO]  Epoch[0] Train-cross-entropy=23.392624
2023-11-08 14:43:32,352 [INFO]  Epoch[0] Train-air_time21-accuracy=0.000000
2023-11-08 14:43:32,352 [INFO]  Epoch[0] Time cost=0.010
2023-11-08 14:43:32,354 [INFO]  Saved checkpoint to "./imputer_model/imputer_model_air_time21/model-0000.params"
2023-11-08 14:43:32,354 [INFO]  Epoch[0] Validation-cross-entropy=28.577950
2023-11-08 14:43:32,354 [INFO]  Epoch[0] Validation-air_time21-accuracy=0.000000
2023-11-08 14:43:32,361 [INFO]  Epoch[1] Batch [0-4]	Speed: 11405.31 samples/sec	cross-entropy=76.560535	air_time21-accuracy=0.000000
2023-11-08 14:43:32,367 [INFO]  Epoch[1] Train-cross-entropy=55.015945
2023-11-08 14:43:32,367 [INFO]  Epoch[1] Train-air_time21-accuracy=0.000000
2023-11-08 14:43:32,367 [INFO]  Epoch[1] Time cost=0.012
2023-11-08 14:43:32,370 [INFO]  Saved checkpoint to "./imputer_model/imputer_model_air_time21/model-0001.params"
2023-11-08 14:43:32,371 [INFO]  Epoch[1] Validation-cross-entropy=3.328156
2023-11-08 14:43:32,371 [INFO]  Epoch[1] Validation-air_time21-accuracy=0.000000
2023-11-08 14:43:32,378 [INFO]  Epoch[2] Batch [0-4]	Speed: 12205.50 samples/sec	cross-entropy=11.389476	air_time21-accuracy=0.000000
2023-11-08 14:43:32,382 [INFO]  Epoch[2] Train-cross-entropy=8.173760
2023-11-08 14:43:32,383 [INFO]  Epoch[2] Train-air_time21-accuracy=0.000000
2023-11-08 14:43:32,383 [INFO]  Epoch[2] Time cost=0.011
2023-11-08 14:43:32,385 [INFO]  Saved checkpoint to "./imputer_model/imputer_model_air_time21/model-0002.params"
2023-11-08 14:43:32,385 [INFO]  Epoch[2] Validation-cross-entropy=2.422203
2023-11-08 14:43:32,385 [INFO]  Epoch[2] Validation-air_time21-accuracy=0.000000
2023-11-08 14:43:32,391 [INFO]  Epoch[3] Batch [0-4]	Speed: 13397.66 samples/sec	cross-entropy=4.316411	air_time21-accuracy=0.000000
2023-11-08 14:43:32,395 [INFO]  Epoch[3] Train-cross-entropy=4.014935
2023-11-08 14:43:32,395 [INFO]  Epoch[3] Train-air_time21-accuracy=0.000000
2023-11-08 14:43:32,395 [INFO]  Epoch[3] Time cost=0.010
2023-11-08 14:43:32,397 [INFO]  Saved checkpoint to "./imputer_model/imputer_model_air_time21/model-0003.params"
2023-11-08 14:43:32,397 [INFO]  Epoch[3] Validation-cross-entropy=4.929547
2023-11-08 14:43:32,397 [INFO]  Epoch[3] Validation-air_time21-accuracy=0.000000
2023-11-08 14:43:32,403 [INFO]  Epoch[4] Batch [0-4]	Speed: 13990.49 samples/sec	cross-entropy=2.206719	air_time21-accuracy=0.000000
2023-11-08 14:43:32,407 [INFO]  Epoch[4] Train-cross-entropy=1.669221
2023-11-08 14:43:32,407 [INFO]  Epoch[4] Train-air_time21-accuracy=0.000000
2023-11-08 14:43:32,407 [INFO]  Epoch[4] Time cost=0.009
2023-11-08 14:43:32,408 [INFO]  Saved checkpoint to "./imputer_model/imputer_model_air_time21/model-0004.params"
2023-11-08 14:43:32,409 [INFO]  Epoch[4] Validation-cross-entropy=2.717874
2023-11-08 14:43:32,409 [INFO]  Epoch[4] Validation-air_time21-accuracy=0.000000
2023-11-08 14:43:32,409 [INFO]  
========== done (0.06788396835327148 s) fit model
2023-11-08 14:57:39,965 [INFO]  
========== start: fit model
2023-11-08 14:57:39,965 [WARNING]  Already bound, ignoring bind()
2023-11-08 14:57:39,973 [INFO]  Epoch[0] Batch [0-4]	Speed: 12472.61 samples/sec	cross-entropy=23.557625	air_time21-accuracy=0.000000
2023-11-08 14:57:39,978 [INFO]  Epoch[0] Train-cross-entropy=32.421282
2023-11-08 14:57:39,978 [INFO]  Epoch[0] Train-air_time21-accuracy=0.000000
2023-11-08 14:57:39,978 [INFO]  Epoch[0] Time cost=0.012
2023-11-08 14:57:39,982 [INFO]  Saved checkpoint to "./imputer_model/imputer_model_air_time21/model-0000.params"
2023-11-08 14:57:39,983 [INFO]  Epoch[0] Validation-cross-entropy=11.487943
2023-11-08 14:57:39,983 [INFO]  Epoch[0] Validation-air_time21-accuracy=0.000000
2023-11-08 14:57:39,991 [INFO]  Epoch[1] Batch [0-4]	Speed: 10692.51 samples/sec	cross-entropy=45.217191	air_time21-accuracy=0.000000
2023-11-08 14:57:39,994 [INFO]  Epoch[1] Train-cross-entropy=39.900228
2023-11-08 14:57:39,994 [INFO]  Epoch[1] Train-air_time21-accuracy=0.000000
2023-11-08 14:57:39,995 [INFO]  Epoch[1] Time cost=0.012
2023-11-08 14:57:39,997 [INFO]  Saved checkpoint to "./imputer_model/imputer_model_air_time21/model-0001.params"
2023-11-08 14:57:39,998 [INFO]  Epoch[1] Validation-cross-entropy=16.282732
2023-11-08 14:57:39,998 [INFO]  Epoch[1] Validation-air_time21-accuracy=0.000000
2023-11-08 14:57:40,003 [INFO]  Epoch[2] Batch [0-4]	Speed: 16906.13 samples/sec	cross-entropy=10.344516	air_time21-accuracy=0.000000
2023-11-08 14:57:40,006 [INFO]  Epoch[2] Train-cross-entropy=7.664488
2023-11-08 14:57:40,006 [INFO]  Epoch[2] Train-air_time21-accuracy=0.000000
2023-11-08 14:57:40,006 [INFO]  Epoch[2] Time cost=0.008
2023-11-08 14:57:40,007 [INFO]  Saved checkpoint to "./imputer_model/imputer_model_air_time21/model-0002.params"
2023-11-08 14:57:40,008 [INFO]  Epoch[2] Validation-cross-entropy=6.358727
2023-11-08 14:57:40,008 [INFO]  Epoch[2] Validation-air_time21-accuracy=0.000000
2023-11-08 14:57:40,014 [INFO]  Epoch[3] Batch [0-4]	Speed: 13967.92 samples/sec	cross-entropy=5.595589	air_time21-accuracy=0.000000
2023-11-08 14:57:40,017 [INFO]  Epoch[3] Train-cross-entropy=4.207316
2023-11-08 14:57:40,018 [INFO]  Epoch[3] Train-air_time21-accuracy=0.000000
2023-11-08 14:57:40,018 [INFO]  Epoch[3] Time cost=0.009
2023-11-08 14:57:40,019 [INFO]  Saved checkpoint to "./imputer_model/imputer_model_air_time21/model-0003.params"
2023-11-08 14:57:40,019 [INFO]  Epoch[3] Validation-cross-entropy=8.157594
2023-11-08 14:57:40,020 [INFO]  Epoch[3] Validation-air_time21-accuracy=0.000000
2023-11-08 14:57:40,025 [INFO]  Epoch[4] Batch [0-4]	Speed: 14314.27 samples/sec	cross-entropy=2.152857	air_time21-accuracy=0.000000
2023-11-08 14:57:40,029 [INFO]  Epoch[4] Train-cross-entropy=1.705126
2023-11-08 14:57:40,029 [INFO]  Epoch[4] Train-air_time21-accuracy=0.000000
2023-11-08 14:57:40,029 [INFO]  Epoch[4] Time cost=0.009
2023-11-08 14:57:40,030 [INFO]  Saved checkpoint to "./imputer_model/imputer_model_air_time21/model-0004.params"
2023-11-08 14:57:40,031 [INFO]  Epoch[4] Validation-cross-entropy=8.416087
2023-11-08 14:57:40,031 [INFO]  Epoch[4] Validation-air_time21-accuracy=0.000000
2023-11-08 14:57:40,031 [INFO]  
========== done (0.06566882133483887 s) fit model
