2023-11-08 12:33:15,823 [INFO]  
========== start: fit model
2023-11-08 12:33:15,823 [WARNING]  Already bound, ignoring bind()
2023-11-08 12:33:15,830 [INFO]  Epoch[0] Batch [0-4]	Speed: 14578.58 samples/sec	cross-entropy=24.419353	max_y_extension4-accuracy=3.000000
2023-11-08 12:33:15,834 [INFO]  Epoch[0] Train-cross-entropy=24.955617
2023-11-08 12:33:15,834 [INFO]  Epoch[0] Train-max_y_extension4-accuracy=3.125000
2023-11-08 12:33:15,834 [INFO]  Epoch[0] Time cost=0.011
2023-11-08 12:33:15,837 [INFO]  Saved checkpoint to "./imputer_model/imputer_model_max_y_extension4/model-0000.params"
2023-11-08 12:33:15,837 [INFO]  Epoch[0] Validation-cross-entropy=54.589684
2023-11-08 12:33:15,838 [INFO]  Epoch[0] Validation-max_y_extension4-accuracy=0.000000
2023-11-08 12:33:15,845 [INFO]  Epoch[1] Batch [0-4]	Speed: 11682.28 samples/sec	cross-entropy=58.986883	max_y_extension4-accuracy=3.000000
2023-11-08 12:33:15,849 [INFO]  Epoch[1] Train-cross-entropy=40.979823
2023-11-08 12:33:15,849 [INFO]  Epoch[1] Train-max_y_extension4-accuracy=3.125000
2023-11-08 12:33:15,849 [INFO]  Epoch[1] Time cost=0.012
2023-11-08 12:33:15,852 [INFO]  Saved checkpoint to "./imputer_model/imputer_model_max_y_extension4/model-0001.params"
2023-11-08 12:33:15,853 [INFO]  Epoch[1] Validation-cross-entropy=46.037144
2023-11-08 12:33:15,853 [INFO]  Epoch[1] Validation-max_y_extension4-accuracy=0.000000
2023-11-08 12:33:15,859 [INFO]  Epoch[2] Batch [0-4]	Speed: 13061.28 samples/sec	cross-entropy=6.316705	max_y_extension4-accuracy=3.000000
2023-11-08 12:33:15,863 [INFO]  Epoch[2] Train-cross-entropy=4.547851
2023-11-08 12:33:15,863 [INFO]  Epoch[2] Train-max_y_extension4-accuracy=3.125000
2023-11-08 12:33:15,863 [INFO]  Epoch[2] Time cost=0.010
2023-11-08 12:33:15,865 [INFO]  Saved checkpoint to "./imputer_model/imputer_model_max_y_extension4/model-0002.params"
2023-11-08 12:33:15,865 [INFO]  Epoch[2] Validation-cross-entropy=44.792587
2023-11-08 12:33:15,865 [INFO]  Epoch[2] Validation-max_y_extension4-accuracy=0.000000
2023-11-08 12:33:15,871 [INFO]  Epoch[3] Batch [0-4]	Speed: 13895.61 samples/sec	cross-entropy=3.507211	max_y_extension4-accuracy=3.000000
2023-11-08 12:33:15,875 [INFO]  Epoch[3] Train-cross-entropy=2.779664
2023-11-08 12:33:15,875 [INFO]  Epoch[3] Train-max_y_extension4-accuracy=3.125000
2023-11-08 12:33:15,875 [INFO]  Epoch[3] Time cost=0.009
2023-11-08 12:33:15,876 [INFO]  Saved checkpoint to "./imputer_model/imputer_model_max_y_extension4/model-0003.params"
2023-11-08 12:33:15,877 [INFO]  Epoch[3] Validation-cross-entropy=45.581444
2023-11-08 12:33:15,877 [INFO]  Epoch[3] Validation-max_y_extension4-accuracy=0.000000
2023-11-08 12:33:15,883 [INFO]  Epoch[4] Batch [0-4]	Speed: 14047.59 samples/sec	cross-entropy=1.570765	max_y_extension4-accuracy=3.000000
2023-11-08 12:33:15,886 [INFO]  Epoch[4] Train-cross-entropy=1.205942
2023-11-08 12:33:15,886 [INFO]  Epoch[4] Train-max_y_extension4-accuracy=3.125000
2023-11-08 12:33:15,886 [INFO]  Epoch[4] Time cost=0.009
2023-11-08 12:33:15,888 [INFO]  Saved checkpoint to "./imputer_model/imputer_model_max_y_extension4/model-0004.params"
2023-11-08 12:33:15,888 [INFO]  Epoch[4] Validation-cross-entropy=45.288525
2023-11-08 12:33:15,888 [INFO]  Epoch[4] Validation-max_y_extension4-accuracy=0.000000
2023-11-08 12:33:15,888 [INFO]  
========== done (0.06555891036987305 s) fit model
2023-11-08 13:04:18,741 [INFO]  
========== start: fit model
2023-11-08 13:04:18,742 [WARNING]  Already bound, ignoring bind()
2023-11-08 13:04:18,755 [INFO]  Epoch[0] Batch [0-4]	Speed: 9601.04 samples/sec	cross-entropy=22.937602	max_y_extension4-accuracy=4.000000
2023-11-08 13:04:18,760 [INFO]  Epoch[0] Train-cross-entropy=22.321481
2023-11-08 13:04:18,760 [INFO]  Epoch[0] Train-max_y_extension4-accuracy=3.375000
2023-11-08 13:04:18,761 [INFO]  Epoch[0] Time cost=0.018
2023-11-08 13:04:18,763 [INFO]  Saved checkpoint to "./imputer_model/imputer_model_max_y_extension4/model-0000.params"
2023-11-08 13:04:18,764 [INFO]  Epoch[0] Validation-cross-entropy=3.623391
2023-11-08 13:04:18,764 [INFO]  Epoch[0] Validation-max_y_extension4-accuracy=0.000000
2023-11-08 13:04:18,771 [INFO]  Epoch[1] Batch [0-4]	Speed: 11952.24 samples/sec	cross-entropy=34.920440	max_y_extension4-accuracy=4.000000
2023-11-08 13:04:18,775 [INFO]  Epoch[1] Train-cross-entropy=34.287716
2023-11-08 13:04:18,775 [INFO]  Epoch[1] Train-max_y_extension4-accuracy=3.375000
2023-11-08 13:04:18,775 [INFO]  Epoch[1] Time cost=0.011
2023-11-08 13:04:18,777 [INFO]  Saved checkpoint to "./imputer_model/imputer_model_max_y_extension4/model-0001.params"
2023-11-08 13:04:18,777 [INFO]  Epoch[1] Validation-cross-entropy=7.715224
2023-11-08 13:04:18,777 [INFO]  Epoch[1] Validation-max_y_extension4-accuracy=0.000000
2023-11-08 13:04:18,783 [INFO]  Epoch[2] Batch [0-4]	Speed: 13739.15 samples/sec	cross-entropy=6.131983	max_y_extension4-accuracy=4.000000
2023-11-08 13:04:18,787 [INFO]  Epoch[2] Train-cross-entropy=6.044371
2023-11-08 13:04:18,787 [INFO]  Epoch[2] Train-max_y_extension4-accuracy=3.375000
2023-11-08 13:04:18,787 [INFO]  Epoch[2] Time cost=0.010
2023-11-08 13:04:18,788 [INFO]  Saved checkpoint to "./imputer_model/imputer_model_max_y_extension4/model-0002.params"
2023-11-08 13:04:18,789 [INFO]  Epoch[2] Validation-cross-entropy=9.598169
2023-11-08 13:04:18,789 [INFO]  Epoch[2] Validation-max_y_extension4-accuracy=0.000000
2023-11-08 13:04:18,795 [INFO]  Epoch[3] Batch [0-4]	Speed: 13834.03 samples/sec	cross-entropy=4.842618	max_y_extension4-accuracy=4.000000
2023-11-08 13:04:18,798 [INFO]  Epoch[3] Train-cross-entropy=4.362284
2023-11-08 13:04:18,798 [INFO]  Epoch[3] Train-max_y_extension4-accuracy=3.375000
2023-11-08 13:04:18,798 [INFO]  Epoch[3] Time cost=0.009
2023-11-08 13:04:18,800 [INFO]  Saved checkpoint to "./imputer_model/imputer_model_max_y_extension4/model-0003.params"
2023-11-08 13:04:18,800 [INFO]  Epoch[3] Validation-cross-entropy=8.644202
2023-11-08 13:04:18,800 [INFO]  Epoch[3] Validation-max_y_extension4-accuracy=0.000000
2023-11-08 13:04:18,807 [INFO]  Epoch[4] Batch [0-4]	Speed: 11844.66 samples/sec	cross-entropy=4.028866	max_y_extension4-accuracy=4.000000
2023-11-08 13:04:18,811 [INFO]  Epoch[4] Train-cross-entropy=3.282783
2023-11-08 13:04:18,812 [INFO]  Epoch[4] Train-max_y_extension4-accuracy=3.375000
2023-11-08 13:04:18,812 [INFO]  Epoch[4] Time cost=0.011
2023-11-08 13:04:18,814 [INFO]  Saved checkpoint to "./imputer_model/imputer_model_max_y_extension4/model-0004.params"
2023-11-08 13:04:18,814 [INFO]  Epoch[4] Validation-cross-entropy=6.907158
2023-11-08 13:04:18,815 [INFO]  Epoch[4] Validation-max_y_extension4-accuracy=0.000000
2023-11-08 13:04:18,815 [INFO]  
========== done (0.07334637641906738 s) fit model
2023-11-08 13:17:46,266 [INFO]  
========== start: fit model
2023-11-08 13:17:46,266 [WARNING]  Already bound, ignoring bind()
2023-11-08 13:17:46,275 [INFO]  Epoch[0] Batch [0-4]	Speed: 10133.08 samples/sec	cross-entropy=27.584911	max_y_extension4-accuracy=2.600000
2023-11-08 13:17:46,279 [INFO]  Epoch[0] Train-cross-entropy=27.084429
2023-11-08 13:17:46,279 [INFO]  Epoch[0] Train-max_y_extension4-accuracy=3.500000
2023-11-08 13:17:46,280 [INFO]  Epoch[0] Time cost=0.013
2023-11-08 13:17:46,282 [INFO]  Saved checkpoint to "./imputer_model/imputer_model_max_y_extension4/model-0000.params"
2023-11-08 13:17:46,283 [INFO]  Epoch[0] Validation-cross-entropy=15.560212
2023-11-08 13:17:46,283 [INFO]  Epoch[0] Validation-max_y_extension4-accuracy=0.000000
2023-11-08 13:17:46,290 [INFO]  Epoch[1] Batch [0-4]	Speed: 13147.64 samples/sec	cross-entropy=19.956959	max_y_extension4-accuracy=2.600000
2023-11-08 13:17:46,293 [INFO]  Epoch[1] Train-cross-entropy=14.400675
2023-11-08 13:17:46,293 [INFO]  Epoch[1] Train-max_y_extension4-accuracy=3.500000
2023-11-08 13:17:46,293 [INFO]  Epoch[1] Time cost=0.010
2023-11-08 13:17:46,295 [INFO]  Saved checkpoint to "./imputer_model/imputer_model_max_y_extension4/model-0001.params"
2023-11-08 13:17:46,296 [INFO]  Epoch[1] Validation-cross-entropy=12.274377
2023-11-08 13:17:46,296 [INFO]  Epoch[1] Validation-max_y_extension4-accuracy=0.000000
2023-11-08 13:17:46,302 [INFO]  Epoch[2] Batch [0-4]	Speed: 14400.27 samples/sec	cross-entropy=2.921025	max_y_extension4-accuracy=2.600000
2023-11-08 13:17:46,305 [INFO]  Epoch[2] Train-cross-entropy=2.741337
2023-11-08 13:17:46,305 [INFO]  Epoch[2] Train-max_y_extension4-accuracy=3.500000
2023-11-08 13:17:46,305 [INFO]  Epoch[2] Time cost=0.009
2023-11-08 13:17:46,307 [INFO]  Saved checkpoint to "./imputer_model/imputer_model_max_y_extension4/model-0002.params"
2023-11-08 13:17:46,307 [INFO]  Epoch[2] Validation-cross-entropy=9.727613
2023-11-08 13:17:46,307 [INFO]  Epoch[2] Validation-max_y_extension4-accuracy=0.000000
2023-11-08 13:17:46,313 [INFO]  Epoch[3] Batch [0-4]	Speed: 14710.40 samples/sec	cross-entropy=1.928485	max_y_extension4-accuracy=2.600000
2023-11-08 13:17:46,316 [INFO]  Epoch[3] Train-cross-entropy=1.537609
2023-11-08 13:17:46,316 [INFO]  Epoch[3] Train-max_y_extension4-accuracy=3.500000
2023-11-08 13:17:46,316 [INFO]  Epoch[3] Time cost=0.009
2023-11-08 13:17:46,318 [INFO]  Saved checkpoint to "./imputer_model/imputer_model_max_y_extension4/model-0003.params"
2023-11-08 13:17:46,318 [INFO]  Epoch[3] Validation-cross-entropy=9.869139
2023-11-08 13:17:46,318 [INFO]  Epoch[3] Validation-max_y_extension4-accuracy=0.000000
2023-11-08 13:17:46,324 [INFO]  Epoch[4] Batch [0-4]	Speed: 15190.73 samples/sec	cross-entropy=0.946810	max_y_extension4-accuracy=2.600000
2023-11-08 13:17:46,327 [INFO]  Epoch[4] Train-cross-entropy=0.756303
2023-11-08 13:17:46,327 [INFO]  Epoch[4] Train-max_y_extension4-accuracy=3.500000
2023-11-08 13:17:46,327 [INFO]  Epoch[4] Time cost=0.009
2023-11-08 13:17:46,328 [INFO]  Saved checkpoint to "./imputer_model/imputer_model_max_y_extension4/model-0004.params"
2023-11-08 13:17:46,329 [INFO]  Epoch[4] Validation-cross-entropy=9.759523
2023-11-08 13:17:46,329 [INFO]  Epoch[4] Validation-max_y_extension4-accuracy=0.000000
2023-11-08 13:17:46,329 [INFO]  
========== done (0.06332874298095703 s) fit model
2023-11-08 13:31:06,937 [INFO]  
========== start: fit model
2023-11-08 13:31:06,937 [WARNING]  Already bound, ignoring bind()
2023-11-08 13:31:06,944 [INFO]  Epoch[0] Batch [0-4]	Speed: 12957.88 samples/sec	cross-entropy=15.781513	max_y_extension4-accuracy=0.000000
2023-11-08 13:31:06,949 [INFO]  Epoch[0] Train-cross-entropy=17.804205
2023-11-08 13:31:06,949 [INFO]  Epoch[0] Train-max_y_extension4-accuracy=0.000000
2023-11-08 13:31:06,949 [INFO]  Epoch[0] Time cost=0.012
2023-11-08 13:31:06,952 [INFO]  Saved checkpoint to "./imputer_model/imputer_model_max_y_extension4/model-0000.params"
2023-11-08 13:31:06,953 [INFO]  Epoch[0] Validation-cross-entropy=42.538200
2023-11-08 13:31:06,953 [INFO]  Epoch[0] Validation-max_y_extension4-accuracy=0.000000
2023-11-08 13:31:06,961 [INFO]  Epoch[1] Batch [0-4]	Speed: 11190.41 samples/sec	cross-entropy=29.845911	max_y_extension4-accuracy=0.000000
2023-11-08 13:31:06,965 [INFO]  Epoch[1] Train-cross-entropy=24.158013
2023-11-08 13:31:06,965 [INFO]  Epoch[1] Train-max_y_extension4-accuracy=0.000000
2023-11-08 13:31:06,965 [INFO]  Epoch[1] Time cost=0.011
2023-11-08 13:31:06,967 [INFO]  Saved checkpoint to "./imputer_model/imputer_model_max_y_extension4/model-0001.params"
2023-11-08 13:31:06,967 [INFO]  Epoch[1] Validation-cross-entropy=23.749134
2023-11-08 13:31:06,967 [INFO]  Epoch[1] Validation-max_y_extension4-accuracy=0.000000
2023-11-08 13:31:06,972 [INFO]  Epoch[2] Batch [0-4]	Speed: 16906.13 samples/sec	cross-entropy=7.291726	max_y_extension4-accuracy=0.000000
2023-11-08 13:31:06,975 [INFO]  Epoch[2] Train-cross-entropy=6.761581
2023-11-08 13:31:06,975 [INFO]  Epoch[2] Train-max_y_extension4-accuracy=0.000000
2023-11-08 13:31:06,975 [INFO]  Epoch[2] Time cost=0.008
2023-11-08 13:31:06,977 [INFO]  Saved checkpoint to "./imputer_model/imputer_model_max_y_extension4/model-0002.params"
2023-11-08 13:31:06,977 [INFO]  Epoch[2] Validation-cross-entropy=23.559254
2023-11-08 13:31:06,977 [INFO]  Epoch[2] Validation-max_y_extension4-accuracy=0.000000
2023-11-08 13:31:06,982 [INFO]  Epoch[3] Batch [0-4]	Speed: 18362.09 samples/sec	cross-entropy=3.645886	max_y_extension4-accuracy=0.000000
2023-11-08 13:31:06,985 [INFO]  Epoch[3] Train-cross-entropy=3.132156
2023-11-08 13:31:06,985 [INFO]  Epoch[3] Train-max_y_extension4-accuracy=0.000000
2023-11-08 13:31:06,985 [INFO]  Epoch[3] Time cost=0.007
2023-11-08 13:31:06,986 [INFO]  Saved checkpoint to "./imputer_model/imputer_model_max_y_extension4/model-0003.params"
2023-11-08 13:31:06,986 [INFO]  Epoch[3] Validation-cross-entropy=18.574396
2023-11-08 13:31:06,986 [INFO]  Epoch[3] Validation-max_y_extension4-accuracy=0.000000
2023-11-08 13:31:06,992 [INFO]  Epoch[4] Batch [0-4]	Speed: 13362.31 samples/sec	cross-entropy=1.289412	max_y_extension4-accuracy=0.000000
2023-11-08 13:31:06,995 [INFO]  Epoch[4] Train-cross-entropy=1.247383
2023-11-08 13:31:06,995 [INFO]  Epoch[4] Train-max_y_extension4-accuracy=0.000000
2023-11-08 13:31:06,995 [INFO]  Epoch[4] Time cost=0.009
2023-11-08 13:31:06,996 [INFO]  Saved checkpoint to "./imputer_model/imputer_model_max_y_extension4/model-0004.params"
2023-11-08 13:31:06,997 [INFO]  Epoch[4] Validation-cross-entropy=25.950031
2023-11-08 13:31:06,997 [INFO]  Epoch[4] Validation-max_y_extension4-accuracy=0.000000
2023-11-08 13:31:06,997 [INFO]  
========== done (0.059912681579589844 s) fit model
2023-11-08 13:44:26,994 [INFO]  
========== start: fit model
2023-11-08 13:44:26,994 [WARNING]  Already bound, ignoring bind()
2023-11-08 13:44:27,001 [INFO]  Epoch[0] Batch [0-4]	Speed: 14136.37 samples/sec	cross-entropy=26.145808	max_y_extension4-accuracy=3.000000
2023-11-08 13:44:27,004 [INFO]  Epoch[0] Train-cross-entropy=22.772276
2023-11-08 13:44:27,004 [INFO]  Epoch[0] Train-max_y_extension4-accuracy=3.000000
2023-11-08 13:44:27,004 [INFO]  Epoch[0] Time cost=0.010
2023-11-08 13:44:27,005 [INFO]  Saved checkpoint to "./imputer_model/imputer_model_max_y_extension4/model-0000.params"
2023-11-08 13:44:27,006 [INFO]  Epoch[0] Validation-cross-entropy=26.560003
2023-11-08 13:44:27,006 [INFO]  Epoch[0] Validation-max_y_extension4-accuracy=0.000000
2023-11-08 13:44:27,013 [INFO]  Epoch[1] Batch [0-4]	Speed: 10535.14 samples/sec	cross-entropy=41.498777	max_y_extension4-accuracy=3.000000
2023-11-08 13:44:27,018 [INFO]  Epoch[1] Train-cross-entropy=30.928613
2023-11-08 13:44:27,018 [INFO]  Epoch[1] Train-max_y_extension4-accuracy=3.000000
2023-11-08 13:44:27,018 [INFO]  Epoch[1] Time cost=0.012
2023-11-08 13:44:27,021 [INFO]  Saved checkpoint to "./imputer_model/imputer_model_max_y_extension4/model-0001.params"
2023-11-08 13:44:27,021 [INFO]  Epoch[1] Validation-cross-entropy=7.606009
2023-11-08 13:44:27,022 [INFO]  Epoch[1] Validation-max_y_extension4-accuracy=0.000000
2023-11-08 13:44:27,028 [INFO]  Epoch[2] Batch [0-4]	Speed: 13695.69 samples/sec	cross-entropy=6.739416	max_y_extension4-accuracy=3.000000
2023-11-08 13:44:27,031 [INFO]  Epoch[2] Train-cross-entropy=6.850252
2023-11-08 13:44:27,031 [INFO]  Epoch[2] Train-max_y_extension4-accuracy=3.000000
2023-11-08 13:44:27,031 [INFO]  Epoch[2] Time cost=0.009
2023-11-08 13:44:27,033 [INFO]  Saved checkpoint to "./imputer_model/imputer_model_max_y_extension4/model-0002.params"
2023-11-08 13:44:27,033 [INFO]  Epoch[2] Validation-cross-entropy=4.396069
2023-11-08 13:44:27,033 [INFO]  Epoch[2] Validation-max_y_extension4-accuracy=0.000000
2023-11-08 13:44:27,038 [INFO]  Epoch[3] Batch [0-4]	Speed: 16523.17 samples/sec	cross-entropy=4.863363	max_y_extension4-accuracy=3.000000
2023-11-08 13:44:27,041 [INFO]  Epoch[3] Train-cross-entropy=4.070365
2023-11-08 13:44:27,041 [INFO]  Epoch[3] Train-max_y_extension4-accuracy=3.000000
2023-11-08 13:44:27,041 [INFO]  Epoch[3] Time cost=0.008
2023-11-08 13:44:27,043 [INFO]  Saved checkpoint to "./imputer_model/imputer_model_max_y_extension4/model-0003.params"
2023-11-08 13:44:27,043 [INFO]  Epoch[3] Validation-cross-entropy=5.894670
2023-11-08 13:44:27,043 [INFO]  Epoch[3] Validation-max_y_extension4-accuracy=0.000000
2023-11-08 13:44:27,048 [INFO]  Epoch[4] Batch [0-4]	Speed: 16247.15 samples/sec	cross-entropy=3.156361	max_y_extension4-accuracy=3.000000
2023-11-08 13:44:27,051 [INFO]  Epoch[4] Train-cross-entropy=2.376825
2023-11-08 13:44:27,051 [INFO]  Epoch[4] Train-max_y_extension4-accuracy=3.000000
2023-11-08 13:44:27,051 [INFO]  Epoch[4] Time cost=0.008
2023-11-08 13:44:27,052 [INFO]  Saved checkpoint to "./imputer_model/imputer_model_max_y_extension4/model-0004.params"
2023-11-08 13:44:27,053 [INFO]  Epoch[4] Validation-cross-entropy=5.348191
2023-11-08 13:44:27,053 [INFO]  Epoch[4] Validation-max_y_extension4-accuracy=0.000000
2023-11-08 13:44:27,053 [INFO]  
========== done (0.05948162078857422 s) fit model
2023-11-08 13:57:48,953 [INFO]  
========== start: fit model
2023-11-08 13:57:48,953 [WARNING]  Already bound, ignoring bind()
2023-11-08 13:57:48,960 [INFO]  Epoch[0] Batch [0-4]	Speed: 14038.04 samples/sec	cross-entropy=26.161158	max_y_extension4-accuracy=2.200000
2023-11-08 13:57:48,963 [INFO]  Epoch[0] Train-cross-entropy=30.538660
2023-11-08 13:57:48,963 [INFO]  Epoch[0] Train-max_y_extension4-accuracy=3.125000
2023-11-08 13:57:48,963 [INFO]  Epoch[0] Time cost=0.010
2023-11-08 13:57:48,964 [INFO]  Saved checkpoint to "./imputer_model/imputer_model_max_y_extension4/model-0000.params"
2023-11-08 13:57:48,965 [INFO]  Epoch[0] Validation-cross-entropy=19.639225
2023-11-08 13:57:48,965 [INFO]  Epoch[0] Validation-max_y_extension4-accuracy=0.000000
2023-11-08 13:57:48,970 [INFO]  Epoch[1] Batch [0-4]	Speed: 15120.57 samples/sec	cross-entropy=39.312102	max_y_extension4-accuracy=2.200000
2023-11-08 13:57:48,974 [INFO]  Epoch[1] Train-cross-entropy=33.537738
2023-11-08 13:57:48,974 [INFO]  Epoch[1] Train-max_y_extension4-accuracy=3.125000
2023-11-08 13:57:48,974 [INFO]  Epoch[1] Time cost=0.009
2023-11-08 13:57:48,975 [INFO]  Saved checkpoint to "./imputer_model/imputer_model_max_y_extension4/model-0001.params"
2023-11-08 13:57:48,975 [INFO]  Epoch[1] Validation-cross-entropy=17.912199
2023-11-08 13:57:48,975 [INFO]  Epoch[1] Validation-max_y_extension4-accuracy=0.000000
2023-11-08 13:57:48,980 [INFO]  Epoch[2] Batch [0-4]	Speed: 17177.67 samples/sec	cross-entropy=6.414633	max_y_extension4-accuracy=2.200000
2023-11-08 13:57:48,983 [INFO]  Epoch[2] Train-cross-entropy=5.945389
2023-11-08 13:57:48,983 [INFO]  Epoch[2] Train-max_y_extension4-accuracy=3.125000
2023-11-08 13:57:48,983 [INFO]  Epoch[2] Time cost=0.008
2023-11-08 13:57:48,984 [INFO]  Saved checkpoint to "./imputer_model/imputer_model_max_y_extension4/model-0002.params"
2023-11-08 13:57:48,985 [INFO]  Epoch[2] Validation-cross-entropy=13.587729
2023-11-08 13:57:48,985 [INFO]  Epoch[2] Validation-max_y_extension4-accuracy=0.000000
2023-11-08 13:57:48,992 [INFO]  Epoch[3] Batch [0-4]	Speed: 11523.31 samples/sec	cross-entropy=3.046027	max_y_extension4-accuracy=2.200000
2023-11-08 13:57:48,996 [INFO]  Epoch[3] Train-cross-entropy=2.632026
2023-11-08 13:57:48,996 [INFO]  Epoch[3] Train-max_y_extension4-accuracy=3.125000
2023-11-08 13:57:48,996 [INFO]  Epoch[3] Time cost=0.012
2023-11-08 13:57:49,000 [INFO]  Saved checkpoint to "./imputer_model/imputer_model_max_y_extension4/model-0003.params"
2023-11-08 13:57:49,000 [INFO]  Epoch[3] Validation-cross-entropy=11.908982
2023-11-08 13:57:49,001 [INFO]  Epoch[3] Validation-max_y_extension4-accuracy=0.000000
2023-11-08 13:57:49,008 [INFO]  Epoch[4] Batch [0-4]	Speed: 11114.88 samples/sec	cross-entropy=1.529110	max_y_extension4-accuracy=2.200000
2023-11-08 13:57:49,011 [INFO]  Epoch[4] Train-cross-entropy=1.406116
2023-11-08 13:57:49,011 [INFO]  Epoch[4] Train-max_y_extension4-accuracy=3.125000
2023-11-08 13:57:49,012 [INFO]  Epoch[4] Time cost=0.011
2023-11-08 13:57:49,014 [INFO]  Saved checkpoint to "./imputer_model/imputer_model_max_y_extension4/model-0004.params"
2023-11-08 13:57:49,014 [INFO]  Epoch[4] Validation-cross-entropy=11.922339
2023-11-08 13:57:49,014 [INFO]  Epoch[4] Validation-max_y_extension4-accuracy=0.000000
2023-11-08 13:57:49,014 [INFO]  
========== done (0.0619359016418457 s) fit model
2023-11-08 14:11:13,268 [INFO]  
========== start: fit model
2023-11-08 14:11:13,268 [WARNING]  Already bound, ignoring bind()
2023-11-08 14:11:13,275 [INFO]  Epoch[0] Batch [0-4]	Speed: 13999.24 samples/sec	cross-entropy=32.467151	max_y_extension4-accuracy=3.200000
2023-11-08 14:11:13,279 [INFO]  Epoch[0] Train-cross-entropy=25.325310
2023-11-08 14:11:13,279 [INFO]  Epoch[0] Train-max_y_extension4-accuracy=3.500000
2023-11-08 14:11:13,279 [INFO]  Epoch[0] Time cost=0.010
2023-11-08 14:11:13,280 [INFO]  Saved checkpoint to "./imputer_model/imputer_model_max_y_extension4/model-0000.params"
2023-11-08 14:11:13,281 [INFO]  Epoch[0] Validation-cross-entropy=18.545534
2023-11-08 14:11:13,281 [INFO]  Epoch[0] Validation-max_y_extension4-accuracy=0.000000
2023-11-08 14:11:13,286 [INFO]  Epoch[1] Batch [0-4]	Speed: 15509.33 samples/sec	cross-entropy=35.653273	max_y_extension4-accuracy=3.200000
2023-11-08 14:11:13,290 [INFO]  Epoch[1] Train-cross-entropy=30.190309
2023-11-08 14:11:13,290 [INFO]  Epoch[1] Train-max_y_extension4-accuracy=3.500000
2023-11-08 14:11:13,290 [INFO]  Epoch[1] Time cost=0.009
2023-11-08 14:11:13,291 [INFO]  Saved checkpoint to "./imputer_model/imputer_model_max_y_extension4/model-0001.params"
2023-11-08 14:11:13,291 [INFO]  Epoch[1] Validation-cross-entropy=17.232447
2023-11-08 14:11:13,291 [INFO]  Epoch[1] Validation-max_y_extension4-accuracy=0.000000
2023-11-08 14:11:13,297 [INFO]  Epoch[2] Batch [0-4]	Speed: 15915.77 samples/sec	cross-entropy=10.780535	max_y_extension4-accuracy=3.200000
2023-11-08 14:11:13,300 [INFO]  Epoch[2] Train-cross-entropy=14.253971
2023-11-08 14:11:13,300 [INFO]  Epoch[2] Train-max_y_extension4-accuracy=3.500000
2023-11-08 14:11:13,301 [INFO]  Epoch[2] Time cost=0.009
2023-11-08 14:11:13,304 [INFO]  Saved checkpoint to "./imputer_model/imputer_model_max_y_extension4/model-0002.params"
2023-11-08 14:11:13,305 [INFO]  Epoch[2] Validation-cross-entropy=12.853824
2023-11-08 14:11:13,305 [INFO]  Epoch[2] Validation-max_y_extension4-accuracy=0.000000
2023-11-08 14:11:13,313 [INFO]  Epoch[3] Batch [0-4]	Speed: 10832.75 samples/sec	cross-entropy=7.951899	max_y_extension4-accuracy=3.200000
2023-11-08 14:11:13,317 [INFO]  Epoch[3] Train-cross-entropy=6.723566
2023-11-08 14:11:13,317 [INFO]  Epoch[3] Train-max_y_extension4-accuracy=3.500000
2023-11-08 14:11:13,317 [INFO]  Epoch[3] Time cost=0.011
2023-11-08 14:11:13,319 [INFO]  Saved checkpoint to "./imputer_model/imputer_model_max_y_extension4/model-0003.params"
2023-11-08 14:11:13,320 [INFO]  Epoch[3] Validation-cross-entropy=7.836060
2023-11-08 14:11:13,320 [INFO]  Epoch[3] Validation-max_y_extension4-accuracy=0.000000
2023-11-08 14:11:13,326 [INFO]  Epoch[4] Batch [0-4]	Speed: 15598.55 samples/sec	cross-entropy=4.528503	max_y_extension4-accuracy=3.200000
2023-11-08 14:11:13,329 [INFO]  Epoch[4] Train-cross-entropy=3.115541
2023-11-08 14:11:13,329 [INFO]  Epoch[4] Train-max_y_extension4-accuracy=3.500000
2023-11-08 14:11:13,329 [INFO]  Epoch[4] Time cost=0.009
2023-11-08 14:11:13,331 [INFO]  Saved checkpoint to "./imputer_model/imputer_model_max_y_extension4/model-0004.params"
2023-11-08 14:11:13,331 [INFO]  Epoch[4] Validation-cross-entropy=13.465087
2023-11-08 14:11:13,331 [INFO]  Epoch[4] Validation-max_y_extension4-accuracy=0.000000
2023-11-08 14:11:13,331 [INFO]  
========== done (0.06334972381591797 s) fit model
2023-11-08 14:24:45,579 [INFO]  
========== start: fit model
2023-11-08 14:24:45,579 [WARNING]  Already bound, ignoring bind()
2023-11-08 14:24:45,587 [INFO]  Epoch[0] Batch [0-4]	Speed: 13365.64 samples/sec	cross-entropy=12.256026	max_y_extension4-accuracy=3.400000
2023-11-08 14:24:45,590 [INFO]  Epoch[0] Train-cross-entropy=17.256642
2023-11-08 14:24:45,590 [INFO]  Epoch[0] Train-max_y_extension4-accuracy=3.250000
2023-11-08 14:24:45,590 [INFO]  Epoch[0] Time cost=0.010
2023-11-08 14:24:45,592 [INFO]  Saved checkpoint to "./imputer_model/imputer_model_max_y_extension4/model-0000.params"
2023-11-08 14:24:45,592 [INFO]  Epoch[0] Validation-cross-entropy=29.353914
2023-11-08 14:24:45,592 [INFO]  Epoch[0] Validation-max_y_extension4-accuracy=0.000000
2023-11-08 14:24:45,598 [INFO]  Epoch[1] Batch [0-4]	Speed: 14275.44 samples/sec	cross-entropy=42.044335	max_y_extension4-accuracy=3.400000
2023-11-08 14:24:45,601 [INFO]  Epoch[1] Train-cross-entropy=31.710542
2023-11-08 14:24:45,601 [INFO]  Epoch[1] Train-max_y_extension4-accuracy=3.250000
2023-11-08 14:24:45,601 [INFO]  Epoch[1] Time cost=0.009
2023-11-08 14:24:45,603 [INFO]  Saved checkpoint to "./imputer_model/imputer_model_max_y_extension4/model-0001.params"
2023-11-08 14:24:45,603 [INFO]  Epoch[1] Validation-cross-entropy=16.094900
2023-11-08 14:24:45,603 [INFO]  Epoch[1] Validation-max_y_extension4-accuracy=0.000000
2023-11-08 14:24:45,609 [INFO]  Epoch[2] Batch [0-4]	Speed: 14809.41 samples/sec	cross-entropy=8.306905	max_y_extension4-accuracy=3.400000
2023-11-08 14:24:45,612 [INFO]  Epoch[2] Train-cross-entropy=9.031301
2023-11-08 14:24:45,612 [INFO]  Epoch[2] Train-max_y_extension4-accuracy=3.250000
2023-11-08 14:24:45,612 [INFO]  Epoch[2] Time cost=0.009
2023-11-08 14:24:45,613 [INFO]  Saved checkpoint to "./imputer_model/imputer_model_max_y_extension4/model-0002.params"
2023-11-08 14:24:45,614 [INFO]  Epoch[2] Validation-cross-entropy=23.686989
2023-11-08 14:24:45,614 [INFO]  Epoch[2] Validation-max_y_extension4-accuracy=0.000000
2023-11-08 14:24:45,619 [INFO]  Epoch[3] Batch [0-4]	Speed: 15820.10 samples/sec	cross-entropy=7.323232	max_y_extension4-accuracy=3.400000
2023-11-08 14:24:45,622 [INFO]  Epoch[3] Train-cross-entropy=6.176600
2023-11-08 14:24:45,622 [INFO]  Epoch[3] Train-max_y_extension4-accuracy=3.250000
2023-11-08 14:24:45,622 [INFO]  Epoch[3] Time cost=0.008
2023-11-08 14:24:45,624 [INFO]  Saved checkpoint to "./imputer_model/imputer_model_max_y_extension4/model-0003.params"
2023-11-08 14:24:45,624 [INFO]  Epoch[3] Validation-cross-entropy=20.961924
2023-11-08 14:24:45,624 [INFO]  Epoch[3] Validation-max_y_extension4-accuracy=0.000000
2023-11-08 14:24:45,629 [INFO]  Epoch[4] Batch [0-4]	Speed: 16656.46 samples/sec	cross-entropy=1.909783	max_y_extension4-accuracy=3.400000
2023-11-08 14:24:45,632 [INFO]  Epoch[4] Train-cross-entropy=1.537451
2023-11-08 14:24:45,632 [INFO]  Epoch[4] Train-max_y_extension4-accuracy=3.250000
2023-11-08 14:24:45,633 [INFO]  Epoch[4] Time cost=0.008
2023-11-08 14:24:45,636 [INFO]  Saved checkpoint to "./imputer_model/imputer_model_max_y_extension4/model-0004.params"
2023-11-08 14:24:45,637 [INFO]  Epoch[4] Validation-cross-entropy=44.428089
2023-11-08 14:24:45,637 [INFO]  Epoch[4] Validation-max_y_extension4-accuracy=0.000000
2023-11-08 14:24:45,637 [INFO]  
========== done (0.0574188232421875 s) fit model
2023-11-08 14:38:39,357 [INFO]  
========== start: fit model
2023-11-08 14:38:39,358 [WARNING]  Already bound, ignoring bind()
2023-11-08 14:38:39,367 [INFO]  Epoch[0] Batch [0-4]	Speed: 10064.69 samples/sec	cross-entropy=7.146179	max_y_extension4-accuracy=3.600000
2023-11-08 14:38:39,372 [INFO]  Epoch[0] Train-cross-entropy=18.258466
2023-11-08 14:38:39,373 [INFO]  Epoch[0] Train-max_y_extension4-accuracy=3.125000
2023-11-08 14:38:39,373 [INFO]  Epoch[0] Time cost=0.014
2023-11-08 14:38:39,375 [INFO]  Saved checkpoint to "./imputer_model/imputer_model_max_y_extension4/model-0000.params"
2023-11-08 14:38:39,376 [INFO]  Epoch[0] Validation-cross-entropy=29.301085
2023-11-08 14:38:39,376 [INFO]  Epoch[0] Validation-max_y_extension4-accuracy=0.000000
2023-11-08 14:38:39,383 [INFO]  Epoch[1] Batch [0-4]	Speed: 12388.57 samples/sec	cross-entropy=44.048866	max_y_extension4-accuracy=3.600000
2023-11-08 14:38:39,387 [INFO]  Epoch[1] Train-cross-entropy=30.237593
2023-11-08 14:38:39,387 [INFO]  Epoch[1] Train-max_y_extension4-accuracy=3.125000
2023-11-08 14:38:39,387 [INFO]  Epoch[1] Time cost=0.011
2023-11-08 14:38:39,389 [INFO]  Saved checkpoint to "./imputer_model/imputer_model_max_y_extension4/model-0001.params"
2023-11-08 14:38:39,390 [INFO]  Epoch[1] Validation-cross-entropy=9.137936
2023-11-08 14:38:39,390 [INFO]  Epoch[1] Validation-max_y_extension4-accuracy=0.000000
2023-11-08 14:38:39,396 [INFO]  Epoch[2] Batch [0-4]	Speed: 13786.42 samples/sec	cross-entropy=7.389293	max_y_extension4-accuracy=3.600000
2023-11-08 14:38:39,399 [INFO]  Epoch[2] Train-cross-entropy=5.834079
2023-11-08 14:38:39,399 [INFO]  Epoch[2] Train-max_y_extension4-accuracy=3.125000
2023-11-08 14:38:39,399 [INFO]  Epoch[2] Time cost=0.010
2023-11-08 14:38:39,401 [INFO]  Saved checkpoint to "./imputer_model/imputer_model_max_y_extension4/model-0002.params"
2023-11-08 14:38:39,402 [INFO]  Epoch[2] Validation-cross-entropy=7.854045
2023-11-08 14:38:39,402 [INFO]  Epoch[2] Validation-max_y_extension4-accuracy=0.000000
2023-11-08 14:38:39,407 [INFO]  Epoch[3] Batch [0-4]	Speed: 14068.21 samples/sec	cross-entropy=4.384003	max_y_extension4-accuracy=3.600000
2023-11-08 14:38:39,411 [INFO]  Epoch[3] Train-cross-entropy=3.423116
2023-11-08 14:38:39,411 [INFO]  Epoch[3] Train-max_y_extension4-accuracy=3.125000
2023-11-08 14:38:39,411 [INFO]  Epoch[3] Time cost=0.009
2023-11-08 14:38:39,412 [INFO]  Saved checkpoint to "./imputer_model/imputer_model_max_y_extension4/model-0003.params"
2023-11-08 14:38:39,413 [INFO]  Epoch[3] Validation-cross-entropy=9.183220
2023-11-08 14:38:39,413 [INFO]  Epoch[3] Validation-max_y_extension4-accuracy=0.000000
2023-11-08 14:38:39,419 [INFO]  Epoch[4] Batch [0-4]	Speed: 14444.44 samples/sec	cross-entropy=2.400222	max_y_extension4-accuracy=3.600000
2023-11-08 14:38:39,423 [INFO]  Epoch[4] Train-cross-entropy=1.682284
2023-11-08 14:38:39,423 [INFO]  Epoch[4] Train-max_y_extension4-accuracy=3.125000
2023-11-08 14:38:39,423 [INFO]  Epoch[4] Time cost=0.010
2023-11-08 14:38:39,424 [INFO]  Saved checkpoint to "./imputer_model/imputer_model_max_y_extension4/model-0004.params"
2023-11-08 14:38:39,425 [INFO]  Epoch[4] Validation-cross-entropy=6.520524
2023-11-08 14:38:39,425 [INFO]  Epoch[4] Validation-max_y_extension4-accuracy=0.000000
2023-11-08 14:38:39,425 [INFO]  
========== done (0.0677034854888916 s) fit model
2023-11-08 14:52:44,636 [INFO]  
========== start: fit model
2023-11-08 14:52:44,637 [WARNING]  Already bound, ignoring bind()
2023-11-08 14:52:44,645 [INFO]  Epoch[0] Batch [0-4]	Speed: 9870.40 samples/sec	cross-entropy=24.613360	max_y_extension4-accuracy=4.000000
2023-11-08 14:52:44,650 [INFO]  Epoch[0] Train-cross-entropy=20.954949
2023-11-08 14:52:44,650 [INFO]  Epoch[0] Train-max_y_extension4-accuracy=3.625000
2023-11-08 14:52:44,650 [INFO]  Epoch[0] Time cost=0.013
2023-11-08 14:52:44,654 [INFO]  Saved checkpoint to "./imputer_model/imputer_model_max_y_extension4/model-0000.params"
2023-11-08 14:52:44,655 [INFO]  Epoch[0] Validation-cross-entropy=18.070293
2023-11-08 14:52:44,655 [INFO]  Epoch[0] Validation-max_y_extension4-accuracy=0.000000
2023-11-08 14:52:44,662 [INFO]  Epoch[1] Batch [0-4]	Speed: 10587.92 samples/sec	cross-entropy=37.862729	max_y_extension4-accuracy=4.000000
2023-11-08 14:52:44,668 [INFO]  Epoch[1] Train-cross-entropy=34.593147
2023-11-08 14:52:44,668 [INFO]  Epoch[1] Train-max_y_extension4-accuracy=3.625000
2023-11-08 14:52:44,668 [INFO]  Epoch[1] Time cost=0.013
2023-11-08 14:52:44,672 [INFO]  Saved checkpoint to "./imputer_model/imputer_model_max_y_extension4/model-0001.params"
2023-11-08 14:52:44,673 [INFO]  Epoch[1] Validation-cross-entropy=9.040621
2023-11-08 14:52:44,673 [INFO]  Epoch[1] Validation-max_y_extension4-accuracy=0.000000
2023-11-08 14:52:44,680 [INFO]  Epoch[2] Batch [0-4]	Speed: 11621.59 samples/sec	cross-entropy=10.336125	max_y_extension4-accuracy=4.000000
2023-11-08 14:52:44,684 [INFO]  Epoch[2] Train-cross-entropy=8.288361
2023-11-08 14:52:44,684 [INFO]  Epoch[2] Train-max_y_extension4-accuracy=3.625000
2023-11-08 14:52:44,684 [INFO]  Epoch[2] Time cost=0.011
2023-11-08 14:52:44,686 [INFO]  Saved checkpoint to "./imputer_model/imputer_model_max_y_extension4/model-0002.params"
2023-11-08 14:52:44,687 [INFO]  Epoch[2] Validation-cross-entropy=3.650136
2023-11-08 14:52:44,687 [INFO]  Epoch[2] Validation-max_y_extension4-accuracy=0.000000
2023-11-08 14:52:44,693 [INFO]  Epoch[3] Batch [0-4]	Speed: 13423.79 samples/sec	cross-entropy=7.117837	max_y_extension4-accuracy=4.000000
2023-11-08 14:52:44,697 [INFO]  Epoch[3] Train-cross-entropy=4.862909
2023-11-08 14:52:44,697 [INFO]  Epoch[3] Train-max_y_extension4-accuracy=3.625000
2023-11-08 14:52:44,697 [INFO]  Epoch[3] Time cost=0.010
2023-11-08 14:52:44,698 [INFO]  Saved checkpoint to "./imputer_model/imputer_model_max_y_extension4/model-0003.params"
2023-11-08 14:52:44,699 [INFO]  Epoch[3] Validation-cross-entropy=1.110952
2023-11-08 14:52:44,699 [INFO]  Epoch[3] Validation-max_y_extension4-accuracy=0.000000
2023-11-08 14:52:44,705 [INFO]  Epoch[4] Batch [0-4]	Speed: 13760.98 samples/sec	cross-entropy=1.615494	max_y_extension4-accuracy=4.000000
2023-11-08 14:52:44,709 [INFO]  Epoch[4] Train-cross-entropy=1.458954
2023-11-08 14:52:44,709 [INFO]  Epoch[4] Train-max_y_extension4-accuracy=3.625000
2023-11-08 14:52:44,709 [INFO]  Epoch[4] Time cost=0.010
2023-11-08 14:52:44,710 [INFO]  Saved checkpoint to "./imputer_model/imputer_model_max_y_extension4/model-0004.params"
2023-11-08 14:52:44,711 [INFO]  Epoch[4] Validation-cross-entropy=1.519919
2023-11-08 14:52:44,711 [INFO]  Epoch[4] Validation-max_y_extension4-accuracy=0.000000
2023-11-08 14:52:44,711 [INFO]  
========== done (0.07461738586425781 s) fit model
