2023-11-08 12:32:45,845 [INFO]  
========== start: fit model
2023-11-08 12:32:45,845 [WARNING]  Already bound, ignoring bind()
2023-11-08 12:32:45,854 [INFO]  Epoch[0] Batch [0-4]	Speed: 10801.36 samples/sec	cross-entropy=21.983486	mean_gmrt2-accuracy=0.000000
2023-11-08 12:32:45,859 [INFO]  Epoch[0] Train-cross-entropy=17.725943
2023-11-08 12:32:45,859 [INFO]  Epoch[0] Train-mean_gmrt2-accuracy=0.000000
2023-11-08 12:32:45,859 [INFO]  Epoch[0] Time cost=0.013
2023-11-08 12:32:45,862 [INFO]  Saved checkpoint to "./imputer_model/imputer_model_mean_gmrt2/model-0000.params"
2023-11-08 12:32:45,863 [INFO]  Epoch[0] Validation-cross-entropy=20.756247
2023-11-08 12:32:45,863 [INFO]  Epoch[0] Validation-mean_gmrt2-accuracy=0.000000
2023-11-08 12:32:45,869 [INFO]  Epoch[1] Batch [0-4]	Speed: 14615.10 samples/sec	cross-entropy=47.954662	mean_gmrt2-accuracy=0.000000
2023-11-08 12:32:45,874 [INFO]  Epoch[1] Train-cross-entropy=32.343296
2023-11-08 12:32:45,874 [INFO]  Epoch[1] Train-mean_gmrt2-accuracy=0.000000
2023-11-08 12:32:45,874 [INFO]  Epoch[1] Time cost=0.010
2023-11-08 12:32:45,876 [INFO]  Saved checkpoint to "./imputer_model/imputer_model_mean_gmrt2/model-0001.params"
2023-11-08 12:32:45,877 [INFO]  Epoch[1] Validation-cross-entropy=15.782372
2023-11-08 12:32:45,877 [INFO]  Epoch[1] Validation-mean_gmrt2-accuracy=0.000000
2023-11-08 12:32:45,883 [INFO]  Epoch[2] Batch [0-4]	Speed: 13776.52 samples/sec	cross-entropy=4.918490	mean_gmrt2-accuracy=0.000000
2023-11-08 12:32:45,886 [INFO]  Epoch[2] Train-cross-entropy=4.106330
2023-11-08 12:32:45,886 [INFO]  Epoch[2] Train-mean_gmrt2-accuracy=0.000000
2023-11-08 12:32:45,886 [INFO]  Epoch[2] Time cost=0.010
2023-11-08 12:32:45,888 [INFO]  Saved checkpoint to "./imputer_model/imputer_model_mean_gmrt2/model-0002.params"
2023-11-08 12:32:45,888 [INFO]  Epoch[2] Validation-cross-entropy=10.199741
2023-11-08 12:32:45,889 [INFO]  Epoch[2] Validation-mean_gmrt2-accuracy=0.000000
2023-11-08 12:32:45,894 [INFO]  Epoch[3] Batch [0-4]	Speed: 14273.17 samples/sec	cross-entropy=3.917045	mean_gmrt2-accuracy=0.000000
2023-11-08 12:32:45,898 [INFO]  Epoch[3] Train-cross-entropy=2.845288
2023-11-08 12:32:45,898 [INFO]  Epoch[3] Train-mean_gmrt2-accuracy=0.000000
2023-11-08 12:32:45,898 [INFO]  Epoch[3] Time cost=0.009
2023-11-08 12:32:45,899 [INFO]  Saved checkpoint to "./imputer_model/imputer_model_mean_gmrt2/model-0003.params"
2023-11-08 12:32:45,900 [INFO]  Epoch[3] Validation-cross-entropy=9.930082
2023-11-08 12:32:45,900 [INFO]  Epoch[3] Validation-mean_gmrt2-accuracy=0.000000
2023-11-08 12:32:45,906 [INFO]  Epoch[4] Batch [0-4]	Speed: 14141.58 samples/sec	cross-entropy=1.809213	mean_gmrt2-accuracy=0.000000
2023-11-08 12:32:45,909 [INFO]  Epoch[4] Train-cross-entropy=1.290072
2023-11-08 12:32:45,909 [INFO]  Epoch[4] Train-mean_gmrt2-accuracy=0.000000
2023-11-08 12:32:45,909 [INFO]  Epoch[4] Time cost=0.009
2023-11-08 12:32:45,910 [INFO]  Saved checkpoint to "./imputer_model/imputer_model_mean_gmrt2/model-0004.params"
2023-11-08 12:32:45,911 [INFO]  Epoch[4] Validation-cross-entropy=10.373152
2023-11-08 12:32:45,911 [INFO]  Epoch[4] Validation-mean_gmrt2-accuracy=0.000000
2023-11-08 12:32:45,911 [INFO]  
========== done (0.06608200073242188 s) fit model
2023-11-08 13:03:48,275 [INFO]  
========== start: fit model
2023-11-08 13:03:48,275 [WARNING]  Already bound, ignoring bind()
2023-11-08 13:03:48,284 [INFO]  Epoch[0] Batch [0-4]	Speed: 14054.95 samples/sec	cross-entropy=21.185271	mean_gmrt2-accuracy=0.000000
2023-11-08 13:03:48,287 [INFO]  Epoch[0] Train-cross-entropy=22.170688
2023-11-08 13:03:48,287 [INFO]  Epoch[0] Train-mean_gmrt2-accuracy=0.000000
2023-11-08 13:03:48,287 [INFO]  Epoch[0] Time cost=0.012
2023-11-08 13:03:48,288 [INFO]  Saved checkpoint to "./imputer_model/imputer_model_mean_gmrt2/model-0000.params"
2023-11-08 13:03:48,289 [INFO]  Epoch[0] Validation-cross-entropy=41.749607
2023-11-08 13:03:48,289 [INFO]  Epoch[0] Validation-mean_gmrt2-accuracy=0.000000
2023-11-08 13:03:48,295 [INFO]  Epoch[1] Batch [0-4]	Speed: 14457.66 samples/sec	cross-entropy=40.017640	mean_gmrt2-accuracy=0.000000
2023-11-08 13:03:48,299 [INFO]  Epoch[1] Train-cross-entropy=35.788471
2023-11-08 13:03:48,299 [INFO]  Epoch[1] Train-mean_gmrt2-accuracy=0.000000
2023-11-08 13:03:48,299 [INFO]  Epoch[1] Time cost=0.010
2023-11-08 13:03:48,302 [INFO]  Saved checkpoint to "./imputer_model/imputer_model_mean_gmrt2/model-0001.params"
2023-11-08 13:03:48,303 [INFO]  Epoch[1] Validation-cross-entropy=21.082685
2023-11-08 13:03:48,303 [INFO]  Epoch[1] Validation-mean_gmrt2-accuracy=0.000000
2023-11-08 13:03:48,311 [INFO]  Epoch[2] Batch [0-4]	Speed: 11044.00 samples/sec	cross-entropy=10.228581	mean_gmrt2-accuracy=0.000000
2023-11-08 13:03:48,315 [INFO]  Epoch[2] Train-cross-entropy=7.833726
2023-11-08 13:03:48,315 [INFO]  Epoch[2] Train-mean_gmrt2-accuracy=0.000000
2023-11-08 13:03:48,315 [INFO]  Epoch[2] Time cost=0.012
2023-11-08 13:03:48,317 [INFO]  Saved checkpoint to "./imputer_model/imputer_model_mean_gmrt2/model-0002.params"
2023-11-08 13:03:48,318 [INFO]  Epoch[2] Validation-cross-entropy=33.228867
2023-11-08 13:03:48,318 [INFO]  Epoch[2] Validation-mean_gmrt2-accuracy=0.000000
2023-11-08 13:03:48,323 [INFO]  Epoch[3] Batch [0-4]	Speed: 15045.14 samples/sec	cross-entropy=6.988329	mean_gmrt2-accuracy=0.000000
2023-11-08 13:03:48,327 [INFO]  Epoch[3] Train-cross-entropy=5.678691
2023-11-08 13:03:48,327 [INFO]  Epoch[3] Train-mean_gmrt2-accuracy=0.000000
2023-11-08 13:03:48,327 [INFO]  Epoch[3] Time cost=0.009
2023-11-08 13:03:48,328 [INFO]  Saved checkpoint to "./imputer_model/imputer_model_mean_gmrt2/model-0003.params"
2023-11-08 13:03:48,329 [INFO]  Epoch[3] Validation-cross-entropy=19.001869
2023-11-08 13:03:48,329 [INFO]  Epoch[3] Validation-mean_gmrt2-accuracy=0.000000
2023-11-08 13:03:48,335 [INFO]  Epoch[4] Batch [0-4]	Speed: 14737.05 samples/sec	cross-entropy=1.325575	mean_gmrt2-accuracy=0.000000
2023-11-08 13:03:48,338 [INFO]  Epoch[4] Train-cross-entropy=1.252975
2023-11-08 13:03:48,338 [INFO]  Epoch[4] Train-mean_gmrt2-accuracy=0.000000
2023-11-08 13:03:48,338 [INFO]  Epoch[4] Time cost=0.009
2023-11-08 13:03:48,339 [INFO]  Saved checkpoint to "./imputer_model/imputer_model_mean_gmrt2/model-0004.params"
2023-11-08 13:03:48,340 [INFO]  Epoch[4] Validation-cross-entropy=13.831647
2023-11-08 13:03:48,340 [INFO]  Epoch[4] Validation-mean_gmrt2-accuracy=0.000000
2023-11-08 13:03:48,340 [INFO]  
========== done (0.06543636322021484 s) fit model
2023-11-08 13:17:16,260 [INFO]  
========== start: fit model
2023-11-08 13:17:16,260 [WARNING]  Already bound, ignoring bind()
2023-11-08 13:17:16,269 [INFO]  Epoch[0] Batch [0-4]	Speed: 9439.65 samples/sec	cross-entropy=23.319284	mean_gmrt2-accuracy=0.000000
2023-11-08 13:17:16,275 [INFO]  Epoch[0] Train-cross-entropy=22.804977
2023-11-08 13:17:16,275 [INFO]  Epoch[0] Train-mean_gmrt2-accuracy=0.000000
2023-11-08 13:17:16,275 [INFO]  Epoch[0] Time cost=0.014
2023-11-08 13:17:16,278 [INFO]  Saved checkpoint to "./imputer_model/imputer_model_mean_gmrt2/model-0000.params"
2023-11-08 13:17:16,279 [INFO]  Epoch[0] Validation-cross-entropy=39.529125
2023-11-08 13:17:16,279 [INFO]  Epoch[0] Validation-mean_gmrt2-accuracy=0.000000
2023-11-08 13:17:16,287 [INFO]  Epoch[1] Batch [0-4]	Speed: 11588.48 samples/sec	cross-entropy=41.280418	mean_gmrt2-accuracy=0.000000
2023-11-08 13:17:16,291 [INFO]  Epoch[1] Train-cross-entropy=33.093253
2023-11-08 13:17:16,291 [INFO]  Epoch[1] Train-mean_gmrt2-accuracy=0.000000
2023-11-08 13:17:16,291 [INFO]  Epoch[1] Time cost=0.012
2023-11-08 13:17:16,293 [INFO]  Saved checkpoint to "./imputer_model/imputer_model_mean_gmrt2/model-0001.params"
2023-11-08 13:17:16,294 [INFO]  Epoch[1] Validation-cross-entropy=25.298700
2023-11-08 13:17:16,294 [INFO]  Epoch[1] Validation-mean_gmrt2-accuracy=0.000000
2023-11-08 13:17:16,300 [INFO]  Epoch[2] Batch [0-4]	Speed: 13651.11 samples/sec	cross-entropy=7.614570	mean_gmrt2-accuracy=0.000000
2023-11-08 13:17:16,304 [INFO]  Epoch[2] Train-cross-entropy=7.467617
2023-11-08 13:17:16,304 [INFO]  Epoch[2] Train-mean_gmrt2-accuracy=0.000000
2023-11-08 13:17:16,304 [INFO]  Epoch[2] Time cost=0.010
2023-11-08 13:17:16,305 [INFO]  Saved checkpoint to "./imputer_model/imputer_model_mean_gmrt2/model-0002.params"
2023-11-08 13:17:16,306 [INFO]  Epoch[2] Validation-cross-entropy=12.949931
2023-11-08 13:17:16,306 [INFO]  Epoch[2] Validation-mean_gmrt2-accuracy=0.000000
2023-11-08 13:17:16,312 [INFO]  Epoch[3] Batch [0-4]	Speed: 14183.42 samples/sec	cross-entropy=6.292480	mean_gmrt2-accuracy=0.000000
2023-11-08 13:17:16,315 [INFO]  Epoch[3] Train-cross-entropy=4.845189
2023-11-08 13:17:16,315 [INFO]  Epoch[3] Train-mean_gmrt2-accuracy=0.000000
2023-11-08 13:17:16,315 [INFO]  Epoch[3] Time cost=0.009
2023-11-08 13:17:16,316 [INFO]  Saved checkpoint to "./imputer_model/imputer_model_mean_gmrt2/model-0003.params"
2023-11-08 13:17:16,317 [INFO]  Epoch[3] Validation-cross-entropy=10.213780
2023-11-08 13:17:16,317 [INFO]  Epoch[3] Validation-mean_gmrt2-accuracy=0.000000
2023-11-08 13:17:16,323 [INFO]  Epoch[4] Batch [0-4]	Speed: 14105.17 samples/sec	cross-entropy=2.986011	mean_gmrt2-accuracy=0.000000
2023-11-08 13:17:16,326 [INFO]  Epoch[4] Train-cross-entropy=2.186781
2023-11-08 13:17:16,326 [INFO]  Epoch[4] Train-mean_gmrt2-accuracy=0.000000
2023-11-08 13:17:16,326 [INFO]  Epoch[4] Time cost=0.009
2023-11-08 13:17:16,328 [INFO]  Saved checkpoint to "./imputer_model/imputer_model_mean_gmrt2/model-0004.params"
2023-11-08 13:17:16,328 [INFO]  Epoch[4] Validation-cross-entropy=12.587543
2023-11-08 13:17:16,328 [INFO]  Epoch[4] Validation-mean_gmrt2-accuracy=0.000000
2023-11-08 13:17:16,328 [INFO]  
========== done (0.06876730918884277 s) fit model
2023-11-08 13:30:37,032 [INFO]  
========== start: fit model
2023-11-08 13:30:37,032 [WARNING]  Already bound, ignoring bind()
2023-11-08 13:30:37,039 [INFO]  Epoch[0] Batch [0-4]	Speed: 14018.25 samples/sec	cross-entropy=17.689432	mean_gmrt2-accuracy=2.800000
2023-11-08 13:30:37,042 [INFO]  Epoch[0] Train-cross-entropy=17.553587
2023-11-08 13:30:37,042 [INFO]  Epoch[0] Train-mean_gmrt2-accuracy=3.000000
2023-11-08 13:30:37,043 [INFO]  Epoch[0] Time cost=0.010
2023-11-08 13:30:37,044 [INFO]  Saved checkpoint to "./imputer_model/imputer_model_mean_gmrt2/model-0000.params"
2023-11-08 13:30:37,044 [INFO]  Epoch[0] Validation-cross-entropy=31.657434
2023-11-08 13:30:37,044 [INFO]  Epoch[0] Validation-mean_gmrt2-accuracy=0.000000
2023-11-08 13:30:37,051 [INFO]  Epoch[1] Batch [0-4]	Speed: 10676.35 samples/sec	cross-entropy=31.343220	mean_gmrt2-accuracy=2.800000
2023-11-08 13:30:37,057 [INFO]  Epoch[1] Train-cross-entropy=25.149709
2023-11-08 13:30:37,057 [INFO]  Epoch[1] Train-mean_gmrt2-accuracy=3.000000
2023-11-08 13:30:37,057 [INFO]  Epoch[1] Time cost=0.013
2023-11-08 13:30:37,060 [INFO]  Saved checkpoint to "./imputer_model/imputer_model_mean_gmrt2/model-0001.params"
2023-11-08 13:30:37,061 [INFO]  Epoch[1] Validation-cross-entropy=18.748455
2023-11-08 13:30:37,061 [INFO]  Epoch[1] Validation-mean_gmrt2-accuracy=0.000000
2023-11-08 13:30:37,068 [INFO]  Epoch[2] Batch [0-4]	Speed: 12357.77 samples/sec	cross-entropy=3.811797	mean_gmrt2-accuracy=2.800000
2023-11-08 13:30:37,072 [INFO]  Epoch[2] Train-cross-entropy=4.206813
2023-11-08 13:30:37,072 [INFO]  Epoch[2] Train-mean_gmrt2-accuracy=3.000000
2023-11-08 13:30:37,072 [INFO]  Epoch[2] Time cost=0.011
2023-11-08 13:30:37,074 [INFO]  Saved checkpoint to "./imputer_model/imputer_model_mean_gmrt2/model-0002.params"
2023-11-08 13:30:37,075 [INFO]  Epoch[2] Validation-cross-entropy=24.789522
2023-11-08 13:30:37,075 [INFO]  Epoch[2] Validation-mean_gmrt2-accuracy=0.000000
2023-11-08 13:30:37,081 [INFO]  Epoch[3] Batch [0-4]	Speed: 13168.93 samples/sec	cross-entropy=2.942362	mean_gmrt2-accuracy=2.800000
2023-11-08 13:30:37,085 [INFO]  Epoch[3] Train-cross-entropy=3.167337
2023-11-08 13:30:37,085 [INFO]  Epoch[3] Train-mean_gmrt2-accuracy=3.000000
2023-11-08 13:30:37,085 [INFO]  Epoch[3] Time cost=0.010
2023-11-08 13:30:37,086 [INFO]  Saved checkpoint to "./imputer_model/imputer_model_mean_gmrt2/model-0003.params"
2023-11-08 13:30:37,087 [INFO]  Epoch[3] Validation-cross-entropy=22.954712
2023-11-08 13:30:37,087 [INFO]  Epoch[3] Validation-mean_gmrt2-accuracy=0.000000
2023-11-08 13:30:37,091 [INFO]  Epoch[4] Batch [0-4]	Speed: 22892.33 samples/sec	cross-entropy=1.018247	mean_gmrt2-accuracy=2.800000
2023-11-08 13:30:37,093 [INFO]  Epoch[4] Train-cross-entropy=1.014420
2023-11-08 13:30:37,093 [INFO]  Epoch[4] Train-mean_gmrt2-accuracy=3.000000
2023-11-08 13:30:37,093 [INFO]  Epoch[4] Time cost=0.006
2023-11-08 13:30:37,094 [INFO]  Saved checkpoint to "./imputer_model/imputer_model_mean_gmrt2/model-0004.params"
2023-11-08 13:30:37,095 [INFO]  Epoch[4] Validation-cross-entropy=23.168400
2023-11-08 13:30:37,095 [INFO]  Epoch[4] Validation-mean_gmrt2-accuracy=0.000000
2023-11-08 13:30:37,095 [INFO]  
========== done (0.06289362907409668 s) fit model
2023-11-08 13:43:56,895 [INFO]  
========== start: fit model
2023-11-08 13:43:56,895 [WARNING]  Already bound, ignoring bind()
2023-11-08 13:43:56,902 [INFO]  Epoch[0] Batch [0-4]	Speed: 14026.31 samples/sec	cross-entropy=19.894276	mean_gmrt2-accuracy=2.800000
2023-11-08 13:43:56,905 [INFO]  Epoch[0] Train-cross-entropy=22.218526
2023-11-08 13:43:56,905 [INFO]  Epoch[0] Train-mean_gmrt2-accuracy=2.375000
2023-11-08 13:43:56,905 [INFO]  Epoch[0] Time cost=0.010
2023-11-08 13:43:56,906 [INFO]  Saved checkpoint to "./imputer_model/imputer_model_mean_gmrt2/model-0000.params"
2023-11-08 13:43:56,907 [INFO]  Epoch[0] Validation-cross-entropy=37.138813
2023-11-08 13:43:56,907 [INFO]  Epoch[0] Validation-mean_gmrt2-accuracy=0.000000
2023-11-08 13:43:56,912 [INFO]  Epoch[1] Batch [0-4]	Speed: 15847.18 samples/sec	cross-entropy=44.489024	mean_gmrt2-accuracy=2.800000
2023-11-08 13:43:56,915 [INFO]  Epoch[1] Train-cross-entropy=34.472289
2023-11-08 13:43:56,915 [INFO]  Epoch[1] Train-mean_gmrt2-accuracy=2.375000
2023-11-08 13:43:56,915 [INFO]  Epoch[1] Time cost=0.008
2023-11-08 13:43:56,917 [INFO]  Saved checkpoint to "./imputer_model/imputer_model_mean_gmrt2/model-0001.params"
2023-11-08 13:43:56,917 [INFO]  Epoch[1] Validation-cross-entropy=51.059841
2023-11-08 13:43:56,917 [INFO]  Epoch[1] Validation-mean_gmrt2-accuracy=0.000000
2023-11-08 13:43:56,923 [INFO]  Epoch[2] Batch [0-4]	Speed: 14599.20 samples/sec	cross-entropy=4.907232	mean_gmrt2-accuracy=2.800000
2023-11-08 13:43:56,927 [INFO]  Epoch[2] Train-cross-entropy=5.046561
2023-11-08 13:43:56,927 [INFO]  Epoch[2] Train-mean_gmrt2-accuracy=2.375000
2023-11-08 13:43:56,927 [INFO]  Epoch[2] Time cost=0.010
2023-11-08 13:43:56,929 [INFO]  Saved checkpoint to "./imputer_model/imputer_model_mean_gmrt2/model-0002.params"
2023-11-08 13:43:56,930 [INFO]  Epoch[2] Validation-cross-entropy=14.163574
2023-11-08 13:43:56,930 [INFO]  Epoch[2] Validation-mean_gmrt2-accuracy=0.000000
2023-11-08 13:43:56,938 [INFO]  Epoch[3] Batch [0-4]	Speed: 11508.98 samples/sec	cross-entropy=2.888053	mean_gmrt2-accuracy=2.800000
2023-11-08 13:43:56,941 [INFO]  Epoch[3] Train-cross-entropy=2.797714
2023-11-08 13:43:56,941 [INFO]  Epoch[3] Train-mean_gmrt2-accuracy=2.375000
2023-11-08 13:43:56,941 [INFO]  Epoch[3] Time cost=0.011
2023-11-08 13:43:56,943 [INFO]  Saved checkpoint to "./imputer_model/imputer_model_mean_gmrt2/model-0003.params"
2023-11-08 13:43:56,944 [INFO]  Epoch[3] Validation-cross-entropy=12.182763
2023-11-08 13:43:56,944 [INFO]  Epoch[3] Validation-mean_gmrt2-accuracy=0.000000
2023-11-08 13:43:56,949 [INFO]  Epoch[4] Batch [0-4]	Speed: 15353.21 samples/sec	cross-entropy=1.378363	mean_gmrt2-accuracy=2.800000
2023-11-08 13:43:56,952 [INFO]  Epoch[4] Train-cross-entropy=1.360977
2023-11-08 13:43:56,952 [INFO]  Epoch[4] Train-mean_gmrt2-accuracy=2.375000
2023-11-08 13:43:56,952 [INFO]  Epoch[4] Time cost=0.008
2023-11-08 13:43:56,954 [INFO]  Saved checkpoint to "./imputer_model/imputer_model_mean_gmrt2/model-0004.params"
2023-11-08 13:43:56,954 [INFO]  Epoch[4] Validation-cross-entropy=23.595280
2023-11-08 13:43:56,955 [INFO]  Epoch[4] Validation-mean_gmrt2-accuracy=0.000000
2023-11-08 13:43:56,955 [INFO]  
========== done (0.059964895248413086 s) fit model
2023-11-08 13:57:18,726 [INFO]  
========== start: fit model
2023-11-08 13:57:18,727 [WARNING]  Already bound, ignoring bind()
2023-11-08 13:57:18,733 [INFO]  Epoch[0] Batch [0-4]	Speed: 14141.58 samples/sec	cross-entropy=23.509399	mean_gmrt2-accuracy=0.000000
2023-11-08 13:57:18,737 [INFO]  Epoch[0] Train-cross-entropy=22.006445
2023-11-08 13:57:18,737 [INFO]  Epoch[0] Train-mean_gmrt2-accuracy=0.000000
2023-11-08 13:57:18,737 [INFO]  Epoch[0] Time cost=0.010
2023-11-08 13:57:18,738 [INFO]  Saved checkpoint to "./imputer_model/imputer_model_mean_gmrt2/model-0000.params"
2023-11-08 13:57:18,739 [INFO]  Epoch[0] Validation-cross-entropy=30.065716
2023-11-08 13:57:18,739 [INFO]  Epoch[0] Validation-mean_gmrt2-accuracy=0.000000
2023-11-08 13:57:18,746 [INFO]  Epoch[1] Batch [0-4]	Speed: 11285.44 samples/sec	cross-entropy=46.358140	mean_gmrt2-accuracy=0.000000
2023-11-08 13:57:18,750 [INFO]  Epoch[1] Train-cross-entropy=36.783409
2023-11-08 13:57:18,750 [INFO]  Epoch[1] Train-mean_gmrt2-accuracy=0.000000
2023-11-08 13:57:18,750 [INFO]  Epoch[1] Time cost=0.011
2023-11-08 13:57:18,752 [INFO]  Saved checkpoint to "./imputer_model/imputer_model_mean_gmrt2/model-0001.params"
2023-11-08 13:57:18,753 [INFO]  Epoch[1] Validation-cross-entropy=7.541025
2023-11-08 13:57:18,753 [INFO]  Epoch[1] Validation-mean_gmrt2-accuracy=0.000000
2023-11-08 13:57:18,759 [INFO]  Epoch[2] Batch [0-4]	Speed: 12875.84 samples/sec	cross-entropy=7.060951	mean_gmrt2-accuracy=0.000000
2023-11-08 13:57:18,763 [INFO]  Epoch[2] Train-cross-entropy=7.790374
2023-11-08 13:57:18,763 [INFO]  Epoch[2] Train-mean_gmrt2-accuracy=0.000000
2023-11-08 13:57:18,764 [INFO]  Epoch[2] Time cost=0.010
2023-11-08 13:57:18,766 [INFO]  Saved checkpoint to "./imputer_model/imputer_model_mean_gmrt2/model-0002.params"
2023-11-08 13:57:18,766 [INFO]  Epoch[2] Validation-cross-entropy=24.861525
2023-11-08 13:57:18,766 [INFO]  Epoch[2] Validation-mean_gmrt2-accuracy=0.000000
2023-11-08 13:57:18,772 [INFO]  Epoch[3] Batch [0-4]	Speed: 14038.04 samples/sec	cross-entropy=7.691643	mean_gmrt2-accuracy=0.000000
2023-11-08 13:57:18,776 [INFO]  Epoch[3] Train-cross-entropy=6.165754
2023-11-08 13:57:18,776 [INFO]  Epoch[3] Train-mean_gmrt2-accuracy=0.000000
2023-11-08 13:57:18,776 [INFO]  Epoch[3] Time cost=0.009
2023-11-08 13:57:18,777 [INFO]  Saved checkpoint to "./imputer_model/imputer_model_mean_gmrt2/model-0003.params"
2023-11-08 13:57:18,778 [INFO]  Epoch[3] Validation-cross-entropy=9.776086
2023-11-08 13:57:18,778 [INFO]  Epoch[3] Validation-mean_gmrt2-accuracy=0.000000
2023-11-08 13:57:18,784 [INFO]  Epoch[4] Batch [0-4]	Speed: 14387.92 samples/sec	cross-entropy=2.009102	mean_gmrt2-accuracy=0.000000
2023-11-08 13:57:18,787 [INFO]  Epoch[4] Train-cross-entropy=1.793294
2023-11-08 13:57:18,787 [INFO]  Epoch[4] Train-mean_gmrt2-accuracy=0.000000
2023-11-08 13:57:18,787 [INFO]  Epoch[4] Time cost=0.009
2023-11-08 13:57:18,789 [INFO]  Saved checkpoint to "./imputer_model/imputer_model_mean_gmrt2/model-0004.params"
2023-11-08 13:57:18,789 [INFO]  Epoch[4] Validation-cross-entropy=7.588727
2023-11-08 13:57:18,789 [INFO]  Epoch[4] Validation-mean_gmrt2-accuracy=0.000000
2023-11-08 13:57:18,789 [INFO]  
========== done (0.06289124488830566 s) fit model
2023-11-08 14:10:42,958 [INFO]  
========== start: fit model
2023-11-08 14:10:42,958 [WARNING]  Already bound, ignoring bind()
2023-11-08 14:10:42,966 [INFO]  Epoch[0] Batch [0-4]	Speed: 11440.31 samples/sec	cross-entropy=23.373668	mean_gmrt2-accuracy=2.000000
2023-11-08 14:10:42,971 [INFO]  Epoch[0] Train-cross-entropy=22.476774
2023-11-08 14:10:42,971 [INFO]  Epoch[0] Train-mean_gmrt2-accuracy=2.250000
2023-11-08 14:10:42,971 [INFO]  Epoch[0] Time cost=0.013
2023-11-08 14:10:42,974 [INFO]  Saved checkpoint to "./imputer_model/imputer_model_mean_gmrt2/model-0000.params"
2023-11-08 14:10:42,975 [INFO]  Epoch[0] Validation-cross-entropy=13.865623
2023-11-08 14:10:42,976 [INFO]  Epoch[0] Validation-mean_gmrt2-accuracy=0.000000
2023-11-08 14:10:42,983 [INFO]  Epoch[1] Batch [0-4]	Speed: 12274.70 samples/sec	cross-entropy=27.466204	mean_gmrt2-accuracy=2.000000
2023-11-08 14:10:42,987 [INFO]  Epoch[1] Train-cross-entropy=26.183522
2023-11-08 14:10:42,987 [INFO]  Epoch[1] Train-mean_gmrt2-accuracy=2.250000
2023-11-08 14:10:42,987 [INFO]  Epoch[1] Time cost=0.011
2023-11-08 14:10:42,989 [INFO]  Saved checkpoint to "./imputer_model/imputer_model_mean_gmrt2/model-0001.params"
2023-11-08 14:10:42,990 [INFO]  Epoch[1] Validation-cross-entropy=17.378130
2023-11-08 14:10:42,990 [INFO]  Epoch[1] Validation-mean_gmrt2-accuracy=0.000000
2023-11-08 14:10:42,996 [INFO]  Epoch[2] Batch [0-4]	Speed: 13454.06 samples/sec	cross-entropy=4.351645	mean_gmrt2-accuracy=2.000000
2023-11-08 14:10:42,999 [INFO]  Epoch[2] Train-cross-entropy=13.588357
2023-11-08 14:10:42,999 [INFO]  Epoch[2] Train-mean_gmrt2-accuracy=2.250000
2023-11-08 14:10:43,000 [INFO]  Epoch[2] Time cost=0.010
2023-11-08 14:10:43,001 [INFO]  Saved checkpoint to "./imputer_model/imputer_model_mean_gmrt2/model-0002.params"
2023-11-08 14:10:43,002 [INFO]  Epoch[2] Validation-cross-entropy=25.108765
2023-11-08 14:10:43,002 [INFO]  Epoch[2] Validation-mean_gmrt2-accuracy=0.000000
2023-11-08 14:10:43,009 [INFO]  Epoch[3] Batch [0-4]	Speed: 10529.36 samples/sec	cross-entropy=3.298012	mean_gmrt2-accuracy=2.000000
2023-11-08 14:10:43,013 [INFO]  Epoch[3] Train-cross-entropy=3.041826
2023-11-08 14:10:43,013 [INFO]  Epoch[3] Train-mean_gmrt2-accuracy=2.250000
2023-11-08 14:10:43,013 [INFO]  Epoch[3] Time cost=0.012
2023-11-08 14:10:43,016 [INFO]  Saved checkpoint to "./imputer_model/imputer_model_mean_gmrt2/model-0003.params"
2023-11-08 14:10:43,017 [INFO]  Epoch[3] Validation-cross-entropy=22.880424
2023-11-08 14:10:43,017 [INFO]  Epoch[3] Validation-mean_gmrt2-accuracy=0.000000
2023-11-08 14:10:43,023 [INFO]  Epoch[4] Batch [0-4]	Speed: 14484.19 samples/sec	cross-entropy=1.907602	mean_gmrt2-accuracy=2.000000
2023-11-08 14:10:43,026 [INFO]  Epoch[4] Train-cross-entropy=1.516039
2023-11-08 14:10:43,026 [INFO]  Epoch[4] Train-mean_gmrt2-accuracy=2.250000
2023-11-08 14:10:43,026 [INFO]  Epoch[4] Time cost=0.009
2023-11-08 14:10:43,028 [INFO]  Saved checkpoint to "./imputer_model/imputer_model_mean_gmrt2/model-0004.params"
2023-11-08 14:10:43,029 [INFO]  Epoch[4] Validation-cross-entropy=17.102423
2023-11-08 14:10:43,029 [INFO]  Epoch[4] Validation-mean_gmrt2-accuracy=0.000000
2023-11-08 14:10:43,029 [INFO]  
========== done (0.07097339630126953 s) fit model
2023-11-08 14:24:14,872 [INFO]  
========== start: fit model
2023-11-08 14:24:14,872 [WARNING]  Already bound, ignoring bind()
2023-11-08 14:24:14,879 [INFO]  Epoch[0] Batch [0-4]	Speed: 13902.09 samples/sec	cross-entropy=26.269741	mean_gmrt2-accuracy=1.800000
2023-11-08 14:24:14,882 [INFO]  Epoch[0] Train-cross-entropy=21.714000
2023-11-08 14:24:14,882 [INFO]  Epoch[0] Train-mean_gmrt2-accuracy=2.500000
2023-11-08 14:24:14,882 [INFO]  Epoch[0] Time cost=0.010
2023-11-08 14:24:14,884 [INFO]  Saved checkpoint to "./imputer_model/imputer_model_mean_gmrt2/model-0000.params"
2023-11-08 14:24:14,884 [INFO]  Epoch[0] Validation-cross-entropy=297.736328
2023-11-08 14:24:14,884 [INFO]  Epoch[0] Validation-mean_gmrt2-accuracy=0.000000
2023-11-08 14:24:14,890 [INFO]  Epoch[1] Batch [0-4]	Speed: 14486.53 samples/sec	cross-entropy=34.229054	mean_gmrt2-accuracy=1.800000
2023-11-08 14:24:14,894 [INFO]  Epoch[1] Train-cross-entropy=24.989167
2023-11-08 14:24:14,894 [INFO]  Epoch[1] Train-mean_gmrt2-accuracy=2.500000
2023-11-08 14:24:14,894 [INFO]  Epoch[1] Time cost=0.010
2023-11-08 14:24:14,898 [INFO]  Saved checkpoint to "./imputer_model/imputer_model_mean_gmrt2/model-0001.params"
2023-11-08 14:24:14,898 [INFO]  Epoch[1] Validation-cross-entropy=88.526520
2023-11-08 14:24:14,899 [INFO]  Epoch[1] Validation-mean_gmrt2-accuracy=0.000000
2023-11-08 14:24:14,907 [INFO]  Epoch[2] Batch [0-4]	Speed: 10787.47 samples/sec	cross-entropy=5.094416	mean_gmrt2-accuracy=1.800000
2023-11-08 14:24:14,911 [INFO]  Epoch[2] Train-cross-entropy=5.162021
2023-11-08 14:24:14,911 [INFO]  Epoch[2] Train-mean_gmrt2-accuracy=2.500000
2023-11-08 14:24:14,911 [INFO]  Epoch[2] Time cost=0.012
2023-11-08 14:24:14,913 [INFO]  Saved checkpoint to "./imputer_model/imputer_model_mean_gmrt2/model-0002.params"
2023-11-08 14:24:14,914 [INFO]  Epoch[2] Validation-cross-entropy=75.769493
2023-11-08 14:24:14,914 [INFO]  Epoch[2] Validation-mean_gmrt2-accuracy=0.000000
2023-11-08 14:24:14,919 [INFO]  Epoch[3] Batch [0-4]	Speed: 15483.39 samples/sec	cross-entropy=3.683521	mean_gmrt2-accuracy=1.800000
2023-11-08 14:24:14,922 [INFO]  Epoch[3] Train-cross-entropy=3.302671
2023-11-08 14:24:14,922 [INFO]  Epoch[3] Train-mean_gmrt2-accuracy=2.500000
2023-11-08 14:24:14,922 [INFO]  Epoch[3] Time cost=0.009
2023-11-08 14:24:14,924 [INFO]  Saved checkpoint to "./imputer_model/imputer_model_mean_gmrt2/model-0003.params"
2023-11-08 14:24:14,924 [INFO]  Epoch[3] Validation-cross-entropy=51.234566
2023-11-08 14:24:14,924 [INFO]  Epoch[3] Validation-mean_gmrt2-accuracy=0.000000
2023-11-08 14:24:14,931 [INFO]  Epoch[4] Batch [0-4]	Speed: 12496.41 samples/sec	cross-entropy=2.532157	mean_gmrt2-accuracy=1.800000
2023-11-08 14:24:14,934 [INFO]  Epoch[4] Train-cross-entropy=1.836180
2023-11-08 14:24:14,934 [INFO]  Epoch[4] Train-mean_gmrt2-accuracy=2.500000
2023-11-08 14:24:14,935 [INFO]  Epoch[4] Time cost=0.010
2023-11-08 14:24:14,937 [INFO]  Saved checkpoint to "./imputer_model/imputer_model_mean_gmrt2/model-0004.params"
2023-11-08 14:24:14,938 [INFO]  Epoch[4] Validation-cross-entropy=73.109901
2023-11-08 14:24:14,938 [INFO]  Epoch[4] Validation-mean_gmrt2-accuracy=0.000000
2023-11-08 14:24:14,938 [INFO]  
========== done (0.0666360855102539 s) fit model
2023-11-08 14:38:06,616 [INFO]  
========== start: fit model
2023-11-08 14:38:06,616 [WARNING]  Already bound, ignoring bind()
2023-11-08 14:38:06,625 [INFO]  Epoch[0] Batch [0-4]	Speed: 8715.44 samples/sec	cross-entropy=25.267824	mean_gmrt2-accuracy=2.200000
2023-11-08 14:38:06,629 [INFO]  Epoch[0] Train-cross-entropy=27.762717
2023-11-08 14:38:06,629 [INFO]  Epoch[0] Train-mean_gmrt2-accuracy=3.125000
2023-11-08 14:38:06,630 [INFO]  Epoch[0] Time cost=0.013
2023-11-08 14:38:06,631 [INFO]  Saved checkpoint to "./imputer_model/imputer_model_mean_gmrt2/model-0000.params"
2023-11-08 14:38:06,631 [INFO]  Epoch[0] Validation-cross-entropy=21.450726
2023-11-08 14:38:06,631 [INFO]  Epoch[0] Validation-mean_gmrt2-accuracy=0.000000
2023-11-08 14:38:06,637 [INFO]  Epoch[1] Batch [0-4]	Speed: 14410.32 samples/sec	cross-entropy=28.141535	mean_gmrt2-accuracy=2.200000
2023-11-08 14:38:06,641 [INFO]  Epoch[1] Train-cross-entropy=28.063023
2023-11-08 14:38:06,641 [INFO]  Epoch[1] Train-mean_gmrt2-accuracy=3.125000
2023-11-08 14:38:06,641 [INFO]  Epoch[1] Time cost=0.009
2023-11-08 14:38:06,642 [INFO]  Saved checkpoint to "./imputer_model/imputer_model_mean_gmrt2/model-0001.params"
2023-11-08 14:38:06,643 [INFO]  Epoch[1] Validation-cross-entropy=17.856638
2023-11-08 14:38:06,643 [INFO]  Epoch[1] Validation-mean_gmrt2-accuracy=0.000000
2023-11-08 14:38:06,650 [INFO]  Epoch[2] Batch [0-4]	Speed: 14470.13 samples/sec	cross-entropy=4.023042	mean_gmrt2-accuracy=2.200000
2023-11-08 14:38:06,654 [INFO]  Epoch[2] Train-cross-entropy=4.359089
2023-11-08 14:38:06,654 [INFO]  Epoch[2] Train-mean_gmrt2-accuracy=3.125000
2023-11-08 14:38:06,654 [INFO]  Epoch[2] Time cost=0.011
2023-11-08 14:38:06,656 [INFO]  Saved checkpoint to "./imputer_model/imputer_model_mean_gmrt2/model-0002.params"
2023-11-08 14:38:06,657 [INFO]  Epoch[2] Validation-cross-entropy=13.417591
2023-11-08 14:38:06,657 [INFO]  Epoch[2] Validation-mean_gmrt2-accuracy=0.000000
2023-11-08 14:38:06,663 [INFO]  Epoch[3] Batch [0-4]	Speed: 12941.64 samples/sec	cross-entropy=2.598054	mean_gmrt2-accuracy=2.200000
2023-11-08 14:38:06,667 [INFO]  Epoch[3] Train-cross-entropy=2.330196
2023-11-08 14:38:06,667 [INFO]  Epoch[3] Train-mean_gmrt2-accuracy=3.125000
2023-11-08 14:38:06,667 [INFO]  Epoch[3] Time cost=0.010
2023-11-08 14:38:06,669 [INFO]  Saved checkpoint to "./imputer_model/imputer_model_mean_gmrt2/model-0003.params"
2023-11-08 14:38:06,670 [INFO]  Epoch[3] Validation-cross-entropy=15.008488
2023-11-08 14:38:06,670 [INFO]  Epoch[3] Validation-mean_gmrt2-accuracy=0.000000
2023-11-08 14:38:06,678 [INFO]  Epoch[4] Batch [0-4]	Speed: 9769.46 samples/sec	cross-entropy=1.712321	mean_gmrt2-accuracy=2.200000
2023-11-08 14:38:06,683 [INFO]  Epoch[4] Train-cross-entropy=1.363525
2023-11-08 14:38:06,683 [INFO]  Epoch[4] Train-mean_gmrt2-accuracy=3.125000
2023-11-08 14:38:06,683 [INFO]  Epoch[4] Time cost=0.013
2023-11-08 14:38:06,685 [INFO]  Saved checkpoint to "./imputer_model/imputer_model_mean_gmrt2/model-0004.params"
2023-11-08 14:38:06,686 [INFO]  Epoch[4] Validation-cross-entropy=15.984733
2023-11-08 14:38:06,686 [INFO]  Epoch[4] Validation-mean_gmrt2-accuracy=0.000000
2023-11-08 14:38:06,686 [INFO]  
========== done (0.0705268383026123 s) fit model
2023-11-08 14:52:12,883 [INFO]  
========== start: fit model
2023-11-08 14:52:12,883 [WARNING]  Already bound, ignoring bind()
2023-11-08 14:52:12,890 [INFO]  Epoch[0] Batch [0-4]	Speed: 14271.65 samples/sec	cross-entropy=26.031863	mean_gmrt2-accuracy=0.000000
2023-11-08 14:52:12,894 [INFO]  Epoch[0] Train-cross-entropy=25.565634
2023-11-08 14:52:12,894 [INFO]  Epoch[0] Train-mean_gmrt2-accuracy=0.000000
2023-11-08 14:52:12,894 [INFO]  Epoch[0] Time cost=0.010
2023-11-08 14:52:12,895 [INFO]  Saved checkpoint to "./imputer_model/imputer_model_mean_gmrt2/model-0000.params"
2023-11-08 14:52:12,895 [INFO]  Epoch[0] Validation-cross-entropy=13.940602
2023-11-08 14:52:12,895 [INFO]  Epoch[0] Validation-mean_gmrt2-accuracy=0.000000
2023-11-08 14:52:12,900 [INFO]  Epoch[1] Batch [0-4]	Speed: 16264.87 samples/sec	cross-entropy=31.806392	mean_gmrt2-accuracy=0.000000
2023-11-08 14:52:12,903 [INFO]  Epoch[1] Train-cross-entropy=27.061342
2023-11-08 14:52:12,904 [INFO]  Epoch[1] Train-mean_gmrt2-accuracy=0.000000
2023-11-08 14:52:12,904 [INFO]  Epoch[1] Time cost=0.008
2023-11-08 14:52:12,905 [INFO]  Saved checkpoint to "./imputer_model/imputer_model_mean_gmrt2/model-0001.params"
2023-11-08 14:52:12,905 [INFO]  Epoch[1] Validation-cross-entropy=14.391006
2023-11-08 14:52:12,905 [INFO]  Epoch[1] Validation-mean_gmrt2-accuracy=0.000000
2023-11-08 14:52:12,910 [INFO]  Epoch[2] Batch [0-4]	Speed: 17741.93 samples/sec	cross-entropy=4.577374	mean_gmrt2-accuracy=0.000000
2023-11-08 14:52:12,913 [INFO]  Epoch[2] Train-cross-entropy=4.035563
2023-11-08 14:52:12,913 [INFO]  Epoch[2] Train-mean_gmrt2-accuracy=0.000000
2023-11-08 14:52:12,913 [INFO]  Epoch[2] Time cost=0.007
2023-11-08 14:52:12,914 [INFO]  Saved checkpoint to "./imputer_model/imputer_model_mean_gmrt2/model-0002.params"
2023-11-08 14:52:12,914 [INFO]  Epoch[2] Validation-cross-entropy=19.511066
2023-11-08 14:52:12,915 [INFO]  Epoch[2] Validation-mean_gmrt2-accuracy=0.000000
2023-11-08 14:52:12,919 [INFO]  Epoch[3] Batch [0-4]	Speed: 17681.17 samples/sec	cross-entropy=2.145333	mean_gmrt2-accuracy=0.000000
2023-11-08 14:52:12,922 [INFO]  Epoch[3] Train-cross-entropy=2.017564
2023-11-08 14:52:12,922 [INFO]  Epoch[3] Train-mean_gmrt2-accuracy=0.000000
2023-11-08 14:52:12,922 [INFO]  Epoch[3] Time cost=0.008
2023-11-08 14:52:12,923 [INFO]  Saved checkpoint to "./imputer_model/imputer_model_mean_gmrt2/model-0003.params"
2023-11-08 14:52:12,924 [INFO]  Epoch[3] Validation-cross-entropy=13.807743
2023-11-08 14:52:12,924 [INFO]  Epoch[3] Validation-mean_gmrt2-accuracy=0.000000
2023-11-08 14:52:12,928 [INFO]  Epoch[4] Batch [0-4]	Speed: 17844.54 samples/sec	cross-entropy=1.282200	mean_gmrt2-accuracy=0.000000
2023-11-08 14:52:12,931 [INFO]  Epoch[4] Train-cross-entropy=1.043646
2023-11-08 14:52:12,931 [INFO]  Epoch[4] Train-mean_gmrt2-accuracy=0.000000
2023-11-08 14:52:12,931 [INFO]  Epoch[4] Time cost=0.007
2023-11-08 14:52:12,932 [INFO]  Saved checkpoint to "./imputer_model/imputer_model_mean_gmrt2/model-0004.params"
2023-11-08 14:52:12,933 [INFO]  Epoch[4] Validation-cross-entropy=13.925687
2023-11-08 14:52:12,933 [INFO]  Epoch[4] Validation-mean_gmrt2-accuracy=0.000000
2023-11-08 14:52:12,933 [INFO]  
========== done (0.04990720748901367 s) fit model
