2023-11-08 12:34:36,088 [INFO]  
========== start: fit model
2023-11-08 12:34:36,088 [WARNING]  Already bound, ignoring bind()
2023-11-08 12:34:36,099 [INFO]  Epoch[0] Batch [0-4]	Speed: 11263.66 samples/sec	cross-entropy=20.547532	max_x_extension7-accuracy=3.600000
2023-11-08 12:34:36,107 [INFO]  Epoch[0] Train-cross-entropy=22.690699
2023-11-08 12:34:36,107 [INFO]  Epoch[0] Train-max_x_extension7-accuracy=2.750000
2023-11-08 12:34:36,107 [INFO]  Epoch[0] Time cost=0.017
2023-11-08 12:34:36,111 [INFO]  Saved checkpoint to "./imputer_model/imputer_model_max_x_extension7/model-0000.params"
2023-11-08 12:34:36,120 [INFO]  Epoch[0] Validation-cross-entropy=49.476688
2023-11-08 12:34:36,120 [INFO]  Epoch[0] Validation-max_x_extension7-accuracy=0.000000
2023-11-08 12:34:36,159 [INFO]  Epoch[1] Batch [0-4]	Speed: 5930.96 samples/sec	cross-entropy=39.804129	max_x_extension7-accuracy=3.600000
2023-11-08 12:34:36,169 [INFO]  Epoch[1] Train-cross-entropy=34.154563
2023-11-08 12:34:36,170 [INFO]  Epoch[1] Train-max_x_extension7-accuracy=2.750000
2023-11-08 12:34:36,170 [INFO]  Epoch[1] Time cost=0.049
2023-11-08 12:34:36,173 [INFO]  Saved checkpoint to "./imputer_model/imputer_model_max_x_extension7/model-0001.params"
2023-11-08 12:34:36,179 [INFO]  Epoch[1] Validation-cross-entropy=10.031484
2023-11-08 12:34:36,179 [INFO]  Epoch[1] Validation-max_x_extension7-accuracy=0.000000
2023-11-08 12:34:36,192 [INFO]  Epoch[2] Batch [0-4]	Speed: 6357.11 samples/sec	cross-entropy=10.495861	max_x_extension7-accuracy=3.600000
2023-11-08 12:34:36,223 [INFO]  Epoch[2] Train-cross-entropy=9.012070
2023-11-08 12:34:36,223 [INFO]  Epoch[2] Train-max_x_extension7-accuracy=2.750000
2023-11-08 12:34:36,223 [INFO]  Epoch[2] Time cost=0.044
2023-11-08 12:34:36,226 [INFO]  Saved checkpoint to "./imputer_model/imputer_model_max_x_extension7/model-0002.params"
2023-11-08 12:34:36,231 [INFO]  Epoch[2] Validation-cross-entropy=7.183837
2023-11-08 12:34:36,231 [INFO]  Epoch[2] Validation-max_x_extension7-accuracy=0.000000
2023-11-08 12:34:36,265 [INFO]  Epoch[3] Batch [0-4]	Speed: 3055.26 samples/sec	cross-entropy=4.797656	max_x_extension7-accuracy=3.600000
2023-11-08 12:34:36,281 [INFO]  Epoch[3] Train-cross-entropy=3.774536
2023-11-08 12:34:36,281 [INFO]  Epoch[3] Train-max_x_extension7-accuracy=2.750000
2023-11-08 12:34:36,281 [INFO]  Epoch[3] Time cost=0.050
2023-11-08 12:34:36,285 [INFO]  Saved checkpoint to "./imputer_model/imputer_model_max_x_extension7/model-0003.params"
2023-11-08 12:34:36,286 [INFO]  Epoch[3] Validation-cross-entropy=7.021033
2023-11-08 12:34:36,286 [INFO]  Epoch[3] Validation-max_x_extension7-accuracy=0.000000
2023-11-08 12:34:36,304 [INFO]  Epoch[4] Batch [0-4]	Speed: 4610.31 samples/sec	cross-entropy=2.141350	max_x_extension7-accuracy=3.600000
2023-11-08 12:34:36,315 [INFO]  Epoch[4] Train-cross-entropy=1.688033
2023-11-08 12:34:36,316 [INFO]  Epoch[4] Train-max_x_extension7-accuracy=2.750000
2023-11-08 12:34:36,316 [INFO]  Epoch[4] Time cost=0.029
2023-11-08 12:34:36,319 [INFO]  Saved checkpoint to "./imputer_model/imputer_model_max_x_extension7/model-0004.params"
2023-11-08 12:34:36,353 [INFO]  Epoch[4] Validation-cross-entropy=4.206114
2023-11-08 12:34:36,354 [INFO]  Epoch[4] Validation-max_x_extension7-accuracy=0.000000
2023-11-08 12:34:36,354 [INFO]  
========== done (0.265946626663208 s) fit model
2023-11-08 13:05:07,592 [INFO]  
========== start: fit model
2023-11-08 13:05:07,592 [WARNING]  Already bound, ignoring bind()
2023-11-08 13:05:07,615 [INFO]  Epoch[0] Batch [0-4]	Speed: 10398.43 samples/sec	cross-entropy=21.978244	max_x_extension7-accuracy=0.000000
2023-11-08 13:05:07,620 [INFO]  Epoch[0] Train-cross-entropy=23.172207
2023-11-08 13:05:07,620 [INFO]  Epoch[0] Train-max_x_extension7-accuracy=0.000000
2023-11-08 13:05:07,620 [INFO]  Epoch[0] Time cost=0.027
2023-11-08 13:05:07,624 [INFO]  Saved checkpoint to "./imputer_model/imputer_model_max_x_extension7/model-0000.params"
2023-11-08 13:05:07,625 [INFO]  Epoch[0] Validation-cross-entropy=20.727104
2023-11-08 13:05:07,625 [INFO]  Epoch[0] Validation-max_x_extension7-accuracy=0.000000
2023-11-08 13:05:07,632 [INFO]  Epoch[1] Batch [0-4]	Speed: 12685.99 samples/sec	cross-entropy=42.471338	max_x_extension7-accuracy=0.000000
2023-11-08 13:05:07,636 [INFO]  Epoch[1] Train-cross-entropy=35.766212
2023-11-08 13:05:07,636 [INFO]  Epoch[1] Train-max_x_extension7-accuracy=0.000000
2023-11-08 13:05:07,636 [INFO]  Epoch[1] Time cost=0.011
2023-11-08 13:05:07,639 [INFO]  Saved checkpoint to "./imputer_model/imputer_model_max_x_extension7/model-0001.params"
2023-11-08 13:05:07,640 [INFO]  Epoch[1] Validation-cross-entropy=14.971032
2023-11-08 13:05:07,640 [INFO]  Epoch[1] Validation-max_x_extension7-accuracy=0.000000
2023-11-08 13:05:07,647 [INFO]  Epoch[2] Batch [0-4]	Speed: 11698.57 samples/sec	cross-entropy=4.674479	max_x_extension7-accuracy=0.000000
2023-11-08 13:05:07,651 [INFO]  Epoch[2] Train-cross-entropy=5.798633
2023-11-08 13:05:07,651 [INFO]  Epoch[2] Train-max_x_extension7-accuracy=0.000000
2023-11-08 13:05:07,651 [INFO]  Epoch[2] Time cost=0.011
2023-11-08 13:05:07,653 [INFO]  Saved checkpoint to "./imputer_model/imputer_model_max_x_extension7/model-0002.params"
2023-11-08 13:05:07,654 [INFO]  Epoch[2] Validation-cross-entropy=11.352932
2023-11-08 13:05:07,654 [INFO]  Epoch[2] Validation-max_x_extension7-accuracy=0.000000
2023-11-08 13:05:07,659 [INFO]  Epoch[3] Batch [0-4]	Speed: 14381.75 samples/sec	cross-entropy=4.017800	max_x_extension7-accuracy=0.000000
2023-11-08 13:05:07,663 [INFO]  Epoch[3] Train-cross-entropy=3.544835
2023-11-08 13:05:07,663 [INFO]  Epoch[3] Train-max_x_extension7-accuracy=0.000000
2023-11-08 13:05:07,663 [INFO]  Epoch[3] Time cost=0.009
2023-11-08 13:05:07,664 [INFO]  Saved checkpoint to "./imputer_model/imputer_model_max_x_extension7/model-0003.params"
2023-11-08 13:05:07,665 [INFO]  Epoch[3] Validation-cross-entropy=20.643955
2023-11-08 13:05:07,665 [INFO]  Epoch[3] Validation-max_x_extension7-accuracy=0.000000
2023-11-08 13:05:07,671 [INFO]  Epoch[4] Batch [0-4]	Speed: 14267.10 samples/sec	cross-entropy=1.835156	max_x_extension7-accuracy=0.000000
2023-11-08 13:05:07,675 [INFO]  Epoch[4] Train-cross-entropy=1.852578
2023-11-08 13:05:07,675 [INFO]  Epoch[4] Train-max_x_extension7-accuracy=0.000000
2023-11-08 13:05:07,676 [INFO]  Epoch[4] Time cost=0.010
2023-11-08 13:05:07,678 [INFO]  Saved checkpoint to "./imputer_model/imputer_model_max_x_extension7/model-0004.params"
2023-11-08 13:05:07,679 [INFO]  Epoch[4] Validation-cross-entropy=11.867361
2023-11-08 13:05:07,679 [INFO]  Epoch[4] Validation-max_x_extension7-accuracy=0.000000
2023-11-08 13:05:07,680 [INFO]  
========== done (0.08757138252258301 s) fit model
2023-11-08 13:18:34,404 [INFO]  
========== start: fit model
2023-11-08 13:18:34,404 [WARNING]  Already bound, ignoring bind()
2023-11-08 13:18:34,411 [INFO]  Epoch[0] Batch [0-4]	Speed: 14049.06 samples/sec	cross-entropy=24.714288	max_x_extension7-accuracy=3.600000
2023-11-08 13:18:34,415 [INFO]  Epoch[0] Train-cross-entropy=21.077280
2023-11-08 13:18:34,415 [INFO]  Epoch[0] Train-max_x_extension7-accuracy=3.000000
2023-11-08 13:18:34,415 [INFO]  Epoch[0] Time cost=0.010
2023-11-08 13:18:34,416 [INFO]  Saved checkpoint to "./imputer_model/imputer_model_max_x_extension7/model-0000.params"
2023-11-08 13:18:34,417 [INFO]  Epoch[0] Validation-cross-entropy=101.261635
2023-11-08 13:18:34,417 [INFO]  Epoch[0] Validation-max_x_extension7-accuracy=0.000000
2023-11-08 13:18:34,423 [INFO]  Epoch[1] Batch [0-4]	Speed: 13109.12 samples/sec	cross-entropy=59.565417	max_x_extension7-accuracy=3.600000
2023-11-08 13:18:34,427 [INFO]  Epoch[1] Train-cross-entropy=44.857100
2023-11-08 13:18:34,427 [INFO]  Epoch[1] Train-max_x_extension7-accuracy=3.000000
2023-11-08 13:18:34,427 [INFO]  Epoch[1] Time cost=0.010
2023-11-08 13:18:34,430 [INFO]  Saved checkpoint to "./imputer_model/imputer_model_max_x_extension7/model-0001.params"
2023-11-08 13:18:34,431 [INFO]  Epoch[1] Validation-cross-entropy=91.708839
2023-11-08 13:18:34,431 [INFO]  Epoch[1] Validation-max_x_extension7-accuracy=0.000000
2023-11-08 13:18:34,438 [INFO]  Epoch[2] Batch [0-4]	Speed: 12309.60 samples/sec	cross-entropy=36.306821	max_x_extension7-accuracy=3.600000
2023-11-08 13:18:34,442 [INFO]  Epoch[2] Train-cross-entropy=24.888948
2023-11-08 13:18:34,442 [INFO]  Epoch[2] Train-max_x_extension7-accuracy=3.000000
2023-11-08 13:18:34,442 [INFO]  Epoch[2] Time cost=0.011
2023-11-08 13:18:34,444 [INFO]  Saved checkpoint to "./imputer_model/imputer_model_max_x_extension7/model-0002.params"
2023-11-08 13:18:34,444 [INFO]  Epoch[2] Validation-cross-entropy=71.566223
2023-11-08 13:18:34,444 [INFO]  Epoch[2] Validation-max_x_extension7-accuracy=0.000000
2023-11-08 13:18:34,450 [INFO]  Epoch[3] Batch [0-4]	Speed: 14418.84 samples/sec	cross-entropy=9.930192	max_x_extension7-accuracy=3.600000
2023-11-08 13:18:34,454 [INFO]  Epoch[3] Train-cross-entropy=8.000424
2023-11-08 13:18:34,454 [INFO]  Epoch[3] Train-max_x_extension7-accuracy=3.000000
2023-11-08 13:18:34,454 [INFO]  Epoch[3] Time cost=0.009
2023-11-08 13:18:34,455 [INFO]  Saved checkpoint to "./imputer_model/imputer_model_max_x_extension7/model-0003.params"
2023-11-08 13:18:34,456 [INFO]  Epoch[3] Validation-cross-entropy=64.141006
2023-11-08 13:18:34,456 [INFO]  Epoch[3] Validation-max_x_extension7-accuracy=0.000000
2023-11-08 13:18:34,462 [INFO]  Epoch[4] Batch [0-4]	Speed: 14531.23 samples/sec	cross-entropy=3.650520	max_x_extension7-accuracy=3.600000
2023-11-08 13:18:34,465 [INFO]  Epoch[4] Train-cross-entropy=3.598391
2023-11-08 13:18:34,465 [INFO]  Epoch[4] Train-max_x_extension7-accuracy=3.000000
2023-11-08 13:18:34,465 [INFO]  Epoch[4] Time cost=0.009
2023-11-08 13:18:34,467 [INFO]  Saved checkpoint to "./imputer_model/imputer_model_max_x_extension7/model-0004.params"
2023-11-08 13:18:34,467 [INFO]  Epoch[4] Validation-cross-entropy=50.040588
2023-11-08 13:18:34,467 [INFO]  Epoch[4] Validation-max_x_extension7-accuracy=0.000000
2023-11-08 13:18:34,467 [INFO]  
========== done (0.06292247772216797 s) fit model
2023-11-08 13:31:54,952 [INFO]  
========== start: fit model
2023-11-08 13:31:54,952 [WARNING]  Already bound, ignoring bind()
2023-11-08 13:31:54,959 [INFO]  Epoch[0] Batch [0-4]	Speed: 14189.42 samples/sec	cross-entropy=24.878918	max_x_extension7-accuracy=3.200000
2023-11-08 13:31:54,963 [INFO]  Epoch[0] Train-cross-entropy=23.881302
2023-11-08 13:31:54,963 [INFO]  Epoch[0] Train-max_x_extension7-accuracy=3.250000
2023-11-08 13:31:54,963 [INFO]  Epoch[0] Time cost=0.010
2023-11-08 13:31:54,964 [INFO]  Saved checkpoint to "./imputer_model/imputer_model_max_x_extension7/model-0000.params"
2023-11-08 13:31:54,965 [INFO]  Epoch[0] Validation-cross-entropy=8.254180
2023-11-08 13:31:54,965 [INFO]  Epoch[0] Validation-max_x_extension7-accuracy=0.000000
2023-11-08 13:31:54,972 [INFO]  Epoch[1] Batch [0-4]	Speed: 11119.48 samples/sec	cross-entropy=26.373164	max_x_extension7-accuracy=3.200000
2023-11-08 13:31:54,976 [INFO]  Epoch[1] Train-cross-entropy=26.180868
2023-11-08 13:31:54,976 [INFO]  Epoch[1] Train-max_x_extension7-accuracy=3.250000
2023-11-08 13:31:54,976 [INFO]  Epoch[1] Time cost=0.012
2023-11-08 13:31:54,979 [INFO]  Saved checkpoint to "./imputer_model/imputer_model_max_x_extension7/model-0001.params"
2023-11-08 13:31:54,980 [INFO]  Epoch[1] Validation-cross-entropy=13.584981
2023-11-08 13:31:54,980 [INFO]  Epoch[1] Validation-max_x_extension7-accuracy=0.000000
2023-11-08 13:31:54,987 [INFO]  Epoch[2] Batch [0-4]	Speed: 12516.81 samples/sec	cross-entropy=6.912196	max_x_extension7-accuracy=3.200000
2023-11-08 13:31:54,990 [INFO]  Epoch[2] Train-cross-entropy=6.921561
2023-11-08 13:31:54,990 [INFO]  Epoch[2] Train-max_x_extension7-accuracy=3.250000
2023-11-08 13:31:54,990 [INFO]  Epoch[2] Time cost=0.010
2023-11-08 13:31:54,992 [INFO]  Saved checkpoint to "./imputer_model/imputer_model_max_x_extension7/model-0002.params"
2023-11-08 13:31:54,993 [INFO]  Epoch[2] Validation-cross-entropy=9.219787
2023-11-08 13:31:54,993 [INFO]  Epoch[2] Validation-max_x_extension7-accuracy=0.000000
2023-11-08 13:31:54,999 [INFO]  Epoch[3] Batch [0-4]	Speed: 13443.28 samples/sec	cross-entropy=3.140147	max_x_extension7-accuracy=3.200000
2023-11-08 13:31:55,002 [INFO]  Epoch[3] Train-cross-entropy=2.988871
2023-11-08 13:31:55,002 [INFO]  Epoch[3] Train-max_x_extension7-accuracy=3.250000
2023-11-08 13:31:55,002 [INFO]  Epoch[3] Time cost=0.010
2023-11-08 13:31:55,004 [INFO]  Saved checkpoint to "./imputer_model/imputer_model_max_x_extension7/model-0003.params"
2023-11-08 13:31:55,005 [INFO]  Epoch[3] Validation-cross-entropy=15.149017
2023-11-08 13:31:55,005 [INFO]  Epoch[3] Validation-max_x_extension7-accuracy=0.000000
2023-11-08 13:31:55,011 [INFO]  Epoch[4] Batch [0-4]	Speed: 13640.01 samples/sec	cross-entropy=1.298067	max_x_extension7-accuracy=3.200000
2023-11-08 13:31:55,015 [INFO]  Epoch[4] Train-cross-entropy=1.058453
2023-11-08 13:31:55,015 [INFO]  Epoch[4] Train-max_x_extension7-accuracy=3.250000
2023-11-08 13:31:55,015 [INFO]  Epoch[4] Time cost=0.011
2023-11-08 13:31:55,019 [INFO]  Saved checkpoint to "./imputer_model/imputer_model_max_x_extension7/model-0004.params"
2023-11-08 13:31:55,019 [INFO]  Epoch[4] Validation-cross-entropy=11.373238
2023-11-08 13:31:55,019 [INFO]  Epoch[4] Validation-max_x_extension7-accuracy=0.000000
2023-11-08 13:31:55,019 [INFO]  
========== done (0.0674283504486084 s) fit model
2023-11-08 13:45:14,756 [INFO]  
========== start: fit model
2023-11-08 13:45:14,756 [WARNING]  Already bound, ignoring bind()
2023-11-08 13:45:14,763 [INFO]  Epoch[0] Batch [0-4]	Speed: 14052.74 samples/sec	cross-entropy=15.094572	max_x_extension7-accuracy=0.000000
2023-11-08 13:45:14,768 [INFO]  Epoch[0] Train-cross-entropy=23.430651
2023-11-08 13:45:14,768 [INFO]  Epoch[0] Train-max_x_extension7-accuracy=0.000000
2023-11-08 13:45:14,768 [INFO]  Epoch[0] Time cost=0.012
2023-11-08 13:45:14,772 [INFO]  Saved checkpoint to "./imputer_model/imputer_model_max_x_extension7/model-0000.params"
2023-11-08 13:45:14,773 [INFO]  Epoch[0] Validation-cross-entropy=26.405416
2023-11-08 13:45:14,774 [INFO]  Epoch[0] Validation-max_x_extension7-accuracy=0.000000
2023-11-08 13:45:14,781 [INFO]  Epoch[1] Batch [0-4]	Speed: 11252.32 samples/sec	cross-entropy=37.356510	max_x_extension7-accuracy=0.000000
2023-11-08 13:45:14,785 [INFO]  Epoch[1] Train-cross-entropy=29.333775
2023-11-08 13:45:14,786 [INFO]  Epoch[1] Train-max_x_extension7-accuracy=0.000000
2023-11-08 13:45:14,786 [INFO]  Epoch[1] Time cost=0.012
2023-11-08 13:45:14,788 [INFO]  Saved checkpoint to "./imputer_model/imputer_model_max_x_extension7/model-0001.params"
2023-11-08 13:45:14,789 [INFO]  Epoch[1] Validation-cross-entropy=12.347523
2023-11-08 13:45:14,789 [INFO]  Epoch[1] Validation-max_x_extension7-accuracy=0.000000
2023-11-08 13:45:14,795 [INFO]  Epoch[2] Batch [0-4]	Speed: 13876.22 samples/sec	cross-entropy=4.929989	max_x_extension7-accuracy=0.000000
2023-11-08 13:45:14,799 [INFO]  Epoch[2] Train-cross-entropy=5.722337
2023-11-08 13:45:14,799 [INFO]  Epoch[2] Train-max_x_extension7-accuracy=0.000000
2023-11-08 13:45:14,799 [INFO]  Epoch[2] Time cost=0.010
2023-11-08 13:45:14,800 [INFO]  Saved checkpoint to "./imputer_model/imputer_model_max_x_extension7/model-0002.params"
2023-11-08 13:45:14,801 [INFO]  Epoch[2] Validation-cross-entropy=14.160660
2023-11-08 13:45:14,801 [INFO]  Epoch[2] Validation-max_x_extension7-accuracy=0.000000
2023-11-08 13:45:14,807 [INFO]  Epoch[3] Batch [0-4]	Speed: 14261.03 samples/sec	cross-entropy=2.770410	max_x_extension7-accuracy=0.000000
2023-11-08 13:45:14,810 [INFO]  Epoch[3] Train-cross-entropy=3.039897
2023-11-08 13:45:14,810 [INFO]  Epoch[3] Train-max_x_extension7-accuracy=0.000000
2023-11-08 13:45:14,810 [INFO]  Epoch[3] Time cost=0.009
2023-11-08 13:45:14,812 [INFO]  Saved checkpoint to "./imputer_model/imputer_model_max_x_extension7/model-0003.params"
2023-11-08 13:45:14,813 [INFO]  Epoch[3] Validation-cross-entropy=8.001070
2023-11-08 13:45:14,813 [INFO]  Epoch[3] Validation-max_x_extension7-accuracy=0.000000
2023-11-08 13:45:14,821 [INFO]  Epoch[4] Batch [0-4]	Speed: 10197.75 samples/sec	cross-entropy=1.224707	max_x_extension7-accuracy=0.000000
2023-11-08 13:45:14,826 [INFO]  Epoch[4] Train-cross-entropy=1.260008
2023-11-08 13:45:14,826 [INFO]  Epoch[4] Train-max_x_extension7-accuracy=0.000000
2023-11-08 13:45:14,826 [INFO]  Epoch[4] Time cost=0.013
2023-11-08 13:45:14,829 [INFO]  Saved checkpoint to "./imputer_model/imputer_model_max_x_extension7/model-0004.params"
2023-11-08 13:45:14,830 [INFO]  Epoch[4] Validation-cross-entropy=11.322335
2023-11-08 13:45:14,830 [INFO]  Epoch[4] Validation-max_x_extension7-accuracy=0.000000
2023-11-08 13:45:14,830 [INFO]  
========== done (0.07439517974853516 s) fit model
2023-11-08 13:58:37,186 [INFO]  
========== start: fit model
2023-11-08 13:58:37,186 [WARNING]  Already bound, ignoring bind()
2023-11-08 13:58:37,195 [INFO]  Epoch[0] Batch [0-4]	Speed: 9959.02 samples/sec	cross-entropy=16.944454	max_x_extension7-accuracy=0.000000
2023-11-08 13:58:37,200 [INFO]  Epoch[0] Train-cross-entropy=21.446489
2023-11-08 13:58:37,200 [INFO]  Epoch[0] Train-max_x_extension7-accuracy=0.000000
2023-11-08 13:58:37,200 [INFO]  Epoch[0] Time cost=0.014
2023-11-08 13:58:37,204 [INFO]  Saved checkpoint to "./imputer_model/imputer_model_max_x_extension7/model-0000.params"
2023-11-08 13:58:37,205 [INFO]  Epoch[0] Validation-cross-entropy=14.633909
2023-11-08 13:58:37,205 [INFO]  Epoch[0] Validation-max_x_extension7-accuracy=0.000000
2023-11-08 13:58:37,212 [INFO]  Epoch[1] Batch [0-4]	Speed: 12273.02 samples/sec	cross-entropy=36.060419	max_x_extension7-accuracy=0.000000
2023-11-08 13:58:37,216 [INFO]  Epoch[1] Train-cross-entropy=29.737225
2023-11-08 13:58:37,216 [INFO]  Epoch[1] Train-max_x_extension7-accuracy=0.000000
2023-11-08 13:58:37,216 [INFO]  Epoch[1] Time cost=0.011
2023-11-08 13:58:37,218 [INFO]  Saved checkpoint to "./imputer_model/imputer_model_max_x_extension7/model-0001.params"
2023-11-08 13:58:37,218 [INFO]  Epoch[1] Validation-cross-entropy=9.508030
2023-11-08 13:58:37,218 [INFO]  Epoch[1] Validation-max_x_extension7-accuracy=0.000000
2023-11-08 13:58:37,225 [INFO]  Epoch[2] Batch [0-4]	Speed: 13414.39 samples/sec	cross-entropy=8.275957	max_x_extension7-accuracy=0.000000
2023-11-08 13:58:37,228 [INFO]  Epoch[2] Train-cross-entropy=7.790669
2023-11-08 13:58:37,228 [INFO]  Epoch[2] Train-max_x_extension7-accuracy=0.000000
2023-11-08 13:58:37,228 [INFO]  Epoch[2] Time cost=0.010
2023-11-08 13:58:37,230 [INFO]  Saved checkpoint to "./imputer_model/imputer_model_max_x_extension7/model-0002.params"
2023-11-08 13:58:37,231 [INFO]  Epoch[2] Validation-cross-entropy=5.118212
2023-11-08 13:58:37,231 [INFO]  Epoch[2] Validation-max_x_extension7-accuracy=0.000000
2023-11-08 13:58:37,236 [INFO]  Epoch[3] Batch [0-4]	Speed: 13783.59 samples/sec	cross-entropy=4.599565	max_x_extension7-accuracy=0.000000
2023-11-08 13:58:37,240 [INFO]  Epoch[3] Train-cross-entropy=3.649522
2023-11-08 13:58:37,240 [INFO]  Epoch[3] Train-max_x_extension7-accuracy=0.000000
2023-11-08 13:58:37,240 [INFO]  Epoch[3] Time cost=0.009
2023-11-08 13:58:37,242 [INFO]  Saved checkpoint to "./imputer_model/imputer_model_max_x_extension7/model-0003.params"
2023-11-08 13:58:37,242 [INFO]  Epoch[3] Validation-cross-entropy=4.943887
2023-11-08 13:58:37,242 [INFO]  Epoch[3] Validation-max_x_extension7-accuracy=0.000000
2023-11-08 13:58:37,248 [INFO]  Epoch[4] Batch [0-4]	Speed: 14161.72 samples/sec	cross-entropy=1.765387	max_x_extension7-accuracy=0.000000
2023-11-08 13:58:37,251 [INFO]  Epoch[4] Train-cross-entropy=1.940584
2023-11-08 13:58:37,252 [INFO]  Epoch[4] Train-max_x_extension7-accuracy=0.000000
2023-11-08 13:58:37,252 [INFO]  Epoch[4] Time cost=0.009
2023-11-08 13:58:37,253 [INFO]  Saved checkpoint to "./imputer_model/imputer_model_max_x_extension7/model-0004.params"
2023-11-08 13:58:37,254 [INFO]  Epoch[4] Validation-cross-entropy=4.582440
2023-11-08 13:58:37,254 [INFO]  Epoch[4] Validation-max_x_extension7-accuracy=0.000000
2023-11-08 13:58:37,254 [INFO]  
========== done (0.06807732582092285 s) fit model
2023-11-08 14:12:01,809 [INFO]  
========== start: fit model
2023-11-08 14:12:01,809 [WARNING]  Already bound, ignoring bind()
2023-11-08 14:12:01,818 [INFO]  Epoch[0] Batch [0-4]	Speed: 10717.27 samples/sec	cross-entropy=21.640278	max_x_extension7-accuracy=3.400000
2023-11-08 14:12:01,823 [INFO]  Epoch[0] Train-cross-entropy=22.595160
2023-11-08 14:12:01,823 [INFO]  Epoch[0] Train-max_x_extension7-accuracy=3.250000
2023-11-08 14:12:01,823 [INFO]  Epoch[0] Time cost=0.013
2023-11-08 14:12:01,826 [INFO]  Saved checkpoint to "./imputer_model/imputer_model_max_x_extension7/model-0000.params"
2023-11-08 14:12:01,827 [INFO]  Epoch[0] Validation-cross-entropy=11.959048
2023-11-08 14:12:01,828 [INFO]  Epoch[0] Validation-max_x_extension7-accuracy=0.000000
2023-11-08 14:12:01,833 [INFO]  Epoch[1] Batch [0-4]	Speed: 16386.00 samples/sec	cross-entropy=52.299856	max_x_extension7-accuracy=3.400000
2023-11-08 14:12:01,837 [INFO]  Epoch[1] Train-cross-entropy=86.288593
2023-11-08 14:12:01,837 [INFO]  Epoch[1] Train-max_x_extension7-accuracy=3.250000
2023-11-08 14:12:01,837 [INFO]  Epoch[1] Time cost=0.010
2023-11-08 14:12:01,840 [INFO]  Saved checkpoint to "./imputer_model/imputer_model_max_x_extension7/model-0001.params"
2023-11-08 14:12:01,840 [INFO]  Epoch[1] Validation-cross-entropy=24.865768
2023-11-08 14:12:01,840 [INFO]  Epoch[1] Validation-max_x_extension7-accuracy=0.000000
2023-11-08 14:12:01,847 [INFO]  Epoch[2] Batch [0-4]	Speed: 13244.30 samples/sec	cross-entropy=17.673045	max_x_extension7-accuracy=3.400000
2023-11-08 14:12:01,850 [INFO]  Epoch[2] Train-cross-entropy=23.294300
2023-11-08 14:12:01,850 [INFO]  Epoch[2] Train-max_x_extension7-accuracy=3.250000
2023-11-08 14:12:01,850 [INFO]  Epoch[2] Time cost=0.010
2023-11-08 14:12:01,852 [INFO]  Saved checkpoint to "./imputer_model/imputer_model_max_x_extension7/model-0002.params"
2023-11-08 14:12:01,853 [INFO]  Epoch[2] Validation-cross-entropy=6.170012
2023-11-08 14:12:01,853 [INFO]  Epoch[2] Validation-max_x_extension7-accuracy=0.000000
2023-11-08 14:12:01,858 [INFO]  Epoch[3] Batch [0-4]	Speed: 14399.50 samples/sec	cross-entropy=5.190873	max_x_extension7-accuracy=3.400000
2023-11-08 14:12:01,862 [INFO]  Epoch[3] Train-cross-entropy=8.588555
2023-11-08 14:12:01,862 [INFO]  Epoch[3] Train-max_x_extension7-accuracy=3.250000
2023-11-08 14:12:01,862 [INFO]  Epoch[3] Time cost=0.009
2023-11-08 14:12:01,864 [INFO]  Saved checkpoint to "./imputer_model/imputer_model_max_x_extension7/model-0003.params"
2023-11-08 14:12:01,864 [INFO]  Epoch[3] Validation-cross-entropy=1.542291
2023-11-08 14:12:01,864 [INFO]  Epoch[3] Validation-max_x_extension7-accuracy=0.000000
2023-11-08 14:12:01,870 [INFO]  Epoch[4] Batch [0-4]	Speed: 14320.38 samples/sec	cross-entropy=3.093561	max_x_extension7-accuracy=3.400000
2023-11-08 14:12:01,873 [INFO]  Epoch[4] Train-cross-entropy=3.142753
2023-11-08 14:12:01,873 [INFO]  Epoch[4] Train-max_x_extension7-accuracy=3.250000
2023-11-08 14:12:01,873 [INFO]  Epoch[4] Time cost=0.009
2023-11-08 14:12:01,875 [INFO]  Saved checkpoint to "./imputer_model/imputer_model_max_x_extension7/model-0004.params"
2023-11-08 14:12:01,875 [INFO]  Epoch[4] Validation-cross-entropy=2.850784
2023-11-08 14:12:01,875 [INFO]  Epoch[4] Validation-max_x_extension7-accuracy=0.000000
2023-11-08 14:12:01,876 [INFO]  
========== done (0.06627941131591797 s) fit model
2023-11-08 14:25:35,392 [INFO]  
========== start: fit model
2023-11-08 14:25:35,392 [WARNING]  Already bound, ignoring bind()
2023-11-08 14:25:35,399 [INFO]  Epoch[0] Batch [0-4]	Speed: 13699.18 samples/sec	cross-entropy=23.233097	max_x_extension7-accuracy=0.000000
2023-11-08 14:25:35,404 [INFO]  Epoch[0] Train-cross-entropy=20.132572
2023-11-08 14:25:35,404 [INFO]  Epoch[0] Train-max_x_extension7-accuracy=0.000000
2023-11-08 14:25:35,404 [INFO]  Epoch[0] Time cost=0.012
2023-11-08 14:25:35,407 [INFO]  Saved checkpoint to "./imputer_model/imputer_model_max_x_extension7/model-0000.params"
2023-11-08 14:25:35,408 [INFO]  Epoch[0] Validation-cross-entropy=20.751120
2023-11-08 14:25:35,409 [INFO]  Epoch[0] Validation-max_x_extension7-accuracy=0.000000
2023-11-08 14:25:35,416 [INFO]  Epoch[1] Batch [0-4]	Speed: 11272.64 samples/sec	cross-entropy=32.863012	max_x_extension7-accuracy=0.000000
2023-11-08 14:25:35,420 [INFO]  Epoch[1] Train-cross-entropy=26.091096
2023-11-08 14:25:35,420 [INFO]  Epoch[1] Train-max_x_extension7-accuracy=0.000000
2023-11-08 14:25:35,420 [INFO]  Epoch[1] Time cost=0.012
2023-11-08 14:25:35,423 [INFO]  Saved checkpoint to "./imputer_model/imputer_model_max_x_extension7/model-0001.params"
2023-11-08 14:25:35,424 [INFO]  Epoch[1] Validation-cross-entropy=10.927965
2023-11-08 14:25:35,424 [INFO]  Epoch[1] Validation-max_x_extension7-accuracy=0.000000
2023-11-08 14:25:35,430 [INFO]  Epoch[2] Batch [0-4]	Speed: 13608.21 samples/sec	cross-entropy=9.522054	max_x_extension7-accuracy=0.000000
2023-11-08 14:25:35,434 [INFO]  Epoch[2] Train-cross-entropy=7.873605
2023-11-08 14:25:35,434 [INFO]  Epoch[2] Train-max_x_extension7-accuracy=0.000000
2023-11-08 14:25:35,434 [INFO]  Epoch[2] Time cost=0.010
2023-11-08 14:25:35,435 [INFO]  Saved checkpoint to "./imputer_model/imputer_model_max_x_extension7/model-0002.params"
2023-11-08 14:25:35,436 [INFO]  Epoch[2] Validation-cross-entropy=8.606413
2023-11-08 14:25:35,436 [INFO]  Epoch[2] Validation-max_x_extension7-accuracy=0.000000
2023-11-08 14:25:35,443 [INFO]  Epoch[3] Batch [0-4]	Speed: 11293.04 samples/sec	cross-entropy=4.882127	max_x_extension7-accuracy=0.000000
2023-11-08 14:25:35,448 [INFO]  Epoch[3] Train-cross-entropy=4.372202
2023-11-08 14:25:35,448 [INFO]  Epoch[3] Train-max_x_extension7-accuracy=0.000000
2023-11-08 14:25:35,448 [INFO]  Epoch[3] Time cost=0.012
2023-11-08 14:25:35,451 [INFO]  Saved checkpoint to "./imputer_model/imputer_model_max_x_extension7/model-0003.params"
2023-11-08 14:25:35,452 [INFO]  Epoch[3] Validation-cross-entropy=11.279340
2023-11-08 14:25:35,452 [INFO]  Epoch[3] Validation-max_x_extension7-accuracy=0.000000
2023-11-08 14:25:35,459 [INFO]  Epoch[4] Batch [0-4]	Speed: 12065.60 samples/sec	cross-entropy=1.851400	max_x_extension7-accuracy=0.000000
2023-11-08 14:25:35,463 [INFO]  Epoch[4] Train-cross-entropy=2.116132
2023-11-08 14:25:35,464 [INFO]  Epoch[4] Train-max_x_extension7-accuracy=0.000000
2023-11-08 14:25:35,464 [INFO]  Epoch[4] Time cost=0.011
2023-11-08 14:25:35,466 [INFO]  Saved checkpoint to "./imputer_model/imputer_model_max_x_extension7/model-0004.params"
2023-11-08 14:25:35,466 [INFO]  Epoch[4] Validation-cross-entropy=6.002319
2023-11-08 14:25:35,466 [INFO]  Epoch[4] Validation-max_x_extension7-accuracy=0.000000
2023-11-08 14:25:35,466 [INFO]  
========== done (0.07485294342041016 s) fit model
2023-11-08 14:39:31,339 [INFO]  
========== start: fit model
2023-11-08 14:39:31,339 [WARNING]  Already bound, ignoring bind()
2023-11-08 14:39:31,349 [INFO]  Epoch[0] Batch [0-4]	Speed: 8770.11 samples/sec	cross-entropy=21.094952	max_x_extension7-accuracy=0.000000
2023-11-08 14:39:31,353 [INFO]  Epoch[0] Train-cross-entropy=21.843518
2023-11-08 14:39:31,353 [INFO]  Epoch[0] Train-max_x_extension7-accuracy=0.000000
2023-11-08 14:39:31,353 [INFO]  Epoch[0] Time cost=0.014
2023-11-08 14:39:31,356 [INFO]  Saved checkpoint to "./imputer_model/imputer_model_max_x_extension7/model-0000.params"
2023-11-08 14:39:31,357 [INFO]  Epoch[0] Validation-cross-entropy=122.933792
2023-11-08 14:39:31,357 [INFO]  Epoch[0] Validation-max_x_extension7-accuracy=0.000000
2023-11-08 14:39:31,364 [INFO]  Epoch[1] Batch [0-4]	Speed: 12922.95 samples/sec	cross-entropy=45.354235	max_x_extension7-accuracy=0.000000
2023-11-08 14:39:31,368 [INFO]  Epoch[1] Train-cross-entropy=35.763385
2023-11-08 14:39:31,368 [INFO]  Epoch[1] Train-max_x_extension7-accuracy=0.000000
2023-11-08 14:39:31,368 [INFO]  Epoch[1] Time cost=0.011
2023-11-08 14:39:31,370 [INFO]  Saved checkpoint to "./imputer_model/imputer_model_max_x_extension7/model-0001.params"
2023-11-08 14:39:31,370 [INFO]  Epoch[1] Validation-cross-entropy=30.065582
2023-11-08 14:39:31,371 [INFO]  Epoch[1] Validation-max_x_extension7-accuracy=0.000000
2023-11-08 14:39:31,377 [INFO]  Epoch[2] Batch [0-4]	Speed: 13713.18 samples/sec	cross-entropy=11.219692	max_x_extension7-accuracy=0.000000
2023-11-08 14:39:31,380 [INFO]  Epoch[2] Train-cross-entropy=9.677708
2023-11-08 14:39:31,380 [INFO]  Epoch[2] Train-max_x_extension7-accuracy=0.000000
2023-11-08 14:39:31,380 [INFO]  Epoch[2] Time cost=0.010
2023-11-08 14:39:31,382 [INFO]  Saved checkpoint to "./imputer_model/imputer_model_max_x_extension7/model-0002.params"
2023-11-08 14:39:31,382 [INFO]  Epoch[2] Validation-cross-entropy=53.736115
2023-11-08 14:39:31,383 [INFO]  Epoch[2] Validation-max_x_extension7-accuracy=0.000000
2023-11-08 14:39:31,388 [INFO]  Epoch[3] Batch [0-4]	Speed: 14119.26 samples/sec	cross-entropy=3.727009	max_x_extension7-accuracy=0.000000
2023-11-08 14:39:31,392 [INFO]  Epoch[3] Train-cross-entropy=3.399559
2023-11-08 14:39:31,392 [INFO]  Epoch[3] Train-max_x_extension7-accuracy=0.000000
2023-11-08 14:39:31,392 [INFO]  Epoch[3] Time cost=0.009
2023-11-08 14:39:31,393 [INFO]  Saved checkpoint to "./imputer_model/imputer_model_max_x_extension7/model-0003.params"
2023-11-08 14:39:31,394 [INFO]  Epoch[3] Validation-cross-entropy=37.033955
2023-11-08 14:39:31,394 [INFO]  Epoch[3] Validation-max_x_extension7-accuracy=0.000000
2023-11-08 14:39:31,399 [INFO]  Epoch[4] Batch [0-4]	Speed: 14565.93 samples/sec	cross-entropy=1.980385	max_x_extension7-accuracy=0.000000
2023-11-08 14:39:31,403 [INFO]  Epoch[4] Train-cross-entropy=1.593196
2023-11-08 14:39:31,403 [INFO]  Epoch[4] Train-max_x_extension7-accuracy=0.000000
2023-11-08 14:39:31,403 [INFO]  Epoch[4] Time cost=0.009
2023-11-08 14:39:31,404 [INFO]  Saved checkpoint to "./imputer_model/imputer_model_max_x_extension7/model-0004.params"
2023-11-08 14:39:31,405 [INFO]  Epoch[4] Validation-cross-entropy=34.740898
2023-11-08 14:39:31,405 [INFO]  Epoch[4] Validation-max_x_extension7-accuracy=0.000000
2023-11-08 14:39:31,405 [INFO]  
========== done (0.06618666648864746 s) fit model
2023-11-08 14:53:35,710 [INFO]  
========== start: fit model
2023-11-08 14:53:35,710 [WARNING]  Already bound, ignoring bind()
2023-11-08 14:53:35,721 [INFO]  Epoch[0] Batch [0-4]	Speed: 9585.95 samples/sec	cross-entropy=15.879628	max_x_extension7-accuracy=0.000000
2023-11-08 14:53:35,726 [INFO]  Epoch[0] Train-cross-entropy=23.818626
2023-11-08 14:53:35,726 [INFO]  Epoch[0] Train-max_x_extension7-accuracy=0.000000
2023-11-08 14:53:35,726 [INFO]  Epoch[0] Time cost=0.015
2023-11-08 14:53:35,730 [INFO]  Saved checkpoint to "./imputer_model/imputer_model_max_x_extension7/model-0000.params"
2023-11-08 14:53:35,730 [INFO]  Epoch[0] Validation-cross-entropy=71.356689
2023-11-08 14:53:35,730 [INFO]  Epoch[0] Validation-max_x_extension7-accuracy=0.000000
2023-11-08 14:53:35,737 [INFO]  Epoch[1] Batch [0-4]	Speed: 12081.35 samples/sec	cross-entropy=34.096253	max_x_extension7-accuracy=0.000000
2023-11-08 14:53:35,741 [INFO]  Epoch[1] Train-cross-entropy=37.273492
2023-11-08 14:53:35,741 [INFO]  Epoch[1] Train-max_x_extension7-accuracy=0.000000
2023-11-08 14:53:35,742 [INFO]  Epoch[1] Time cost=0.011
2023-11-08 14:53:35,744 [INFO]  Saved checkpoint to "./imputer_model/imputer_model_max_x_extension7/model-0001.params"
2023-11-08 14:53:35,744 [INFO]  Epoch[1] Validation-cross-entropy=12.004885
2023-11-08 14:53:35,744 [INFO]  Epoch[1] Validation-max_x_extension7-accuracy=0.000000
2023-11-08 14:53:35,750 [INFO]  Epoch[2] Batch [0-4]	Speed: 13717.38 samples/sec	cross-entropy=12.862870	max_x_extension7-accuracy=0.000000
2023-11-08 14:53:35,754 [INFO]  Epoch[2] Train-cross-entropy=11.560437
2023-11-08 14:53:35,754 [INFO]  Epoch[2] Train-max_x_extension7-accuracy=0.000000
2023-11-08 14:53:35,754 [INFO]  Epoch[2] Time cost=0.010
2023-11-08 14:53:35,756 [INFO]  Saved checkpoint to "./imputer_model/imputer_model_max_x_extension7/model-0002.params"
2023-11-08 14:53:35,756 [INFO]  Epoch[2] Validation-cross-entropy=47.760986
2023-11-08 14:53:35,756 [INFO]  Epoch[2] Validation-max_x_extension7-accuracy=0.000000
2023-11-08 14:53:35,762 [INFO]  Epoch[3] Batch [0-4]	Speed: 14172.19 samples/sec	cross-entropy=5.577231	max_x_extension7-accuracy=0.000000
2023-11-08 14:53:35,766 [INFO]  Epoch[3] Train-cross-entropy=5.066333
2023-11-08 14:53:35,766 [INFO]  Epoch[3] Train-max_x_extension7-accuracy=0.000000
2023-11-08 14:53:35,766 [INFO]  Epoch[3] Time cost=0.009
2023-11-08 14:53:35,767 [INFO]  Saved checkpoint to "./imputer_model/imputer_model_max_x_extension7/model-0003.params"
2023-11-08 14:53:35,768 [INFO]  Epoch[3] Validation-cross-entropy=20.364927
2023-11-08 14:53:35,768 [INFO]  Epoch[3] Validation-max_x_extension7-accuracy=0.000000
2023-11-08 14:53:35,773 [INFO]  Epoch[4] Batch [0-4]	Speed: 15331.28 samples/sec	cross-entropy=2.668133	max_x_extension7-accuracy=0.000000
2023-11-08 14:53:35,776 [INFO]  Epoch[4] Train-cross-entropy=2.289115
2023-11-08 14:53:35,777 [INFO]  Epoch[4] Train-max_x_extension7-accuracy=0.000000
2023-11-08 14:53:35,777 [INFO]  Epoch[4] Time cost=0.009
2023-11-08 14:53:35,778 [INFO]  Saved checkpoint to "./imputer_model/imputer_model_max_x_extension7/model-0004.params"
2023-11-08 14:53:35,779 [INFO]  Epoch[4] Validation-cross-entropy=16.140545
2023-11-08 14:53:35,779 [INFO]  Epoch[4] Validation-max_x_extension7-accuracy=0.000000
2023-11-08 14:53:35,779 [INFO]  
========== done (0.06862640380859375 s) fit model
