2024-04-01 19:28:56,163 [INFO]  
========== start: fit model
2024-04-01 19:28:56,166 [WARNING]  Already bound, ignoring bind()
2024-04-01 19:29:07,723 [INFO]  Epoch[0] Batch [0-10]	Speed: 15.78 samples/sec	cross-entropy=5.912464	Fresh-accuracy=4.727273
2024-04-01 19:29:16,856 [INFO]  Epoch[0] Train-cross-entropy=4.199129
2024-04-01 19:29:16,861 [INFO]  Epoch[0] Train-Fresh-accuracy=3.850000
2024-04-01 19:29:16,861 [INFO]  Epoch[0] Time cost=20.692
2024-04-01 19:29:16,868 [INFO]  Saved checkpoint to "./imputer_model/imputer_model_Fresh/model-0000.params"
2024-04-01 19:29:17,330 [INFO]  Epoch[0] Validation-cross-entropy=0.359467
2024-04-01 19:29:17,331 [INFO]  Epoch[0] Validation-Fresh-accuracy=0.000000
2024-04-01 19:29:28,455 [INFO]  Epoch[1] Batch [0-10]	Speed: 15.84 samples/sec	cross-entropy=0.610647	Fresh-accuracy=4.727273
2024-04-01 19:29:37,571 [INFO]  Epoch[1] Train-cross-entropy=0.456870
2024-04-01 19:29:37,572 [INFO]  Epoch[1] Train-Fresh-accuracy=3.850000
2024-04-01 19:29:37,572 [INFO]  Epoch[1] Time cost=20.241
2024-04-01 19:29:37,574 [INFO]  Saved checkpoint to "./imputer_model/imputer_model_Fresh/model-0001.params"
2024-04-01 19:29:38,179 [INFO]  Epoch[1] Validation-cross-entropy=0.130866
2024-04-01 19:29:38,180 [INFO]  Epoch[1] Validation-Fresh-accuracy=0.000000
2024-04-01 19:29:49,403 [INFO]  Epoch[2] Batch [0-10]	Speed: 15.70 samples/sec	cross-entropy=0.142957	Fresh-accuracy=4.727273
2024-04-01 19:29:56,735 [INFO]  Epoch[2] Train-cross-entropy=0.132546
2024-04-01 19:29:56,736 [INFO]  Epoch[2] Train-Fresh-accuracy=3.850000
2024-04-01 19:29:56,736 [INFO]  Epoch[2] Time cost=18.556
2024-04-01 19:29:56,738 [INFO]  Saved checkpoint to "./imputer_model/imputer_model_Fresh/model-0002.params"
2024-04-01 19:29:57,267 [INFO]  Epoch[2] Validation-cross-entropy=0.068473
2024-04-01 19:29:57,268 [INFO]  Epoch[2] Validation-Fresh-accuracy=0.000000
2024-04-01 19:30:08,555 [INFO]  Epoch[3] Batch [0-10]	Speed: 15.56 samples/sec	cross-entropy=0.089713	Fresh-accuracy=4.727273
2024-04-01 19:30:17,735 [INFO]  Epoch[3] Train-cross-entropy=0.090465
2024-04-01 19:30:17,736 [INFO]  Epoch[3] Train-Fresh-accuracy=3.850000
2024-04-01 19:30:17,736 [INFO]  Epoch[3] Time cost=20.467
2024-04-01 19:30:17,743 [INFO]  Saved checkpoint to "./imputer_model/imputer_model_Fresh/model-0003.params"
2024-04-01 19:30:18,279 [INFO]  Epoch[3] Validation-cross-entropy=0.085523
2024-04-01 19:30:18,279 [INFO]  Epoch[3] Validation-Fresh-accuracy=0.000000
2024-04-01 19:30:30,242 [INFO]  Epoch[4] Batch [0-10]	Speed: 14.67 samples/sec	cross-entropy=0.074787	Fresh-accuracy=4.727273
2024-04-01 19:30:39,799 [INFO]  Epoch[4] Train-cross-entropy=0.072451
2024-04-01 19:30:39,799 [INFO]  Epoch[4] Train-Fresh-accuracy=3.850000
2024-04-01 19:30:39,800 [INFO]  Epoch[4] Time cost=21.521
2024-04-01 19:30:39,801 [INFO]  Saved checkpoint to "./imputer_model/imputer_model_Fresh/model-0004.params"
2024-04-01 19:30:40,315 [INFO]  Epoch[4] Validation-cross-entropy=0.056210
2024-04-01 19:30:40,316 [INFO]  Epoch[4] Validation-Fresh-accuracy=0.000000
2024-04-01 19:30:40,316 [INFO]  
========== done (104.15274262428284 s) fit model
2024-04-01 19:36:29,738 [INFO]  
========== start: fit model
2024-04-01 19:36:29,738 [WARNING]  Already bound, ignoring bind()
2024-04-01 19:36:34,966 [INFO]  Epoch[0] Batch [0-10]	Speed: 33.21 samples/sec	cross-entropy=8.873768	Fresh-accuracy=3.545455
2024-04-01 19:36:39,997 [INFO]  Epoch[0] Train-cross-entropy=5.467658
2024-04-01 19:36:40,000 [INFO]  Epoch[0] Train-Fresh-accuracy=3.550000
2024-04-01 19:36:40,000 [INFO]  Epoch[0] Time cost=10.262
2024-04-01 19:36:40,002 [INFO]  Saved checkpoint to "./imputer_model/imputer_model_Fresh/model-0000.params"
2024-04-01 19:36:40,299 [INFO]  Epoch[0] Validation-cross-entropy=1.649995
2024-04-01 19:36:40,299 [INFO]  Epoch[0] Validation-Fresh-accuracy=0.000000
2024-04-01 19:36:44,672 [INFO]  Epoch[1] Batch [0-10]	Speed: 42.40 samples/sec	cross-entropy=3.535702	Fresh-accuracy=3.545455
2024-04-01 19:36:47,938 [INFO]  Epoch[1] Train-cross-entropy=2.129407
2024-04-01 19:36:47,939 [INFO]  Epoch[1] Train-Fresh-accuracy=3.550000
2024-04-01 19:36:47,939 [INFO]  Epoch[1] Time cost=7.640
2024-04-01 19:36:47,940 [INFO]  Saved checkpoint to "./imputer_model/imputer_model_Fresh/model-0001.params"
2024-04-01 19:36:48,219 [INFO]  Epoch[1] Validation-cross-entropy=0.747961
2024-04-01 19:36:48,219 [INFO]  Epoch[1] Validation-Fresh-accuracy=0.000000
2024-04-01 19:36:55,057 [INFO]  Epoch[2] Batch [0-10]	Speed: 25.44 samples/sec	cross-entropy=0.296034	Fresh-accuracy=3.545455
2024-04-01 19:36:58,546 [INFO]  Epoch[2] Train-cross-entropy=0.246994
2024-04-01 19:36:58,546 [INFO]  Epoch[2] Train-Fresh-accuracy=3.550000
2024-04-01 19:36:58,546 [INFO]  Epoch[2] Time cost=10.327
2024-04-01 19:36:58,547 [INFO]  Saved checkpoint to "./imputer_model/imputer_model_Fresh/model-0002.params"
2024-04-01 19:36:58,839 [INFO]  Epoch[2] Validation-cross-entropy=0.158697
2024-04-01 19:36:58,839 [INFO]  Epoch[2] Validation-Fresh-accuracy=0.000000
2024-04-01 19:37:03,655 [INFO]  Epoch[3] Batch [0-10]	Speed: 37.81 samples/sec	cross-entropy=0.158822	Fresh-accuracy=3.545455
2024-04-01 19:37:08,822 [INFO]  Epoch[3] Train-cross-entropy=0.133543
2024-04-01 19:37:08,823 [INFO]  Epoch[3] Train-Fresh-accuracy=3.550000
2024-04-01 19:37:08,823 [INFO]  Epoch[3] Time cost=9.984
2024-04-01 19:37:08,825 [INFO]  Saved checkpoint to "./imputer_model/imputer_model_Fresh/model-0003.params"
2024-04-01 19:37:09,429 [INFO]  Epoch[3] Validation-cross-entropy=0.191489
2024-04-01 19:37:09,429 [INFO]  Epoch[3] Validation-Fresh-accuracy=0.000000
2024-04-01 19:37:15,388 [INFO]  Epoch[4] Batch [0-10]	Speed: 29.60 samples/sec	cross-entropy=0.094235	Fresh-accuracy=3.545455
2024-04-01 19:37:19,703 [INFO]  Epoch[4] Train-cross-entropy=0.098252
2024-04-01 19:37:19,703 [INFO]  Epoch[4] Train-Fresh-accuracy=3.550000
2024-04-01 19:37:19,703 [INFO]  Epoch[4] Time cost=10.274
2024-04-01 19:37:19,705 [INFO]  Saved checkpoint to "./imputer_model/imputer_model_Fresh/model-0004.params"
2024-04-01 19:37:20,099 [INFO]  Epoch[4] Validation-cross-entropy=0.208399
2024-04-01 19:37:20,099 [INFO]  Epoch[4] Validation-Fresh-accuracy=0.000000
2024-04-01 19:37:20,099 [INFO]  
========== done (50.3612585067749 s) fit model
2024-04-01 19:42:39,299 [INFO]  
========== start: fit model
2024-04-01 19:42:39,299 [WARNING]  Already bound, ignoring bind()
2024-04-01 19:42:43,877 [INFO]  Epoch[0] Batch [0-10]	Speed: 43.74 samples/sec	cross-entropy=7.378354	Fresh-accuracy=3.363636
2024-04-01 19:42:46,964 [INFO]  Epoch[0] Train-cross-entropy=7.006808
2024-04-01 19:42:46,964 [INFO]  Epoch[0] Train-Fresh-accuracy=3.550000
2024-04-01 19:42:46,964 [INFO]  Epoch[0] Time cost=7.664
2024-04-01 19:42:46,965 [INFO]  Saved checkpoint to "./imputer_model/imputer_model_Fresh/model-0000.params"
2024-04-01 19:42:47,362 [INFO]  Epoch[0] Validation-cross-entropy=1.209238
2024-04-01 19:42:47,362 [INFO]  Epoch[0] Validation-Fresh-accuracy=0.000000
2024-04-01 19:42:53,913 [INFO]  Epoch[1] Batch [0-10]	Speed: 27.11 samples/sec	cross-entropy=1.404274	Fresh-accuracy=3.363636
2024-04-01 19:42:58,935 [INFO]  Epoch[1] Train-cross-entropy=1.313024
2024-04-01 19:42:58,939 [INFO]  Epoch[1] Train-Fresh-accuracy=3.550000
2024-04-01 19:42:58,939 [INFO]  Epoch[1] Time cost=11.577
2024-04-01 19:42:58,942 [INFO]  Saved checkpoint to "./imputer_model/imputer_model_Fresh/model-0001.params"
2024-04-01 19:42:59,291 [INFO]  Epoch[1] Validation-cross-entropy=0.639320
2024-04-01 19:42:59,291 [INFO]  Epoch[1] Validation-Fresh-accuracy=0.000000
2024-04-01 19:43:05,425 [INFO]  Epoch[2] Batch [0-10]	Speed: 29.10 samples/sec	cross-entropy=0.436806	Fresh-accuracy=3.363636
2024-04-01 19:43:10,773 [INFO]  Epoch[2] Train-cross-entropy=0.414363
2024-04-01 19:43:10,774 [INFO]  Epoch[2] Train-Fresh-accuracy=3.550000
2024-04-01 19:43:10,774 [INFO]  Epoch[2] Time cost=11.483
2024-04-01 19:43:10,776 [INFO]  Saved checkpoint to "./imputer_model/imputer_model_Fresh/model-0002.params"
2024-04-01 19:43:11,119 [INFO]  Epoch[2] Validation-cross-entropy=0.266886
2024-04-01 19:43:11,120 [INFO]  Epoch[2] Validation-Fresh-accuracy=0.000000
2024-04-01 19:43:17,715 [INFO]  Epoch[3] Batch [0-10]	Speed: 27.10 samples/sec	cross-entropy=0.188365	Fresh-accuracy=3.363636
2024-04-01 19:43:21,607 [INFO]  Epoch[3] Train-cross-entropy=0.167513
2024-04-01 19:43:21,607 [INFO]  Epoch[3] Train-Fresh-accuracy=3.550000
2024-04-01 19:43:21,607 [INFO]  Epoch[3] Time cost=10.487
2024-04-01 19:43:21,608 [INFO]  Saved checkpoint to "./imputer_model/imputer_model_Fresh/model-0003.params"
2024-04-01 19:43:21,960 [INFO]  Epoch[3] Validation-cross-entropy=0.135148
2024-04-01 19:43:21,960 [INFO]  Epoch[3] Validation-Fresh-accuracy=0.000000
2024-04-01 19:43:29,207 [INFO]  Epoch[4] Batch [0-10]	Speed: 24.30 samples/sec	cross-entropy=0.106393	Fresh-accuracy=3.363636
2024-04-01 19:43:35,567 [INFO]  Epoch[4] Train-cross-entropy=0.102824
2024-04-01 19:43:35,567 [INFO]  Epoch[4] Train-Fresh-accuracy=3.550000
2024-04-01 19:43:35,567 [INFO]  Epoch[4] Time cost=13.607
2024-04-01 19:43:35,569 [INFO]  Saved checkpoint to "./imputer_model/imputer_model_Fresh/model-0004.params"
2024-04-01 19:43:35,900 [INFO]  Epoch[4] Validation-cross-entropy=0.119991
2024-04-01 19:43:35,900 [INFO]  Epoch[4] Validation-Fresh-accuracy=0.000000
2024-04-01 19:43:35,900 [INFO]  
========== done (56.60123109817505 s) fit model
2024-04-01 19:49:16,640 [INFO]  
========== start: fit model
2024-04-01 19:49:16,641 [WARNING]  Already bound, ignoring bind()
2024-04-01 19:49:21,830 [INFO]  Epoch[0] Batch [0-10]	Speed: 33.00 samples/sec	cross-entropy=13.085991	Fresh-accuracy=0.000000
2024-04-01 19:49:28,513 [INFO]  Epoch[0] Train-cross-entropy=8.840268
2024-04-01 19:49:28,513 [INFO]  Epoch[0] Train-Fresh-accuracy=0.000000
2024-04-01 19:49:28,513 [INFO]  Epoch[0] Time cost=11.871
2024-04-01 19:49:28,515 [INFO]  Saved checkpoint to "./imputer_model/imputer_model_Fresh/model-0000.params"
2024-04-01 19:49:28,903 [INFO]  Epoch[0] Validation-cross-entropy=0.561432
2024-04-01 19:49:28,903 [INFO]  Epoch[0] Validation-Fresh-accuracy=0.000000
2024-04-01 19:49:34,115 [INFO]  Epoch[1] Batch [0-10]	Speed: 31.33 samples/sec	cross-entropy=1.889483	Fresh-accuracy=0.000000
2024-04-01 19:49:36,820 [INFO]  Epoch[1] Train-cross-entropy=1.254180
2024-04-01 19:49:36,820 [INFO]  Epoch[1] Train-Fresh-accuracy=0.000000
2024-04-01 19:49:36,820 [INFO]  Epoch[1] Time cost=7.917
2024-04-01 19:49:36,823 [INFO]  Saved checkpoint to "./imputer_model/imputer_model_Fresh/model-0001.params"
2024-04-01 19:49:37,155 [INFO]  Epoch[1] Validation-cross-entropy=0.915808
2024-04-01 19:49:37,155 [INFO]  Epoch[1] Validation-Fresh-accuracy=0.000000
2024-04-01 19:49:44,882 [INFO]  Epoch[2] Batch [0-10]	Speed: 23.61 samples/sec	cross-entropy=0.697903	Fresh-accuracy=0.000000
2024-04-01 19:49:49,527 [INFO]  Epoch[2] Train-cross-entropy=0.494587
2024-04-01 19:49:49,527 [INFO]  Epoch[2] Train-Fresh-accuracy=0.000000
2024-04-01 19:49:49,527 [INFO]  Epoch[2] Time cost=12.372
2024-04-01 19:49:49,529 [INFO]  Saved checkpoint to "./imputer_model/imputer_model_Fresh/model-0002.params"
2024-04-01 19:49:49,831 [INFO]  Epoch[2] Validation-cross-entropy=0.260111
2024-04-01 19:49:49,831 [INFO]  Epoch[2] Validation-Fresh-accuracy=0.000000
2024-04-01 19:49:54,368 [INFO]  Epoch[3] Batch [0-10]	Speed: 40.00 samples/sec	cross-entropy=0.316816	Fresh-accuracy=0.000000
2024-04-01 19:49:56,028 [INFO]  Epoch[3] Train-cross-entropy=0.208720
2024-04-01 19:49:56,028 [INFO]  Epoch[3] Train-Fresh-accuracy=0.000000
2024-04-01 19:49:56,028 [INFO]  Epoch[3] Time cost=6.197
2024-04-01 19:49:56,034 [INFO]  Saved checkpoint to "./imputer_model/imputer_model_Fresh/model-0003.params"
2024-04-01 19:49:56,335 [INFO]  Epoch[3] Validation-cross-entropy=0.088221
2024-04-01 19:49:56,335 [INFO]  Epoch[3] Validation-Fresh-accuracy=0.000000
2024-04-01 19:50:02,857 [INFO]  Epoch[4] Batch [0-10]	Speed: 27.12 samples/sec	cross-entropy=0.142153	Fresh-accuracy=0.000000
2024-04-01 19:50:09,003 [INFO]  Epoch[4] Train-cross-entropy=0.115408
2024-04-01 19:50:09,003 [INFO]  Epoch[4] Train-Fresh-accuracy=0.000000
2024-04-01 19:50:09,003 [INFO]  Epoch[4] Time cost=12.668
2024-04-01 19:50:09,005 [INFO]  Saved checkpoint to "./imputer_model/imputer_model_Fresh/model-0004.params"
2024-04-01 19:50:09,343 [INFO]  Epoch[4] Validation-cross-entropy=0.089657
2024-04-01 19:50:09,343 [INFO]  Epoch[4] Validation-Fresh-accuracy=0.000000
2024-04-01 19:50:09,343 [INFO]  
========== done (52.702473640441895 s) fit model
2024-04-01 19:55:31,124 [INFO]  
========== start: fit model
2024-04-01 19:55:31,124 [WARNING]  Already bound, ignoring bind()
2024-04-01 19:55:36,702 [INFO]  Epoch[0] Batch [0-10]	Speed: 34.06 samples/sec	cross-entropy=8.545998	Fresh-accuracy=3.181818
2024-04-01 19:55:42,930 [INFO]  Epoch[0] Train-cross-entropy=6.910870
2024-04-01 19:55:42,931 [INFO]  Epoch[0] Train-Fresh-accuracy=3.250000
2024-04-01 19:55:42,931 [INFO]  Epoch[0] Time cost=11.805
2024-04-01 19:55:42,932 [INFO]  Saved checkpoint to "./imputer_model/imputer_model_Fresh/model-0000.params"
2024-04-01 19:55:43,478 [INFO]  Epoch[0] Validation-cross-entropy=0.547307
2024-04-01 19:55:43,478 [INFO]  Epoch[0] Validation-Fresh-accuracy=0.000000
2024-04-01 19:55:47,780 [INFO]  Epoch[1] Batch [0-10]	Speed: 46.55 samples/sec	cross-entropy=0.891328	Fresh-accuracy=3.181818
2024-04-01 19:55:53,600 [INFO]  Epoch[1] Train-cross-entropy=0.811503
2024-04-01 19:55:53,600 [INFO]  Epoch[1] Train-Fresh-accuracy=3.250000
2024-04-01 19:55:53,600 [INFO]  Epoch[1] Time cost=10.122
2024-04-01 19:55:53,602 [INFO]  Saved checkpoint to "./imputer_model/imputer_model_Fresh/model-0001.params"
2024-04-01 19:55:53,977 [INFO]  Epoch[1] Validation-cross-entropy=0.484769
2024-04-01 19:55:53,977 [INFO]  Epoch[1] Validation-Fresh-accuracy=0.000000
2024-04-01 19:56:01,411 [INFO]  Epoch[2] Batch [0-10]	Speed: 23.73 samples/sec	cross-entropy=0.462553	Fresh-accuracy=3.181818
2024-04-01 19:56:08,102 [INFO]  Epoch[2] Train-cross-entropy=0.414526
2024-04-01 19:56:08,102 [INFO]  Epoch[2] Train-Fresh-accuracy=3.250000
2024-04-01 19:56:08,103 [INFO]  Epoch[2] Time cost=14.126
2024-04-01 19:56:08,104 [INFO]  Saved checkpoint to "./imputer_model/imputer_model_Fresh/model-0002.params"
2024-04-01 19:56:08,493 [INFO]  Epoch[2] Validation-cross-entropy=0.244704
2024-04-01 19:56:08,493 [INFO]  Epoch[2] Validation-Fresh-accuracy=0.000000
2024-04-01 19:56:15,263 [INFO]  Epoch[3] Batch [0-10]	Speed: 27.30 samples/sec	cross-entropy=0.263605	Fresh-accuracy=3.181818
2024-04-01 19:56:21,419 [INFO]  Epoch[3] Train-cross-entropy=0.224388
2024-04-01 19:56:21,419 [INFO]  Epoch[3] Train-Fresh-accuracy=3.250000
2024-04-01 19:56:21,419 [INFO]  Epoch[3] Time cost=12.927
2024-04-01 19:56:21,421 [INFO]  Saved checkpoint to "./imputer_model/imputer_model_Fresh/model-0003.params"
2024-04-01 19:56:21,820 [INFO]  Epoch[3] Validation-cross-entropy=0.080033
2024-04-01 19:56:21,821 [INFO]  Epoch[3] Validation-Fresh-accuracy=0.000000
2024-04-01 19:56:29,084 [INFO]  Epoch[4] Batch [0-10]	Speed: 24.83 samples/sec	cross-entropy=0.173997	Fresh-accuracy=3.181818
2024-04-01 19:56:35,551 [INFO]  Epoch[4] Train-cross-entropy=0.142043
2024-04-01 19:56:35,551 [INFO]  Epoch[4] Train-Fresh-accuracy=3.250000
2024-04-01 19:56:35,551 [INFO]  Epoch[4] Time cost=13.730
2024-04-01 19:56:35,552 [INFO]  Saved checkpoint to "./imputer_model/imputer_model_Fresh/model-0004.params"
2024-04-01 19:56:35,873 [INFO]  Epoch[4] Validation-cross-entropy=0.073567
2024-04-01 19:56:35,873 [INFO]  Epoch[4] Validation-Fresh-accuracy=0.000000
2024-04-01 19:56:35,873 [INFO]  
========== done (64.7492790222168 s) fit model
2024-04-01 20:02:31,927 [INFO]  
========== start: fit model
2024-04-01 20:02:31,927 [WARNING]  Already bound, ignoring bind()
2024-04-01 20:02:39,467 [INFO]  Epoch[0] Batch [0-10]	Speed: 24.57 samples/sec	cross-entropy=5.396877	Fresh-accuracy=3.727273
2024-04-01 20:02:43,492 [INFO]  Epoch[0] Train-cross-entropy=5.609734
2024-04-01 20:02:43,492 [INFO]  Epoch[0] Train-Fresh-accuracy=3.650000
2024-04-01 20:02:43,492 [INFO]  Epoch[0] Time cost=11.565
2024-04-01 20:02:43,494 [INFO]  Saved checkpoint to "./imputer_model/imputer_model_Fresh/model-0000.params"
2024-04-01 20:02:43,783 [INFO]  Epoch[0] Validation-cross-entropy=10.381871
2024-04-01 20:02:43,783 [INFO]  Epoch[0] Validation-Fresh-accuracy=0.000000
2024-04-01 20:02:50,397 [INFO]  Epoch[1] Batch [0-10]	Speed: 26.78 samples/sec	cross-entropy=0.489183	Fresh-accuracy=3.727273
2024-04-01 20:02:56,455 [INFO]  Epoch[1] Train-cross-entropy=0.540122
2024-04-01 20:02:56,455 [INFO]  Epoch[1] Train-Fresh-accuracy=3.650000
2024-04-01 20:02:56,455 [INFO]  Epoch[1] Time cost=12.672
2024-04-01 20:02:56,460 [INFO]  Saved checkpoint to "./imputer_model/imputer_model_Fresh/model-0001.params"
2024-04-01 20:02:56,692 [INFO]  Epoch[1] Validation-cross-entropy=0.460823
2024-04-01 20:02:56,692 [INFO]  Epoch[1] Validation-Fresh-accuracy=0.000000
2024-04-01 20:03:02,971 [INFO]  Epoch[2] Batch [0-10]	Speed: 25.49 samples/sec	cross-entropy=0.326414	Fresh-accuracy=3.727273
2024-04-01 20:03:08,120 [INFO]  Epoch[2] Train-cross-entropy=0.323979
2024-04-01 20:03:08,120 [INFO]  Epoch[2] Train-Fresh-accuracy=3.650000
2024-04-01 20:03:08,120 [INFO]  Epoch[2] Time cost=11.428
2024-04-01 20:03:08,124 [INFO]  Saved checkpoint to "./imputer_model/imputer_model_Fresh/model-0002.params"
2024-04-01 20:03:08,515 [INFO]  Epoch[2] Validation-cross-entropy=0.106578
2024-04-01 20:03:08,515 [INFO]  Epoch[2] Validation-Fresh-accuracy=0.000000
2024-04-01 20:03:15,932 [INFO]  Epoch[3] Batch [0-10]	Speed: 23.55 samples/sec	cross-entropy=0.123423	Fresh-accuracy=3.727273
2024-04-01 20:03:22,111 [INFO]  Epoch[3] Train-cross-entropy=0.119586
2024-04-01 20:03:22,111 [INFO]  Epoch[3] Train-Fresh-accuracy=3.650000
2024-04-01 20:03:22,111 [INFO]  Epoch[3] Time cost=13.596
2024-04-01 20:03:22,115 [INFO]  Saved checkpoint to "./imputer_model/imputer_model_Fresh/model-0003.params"
2024-04-01 20:03:22,447 [INFO]  Epoch[3] Validation-cross-entropy=0.229170
2024-04-01 20:03:22,447 [INFO]  Epoch[3] Validation-Fresh-accuracy=0.000000
2024-04-01 20:03:29,151 [INFO]  Epoch[4] Batch [0-10]	Speed: 26.61 samples/sec	cross-entropy=0.072584	Fresh-accuracy=3.727273
2024-04-01 20:03:35,426 [INFO]  Epoch[4] Train-cross-entropy=0.081909
2024-04-01 20:03:35,427 [INFO]  Epoch[4] Train-Fresh-accuracy=3.650000
2024-04-01 20:03:35,427 [INFO]  Epoch[4] Time cost=12.980
2024-04-01 20:03:35,428 [INFO]  Saved checkpoint to "./imputer_model/imputer_model_Fresh/model-0004.params"
2024-04-01 20:03:35,754 [INFO]  Epoch[4] Validation-cross-entropy=0.183639
2024-04-01 20:03:35,754 [INFO]  Epoch[4] Validation-Fresh-accuracy=0.000000
2024-04-01 20:03:35,754 [INFO]  
========== done (63.82736015319824 s) fit model
2024-04-01 20:08:57,223 [INFO]  
========== start: fit model
2024-04-01 20:08:57,224 [WARNING]  Already bound, ignoring bind()
2024-04-01 20:09:03,698 [INFO]  Epoch[0] Batch [0-10]	Speed: 28.01 samples/sec	cross-entropy=13.486569	Fresh-accuracy=3.363636
2024-04-01 20:09:07,304 [INFO]  Epoch[0] Train-cross-entropy=9.228604
2024-04-01 20:09:07,304 [INFO]  Epoch[0] Train-Fresh-accuracy=3.150000
2024-04-01 20:09:07,304 [INFO]  Epoch[0] Time cost=10.080
2024-04-01 20:09:07,306 [INFO]  Saved checkpoint to "./imputer_model/imputer_model_Fresh/model-0000.params"
2024-04-01 20:09:07,543 [INFO]  Epoch[0] Validation-cross-entropy=1.548362
2024-04-01 20:09:07,543 [INFO]  Epoch[0] Validation-Fresh-accuracy=0.000000
2024-04-01 20:09:14,279 [INFO]  Epoch[1] Batch [0-10]	Speed: 23.77 samples/sec	cross-entropy=3.211700	Fresh-accuracy=3.363636
2024-04-01 20:09:17,140 [INFO]  Epoch[1] Train-cross-entropy=2.065159
2024-04-01 20:09:17,140 [INFO]  Epoch[1] Train-Fresh-accuracy=3.150000
2024-04-01 20:09:17,140 [INFO]  Epoch[1] Time cost=9.597
2024-04-01 20:09:17,143 [INFO]  Saved checkpoint to "./imputer_model/imputer_model_Fresh/model-0001.params"
2024-04-01 20:09:17,456 [INFO]  Epoch[1] Validation-cross-entropy=0.613205
2024-04-01 20:09:17,456 [INFO]  Epoch[1] Validation-Fresh-accuracy=0.000000
2024-04-01 20:09:23,919 [INFO]  Epoch[2] Batch [0-10]	Speed: 27.38 samples/sec	cross-entropy=0.841989	Fresh-accuracy=3.363636
2024-04-01 20:09:27,382 [INFO]  Epoch[2] Train-cross-entropy=0.631687
2024-04-01 20:09:27,383 [INFO]  Epoch[2] Train-Fresh-accuracy=3.150000
2024-04-01 20:09:27,383 [INFO]  Epoch[2] Time cost=9.927
2024-04-01 20:09:27,384 [INFO]  Saved checkpoint to "./imputer_model/imputer_model_Fresh/model-0002.params"
2024-04-01 20:09:27,847 [INFO]  Epoch[2] Validation-cross-entropy=0.347970
2024-04-01 20:09:27,847 [INFO]  Epoch[2] Validation-Fresh-accuracy=0.000000
2024-04-01 20:09:33,767 [INFO]  Epoch[3] Batch [0-10]	Speed: 30.59 samples/sec	cross-entropy=0.313001	Fresh-accuracy=3.363636
2024-04-01 20:09:39,198 [INFO]  Epoch[3] Train-cross-entropy=0.258382
2024-04-01 20:09:39,199 [INFO]  Epoch[3] Train-Fresh-accuracy=3.150000
2024-04-01 20:09:39,199 [INFO]  Epoch[3] Time cost=11.352
2024-04-01 20:09:39,200 [INFO]  Saved checkpoint to "./imputer_model/imputer_model_Fresh/model-0003.params"
2024-04-01 20:09:39,279 [INFO]  Epoch[3] Validation-cross-entropy=0.199874
2024-04-01 20:09:39,279 [INFO]  Epoch[3] Validation-Fresh-accuracy=0.000000
2024-04-01 20:09:44,110 [INFO]  Epoch[4] Batch [0-10]	Speed: 38.06 samples/sec	cross-entropy=0.160375	Fresh-accuracy=3.363636
2024-04-01 20:09:50,026 [INFO]  Epoch[4] Train-cross-entropy=0.143716
2024-04-01 20:09:50,027 [INFO]  Epoch[4] Train-Fresh-accuracy=3.150000
2024-04-01 20:09:50,027 [INFO]  Epoch[4] Time cost=10.747
2024-04-01 20:09:50,028 [INFO]  Saved checkpoint to "./imputer_model/imputer_model_Fresh/model-0004.params"
2024-04-01 20:09:50,355 [INFO]  Epoch[4] Validation-cross-entropy=0.162830
2024-04-01 20:09:50,355 [INFO]  Epoch[4] Validation-Fresh-accuracy=0.000000
2024-04-01 20:09:50,355 [INFO]  
========== done (53.13154435157776 s) fit model
2024-04-01 20:15:12,419 [INFO]  
========== start: fit model
2024-04-01 20:15:12,420 [WARNING]  Already bound, ignoring bind()
2024-04-01 20:15:19,749 [INFO]  Epoch[0] Batch [0-10]	Speed: 22.81 samples/sec	cross-entropy=6.646994	Fresh-accuracy=0.000000
2024-04-01 20:15:24,534 [INFO]  Epoch[0] Train-cross-entropy=4.331738
2024-04-01 20:15:24,535 [INFO]  Epoch[0] Train-Fresh-accuracy=0.000000
2024-04-01 20:15:24,535 [INFO]  Epoch[0] Time cost=12.113
2024-04-01 20:15:24,536 [INFO]  Saved checkpoint to "./imputer_model/imputer_model_Fresh/model-0000.params"
2024-04-01 20:15:24,871 [INFO]  Epoch[0] Validation-cross-entropy=0.625600
2024-04-01 20:15:24,871 [INFO]  Epoch[0] Validation-Fresh-accuracy=0.000000
2024-04-01 20:15:30,619 [INFO]  Epoch[1] Batch [0-10]	Speed: 31.04 samples/sec	cross-entropy=0.998128	Fresh-accuracy=0.000000
2024-04-01 20:15:33,713 [INFO]  Epoch[1] Train-cross-entropy=0.700193
2024-04-01 20:15:33,713 [INFO]  Epoch[1] Train-Fresh-accuracy=0.000000
2024-04-01 20:15:33,713 [INFO]  Epoch[1] Time cost=8.842
2024-04-01 20:15:33,714 [INFO]  Saved checkpoint to "./imputer_model/imputer_model_Fresh/model-0001.params"
2024-04-01 20:15:34,033 [INFO]  Epoch[1] Validation-cross-entropy=0.252083
2024-04-01 20:15:34,034 [INFO]  Epoch[1] Validation-Fresh-accuracy=0.000000
2024-04-01 20:15:40,195 [INFO]  Epoch[2] Batch [0-10]	Speed: 28.86 samples/sec	cross-entropy=0.364758	Fresh-accuracy=0.000000
2024-04-01 20:15:45,082 [INFO]  Epoch[2] Train-cross-entropy=0.265944
2024-04-01 20:15:45,083 [INFO]  Epoch[2] Train-Fresh-accuracy=0.000000
2024-04-01 20:15:45,083 [INFO]  Epoch[2] Time cost=11.049
2024-04-01 20:15:45,090 [INFO]  Saved checkpoint to "./imputer_model/imputer_model_Fresh/model-0002.params"
2024-04-01 20:15:45,391 [INFO]  Epoch[2] Validation-cross-entropy=0.192225
2024-04-01 20:15:45,391 [INFO]  Epoch[2] Validation-Fresh-accuracy=0.000000
2024-04-01 20:15:51,987 [INFO]  Epoch[3] Batch [0-10]	Speed: 26.58 samples/sec	cross-entropy=0.255024	Fresh-accuracy=0.000000
2024-04-01 20:15:57,167 [INFO]  Epoch[3] Train-cross-entropy=0.210660
2024-04-01 20:15:57,167 [INFO]  Epoch[3] Train-Fresh-accuracy=0.000000
2024-04-01 20:15:57,167 [INFO]  Epoch[3] Time cost=11.776
2024-04-01 20:15:57,168 [INFO]  Saved checkpoint to "./imputer_model/imputer_model_Fresh/model-0003.params"
2024-04-01 20:15:57,491 [INFO]  Epoch[3] Validation-cross-entropy=0.163781
2024-04-01 20:15:57,491 [INFO]  Epoch[3] Validation-Fresh-accuracy=0.000000
2024-04-01 20:16:03,233 [INFO]  Epoch[4] Batch [0-10]	Speed: 31.27 samples/sec	cross-entropy=0.165234	Fresh-accuracy=0.000000
2024-04-01 20:16:06,267 [INFO]  Epoch[4] Train-cross-entropy=0.146582
2024-04-01 20:16:06,267 [INFO]  Epoch[4] Train-Fresh-accuracy=0.000000
2024-04-01 20:16:06,267 [INFO]  Epoch[4] Time cost=8.776
2024-04-01 20:16:06,269 [INFO]  Saved checkpoint to "./imputer_model/imputer_model_Fresh/model-0004.params"
2024-04-01 20:16:06,607 [INFO]  Epoch[4] Validation-cross-entropy=0.095289
2024-04-01 20:16:06,607 [INFO]  Epoch[4] Validation-Fresh-accuracy=0.000000
2024-04-01 20:16:06,607 [INFO]  
========== done (54.1874520778656 s) fit model
2024-04-01 20:21:29,524 [INFO]  
========== start: fit model
2024-04-01 20:21:29,524 [WARNING]  Already bound, ignoring bind()
2024-04-01 20:21:33,559 [INFO]  Epoch[0] Batch [0-10]	Speed: 48.49 samples/sec	cross-entropy=12.011721	Fresh-accuracy=0.000000
2024-04-01 20:21:34,844 [INFO]  Epoch[0] Train-cross-entropy=7.100375
2024-04-01 20:21:34,844 [INFO]  Epoch[0] Train-Fresh-accuracy=0.000000
2024-04-01 20:21:34,844 [INFO]  Epoch[0] Time cost=5.319
2024-04-01 20:21:34,845 [INFO]  Saved checkpoint to "./imputer_model/imputer_model_Fresh/model-0000.params"
2024-04-01 20:21:34,846 [INFO]  Epoch[0] Validation-cross-entropy=1.887168
2024-04-01 20:21:34,846 [INFO]  Epoch[0] Validation-Fresh-accuracy=0.000000
2024-04-01 20:21:39,114 [INFO]  Epoch[1] Batch [0-10]	Speed: 42.93 samples/sec	cross-entropy=1.123571	Fresh-accuracy=0.000000
2024-04-01 20:21:44,939 [INFO]  Epoch[1] Train-cross-entropy=0.886648
2024-04-01 20:21:44,939 [INFO]  Epoch[1] Train-Fresh-accuracy=0.000000
2024-04-01 20:21:44,939 [INFO]  Epoch[1] Time cost=10.092
2024-04-01 20:21:44,950 [INFO]  Saved checkpoint to "./imputer_model/imputer_model_Fresh/model-0001.params"
2024-04-01 20:21:45,271 [INFO]  Epoch[1] Validation-cross-entropy=0.423184
2024-04-01 20:21:45,271 [INFO]  Epoch[1] Validation-Fresh-accuracy=0.000000
2024-04-01 20:21:51,123 [INFO]  Epoch[2] Batch [0-10]	Speed: 27.40 samples/sec	cross-entropy=0.632221	Fresh-accuracy=0.000000
2024-04-01 20:21:56,403 [INFO]  Epoch[2] Train-cross-entropy=0.477140
2024-04-01 20:21:56,403 [INFO]  Epoch[2] Train-Fresh-accuracy=0.000000
2024-04-01 20:21:56,403 [INFO]  Epoch[2] Time cost=11.132
2024-04-01 20:21:56,405 [INFO]  Saved checkpoint to "./imputer_model/imputer_model_Fresh/model-0002.params"
2024-04-01 20:21:56,737 [INFO]  Epoch[2] Validation-cross-entropy=0.228764
2024-04-01 20:21:56,738 [INFO]  Epoch[2] Validation-Fresh-accuracy=0.000000
2024-04-01 20:22:03,943 [INFO]  Epoch[3] Batch [0-10]	Speed: 24.29 samples/sec	cross-entropy=0.481965	Fresh-accuracy=0.000000
2024-04-01 20:22:07,142 [INFO]  Epoch[3] Train-cross-entropy=0.351431
2024-04-01 20:22:07,143 [INFO]  Epoch[3] Train-Fresh-accuracy=0.000000
2024-04-01 20:22:07,143 [INFO]  Epoch[3] Time cost=10.405
2024-04-01 20:22:07,144 [INFO]  Saved checkpoint to "./imputer_model/imputer_model_Fresh/model-0003.params"
2024-04-01 20:22:07,438 [INFO]  Epoch[3] Validation-cross-entropy=0.533633
2024-04-01 20:22:07,439 [INFO]  Epoch[3] Validation-Fresh-accuracy=0.000000
2024-04-01 20:22:12,696 [INFO]  Epoch[4] Batch [0-10]	Speed: 34.19 samples/sec	cross-entropy=0.661232	Fresh-accuracy=0.000000
2024-04-01 20:22:16,723 [INFO]  Epoch[4] Train-cross-entropy=0.475546
2024-04-01 20:22:16,723 [INFO]  Epoch[4] Train-Fresh-accuracy=0.000000
2024-04-01 20:22:16,723 [INFO]  Epoch[4] Time cost=9.284
2024-04-01 20:22:16,725 [INFO]  Saved checkpoint to "./imputer_model/imputer_model_Fresh/model-0004.params"
2024-04-01 20:22:17,255 [INFO]  Epoch[4] Validation-cross-entropy=0.609602
2024-04-01 20:22:17,255 [INFO]  Epoch[4] Validation-Fresh-accuracy=0.000000
2024-04-01 20:22:17,255 [INFO]  
========== done (47.73127794265747 s) fit model
2024-04-01 20:23:49,865 [INFO]  
========== start: fit model
2024-04-01 20:23:49,865 [WARNING]  Already bound, ignoring bind()
2024-04-01 20:23:53,382 [INFO]  Epoch[0] Batch [0-10]	Speed: 58.41 samples/sec	cross-entropy=14.753684	Fresh-accuracy=3.181818
2024-04-01 20:23:57,188 [INFO]  Epoch[0] Train-cross-entropy=9.366561
2024-04-01 20:23:57,189 [INFO]  Epoch[0] Train-Fresh-accuracy=3.400000
2024-04-01 20:23:57,189 [INFO]  Epoch[0] Time cost=7.323
2024-04-01 20:23:57,190 [INFO]  Saved checkpoint to "./imputer_model/imputer_model_Fresh/model-0000.params"
2024-04-01 20:23:57,423 [INFO]  Epoch[0] Validation-cross-entropy=1.607689
2024-04-01 20:23:57,423 [INFO]  Epoch[0] Validation-Fresh-accuracy=0.000000
2024-04-01 20:23:59,470 [INFO]  Epoch[1] Batch [0-10]	Speed: 85.01 samples/sec	cross-entropy=4.402585	Fresh-accuracy=3.181818
2024-04-01 20:24:00,283 [INFO]  Epoch[1] Train-cross-entropy=2.703803
2024-04-01 20:24:00,283 [INFO]  Epoch[1] Train-Fresh-accuracy=3.400000
2024-04-01 20:24:00,283 [INFO]  Epoch[1] Time cost=2.861
2024-04-01 20:24:00,285 [INFO]  Saved checkpoint to "./imputer_model/imputer_model_Fresh/model-0001.params"
2024-04-01 20:24:00,403 [INFO]  Epoch[1] Validation-cross-entropy=0.287806
2024-04-01 20:24:00,403 [INFO]  Epoch[1] Validation-Fresh-accuracy=0.000000
2024-04-01 20:24:02,498 [INFO]  Epoch[2] Batch [0-10]	Speed: 79.55 samples/sec	cross-entropy=0.626704	Fresh-accuracy=3.181818
2024-04-01 20:24:02,890 [INFO]  Epoch[2] Train-cross-entropy=0.530480
2024-04-01 20:24:02,890 [INFO]  Epoch[2] Train-Fresh-accuracy=3.400000
2024-04-01 20:24:02,890 [INFO]  Epoch[2] Time cost=2.487
2024-04-01 20:24:02,891 [INFO]  Saved checkpoint to "./imputer_model/imputer_model_Fresh/model-0002.params"
2024-04-01 20:24:02,892 [INFO]  Epoch[2] Validation-cross-entropy=0.243659
2024-04-01 20:24:02,892 [INFO]  Epoch[2] Validation-Fresh-accuracy=0.000000
2024-04-01 20:24:03,233 [INFO]  Epoch[3] Batch [0-10]	Speed: 469.41 samples/sec	cross-entropy=0.411459	Fresh-accuracy=3.181818
2024-04-01 20:24:03,407 [INFO]  Epoch[3] Train-cross-entropy=0.325485
2024-04-01 20:24:03,408 [INFO]  Epoch[3] Train-Fresh-accuracy=3.400000
2024-04-01 20:24:03,408 [INFO]  Epoch[3] Time cost=0.516
2024-04-01 20:24:03,409 [INFO]  Saved checkpoint to "./imputer_model/imputer_model_Fresh/model-0003.params"
2024-04-01 20:24:03,439 [INFO]  Epoch[3] Validation-cross-entropy=0.275443
2024-04-01 20:24:03,439 [INFO]  Epoch[3] Validation-Fresh-accuracy=0.000000
2024-04-01 20:24:05,486 [INFO]  Epoch[4] Batch [0-10]	Speed: 78.67 samples/sec	cross-entropy=0.411934	Fresh-accuracy=3.181818
2024-04-01 20:24:07,888 [INFO]  Epoch[4] Train-cross-entropy=0.302477
2024-04-01 20:24:07,888 [INFO]  Epoch[4] Train-Fresh-accuracy=3.400000
2024-04-01 20:24:07,888 [INFO]  Epoch[4] Time cost=4.449
2024-04-01 20:24:07,890 [INFO]  Saved checkpoint to "./imputer_model/imputer_model_Fresh/model-0004.params"
2024-04-01 20:24:08,206 [INFO]  Epoch[4] Validation-cross-entropy=0.091040
2024-04-01 20:24:08,207 [INFO]  Epoch[4] Validation-Fresh-accuracy=0.000000
2024-04-01 20:24:08,207 [INFO]  
========== done (18.34157633781433 s) fit model
2024-04-01 20:26:24,493 [INFO]  
========== start: fit model
2024-04-01 20:26:24,493 [WARNING]  Already bound, ignoring bind()
2024-04-01 20:26:25,871 [INFO]  Epoch[0] Batch [0-10]	Speed: 149.30 samples/sec	cross-entropy=12.570680	Fresh-accuracy=3.818182
2024-04-01 20:26:29,855 [INFO]  Epoch[0] Train-cross-entropy=10.786492
2024-04-01 20:26:29,855 [INFO]  Epoch[0] Train-Fresh-accuracy=3.750000
2024-04-01 20:26:29,855 [INFO]  Epoch[0] Time cost=5.361
2024-04-01 20:26:29,856 [INFO]  Saved checkpoint to "./imputer_model/imputer_model_Fresh/model-0000.params"
2024-04-01 20:26:30,127 [INFO]  Epoch[0] Validation-cross-entropy=1.656021
2024-04-01 20:26:30,127 [INFO]  Epoch[0] Validation-Fresh-accuracy=0.000000
2024-04-01 20:26:35,108 [INFO]  Epoch[1] Batch [0-10]	Speed: 35.64 samples/sec	cross-entropy=3.964371	Fresh-accuracy=3.818182
2024-04-01 20:26:38,236 [INFO]  Epoch[1] Train-cross-entropy=2.977334
2024-04-01 20:26:38,236 [INFO]  Epoch[1] Train-Fresh-accuracy=3.750000
2024-04-01 20:26:38,236 [INFO]  Epoch[1] Time cost=8.110
2024-04-01 20:26:38,238 [INFO]  Saved checkpoint to "./imputer_model/imputer_model_Fresh/model-0001.params"
2024-04-01 20:26:38,239 [INFO]  Epoch[1] Validation-cross-entropy=0.295852
2024-04-01 20:26:38,239 [INFO]  Epoch[1] Validation-Fresh-accuracy=0.000000
2024-04-01 20:26:40,201 [INFO]  Epoch[2] Batch [0-10]	Speed: 81.57 samples/sec	cross-entropy=0.457405	Fresh-accuracy=3.818182
2024-04-01 20:26:42,648 [INFO]  Epoch[2] Train-cross-entropy=0.494378
2024-04-01 20:26:42,648 [INFO]  Epoch[2] Train-Fresh-accuracy=3.750000
2024-04-01 20:26:42,649 [INFO]  Epoch[2] Time cost=4.409
2024-04-01 20:26:42,650 [INFO]  Saved checkpoint to "./imputer_model/imputer_model_Fresh/model-0002.params"
2024-04-01 20:26:42,679 [INFO]  Epoch[2] Validation-cross-entropy=0.218340
2024-04-01 20:26:42,679 [INFO]  Epoch[2] Validation-Fresh-accuracy=0.000000
2024-04-01 20:26:44,731 [INFO]  Epoch[3] Batch [0-10]	Speed: 78.04 samples/sec	cross-entropy=0.346307	Fresh-accuracy=3.818182
2024-04-01 20:26:48,232 [INFO]  Epoch[3] Train-cross-entropy=0.304123
2024-04-01 20:26:48,232 [INFO]  Epoch[3] Train-Fresh-accuracy=3.750000
2024-04-01 20:26:48,232 [INFO]  Epoch[3] Time cost=5.553
2024-04-01 20:26:48,234 [INFO]  Saved checkpoint to "./imputer_model/imputer_model_Fresh/model-0003.params"
2024-04-01 20:26:48,339 [INFO]  Epoch[3] Validation-cross-entropy=0.092026
2024-04-01 20:26:48,339 [INFO]  Epoch[3] Validation-Fresh-accuracy=0.000000
2024-04-01 20:26:50,254 [INFO]  Epoch[4] Batch [0-10]	Speed: 121.98 samples/sec	cross-entropy=0.134778	Fresh-accuracy=3.818182
2024-04-01 20:26:52,841 [INFO]  Epoch[4] Train-cross-entropy=0.146749
2024-04-01 20:26:52,841 [INFO]  Epoch[4] Train-Fresh-accuracy=3.750000
2024-04-01 20:26:52,841 [INFO]  Epoch[4] Time cost=4.502
2024-04-01 20:26:52,846 [INFO]  Saved checkpoint to "./imputer_model/imputer_model_Fresh/model-0004.params"
2024-04-01 20:26:53,123 [INFO]  Epoch[4] Validation-cross-entropy=0.108241
2024-04-01 20:26:53,123 [INFO]  Epoch[4] Validation-Fresh-accuracy=0.000000
2024-04-01 20:26:53,123 [INFO]  
========== done (28.630332946777344 s) fit model
2024-04-01 20:29:40,582 [INFO]  
========== start: fit model
2024-04-01 20:29:40,582 [WARNING]  Already bound, ignoring bind()
2024-04-01 20:29:44,176 [INFO]  Epoch[0] Batch [0-10]	Speed: 50.10 samples/sec	cross-entropy=22.106571	Fresh-accuracy=3.727273
2024-04-01 20:29:46,650 [INFO]  Epoch[0] Train-cross-entropy=14.200938
2024-04-01 20:29:46,650 [INFO]  Epoch[0] Train-Fresh-accuracy=3.750000
2024-04-01 20:29:46,650 [INFO]  Epoch[0] Time cost=6.067
2024-04-01 20:29:46,651 [INFO]  Saved checkpoint to "./imputer_model/imputer_model_Fresh/model-0000.params"
2024-04-01 20:29:46,948 [INFO]  Epoch[0] Validation-cross-entropy=2.358153
2024-04-01 20:29:46,948 [INFO]  Epoch[0] Validation-Fresh-accuracy=0.000000
2024-04-01 20:29:50,382 [INFO]  Epoch[1] Batch [0-10]	Speed: 55.10 samples/sec	cross-entropy=1.062182	Fresh-accuracy=3.727273
2024-04-01 20:29:54,627 [INFO]  Epoch[1] Train-cross-entropy=1.307950
2024-04-01 20:29:54,627 [INFO]  Epoch[1] Train-Fresh-accuracy=3.750000
2024-04-01 20:29:54,627 [INFO]  Epoch[1] Time cost=7.680
2024-04-01 20:29:54,629 [INFO]  Saved checkpoint to "./imputer_model/imputer_model_Fresh/model-0001.params"
2024-04-01 20:29:54,874 [INFO]  Epoch[1] Validation-cross-entropy=0.460826
2024-04-01 20:29:54,875 [INFO]  Epoch[1] Validation-Fresh-accuracy=0.000000
2024-04-01 20:29:58,499 [INFO]  Epoch[2] Batch [0-10]	Speed: 44.30 samples/sec	cross-entropy=0.781800	Fresh-accuracy=3.727273
2024-04-01 20:30:02,828 [INFO]  Epoch[2] Train-cross-entropy=1.449413
2024-04-01 20:30:02,828 [INFO]  Epoch[2] Train-Fresh-accuracy=3.750000
2024-04-01 20:30:02,829 [INFO]  Epoch[2] Time cost=7.954
2024-04-01 20:30:02,830 [INFO]  Saved checkpoint to "./imputer_model/imputer_model_Fresh/model-0002.params"
2024-04-01 20:30:02,996 [INFO]  Epoch[2] Validation-cross-entropy=0.547150
2024-04-01 20:30:02,996 [INFO]  Epoch[2] Validation-Fresh-accuracy=0.000000
2024-04-01 20:30:05,176 [INFO]  Epoch[3] Batch [0-10]	Speed: 73.46 samples/sec	cross-entropy=1.117952	Fresh-accuracy=3.727273
2024-04-01 20:30:05,830 [INFO]  Epoch[3] Train-cross-entropy=1.475068
2024-04-01 20:30:05,831 [INFO]  Epoch[3] Train-Fresh-accuracy=3.750000
2024-04-01 20:30:05,831 [INFO]  Epoch[3] Time cost=2.834
2024-04-01 20:30:05,832 [INFO]  Saved checkpoint to "./imputer_model/imputer_model_Fresh/model-0003.params"
2024-04-01 20:30:06,131 [INFO]  Epoch[3] Validation-cross-entropy=0.810676
2024-04-01 20:30:06,131 [INFO]  Epoch[3] Validation-Fresh-accuracy=0.000000
2024-04-01 20:30:08,106 [INFO]  Epoch[4] Batch [0-10]	Speed: 91.19 samples/sec	cross-entropy=1.153733	Fresh-accuracy=3.727273
2024-04-01 20:30:09,994 [INFO]  Epoch[4] Train-cross-entropy=0.920293
2024-04-01 20:30:09,995 [INFO]  Epoch[4] Train-Fresh-accuracy=3.750000
2024-04-01 20:30:09,995 [INFO]  Epoch[4] Time cost=3.864
2024-04-01 20:30:09,996 [INFO]  Saved checkpoint to "./imputer_model/imputer_model_Fresh/model-0004.params"
2024-04-01 20:30:10,100 [INFO]  Epoch[4] Validation-cross-entropy=0.322704
2024-04-01 20:30:10,100 [INFO]  Epoch[4] Validation-Fresh-accuracy=0.000000
2024-04-01 20:30:10,100 [INFO]  
========== done (29.518632173538208 s) fit model
2024-04-01 20:30:32,473 [INFO]  
========== start: fit model
2024-04-01 20:30:32,474 [WARNING]  Already bound, ignoring bind()
2024-04-01 20:30:33,409 [INFO]  Epoch[0] Batch [0-10]	Speed: 332.16 samples/sec	cross-entropy=5.928831	Fresh-accuracy=0.000000
2024-04-01 20:30:33,421 [INFO]  Epoch[0] Train-cross-entropy=4.337338
2024-04-01 20:30:33,421 [INFO]  Epoch[0] Train-Fresh-accuracy=0.000000
2024-04-01 20:30:33,421 [INFO]  Epoch[0] Time cost=0.947
2024-04-01 20:30:33,423 [INFO]  Saved checkpoint to "./imputer_model/imputer_model_Fresh/model-0000.params"
2024-04-01 20:30:33,424 [INFO]  Epoch[0] Validation-cross-entropy=1.632981
2024-04-01 20:30:33,424 [INFO]  Epoch[0] Validation-Fresh-accuracy=0.000000
2024-04-01 20:30:33,434 [INFO]  Epoch[1] Batch [0-10]	Speed: 17130.10 samples/sec	cross-entropy=1.696175	Fresh-accuracy=0.000000
2024-04-01 20:30:33,446 [INFO]  Epoch[1] Train-cross-entropy=1.372559
2024-04-01 20:30:33,446 [INFO]  Epoch[1] Train-Fresh-accuracy=0.000000
2024-04-01 20:30:33,446 [INFO]  Epoch[1] Time cost=0.023
2024-04-01 20:30:33,448 [INFO]  Saved checkpoint to "./imputer_model/imputer_model_Fresh/model-0001.params"
2024-04-01 20:30:33,495 [INFO]  Epoch[1] Validation-cross-entropy=0.223228
2024-04-01 20:30:33,495 [INFO]  Epoch[1] Validation-Fresh-accuracy=0.000000
2024-04-01 20:30:33,623 [INFO]  Epoch[2] Batch [0-10]	Speed: 1254.41 samples/sec	cross-entropy=0.283093	Fresh-accuracy=0.000000
2024-04-01 20:30:33,969 [INFO]  Epoch[2] Train-cross-entropy=0.253491
2024-04-01 20:30:33,969 [INFO]  Epoch[2] Train-Fresh-accuracy=0.000000
2024-04-01 20:30:33,969 [INFO]  Epoch[2] Time cost=0.475
2024-04-01 20:30:33,971 [INFO]  Saved checkpoint to "./imputer_model/imputer_model_Fresh/model-0002.params"
2024-04-01 20:30:34,191 [INFO]  Epoch[2] Validation-cross-entropy=0.111195
2024-04-01 20:30:34,191 [INFO]  Epoch[2] Validation-Fresh-accuracy=0.000000
2024-04-01 20:30:34,403 [INFO]  Epoch[3] Batch [0-10]	Speed: 4177.46 samples/sec	cross-entropy=0.127635	Fresh-accuracy=0.000000
2024-04-01 20:30:34,409 [INFO]  Epoch[3] Train-cross-entropy=0.145046
2024-04-01 20:30:34,409 [INFO]  Epoch[3] Train-Fresh-accuracy=0.000000
2024-04-01 20:30:34,409 [INFO]  Epoch[3] Time cost=0.218
2024-04-01 20:30:34,410 [INFO]  Saved checkpoint to "./imputer_model/imputer_model_Fresh/model-0003.params"
2024-04-01 20:30:34,603 [INFO]  Epoch[3] Validation-cross-entropy=0.059620
2024-04-01 20:30:34,603 [INFO]  Epoch[3] Validation-Fresh-accuracy=0.000000
2024-04-01 20:30:35,165 [INFO]  Epoch[4] Batch [0-10]	Speed: 560.82 samples/sec	cross-entropy=0.095882	Fresh-accuracy=0.000000
2024-04-01 20:30:35,175 [INFO]  Epoch[4] Train-cross-entropy=0.086837
2024-04-01 20:30:35,175 [INFO]  Epoch[4] Train-Fresh-accuracy=0.000000
2024-04-01 20:30:35,175 [INFO]  Epoch[4] Time cost=0.572
2024-04-01 20:30:35,176 [INFO]  Saved checkpoint to "./imputer_model/imputer_model_Fresh/model-0004.params"
2024-04-01 20:30:35,177 [INFO]  Epoch[4] Validation-cross-entropy=0.072629
2024-04-01 20:30:35,177 [INFO]  Epoch[4] Validation-Fresh-accuracy=0.000000
2024-04-01 20:30:35,177 [INFO]  
========== done (2.7039542198181152 s) fit model
2024-04-01 20:30:49,210 [INFO]  
========== start: fit model
2024-04-01 20:30:49,210 [WARNING]  Already bound, ignoring bind()
2024-04-01 20:30:49,265 [INFO]  Epoch[0] Batch [0-10]	Speed: 6423.87 samples/sec	cross-entropy=16.985317	Fresh-accuracy=0.000000
2024-04-01 20:30:49,273 [INFO]  Epoch[0] Train-cross-entropy=10.496940
2024-04-01 20:30:49,273 [INFO]  Epoch[0] Train-Fresh-accuracy=0.000000
2024-04-01 20:30:49,274 [INFO]  Epoch[0] Time cost=0.062
2024-04-01 20:30:49,275 [INFO]  Saved checkpoint to "./imputer_model/imputer_model_Fresh/model-0000.params"
2024-04-01 20:30:49,276 [INFO]  Epoch[0] Validation-cross-entropy=5.012430
2024-04-01 20:30:49,276 [INFO]  Epoch[0] Validation-Fresh-accuracy=0.000000
2024-04-01 20:30:49,286 [INFO]  Epoch[1] Batch [0-10]	Speed: 17387.52 samples/sec	cross-entropy=2.365254	Fresh-accuracy=0.000000
2024-04-01 20:30:49,294 [INFO]  Epoch[1] Train-cross-entropy=1.512026
2024-04-01 20:30:49,294 [INFO]  Epoch[1] Train-Fresh-accuracy=0.000000
2024-04-01 20:30:49,294 [INFO]  Epoch[1] Time cost=0.018
2024-04-01 20:30:49,296 [INFO]  Saved checkpoint to "./imputer_model/imputer_model_Fresh/model-0001.params"
2024-04-01 20:30:49,297 [INFO]  Epoch[1] Validation-cross-entropy=0.954541
2024-04-01 20:30:49,297 [INFO]  Epoch[1] Validation-Fresh-accuracy=0.000000
2024-04-01 20:30:49,803 [INFO]  Epoch[2] Batch [0-10]	Speed: 327.15 samples/sec	cross-entropy=0.654394	Fresh-accuracy=0.000000
2024-04-01 20:30:49,811 [INFO]  Epoch[2] Train-cross-entropy=0.442789
2024-04-01 20:30:49,811 [INFO]  Epoch[2] Train-Fresh-accuracy=0.000000
2024-04-01 20:30:49,812 [INFO]  Epoch[2] Time cost=0.515
2024-04-01 20:30:49,813 [INFO]  Saved checkpoint to "./imputer_model/imputer_model_Fresh/model-0002.params"
2024-04-01 20:30:49,814 [INFO]  Epoch[2] Validation-cross-entropy=0.655354
2024-04-01 20:30:49,814 [INFO]  Epoch[2] Validation-Fresh-accuracy=0.000000
2024-04-01 20:30:49,826 [INFO]  Epoch[3] Batch [0-10]	Speed: 14382.53 samples/sec	cross-entropy=0.223569	Fresh-accuracy=0.000000
2024-04-01 20:30:49,835 [INFO]  Epoch[3] Train-cross-entropy=0.155922
2024-04-01 20:30:49,835 [INFO]  Epoch[3] Train-Fresh-accuracy=0.000000
2024-04-01 20:30:49,835 [INFO]  Epoch[3] Time cost=0.021
2024-04-01 20:30:49,837 [INFO]  Saved checkpoint to "./imputer_model/imputer_model_Fresh/model-0003.params"
2024-04-01 20:30:49,837 [INFO]  Epoch[3] Validation-cross-entropy=0.505535
2024-04-01 20:30:49,837 [INFO]  Epoch[3] Validation-Fresh-accuracy=0.000000
2024-04-01 20:30:49,846 [INFO]  Epoch[4] Batch [0-10]	Speed: 20767.74 samples/sec	cross-entropy=0.106458	Fresh-accuracy=0.000000
2024-04-01 20:30:49,854 [INFO]  Epoch[4] Train-cross-entropy=0.078579
2024-04-01 20:30:49,858 [INFO]  Epoch[4] Train-Fresh-accuracy=0.000000
2024-04-01 20:30:49,858 [INFO]  Epoch[4] Time cost=0.021
2024-04-01 20:30:49,860 [INFO]  Saved checkpoint to "./imputer_model/imputer_model_Fresh/model-0004.params"
2024-04-01 20:30:50,027 [INFO]  Epoch[4] Validation-cross-entropy=0.403804
2024-04-01 20:30:50,027 [INFO]  Epoch[4] Validation-Fresh-accuracy=0.000000
2024-04-01 20:30:50,027 [INFO]  
========== done (0.8176817893981934 s) fit model
2024-04-01 20:31:05,123 [INFO]  
========== start: fit model
2024-04-01 20:31:05,123 [WARNING]  Already bound, ignoring bind()
2024-04-01 20:31:05,303 [INFO]  Epoch[0] Batch [0-10]	Speed: 1083.27 samples/sec	cross-entropy=14.873521	Fresh-accuracy=0.000000
2024-04-01 20:31:05,370 [INFO]  Epoch[0] Train-cross-entropy=11.134132
2024-04-01 20:31:05,371 [INFO]  Epoch[0] Train-Fresh-accuracy=0.000000
2024-04-01 20:31:05,371 [INFO]  Epoch[0] Time cost=0.247
2024-04-01 20:31:05,372 [INFO]  Saved checkpoint to "./imputer_model/imputer_model_Fresh/model-0000.params"
2024-04-01 20:31:05,373 [INFO]  Epoch[0] Validation-cross-entropy=3.616015
2024-04-01 20:31:05,373 [INFO]  Epoch[0] Validation-Fresh-accuracy=0.000000
2024-04-01 20:31:05,504 [INFO]  Epoch[1] Batch [0-10]	Speed: 1231.45 samples/sec	cross-entropy=3.024947	Fresh-accuracy=0.000000
2024-04-01 20:31:05,514 [INFO]  Epoch[1] Train-cross-entropy=2.076664
2024-04-01 20:31:05,515 [INFO]  Epoch[1] Train-Fresh-accuracy=0.000000
2024-04-01 20:31:05,515 [INFO]  Epoch[1] Time cost=0.142
2024-04-01 20:31:05,516 [INFO]  Saved checkpoint to "./imputer_model/imputer_model_Fresh/model-0001.params"
2024-04-01 20:31:05,517 [INFO]  Epoch[1] Validation-cross-entropy=0.872034
2024-04-01 20:31:05,517 [INFO]  Epoch[1] Validation-Fresh-accuracy=0.000000
2024-04-01 20:31:05,527 [INFO]  Epoch[2] Batch [0-10]	Speed: 17641.66 samples/sec	cross-entropy=0.572225	Fresh-accuracy=0.000000
2024-04-01 20:31:05,623 [INFO]  Epoch[2] Train-cross-entropy=0.486701
2024-04-01 20:31:05,623 [INFO]  Epoch[2] Train-Fresh-accuracy=0.000000
2024-04-01 20:31:05,623 [INFO]  Epoch[2] Time cost=0.106
2024-04-01 20:31:05,624 [INFO]  Saved checkpoint to "./imputer_model/imputer_model_Fresh/model-0002.params"
2024-04-01 20:31:05,625 [INFO]  Epoch[2] Validation-cross-entropy=0.477383
2024-04-01 20:31:05,625 [INFO]  Epoch[2] Validation-Fresh-accuracy=0.000000
2024-04-01 20:31:05,673 [INFO]  Epoch[3] Batch [0-10]	Speed: 3404.09 samples/sec	cross-entropy=0.229542	Fresh-accuracy=0.000000
2024-04-01 20:31:05,679 [INFO]  Epoch[3] Train-cross-entropy=0.207870
2024-04-01 20:31:05,680 [INFO]  Epoch[3] Train-Fresh-accuracy=0.000000
2024-04-01 20:31:05,680 [INFO]  Epoch[3] Time cost=0.054
2024-04-01 20:31:05,681 [INFO]  Saved checkpoint to "./imputer_model/imputer_model_Fresh/model-0003.params"
2024-04-01 20:31:05,717 [INFO]  Epoch[3] Validation-cross-entropy=0.213289
2024-04-01 20:31:05,718 [INFO]  Epoch[3] Validation-Fresh-accuracy=0.000000
2024-04-01 20:31:05,728 [INFO]  Epoch[4] Batch [0-10]	Speed: 18453.23 samples/sec	cross-entropy=0.133445	Fresh-accuracy=0.000000
2024-04-01 20:31:05,752 [INFO]  Epoch[4] Train-cross-entropy=0.128988
2024-04-01 20:31:05,752 [INFO]  Epoch[4] Train-Fresh-accuracy=0.000000
2024-04-01 20:31:05,752 [INFO]  Epoch[4] Time cost=0.035
2024-04-01 20:31:05,754 [INFO]  Saved checkpoint to "./imputer_model/imputer_model_Fresh/model-0004.params"
2024-04-01 20:31:05,755 [INFO]  Epoch[4] Validation-cross-entropy=0.167447
2024-04-01 20:31:05,755 [INFO]  Epoch[4] Validation-Fresh-accuracy=0.000000
2024-04-01 20:31:05,755 [INFO]  
========== done (0.6322081089019775 s) fit model
2024-04-01 20:31:18,642 [INFO]  
========== start: fit model
2024-04-01 20:31:18,642 [WARNING]  Already bound, ignoring bind()
2024-04-01 20:31:18,768 [INFO]  Epoch[0] Batch [0-10]	Speed: 3242.98 samples/sec	cross-entropy=18.945334	Fresh-accuracy=0.000000
2024-04-01 20:31:18,787 [INFO]  Epoch[0] Train-cross-entropy=12.840854
2024-04-01 20:31:18,788 [INFO]  Epoch[0] Train-Fresh-accuracy=0.000000
2024-04-01 20:31:18,788 [INFO]  Epoch[0] Time cost=0.145
2024-04-01 20:31:18,789 [INFO]  Saved checkpoint to "./imputer_model/imputer_model_Fresh/model-0000.params"
2024-04-01 20:31:18,790 [INFO]  Epoch[0] Validation-cross-entropy=2.213485
2024-04-01 20:31:18,790 [INFO]  Epoch[0] Validation-Fresh-accuracy=0.000000
2024-04-01 20:31:18,800 [INFO]  Epoch[1] Batch [0-10]	Speed: 17232.59 samples/sec	cross-entropy=3.857453	Fresh-accuracy=0.000000
2024-04-01 20:31:18,811 [INFO]  Epoch[1] Train-cross-entropy=2.416770
2024-04-01 20:31:18,811 [INFO]  Epoch[1] Train-Fresh-accuracy=0.000000
2024-04-01 20:31:18,811 [INFO]  Epoch[1] Time cost=0.021
2024-04-01 20:31:18,813 [INFO]  Saved checkpoint to "./imputer_model/imputer_model_Fresh/model-0001.params"
2024-04-01 20:31:18,813 [INFO]  Epoch[1] Validation-cross-entropy=0.268081
2024-04-01 20:31:18,813 [INFO]  Epoch[1] Validation-Fresh-accuracy=0.000000
2024-04-01 20:31:18,859 [INFO]  Epoch[2] Batch [0-10]	Speed: 3551.69 samples/sec	cross-entropy=0.577814	Fresh-accuracy=0.000000
2024-04-01 20:31:18,907 [INFO]  Epoch[2] Train-cross-entropy=0.436427
2024-04-01 20:31:18,907 [INFO]  Epoch[2] Train-Fresh-accuracy=0.000000
2024-04-01 20:31:18,907 [INFO]  Epoch[2] Time cost=0.094
2024-04-01 20:31:18,909 [INFO]  Saved checkpoint to "./imputer_model/imputer_model_Fresh/model-0002.params"
2024-04-01 20:31:18,910 [INFO]  Epoch[2] Validation-cross-entropy=0.138819
2024-04-01 20:31:18,910 [INFO]  Epoch[2] Validation-Fresh-accuracy=0.000000
2024-04-01 20:31:18,918 [INFO]  Epoch[3] Batch [0-10]	Speed: 22675.74 samples/sec	cross-entropy=0.508361	Fresh-accuracy=0.000000
2024-04-01 20:31:19,918 [INFO]  Epoch[3] Train-cross-entropy=0.408807
2024-04-01 20:31:19,918 [INFO]  Epoch[3] Train-Fresh-accuracy=0.000000
2024-04-01 20:31:19,918 [INFO]  Epoch[3] Time cost=1.008
2024-04-01 20:31:19,919 [INFO]  Saved checkpoint to "./imputer_model/imputer_model_Fresh/model-0003.params"
2024-04-01 20:31:19,925 [INFO]  Epoch[3] Validation-cross-entropy=0.112650
2024-04-01 20:31:19,925 [INFO]  Epoch[3] Validation-Fresh-accuracy=0.000000
2024-04-01 20:31:20,043 [INFO]  Epoch[4] Batch [0-10]	Speed: 1364.43 samples/sec	cross-entropy=0.238820	Fresh-accuracy=0.000000
2024-04-01 20:31:20,067 [INFO]  Epoch[4] Train-cross-entropy=0.191941
2024-04-01 20:31:20,067 [INFO]  Epoch[4] Train-Fresh-accuracy=0.000000
2024-04-01 20:31:20,067 [INFO]  Epoch[4] Time cost=0.142
2024-04-01 20:31:20,068 [INFO]  Saved checkpoint to "./imputer_model/imputer_model_Fresh/model-0004.params"
2024-04-01 20:31:20,131 [INFO]  Epoch[4] Validation-cross-entropy=0.082383
2024-04-01 20:31:20,131 [INFO]  Epoch[4] Validation-Fresh-accuracy=0.000000
2024-04-01 20:31:20,131 [INFO]  
========== done (1.4888839721679688 s) fit model
2024-04-01 20:31:32,091 [INFO]  
========== start: fit model
2024-04-01 20:31:32,091 [WARNING]  Already bound, ignoring bind()
2024-04-01 20:31:32,338 [INFO]  Epoch[0] Batch [0-10]	Speed: 7395.57 samples/sec	cross-entropy=21.598252	Fresh-accuracy=0.000000
2024-04-01 20:31:32,378 [INFO]  Epoch[0] Train-cross-entropy=14.706791
2024-04-01 20:31:32,378 [INFO]  Epoch[0] Train-Fresh-accuracy=0.000000
2024-04-01 20:31:32,378 [INFO]  Epoch[0] Time cost=0.286
2024-04-01 20:31:32,380 [INFO]  Saved checkpoint to "./imputer_model/imputer_model_Fresh/model-0000.params"
2024-04-01 20:31:32,380 [INFO]  Epoch[0] Validation-cross-entropy=8.250777
2024-04-01 20:31:32,380 [INFO]  Epoch[0] Validation-Fresh-accuracy=0.000000
2024-04-01 20:31:32,516 [INFO]  Epoch[1] Batch [0-10]	Speed: 1185.69 samples/sec	cross-entropy=1.840401	Fresh-accuracy=0.000000
2024-04-01 20:31:32,540 [INFO]  Epoch[1] Train-cross-entropy=1.274429
2024-04-01 20:31:32,540 [INFO]  Epoch[1] Train-Fresh-accuracy=0.000000
2024-04-01 20:31:32,540 [INFO]  Epoch[1] Time cost=0.159
2024-04-01 20:31:32,541 [INFO]  Saved checkpoint to "./imputer_model/imputer_model_Fresh/model-0001.params"
2024-04-01 20:31:32,542 [INFO]  Epoch[1] Validation-cross-entropy=0.465051
2024-04-01 20:31:32,543 [INFO]  Epoch[1] Validation-Fresh-accuracy=0.000000
2024-04-01 20:31:34,062 [INFO]  Epoch[2] Batch [0-10]	Speed: 105.38 samples/sec	cross-entropy=0.451255	Fresh-accuracy=0.000000
2024-04-01 20:31:34,070 [INFO]  Epoch[2] Train-cross-entropy=0.515267
2024-04-01 20:31:34,070 [INFO]  Epoch[2] Train-Fresh-accuracy=0.000000
2024-04-01 20:31:34,070 [INFO]  Epoch[2] Time cost=1.528
2024-04-01 20:31:34,072 [INFO]  Saved checkpoint to "./imputer_model/imputer_model_Fresh/model-0002.params"
2024-04-01 20:31:34,072 [INFO]  Epoch[2] Validation-cross-entropy=0.561219
2024-04-01 20:31:34,072 [INFO]  Epoch[2] Validation-Fresh-accuracy=0.000000
2024-04-01 20:31:34,082 [INFO]  Epoch[3] Batch [0-10]	Speed: 18800.11 samples/sec	cross-entropy=0.245437	Fresh-accuracy=0.000000
2024-04-01 20:31:34,132 [INFO]  Epoch[3] Train-cross-entropy=0.337099
2024-04-01 20:31:34,132 [INFO]  Epoch[3] Train-Fresh-accuracy=0.000000
2024-04-01 20:31:34,132 [INFO]  Epoch[3] Time cost=0.060
2024-04-01 20:31:34,134 [INFO]  Saved checkpoint to "./imputer_model/imputer_model_Fresh/model-0003.params"
2024-04-01 20:31:34,147 [INFO]  Epoch[3] Validation-cross-entropy=0.554513
2024-04-01 20:31:34,147 [INFO]  Epoch[3] Validation-Fresh-accuracy=0.000000
2024-04-01 20:31:34,958 [INFO]  Epoch[4] Batch [0-10]	Speed: 197.57 samples/sec	cross-entropy=0.289168	Fresh-accuracy=0.000000
2024-04-01 20:31:34,966 [INFO]  Epoch[4] Train-cross-entropy=0.249373
2024-04-01 20:31:34,966 [INFO]  Epoch[4] Train-Fresh-accuracy=0.000000
2024-04-01 20:31:34,966 [INFO]  Epoch[4] Time cost=0.819
2024-04-01 20:31:34,968 [INFO]  Saved checkpoint to "./imputer_model/imputer_model_Fresh/model-0004.params"
2024-04-01 20:31:34,969 [INFO]  Epoch[4] Validation-cross-entropy=0.182760
2024-04-01 20:31:34,969 [INFO]  Epoch[4] Validation-Fresh-accuracy=0.000000
2024-04-01 20:31:34,969 [INFO]  
========== done (2.877925157546997 s) fit model
2024-04-01 20:31:45,442 [INFO]  
========== start: fit model
2024-04-01 20:31:45,442 [WARNING]  Already bound, ignoring bind()
2024-04-01 20:31:45,984 [INFO]  Epoch[0] Batch [0-10]	Speed: 364.45 samples/sec	cross-entropy=25.646056	Fresh-accuracy=0.000000
2024-04-01 20:31:45,993 [INFO]  Epoch[0] Train-cross-entropy=16.360555
2024-04-01 20:31:45,993 [INFO]  Epoch[0] Train-Fresh-accuracy=0.000000
2024-04-01 20:31:45,993 [INFO]  Epoch[0] Time cost=0.550
2024-04-01 20:31:45,994 [INFO]  Saved checkpoint to "./imputer_model/imputer_model_Fresh/model-0000.params"
2024-04-01 20:31:45,995 [INFO]  Epoch[0] Validation-cross-entropy=14.325405
2024-04-01 20:31:45,995 [INFO]  Epoch[0] Validation-Fresh-accuracy=0.000000
2024-04-01 20:31:46,006 [INFO]  Epoch[1] Batch [0-10]	Speed: 16444.62 samples/sec	cross-entropy=5.082033	Fresh-accuracy=0.000000
2024-04-01 20:31:47,216 [INFO]  Epoch[1] Train-cross-entropy=3.289289
2024-04-01 20:31:47,216 [INFO]  Epoch[1] Train-Fresh-accuracy=0.000000
2024-04-01 20:31:47,216 [INFO]  Epoch[1] Time cost=1.221
2024-04-01 20:31:47,218 [INFO]  Saved checkpoint to "./imputer_model/imputer_model_Fresh/model-0001.params"
2024-04-01 20:31:47,219 [INFO]  Epoch[1] Validation-cross-entropy=6.070002
2024-04-01 20:31:47,219 [INFO]  Epoch[1] Validation-Fresh-accuracy=0.000000
2024-04-01 20:31:47,229 [INFO]  Epoch[2] Batch [0-10]	Speed: 17466.71 samples/sec	cross-entropy=1.432617	Fresh-accuracy=0.000000
2024-04-01 20:31:47,242 [INFO]  Epoch[2] Train-cross-entropy=0.985196
2024-04-01 20:31:47,243 [INFO]  Epoch[2] Train-Fresh-accuracy=0.000000
2024-04-01 20:31:47,243 [INFO]  Epoch[2] Time cost=0.024
2024-04-01 20:31:47,244 [INFO]  Saved checkpoint to "./imputer_model/imputer_model_Fresh/model-0002.params"
2024-04-01 20:31:47,245 [INFO]  Epoch[2] Validation-cross-entropy=1.531297
2024-04-01 20:31:47,245 [INFO]  Epoch[2] Validation-Fresh-accuracy=0.000000
2024-04-01 20:31:47,587 [INFO]  Epoch[3] Batch [0-10]	Speed: 469.92 samples/sec	cross-entropy=0.601564	Fresh-accuracy=0.000000
2024-04-01 20:31:47,593 [INFO]  Epoch[3] Train-cross-entropy=0.456430
2024-04-01 20:31:47,593 [INFO]  Epoch[3] Train-Fresh-accuracy=0.000000
2024-04-01 20:31:47,593 [INFO]  Epoch[3] Time cost=0.348
2024-04-01 20:31:47,594 [INFO]  Saved checkpoint to "./imputer_model/imputer_model_Fresh/model-0003.params"
2024-04-01 20:31:47,597 [INFO]  Epoch[3] Validation-cross-entropy=1.388159
2024-04-01 20:31:47,598 [INFO]  Epoch[3] Validation-Fresh-accuracy=0.000000
2024-04-01 20:31:47,606 [INFO]  Epoch[4] Batch [0-10]	Speed: 22106.55 samples/sec	cross-entropy=0.316872	Fresh-accuracy=0.000000
2024-04-01 20:31:47,612 [INFO]  Epoch[4] Train-cross-entropy=0.247900
2024-04-01 20:31:47,613 [INFO]  Epoch[4] Train-Fresh-accuracy=0.000000
2024-04-01 20:31:47,613 [INFO]  Epoch[4] Time cost=0.015
2024-04-01 20:31:47,614 [INFO]  Saved checkpoint to "./imputer_model/imputer_model_Fresh/model-0004.params"
2024-04-01 20:31:47,658 [INFO]  Epoch[4] Validation-cross-entropy=0.986654
2024-04-01 20:31:47,658 [INFO]  Epoch[4] Validation-Fresh-accuracy=0.000000
2024-04-01 20:31:47,658 [INFO]  
========== done (2.216451406478882 s) fit model
2024-04-01 20:31:58,534 [INFO]  
========== start: fit model
2024-04-01 20:31:58,534 [WARNING]  Already bound, ignoring bind()
2024-04-01 20:31:58,546 [INFO]  Epoch[0] Batch [0-10]	Speed: 20342.80 samples/sec	cross-entropy=17.966030	Fresh-accuracy=0.000000
2024-04-01 20:31:58,558 [INFO]  Epoch[0] Train-cross-entropy=12.825307
2024-04-01 20:31:58,558 [INFO]  Epoch[0] Train-Fresh-accuracy=0.000000
2024-04-01 20:31:58,558 [INFO]  Epoch[0] Time cost=0.023
2024-04-01 20:31:58,560 [INFO]  Saved checkpoint to "./imputer_model/imputer_model_Fresh/model-0000.params"
2024-04-01 20:31:58,561 [INFO]  Epoch[0] Validation-cross-entropy=2.719110
2024-04-01 20:31:58,561 [INFO]  Epoch[0] Validation-Fresh-accuracy=0.000000
2024-04-01 20:31:58,858 [INFO]  Epoch[1] Batch [0-10]	Speed: 540.73 samples/sec	cross-entropy=2.389392	Fresh-accuracy=0.000000
2024-04-01 20:31:58,887 [INFO]  Epoch[1] Train-cross-entropy=1.757813
2024-04-01 20:31:58,887 [INFO]  Epoch[1] Train-Fresh-accuracy=0.000000
2024-04-01 20:31:58,887 [INFO]  Epoch[1] Time cost=0.326
2024-04-01 20:31:58,888 [INFO]  Saved checkpoint to "./imputer_model/imputer_model_Fresh/model-0001.params"
2024-04-01 20:31:58,889 [INFO]  Epoch[1] Validation-cross-entropy=0.474728
2024-04-01 20:31:58,889 [INFO]  Epoch[1] Validation-Fresh-accuracy=0.000000
2024-04-01 20:31:59,062 [INFO]  Epoch[2] Batch [0-10]	Speed: 929.13 samples/sec	cross-entropy=0.613018	Fresh-accuracy=0.000000
2024-04-01 20:31:59,069 [INFO]  Epoch[2] Train-cross-entropy=0.514545
2024-04-01 20:31:59,069 [INFO]  Epoch[2] Train-Fresh-accuracy=0.000000
2024-04-01 20:31:59,069 [INFO]  Epoch[2] Time cost=0.180
2024-04-01 20:31:59,070 [INFO]  Saved checkpoint to "./imputer_model/imputer_model_Fresh/model-0002.params"
2024-04-01 20:31:59,071 [INFO]  Epoch[2] Validation-cross-entropy=0.322806
2024-04-01 20:31:59,071 [INFO]  Epoch[2] Validation-Fresh-accuracy=0.000000
2024-04-01 20:31:59,511 [INFO]  Epoch[3] Batch [0-10]	Speed: 364.11 samples/sec	cross-entropy=0.240916	Fresh-accuracy=0.000000
2024-04-01 20:31:59,516 [INFO]  Epoch[3] Train-cross-entropy=0.253695
2024-04-01 20:31:59,516 [INFO]  Epoch[3] Train-Fresh-accuracy=0.000000
2024-04-01 20:31:59,516 [INFO]  Epoch[3] Time cost=0.446
2024-04-01 20:31:59,518 [INFO]  Saved checkpoint to "./imputer_model/imputer_model_Fresh/model-0003.params"
2024-04-01 20:31:59,518 [INFO]  Epoch[3] Validation-cross-entropy=0.194554
2024-04-01 20:31:59,518 [INFO]  Epoch[3] Validation-Fresh-accuracy=0.000000
2024-04-01 20:31:59,532 [INFO]  Epoch[4] Batch [0-10]	Speed: 17536.09 samples/sec	cross-entropy=0.180027	Fresh-accuracy=0.000000
2024-04-01 20:31:59,540 [INFO]  Epoch[4] Train-cross-entropy=0.172083
2024-04-01 20:31:59,540 [INFO]  Epoch[4] Train-Fresh-accuracy=0.000000
2024-04-01 20:31:59,540 [INFO]  Epoch[4] Time cost=0.022
2024-04-01 20:31:59,541 [INFO]  Saved checkpoint to "./imputer_model/imputer_model_Fresh/model-0004.params"
2024-04-01 20:31:59,542 [INFO]  Epoch[4] Validation-cross-entropy=0.153282
2024-04-01 20:31:59,542 [INFO]  Epoch[4] Validation-Fresh-accuracy=0.000000
2024-04-01 20:31:59,542 [INFO]  
========== done (1.0084211826324463 s) fit model
2024-04-01 20:32:13,450 [INFO]  
========== start: fit model
2024-04-01 20:32:13,450 [WARNING]  Already bound, ignoring bind()
2024-04-01 20:32:13,485 [INFO]  Epoch[0] Batch [0-10]	Speed: 18247.51 samples/sec	cross-entropy=14.661612	Fresh-accuracy=3.454545
2024-04-01 20:32:13,493 [INFO]  Epoch[0] Train-cross-entropy=9.264267
2024-04-01 20:32:13,493 [INFO]  Epoch[0] Train-Fresh-accuracy=3.350000
2024-04-01 20:32:13,493 [INFO]  Epoch[0] Time cost=0.043
2024-04-01 20:32:13,495 [INFO]  Saved checkpoint to "./imputer_model/imputer_model_Fresh/model-0000.params"
2024-04-01 20:32:13,499 [INFO]  Epoch[0] Validation-cross-entropy=1.575335
2024-04-01 20:32:13,499 [INFO]  Epoch[0] Validation-Fresh-accuracy=0.000000
2024-04-01 20:32:13,532 [INFO]  Epoch[1] Batch [0-10]	Speed: 9495.55 samples/sec	cross-entropy=1.806210	Fresh-accuracy=3.454545
2024-04-01 20:32:13,579 [INFO]  Epoch[1] Train-cross-entropy=1.368695
2024-04-01 20:32:13,580 [INFO]  Epoch[1] Train-Fresh-accuracy=3.350000
2024-04-01 20:32:13,580 [INFO]  Epoch[1] Time cost=0.081
2024-04-01 20:32:13,581 [INFO]  Saved checkpoint to "./imputer_model/imputer_model_Fresh/model-0001.params"
2024-04-01 20:32:13,582 [INFO]  Epoch[1] Validation-cross-entropy=0.730878
2024-04-01 20:32:13,582 [INFO]  Epoch[1] Validation-Fresh-accuracy=0.000000
2024-04-01 20:32:14,080 [INFO]  Epoch[2] Batch [0-10]	Speed: 322.13 samples/sec	cross-entropy=0.551701	Fresh-accuracy=3.454545
2024-04-01 20:32:14,085 [INFO]  Epoch[2] Train-cross-entropy=0.449290
2024-04-01 20:32:14,085 [INFO]  Epoch[2] Train-Fresh-accuracy=3.350000
2024-04-01 20:32:14,085 [INFO]  Epoch[2] Time cost=0.503
2024-04-01 20:32:14,087 [INFO]  Saved checkpoint to "./imputer_model/imputer_model_Fresh/model-0002.params"
2024-04-01 20:32:14,091 [INFO]  Epoch[2] Validation-cross-entropy=0.793502
2024-04-01 20:32:14,091 [INFO]  Epoch[2] Validation-Fresh-accuracy=0.000000
2024-04-01 20:32:14,101 [INFO]  Epoch[3] Batch [0-10]	Speed: 17867.11 samples/sec	cross-entropy=0.323469	Fresh-accuracy=3.454545
2024-04-01 20:32:14,172 [INFO]  Epoch[3] Train-cross-entropy=0.260181
2024-04-01 20:32:14,172 [INFO]  Epoch[3] Train-Fresh-accuracy=3.350000
2024-04-01 20:32:14,172 [INFO]  Epoch[3] Time cost=0.081
2024-04-01 20:32:14,173 [INFO]  Saved checkpoint to "./imputer_model/imputer_model_Fresh/model-0003.params"
2024-04-01 20:32:14,174 [INFO]  Epoch[3] Validation-cross-entropy=0.405746
2024-04-01 20:32:14,174 [INFO]  Epoch[3] Validation-Fresh-accuracy=0.000000
2024-04-01 20:32:14,185 [INFO]  Epoch[4] Batch [0-10]	Speed: 15257.91 samples/sec	cross-entropy=0.143063	Fresh-accuracy=3.454545
2024-04-01 20:32:14,192 [INFO]  Epoch[4] Train-cross-entropy=0.128169
2024-04-01 20:32:14,192 [INFO]  Epoch[4] Train-Fresh-accuracy=3.350000
2024-04-01 20:32:14,192 [INFO]  Epoch[4] Time cost=0.018
2024-04-01 20:32:14,193 [INFO]  Saved checkpoint to "./imputer_model/imputer_model_Fresh/model-0004.params"
2024-04-01 20:32:14,217 [INFO]  Epoch[4] Validation-cross-entropy=0.207477
2024-04-01 20:32:14,217 [INFO]  Epoch[4] Validation-Fresh-accuracy=0.000000
2024-04-01 20:32:14,218 [INFO]  
========== done (0.7678699493408203 s) fit model
2024-04-01 20:32:28,374 [INFO]  
========== start: fit model
2024-04-01 20:32:28,374 [WARNING]  Already bound, ignoring bind()
2024-04-01 20:32:28,476 [INFO]  Epoch[0] Batch [0-10]	Speed: 3973.69 samples/sec	cross-entropy=6.432675	Fresh-accuracy=3.181818
2024-04-01 20:32:28,604 [INFO]  Epoch[0] Train-cross-entropy=4.671750
2024-04-01 20:32:28,604 [INFO]  Epoch[0] Train-Fresh-accuracy=3.350000
2024-04-01 20:32:28,604 [INFO]  Epoch[0] Time cost=0.225
2024-04-01 20:32:28,606 [INFO]  Saved checkpoint to "./imputer_model/imputer_model_Fresh/model-0000.params"
2024-04-01 20:32:28,606 [INFO]  Epoch[0] Validation-cross-entropy=1.585348
2024-04-01 20:32:28,607 [INFO]  Epoch[0] Validation-Fresh-accuracy=0.000000
2024-04-01 20:32:28,614 [INFO]  Epoch[1] Batch [0-10]	Speed: 23578.41 samples/sec	cross-entropy=0.758675	Fresh-accuracy=3.181818
2024-04-01 20:32:28,620 [INFO]  Epoch[1] Train-cross-entropy=1.187007
2024-04-01 20:32:28,620 [INFO]  Epoch[1] Train-Fresh-accuracy=3.350000
2024-04-01 20:32:28,620 [INFO]  Epoch[1] Time cost=0.014
2024-04-01 20:32:28,622 [INFO]  Saved checkpoint to "./imputer_model/imputer_model_Fresh/model-0001.params"
2024-04-01 20:32:28,623 [INFO]  Epoch[1] Validation-cross-entropy=1.358825
2024-04-01 20:32:28,623 [INFO]  Epoch[1] Validation-Fresh-accuracy=0.000000
2024-04-01 20:32:28,683 [INFO]  Epoch[2] Batch [0-10]	Speed: 2697.20 samples/sec	cross-entropy=0.617289	Fresh-accuracy=3.181818
2024-04-01 20:32:28,776 [INFO]  Epoch[2] Train-cross-entropy=0.540616
2024-04-01 20:32:28,776 [INFO]  Epoch[2] Train-Fresh-accuracy=3.350000
2024-04-01 20:32:28,776 [INFO]  Epoch[2] Time cost=0.153
2024-04-01 20:32:28,777 [INFO]  Saved checkpoint to "./imputer_model/imputer_model_Fresh/model-0002.params"
2024-04-01 20:32:28,778 [INFO]  Epoch[2] Validation-cross-entropy=0.321011
2024-04-01 20:32:28,778 [INFO]  Epoch[2] Validation-Fresh-accuracy=0.000000
2024-04-01 20:32:28,788 [INFO]  Epoch[3] Batch [0-10]	Speed: 17903.34 samples/sec	cross-entropy=0.159157	Fresh-accuracy=3.181818
2024-04-01 20:32:28,953 [INFO]  Epoch[3] Train-cross-entropy=0.225522
2024-04-01 20:32:28,953 [INFO]  Epoch[3] Train-Fresh-accuracy=3.350000
2024-04-01 20:32:28,953 [INFO]  Epoch[3] Time cost=0.174
2024-04-01 20:32:28,954 [INFO]  Saved checkpoint to "./imputer_model/imputer_model_Fresh/model-0003.params"
2024-04-01 20:32:28,955 [INFO]  Epoch[3] Validation-cross-entropy=0.269761
2024-04-01 20:32:28,955 [INFO]  Epoch[3] Validation-Fresh-accuracy=0.000000
2024-04-01 20:32:28,965 [INFO]  Epoch[4] Batch [0-10]	Speed: 17561.33 samples/sec	cross-entropy=0.188399	Fresh-accuracy=3.181818
2024-04-01 20:32:28,974 [INFO]  Epoch[4] Train-cross-entropy=0.166160
2024-04-01 20:32:28,974 [INFO]  Epoch[4] Train-Fresh-accuracy=3.350000
2024-04-01 20:32:28,974 [INFO]  Epoch[4] Time cost=0.019
2024-04-01 20:32:28,975 [INFO]  Saved checkpoint to "./imputer_model/imputer_model_Fresh/model-0004.params"
2024-04-01 20:32:29,035 [INFO]  Epoch[4] Validation-cross-entropy=0.178301
2024-04-01 20:32:29,035 [INFO]  Epoch[4] Validation-Fresh-accuracy=0.000000
2024-04-01 20:32:29,035 [INFO]  
========== done (0.6617393493652344 s) fit model
2024-04-01 20:32:42,299 [INFO]  
========== start: fit model
2024-04-01 20:32:42,299 [WARNING]  Already bound, ignoring bind()
2024-04-01 20:32:42,986 [INFO]  Epoch[0] Batch [0-10]	Speed: 278.43 samples/sec	cross-entropy=4.908437	Fresh-accuracy=3.272727
2024-04-01 20:32:42,999 [INFO]  Epoch[0] Train-cross-entropy=3.118836
2024-04-01 20:32:42,999 [INFO]  Epoch[0] Train-Fresh-accuracy=3.300000
2024-04-01 20:32:42,999 [INFO]  Epoch[0] Time cost=0.699
2024-04-01 20:32:43,000 [INFO]  Saved checkpoint to "./imputer_model/imputer_model_Fresh/model-0000.params"
2024-04-01 20:32:43,001 [INFO]  Epoch[0] Validation-cross-entropy=2.051684
2024-04-01 20:32:43,001 [INFO]  Epoch[0] Validation-Fresh-accuracy=0.000000
2024-04-01 20:32:43,358 [INFO]  Epoch[1] Batch [0-10]	Speed: 449.44 samples/sec	cross-entropy=1.458645	Fresh-accuracy=3.272727
2024-04-01 20:32:43,752 [INFO]  Epoch[1] Train-cross-entropy=2.263859
2024-04-01 20:32:43,752 [INFO]  Epoch[1] Train-Fresh-accuracy=3.300000
2024-04-01 20:32:43,752 [INFO]  Epoch[1] Time cost=0.751
2024-04-01 20:32:43,754 [INFO]  Saved checkpoint to "./imputer_model/imputer_model_Fresh/model-0001.params"
2024-04-01 20:32:43,755 [INFO]  Epoch[1] Validation-cross-entropy=0.918762
2024-04-01 20:32:43,755 [INFO]  Epoch[1] Validation-Fresh-accuracy=0.000000
2024-04-01 20:32:43,766 [INFO]  Epoch[2] Batch [0-10]	Speed: 17073.87 samples/sec	cross-entropy=0.727709	Fresh-accuracy=3.272727
2024-04-01 20:32:43,774 [INFO]  Epoch[2] Train-cross-entropy=0.894813
2024-04-01 20:32:43,774 [INFO]  Epoch[2] Train-Fresh-accuracy=3.300000
2024-04-01 20:32:43,774 [INFO]  Epoch[2] Time cost=0.019
2024-04-01 20:32:43,776 [INFO]  Saved checkpoint to "./imputer_model/imputer_model_Fresh/model-0002.params"
2024-04-01 20:32:43,777 [INFO]  Epoch[2] Validation-cross-entropy=0.531163
2024-04-01 20:32:43,777 [INFO]  Epoch[2] Validation-Fresh-accuracy=0.000000
2024-04-01 20:32:44,226 [INFO]  Epoch[3] Batch [0-10]	Speed: 357.44 samples/sec	cross-entropy=0.494212	Fresh-accuracy=3.272727
2024-04-01 20:32:44,243 [INFO]  Epoch[3] Train-cross-entropy=0.359343
2024-04-01 20:32:44,243 [INFO]  Epoch[3] Train-Fresh-accuracy=3.300000
2024-04-01 20:32:44,243 [INFO]  Epoch[3] Time cost=0.466
2024-04-01 20:32:44,245 [INFO]  Saved checkpoint to "./imputer_model/imputer_model_Fresh/model-0003.params"
2024-04-01 20:32:44,246 [INFO]  Epoch[3] Validation-cross-entropy=0.390641
2024-04-01 20:32:44,246 [INFO]  Epoch[3] Validation-Fresh-accuracy=0.000000
2024-04-01 20:32:44,256 [INFO]  Epoch[4] Batch [0-10]	Speed: 17455.81 samples/sec	cross-entropy=0.402372	Fresh-accuracy=3.272727
2024-04-01 20:32:44,265 [INFO]  Epoch[4] Train-cross-entropy=0.360392
2024-04-01 20:32:44,265 [INFO]  Epoch[4] Train-Fresh-accuracy=3.300000
2024-04-01 20:32:44,265 [INFO]  Epoch[4] Time cost=0.020
2024-04-01 20:32:44,267 [INFO]  Saved checkpoint to "./imputer_model/imputer_model_Fresh/model-0004.params"
2024-04-01 20:32:44,501 [INFO]  Epoch[4] Validation-cross-entropy=0.802371
2024-04-01 20:32:44,501 [INFO]  Epoch[4] Validation-Fresh-accuracy=0.000000
2024-04-01 20:32:44,501 [INFO]  
========== done (2.201921224594116 s) fit model
2024-04-01 20:32:56,616 [INFO]  
========== start: fit model
2024-04-01 20:32:56,617 [WARNING]  Already bound, ignoring bind()
2024-04-01 20:32:57,114 [INFO]  Epoch[0] Batch [0-10]	Speed: 466.87 samples/sec	cross-entropy=10.130349	Fresh-accuracy=0.000000
2024-04-01 20:32:57,120 [INFO]  Epoch[0] Train-cross-entropy=8.764836
2024-04-01 20:32:57,120 [INFO]  Epoch[0] Train-Fresh-accuracy=0.000000
2024-04-01 20:32:57,120 [INFO]  Epoch[0] Time cost=0.502
2024-04-01 20:32:57,121 [INFO]  Saved checkpoint to "./imputer_model/imputer_model_Fresh/model-0000.params"
2024-04-01 20:32:57,123 [INFO]  Epoch[0] Validation-cross-entropy=0.554552
2024-04-01 20:32:57,123 [INFO]  Epoch[0] Validation-Fresh-accuracy=0.000000
2024-04-01 20:32:57,133 [INFO]  Epoch[1] Batch [0-10]	Speed: 17315.29 samples/sec	cross-entropy=0.881549	Fresh-accuracy=0.000000
2024-04-01 20:32:57,142 [INFO]  Epoch[1] Train-cross-entropy=0.773874
2024-04-01 20:32:57,142 [INFO]  Epoch[1] Train-Fresh-accuracy=0.000000
2024-04-01 20:32:57,142 [INFO]  Epoch[1] Time cost=0.019
2024-04-01 20:32:57,143 [INFO]  Saved checkpoint to "./imputer_model/imputer_model_Fresh/model-0001.params"
2024-04-01 20:32:57,144 [INFO]  Epoch[1] Validation-cross-entropy=0.108437
2024-04-01 20:32:57,144 [INFO]  Epoch[1] Validation-Fresh-accuracy=0.000000
2024-04-01 20:32:57,456 [INFO]  Epoch[2] Batch [0-10]	Speed: 515.52 samples/sec	cross-entropy=0.236294	Fresh-accuracy=0.000000
2024-04-01 20:32:57,472 [INFO]  Epoch[2] Train-cross-entropy=0.200366
2024-04-01 20:32:57,472 [INFO]  Epoch[2] Train-Fresh-accuracy=0.000000
2024-04-01 20:32:57,472 [INFO]  Epoch[2] Time cost=0.328
2024-04-01 20:32:57,473 [INFO]  Saved checkpoint to "./imputer_model/imputer_model_Fresh/model-0002.params"
2024-04-01 20:32:57,474 [INFO]  Epoch[2] Validation-cross-entropy=0.055390
2024-04-01 20:32:57,474 [INFO]  Epoch[2] Validation-Fresh-accuracy=0.000000
2024-04-01 20:32:57,484 [INFO]  Epoch[3] Batch [0-10]	Speed: 17698.89 samples/sec	cross-entropy=0.101242	Fresh-accuracy=0.000000
2024-04-01 20:32:58,217 [INFO]  Epoch[3] Train-cross-entropy=0.092118
2024-04-01 20:32:58,217 [INFO]  Epoch[3] Train-Fresh-accuracy=0.000000
2024-04-01 20:32:58,217 [INFO]  Epoch[3] Time cost=0.743
2024-04-01 20:32:58,219 [INFO]  Saved checkpoint to "./imputer_model/imputer_model_Fresh/model-0003.params"
2024-04-01 20:32:58,301 [INFO]  Epoch[3] Validation-cross-entropy=0.019391
2024-04-01 20:32:58,301 [INFO]  Epoch[3] Validation-Fresh-accuracy=0.000000
2024-04-01 20:32:58,448 [INFO]  Epoch[4] Batch [0-10]	Speed: 16968.54 samples/sec	cross-entropy=0.075107	Fresh-accuracy=0.000000
2024-04-01 20:32:58,457 [INFO]  Epoch[4] Train-cross-entropy=0.061120
2024-04-01 20:32:58,457 [INFO]  Epoch[4] Train-Fresh-accuracy=0.000000
2024-04-01 20:32:58,457 [INFO]  Epoch[4] Time cost=0.156
2024-04-01 20:32:58,458 [INFO]  Saved checkpoint to "./imputer_model/imputer_model_Fresh/model-0004.params"
2024-04-01 20:32:58,459 [INFO]  Epoch[4] Validation-cross-entropy=0.014281
2024-04-01 20:32:58,459 [INFO]  Epoch[4] Validation-Fresh-accuracy=0.000000
2024-04-01 20:32:58,460 [INFO]  
========== done (1.8431792259216309 s) fit model
2024-04-01 20:33:11,601 [INFO]  
========== start: fit model
2024-04-01 20:33:11,601 [WARNING]  Already bound, ignoring bind()
2024-04-01 20:33:11,709 [INFO]  Epoch[0] Batch [0-10]	Speed: 16323.82 samples/sec	cross-entropy=13.387403	Fresh-accuracy=3.454545
2024-04-01 20:33:11,717 [INFO]  Epoch[0] Train-cross-entropy=9.324966
2024-04-01 20:33:11,717 [INFO]  Epoch[0] Train-Fresh-accuracy=3.100000
2024-04-01 20:33:11,717 [INFO]  Epoch[0] Time cost=0.116
2024-04-01 20:33:11,720 [INFO]  Saved checkpoint to "./imputer_model/imputer_model_Fresh/model-0000.params"
2024-04-01 20:33:11,721 [INFO]  Epoch[0] Validation-cross-entropy=1.311546
2024-04-01 20:33:11,721 [INFO]  Epoch[0] Validation-Fresh-accuracy=0.000000
2024-04-01 20:33:11,735 [INFO]  Epoch[1] Batch [0-10]	Speed: 12063.86 samples/sec	cross-entropy=3.082708	Fresh-accuracy=3.454545
2024-04-01 20:33:12,031 [INFO]  Epoch[1] Train-cross-entropy=2.289967
2024-04-01 20:33:12,031 [INFO]  Epoch[1] Train-Fresh-accuracy=3.100000
2024-04-01 20:33:12,031 [INFO]  Epoch[1] Time cost=0.310
2024-04-01 20:33:12,032 [INFO]  Saved checkpoint to "./imputer_model/imputer_model_Fresh/model-0001.params"
2024-04-01 20:33:12,033 [INFO]  Epoch[1] Validation-cross-entropy=2.874950
2024-04-01 20:33:12,033 [INFO]  Epoch[1] Validation-Fresh-accuracy=0.000000
2024-04-01 20:33:12,044 [INFO]  Epoch[2] Batch [0-10]	Speed: 17688.62 samples/sec	cross-entropy=1.413231	Fresh-accuracy=3.454545
2024-04-01 20:33:12,052 [INFO]  Epoch[2] Train-cross-entropy=1.211414
2024-04-01 20:33:12,052 [INFO]  Epoch[2] Train-Fresh-accuracy=3.100000
2024-04-01 20:33:12,052 [INFO]  Epoch[2] Time cost=0.019
2024-04-01 20:33:12,054 [INFO]  Saved checkpoint to "./imputer_model/imputer_model_Fresh/model-0002.params"
2024-04-01 20:33:12,055 [INFO]  Epoch[2] Validation-cross-entropy=0.443795
2024-04-01 20:33:12,055 [INFO]  Epoch[2] Validation-Fresh-accuracy=0.000000
2024-04-01 20:33:12,065 [INFO]  Epoch[3] Batch [0-10]	Speed: 17110.01 samples/sec	cross-entropy=1.053220	Fresh-accuracy=3.454545
2024-04-01 20:33:12,234 [INFO]  Epoch[3] Train-cross-entropy=0.842194
2024-04-01 20:33:12,234 [INFO]  Epoch[3] Train-Fresh-accuracy=3.100000
2024-04-01 20:33:12,234 [INFO]  Epoch[3] Time cost=0.179
2024-04-01 20:33:12,236 [INFO]  Saved checkpoint to "./imputer_model/imputer_model_Fresh/model-0003.params"
2024-04-01 20:33:12,411 [INFO]  Epoch[3] Validation-cross-entropy=1.200583
2024-04-01 20:33:12,411 [INFO]  Epoch[3] Validation-Fresh-accuracy=0.000000
2024-04-01 20:33:13,007 [INFO]  Epoch[4] Batch [0-10]	Speed: 487.98 samples/sec	cross-entropy=0.309148	Fresh-accuracy=3.454545
2024-04-01 20:33:13,025 [INFO]  Epoch[4] Train-cross-entropy=0.262371
2024-04-01 20:33:13,025 [INFO]  Epoch[4] Train-Fresh-accuracy=3.100000
2024-04-01 20:33:13,025 [INFO]  Epoch[4] Time cost=0.614
2024-04-01 20:33:13,026 [INFO]  Saved checkpoint to "./imputer_model/imputer_model_Fresh/model-0004.params"
2024-04-01 20:33:13,100 [INFO]  Epoch[4] Validation-cross-entropy=0.319920
2024-04-01 20:33:13,100 [INFO]  Epoch[4] Validation-Fresh-accuracy=0.000000
2024-04-01 20:33:13,100 [INFO]  
========== done (1.4994473457336426 s) fit model
2024-04-01 20:33:24,562 [INFO]  
========== start: fit model
2024-04-01 20:33:24,562 [WARNING]  Already bound, ignoring bind()
2024-04-01 20:33:24,787 [INFO]  Epoch[0] Batch [0-10]	Speed: 4014.31 samples/sec	cross-entropy=10.349509	Fresh-accuracy=0.000000
2024-04-01 20:33:24,795 [INFO]  Epoch[0] Train-cross-entropy=7.565375
2024-04-01 20:33:24,795 [INFO]  Epoch[0] Train-Fresh-accuracy=0.000000
2024-04-01 20:33:24,796 [INFO]  Epoch[0] Time cost=0.232
2024-04-01 20:33:24,797 [INFO]  Saved checkpoint to "./imputer_model/imputer_model_Fresh/model-0000.params"
2024-04-01 20:33:24,798 [INFO]  Epoch[0] Validation-cross-entropy=1.415379
2024-04-01 20:33:24,798 [INFO]  Epoch[0] Validation-Fresh-accuracy=0.000000
2024-04-01 20:33:24,808 [INFO]  Epoch[1] Batch [0-10]	Speed: 17241.00 samples/sec	cross-entropy=1.597423	Fresh-accuracy=0.000000
2024-04-01 20:33:24,815 [INFO]  Epoch[1] Train-cross-entropy=1.125087
2024-04-01 20:33:24,815 [INFO]  Epoch[1] Train-Fresh-accuracy=0.000000
2024-04-01 20:33:24,815 [INFO]  Epoch[1] Time cost=0.017
2024-04-01 20:33:24,817 [INFO]  Saved checkpoint to "./imputer_model/imputer_model_Fresh/model-0001.params"
2024-04-01 20:33:24,818 [INFO]  Epoch[1] Validation-cross-entropy=0.186429
2024-04-01 20:33:24,818 [INFO]  Epoch[1] Validation-Fresh-accuracy=0.000000
2024-04-01 20:33:25,052 [INFO]  Epoch[2] Batch [0-10]	Speed: 686.45 samples/sec	cross-entropy=0.318367	Fresh-accuracy=0.000000
2024-04-01 20:33:25,302 [INFO]  Epoch[2] Train-cross-entropy=0.276823
2024-04-01 20:33:25,302 [INFO]  Epoch[2] Train-Fresh-accuracy=0.000000
2024-04-01 20:33:25,302 [INFO]  Epoch[2] Time cost=0.484
2024-04-01 20:33:25,308 [INFO]  Saved checkpoint to "./imputer_model/imputer_model_Fresh/model-0002.params"
2024-04-01 20:33:25,313 [INFO]  Epoch[2] Validation-cross-entropy=0.164337
2024-04-01 20:33:25,313 [INFO]  Epoch[2] Validation-Fresh-accuracy=0.000000
2024-04-01 20:33:25,321 [INFO]  Epoch[3] Batch [0-10]	Speed: 27619.09 samples/sec	cross-entropy=0.186411	Fresh-accuracy=0.000000
2024-04-01 20:33:25,331 [INFO]  Epoch[3] Train-cross-entropy=0.183869
2024-04-01 20:33:25,331 [INFO]  Epoch[3] Train-Fresh-accuracy=0.000000
2024-04-01 20:33:25,331 [INFO]  Epoch[3] Time cost=0.018
2024-04-01 20:33:25,333 [INFO]  Saved checkpoint to "./imputer_model/imputer_model_Fresh/model-0003.params"
2024-04-01 20:33:25,334 [INFO]  Epoch[3] Validation-cross-entropy=0.169617
2024-04-01 20:33:25,334 [INFO]  Epoch[3] Validation-Fresh-accuracy=0.000000
2024-04-01 20:33:25,341 [INFO]  Epoch[4] Batch [0-10]	Speed: 25058.39 samples/sec	cross-entropy=0.142455	Fresh-accuracy=0.000000
2024-04-01 20:33:25,395 [INFO]  Epoch[4] Train-cross-entropy=0.135495
2024-04-01 20:33:25,395 [INFO]  Epoch[4] Train-Fresh-accuracy=0.000000
2024-04-01 20:33:25,395 [INFO]  Epoch[4] Time cost=0.062
2024-04-01 20:33:25,399 [INFO]  Saved checkpoint to "./imputer_model/imputer_model_Fresh/model-0004.params"
2024-04-01 20:33:25,409 [INFO]  Epoch[4] Validation-cross-entropy=0.124784
2024-04-01 20:33:25,409 [INFO]  Epoch[4] Validation-Fresh-accuracy=0.000000
2024-04-01 20:33:25,409 [INFO]  
========== done (0.8473310470581055 s) fit model
2024-04-01 20:33:37,551 [INFO]  
========== start: fit model
2024-04-01 20:33:37,552 [WARNING]  Already bound, ignoring bind()
2024-04-01 20:33:37,601 [INFO]  Epoch[0] Batch [0-10]	Speed: 27272.27 samples/sec	cross-entropy=10.461443	Fresh-accuracy=3.363636
2024-04-01 20:33:38,225 [INFO]  Epoch[0] Train-cross-entropy=9.851733
2024-04-01 20:33:38,225 [INFO]  Epoch[0] Train-Fresh-accuracy=3.400000
2024-04-01 20:33:38,225 [INFO]  Epoch[0] Time cost=0.673
2024-04-01 20:33:38,227 [INFO]  Saved checkpoint to "./imputer_model/imputer_model_Fresh/model-0000.params"
2024-04-01 20:33:38,291 [INFO]  Epoch[0] Validation-cross-entropy=32.419494
2024-04-01 20:33:38,291 [INFO]  Epoch[0] Validation-Fresh-accuracy=0.000000
2024-04-01 20:33:38,387 [INFO]  Epoch[1] Batch [0-10]	Speed: 1687.85 samples/sec	cross-entropy=1.817749	Fresh-accuracy=3.363636
2024-04-01 20:33:38,797 [INFO]  Epoch[1] Train-cross-entropy=1.497880
2024-04-01 20:33:38,797 [INFO]  Epoch[1] Train-Fresh-accuracy=3.400000
2024-04-01 20:33:38,797 [INFO]  Epoch[1] Time cost=0.506
2024-04-01 20:33:38,799 [INFO]  Saved checkpoint to "./imputer_model/imputer_model_Fresh/model-0001.params"
2024-04-01 20:33:38,800 [INFO]  Epoch[1] Validation-cross-entropy=0.716247
2024-04-01 20:33:38,800 [INFO]  Epoch[1] Validation-Fresh-accuracy=0.000000
2024-04-01 20:33:38,835 [INFO]  Epoch[2] Batch [0-10]	Speed: 4607.61 samples/sec	cross-entropy=0.492760	Fresh-accuracy=3.363636
2024-04-01 20:33:39,207 [INFO]  Epoch[2] Train-cross-entropy=0.442233
2024-04-01 20:33:39,207 [INFO]  Epoch[2] Train-Fresh-accuracy=3.400000
2024-04-01 20:33:39,207 [INFO]  Epoch[2] Time cost=0.407
2024-04-01 20:33:39,209 [INFO]  Saved checkpoint to "./imputer_model/imputer_model_Fresh/model-0002.params"
2024-04-01 20:33:39,209 [INFO]  Epoch[2] Validation-cross-entropy=1.132900
2024-04-01 20:33:39,210 [INFO]  Epoch[2] Validation-Fresh-accuracy=0.000000
2024-04-01 20:33:39,288 [INFO]  Epoch[3] Batch [0-10]	Speed: 2314.27 samples/sec	cross-entropy=0.231555	Fresh-accuracy=3.363636
2024-04-01 20:33:39,375 [INFO]  Epoch[3] Train-cross-entropy=0.217942
2024-04-01 20:33:39,375 [INFO]  Epoch[3] Train-Fresh-accuracy=3.400000
2024-04-01 20:33:39,375 [INFO]  Epoch[3] Time cost=0.166
2024-04-01 20:33:39,377 [INFO]  Saved checkpoint to "./imputer_model/imputer_model_Fresh/model-0003.params"
2024-04-01 20:33:39,378 [INFO]  Epoch[3] Validation-cross-entropy=0.187412
2024-04-01 20:33:39,378 [INFO]  Epoch[3] Validation-Fresh-accuracy=0.000000
2024-04-01 20:33:39,388 [INFO]  Epoch[4] Batch [0-10]	Speed: 17644.90 samples/sec	cross-entropy=0.102497	Fresh-accuracy=3.363636
2024-04-01 20:33:39,414 [INFO]  Epoch[4] Train-cross-entropy=0.102524
2024-04-01 20:33:39,414 [INFO]  Epoch[4] Train-Fresh-accuracy=3.400000
2024-04-01 20:33:39,414 [INFO]  Epoch[4] Time cost=0.037
2024-04-01 20:33:39,416 [INFO]  Saved checkpoint to "./imputer_model/imputer_model_Fresh/model-0004.params"
2024-04-01 20:33:39,417 [INFO]  Epoch[4] Validation-cross-entropy=0.277430
2024-04-01 20:33:39,417 [INFO]  Epoch[4] Validation-Fresh-accuracy=0.000000
2024-04-01 20:33:39,417 [INFO]  
========== done (1.8656461238861084 s) fit model
2024-04-01 20:33:53,183 [INFO]  
========== start: fit model
2024-04-01 20:33:53,184 [WARNING]  Already bound, ignoring bind()
2024-04-01 20:33:53,322 [INFO]  Epoch[0] Batch [0-10]	Speed: 17012.41 samples/sec	cross-entropy=11.813127	Fresh-accuracy=3.181818
2024-04-01 20:33:53,430 [INFO]  Epoch[0] Train-cross-entropy=8.335807
2024-04-01 20:33:53,430 [INFO]  Epoch[0] Train-Fresh-accuracy=3.300000
2024-04-01 20:33:53,430 [INFO]  Epoch[0] Time cost=0.241
2024-04-01 20:33:53,432 [INFO]  Saved checkpoint to "./imputer_model/imputer_model_Fresh/model-0000.params"
2024-04-01 20:33:53,432 [INFO]  Epoch[0] Validation-cross-entropy=0.770053
2024-04-01 20:33:53,432 [INFO]  Epoch[0] Validation-Fresh-accuracy=0.000000
2024-04-01 20:33:53,452 [INFO]  Epoch[1] Batch [0-10]	Speed: 8728.59 samples/sec	cross-entropy=1.086772	Fresh-accuracy=3.181818
2024-04-01 20:33:53,460 [INFO]  Epoch[1] Train-cross-entropy=0.930920
2024-04-01 20:33:53,461 [INFO]  Epoch[1] Train-Fresh-accuracy=3.300000
2024-04-01 20:33:53,461 [INFO]  Epoch[1] Time cost=0.028
2024-04-01 20:33:53,462 [INFO]  Saved checkpoint to "./imputer_model/imputer_model_Fresh/model-0001.params"
2024-04-01 20:33:53,463 [INFO]  Epoch[1] Validation-cross-entropy=1.172268
2024-04-01 20:33:53,463 [INFO]  Epoch[1] Validation-Fresh-accuracy=0.000000
2024-04-01 20:33:53,473 [INFO]  Epoch[2] Batch [0-10]	Speed: 17942.11 samples/sec	cross-entropy=1.229664	Fresh-accuracy=3.181818
2024-04-01 20:33:53,483 [INFO]  Epoch[2] Train-cross-entropy=0.948794
2024-04-01 20:33:53,483 [INFO]  Epoch[2] Train-Fresh-accuracy=3.300000
2024-04-01 20:33:53,483 [INFO]  Epoch[2] Time cost=0.020
2024-04-01 20:33:53,485 [INFO]  Saved checkpoint to "./imputer_model/imputer_model_Fresh/model-0002.params"
2024-04-01 20:33:53,486 [INFO]  Epoch[2] Validation-cross-entropy=0.305454
2024-04-01 20:33:53,486 [INFO]  Epoch[2] Validation-Fresh-accuracy=0.000000
2024-04-01 20:33:53,493 [INFO]  Epoch[3] Batch [0-10]	Speed: 25063.07 samples/sec	cross-entropy=0.675279	Fresh-accuracy=3.181818
2024-04-01 20:33:53,499 [INFO]  Epoch[3] Train-cross-entropy=0.679235
2024-04-01 20:33:53,499 [INFO]  Epoch[3] Train-Fresh-accuracy=3.300000
2024-04-01 20:33:53,499 [INFO]  Epoch[3] Time cost=0.013
2024-04-01 20:33:53,501 [INFO]  Saved checkpoint to "./imputer_model/imputer_model_Fresh/model-0003.params"
2024-04-01 20:33:53,507 [INFO]  Epoch[3] Validation-cross-entropy=0.178954
2024-04-01 20:33:53,507 [INFO]  Epoch[3] Validation-Fresh-accuracy=0.000000
2024-04-01 20:33:54,471 [INFO]  Epoch[4] Batch [0-10]	Speed: 408.72 samples/sec	cross-entropy=0.334068	Fresh-accuracy=3.181818
2024-04-01 20:33:55,820 [INFO]  Epoch[4] Train-cross-entropy=0.255495
2024-04-01 20:33:55,820 [INFO]  Epoch[4] Train-Fresh-accuracy=3.300000
2024-04-01 20:33:55,820 [INFO]  Epoch[4] Time cost=2.313
2024-04-01 20:33:55,822 [INFO]  Saved checkpoint to "./imputer_model/imputer_model_Fresh/model-0004.params"
2024-04-01 20:33:55,822 [INFO]  Epoch[4] Validation-cross-entropy=0.196387
2024-04-01 20:33:55,823 [INFO]  Epoch[4] Validation-Fresh-accuracy=0.000000
2024-04-01 20:33:55,823 [INFO]  
========== done (2.6392955780029297 s) fit model
2024-04-01 20:34:06,519 [INFO]  
========== start: fit model
2024-04-01 20:34:06,519 [WARNING]  Already bound, ignoring bind()
2024-04-01 20:34:07,010 [INFO]  Epoch[0] Batch [0-10]	Speed: 22790.49 samples/sec	cross-entropy=10.131345	Fresh-accuracy=2.545455
2024-04-01 20:34:07,459 [INFO]  Epoch[0] Train-cross-entropy=8.253817
2024-04-01 20:34:07,459 [INFO]  Epoch[0] Train-Fresh-accuracy=3.000000
2024-04-01 20:34:07,459 [INFO]  Epoch[0] Time cost=0.939
2024-04-01 20:34:07,460 [INFO]  Saved checkpoint to "./imputer_model/imputer_model_Fresh/model-0000.params"
2024-04-01 20:34:07,595 [INFO]  Epoch[0] Validation-cross-entropy=1.386746
2024-04-01 20:34:07,595 [INFO]  Epoch[0] Validation-Fresh-accuracy=0.000000
2024-04-01 20:34:08,825 [INFO]  Epoch[1] Batch [0-10]	Speed: 150.91 samples/sec	cross-entropy=1.510417	Fresh-accuracy=2.545455
2024-04-01 20:34:08,833 [INFO]  Epoch[1] Train-cross-entropy=1.229970
2024-04-01 20:34:08,833 [INFO]  Epoch[1] Train-Fresh-accuracy=3.000000
2024-04-01 20:34:08,834 [INFO]  Epoch[1] Time cost=1.238
2024-04-01 20:34:08,835 [INFO]  Saved checkpoint to "./imputer_model/imputer_model_Fresh/model-0001.params"
2024-04-01 20:34:08,836 [INFO]  Epoch[1] Validation-cross-entropy=0.862186
2024-04-01 20:34:08,836 [INFO]  Epoch[1] Validation-Fresh-accuracy=0.000000
2024-04-01 20:34:08,911 [INFO]  Epoch[2] Batch [0-10]	Speed: 2150.84 samples/sec	cross-entropy=1.184930	Fresh-accuracy=2.545455
2024-04-01 20:34:08,922 [INFO]  Epoch[2] Train-cross-entropy=0.838812
2024-04-01 20:34:08,923 [INFO]  Epoch[2] Train-Fresh-accuracy=3.000000
2024-04-01 20:34:08,923 [INFO]  Epoch[2] Time cost=0.087
2024-04-01 20:34:08,926 [INFO]  Saved checkpoint to "./imputer_model/imputer_model_Fresh/model-0002.params"
2024-04-01 20:34:08,946 [INFO]  Epoch[2] Validation-cross-entropy=1.553838
2024-04-01 20:34:08,947 [INFO]  Epoch[2] Validation-Fresh-accuracy=0.000000
2024-04-01 20:34:09,326 [INFO]  Epoch[3] Batch [0-10]	Speed: 430.58 samples/sec	cross-entropy=0.925807	Fresh-accuracy=2.545455
2024-04-01 20:34:09,334 [INFO]  Epoch[3] Train-cross-entropy=0.663818
2024-04-01 20:34:09,334 [INFO]  Epoch[3] Train-Fresh-accuracy=3.000000
2024-04-01 20:34:09,334 [INFO]  Epoch[3] Time cost=0.387
2024-04-01 20:34:09,335 [INFO]  Saved checkpoint to "./imputer_model/imputer_model_Fresh/model-0003.params"
2024-04-01 20:34:09,336 [INFO]  Epoch[3] Validation-cross-entropy=1.356310
2024-04-01 20:34:09,336 [INFO]  Epoch[3] Validation-Fresh-accuracy=0.000000
2024-04-01 20:34:09,346 [INFO]  Epoch[4] Batch [0-10]	Speed: 17466.26 samples/sec	cross-entropy=0.510089	Fresh-accuracy=2.545455
2024-04-01 20:34:09,378 [INFO]  Epoch[4] Train-cross-entropy=0.389687
2024-04-01 20:34:09,378 [INFO]  Epoch[4] Train-Fresh-accuracy=3.000000
2024-04-01 20:34:09,378 [INFO]  Epoch[4] Time cost=0.042
2024-04-01 20:34:09,379 [INFO]  Saved checkpoint to "./imputer_model/imputer_model_Fresh/model-0004.params"
2024-04-01 20:34:09,380 [INFO]  Epoch[4] Validation-cross-entropy=1.325355
2024-04-01 20:34:09,380 [INFO]  Epoch[4] Validation-Fresh-accuracy=0.000000
2024-04-01 20:34:09,380 [INFO]  
========== done (2.8615057468414307 s) fit model
2024-04-01 20:34:22,195 [INFO]  
========== start: fit model
2024-04-01 20:34:22,195 [WARNING]  Already bound, ignoring bind()
2024-04-01 20:34:22,230 [INFO]  Epoch[0] Batch [0-10]	Speed: 27512.65 samples/sec	cross-entropy=2.146211	Fresh-accuracy=4.000000
2024-04-01 20:34:22,246 [INFO]  Epoch[0] Train-cross-entropy=1.907091
2024-04-01 20:34:22,247 [INFO]  Epoch[0] Train-Fresh-accuracy=3.600000
2024-04-01 20:34:22,247 [INFO]  Epoch[0] Time cost=0.050
2024-04-01 20:34:22,249 [INFO]  Saved checkpoint to "./imputer_model/imputer_model_Fresh/model-0000.params"
2024-04-01 20:34:22,263 [INFO]  Epoch[0] Validation-cross-entropy=1.880998
2024-04-01 20:34:22,263 [INFO]  Epoch[0] Validation-Fresh-accuracy=0.000000
2024-04-01 20:34:22,465 [INFO]  Epoch[1] Batch [0-10]	Speed: 1047.70 samples/sec	cross-entropy=0.648395	Fresh-accuracy=4.000000
2024-04-01 20:34:22,699 [INFO]  Epoch[1] Train-cross-entropy=0.560591
2024-04-01 20:34:22,700 [INFO]  Epoch[1] Train-Fresh-accuracy=3.600000
2024-04-01 20:34:22,700 [INFO]  Epoch[1] Time cost=0.437
2024-04-01 20:34:22,701 [INFO]  Saved checkpoint to "./imputer_model/imputer_model_Fresh/model-0001.params"
2024-04-01 20:34:22,702 [INFO]  Epoch[1] Validation-cross-entropy=0.214691
2024-04-01 20:34:22,702 [INFO]  Epoch[1] Validation-Fresh-accuracy=0.000000
2024-04-01 20:34:22,713 [INFO]  Epoch[2] Batch [0-10]	Speed: 17156.37 samples/sec	cross-entropy=0.190062	Fresh-accuracy=4.000000
2024-04-01 20:34:22,793 [INFO]  Epoch[2] Train-cross-entropy=0.260941
2024-04-01 20:34:22,793 [INFO]  Epoch[2] Train-Fresh-accuracy=3.600000
2024-04-01 20:34:22,793 [INFO]  Epoch[2] Time cost=0.091
2024-04-01 20:34:22,797 [INFO]  Saved checkpoint to "./imputer_model/imputer_model_Fresh/model-0002.params"
2024-04-01 20:34:22,856 [INFO]  Epoch[2] Validation-cross-entropy=0.767675
2024-04-01 20:34:22,856 [INFO]  Epoch[2] Validation-Fresh-accuracy=0.000000
2024-04-01 20:34:22,979 [INFO]  Epoch[3] Batch [0-10]	Speed: 1319.01 samples/sec	cross-entropy=0.216895	Fresh-accuracy=4.000000
2024-04-01 20:34:22,989 [INFO]  Epoch[3] Train-cross-entropy=0.194324
2024-04-01 20:34:22,990 [INFO]  Epoch[3] Train-Fresh-accuracy=3.600000
2024-04-01 20:34:22,990 [INFO]  Epoch[3] Time cost=0.133
2024-04-01 20:34:22,991 [INFO]  Saved checkpoint to "./imputer_model/imputer_model_Fresh/model-0003.params"
2024-04-01 20:34:22,992 [INFO]  Epoch[3] Validation-cross-entropy=0.134495
2024-04-01 20:34:22,992 [INFO]  Epoch[3] Validation-Fresh-accuracy=0.000000
2024-04-01 20:34:23,062 [INFO]  Epoch[4] Batch [0-10]	Speed: 2734.72 samples/sec	cross-entropy=0.110482	Fresh-accuracy=4.000000
2024-04-01 20:34:23,070 [INFO]  Epoch[4] Train-cross-entropy=0.380971
2024-04-01 20:34:23,070 [INFO]  Epoch[4] Train-Fresh-accuracy=3.600000
2024-04-01 20:34:23,070 [INFO]  Epoch[4] Time cost=0.078
2024-04-01 20:34:23,071 [INFO]  Saved checkpoint to "./imputer_model/imputer_model_Fresh/model-0004.params"
2024-04-01 20:34:23,072 [INFO]  Epoch[4] Validation-cross-entropy=0.389274
2024-04-01 20:34:23,072 [INFO]  Epoch[4] Validation-Fresh-accuracy=0.000000
2024-04-01 20:34:23,072 [INFO]  
========== done (0.8773162364959717 s) fit model
2024-04-01 20:34:36,823 [INFO]  
========== start: fit model
2024-04-01 20:34:36,824 [WARNING]  Already bound, ignoring bind()
2024-04-01 20:34:37,269 [INFO]  Epoch[0] Batch [0-10]	Speed: 370.38 samples/sec	cross-entropy=6.383297	Fresh-accuracy=0.000000
2024-04-01 20:34:37,277 [INFO]  Epoch[0] Train-cross-entropy=4.057924
2024-04-01 20:34:37,277 [INFO]  Epoch[0] Train-Fresh-accuracy=0.000000
2024-04-01 20:34:37,277 [INFO]  Epoch[0] Time cost=0.452
2024-04-01 20:34:37,278 [INFO]  Saved checkpoint to "./imputer_model/imputer_model_Fresh/model-0000.params"
2024-04-01 20:34:37,279 [INFO]  Epoch[0] Validation-cross-entropy=1.056509
2024-04-01 20:34:37,279 [INFO]  Epoch[0] Validation-Fresh-accuracy=0.000000
2024-04-01 20:34:37,323 [INFO]  Epoch[1] Batch [0-10]	Speed: 3716.52 samples/sec	cross-entropy=0.833357	Fresh-accuracy=0.000000
2024-04-01 20:34:37,330 [INFO]  Epoch[1] Train-cross-entropy=0.722397
2024-04-01 20:34:37,330 [INFO]  Epoch[1] Train-Fresh-accuracy=0.000000
2024-04-01 20:34:37,330 [INFO]  Epoch[1] Time cost=0.051
2024-04-01 20:34:37,331 [INFO]  Saved checkpoint to "./imputer_model/imputer_model_Fresh/model-0001.params"
2024-04-01 20:34:37,332 [INFO]  Epoch[1] Validation-cross-entropy=0.671978
2024-04-01 20:34:37,332 [INFO]  Epoch[1] Validation-Fresh-accuracy=0.000000
2024-04-01 20:34:37,372 [INFO]  Epoch[2] Batch [0-10]	Speed: 4152.90 samples/sec	cross-entropy=0.418124	Fresh-accuracy=0.000000
2024-04-01 20:34:37,762 [INFO]  Epoch[2] Train-cross-entropy=0.325045
2024-04-01 20:34:37,762 [INFO]  Epoch[2] Train-Fresh-accuracy=0.000000
2024-04-01 20:34:37,762 [INFO]  Epoch[2] Time cost=0.430
2024-04-01 20:34:37,763 [INFO]  Saved checkpoint to "./imputer_model/imputer_model_Fresh/model-0002.params"
2024-04-01 20:34:37,764 [INFO]  Epoch[2] Validation-cross-entropy=0.121749
2024-04-01 20:34:37,764 [INFO]  Epoch[2] Validation-Fresh-accuracy=0.000000
2024-04-01 20:34:37,780 [INFO]  Epoch[3] Batch [0-10]	Speed: 10911.48 samples/sec	cross-entropy=0.132898	Fresh-accuracy=0.000000
2024-04-01 20:34:37,788 [INFO]  Epoch[3] Train-cross-entropy=0.118178
2024-04-01 20:34:37,788 [INFO]  Epoch[3] Train-Fresh-accuracy=0.000000
2024-04-01 20:34:37,788 [INFO]  Epoch[3] Time cost=0.024
2024-04-01 20:34:37,789 [INFO]  Saved checkpoint to "./imputer_model/imputer_model_Fresh/model-0003.params"
2024-04-01 20:34:37,790 [INFO]  Epoch[3] Validation-cross-entropy=0.104624
2024-04-01 20:34:37,790 [INFO]  Epoch[3] Validation-Fresh-accuracy=0.000000
2024-04-01 20:34:38,008 [INFO]  Epoch[4] Batch [0-10]	Speed: 737.46 samples/sec	cross-entropy=0.073624	Fresh-accuracy=0.000000
2024-04-01 20:34:38,770 [INFO]  Epoch[4] Train-cross-entropy=0.068865
2024-04-01 20:34:38,770 [INFO]  Epoch[4] Train-Fresh-accuracy=0.000000
2024-04-01 20:34:38,770 [INFO]  Epoch[4] Time cost=0.980
2024-04-01 20:34:38,772 [INFO]  Saved checkpoint to "./imputer_model/imputer_model_Fresh/model-0004.params"
2024-04-01 20:34:38,773 [INFO]  Epoch[4] Validation-cross-entropy=0.060637
2024-04-01 20:34:38,773 [INFO]  Epoch[4] Validation-Fresh-accuracy=0.000000
2024-04-01 20:34:38,773 [INFO]  
========== done (1.9494154453277588 s) fit model
