2023-11-08 12:32:48,665 [INFO]  
========== start: fit model
2023-11-08 12:32:48,665 [WARNING]  Already bound, ignoring bind()
2023-11-08 12:32:48,675 [INFO]  Epoch[0] Batch [0-4]	Speed: 9968.64 samples/sec	cross-entropy=15.972638	mean_speed_in_air2-accuracy=3.200000
2023-11-08 12:32:48,680 [INFO]  Epoch[0] Train-cross-entropy=17.532281
2023-11-08 12:32:48,680 [INFO]  Epoch[0] Train-mean_speed_in_air2-accuracy=3.375000
2023-11-08 12:32:48,680 [INFO]  Epoch[0] Time cost=0.015
2023-11-08 12:32:48,684 [INFO]  Saved checkpoint to "./imputer_model/imputer_model_mean_speed_in_air2/model-0000.params"
2023-11-08 12:32:48,685 [INFO]  Epoch[0] Validation-cross-entropy=20.800030
2023-11-08 12:32:48,685 [INFO]  Epoch[0] Validation-mean_speed_in_air2-accuracy=0.000000
2023-11-08 12:32:48,692 [INFO]  Epoch[1] Batch [0-4]	Speed: 11175.96 samples/sec	cross-entropy=43.794927	mean_speed_in_air2-accuracy=3.200000
2023-11-08 12:32:48,697 [INFO]  Epoch[1] Train-cross-entropy=32.310563
2023-11-08 12:32:48,697 [INFO]  Epoch[1] Train-mean_speed_in_air2-accuracy=3.375000
2023-11-08 12:32:48,697 [INFO]  Epoch[1] Time cost=0.012
2023-11-08 12:32:48,699 [INFO]  Saved checkpoint to "./imputer_model/imputer_model_mean_speed_in_air2/model-0001.params"
2023-11-08 12:32:48,700 [INFO]  Epoch[1] Validation-cross-entropy=19.936369
2023-11-08 12:32:48,700 [INFO]  Epoch[1] Validation-mean_speed_in_air2-accuracy=0.000000
2023-11-08 12:32:48,707 [INFO]  Epoch[2] Batch [0-4]	Speed: 12299.45 samples/sec	cross-entropy=11.591797	mean_speed_in_air2-accuracy=3.200000
2023-11-08 12:32:48,711 [INFO]  Epoch[2] Train-cross-entropy=10.729530
2023-11-08 12:32:48,711 [INFO]  Epoch[2] Train-mean_speed_in_air2-accuracy=3.375000
2023-11-08 12:32:48,711 [INFO]  Epoch[2] Time cost=0.011
2023-11-08 12:32:48,712 [INFO]  Saved checkpoint to "./imputer_model/imputer_model_mean_speed_in_air2/model-0002.params"
2023-11-08 12:32:48,713 [INFO]  Epoch[2] Validation-cross-entropy=25.033409
2023-11-08 12:32:48,713 [INFO]  Epoch[2] Validation-mean_speed_in_air2-accuracy=0.000000
2023-11-08 12:32:48,719 [INFO]  Epoch[3] Batch [0-4]	Speed: 13839.02 samples/sec	cross-entropy=6.342945	mean_speed_in_air2-accuracy=3.200000
2023-11-08 12:32:48,723 [INFO]  Epoch[3] Train-cross-entropy=5.120625
2023-11-08 12:32:48,723 [INFO]  Epoch[3] Train-mean_speed_in_air2-accuracy=3.375000
2023-11-08 12:32:48,723 [INFO]  Epoch[3] Time cost=0.009
2023-11-08 12:32:48,724 [INFO]  Saved checkpoint to "./imputer_model/imputer_model_mean_speed_in_air2/model-0003.params"
2023-11-08 12:32:48,725 [INFO]  Epoch[3] Validation-cross-entropy=23.260508
2023-11-08 12:32:48,725 [INFO]  Epoch[3] Validation-mean_speed_in_air2-accuracy=0.000000
2023-11-08 12:32:48,730 [INFO]  Epoch[4] Batch [0-4]	Speed: 14275.44 samples/sec	cross-entropy=2.389819	mean_speed_in_air2-accuracy=3.200000
2023-11-08 12:32:48,734 [INFO]  Epoch[4] Train-cross-entropy=1.994392
2023-11-08 12:32:48,734 [INFO]  Epoch[4] Train-mean_speed_in_air2-accuracy=3.375000
2023-11-08 12:32:48,734 [INFO]  Epoch[4] Time cost=0.009
2023-11-08 12:32:48,735 [INFO]  Saved checkpoint to "./imputer_model/imputer_model_mean_speed_in_air2/model-0004.params"
2023-11-08 12:32:48,736 [INFO]  Epoch[4] Validation-cross-entropy=22.367220
2023-11-08 12:32:48,736 [INFO]  Epoch[4] Validation-mean_speed_in_air2-accuracy=0.000000
2023-11-08 12:32:48,736 [INFO]  
========== done (0.07116055488586426 s) fit model
2023-11-08 13:03:50,972 [INFO]  
========== start: fit model
2023-11-08 13:03:50,973 [WARNING]  Already bound, ignoring bind()
2023-11-08 13:03:50,981 [INFO]  Epoch[0] Batch [0-4]	Speed: 14331.08 samples/sec	cross-entropy=25.477361	mean_speed_in_air2-accuracy=0.000000
2023-11-08 13:03:50,985 [INFO]  Epoch[0] Train-cross-entropy=27.420011
2023-11-08 13:03:50,985 [INFO]  Epoch[0] Train-mean_speed_in_air2-accuracy=0.000000
2023-11-08 13:03:50,985 [INFO]  Epoch[0] Time cost=0.011
2023-11-08 13:03:50,986 [INFO]  Saved checkpoint to "./imputer_model/imputer_model_mean_speed_in_air2/model-0000.params"
2023-11-08 13:03:50,987 [INFO]  Epoch[0] Validation-cross-entropy=28.313276
2023-11-08 13:03:50,987 [INFO]  Epoch[0] Validation-mean_speed_in_air2-accuracy=0.000000
2023-11-08 13:03:50,994 [INFO]  Epoch[1] Batch [0-4]	Speed: 11495.67 samples/sec	cross-entropy=41.642797	mean_speed_in_air2-accuracy=0.000000
2023-11-08 13:03:50,998 [INFO]  Epoch[1] Train-cross-entropy=41.737196
2023-11-08 13:03:50,998 [INFO]  Epoch[1] Train-mean_speed_in_air2-accuracy=0.000000
2023-11-08 13:03:50,998 [INFO]  Epoch[1] Time cost=0.011
2023-11-08 13:03:51,000 [INFO]  Saved checkpoint to "./imputer_model/imputer_model_mean_speed_in_air2/model-0001.params"
2023-11-08 13:03:51,001 [INFO]  Epoch[1] Validation-cross-entropy=30.544910
2023-11-08 13:03:51,001 [INFO]  Epoch[1] Validation-mean_speed_in_air2-accuracy=0.000000
2023-11-08 13:03:51,007 [INFO]  Epoch[2] Batch [0-4]	Speed: 14010.93 samples/sec	cross-entropy=24.951998	mean_speed_in_air2-accuracy=0.000000
2023-11-08 13:03:51,011 [INFO]  Epoch[2] Train-cross-entropy=21.894039
2023-11-08 13:03:51,011 [INFO]  Epoch[2] Train-mean_speed_in_air2-accuracy=0.000000
2023-11-08 13:03:51,011 [INFO]  Epoch[2] Time cost=0.010
2023-11-08 13:03:51,013 [INFO]  Saved checkpoint to "./imputer_model/imputer_model_mean_speed_in_air2/model-0002.params"
2023-11-08 13:03:51,013 [INFO]  Epoch[2] Validation-cross-entropy=18.944374
2023-11-08 13:03:51,013 [INFO]  Epoch[2] Validation-mean_speed_in_air2-accuracy=0.000000
2023-11-08 13:03:51,019 [INFO]  Epoch[3] Batch [0-4]	Speed: 14561.19 samples/sec	cross-entropy=8.869933	mean_speed_in_air2-accuracy=0.000000
2023-11-08 13:03:51,022 [INFO]  Epoch[3] Train-cross-entropy=7.316764
2023-11-08 13:03:51,022 [INFO]  Epoch[3] Train-mean_speed_in_air2-accuracy=0.000000
2023-11-08 13:03:51,022 [INFO]  Epoch[3] Time cost=0.009
2023-11-08 13:03:51,024 [INFO]  Saved checkpoint to "./imputer_model/imputer_model_mean_speed_in_air2/model-0003.params"
2023-11-08 13:03:51,024 [INFO]  Epoch[3] Validation-cross-entropy=30.906654
2023-11-08 13:03:51,024 [INFO]  Epoch[3] Validation-mean_speed_in_air2-accuracy=0.000000
2023-11-08 13:03:51,030 [INFO]  Epoch[4] Batch [0-4]	Speed: 14982.17 samples/sec	cross-entropy=4.037442	mean_speed_in_air2-accuracy=0.000000
2023-11-08 13:03:51,033 [INFO]  Epoch[4] Train-cross-entropy=3.194181
2023-11-08 13:03:51,033 [INFO]  Epoch[4] Train-mean_speed_in_air2-accuracy=0.000000
2023-11-08 13:03:51,033 [INFO]  Epoch[4] Time cost=0.009
2023-11-08 13:03:51,035 [INFO]  Saved checkpoint to "./imputer_model/imputer_model_mean_speed_in_air2/model-0004.params"
2023-11-08 13:03:51,035 [INFO]  Epoch[4] Validation-cross-entropy=30.654007
2023-11-08 13:03:51,035 [INFO]  Epoch[4] Validation-mean_speed_in_air2-accuracy=0.000000
2023-11-08 13:03:51,035 [INFO]  
========== done (0.06275391578674316 s) fit model
2023-11-08 13:17:18,963 [INFO]  
========== start: fit model
2023-11-08 13:17:18,963 [WARNING]  Already bound, ignoring bind()
2023-11-08 13:17:18,970 [INFO]  Epoch[0] Batch [0-4]	Speed: 14209.70 samples/sec	cross-entropy=24.387090	mean_speed_in_air2-accuracy=0.000000
2023-11-08 13:17:18,973 [INFO]  Epoch[0] Train-cross-entropy=20.919417
2023-11-08 13:17:18,973 [INFO]  Epoch[0] Train-mean_speed_in_air2-accuracy=0.000000
2023-11-08 13:17:18,973 [INFO]  Epoch[0] Time cost=0.010
2023-11-08 13:17:18,975 [INFO]  Saved checkpoint to "./imputer_model/imputer_model_mean_speed_in_air2/model-0000.params"
2023-11-08 13:17:18,975 [INFO]  Epoch[0] Validation-cross-entropy=14.472531
2023-11-08 13:17:18,975 [INFO]  Epoch[0] Validation-mean_speed_in_air2-accuracy=0.000000
2023-11-08 13:17:18,981 [INFO]  Epoch[1] Batch [0-4]	Speed: 15016.53 samples/sec	cross-entropy=36.806837	mean_speed_in_air2-accuracy=0.000000
2023-11-08 13:17:18,984 [INFO]  Epoch[1] Train-cross-entropy=30.059654
2023-11-08 13:17:18,984 [INFO]  Epoch[1] Train-mean_speed_in_air2-accuracy=0.000000
2023-11-08 13:17:18,985 [INFO]  Epoch[1] Time cost=0.009
2023-11-08 13:17:18,988 [INFO]  Saved checkpoint to "./imputer_model/imputer_model_mean_speed_in_air2/model-0001.params"
2023-11-08 13:17:18,989 [INFO]  Epoch[1] Validation-cross-entropy=11.888711
2023-11-08 13:17:18,989 [INFO]  Epoch[1] Validation-mean_speed_in_air2-accuracy=0.000000
2023-11-08 13:17:18,996 [INFO]  Epoch[2] Batch [0-4]	Speed: 12225.51 samples/sec	cross-entropy=8.014860	mean_speed_in_air2-accuracy=0.000000
2023-11-08 13:17:18,998 [INFO]  Epoch[2] Train-cross-entropy=7.584867
2023-11-08 13:17:18,999 [INFO]  Epoch[2] Train-mean_speed_in_air2-accuracy=0.000000
2023-11-08 13:17:18,999 [INFO]  Epoch[2] Time cost=0.010
2023-11-08 13:17:19,001 [INFO]  Saved checkpoint to "./imputer_model/imputer_model_mean_speed_in_air2/model-0002.params"
2023-11-08 13:17:19,001 [INFO]  Epoch[2] Validation-cross-entropy=11.548594
2023-11-08 13:17:19,001 [INFO]  Epoch[2] Validation-mean_speed_in_air2-accuracy=0.000000
2023-11-08 13:17:19,006 [INFO]  Epoch[3] Batch [0-4]	Speed: 16933.85 samples/sec	cross-entropy=5.050266	mean_speed_in_air2-accuracy=0.000000
2023-11-08 13:17:19,009 [INFO]  Epoch[3] Train-cross-entropy=4.295581
2023-11-08 13:17:19,009 [INFO]  Epoch[3] Train-mean_speed_in_air2-accuracy=0.000000
2023-11-08 13:17:19,009 [INFO]  Epoch[3] Time cost=0.008
2023-11-08 13:17:19,011 [INFO]  Saved checkpoint to "./imputer_model/imputer_model_mean_speed_in_air2/model-0003.params"
2023-11-08 13:17:19,011 [INFO]  Epoch[3] Validation-cross-entropy=11.999567
2023-11-08 13:17:19,011 [INFO]  Epoch[3] Validation-mean_speed_in_air2-accuracy=0.000000
2023-11-08 13:17:19,016 [INFO]  Epoch[4] Batch [0-4]	Speed: 17984.42 samples/sec	cross-entropy=4.673728	mean_speed_in_air2-accuracy=0.000000
2023-11-08 13:17:19,019 [INFO]  Epoch[4] Train-cross-entropy=3.883278
2023-11-08 13:17:19,019 [INFO]  Epoch[4] Train-mean_speed_in_air2-accuracy=0.000000
2023-11-08 13:17:19,019 [INFO]  Epoch[4] Time cost=0.007
2023-11-08 13:17:19,020 [INFO]  Saved checkpoint to "./imputer_model/imputer_model_mean_speed_in_air2/model-0004.params"
2023-11-08 13:17:19,020 [INFO]  Epoch[4] Validation-cross-entropy=9.963625
2023-11-08 13:17:19,020 [INFO]  Epoch[4] Validation-mean_speed_in_air2-accuracy=0.000000
2023-11-08 13:17:19,020 [INFO]  
========== done (0.05763530731201172 s) fit model
2023-11-08 13:30:39,872 [INFO]  
========== start: fit model
2023-11-08 13:30:39,872 [WARNING]  Already bound, ignoring bind()
2023-11-08 13:30:39,879 [INFO]  Epoch[0] Batch [0-4]	Speed: 14099.98 samples/sec	cross-entropy=31.905283	mean_speed_in_air2-accuracy=0.000000
2023-11-08 13:30:39,882 [INFO]  Epoch[0] Train-cross-entropy=25.427740
2023-11-08 13:30:39,882 [INFO]  Epoch[0] Train-mean_speed_in_air2-accuracy=0.000000
2023-11-08 13:30:39,882 [INFO]  Epoch[0] Time cost=0.010
2023-11-08 13:30:39,883 [INFO]  Saved checkpoint to "./imputer_model/imputer_model_mean_speed_in_air2/model-0000.params"
2023-11-08 13:30:39,884 [INFO]  Epoch[0] Validation-cross-entropy=32.437160
2023-11-08 13:30:39,884 [INFO]  Epoch[0] Validation-mean_speed_in_air2-accuracy=0.000000
2023-11-08 13:30:39,889 [INFO]  Epoch[1] Batch [0-4]	Speed: 14567.51 samples/sec	cross-entropy=30.207883	mean_speed_in_air2-accuracy=0.000000
2023-11-08 13:30:39,894 [INFO]  Epoch[1] Train-cross-entropy=23.966753
2023-11-08 13:30:39,894 [INFO]  Epoch[1] Train-mean_speed_in_air2-accuracy=0.000000
2023-11-08 13:30:39,894 [INFO]  Epoch[1] Time cost=0.010
2023-11-08 13:30:39,897 [INFO]  Saved checkpoint to "./imputer_model/imputer_model_mean_speed_in_air2/model-0001.params"
2023-11-08 13:30:39,898 [INFO]  Epoch[1] Validation-cross-entropy=4.124236
2023-11-08 13:30:39,898 [INFO]  Epoch[1] Validation-mean_speed_in_air2-accuracy=0.000000
2023-11-08 13:30:39,905 [INFO]  Epoch[2] Batch [0-4]	Speed: 13081.65 samples/sec	cross-entropy=4.405557	mean_speed_in_air2-accuracy=0.000000
2023-11-08 13:30:39,908 [INFO]  Epoch[2] Train-cross-entropy=7.401666
2023-11-08 13:30:39,908 [INFO]  Epoch[2] Train-mean_speed_in_air2-accuracy=0.000000
2023-11-08 13:30:39,908 [INFO]  Epoch[2] Time cost=0.010
2023-11-08 13:30:39,911 [INFO]  Saved checkpoint to "./imputer_model/imputer_model_mean_speed_in_air2/model-0002.params"
2023-11-08 13:30:39,911 [INFO]  Epoch[2] Validation-cross-entropy=3.042924
2023-11-08 13:30:39,911 [INFO]  Epoch[2] Validation-mean_speed_in_air2-accuracy=0.000000
2023-11-08 13:30:39,916 [INFO]  Epoch[3] Batch [0-4]	Speed: 16827.70 samples/sec	cross-entropy=2.734504	mean_speed_in_air2-accuracy=0.000000
2023-11-08 13:30:39,919 [INFO]  Epoch[3] Train-cross-entropy=2.964476
2023-11-08 13:30:39,919 [INFO]  Epoch[3] Train-mean_speed_in_air2-accuracy=0.000000
2023-11-08 13:30:39,919 [INFO]  Epoch[3] Time cost=0.008
2023-11-08 13:30:39,921 [INFO]  Saved checkpoint to "./imputer_model/imputer_model_mean_speed_in_air2/model-0003.params"
2023-11-08 13:30:39,922 [INFO]  Epoch[3] Validation-cross-entropy=5.015291
2023-11-08 13:30:39,922 [INFO]  Epoch[3] Validation-mean_speed_in_air2-accuracy=0.000000
2023-11-08 13:30:39,927 [INFO]  Epoch[4] Batch [0-4]	Speed: 16293.50 samples/sec	cross-entropy=1.480093	mean_speed_in_air2-accuracy=0.000000
2023-11-08 13:30:39,930 [INFO]  Epoch[4] Train-cross-entropy=1.298073
2023-11-08 13:30:39,930 [INFO]  Epoch[4] Train-mean_speed_in_air2-accuracy=0.000000
2023-11-08 13:30:39,930 [INFO]  Epoch[4] Time cost=0.008
2023-11-08 13:30:39,931 [INFO]  Saved checkpoint to "./imputer_model/imputer_model_mean_speed_in_air2/model-0004.params"
2023-11-08 13:30:39,931 [INFO]  Epoch[4] Validation-cross-entropy=6.031663
2023-11-08 13:30:39,931 [INFO]  Epoch[4] Validation-mean_speed_in_air2-accuracy=0.000000
2023-11-08 13:30:39,931 [INFO]  
========== done (0.05984330177307129 s) fit model
2023-11-08 13:43:59,607 [INFO]  
========== start: fit model
2023-11-08 13:43:59,607 [WARNING]  Already bound, ignoring bind()
2023-11-08 13:43:59,614 [INFO]  Epoch[0] Batch [0-4]	Speed: 14312.74 samples/sec	cross-entropy=21.447302	mean_speed_in_air2-accuracy=0.000000
2023-11-08 13:43:59,618 [INFO]  Epoch[0] Train-cross-entropy=23.398976
2023-11-08 13:43:59,618 [INFO]  Epoch[0] Train-mean_speed_in_air2-accuracy=0.000000
2023-11-08 13:43:59,618 [INFO]  Epoch[0] Time cost=0.010
2023-11-08 13:43:59,619 [INFO]  Saved checkpoint to "./imputer_model/imputer_model_mean_speed_in_air2/model-0000.params"
2023-11-08 13:43:59,619 [INFO]  Epoch[0] Validation-cross-entropy=16.483416
2023-11-08 13:43:59,619 [INFO]  Epoch[0] Validation-mean_speed_in_air2-accuracy=0.000000
2023-11-08 13:43:59,625 [INFO]  Epoch[1] Batch [0-4]	Speed: 15657.69 samples/sec	cross-entropy=52.911373	mean_speed_in_air2-accuracy=0.000000
2023-11-08 13:43:59,629 [INFO]  Epoch[1] Train-cross-entropy=43.484488
2023-11-08 13:43:59,629 [INFO]  Epoch[1] Train-mean_speed_in_air2-accuracy=0.000000
2023-11-08 13:43:59,629 [INFO]  Epoch[1] Time cost=0.010
2023-11-08 13:43:59,631 [INFO]  Saved checkpoint to "./imputer_model/imputer_model_mean_speed_in_air2/model-0001.params"
2023-11-08 13:43:59,631 [INFO]  Epoch[1] Validation-cross-entropy=30.469805
2023-11-08 13:43:59,631 [INFO]  Epoch[1] Validation-mean_speed_in_air2-accuracy=0.000000
2023-11-08 13:43:59,636 [INFO]  Epoch[2] Batch [0-4]	Speed: 18856.10 samples/sec	cross-entropy=23.159111	mean_speed_in_air2-accuracy=0.000000
2023-11-08 13:43:59,638 [INFO]  Epoch[2] Train-cross-entropy=16.696525
2023-11-08 13:43:59,638 [INFO]  Epoch[2] Train-mean_speed_in_air2-accuracy=0.000000
2023-11-08 13:43:59,638 [INFO]  Epoch[2] Time cost=0.007
2023-11-08 13:43:59,640 [INFO]  Saved checkpoint to "./imputer_model/imputer_model_mean_speed_in_air2/model-0002.params"
2023-11-08 13:43:59,640 [INFO]  Epoch[2] Validation-cross-entropy=19.207130
2023-11-08 13:43:59,640 [INFO]  Epoch[2] Validation-mean_speed_in_air2-accuracy=0.000000
2023-11-08 13:43:59,644 [INFO]  Epoch[3] Batch [0-4]	Speed: 23746.94 samples/sec	cross-entropy=7.899870	mean_speed_in_air2-accuracy=0.000000
2023-11-08 13:43:59,646 [INFO]  Epoch[3] Train-cross-entropy=5.990309
2023-11-08 13:43:59,646 [INFO]  Epoch[3] Train-mean_speed_in_air2-accuracy=0.000000
2023-11-08 13:43:59,646 [INFO]  Epoch[3] Time cost=0.006
2023-11-08 13:43:59,647 [INFO]  Saved checkpoint to "./imputer_model/imputer_model_mean_speed_in_air2/model-0003.params"
2023-11-08 13:43:59,648 [INFO]  Epoch[3] Validation-cross-entropy=5.522784
2023-11-08 13:43:59,648 [INFO]  Epoch[3] Validation-mean_speed_in_air2-accuracy=0.000000
2023-11-08 13:43:59,652 [INFO]  Epoch[4] Batch [0-4]	Speed: 20388.54 samples/sec	cross-entropy=1.688985	mean_speed_in_air2-accuracy=0.000000
2023-11-08 13:43:59,654 [INFO]  Epoch[4] Train-cross-entropy=2.281954
2023-11-08 13:43:59,654 [INFO]  Epoch[4] Train-mean_speed_in_air2-accuracy=0.000000
2023-11-08 13:43:59,654 [INFO]  Epoch[4] Time cost=0.007
2023-11-08 13:43:59,655 [INFO]  Saved checkpoint to "./imputer_model/imputer_model_mean_speed_in_air2/model-0004.params"
2023-11-08 13:43:59,656 [INFO]  Epoch[4] Validation-cross-entropy=5.218834
2023-11-08 13:43:59,656 [INFO]  Epoch[4] Validation-mean_speed_in_air2-accuracy=0.000000
2023-11-08 13:43:59,656 [INFO]  
========== done (0.04862403869628906 s) fit model
2023-11-08 13:57:21,456 [INFO]  
========== start: fit model
2023-11-08 13:57:21,457 [WARNING]  Already bound, ignoring bind()
2023-11-08 13:57:21,465 [INFO]  Epoch[0] Batch [0-4]	Speed: 9950.16 samples/sec	cross-entropy=14.695478	mean_speed_in_air2-accuracy=0.000000
2023-11-08 13:57:21,470 [INFO]  Epoch[0] Train-cross-entropy=19.516155
2023-11-08 13:57:21,470 [INFO]  Epoch[0] Train-mean_speed_in_air2-accuracy=0.000000
2023-11-08 13:57:21,470 [INFO]  Epoch[0] Time cost=0.013
2023-11-08 13:57:21,473 [INFO]  Saved checkpoint to "./imputer_model/imputer_model_mean_speed_in_air2/model-0000.params"
2023-11-08 13:57:21,474 [INFO]  Epoch[0] Validation-cross-entropy=68.019295
2023-11-08 13:57:21,474 [INFO]  Epoch[0] Validation-mean_speed_in_air2-accuracy=0.000000
2023-11-08 13:57:21,481 [INFO]  Epoch[1] Batch [0-4]	Speed: 11431.54 samples/sec	cross-entropy=35.393268	mean_speed_in_air2-accuracy=0.000000
2023-11-08 13:57:21,486 [INFO]  Epoch[1] Train-cross-entropy=36.718489
2023-11-08 13:57:21,486 [INFO]  Epoch[1] Train-mean_speed_in_air2-accuracy=0.000000
2023-11-08 13:57:21,486 [INFO]  Epoch[1] Time cost=0.012
2023-11-08 13:57:21,488 [INFO]  Saved checkpoint to "./imputer_model/imputer_model_mean_speed_in_air2/model-0001.params"
2023-11-08 13:57:21,489 [INFO]  Epoch[1] Validation-cross-entropy=41.782097
2023-11-08 13:57:21,489 [INFO]  Epoch[1] Validation-mean_speed_in_air2-accuracy=0.000000
2023-11-08 13:57:21,496 [INFO]  Epoch[2] Batch [0-4]	Speed: 12808.87 samples/sec	cross-entropy=3.960755	mean_speed_in_air2-accuracy=0.000000
2023-11-08 13:57:21,499 [INFO]  Epoch[2] Train-cross-entropy=7.844670
2023-11-08 13:57:21,499 [INFO]  Epoch[2] Train-mean_speed_in_air2-accuracy=0.000000
2023-11-08 13:57:21,499 [INFO]  Epoch[2] Time cost=0.010
2023-11-08 13:57:21,501 [INFO]  Saved checkpoint to "./imputer_model/imputer_model_mean_speed_in_air2/model-0002.params"
2023-11-08 13:57:21,501 [INFO]  Epoch[2] Validation-cross-entropy=30.067854
2023-11-08 13:57:21,501 [INFO]  Epoch[2] Validation-mean_speed_in_air2-accuracy=0.000000
2023-11-08 13:57:21,507 [INFO]  Epoch[3] Batch [0-4]	Speed: 14086.66 samples/sec	cross-entropy=2.980947	mean_speed_in_air2-accuracy=0.000000
2023-11-08 13:57:21,511 [INFO]  Epoch[3] Train-cross-entropy=2.893914
2023-11-08 13:57:21,511 [INFO]  Epoch[3] Train-mean_speed_in_air2-accuracy=0.000000
2023-11-08 13:57:21,511 [INFO]  Epoch[3] Time cost=0.009
2023-11-08 13:57:21,512 [INFO]  Saved checkpoint to "./imputer_model/imputer_model_mean_speed_in_air2/model-0003.params"
2023-11-08 13:57:21,513 [INFO]  Epoch[3] Validation-cross-entropy=19.085749
2023-11-08 13:57:21,513 [INFO]  Epoch[3] Validation-mean_speed_in_air2-accuracy=0.000000
2023-11-08 13:57:21,518 [INFO]  Epoch[4] Batch [0-4]	Speed: 14445.99 samples/sec	cross-entropy=1.764577	mean_speed_in_air2-accuracy=0.000000
2023-11-08 13:57:21,522 [INFO]  Epoch[4] Train-cross-entropy=1.561580
2023-11-08 13:57:21,522 [INFO]  Epoch[4] Train-mean_speed_in_air2-accuracy=0.000000
2023-11-08 13:57:21,522 [INFO]  Epoch[4] Time cost=0.009
2023-11-08 13:57:21,523 [INFO]  Saved checkpoint to "./imputer_model/imputer_model_mean_speed_in_air2/model-0004.params"
2023-11-08 13:57:21,524 [INFO]  Epoch[4] Validation-cross-entropy=33.019077
2023-11-08 13:57:21,524 [INFO]  Epoch[4] Validation-mean_speed_in_air2-accuracy=0.000000
2023-11-08 13:57:21,524 [INFO]  
========== done (0.067657470703125 s) fit model
2023-11-08 14:10:45,716 [INFO]  
========== start: fit model
2023-11-08 14:10:45,716 [WARNING]  Already bound, ignoring bind()
2023-11-08 14:10:45,723 [INFO]  Epoch[0] Batch [0-4]	Speed: 14166.95 samples/sec	cross-entropy=21.199132	mean_speed_in_air2-accuracy=2.600000
2023-11-08 14:10:45,728 [INFO]  Epoch[0] Train-cross-entropy=19.811860
2023-11-08 14:10:45,728 [INFO]  Epoch[0] Train-mean_speed_in_air2-accuracy=2.625000
2023-11-08 14:10:45,728 [INFO]  Epoch[0] Time cost=0.011
2023-11-08 14:10:45,731 [INFO]  Saved checkpoint to "./imputer_model/imputer_model_mean_speed_in_air2/model-0000.params"
2023-11-08 14:10:45,732 [INFO]  Epoch[0] Validation-cross-entropy=16.148912
2023-11-08 14:10:45,732 [INFO]  Epoch[0] Validation-mean_speed_in_air2-accuracy=0.000000
2023-11-08 14:10:45,739 [INFO]  Epoch[1] Batch [0-4]	Speed: 12044.49 samples/sec	cross-entropy=35.188860	mean_speed_in_air2-accuracy=2.600000
2023-11-08 14:10:45,743 [INFO]  Epoch[1] Train-cross-entropy=31.155479
2023-11-08 14:10:45,743 [INFO]  Epoch[1] Train-mean_speed_in_air2-accuracy=2.625000
2023-11-08 14:10:45,743 [INFO]  Epoch[1] Time cost=0.011
2023-11-08 14:10:45,745 [INFO]  Saved checkpoint to "./imputer_model/imputer_model_mean_speed_in_air2/model-0001.params"
2023-11-08 14:10:45,746 [INFO]  Epoch[1] Validation-cross-entropy=10.477164
2023-11-08 14:10:45,746 [INFO]  Epoch[1] Validation-mean_speed_in_air2-accuracy=0.000000
2023-11-08 14:10:45,752 [INFO]  Epoch[2] Batch [0-4]	Speed: 12860.42 samples/sec	cross-entropy=5.200768	mean_speed_in_air2-accuracy=2.600000
2023-11-08 14:10:45,756 [INFO]  Epoch[2] Train-cross-entropy=7.074148
2023-11-08 14:10:45,756 [INFO]  Epoch[2] Train-mean_speed_in_air2-accuracy=2.625000
2023-11-08 14:10:45,756 [INFO]  Epoch[2] Time cost=0.010
2023-11-08 14:10:45,757 [INFO]  Saved checkpoint to "./imputer_model/imputer_model_mean_speed_in_air2/model-0002.params"
2023-11-08 14:10:45,758 [INFO]  Epoch[2] Validation-cross-entropy=6.746253
2023-11-08 14:10:45,758 [INFO]  Epoch[2] Validation-mean_speed_in_air2-accuracy=0.000000
2023-11-08 14:10:45,764 [INFO]  Epoch[3] Batch [0-4]	Speed: 13940.35 samples/sec	cross-entropy=2.769914	mean_speed_in_air2-accuracy=2.600000
2023-11-08 14:10:45,767 [INFO]  Epoch[3] Train-cross-entropy=2.310141
2023-11-08 14:10:45,768 [INFO]  Epoch[3] Train-mean_speed_in_air2-accuracy=2.625000
2023-11-08 14:10:45,768 [INFO]  Epoch[3] Time cost=0.009
2023-11-08 14:10:45,769 [INFO]  Saved checkpoint to "./imputer_model/imputer_model_mean_speed_in_air2/model-0003.params"
2023-11-08 14:10:45,770 [INFO]  Epoch[3] Validation-cross-entropy=11.060195
2023-11-08 14:10:45,770 [INFO]  Epoch[3] Validation-mean_speed_in_air2-accuracy=0.000000
2023-11-08 14:10:45,775 [INFO]  Epoch[4] Batch [0-4]	Speed: 14288.36 samples/sec	cross-entropy=1.834890	mean_speed_in_air2-accuracy=2.600000
2023-11-08 14:10:45,779 [INFO]  Epoch[4] Train-cross-entropy=1.548716
2023-11-08 14:10:45,779 [INFO]  Epoch[4] Train-mean_speed_in_air2-accuracy=2.625000
2023-11-08 14:10:45,779 [INFO]  Epoch[4] Time cost=0.009
2023-11-08 14:10:45,781 [INFO]  Saved checkpoint to "./imputer_model/imputer_model_mean_speed_in_air2/model-0004.params"
2023-11-08 14:10:45,781 [INFO]  Epoch[4] Validation-cross-entropy=9.733218
2023-11-08 14:10:45,781 [INFO]  Epoch[4] Validation-mean_speed_in_air2-accuracy=0.000000
2023-11-08 14:10:45,781 [INFO]  
========== done (0.06555843353271484 s) fit model
2023-11-08 14:24:17,695 [INFO]  
========== start: fit model
2023-11-08 14:24:17,695 [WARNING]  Already bound, ignoring bind()
2023-11-08 14:24:17,703 [INFO]  Epoch[0] Batch [0-4]	Speed: 10950.29 samples/sec	cross-entropy=29.845858	mean_speed_in_air2-accuracy=2.600000
2023-11-08 14:24:17,708 [INFO]  Epoch[0] Train-cross-entropy=27.396665
2023-11-08 14:24:17,708 [INFO]  Epoch[0] Train-mean_speed_in_air2-accuracy=3.500000
2023-11-08 14:24:17,708 [INFO]  Epoch[0] Time cost=0.013
2023-11-08 14:24:17,711 [INFO]  Saved checkpoint to "./imputer_model/imputer_model_mean_speed_in_air2/model-0000.params"
2023-11-08 14:24:17,712 [INFO]  Epoch[0] Validation-cross-entropy=1414.810547
2023-11-08 14:24:17,713 [INFO]  Epoch[0] Validation-mean_speed_in_air2-accuracy=0.000000
2023-11-08 14:24:17,719 [INFO]  Epoch[1] Batch [0-4]	Speed: 13882.68 samples/sec	cross-entropy=24.534498	mean_speed_in_air2-accuracy=2.600000
2023-11-08 14:24:17,722 [INFO]  Epoch[1] Train-cross-entropy=28.003028
2023-11-08 14:24:17,723 [INFO]  Epoch[1] Train-mean_speed_in_air2-accuracy=3.500000
2023-11-08 14:24:17,723 [INFO]  Epoch[1] Time cost=0.010
2023-11-08 14:24:17,725 [INFO]  Saved checkpoint to "./imputer_model/imputer_model_mean_speed_in_air2/model-0001.params"
2023-11-08 14:24:17,725 [INFO]  Epoch[1] Validation-cross-entropy=955.794861
2023-11-08 14:24:17,725 [INFO]  Epoch[1] Validation-mean_speed_in_air2-accuracy=0.000000
2023-11-08 14:24:17,730 [INFO]  Epoch[2] Batch [0-4]	Speed: 17293.87 samples/sec	cross-entropy=4.759610	mean_speed_in_air2-accuracy=2.600000
2023-11-08 14:24:17,733 [INFO]  Epoch[2] Train-cross-entropy=6.370702
2023-11-08 14:24:17,733 [INFO]  Epoch[2] Train-mean_speed_in_air2-accuracy=3.500000
2023-11-08 14:24:17,733 [INFO]  Epoch[2] Time cost=0.008
2023-11-08 14:24:17,735 [INFO]  Saved checkpoint to "./imputer_model/imputer_model_mean_speed_in_air2/model-0002.params"
2023-11-08 14:24:17,736 [INFO]  Epoch[2] Validation-cross-entropy=777.116394
2023-11-08 14:24:17,736 [INFO]  Epoch[2] Validation-mean_speed_in_air2-accuracy=0.000000
2023-11-08 14:24:17,741 [INFO]  Epoch[3] Batch [0-4]	Speed: 15385.77 samples/sec	cross-entropy=4.000938	mean_speed_in_air2-accuracy=2.600000
2023-11-08 14:24:17,744 [INFO]  Epoch[3] Train-cross-entropy=3.245290
2023-11-08 14:24:17,744 [INFO]  Epoch[3] Train-mean_speed_in_air2-accuracy=3.500000
2023-11-08 14:24:17,744 [INFO]  Epoch[3] Time cost=0.009
2023-11-08 14:24:17,745 [INFO]  Saved checkpoint to "./imputer_model/imputer_model_mean_speed_in_air2/model-0003.params"
2023-11-08 14:24:17,746 [INFO]  Epoch[3] Validation-cross-entropy=233.533829
2023-11-08 14:24:17,746 [INFO]  Epoch[3] Validation-mean_speed_in_air2-accuracy=0.000000
2023-11-08 14:24:17,752 [INFO]  Epoch[4] Batch [0-4]	Speed: 14554.08 samples/sec	cross-entropy=2.252709	mean_speed_in_air2-accuracy=2.600000
2023-11-08 14:24:17,755 [INFO]  Epoch[4] Train-cross-entropy=1.938843
2023-11-08 14:24:17,755 [INFO]  Epoch[4] Train-mean_speed_in_air2-accuracy=3.500000
2023-11-08 14:24:17,755 [INFO]  Epoch[4] Time cost=0.009
2023-11-08 14:24:17,756 [INFO]  Saved checkpoint to "./imputer_model/imputer_model_mean_speed_in_air2/model-0004.params"
2023-11-08 14:24:17,757 [INFO]  Epoch[4] Validation-cross-entropy=208.387100
2023-11-08 14:24:17,757 [INFO]  Epoch[4] Validation-mean_speed_in_air2-accuracy=0.000000
2023-11-08 14:24:17,757 [INFO]  
========== done (0.06228995323181152 s) fit model
2023-11-08 14:38:09,577 [INFO]  
========== start: fit model
2023-11-08 14:38:09,578 [WARNING]  Already bound, ignoring bind()
2023-11-08 14:38:09,590 [INFO]  Epoch[0] Batch [0-4]	Speed: 9549.46 samples/sec	cross-entropy=24.166594	mean_speed_in_air2-accuracy=0.000000
2023-11-08 14:38:09,594 [INFO]  Epoch[0] Train-cross-entropy=24.795587
2023-11-08 14:38:09,594 [INFO]  Epoch[0] Train-mean_speed_in_air2-accuracy=0.000000
2023-11-08 14:38:09,594 [INFO]  Epoch[0] Time cost=0.015
2023-11-08 14:38:09,597 [INFO]  Saved checkpoint to "./imputer_model/imputer_model_mean_speed_in_air2/model-0000.params"
2023-11-08 14:38:09,598 [INFO]  Epoch[0] Validation-cross-entropy=28.994030
2023-11-08 14:38:09,598 [INFO]  Epoch[0] Validation-mean_speed_in_air2-accuracy=0.000000
2023-11-08 14:38:09,605 [INFO]  Epoch[1] Batch [0-4]	Speed: 12378.85 samples/sec	cross-entropy=28.011652	mean_speed_in_air2-accuracy=0.000000
2023-11-08 14:38:09,608 [INFO]  Epoch[1] Train-cross-entropy=25.091334
2023-11-08 14:38:09,608 [INFO]  Epoch[1] Train-mean_speed_in_air2-accuracy=0.000000
2023-11-08 14:38:09,609 [INFO]  Epoch[1] Time cost=0.011
2023-11-08 14:38:09,610 [INFO]  Saved checkpoint to "./imputer_model/imputer_model_mean_speed_in_air2/model-0001.params"
2023-11-08 14:38:09,611 [INFO]  Epoch[1] Validation-cross-entropy=10.556845
2023-11-08 14:38:09,611 [INFO]  Epoch[1] Validation-mean_speed_in_air2-accuracy=0.000000
2023-11-08 14:38:09,617 [INFO]  Epoch[2] Batch [0-4]	Speed: 14142.32 samples/sec	cross-entropy=6.236476	mean_speed_in_air2-accuracy=0.000000
2023-11-08 14:38:09,621 [INFO]  Epoch[2] Train-cross-entropy=5.399783
2023-11-08 14:38:09,621 [INFO]  Epoch[2] Train-mean_speed_in_air2-accuracy=0.000000
2023-11-08 14:38:09,621 [INFO]  Epoch[2] Time cost=0.009
2023-11-08 14:38:09,622 [INFO]  Saved checkpoint to "./imputer_model/imputer_model_mean_speed_in_air2/model-0002.params"
2023-11-08 14:38:09,623 [INFO]  Epoch[2] Validation-cross-entropy=10.670270
2023-11-08 14:38:09,623 [INFO]  Epoch[2] Validation-mean_speed_in_air2-accuracy=0.000000
2023-11-08 14:38:09,629 [INFO]  Epoch[3] Batch [0-4]	Speed: 14470.91 samples/sec	cross-entropy=2.832639	mean_speed_in_air2-accuracy=0.000000
2023-11-08 14:38:09,632 [INFO]  Epoch[3] Train-cross-entropy=2.233029
2023-11-08 14:38:09,632 [INFO]  Epoch[3] Train-mean_speed_in_air2-accuracy=0.000000
2023-11-08 14:38:09,632 [INFO]  Epoch[3] Time cost=0.009
2023-11-08 14:38:09,634 [INFO]  Saved checkpoint to "./imputer_model/imputer_model_mean_speed_in_air2/model-0003.params"
2023-11-08 14:38:09,634 [INFO]  Epoch[3] Validation-cross-entropy=15.258782
2023-11-08 14:38:09,634 [INFO]  Epoch[3] Validation-mean_speed_in_air2-accuracy=0.000000
2023-11-08 14:38:09,640 [INFO]  Epoch[4] Batch [0-4]	Speed: 14912.25 samples/sec	cross-entropy=1.701165	mean_speed_in_air2-accuracy=0.000000
2023-11-08 14:38:09,643 [INFO]  Epoch[4] Train-cross-entropy=1.253289
2023-11-08 14:38:09,643 [INFO]  Epoch[4] Train-mean_speed_in_air2-accuracy=0.000000
2023-11-08 14:38:09,643 [INFO]  Epoch[4] Time cost=0.009
2023-11-08 14:38:09,645 [INFO]  Saved checkpoint to "./imputer_model/imputer_model_mean_speed_in_air2/model-0004.params"
2023-11-08 14:38:09,645 [INFO]  Epoch[4] Validation-cross-entropy=15.690097
2023-11-08 14:38:09,645 [INFO]  Epoch[4] Validation-mean_speed_in_air2-accuracy=0.000000
2023-11-08 14:38:09,645 [INFO]  
========== done (0.06818556785583496 s) fit model
2023-11-08 14:52:15,809 [INFO]  
========== start: fit model
2023-11-08 14:52:15,809 [WARNING]  Already bound, ignoring bind()
2023-11-08 14:52:15,816 [INFO]  Epoch[0] Batch [0-4]	Speed: 13803.44 samples/sec	cross-entropy=28.967645	mean_speed_in_air2-accuracy=0.000000
2023-11-08 14:52:15,819 [INFO]  Epoch[0] Train-cross-entropy=24.031893
2023-11-08 14:52:15,819 [INFO]  Epoch[0] Train-mean_speed_in_air2-accuracy=0.000000
2023-11-08 14:52:15,820 [INFO]  Epoch[0] Time cost=0.010
2023-11-08 14:52:15,821 [INFO]  Saved checkpoint to "./imputer_model/imputer_model_mean_speed_in_air2/model-0000.params"
2023-11-08 14:52:15,821 [INFO]  Epoch[0] Validation-cross-entropy=40.174995
2023-11-08 14:52:15,821 [INFO]  Epoch[0] Validation-mean_speed_in_air2-accuracy=0.000000
2023-11-08 14:52:15,827 [INFO]  Epoch[1] Batch [0-4]	Speed: 14730.59 samples/sec	cross-entropy=50.535077	mean_speed_in_air2-accuracy=0.000000
2023-11-08 14:52:15,830 [INFO]  Epoch[1] Train-cross-entropy=38.458017
2023-11-08 14:52:15,830 [INFO]  Epoch[1] Train-mean_speed_in_air2-accuracy=0.000000
2023-11-08 14:52:15,830 [INFO]  Epoch[1] Time cost=0.009
2023-11-08 14:52:15,832 [INFO]  Saved checkpoint to "./imputer_model/imputer_model_mean_speed_in_air2/model-0001.params"
2023-11-08 14:52:15,832 [INFO]  Epoch[1] Validation-cross-entropy=22.507719
2023-11-08 14:52:15,832 [INFO]  Epoch[1] Validation-mean_speed_in_air2-accuracy=0.000000
2023-11-08 14:52:15,838 [INFO]  Epoch[2] Batch [0-4]	Speed: 15876.24 samples/sec	cross-entropy=6.924177	mean_speed_in_air2-accuracy=0.000000
2023-11-08 14:52:15,842 [INFO]  Epoch[2] Train-cross-entropy=6.844182
2023-11-08 14:52:15,842 [INFO]  Epoch[2] Train-mean_speed_in_air2-accuracy=0.000000
2023-11-08 14:52:15,842 [INFO]  Epoch[2] Time cost=0.010
2023-11-08 14:52:15,845 [INFO]  Saved checkpoint to "./imputer_model/imputer_model_mean_speed_in_air2/model-0002.params"
2023-11-08 14:52:15,846 [INFO]  Epoch[2] Validation-cross-entropy=22.999521
2023-11-08 14:52:15,846 [INFO]  Epoch[2] Validation-mean_speed_in_air2-accuracy=0.000000
2023-11-08 14:52:15,854 [INFO]  Epoch[3] Batch [0-4]	Speed: 10822.70 samples/sec	cross-entropy=3.397630	mean_speed_in_air2-accuracy=0.000000
2023-11-08 14:52:15,858 [INFO]  Epoch[3] Train-cross-entropy=2.733731
2023-11-08 14:52:15,859 [INFO]  Epoch[3] Train-mean_speed_in_air2-accuracy=0.000000
2023-11-08 14:52:15,859 [INFO]  Epoch[3] Time cost=0.012
2023-11-08 14:52:15,861 [INFO]  Saved checkpoint to "./imputer_model/imputer_model_mean_speed_in_air2/model-0003.params"
2023-11-08 14:52:15,862 [INFO]  Epoch[3] Validation-cross-entropy=21.311142
2023-11-08 14:52:15,862 [INFO]  Epoch[3] Validation-mean_speed_in_air2-accuracy=0.000000
2023-11-08 14:52:15,868 [INFO]  Epoch[4] Batch [0-4]	Speed: 13513.67 samples/sec	cross-entropy=3.047495	mean_speed_in_air2-accuracy=0.000000
2023-11-08 14:52:15,872 [INFO]  Epoch[4] Train-cross-entropy=2.123699
2023-11-08 14:52:15,872 [INFO]  Epoch[4] Train-mean_speed_in_air2-accuracy=0.000000
2023-11-08 14:52:15,872 [INFO]  Epoch[4] Time cost=0.010
2023-11-08 14:52:15,874 [INFO]  Saved checkpoint to "./imputer_model/imputer_model_mean_speed_in_air2/model-0004.params"
2023-11-08 14:52:15,874 [INFO]  Epoch[4] Validation-cross-entropy=23.562603
2023-11-08 14:52:15,874 [INFO]  Epoch[4] Validation-mean_speed_in_air2-accuracy=0.000000
2023-11-08 14:52:15,874 [INFO]  
========== done (0.06574535369873047 s) fit model
