2023-11-08 12:45:34,892 [INFO]  
========== start: fit model
2023-11-08 12:45:34,892 [WARNING]  Already bound, ignoring bind()
2023-11-08 12:45:36,099 [INFO]  Epoch[0] Batch [0-4]	Speed: 237.28 samples/sec	cross-entropy=12.424627	max_y_extension17-accuracy=2.200000
2023-11-08 12:45:36,115 [INFO]  Epoch[0] Train-cross-entropy=23.185408
2023-11-08 12:45:36,115 [INFO]  Epoch[0] Train-max_y_extension17-accuracy=2.375000
2023-11-08 12:45:36,115 [INFO]  Epoch[0] Time cost=1.222
2023-11-08 12:45:36,118 [INFO]  Saved checkpoint to "./imputer_model/imputer_model_max_y_extension17/model-0000.params"
2023-11-08 12:45:36,123 [INFO]  Epoch[0] Validation-cross-entropy=17.195990
2023-11-08 12:45:36,123 [INFO]  Epoch[0] Validation-max_y_extension17-accuracy=0.000000
2023-11-08 12:45:36,171 [INFO]  Epoch[1] Batch [0-4]	Speed: 2207.58 samples/sec	cross-entropy=40.291789	max_y_extension17-accuracy=2.200000
2023-11-08 12:45:36,210 [INFO]  Epoch[1] Train-cross-entropy=32.866849
2023-11-08 12:45:36,210 [INFO]  Epoch[1] Train-max_y_extension17-accuracy=2.375000
2023-11-08 12:45:36,210 [INFO]  Epoch[1] Time cost=0.087
2023-11-08 12:45:36,212 [INFO]  Saved checkpoint to "./imputer_model/imputer_model_max_y_extension17/model-0001.params"
2023-11-08 12:45:36,216 [INFO]  Epoch[1] Validation-cross-entropy=5.277415
2023-11-08 12:45:36,216 [INFO]  Epoch[1] Validation-max_y_extension17-accuracy=0.000000
2023-11-08 12:45:36,262 [INFO]  Epoch[2] Batch [0-4]	Speed: 2542.77 samples/sec	cross-entropy=6.296411	max_y_extension17-accuracy=2.200000
2023-11-08 12:45:36,319 [INFO]  Epoch[2] Train-cross-entropy=7.634633
2023-11-08 12:45:36,319 [INFO]  Epoch[2] Train-max_y_extension17-accuracy=2.375000
2023-11-08 12:45:36,319 [INFO]  Epoch[2] Time cost=0.103
2023-11-08 12:45:36,321 [INFO]  Saved checkpoint to "./imputer_model/imputer_model_max_y_extension17/model-0002.params"
2023-11-08 12:45:36,327 [INFO]  Epoch[2] Validation-cross-entropy=6.909838
2023-11-08 12:45:36,327 [INFO]  Epoch[2] Validation-max_y_extension17-accuracy=0.000000
2023-11-08 12:45:36,455 [INFO]  Epoch[3] Batch [0-4]	Speed: 10790.51 samples/sec	cross-entropy=4.508299	max_y_extension17-accuracy=2.200000
2023-11-08 12:45:36,459 [INFO]  Epoch[3] Train-cross-entropy=3.702976
2023-11-08 12:45:36,459 [INFO]  Epoch[3] Train-max_y_extension17-accuracy=2.375000
2023-11-08 12:45:36,460 [INFO]  Epoch[3] Time cost=0.133
2023-11-08 12:45:36,463 [INFO]  Saved checkpoint to "./imputer_model/imputer_model_max_y_extension17/model-0003.params"
2023-11-08 12:45:36,464 [INFO]  Epoch[3] Validation-cross-entropy=3.035867
2023-11-08 12:45:36,464 [INFO]  Epoch[3] Validation-max_y_extension17-accuracy=0.000000
2023-11-08 12:45:36,876 [INFO]  Epoch[4] Batch [0-4]	Speed: 156.05 samples/sec	cross-entropy=1.429585	max_y_extension17-accuracy=2.200000
2023-11-08 12:45:36,890 [INFO]  Epoch[4] Train-cross-entropy=1.186462
2023-11-08 12:45:36,891 [INFO]  Epoch[4] Train-max_y_extension17-accuracy=2.375000
2023-11-08 12:45:36,891 [INFO]  Epoch[4] Time cost=0.427
2023-11-08 12:45:36,893 [INFO]  Saved checkpoint to "./imputer_model/imputer_model_max_y_extension17/model-0004.params"
2023-11-08 12:45:36,893 [INFO]  Epoch[4] Validation-cross-entropy=3.433226
2023-11-08 12:45:36,893 [INFO]  Epoch[4] Validation-max_y_extension17-accuracy=0.000000
2023-11-08 12:45:36,893 [INFO]  
========== done (2.0017995834350586 s) fit model
2023-11-08 13:07:54,304 [INFO]  
========== start: fit model
2023-11-08 13:07:54,320 [WARNING]  Already bound, ignoring bind()
2023-11-08 13:07:54,327 [INFO]  Epoch[0] Batch [0-4]	Speed: 13374.29 samples/sec	cross-entropy=29.256412	max_y_extension17-accuracy=2.800000
2023-11-08 13:07:54,331 [INFO]  Epoch[0] Train-cross-entropy=23.719442
2023-11-08 13:07:54,331 [INFO]  Epoch[0] Train-max_y_extension17-accuracy=2.750000
2023-11-08 13:07:54,331 [INFO]  Epoch[0] Time cost=0.010
2023-11-08 13:07:54,333 [INFO]  Saved checkpoint to "./imputer_model/imputer_model_max_y_extension17/model-0000.params"
2023-11-08 13:07:54,333 [INFO]  Epoch[0] Validation-cross-entropy=8.342978
2023-11-08 13:07:54,333 [INFO]  Epoch[0] Validation-max_y_extension17-accuracy=0.000000
2023-11-08 13:07:54,341 [INFO]  Epoch[1] Batch [0-4]	Speed: 10508.75 samples/sec	cross-entropy=47.681432	max_y_extension17-accuracy=2.800000
2023-11-08 13:07:54,346 [INFO]  Epoch[1] Train-cross-entropy=45.480198
2023-11-08 13:07:54,346 [INFO]  Epoch[1] Train-max_y_extension17-accuracy=2.750000
2023-11-08 13:07:54,346 [INFO]  Epoch[1] Time cost=0.013
2023-11-08 13:07:54,350 [INFO]  Saved checkpoint to "./imputer_model/imputer_model_max_y_extension17/model-0001.params"
2023-11-08 13:07:54,351 [INFO]  Epoch[1] Validation-cross-entropy=4.568452
2023-11-08 13:07:54,351 [INFO]  Epoch[1] Validation-max_y_extension17-accuracy=0.000000
2023-11-08 13:07:54,357 [INFO]  Epoch[2] Batch [0-4]	Speed: 14944.63 samples/sec	cross-entropy=14.574184	max_y_extension17-accuracy=2.800000
2023-11-08 13:07:54,360 [INFO]  Epoch[2] Train-cross-entropy=13.431891
2023-11-08 13:07:54,360 [INFO]  Epoch[2] Train-max_y_extension17-accuracy=2.750000
2023-11-08 13:07:54,360 [INFO]  Epoch[2] Time cost=0.009
2023-11-08 13:07:54,362 [INFO]  Saved checkpoint to "./imputer_model/imputer_model_max_y_extension17/model-0002.params"
2023-11-08 13:07:54,363 [INFO]  Epoch[2] Validation-cross-entropy=2.450962
2023-11-08 13:07:54,363 [INFO]  Epoch[2] Validation-max_y_extension17-accuracy=0.000000
2023-11-08 13:07:54,368 [INFO]  Epoch[3] Batch [0-4]	Speed: 15312.04 samples/sec	cross-entropy=5.801238	max_y_extension17-accuracy=2.800000
2023-11-08 13:07:54,372 [INFO]  Epoch[3] Train-cross-entropy=4.474694
2023-11-08 13:07:54,372 [INFO]  Epoch[3] Train-max_y_extension17-accuracy=2.750000
2023-11-08 13:07:54,372 [INFO]  Epoch[3] Time cost=0.009
2023-11-08 13:07:54,375 [INFO]  Saved checkpoint to "./imputer_model/imputer_model_max_y_extension17/model-0003.params"
2023-11-08 13:07:54,376 [INFO]  Epoch[3] Validation-cross-entropy=5.456211
2023-11-08 13:07:54,376 [INFO]  Epoch[3] Validation-max_y_extension17-accuracy=0.000000
2023-11-08 13:07:54,383 [INFO]  Epoch[4] Batch [0-4]	Speed: 12526.15 samples/sec	cross-entropy=1.479863	max_y_extension17-accuracy=2.800000
2023-11-08 13:07:54,386 [INFO]  Epoch[4] Train-cross-entropy=1.687308
2023-11-08 13:07:54,386 [INFO]  Epoch[4] Train-max_y_extension17-accuracy=2.750000
2023-11-08 13:07:54,386 [INFO]  Epoch[4] Time cost=0.010
2023-11-08 13:07:54,388 [INFO]  Saved checkpoint to "./imputer_model/imputer_model_max_y_extension17/model-0004.params"
2023-11-08 13:07:54,389 [INFO]  Epoch[4] Validation-cross-entropy=6.274031
2023-11-08 13:07:54,389 [INFO]  Epoch[4] Validation-max_y_extension17-accuracy=0.000000
2023-11-08 13:07:54,389 [INFO]  
========== done (0.08505105972290039 s) fit model
2023-11-08 13:21:19,075 [INFO]  
========== start: fit model
2023-11-08 13:21:19,075 [WARNING]  Already bound, ignoring bind()
2023-11-08 13:21:19,081 [INFO]  Epoch[0] Batch [0-4]	Speed: 14384.07 samples/sec	cross-entropy=19.412807	max_y_extension17-accuracy=0.000000
2023-11-08 13:21:19,085 [INFO]  Epoch[0] Train-cross-entropy=21.197564
2023-11-08 13:21:19,085 [INFO]  Epoch[0] Train-max_y_extension17-accuracy=0.000000
2023-11-08 13:21:19,085 [INFO]  Epoch[0] Time cost=0.010
2023-11-08 13:21:19,086 [INFO]  Saved checkpoint to "./imputer_model/imputer_model_max_y_extension17/model-0000.params"
2023-11-08 13:21:19,087 [INFO]  Epoch[0] Validation-cross-entropy=12.126108
2023-11-08 13:21:19,087 [INFO]  Epoch[0] Validation-max_y_extension17-accuracy=0.000000
2023-11-08 13:21:19,095 [INFO]  Epoch[1] Batch [0-4]	Speed: 10333.58 samples/sec	cross-entropy=49.689602	max_y_extension17-accuracy=0.000000
2023-11-08 13:21:19,099 [INFO]  Epoch[1] Train-cross-entropy=39.528347
2023-11-08 13:21:19,100 [INFO]  Epoch[1] Train-max_y_extension17-accuracy=0.000000
2023-11-08 13:21:19,100 [INFO]  Epoch[1] Time cost=0.013
2023-11-08 13:21:19,103 [INFO]  Saved checkpoint to "./imputer_model/imputer_model_max_y_extension17/model-0001.params"
2023-11-08 13:21:19,103 [INFO]  Epoch[1] Validation-cross-entropy=14.433190
2023-11-08 13:21:19,103 [INFO]  Epoch[1] Validation-max_y_extension17-accuracy=0.000000
2023-11-08 13:21:19,110 [INFO]  Epoch[2] Batch [0-4]	Speed: 13137.99 samples/sec	cross-entropy=17.116818	max_y_extension17-accuracy=0.000000
2023-11-08 13:21:19,114 [INFO]  Epoch[2] Train-cross-entropy=12.223359
2023-11-08 13:21:19,114 [INFO]  Epoch[2] Train-max_y_extension17-accuracy=0.000000
2023-11-08 13:21:19,114 [INFO]  Epoch[2] Time cost=0.010
2023-11-08 13:21:19,115 [INFO]  Saved checkpoint to "./imputer_model/imputer_model_max_y_extension17/model-0002.params"
2023-11-08 13:21:19,116 [INFO]  Epoch[2] Validation-cross-entropy=20.047159
2023-11-08 13:21:19,116 [INFO]  Epoch[2] Validation-max_y_extension17-accuracy=0.000000
2023-11-08 13:21:19,122 [INFO]  Epoch[3] Batch [0-4]	Speed: 13854.02 samples/sec	cross-entropy=6.114144	max_y_extension17-accuracy=0.000000
2023-11-08 13:21:19,126 [INFO]  Epoch[3] Train-cross-entropy=4.674259
2023-11-08 13:21:19,126 [INFO]  Epoch[3] Train-max_y_extension17-accuracy=0.000000
2023-11-08 13:21:19,126 [INFO]  Epoch[3] Time cost=0.010
2023-11-08 13:21:19,127 [INFO]  Saved checkpoint to "./imputer_model/imputer_model_max_y_extension17/model-0003.params"
2023-11-08 13:21:19,128 [INFO]  Epoch[3] Validation-cross-entropy=7.188465
2023-11-08 13:21:19,128 [INFO]  Epoch[3] Validation-max_y_extension17-accuracy=0.000000
2023-11-08 13:21:19,137 [INFO]  Epoch[4] Batch [0-4]	Speed: 9704.82 samples/sec	cross-entropy=1.769319	max_y_extension17-accuracy=0.000000
2023-11-08 13:21:19,141 [INFO]  Epoch[4] Train-cross-entropy=1.921837
2023-11-08 13:21:19,142 [INFO]  Epoch[4] Train-max_y_extension17-accuracy=0.000000
2023-11-08 13:21:19,142 [INFO]  Epoch[4] Time cost=0.013
2023-11-08 13:21:19,144 [INFO]  Saved checkpoint to "./imputer_model/imputer_model_max_y_extension17/model-0004.params"
2023-11-08 13:21:19,145 [INFO]  Epoch[4] Validation-cross-entropy=4.918348
2023-11-08 13:21:19,145 [INFO]  Epoch[4] Validation-max_y_extension17-accuracy=0.000000
2023-11-08 13:21:19,145 [INFO]  
========== done (0.07082366943359375 s) fit model
2023-11-08 13:34:39,583 [INFO]  
========== start: fit model
2023-11-08 13:34:39,583 [WARNING]  Already bound, ignoring bind()
2023-11-08 13:34:39,590 [INFO]  Epoch[0] Batch [0-4]	Speed: 14264.07 samples/sec	cross-entropy=18.540093	max_y_extension17-accuracy=2.400000
2023-11-08 13:34:39,594 [INFO]  Epoch[0] Train-cross-entropy=21.830319
2023-11-08 13:34:39,594 [INFO]  Epoch[0] Train-max_y_extension17-accuracy=2.750000
2023-11-08 13:34:39,594 [INFO]  Epoch[0] Time cost=0.010
2023-11-08 13:34:39,595 [INFO]  Saved checkpoint to "./imputer_model/imputer_model_max_y_extension17/model-0000.params"
2023-11-08 13:34:39,595 [INFO]  Epoch[0] Validation-cross-entropy=11.187480
2023-11-08 13:34:39,595 [INFO]  Epoch[0] Validation-max_y_extension17-accuracy=0.000000
2023-11-08 13:34:39,602 [INFO]  Epoch[1] Batch [0-4]	Speed: 11744.12 samples/sec	cross-entropy=39.843648	max_y_extension17-accuracy=2.400000
2023-11-08 13:34:39,607 [INFO]  Epoch[1] Train-cross-entropy=35.043439
2023-11-08 13:34:39,608 [INFO]  Epoch[1] Train-max_y_extension17-accuracy=2.750000
2023-11-08 13:34:39,608 [INFO]  Epoch[1] Time cost=0.012
2023-11-08 13:34:39,611 [INFO]  Saved checkpoint to "./imputer_model/imputer_model_max_y_extension17/model-0001.params"
2023-11-08 13:34:39,612 [INFO]  Epoch[1] Validation-cross-entropy=10.735947
2023-11-08 13:34:39,612 [INFO]  Epoch[1] Validation-max_y_extension17-accuracy=0.000000
2023-11-08 13:34:39,617 [INFO]  Epoch[2] Batch [0-4]	Speed: 15647.65 samples/sec	cross-entropy=6.724075	max_y_extension17-accuracy=2.400000
2023-11-08 13:34:39,621 [INFO]  Epoch[2] Train-cross-entropy=8.607990
2023-11-08 13:34:39,621 [INFO]  Epoch[2] Train-max_y_extension17-accuracy=2.750000
2023-11-08 13:34:39,621 [INFO]  Epoch[2] Time cost=0.010
2023-11-08 13:34:39,623 [INFO]  Saved checkpoint to "./imputer_model/imputer_model_max_y_extension17/model-0002.params"
2023-11-08 13:34:39,623 [INFO]  Epoch[2] Validation-cross-entropy=4.682106
2023-11-08 13:34:39,624 [INFO]  Epoch[2] Validation-max_y_extension17-accuracy=0.000000
2023-11-08 13:34:39,630 [INFO]  Epoch[3] Batch [0-4]	Speed: 13554.61 samples/sec	cross-entropy=6.573492	max_y_extension17-accuracy=2.400000
2023-11-08 13:34:39,633 [INFO]  Epoch[3] Train-cross-entropy=4.999279
2023-11-08 13:34:39,633 [INFO]  Epoch[3] Train-max_y_extension17-accuracy=2.750000
2023-11-08 13:34:39,633 [INFO]  Epoch[3] Time cost=0.010
2023-11-08 13:34:39,635 [INFO]  Saved checkpoint to "./imputer_model/imputer_model_max_y_extension17/model-0003.params"
2023-11-08 13:34:39,635 [INFO]  Epoch[3] Validation-cross-entropy=7.029639
2023-11-08 13:34:39,635 [INFO]  Epoch[3] Validation-max_y_extension17-accuracy=0.000000
2023-11-08 13:34:39,641 [INFO]  Epoch[4] Batch [0-4]	Speed: 14230.04 samples/sec	cross-entropy=3.062459	max_y_extension17-accuracy=2.400000
2023-11-08 13:34:39,645 [INFO]  Epoch[4] Train-cross-entropy=2.444461
2023-11-08 13:34:39,645 [INFO]  Epoch[4] Train-max_y_extension17-accuracy=2.750000
2023-11-08 13:34:39,645 [INFO]  Epoch[4] Time cost=0.009
2023-11-08 13:34:39,646 [INFO]  Saved checkpoint to "./imputer_model/imputer_model_max_y_extension17/model-0004.params"
2023-11-08 13:34:39,647 [INFO]  Epoch[4] Validation-cross-entropy=7.042498
2023-11-08 13:34:39,647 [INFO]  Epoch[4] Validation-max_y_extension17-accuracy=0.000000
2023-11-08 13:34:39,647 [INFO]  
========== done (0.06369733810424805 s) fit model
2023-11-08 13:47:59,632 [INFO]  
========== start: fit model
2023-11-08 13:47:59,632 [WARNING]  Already bound, ignoring bind()
2023-11-08 13:47:59,640 [INFO]  Epoch[0] Batch [0-4]	Speed: 12080.80 samples/sec	cross-entropy=29.415363	max_y_extension17-accuracy=2.200000
2023-11-08 13:47:59,644 [INFO]  Epoch[0] Train-cross-entropy=20.520985
2023-11-08 13:47:59,644 [INFO]  Epoch[0] Train-max_y_extension17-accuracy=2.500000
2023-11-08 13:47:59,644 [INFO]  Epoch[0] Time cost=0.011
2023-11-08 13:47:59,646 [INFO]  Saved checkpoint to "./imputer_model/imputer_model_max_y_extension17/model-0000.params"
2023-11-08 13:47:59,646 [INFO]  Epoch[0] Validation-cross-entropy=11.604819
2023-11-08 13:47:59,646 [INFO]  Epoch[0] Validation-max_y_extension17-accuracy=0.000000
2023-11-08 13:47:59,652 [INFO]  Epoch[1] Batch [0-4]	Speed: 12898.73 samples/sec	cross-entropy=53.461859	max_y_extension17-accuracy=2.200000
2023-11-08 13:47:59,658 [INFO]  Epoch[1] Train-cross-entropy=37.889108
2023-11-08 13:47:59,658 [INFO]  Epoch[1] Train-max_y_extension17-accuracy=2.500000
2023-11-08 13:47:59,658 [INFO]  Epoch[1] Time cost=0.012
2023-11-08 13:47:59,662 [INFO]  Saved checkpoint to "./imputer_model/imputer_model_max_y_extension17/model-0001.params"
2023-11-08 13:47:59,663 [INFO]  Epoch[1] Validation-cross-entropy=16.527655
2023-11-08 13:47:59,663 [INFO]  Epoch[1] Validation-max_y_extension17-accuracy=0.000000
2023-11-08 13:47:59,671 [INFO]  Epoch[2] Batch [0-4]	Speed: 10392.39 samples/sec	cross-entropy=17.007061	max_y_extension17-accuracy=2.200000
2023-11-08 13:47:59,675 [INFO]  Epoch[2] Train-cross-entropy=14.495218
2023-11-08 13:47:59,675 [INFO]  Epoch[2] Train-max_y_extension17-accuracy=2.500000
2023-11-08 13:47:59,675 [INFO]  Epoch[2] Time cost=0.012
2023-11-08 13:47:59,677 [INFO]  Saved checkpoint to "./imputer_model/imputer_model_max_y_extension17/model-0002.params"
2023-11-08 13:47:59,678 [INFO]  Epoch[2] Validation-cross-entropy=4.080054
2023-11-08 13:47:59,678 [INFO]  Epoch[2] Validation-max_y_extension17-accuracy=0.000000
2023-11-08 13:47:59,685 [INFO]  Epoch[3] Batch [0-4]	Speed: 13093.77 samples/sec	cross-entropy=8.227566	max_y_extension17-accuracy=2.200000
2023-11-08 13:47:59,688 [INFO]  Epoch[3] Train-cross-entropy=5.694722
2023-11-08 13:47:59,689 [INFO]  Epoch[3] Train-max_y_extension17-accuracy=2.500000
2023-11-08 13:47:59,689 [INFO]  Epoch[3] Time cost=0.010
2023-11-08 13:47:59,690 [INFO]  Saved checkpoint to "./imputer_model/imputer_model_max_y_extension17/model-0003.params"
2023-11-08 13:47:59,691 [INFO]  Epoch[3] Validation-cross-entropy=7.029430
2023-11-08 13:47:59,691 [INFO]  Epoch[3] Validation-max_y_extension17-accuracy=0.000000
2023-11-08 13:47:59,697 [INFO]  Epoch[4] Batch [0-4]	Speed: 13464.18 samples/sec	cross-entropy=2.383052	max_y_extension17-accuracy=2.200000
2023-11-08 13:47:59,700 [INFO]  Epoch[4] Train-cross-entropy=2.607402
2023-11-08 13:47:59,701 [INFO]  Epoch[4] Train-max_y_extension17-accuracy=2.500000
2023-11-08 13:47:59,701 [INFO]  Epoch[4] Time cost=0.010
2023-11-08 13:47:59,702 [INFO]  Saved checkpoint to "./imputer_model/imputer_model_max_y_extension17/model-0004.params"
2023-11-08 13:47:59,703 [INFO]  Epoch[4] Validation-cross-entropy=7.212888
2023-11-08 13:47:59,703 [INFO]  Epoch[4] Validation-max_y_extension17-accuracy=0.000000
2023-11-08 13:47:59,703 [INFO]  
========== done (0.0704808235168457 s) fit model
2023-11-08 14:01:22,416 [INFO]  
========== start: fit model
2023-11-08 14:01:22,416 [WARNING]  Already bound, ignoring bind()
2023-11-08 14:01:22,423 [INFO]  Epoch[0] Batch [0-4]	Speed: 14074.85 samples/sec	cross-entropy=17.017327	max_y_extension17-accuracy=2.600000
2023-11-08 14:01:22,427 [INFO]  Epoch[0] Train-cross-entropy=18.693396
2023-11-08 14:01:22,427 [INFO]  Epoch[0] Train-max_y_extension17-accuracy=2.500000
2023-11-08 14:01:22,427 [INFO]  Epoch[0] Time cost=0.010
2023-11-08 14:01:22,428 [INFO]  Saved checkpoint to "./imputer_model/imputer_model_max_y_extension17/model-0000.params"
2023-11-08 14:01:22,429 [INFO]  Epoch[0] Validation-cross-entropy=12.453872
2023-11-08 14:01:22,429 [INFO]  Epoch[0] Validation-max_y_extension17-accuracy=0.000000
2023-11-08 14:01:22,434 [INFO]  Epoch[1] Batch [0-4]	Speed: 14303.59 samples/sec	cross-entropy=51.151245	max_y_extension17-accuracy=2.600000
2023-11-08 14:01:22,438 [INFO]  Epoch[1] Train-cross-entropy=41.505210
2023-11-08 14:01:22,438 [INFO]  Epoch[1] Train-max_y_extension17-accuracy=2.500000
2023-11-08 14:01:22,438 [INFO]  Epoch[1] Time cost=0.009
2023-11-08 14:01:22,439 [INFO]  Saved checkpoint to "./imputer_model/imputer_model_max_y_extension17/model-0001.params"
2023-11-08 14:01:22,439 [INFO]  Epoch[1] Validation-cross-entropy=14.487986
2023-11-08 14:01:22,439 [INFO]  Epoch[1] Validation-max_y_extension17-accuracy=0.000000
2023-11-08 14:01:22,445 [INFO]  Epoch[2] Batch [0-4]	Speed: 15316.41 samples/sec	cross-entropy=12.940410	max_y_extension17-accuracy=2.600000
2023-11-08 14:01:22,448 [INFO]  Epoch[2] Train-cross-entropy=12.527823
2023-11-08 14:01:22,448 [INFO]  Epoch[2] Train-max_y_extension17-accuracy=2.500000
2023-11-08 14:01:22,448 [INFO]  Epoch[2] Time cost=0.008
2023-11-08 14:01:22,449 [INFO]  Saved checkpoint to "./imputer_model/imputer_model_max_y_extension17/model-0002.params"
2023-11-08 14:01:22,450 [INFO]  Epoch[2] Validation-cross-entropy=7.037985
2023-11-08 14:01:22,450 [INFO]  Epoch[2] Validation-max_y_extension17-accuracy=0.000000
2023-11-08 14:01:22,455 [INFO]  Epoch[3] Batch [0-4]	Speed: 16292.51 samples/sec	cross-entropy=6.755310	max_y_extension17-accuracy=2.600000
2023-11-08 14:01:22,458 [INFO]  Epoch[3] Train-cross-entropy=5.228923
2023-11-08 14:01:22,458 [INFO]  Epoch[3] Train-max_y_extension17-accuracy=2.500000
2023-11-08 14:01:22,458 [INFO]  Epoch[3] Time cost=0.008
2023-11-08 14:01:22,459 [INFO]  Saved checkpoint to "./imputer_model/imputer_model_max_y_extension17/model-0003.params"
2023-11-08 14:01:22,460 [INFO]  Epoch[3] Validation-cross-entropy=2.233366
2023-11-08 14:01:22,460 [INFO]  Epoch[3] Validation-max_y_extension17-accuracy=0.000000
2023-11-08 14:01:22,465 [INFO]  Epoch[4] Batch [0-4]	Speed: 15059.49 samples/sec	cross-entropy=1.508433	max_y_extension17-accuracy=2.600000
2023-11-08 14:01:22,468 [INFO]  Epoch[4] Train-cross-entropy=2.243123
2023-11-08 14:01:22,469 [INFO]  Epoch[4] Train-max_y_extension17-accuracy=2.500000
2023-11-08 14:01:22,469 [INFO]  Epoch[4] Time cost=0.009
2023-11-08 14:01:22,470 [INFO]  Saved checkpoint to "./imputer_model/imputer_model_max_y_extension17/model-0004.params"
2023-11-08 14:01:22,470 [INFO]  Epoch[4] Validation-cross-entropy=3.042898
2023-11-08 14:01:22,470 [INFO]  Epoch[4] Validation-max_y_extension17-accuracy=0.000000
2023-11-08 14:01:22,470 [INFO]  
========== done (0.05414295196533203 s) fit model
2023-11-08 14:14:47,978 [INFO]  
========== start: fit model
2023-11-08 14:14:47,978 [WARNING]  Already bound, ignoring bind()
2023-11-08 14:14:47,987 [INFO]  Epoch[0] Batch [0-4]	Speed: 10690.38 samples/sec	cross-entropy=15.712710	max_y_extension17-accuracy=3.200000
2023-11-08 14:14:47,992 [INFO]  Epoch[0] Train-cross-entropy=20.063803
2023-11-08 14:14:47,992 [INFO]  Epoch[0] Train-max_y_extension17-accuracy=2.625000
2023-11-08 14:14:47,992 [INFO]  Epoch[0] Time cost=0.014
2023-11-08 14:14:47,995 [INFO]  Saved checkpoint to "./imputer_model/imputer_model_max_y_extension17/model-0000.params"
2023-11-08 14:14:47,995 [INFO]  Epoch[0] Validation-cross-entropy=7.298025
2023-11-08 14:14:47,996 [INFO]  Epoch[0] Validation-max_y_extension17-accuracy=0.000000
2023-11-08 14:14:48,001 [INFO]  Epoch[1] Batch [0-4]	Speed: 14848.74 samples/sec	cross-entropy=44.953086	max_y_extension17-accuracy=3.200000
2023-11-08 14:14:48,005 [INFO]  Epoch[1] Train-cross-entropy=43.524509
2023-11-08 14:14:48,005 [INFO]  Epoch[1] Train-max_y_extension17-accuracy=2.625000
2023-11-08 14:14:48,005 [INFO]  Epoch[1] Time cost=0.009
2023-11-08 14:14:48,006 [INFO]  Saved checkpoint to "./imputer_model/imputer_model_max_y_extension17/model-0001.params"
2023-11-08 14:14:48,007 [INFO]  Epoch[1] Validation-cross-entropy=12.322528
2023-11-08 14:14:48,007 [INFO]  Epoch[1] Validation-max_y_extension17-accuracy=0.000000
2023-11-08 14:14:48,011 [INFO]  Epoch[2] Batch [0-4]	Speed: 20242.47 samples/sec	cross-entropy=6.255193	max_y_extension17-accuracy=3.200000
2023-11-08 14:14:48,013 [INFO]  Epoch[2] Train-cross-entropy=6.147009
2023-11-08 14:14:48,014 [INFO]  Epoch[2] Train-max_y_extension17-accuracy=2.625000
2023-11-08 14:14:48,014 [INFO]  Epoch[2] Time cost=0.007
2023-11-08 14:14:48,015 [INFO]  Saved checkpoint to "./imputer_model/imputer_model_max_y_extension17/model-0002.params"
2023-11-08 14:14:48,015 [INFO]  Epoch[2] Validation-cross-entropy=8.474688
2023-11-08 14:14:48,015 [INFO]  Epoch[2] Validation-max_y_extension17-accuracy=0.000000
2023-11-08 14:14:48,021 [INFO]  Epoch[3] Batch [0-4]	Speed: 14615.10 samples/sec	cross-entropy=6.927355	max_y_extension17-accuracy=3.200000
2023-11-08 14:14:48,024 [INFO]  Epoch[3] Train-cross-entropy=5.437113
2023-11-08 14:14:48,024 [INFO]  Epoch[3] Train-max_y_extension17-accuracy=2.625000
2023-11-08 14:14:48,024 [INFO]  Epoch[3] Time cost=0.009
2023-11-08 14:14:48,026 [INFO]  Saved checkpoint to "./imputer_model/imputer_model_max_y_extension17/model-0003.params"
2023-11-08 14:14:48,026 [INFO]  Epoch[3] Validation-cross-entropy=4.952217
2023-11-08 14:14:48,026 [INFO]  Epoch[3] Validation-max_y_extension17-accuracy=0.000000
2023-11-08 14:14:48,032 [INFO]  Epoch[4] Batch [0-4]	Speed: 14360.21 samples/sec	cross-entropy=4.056779	max_y_extension17-accuracy=3.200000
2023-11-08 14:14:48,035 [INFO]  Epoch[4] Train-cross-entropy=3.138729
2023-11-08 14:14:48,035 [INFO]  Epoch[4] Train-max_y_extension17-accuracy=2.625000
2023-11-08 14:14:48,035 [INFO]  Epoch[4] Time cost=0.009
2023-11-08 14:14:48,037 [INFO]  Saved checkpoint to "./imputer_model/imputer_model_max_y_extension17/model-0004.params"
2023-11-08 14:14:48,037 [INFO]  Epoch[4] Validation-cross-entropy=3.597148
2023-11-08 14:14:48,037 [INFO]  Epoch[4] Validation-max_y_extension17-accuracy=0.000000
2023-11-08 14:14:48,037 [INFO]  
========== done (0.05975985527038574 s) fit model
2023-11-08 14:28:24,645 [INFO]  
========== start: fit model
2023-11-08 14:28:24,645 [WARNING]  Already bound, ignoring bind()
2023-11-08 14:28:24,653 [INFO]  Epoch[0] Batch [0-4]	Speed: 12402.88 samples/sec	cross-entropy=23.721580	max_y_extension17-accuracy=2.200000
2023-11-08 14:28:24,658 [INFO]  Epoch[0] Train-cross-entropy=20.310271
2023-11-08 14:28:24,658 [INFO]  Epoch[0] Train-max_y_extension17-accuracy=2.250000
2023-11-08 14:28:24,658 [INFO]  Epoch[0] Time cost=0.012
2023-11-08 14:28:24,661 [INFO]  Saved checkpoint to "./imputer_model/imputer_model_max_y_extension17/model-0000.params"
2023-11-08 14:28:24,662 [INFO]  Epoch[0] Validation-cross-entropy=74.032234
2023-11-08 14:28:24,662 [INFO]  Epoch[0] Validation-max_y_extension17-accuracy=0.000000
2023-11-08 14:28:24,670 [INFO]  Epoch[1] Batch [0-4]	Speed: 10833.18 samples/sec	cross-entropy=50.121900	max_y_extension17-accuracy=2.200000
2023-11-08 14:28:24,675 [INFO]  Epoch[1] Train-cross-entropy=38.798076
2023-11-08 14:28:24,675 [INFO]  Epoch[1] Train-max_y_extension17-accuracy=2.250000
2023-11-08 14:28:24,675 [INFO]  Epoch[1] Time cost=0.013
2023-11-08 14:28:24,678 [INFO]  Saved checkpoint to "./imputer_model/imputer_model_max_y_extension17/model-0001.params"
2023-11-08 14:28:24,678 [INFO]  Epoch[1] Validation-cross-entropy=117.347969
2023-11-08 14:28:24,678 [INFO]  Epoch[1] Validation-max_y_extension17-accuracy=0.000000
2023-11-08 14:28:24,685 [INFO]  Epoch[2] Batch [0-4]	Speed: 12634.64 samples/sec	cross-entropy=15.366149	max_y_extension17-accuracy=2.200000
2023-11-08 14:28:24,689 [INFO]  Epoch[2] Train-cross-entropy=11.018133
2023-11-08 14:28:24,689 [INFO]  Epoch[2] Train-max_y_extension17-accuracy=2.250000
2023-11-08 14:28:24,689 [INFO]  Epoch[2] Time cost=0.010
2023-11-08 14:28:24,690 [INFO]  Saved checkpoint to "./imputer_model/imputer_model_max_y_extension17/model-0002.params"
2023-11-08 14:28:24,691 [INFO]  Epoch[2] Validation-cross-entropy=39.188072
2023-11-08 14:28:24,691 [INFO]  Epoch[2] Validation-max_y_extension17-accuracy=0.000000
2023-11-08 14:28:24,697 [INFO]  Epoch[3] Batch [0-4]	Speed: 13438.57 samples/sec	cross-entropy=6.382365	max_y_extension17-accuracy=2.200000
2023-11-08 14:28:24,701 [INFO]  Epoch[3] Train-cross-entropy=5.267555
2023-11-08 14:28:24,701 [INFO]  Epoch[3] Train-max_y_extension17-accuracy=2.250000
2023-11-08 14:28:24,701 [INFO]  Epoch[3] Time cost=0.010
2023-11-08 14:28:24,702 [INFO]  Saved checkpoint to "./imputer_model/imputer_model_max_y_extension17/model-0003.params"
2023-11-08 14:28:24,703 [INFO]  Epoch[3] Validation-cross-entropy=31.535442
2023-11-08 14:28:24,703 [INFO]  Epoch[3] Validation-max_y_extension17-accuracy=0.000000
2023-11-08 14:28:24,709 [INFO]  Epoch[4] Batch [0-4]	Speed: 14141.58 samples/sec	cross-entropy=1.604731	max_y_extension17-accuracy=2.200000
2023-11-08 14:28:24,712 [INFO]  Epoch[4] Train-cross-entropy=1.767940
2023-11-08 14:28:24,712 [INFO]  Epoch[4] Train-max_y_extension17-accuracy=2.250000
2023-11-08 14:28:24,712 [INFO]  Epoch[4] Time cost=0.009
2023-11-08 14:28:24,714 [INFO]  Saved checkpoint to "./imputer_model/imputer_model_max_y_extension17/model-0004.params"
2023-11-08 14:28:24,714 [INFO]  Epoch[4] Validation-cross-entropy=27.009037
2023-11-08 14:28:24,714 [INFO]  Epoch[4] Validation-max_y_extension17-accuracy=0.000000
2023-11-08 14:28:24,714 [INFO]  
========== done (0.06931161880493164 s) fit model
2023-11-08 14:42:29,122 [INFO]  
========== start: fit model
2023-11-08 14:42:29,122 [WARNING]  Already bound, ignoring bind()
2023-11-08 14:42:29,129 [INFO]  Epoch[0] Batch [0-4]	Speed: 14377.90 samples/sec	cross-entropy=31.256419	max_y_extension17-accuracy=0.000000
2023-11-08 14:42:29,132 [INFO]  Epoch[0] Train-cross-entropy=23.403585
2023-11-08 14:42:29,133 [INFO]  Epoch[0] Train-max_y_extension17-accuracy=0.000000
2023-11-08 14:42:29,133 [INFO]  Epoch[0] Time cost=0.010
2023-11-08 14:42:29,134 [INFO]  Saved checkpoint to "./imputer_model/imputer_model_max_y_extension17/model-0000.params"
2023-11-08 14:42:29,134 [INFO]  Epoch[0] Validation-cross-entropy=19.537807
2023-11-08 14:42:29,134 [INFO]  Epoch[0] Validation-max_y_extension17-accuracy=0.000000
2023-11-08 14:42:29,142 [INFO]  Epoch[1] Batch [0-4]	Speed: 9555.58 samples/sec	cross-entropy=28.499846	max_y_extension17-accuracy=0.000000
2023-11-08 14:42:29,148 [INFO]  Epoch[1] Train-cross-entropy=24.160783
2023-11-08 14:42:29,148 [INFO]  Epoch[1] Train-max_y_extension17-accuracy=0.000000
2023-11-08 14:42:29,148 [INFO]  Epoch[1] Time cost=0.014
2023-11-08 14:42:29,152 [INFO]  Saved checkpoint to "./imputer_model/imputer_model_max_y_extension17/model-0001.params"
2023-11-08 14:42:29,153 [INFO]  Epoch[1] Validation-cross-entropy=17.719189
2023-11-08 14:42:29,153 [INFO]  Epoch[1] Validation-max_y_extension17-accuracy=0.000000
2023-11-08 14:42:29,161 [INFO]  Epoch[2] Batch [0-4]	Speed: 10895.18 samples/sec	cross-entropy=5.603618	max_y_extension17-accuracy=0.000000
2023-11-08 14:42:29,165 [INFO]  Epoch[2] Train-cross-entropy=5.436820
2023-11-08 14:42:29,165 [INFO]  Epoch[2] Train-max_y_extension17-accuracy=0.000000
2023-11-08 14:42:29,165 [INFO]  Epoch[2] Time cost=0.012
2023-11-08 14:42:29,167 [INFO]  Saved checkpoint to "./imputer_model/imputer_model_max_y_extension17/model-0002.params"
2023-11-08 14:42:29,168 [INFO]  Epoch[2] Validation-cross-entropy=11.550036
2023-11-08 14:42:29,168 [INFO]  Epoch[2] Validation-max_y_extension17-accuracy=0.000000
2023-11-08 14:42:29,175 [INFO]  Epoch[3] Batch [0-4]	Speed: 13525.24 samples/sec	cross-entropy=2.449152	max_y_extension17-accuracy=0.000000
2023-11-08 14:42:29,178 [INFO]  Epoch[3] Train-cross-entropy=2.055943
2023-11-08 14:42:29,178 [INFO]  Epoch[3] Train-max_y_extension17-accuracy=0.000000
2023-11-08 14:42:29,178 [INFO]  Epoch[3] Time cost=0.010
2023-11-08 14:42:29,180 [INFO]  Saved checkpoint to "./imputer_model/imputer_model_max_y_extension17/model-0003.params"
2023-11-08 14:42:29,181 [INFO]  Epoch[3] Validation-cross-entropy=9.941601
2023-11-08 14:42:29,181 [INFO]  Epoch[3] Validation-max_y_extension17-accuracy=0.000000
2023-11-08 14:42:29,187 [INFO]  Epoch[4] Batch [0-4]	Speed: 14005.08 samples/sec	cross-entropy=1.123193	max_y_extension17-accuracy=0.000000
2023-11-08 14:42:29,190 [INFO]  Epoch[4] Train-cross-entropy=0.942831
2023-11-08 14:42:29,190 [INFO]  Epoch[4] Train-max_y_extension17-accuracy=0.000000
2023-11-08 14:42:29,190 [INFO]  Epoch[4] Time cost=0.009
2023-11-08 14:42:29,192 [INFO]  Saved checkpoint to "./imputer_model/imputer_model_max_y_extension17/model-0004.params"
2023-11-08 14:42:29,192 [INFO]  Epoch[4] Validation-cross-entropy=10.468407
2023-11-08 14:42:29,193 [INFO]  Epoch[4] Validation-max_y_extension17-accuracy=0.000000
2023-11-08 14:42:29,193 [INFO]  
========== done (0.07092595100402832 s) fit model
2023-11-08 14:56:34,038 [INFO]  
========== start: fit model
2023-11-08 14:56:34,038 [WARNING]  Already bound, ignoring bind()
2023-11-08 14:56:34,045 [INFO]  Epoch[0] Batch [0-4]	Speed: 14043.92 samples/sec	cross-entropy=9.164437	max_y_extension17-accuracy=1.600000
2023-11-08 14:56:34,049 [INFO]  Epoch[0] Train-cross-entropy=12.561512
2023-11-08 14:56:34,049 [INFO]  Epoch[0] Train-max_y_extension17-accuracy=2.625000
2023-11-08 14:56:34,049 [INFO]  Epoch[0] Time cost=0.010
2023-11-08 14:56:34,050 [INFO]  Saved checkpoint to "./imputer_model/imputer_model_max_y_extension17/model-0000.params"
2023-11-08 14:56:34,051 [INFO]  Epoch[0] Validation-cross-entropy=35.572563
2023-11-08 14:56:34,051 [INFO]  Epoch[0] Validation-max_y_extension17-accuracy=0.000000
2023-11-08 14:56:34,056 [INFO]  Epoch[1] Batch [0-4]	Speed: 18780.90 samples/sec	cross-entropy=46.261533	max_y_extension17-accuracy=1.600000
2023-11-08 14:56:34,058 [INFO]  Epoch[1] Train-cross-entropy=39.373751
2023-11-08 14:56:34,058 [INFO]  Epoch[1] Train-max_y_extension17-accuracy=2.625000
2023-11-08 14:56:34,058 [INFO]  Epoch[1] Time cost=0.007
2023-11-08 14:56:34,060 [INFO]  Saved checkpoint to "./imputer_model/imputer_model_max_y_extension17/model-0001.params"
2023-11-08 14:56:34,060 [INFO]  Epoch[1] Validation-cross-entropy=57.521595
2023-11-08 14:56:34,060 [INFO]  Epoch[1] Validation-max_y_extension17-accuracy=0.000000
2023-11-08 14:56:34,064 [INFO]  Epoch[2] Batch [0-4]	Speed: 22534.88 samples/sec	cross-entropy=8.246663	max_y_extension17-accuracy=1.600000
2023-11-08 14:56:34,066 [INFO]  Epoch[2] Train-cross-entropy=6.840982
2023-11-08 14:56:34,066 [INFO]  Epoch[2] Train-max_y_extension17-accuracy=2.625000
2023-11-08 14:56:34,066 [INFO]  Epoch[2] Time cost=0.006
2023-11-08 14:56:34,067 [INFO]  Saved checkpoint to "./imputer_model/imputer_model_max_y_extension17/model-0002.params"
2023-11-08 14:56:34,068 [INFO]  Epoch[2] Validation-cross-entropy=47.366184
2023-11-08 14:56:34,068 [INFO]  Epoch[2] Validation-max_y_extension17-accuracy=0.000000
2023-11-08 14:56:34,071 [INFO]  Epoch[3] Batch [0-4]	Speed: 26343.03 samples/sec	cross-entropy=5.078208	max_y_extension17-accuracy=1.600000
2023-11-08 14:56:34,073 [INFO]  Epoch[3] Train-cross-entropy=5.152054
2023-11-08 14:56:34,073 [INFO]  Epoch[3] Train-max_y_extension17-accuracy=2.625000
2023-11-08 14:56:34,073 [INFO]  Epoch[3] Time cost=0.005
2023-11-08 14:56:34,074 [INFO]  Saved checkpoint to "./imputer_model/imputer_model_max_y_extension17/model-0003.params"
2023-11-08 14:56:34,075 [INFO]  Epoch[3] Validation-cross-entropy=50.961082
2023-11-08 14:56:34,075 [INFO]  Epoch[3] Validation-max_y_extension17-accuracy=0.000000
2023-11-08 14:56:34,079 [INFO]  Epoch[4] Batch [0-4]	Speed: 22872.82 samples/sec	cross-entropy=1.362914	max_y_extension17-accuracy=1.600000
2023-11-08 14:56:34,081 [INFO]  Epoch[4] Train-cross-entropy=1.302829
2023-11-08 14:56:34,081 [INFO]  Epoch[4] Train-max_y_extension17-accuracy=2.625000
2023-11-08 14:56:34,081 [INFO]  Epoch[4] Time cost=0.006
2023-11-08 14:56:34,082 [INFO]  Saved checkpoint to "./imputer_model/imputer_model_max_y_extension17/model-0004.params"
2023-11-08 14:56:34,083 [INFO]  Epoch[4] Validation-cross-entropy=40.322887
2023-11-08 14:56:34,083 [INFO]  Epoch[4] Validation-max_y_extension17-accuracy=0.000000
2023-11-08 14:56:34,083 [INFO]  
========== done (0.04479169845581055 s) fit model
