2023-11-08 12:35:03,387 [INFO]  
========== start: fit model
2023-11-08 12:35:03,387 [WARNING]  Already bound, ignoring bind()
2023-11-08 12:35:03,396 [INFO]  Epoch[0] Batch [0-4]	Speed: 12099.86 samples/sec	cross-entropy=12.400531	num_of_pendown7-accuracy=4.400000
2023-11-08 12:35:03,405 [INFO]  Epoch[0] Train-cross-entropy=15.060684
2023-11-08 12:35:03,405 [INFO]  Epoch[0] Train-num_of_pendown7-accuracy=4.375000
2023-11-08 12:35:03,405 [INFO]  Epoch[0] Time cost=0.017
2023-11-08 12:35:03,411 [INFO]  Saved checkpoint to "./imputer_model/imputer_model_num_of_pendown7/model-0000.params"
2023-11-08 12:35:03,416 [INFO]  Epoch[0] Validation-cross-entropy=63.815830
2023-11-08 12:35:03,417 [INFO]  Epoch[0] Validation-num_of_pendown7-accuracy=0.000000
2023-11-08 12:35:03,466 [INFO]  Epoch[1] Batch [0-4]	Speed: 1536.56 samples/sec	cross-entropy=55.822601	num_of_pendown7-accuracy=4.400000
2023-11-08 12:35:03,470 [INFO]  Epoch[1] Train-cross-entropy=44.478306
2023-11-08 12:35:03,470 [INFO]  Epoch[1] Train-num_of_pendown7-accuracy=4.375000
2023-11-08 12:35:03,470 [INFO]  Epoch[1] Time cost=0.053
2023-11-08 12:35:03,473 [INFO]  Saved checkpoint to "./imputer_model/imputer_model_num_of_pendown7/model-0001.params"
2023-11-08 12:35:03,474 [INFO]  Epoch[1] Validation-cross-entropy=50.802078
2023-11-08 12:35:03,474 [INFO]  Epoch[1] Validation-num_of_pendown7-accuracy=0.000000
2023-11-08 12:35:03,480 [INFO]  Epoch[2] Batch [0-4]	Speed: 13401.00 samples/sec	cross-entropy=4.813547	num_of_pendown7-accuracy=4.400000
2023-11-08 12:35:03,484 [INFO]  Epoch[2] Train-cross-entropy=5.169312
2023-11-08 12:35:03,484 [INFO]  Epoch[2] Train-num_of_pendown7-accuracy=4.375000
2023-11-08 12:35:03,484 [INFO]  Epoch[2] Time cost=0.010
2023-11-08 12:35:03,487 [INFO]  Saved checkpoint to "./imputer_model/imputer_model_num_of_pendown7/model-0002.params"
2023-11-08 12:35:03,487 [INFO]  Epoch[2] Validation-cross-entropy=49.366894
2023-11-08 12:35:03,487 [INFO]  Epoch[2] Validation-num_of_pendown7-accuracy=0.000000
2023-11-08 12:35:03,494 [INFO]  Epoch[3] Batch [0-4]	Speed: 13598.55 samples/sec	cross-entropy=5.651397	num_of_pendown7-accuracy=4.400000
2023-11-08 12:35:03,497 [INFO]  Epoch[3] Train-cross-entropy=4.173778
2023-11-08 12:35:03,498 [INFO]  Epoch[3] Train-num_of_pendown7-accuracy=4.375000
2023-11-08 12:35:03,498 [INFO]  Epoch[3] Time cost=0.010
2023-11-08 12:35:03,500 [INFO]  Saved checkpoint to "./imputer_model/imputer_model_num_of_pendown7/model-0003.params"
2023-11-08 12:35:03,525 [INFO]  Epoch[3] Validation-cross-entropy=41.359333
2023-11-08 12:35:03,525 [INFO]  Epoch[3] Validation-num_of_pendown7-accuracy=0.000000
2023-11-08 12:35:03,575 [INFO]  Epoch[4] Batch [0-4]	Speed: 1433.48 samples/sec	cross-entropy=1.793726	num_of_pendown7-accuracy=4.400000
2023-11-08 12:35:03,639 [INFO]  Epoch[4] Train-cross-entropy=1.593342
2023-11-08 12:35:03,639 [INFO]  Epoch[4] Train-num_of_pendown7-accuracy=4.375000
2023-11-08 12:35:03,639 [INFO]  Epoch[4] Time cost=0.113
2023-11-08 12:35:03,642 [INFO]  Saved checkpoint to "./imputer_model/imputer_model_num_of_pendown7/model-0004.params"
2023-11-08 12:35:03,643 [INFO]  Epoch[4] Validation-cross-entropy=42.516594
2023-11-08 12:35:03,643 [INFO]  Epoch[4] Validation-num_of_pendown7-accuracy=0.000000
2023-11-08 12:35:03,643 [INFO]  
========== done (0.25643491744995117 s) fit model
2023-11-08 13:05:15,950 [INFO]  
========== start: fit model
2023-11-08 13:05:15,951 [WARNING]  Already bound, ignoring bind()
2023-11-08 13:05:15,966 [INFO]  Epoch[0] Batch [0-4]	Speed: 10026.35 samples/sec	cross-entropy=8.700067	num_of_pendown7-accuracy=3.600000
2023-11-08 13:05:15,971 [INFO]  Epoch[0] Train-cross-entropy=20.221774
2023-11-08 13:05:15,971 [INFO]  Epoch[0] Train-num_of_pendown7-accuracy=3.500000
2023-11-08 13:05:15,971 [INFO]  Epoch[0] Time cost=0.020
2023-11-08 13:05:15,974 [INFO]  Saved checkpoint to "./imputer_model/imputer_model_num_of_pendown7/model-0000.params"
2023-11-08 13:05:15,975 [INFO]  Epoch[0] Validation-cross-entropy=8.834050
2023-11-08 13:05:15,975 [INFO]  Epoch[0] Validation-num_of_pendown7-accuracy=0.000000
2023-11-08 13:05:15,982 [INFO]  Epoch[1] Batch [0-4]	Speed: 12618.01 samples/sec	cross-entropy=33.299566	num_of_pendown7-accuracy=3.600000
2023-11-08 13:05:15,986 [INFO]  Epoch[1] Train-cross-entropy=30.212705
2023-11-08 13:05:15,986 [INFO]  Epoch[1] Train-num_of_pendown7-accuracy=3.500000
2023-11-08 13:05:15,986 [INFO]  Epoch[1] Time cost=0.011
2023-11-08 13:05:15,988 [INFO]  Saved checkpoint to "./imputer_model/imputer_model_num_of_pendown7/model-0001.params"
2023-11-08 13:05:15,989 [INFO]  Epoch[1] Validation-cross-entropy=2.093753
2023-11-08 13:05:15,989 [INFO]  Epoch[1] Validation-num_of_pendown7-accuracy=0.000000
2023-11-08 13:05:15,995 [INFO]  Epoch[2] Batch [0-4]	Speed: 13635.16 samples/sec	cross-entropy=6.473201	num_of_pendown7-accuracy=3.600000
2023-11-08 13:05:15,999 [INFO]  Epoch[2] Train-cross-entropy=6.371453
2023-11-08 13:05:16,000 [INFO]  Epoch[2] Train-num_of_pendown7-accuracy=3.500000
2023-11-08 13:05:16,000 [INFO]  Epoch[2] Time cost=0.011
2023-11-08 13:05:16,003 [INFO]  Saved checkpoint to "./imputer_model/imputer_model_num_of_pendown7/model-0002.params"
2023-11-08 13:05:16,004 [INFO]  Epoch[2] Validation-cross-entropy=2.020325
2023-11-08 13:05:16,004 [INFO]  Epoch[2] Validation-num_of_pendown7-accuracy=0.000000
2023-11-08 13:05:16,011 [INFO]  Epoch[3] Batch [0-4]	Speed: 13146.36 samples/sec	cross-entropy=2.808348	num_of_pendown7-accuracy=3.600000
2023-11-08 13:05:16,014 [INFO]  Epoch[3] Train-cross-entropy=2.599187
2023-11-08 13:05:16,014 [INFO]  Epoch[3] Train-num_of_pendown7-accuracy=3.500000
2023-11-08 13:05:16,014 [INFO]  Epoch[3] Time cost=0.010
2023-11-08 13:05:16,016 [INFO]  Saved checkpoint to "./imputer_model/imputer_model_num_of_pendown7/model-0003.params"
2023-11-08 13:05:16,017 [INFO]  Epoch[3] Validation-cross-entropy=2.614071
2023-11-08 13:05:16,017 [INFO]  Epoch[3] Validation-num_of_pendown7-accuracy=0.000000
2023-11-08 13:05:16,022 [INFO]  Epoch[4] Batch [0-4]	Speed: 15728.33 samples/sec	cross-entropy=0.961913	num_of_pendown7-accuracy=3.600000
2023-11-08 13:05:16,025 [INFO]  Epoch[4] Train-cross-entropy=1.412768
2023-11-08 13:05:16,025 [INFO]  Epoch[4] Train-num_of_pendown7-accuracy=3.500000
2023-11-08 13:05:16,025 [INFO]  Epoch[4] Time cost=0.008
2023-11-08 13:05:16,027 [INFO]  Saved checkpoint to "./imputer_model/imputer_model_num_of_pendown7/model-0004.params"
2023-11-08 13:05:16,027 [INFO]  Epoch[4] Validation-cross-entropy=2.700901
2023-11-08 13:05:16,027 [INFO]  Epoch[4] Validation-num_of_pendown7-accuracy=0.000000
2023-11-08 13:05:16,027 [INFO]  
========== done (0.07707381248474121 s) fit model
2023-11-08 13:18:42,517 [INFO]  
========== start: fit model
2023-11-08 13:18:42,517 [WARNING]  Already bound, ignoring bind()
2023-11-08 13:18:42,524 [INFO]  Epoch[0] Batch [0-4]	Speed: 14220.24 samples/sec	cross-entropy=23.032806	num_of_pendown7-accuracy=3.400000
2023-11-08 13:18:42,528 [INFO]  Epoch[0] Train-cross-entropy=24.007754
2023-11-08 13:18:42,528 [INFO]  Epoch[0] Train-num_of_pendown7-accuracy=4.125000
2023-11-08 13:18:42,528 [INFO]  Epoch[0] Time cost=0.010
2023-11-08 13:18:42,529 [INFO]  Saved checkpoint to "./imputer_model/imputer_model_num_of_pendown7/model-0000.params"
2023-11-08 13:18:42,530 [INFO]  Epoch[0] Validation-cross-entropy=27.759638
2023-11-08 13:18:42,530 [INFO]  Epoch[0] Validation-num_of_pendown7-accuracy=0.000000
2023-11-08 13:18:42,535 [INFO]  Epoch[1] Batch [0-4]	Speed: 15966.90 samples/sec	cross-entropy=30.081867	num_of_pendown7-accuracy=3.400000
2023-11-08 13:18:42,538 [INFO]  Epoch[1] Train-cross-entropy=24.382289
2023-11-08 13:18:42,538 [INFO]  Epoch[1] Train-num_of_pendown7-accuracy=4.125000
2023-11-08 13:18:42,538 [INFO]  Epoch[1] Time cost=0.008
2023-11-08 13:18:42,539 [INFO]  Saved checkpoint to "./imputer_model/imputer_model_num_of_pendown7/model-0001.params"
2023-11-08 13:18:42,540 [INFO]  Epoch[1] Validation-cross-entropy=15.191965
2023-11-08 13:18:42,540 [INFO]  Epoch[1] Validation-num_of_pendown7-accuracy=0.000000
2023-11-08 13:18:42,546 [INFO]  Epoch[2] Batch [0-4]	Speed: 13500.07 samples/sec	cross-entropy=3.851874	num_of_pendown7-accuracy=3.400000
2023-11-08 13:18:42,550 [INFO]  Epoch[2] Train-cross-entropy=3.820971
2023-11-08 13:18:42,550 [INFO]  Epoch[2] Train-num_of_pendown7-accuracy=4.125000
2023-11-08 13:18:42,550 [INFO]  Epoch[2] Time cost=0.010
2023-11-08 13:18:42,553 [INFO]  Saved checkpoint to "./imputer_model/imputer_model_num_of_pendown7/model-0002.params"
2023-11-08 13:18:42,553 [INFO]  Epoch[2] Validation-cross-entropy=13.293364
2023-11-08 13:18:42,554 [INFO]  Epoch[2] Validation-num_of_pendown7-accuracy=0.000000
2023-11-08 13:18:42,560 [INFO]  Epoch[3] Batch [0-4]	Speed: 12122.27 samples/sec	cross-entropy=2.433687	num_of_pendown7-accuracy=3.400000
2023-11-08 13:18:42,564 [INFO]  Epoch[3] Train-cross-entropy=2.023042
2023-11-08 13:18:42,565 [INFO]  Epoch[3] Train-num_of_pendown7-accuracy=4.125000
2023-11-08 13:18:42,565 [INFO]  Epoch[3] Time cost=0.011
2023-11-08 13:18:42,566 [INFO]  Saved checkpoint to "./imputer_model/imputer_model_num_of_pendown7/model-0003.params"
2023-11-08 13:18:42,567 [INFO]  Epoch[3] Validation-cross-entropy=10.634311
2023-11-08 13:18:42,567 [INFO]  Epoch[3] Validation-num_of_pendown7-accuracy=0.000000
2023-11-08 13:18:42,573 [INFO]  Epoch[4] Batch [0-4]	Speed: 13486.51 samples/sec	cross-entropy=1.507151	num_of_pendown7-accuracy=3.400000
2023-11-08 13:18:42,577 [INFO]  Epoch[4] Train-cross-entropy=1.180429
2023-11-08 13:18:42,577 [INFO]  Epoch[4] Train-num_of_pendown7-accuracy=4.125000
2023-11-08 13:18:42,577 [INFO]  Epoch[4] Time cost=0.010
2023-11-08 13:18:42,578 [INFO]  Saved checkpoint to "./imputer_model/imputer_model_num_of_pendown7/model-0004.params"
2023-11-08 13:18:42,579 [INFO]  Epoch[4] Validation-cross-entropy=11.555055
2023-11-08 13:18:42,579 [INFO]  Epoch[4] Validation-num_of_pendown7-accuracy=0.000000
2023-11-08 13:18:42,579 [INFO]  
========== done (0.06197190284729004 s) fit model
2023-11-08 13:32:02,968 [INFO]  
========== start: fit model
2023-11-08 13:32:02,968 [WARNING]  Already bound, ignoring bind()
2023-11-08 13:32:02,975 [INFO]  Epoch[0] Batch [0-4]	Speed: 13825.48 samples/sec	cross-entropy=31.913640	num_of_pendown7-accuracy=0.000000
2023-11-08 13:32:02,980 [INFO]  Epoch[0] Train-cross-entropy=33.831604
2023-11-08 13:32:02,980 [INFO]  Epoch[0] Train-num_of_pendown7-accuracy=0.000000
2023-11-08 13:32:02,980 [INFO]  Epoch[0] Time cost=0.011
2023-11-08 13:32:02,983 [INFO]  Saved checkpoint to "./imputer_model/imputer_model_num_of_pendown7/model-0000.params"
2023-11-08 13:32:02,984 [INFO]  Epoch[0] Validation-cross-entropy=10.416671
2023-11-08 13:32:02,984 [INFO]  Epoch[0] Validation-num_of_pendown7-accuracy=0.000000
2023-11-08 13:32:02,991 [INFO]  Epoch[1] Batch [0-4]	Speed: 13520.47 samples/sec	cross-entropy=40.958842	num_of_pendown7-accuracy=0.000000
2023-11-08 13:32:02,995 [INFO]  Epoch[1] Train-cross-entropy=45.168142
2023-11-08 13:32:02,995 [INFO]  Epoch[1] Train-num_of_pendown7-accuracy=0.000000
2023-11-08 13:32:02,995 [INFO]  Epoch[1] Time cost=0.011
2023-11-08 13:32:02,997 [INFO]  Saved checkpoint to "./imputer_model/imputer_model_num_of_pendown7/model-0001.params"
2023-11-08 13:32:02,998 [INFO]  Epoch[1] Validation-cross-entropy=8.022407
2023-11-08 13:32:02,998 [INFO]  Epoch[1] Validation-num_of_pendown7-accuracy=0.000000
2023-11-08 13:32:03,004 [INFO]  Epoch[2] Batch [0-4]	Speed: 13800.60 samples/sec	cross-entropy=12.724130	num_of_pendown7-accuracy=0.000000
2023-11-08 13:32:03,008 [INFO]  Epoch[2] Train-cross-entropy=12.204285
2023-11-08 13:32:03,008 [INFO]  Epoch[2] Train-num_of_pendown7-accuracy=0.000000
2023-11-08 13:32:03,008 [INFO]  Epoch[2] Time cost=0.010
2023-11-08 13:32:03,010 [INFO]  Saved checkpoint to "./imputer_model/imputer_model_num_of_pendown7/model-0002.params"
2023-11-08 13:32:03,010 [INFO]  Epoch[2] Validation-cross-entropy=12.038895
2023-11-08 13:32:03,010 [INFO]  Epoch[2] Validation-num_of_pendown7-accuracy=0.000000
2023-11-08 13:32:03,017 [INFO]  Epoch[3] Batch [0-4]	Speed: 11203.95 samples/sec	cross-entropy=7.267441	num_of_pendown7-accuracy=0.000000
2023-11-08 13:32:03,022 [INFO]  Epoch[3] Train-cross-entropy=5.862357
2023-11-08 13:32:03,022 [INFO]  Epoch[3] Train-num_of_pendown7-accuracy=0.000000
2023-11-08 13:32:03,022 [INFO]  Epoch[3] Time cost=0.012
2023-11-08 13:32:03,024 [INFO]  Saved checkpoint to "./imputer_model/imputer_model_num_of_pendown7/model-0003.params"
2023-11-08 13:32:03,025 [INFO]  Epoch[3] Validation-cross-entropy=7.168908
2023-11-08 13:32:03,025 [INFO]  Epoch[3] Validation-num_of_pendown7-accuracy=0.000000
2023-11-08 13:32:03,032 [INFO]  Epoch[4] Batch [0-4]	Speed: 12444.85 samples/sec	cross-entropy=1.767002	num_of_pendown7-accuracy=0.000000
2023-11-08 13:32:03,036 [INFO]  Epoch[4] Train-cross-entropy=1.820436
2023-11-08 13:32:03,036 [INFO]  Epoch[4] Train-num_of_pendown7-accuracy=0.000000
2023-11-08 13:32:03,036 [INFO]  Epoch[4] Time cost=0.011
2023-11-08 13:32:03,038 [INFO]  Saved checkpoint to "./imputer_model/imputer_model_num_of_pendown7/model-0004.params"
2023-11-08 13:32:03,039 [INFO]  Epoch[4] Validation-cross-entropy=10.335948
2023-11-08 13:32:03,039 [INFO]  Epoch[4] Validation-num_of_pendown7-accuracy=0.000000
2023-11-08 13:32:03,039 [INFO]  
========== done (0.07115006446838379 s) fit model
2023-11-08 13:45:22,861 [INFO]  
========== start: fit model
2023-11-08 13:45:22,861 [WARNING]  Already bound, ignoring bind()
2023-11-08 13:45:22,868 [INFO]  Epoch[0] Batch [0-4]	Speed: 14077.80 samples/sec	cross-entropy=22.174977	num_of_pendown7-accuracy=0.000000
2023-11-08 13:45:22,871 [INFO]  Epoch[0] Train-cross-entropy=23.038269
2023-11-08 13:45:22,871 [INFO]  Epoch[0] Train-num_of_pendown7-accuracy=0.000000
2023-11-08 13:45:22,872 [INFO]  Epoch[0] Time cost=0.010
2023-11-08 13:45:22,873 [INFO]  Saved checkpoint to "./imputer_model/imputer_model_num_of_pendown7/model-0000.params"
2023-11-08 13:45:22,873 [INFO]  Epoch[0] Validation-cross-entropy=95.850952
2023-11-08 13:45:22,873 [INFO]  Epoch[0] Validation-num_of_pendown7-accuracy=0.000000
2023-11-08 13:45:22,879 [INFO]  Epoch[1] Batch [0-4]	Speed: 15814.51 samples/sec	cross-entropy=44.294028	num_of_pendown7-accuracy=0.000000
2023-11-08 13:45:22,884 [INFO]  Epoch[1] Train-cross-entropy=37.534885
2023-11-08 13:45:22,884 [INFO]  Epoch[1] Train-num_of_pendown7-accuracy=0.000000
2023-11-08 13:45:22,884 [INFO]  Epoch[1] Time cost=0.011
2023-11-08 13:45:22,887 [INFO]  Saved checkpoint to "./imputer_model/imputer_model_num_of_pendown7/model-0001.params"
2023-11-08 13:45:22,888 [INFO]  Epoch[1] Validation-cross-entropy=83.041962
2023-11-08 13:45:22,888 [INFO]  Epoch[1] Validation-num_of_pendown7-accuracy=0.000000
2023-11-08 13:45:22,895 [INFO]  Epoch[2] Batch [0-4]	Speed: 12744.41 samples/sec	cross-entropy=15.336729	num_of_pendown7-accuracy=0.000000
2023-11-08 13:45:22,899 [INFO]  Epoch[2] Train-cross-entropy=11.146379
2023-11-08 13:45:22,899 [INFO]  Epoch[2] Train-num_of_pendown7-accuracy=0.000000
2023-11-08 13:45:22,899 [INFO]  Epoch[2] Time cost=0.010
2023-11-08 13:45:22,901 [INFO]  Saved checkpoint to "./imputer_model/imputer_model_num_of_pendown7/model-0002.params"
2023-11-08 13:45:22,902 [INFO]  Epoch[2] Validation-cross-entropy=55.408825
2023-11-08 13:45:22,902 [INFO]  Epoch[2] Validation-num_of_pendown7-accuracy=0.000000
2023-11-08 13:45:22,908 [INFO]  Epoch[3] Batch [0-4]	Speed: 15014.01 samples/sec	cross-entropy=7.736227	num_of_pendown7-accuracy=0.000000
2023-11-08 13:45:22,911 [INFO]  Epoch[3] Train-cross-entropy=5.695724
2023-11-08 13:45:22,911 [INFO]  Epoch[3] Train-num_of_pendown7-accuracy=0.000000
2023-11-08 13:45:22,911 [INFO]  Epoch[3] Time cost=0.009
2023-11-08 13:45:22,913 [INFO]  Saved checkpoint to "./imputer_model/imputer_model_num_of_pendown7/model-0003.params"
2023-11-08 13:45:22,913 [INFO]  Epoch[3] Validation-cross-entropy=60.699577
2023-11-08 13:45:22,913 [INFO]  Epoch[3] Validation-num_of_pendown7-accuracy=0.000000
2023-11-08 13:45:22,919 [INFO]  Epoch[4] Batch [0-4]	Speed: 14642.20 samples/sec	cross-entropy=1.662221	num_of_pendown7-accuracy=0.000000
2023-11-08 13:45:22,924 [INFO]  Epoch[4] Train-cross-entropy=1.863137
2023-11-08 13:45:22,924 [INFO]  Epoch[4] Train-num_of_pendown7-accuracy=0.000000
2023-11-08 13:45:22,924 [INFO]  Epoch[4] Time cost=0.010
2023-11-08 13:45:22,927 [INFO]  Saved checkpoint to "./imputer_model/imputer_model_num_of_pendown7/model-0004.params"
2023-11-08 13:45:22,928 [INFO]  Epoch[4] Validation-cross-entropy=69.741562
2023-11-08 13:45:22,928 [INFO]  Epoch[4] Validation-num_of_pendown7-accuracy=0.000000
2023-11-08 13:45:22,928 [INFO]  
========== done (0.06756281852722168 s) fit model
2023-11-08 13:58:45,194 [INFO]  
========== start: fit model
2023-11-08 13:58:45,195 [WARNING]  Already bound, ignoring bind()
2023-11-08 13:58:45,201 [INFO]  Epoch[0] Batch [0-4]	Speed: 14184.92 samples/sec	cross-entropy=29.378129	num_of_pendown7-accuracy=0.000000
2023-11-08 13:58:45,206 [INFO]  Epoch[0] Train-cross-entropy=25.740226
2023-11-08 13:58:45,206 [INFO]  Epoch[0] Train-num_of_pendown7-accuracy=0.000000
2023-11-08 13:58:45,206 [INFO]  Epoch[0] Time cost=0.011
2023-11-08 13:58:45,209 [INFO]  Saved checkpoint to "./imputer_model/imputer_model_num_of_pendown7/model-0000.params"
2023-11-08 13:58:45,210 [INFO]  Epoch[0] Validation-cross-entropy=54.682346
2023-11-08 13:58:45,210 [INFO]  Epoch[0] Validation-num_of_pendown7-accuracy=0.000000
2023-11-08 13:58:45,218 [INFO]  Epoch[1] Batch [0-4]	Speed: 10544.25 samples/sec	cross-entropy=28.392490	num_of_pendown7-accuracy=0.000000
2023-11-08 13:58:45,222 [INFO]  Epoch[1] Train-cross-entropy=25.443853
2023-11-08 13:58:45,222 [INFO]  Epoch[1] Train-num_of_pendown7-accuracy=0.000000
2023-11-08 13:58:45,222 [INFO]  Epoch[1] Time cost=0.012
2023-11-08 13:58:45,225 [INFO]  Saved checkpoint to "./imputer_model/imputer_model_num_of_pendown7/model-0001.params"
2023-11-08 13:58:45,226 [INFO]  Epoch[1] Validation-cross-entropy=60.304356
2023-11-08 13:58:45,226 [INFO]  Epoch[1] Validation-num_of_pendown7-accuracy=0.000000
2023-11-08 13:58:45,232 [INFO]  Epoch[2] Batch [0-4]	Speed: 12153.00 samples/sec	cross-entropy=4.576979	num_of_pendown7-accuracy=0.000000
2023-11-08 13:58:45,237 [INFO]  Epoch[2] Train-cross-entropy=5.729333
2023-11-08 13:58:45,237 [INFO]  Epoch[2] Train-num_of_pendown7-accuracy=0.000000
2023-11-08 13:58:45,237 [INFO]  Epoch[2] Time cost=0.012
2023-11-08 13:58:45,241 [INFO]  Saved checkpoint to "./imputer_model/imputer_model_num_of_pendown7/model-0002.params"
2023-11-08 13:58:45,242 [INFO]  Epoch[2] Validation-cross-entropy=62.986874
2023-11-08 13:58:45,242 [INFO]  Epoch[2] Validation-num_of_pendown7-accuracy=0.000000
2023-11-08 13:58:45,250 [INFO]  Epoch[3] Batch [0-4]	Speed: 10637.43 samples/sec	cross-entropy=2.507899	num_of_pendown7-accuracy=0.000000
2023-11-08 13:58:45,254 [INFO]  Epoch[3] Train-cross-entropy=1.863863
2023-11-08 13:58:45,254 [INFO]  Epoch[3] Train-num_of_pendown7-accuracy=0.000000
2023-11-08 13:58:45,254 [INFO]  Epoch[3] Time cost=0.012
2023-11-08 13:58:45,256 [INFO]  Saved checkpoint to "./imputer_model/imputer_model_num_of_pendown7/model-0003.params"
2023-11-08 13:58:45,257 [INFO]  Epoch[3] Validation-cross-entropy=57.571548
2023-11-08 13:58:45,257 [INFO]  Epoch[3] Validation-num_of_pendown7-accuracy=0.000000
2023-11-08 13:58:45,263 [INFO]  Epoch[4] Batch [0-4]	Speed: 13222.77 samples/sec	cross-entropy=1.157909	num_of_pendown7-accuracy=0.000000
2023-11-08 13:58:45,267 [INFO]  Epoch[4] Train-cross-entropy=1.005028
2023-11-08 13:58:45,267 [INFO]  Epoch[4] Train-num_of_pendown7-accuracy=0.000000
2023-11-08 13:58:45,267 [INFO]  Epoch[4] Time cost=0.010
2023-11-08 13:58:45,269 [INFO]  Saved checkpoint to "./imputer_model/imputer_model_num_of_pendown7/model-0004.params"
2023-11-08 13:58:45,270 [INFO]  Epoch[4] Validation-cross-entropy=57.681511
2023-11-08 13:58:45,270 [INFO]  Epoch[4] Validation-num_of_pendown7-accuracy=0.000000
2023-11-08 13:58:45,270 [INFO]  
========== done (0.07532429695129395 s) fit model
2023-11-08 14:12:10,054 [INFO]  
========== start: fit model
2023-11-08 14:12:10,054 [WARNING]  Already bound, ignoring bind()
2023-11-08 14:12:10,061 [INFO]  Epoch[0] Batch [0-4]	Speed: 14082.97 samples/sec	cross-entropy=25.137727	num_of_pendown7-accuracy=3.800000
2023-11-08 14:12:10,064 [INFO]  Epoch[0] Train-cross-entropy=25.358514
2023-11-08 14:12:10,064 [INFO]  Epoch[0] Train-num_of_pendown7-accuracy=4.250000
2023-11-08 14:12:10,064 [INFO]  Epoch[0] Time cost=0.010
2023-11-08 14:12:10,065 [INFO]  Saved checkpoint to "./imputer_model/imputer_model_num_of_pendown7/model-0000.params"
2023-11-08 14:12:10,066 [INFO]  Epoch[0] Validation-cross-entropy=21.561668
2023-11-08 14:12:10,066 [INFO]  Epoch[0] Validation-num_of_pendown7-accuracy=0.000000
2023-11-08 14:12:10,071 [INFO]  Epoch[1] Batch [0-4]	Speed: 15230.38 samples/sec	cross-entropy=40.489866	num_of_pendown7-accuracy=3.800000
2023-11-08 14:12:10,075 [INFO]  Epoch[1] Train-cross-entropy=48.787036
2023-11-08 14:12:10,075 [INFO]  Epoch[1] Train-num_of_pendown7-accuracy=4.250000
2023-11-08 14:12:10,075 [INFO]  Epoch[1] Time cost=0.009
2023-11-08 14:12:10,076 [INFO]  Saved checkpoint to "./imputer_model/imputer_model_num_of_pendown7/model-0001.params"
2023-11-08 14:12:10,077 [INFO]  Epoch[1] Validation-cross-entropy=20.265429
2023-11-08 14:12:10,077 [INFO]  Epoch[1] Validation-num_of_pendown7-accuracy=0.000000
2023-11-08 14:12:10,082 [INFO]  Epoch[2] Batch [0-4]	Speed: 14613.50 samples/sec	cross-entropy=12.716493	num_of_pendown7-accuracy=3.800000
2023-11-08 14:12:10,086 [INFO]  Epoch[2] Train-cross-entropy=13.350154
2023-11-08 14:12:10,086 [INFO]  Epoch[2] Train-num_of_pendown7-accuracy=4.250000
2023-11-08 14:12:10,086 [INFO]  Epoch[2] Time cost=0.009
2023-11-08 14:12:10,087 [INFO]  Saved checkpoint to "./imputer_model/imputer_model_num_of_pendown7/model-0002.params"
2023-11-08 14:12:10,088 [INFO]  Epoch[2] Validation-cross-entropy=26.095678
2023-11-08 14:12:10,088 [INFO]  Epoch[2] Validation-num_of_pendown7-accuracy=0.000000
2023-11-08 14:12:10,093 [INFO]  Epoch[3] Batch [0-4]	Speed: 14654.19 samples/sec	cross-entropy=3.950046	num_of_pendown7-accuracy=3.800000
2023-11-08 14:12:10,097 [INFO]  Epoch[3] Train-cross-entropy=4.694020
2023-11-08 14:12:10,097 [INFO]  Epoch[3] Train-num_of_pendown7-accuracy=4.250000
2023-11-08 14:12:10,097 [INFO]  Epoch[3] Time cost=0.009
2023-11-08 14:12:10,098 [INFO]  Saved checkpoint to "./imputer_model/imputer_model_num_of_pendown7/model-0003.params"
2023-11-08 14:12:10,099 [INFO]  Epoch[3] Validation-cross-entropy=17.648615
2023-11-08 14:12:10,099 [INFO]  Epoch[3] Validation-num_of_pendown7-accuracy=0.000000
2023-11-08 14:12:10,107 [INFO]  Epoch[4] Batch [0-4]	Speed: 9956.80 samples/sec	cross-entropy=2.248651	num_of_pendown7-accuracy=3.800000
2023-11-08 14:12:10,111 [INFO]  Epoch[4] Train-cross-entropy=2.111937
2023-11-08 14:12:10,112 [INFO]  Epoch[4] Train-num_of_pendown7-accuracy=4.250000
2023-11-08 14:12:10,112 [INFO]  Epoch[4] Time cost=0.013
2023-11-08 14:12:10,115 [INFO]  Saved checkpoint to "./imputer_model/imputer_model_num_of_pendown7/model-0004.params"
2023-11-08 14:12:10,116 [INFO]  Epoch[4] Validation-cross-entropy=26.624125
2023-11-08 14:12:10,116 [INFO]  Epoch[4] Validation-num_of_pendown7-accuracy=0.000000
2023-11-08 14:12:10,116 [INFO]  
========== done (0.062279701232910156 s) fit model
2023-11-08 14:25:43,728 [INFO]  
========== start: fit model
2023-11-08 14:25:43,728 [WARNING]  Already bound, ignoring bind()
2023-11-08 14:25:43,734 [INFO]  Epoch[0] Batch [0-4]	Speed: 14279.24 samples/sec	cross-entropy=37.911888	num_of_pendown7-accuracy=2.600000
2023-11-08 14:25:43,739 [INFO]  Epoch[0] Train-cross-entropy=34.265014
2023-11-08 14:25:43,740 [INFO]  Epoch[0] Train-num_of_pendown7-accuracy=3.625000
2023-11-08 14:25:43,740 [INFO]  Epoch[0] Time cost=0.011
2023-11-08 14:25:43,743 [INFO]  Saved checkpoint to "./imputer_model/imputer_model_num_of_pendown7/model-0000.params"
2023-11-08 14:25:43,744 [INFO]  Epoch[0] Validation-cross-entropy=185.825562
2023-11-08 14:25:43,744 [INFO]  Epoch[0] Validation-num_of_pendown7-accuracy=0.000000
2023-11-08 14:25:43,752 [INFO]  Epoch[1] Batch [0-4]	Speed: 10622.27 samples/sec	cross-entropy=43.701253	num_of_pendown7-accuracy=2.600000
2023-11-08 14:25:43,757 [INFO]  Epoch[1] Train-cross-entropy=40.249320
2023-11-08 14:25:43,757 [INFO]  Epoch[1] Train-num_of_pendown7-accuracy=3.625000
2023-11-08 14:25:43,757 [INFO]  Epoch[1] Time cost=0.013
2023-11-08 14:25:43,760 [INFO]  Saved checkpoint to "./imputer_model/imputer_model_num_of_pendown7/model-0001.params"
2023-11-08 14:25:43,760 [INFO]  Epoch[1] Validation-cross-entropy=126.572189
2023-11-08 14:25:43,760 [INFO]  Epoch[1] Validation-num_of_pendown7-accuracy=0.000000
2023-11-08 14:25:43,766 [INFO]  Epoch[2] Batch [0-4]	Speed: 15589.49 samples/sec	cross-entropy=16.709177	num_of_pendown7-accuracy=2.600000
2023-11-08 14:25:43,769 [INFO]  Epoch[2] Train-cross-entropy=16.972423
2023-11-08 14:25:43,769 [INFO]  Epoch[2] Train-num_of_pendown7-accuracy=3.625000
2023-11-08 14:25:43,769 [INFO]  Epoch[2] Time cost=0.009
2023-11-08 14:25:43,770 [INFO]  Saved checkpoint to "./imputer_model/imputer_model_num_of_pendown7/model-0002.params"
2023-11-08 14:25:43,771 [INFO]  Epoch[2] Validation-cross-entropy=107.964729
2023-11-08 14:25:43,771 [INFO]  Epoch[2] Validation-num_of_pendown7-accuracy=0.000000
2023-11-08 14:25:43,776 [INFO]  Epoch[3] Batch [0-4]	Speed: 16254.04 samples/sec	cross-entropy=8.429298	num_of_pendown7-accuracy=2.600000
2023-11-08 14:25:43,779 [INFO]  Epoch[3] Train-cross-entropy=8.983408
2023-11-08 14:25:43,780 [INFO]  Epoch[3] Train-num_of_pendown7-accuracy=3.625000
2023-11-08 14:25:43,780 [INFO]  Epoch[3] Time cost=0.009
2023-11-08 14:25:43,783 [INFO]  Saved checkpoint to "./imputer_model/imputer_model_num_of_pendown7/model-0003.params"
2023-11-08 14:25:43,784 [INFO]  Epoch[3] Validation-cross-entropy=171.210007
2023-11-08 14:25:43,784 [INFO]  Epoch[3] Validation-num_of_pendown7-accuracy=0.000000
2023-11-08 14:25:43,791 [INFO]  Epoch[4] Batch [0-4]	Speed: 11122.71 samples/sec	cross-entropy=1.656674	num_of_pendown7-accuracy=2.600000
2023-11-08 14:25:43,795 [INFO]  Epoch[4] Train-cross-entropy=1.587835
2023-11-08 14:25:43,796 [INFO]  Epoch[4] Train-num_of_pendown7-accuracy=3.625000
2023-11-08 14:25:43,796 [INFO]  Epoch[4] Time cost=0.012
2023-11-08 14:25:43,798 [INFO]  Saved checkpoint to "./imputer_model/imputer_model_num_of_pendown7/model-0004.params"
2023-11-08 14:25:43,799 [INFO]  Epoch[4] Validation-cross-entropy=83.896500
2023-11-08 14:25:43,799 [INFO]  Epoch[4] Validation-num_of_pendown7-accuracy=0.000000
2023-11-08 14:25:43,799 [INFO]  
========== done (0.07132172584533691 s) fit model
2023-11-08 14:39:40,038 [INFO]  
========== start: fit model
2023-11-08 14:39:40,038 [WARNING]  Already bound, ignoring bind()
2023-11-08 14:39:40,045 [INFO]  Epoch[0] Batch [0-4]	Speed: 13796.34 samples/sec	cross-entropy=22.667109	num_of_pendown7-accuracy=4.600000
2023-11-08 14:39:40,049 [INFO]  Epoch[0] Train-cross-entropy=21.814360
2023-11-08 14:39:40,049 [INFO]  Epoch[0] Train-num_of_pendown7-accuracy=4.750000
2023-11-08 14:39:40,049 [INFO]  Epoch[0] Time cost=0.010
2023-11-08 14:39:40,050 [INFO]  Saved checkpoint to "./imputer_model/imputer_model_num_of_pendown7/model-0000.params"
2023-11-08 14:39:40,051 [INFO]  Epoch[0] Validation-cross-entropy=50.618347
2023-11-08 14:39:40,051 [INFO]  Epoch[0] Validation-num_of_pendown7-accuracy=0.000000
2023-11-08 14:39:40,056 [INFO]  Epoch[1] Batch [0-4]	Speed: 19001.59 samples/sec	cross-entropy=34.228800	num_of_pendown7-accuracy=4.600000
2023-11-08 14:39:40,058 [INFO]  Epoch[1] Train-cross-entropy=26.170803
2023-11-08 14:39:40,058 [INFO]  Epoch[1] Train-num_of_pendown7-accuracy=4.750000
2023-11-08 14:39:40,058 [INFO]  Epoch[1] Time cost=0.007
2023-11-08 14:39:40,059 [INFO]  Saved checkpoint to "./imputer_model/imputer_model_num_of_pendown7/model-0001.params"
2023-11-08 14:39:40,060 [INFO]  Epoch[1] Validation-cross-entropy=33.313820
2023-11-08 14:39:40,060 [INFO]  Epoch[1] Validation-num_of_pendown7-accuracy=0.000000
2023-11-08 14:39:40,064 [INFO]  Epoch[2] Batch [0-4]	Speed: 22390.15 samples/sec	cross-entropy=7.304404	num_of_pendown7-accuracy=4.600000
2023-11-08 14:39:40,066 [INFO]  Epoch[2] Train-cross-entropy=5.596572
2023-11-08 14:39:40,066 [INFO]  Epoch[2] Train-num_of_pendown7-accuracy=4.750000
2023-11-08 14:39:40,066 [INFO]  Epoch[2] Time cost=0.006
2023-11-08 14:39:40,067 [INFO]  Saved checkpoint to "./imputer_model/imputer_model_num_of_pendown7/model-0002.params"
2023-11-08 14:39:40,067 [INFO]  Epoch[2] Validation-cross-entropy=61.605949
2023-11-08 14:39:40,067 [INFO]  Epoch[2] Validation-num_of_pendown7-accuracy=0.000000
2023-11-08 14:39:40,071 [INFO]  Epoch[3] Batch [0-4]	Speed: 25584.77 samples/sec	cross-entropy=3.670026	num_of_pendown7-accuracy=4.600000
2023-11-08 14:39:40,073 [INFO]  Epoch[3] Train-cross-entropy=2.774509
2023-11-08 14:39:40,073 [INFO]  Epoch[3] Train-num_of_pendown7-accuracy=4.750000
2023-11-08 14:39:40,073 [INFO]  Epoch[3] Time cost=0.005
2023-11-08 14:39:40,074 [INFO]  Saved checkpoint to "./imputer_model/imputer_model_num_of_pendown7/model-0003.params"
2023-11-08 14:39:40,074 [INFO]  Epoch[3] Validation-cross-entropy=47.799713
2023-11-08 14:39:40,074 [INFO]  Epoch[3] Validation-num_of_pendown7-accuracy=0.000000
2023-11-08 14:39:40,078 [INFO]  Epoch[4] Batch [0-4]	Speed: 24126.86 samples/sec	cross-entropy=1.714274	num_of_pendown7-accuracy=4.600000
2023-11-08 14:39:40,080 [INFO]  Epoch[4] Train-cross-entropy=1.328774
2023-11-08 14:39:40,080 [INFO]  Epoch[4] Train-num_of_pendown7-accuracy=4.750000
2023-11-08 14:39:40,080 [INFO]  Epoch[4] Time cost=0.006
2023-11-08 14:39:40,081 [INFO]  Saved checkpoint to "./imputer_model/imputer_model_num_of_pendown7/model-0004.params"
2023-11-08 14:39:40,082 [INFO]  Epoch[4] Validation-cross-entropy=43.796459
2023-11-08 14:39:40,082 [INFO]  Epoch[4] Validation-num_of_pendown7-accuracy=0.000000
2023-11-08 14:39:40,082 [INFO]  
========== done (0.043671369552612305 s) fit model
2023-11-08 14:53:44,638 [INFO]  
========== start: fit model
2023-11-08 14:53:44,639 [WARNING]  Already bound, ignoring bind()
2023-11-08 14:53:44,645 [INFO]  Epoch[0] Batch [0-4]	Speed: 14051.27 samples/sec	cross-entropy=21.904715	num_of_pendown7-accuracy=0.000000
2023-11-08 14:53:44,649 [INFO]  Epoch[0] Train-cross-entropy=21.461123
2023-11-08 14:53:44,649 [INFO]  Epoch[0] Train-num_of_pendown7-accuracy=0.000000
2023-11-08 14:53:44,649 [INFO]  Epoch[0] Time cost=0.010
2023-11-08 14:53:44,650 [INFO]  Saved checkpoint to "./imputer_model/imputer_model_num_of_pendown7/model-0000.params"
2023-11-08 14:53:44,651 [INFO]  Epoch[0] Validation-cross-entropy=37.885788
2023-11-08 14:53:44,651 [INFO]  Epoch[0] Validation-num_of_pendown7-accuracy=0.000000
2023-11-08 14:53:44,659 [INFO]  Epoch[1] Batch [0-4]	Speed: 10418.20 samples/sec	cross-entropy=37.425746	num_of_pendown7-accuracy=0.000000
2023-11-08 14:53:44,664 [INFO]  Epoch[1] Train-cross-entropy=33.473410
2023-11-08 14:53:44,665 [INFO]  Epoch[1] Train-num_of_pendown7-accuracy=0.000000
2023-11-08 14:53:44,665 [INFO]  Epoch[1] Time cost=0.014
2023-11-08 14:53:44,668 [INFO]  Saved checkpoint to "./imputer_model/imputer_model_num_of_pendown7/model-0001.params"
2023-11-08 14:53:44,669 [INFO]  Epoch[1] Validation-cross-entropy=29.055122
2023-11-08 14:53:44,669 [INFO]  Epoch[1] Validation-num_of_pendown7-accuracy=0.000000
2023-11-08 14:53:44,676 [INFO]  Epoch[2] Batch [0-4]	Speed: 12219.39 samples/sec	cross-entropy=6.870528	num_of_pendown7-accuracy=0.000000
2023-11-08 14:53:44,680 [INFO]  Epoch[2] Train-cross-entropy=5.179576
2023-11-08 14:53:44,680 [INFO]  Epoch[2] Train-num_of_pendown7-accuracy=0.000000
2023-11-08 14:53:44,680 [INFO]  Epoch[2] Time cost=0.011
2023-11-08 14:53:44,682 [INFO]  Saved checkpoint to "./imputer_model/imputer_model_num_of_pendown7/model-0002.params"
2023-11-08 14:53:44,683 [INFO]  Epoch[2] Validation-cross-entropy=34.040066
2023-11-08 14:53:44,683 [INFO]  Epoch[2] Validation-num_of_pendown7-accuracy=0.000000
2023-11-08 14:53:44,689 [INFO]  Epoch[3] Batch [0-4]	Speed: 13644.17 samples/sec	cross-entropy=3.786676	num_of_pendown7-accuracy=0.000000
2023-11-08 14:53:44,693 [INFO]  Epoch[3] Train-cross-entropy=3.143236
2023-11-08 14:53:44,693 [INFO]  Epoch[3] Train-num_of_pendown7-accuracy=0.000000
2023-11-08 14:53:44,693 [INFO]  Epoch[3] Time cost=0.010
2023-11-08 14:53:44,694 [INFO]  Saved checkpoint to "./imputer_model/imputer_model_num_of_pendown7/model-0003.params"
2023-11-08 14:53:44,695 [INFO]  Epoch[3] Validation-cross-entropy=35.025917
2023-11-08 14:53:44,695 [INFO]  Epoch[3] Validation-num_of_pendown7-accuracy=0.000000
2023-11-08 14:53:44,701 [INFO]  Epoch[4] Batch [0-4]	Speed: 14264.82 samples/sec	cross-entropy=1.416072	num_of_pendown7-accuracy=0.000000
2023-11-08 14:53:44,704 [INFO]  Epoch[4] Train-cross-entropy=1.221732
2023-11-08 14:53:44,704 [INFO]  Epoch[4] Train-num_of_pendown7-accuracy=0.000000
2023-11-08 14:53:44,704 [INFO]  Epoch[4] Time cost=0.009
2023-11-08 14:53:44,706 [INFO]  Saved checkpoint to "./imputer_model/imputer_model_num_of_pendown7/model-0004.params"
2023-11-08 14:53:44,706 [INFO]  Epoch[4] Validation-cross-entropy=30.353487
2023-11-08 14:53:44,707 [INFO]  Epoch[4] Validation-num_of_pendown7-accuracy=0.000000
2023-11-08 14:53:44,707 [INFO]  
========== done (0.0682535171508789 s) fit model
