2023-11-08 12:32:34,939 [INFO]  
========== start: fit model
2023-11-08 12:32:34,939 [WARNING]  Already bound, ignoring bind()
2023-11-08 12:32:34,946 [INFO]  Epoch[0] Batch [0-4]	Speed: 14224.76 samples/sec	cross-entropy=23.305727	paper_time1-accuracy=3.600000
2023-11-08 12:32:34,951 [INFO]  Epoch[0] Train-cross-entropy=19.633398
2023-11-08 12:32:34,952 [INFO]  Epoch[0] Train-paper_time1-accuracy=3.375000
2023-11-08 12:32:34,952 [INFO]  Epoch[0] Time cost=0.012
2023-11-08 12:32:34,955 [INFO]  Saved checkpoint to "./imputer_model/imputer_model_paper_time1/model-0000.params"
2023-11-08 12:32:34,956 [INFO]  Epoch[0] Validation-cross-entropy=13.869234
2023-11-08 12:32:34,956 [INFO]  Epoch[0] Validation-paper_time1-accuracy=0.000000
2023-11-08 12:32:34,963 [INFO]  Epoch[1] Batch [0-4]	Speed: 12054.76 samples/sec	cross-entropy=43.518643	paper_time1-accuracy=3.600000
2023-11-08 12:32:34,967 [INFO]  Epoch[1] Train-cross-entropy=32.351741
2023-11-08 12:32:34,967 [INFO]  Epoch[1] Train-paper_time1-accuracy=3.375000
2023-11-08 12:32:34,967 [INFO]  Epoch[1] Time cost=0.011
2023-11-08 12:32:34,969 [INFO]  Saved checkpoint to "./imputer_model/imputer_model_paper_time1/model-0001.params"
2023-11-08 12:32:34,970 [INFO]  Epoch[1] Validation-cross-entropy=10.111304
2023-11-08 12:32:34,970 [INFO]  Epoch[1] Validation-paper_time1-accuracy=0.000000
2023-11-08 12:32:34,976 [INFO]  Epoch[2] Batch [0-4]	Speed: 12662.05 samples/sec	cross-entropy=4.861251	paper_time1-accuracy=3.600000
2023-11-08 12:32:34,980 [INFO]  Epoch[2] Train-cross-entropy=4.411863
2023-11-08 12:32:34,980 [INFO]  Epoch[2] Train-paper_time1-accuracy=3.375000
2023-11-08 12:32:34,980 [INFO]  Epoch[2] Time cost=0.010
2023-11-08 12:32:34,982 [INFO]  Saved checkpoint to "./imputer_model/imputer_model_paper_time1/model-0002.params"
2023-11-08 12:32:34,982 [INFO]  Epoch[2] Validation-cross-entropy=10.937296
2023-11-08 12:32:34,982 [INFO]  Epoch[2] Validation-paper_time1-accuracy=0.000000
2023-11-08 12:32:34,988 [INFO]  Epoch[3] Batch [0-4]	Speed: 13944.70 samples/sec	cross-entropy=3.688426	paper_time1-accuracy=3.600000
2023-11-08 12:32:34,992 [INFO]  Epoch[3] Train-cross-entropy=2.861483
2023-11-08 12:32:34,992 [INFO]  Epoch[3] Train-paper_time1-accuracy=3.375000
2023-11-08 12:32:34,992 [INFO]  Epoch[3] Time cost=0.009
2023-11-08 12:32:34,993 [INFO]  Saved checkpoint to "./imputer_model/imputer_model_paper_time1/model-0003.params"
2023-11-08 12:32:34,994 [INFO]  Epoch[3] Validation-cross-entropy=8.729521
2023-11-08 12:32:34,994 [INFO]  Epoch[3] Validation-paper_time1-accuracy=0.000000
2023-11-08 12:32:34,999 [INFO]  Epoch[4] Batch [0-4]	Speed: 14052.01 samples/sec	cross-entropy=0.957035	paper_time1-accuracy=3.600000
2023-11-08 12:32:35,003 [INFO]  Epoch[4] Train-cross-entropy=0.895484
2023-11-08 12:32:35,003 [INFO]  Epoch[4] Train-paper_time1-accuracy=3.375000
2023-11-08 12:32:35,003 [INFO]  Epoch[4] Time cost=0.009
2023-11-08 12:32:35,005 [INFO]  Saved checkpoint to "./imputer_model/imputer_model_paper_time1/model-0004.params"
2023-11-08 12:32:35,005 [INFO]  Epoch[4] Validation-cross-entropy=8.363938
2023-11-08 12:32:35,005 [INFO]  Epoch[4] Validation-paper_time1-accuracy=0.000000
2023-11-08 12:32:35,005 [INFO]  
========== done (0.0659327507019043 s) fit model
2023-11-08 13:03:37,169 [INFO]  
========== start: fit model
2023-11-08 13:03:37,170 [WARNING]  Already bound, ignoring bind()
2023-11-08 13:03:37,182 [INFO]  Epoch[0] Batch [0-4]	Speed: 14341.03 samples/sec	cross-entropy=9.041807	paper_time1-accuracy=0.000000
2023-11-08 13:03:37,185 [INFO]  Epoch[0] Train-cross-entropy=16.079218
2023-11-08 13:03:37,185 [INFO]  Epoch[0] Train-paper_time1-accuracy=0.000000
2023-11-08 13:03:37,185 [INFO]  Epoch[0] Time cost=0.015
2023-11-08 13:03:37,187 [INFO]  Saved checkpoint to "./imputer_model/imputer_model_paper_time1/model-0000.params"
2023-11-08 13:03:37,187 [INFO]  Epoch[0] Validation-cross-entropy=14.256955
2023-11-08 13:03:37,187 [INFO]  Epoch[0] Validation-paper_time1-accuracy=0.000000
2023-11-08 13:03:37,193 [INFO]  Epoch[1] Batch [0-4]	Speed: 14857.78 samples/sec	cross-entropy=44.723452	paper_time1-accuracy=0.000000
2023-11-08 13:03:37,196 [INFO]  Epoch[1] Train-cross-entropy=42.328039
2023-11-08 13:03:37,196 [INFO]  Epoch[1] Train-paper_time1-accuracy=0.000000
2023-11-08 13:03:37,196 [INFO]  Epoch[1] Time cost=0.009
2023-11-08 13:03:37,197 [INFO]  Saved checkpoint to "./imputer_model/imputer_model_paper_time1/model-0001.params"
2023-11-08 13:03:37,198 [INFO]  Epoch[1] Validation-cross-entropy=8.850687
2023-11-08 13:03:37,198 [INFO]  Epoch[1] Validation-paper_time1-accuracy=0.000000
2023-11-08 13:03:37,204 [INFO]  Epoch[2] Batch [0-4]	Speed: 14903.15 samples/sec	cross-entropy=14.486956	paper_time1-accuracy=0.000000
2023-11-08 13:03:37,207 [INFO]  Epoch[2] Train-cross-entropy=13.558943
2023-11-08 13:03:37,207 [INFO]  Epoch[2] Train-paper_time1-accuracy=0.000000
2023-11-08 13:03:37,207 [INFO]  Epoch[2] Time cost=0.009
2023-11-08 13:03:37,208 [INFO]  Saved checkpoint to "./imputer_model/imputer_model_paper_time1/model-0002.params"
2023-11-08 13:03:37,209 [INFO]  Epoch[2] Validation-cross-entropy=6.955396
2023-11-08 13:03:37,209 [INFO]  Epoch[2] Validation-paper_time1-accuracy=0.000000
2023-11-08 13:03:37,214 [INFO]  Epoch[3] Batch [0-4]	Speed: 15378.71 samples/sec	cross-entropy=6.050373	paper_time1-accuracy=0.000000
2023-11-08 13:03:37,217 [INFO]  Epoch[3] Train-cross-entropy=5.307673
2023-11-08 13:03:37,217 [INFO]  Epoch[3] Train-paper_time1-accuracy=0.000000
2023-11-08 13:03:37,217 [INFO]  Epoch[3] Time cost=0.008
2023-11-08 13:03:37,219 [INFO]  Saved checkpoint to "./imputer_model/imputer_model_paper_time1/model-0003.params"
2023-11-08 13:03:37,219 [INFO]  Epoch[3] Validation-cross-entropy=4.697499
2023-11-08 13:03:37,219 [INFO]  Epoch[3] Validation-paper_time1-accuracy=0.000000
2023-11-08 13:03:37,224 [INFO]  Epoch[4] Batch [0-4]	Speed: 16262.90 samples/sec	cross-entropy=1.440219	paper_time1-accuracy=0.000000
2023-11-08 13:03:37,227 [INFO]  Epoch[4] Train-cross-entropy=1.315210
2023-11-08 13:03:37,227 [INFO]  Epoch[4] Train-paper_time1-accuracy=0.000000
2023-11-08 13:03:37,227 [INFO]  Epoch[4] Time cost=0.008
2023-11-08 13:03:37,229 [INFO]  Saved checkpoint to "./imputer_model/imputer_model_paper_time1/model-0004.params"
2023-11-08 13:03:37,229 [INFO]  Epoch[4] Validation-cross-entropy=5.595444
2023-11-08 13:03:37,229 [INFO]  Epoch[4] Validation-paper_time1-accuracy=0.000000
2023-11-08 13:03:37,229 [INFO]  
========== done (0.059943437576293945 s) fit model
2023-11-08 13:17:05,365 [INFO]  
========== start: fit model
2023-11-08 13:17:05,365 [WARNING]  Already bound, ignoring bind()
2023-11-08 13:17:05,373 [INFO]  Epoch[0] Batch [0-4]	Speed: 12667.43 samples/sec	cross-entropy=15.248273	paper_time1-accuracy=0.000000
2023-11-08 13:17:05,377 [INFO]  Epoch[0] Train-cross-entropy=18.995691
2023-11-08 13:17:05,377 [INFO]  Epoch[0] Train-paper_time1-accuracy=0.000000
2023-11-08 13:17:05,377 [INFO]  Epoch[0] Time cost=0.011
2023-11-08 13:17:05,378 [INFO]  Saved checkpoint to "./imputer_model/imputer_model_paper_time1/model-0000.params"
2023-11-08 13:17:05,378 [INFO]  Epoch[0] Validation-cross-entropy=5.083379
2023-11-08 13:17:05,379 [INFO]  Epoch[0] Validation-paper_time1-accuracy=0.000000
2023-11-08 13:17:05,387 [INFO]  Epoch[1] Batch [0-4]	Speed: 10583.74 samples/sec	cross-entropy=39.724253	paper_time1-accuracy=0.000000
2023-11-08 13:17:05,392 [INFO]  Epoch[1] Train-cross-entropy=36.858589
2023-11-08 13:17:05,392 [INFO]  Epoch[1] Train-paper_time1-accuracy=0.000000
2023-11-08 13:17:05,392 [INFO]  Epoch[1] Time cost=0.013
2023-11-08 13:17:05,394 [INFO]  Saved checkpoint to "./imputer_model/imputer_model_paper_time1/model-0001.params"
2023-11-08 13:17:05,395 [INFO]  Epoch[1] Validation-cross-entropy=5.695955
2023-11-08 13:17:05,395 [INFO]  Epoch[1] Validation-paper_time1-accuracy=0.000000
2023-11-08 13:17:05,401 [INFO]  Epoch[2] Batch [0-4]	Speed: 12855.49 samples/sec	cross-entropy=5.498048	paper_time1-accuracy=0.000000
2023-11-08 13:17:05,405 [INFO]  Epoch[2] Train-cross-entropy=6.052369
2023-11-08 13:17:05,405 [INFO]  Epoch[2] Train-paper_time1-accuracy=0.000000
2023-11-08 13:17:05,405 [INFO]  Epoch[2] Time cost=0.010
2023-11-08 13:17:05,407 [INFO]  Saved checkpoint to "./imputer_model/imputer_model_paper_time1/model-0002.params"
2023-11-08 13:17:05,407 [INFO]  Epoch[2] Validation-cross-entropy=3.034325
2023-11-08 13:17:05,407 [INFO]  Epoch[2] Validation-paper_time1-accuracy=0.000000
2023-11-08 13:17:05,413 [INFO]  Epoch[3] Batch [0-4]	Speed: 13715.98 samples/sec	cross-entropy=4.349806	paper_time1-accuracy=0.000000
2023-11-08 13:17:05,417 [INFO]  Epoch[3] Train-cross-entropy=3.493566
2023-11-08 13:17:05,417 [INFO]  Epoch[3] Train-paper_time1-accuracy=0.000000
2023-11-08 13:17:05,417 [INFO]  Epoch[3] Time cost=0.009
2023-11-08 13:17:05,419 [INFO]  Saved checkpoint to "./imputer_model/imputer_model_paper_time1/model-0003.params"
2023-11-08 13:17:05,419 [INFO]  Epoch[3] Validation-cross-entropy=4.513389
2023-11-08 13:17:05,419 [INFO]  Epoch[3] Validation-paper_time1-accuracy=0.000000
2023-11-08 13:17:05,425 [INFO]  Epoch[4] Batch [0-4]	Speed: 14328.78 samples/sec	cross-entropy=1.161675	paper_time1-accuracy=0.000000
2023-11-08 13:17:05,428 [INFO]  Epoch[4] Train-cross-entropy=1.064596
2023-11-08 13:17:05,428 [INFO]  Epoch[4] Train-paper_time1-accuracy=0.000000
2023-11-08 13:17:05,428 [INFO]  Epoch[4] Time cost=0.009
2023-11-08 13:17:05,430 [INFO]  Saved checkpoint to "./imputer_model/imputer_model_paper_time1/model-0004.params"
2023-11-08 13:17:05,430 [INFO]  Epoch[4] Validation-cross-entropy=2.396594
2023-11-08 13:17:05,430 [INFO]  Epoch[4] Validation-paper_time1-accuracy=0.000000
2023-11-08 13:17:05,430 [INFO]  
========== done (0.06568098068237305 s) fit model
2023-11-08 13:30:26,308 [INFO]  
========== start: fit model
2023-11-08 13:30:26,308 [WARNING]  Already bound, ignoring bind()
2023-11-08 13:30:26,315 [INFO]  Epoch[0] Batch [0-4]	Speed: 13746.18 samples/sec	cross-entropy=17.726663	paper_time1-accuracy=2.800000
2023-11-08 13:30:26,320 [INFO]  Epoch[0] Train-cross-entropy=17.268489
2023-11-08 13:30:26,320 [INFO]  Epoch[0] Train-paper_time1-accuracy=2.250000
2023-11-08 13:30:26,320 [INFO]  Epoch[0] Time cost=0.012
2023-11-08 13:30:26,323 [INFO]  Saved checkpoint to "./imputer_model/imputer_model_paper_time1/model-0000.params"
2023-11-08 13:30:26,324 [INFO]  Epoch[0] Validation-cross-entropy=2.770609
2023-11-08 13:30:26,324 [INFO]  Epoch[0] Validation-paper_time1-accuracy=0.000000
2023-11-08 13:30:26,331 [INFO]  Epoch[1] Batch [0-4]	Speed: 12042.32 samples/sec	cross-entropy=34.845045	paper_time1-accuracy=2.800000
2023-11-08 13:30:26,335 [INFO]  Epoch[1] Train-cross-entropy=28.980655
2023-11-08 13:30:26,335 [INFO]  Epoch[1] Train-paper_time1-accuracy=2.250000
2023-11-08 13:30:26,335 [INFO]  Epoch[1] Time cost=0.011
2023-11-08 13:30:26,337 [INFO]  Saved checkpoint to "./imputer_model/imputer_model_paper_time1/model-0001.params"
2023-11-08 13:30:26,338 [INFO]  Epoch[1] Validation-cross-entropy=18.218494
2023-11-08 13:30:26,338 [INFO]  Epoch[1] Validation-paper_time1-accuracy=0.000000
2023-11-08 13:30:26,343 [INFO]  Epoch[2] Batch [0-4]	Speed: 17521.90 samples/sec	cross-entropy=3.864922	paper_time1-accuracy=2.800000
2023-11-08 13:30:26,345 [INFO]  Epoch[2] Train-cross-entropy=3.982903
2023-11-08 13:30:26,345 [INFO]  Epoch[2] Train-paper_time1-accuracy=2.250000
2023-11-08 13:30:26,345 [INFO]  Epoch[2] Time cost=0.008
2023-11-08 13:30:26,347 [INFO]  Saved checkpoint to "./imputer_model/imputer_model_paper_time1/model-0002.params"
2023-11-08 13:30:26,347 [INFO]  Epoch[2] Validation-cross-entropy=19.442192
2023-11-08 13:30:26,347 [INFO]  Epoch[2] Validation-paper_time1-accuracy=0.000000
2023-11-08 13:30:26,352 [INFO]  Epoch[3] Batch [0-4]	Speed: 18470.75 samples/sec	cross-entropy=2.878053	paper_time1-accuracy=2.800000
2023-11-08 13:30:26,355 [INFO]  Epoch[3] Train-cross-entropy=2.243469
2023-11-08 13:30:26,355 [INFO]  Epoch[3] Train-paper_time1-accuracy=2.250000
2023-11-08 13:30:26,355 [INFO]  Epoch[3] Time cost=0.007
2023-11-08 13:30:26,356 [INFO]  Saved checkpoint to "./imputer_model/imputer_model_paper_time1/model-0003.params"
2023-11-08 13:30:26,356 [INFO]  Epoch[3] Validation-cross-entropy=10.721157
2023-11-08 13:30:26,356 [INFO]  Epoch[3] Validation-paper_time1-accuracy=0.000000
2023-11-08 13:30:26,361 [INFO]  Epoch[4] Batch [0-4]	Speed: 18295.76 samples/sec	cross-entropy=1.178761	paper_time1-accuracy=2.800000
2023-11-08 13:30:26,364 [INFO]  Epoch[4] Train-cross-entropy=1.254862
2023-11-08 13:30:26,364 [INFO]  Epoch[4] Train-paper_time1-accuracy=2.250000
2023-11-08 13:30:26,364 [INFO]  Epoch[4] Time cost=0.007
2023-11-08 13:30:26,365 [INFO]  Saved checkpoint to "./imputer_model/imputer_model_paper_time1/model-0004.params"
2023-11-08 13:30:26,365 [INFO]  Epoch[4] Validation-cross-entropy=10.345660
2023-11-08 13:30:26,365 [INFO]  Epoch[4] Validation-paper_time1-accuracy=0.000000
2023-11-08 13:30:26,365 [INFO]  
========== done (0.05769705772399902 s) fit model
2023-11-08 13:43:46,133 [INFO]  
========== start: fit model
2023-11-08 13:43:46,133 [WARNING]  Already bound, ignoring bind()
2023-11-08 13:43:46,142 [INFO]  Epoch[0] Batch [0-4]	Speed: 10744.72 samples/sec	cross-entropy=25.042179	paper_time1-accuracy=2.000000
2023-11-08 13:43:46,147 [INFO]  Epoch[0] Train-cross-entropy=22.152747
2023-11-08 13:43:46,147 [INFO]  Epoch[0] Train-paper_time1-accuracy=2.500000
2023-11-08 13:43:46,147 [INFO]  Epoch[0] Time cost=0.013
2023-11-08 13:43:46,150 [INFO]  Saved checkpoint to "./imputer_model/imputer_model_paper_time1/model-0000.params"
2023-11-08 13:43:46,151 [INFO]  Epoch[0] Validation-cross-entropy=75.005890
2023-11-08 13:43:46,151 [INFO]  Epoch[0] Validation-paper_time1-accuracy=0.000000
2023-11-08 13:43:46,157 [INFO]  Epoch[1] Batch [0-4]	Speed: 15406.96 samples/sec	cross-entropy=70.312716	paper_time1-accuracy=2.000000
2023-11-08 13:43:46,160 [INFO]  Epoch[1] Train-cross-entropy=47.909582
2023-11-08 13:43:46,160 [INFO]  Epoch[1] Train-paper_time1-accuracy=2.500000
2023-11-08 13:43:46,160 [INFO]  Epoch[1] Time cost=0.009
2023-11-08 13:43:46,162 [INFO]  Saved checkpoint to "./imputer_model/imputer_model_paper_time1/model-0001.params"
2023-11-08 13:43:46,162 [INFO]  Epoch[1] Validation-cross-entropy=35.520485
2023-11-08 13:43:46,163 [INFO]  Epoch[1] Validation-paper_time1-accuracy=0.000000
2023-11-08 13:43:46,167 [INFO]  Epoch[2] Batch [0-4]	Speed: 20784.78 samples/sec	cross-entropy=12.360760	paper_time1-accuracy=2.000000
2023-11-08 13:43:46,169 [INFO]  Epoch[2] Train-cross-entropy=9.995586
2023-11-08 13:43:46,169 [INFO]  Epoch[2] Train-paper_time1-accuracy=2.500000
2023-11-08 13:43:46,169 [INFO]  Epoch[2] Time cost=0.007
2023-11-08 13:43:46,171 [INFO]  Saved checkpoint to "./imputer_model/imputer_model_paper_time1/model-0002.params"
2023-11-08 13:43:46,171 [INFO]  Epoch[2] Validation-cross-entropy=89.801537
2023-11-08 13:43:46,171 [INFO]  Epoch[2] Validation-paper_time1-accuracy=0.000000
2023-11-08 13:43:46,176 [INFO]  Epoch[3] Batch [0-4]	Speed: 18250.98 samples/sec	cross-entropy=8.161478	paper_time1-accuracy=2.000000
2023-11-08 13:43:46,179 [INFO]  Epoch[3] Train-cross-entropy=5.914184
2023-11-08 13:43:46,179 [INFO]  Epoch[3] Train-paper_time1-accuracy=2.500000
2023-11-08 13:43:46,179 [INFO]  Epoch[3] Time cost=0.008
2023-11-08 13:43:46,181 [INFO]  Saved checkpoint to "./imputer_model/imputer_model_paper_time1/model-0003.params"
2023-11-08 13:43:46,182 [INFO]  Epoch[3] Validation-cross-entropy=62.716095
2023-11-08 13:43:46,182 [INFO]  Epoch[3] Validation-paper_time1-accuracy=0.000000
2023-11-08 13:43:46,187 [INFO]  Epoch[4] Batch [0-4]	Speed: 16554.76 samples/sec	cross-entropy=1.599661	paper_time1-accuracy=2.000000
2023-11-08 13:43:46,190 [INFO]  Epoch[4] Train-cross-entropy=1.480393
2023-11-08 13:43:46,190 [INFO]  Epoch[4] Train-paper_time1-accuracy=2.500000
2023-11-08 13:43:46,190 [INFO]  Epoch[4] Time cost=0.008
2023-11-08 13:43:46,192 [INFO]  Saved checkpoint to "./imputer_model/imputer_model_paper_time1/model-0004.params"
2023-11-08 13:43:46,192 [INFO]  Epoch[4] Validation-cross-entropy=48.716476
2023-11-08 13:43:46,192 [INFO]  Epoch[4] Validation-paper_time1-accuracy=0.000000
2023-11-08 13:43:46,192 [INFO]  
========== done (0.05883431434631348 s) fit model
2023-11-08 13:57:07,670 [INFO]  
========== start: fit model
2023-11-08 13:57:07,670 [WARNING]  Already bound, ignoring bind()
2023-11-08 13:57:07,677 [INFO]  Epoch[0] Batch [0-4]	Speed: 14227.02 samples/sec	cross-entropy=20.174543	paper_time1-accuracy=3.800000
2023-11-08 13:57:07,680 [INFO]  Epoch[0] Train-cross-entropy=19.896294
2023-11-08 13:57:07,680 [INFO]  Epoch[0] Train-paper_time1-accuracy=3.500000
2023-11-08 13:57:07,680 [INFO]  Epoch[0] Time cost=0.010
2023-11-08 13:57:07,681 [INFO]  Saved checkpoint to "./imputer_model/imputer_model_paper_time1/model-0000.params"
2023-11-08 13:57:07,682 [INFO]  Epoch[0] Validation-cross-entropy=78.085678
2023-11-08 13:57:07,682 [INFO]  Epoch[0] Validation-paper_time1-accuracy=0.000000
2023-11-08 13:57:07,687 [INFO]  Epoch[1] Batch [0-4]	Speed: 15013.17 samples/sec	cross-entropy=47.364837	paper_time1-accuracy=3.800000
2023-11-08 13:57:07,691 [INFO]  Epoch[1] Train-cross-entropy=41.828040
2023-11-08 13:57:07,691 [INFO]  Epoch[1] Train-paper_time1-accuracy=3.500000
2023-11-08 13:57:07,691 [INFO]  Epoch[1] Time cost=0.009
2023-11-08 13:57:07,692 [INFO]  Saved checkpoint to "./imputer_model/imputer_model_paper_time1/model-0001.params"
2023-11-08 13:57:07,693 [INFO]  Epoch[1] Validation-cross-entropy=87.996666
2023-11-08 13:57:07,693 [INFO]  Epoch[1] Validation-paper_time1-accuracy=0.000000
2023-11-08 13:57:07,699 [INFO]  Epoch[2] Batch [0-4]	Speed: 11139.33 samples/sec	cross-entropy=6.728973	paper_time1-accuracy=3.800000
2023-11-08 13:57:07,704 [INFO]  Epoch[2] Train-cross-entropy=7.905618
2023-11-08 13:57:07,704 [INFO]  Epoch[2] Train-paper_time1-accuracy=3.500000
2023-11-08 13:57:07,704 [INFO]  Epoch[2] Time cost=0.012
2023-11-08 13:57:07,708 [INFO]  Saved checkpoint to "./imputer_model/imputer_model_paper_time1/model-0002.params"
2023-11-08 13:57:07,709 [INFO]  Epoch[2] Validation-cross-entropy=79.470276
2023-11-08 13:57:07,709 [INFO]  Epoch[2] Validation-paper_time1-accuracy=0.000000
2023-11-08 13:57:07,715 [INFO]  Epoch[3] Batch [0-4]	Speed: 12444.27 samples/sec	cross-entropy=6.617059	paper_time1-accuracy=3.800000
2023-11-08 13:57:07,719 [INFO]  Epoch[3] Train-cross-entropy=5.079813
2023-11-08 13:57:07,719 [INFO]  Epoch[3] Train-paper_time1-accuracy=3.500000
2023-11-08 13:57:07,719 [INFO]  Epoch[3] Time cost=0.011
2023-11-08 13:57:07,721 [INFO]  Saved checkpoint to "./imputer_model/imputer_model_paper_time1/model-0003.params"
2023-11-08 13:57:07,722 [INFO]  Epoch[3] Validation-cross-entropy=95.626122
2023-11-08 13:57:07,722 [INFO]  Epoch[3] Validation-paper_time1-accuracy=0.000000
2023-11-08 13:57:07,728 [INFO]  Epoch[4] Batch [0-4]	Speed: 13824.05 samples/sec	cross-entropy=3.652266	paper_time1-accuracy=3.800000
2023-11-08 13:57:07,731 [INFO]  Epoch[4] Train-cross-entropy=2.702921
2023-11-08 13:57:07,731 [INFO]  Epoch[4] Train-paper_time1-accuracy=3.500000
2023-11-08 13:57:07,731 [INFO]  Epoch[4] Time cost=0.009
2023-11-08 13:57:07,733 [INFO]  Saved checkpoint to "./imputer_model/imputer_model_paper_time1/model-0004.params"
2023-11-08 13:57:07,733 [INFO]  Epoch[4] Validation-cross-entropy=93.717537
2023-11-08 13:57:07,733 [INFO]  Epoch[4] Validation-paper_time1-accuracy=0.000000
2023-11-08 13:57:07,733 [INFO]  
========== done (0.06347393989562988 s) fit model
2023-11-08 14:10:31,923 [INFO]  
========== start: fit model
2023-11-08 14:10:31,923 [WARNING]  Already bound, ignoring bind()
2023-11-08 14:10:31,931 [INFO]  Epoch[0] Batch [0-4]	Speed: 10890.76 samples/sec	cross-entropy=19.660863	paper_time1-accuracy=0.000000
2023-11-08 14:10:31,936 [INFO]  Epoch[0] Train-cross-entropy=16.146661
2023-11-08 14:10:31,936 [INFO]  Epoch[0] Train-paper_time1-accuracy=0.000000
2023-11-08 14:10:31,936 [INFO]  Epoch[0] Time cost=0.012
2023-11-08 14:10:31,938 [INFO]  Saved checkpoint to "./imputer_model/imputer_model_paper_time1/model-0000.params"
2023-11-08 14:10:31,939 [INFO]  Epoch[0] Validation-cross-entropy=26.234373
2023-11-08 14:10:31,939 [INFO]  Epoch[0] Validation-paper_time1-accuracy=0.000000
2023-11-08 14:10:31,945 [INFO]  Epoch[1] Batch [0-4]	Speed: 15538.96 samples/sec	cross-entropy=51.525766	paper_time1-accuracy=0.000000
2023-11-08 14:10:31,948 [INFO]  Epoch[1] Train-cross-entropy=39.949239
2023-11-08 14:10:31,948 [INFO]  Epoch[1] Train-paper_time1-accuracy=0.000000
2023-11-08 14:10:31,948 [INFO]  Epoch[1] Time cost=0.009
2023-11-08 14:10:31,950 [INFO]  Saved checkpoint to "./imputer_model/imputer_model_paper_time1/model-0001.params"
2023-11-08 14:10:31,950 [INFO]  Epoch[1] Validation-cross-entropy=25.792074
2023-11-08 14:10:31,950 [INFO]  Epoch[1] Validation-paper_time1-accuracy=0.000000
2023-11-08 14:10:31,955 [INFO]  Epoch[2] Batch [0-4]	Speed: 19562.41 samples/sec	cross-entropy=13.192584	paper_time1-accuracy=0.000000
2023-11-08 14:10:31,957 [INFO]  Epoch[2] Train-cross-entropy=19.596977
2023-11-08 14:10:31,957 [INFO]  Epoch[2] Train-paper_time1-accuracy=0.000000
2023-11-08 14:10:31,957 [INFO]  Epoch[2] Time cost=0.007
2023-11-08 14:10:31,959 [INFO]  Saved checkpoint to "./imputer_model/imputer_model_paper_time1/model-0002.params"
2023-11-08 14:10:31,959 [INFO]  Epoch[2] Validation-cross-entropy=28.260870
2023-11-08 14:10:31,959 [INFO]  Epoch[2] Validation-paper_time1-accuracy=0.000000
2023-11-08 14:10:31,963 [INFO]  Epoch[3] Batch [0-4]	Speed: 20467.82 samples/sec	cross-entropy=6.268930	paper_time1-accuracy=0.000000
2023-11-08 14:10:31,966 [INFO]  Epoch[3] Train-cross-entropy=4.943559
2023-11-08 14:10:31,966 [INFO]  Epoch[3] Train-paper_time1-accuracy=0.000000
2023-11-08 14:10:31,966 [INFO]  Epoch[3] Time cost=0.007
2023-11-08 14:10:31,967 [INFO]  Saved checkpoint to "./imputer_model/imputer_model_paper_time1/model-0003.params"
2023-11-08 14:10:31,967 [INFO]  Epoch[3] Validation-cross-entropy=30.695292
2023-11-08 14:10:31,967 [INFO]  Epoch[3] Validation-paper_time1-accuracy=0.000000
2023-11-08 14:10:31,973 [INFO]  Epoch[4] Batch [0-4]	Speed: 14538.32 samples/sec	cross-entropy=5.512221	paper_time1-accuracy=0.000000
2023-11-08 14:10:31,976 [INFO]  Epoch[4] Train-cross-entropy=4.283589
2023-11-08 14:10:31,976 [INFO]  Epoch[4] Train-paper_time1-accuracy=0.000000
2023-11-08 14:10:31,976 [INFO]  Epoch[4] Time cost=0.009
2023-11-08 14:10:31,977 [INFO]  Saved checkpoint to "./imputer_model/imputer_model_paper_time1/model-0004.params"
2023-11-08 14:10:31,978 [INFO]  Epoch[4] Validation-cross-entropy=26.297506
2023-11-08 14:10:31,978 [INFO]  Epoch[4] Validation-paper_time1-accuracy=0.000000
2023-11-08 14:10:31,978 [INFO]  
========== done (0.05520439147949219 s) fit model
2023-11-08 14:24:03,873 [INFO]  
========== start: fit model
2023-11-08 14:24:03,874 [WARNING]  Already bound, ignoring bind()
2023-11-08 14:24:03,881 [INFO]  Epoch[0] Batch [0-4]	Speed: 13917.23 samples/sec	cross-entropy=9.910781	paper_time1-accuracy=3.600000
2023-11-08 14:24:03,885 [INFO]  Epoch[0] Train-cross-entropy=17.180376
2023-11-08 14:24:03,885 [INFO]  Epoch[0] Train-paper_time1-accuracy=2.625000
2023-11-08 14:24:03,885 [INFO]  Epoch[0] Time cost=0.011
2023-11-08 14:24:03,888 [INFO]  Saved checkpoint to "./imputer_model/imputer_model_paper_time1/model-0000.params"
2023-11-08 14:24:03,889 [INFO]  Epoch[0] Validation-cross-entropy=303.805298
2023-11-08 14:24:03,890 [INFO]  Epoch[0] Validation-paper_time1-accuracy=0.000000
2023-11-08 14:24:03,897 [INFO]  Epoch[1] Batch [0-4]	Speed: 11100.17 samples/sec	cross-entropy=53.940109	paper_time1-accuracy=3.600000
2023-11-08 14:24:03,901 [INFO]  Epoch[1] Train-cross-entropy=46.874030
2023-11-08 14:24:03,901 [INFO]  Epoch[1] Train-paper_time1-accuracy=2.625000
2023-11-08 14:24:03,902 [INFO]  Epoch[1] Time cost=0.012
2023-11-08 14:24:03,904 [INFO]  Saved checkpoint to "./imputer_model/imputer_model_paper_time1/model-0001.params"
2023-11-08 14:24:03,905 [INFO]  Epoch[1] Validation-cross-entropy=1131.290527
2023-11-08 14:24:03,905 [INFO]  Epoch[1] Validation-paper_time1-accuracy=0.000000
2023-11-08 14:24:03,911 [INFO]  Epoch[2] Batch [0-4]	Speed: 13352.34 samples/sec	cross-entropy=14.502910	paper_time1-accuracy=3.600000
2023-11-08 14:24:03,915 [INFO]  Epoch[2] Train-cross-entropy=20.811712
2023-11-08 14:24:03,915 [INFO]  Epoch[2] Train-paper_time1-accuracy=2.625000
2023-11-08 14:24:03,915 [INFO]  Epoch[2] Time cost=0.010
2023-11-08 14:24:03,917 [INFO]  Saved checkpoint to "./imputer_model/imputer_model_paper_time1/model-0002.params"
2023-11-08 14:24:03,917 [INFO]  Epoch[2] Validation-cross-entropy=101.097649
2023-11-08 14:24:03,917 [INFO]  Epoch[2] Validation-paper_time1-accuracy=0.000000
2023-11-08 14:24:03,923 [INFO]  Epoch[3] Batch [0-4]	Speed: 13837.59 samples/sec	cross-entropy=4.888622	paper_time1-accuracy=3.600000
2023-11-08 14:24:03,927 [INFO]  Epoch[3] Train-cross-entropy=7.113197
2023-11-08 14:24:03,927 [INFO]  Epoch[3] Train-paper_time1-accuracy=2.625000
2023-11-08 14:24:03,927 [INFO]  Epoch[3] Time cost=0.010
2023-11-08 14:24:03,928 [INFO]  Saved checkpoint to "./imputer_model/imputer_model_paper_time1/model-0003.params"
2023-11-08 14:24:03,929 [INFO]  Epoch[3] Validation-cross-entropy=35.685970
2023-11-08 14:24:03,929 [INFO]  Epoch[3] Validation-paper_time1-accuracy=0.000000
2023-11-08 14:24:03,935 [INFO]  Epoch[4] Batch [0-4]	Speed: 13781.47 samples/sec	cross-entropy=2.478672	paper_time1-accuracy=3.600000
2023-11-08 14:24:03,938 [INFO]  Epoch[4] Train-cross-entropy=2.257475
2023-11-08 14:24:03,938 [INFO]  Epoch[4] Train-paper_time1-accuracy=2.625000
2023-11-08 14:24:03,938 [INFO]  Epoch[4] Time cost=0.009
2023-11-08 14:24:03,939 [INFO]  Saved checkpoint to "./imputer_model/imputer_model_paper_time1/model-0004.params"
2023-11-08 14:24:03,940 [INFO]  Epoch[4] Validation-cross-entropy=37.498234
2023-11-08 14:24:03,940 [INFO]  Epoch[4] Validation-paper_time1-accuracy=0.000000
2023-11-08 14:24:03,940 [INFO]  
========== done (0.06638669967651367 s) fit model
2023-11-08 14:37:55,127 [INFO]  
========== start: fit model
2023-11-08 14:37:55,127 [WARNING]  Already bound, ignoring bind()
2023-11-08 14:37:55,136 [INFO]  Epoch[0] Batch [0-4]	Speed: 10307.00 samples/sec	cross-entropy=17.788173	paper_time1-accuracy=3.200000
2023-11-08 14:37:55,141 [INFO]  Epoch[0] Train-cross-entropy=16.021973
2023-11-08 14:37:55,141 [INFO]  Epoch[0] Train-paper_time1-accuracy=2.875000
2023-11-08 14:37:55,141 [INFO]  Epoch[0] Time cost=0.014
2023-11-08 14:37:55,144 [INFO]  Saved checkpoint to "./imputer_model/imputer_model_paper_time1/model-0000.params"
2023-11-08 14:37:55,145 [INFO]  Epoch[0] Validation-cross-entropy=25.275658
2023-11-08 14:37:55,146 [INFO]  Epoch[0] Validation-paper_time1-accuracy=0.000000
2023-11-08 14:37:55,152 [INFO]  Epoch[1] Batch [0-4]	Speed: 14584.13 samples/sec	cross-entropy=37.181148	paper_time1-accuracy=3.200000
2023-11-08 14:37:55,156 [INFO]  Epoch[1] Train-cross-entropy=28.760311
2023-11-08 14:37:55,157 [INFO]  Epoch[1] Train-paper_time1-accuracy=2.875000
2023-11-08 14:37:55,157 [INFO]  Epoch[1] Time cost=0.011
2023-11-08 14:37:55,159 [INFO]  Saved checkpoint to "./imputer_model/imputer_model_paper_time1/model-0001.params"
2023-11-08 14:37:55,159 [INFO]  Epoch[1] Validation-cross-entropy=10.997529
2023-11-08 14:37:55,159 [INFO]  Epoch[1] Validation-paper_time1-accuracy=0.000000
2023-11-08 14:37:55,166 [INFO]  Epoch[2] Batch [0-4]	Speed: 13471.62 samples/sec	cross-entropy=6.362883	paper_time1-accuracy=3.200000
2023-11-08 14:37:55,169 [INFO]  Epoch[2] Train-cross-entropy=4.579638
2023-11-08 14:37:55,169 [INFO]  Epoch[2] Train-paper_time1-accuracy=2.875000
2023-11-08 14:37:55,169 [INFO]  Epoch[2] Time cost=0.010
2023-11-08 14:37:55,171 [INFO]  Saved checkpoint to "./imputer_model/imputer_model_paper_time1/model-0002.params"
2023-11-08 14:37:55,172 [INFO]  Epoch[2] Validation-cross-entropy=15.099968
2023-11-08 14:37:55,172 [INFO]  Epoch[2] Validation-paper_time1-accuracy=0.000000
2023-11-08 14:37:55,177 [INFO]  Epoch[3] Batch [0-4]	Speed: 14273.17 samples/sec	cross-entropy=4.785745	paper_time1-accuracy=3.200000
2023-11-08 14:37:55,181 [INFO]  Epoch[3] Train-cross-entropy=3.444985
2023-11-08 14:37:55,181 [INFO]  Epoch[3] Train-paper_time1-accuracy=2.875000
2023-11-08 14:37:55,181 [INFO]  Epoch[3] Time cost=0.009
2023-11-08 14:37:55,182 [INFO]  Saved checkpoint to "./imputer_model/imputer_model_paper_time1/model-0003.params"
2023-11-08 14:37:55,183 [INFO]  Epoch[3] Validation-cross-entropy=9.903611
2023-11-08 14:37:55,183 [INFO]  Epoch[3] Validation-paper_time1-accuracy=0.000000
2023-11-08 14:37:55,186 [INFO]  Epoch[4] Batch [0-4]	Speed: 23281.48 samples/sec	cross-entropy=1.566066	paper_time1-accuracy=3.200000
2023-11-08 14:37:55,189 [INFO]  Epoch[4] Train-cross-entropy=1.238658
2023-11-08 14:37:55,189 [INFO]  Epoch[4] Train-paper_time1-accuracy=2.875000
2023-11-08 14:37:55,189 [INFO]  Epoch[4] Time cost=0.006
2023-11-08 14:37:55,190 [INFO]  Saved checkpoint to "./imputer_model/imputer_model_paper_time1/model-0004.params"
2023-11-08 14:37:55,190 [INFO]  Epoch[4] Validation-cross-entropy=8.934482
2023-11-08 14:37:55,190 [INFO]  Epoch[4] Validation-paper_time1-accuracy=0.000000
2023-11-08 14:37:55,191 [INFO]  
========== done (0.06395721435546875 s) fit model
2023-11-08 14:52:01,187 [INFO]  
========== start: fit model
2023-11-08 14:52:01,187 [WARNING]  Already bound, ignoring bind()
2023-11-08 14:52:01,194 [INFO]  Epoch[0] Batch [0-4]	Speed: 13398.99 samples/sec	cross-entropy=11.239640	paper_time1-accuracy=0.000000
2023-11-08 14:52:01,197 [INFO]  Epoch[0] Train-cross-entropy=23.371630
2023-11-08 14:52:01,197 [INFO]  Epoch[0] Train-paper_time1-accuracy=0.000000
2023-11-08 14:52:01,197 [INFO]  Epoch[0] Time cost=0.010
2023-11-08 14:52:01,199 [INFO]  Saved checkpoint to "./imputer_model/imputer_model_paper_time1/model-0000.params"
2023-11-08 14:52:01,199 [INFO]  Epoch[0] Validation-cross-entropy=9.988413
2023-11-08 14:52:01,199 [INFO]  Epoch[0] Validation-paper_time1-accuracy=0.000000
2023-11-08 14:52:01,205 [INFO]  Epoch[1] Batch [0-4]	Speed: 14222.50 samples/sec	cross-entropy=30.883862	paper_time1-accuracy=0.000000
2023-11-08 14:52:01,208 [INFO]  Epoch[1] Train-cross-entropy=28.297373
2023-11-08 14:52:01,208 [INFO]  Epoch[1] Train-paper_time1-accuracy=0.000000
2023-11-08 14:52:01,208 [INFO]  Epoch[1] Time cost=0.009
2023-11-08 14:52:01,210 [INFO]  Saved checkpoint to "./imputer_model/imputer_model_paper_time1/model-0001.params"
2023-11-08 14:52:01,210 [INFO]  Epoch[1] Validation-cross-entropy=12.757908
2023-11-08 14:52:01,210 [INFO]  Epoch[1] Validation-paper_time1-accuracy=0.000000
2023-11-08 14:52:01,215 [INFO]  Epoch[2] Batch [0-4]	Speed: 15037.56 samples/sec	cross-entropy=7.034677	paper_time1-accuracy=0.000000
2023-11-08 14:52:01,219 [INFO]  Epoch[2] Train-cross-entropy=6.264761
2023-11-08 14:52:01,219 [INFO]  Epoch[2] Train-paper_time1-accuracy=0.000000
2023-11-08 14:52:01,219 [INFO]  Epoch[2] Time cost=0.009
2023-11-08 14:52:01,220 [INFO]  Saved checkpoint to "./imputer_model/imputer_model_paper_time1/model-0002.params"
2023-11-08 14:52:01,220 [INFO]  Epoch[2] Validation-cross-entropy=7.207725
2023-11-08 14:52:01,220 [INFO]  Epoch[2] Validation-paper_time1-accuracy=0.000000
2023-11-08 14:52:01,225 [INFO]  Epoch[3] Batch [0-4]	Speed: 16074.94 samples/sec	cross-entropy=2.295456	paper_time1-accuracy=0.000000
2023-11-08 14:52:01,229 [INFO]  Epoch[3] Train-cross-entropy=2.455436
2023-11-08 14:52:01,229 [INFO]  Epoch[3] Train-paper_time1-accuracy=0.000000
2023-11-08 14:52:01,229 [INFO]  Epoch[3] Time cost=0.008
2023-11-08 14:52:01,230 [INFO]  Saved checkpoint to "./imputer_model/imputer_model_paper_time1/model-0003.params"
2023-11-08 14:52:01,230 [INFO]  Epoch[3] Validation-cross-entropy=8.371589
2023-11-08 14:52:01,231 [INFO]  Epoch[3] Validation-paper_time1-accuracy=0.000000
2023-11-08 14:52:01,235 [INFO]  Epoch[4] Batch [0-4]	Speed: 17053.27 samples/sec	cross-entropy=1.407725	paper_time1-accuracy=0.000000
2023-11-08 14:52:01,238 [INFO]  Epoch[4] Train-cross-entropy=1.562849
2023-11-08 14:52:01,238 [INFO]  Epoch[4] Train-paper_time1-accuracy=0.000000
2023-11-08 14:52:01,238 [INFO]  Epoch[4] Time cost=0.008
2023-11-08 14:52:01,240 [INFO]  Saved checkpoint to "./imputer_model/imputer_model_paper_time1/model-0004.params"
2023-11-08 14:52:01,240 [INFO]  Epoch[4] Validation-cross-entropy=3.201598
2023-11-08 14:52:01,240 [INFO]  Epoch[4] Validation-paper_time1-accuracy=0.000000
2023-11-08 14:52:01,240 [INFO]  
========== done (0.05386090278625488 s) fit model
