2023-11-08 12:54:48,145 [INFO]  
========== start: fit model
2023-11-08 12:54:48,145 [WARNING]  Already bound, ignoring bind()
2023-11-08 12:54:48,151 [INFO]  Epoch[0] Batch [0-4]	Speed: 17699.82 samples/sec	cross-entropy=20.471534	pressure_var25-accuracy=0.000000
2023-11-08 12:54:48,154 [INFO]  Epoch[0] Train-cross-entropy=18.087109
2023-11-08 12:54:48,155 [INFO]  Epoch[0] Train-pressure_var25-accuracy=0.000000
2023-11-08 12:54:48,155 [INFO]  Epoch[0] Time cost=0.009
2023-11-08 12:54:48,156 [INFO]  Saved checkpoint to "./imputer_model/imputer_model_pressure_var25/model-0000.params"
2023-11-08 12:54:48,157 [INFO]  Epoch[0] Validation-cross-entropy=15.239889
2023-11-08 12:54:48,158 [INFO]  Epoch[0] Validation-pressure_var25-accuracy=0.000000
2023-11-08 12:54:48,256 [INFO]  Epoch[1] Batch [0-4]	Speed: 662.04 samples/sec	cross-entropy=42.935408	pressure_var25-accuracy=0.000000
2023-11-08 12:54:48,263 [INFO]  Epoch[1] Train-cross-entropy=31.060897
2023-11-08 12:54:48,264 [INFO]  Epoch[1] Train-pressure_var25-accuracy=0.000000
2023-11-08 12:54:48,264 [INFO]  Epoch[1] Time cost=0.106
2023-11-08 12:54:48,265 [INFO]  Saved checkpoint to "./imputer_model/imputer_model_pressure_var25/model-0001.params"
2023-11-08 12:54:48,268 [INFO]  Epoch[1] Validation-cross-entropy=2.449389
2023-11-08 12:54:48,268 [INFO]  Epoch[1] Validation-pressure_var25-accuracy=0.000000
2023-11-08 12:54:48,280 [INFO]  Epoch[2] Batch [0-4]	Speed: 6684.15 samples/sec	cross-entropy=6.976883	pressure_var25-accuracy=0.000000
2023-11-08 12:54:48,287 [INFO]  Epoch[2] Train-cross-entropy=5.985989
2023-11-08 12:54:48,287 [INFO]  Epoch[2] Train-pressure_var25-accuracy=0.000000
2023-11-08 12:54:48,287 [INFO]  Epoch[2] Time cost=0.020
2023-11-08 12:54:48,297 [INFO]  Saved checkpoint to "./imputer_model/imputer_model_pressure_var25/model-0002.params"
2023-11-08 12:54:48,319 [INFO]  Epoch[2] Validation-cross-entropy=6.987964
2023-11-08 12:54:48,320 [INFO]  Epoch[2] Validation-pressure_var25-accuracy=0.000000
2023-11-08 12:54:48,466 [INFO]  Epoch[3] Batch [0-4]	Speed: 959.57 samples/sec	cross-entropy=3.787617	pressure_var25-accuracy=0.000000
2023-11-08 12:54:48,499 [INFO]  Epoch[3] Train-cross-entropy=2.888282
2023-11-08 12:54:48,499 [INFO]  Epoch[3] Train-pressure_var25-accuracy=0.000000
2023-11-08 12:54:48,499 [INFO]  Epoch[3] Time cost=0.179
2023-11-08 12:54:48,502 [INFO]  Saved checkpoint to "./imputer_model/imputer_model_pressure_var25/model-0003.params"
2023-11-08 12:54:48,518 [INFO]  Epoch[3] Validation-cross-entropy=3.767213
2023-11-08 12:54:48,519 [INFO]  Epoch[3] Validation-pressure_var25-accuracy=0.000000
2023-11-08 12:54:48,682 [INFO]  Epoch[4] Batch [0-4]	Speed: 512.42 samples/sec	cross-entropy=2.517269	pressure_var25-accuracy=0.000000
2023-11-08 12:54:48,773 [INFO]  Epoch[4] Train-cross-entropy=1.773624
2023-11-08 12:54:48,773 [INFO]  Epoch[4] Train-pressure_var25-accuracy=0.000000
2023-11-08 12:54:48,774 [INFO]  Epoch[4] Time cost=0.255
2023-11-08 12:54:48,777 [INFO]  Saved checkpoint to "./imputer_model/imputer_model_pressure_var25/model-0004.params"
2023-11-08 12:54:48,781 [INFO]  Epoch[4] Validation-cross-entropy=3.828966
2023-11-08 12:54:48,782 [INFO]  Epoch[4] Validation-pressure_var25-accuracy=0.000000
2023-11-08 12:54:48,782 [INFO]  
========== done (0.6367716789245605 s) fit model
2023-11-08 13:10:24,935 [INFO]  
========== start: fit model
2023-11-08 13:10:24,955 [WARNING]  Already bound, ignoring bind()
2023-11-08 13:10:24,967 [INFO]  Epoch[0] Batch [0-4]	Speed: 10033.85 samples/sec	cross-entropy=18.256301	pressure_var25-accuracy=2.600000
2023-11-08 13:10:24,972 [INFO]  Epoch[0] Train-cross-entropy=18.473838
2023-11-08 13:10:24,972 [INFO]  Epoch[0] Train-pressure_var25-accuracy=3.750000
2023-11-08 13:10:24,972 [INFO]  Epoch[0] Time cost=0.014
2023-11-08 13:10:24,974 [INFO]  Saved checkpoint to "./imputer_model/imputer_model_pressure_var25/model-0000.params"
2023-11-08 13:10:24,975 [INFO]  Epoch[0] Validation-cross-entropy=5.574198
2023-11-08 13:10:24,975 [INFO]  Epoch[0] Validation-pressure_var25-accuracy=0.000000
2023-11-08 13:10:24,982 [INFO]  Epoch[1] Batch [0-4]	Speed: 12055.30 samples/sec	cross-entropy=30.622316	pressure_var25-accuracy=2.600000
2023-11-08 13:10:24,986 [INFO]  Epoch[1] Train-cross-entropy=25.860240
2023-11-08 13:10:24,986 [INFO]  Epoch[1] Train-pressure_var25-accuracy=3.750000
2023-11-08 13:10:24,986 [INFO]  Epoch[1] Time cost=0.011
2023-11-08 13:10:25,009 [INFO]  Saved checkpoint to "./imputer_model/imputer_model_pressure_var25/model-0001.params"
2023-11-08 13:10:25,010 [INFO]  Epoch[1] Validation-cross-entropy=8.082711
2023-11-08 13:10:25,010 [INFO]  Epoch[1] Validation-pressure_var25-accuracy=0.000000
2023-11-08 13:10:25,018 [INFO]  Epoch[2] Batch [0-4]	Speed: 10580.82 samples/sec	cross-entropy=5.002740	pressure_var25-accuracy=2.600000
2023-11-08 13:10:25,022 [INFO]  Epoch[2] Train-cross-entropy=4.197587
2023-11-08 13:10:25,022 [INFO]  Epoch[2] Train-pressure_var25-accuracy=3.750000
2023-11-08 13:10:25,023 [INFO]  Epoch[2] Time cost=0.013
2023-11-08 13:10:25,025 [INFO]  Saved checkpoint to "./imputer_model/imputer_model_pressure_var25/model-0002.params"
2023-11-08 13:10:25,025 [INFO]  Epoch[2] Validation-cross-entropy=5.774332
2023-11-08 13:10:25,025 [INFO]  Epoch[2] Validation-pressure_var25-accuracy=0.000000
2023-11-08 13:10:25,032 [INFO]  Epoch[3] Batch [0-4]	Speed: 12430.44 samples/sec	cross-entropy=3.133447	pressure_var25-accuracy=2.600000
2023-11-08 13:10:25,035 [INFO]  Epoch[3] Train-cross-entropy=2.749526
2023-11-08 13:10:25,036 [INFO]  Epoch[3] Train-pressure_var25-accuracy=3.750000
2023-11-08 13:10:25,036 [INFO]  Epoch[3] Time cost=0.010
2023-11-08 13:10:25,037 [INFO]  Saved checkpoint to "./imputer_model/imputer_model_pressure_var25/model-0003.params"
2023-11-08 13:10:25,038 [INFO]  Epoch[3] Validation-cross-entropy=4.542521
2023-11-08 13:10:25,038 [INFO]  Epoch[3] Validation-pressure_var25-accuracy=0.000000
2023-11-08 13:10:25,044 [INFO]  Epoch[4] Batch [0-4]	Speed: 13576.55 samples/sec	cross-entropy=1.450233	pressure_var25-accuracy=2.600000
2023-11-08 13:10:25,048 [INFO]  Epoch[4] Train-cross-entropy=1.164971
2023-11-08 13:10:25,048 [INFO]  Epoch[4] Train-pressure_var25-accuracy=3.750000
2023-11-08 13:10:25,048 [INFO]  Epoch[4] Time cost=0.010
2023-11-08 13:10:25,049 [INFO]  Saved checkpoint to "./imputer_model/imputer_model_pressure_var25/model-0004.params"
2023-11-08 13:10:25,050 [INFO]  Epoch[4] Validation-cross-entropy=4.259817
2023-11-08 13:10:25,050 [INFO]  Epoch[4] Validation-pressure_var25-accuracy=0.000000
2023-11-08 13:10:25,050 [INFO]  
========== done (0.1147458553314209 s) fit model
2023-11-08 13:23:40,952 [INFO]  
========== start: fit model
2023-11-08 13:23:40,952 [WARNING]  Already bound, ignoring bind()
2023-11-08 13:23:40,959 [INFO]  Epoch[0] Batch [0-4]	Speed: 13561.46 samples/sec	cross-entropy=16.080055	pressure_var25-accuracy=0.000000
2023-11-08 13:23:40,963 [INFO]  Epoch[0] Train-cross-entropy=24.239973
2023-11-08 13:23:40,963 [INFO]  Epoch[0] Train-pressure_var25-accuracy=0.000000
2023-11-08 13:23:40,963 [INFO]  Epoch[0] Time cost=0.010
2023-11-08 13:23:40,969 [INFO]  Saved checkpoint to "./imputer_model/imputer_model_pressure_var25/model-0000.params"
2023-11-08 13:23:40,970 [INFO]  Epoch[0] Validation-cross-entropy=19.352961
2023-11-08 13:23:40,970 [INFO]  Epoch[0] Validation-pressure_var25-accuracy=0.000000
2023-11-08 13:23:40,978 [INFO]  Epoch[1] Batch [0-4]	Speed: 10010.27 samples/sec	cross-entropy=40.944047	pressure_var25-accuracy=0.000000
2023-11-08 13:23:40,983 [INFO]  Epoch[1] Train-cross-entropy=48.093463
2023-11-08 13:23:40,983 [INFO]  Epoch[1] Train-pressure_var25-accuracy=0.000000
2023-11-08 13:23:40,983 [INFO]  Epoch[1] Time cost=0.013
2023-11-08 13:23:40,985 [INFO]  Saved checkpoint to "./imputer_model/imputer_model_pressure_var25/model-0001.params"
2023-11-08 13:23:40,986 [INFO]  Epoch[1] Validation-cross-entropy=24.087786
2023-11-08 13:23:40,986 [INFO]  Epoch[1] Validation-pressure_var25-accuracy=0.000000
2023-11-08 13:23:40,993 [INFO]  Epoch[2] Batch [0-4]	Speed: 12957.88 samples/sec	cross-entropy=16.015008	pressure_var25-accuracy=0.000000
2023-11-08 13:23:40,996 [INFO]  Epoch[2] Train-cross-entropy=13.086335
2023-11-08 13:23:40,996 [INFO]  Epoch[2] Train-pressure_var25-accuracy=0.000000
2023-11-08 13:23:40,996 [INFO]  Epoch[2] Time cost=0.010
2023-11-08 13:23:40,998 [INFO]  Saved checkpoint to "./imputer_model/imputer_model_pressure_var25/model-0002.params"
2023-11-08 13:23:40,999 [INFO]  Epoch[2] Validation-cross-entropy=17.269800
2023-11-08 13:23:40,999 [INFO]  Epoch[2] Validation-pressure_var25-accuracy=0.000000
2023-11-08 13:23:41,004 [INFO]  Epoch[3] Batch [0-4]	Speed: 14075.58 samples/sec	cross-entropy=4.788604	pressure_var25-accuracy=0.000000
2023-11-08 13:23:41,008 [INFO]  Epoch[3] Train-cross-entropy=4.190836
2023-11-08 13:23:41,008 [INFO]  Epoch[3] Train-pressure_var25-accuracy=0.000000
2023-11-08 13:23:41,008 [INFO]  Epoch[3] Time cost=0.009
2023-11-08 13:23:41,009 [INFO]  Saved checkpoint to "./imputer_model/imputer_model_pressure_var25/model-0003.params"
2023-11-08 13:23:41,010 [INFO]  Epoch[3] Validation-cross-entropy=26.106129
2023-11-08 13:23:41,010 [INFO]  Epoch[3] Validation-pressure_var25-accuracy=0.000000
2023-11-08 13:23:41,016 [INFO]  Epoch[4] Batch [0-4]	Speed: 14069.68 samples/sec	cross-entropy=2.260719	pressure_var25-accuracy=0.000000
2023-11-08 13:23:41,019 [INFO]  Epoch[4] Train-cross-entropy=2.123180
2023-11-08 13:23:41,019 [INFO]  Epoch[4] Train-pressure_var25-accuracy=0.000000
2023-11-08 13:23:41,019 [INFO]  Epoch[4] Time cost=0.009
2023-11-08 13:23:41,021 [INFO]  Saved checkpoint to "./imputer_model/imputer_model_pressure_var25/model-0004.params"
2023-11-08 13:23:41,022 [INFO]  Epoch[4] Validation-cross-entropy=27.454592
2023-11-08 13:23:41,022 [INFO]  Epoch[4] Validation-pressure_var25-accuracy=0.000000
2023-11-08 13:23:41,022 [INFO]  
========== done (0.06983137130737305 s) fit model
2023-11-08 13:37:00,138 [INFO]  
========== start: fit model
2023-11-08 13:37:00,138 [WARNING]  Already bound, ignoring bind()
2023-11-08 13:37:00,147 [INFO]  Epoch[0] Batch [0-4]	Speed: 10679.75 samples/sec	cross-entropy=20.672337	pressure_var25-accuracy=0.000000
2023-11-08 13:37:00,152 [INFO]  Epoch[0] Train-cross-entropy=23.051378
2023-11-08 13:37:00,152 [INFO]  Epoch[0] Train-pressure_var25-accuracy=0.000000
2023-11-08 13:37:00,152 [INFO]  Epoch[0] Time cost=0.013
2023-11-08 13:37:00,155 [INFO]  Saved checkpoint to "./imputer_model/imputer_model_pressure_var25/model-0000.params"
2023-11-08 13:37:00,155 [INFO]  Epoch[0] Validation-cross-entropy=47.140518
2023-11-08 13:37:00,155 [INFO]  Epoch[0] Validation-pressure_var25-accuracy=0.000000
2023-11-08 13:37:00,161 [INFO]  Epoch[1] Batch [0-4]	Speed: 15275.45 samples/sec	cross-entropy=32.715889	pressure_var25-accuracy=0.000000
2023-11-08 13:37:00,164 [INFO]  Epoch[1] Train-cross-entropy=25.000927
2023-11-08 13:37:00,164 [INFO]  Epoch[1] Train-pressure_var25-accuracy=0.000000
2023-11-08 13:37:00,164 [INFO]  Epoch[1] Time cost=0.009
2023-11-08 13:37:00,166 [INFO]  Saved checkpoint to "./imputer_model/imputer_model_pressure_var25/model-0001.params"
2023-11-08 13:37:00,167 [INFO]  Epoch[1] Validation-cross-entropy=40.263996
2023-11-08 13:37:00,167 [INFO]  Epoch[1] Validation-pressure_var25-accuracy=0.000000
2023-11-08 13:37:00,171 [INFO]  Epoch[2] Batch [0-4]	Speed: 20346.81 samples/sec	cross-entropy=5.849448	pressure_var25-accuracy=0.000000
2023-11-08 13:37:00,173 [INFO]  Epoch[2] Train-cross-entropy=5.594267
2023-11-08 13:37:00,173 [INFO]  Epoch[2] Train-pressure_var25-accuracy=0.000000
2023-11-08 13:37:00,173 [INFO]  Epoch[2] Time cost=0.007
2023-11-08 13:37:00,175 [INFO]  Saved checkpoint to "./imputer_model/imputer_model_pressure_var25/model-0002.params"
2023-11-08 13:37:00,175 [INFO]  Epoch[2] Validation-cross-entropy=58.360851
2023-11-08 13:37:00,175 [INFO]  Epoch[2] Validation-pressure_var25-accuracy=0.000000
2023-11-08 13:37:00,179 [INFO]  Epoch[3] Batch [0-4]	Speed: 19498.47 samples/sec	cross-entropy=3.025077	pressure_var25-accuracy=0.000000
2023-11-08 13:37:00,183 [INFO]  Epoch[3] Train-cross-entropy=2.596847
2023-11-08 13:37:00,183 [INFO]  Epoch[3] Train-pressure_var25-accuracy=0.000000
2023-11-08 13:37:00,183 [INFO]  Epoch[3] Time cost=0.008
2023-11-08 13:37:00,185 [INFO]  Saved checkpoint to "./imputer_model/imputer_model_pressure_var25/model-0003.params"
2023-11-08 13:37:00,185 [INFO]  Epoch[3] Validation-cross-entropy=33.784264
2023-11-08 13:37:00,186 [INFO]  Epoch[3] Validation-pressure_var25-accuracy=0.000000
2023-11-08 13:37:00,191 [INFO]  Epoch[4] Batch [0-4]	Speed: 15920.49 samples/sec	cross-entropy=1.132324	pressure_var25-accuracy=0.000000
2023-11-08 13:37:00,194 [INFO]  Epoch[4] Train-cross-entropy=0.936424
2023-11-08 13:37:00,194 [INFO]  Epoch[4] Train-pressure_var25-accuracy=0.000000
2023-11-08 13:37:00,194 [INFO]  Epoch[4] Time cost=0.008
2023-11-08 13:37:00,195 [INFO]  Saved checkpoint to "./imputer_model/imputer_model_pressure_var25/model-0004.params"
2023-11-08 13:37:00,196 [INFO]  Epoch[4] Validation-cross-entropy=34.287880
2023-11-08 13:37:00,196 [INFO]  Epoch[4] Validation-pressure_var25-accuracy=0.000000
2023-11-08 13:37:00,196 [INFO]  
========== done (0.05826592445373535 s) fit model
2023-11-08 13:50:21,427 [INFO]  
========== start: fit model
2023-11-08 13:50:21,428 [WARNING]  Already bound, ignoring bind()
2023-11-08 13:50:21,435 [INFO]  Epoch[0] Batch [0-4]	Speed: 14042.45 samples/sec	cross-entropy=17.677199	pressure_var25-accuracy=3.400000
2023-11-08 13:50:21,440 [INFO]  Epoch[0] Train-cross-entropy=19.363228
2023-11-08 13:50:21,440 [INFO]  Epoch[0] Train-pressure_var25-accuracy=3.125000
2023-11-08 13:50:21,440 [INFO]  Epoch[0] Time cost=0.012
2023-11-08 13:50:21,443 [INFO]  Saved checkpoint to "./imputer_model/imputer_model_pressure_var25/model-0000.params"
2023-11-08 13:50:21,444 [INFO]  Epoch[0] Validation-cross-entropy=22.606066
2023-11-08 13:50:21,444 [INFO]  Epoch[0] Validation-pressure_var25-accuracy=0.000000
2023-11-08 13:50:21,452 [INFO]  Epoch[1] Batch [0-4]	Speed: 10772.75 samples/sec	cross-entropy=46.456273	pressure_var25-accuracy=3.400000
2023-11-08 13:50:21,456 [INFO]  Epoch[1] Train-cross-entropy=38.263671
2023-11-08 13:50:21,456 [INFO]  Epoch[1] Train-pressure_var25-accuracy=3.125000
2023-11-08 13:50:21,456 [INFO]  Epoch[1] Time cost=0.012
2023-11-08 13:50:21,459 [INFO]  Saved checkpoint to "./imputer_model/imputer_model_pressure_var25/model-0001.params"
2023-11-08 13:50:21,459 [INFO]  Epoch[1] Validation-cross-entropy=19.231728
2023-11-08 13:50:21,459 [INFO]  Epoch[1] Validation-pressure_var25-accuracy=0.000000
2023-11-08 13:50:21,465 [INFO]  Epoch[2] Batch [0-4]	Speed: 15565.99 samples/sec	cross-entropy=6.071237	pressure_var25-accuracy=3.400000
2023-11-08 13:50:21,468 [INFO]  Epoch[2] Train-cross-entropy=6.338813
2023-11-08 13:50:21,468 [INFO]  Epoch[2] Train-pressure_var25-accuracy=3.125000
2023-11-08 13:50:21,468 [INFO]  Epoch[2] Time cost=0.008
2023-11-08 13:50:21,469 [INFO]  Saved checkpoint to "./imputer_model/imputer_model_pressure_var25/model-0002.params"
2023-11-08 13:50:21,470 [INFO]  Epoch[2] Validation-cross-entropy=15.825301
2023-11-08 13:50:21,470 [INFO]  Epoch[2] Validation-pressure_var25-accuracy=0.000000
2023-11-08 13:50:21,475 [INFO]  Epoch[3] Batch [0-4]	Speed: 16020.26 samples/sec	cross-entropy=4.515094	pressure_var25-accuracy=3.400000
2023-11-08 13:50:21,478 [INFO]  Epoch[3] Train-cross-entropy=4.169030
2023-11-08 13:50:21,478 [INFO]  Epoch[3] Train-pressure_var25-accuracy=3.125000
2023-11-08 13:50:21,478 [INFO]  Epoch[3] Time cost=0.008
2023-11-08 13:50:21,480 [INFO]  Saved checkpoint to "./imputer_model/imputer_model_pressure_var25/model-0003.params"
2023-11-08 13:50:21,480 [INFO]  Epoch[3] Validation-cross-entropy=12.698678
2023-11-08 13:50:21,480 [INFO]  Epoch[3] Validation-pressure_var25-accuracy=0.000000
2023-11-08 13:50:21,486 [INFO]  Epoch[4] Batch [0-4]	Speed: 14591.26 samples/sec	cross-entropy=2.005506	pressure_var25-accuracy=3.400000
2023-11-08 13:50:21,489 [INFO]  Epoch[4] Train-cross-entropy=1.546264
2023-11-08 13:50:21,489 [INFO]  Epoch[4] Train-pressure_var25-accuracy=3.125000
2023-11-08 13:50:21,489 [INFO]  Epoch[4] Time cost=0.009
2023-11-08 13:50:21,491 [INFO]  Saved checkpoint to "./imputer_model/imputer_model_pressure_var25/model-0004.params"
2023-11-08 13:50:21,491 [INFO]  Epoch[4] Validation-cross-entropy=11.299074
2023-11-08 13:50:21,491 [INFO]  Epoch[4] Validation-pressure_var25-accuracy=0.000000
2023-11-08 13:50:21,491 [INFO]  
========== done (0.06369805335998535 s) fit model
2023-11-08 14:03:44,012 [INFO]  
========== start: fit model
2023-11-08 14:03:44,012 [WARNING]  Already bound, ignoring bind()
2023-11-08 14:03:44,019 [INFO]  Epoch[0] Batch [0-4]	Speed: 14011.66 samples/sec	cross-entropy=17.418791	pressure_var25-accuracy=4.200000
2023-11-08 14:03:44,024 [INFO]  Epoch[0] Train-cross-entropy=28.128580
2023-11-08 14:03:44,024 [INFO]  Epoch[0] Train-pressure_var25-accuracy=3.875000
2023-11-08 14:03:44,024 [INFO]  Epoch[0] Time cost=0.012
2023-11-08 14:03:44,027 [INFO]  Saved checkpoint to "./imputer_model/imputer_model_pressure_var25/model-0000.params"
2023-11-08 14:03:44,028 [INFO]  Epoch[0] Validation-cross-entropy=12.120859
2023-11-08 14:03:44,029 [INFO]  Epoch[0] Validation-pressure_var25-accuracy=0.000000
2023-11-08 14:03:44,037 [INFO]  Epoch[1] Batch [0-4]	Speed: 10396.42 samples/sec	cross-entropy=29.446414	pressure_var25-accuracy=4.200000
2023-11-08 14:03:44,042 [INFO]  Epoch[1] Train-cross-entropy=28.212183
2023-11-08 14:03:44,042 [INFO]  Epoch[1] Train-pressure_var25-accuracy=3.875000
2023-11-08 14:03:44,042 [INFO]  Epoch[1] Time cost=0.013
2023-11-08 14:03:44,045 [INFO]  Saved checkpoint to "./imputer_model/imputer_model_pressure_var25/model-0001.params"
2023-11-08 14:03:44,045 [INFO]  Epoch[1] Validation-cross-entropy=13.817645
2023-11-08 14:03:44,045 [INFO]  Epoch[1] Validation-pressure_var25-accuracy=0.000000
2023-11-08 14:03:44,052 [INFO]  Epoch[2] Batch [0-4]	Speed: 12619.79 samples/sec	cross-entropy=3.697828	pressure_var25-accuracy=4.200000
2023-11-08 14:03:44,055 [INFO]  Epoch[2] Train-cross-entropy=4.061990
2023-11-08 14:03:44,055 [INFO]  Epoch[2] Train-pressure_var25-accuracy=3.875000
2023-11-08 14:03:44,055 [INFO]  Epoch[2] Time cost=0.010
2023-11-08 14:03:44,057 [INFO]  Saved checkpoint to "./imputer_model/imputer_model_pressure_var25/model-0002.params"
2023-11-08 14:03:44,057 [INFO]  Epoch[2] Validation-cross-entropy=6.589426
2023-11-08 14:03:44,057 [INFO]  Epoch[2] Validation-pressure_var25-accuracy=0.000000
2023-11-08 14:03:44,062 [INFO]  Epoch[3] Batch [0-4]	Speed: 17852.85 samples/sec	cross-entropy=1.891141	pressure_var25-accuracy=4.200000
2023-11-08 14:03:44,065 [INFO]  Epoch[3] Train-cross-entropy=1.984382
2023-11-08 14:03:44,065 [INFO]  Epoch[3] Train-pressure_var25-accuracy=3.875000
2023-11-08 14:03:44,065 [INFO]  Epoch[3] Time cost=0.007
2023-11-08 14:03:44,066 [INFO]  Saved checkpoint to "./imputer_model/imputer_model_pressure_var25/model-0003.params"
2023-11-08 14:03:44,066 [INFO]  Epoch[3] Validation-cross-entropy=9.725227
2023-11-08 14:03:44,066 [INFO]  Epoch[3] Validation-pressure_var25-accuracy=0.000000
2023-11-08 14:03:44,070 [INFO]  Epoch[4] Batch [0-4]	Speed: 20569.77 samples/sec	cross-entropy=1.132134	pressure_var25-accuracy=4.200000
2023-11-08 14:03:44,073 [INFO]  Epoch[4] Train-cross-entropy=1.078094
2023-11-08 14:03:44,073 [INFO]  Epoch[4] Train-pressure_var25-accuracy=3.875000
2023-11-08 14:03:44,073 [INFO]  Epoch[4] Time cost=0.006
2023-11-08 14:03:44,074 [INFO]  Saved checkpoint to "./imputer_model/imputer_model_pressure_var25/model-0004.params"
2023-11-08 14:03:44,074 [INFO]  Epoch[4] Validation-cross-entropy=7.144635
2023-11-08 14:03:44,074 [INFO]  Epoch[4] Validation-pressure_var25-accuracy=0.000000
2023-11-08 14:03:44,075 [INFO]  
========== done (0.06279206275939941 s) fit model
2023-11-08 14:17:10,581 [INFO]  
========== start: fit model
2023-11-08 14:17:10,581 [WARNING]  Already bound, ignoring bind()
2023-11-08 14:17:10,588 [INFO]  Epoch[0] Batch [0-4]	Speed: 13899.93 samples/sec	cross-entropy=18.618150	pressure_var25-accuracy=3.400000
2023-11-08 14:17:10,592 [INFO]  Epoch[0] Train-cross-entropy=18.986716
2023-11-08 14:17:10,592 [INFO]  Epoch[0] Train-pressure_var25-accuracy=3.750000
2023-11-08 14:17:10,593 [INFO]  Epoch[0] Time cost=0.011
2023-11-08 14:17:10,596 [INFO]  Saved checkpoint to "./imputer_model/imputer_model_pressure_var25/model-0000.params"
2023-11-08 14:17:10,597 [INFO]  Epoch[0] Validation-cross-entropy=28.172979
2023-11-08 14:17:10,597 [INFO]  Epoch[0] Validation-pressure_var25-accuracy=0.000000
2023-11-08 14:17:10,605 [INFO]  Epoch[1] Batch [0-4]	Speed: 10053.39 samples/sec	cross-entropy=51.523433	pressure_var25-accuracy=3.400000
2023-11-08 14:17:10,610 [INFO]  Epoch[1] Train-cross-entropy=43.518627
2023-11-08 14:17:10,610 [INFO]  Epoch[1] Train-pressure_var25-accuracy=3.750000
2023-11-08 14:17:10,610 [INFO]  Epoch[1] Time cost=0.013
2023-11-08 14:17:10,612 [INFO]  Saved checkpoint to "./imputer_model/imputer_model_pressure_var25/model-0001.params"
2023-11-08 14:17:10,613 [INFO]  Epoch[1] Validation-cross-entropy=19.565002
2023-11-08 14:17:10,613 [INFO]  Epoch[1] Validation-pressure_var25-accuracy=0.000000
2023-11-08 14:17:10,620 [INFO]  Epoch[2] Batch [0-4]	Speed: 13044.78 samples/sec	cross-entropy=9.926458	pressure_var25-accuracy=3.400000
2023-11-08 14:17:10,623 [INFO]  Epoch[2] Train-cross-entropy=21.845692
2023-11-08 14:17:10,623 [INFO]  Epoch[2] Train-pressure_var25-accuracy=3.750000
2023-11-08 14:17:10,623 [INFO]  Epoch[2] Time cost=0.010
2023-11-08 14:17:10,625 [INFO]  Saved checkpoint to "./imputer_model/imputer_model_pressure_var25/model-0002.params"
2023-11-08 14:17:10,626 [INFO]  Epoch[2] Validation-cross-entropy=10.101170
2023-11-08 14:17:10,626 [INFO]  Epoch[2] Validation-pressure_var25-accuracy=0.000000
2023-11-08 14:17:10,630 [INFO]  Epoch[3] Batch [0-4]	Speed: 22580.37 samples/sec	cross-entropy=6.586967	pressure_var25-accuracy=3.400000
2023-11-08 14:17:10,632 [INFO]  Epoch[3] Train-cross-entropy=7.490809
2023-11-08 14:17:10,632 [INFO]  Epoch[3] Train-pressure_var25-accuracy=3.750000
2023-11-08 14:17:10,632 [INFO]  Epoch[3] Time cost=0.006
2023-11-08 14:17:10,634 [INFO]  Saved checkpoint to "./imputer_model/imputer_model_pressure_var25/model-0003.params"
2023-11-08 14:17:10,634 [INFO]  Epoch[3] Validation-cross-entropy=17.856943
2023-11-08 14:17:10,634 [INFO]  Epoch[3] Validation-pressure_var25-accuracy=0.000000
2023-11-08 14:17:10,638 [INFO]  Epoch[4] Batch [0-4]	Speed: 23057.50 samples/sec	cross-entropy=3.700583	pressure_var25-accuracy=3.400000
2023-11-08 14:17:10,640 [INFO]  Epoch[4] Train-cross-entropy=3.106664
2023-11-08 14:17:10,640 [INFO]  Epoch[4] Train-pressure_var25-accuracy=3.750000
2023-11-08 14:17:10,640 [INFO]  Epoch[4] Time cost=0.006
2023-11-08 14:17:10,641 [INFO]  Saved checkpoint to "./imputer_model/imputer_model_pressure_var25/model-0004.params"
2023-11-08 14:17:10,641 [INFO]  Epoch[4] Validation-cross-entropy=10.141907
2023-11-08 14:17:10,641 [INFO]  Epoch[4] Validation-pressure_var25-accuracy=0.000000
2023-11-08 14:17:10,641 [INFO]  
========== done (0.06038045883178711 s) fit model
2023-11-08 14:30:50,297 [INFO]  
========== start: fit model
2023-11-08 14:30:50,297 [WARNING]  Already bound, ignoring bind()
2023-11-08 14:30:50,306 [INFO]  Epoch[0] Batch [0-4]	Speed: 10581.24 samples/sec	cross-entropy=19.079734	pressure_var25-accuracy=0.000000
2023-11-08 14:30:50,311 [INFO]  Epoch[0] Train-cross-entropy=18.797784
2023-11-08 14:30:50,311 [INFO]  Epoch[0] Train-pressure_var25-accuracy=0.000000
2023-11-08 14:30:50,311 [INFO]  Epoch[0] Time cost=0.013
2023-11-08 14:30:50,314 [INFO]  Saved checkpoint to "./imputer_model/imputer_model_pressure_var25/model-0000.params"
2023-11-08 14:30:50,314 [INFO]  Epoch[0] Validation-cross-entropy=145.665497
2023-11-08 14:30:50,314 [INFO]  Epoch[0] Validation-pressure_var25-accuracy=0.000000
2023-11-08 14:30:50,320 [INFO]  Epoch[1] Batch [0-4]	Speed: 15185.58 samples/sec	cross-entropy=35.295090	pressure_var25-accuracy=0.000000
2023-11-08 14:30:50,323 [INFO]  Epoch[1] Train-cross-entropy=34.457953
2023-11-08 14:30:50,323 [INFO]  Epoch[1] Train-pressure_var25-accuracy=0.000000
2023-11-08 14:30:50,323 [INFO]  Epoch[1] Time cost=0.009
2023-11-08 14:30:50,324 [INFO]  Saved checkpoint to "./imputer_model/imputer_model_pressure_var25/model-0001.params"
2023-11-08 14:30:50,325 [INFO]  Epoch[1] Validation-cross-entropy=89.706238
2023-11-08 14:30:50,325 [INFO]  Epoch[1] Validation-pressure_var25-accuracy=0.000000
2023-11-08 14:30:50,329 [INFO]  Epoch[2] Batch [0-4]	Speed: 20667.96 samples/sec	cross-entropy=4.737388	pressure_var25-accuracy=0.000000
2023-11-08 14:30:50,331 [INFO]  Epoch[2] Train-cross-entropy=4.402487
2023-11-08 14:30:50,332 [INFO]  Epoch[2] Train-pressure_var25-accuracy=0.000000
2023-11-08 14:30:50,332 [INFO]  Epoch[2] Time cost=0.007
2023-11-08 14:30:50,333 [INFO]  Saved checkpoint to "./imputer_model/imputer_model_pressure_var25/model-0002.params"
2023-11-08 14:30:50,333 [INFO]  Epoch[2] Validation-cross-entropy=41.147888
2023-11-08 14:30:50,333 [INFO]  Epoch[2] Validation-pressure_var25-accuracy=0.000000
2023-11-08 14:30:50,338 [INFO]  Epoch[3] Batch [0-4]	Speed: 19355.07 samples/sec	cross-entropy=3.365557	pressure_var25-accuracy=0.000000
2023-11-08 14:30:50,341 [INFO]  Epoch[3] Train-cross-entropy=2.964611
2023-11-08 14:30:50,341 [INFO]  Epoch[3] Train-pressure_var25-accuracy=0.000000
2023-11-08 14:30:50,341 [INFO]  Epoch[3] Time cost=0.007
2023-11-08 14:30:50,342 [INFO]  Saved checkpoint to "./imputer_model/imputer_model_pressure_var25/model-0003.params"
2023-11-08 14:30:50,342 [INFO]  Epoch[3] Validation-cross-entropy=41.876579
2023-11-08 14:30:50,342 [INFO]  Epoch[3] Validation-pressure_var25-accuracy=0.000000
2023-11-08 14:30:50,348 [INFO]  Epoch[4] Batch [0-4]	Speed: 14528.87 samples/sec	cross-entropy=1.424420	pressure_var25-accuracy=0.000000
2023-11-08 14:30:50,351 [INFO]  Epoch[4] Train-cross-entropy=1.093127
2023-11-08 14:30:50,351 [INFO]  Epoch[4] Train-pressure_var25-accuracy=0.000000
2023-11-08 14:30:50,351 [INFO]  Epoch[4] Time cost=0.009
2023-11-08 14:30:50,353 [INFO]  Saved checkpoint to "./imputer_model/imputer_model_pressure_var25/model-0004.params"
2023-11-08 14:30:50,353 [INFO]  Epoch[4] Validation-cross-entropy=36.669865
2023-11-08 14:30:50,353 [INFO]  Epoch[4] Validation-pressure_var25-accuracy=0.000000
2023-11-08 14:30:50,353 [INFO]  
========== done (0.056172847747802734 s) fit model
2023-11-08 14:44:55,611 [INFO]  
========== start: fit model
2023-11-08 14:44:55,611 [WARNING]  Already bound, ignoring bind()
2023-11-08 14:44:55,618 [INFO]  Epoch[0] Batch [0-4]	Speed: 13860.46 samples/sec	cross-entropy=18.735370	pressure_var25-accuracy=0.000000
2023-11-08 14:44:55,622 [INFO]  Epoch[0] Train-cross-entropy=18.561282
2023-11-08 14:44:55,622 [INFO]  Epoch[0] Train-pressure_var25-accuracy=0.000000
2023-11-08 14:44:55,622 [INFO]  Epoch[0] Time cost=0.010
2023-11-08 14:44:55,623 [INFO]  Saved checkpoint to "./imputer_model/imputer_model_pressure_var25/model-0000.params"
2023-11-08 14:44:55,624 [INFO]  Epoch[0] Validation-cross-entropy=52.147900
2023-11-08 14:44:55,624 [INFO]  Epoch[0] Validation-pressure_var25-accuracy=0.000000
2023-11-08 14:44:55,632 [INFO]  Epoch[1] Batch [0-4]	Speed: 10107.52 samples/sec	cross-entropy=31.203838	pressure_var25-accuracy=0.000000
2023-11-08 14:44:55,637 [INFO]  Epoch[1] Train-cross-entropy=24.237504
2023-11-08 14:44:55,638 [INFO]  Epoch[1] Train-pressure_var25-accuracy=0.000000
2023-11-08 14:44:55,638 [INFO]  Epoch[1] Time cost=0.014
2023-11-08 14:44:55,640 [INFO]  Saved checkpoint to "./imputer_model/imputer_model_pressure_var25/model-0001.params"
2023-11-08 14:44:55,641 [INFO]  Epoch[1] Validation-cross-entropy=18.111500
2023-11-08 14:44:55,641 [INFO]  Epoch[1] Validation-pressure_var25-accuracy=0.000000
2023-11-08 14:44:55,648 [INFO]  Epoch[2] Batch [0-4]	Speed: 12092.78 samples/sec	cross-entropy=5.160431	pressure_var25-accuracy=0.000000
2023-11-08 14:44:55,652 [INFO]  Epoch[2] Train-cross-entropy=3.801689
2023-11-08 14:44:55,652 [INFO]  Epoch[2] Train-pressure_var25-accuracy=0.000000
2023-11-08 14:44:55,652 [INFO]  Epoch[2] Time cost=0.011
2023-11-08 14:44:55,654 [INFO]  Saved checkpoint to "./imputer_model/imputer_model_pressure_var25/model-0002.params"
2023-11-08 14:44:55,654 [INFO]  Epoch[2] Validation-cross-entropy=20.158590
2023-11-08 14:44:55,654 [INFO]  Epoch[2] Validation-pressure_var25-accuracy=0.000000
2023-11-08 14:44:55,661 [INFO]  Epoch[3] Batch [0-4]	Speed: 12493.51 samples/sec	cross-entropy=2.720577	pressure_var25-accuracy=0.000000
2023-11-08 14:44:55,665 [INFO]  Epoch[3] Train-cross-entropy=2.263206
2023-11-08 14:44:55,665 [INFO]  Epoch[3] Train-pressure_var25-accuracy=0.000000
2023-11-08 14:44:55,665 [INFO]  Epoch[3] Time cost=0.011
2023-11-08 14:44:55,668 [INFO]  Saved checkpoint to "./imputer_model/imputer_model_pressure_var25/model-0003.params"
2023-11-08 14:44:55,669 [INFO]  Epoch[3] Validation-cross-entropy=22.691160
2023-11-08 14:44:55,669 [INFO]  Epoch[3] Validation-pressure_var25-accuracy=0.000000
2023-11-08 14:44:55,676 [INFO]  Epoch[4] Batch [0-4]	Speed: 10698.90 samples/sec	cross-entropy=0.826518	pressure_var25-accuracy=0.000000
2023-11-08 14:44:55,680 [INFO]  Epoch[4] Train-cross-entropy=0.718932
2023-11-08 14:44:55,680 [INFO]  Epoch[4] Train-pressure_var25-accuracy=0.000000
2023-11-08 14:44:55,680 [INFO]  Epoch[4] Time cost=0.012
2023-11-08 14:44:55,683 [INFO]  Saved checkpoint to "./imputer_model/imputer_model_pressure_var25/model-0004.params"
2023-11-08 14:44:55,683 [INFO]  Epoch[4] Validation-cross-entropy=21.496576
2023-11-08 14:44:55,683 [INFO]  Epoch[4] Validation-pressure_var25-accuracy=0.000000
2023-11-08 14:44:55,683 [INFO]  
========== done (0.07251119613647461 s) fit model
2023-11-08 14:59:06,327 [INFO]  
========== start: fit model
2023-11-08 14:59:06,327 [WARNING]  Already bound, ignoring bind()
2023-11-08 14:59:06,334 [INFO]  Epoch[0] Batch [0-4]	Speed: 14212.71 samples/sec	cross-entropy=17.147845	pressure_var25-accuracy=0.000000
2023-11-08 14:59:06,337 [INFO]  Epoch[0] Train-cross-entropy=23.904692
2023-11-08 14:59:06,337 [INFO]  Epoch[0] Train-pressure_var25-accuracy=0.000000
2023-11-08 14:59:06,337 [INFO]  Epoch[0] Time cost=0.010
2023-11-08 14:59:06,339 [INFO]  Saved checkpoint to "./imputer_model/imputer_model_pressure_var25/model-0000.params"
2023-11-08 14:59:06,339 [INFO]  Epoch[0] Validation-cross-entropy=16.306984
2023-11-08 14:59:06,339 [INFO]  Epoch[0] Validation-pressure_var25-accuracy=0.000000
2023-11-08 14:59:06,346 [INFO]  Epoch[1] Batch [0-4]	Speed: 11909.29 samples/sec	cross-entropy=34.892015	pressure_var25-accuracy=0.000000
2023-11-08 14:59:06,349 [INFO]  Epoch[1] Train-cross-entropy=32.677923
2023-11-08 14:59:06,349 [INFO]  Epoch[1] Train-pressure_var25-accuracy=0.000000
2023-11-08 14:59:06,349 [INFO]  Epoch[1] Time cost=0.010
2023-11-08 14:59:06,351 [INFO]  Saved checkpoint to "./imputer_model/imputer_model_pressure_var25/model-0001.params"
2023-11-08 14:59:06,351 [INFO]  Epoch[1] Validation-cross-entropy=40.879524
2023-11-08 14:59:06,351 [INFO]  Epoch[1] Validation-pressure_var25-accuracy=0.000000
2023-11-08 14:59:06,357 [INFO]  Epoch[2] Batch [0-4]	Speed: 14928.84 samples/sec	cross-entropy=16.820953	pressure_var25-accuracy=0.000000
2023-11-08 14:59:06,360 [INFO]  Epoch[2] Train-cross-entropy=16.020979
2023-11-08 14:59:06,360 [INFO]  Epoch[2] Train-pressure_var25-accuracy=0.000000
2023-11-08 14:59:06,360 [INFO]  Epoch[2] Time cost=0.009
2023-11-08 14:59:06,362 [INFO]  Saved checkpoint to "./imputer_model/imputer_model_pressure_var25/model-0002.params"
2023-11-08 14:59:06,362 [INFO]  Epoch[2] Validation-cross-entropy=21.228106
2023-11-08 14:59:06,362 [INFO]  Epoch[2] Validation-pressure_var25-accuracy=0.000000
2023-11-08 14:59:06,368 [INFO]  Epoch[3] Batch [0-4]	Speed: 14868.48 samples/sec	cross-entropy=11.993528	pressure_var25-accuracy=0.000000
2023-11-08 14:59:06,371 [INFO]  Epoch[3] Train-cross-entropy=10.094023
2023-11-08 14:59:06,371 [INFO]  Epoch[3] Train-pressure_var25-accuracy=0.000000
2023-11-08 14:59:06,371 [INFO]  Epoch[3] Time cost=0.009
2023-11-08 14:59:06,372 [INFO]  Saved checkpoint to "./imputer_model/imputer_model_pressure_var25/model-0003.params"
2023-11-08 14:59:06,373 [INFO]  Epoch[3] Validation-cross-entropy=20.366732
2023-11-08 14:59:06,373 [INFO]  Epoch[3] Validation-pressure_var25-accuracy=0.000000
2023-11-08 14:59:06,378 [INFO]  Epoch[4] Batch [0-4]	Speed: 15980.20 samples/sec	cross-entropy=5.234630	pressure_var25-accuracy=0.000000
2023-11-08 14:59:06,381 [INFO]  Epoch[4] Train-cross-entropy=3.741421
2023-11-08 14:59:06,381 [INFO]  Epoch[4] Train-pressure_var25-accuracy=0.000000
2023-11-08 14:59:06,381 [INFO]  Epoch[4] Time cost=0.008
2023-11-08 14:59:06,383 [INFO]  Saved checkpoint to "./imputer_model/imputer_model_pressure_var25/model-0004.params"
2023-11-08 14:59:06,383 [INFO]  Epoch[4] Validation-cross-entropy=18.054623
2023-11-08 14:59:06,383 [INFO]  Epoch[4] Validation-pressure_var25-accuracy=0.000000
2023-11-08 14:59:06,383 [INFO]  
========== done (0.05663275718688965 s) fit model
