2023-11-08 12:42:57,737 [INFO]  
========== start: fit model
2023-11-08 12:42:57,738 [WARNING]  Already bound, ignoring bind()
2023-11-08 12:42:57,916 [INFO]  Epoch[0] Batch [0-4]	Speed: 377.30 samples/sec	cross-entropy=19.706437	total_time14-accuracy=0.000000
2023-11-08 12:42:58,089 [INFO]  Epoch[0] Train-cross-entropy=16.307264
2023-11-08 12:42:58,090 [INFO]  Epoch[0] Train-total_time14-accuracy=0.000000
2023-11-08 12:42:58,090 [INFO]  Epoch[0] Time cost=0.349
2023-11-08 12:42:58,093 [INFO]  Saved checkpoint to "./imputer_model/imputer_model_total_time14/model-0000.params"
2023-11-08 12:42:58,108 [INFO]  Epoch[0] Validation-cross-entropy=10.378583
2023-11-08 12:42:58,108 [INFO]  Epoch[0] Validation-total_time14-accuracy=0.000000
2023-11-08 12:42:58,282 [INFO]  Epoch[1] Batch [0-4]	Speed: 10064.69 samples/sec	cross-entropy=45.291143	total_time14-accuracy=0.000000
2023-11-08 12:42:58,287 [INFO]  Epoch[1] Train-cross-entropy=35.010632
2023-11-08 12:42:58,287 [INFO]  Epoch[1] Train-total_time14-accuracy=0.000000
2023-11-08 12:42:58,287 [INFO]  Epoch[1] Time cost=0.179
2023-11-08 12:42:58,295 [INFO]  Saved checkpoint to "./imputer_model/imputer_model_total_time14/model-0001.params"
2023-11-08 12:42:58,455 [INFO]  Epoch[1] Validation-cross-entropy=27.558752
2023-11-08 12:42:58,455 [INFO]  Epoch[1] Validation-total_time14-accuracy=0.000000
2023-11-08 12:42:58,751 [INFO]  Epoch[2] Batch [0-4]	Speed: 9430.37 samples/sec	cross-entropy=14.269368	total_time14-accuracy=0.000000
2023-11-08 12:42:58,754 [INFO]  Epoch[2] Train-cross-entropy=10.559135
2023-11-08 12:42:58,754 [INFO]  Epoch[2] Train-total_time14-accuracy=0.000000
2023-11-08 12:42:58,755 [INFO]  Epoch[2] Time cost=0.299
2023-11-08 12:42:58,756 [INFO]  Saved checkpoint to "./imputer_model/imputer_model_total_time14/model-0002.params"
2023-11-08 12:42:58,757 [INFO]  Epoch[2] Validation-cross-entropy=3.061934
2023-11-08 12:42:58,757 [INFO]  Epoch[2] Validation-total_time14-accuracy=0.000000
2023-11-08 12:42:58,763 [INFO]  Epoch[3] Batch [0-4]	Speed: 13681.73 samples/sec	cross-entropy=9.635691	total_time14-accuracy=0.000000
2023-11-08 12:42:58,767 [INFO]  Epoch[3] Train-cross-entropy=6.661537
2023-11-08 12:42:58,767 [INFO]  Epoch[3] Train-total_time14-accuracy=0.000000
2023-11-08 12:42:58,767 [INFO]  Epoch[3] Time cost=0.010
2023-11-08 12:42:58,769 [INFO]  Saved checkpoint to "./imputer_model/imputer_model_total_time14/model-0003.params"
2023-11-08 12:42:58,769 [INFO]  Epoch[3] Validation-cross-entropy=4.147921
2023-11-08 12:42:58,769 [INFO]  Epoch[3] Validation-total_time14-accuracy=0.000000
2023-11-08 12:42:59,238 [INFO]  Epoch[4] Batch [0-4]	Speed: 140.60 samples/sec	cross-entropy=3.536709	total_time14-accuracy=0.000000
2023-11-08 12:42:59,243 [INFO]  Epoch[4] Train-cross-entropy=2.477483
2023-11-08 12:42:59,243 [INFO]  Epoch[4] Train-total_time14-accuracy=0.000000
2023-11-08 12:42:59,243 [INFO]  Epoch[4] Time cost=0.474
2023-11-08 12:42:59,247 [INFO]  Saved checkpoint to "./imputer_model/imputer_model_total_time14/model-0004.params"
2023-11-08 12:42:59,248 [INFO]  Epoch[4] Validation-cross-entropy=8.843886
2023-11-08 12:42:59,248 [INFO]  Epoch[4] Validation-total_time14-accuracy=0.000000
2023-11-08 12:42:59,248 [INFO]  
========== done (1.511204481124878 s) fit model
2023-11-08 13:07:15,869 [INFO]  
========== start: fit model
2023-11-08 13:07:15,880 [WARNING]  Already bound, ignoring bind()
2023-11-08 13:07:15,888 [INFO]  Epoch[0] Batch [0-4]	Speed: 13039.71 samples/sec	cross-entropy=10.142424	total_time14-accuracy=0.000000
2023-11-08 13:07:15,891 [INFO]  Epoch[0] Train-cross-entropy=18.924114
2023-11-08 13:07:15,892 [INFO]  Epoch[0] Train-total_time14-accuracy=0.000000
2023-11-08 13:07:15,892 [INFO]  Epoch[0] Time cost=0.010
2023-11-08 13:07:15,893 [INFO]  Saved checkpoint to "./imputer_model/imputer_model_total_time14/model-0000.params"
2023-11-08 13:07:15,894 [INFO]  Epoch[0] Validation-cross-entropy=10.257360
2023-11-08 13:07:15,894 [INFO]  Epoch[0] Validation-total_time14-accuracy=0.000000
2023-11-08 13:07:15,903 [INFO]  Epoch[1] Batch [0-4]	Speed: 8133.67 samples/sec	cross-entropy=44.380348	total_time14-accuracy=0.000000
2023-11-08 13:07:15,907 [INFO]  Epoch[1] Train-cross-entropy=35.308109
2023-11-08 13:07:15,907 [INFO]  Epoch[1] Train-total_time14-accuracy=0.000000
2023-11-08 13:07:15,907 [INFO]  Epoch[1] Time cost=0.013
2023-11-08 13:07:15,908 [INFO]  Saved checkpoint to "./imputer_model/imputer_model_total_time14/model-0001.params"
2023-11-08 13:07:15,909 [INFO]  Epoch[1] Validation-cross-entropy=6.269396
2023-11-08 13:07:15,909 [INFO]  Epoch[1] Validation-total_time14-accuracy=0.000000
2023-11-08 13:07:15,914 [INFO]  Epoch[2] Batch [0-4]	Speed: 14619.08 samples/sec	cross-entropy=8.071877	total_time14-accuracy=0.000000
2023-11-08 13:07:15,918 [INFO]  Epoch[2] Train-cross-entropy=6.916266
2023-11-08 13:07:15,918 [INFO]  Epoch[2] Train-total_time14-accuracy=0.000000
2023-11-08 13:07:15,918 [INFO]  Epoch[2] Time cost=0.009
2023-11-08 13:07:15,919 [INFO]  Saved checkpoint to "./imputer_model/imputer_model_total_time14/model-0002.params"
2023-11-08 13:07:15,920 [INFO]  Epoch[2] Validation-cross-entropy=3.069168
2023-11-08 13:07:15,920 [INFO]  Epoch[2] Validation-total_time14-accuracy=0.000000
2023-11-08 13:07:15,925 [INFO]  Epoch[3] Batch [0-4]	Speed: 14627.04 samples/sec	cross-entropy=5.023269	total_time14-accuracy=0.000000
2023-11-08 13:07:15,929 [INFO]  Epoch[3] Train-cross-entropy=5.827912
2023-11-08 13:07:15,929 [INFO]  Epoch[3] Train-total_time14-accuracy=0.000000
2023-11-08 13:07:15,929 [INFO]  Epoch[3] Time cost=0.009
2023-11-08 13:07:15,930 [INFO]  Saved checkpoint to "./imputer_model/imputer_model_total_time14/model-0003.params"
2023-11-08 13:07:15,931 [INFO]  Epoch[3] Validation-cross-entropy=0.481352
2023-11-08 13:07:15,931 [INFO]  Epoch[3] Validation-total_time14-accuracy=0.000000
2023-11-08 13:07:15,936 [INFO]  Epoch[4] Batch [0-4]	Speed: 14695.10 samples/sec	cross-entropy=1.934940	total_time14-accuracy=0.000000
2023-11-08 13:07:15,940 [INFO]  Epoch[4] Train-cross-entropy=2.859136
2023-11-08 13:07:15,940 [INFO]  Epoch[4] Train-total_time14-accuracy=0.000000
2023-11-08 13:07:15,940 [INFO]  Epoch[4] Time cost=0.009
2023-11-08 13:07:15,941 [INFO]  Saved checkpoint to "./imputer_model/imputer_model_total_time14/model-0004.params"
2023-11-08 13:07:15,942 [INFO]  Epoch[4] Validation-cross-entropy=0.800990
2023-11-08 13:07:15,942 [INFO]  Epoch[4] Validation-total_time14-accuracy=0.000000
2023-11-08 13:07:15,942 [INFO]  
========== done (0.07289743423461914 s) fit model
2023-11-08 13:20:40,744 [INFO]  
========== start: fit model
2023-11-08 13:20:40,744 [WARNING]  Already bound, ignoring bind()
2023-11-08 13:20:40,751 [INFO]  Epoch[0] Batch [0-4]	Speed: 14040.98 samples/sec	cross-entropy=26.240979	total_time14-accuracy=3.200000
2023-11-08 13:20:40,755 [INFO]  Epoch[0] Train-cross-entropy=21.212143
2023-11-08 13:20:40,755 [INFO]  Epoch[0] Train-total_time14-accuracy=3.125000
2023-11-08 13:20:40,755 [INFO]  Epoch[0] Time cost=0.010
2023-11-08 13:20:40,756 [INFO]  Saved checkpoint to "./imputer_model/imputer_model_total_time14/model-0000.params"
2023-11-08 13:20:40,757 [INFO]  Epoch[0] Validation-cross-entropy=4.762260
2023-11-08 13:20:40,757 [INFO]  Epoch[0] Validation-total_time14-accuracy=0.000000
2023-11-08 13:20:40,764 [INFO]  Epoch[1] Batch [0-4]	Speed: 10825.76 samples/sec	cross-entropy=38.116119	total_time14-accuracy=3.200000
2023-11-08 13:20:40,769 [INFO]  Epoch[1] Train-cross-entropy=34.945926
2023-11-08 13:20:40,769 [INFO]  Epoch[1] Train-total_time14-accuracy=3.125000
2023-11-08 13:20:40,769 [INFO]  Epoch[1] Time cost=0.012
2023-11-08 13:20:40,772 [INFO]  Saved checkpoint to "./imputer_model/imputer_model_total_time14/model-0001.params"
2023-11-08 13:20:40,773 [INFO]  Epoch[1] Validation-cross-entropy=10.202456
2023-11-08 13:20:40,773 [INFO]  Epoch[1] Validation-total_time14-accuracy=0.000000
2023-11-08 13:20:40,781 [INFO]  Epoch[2] Batch [0-4]	Speed: 11697.55 samples/sec	cross-entropy=13.935182	total_time14-accuracy=3.200000
2023-11-08 13:20:40,784 [INFO]  Epoch[2] Train-cross-entropy=11.845319
2023-11-08 13:20:40,784 [INFO]  Epoch[2] Train-total_time14-accuracy=3.125000
2023-11-08 13:20:40,784 [INFO]  Epoch[2] Time cost=0.010
2023-11-08 13:20:40,786 [INFO]  Saved checkpoint to "./imputer_model/imputer_model_total_time14/model-0002.params"
2023-11-08 13:20:40,787 [INFO]  Epoch[2] Validation-cross-entropy=4.947030
2023-11-08 13:20:40,787 [INFO]  Epoch[2] Validation-total_time14-accuracy=0.000000
2023-11-08 13:20:40,792 [INFO]  Epoch[3] Batch [0-4]	Speed: 15872.48 samples/sec	cross-entropy=4.493878	total_time14-accuracy=3.200000
2023-11-08 13:20:40,795 [INFO]  Epoch[3] Train-cross-entropy=4.447932
2023-11-08 13:20:40,795 [INFO]  Epoch[3] Train-total_time14-accuracy=3.125000
2023-11-08 13:20:40,795 [INFO]  Epoch[3] Time cost=0.008
2023-11-08 13:20:40,797 [INFO]  Saved checkpoint to "./imputer_model/imputer_model_total_time14/model-0003.params"
2023-11-08 13:20:40,797 [INFO]  Epoch[3] Validation-cross-entropy=6.638620
2023-11-08 13:20:40,797 [INFO]  Epoch[3] Validation-total_time14-accuracy=0.000000
2023-11-08 13:20:40,803 [INFO]  Epoch[4] Batch [0-4]	Speed: 14138.60 samples/sec	cross-entropy=1.495026	total_time14-accuracy=3.200000
2023-11-08 13:20:40,807 [INFO]  Epoch[4] Train-cross-entropy=1.357278
2023-11-08 13:20:40,807 [INFO]  Epoch[4] Train-total_time14-accuracy=3.125000
2023-11-08 13:20:40,807 [INFO]  Epoch[4] Time cost=0.009
2023-11-08 13:20:40,808 [INFO]  Saved checkpoint to "./imputer_model/imputer_model_total_time14/model-0004.params"
2023-11-08 13:20:40,809 [INFO]  Epoch[4] Validation-cross-entropy=3.421650
2023-11-08 13:20:40,809 [INFO]  Epoch[4] Validation-total_time14-accuracy=0.000000
2023-11-08 13:20:40,809 [INFO]  
========== done (0.06441330909729004 s) fit model
2023-11-08 13:34:01,378 [INFO]  
========== start: fit model
2023-11-08 13:34:01,378 [WARNING]  Already bound, ignoring bind()
2023-11-08 13:34:01,385 [INFO]  Epoch[0] Batch [0-4]	Speed: 14377.90 samples/sec	cross-entropy=30.768451	total_time14-accuracy=4.400000
2023-11-08 13:34:01,388 [INFO]  Epoch[0] Train-cross-entropy=28.806971
2023-11-08 13:34:01,388 [INFO]  Epoch[0] Train-total_time14-accuracy=3.625000
2023-11-08 13:34:01,388 [INFO]  Epoch[0] Time cost=0.010
2023-11-08 13:34:01,389 [INFO]  Saved checkpoint to "./imputer_model/imputer_model_total_time14/model-0000.params"
2023-11-08 13:34:01,390 [INFO]  Epoch[0] Validation-cross-entropy=15.404459
2023-11-08 13:34:01,390 [INFO]  Epoch[0] Validation-total_time14-accuracy=0.000000
2023-11-08 13:34:01,396 [INFO]  Epoch[1] Batch [0-4]	Speed: 13117.45 samples/sec	cross-entropy=45.825964	total_time14-accuracy=4.400000
2023-11-08 13:34:01,401 [INFO]  Epoch[1] Train-cross-entropy=38.937289
2023-11-08 13:34:01,401 [INFO]  Epoch[1] Train-total_time14-accuracy=3.625000
2023-11-08 13:34:01,401 [INFO]  Epoch[1] Time cost=0.011
2023-11-08 13:34:01,405 [INFO]  Saved checkpoint to "./imputer_model/imputer_model_total_time14/model-0001.params"
2023-11-08 13:34:01,406 [INFO]  Epoch[1] Validation-cross-entropy=16.128162
2023-11-08 13:34:01,407 [INFO]  Epoch[1] Validation-total_time14-accuracy=0.000000
2023-11-08 13:34:01,415 [INFO]  Epoch[2] Batch [0-4]	Speed: 9384.87 samples/sec	cross-entropy=20.251413	total_time14-accuracy=4.400000
2023-11-08 13:34:01,419 [INFO]  Epoch[2] Train-cross-entropy=13.490799
2023-11-08 13:34:01,419 [INFO]  Epoch[2] Train-total_time14-accuracy=3.625000
2023-11-08 13:34:01,420 [INFO]  Epoch[2] Time cost=0.013
2023-11-08 13:34:01,422 [INFO]  Saved checkpoint to "./imputer_model/imputer_model_total_time14/model-0002.params"
2023-11-08 13:34:01,422 [INFO]  Epoch[2] Validation-cross-entropy=6.512492
2023-11-08 13:34:01,423 [INFO]  Epoch[2] Validation-total_time14-accuracy=0.000000
2023-11-08 13:34:01,429 [INFO]  Epoch[3] Batch [0-4]	Speed: 13103.36 samples/sec	cross-entropy=5.789277	total_time14-accuracy=4.400000
2023-11-08 13:34:01,433 [INFO]  Epoch[3] Train-cross-entropy=4.811340
2023-11-08 13:34:01,433 [INFO]  Epoch[3] Train-total_time14-accuracy=3.625000
2023-11-08 13:34:01,433 [INFO]  Epoch[3] Time cost=0.010
2023-11-08 13:34:01,434 [INFO]  Saved checkpoint to "./imputer_model/imputer_model_total_time14/model-0003.params"
2023-11-08 13:34:01,435 [INFO]  Epoch[3] Validation-cross-entropy=6.544343
2023-11-08 13:34:01,435 [INFO]  Epoch[3] Validation-total_time14-accuracy=0.000000
2023-11-08 13:34:01,441 [INFO]  Epoch[4] Batch [0-4]	Speed: 13872.63 samples/sec	cross-entropy=1.656704	total_time14-accuracy=4.400000
2023-11-08 13:34:01,445 [INFO]  Epoch[4] Train-cross-entropy=1.913884
2023-11-08 13:34:01,445 [INFO]  Epoch[4] Train-total_time14-accuracy=3.625000
2023-11-08 13:34:01,445 [INFO]  Epoch[4] Time cost=0.010
2023-11-08 13:34:01,447 [INFO]  Saved checkpoint to "./imputer_model/imputer_model_total_time14/model-0004.params"
2023-11-08 13:34:01,447 [INFO]  Epoch[4] Validation-cross-entropy=7.021614
2023-11-08 13:34:01,447 [INFO]  Epoch[4] Validation-total_time14-accuracy=0.000000
2023-11-08 13:34:01,447 [INFO]  
========== done (0.06952619552612305 s) fit model
2023-11-08 13:47:20,939 [INFO]  
========== start: fit model
2023-11-08 13:47:20,939 [WARNING]  Already bound, ignoring bind()
2023-11-08 13:47:20,946 [INFO]  Epoch[0] Batch [0-4]	Speed: 13741.26 samples/sec	cross-entropy=22.405247	total_time14-accuracy=3.800000
2023-11-08 13:47:20,950 [INFO]  Epoch[0] Train-cross-entropy=22.538838
2023-11-08 13:47:20,950 [INFO]  Epoch[0] Train-total_time14-accuracy=3.500000
2023-11-08 13:47:20,950 [INFO]  Epoch[0] Time cost=0.010
2023-11-08 13:47:20,951 [INFO]  Saved checkpoint to "./imputer_model/imputer_model_total_time14/model-0000.params"
2023-11-08 13:47:20,952 [INFO]  Epoch[0] Validation-cross-entropy=71.593391
2023-11-08 13:47:20,952 [INFO]  Epoch[0] Validation-total_time14-accuracy=0.000000
2023-11-08 13:47:20,960 [INFO]  Epoch[1] Batch [0-4]	Speed: 10279.76 samples/sec	cross-entropy=70.475055	total_time14-accuracy=3.800000
2023-11-08 13:47:20,965 [INFO]  Epoch[1] Train-cross-entropy=50.856049
2023-11-08 13:47:20,965 [INFO]  Epoch[1] Train-total_time14-accuracy=3.500000
2023-11-08 13:47:20,965 [INFO]  Epoch[1] Time cost=0.013
2023-11-08 13:47:20,968 [INFO]  Saved checkpoint to "./imputer_model/imputer_model_total_time14/model-0001.params"
2023-11-08 13:47:20,969 [INFO]  Epoch[1] Validation-cross-entropy=14.948469
2023-11-08 13:47:20,969 [INFO]  Epoch[1] Validation-total_time14-accuracy=0.000000
2023-11-08 13:47:20,976 [INFO]  Epoch[2] Batch [0-4]	Speed: 11392.24 samples/sec	cross-entropy=7.304502	total_time14-accuracy=3.800000
2023-11-08 13:47:20,981 [INFO]  Epoch[2] Train-cross-entropy=6.795407
2023-11-08 13:47:20,981 [INFO]  Epoch[2] Train-total_time14-accuracy=3.500000
2023-11-08 13:47:20,981 [INFO]  Epoch[2] Time cost=0.012
2023-11-08 13:47:21,006 [INFO]  Saved checkpoint to "./imputer_model/imputer_model_total_time14/model-0002.params"
2023-11-08 13:47:21,007 [INFO]  Epoch[2] Validation-cross-entropy=11.970399
2023-11-08 13:47:21,007 [INFO]  Epoch[2] Validation-total_time14-accuracy=0.000000
2023-11-08 13:47:21,015 [INFO]  Epoch[3] Batch [0-4]	Speed: 10274.25 samples/sec	cross-entropy=3.974137	total_time14-accuracy=3.800000
2023-11-08 13:47:21,020 [INFO]  Epoch[3] Train-cross-entropy=3.336471
2023-11-08 13:47:21,021 [INFO]  Epoch[3] Train-total_time14-accuracy=3.500000
2023-11-08 13:47:21,021 [INFO]  Epoch[3] Time cost=0.013
2023-11-08 13:47:21,038 [INFO]  Saved checkpoint to "./imputer_model/imputer_model_total_time14/model-0003.params"
2023-11-08 13:47:21,039 [INFO]  Epoch[3] Validation-cross-entropy=8.204323
2023-11-08 13:47:21,039 [INFO]  Epoch[3] Validation-total_time14-accuracy=0.000000
2023-11-08 13:47:21,048 [INFO]  Epoch[4] Batch [0-4]	Speed: 9223.00 samples/sec	cross-entropy=1.680986	total_time14-accuracy=3.800000
2023-11-08 13:47:21,053 [INFO]  Epoch[4] Train-cross-entropy=1.334597
2023-11-08 13:47:21,054 [INFO]  Epoch[4] Train-total_time14-accuracy=3.500000
2023-11-08 13:47:21,054 [INFO]  Epoch[4] Time cost=0.014
2023-11-08 13:47:21,056 [INFO]  Saved checkpoint to "./imputer_model/imputer_model_total_time14/model-0004.params"
2023-11-08 13:47:21,057 [INFO]  Epoch[4] Validation-cross-entropy=9.155044
2023-11-08 13:47:21,057 [INFO]  Epoch[4] Validation-total_time14-accuracy=0.000000
2023-11-08 13:47:21,057 [INFO]  
========== done (0.11802148818969727 s) fit model
2023-11-08 14:00:43,908 [INFO]  
========== start: fit model
2023-11-08 14:00:43,908 [WARNING]  Already bound, ignoring bind()
2023-11-08 14:00:43,917 [INFO]  Epoch[0] Batch [0-4]	Speed: 10188.85 samples/sec	cross-entropy=16.482076	total_time14-accuracy=3.000000
2023-11-08 14:00:43,922 [INFO]  Epoch[0] Train-cross-entropy=19.491343
2023-11-08 14:00:43,922 [INFO]  Epoch[0] Train-total_time14-accuracy=2.875000
2023-11-08 14:00:43,922 [INFO]  Epoch[0] Time cost=0.013
2023-11-08 14:00:43,925 [INFO]  Saved checkpoint to "./imputer_model/imputer_model_total_time14/model-0000.params"
2023-11-08 14:00:43,926 [INFO]  Epoch[0] Validation-cross-entropy=210.357590
2023-11-08 14:00:43,926 [INFO]  Epoch[0] Validation-total_time14-accuracy=0.000000
2023-11-08 14:00:43,932 [INFO]  Epoch[1] Batch [0-4]	Speed: 15379.60 samples/sec	cross-entropy=31.697673	total_time14-accuracy=3.000000
2023-11-08 14:00:43,935 [INFO]  Epoch[1] Train-cross-entropy=28.265391
2023-11-08 14:00:43,935 [INFO]  Epoch[1] Train-total_time14-accuracy=2.875000
2023-11-08 14:00:43,935 [INFO]  Epoch[1] Time cost=0.009
2023-11-08 14:00:43,937 [INFO]  Saved checkpoint to "./imputer_model/imputer_model_total_time14/model-0001.params"
2023-11-08 14:00:43,938 [INFO]  Epoch[1] Validation-cross-entropy=198.535568
2023-11-08 14:00:43,938 [INFO]  Epoch[1] Validation-total_time14-accuracy=0.000000
2023-11-08 14:00:43,943 [INFO]  Epoch[2] Batch [0-4]	Speed: 14032.17 samples/sec	cross-entropy=5.328290	total_time14-accuracy=3.000000
2023-11-08 14:00:43,947 [INFO]  Epoch[2] Train-cross-entropy=7.732219
2023-11-08 14:00:43,947 [INFO]  Epoch[2] Train-total_time14-accuracy=2.875000
2023-11-08 14:00:43,947 [INFO]  Epoch[2] Time cost=0.009
2023-11-08 14:00:43,949 [INFO]  Saved checkpoint to "./imputer_model/imputer_model_total_time14/model-0002.params"
2023-11-08 14:00:43,950 [INFO]  Epoch[2] Validation-cross-entropy=209.740524
2023-11-08 14:00:43,950 [INFO]  Epoch[2] Validation-total_time14-accuracy=0.000000
2023-11-08 14:00:43,957 [INFO]  Epoch[3] Batch [0-4]	Speed: 12177.81 samples/sec	cross-entropy=4.111298	total_time14-accuracy=3.000000
2023-11-08 14:00:43,961 [INFO]  Epoch[3] Train-cross-entropy=3.579915
2023-11-08 14:00:43,961 [INFO]  Epoch[3] Train-total_time14-accuracy=2.875000
2023-11-08 14:00:43,961 [INFO]  Epoch[3] Time cost=0.011
2023-11-08 14:00:43,963 [INFO]  Saved checkpoint to "./imputer_model/imputer_model_total_time14/model-0003.params"
2023-11-08 14:00:43,964 [INFO]  Epoch[3] Validation-cross-entropy=241.260254
2023-11-08 14:00:43,964 [INFO]  Epoch[3] Validation-total_time14-accuracy=0.000000
2023-11-08 14:00:43,971 [INFO]  Epoch[4] Batch [0-4]	Speed: 12569.56 samples/sec	cross-entropy=1.789633	total_time14-accuracy=3.000000
2023-11-08 14:00:43,975 [INFO]  Epoch[4] Train-cross-entropy=1.460605
2023-11-08 14:00:43,975 [INFO]  Epoch[4] Train-total_time14-accuracy=2.875000
2023-11-08 14:00:43,975 [INFO]  Epoch[4] Time cost=0.011
2023-11-08 14:00:43,977 [INFO]  Saved checkpoint to "./imputer_model/imputer_model_total_time14/model-0004.params"
2023-11-08 14:00:43,977 [INFO]  Epoch[4] Validation-cross-entropy=210.764404
2023-11-08 14:00:43,978 [INFO]  Epoch[4] Validation-total_time14-accuracy=0.000000
2023-11-08 14:00:43,978 [INFO]  
========== done (0.06930685043334961 s) fit model
2023-11-08 14:14:09,162 [INFO]  
========== start: fit model
2023-11-08 14:14:09,162 [WARNING]  Already bound, ignoring bind()
2023-11-08 14:14:09,170 [INFO]  Epoch[0] Batch [0-4]	Speed: 11498.13 samples/sec	cross-entropy=18.097267	total_time14-accuracy=3.400000
2023-11-08 14:14:09,175 [INFO]  Epoch[0] Train-cross-entropy=17.869096
2023-11-08 14:14:09,175 [INFO]  Epoch[0] Train-total_time14-accuracy=3.250000
2023-11-08 14:14:09,175 [INFO]  Epoch[0] Time cost=0.012
2023-11-08 14:14:09,178 [INFO]  Saved checkpoint to "./imputer_model/imputer_model_total_time14/model-0000.params"
2023-11-08 14:14:09,179 [INFO]  Epoch[0] Validation-cross-entropy=15.452815
2023-11-08 14:14:09,180 [INFO]  Epoch[0] Validation-total_time14-accuracy=0.000000
2023-11-08 14:14:09,187 [INFO]  Epoch[1] Batch [0-4]	Speed: 11399.50 samples/sec	cross-entropy=39.711897	total_time14-accuracy=3.400000
2023-11-08 14:14:09,190 [INFO]  Epoch[1] Train-cross-entropy=40.744205
2023-11-08 14:14:09,191 [INFO]  Epoch[1] Train-total_time14-accuracy=3.250000
2023-11-08 14:14:09,191 [INFO]  Epoch[1] Time cost=0.011
2023-11-08 14:14:09,193 [INFO]  Saved checkpoint to "./imputer_model/imputer_model_total_time14/model-0001.params"
2023-11-08 14:14:09,194 [INFO]  Epoch[1] Validation-cross-entropy=7.632424
2023-11-08 14:14:09,194 [INFO]  Epoch[1] Validation-total_time14-accuracy=0.000000
2023-11-08 14:14:09,199 [INFO]  Epoch[2] Batch [0-4]	Speed: 17429.74 samples/sec	cross-entropy=18.026322	total_time14-accuracy=3.400000
2023-11-08 14:14:09,201 [INFO]  Epoch[2] Train-cross-entropy=18.001795
2023-11-08 14:14:09,202 [INFO]  Epoch[2] Train-total_time14-accuracy=3.250000
2023-11-08 14:14:09,202 [INFO]  Epoch[2] Time cost=0.008
2023-11-08 14:14:09,203 [INFO]  Saved checkpoint to "./imputer_model/imputer_model_total_time14/model-0002.params"
2023-11-08 14:14:09,204 [INFO]  Epoch[2] Validation-cross-entropy=8.736427
2023-11-08 14:14:09,204 [INFO]  Epoch[2] Validation-total_time14-accuracy=0.000000
2023-11-08 14:14:09,209 [INFO]  Epoch[3] Batch [0-4]	Speed: 14131.16 samples/sec	cross-entropy=5.520905	total_time14-accuracy=3.400000
2023-11-08 14:14:09,214 [INFO]  Epoch[3] Train-cross-entropy=5.190785
2023-11-08 14:14:09,214 [INFO]  Epoch[3] Train-total_time14-accuracy=3.250000
2023-11-08 14:14:09,214 [INFO]  Epoch[3] Time cost=0.010
2023-11-08 14:14:09,217 [INFO]  Saved checkpoint to "./imputer_model/imputer_model_total_time14/model-0003.params"
2023-11-08 14:14:09,217 [INFO]  Epoch[3] Validation-cross-entropy=5.606750
2023-11-08 14:14:09,218 [INFO]  Epoch[3] Validation-total_time14-accuracy=0.000000
2023-11-08 14:14:09,224 [INFO]  Epoch[4] Batch [0-4]	Speed: 12180.02 samples/sec	cross-entropy=4.141237	total_time14-accuracy=3.400000
2023-11-08 14:14:09,228 [INFO]  Epoch[4] Train-cross-entropy=3.115081
2023-11-08 14:14:09,228 [INFO]  Epoch[4] Train-total_time14-accuracy=3.250000
2023-11-08 14:14:09,228 [INFO]  Epoch[4] Time cost=0.011
2023-11-08 14:14:09,230 [INFO]  Saved checkpoint to "./imputer_model/imputer_model_total_time14/model-0004.params"
2023-11-08 14:14:09,231 [INFO]  Epoch[4] Validation-cross-entropy=5.977136
2023-11-08 14:14:09,231 [INFO]  Epoch[4] Validation-total_time14-accuracy=0.000000
2023-11-08 14:14:09,231 [INFO]  
========== done (0.06851363182067871 s) fit model
2023-11-08 14:27:45,293 [INFO]  
========== start: fit model
2023-11-08 14:27:45,293 [WARNING]  Already bound, ignoring bind()
2023-11-08 14:27:45,302 [INFO]  Epoch[0] Batch [0-4]	Speed: 10665.32 samples/sec	cross-entropy=23.573786	total_time14-accuracy=2.000000
2023-11-08 14:27:45,307 [INFO]  Epoch[0] Train-cross-entropy=20.559055
2023-11-08 14:27:45,307 [INFO]  Epoch[0] Train-total_time14-accuracy=3.125000
2023-11-08 14:27:45,307 [INFO]  Epoch[0] Time cost=0.013
2023-11-08 14:27:45,309 [INFO]  Saved checkpoint to "./imputer_model/imputer_model_total_time14/model-0000.params"
2023-11-08 14:27:45,310 [INFO]  Epoch[0] Validation-cross-entropy=1212.132812
2023-11-08 14:27:45,310 [INFO]  Epoch[0] Validation-total_time14-accuracy=0.000000
2023-11-08 14:27:45,316 [INFO]  Epoch[1] Batch [0-4]	Speed: 15028.30 samples/sec	cross-entropy=41.831655	total_time14-accuracy=2.000000
2023-11-08 14:27:45,319 [INFO]  Epoch[1] Train-cross-entropy=31.017139
2023-11-08 14:27:45,319 [INFO]  Epoch[1] Train-total_time14-accuracy=3.125000
2023-11-08 14:27:45,319 [INFO]  Epoch[1] Time cost=0.009
2023-11-08 14:27:45,320 [INFO]  Saved checkpoint to "./imputer_model/imputer_model_total_time14/model-0001.params"
2023-11-08 14:27:45,321 [INFO]  Epoch[1] Validation-cross-entropy=343.143402
2023-11-08 14:27:45,321 [INFO]  Epoch[1] Validation-total_time14-accuracy=0.000000
2023-11-08 14:27:45,325 [INFO]  Epoch[2] Batch [0-4]	Speed: 19944.68 samples/sec	cross-entropy=3.663575	total_time14-accuracy=2.000000
2023-11-08 14:27:45,327 [INFO]  Epoch[2] Train-cross-entropy=3.394977
2023-11-08 14:27:45,328 [INFO]  Epoch[2] Train-total_time14-accuracy=3.125000
2023-11-08 14:27:45,328 [INFO]  Epoch[2] Time cost=0.007
2023-11-08 14:27:45,329 [INFO]  Saved checkpoint to "./imputer_model/imputer_model_total_time14/model-0002.params"
2023-11-08 14:27:45,330 [INFO]  Epoch[2] Validation-cross-entropy=324.725037
2023-11-08 14:27:45,330 [INFO]  Epoch[2] Validation-total_time14-accuracy=0.000000
2023-11-08 14:27:45,335 [INFO]  Epoch[3] Batch [0-4]	Speed: 16768.83 samples/sec	cross-entropy=3.249509	total_time14-accuracy=2.000000
2023-11-08 14:27:45,338 [INFO]  Epoch[3] Train-cross-entropy=2.583086
2023-11-08 14:27:45,338 [INFO]  Epoch[3] Train-total_time14-accuracy=3.125000
2023-11-08 14:27:45,338 [INFO]  Epoch[3] Time cost=0.008
2023-11-08 14:27:45,339 [INFO]  Saved checkpoint to "./imputer_model/imputer_model_total_time14/model-0003.params"
2023-11-08 14:27:45,340 [INFO]  Epoch[3] Validation-cross-entropy=225.174240
2023-11-08 14:27:45,340 [INFO]  Epoch[3] Validation-total_time14-accuracy=0.000000
2023-11-08 14:27:45,346 [INFO]  Epoch[4] Batch [0-4]	Speed: 14424.26 samples/sec	cross-entropy=2.413282	total_time14-accuracy=2.000000
2023-11-08 14:27:45,349 [INFO]  Epoch[4] Train-cross-entropy=1.807665
2023-11-08 14:27:45,349 [INFO]  Epoch[4] Train-total_time14-accuracy=3.125000
2023-11-08 14:27:45,349 [INFO]  Epoch[4] Time cost=0.009
2023-11-08 14:27:45,350 [INFO]  Saved checkpoint to "./imputer_model/imputer_model_total_time14/model-0004.params"
2023-11-08 14:27:45,351 [INFO]  Epoch[4] Validation-cross-entropy=209.711960
2023-11-08 14:27:45,351 [INFO]  Epoch[4] Validation-total_time14-accuracy=0.000000
2023-11-08 14:27:45,351 [INFO]  
========== done (0.057738304138183594 s) fit model
2023-11-08 14:41:47,739 [INFO]  
========== start: fit model
2023-11-08 14:41:47,739 [WARNING]  Already bound, ignoring bind()
2023-11-08 14:41:47,747 [INFO]  Epoch[0] Batch [0-4]	Speed: 13735.63 samples/sec	cross-entropy=29.394140	total_time14-accuracy=0.000000
2023-11-08 14:41:47,752 [INFO]  Epoch[0] Train-cross-entropy=22.872105
2023-11-08 14:41:47,752 [INFO]  Epoch[0] Train-total_time14-accuracy=0.000000
2023-11-08 14:41:47,752 [INFO]  Epoch[0] Time cost=0.012
2023-11-08 14:41:47,756 [INFO]  Saved checkpoint to "./imputer_model/imputer_model_total_time14/model-0000.params"
2023-11-08 14:41:47,757 [INFO]  Epoch[0] Validation-cross-entropy=76.022560
2023-11-08 14:41:47,757 [INFO]  Epoch[0] Validation-total_time14-accuracy=0.000000
2023-11-08 14:41:47,765 [INFO]  Epoch[1] Batch [0-4]	Speed: 10156.08 samples/sec	cross-entropy=32.956126	total_time14-accuracy=0.000000
2023-11-08 14:41:47,769 [INFO]  Epoch[1] Train-cross-entropy=30.624051
2023-11-08 14:41:47,770 [INFO]  Epoch[1] Train-total_time14-accuracy=0.000000
2023-11-08 14:41:47,770 [INFO]  Epoch[1] Time cost=0.013
2023-11-08 14:41:47,772 [INFO]  Saved checkpoint to "./imputer_model/imputer_model_total_time14/model-0001.params"
2023-11-08 14:41:47,773 [INFO]  Epoch[1] Validation-cross-entropy=8.048740
2023-11-08 14:41:47,773 [INFO]  Epoch[1] Validation-total_time14-accuracy=0.000000
2023-11-08 14:41:47,780 [INFO]  Epoch[2] Batch [0-4]	Speed: 13249.53 samples/sec	cross-entropy=4.672212	total_time14-accuracy=0.000000
2023-11-08 14:41:47,783 [INFO]  Epoch[2] Train-cross-entropy=5.469855
2023-11-08 14:41:47,783 [INFO]  Epoch[2] Train-total_time14-accuracy=0.000000
2023-11-08 14:41:47,784 [INFO]  Epoch[2] Time cost=0.010
2023-11-08 14:41:47,786 [INFO]  Saved checkpoint to "./imputer_model/imputer_model_total_time14/model-0002.params"
2023-11-08 14:41:47,787 [INFO]  Epoch[2] Validation-cross-entropy=7.448496
2023-11-08 14:41:47,787 [INFO]  Epoch[2] Validation-total_time14-accuracy=0.000000
2023-11-08 14:41:47,795 [INFO]  Epoch[3] Batch [0-4]	Speed: 10974.92 samples/sec	cross-entropy=3.867500	total_time14-accuracy=0.000000
2023-11-08 14:41:47,799 [INFO]  Epoch[3] Train-cross-entropy=3.156933
2023-11-08 14:41:47,799 [INFO]  Epoch[3] Train-total_time14-accuracy=0.000000
2023-11-08 14:41:47,799 [INFO]  Epoch[3] Time cost=0.012
2023-11-08 14:41:47,801 [INFO]  Saved checkpoint to "./imputer_model/imputer_model_total_time14/model-0003.params"
2023-11-08 14:41:47,802 [INFO]  Epoch[3] Validation-cross-entropy=5.941739
2023-11-08 14:41:47,802 [INFO]  Epoch[3] Validation-total_time14-accuracy=0.000000
2023-11-08 14:41:47,809 [INFO]  Epoch[4] Batch [0-4]	Speed: 12597.87 samples/sec	cross-entropy=1.583880	total_time14-accuracy=0.000000
2023-11-08 14:41:47,812 [INFO]  Epoch[4] Train-cross-entropy=1.231192
2023-11-08 14:41:47,813 [INFO]  Epoch[4] Train-total_time14-accuracy=0.000000
2023-11-08 14:41:47,813 [INFO]  Epoch[4] Time cost=0.010
2023-11-08 14:41:47,815 [INFO]  Saved checkpoint to "./imputer_model/imputer_model_total_time14/model-0004.params"
2023-11-08 14:41:47,815 [INFO]  Epoch[4] Validation-cross-entropy=11.452560
2023-11-08 14:41:47,815 [INFO]  Epoch[4] Validation-total_time14-accuracy=0.000000
2023-11-08 14:41:47,815 [INFO]  
========== done (0.07643842697143555 s) fit model
2023-11-08 14:55:52,514 [INFO]  
========== start: fit model
2023-11-08 14:55:52,514 [WARNING]  Already bound, ignoring bind()
2023-11-08 14:55:52,521 [INFO]  Epoch[0] Batch [0-4]	Speed: 14125.95 samples/sec	cross-entropy=14.304792	total_time14-accuracy=3.800000
2023-11-08 14:55:52,525 [INFO]  Epoch[0] Train-cross-entropy=22.387624
2023-11-08 14:55:52,525 [INFO]  Epoch[0] Train-total_time14-accuracy=3.625000
2023-11-08 14:55:52,525 [INFO]  Epoch[0] Time cost=0.010
2023-11-08 14:55:52,527 [INFO]  Saved checkpoint to "./imputer_model/imputer_model_total_time14/model-0000.params"
2023-11-08 14:55:52,527 [INFO]  Epoch[0] Validation-cross-entropy=18.605562
2023-11-08 14:55:52,528 [INFO]  Epoch[0] Validation-total_time14-accuracy=0.000000
2023-11-08 14:55:52,533 [INFO]  Epoch[1] Batch [0-4]	Speed: 14040.25 samples/sec	cross-entropy=50.859576	total_time14-accuracy=3.800000
2023-11-08 14:55:52,538 [INFO]  Epoch[1] Train-cross-entropy=44.140596
2023-11-08 14:55:52,539 [INFO]  Epoch[1] Train-total_time14-accuracy=3.625000
2023-11-08 14:55:52,539 [INFO]  Epoch[1] Time cost=0.011
2023-11-08 14:55:52,542 [INFO]  Saved checkpoint to "./imputer_model/imputer_model_total_time14/model-0001.params"
2023-11-08 14:55:52,543 [INFO]  Epoch[1] Validation-cross-entropy=9.054314
2023-11-08 14:55:52,543 [INFO]  Epoch[1] Validation-total_time14-accuracy=0.000000
2023-11-08 14:55:52,551 [INFO]  Epoch[2] Batch [0-4]	Speed: 11534.20 samples/sec	cross-entropy=8.392566	total_time14-accuracy=3.800000
2023-11-08 14:55:52,555 [INFO]  Epoch[2] Train-cross-entropy=8.903871
2023-11-08 14:55:52,555 [INFO]  Epoch[2] Train-total_time14-accuracy=3.625000
2023-11-08 14:55:52,555 [INFO]  Epoch[2] Time cost=0.012
2023-11-08 14:55:52,558 [INFO]  Saved checkpoint to "./imputer_model/imputer_model_total_time14/model-0002.params"
2023-11-08 14:55:52,558 [INFO]  Epoch[2] Validation-cross-entropy=10.450138
2023-11-08 14:55:52,558 [INFO]  Epoch[2] Validation-total_time14-accuracy=0.000000
2023-11-08 14:55:52,565 [INFO]  Epoch[3] Batch [0-4]	Speed: 12966.64 samples/sec	cross-entropy=4.653211	total_time14-accuracy=3.800000
2023-11-08 14:55:52,569 [INFO]  Epoch[3] Train-cross-entropy=3.778354
2023-11-08 14:55:52,569 [INFO]  Epoch[3] Train-total_time14-accuracy=3.625000
2023-11-08 14:55:52,569 [INFO]  Epoch[3] Time cost=0.010
2023-11-08 14:55:52,570 [INFO]  Saved checkpoint to "./imputer_model/imputer_model_total_time14/model-0003.params"
2023-11-08 14:55:52,571 [INFO]  Epoch[3] Validation-cross-entropy=4.455126
2023-11-08 14:55:52,571 [INFO]  Epoch[3] Validation-total_time14-accuracy=0.000000
2023-11-08 14:55:52,577 [INFO]  Epoch[4] Batch [0-4]	Speed: 13651.11 samples/sec	cross-entropy=1.825045	total_time14-accuracy=3.800000
2023-11-08 14:55:52,581 [INFO]  Epoch[4] Train-cross-entropy=1.427761
2023-11-08 14:55:52,581 [INFO]  Epoch[4] Train-total_time14-accuracy=3.625000
2023-11-08 14:55:52,581 [INFO]  Epoch[4] Time cost=0.010
2023-11-08 14:55:52,583 [INFO]  Saved checkpoint to "./imputer_model/imputer_model_total_time14/model-0004.params"
2023-11-08 14:55:52,583 [INFO]  Epoch[4] Validation-cross-entropy=7.841820
2023-11-08 14:55:52,584 [INFO]  Epoch[4] Validation-total_time14-accuracy=0.000000
2023-11-08 14:55:52,584 [INFO]  
========== done (0.06940150260925293 s) fit model
