2023-11-08 12:46:51,142 [INFO]  
========== start: fit model
2023-11-08 12:46:51,143 [WARNING]  Already bound, ignoring bind()
2023-11-08 12:46:51,153 [INFO]  Epoch[0] Batch [0-4]	Speed: 8230.18 samples/sec	cross-entropy=12.316535	max_x_extension18-accuracy=0.000000
2023-11-08 12:46:51,172 [INFO]  Epoch[0] Train-cross-entropy=17.569819
2023-11-08 12:46:51,172 [INFO]  Epoch[0] Train-max_x_extension18-accuracy=0.000000
2023-11-08 12:46:51,173 [INFO]  Epoch[0] Time cost=0.029
2023-11-08 12:46:51,174 [INFO]  Saved checkpoint to "./imputer_model/imputer_model_max_x_extension18/model-0000.params"
2023-11-08 12:46:51,177 [INFO]  Epoch[0] Validation-cross-entropy=18.185516
2023-11-08 12:46:51,177 [INFO]  Epoch[0] Validation-max_x_extension18-accuracy=0.000000
2023-11-08 12:46:51,203 [INFO]  Epoch[1] Batch [0-4]	Speed: 3554.49 samples/sec	cross-entropy=48.486486	max_x_extension18-accuracy=0.000000
2023-11-08 12:46:51,262 [INFO]  Epoch[1] Train-cross-entropy=36.004384
2023-11-08 12:46:51,262 [INFO]  Epoch[1] Train-max_x_extension18-accuracy=0.000000
2023-11-08 12:46:51,263 [INFO]  Epoch[1] Time cost=0.085
2023-11-08 12:46:51,266 [INFO]  Saved checkpoint to "./imputer_model/imputer_model_max_x_extension18/model-0001.params"
2023-11-08 12:46:51,267 [INFO]  Epoch[1] Validation-cross-entropy=20.990202
2023-11-08 12:46:51,267 [INFO]  Epoch[1] Validation-max_x_extension18-accuracy=0.000000
2023-11-08 12:46:51,316 [INFO]  Epoch[2] Batch [0-4]	Speed: 1733.84 samples/sec	cross-entropy=4.837993	max_x_extension18-accuracy=0.000000
2023-11-08 12:46:51,372 [INFO]  Epoch[2] Train-cross-entropy=4.871001
2023-11-08 12:46:51,372 [INFO]  Epoch[2] Train-max_x_extension18-accuracy=0.000000
2023-11-08 12:46:51,372 [INFO]  Epoch[2] Time cost=0.105
2023-11-08 12:46:51,375 [INFO]  Saved checkpoint to "./imputer_model/imputer_model_max_x_extension18/model-0002.params"
2023-11-08 12:46:51,376 [INFO]  Epoch[2] Validation-cross-entropy=19.349367
2023-11-08 12:46:51,376 [INFO]  Epoch[2] Validation-max_x_extension18-accuracy=0.000000
2023-11-08 12:46:51,395 [INFO]  Epoch[3] Batch [0-4]	Speed: 5798.12 samples/sec	cross-entropy=4.348661	max_x_extension18-accuracy=0.000000
2023-11-08 12:46:51,472 [INFO]  Epoch[3] Train-cross-entropy=3.216931
2023-11-08 12:46:51,472 [INFO]  Epoch[3] Train-max_x_extension18-accuracy=0.000000
2023-11-08 12:46:51,473 [INFO]  Epoch[3] Time cost=0.096
2023-11-08 12:46:51,476 [INFO]  Saved checkpoint to "./imputer_model/imputer_model_max_x_extension18/model-0003.params"
2023-11-08 12:46:51,492 [INFO]  Epoch[3] Validation-cross-entropy=19.686543
2023-11-08 12:46:51,492 [INFO]  Epoch[3] Validation-max_x_extension18-accuracy=0.000000
2023-11-08 12:46:51,597 [INFO]  Epoch[4] Batch [0-4]	Speed: 801.09 samples/sec	cross-entropy=1.971046	max_x_extension18-accuracy=0.000000
2023-11-08 12:46:51,712 [INFO]  Epoch[4] Train-cross-entropy=1.553994
2023-11-08 12:46:51,712 [INFO]  Epoch[4] Train-max_x_extension18-accuracy=0.000000
2023-11-08 12:46:51,713 [INFO]  Epoch[4] Time cost=0.220
2023-11-08 12:46:51,716 [INFO]  Saved checkpoint to "./imputer_model/imputer_model_max_x_extension18/model-0004.params"
2023-11-08 12:46:51,717 [INFO]  Epoch[4] Validation-cross-entropy=21.123402
2023-11-08 12:46:51,717 [INFO]  Epoch[4] Validation-max_x_extension18-accuracy=0.000000
2023-11-08 12:46:51,718 [INFO]  
========== done (0.5755434036254883 s) fit model
2023-11-08 13:08:10,794 [INFO]  
========== start: fit model
2023-11-08 13:08:10,811 [WARNING]  Already bound, ignoring bind()
2023-11-08 13:08:10,819 [INFO]  Epoch[0] Batch [0-4]	Speed: 12375.43 samples/sec	cross-entropy=26.059845	max_x_extension18-accuracy=0.000000
2023-11-08 13:08:10,823 [INFO]  Epoch[0] Train-cross-entropy=22.041181
2023-11-08 13:08:10,824 [INFO]  Epoch[0] Train-max_x_extension18-accuracy=0.000000
2023-11-08 13:08:10,824 [INFO]  Epoch[0] Time cost=0.011
2023-11-08 13:08:10,834 [INFO]  Saved checkpoint to "./imputer_model/imputer_model_max_x_extension18/model-0000.params"
2023-11-08 13:08:10,835 [INFO]  Epoch[0] Validation-cross-entropy=7.308595
2023-11-08 13:08:10,835 [INFO]  Epoch[0] Validation-max_x_extension18-accuracy=0.000000
2023-11-08 13:08:10,841 [INFO]  Epoch[1] Batch [0-4]	Speed: 12609.12 samples/sec	cross-entropy=37.480371	max_x_extension18-accuracy=0.000000
2023-11-08 13:08:10,845 [INFO]  Epoch[1] Train-cross-entropy=35.187039
2023-11-08 13:08:10,845 [INFO]  Epoch[1] Train-max_x_extension18-accuracy=0.000000
2023-11-08 13:08:10,845 [INFO]  Epoch[1] Time cost=0.010
2023-11-08 13:08:10,847 [INFO]  Saved checkpoint to "./imputer_model/imputer_model_max_x_extension18/model-0001.params"
2023-11-08 13:08:10,848 [INFO]  Epoch[1] Validation-cross-entropy=19.949127
2023-11-08 13:08:10,848 [INFO]  Epoch[1] Validation-max_x_extension18-accuracy=0.000000
2023-11-08 13:08:10,854 [INFO]  Epoch[2] Batch [0-4]	Speed: 13681.73 samples/sec	cross-entropy=4.020396	max_x_extension18-accuracy=0.000000
2023-11-08 13:08:10,857 [INFO]  Epoch[2] Train-cross-entropy=3.685681
2023-11-08 13:08:10,857 [INFO]  Epoch[2] Train-max_x_extension18-accuracy=0.000000
2023-11-08 13:08:10,857 [INFO]  Epoch[2] Time cost=0.009
2023-11-08 13:08:10,858 [INFO]  Saved checkpoint to "./imputer_model/imputer_model_max_x_extension18/model-0002.params"
2023-11-08 13:08:10,859 [INFO]  Epoch[2] Validation-cross-entropy=5.977603
2023-11-08 13:08:10,859 [INFO]  Epoch[2] Validation-max_x_extension18-accuracy=0.000000
2023-11-08 13:08:10,865 [INFO]  Epoch[3] Batch [0-4]	Speed: 14345.63 samples/sec	cross-entropy=2.316448	max_x_extension18-accuracy=0.000000
2023-11-08 13:08:10,868 [INFO]  Epoch[3] Train-cross-entropy=2.273298
2023-11-08 13:08:10,868 [INFO]  Epoch[3] Train-max_x_extension18-accuracy=0.000000
2023-11-08 13:08:10,868 [INFO]  Epoch[3] Time cost=0.009
2023-11-08 13:08:10,869 [INFO]  Saved checkpoint to "./imputer_model/imputer_model_max_x_extension18/model-0003.params"
2023-11-08 13:08:10,870 [INFO]  Epoch[3] Validation-cross-entropy=15.703040
2023-11-08 13:08:10,870 [INFO]  Epoch[3] Validation-max_x_extension18-accuracy=0.000000
2023-11-08 13:08:10,876 [INFO]  Epoch[4] Batch [0-4]	Speed: 14271.65 samples/sec	cross-entropy=1.147203	max_x_extension18-accuracy=0.000000
2023-11-08 13:08:10,879 [INFO]  Epoch[4] Train-cross-entropy=1.159079
2023-11-08 13:08:10,879 [INFO]  Epoch[4] Train-max_x_extension18-accuracy=0.000000
2023-11-08 13:08:10,879 [INFO]  Epoch[4] Time cost=0.009
2023-11-08 13:08:10,880 [INFO]  Saved checkpoint to "./imputer_model/imputer_model_max_x_extension18/model-0004.params"
2023-11-08 13:08:10,880 [INFO]  Epoch[4] Validation-cross-entropy=9.513253
2023-11-08 13:08:10,880 [INFO]  Epoch[4] Validation-max_x_extension18-accuracy=0.000000
2023-11-08 13:08:10,881 [INFO]  
========== done (0.08655333518981934 s) fit model
2023-11-08 13:21:34,542 [INFO]  
========== start: fit model
2023-11-08 13:21:34,543 [WARNING]  Already bound, ignoring bind()
2023-11-08 13:21:34,551 [INFO]  Epoch[0] Batch [0-4]	Speed: 12085.70 samples/sec	cross-entropy=29.793577	max_x_extension18-accuracy=0.000000
2023-11-08 13:21:34,554 [INFO]  Epoch[0] Train-cross-entropy=30.936056
2023-11-08 13:21:34,554 [INFO]  Epoch[0] Train-max_x_extension18-accuracy=0.000000
2023-11-08 13:21:34,554 [INFO]  Epoch[0] Time cost=0.011
2023-11-08 13:21:34,556 [INFO]  Saved checkpoint to "./imputer_model/imputer_model_max_x_extension18/model-0000.params"
2023-11-08 13:21:34,556 [INFO]  Epoch[0] Validation-cross-entropy=9.843907
2023-11-08 13:21:34,556 [INFO]  Epoch[0] Validation-max_x_extension18-accuracy=0.000000
2023-11-08 13:21:34,562 [INFO]  Epoch[1] Batch [0-4]	Speed: 14696.71 samples/sec	cross-entropy=34.360368	max_x_extension18-accuracy=0.000000
2023-11-08 13:21:34,565 [INFO]  Epoch[1] Train-cross-entropy=39.602738
2023-11-08 13:21:34,565 [INFO]  Epoch[1] Train-max_x_extension18-accuracy=0.000000
2023-11-08 13:21:34,565 [INFO]  Epoch[1] Time cost=0.009
2023-11-08 13:21:34,567 [INFO]  Saved checkpoint to "./imputer_model/imputer_model_max_x_extension18/model-0001.params"
2023-11-08 13:21:34,567 [INFO]  Epoch[1] Validation-cross-entropy=14.815389
2023-11-08 13:21:34,567 [INFO]  Epoch[1] Validation-max_x_extension18-accuracy=0.000000
2023-11-08 13:21:34,572 [INFO]  Epoch[2] Batch [0-4]	Speed: 16381.00 samples/sec	cross-entropy=7.279508	max_x_extension18-accuracy=0.000000
2023-11-08 13:21:34,575 [INFO]  Epoch[2] Train-cross-entropy=6.123400
2023-11-08 13:21:34,575 [INFO]  Epoch[2] Train-max_x_extension18-accuracy=0.000000
2023-11-08 13:21:34,575 [INFO]  Epoch[2] Time cost=0.008
2023-11-08 13:21:34,577 [INFO]  Saved checkpoint to "./imputer_model/imputer_model_max_x_extension18/model-0002.params"
2023-11-08 13:21:34,577 [INFO]  Epoch[2] Validation-cross-entropy=2.645843
2023-11-08 13:21:34,577 [INFO]  Epoch[2] Validation-max_x_extension18-accuracy=0.000000
2023-11-08 13:21:34,582 [INFO]  Epoch[3] Batch [0-4]	Speed: 16281.64 samples/sec	cross-entropy=4.679815	max_x_extension18-accuracy=0.000000
2023-11-08 13:21:34,585 [INFO]  Epoch[3] Train-cross-entropy=4.031885
2023-11-08 13:21:34,585 [INFO]  Epoch[3] Train-max_x_extension18-accuracy=0.000000
2023-11-08 13:21:34,585 [INFO]  Epoch[3] Time cost=0.008
2023-11-08 13:21:34,587 [INFO]  Saved checkpoint to "./imputer_model/imputer_model_max_x_extension18/model-0003.params"
2023-11-08 13:21:34,587 [INFO]  Epoch[3] Validation-cross-entropy=2.943640
2023-11-08 13:21:34,587 [INFO]  Epoch[3] Validation-max_x_extension18-accuracy=0.000000
2023-11-08 13:21:34,592 [INFO]  Epoch[4] Batch [0-4]	Speed: 17377.84 samples/sec	cross-entropy=1.642154	max_x_extension18-accuracy=0.000000
2023-11-08 13:21:34,595 [INFO]  Epoch[4] Train-cross-entropy=1.464164
2023-11-08 13:21:34,595 [INFO]  Epoch[4] Train-max_x_extension18-accuracy=0.000000
2023-11-08 13:21:34,595 [INFO]  Epoch[4] Time cost=0.008
2023-11-08 13:21:34,596 [INFO]  Saved checkpoint to "./imputer_model/imputer_model_max_x_extension18/model-0004.params"
2023-11-08 13:21:34,596 [INFO]  Epoch[4] Validation-cross-entropy=2.669850
2023-11-08 13:21:34,596 [INFO]  Epoch[4] Validation-max_x_extension18-accuracy=0.000000
2023-11-08 13:21:34,596 [INFO]  
========== done (0.05414724349975586 s) fit model
2023-11-08 13:34:55,194 [INFO]  
========== start: fit model
2023-11-08 13:34:55,194 [WARNING]  Already bound, ignoring bind()
2023-11-08 13:34:55,203 [INFO]  Epoch[0] Batch [0-4]	Speed: 10707.44 samples/sec	cross-entropy=21.196392	max_x_extension18-accuracy=0.000000
2023-11-08 13:34:55,207 [INFO]  Epoch[0] Train-cross-entropy=20.228433
2023-11-08 13:34:55,207 [INFO]  Epoch[0] Train-max_x_extension18-accuracy=0.000000
2023-11-08 13:34:55,207 [INFO]  Epoch[0] Time cost=0.013
2023-11-08 13:34:55,210 [INFO]  Saved checkpoint to "./imputer_model/imputer_model_max_x_extension18/model-0000.params"
2023-11-08 13:34:55,211 [INFO]  Epoch[0] Validation-cross-entropy=2.380552
2023-11-08 13:34:55,211 [INFO]  Epoch[0] Validation-max_x_extension18-accuracy=0.000000
2023-11-08 13:34:55,216 [INFO]  Epoch[1] Batch [0-4]	Speed: 15127.39 samples/sec	cross-entropy=40.013733	max_x_extension18-accuracy=0.000000
2023-11-08 13:34:55,220 [INFO]  Epoch[1] Train-cross-entropy=35.702617
2023-11-08 13:34:55,220 [INFO]  Epoch[1] Train-max_x_extension18-accuracy=0.000000
2023-11-08 13:34:55,220 [INFO]  Epoch[1] Time cost=0.009
2023-11-08 13:34:55,221 [INFO]  Saved checkpoint to "./imputer_model/imputer_model_max_x_extension18/model-0001.params"
2023-11-08 13:34:55,222 [INFO]  Epoch[1] Validation-cross-entropy=10.918536
2023-11-08 13:34:55,222 [INFO]  Epoch[1] Validation-max_x_extension18-accuracy=0.000000
2023-11-08 13:34:55,226 [INFO]  Epoch[2] Batch [0-4]	Speed: 20776.74 samples/sec	cross-entropy=14.913831	max_x_extension18-accuracy=0.000000
2023-11-08 13:34:55,228 [INFO]  Epoch[2] Train-cross-entropy=11.260187
2023-11-08 13:34:55,228 [INFO]  Epoch[2] Train-max_x_extension18-accuracy=0.000000
2023-11-08 13:34:55,229 [INFO]  Epoch[2] Time cost=0.007
2023-11-08 13:34:55,230 [INFO]  Saved checkpoint to "./imputer_model/imputer_model_max_x_extension18/model-0002.params"
2023-11-08 13:34:55,230 [INFO]  Epoch[2] Validation-cross-entropy=2.444038
2023-11-08 13:34:55,230 [INFO]  Epoch[2] Validation-max_x_extension18-accuracy=0.000000
2023-11-08 13:34:55,236 [INFO]  Epoch[3] Batch [0-4]	Speed: 15252.88 samples/sec	cross-entropy=9.147182	max_x_extension18-accuracy=0.000000
2023-11-08 13:34:55,239 [INFO]  Epoch[3] Train-cross-entropy=6.585564
2023-11-08 13:34:55,239 [INFO]  Epoch[3] Train-max_x_extension18-accuracy=0.000000
2023-11-08 13:34:55,239 [INFO]  Epoch[3] Time cost=0.008
2023-11-08 13:34:55,241 [INFO]  Saved checkpoint to "./imputer_model/imputer_model_max_x_extension18/model-0003.params"
2023-11-08 13:34:55,241 [INFO]  Epoch[3] Validation-cross-entropy=3.101673
2023-11-08 13:34:55,242 [INFO]  Epoch[3] Validation-max_x_extension18-accuracy=0.000000
2023-11-08 13:34:55,246 [INFO]  Epoch[4] Batch [0-4]	Speed: 18342.02 samples/sec	cross-entropy=4.217954	max_x_extension18-accuracy=0.000000
2023-11-08 13:34:55,248 [INFO]  Epoch[4] Train-cross-entropy=2.968491
2023-11-08 13:34:55,249 [INFO]  Epoch[4] Train-max_x_extension18-accuracy=0.000000
2023-11-08 13:34:55,249 [INFO]  Epoch[4] Time cost=0.007
2023-11-08 13:34:55,250 [INFO]  Saved checkpoint to "./imputer_model/imputer_model_max_x_extension18/model-0004.params"
2023-11-08 13:34:55,251 [INFO]  Epoch[4] Validation-cross-entropy=2.971657
2023-11-08 13:34:55,251 [INFO]  Epoch[4] Validation-max_x_extension18-accuracy=0.000000
2023-11-08 13:34:55,251 [INFO]  
========== done (0.05732226371765137 s) fit model
2023-11-08 13:48:14,945 [INFO]  
========== start: fit model
2023-11-08 13:48:14,945 [WARNING]  Already bound, ignoring bind()
2023-11-08 13:48:14,952 [INFO]  Epoch[0] Batch [0-4]	Speed: 12659.66 samples/sec	cross-entropy=8.245363	max_x_extension18-accuracy=2.200000
2023-11-08 13:48:14,957 [INFO]  Epoch[0] Train-cross-entropy=14.584738
2023-11-08 13:48:14,957 [INFO]  Epoch[0] Train-max_x_extension18-accuracy=2.375000
2023-11-08 13:48:14,957 [INFO]  Epoch[0] Time cost=0.012
2023-11-08 13:48:14,961 [INFO]  Saved checkpoint to "./imputer_model/imputer_model_max_x_extension18/model-0000.params"
2023-11-08 13:48:14,962 [INFO]  Epoch[0] Validation-cross-entropy=4.107995
2023-11-08 13:48:14,962 [INFO]  Epoch[0] Validation-max_x_extension18-accuracy=0.000000
2023-11-08 13:48:14,969 [INFO]  Epoch[1] Batch [0-4]	Speed: 10876.20 samples/sec	cross-entropy=62.949072	max_x_extension18-accuracy=2.200000
2023-11-08 13:48:14,973 [INFO]  Epoch[1] Train-cross-entropy=47.964813
2023-11-08 13:48:14,973 [INFO]  Epoch[1] Train-max_x_extension18-accuracy=2.375000
2023-11-08 13:48:14,973 [INFO]  Epoch[1] Time cost=0.011
2023-11-08 13:48:14,976 [INFO]  Saved checkpoint to "./imputer_model/imputer_model_max_x_extension18/model-0001.params"
2023-11-08 13:48:14,976 [INFO]  Epoch[1] Validation-cross-entropy=8.480901
2023-11-08 13:48:14,976 [INFO]  Epoch[1] Validation-max_x_extension18-accuracy=0.000000
2023-11-08 13:48:14,982 [INFO]  Epoch[2] Batch [0-4]	Speed: 16381.00 samples/sec	cross-entropy=7.013409	max_x_extension18-accuracy=2.200000
2023-11-08 13:48:14,984 [INFO]  Epoch[2] Train-cross-entropy=7.062952
2023-11-08 13:48:14,985 [INFO]  Epoch[2] Train-max_x_extension18-accuracy=2.375000
2023-11-08 13:48:14,985 [INFO]  Epoch[2] Time cost=0.008
2023-11-08 13:48:14,986 [INFO]  Saved checkpoint to "./imputer_model/imputer_model_max_x_extension18/model-0002.params"
2023-11-08 13:48:14,987 [INFO]  Epoch[2] Validation-cross-entropy=4.118791
2023-11-08 13:48:14,987 [INFO]  Epoch[2] Validation-max_x_extension18-accuracy=0.000000
2023-11-08 13:48:14,992 [INFO]  Epoch[3] Batch [0-4]	Speed: 15213.98 samples/sec	cross-entropy=3.906907	max_x_extension18-accuracy=2.200000
2023-11-08 13:48:14,996 [INFO]  Epoch[3] Train-cross-entropy=3.491568
2023-11-08 13:48:14,997 [INFO]  Epoch[3] Train-max_x_extension18-accuracy=2.375000
2023-11-08 13:48:14,997 [INFO]  Epoch[3] Time cost=0.010
2023-11-08 13:48:14,999 [INFO]  Saved checkpoint to "./imputer_model/imputer_model_max_x_extension18/model-0003.params"
2023-11-08 13:48:15,000 [INFO]  Epoch[3] Validation-cross-entropy=2.789888
2023-11-08 13:48:15,000 [INFO]  Epoch[3] Validation-max_x_extension18-accuracy=0.000000
2023-11-08 13:48:15,007 [INFO]  Epoch[4] Batch [0-4]	Speed: 12625.13 samples/sec	cross-entropy=1.769093	max_x_extension18-accuracy=2.200000
2023-11-08 13:48:15,011 [INFO]  Epoch[4] Train-cross-entropy=1.744542
2023-11-08 13:48:15,011 [INFO]  Epoch[4] Train-max_x_extension18-accuracy=2.375000
2023-11-08 13:48:15,011 [INFO]  Epoch[4] Time cost=0.011
2023-11-08 13:48:15,012 [INFO]  Saved checkpoint to "./imputer_model/imputer_model_max_x_extension18/model-0004.params"
2023-11-08 13:48:15,013 [INFO]  Epoch[4] Validation-cross-entropy=2.532786
2023-11-08 13:48:15,013 [INFO]  Epoch[4] Validation-max_x_extension18-accuracy=0.000000
2023-11-08 13:48:15,013 [INFO]  
========== done (0.0683441162109375 s) fit model
2023-11-08 14:01:38,018 [INFO]  
========== start: fit model
2023-11-08 14:01:38,018 [WARNING]  Already bound, ignoring bind()
2023-11-08 14:01:38,025 [INFO]  Epoch[0] Batch [0-4]	Speed: 14050.53 samples/sec	cross-entropy=17.759175	max_x_extension18-accuracy=0.000000
2023-11-08 14:01:38,028 [INFO]  Epoch[0] Train-cross-entropy=24.804938
2023-11-08 14:01:38,028 [INFO]  Epoch[0] Train-max_x_extension18-accuracy=0.000000
2023-11-08 14:01:38,028 [INFO]  Epoch[0] Time cost=0.010
2023-11-08 14:01:38,029 [INFO]  Saved checkpoint to "./imputer_model/imputer_model_max_x_extension18/model-0000.params"
2023-11-08 14:01:38,030 [INFO]  Epoch[0] Validation-cross-entropy=9.039942
2023-11-08 14:01:38,030 [INFO]  Epoch[0] Validation-max_x_extension18-accuracy=0.000000
2023-11-08 14:01:38,036 [INFO]  Epoch[1] Batch [0-4]	Speed: 11808.70 samples/sec	cross-entropy=43.448354	max_x_extension18-accuracy=0.000000
2023-11-08 14:01:38,041 [INFO]  Epoch[1] Train-cross-entropy=42.367421
2023-11-08 14:01:38,041 [INFO]  Epoch[1] Train-max_x_extension18-accuracy=0.000000
2023-11-08 14:01:38,041 [INFO]  Epoch[1] Time cost=0.011
2023-11-08 14:01:38,045 [INFO]  Saved checkpoint to "./imputer_model/imputer_model_max_x_extension18/model-0001.params"
2023-11-08 14:01:38,046 [INFO]  Epoch[1] Validation-cross-entropy=3.246402
2023-11-08 14:01:38,046 [INFO]  Epoch[1] Validation-max_x_extension18-accuracy=0.000000
2023-11-08 14:01:38,052 [INFO]  Epoch[2] Batch [0-4]	Speed: 13353.67 samples/sec	cross-entropy=13.734942	max_x_extension18-accuracy=0.000000
2023-11-08 14:01:38,055 [INFO]  Epoch[2] Train-cross-entropy=14.583360
2023-11-08 14:01:38,056 [INFO]  Epoch[2] Train-max_x_extension18-accuracy=0.000000
2023-11-08 14:01:38,056 [INFO]  Epoch[2] Time cost=0.010
2023-11-08 14:01:38,058 [INFO]  Saved checkpoint to "./imputer_model/imputer_model_max_x_extension18/model-0002.params"
2023-11-08 14:01:38,058 [INFO]  Epoch[2] Validation-cross-entropy=10.100710
2023-11-08 14:01:38,058 [INFO]  Epoch[2] Validation-max_x_extension18-accuracy=0.000000
2023-11-08 14:01:38,063 [INFO]  Epoch[3] Batch [0-4]	Speed: 16969.18 samples/sec	cross-entropy=4.668308	max_x_extension18-accuracy=0.000000
2023-11-08 14:01:38,066 [INFO]  Epoch[3] Train-cross-entropy=4.385264
2023-11-08 14:01:38,066 [INFO]  Epoch[3] Train-max_x_extension18-accuracy=0.000000
2023-11-08 14:01:38,066 [INFO]  Epoch[3] Time cost=0.008
2023-11-08 14:01:38,068 [INFO]  Saved checkpoint to "./imputer_model/imputer_model_max_x_extension18/model-0003.params"
2023-11-08 14:01:38,069 [INFO]  Epoch[3] Validation-cross-entropy=4.346545
2023-11-08 14:01:38,069 [INFO]  Epoch[3] Validation-max_x_extension18-accuracy=0.000000
2023-11-08 14:01:38,075 [INFO]  Epoch[4] Batch [0-4]	Speed: 14382.53 samples/sec	cross-entropy=1.634740	max_x_extension18-accuracy=0.000000
2023-11-08 14:01:38,078 [INFO]  Epoch[4] Train-cross-entropy=1.753912
2023-11-08 14:01:38,078 [INFO]  Epoch[4] Train-max_x_extension18-accuracy=0.000000
2023-11-08 14:01:38,078 [INFO]  Epoch[4] Time cost=0.009
2023-11-08 14:01:38,081 [INFO]  Saved checkpoint to "./imputer_model/imputer_model_max_x_extension18/model-0004.params"
2023-11-08 14:01:38,081 [INFO]  Epoch[4] Validation-cross-entropy=2.022644
2023-11-08 14:01:38,081 [INFO]  Epoch[4] Validation-max_x_extension18-accuracy=0.000000
2023-11-08 14:01:38,081 [INFO]  
========== done (0.06391096115112305 s) fit model
2023-11-08 14:15:03,600 [INFO]  
========== start: fit model
2023-11-08 14:15:03,600 [WARNING]  Already bound, ignoring bind()
2023-11-08 14:15:03,607 [INFO]  Epoch[0] Batch [0-4]	Speed: 14120.75 samples/sec	cross-entropy=21.790473	max_x_extension18-accuracy=1.600000
2023-11-08 14:15:03,611 [INFO]  Epoch[0] Train-cross-entropy=20.378366
2023-11-08 14:15:03,611 [INFO]  Epoch[0] Train-max_x_extension18-accuracy=2.125000
2023-11-08 14:15:03,611 [INFO]  Epoch[0] Time cost=0.010
2023-11-08 14:15:03,612 [INFO]  Saved checkpoint to "./imputer_model/imputer_model_max_x_extension18/model-0000.params"
2023-11-08 14:15:03,612 [INFO]  Epoch[0] Validation-cross-entropy=28.540110
2023-11-08 14:15:03,613 [INFO]  Epoch[0] Validation-max_x_extension18-accuracy=0.000000
2023-11-08 14:15:03,619 [INFO]  Epoch[1] Batch [0-4]	Speed: 11663.50 samples/sec	cross-entropy=46.387055	max_x_extension18-accuracy=1.600000
2023-11-08 14:15:03,623 [INFO]  Epoch[1] Train-cross-entropy=42.594735
2023-11-08 14:15:03,623 [INFO]  Epoch[1] Train-max_x_extension18-accuracy=2.125000
2023-11-08 14:15:03,624 [INFO]  Epoch[1] Time cost=0.011
2023-11-08 14:15:03,626 [INFO]  Saved checkpoint to "./imputer_model/imputer_model_max_x_extension18/model-0001.params"
2023-11-08 14:15:03,627 [INFO]  Epoch[1] Validation-cross-entropy=11.658919
2023-11-08 14:15:03,627 [INFO]  Epoch[1] Validation-max_x_extension18-accuracy=0.000000
2023-11-08 14:15:03,633 [INFO]  Epoch[2] Batch [0-4]	Speed: 13945.42 samples/sec	cross-entropy=7.412702	max_x_extension18-accuracy=1.600000
2023-11-08 14:15:03,636 [INFO]  Epoch[2] Train-cross-entropy=7.473813
2023-11-08 14:15:03,636 [INFO]  Epoch[2] Train-max_x_extension18-accuracy=2.125000
2023-11-08 14:15:03,636 [INFO]  Epoch[2] Time cost=0.010
2023-11-08 14:15:03,638 [INFO]  Saved checkpoint to "./imputer_model/imputer_model_max_x_extension18/model-0002.params"
2023-11-08 14:15:03,639 [INFO]  Epoch[2] Validation-cross-entropy=9.221701
2023-11-08 14:15:03,639 [INFO]  Epoch[2] Validation-max_x_extension18-accuracy=0.000000
2023-11-08 14:15:03,645 [INFO]  Epoch[3] Batch [0-4]	Speed: 12820.49 samples/sec	cross-entropy=5.858594	max_x_extension18-accuracy=1.600000
2023-11-08 14:15:03,649 [INFO]  Epoch[3] Train-cross-entropy=4.500940
2023-11-08 14:15:03,649 [INFO]  Epoch[3] Train-max_x_extension18-accuracy=2.125000
2023-11-08 14:15:03,649 [INFO]  Epoch[3] Time cost=0.010
2023-11-08 14:15:03,651 [INFO]  Saved checkpoint to "./imputer_model/imputer_model_max_x_extension18/model-0003.params"
2023-11-08 14:15:03,652 [INFO]  Epoch[3] Validation-cross-entropy=8.299787
2023-11-08 14:15:03,652 [INFO]  Epoch[3] Validation-max_x_extension18-accuracy=0.000000
2023-11-08 14:15:03,658 [INFO]  Epoch[4] Batch [0-4]	Speed: 13747.59 samples/sec	cross-entropy=1.967284	max_x_extension18-accuracy=1.600000
2023-11-08 14:15:03,661 [INFO]  Epoch[4] Train-cross-entropy=1.748390
2023-11-08 14:15:03,661 [INFO]  Epoch[4] Train-max_x_extension18-accuracy=2.125000
2023-11-08 14:15:03,661 [INFO]  Epoch[4] Time cost=0.009
2023-11-08 14:15:03,663 [INFO]  Saved checkpoint to "./imputer_model/imputer_model_max_x_extension18/model-0004.params"
2023-11-08 14:15:03,663 [INFO]  Epoch[4] Validation-cross-entropy=8.069486
2023-11-08 14:15:03,663 [INFO]  Epoch[4] Validation-max_x_extension18-accuracy=0.000000
2023-11-08 14:15:03,663 [INFO]  
========== done (0.06309032440185547 s) fit model
2023-11-08 14:28:40,598 [INFO]  
========== start: fit model
2023-11-08 14:28:40,598 [WARNING]  Already bound, ignoring bind()
2023-11-08 14:28:40,605 [INFO]  Epoch[0] Batch [0-4]	Speed: 13676.85 samples/sec	cross-entropy=8.615968	max_x_extension18-accuracy=2.200000
2023-11-08 14:28:40,609 [INFO]  Epoch[0] Train-cross-entropy=17.618604
2023-11-08 14:28:40,609 [INFO]  Epoch[0] Train-max_x_extension18-accuracy=2.625000
2023-11-08 14:28:40,609 [INFO]  Epoch[0] Time cost=0.010
2023-11-08 14:28:40,610 [INFO]  Saved checkpoint to "./imputer_model/imputer_model_max_x_extension18/model-0000.params"
2023-11-08 14:28:40,611 [INFO]  Epoch[0] Validation-cross-entropy=55.948753
2023-11-08 14:28:40,611 [INFO]  Epoch[0] Validation-max_x_extension18-accuracy=0.000000
2023-11-08 14:28:40,619 [INFO]  Epoch[1] Batch [0-4]	Speed: 10253.46 samples/sec	cross-entropy=48.513743	max_x_extension18-accuracy=2.200000
2023-11-08 14:28:40,624 [INFO]  Epoch[1] Train-cross-entropy=40.153277
2023-11-08 14:28:40,624 [INFO]  Epoch[1] Train-max_x_extension18-accuracy=2.625000
2023-11-08 14:28:40,624 [INFO]  Epoch[1] Time cost=0.014
2023-11-08 14:28:40,627 [INFO]  Saved checkpoint to "./imputer_model/imputer_model_max_x_extension18/model-0001.params"
2023-11-08 14:28:40,628 [INFO]  Epoch[1] Validation-cross-entropy=92.780930
2023-11-08 14:28:40,628 [INFO]  Epoch[1] Validation-max_x_extension18-accuracy=0.000000
2023-11-08 14:28:40,634 [INFO]  Epoch[2] Batch [0-4]	Speed: 12589.01 samples/sec	cross-entropy=7.569341	max_x_extension18-accuracy=2.200000
2023-11-08 14:28:40,638 [INFO]  Epoch[2] Train-cross-entropy=6.544945
2023-11-08 14:28:40,638 [INFO]  Epoch[2] Train-max_x_extension18-accuracy=2.625000
2023-11-08 14:28:40,638 [INFO]  Epoch[2] Time cost=0.011
2023-11-08 14:28:40,640 [INFO]  Saved checkpoint to "./imputer_model/imputer_model_max_x_extension18/model-0002.params"
2023-11-08 14:28:40,641 [INFO]  Epoch[2] Validation-cross-entropy=105.000046
2023-11-08 14:28:40,641 [INFO]  Epoch[2] Validation-max_x_extension18-accuracy=0.000000
2023-11-08 14:28:40,647 [INFO]  Epoch[3] Batch [0-4]	Speed: 13416.41 samples/sec	cross-entropy=4.331709	max_x_extension18-accuracy=2.200000
2023-11-08 14:28:40,650 [INFO]  Epoch[3] Train-cross-entropy=3.832970
2023-11-08 14:28:40,651 [INFO]  Epoch[3] Train-max_x_extension18-accuracy=2.625000
2023-11-08 14:28:40,651 [INFO]  Epoch[3] Time cost=0.010
2023-11-08 14:28:40,652 [INFO]  Saved checkpoint to "./imputer_model/imputer_model_max_x_extension18/model-0003.params"
2023-11-08 14:28:40,653 [INFO]  Epoch[3] Validation-cross-entropy=103.226921
2023-11-08 14:28:40,653 [INFO]  Epoch[3] Validation-max_x_extension18-accuracy=0.000000
2023-11-08 14:28:40,658 [INFO]  Epoch[4] Batch [0-4]	Speed: 14173.69 samples/sec	cross-entropy=1.939622	max_x_extension18-accuracy=2.200000
2023-11-08 14:28:40,662 [INFO]  Epoch[4] Train-cross-entropy=1.508880
2023-11-08 14:28:40,662 [INFO]  Epoch[4] Train-max_x_extension18-accuracy=2.625000
2023-11-08 14:28:40,662 [INFO]  Epoch[4] Time cost=0.009
2023-11-08 14:28:40,664 [INFO]  Saved checkpoint to "./imputer_model/imputer_model_max_x_extension18/model-0004.params"
2023-11-08 14:28:40,664 [INFO]  Epoch[4] Validation-cross-entropy=75.060760
2023-11-08 14:28:40,664 [INFO]  Epoch[4] Validation-max_x_extension18-accuracy=0.000000
2023-11-08 14:28:40,664 [INFO]  
========== done (0.0663003921508789 s) fit model
2023-11-08 14:42:45,279 [INFO]  
========== start: fit model
2023-11-08 14:42:45,279 [WARNING]  Already bound, ignoring bind()
2023-11-08 14:42:45,286 [INFO]  Epoch[0] Batch [0-4]	Speed: 14289.88 samples/sec	cross-entropy=37.885307	max_x_extension18-accuracy=0.000000
2023-11-08 14:42:45,289 [INFO]  Epoch[0] Train-cross-entropy=30.659827
2023-11-08 14:42:45,289 [INFO]  Epoch[0] Train-max_x_extension18-accuracy=0.000000
2023-11-08 14:42:45,289 [INFO]  Epoch[0] Time cost=0.010
2023-11-08 14:42:45,291 [INFO]  Saved checkpoint to "./imputer_model/imputer_model_max_x_extension18/model-0000.params"
2023-11-08 14:42:45,291 [INFO]  Epoch[0] Validation-cross-entropy=22.532690
2023-11-08 14:42:45,291 [INFO]  Epoch[0] Validation-max_x_extension18-accuracy=0.000000
2023-11-08 14:42:45,301 [INFO]  Epoch[1] Batch [0-4]	Speed: 7966.63 samples/sec	cross-entropy=45.069222	max_x_extension18-accuracy=0.000000
2023-11-08 14:42:45,306 [INFO]  Epoch[1] Train-cross-entropy=45.485877
2023-11-08 14:42:45,306 [INFO]  Epoch[1] Train-max_x_extension18-accuracy=0.000000
2023-11-08 14:42:45,306 [INFO]  Epoch[1] Time cost=0.015
2023-11-08 14:42:45,309 [INFO]  Saved checkpoint to "./imputer_model/imputer_model_max_x_extension18/model-0001.params"
2023-11-08 14:42:45,310 [INFO]  Epoch[1] Validation-cross-entropy=12.165205
2023-11-08 14:42:45,310 [INFO]  Epoch[1] Validation-max_x_extension18-accuracy=0.000000
2023-11-08 14:42:45,318 [INFO]  Epoch[2] Batch [0-4]	Speed: 11083.21 samples/sec	cross-entropy=13.267426	max_x_extension18-accuracy=0.000000
2023-11-08 14:42:45,322 [INFO]  Epoch[2] Train-cross-entropy=10.878727
2023-11-08 14:42:45,322 [INFO]  Epoch[2] Train-max_x_extension18-accuracy=0.000000
2023-11-08 14:42:45,322 [INFO]  Epoch[2] Time cost=0.012
2023-11-08 14:42:45,324 [INFO]  Saved checkpoint to "./imputer_model/imputer_model_max_x_extension18/model-0002.params"
2023-11-08 14:42:45,325 [INFO]  Epoch[2] Validation-cross-entropy=5.095170
2023-11-08 14:42:45,325 [INFO]  Epoch[2] Validation-max_x_extension18-accuracy=0.000000
2023-11-08 14:42:45,331 [INFO]  Epoch[3] Batch [0-4]	Speed: 13622.71 samples/sec	cross-entropy=4.204182	max_x_extension18-accuracy=0.000000
2023-11-08 14:42:45,335 [INFO]  Epoch[3] Train-cross-entropy=3.203655
2023-11-08 14:42:45,335 [INFO]  Epoch[3] Train-max_x_extension18-accuracy=0.000000
2023-11-08 14:42:45,335 [INFO]  Epoch[3] Time cost=0.010
2023-11-08 14:42:45,337 [INFO]  Saved checkpoint to "./imputer_model/imputer_model_max_x_extension18/model-0003.params"
2023-11-08 14:42:45,337 [INFO]  Epoch[3] Validation-cross-entropy=4.383144
2023-11-08 14:42:45,337 [INFO]  Epoch[3] Validation-max_x_extension18-accuracy=0.000000
2023-11-08 14:42:45,343 [INFO]  Epoch[4] Batch [0-4]	Speed: 13913.62 samples/sec	cross-entropy=2.081962	max_x_extension18-accuracy=0.000000
2023-11-08 14:42:45,347 [INFO]  Epoch[4] Train-cross-entropy=1.612700
2023-11-08 14:42:45,347 [INFO]  Epoch[4] Train-max_x_extension18-accuracy=0.000000
2023-11-08 14:42:45,347 [INFO]  Epoch[4] Time cost=0.009
2023-11-08 14:42:45,348 [INFO]  Saved checkpoint to "./imputer_model/imputer_model_max_x_extension18/model-0004.params"
2023-11-08 14:42:45,349 [INFO]  Epoch[4] Validation-cross-entropy=3.228403
2023-11-08 14:42:45,349 [INFO]  Epoch[4] Validation-max_x_extension18-accuracy=0.000000
2023-11-08 14:42:45,349 [INFO]  
========== done (0.06986021995544434 s) fit model
2023-11-08 14:56:50,436 [INFO]  
========== start: fit model
2023-11-08 14:56:50,437 [WARNING]  Already bound, ignoring bind()
2023-11-08 14:56:50,444 [INFO]  Epoch[0] Batch [0-4]	Speed: 14034.37 samples/sec	cross-entropy=27.173986	max_x_extension18-accuracy=0.000000
2023-11-08 14:56:50,448 [INFO]  Epoch[0] Train-cross-entropy=24.327615
2023-11-08 14:56:50,448 [INFO]  Epoch[0] Train-max_x_extension18-accuracy=0.000000
2023-11-08 14:56:50,448 [INFO]  Epoch[0] Time cost=0.010
2023-11-08 14:56:50,449 [INFO]  Saved checkpoint to "./imputer_model/imputer_model_max_x_extension18/model-0000.params"
2023-11-08 14:56:50,449 [INFO]  Epoch[0] Validation-cross-entropy=14.910557
2023-11-08 14:56:50,450 [INFO]  Epoch[0] Validation-max_x_extension18-accuracy=0.000000
2023-11-08 14:56:50,462 [INFO]  Epoch[1] Batch [0-4]	Speed: 5475.70 samples/sec	cross-entropy=26.514281	max_x_extension18-accuracy=0.000000
2023-11-08 14:56:50,467 [INFO]  Epoch[1] Train-cross-entropy=33.302496
2023-11-08 14:56:50,468 [INFO]  Epoch[1] Train-max_x_extension18-accuracy=0.000000
2023-11-08 14:56:50,468 [INFO]  Epoch[1] Time cost=0.018
2023-11-08 14:56:50,471 [INFO]  Saved checkpoint to "./imputer_model/imputer_model_max_x_extension18/model-0001.params"
2023-11-08 14:56:50,471 [INFO]  Epoch[1] Validation-cross-entropy=4.592567
2023-11-08 14:56:50,471 [INFO]  Epoch[1] Validation-max_x_extension18-accuracy=0.000000
2023-11-08 14:56:50,478 [INFO]  Epoch[2] Batch [0-4]	Speed: 12748.64 samples/sec	cross-entropy=8.513982	max_x_extension18-accuracy=0.000000
2023-11-08 14:56:50,482 [INFO]  Epoch[2] Train-cross-entropy=8.161614
2023-11-08 14:56:50,482 [INFO]  Epoch[2] Train-max_x_extension18-accuracy=0.000000
2023-11-08 14:56:50,482 [INFO]  Epoch[2] Time cost=0.010
2023-11-08 14:56:50,484 [INFO]  Saved checkpoint to "./imputer_model/imputer_model_max_x_extension18/model-0002.params"
2023-11-08 14:56:50,484 [INFO]  Epoch[2] Validation-cross-entropy=6.242805
2023-11-08 14:56:50,484 [INFO]  Epoch[2] Validation-max_x_extension18-accuracy=0.000000
2023-11-08 14:56:50,490 [INFO]  Epoch[3] Batch [0-4]	Speed: 13570.37 samples/sec	cross-entropy=3.728375	max_x_extension18-accuracy=0.000000
2023-11-08 14:56:50,494 [INFO]  Epoch[3] Train-cross-entropy=3.996719
2023-11-08 14:56:50,494 [INFO]  Epoch[3] Train-max_x_extension18-accuracy=0.000000
2023-11-08 14:56:50,494 [INFO]  Epoch[3] Time cost=0.010
2023-11-08 14:56:50,496 [INFO]  Saved checkpoint to "./imputer_model/imputer_model_max_x_extension18/model-0003.params"
2023-11-08 14:56:50,496 [INFO]  Epoch[3] Validation-cross-entropy=4.103346
2023-11-08 14:56:50,496 [INFO]  Epoch[3] Validation-max_x_extension18-accuracy=0.000000
2023-11-08 14:56:50,502 [INFO]  Epoch[4] Batch [0-4]	Speed: 13915.06 samples/sec	cross-entropy=3.275821	max_x_extension18-accuracy=0.000000
2023-11-08 14:56:50,506 [INFO]  Epoch[4] Train-cross-entropy=2.476059
2023-11-08 14:56:50,506 [INFO]  Epoch[4] Train-max_x_extension18-accuracy=0.000000
2023-11-08 14:56:50,506 [INFO]  Epoch[4] Time cost=0.009
2023-11-08 14:56:50,508 [INFO]  Saved checkpoint to "./imputer_model/imputer_model_max_x_extension18/model-0004.params"
2023-11-08 14:56:50,508 [INFO]  Epoch[4] Validation-cross-entropy=3.397263
2023-11-08 14:56:50,508 [INFO]  Epoch[4] Validation-max_x_extension18-accuracy=0.000000
2023-11-08 14:56:50,508 [INFO]  
========== done (0.07188868522644043 s) fit model
