2023-11-08 12:32:43,934 [INFO]  
========== start: fit model
2023-11-08 12:32:43,934 [WARNING]  Already bound, ignoring bind()
2023-11-08 12:32:43,942 [INFO]  Epoch[0] Batch [0-4]	Speed: 11620.58 samples/sec	cross-entropy=36.589022	mean_acc_in_air2-accuracy=2.800000
2023-11-08 12:32:43,947 [INFO]  Epoch[0] Train-cross-entropy=28.555429
2023-11-08 12:32:43,947 [INFO]  Epoch[0] Train-mean_acc_in_air2-accuracy=3.250000
2023-11-08 12:32:43,947 [INFO]  Epoch[0] Time cost=0.012
2023-11-08 12:32:43,950 [INFO]  Saved checkpoint to "./imputer_model/imputer_model_mean_acc_in_air2/model-0000.params"
2023-11-08 12:32:43,951 [INFO]  Epoch[0] Validation-cross-entropy=113.529793
2023-11-08 12:32:43,951 [INFO]  Epoch[0] Validation-mean_acc_in_air2-accuracy=0.000000
2023-11-08 12:32:43,957 [INFO]  Epoch[1] Batch [0-4]	Speed: 16447.24 samples/sec	cross-entropy=43.790178	mean_acc_in_air2-accuracy=2.800000
2023-11-08 12:32:43,960 [INFO]  Epoch[1] Train-cross-entropy=29.363002
2023-11-08 12:32:43,960 [INFO]  Epoch[1] Train-mean_acc_in_air2-accuracy=3.250000
2023-11-08 12:32:43,960 [INFO]  Epoch[1] Time cost=0.009
2023-11-08 12:32:43,962 [INFO]  Saved checkpoint to "./imputer_model/imputer_model_mean_acc_in_air2/model-0001.params"
2023-11-08 12:32:43,963 [INFO]  Epoch[1] Validation-cross-entropy=82.586258
2023-11-08 12:32:43,963 [INFO]  Epoch[1] Validation-mean_acc_in_air2-accuracy=0.000000
2023-11-08 12:32:43,967 [INFO]  Epoch[2] Batch [0-4]	Speed: 19376.03 samples/sec	cross-entropy=2.691055	mean_acc_in_air2-accuracy=2.800000
2023-11-08 12:32:43,970 [INFO]  Epoch[2] Train-cross-entropy=2.626957
2023-11-08 12:32:43,970 [INFO]  Epoch[2] Train-mean_acc_in_air2-accuracy=3.250000
2023-11-08 12:32:43,970 [INFO]  Epoch[2] Time cost=0.007
2023-11-08 12:32:43,971 [INFO]  Saved checkpoint to "./imputer_model/imputer_model_mean_acc_in_air2/model-0002.params"
2023-11-08 12:32:43,972 [INFO]  Epoch[2] Validation-cross-entropy=80.617218
2023-11-08 12:32:43,972 [INFO]  Epoch[2] Validation-mean_acc_in_air2-accuracy=0.000000
2023-11-08 12:32:43,977 [INFO]  Epoch[3] Batch [0-4]	Speed: 16994.96 samples/sec	cross-entropy=2.584875	mean_acc_in_air2-accuracy=2.800000
2023-11-08 12:32:43,980 [INFO]  Epoch[3] Train-cross-entropy=1.890666
2023-11-08 12:32:43,980 [INFO]  Epoch[3] Train-mean_acc_in_air2-accuracy=3.250000
2023-11-08 12:32:43,980 [INFO]  Epoch[3] Time cost=0.008
2023-11-08 12:32:43,981 [INFO]  Saved checkpoint to "./imputer_model/imputer_model_mean_acc_in_air2/model-0003.params"
2023-11-08 12:32:43,982 [INFO]  Epoch[3] Validation-cross-entropy=78.235619
2023-11-08 12:32:43,982 [INFO]  Epoch[3] Validation-mean_acc_in_air2-accuracy=0.000000
2023-11-08 12:32:43,987 [INFO]  Epoch[4] Batch [0-4]	Speed: 14785.76 samples/sec	cross-entropy=1.509527	mean_acc_in_air2-accuracy=2.800000
2023-11-08 12:32:43,991 [INFO]  Epoch[4] Train-cross-entropy=1.069229
2023-11-08 12:32:43,991 [INFO]  Epoch[4] Train-mean_acc_in_air2-accuracy=3.250000
2023-11-08 12:32:43,991 [INFO]  Epoch[4] Time cost=0.009
2023-11-08 12:32:43,992 [INFO]  Saved checkpoint to "./imputer_model/imputer_model_mean_acc_in_air2/model-0004.params"
2023-11-08 12:32:43,992 [INFO]  Epoch[4] Validation-cross-entropy=75.349899
2023-11-08 12:32:43,992 [INFO]  Epoch[4] Validation-mean_acc_in_air2-accuracy=0.000000
2023-11-08 12:32:43,992 [INFO]  
========== done (0.058739423751831055 s) fit model
2023-11-08 13:03:46,417 [INFO]  
========== start: fit model
2023-11-08 13:03:46,432 [WARNING]  Already bound, ignoring bind()
2023-11-08 13:03:46,442 [INFO]  Epoch[0] Batch [0-4]	Speed: 12957.88 samples/sec	cross-entropy=23.157145	mean_acc_in_air2-accuracy=0.000000
2023-11-08 13:03:46,445 [INFO]  Epoch[0] Train-cross-entropy=23.553823
2023-11-08 13:03:46,446 [INFO]  Epoch[0] Train-mean_acc_in_air2-accuracy=0.000000
2023-11-08 13:03:46,446 [INFO]  Epoch[0] Time cost=0.012
2023-11-08 13:03:46,447 [INFO]  Saved checkpoint to "./imputer_model/imputer_model_mean_acc_in_air2/model-0000.params"
2023-11-08 13:03:46,448 [INFO]  Epoch[0] Validation-cross-entropy=17.019606
2023-11-08 13:03:46,448 [INFO]  Epoch[0] Validation-mean_acc_in_air2-accuracy=0.000000
2023-11-08 13:03:46,454 [INFO]  Epoch[1] Batch [0-4]	Speed: 13309.31 samples/sec	cross-entropy=33.724773	mean_acc_in_air2-accuracy=0.000000
2023-11-08 13:03:46,458 [INFO]  Epoch[1] Train-cross-entropy=29.604329
2023-11-08 13:03:46,458 [INFO]  Epoch[1] Train-mean_acc_in_air2-accuracy=0.000000
2023-11-08 13:03:46,458 [INFO]  Epoch[1] Time cost=0.010
2023-11-08 13:03:46,460 [INFO]  Saved checkpoint to "./imputer_model/imputer_model_mean_acc_in_air2/model-0001.params"
2023-11-08 13:03:46,460 [INFO]  Epoch[1] Validation-cross-entropy=12.630719
2023-11-08 13:03:46,460 [INFO]  Epoch[1] Validation-mean_acc_in_air2-accuracy=0.000000
2023-11-08 13:03:46,467 [INFO]  Epoch[2] Batch [0-4]	Speed: 11385.96 samples/sec	cross-entropy=4.958345	mean_acc_in_air2-accuracy=0.000000
2023-11-08 13:03:46,472 [INFO]  Epoch[2] Train-cross-entropy=4.435778
2023-11-08 13:03:46,472 [INFO]  Epoch[2] Train-mean_acc_in_air2-accuracy=0.000000
2023-11-08 13:03:46,472 [INFO]  Epoch[2] Time cost=0.012
2023-11-08 13:03:46,475 [INFO]  Saved checkpoint to "./imputer_model/imputer_model_mean_acc_in_air2/model-0002.params"
2023-11-08 13:03:46,476 [INFO]  Epoch[2] Validation-cross-entropy=22.381859
2023-11-08 13:03:46,476 [INFO]  Epoch[2] Validation-mean_acc_in_air2-accuracy=0.000000
2023-11-08 13:03:46,482 [INFO]  Epoch[3] Batch [0-4]	Speed: 13071.46 samples/sec	cross-entropy=3.969525	mean_acc_in_air2-accuracy=0.000000
2023-11-08 13:03:46,487 [INFO]  Epoch[3] Train-cross-entropy=3.200032
2023-11-08 13:03:46,487 [INFO]  Epoch[3] Train-mean_acc_in_air2-accuracy=0.000000
2023-11-08 13:03:46,487 [INFO]  Epoch[3] Time cost=0.011
2023-11-08 13:03:46,490 [INFO]  Saved checkpoint to "./imputer_model/imputer_model_mean_acc_in_air2/model-0003.params"
2023-11-08 13:03:46,491 [INFO]  Epoch[3] Validation-cross-entropy=16.726728
2023-11-08 13:03:46,491 [INFO]  Epoch[3] Validation-mean_acc_in_air2-accuracy=0.000000
2023-11-08 13:03:46,498 [INFO]  Epoch[4] Batch [0-4]	Speed: 11808.70 samples/sec	cross-entropy=1.268216	mean_acc_in_air2-accuracy=0.000000
2023-11-08 13:03:46,502 [INFO]  Epoch[4] Train-cross-entropy=1.189379
2023-11-08 13:03:46,503 [INFO]  Epoch[4] Train-mean_acc_in_air2-accuracy=0.000000
2023-11-08 13:03:46,503 [INFO]  Epoch[4] Time cost=0.012
2023-11-08 13:03:46,506 [INFO]  Saved checkpoint to "./imputer_model/imputer_model_mean_acc_in_air2/model-0004.params"
2023-11-08 13:03:46,507 [INFO]  Epoch[4] Validation-cross-entropy=14.158504
2023-11-08 13:03:46,507 [INFO]  Epoch[4] Validation-mean_acc_in_air2-accuracy=0.000000
2023-11-08 13:03:46,507 [INFO]  
========== done (0.08989405632019043 s) fit model
2023-11-08 13:17:14,425 [INFO]  
========== start: fit model
2023-11-08 13:17:14,425 [WARNING]  Already bound, ignoring bind()
2023-11-08 13:17:14,432 [INFO]  Epoch[0] Batch [0-4]	Speed: 14349.47 samples/sec	cross-entropy=20.259660	mean_acc_in_air2-accuracy=0.000000
2023-11-08 13:17:14,436 [INFO]  Epoch[0] Train-cross-entropy=24.437115
2023-11-08 13:17:14,436 [INFO]  Epoch[0] Train-mean_acc_in_air2-accuracy=0.000000
2023-11-08 13:17:14,436 [INFO]  Epoch[0] Time cost=0.010
2023-11-08 13:17:14,437 [INFO]  Saved checkpoint to "./imputer_model/imputer_model_mean_acc_in_air2/model-0000.params"
2023-11-08 13:17:14,437 [INFO]  Epoch[0] Validation-cross-entropy=8.058270
2023-11-08 13:17:14,437 [INFO]  Epoch[0] Validation-mean_acc_in_air2-accuracy=0.000000
2023-11-08 13:17:14,443 [INFO]  Epoch[1] Batch [0-4]	Speed: 16043.24 samples/sec	cross-entropy=34.417911	mean_acc_in_air2-accuracy=0.000000
2023-11-08 13:17:14,446 [INFO]  Epoch[1] Train-cross-entropy=28.097225
2023-11-08 13:17:14,446 [INFO]  Epoch[1] Train-mean_acc_in_air2-accuracy=0.000000
2023-11-08 13:17:14,447 [INFO]  Epoch[1] Time cost=0.009
2023-11-08 13:17:14,449 [INFO]  Saved checkpoint to "./imputer_model/imputer_model_mean_acc_in_air2/model-0001.params"
2023-11-08 13:17:14,449 [INFO]  Epoch[1] Validation-cross-entropy=3.674546
2023-11-08 13:17:14,449 [INFO]  Epoch[1] Validation-mean_acc_in_air2-accuracy=0.000000
2023-11-08 13:17:14,454 [INFO]  Epoch[2] Batch [0-4]	Speed: 17191.97 samples/sec	cross-entropy=5.783426	mean_acc_in_air2-accuracy=0.000000
2023-11-08 13:17:14,457 [INFO]  Epoch[2] Train-cross-entropy=5.385227
2023-11-08 13:17:14,457 [INFO]  Epoch[2] Train-mean_acc_in_air2-accuracy=0.000000
2023-11-08 13:17:14,457 [INFO]  Epoch[2] Time cost=0.008
2023-11-08 13:17:14,458 [INFO]  Saved checkpoint to "./imputer_model/imputer_model_mean_acc_in_air2/model-0002.params"
2023-11-08 13:17:14,459 [INFO]  Epoch[2] Validation-cross-entropy=3.306306
2023-11-08 13:17:14,459 [INFO]  Epoch[2] Validation-mean_acc_in_air2-accuracy=0.000000
2023-11-08 13:17:14,463 [INFO]  Epoch[3] Batch [0-4]	Speed: 20807.34 samples/sec	cross-entropy=2.948200	mean_acc_in_air2-accuracy=0.000000
2023-11-08 13:17:14,465 [INFO]  Epoch[3] Train-cross-entropy=3.559807
2023-11-08 13:17:14,466 [INFO]  Epoch[3] Train-mean_acc_in_air2-accuracy=0.000000
2023-11-08 13:17:14,466 [INFO]  Epoch[3] Time cost=0.007
2023-11-08 13:17:14,467 [INFO]  Saved checkpoint to "./imputer_model/imputer_model_mean_acc_in_air2/model-0003.params"
2023-11-08 13:17:14,467 [INFO]  Epoch[3] Validation-cross-entropy=5.185249
2023-11-08 13:17:14,468 [INFO]  Epoch[3] Validation-mean_acc_in_air2-accuracy=0.000000
2023-11-08 13:17:14,472 [INFO]  Epoch[4] Batch [0-4]	Speed: 19524.00 samples/sec	cross-entropy=1.410287	mean_acc_in_air2-accuracy=0.000000
2023-11-08 13:17:14,474 [INFO]  Epoch[4] Train-cross-entropy=1.225206
2023-11-08 13:17:14,474 [INFO]  Epoch[4] Train-mean_acc_in_air2-accuracy=0.000000
2023-11-08 13:17:14,474 [INFO]  Epoch[4] Time cost=0.007
2023-11-08 13:17:14,476 [INFO]  Saved checkpoint to "./imputer_model/imputer_model_mean_acc_in_air2/model-0004.params"
2023-11-08 13:17:14,476 [INFO]  Epoch[4] Validation-cross-entropy=5.032132
2023-11-08 13:17:14,476 [INFO]  Epoch[4] Validation-mean_acc_in_air2-accuracy=0.000000
2023-11-08 13:17:14,476 [INFO]  
========== done (0.0509185791015625 s) fit model
2023-11-08 13:30:35,371 [INFO]  
========== start: fit model
2023-11-08 13:30:35,371 [WARNING]  Already bound, ignoring bind()
2023-11-08 13:30:35,379 [INFO]  Epoch[0] Batch [0-4]	Speed: 14071.89 samples/sec	cross-entropy=24.151719	mean_acc_in_air2-accuracy=0.000000
2023-11-08 13:30:35,384 [INFO]  Epoch[0] Train-cross-entropy=23.062917
2023-11-08 13:30:35,384 [INFO]  Epoch[0] Train-mean_acc_in_air2-accuracy=0.000000
2023-11-08 13:30:35,384 [INFO]  Epoch[0] Time cost=0.012
2023-11-08 13:30:35,387 [INFO]  Saved checkpoint to "./imputer_model/imputer_model_mean_acc_in_air2/model-0000.params"
2023-11-08 13:30:35,388 [INFO]  Epoch[0] Validation-cross-entropy=9.279145
2023-11-08 13:30:35,388 [INFO]  Epoch[0] Validation-mean_acc_in_air2-accuracy=0.000000
2023-11-08 13:30:35,394 [INFO]  Epoch[1] Batch [0-4]	Speed: 15645.83 samples/sec	cross-entropy=29.785367	mean_acc_in_air2-accuracy=0.000000
2023-11-08 13:30:35,398 [INFO]  Epoch[1] Train-cross-entropy=43.433494
2023-11-08 13:30:35,398 [INFO]  Epoch[1] Train-mean_acc_in_air2-accuracy=0.000000
2023-11-08 13:30:35,398 [INFO]  Epoch[1] Time cost=0.009
2023-11-08 13:30:35,400 [INFO]  Saved checkpoint to "./imputer_model/imputer_model_mean_acc_in_air2/model-0001.params"
2023-11-08 13:30:35,400 [INFO]  Epoch[1] Validation-cross-entropy=12.473287
2023-11-08 13:30:35,401 [INFO]  Epoch[1] Validation-mean_acc_in_air2-accuracy=0.000000
2023-11-08 13:30:35,405 [INFO]  Epoch[2] Batch [0-4]	Speed: 17818.48 samples/sec	cross-entropy=13.442606	mean_acc_in_air2-accuracy=0.000000
2023-11-08 13:30:35,408 [INFO]  Epoch[2] Train-cross-entropy=13.771581
2023-11-08 13:30:35,408 [INFO]  Epoch[2] Train-mean_acc_in_air2-accuracy=0.000000
2023-11-08 13:30:35,408 [INFO]  Epoch[2] Time cost=0.007
2023-11-08 13:30:35,410 [INFO]  Saved checkpoint to "./imputer_model/imputer_model_mean_acc_in_air2/model-0002.params"
2023-11-08 13:30:35,410 [INFO]  Epoch[2] Validation-cross-entropy=7.264799
2023-11-08 13:30:35,410 [INFO]  Epoch[2] Validation-mean_acc_in_air2-accuracy=0.000000
2023-11-08 13:30:35,415 [INFO]  Epoch[3] Batch [0-4]	Speed: 17383.46 samples/sec	cross-entropy=8.021865	mean_acc_in_air2-accuracy=0.000000
2023-11-08 13:30:35,418 [INFO]  Epoch[3] Train-cross-entropy=6.191985
2023-11-08 13:30:35,418 [INFO]  Epoch[3] Train-mean_acc_in_air2-accuracy=0.000000
2023-11-08 13:30:35,418 [INFO]  Epoch[3] Time cost=0.008
2023-11-08 13:30:35,419 [INFO]  Saved checkpoint to "./imputer_model/imputer_model_mean_acc_in_air2/model-0003.params"
2023-11-08 13:30:35,420 [INFO]  Epoch[3] Validation-cross-entropy=8.972927
2023-11-08 13:30:35,420 [INFO]  Epoch[3] Validation-mean_acc_in_air2-accuracy=0.000000
2023-11-08 13:30:35,425 [INFO]  Epoch[4] Batch [0-4]	Speed: 13744.78 samples/sec	cross-entropy=3.590755	mean_acc_in_air2-accuracy=0.000000
2023-11-08 13:30:35,429 [INFO]  Epoch[4] Train-cross-entropy=2.757328
2023-11-08 13:30:35,429 [INFO]  Epoch[4] Train-mean_acc_in_air2-accuracy=0.000000
2023-11-08 13:30:35,430 [INFO]  Epoch[4] Time cost=0.010
2023-11-08 13:30:35,432 [INFO]  Saved checkpoint to "./imputer_model/imputer_model_mean_acc_in_air2/model-0004.params"
2023-11-08 13:30:35,433 [INFO]  Epoch[4] Validation-cross-entropy=13.227212
2023-11-08 13:30:35,433 [INFO]  Epoch[4] Validation-mean_acc_in_air2-accuracy=0.000000
2023-11-08 13:30:35,433 [INFO]  
========== done (0.06136202812194824 s) fit model
2023-11-08 13:43:54,950 [INFO]  
========== start: fit model
2023-11-08 13:43:54,950 [WARNING]  Already bound, ignoring bind()
2023-11-08 13:43:54,957 [INFO]  Epoch[0] Batch [0-4]	Speed: 14111.84 samples/sec	cross-entropy=18.137042	mean_acc_in_air2-accuracy=0.000000
2023-11-08 13:43:54,961 [INFO]  Epoch[0] Train-cross-entropy=19.316585
2023-11-08 13:43:54,961 [INFO]  Epoch[0] Train-mean_acc_in_air2-accuracy=0.000000
2023-11-08 13:43:54,961 [INFO]  Epoch[0] Time cost=0.010
2023-11-08 13:43:54,962 [INFO]  Saved checkpoint to "./imputer_model/imputer_model_mean_acc_in_air2/model-0000.params"
2023-11-08 13:43:54,962 [INFO]  Epoch[0] Validation-cross-entropy=16.700123
2023-11-08 13:43:54,963 [INFO]  Epoch[0] Validation-mean_acc_in_air2-accuracy=0.000000
2023-11-08 13:43:54,970 [INFO]  Epoch[1] Batch [0-4]	Speed: 10653.47 samples/sec	cross-entropy=28.585884	mean_acc_in_air2-accuracy=0.000000
2023-11-08 13:43:54,976 [INFO]  Epoch[1] Train-cross-entropy=21.539873
2023-11-08 13:43:54,976 [INFO]  Epoch[1] Train-mean_acc_in_air2-accuracy=0.000000
2023-11-08 13:43:54,976 [INFO]  Epoch[1] Time cost=0.013
2023-11-08 13:43:54,979 [INFO]  Saved checkpoint to "./imputer_model/imputer_model_mean_acc_in_air2/model-0001.params"
2023-11-08 13:43:54,979 [INFO]  Epoch[1] Validation-cross-entropy=12.352377
2023-11-08 13:43:54,979 [INFO]  Epoch[1] Validation-mean_acc_in_air2-accuracy=0.000000
2023-11-08 13:43:54,984 [INFO]  Epoch[2] Batch [0-4]	Speed: 16666.80 samples/sec	cross-entropy=4.323116	mean_acc_in_air2-accuracy=0.000000
2023-11-08 13:43:54,987 [INFO]  Epoch[2] Train-cross-entropy=3.511196
2023-11-08 13:43:54,987 [INFO]  Epoch[2] Train-mean_acc_in_air2-accuracy=0.000000
2023-11-08 13:43:54,988 [INFO]  Epoch[2] Time cost=0.008
2023-11-08 13:43:54,989 [INFO]  Saved checkpoint to "./imputer_model/imputer_model_mean_acc_in_air2/model-0002.params"
2023-11-08 13:43:54,990 [INFO]  Epoch[2] Validation-cross-entropy=8.354463
2023-11-08 13:43:54,990 [INFO]  Epoch[2] Validation-mean_acc_in_air2-accuracy=0.000000
2023-11-08 13:43:54,994 [INFO]  Epoch[3] Batch [0-4]	Speed: 17480.82 samples/sec	cross-entropy=2.807577	mean_acc_in_air2-accuracy=0.000000
2023-11-08 13:43:54,997 [INFO]  Epoch[3] Train-cross-entropy=2.336057
2023-11-08 13:43:54,997 [INFO]  Epoch[3] Train-mean_acc_in_air2-accuracy=0.000000
2023-11-08 13:43:54,997 [INFO]  Epoch[3] Time cost=0.008
2023-11-08 13:43:54,999 [INFO]  Saved checkpoint to "./imputer_model/imputer_model_mean_acc_in_air2/model-0003.params"
2023-11-08 13:43:54,999 [INFO]  Epoch[3] Validation-cross-entropy=8.229988
2023-11-08 13:43:54,999 [INFO]  Epoch[3] Validation-mean_acc_in_air2-accuracy=0.000000
2023-11-08 13:43:55,005 [INFO]  Epoch[4] Batch [0-4]	Speed: 15123.98 samples/sec	cross-entropy=1.342360	mean_acc_in_air2-accuracy=0.000000
2023-11-08 13:43:55,008 [INFO]  Epoch[4] Train-cross-entropy=1.464881
2023-11-08 13:43:55,008 [INFO]  Epoch[4] Train-mean_acc_in_air2-accuracy=0.000000
2023-11-08 13:43:55,008 [INFO]  Epoch[4] Time cost=0.009
2023-11-08 13:43:55,009 [INFO]  Saved checkpoint to "./imputer_model/imputer_model_mean_acc_in_air2/model-0004.params"
2023-11-08 13:43:55,010 [INFO]  Epoch[4] Validation-cross-entropy=8.096813
2023-11-08 13:43:55,010 [INFO]  Epoch[4] Validation-mean_acc_in_air2-accuracy=0.000000
2023-11-08 13:43:55,010 [INFO]  
========== done (0.0597531795501709 s) fit model
2023-11-08 13:57:16,861 [INFO]  
========== start: fit model
2023-11-08 13:57:16,861 [WARNING]  Already bound, ignoring bind()
2023-11-08 13:57:16,868 [INFO]  Epoch[0] Batch [0-4]	Speed: 14001.43 samples/sec	cross-entropy=17.016216	mean_acc_in_air2-accuracy=1.400000
2023-11-08 13:57:16,871 [INFO]  Epoch[0] Train-cross-entropy=21.248330
2023-11-08 13:57:16,871 [INFO]  Epoch[0] Train-mean_acc_in_air2-accuracy=3.125000
2023-11-08 13:57:16,871 [INFO]  Epoch[0] Time cost=0.010
2023-11-08 13:57:16,873 [INFO]  Saved checkpoint to "./imputer_model/imputer_model_mean_acc_in_air2/model-0000.params"
2023-11-08 13:57:16,873 [INFO]  Epoch[0] Validation-cross-entropy=23.798498
2023-11-08 13:57:16,873 [INFO]  Epoch[0] Validation-mean_acc_in_air2-accuracy=0.000000
2023-11-08 13:57:16,878 [INFO]  Epoch[1] Batch [0-4]	Speed: 15773.62 samples/sec	cross-entropy=42.269257	mean_acc_in_air2-accuracy=1.400000
2023-11-08 13:57:16,882 [INFO]  Epoch[1] Train-cross-entropy=39.264425
2023-11-08 13:57:16,882 [INFO]  Epoch[1] Train-mean_acc_in_air2-accuracy=3.125000
2023-11-08 13:57:16,882 [INFO]  Epoch[1] Time cost=0.008
2023-11-08 13:57:16,883 [INFO]  Saved checkpoint to "./imputer_model/imputer_model_mean_acc_in_air2/model-0001.params"
2023-11-08 13:57:16,883 [INFO]  Epoch[1] Validation-cross-entropy=24.811249
2023-11-08 13:57:16,883 [INFO]  Epoch[1] Validation-mean_acc_in_air2-accuracy=0.000000
2023-11-08 13:57:16,888 [INFO]  Epoch[2] Batch [0-4]	Speed: 17310.60 samples/sec	cross-entropy=14.186951	mean_acc_in_air2-accuracy=1.400000
2023-11-08 13:57:16,891 [INFO]  Epoch[2] Train-cross-entropy=12.543994
2023-11-08 13:57:16,891 [INFO]  Epoch[2] Train-mean_acc_in_air2-accuracy=3.125000
2023-11-08 13:57:16,891 [INFO]  Epoch[2] Time cost=0.008
2023-11-08 13:57:16,892 [INFO]  Saved checkpoint to "./imputer_model/imputer_model_mean_acc_in_air2/model-0002.params"
2023-11-08 13:57:16,893 [INFO]  Epoch[2] Validation-cross-entropy=14.519131
2023-11-08 13:57:16,893 [INFO]  Epoch[2] Validation-mean_acc_in_air2-accuracy=0.000000
2023-11-08 13:57:16,899 [INFO]  Epoch[3] Batch [0-4]	Speed: 12110.78 samples/sec	cross-entropy=5.516283	mean_acc_in_air2-accuracy=1.400000
2023-11-08 13:57:16,904 [INFO]  Epoch[3] Train-cross-entropy=5.583797
2023-11-08 13:57:16,904 [INFO]  Epoch[3] Train-mean_acc_in_air2-accuracy=3.125000
2023-11-08 13:57:16,904 [INFO]  Epoch[3] Time cost=0.011
2023-11-08 13:57:16,907 [INFO]  Saved checkpoint to "./imputer_model/imputer_model_mean_acc_in_air2/model-0003.params"
2023-11-08 13:57:16,908 [INFO]  Epoch[3] Validation-cross-entropy=17.241028
2023-11-08 13:57:16,908 [INFO]  Epoch[3] Validation-mean_acc_in_air2-accuracy=0.000000
2023-11-08 13:57:16,915 [INFO]  Epoch[4] Batch [0-4]	Speed: 12051.52 samples/sec	cross-entropy=1.196838	mean_acc_in_air2-accuracy=1.400000
2023-11-08 13:57:16,919 [INFO]  Epoch[4] Train-cross-entropy=1.401142
2023-11-08 13:57:16,919 [INFO]  Epoch[4] Train-mean_acc_in_air2-accuracy=3.125000
2023-11-08 13:57:16,919 [INFO]  Epoch[4] Time cost=0.011
2023-11-08 13:57:16,922 [INFO]  Saved checkpoint to "./imputer_model/imputer_model_mean_acc_in_air2/model-0004.params"
2023-11-08 13:57:16,922 [INFO]  Epoch[4] Validation-cross-entropy=17.348513
2023-11-08 13:57:16,923 [INFO]  Epoch[4] Validation-mean_acc_in_air2-accuracy=0.000000
2023-11-08 13:57:16,923 [INFO]  
========== done (0.06177234649658203 s) fit model
2023-11-08 14:10:41,184 [INFO]  
========== start: fit model
2023-11-08 14:10:41,185 [WARNING]  Already bound, ignoring bind()
2023-11-08 14:10:41,191 [INFO]  Epoch[0] Batch [0-4]	Speed: 14125.21 samples/sec	cross-entropy=20.927658	mean_acc_in_air2-accuracy=4.600000
2023-11-08 14:10:41,195 [INFO]  Epoch[0] Train-cross-entropy=23.659977
2023-11-08 14:10:41,195 [INFO]  Epoch[0] Train-mean_acc_in_air2-accuracy=3.625000
2023-11-08 14:10:41,195 [INFO]  Epoch[0] Time cost=0.010
2023-11-08 14:10:41,196 [INFO]  Saved checkpoint to "./imputer_model/imputer_model_mean_acc_in_air2/model-0000.params"
2023-11-08 14:10:41,197 [INFO]  Epoch[0] Validation-cross-entropy=29.288963
2023-11-08 14:10:41,197 [INFO]  Epoch[0] Validation-mean_acc_in_air2-accuracy=0.000000
2023-11-08 14:10:41,202 [INFO]  Epoch[1] Batch [0-4]	Speed: 15318.16 samples/sec	cross-entropy=45.466778	mean_acc_in_air2-accuracy=4.600000
2023-11-08 14:10:41,205 [INFO]  Epoch[1] Train-cross-entropy=50.165073
2023-11-08 14:10:41,205 [INFO]  Epoch[1] Train-mean_acc_in_air2-accuracy=3.625000
2023-11-08 14:10:41,205 [INFO]  Epoch[1] Time cost=0.009
2023-11-08 14:10:41,207 [INFO]  Saved checkpoint to "./imputer_model/imputer_model_mean_acc_in_air2/model-0001.params"
2023-11-08 14:10:41,207 [INFO]  Epoch[1] Validation-cross-entropy=23.322447
2023-11-08 14:10:41,207 [INFO]  Epoch[1] Validation-mean_acc_in_air2-accuracy=0.000000
2023-11-08 14:10:41,212 [INFO]  Epoch[2] Batch [0-4]	Speed: 16531.31 samples/sec	cross-entropy=11.529686	mean_acc_in_air2-accuracy=4.600000
2023-11-08 14:10:41,215 [INFO]  Epoch[2] Train-cross-entropy=17.928521
2023-11-08 14:10:41,215 [INFO]  Epoch[2] Train-mean_acc_in_air2-accuracy=3.625000
2023-11-08 14:10:41,215 [INFO]  Epoch[2] Time cost=0.008
2023-11-08 14:10:41,216 [INFO]  Saved checkpoint to "./imputer_model/imputer_model_mean_acc_in_air2/model-0002.params"
2023-11-08 14:10:41,217 [INFO]  Epoch[2] Validation-cross-entropy=30.002888
2023-11-08 14:10:41,217 [INFO]  Epoch[2] Validation-mean_acc_in_air2-accuracy=0.000000
2023-11-08 14:10:41,221 [INFO]  Epoch[3] Batch [0-4]	Speed: 17657.90 samples/sec	cross-entropy=6.477016	mean_acc_in_air2-accuracy=4.600000
2023-11-08 14:10:41,224 [INFO]  Epoch[3] Train-cross-entropy=6.673198
2023-11-08 14:10:41,224 [INFO]  Epoch[3] Train-mean_acc_in_air2-accuracy=3.625000
2023-11-08 14:10:41,224 [INFO]  Epoch[3] Time cost=0.007
2023-11-08 14:10:41,225 [INFO]  Saved checkpoint to "./imputer_model/imputer_model_mean_acc_in_air2/model-0003.params"
2023-11-08 14:10:41,226 [INFO]  Epoch[3] Validation-cross-entropy=21.432188
2023-11-08 14:10:41,226 [INFO]  Epoch[3] Validation-mean_acc_in_air2-accuracy=0.000000
2023-11-08 14:10:41,233 [INFO]  Epoch[4] Batch [0-4]	Speed: 9969.75 samples/sec	cross-entropy=3.336356	mean_acc_in_air2-accuracy=4.600000
2023-11-08 14:10:41,238 [INFO]  Epoch[4] Train-cross-entropy=2.753078
2023-11-08 14:10:41,238 [INFO]  Epoch[4] Train-mean_acc_in_air2-accuracy=3.625000
2023-11-08 14:10:41,238 [INFO]  Epoch[4] Time cost=0.012
2023-11-08 14:10:41,241 [INFO]  Saved checkpoint to "./imputer_model/imputer_model_mean_acc_in_air2/model-0004.params"
2023-11-08 14:10:41,242 [INFO]  Epoch[4] Validation-cross-entropy=22.666578
2023-11-08 14:10:41,242 [INFO]  Epoch[4] Validation-mean_acc_in_air2-accuracy=0.000000
2023-11-08 14:10:41,242 [INFO]  
========== done (0.05785799026489258 s) fit model
2023-11-08 14:24:12,982 [INFO]  
========== start: fit model
2023-11-08 14:24:12,982 [WARNING]  Already bound, ignoring bind()
2023-11-08 14:24:12,989 [INFO]  Epoch[0] Batch [0-4]	Speed: 13958.48 samples/sec	cross-entropy=22.669471	mean_acc_in_air2-accuracy=0.000000
2023-11-08 14:24:12,992 [INFO]  Epoch[0] Train-cross-entropy=22.942599
2023-11-08 14:24:12,992 [INFO]  Epoch[0] Train-mean_acc_in_air2-accuracy=0.000000
2023-11-08 14:24:12,992 [INFO]  Epoch[0] Time cost=0.010
2023-11-08 14:24:12,994 [INFO]  Saved checkpoint to "./imputer_model/imputer_model_mean_acc_in_air2/model-0000.params"
2023-11-08 14:24:12,994 [INFO]  Epoch[0] Validation-cross-entropy=113.465836
2023-11-08 14:24:12,994 [INFO]  Epoch[0] Validation-mean_acc_in_air2-accuracy=0.000000
2023-11-08 14:24:13,000 [INFO]  Epoch[1] Batch [0-4]	Speed: 13124.50 samples/sec	cross-entropy=31.245512	mean_acc_in_air2-accuracy=0.000000
2023-11-08 14:24:13,006 [INFO]  Epoch[1] Train-cross-entropy=24.578410
2023-11-08 14:24:13,006 [INFO]  Epoch[1] Train-mean_acc_in_air2-accuracy=0.000000
2023-11-08 14:24:13,006 [INFO]  Epoch[1] Time cost=0.012
2023-11-08 14:24:13,009 [INFO]  Saved checkpoint to "./imputer_model/imputer_model_mean_acc_in_air2/model-0001.params"
2023-11-08 14:24:13,010 [INFO]  Epoch[1] Validation-cross-entropy=186.214844
2023-11-08 14:24:13,010 [INFO]  Epoch[1] Validation-mean_acc_in_air2-accuracy=0.000000
2023-11-08 14:24:13,018 [INFO]  Epoch[2] Batch [0-4]	Speed: 12312.42 samples/sec	cross-entropy=6.833855	mean_acc_in_air2-accuracy=0.000000
2023-11-08 14:24:13,021 [INFO]  Epoch[2] Train-cross-entropy=5.181748
2023-11-08 14:24:13,021 [INFO]  Epoch[2] Train-mean_acc_in_air2-accuracy=0.000000
2023-11-08 14:24:13,021 [INFO]  Epoch[2] Time cost=0.011
2023-11-08 14:24:13,023 [INFO]  Saved checkpoint to "./imputer_model/imputer_model_mean_acc_in_air2/model-0002.params"
2023-11-08 14:24:13,024 [INFO]  Epoch[2] Validation-cross-entropy=118.201080
2023-11-08 14:24:13,024 [INFO]  Epoch[2] Validation-mean_acc_in_air2-accuracy=0.000000
2023-11-08 14:24:13,030 [INFO]  Epoch[3] Batch [0-4]	Speed: 15170.13 samples/sec	cross-entropy=2.291325	mean_acc_in_air2-accuracy=0.000000
2023-11-08 14:24:13,033 [INFO]  Epoch[3] Train-cross-entropy=2.273272
2023-11-08 14:24:13,033 [INFO]  Epoch[3] Train-mean_acc_in_air2-accuracy=0.000000
2023-11-08 14:24:13,033 [INFO]  Epoch[3] Time cost=0.009
2023-11-08 14:24:13,034 [INFO]  Saved checkpoint to "./imputer_model/imputer_model_mean_acc_in_air2/model-0003.params"
2023-11-08 14:24:13,035 [INFO]  Epoch[3] Validation-cross-entropy=82.027794
2023-11-08 14:24:13,035 [INFO]  Epoch[3] Validation-mean_acc_in_air2-accuracy=0.000000
2023-11-08 14:24:13,041 [INFO]  Epoch[4] Batch [0-4]	Speed: 13931.67 samples/sec	cross-entropy=0.872216	mean_acc_in_air2-accuracy=0.000000
2023-11-08 14:24:13,045 [INFO]  Epoch[4] Train-cross-entropy=1.130786
2023-11-08 14:24:13,045 [INFO]  Epoch[4] Train-mean_acc_in_air2-accuracy=0.000000
2023-11-08 14:24:13,045 [INFO]  Epoch[4] Time cost=0.010
2023-11-08 14:24:13,046 [INFO]  Saved checkpoint to "./imputer_model/imputer_model_mean_acc_in_air2/model-0004.params"
2023-11-08 14:24:13,046 [INFO]  Epoch[4] Validation-cross-entropy=103.074364
2023-11-08 14:24:13,047 [INFO]  Epoch[4] Validation-mean_acc_in_air2-accuracy=0.000000
2023-11-08 14:24:13,047 [INFO]  
========== done (0.06496429443359375 s) fit model
2023-11-08 14:38:04,856 [INFO]  
========== start: fit model
2023-11-08 14:38:04,857 [WARNING]  Already bound, ignoring bind()
2023-11-08 14:38:04,864 [INFO]  Epoch[0] Batch [0-4]	Speed: 13652.50 samples/sec	cross-entropy=20.881174	mean_acc_in_air2-accuracy=0.000000
2023-11-08 14:38:04,867 [INFO]  Epoch[0] Train-cross-entropy=25.556122
2023-11-08 14:38:04,867 [INFO]  Epoch[0] Train-mean_acc_in_air2-accuracy=0.000000
2023-11-08 14:38:04,868 [INFO]  Epoch[0] Time cost=0.010
2023-11-08 14:38:04,869 [INFO]  Saved checkpoint to "./imputer_model/imputer_model_mean_acc_in_air2/model-0000.params"
2023-11-08 14:38:04,869 [INFO]  Epoch[0] Validation-cross-entropy=23.962528
2023-11-08 14:38:04,870 [INFO]  Epoch[0] Validation-mean_acc_in_air2-accuracy=0.000000
2023-11-08 14:38:04,874 [INFO]  Epoch[1] Batch [0-4]	Speed: 17707.99 samples/sec	cross-entropy=36.926366	mean_acc_in_air2-accuracy=0.000000
2023-11-08 14:38:04,877 [INFO]  Epoch[1] Train-cross-entropy=32.927238
2023-11-08 14:38:04,877 [INFO]  Epoch[1] Train-mean_acc_in_air2-accuracy=0.000000
2023-11-08 14:38:04,877 [INFO]  Epoch[1] Time cost=0.007
2023-11-08 14:38:04,878 [INFO]  Saved checkpoint to "./imputer_model/imputer_model_mean_acc_in_air2/model-0001.params"
2023-11-08 14:38:04,879 [INFO]  Epoch[1] Validation-cross-entropy=23.127682
2023-11-08 14:38:04,879 [INFO]  Epoch[1] Validation-mean_acc_in_air2-accuracy=0.000000
2023-11-08 14:38:04,882 [INFO]  Epoch[2] Batch [0-4]	Speed: 26092.09 samples/sec	cross-entropy=6.734766	mean_acc_in_air2-accuracy=0.000000
2023-11-08 14:38:04,884 [INFO]  Epoch[2] Train-cross-entropy=5.234429
2023-11-08 14:38:04,884 [INFO]  Epoch[2] Train-mean_acc_in_air2-accuracy=0.000000
2023-11-08 14:38:04,884 [INFO]  Epoch[2] Time cost=0.005
2023-11-08 14:38:04,885 [INFO]  Saved checkpoint to "./imputer_model/imputer_model_mean_acc_in_air2/model-0002.params"
2023-11-08 14:38:04,886 [INFO]  Epoch[2] Validation-cross-entropy=22.071060
2023-11-08 14:38:04,886 [INFO]  Epoch[2] Validation-mean_acc_in_air2-accuracy=0.000000
2023-11-08 14:38:04,889 [INFO]  Epoch[3] Batch [0-4]	Speed: 25744.27 samples/sec	cross-entropy=2.202744	mean_acc_in_air2-accuracy=0.000000
2023-11-08 14:38:04,891 [INFO]  Epoch[3] Train-cross-entropy=1.853967
2023-11-08 14:38:04,891 [INFO]  Epoch[3] Train-mean_acc_in_air2-accuracy=0.000000
2023-11-08 14:38:04,891 [INFO]  Epoch[3] Time cost=0.005
2023-11-08 14:38:04,892 [INFO]  Saved checkpoint to "./imputer_model/imputer_model_mean_acc_in_air2/model-0003.params"
2023-11-08 14:38:04,893 [INFO]  Epoch[3] Validation-cross-entropy=13.021667
2023-11-08 14:38:04,893 [INFO]  Epoch[3] Validation-mean_acc_in_air2-accuracy=0.000000
2023-11-08 14:38:04,896 [INFO]  Epoch[4] Batch [0-4]	Speed: 22828.09 samples/sec	cross-entropy=1.724070	mean_acc_in_air2-accuracy=0.000000
2023-11-08 14:38:04,899 [INFO]  Epoch[4] Train-cross-entropy=1.278603
2023-11-08 14:38:04,899 [INFO]  Epoch[4] Train-mean_acc_in_air2-accuracy=0.000000
2023-11-08 14:38:04,899 [INFO]  Epoch[4] Time cost=0.006
2023-11-08 14:38:04,900 [INFO]  Saved checkpoint to "./imputer_model/imputer_model_mean_acc_in_air2/model-0004.params"
2023-11-08 14:38:04,900 [INFO]  Epoch[4] Validation-cross-entropy=16.203665
2023-11-08 14:38:04,901 [INFO]  Epoch[4] Validation-mean_acc_in_air2-accuracy=0.000000
2023-11-08 14:38:04,901 [INFO]  
========== done (0.04412126541137695 s) fit model
2023-11-08 14:52:10,869 [INFO]  
========== start: fit model
2023-11-08 14:52:10,869 [WARNING]  Already bound, ignoring bind()
2023-11-08 14:52:10,876 [INFO]  Epoch[0] Batch [0-4]	Speed: 14181.92 samples/sec	cross-entropy=22.141512	mean_acc_in_air2-accuracy=4.200000
2023-11-08 14:52:10,879 [INFO]  Epoch[0] Train-cross-entropy=26.319836
2023-11-08 14:52:10,879 [INFO]  Epoch[0] Train-mean_acc_in_air2-accuracy=3.375000
2023-11-08 14:52:10,879 [INFO]  Epoch[0] Time cost=0.010
2023-11-08 14:52:10,881 [INFO]  Saved checkpoint to "./imputer_model/imputer_model_mean_acc_in_air2/model-0000.params"
2023-11-08 14:52:10,881 [INFO]  Epoch[0] Validation-cross-entropy=21.447269
2023-11-08 14:52:10,881 [INFO]  Epoch[0] Validation-mean_acc_in_air2-accuracy=0.000000
2023-11-08 14:52:10,887 [INFO]  Epoch[1] Batch [0-4]	Speed: 15183.00 samples/sec	cross-entropy=36.496478	mean_acc_in_air2-accuracy=4.200000
2023-11-08 14:52:10,890 [INFO]  Epoch[1] Train-cross-entropy=33.361138
2023-11-08 14:52:10,890 [INFO]  Epoch[1] Train-mean_acc_in_air2-accuracy=3.375000
2023-11-08 14:52:10,890 [INFO]  Epoch[1] Time cost=0.009
2023-11-08 14:52:10,891 [INFO]  Saved checkpoint to "./imputer_model/imputer_model_mean_acc_in_air2/model-0001.params"
2023-11-08 14:52:10,892 [INFO]  Epoch[1] Validation-cross-entropy=25.046459
2023-11-08 14:52:10,892 [INFO]  Epoch[1] Validation-mean_acc_in_air2-accuracy=0.000000
2023-11-08 14:52:10,898 [INFO]  Epoch[2] Batch [0-4]	Speed: 14609.53 samples/sec	cross-entropy=5.102110	mean_acc_in_air2-accuracy=4.200000
2023-11-08 14:52:10,901 [INFO]  Epoch[2] Train-cross-entropy=6.697477
2023-11-08 14:52:10,901 [INFO]  Epoch[2] Train-mean_acc_in_air2-accuracy=3.375000
2023-11-08 14:52:10,901 [INFO]  Epoch[2] Time cost=0.009
2023-11-08 14:52:10,902 [INFO]  Saved checkpoint to "./imputer_model/imputer_model_mean_acc_in_air2/model-0002.params"
2023-11-08 14:52:10,903 [INFO]  Epoch[2] Validation-cross-entropy=20.065334
2023-11-08 14:52:10,903 [INFO]  Epoch[2] Validation-mean_acc_in_air2-accuracy=0.000000
2023-11-08 14:52:10,908 [INFO]  Epoch[3] Batch [0-4]	Speed: 14633.42 samples/sec	cross-entropy=2.467409	mean_acc_in_air2-accuracy=4.200000
2023-11-08 14:52:10,912 [INFO]  Epoch[3] Train-cross-entropy=2.961602
2023-11-08 14:52:10,912 [INFO]  Epoch[3] Train-mean_acc_in_air2-accuracy=3.375000
2023-11-08 14:52:10,912 [INFO]  Epoch[3] Time cost=0.009
2023-11-08 14:52:10,913 [INFO]  Saved checkpoint to "./imputer_model/imputer_model_mean_acc_in_air2/model-0003.params"
2023-11-08 14:52:10,914 [INFO]  Epoch[3] Validation-cross-entropy=24.749802
2023-11-08 14:52:10,914 [INFO]  Epoch[3] Validation-mean_acc_in_air2-accuracy=0.000000
2023-11-08 14:52:10,919 [INFO]  Epoch[4] Batch [0-4]	Speed: 15548.86 samples/sec	cross-entropy=1.268546	mean_acc_in_air2-accuracy=4.200000
2023-11-08 14:52:10,922 [INFO]  Epoch[4] Train-cross-entropy=1.087739
2023-11-08 14:52:10,922 [INFO]  Epoch[4] Train-mean_acc_in_air2-accuracy=3.375000
2023-11-08 14:52:10,922 [INFO]  Epoch[4] Time cost=0.008
2023-11-08 14:52:10,924 [INFO]  Saved checkpoint to "./imputer_model/imputer_model_mean_acc_in_air2/model-0004.params"
2023-11-08 14:52:10,924 [INFO]  Epoch[4] Validation-cross-entropy=20.672060
2023-11-08 14:52:10,925 [INFO]  Epoch[4] Validation-mean_acc_in_air2-accuracy=0.000000
2023-11-08 14:52:10,925 [INFO]  
========== done (0.055732011795043945 s) fit model
