2023-11-08 12:37:42,937 [INFO]  
========== start: fit model
2023-11-08 12:37:42,937 [WARNING]  Already bound, ignoring bind()
2023-11-08 12:37:42,947 [INFO]  Epoch[0] Batch [0-4]	Speed: 11649.83 samples/sec	cross-entropy=9.271831	air_time10-accuracy=0.000000
2023-11-08 12:37:42,952 [INFO]  Epoch[0] Train-cross-entropy=12.013572
2023-11-08 12:37:42,952 [INFO]  Epoch[0] Train-air_time10-accuracy=0.000000
2023-11-08 12:37:42,952 [INFO]  Epoch[0] Time cost=0.013
2023-11-08 12:37:42,956 [INFO]  Saved checkpoint to "./imputer_model/imputer_model_air_time10/model-0000.params"
2023-11-08 12:37:43,114 [INFO]  Epoch[0] Validation-cross-entropy=8.425592
2023-11-08 12:37:43,115 [INFO]  Epoch[0] Validation-air_time10-accuracy=0.000000
2023-11-08 12:37:43,182 [INFO]  Epoch[1] Batch [0-4]	Speed: 8186.25 samples/sec	cross-entropy=52.402282	air_time10-accuracy=0.000000
2023-11-08 12:37:43,192 [INFO]  Epoch[1] Train-cross-entropy=36.547762
2023-11-08 12:37:43,192 [INFO]  Epoch[1] Train-air_time10-accuracy=0.000000
2023-11-08 12:37:43,192 [INFO]  Epoch[1] Time cost=0.077
2023-11-08 12:37:43,196 [INFO]  Saved checkpoint to "./imputer_model/imputer_model_air_time10/model-0001.params"
2023-11-08 12:37:43,340 [INFO]  Epoch[1] Validation-cross-entropy=23.215891
2023-11-08 12:37:43,341 [INFO]  Epoch[1] Validation-air_time10-accuracy=0.000000
2023-11-08 12:37:43,715 [INFO]  Epoch[2] Batch [0-4]	Speed: 7189.53 samples/sec	cross-entropy=7.702323	air_time10-accuracy=0.000000
2023-11-08 12:37:43,723 [INFO]  Epoch[2] Train-cross-entropy=5.764784
2023-11-08 12:37:43,723 [INFO]  Epoch[2] Train-air_time10-accuracy=0.000000
2023-11-08 12:37:43,723 [INFO]  Epoch[2] Time cost=0.382
2023-11-08 12:37:43,725 [INFO]  Saved checkpoint to "./imputer_model/imputer_model_air_time10/model-0002.params"
2023-11-08 12:37:43,726 [INFO]  Epoch[2] Validation-cross-entropy=28.019630
2023-11-08 12:37:43,726 [INFO]  Epoch[2] Validation-air_time10-accuracy=0.000000
2023-11-08 12:37:43,743 [INFO]  Epoch[3] Batch [0-4]	Speed: 5944.62 samples/sec	cross-entropy=3.011273	air_time10-accuracy=0.000000
2023-11-08 12:37:43,751 [INFO]  Epoch[3] Train-cross-entropy=2.358128
2023-11-08 12:37:43,751 [INFO]  Epoch[3] Train-air_time10-accuracy=0.000000
2023-11-08 12:37:43,751 [INFO]  Epoch[3] Time cost=0.025
2023-11-08 12:37:43,753 [INFO]  Saved checkpoint to "./imputer_model/imputer_model_air_time10/model-0003.params"
2023-11-08 12:37:43,754 [INFO]  Epoch[3] Validation-cross-entropy=15.048630
2023-11-08 12:37:43,754 [INFO]  Epoch[3] Validation-air_time10-accuracy=0.000000
2023-11-08 12:37:43,786 [INFO]  Epoch[4] Batch [0-4]	Speed: 2395.42 samples/sec	cross-entropy=1.470176	air_time10-accuracy=0.000000
2023-11-08 12:37:43,804 [INFO]  Epoch[4] Train-cross-entropy=1.155963
2023-11-08 12:37:43,805 [INFO]  Epoch[4] Train-air_time10-accuracy=0.000000
2023-11-08 12:37:43,805 [INFO]  Epoch[4] Time cost=0.051
2023-11-08 12:37:43,806 [INFO]  Saved checkpoint to "./imputer_model/imputer_model_air_time10/model-0004.params"
2023-11-08 12:37:43,810 [INFO]  Epoch[4] Validation-cross-entropy=18.871199
2023-11-08 12:37:43,810 [INFO]  Epoch[4] Validation-air_time10-accuracy=0.000000
2023-11-08 12:37:43,810 [INFO]  
========== done (0.873387336730957 s) fit model
2023-11-08 13:05:53,744 [INFO]  
========== start: fit model
2023-11-08 13:05:53,744 [WARNING]  Already bound, ignoring bind()
2023-11-08 13:05:53,751 [INFO]  Epoch[0] Batch [0-4]	Speed: 14176.68 samples/sec	cross-entropy=17.427532	air_time10-accuracy=3.400000
2023-11-08 13:05:53,756 [INFO]  Epoch[0] Train-cross-entropy=16.907979
2023-11-08 13:05:53,756 [INFO]  Epoch[0] Train-air_time10-accuracy=2.750000
2023-11-08 13:05:53,756 [INFO]  Epoch[0] Time cost=0.011
2023-11-08 13:05:53,759 [INFO]  Saved checkpoint to "./imputer_model/imputer_model_air_time10/model-0000.params"
2023-11-08 13:05:53,760 [INFO]  Epoch[0] Validation-cross-entropy=3.505192
2023-11-08 13:05:53,760 [INFO]  Epoch[0] Validation-air_time10-accuracy=0.000000
2023-11-08 13:05:53,768 [INFO]  Epoch[1] Batch [0-4]	Speed: 10927.56 samples/sec	cross-entropy=30.169646	air_time10-accuracy=3.400000
2023-11-08 13:05:53,773 [INFO]  Epoch[1] Train-cross-entropy=25.094954
2023-11-08 13:05:53,773 [INFO]  Epoch[1] Train-air_time10-accuracy=2.750000
2023-11-08 13:05:53,773 [INFO]  Epoch[1] Time cost=0.012
2023-11-08 13:05:53,775 [INFO]  Saved checkpoint to "./imputer_model/imputer_model_air_time10/model-0001.params"
2023-11-08 13:05:53,776 [INFO]  Epoch[1] Validation-cross-entropy=2.528543
2023-11-08 13:05:53,776 [INFO]  Epoch[1] Validation-air_time10-accuracy=0.000000
2023-11-08 13:05:53,781 [INFO]  Epoch[2] Batch [0-4]	Speed: 15520.09 samples/sec	cross-entropy=4.720635	air_time10-accuracy=3.400000
2023-11-08 13:05:53,784 [INFO]  Epoch[2] Train-cross-entropy=5.429033
2023-11-08 13:05:53,784 [INFO]  Epoch[2] Train-air_time10-accuracy=2.750000
2023-11-08 13:05:53,785 [INFO]  Epoch[2] Time cost=0.009
2023-11-08 13:05:53,786 [INFO]  Saved checkpoint to "./imputer_model/imputer_model_air_time10/model-0002.params"
2023-11-08 13:05:53,786 [INFO]  Epoch[2] Validation-cross-entropy=4.340295
2023-11-08 13:05:53,787 [INFO]  Epoch[2] Validation-air_time10-accuracy=0.000000
2023-11-08 13:05:53,793 [INFO]  Epoch[3] Batch [0-4]	Speed: 13422.44 samples/sec	cross-entropy=2.441539	air_time10-accuracy=3.400000
2023-11-08 13:05:53,796 [INFO]  Epoch[3] Train-cross-entropy=2.793011
2023-11-08 13:05:53,796 [INFO]  Epoch[3] Train-air_time10-accuracy=2.750000
2023-11-08 13:05:53,796 [INFO]  Epoch[3] Time cost=0.010
2023-11-08 13:05:53,799 [INFO]  Saved checkpoint to "./imputer_model/imputer_model_air_time10/model-0003.params"
2023-11-08 13:05:53,800 [INFO]  Epoch[3] Validation-cross-entropy=2.866245
2023-11-08 13:05:53,800 [INFO]  Epoch[3] Validation-air_time10-accuracy=0.000000
2023-11-08 13:05:53,805 [INFO]  Epoch[4] Batch [0-4]	Speed: 15304.19 samples/sec	cross-entropy=1.102664	air_time10-accuracy=3.400000
2023-11-08 13:05:53,808 [INFO]  Epoch[4] Train-cross-entropy=1.966280
2023-11-08 13:05:53,808 [INFO]  Epoch[4] Train-air_time10-accuracy=2.750000
2023-11-08 13:05:53,808 [INFO]  Epoch[4] Time cost=0.009
2023-11-08 13:05:53,810 [INFO]  Saved checkpoint to "./imputer_model/imputer_model_air_time10/model-0004.params"
2023-11-08 13:05:53,811 [INFO]  Epoch[4] Validation-cross-entropy=1.920123
2023-11-08 13:05:53,811 [INFO]  Epoch[4] Validation-air_time10-accuracy=0.000000
2023-11-08 13:05:53,811 [INFO]  
========== done (0.06727409362792969 s) fit model
2023-11-08 13:19:19,731 [INFO]  
========== start: fit model
2023-11-08 13:19:19,731 [WARNING]  Already bound, ignoring bind()
2023-11-08 13:19:19,738 [INFO]  Epoch[0] Batch [0-4]	Speed: 14122.24 samples/sec	cross-entropy=22.526336	air_time10-accuracy=0.000000
2023-11-08 13:19:19,742 [INFO]  Epoch[0] Train-cross-entropy=22.688269
2023-11-08 13:19:19,742 [INFO]  Epoch[0] Train-air_time10-accuracy=0.000000
2023-11-08 13:19:19,742 [INFO]  Epoch[0] Time cost=0.011
2023-11-08 13:19:19,743 [INFO]  Saved checkpoint to "./imputer_model/imputer_model_air_time10/model-0000.params"
2023-11-08 13:19:19,744 [INFO]  Epoch[0] Validation-cross-entropy=20.785170
2023-11-08 13:19:19,744 [INFO]  Epoch[0] Validation-air_time10-accuracy=0.000000
2023-11-08 13:19:19,749 [INFO]  Epoch[1] Batch [0-4]	Speed: 14575.42 samples/sec	cross-entropy=29.649604	air_time10-accuracy=0.000000
2023-11-08 13:19:19,754 [INFO]  Epoch[1] Train-cross-entropy=29.596561
2023-11-08 13:19:19,754 [INFO]  Epoch[1] Train-air_time10-accuracy=0.000000
2023-11-08 13:19:19,754 [INFO]  Epoch[1] Time cost=0.010
2023-11-08 13:19:19,758 [INFO]  Saved checkpoint to "./imputer_model/imputer_model_air_time10/model-0001.params"
2023-11-08 13:19:19,759 [INFO]  Epoch[1] Validation-cross-entropy=16.599688
2023-11-08 13:19:19,759 [INFO]  Epoch[1] Validation-air_time10-accuracy=0.000000
2023-11-08 13:19:19,767 [INFO]  Epoch[2] Batch [0-4]	Speed: 10912.45 samples/sec	cross-entropy=9.940667	air_time10-accuracy=0.000000
2023-11-08 13:19:19,770 [INFO]  Epoch[2] Train-cross-entropy=7.924401
2023-11-08 13:19:19,771 [INFO]  Epoch[2] Train-air_time10-accuracy=0.000000
2023-11-08 13:19:19,771 [INFO]  Epoch[2] Time cost=0.012
2023-11-08 13:19:19,773 [INFO]  Saved checkpoint to "./imputer_model/imputer_model_air_time10/model-0002.params"
2023-11-08 13:19:19,773 [INFO]  Epoch[2] Validation-cross-entropy=14.227392
2023-11-08 13:19:19,773 [INFO]  Epoch[2] Validation-air_time10-accuracy=0.000000
2023-11-08 13:19:19,779 [INFO]  Epoch[3] Batch [0-4]	Speed: 15653.13 samples/sec	cross-entropy=3.058690	air_time10-accuracy=0.000000
2023-11-08 13:19:19,782 [INFO]  Epoch[3] Train-cross-entropy=2.674790
2023-11-08 13:19:19,782 [INFO]  Epoch[3] Train-air_time10-accuracy=0.000000
2023-11-08 13:19:19,782 [INFO]  Epoch[3] Time cost=0.008
2023-11-08 13:19:19,783 [INFO]  Saved checkpoint to "./imputer_model/imputer_model_air_time10/model-0003.params"
2023-11-08 13:19:19,784 [INFO]  Epoch[3] Validation-cross-entropy=21.137955
2023-11-08 13:19:19,784 [INFO]  Epoch[3] Validation-air_time10-accuracy=0.000000
2023-11-08 13:19:19,789 [INFO]  Epoch[4] Batch [0-4]	Speed: 16127.09 samples/sec	cross-entropy=1.080355	air_time10-accuracy=0.000000
2023-11-08 13:19:19,792 [INFO]  Epoch[4] Train-cross-entropy=1.249299
2023-11-08 13:19:19,792 [INFO]  Epoch[4] Train-air_time10-accuracy=0.000000
2023-11-08 13:19:19,792 [INFO]  Epoch[4] Time cost=0.008
2023-11-08 13:19:19,793 [INFO]  Saved checkpoint to "./imputer_model/imputer_model_air_time10/model-0004.params"
2023-11-08 13:19:19,794 [INFO]  Epoch[4] Validation-cross-entropy=15.096932
2023-11-08 13:19:19,794 [INFO]  Epoch[4] Validation-air_time10-accuracy=0.000000
2023-11-08 13:19:19,794 [INFO]  
========== done (0.0630333423614502 s) fit model
2023-11-08 13:32:40,391 [INFO]  
========== start: fit model
2023-11-08 13:32:40,391 [WARNING]  Already bound, ignoring bind()
2023-11-08 13:32:40,398 [INFO]  Epoch[0] Batch [0-4]	Speed: 14227.78 samples/sec	cross-entropy=14.732121	air_time10-accuracy=4.000000
2023-11-08 13:32:40,401 [INFO]  Epoch[0] Train-cross-entropy=22.779281
2023-11-08 13:32:40,401 [INFO]  Epoch[0] Train-air_time10-accuracy=3.375000
2023-11-08 13:32:40,401 [INFO]  Epoch[0] Time cost=0.010
2023-11-08 13:32:40,402 [INFO]  Saved checkpoint to "./imputer_model/imputer_model_air_time10/model-0000.params"
2023-11-08 13:32:40,403 [INFO]  Epoch[0] Validation-cross-entropy=5.984063
2023-11-08 13:32:40,403 [INFO]  Epoch[0] Validation-air_time10-accuracy=0.000000
2023-11-08 13:32:40,409 [INFO]  Epoch[1] Batch [0-4]	Speed: 14513.16 samples/sec	cross-entropy=46.719011	air_time10-accuracy=4.000000
2023-11-08 13:32:40,412 [INFO]  Epoch[1] Train-cross-entropy=40.793284
2023-11-08 13:32:40,412 [INFO]  Epoch[1] Train-air_time10-accuracy=3.375000
2023-11-08 13:32:40,413 [INFO]  Epoch[1] Time cost=0.010
2023-11-08 13:32:40,416 [INFO]  Saved checkpoint to "./imputer_model/imputer_model_air_time10/model-0001.params"
2023-11-08 13:32:40,417 [INFO]  Epoch[1] Validation-cross-entropy=3.091322
2023-11-08 13:32:40,417 [INFO]  Epoch[1] Validation-air_time10-accuracy=0.000000
2023-11-08 13:32:40,424 [INFO]  Epoch[2] Batch [0-4]	Speed: 11495.67 samples/sec	cross-entropy=10.339491	air_time10-accuracy=4.000000
2023-11-08 13:32:40,428 [INFO]  Epoch[2] Train-cross-entropy=14.050646
2023-11-08 13:32:40,428 [INFO]  Epoch[2] Train-air_time10-accuracy=3.375000
2023-11-08 13:32:40,428 [INFO]  Epoch[2] Time cost=0.012
2023-11-08 13:32:40,431 [INFO]  Saved checkpoint to "./imputer_model/imputer_model_air_time10/model-0002.params"
2023-11-08 13:32:40,431 [INFO]  Epoch[2] Validation-cross-entropy=1.799377
2023-11-08 13:32:40,431 [INFO]  Epoch[2] Validation-air_time10-accuracy=0.000000
2023-11-08 13:32:40,438 [INFO]  Epoch[3] Batch [0-4]	Speed: 12704.60 samples/sec	cross-entropy=5.225199	air_time10-accuracy=4.000000
2023-11-08 13:32:40,442 [INFO]  Epoch[3] Train-cross-entropy=4.455794
2023-11-08 13:32:40,442 [INFO]  Epoch[3] Train-air_time10-accuracy=3.375000
2023-11-08 13:32:40,442 [INFO]  Epoch[3] Time cost=0.010
2023-11-08 13:32:40,443 [INFO]  Saved checkpoint to "./imputer_model/imputer_model_air_time10/model-0003.params"
2023-11-08 13:32:40,444 [INFO]  Epoch[3] Validation-cross-entropy=1.676118
2023-11-08 13:32:40,444 [INFO]  Epoch[3] Validation-air_time10-accuracy=0.000000
2023-11-08 13:32:40,450 [INFO]  Epoch[4] Batch [0-4]	Speed: 13686.61 samples/sec	cross-entropy=2.355789	air_time10-accuracy=4.000000
2023-11-08 13:32:40,454 [INFO]  Epoch[4] Train-cross-entropy=2.727559
2023-11-08 13:32:40,454 [INFO]  Epoch[4] Train-air_time10-accuracy=3.375000
2023-11-08 13:32:40,454 [INFO]  Epoch[4] Time cost=0.010
2023-11-08 13:32:40,455 [INFO]  Saved checkpoint to "./imputer_model/imputer_model_air_time10/model-0004.params"
2023-11-08 13:32:40,456 [INFO]  Epoch[4] Validation-cross-entropy=1.613213
2023-11-08 13:32:40,456 [INFO]  Epoch[4] Validation-air_time10-accuracy=0.000000
2023-11-08 13:32:40,456 [INFO]  
========== done (0.0651698112487793 s) fit model
2023-11-08 13:46:00,139 [INFO]  
========== start: fit model
2023-11-08 13:46:00,139 [WARNING]  Already bound, ignoring bind()
2023-11-08 13:46:00,148 [INFO]  Epoch[0] Batch [0-4]	Speed: 10368.31 samples/sec	cross-entropy=20.743798	air_time10-accuracy=0.000000
2023-11-08 13:46:00,152 [INFO]  Epoch[0] Train-cross-entropy=18.192837
2023-11-08 13:46:00,153 [INFO]  Epoch[0] Train-air_time10-accuracy=0.000000
2023-11-08 13:46:00,153 [INFO]  Epoch[0] Time cost=0.013
2023-11-08 13:46:00,154 [INFO]  Saved checkpoint to "./imputer_model/imputer_model_air_time10/model-0000.params"
2023-11-08 13:46:00,155 [INFO]  Epoch[0] Validation-cross-entropy=9.141253
2023-11-08 13:46:00,155 [INFO]  Epoch[0] Validation-air_time10-accuracy=0.000000
2023-11-08 13:46:00,161 [INFO]  Epoch[1] Batch [0-4]	Speed: 13718.08 samples/sec	cross-entropy=41.985578	air_time10-accuracy=0.000000
2023-11-08 13:46:00,164 [INFO]  Epoch[1] Train-cross-entropy=33.829714
2023-11-08 13:46:00,164 [INFO]  Epoch[1] Train-air_time10-accuracy=0.000000
2023-11-08 13:46:00,164 [INFO]  Epoch[1] Time cost=0.010
2023-11-08 13:46:00,166 [INFO]  Saved checkpoint to "./imputer_model/imputer_model_air_time10/model-0001.params"
2023-11-08 13:46:00,166 [INFO]  Epoch[1] Validation-cross-entropy=30.800482
2023-11-08 13:46:00,166 [INFO]  Epoch[1] Validation-air_time10-accuracy=0.000000
2023-11-08 13:46:00,172 [INFO]  Epoch[2] Batch [0-4]	Speed: 14297.49 samples/sec	cross-entropy=15.024070	air_time10-accuracy=0.000000
2023-11-08 13:46:00,176 [INFO]  Epoch[2] Train-cross-entropy=11.355724
2023-11-08 13:46:00,176 [INFO]  Epoch[2] Train-air_time10-accuracy=0.000000
2023-11-08 13:46:00,176 [INFO]  Epoch[2] Time cost=0.009
2023-11-08 13:46:00,177 [INFO]  Saved checkpoint to "./imputer_model/imputer_model_air_time10/model-0002.params"
2023-11-08 13:46:00,178 [INFO]  Epoch[2] Validation-cross-entropy=6.481876
2023-11-08 13:46:00,178 [INFO]  Epoch[2] Validation-air_time10-accuracy=0.000000
2023-11-08 13:46:00,183 [INFO]  Epoch[3] Batch [0-4]	Speed: 14362.52 samples/sec	cross-entropy=7.704508	air_time10-accuracy=0.000000
2023-11-08 13:46:00,187 [INFO]  Epoch[3] Train-cross-entropy=6.757884
2023-11-08 13:46:00,187 [INFO]  Epoch[3] Train-air_time10-accuracy=0.000000
2023-11-08 13:46:00,187 [INFO]  Epoch[3] Time cost=0.009
2023-11-08 13:46:00,188 [INFO]  Saved checkpoint to "./imputer_model/imputer_model_air_time10/model-0003.params"
2023-11-08 13:46:00,189 [INFO]  Epoch[3] Validation-cross-entropy=14.469020
2023-11-08 13:46:00,189 [INFO]  Epoch[3] Validation-air_time10-accuracy=0.000000
2023-11-08 13:46:00,194 [INFO]  Epoch[4] Batch [0-4]	Speed: 14443.66 samples/sec	cross-entropy=2.495844	air_time10-accuracy=0.000000
2023-11-08 13:46:00,198 [INFO]  Epoch[4] Train-cross-entropy=2.029654
2023-11-08 13:46:00,198 [INFO]  Epoch[4] Train-air_time10-accuracy=0.000000
2023-11-08 13:46:00,198 [INFO]  Epoch[4] Time cost=0.009
2023-11-08 13:46:00,199 [INFO]  Saved checkpoint to "./imputer_model/imputer_model_air_time10/model-0004.params"
2023-11-08 13:46:00,200 [INFO]  Epoch[4] Validation-cross-entropy=7.641935
2023-11-08 13:46:00,200 [INFO]  Epoch[4] Validation-air_time10-accuracy=0.000000
2023-11-08 13:46:00,200 [INFO]  
========== done (0.061089277267456055 s) fit model
2023-11-08 13:59:22,672 [INFO]  
========== start: fit model
2023-11-08 13:59:22,672 [WARNING]  Already bound, ignoring bind()
2023-11-08 13:59:22,679 [INFO]  Epoch[0] Batch [0-4]	Speed: 14239.10 samples/sec	cross-entropy=18.913158	air_time10-accuracy=3.600000
2023-11-08 13:59:22,682 [INFO]  Epoch[0] Train-cross-entropy=22.902208
2023-11-08 13:59:22,682 [INFO]  Epoch[0] Train-air_time10-accuracy=3.875000
2023-11-08 13:59:22,682 [INFO]  Epoch[0] Time cost=0.010
2023-11-08 13:59:22,683 [INFO]  Saved checkpoint to "./imputer_model/imputer_model_air_time10/model-0000.params"
2023-11-08 13:59:22,684 [INFO]  Epoch[0] Validation-cross-entropy=6.202266
2023-11-08 13:59:22,684 [INFO]  Epoch[0] Validation-air_time10-accuracy=0.000000
2023-11-08 13:59:22,690 [INFO]  Epoch[1] Batch [0-4]	Speed: 12443.70 samples/sec	cross-entropy=34.418945	air_time10-accuracy=3.600000
2023-11-08 13:59:22,695 [INFO]  Epoch[1] Train-cross-entropy=30.302460
2023-11-08 13:59:22,695 [INFO]  Epoch[1] Train-air_time10-accuracy=3.875000
2023-11-08 13:59:22,695 [INFO]  Epoch[1] Time cost=0.012
2023-11-08 13:59:22,699 [INFO]  Saved checkpoint to "./imputer_model/imputer_model_air_time10/model-0001.params"
2023-11-08 13:59:22,700 [INFO]  Epoch[1] Validation-cross-entropy=2.777857
2023-11-08 13:59:22,700 [INFO]  Epoch[1] Validation-air_time10-accuracy=0.000000
2023-11-08 13:59:22,707 [INFO]  Epoch[2] Batch [0-4]	Speed: 12140.91 samples/sec	cross-entropy=6.747533	air_time10-accuracy=3.600000
2023-11-08 13:59:22,711 [INFO]  Epoch[2] Train-cross-entropy=5.567285
2023-11-08 13:59:22,711 [INFO]  Epoch[2] Train-air_time10-accuracy=3.875000
2023-11-08 13:59:22,711 [INFO]  Epoch[2] Time cost=0.011
2023-11-08 13:59:22,713 [INFO]  Saved checkpoint to "./imputer_model/imputer_model_air_time10/model-0002.params"
2023-11-08 13:59:22,713 [INFO]  Epoch[2] Validation-cross-entropy=7.285800
2023-11-08 13:59:22,713 [INFO]  Epoch[2] Validation-air_time10-accuracy=0.000000
2023-11-08 13:59:22,720 [INFO]  Epoch[3] Batch [0-4]	Speed: 13161.18 samples/sec	cross-entropy=5.486936	air_time10-accuracy=3.600000
2023-11-08 13:59:22,723 [INFO]  Epoch[3] Train-cross-entropy=4.833658
2023-11-08 13:59:22,723 [INFO]  Epoch[3] Train-air_time10-accuracy=3.875000
2023-11-08 13:59:22,723 [INFO]  Epoch[3] Time cost=0.010
2023-11-08 13:59:22,725 [INFO]  Saved checkpoint to "./imputer_model/imputer_model_air_time10/model-0003.params"
2023-11-08 13:59:22,725 [INFO]  Epoch[3] Validation-cross-entropy=3.070341
2023-11-08 13:59:22,726 [INFO]  Epoch[3] Validation-air_time10-accuracy=0.000000
2023-11-08 13:59:22,733 [INFO]  Epoch[4] Batch [0-4]	Speed: 9738.27 samples/sec	cross-entropy=1.147496	air_time10-accuracy=3.600000
2023-11-08 13:59:22,738 [INFO]  Epoch[4] Train-cross-entropy=1.146072
2023-11-08 13:59:22,738 [INFO]  Epoch[4] Train-air_time10-accuracy=3.875000
2023-11-08 13:59:22,738 [INFO]  Epoch[4] Time cost=0.013
2023-11-08 13:59:22,741 [INFO]  Saved checkpoint to "./imputer_model/imputer_model_air_time10/model-0004.params"
2023-11-08 13:59:22,742 [INFO]  Epoch[4] Validation-cross-entropy=2.762185
2023-11-08 13:59:22,742 [INFO]  Epoch[4] Validation-air_time10-accuracy=0.000000
2023-11-08 13:59:22,742 [INFO]  
========== done (0.07067012786865234 s) fit model
2023-11-08 14:12:48,006 [INFO]  
========== start: fit model
2023-11-08 14:12:48,006 [WARNING]  Already bound, ignoring bind()
2023-11-08 14:12:48,013 [INFO]  Epoch[0] Batch [0-4]	Speed: 14172.94 samples/sec	cross-entropy=15.937324	air_time10-accuracy=3.600000
2023-11-08 14:12:48,018 [INFO]  Epoch[0] Train-cross-entropy=22.868616
2023-11-08 14:12:48,018 [INFO]  Epoch[0] Train-air_time10-accuracy=3.375000
2023-11-08 14:12:48,018 [INFO]  Epoch[0] Time cost=0.011
2023-11-08 14:12:48,021 [INFO]  Saved checkpoint to "./imputer_model/imputer_model_air_time10/model-0000.params"
2023-11-08 14:12:48,022 [INFO]  Epoch[0] Validation-cross-entropy=27.812124
2023-11-08 14:12:48,023 [INFO]  Epoch[0] Validation-air_time10-accuracy=0.000000
2023-11-08 14:12:48,031 [INFO]  Epoch[1] Batch [0-4]	Speed: 10493.55 samples/sec	cross-entropy=62.094754	air_time10-accuracy=3.600000
2023-11-08 14:12:48,035 [INFO]  Epoch[1] Train-cross-entropy=46.992985
2023-11-08 14:12:48,035 [INFO]  Epoch[1] Train-air_time10-accuracy=3.375000
2023-11-08 14:12:48,035 [INFO]  Epoch[1] Time cost=0.012
2023-11-08 14:12:48,037 [INFO]  Saved checkpoint to "./imputer_model/imputer_model_air_time10/model-0001.params"
2023-11-08 14:12:48,038 [INFO]  Epoch[1] Validation-cross-entropy=25.888716
2023-11-08 14:12:48,038 [INFO]  Epoch[1] Validation-air_time10-accuracy=0.000000
2023-11-08 14:12:48,044 [INFO]  Epoch[2] Batch [0-4]	Speed: 13248.87 samples/sec	cross-entropy=10.664984	air_time10-accuracy=3.600000
2023-11-08 14:12:48,048 [INFO]  Epoch[2] Train-cross-entropy=12.556414
2023-11-08 14:12:48,048 [INFO]  Epoch[2] Train-air_time10-accuracy=3.375000
2023-11-08 14:12:48,048 [INFO]  Epoch[2] Time cost=0.010
2023-11-08 14:12:48,050 [INFO]  Saved checkpoint to "./imputer_model/imputer_model_air_time10/model-0002.params"
2023-11-08 14:12:48,050 [INFO]  Epoch[2] Validation-cross-entropy=21.448463
2023-11-08 14:12:48,050 [INFO]  Epoch[2] Validation-air_time10-accuracy=0.000000
2023-11-08 14:12:48,056 [INFO]  Epoch[3] Batch [0-4]	Speed: 14166.95 samples/sec	cross-entropy=9.901716	air_time10-accuracy=3.600000
2023-11-08 14:12:48,060 [INFO]  Epoch[3] Train-cross-entropy=10.031557
2023-11-08 14:12:48,060 [INFO]  Epoch[3] Train-air_time10-accuracy=3.375000
2023-11-08 14:12:48,060 [INFO]  Epoch[3] Time cost=0.010
2023-11-08 14:12:48,064 [INFO]  Saved checkpoint to "./imputer_model/imputer_model_air_time10/model-0003.params"
2023-11-08 14:12:48,065 [INFO]  Epoch[3] Validation-cross-entropy=16.566545
2023-11-08 14:12:48,065 [INFO]  Epoch[3] Validation-air_time10-accuracy=0.000000
2023-11-08 14:12:48,073 [INFO]  Epoch[4] Batch [0-4]	Speed: 10404.07 samples/sec	cross-entropy=2.812658	air_time10-accuracy=3.600000
2023-11-08 14:12:48,076 [INFO]  Epoch[4] Train-cross-entropy=3.791466
2023-11-08 14:12:48,076 [INFO]  Epoch[4] Train-air_time10-accuracy=3.375000
2023-11-08 14:12:48,076 [INFO]  Epoch[4] Time cost=0.011
2023-11-08 14:12:48,078 [INFO]  Saved checkpoint to "./imputer_model/imputer_model_air_time10/model-0004.params"
2023-11-08 14:12:48,079 [INFO]  Epoch[4] Validation-cross-entropy=20.623123
2023-11-08 14:12:48,079 [INFO]  Epoch[4] Validation-air_time10-accuracy=0.000000
2023-11-08 14:12:48,079 [INFO]  
========== done (0.0729215145111084 s) fit model
2023-11-08 14:26:22,329 [INFO]  
========== start: fit model
2023-11-08 14:26:22,329 [WARNING]  Already bound, ignoring bind()
2023-11-08 14:26:22,340 [INFO]  Epoch[0] Batch [0-4]	Speed: 9182.62 samples/sec	cross-entropy=24.274922	air_time10-accuracy=4.400000
2023-11-08 14:26:22,345 [INFO]  Epoch[0] Train-cross-entropy=23.159901
2023-11-08 14:26:22,345 [INFO]  Epoch[0] Train-air_time10-accuracy=3.750000
2023-11-08 14:26:22,345 [INFO]  Epoch[0] Time cost=0.015
2023-11-08 14:26:22,348 [INFO]  Saved checkpoint to "./imputer_model/imputer_model_air_time10/model-0000.params"
2023-11-08 14:26:22,349 [INFO]  Epoch[0] Validation-cross-entropy=337.751831
2023-11-08 14:26:22,349 [INFO]  Epoch[0] Validation-air_time10-accuracy=0.000000
2023-11-08 14:26:22,356 [INFO]  Epoch[1] Batch [0-4]	Speed: 11435.92 samples/sec	cross-entropy=29.210428	air_time10-accuracy=4.400000
2023-11-08 14:26:22,360 [INFO]  Epoch[1] Train-cross-entropy=26.147437
2023-11-08 14:26:22,360 [INFO]  Epoch[1] Train-air_time10-accuracy=3.750000
2023-11-08 14:26:22,360 [INFO]  Epoch[1] Time cost=0.011
2023-11-08 14:26:22,362 [INFO]  Saved checkpoint to "./imputer_model/imputer_model_air_time10/model-0001.params"
2023-11-08 14:26:22,363 [INFO]  Epoch[1] Validation-cross-entropy=142.057419
2023-11-08 14:26:22,363 [INFO]  Epoch[1] Validation-air_time10-accuracy=0.000000
2023-11-08 14:26:22,370 [INFO]  Epoch[2] Batch [0-4]	Speed: 13688.70 samples/sec	cross-entropy=3.312197	air_time10-accuracy=4.400000
2023-11-08 14:26:22,373 [INFO]  Epoch[2] Train-cross-entropy=2.984619
2023-11-08 14:26:22,373 [INFO]  Epoch[2] Train-air_time10-accuracy=3.750000
2023-11-08 14:26:22,373 [INFO]  Epoch[2] Time cost=0.010
2023-11-08 14:26:22,375 [INFO]  Saved checkpoint to "./imputer_model/imputer_model_air_time10/model-0002.params"
2023-11-08 14:26:22,375 [INFO]  Epoch[2] Validation-cross-entropy=80.995705
2023-11-08 14:26:22,375 [INFO]  Epoch[2] Validation-air_time10-accuracy=0.000000
2023-11-08 14:26:22,382 [INFO]  Epoch[3] Batch [0-4]	Speed: 12098.23 samples/sec	cross-entropy=1.992680	air_time10-accuracy=4.400000
2023-11-08 14:26:22,387 [INFO]  Epoch[3] Train-cross-entropy=2.197734
2023-11-08 14:26:22,387 [INFO]  Epoch[3] Train-air_time10-accuracy=3.750000
2023-11-08 14:26:22,387 [INFO]  Epoch[3] Time cost=0.012
2023-11-08 14:26:22,390 [INFO]  Saved checkpoint to "./imputer_model/imputer_model_air_time10/model-0003.params"
2023-11-08 14:26:22,391 [INFO]  Epoch[3] Validation-cross-entropy=82.801514
2023-11-08 14:26:22,391 [INFO]  Epoch[3] Validation-air_time10-accuracy=0.000000
2023-11-08 14:26:22,399 [INFO]  Epoch[4] Batch [0-4]	Speed: 11762.65 samples/sec	cross-entropy=1.136650	air_time10-accuracy=4.400000
2023-11-08 14:26:22,402 [INFO]  Epoch[4] Train-cross-entropy=0.953084
2023-11-08 14:26:22,402 [INFO]  Epoch[4] Train-air_time10-accuracy=3.750000
2023-11-08 14:26:22,402 [INFO]  Epoch[4] Time cost=0.011
2023-11-08 14:26:22,427 [INFO]  Saved checkpoint to "./imputer_model/imputer_model_air_time10/model-0004.params"
2023-11-08 14:26:22,428 [INFO]  Epoch[4] Validation-cross-entropy=99.454330
2023-11-08 14:26:22,428 [INFO]  Epoch[4] Validation-air_time10-accuracy=0.000000
2023-11-08 14:26:22,428 [INFO]  
========== done (0.0984499454498291 s) fit model
2023-11-08 14:40:20,273 [INFO]  
========== start: fit model
2023-11-08 14:40:20,273 [WARNING]  Already bound, ignoring bind()
2023-11-08 14:40:20,279 [INFO]  Epoch[0] Batch [0-4]	Speed: 14581.75 samples/sec	cross-entropy=8.221767	air_time10-accuracy=0.000000
2023-11-08 14:40:20,283 [INFO]  Epoch[0] Train-cross-entropy=13.880700
2023-11-08 14:40:20,283 [INFO]  Epoch[0] Train-air_time10-accuracy=0.000000
2023-11-08 14:40:20,283 [INFO]  Epoch[0] Time cost=0.010
2023-11-08 14:40:20,285 [INFO]  Saved checkpoint to "./imputer_model/imputer_model_air_time10/model-0000.params"
2023-11-08 14:40:20,285 [INFO]  Epoch[0] Validation-cross-entropy=18.855949
2023-11-08 14:40:20,285 [INFO]  Epoch[0] Validation-air_time10-accuracy=0.000000
2023-11-08 14:40:20,291 [INFO]  Epoch[1] Batch [0-4]	Speed: 14897.36 samples/sec	cross-entropy=41.329517	air_time10-accuracy=0.000000
2023-11-08 14:40:20,294 [INFO]  Epoch[1] Train-cross-entropy=30.181346
2023-11-08 14:40:20,294 [INFO]  Epoch[1] Train-air_time10-accuracy=0.000000
2023-11-08 14:40:20,294 [INFO]  Epoch[1] Time cost=0.009
2023-11-08 14:40:20,296 [INFO]  Saved checkpoint to "./imputer_model/imputer_model_air_time10/model-0001.params"
2023-11-08 14:40:20,296 [INFO]  Epoch[1] Validation-cross-entropy=13.776514
2023-11-08 14:40:20,296 [INFO]  Epoch[1] Validation-air_time10-accuracy=0.000000
2023-11-08 14:40:20,301 [INFO]  Epoch[2] Batch [0-4]	Speed: 16687.52 samples/sec	cross-entropy=4.684620	air_time10-accuracy=0.000000
2023-11-08 14:40:20,304 [INFO]  Epoch[2] Train-cross-entropy=4.147481
2023-11-08 14:40:20,304 [INFO]  Epoch[2] Train-air_time10-accuracy=0.000000
2023-11-08 14:40:20,304 [INFO]  Epoch[2] Time cost=0.008
2023-11-08 14:40:20,305 [INFO]  Saved checkpoint to "./imputer_model/imputer_model_air_time10/model-0002.params"
2023-11-08 14:40:20,306 [INFO]  Epoch[2] Validation-cross-entropy=9.940198
2023-11-08 14:40:20,306 [INFO]  Epoch[2] Validation-air_time10-accuracy=0.000000
2023-11-08 14:40:20,316 [INFO]  Epoch[3] Batch [0-4]	Speed: 6860.62 samples/sec	cross-entropy=2.879451	air_time10-accuracy=0.000000
2023-11-08 14:40:20,321 [INFO]  Epoch[3] Train-cross-entropy=2.198174
2023-11-08 14:40:20,322 [INFO]  Epoch[3] Train-air_time10-accuracy=0.000000
2023-11-08 14:40:20,322 [INFO]  Epoch[3] Time cost=0.016
2023-11-08 14:40:20,325 [INFO]  Saved checkpoint to "./imputer_model/imputer_model_air_time10/model-0003.params"
2023-11-08 14:40:20,326 [INFO]  Epoch[3] Validation-cross-entropy=10.029533
2023-11-08 14:40:20,326 [INFO]  Epoch[3] Validation-air_time10-accuracy=0.000000
2023-11-08 14:40:20,334 [INFO]  Epoch[4] Batch [0-4]	Speed: 11306.83 samples/sec	cross-entropy=0.914873	air_time10-accuracy=0.000000
2023-11-08 14:40:20,338 [INFO]  Epoch[4] Train-cross-entropy=0.747977
2023-11-08 14:40:20,338 [INFO]  Epoch[4] Train-air_time10-accuracy=0.000000
2023-11-08 14:40:20,338 [INFO]  Epoch[4] Time cost=0.012
2023-11-08 14:40:20,340 [INFO]  Saved checkpoint to "./imputer_model/imputer_model_air_time10/model-0004.params"
2023-11-08 14:40:20,341 [INFO]  Epoch[4] Validation-cross-entropy=11.534550
2023-11-08 14:40:20,341 [INFO]  Epoch[4] Validation-air_time10-accuracy=0.000000
2023-11-08 14:40:20,341 [INFO]  
========== done (0.06836438179016113 s) fit model
2023-11-08 14:54:25,113 [INFO]  
========== start: fit model
2023-11-08 14:54:25,113 [WARNING]  Already bound, ignoring bind()
2023-11-08 14:54:25,121 [INFO]  Epoch[0] Batch [0-4]	Speed: 12134.87 samples/sec	cross-entropy=39.570382	air_time10-accuracy=0.000000
2023-11-08 14:54:25,126 [INFO]  Epoch[0] Train-cross-entropy=29.244272
2023-11-08 14:54:25,126 [INFO]  Epoch[0] Train-air_time10-accuracy=0.000000
2023-11-08 14:54:25,126 [INFO]  Epoch[0] Time cost=0.013
2023-11-08 14:54:25,130 [INFO]  Saved checkpoint to "./imputer_model/imputer_model_air_time10/model-0000.params"
2023-11-08 14:54:25,132 [INFO]  Epoch[0] Validation-cross-entropy=24.559948
2023-11-08 14:54:25,132 [INFO]  Epoch[0] Validation-air_time10-accuracy=0.000000
2023-11-08 14:54:25,140 [INFO]  Epoch[1] Batch [0-4]	Speed: 11125.47 samples/sec	cross-entropy=33.805902	air_time10-accuracy=0.000000
2023-11-08 14:54:25,144 [INFO]  Epoch[1] Train-cross-entropy=25.686561
2023-11-08 14:54:25,145 [INFO]  Epoch[1] Train-air_time10-accuracy=0.000000
2023-11-08 14:54:25,145 [INFO]  Epoch[1] Time cost=0.012
2023-11-08 14:54:25,147 [INFO]  Saved checkpoint to "./imputer_model/imputer_model_air_time10/model-0001.params"
2023-11-08 14:54:25,148 [INFO]  Epoch[1] Validation-cross-entropy=20.413563
2023-11-08 14:54:25,148 [INFO]  Epoch[1] Validation-air_time10-accuracy=0.000000
2023-11-08 14:54:25,154 [INFO]  Epoch[2] Batch [0-4]	Speed: 12587.83 samples/sec	cross-entropy=4.334839	air_time10-accuracy=0.000000
2023-11-08 14:54:25,158 [INFO]  Epoch[2] Train-cross-entropy=3.611066
2023-11-08 14:54:25,158 [INFO]  Epoch[2] Train-air_time10-accuracy=0.000000
2023-11-08 14:54:25,158 [INFO]  Epoch[2] Time cost=0.010
2023-11-08 14:54:25,160 [INFO]  Saved checkpoint to "./imputer_model/imputer_model_air_time10/model-0002.params"
2023-11-08 14:54:25,161 [INFO]  Epoch[2] Validation-cross-entropy=18.079315
2023-11-08 14:54:25,161 [INFO]  Epoch[2] Validation-air_time10-accuracy=0.000000
2023-11-08 14:54:25,167 [INFO]  Epoch[3] Batch [0-4]	Speed: 13512.99 samples/sec	cross-entropy=2.110058	air_time10-accuracy=0.000000
2023-11-08 14:54:25,171 [INFO]  Epoch[3] Train-cross-entropy=1.987868
2023-11-08 14:54:25,171 [INFO]  Epoch[3] Train-air_time10-accuracy=0.000000
2023-11-08 14:54:25,171 [INFO]  Epoch[3] Time cost=0.010
2023-11-08 14:54:25,172 [INFO]  Saved checkpoint to "./imputer_model/imputer_model_air_time10/model-0003.params"
2023-11-08 14:54:25,173 [INFO]  Epoch[3] Validation-cross-entropy=15.376562
2023-11-08 14:54:25,173 [INFO]  Epoch[3] Validation-air_time10-accuracy=0.000000
2023-11-08 14:54:25,179 [INFO]  Epoch[4] Batch [0-4]	Speed: 13871.20 samples/sec	cross-entropy=1.390455	air_time10-accuracy=0.000000
2023-11-08 14:54:25,182 [INFO]  Epoch[4] Train-cross-entropy=1.618256
2023-11-08 14:54:25,183 [INFO]  Epoch[4] Train-air_time10-accuracy=0.000000
2023-11-08 14:54:25,183 [INFO]  Epoch[4] Time cost=0.010
2023-11-08 14:54:25,184 [INFO]  Saved checkpoint to "./imputer_model/imputer_model_air_time10/model-0004.params"
2023-11-08 14:54:25,185 [INFO]  Epoch[4] Validation-cross-entropy=17.213240
2023-11-08 14:54:25,185 [INFO]  Epoch[4] Validation-air_time10-accuracy=0.000000
2023-11-08 14:54:25,185 [INFO]  
========== done (0.0725548267364502 s) fit model
