2024-03-31 19:34:31,181 [INFO]  
========== start: fit model
2024-03-31 19:34:31,181 [WARNING]  Already bound, ignoring bind()
2024-03-31 19:34:31,192 [INFO]  Epoch[0] Batch [0-16]	Speed: 27525.49 samples/sec	cross-entropy=15.612759	A11-accuracy=0.000000
2024-03-31 19:34:31,200 [INFO]  Epoch[0] Train-cross-entropy=9.593916
2024-03-31 19:34:31,200 [INFO]  Epoch[0] Train-A11-accuracy=0.000000
2024-03-31 19:34:31,200 [INFO]  Epoch[0] Time cost=0.019
2024-03-31 19:34:31,201 [INFO]  Saved checkpoint to "./imputer_model/imputer_model_A11/model-0000.params"
2024-03-31 19:34:31,202 [INFO]  Epoch[0] Validation-cross-entropy=1.120510
2024-03-31 19:34:31,202 [INFO]  Epoch[0] Validation-A11-accuracy=0.000000
2024-03-31 19:34:31,212 [INFO]  Epoch[1] Batch [0-16]	Speed: 28231.10 samples/sec	cross-entropy=3.416817	A11-accuracy=0.000000
2024-03-31 19:34:31,220 [INFO]  Epoch[1] Train-cross-entropy=2.410752
2024-03-31 19:34:31,220 [INFO]  Epoch[1] Train-A11-accuracy=0.000000
2024-03-31 19:34:31,220 [INFO]  Epoch[1] Time cost=0.018
2024-03-31 19:34:31,221 [INFO]  Saved checkpoint to "./imputer_model/imputer_model_A11/model-0001.params"
2024-03-31 19:34:31,222 [INFO]  Epoch[1] Validation-cross-entropy=0.644606
2024-03-31 19:34:31,222 [INFO]  Epoch[1] Validation-A11-accuracy=0.000000
2024-03-31 19:34:31,232 [INFO]  Epoch[2] Batch [0-16]	Speed: 26848.24 samples/sec	cross-entropy=0.843402	A11-accuracy=0.000000
2024-03-31 19:34:31,242 [INFO]  Epoch[2] Train-cross-entropy=1.047129
2024-03-31 19:34:31,242 [INFO]  Epoch[2] Train-A11-accuracy=0.000000
2024-03-31 19:34:31,242 [INFO]  Epoch[2] Time cost=0.020
2024-03-31 19:34:31,243 [INFO]  Saved checkpoint to "./imputer_model/imputer_model_A11/model-0002.params"
2024-03-31 19:34:31,244 [INFO]  Epoch[2] Validation-cross-entropy=0.690014
2024-03-31 19:34:31,244 [INFO]  Epoch[2] Validation-A11-accuracy=0.000000
2024-03-31 19:34:31,257 [INFO]  Epoch[3] Batch [0-16]	Speed: 22417.73 samples/sec	cross-entropy=0.599069	A11-accuracy=0.000000
2024-03-31 19:34:31,266 [INFO]  Epoch[3] Train-cross-entropy=0.854685
2024-03-31 19:34:31,266 [INFO]  Epoch[3] Train-A11-accuracy=0.000000
2024-03-31 19:34:31,266 [INFO]  Epoch[3] Time cost=0.022
2024-03-31 19:34:31,268 [INFO]  Saved checkpoint to "./imputer_model/imputer_model_A11/model-0003.params"
2024-03-31 19:34:31,268 [INFO]  Epoch[3] Validation-cross-entropy=0.418432
2024-03-31 19:34:31,269 [INFO]  Epoch[3] Validation-A11-accuracy=0.000000
2024-03-31 19:34:31,279 [INFO]  Epoch[4] Batch [0-16]	Speed: 25427.25 samples/sec	cross-entropy=0.349447	A11-accuracy=0.000000
2024-03-31 19:34:31,287 [INFO]  Epoch[4] Train-cross-entropy=0.668863
2024-03-31 19:34:31,287 [INFO]  Epoch[4] Train-A11-accuracy=0.000000
2024-03-31 19:34:31,287 [INFO]  Epoch[4] Time cost=0.019
2024-03-31 19:34:31,289 [INFO]  Saved checkpoint to "./imputer_model/imputer_model_A11/model-0004.params"
2024-03-31 19:34:31,290 [INFO]  Epoch[4] Validation-cross-entropy=0.512243
2024-03-31 19:34:31,290 [INFO]  Epoch[4] Validation-A11-accuracy=0.000000
2024-03-31 19:34:31,290 [INFO]  
========== done (0.1090078353881836 s) fit model
2024-03-31 19:35:10,206 [INFO]  
========== start: fit model
2024-03-31 19:35:10,206 [WARNING]  Already bound, ignoring bind()
2024-03-31 19:35:10,229 [INFO]  Epoch[0] Batch [0-16]	Speed: 24640.10 samples/sec	cross-entropy=9.271687	A11-accuracy=3.823529
2024-03-31 19:35:10,469 [INFO]  Epoch[0] Train-cross-entropy=6.374540
2024-03-31 19:35:10,469 [INFO]  Epoch[0] Train-A11-accuracy=3.677419
2024-03-31 19:35:10,469 [INFO]  Epoch[0] Time cost=0.258
2024-03-31 19:35:10,471 [INFO]  Saved checkpoint to "./imputer_model/imputer_model_A11/model-0000.params"
2024-03-31 19:35:10,508 [INFO]  Epoch[0] Validation-cross-entropy=1.703087
2024-03-31 19:35:10,508 [INFO]  Epoch[0] Validation-A11-accuracy=0.000000
2024-03-31 19:35:10,572 [INFO]  Epoch[1] Batch [0-16]	Speed: 4080.53 samples/sec	cross-entropy=0.820607	A11-accuracy=3.823529
2024-03-31 19:35:10,597 [INFO]  Epoch[1] Train-cross-entropy=0.757132
2024-03-31 19:35:10,597 [INFO]  Epoch[1] Train-A11-accuracy=3.677419
2024-03-31 19:35:10,597 [INFO]  Epoch[1] Time cost=0.089
2024-03-31 19:35:10,599 [INFO]  Saved checkpoint to "./imputer_model/imputer_model_A11/model-0001.params"
2024-03-31 19:35:10,611 [INFO]  Epoch[1] Validation-cross-entropy=0.672934
2024-03-31 19:35:10,611 [INFO]  Epoch[1] Validation-A11-accuracy=0.000000
2024-03-31 19:35:10,728 [INFO]  Epoch[2] Batch [0-16]	Speed: 2271.35 samples/sec	cross-entropy=0.383411	A11-accuracy=3.823529
2024-03-31 19:35:10,857 [INFO]  Epoch[2] Train-cross-entropy=0.360424
2024-03-31 19:35:10,857 [INFO]  Epoch[2] Train-A11-accuracy=3.677419
2024-03-31 19:35:10,858 [INFO]  Epoch[2] Time cost=0.247
2024-03-31 19:35:10,867 [INFO]  Saved checkpoint to "./imputer_model/imputer_model_A11/model-0002.params"
2024-03-31 19:35:10,885 [INFO]  Epoch[2] Validation-cross-entropy=0.387050
2024-03-31 19:35:10,885 [INFO]  Epoch[2] Validation-A11-accuracy=0.000000
2024-03-31 19:35:11,199 [INFO]  Epoch[3] Batch [0-16]	Speed: 818.35 samples/sec	cross-entropy=0.204858	A11-accuracy=3.823529
2024-03-31 19:35:11,419 [INFO]  Epoch[3] Train-cross-entropy=0.200811
2024-03-31 19:35:11,419 [INFO]  Epoch[3] Train-A11-accuracy=3.677419
2024-03-31 19:35:11,419 [INFO]  Epoch[3] Time cost=0.534
2024-03-31 19:35:11,421 [INFO]  Saved checkpoint to "./imputer_model/imputer_model_A11/model-0003.params"
2024-03-31 19:35:11,436 [INFO]  Epoch[3] Validation-cross-entropy=0.302471
2024-03-31 19:35:11,436 [INFO]  Epoch[3] Validation-A11-accuracy=0.000000
2024-03-31 19:35:11,571 [INFO]  Epoch[4] Batch [0-16]	Speed: 2102.21 samples/sec	cross-entropy=0.145633	A11-accuracy=3.823529
2024-03-31 19:35:11,593 [INFO]  Epoch[4] Train-cross-entropy=0.138533
2024-03-31 19:35:11,593 [INFO]  Epoch[4] Train-A11-accuracy=3.677419
2024-03-31 19:35:11,593 [INFO]  Epoch[4] Time cost=0.157
2024-03-31 19:35:11,594 [INFO]  Saved checkpoint to "./imputer_model/imputer_model_A11/model-0004.params"
2024-03-31 19:35:11,595 [INFO]  Epoch[4] Validation-cross-entropy=0.236616
2024-03-31 19:35:11,596 [INFO]  Epoch[4] Validation-A11-accuracy=0.000000
2024-03-31 19:35:11,596 [INFO]  
========== done (1.3893518447875977 s) fit model
2024-03-31 19:35:43,270 [INFO]  
========== start: fit model
2024-03-31 19:35:43,270 [WARNING]  Already bound, ignoring bind()
2024-03-31 19:35:43,290 [INFO]  Epoch[0] Batch [0-16]	Speed: 27079.82 samples/sec	cross-entropy=6.003840	A11-accuracy=4.235294
2024-03-31 19:35:43,330 [INFO]  Epoch[0] Train-cross-entropy=5.520548
2024-03-31 19:35:43,330 [INFO]  Epoch[0] Train-A11-accuracy=3.677419
2024-03-31 19:35:43,330 [INFO]  Epoch[0] Time cost=0.059
2024-03-31 19:35:43,332 [INFO]  Saved checkpoint to "./imputer_model/imputer_model_A11/model-0000.params"
2024-03-31 19:35:43,351 [INFO]  Epoch[0] Validation-cross-entropy=1.908008
2024-03-31 19:35:43,351 [INFO]  Epoch[0] Validation-A11-accuracy=0.000000
2024-03-31 19:35:43,547 [INFO]  Epoch[1] Batch [0-16]	Speed: 1487.19 samples/sec	cross-entropy=1.151507	A11-accuracy=4.235294
2024-03-31 19:35:43,607 [INFO]  Epoch[1] Train-cross-entropy=1.057389
2024-03-31 19:35:43,607 [INFO]  Epoch[1] Train-A11-accuracy=3.677419
2024-03-31 19:35:43,607 [INFO]  Epoch[1] Time cost=0.256
2024-03-31 19:35:43,609 [INFO]  Saved checkpoint to "./imputer_model/imputer_model_A11/model-0001.params"
2024-03-31 19:35:43,642 [INFO]  Epoch[1] Validation-cross-entropy=0.689875
2024-03-31 19:35:43,643 [INFO]  Epoch[1] Validation-A11-accuracy=0.000000
2024-03-31 19:35:43,718 [INFO]  Epoch[2] Batch [0-16]	Speed: 3476.95 samples/sec	cross-entropy=0.532897	A11-accuracy=4.235294
2024-03-31 19:35:44,062 [INFO]  Epoch[2] Train-cross-entropy=0.752037
2024-03-31 19:35:44,062 [INFO]  Epoch[2] Train-A11-accuracy=3.677419
2024-03-31 19:35:44,062 [INFO]  Epoch[2] Time cost=0.419
2024-03-31 19:35:44,063 [INFO]  Saved checkpoint to "./imputer_model/imputer_model_A11/model-0002.params"
2024-03-31 19:35:44,065 [INFO]  Epoch[2] Validation-cross-entropy=0.391080
2024-03-31 19:35:44,065 [INFO]  Epoch[2] Validation-A11-accuracy=0.000000
2024-03-31 19:35:44,178 [INFO]  Epoch[3] Batch [0-16]	Speed: 2553.00 samples/sec	cross-entropy=0.316698	A11-accuracy=4.235294
2024-03-31 19:35:44,220 [INFO]  Epoch[3] Train-cross-entropy=0.563593
2024-03-31 19:35:44,220 [INFO]  Epoch[3] Train-A11-accuracy=3.677419
2024-03-31 19:35:44,220 [INFO]  Epoch[3] Time cost=0.155
2024-03-31 19:35:44,222 [INFO]  Saved checkpoint to "./imputer_model/imputer_model_A11/model-0003.params"
2024-03-31 19:35:44,272 [INFO]  Epoch[3] Validation-cross-entropy=0.561680
2024-03-31 19:35:44,272 [INFO]  Epoch[3] Validation-A11-accuracy=0.000000
2024-03-31 19:35:44,538 [INFO]  Epoch[4] Batch [0-16]	Speed: 1524.15 samples/sec	cross-entropy=0.391160	A11-accuracy=4.235294
2024-03-31 19:35:44,723 [INFO]  Epoch[4] Train-cross-entropy=0.559465
2024-03-31 19:35:44,723 [INFO]  Epoch[4] Train-A11-accuracy=3.677419
2024-03-31 19:35:44,723 [INFO]  Epoch[4] Time cost=0.451
2024-03-31 19:35:44,725 [INFO]  Saved checkpoint to "./imputer_model/imputer_model_A11/model-0004.params"
2024-03-31 19:35:44,726 [INFO]  Epoch[4] Validation-cross-entropy=0.364561
2024-03-31 19:35:44,726 [INFO]  Epoch[4] Validation-A11-accuracy=0.000000
2024-03-31 19:35:44,726 [INFO]  
========== done (1.455864667892456 s) fit model
2024-03-31 19:36:11,165 [INFO]  
========== start: fit model
2024-03-31 19:36:11,165 [WARNING]  Already bound, ignoring bind()
2024-03-31 19:36:11,247 [INFO]  Epoch[0] Batch [0-16]	Speed: 4936.74 samples/sec	cross-entropy=6.781706	A11-accuracy=3.294118
2024-03-31 19:36:11,343 [INFO]  Epoch[0] Train-cross-entropy=7.348999
2024-03-31 19:36:11,343 [INFO]  Epoch[0] Train-A11-accuracy=3.580645
2024-03-31 19:36:11,343 [INFO]  Epoch[0] Time cost=0.177
2024-03-31 19:36:11,345 [INFO]  Saved checkpoint to "./imputer_model/imputer_model_A11/model-0000.params"
2024-03-31 19:36:11,360 [INFO]  Epoch[0] Validation-cross-entropy=2.600701
2024-03-31 19:36:11,360 [INFO]  Epoch[0] Validation-A11-accuracy=0.000000
2024-03-31 19:36:11,476 [INFO]  Epoch[1] Batch [0-16]	Speed: 2309.02 samples/sec	cross-entropy=1.240756	A11-accuracy=3.294118
2024-03-31 19:36:11,784 [INFO]  Epoch[1] Train-cross-entropy=1.213506
2024-03-31 19:36:11,785 [INFO]  Epoch[1] Train-A11-accuracy=3.580645
2024-03-31 19:36:11,785 [INFO]  Epoch[1] Time cost=0.424
2024-03-31 19:36:11,786 [INFO]  Saved checkpoint to "./imputer_model/imputer_model_A11/model-0001.params"
2024-03-31 19:36:11,787 [INFO]  Epoch[1] Validation-cross-entropy=0.976835
2024-03-31 19:36:11,787 [INFO]  Epoch[1] Validation-A11-accuracy=0.000000
2024-03-31 19:36:11,831 [INFO]  Epoch[2] Batch [0-16]	Speed: 5928.15 samples/sec	cross-entropy=0.428379	A11-accuracy=3.294118
2024-03-31 19:36:11,974 [INFO]  Epoch[2] Train-cross-entropy=0.398606
2024-03-31 19:36:11,974 [INFO]  Epoch[2] Train-A11-accuracy=3.580645
2024-03-31 19:36:11,974 [INFO]  Epoch[2] Time cost=0.187
2024-03-31 19:36:11,976 [INFO]  Saved checkpoint to "./imputer_model/imputer_model_A11/model-0002.params"
2024-03-31 19:36:11,986 [INFO]  Epoch[2] Validation-cross-entropy=0.468865
2024-03-31 19:36:11,987 [INFO]  Epoch[2] Validation-A11-accuracy=0.000000
2024-03-31 19:36:12,102 [INFO]  Epoch[3] Batch [0-16]	Speed: 2285.82 samples/sec	cross-entropy=0.226049	A11-accuracy=3.294118
2024-03-31 19:36:12,192 [INFO]  Epoch[3] Train-cross-entropy=0.230397
2024-03-31 19:36:12,192 [INFO]  Epoch[3] Train-A11-accuracy=3.580645
2024-03-31 19:36:12,192 [INFO]  Epoch[3] Time cost=0.206
2024-03-31 19:36:12,194 [INFO]  Saved checkpoint to "./imputer_model/imputer_model_A11/model-0003.params"
2024-03-31 19:36:12,203 [INFO]  Epoch[3] Validation-cross-entropy=0.468524
2024-03-31 19:36:12,203 [INFO]  Epoch[3] Validation-A11-accuracy=0.000000
2024-03-31 19:36:12,434 [INFO]  Epoch[4] Batch [0-16]	Speed: 1111.17 samples/sec	cross-entropy=0.161721	A11-accuracy=3.294118
2024-03-31 19:36:12,580 [INFO]  Epoch[4] Train-cross-entropy=0.164291
2024-03-31 19:36:12,580 [INFO]  Epoch[4] Train-A11-accuracy=3.580645
2024-03-31 19:36:12,580 [INFO]  Epoch[4] Time cost=0.378
2024-03-31 19:36:12,582 [INFO]  Saved checkpoint to "./imputer_model/imputer_model_A11/model-0004.params"
2024-03-31 19:36:12,660 [INFO]  Epoch[4] Validation-cross-entropy=0.327850
2024-03-31 19:36:12,660 [INFO]  Epoch[4] Validation-A11-accuracy=0.000000
2024-03-31 19:36:12,660 [INFO]  
========== done (1.4946861267089844 s) fit model
2024-03-31 19:36:28,247 [INFO]  
========== start: fit model
2024-03-31 19:36:28,247 [WARNING]  Already bound, ignoring bind()
2024-03-31 19:36:28,271 [INFO]  Epoch[0] Batch [0-16]	Speed: 12472.90 samples/sec	cross-entropy=14.651103	A11-accuracy=0.000000
2024-03-31 19:36:28,487 [INFO]  Epoch[0] Train-cross-entropy=10.136847
2024-03-31 19:36:28,487 [INFO]  Epoch[0] Train-A11-accuracy=0.000000
2024-03-31 19:36:28,487 [INFO]  Epoch[0] Time cost=0.239
2024-03-31 19:36:28,489 [INFO]  Saved checkpoint to "./imputer_model/imputer_model_A11/model-0000.params"
2024-03-31 19:36:28,492 [INFO]  Epoch[0] Validation-cross-entropy=2.994776
2024-03-31 19:36:28,492 [INFO]  Epoch[0] Validation-A11-accuracy=0.000000
2024-03-31 19:36:28,509 [INFO]  Epoch[1] Batch [0-16]	Speed: 17059.77 samples/sec	cross-entropy=3.351929	A11-accuracy=0.000000
2024-03-31 19:36:28,668 [INFO]  Epoch[1] Train-cross-entropy=2.370955
2024-03-31 19:36:28,669 [INFO]  Epoch[1] Train-A11-accuracy=0.000000
2024-03-31 19:36:28,669 [INFO]  Epoch[1] Time cost=0.176
2024-03-31 19:36:28,670 [INFO]  Saved checkpoint to "./imputer_model/imputer_model_A11/model-0001.params"
2024-03-31 19:36:28,671 [INFO]  Epoch[1] Validation-cross-entropy=0.958270
2024-03-31 19:36:28,671 [INFO]  Epoch[1] Validation-A11-accuracy=0.000000
2024-03-31 19:36:28,806 [INFO]  Epoch[2] Batch [0-16]	Speed: 2399.26 samples/sec	cross-entropy=0.695264	A11-accuracy=0.000000
2024-03-31 19:36:28,984 [INFO]  Epoch[2] Train-cross-entropy=0.587229
2024-03-31 19:36:28,984 [INFO]  Epoch[2] Train-A11-accuracy=0.000000
2024-03-31 19:36:28,984 [INFO]  Epoch[2] Time cost=0.313
2024-03-31 19:36:28,988 [INFO]  Saved checkpoint to "./imputer_model/imputer_model_A11/model-0002.params"
2024-03-31 19:36:29,102 [INFO]  Epoch[2] Validation-cross-entropy=0.718224
2024-03-31 19:36:29,102 [INFO]  Epoch[2] Validation-A11-accuracy=0.000000
2024-03-31 19:36:29,211 [INFO]  Epoch[3] Batch [0-16]	Speed: 2367.58 samples/sec	cross-entropy=0.570812	A11-accuracy=0.000000
2024-03-31 19:36:29,234 [INFO]  Epoch[3] Train-cross-entropy=0.494731
2024-03-31 19:36:29,235 [INFO]  Epoch[3] Train-A11-accuracy=0.000000
2024-03-31 19:36:29,235 [INFO]  Epoch[3] Time cost=0.132
2024-03-31 19:36:29,238 [INFO]  Saved checkpoint to "./imputer_model/imputer_model_A11/model-0003.params"
2024-03-31 19:36:29,264 [INFO]  Epoch[3] Validation-cross-entropy=0.589742
2024-03-31 19:36:29,264 [INFO]  Epoch[3] Validation-A11-accuracy=0.000000
2024-03-31 19:36:29,301 [INFO]  Epoch[4] Batch [0-16]	Speed: 7132.74 samples/sec	cross-entropy=0.332970	A11-accuracy=0.000000
2024-03-31 19:36:29,578 [INFO]  Epoch[4] Train-cross-entropy=0.270524
2024-03-31 19:36:29,578 [INFO]  Epoch[4] Train-A11-accuracy=0.000000
2024-03-31 19:36:29,578 [INFO]  Epoch[4] Time cost=0.314
2024-03-31 19:36:29,582 [INFO]  Saved checkpoint to "./imputer_model/imputer_model_A11/model-0004.params"
2024-03-31 19:36:29,614 [INFO]  Epoch[4] Validation-cross-entropy=0.595271
2024-03-31 19:36:29,614 [INFO]  Epoch[4] Validation-A11-accuracy=0.000000
2024-03-31 19:36:29,614 [INFO]  
========== done (1.3669416904449463 s) fit model
2024-03-31 19:36:58,392 [INFO]  
========== start: fit model
2024-03-31 19:36:58,392 [WARNING]  Already bound, ignoring bind()
2024-03-31 19:36:58,404 [INFO]  Epoch[0] Batch [0-16]	Speed: 26430.57 samples/sec	cross-entropy=5.810000	A11-accuracy=4.117647
2024-03-31 19:36:58,412 [INFO]  Epoch[0] Train-cross-entropy=3.987375
2024-03-31 19:36:58,412 [INFO]  Epoch[0] Train-A11-accuracy=3.935484
2024-03-31 19:36:58,412 [INFO]  Epoch[0] Time cost=0.019
2024-03-31 19:36:58,414 [INFO]  Saved checkpoint to "./imputer_model/imputer_model_A11/model-0000.params"
2024-03-31 19:36:58,415 [INFO]  Epoch[0] Validation-cross-entropy=0.879013
2024-03-31 19:36:58,415 [INFO]  Epoch[0] Validation-A11-accuracy=0.000000
2024-03-31 19:36:58,425 [INFO]  Epoch[1] Batch [0-16]	Speed: 27538.20 samples/sec	cross-entropy=0.726015	A11-accuracy=4.117647
2024-03-31 19:36:58,433 [INFO]  Epoch[1] Train-cross-entropy=0.943408
2024-03-31 19:36:58,433 [INFO]  Epoch[1] Train-A11-accuracy=3.935484
2024-03-31 19:36:58,433 [INFO]  Epoch[1] Time cost=0.018
2024-03-31 19:36:58,435 [INFO]  Saved checkpoint to "./imputer_model/imputer_model_A11/model-0001.params"
2024-03-31 19:36:58,436 [INFO]  Epoch[1] Validation-cross-entropy=0.398524
2024-03-31 19:36:58,436 [INFO]  Epoch[1] Validation-A11-accuracy=0.000000
2024-03-31 19:36:58,446 [INFO]  Epoch[2] Batch [0-16]	Speed: 27638.85 samples/sec	cross-entropy=0.321839	A11-accuracy=4.117647
2024-03-31 19:36:58,454 [INFO]  Epoch[2] Train-cross-entropy=0.712493
2024-03-31 19:36:58,454 [INFO]  Epoch[2] Train-A11-accuracy=3.935484
2024-03-31 19:36:58,454 [INFO]  Epoch[2] Time cost=0.018
2024-03-31 19:36:58,455 [INFO]  Saved checkpoint to "./imputer_model/imputer_model_A11/model-0002.params"
2024-03-31 19:36:58,456 [INFO]  Epoch[2] Validation-cross-entropy=0.369370
2024-03-31 19:36:58,456 [INFO]  Epoch[2] Validation-A11-accuracy=0.000000
2024-03-31 19:36:58,467 [INFO]  Epoch[3] Batch [0-16]	Speed: 27282.11 samples/sec	cross-entropy=0.250913	A11-accuracy=4.117647
2024-03-31 19:36:58,475 [INFO]  Epoch[3] Train-cross-entropy=0.588484
2024-03-31 19:36:58,475 [INFO]  Epoch[3] Train-A11-accuracy=3.935484
2024-03-31 19:36:58,475 [INFO]  Epoch[3] Time cost=0.018
2024-03-31 19:36:58,476 [INFO]  Saved checkpoint to "./imputer_model/imputer_model_A11/model-0003.params"
2024-03-31 19:36:58,477 [INFO]  Epoch[3] Validation-cross-entropy=0.210695
2024-03-31 19:36:58,477 [INFO]  Epoch[3] Validation-A11-accuracy=0.000000
2024-03-31 19:36:58,488 [INFO]  Epoch[4] Batch [0-16]	Speed: 26062.96 samples/sec	cross-entropy=0.250978	A11-accuracy=4.117647
2024-03-31 19:36:58,496 [INFO]  Epoch[4] Train-cross-entropy=0.454019
2024-03-31 19:36:58,496 [INFO]  Epoch[4] Train-A11-accuracy=3.935484
2024-03-31 19:36:58,496 [INFO]  Epoch[4] Time cost=0.019
2024-03-31 19:36:58,498 [INFO]  Saved checkpoint to "./imputer_model/imputer_model_A11/model-0004.params"
2024-03-31 19:36:58,499 [INFO]  Epoch[4] Validation-cross-entropy=0.203984
2024-03-31 19:36:58,499 [INFO]  Epoch[4] Validation-A11-accuracy=0.000000
2024-03-31 19:36:58,499 [INFO]  
========== done (0.10710811614990234 s) fit model
2024-03-31 19:37:17,958 [INFO]  
========== start: fit model
2024-03-31 19:37:17,958 [WARNING]  Already bound, ignoring bind()
2024-03-31 19:37:18,050 [INFO]  Epoch[0] Batch [0-16]	Speed: 2973.17 samples/sec	cross-entropy=5.529703	A11-accuracy=0.000000
2024-03-31 19:37:18,122 [INFO]  Epoch[0] Train-cross-entropy=6.033508
2024-03-31 19:37:18,122 [INFO]  Epoch[0] Train-A11-accuracy=0.000000
2024-03-31 19:37:18,122 [INFO]  Epoch[0] Time cost=0.161
2024-03-31 19:37:18,124 [INFO]  Saved checkpoint to "./imputer_model/imputer_model_A11/model-0000.params"
2024-03-31 19:37:18,125 [INFO]  Epoch[0] Validation-cross-entropy=3.055933
2024-03-31 19:37:18,125 [INFO]  Epoch[0] Validation-A11-accuracy=0.000000
2024-03-31 19:37:18,164 [INFO]  Epoch[1] Batch [0-16]	Speed: 6661.05 samples/sec	cross-entropy=0.852887	A11-accuracy=0.000000
2024-03-31 19:37:18,444 [INFO]  Epoch[1] Train-cross-entropy=1.034372
2024-03-31 19:37:18,444 [INFO]  Epoch[1] Train-A11-accuracy=0.000000
2024-03-31 19:37:18,444 [INFO]  Epoch[1] Time cost=0.319
2024-03-31 19:37:18,446 [INFO]  Saved checkpoint to "./imputer_model/imputer_model_A11/model-0001.params"
2024-03-31 19:37:18,504 [INFO]  Epoch[1] Validation-cross-entropy=1.129205
2024-03-31 19:37:18,504 [INFO]  Epoch[1] Validation-A11-accuracy=0.000000
2024-03-31 19:37:18,642 [INFO]  Epoch[2] Batch [0-16]	Speed: 1869.99 samples/sec	cross-entropy=0.419672	A11-accuracy=0.000000
2024-03-31 19:37:19,033 [INFO]  Epoch[2] Train-cross-entropy=0.440417
2024-03-31 19:37:19,033 [INFO]  Epoch[2] Train-A11-accuracy=0.000000
2024-03-31 19:37:19,033 [INFO]  Epoch[2] Time cost=0.530
2024-03-31 19:37:19,035 [INFO]  Saved checkpoint to "./imputer_model/imputer_model_A11/model-0002.params"
2024-03-31 19:37:19,040 [INFO]  Epoch[2] Validation-cross-entropy=1.138906
2024-03-31 19:37:19,040 [INFO]  Epoch[2] Validation-A11-accuracy=0.000000
2024-03-31 19:37:19,278 [INFO]  Epoch[3] Batch [0-16]	Speed: 1078.86 samples/sec	cross-entropy=0.297554	A11-accuracy=0.000000
2024-03-31 19:37:19,317 [INFO]  Epoch[3] Train-cross-entropy=0.300698
2024-03-31 19:37:19,317 [INFO]  Epoch[3] Train-A11-accuracy=0.000000
2024-03-31 19:37:19,317 [INFO]  Epoch[3] Time cost=0.277
2024-03-31 19:37:19,319 [INFO]  Saved checkpoint to "./imputer_model/imputer_model_A11/model-0003.params"
2024-03-31 19:37:19,338 [INFO]  Epoch[3] Validation-cross-entropy=0.621659
2024-03-31 19:37:19,338 [INFO]  Epoch[3] Validation-A11-accuracy=0.000000
2024-03-31 19:37:19,452 [INFO]  Epoch[4] Batch [0-16]	Speed: 2389.04 samples/sec	cross-entropy=0.215787	A11-accuracy=0.000000
2024-03-31 19:37:19,474 [INFO]  Epoch[4] Train-cross-entropy=0.249695
2024-03-31 19:37:19,474 [INFO]  Epoch[4] Train-A11-accuracy=0.000000
2024-03-31 19:37:19,474 [INFO]  Epoch[4] Time cost=0.136
2024-03-31 19:37:19,475 [INFO]  Saved checkpoint to "./imputer_model/imputer_model_A11/model-0004.params"
2024-03-31 19:37:19,477 [INFO]  Epoch[4] Validation-cross-entropy=0.679515
2024-03-31 19:37:19,477 [INFO]  Epoch[4] Validation-A11-accuracy=0.000000
2024-03-31 19:37:19,477 [INFO]  
========== done (1.5192828178405762 s) fit model
2024-03-31 19:37:36,099 [INFO]  
========== start: fit model
2024-03-31 19:37:36,099 [WARNING]  Already bound, ignoring bind()
2024-03-31 19:37:36,294 [INFO]  Epoch[0] Batch [0-16]	Speed: 1331.72 samples/sec	cross-entropy=18.618920	A11-accuracy=0.000000
2024-03-31 19:37:36,487 [INFO]  Epoch[0] Train-cross-entropy=12.131046
2024-03-31 19:37:36,487 [INFO]  Epoch[0] Train-A11-accuracy=0.000000
2024-03-31 19:37:36,487 [INFO]  Epoch[0] Time cost=0.387
2024-03-31 19:37:36,489 [INFO]  Saved checkpoint to "./imputer_model/imputer_model_A11/model-0000.params"
2024-03-31 19:37:36,498 [INFO]  Epoch[0] Validation-cross-entropy=3.247546
2024-03-31 19:37:36,499 [INFO]  Epoch[0] Validation-A11-accuracy=0.000000
2024-03-31 19:37:36,617 [INFO]  Epoch[1] Batch [0-16]	Speed: 2195.03 samples/sec	cross-entropy=5.411722	A11-accuracy=0.000000
2024-03-31 19:37:36,643 [INFO]  Epoch[1] Train-cross-entropy=3.421989
2024-03-31 19:37:36,644 [INFO]  Epoch[1] Train-A11-accuracy=0.000000
2024-03-31 19:37:36,644 [INFO]  Epoch[1] Time cost=0.145
2024-03-31 19:37:36,645 [INFO]  Saved checkpoint to "./imputer_model/imputer_model_A11/model-0001.params"
2024-03-31 19:37:36,719 [INFO]  Epoch[1] Validation-cross-entropy=1.247643
2024-03-31 19:37:36,719 [INFO]  Epoch[1] Validation-A11-accuracy=0.000000
2024-03-31 19:37:36,877 [INFO]  Epoch[2] Batch [0-16]	Speed: 1637.02 samples/sec	cross-entropy=1.442288	A11-accuracy=0.000000
2024-03-31 19:37:37,191 [INFO]  Epoch[2] Train-cross-entropy=0.987451
2024-03-31 19:37:37,191 [INFO]  Epoch[2] Train-A11-accuracy=0.000000
2024-03-31 19:37:37,191 [INFO]  Epoch[2] Time cost=0.472
2024-03-31 19:37:37,193 [INFO]  Saved checkpoint to "./imputer_model/imputer_model_A11/model-0002.params"
2024-03-31 19:37:37,200 [INFO]  Epoch[2] Validation-cross-entropy=0.736951
2024-03-31 19:37:37,200 [INFO]  Epoch[2] Validation-A11-accuracy=0.000000
2024-03-31 19:37:37,458 [INFO]  Epoch[3] Batch [0-16]	Speed: 1029.47 samples/sec	cross-entropy=0.470024	A11-accuracy=0.000000
2024-03-31 19:37:37,496 [INFO]  Epoch[3] Train-cross-entropy=0.371105
2024-03-31 19:37:37,496 [INFO]  Epoch[3] Train-A11-accuracy=0.000000
2024-03-31 19:37:37,496 [INFO]  Epoch[3] Time cost=0.296
2024-03-31 19:37:37,498 [INFO]  Saved checkpoint to "./imputer_model/imputer_model_A11/model-0003.params"
2024-03-31 19:37:37,499 [INFO]  Epoch[3] Validation-cross-entropy=0.575887
2024-03-31 19:37:37,499 [INFO]  Epoch[3] Validation-A11-accuracy=0.000000
2024-03-31 19:37:37,578 [INFO]  Epoch[4] Batch [0-16]	Speed: 3255.51 samples/sec	cross-entropy=0.251853	A11-accuracy=0.000000
2024-03-31 19:37:37,840 [INFO]  Epoch[4] Train-cross-entropy=0.214474
2024-03-31 19:37:37,840 [INFO]  Epoch[4] Train-A11-accuracy=0.000000
2024-03-31 19:37:37,840 [INFO]  Epoch[4] Time cost=0.341
2024-03-31 19:37:37,842 [INFO]  Saved checkpoint to "./imputer_model/imputer_model_A11/model-0004.params"
2024-03-31 19:37:37,937 [INFO]  Epoch[4] Validation-cross-entropy=0.493557
2024-03-31 19:37:37,937 [INFO]  Epoch[4] Validation-A11-accuracy=0.000000
2024-03-31 19:37:37,937 [INFO]  
========== done (1.8382985591888428 s) fit model
2024-03-31 19:38:01,070 [INFO]  
========== start: fit model
2024-03-31 19:38:01,070 [WARNING]  Already bound, ignoring bind()
2024-03-31 19:38:01,179 [INFO]  Epoch[0] Batch [0-16]	Speed: 2856.84 samples/sec	cross-entropy=5.133292	A11-accuracy=4.058824
2024-03-31 19:38:01,357 [INFO]  Epoch[0] Train-cross-entropy=4.328234
2024-03-31 19:38:01,358 [INFO]  Epoch[0] Train-A11-accuracy=3.774194
2024-03-31 19:38:01,358 [INFO]  Epoch[0] Time cost=0.287
2024-03-31 19:38:01,359 [INFO]  Saved checkpoint to "./imputer_model/imputer_model_A11/model-0000.params"
2024-03-31 19:38:01,361 [INFO]  Epoch[0] Validation-cross-entropy=1.693639
2024-03-31 19:38:01,361 [INFO]  Epoch[0] Validation-A11-accuracy=0.000000
2024-03-31 19:38:01,442 [INFO]  Epoch[1] Batch [0-16]	Speed: 4560.89 samples/sec	cross-entropy=0.997405	A11-accuracy=4.058824
2024-03-31 19:38:01,548 [INFO]  Epoch[1] Train-cross-entropy=0.928817
2024-03-31 19:38:01,548 [INFO]  Epoch[1] Train-A11-accuracy=3.774194
2024-03-31 19:38:01,548 [INFO]  Epoch[1] Time cost=0.187
2024-03-31 19:38:01,550 [INFO]  Saved checkpoint to "./imputer_model/imputer_model_A11/model-0001.params"
2024-03-31 19:38:01,552 [INFO]  Epoch[1] Validation-cross-entropy=0.848984
2024-03-31 19:38:01,552 [INFO]  Epoch[1] Validation-A11-accuracy=0.000000
2024-03-31 19:38:01,571 [INFO]  Epoch[2] Batch [0-16]	Speed: 14352.15 samples/sec	cross-entropy=0.652214	A11-accuracy=4.058824
2024-03-31 19:38:01,743 [INFO]  Epoch[2] Train-cross-entropy=0.488713
2024-03-31 19:38:01,743 [INFO]  Epoch[2] Train-A11-accuracy=3.774194
2024-03-31 19:38:01,743 [INFO]  Epoch[2] Time cost=0.191
2024-03-31 19:38:01,745 [INFO]  Saved checkpoint to "./imputer_model/imputer_model_A11/model-0002.params"
2024-03-31 19:38:01,755 [INFO]  Epoch[2] Validation-cross-entropy=0.374890
2024-03-31 19:38:01,755 [INFO]  Epoch[2] Validation-A11-accuracy=0.000000
2024-03-31 19:38:01,875 [INFO]  Epoch[3] Batch [0-16]	Speed: 2217.22 samples/sec	cross-entropy=0.640124	A11-accuracy=4.058824
2024-03-31 19:38:01,968 [INFO]  Epoch[3] Train-cross-entropy=0.455964
2024-03-31 19:38:01,968 [INFO]  Epoch[3] Train-A11-accuracy=3.774194
2024-03-31 19:38:01,968 [INFO]  Epoch[3] Time cost=0.213
2024-03-31 19:38:01,970 [INFO]  Saved checkpoint to "./imputer_model/imputer_model_A11/model-0003.params"
2024-03-31 19:38:01,977 [INFO]  Epoch[3] Validation-cross-entropy=0.424494
2024-03-31 19:38:01,977 [INFO]  Epoch[3] Validation-A11-accuracy=0.000000
2024-03-31 19:38:02,468 [INFO]  Epoch[4] Batch [0-16]	Speed: 522.34 samples/sec	cross-entropy=0.579243	A11-accuracy=4.058824
2024-03-31 19:38:02,476 [INFO]  Epoch[4] Train-cross-entropy=0.389765
2024-03-31 19:38:02,476 [INFO]  Epoch[4] Train-A11-accuracy=3.774194
2024-03-31 19:38:02,476 [INFO]  Epoch[4] Time cost=0.500
2024-03-31 19:38:02,478 [INFO]  Saved checkpoint to "./imputer_model/imputer_model_A11/model-0004.params"
2024-03-31 19:38:02,516 [INFO]  Epoch[4] Validation-cross-entropy=0.270579
2024-03-31 19:38:02,516 [INFO]  Epoch[4] Validation-A11-accuracy=0.000000
2024-03-31 19:38:02,516 [INFO]  
========== done (1.4463629722595215 s) fit model
2024-03-31 19:38:25,244 [INFO]  
========== start: fit model
2024-03-31 19:38:25,244 [WARNING]  Already bound, ignoring bind()
2024-03-31 19:38:25,540 [INFO]  Epoch[0] Batch [0-16]	Speed: 917.06 samples/sec	cross-entropy=8.546038	A11-accuracy=3.647059
2024-03-31 19:38:25,631 [INFO]  Epoch[0] Train-cross-entropy=8.676898
2024-03-31 19:38:25,631 [INFO]  Epoch[0] Train-A11-accuracy=3.709677
2024-03-31 19:38:25,631 [INFO]  Epoch[0] Time cost=0.386
2024-03-31 19:38:25,636 [INFO]  Saved checkpoint to "./imputer_model/imputer_model_A11/model-0000.params"
2024-03-31 19:38:25,707 [INFO]  Epoch[0] Validation-cross-entropy=3.444279
2024-03-31 19:38:25,707 [INFO]  Epoch[0] Validation-A11-accuracy=0.000000
2024-03-31 19:38:26,288 [INFO]  Epoch[1] Batch [0-16]	Speed: 474.52 samples/sec	cross-entropy=1.151982	A11-accuracy=3.647059
2024-03-31 19:38:26,437 [INFO]  Epoch[1] Train-cross-entropy=1.294255
2024-03-31 19:38:26,437 [INFO]  Epoch[1] Train-A11-accuracy=3.709677
2024-03-31 19:38:26,437 [INFO]  Epoch[1] Time cost=0.730
2024-03-31 19:38:26,441 [INFO]  Saved checkpoint to "./imputer_model/imputer_model_A11/model-0001.params"
2024-03-31 19:38:26,470 [INFO]  Epoch[1] Validation-cross-entropy=1.984952
2024-03-31 19:38:26,470 [INFO]  Epoch[1] Validation-A11-accuracy=0.000000
2024-03-31 19:38:26,617 [INFO]  Epoch[2] Batch [0-16]	Speed: 1860.40 samples/sec	cross-entropy=0.730611	A11-accuracy=3.647059
2024-03-31 19:38:26,669 [INFO]  Epoch[2] Train-cross-entropy=0.617445
2024-03-31 19:38:26,670 [INFO]  Epoch[2] Train-A11-accuracy=3.709677
2024-03-31 19:38:26,670 [INFO]  Epoch[2] Time cost=0.199
2024-03-31 19:38:26,671 [INFO]  Saved checkpoint to "./imputer_model/imputer_model_A11/model-0002.params"
2024-03-31 19:38:26,672 [INFO]  Epoch[2] Validation-cross-entropy=1.075630
2024-03-31 19:38:26,672 [INFO]  Epoch[2] Validation-A11-accuracy=0.000000
2024-03-31 19:38:26,775 [INFO]  Epoch[3] Batch [0-16]	Speed: 2508.03 samples/sec	cross-entropy=0.428011	A11-accuracy=3.647059
2024-03-31 19:38:26,855 [INFO]  Epoch[3] Train-cross-entropy=0.347341
2024-03-31 19:38:26,855 [INFO]  Epoch[3] Train-A11-accuracy=3.709677
2024-03-31 19:38:26,855 [INFO]  Epoch[3] Time cost=0.183
2024-03-31 19:38:26,856 [INFO]  Saved checkpoint to "./imputer_model/imputer_model_A11/model-0003.params"
2024-03-31 19:38:26,879 [INFO]  Epoch[3] Validation-cross-entropy=1.299063
2024-03-31 19:38:26,879 [INFO]  Epoch[3] Validation-A11-accuracy=0.000000
2024-03-31 19:38:27,012 [INFO]  Epoch[4] Batch [0-16]	Speed: 1945.63 samples/sec	cross-entropy=0.274610	A11-accuracy=3.647059
2024-03-31 19:38:27,064 [INFO]  Epoch[4] Train-cross-entropy=0.237967
2024-03-31 19:38:27,064 [INFO]  Epoch[4] Train-A11-accuracy=3.709677
2024-03-31 19:38:27,064 [INFO]  Epoch[4] Time cost=0.184
2024-03-31 19:38:27,065 [INFO]  Saved checkpoint to "./imputer_model/imputer_model_A11/model-0004.params"
2024-03-31 19:38:27,091 [INFO]  Epoch[4] Validation-cross-entropy=0.870381
2024-03-31 19:38:27,091 [INFO]  Epoch[4] Validation-A11-accuracy=0.000000
2024-03-31 19:38:27,091 [INFO]  
========== done (1.847038984298706 s) fit model
2024-03-31 19:38:40,779 [INFO]  
========== start: fit model
2024-03-31 19:38:40,779 [WARNING]  Already bound, ignoring bind()
2024-03-31 19:38:40,793 [INFO]  Epoch[0] Batch [0-16]	Speed: 23207.51 samples/sec	cross-entropy=13.882253	A11-accuracy=0.000000
2024-03-31 19:38:40,867 [INFO]  Epoch[0] Train-cross-entropy=8.481004
2024-03-31 19:38:40,867 [INFO]  Epoch[0] Train-A11-accuracy=0.000000
2024-03-31 19:38:40,867 [INFO]  Epoch[0] Time cost=0.087
2024-03-31 19:38:40,869 [INFO]  Saved checkpoint to "./imputer_model/imputer_model_A11/model-0000.params"
2024-03-31 19:38:40,914 [INFO]  Epoch[0] Validation-cross-entropy=2.433653
2024-03-31 19:38:40,914 [INFO]  Epoch[0] Validation-A11-accuracy=0.000000
2024-03-31 19:38:41,027 [INFO]  Epoch[1] Batch [0-16]	Speed: 4239.87 samples/sec	cross-entropy=1.893476	A11-accuracy=0.000000
2024-03-31 19:38:41,257 [INFO]  Epoch[1] Train-cross-entropy=1.339018
2024-03-31 19:38:41,258 [INFO]  Epoch[1] Train-A11-accuracy=0.000000
2024-03-31 19:38:41,258 [INFO]  Epoch[1] Time cost=0.344
2024-03-31 19:38:41,265 [INFO]  Saved checkpoint to "./imputer_model/imputer_model_A11/model-0001.params"
2024-03-31 19:38:41,367 [INFO]  Epoch[1] Validation-cross-entropy=0.501080
2024-03-31 19:38:41,367 [INFO]  Epoch[1] Validation-A11-accuracy=0.000000
2024-03-31 19:38:41,505 [INFO]  Epoch[2] Batch [0-16]	Speed: 1869.60 samples/sec	cross-entropy=0.566063	A11-accuracy=0.000000
2024-03-31 19:38:41,984 [INFO]  Epoch[2] Train-cross-entropy=0.585647
2024-03-31 19:38:41,984 [INFO]  Epoch[2] Train-A11-accuracy=0.000000
2024-03-31 19:38:41,984 [INFO]  Epoch[2] Time cost=0.617
2024-03-31 19:38:41,986 [INFO]  Saved checkpoint to "./imputer_model/imputer_model_A11/model-0002.params"
2024-03-31 19:38:41,989 [INFO]  Epoch[2] Validation-cross-entropy=0.355909
2024-03-31 19:38:41,989 [INFO]  Epoch[2] Validation-A11-accuracy=0.000000
2024-03-31 19:38:42,092 [INFO]  Epoch[3] Batch [0-16]	Speed: 2532.76 samples/sec	cross-entropy=0.319406	A11-accuracy=0.000000
2024-03-31 19:38:42,295 [INFO]  Epoch[3] Train-cross-entropy=0.459763
2024-03-31 19:38:42,296 [INFO]  Epoch[3] Train-A11-accuracy=0.000000
2024-03-31 19:38:42,296 [INFO]  Epoch[3] Time cost=0.306
2024-03-31 19:38:42,297 [INFO]  Saved checkpoint to "./imputer_model/imputer_model_A11/model-0003.params"
2024-03-31 19:38:42,298 [INFO]  Epoch[3] Validation-cross-entropy=0.249666
2024-03-31 19:38:42,298 [INFO]  Epoch[3] Validation-A11-accuracy=0.000000
2024-03-31 19:38:42,319 [INFO]  Epoch[4] Batch [0-16]	Speed: 17043.25 samples/sec	cross-entropy=0.267973	A11-accuracy=0.000000
2024-03-31 19:38:42,333 [INFO]  Epoch[4] Train-cross-entropy=0.390686
2024-03-31 19:38:42,333 [INFO]  Epoch[4] Train-A11-accuracy=0.000000
2024-03-31 19:38:42,333 [INFO]  Epoch[4] Time cost=0.035
2024-03-31 19:38:42,335 [INFO]  Saved checkpoint to "./imputer_model/imputer_model_A11/model-0004.params"
2024-03-31 19:38:42,348 [INFO]  Epoch[4] Validation-cross-entropy=0.289574
2024-03-31 19:38:42,348 [INFO]  Epoch[4] Validation-A11-accuracy=0.000000
2024-03-31 19:38:42,348 [INFO]  
========== done (1.5692634582519531 s) fit model
2024-03-31 19:39:08,155 [INFO]  
========== start: fit model
2024-03-31 19:39:08,155 [WARNING]  Already bound, ignoring bind()
2024-03-31 19:39:08,314 [INFO]  Epoch[0] Batch [0-16]	Speed: 1844.53 samples/sec	cross-entropy=11.036093	A11-accuracy=3.529412
2024-03-31 19:39:08,430 [INFO]  Epoch[0] Train-cross-entropy=8.979559
2024-03-31 19:39:08,430 [INFO]  Epoch[0] Train-A11-accuracy=3.903226
2024-03-31 19:39:08,430 [INFO]  Epoch[0] Time cost=0.274
2024-03-31 19:39:08,432 [INFO]  Saved checkpoint to "./imputer_model/imputer_model_A11/model-0000.params"
2024-03-31 19:39:08,433 [INFO]  Epoch[0] Validation-cross-entropy=1.990871
2024-03-31 19:39:08,433 [INFO]  Epoch[0] Validation-A11-accuracy=0.000000
2024-03-31 19:39:08,450 [INFO]  Epoch[1] Batch [0-16]	Speed: 16350.07 samples/sec	cross-entropy=1.731421	A11-accuracy=3.529412
2024-03-31 19:39:08,464 [INFO]  Epoch[1] Train-cross-entropy=1.368392
2024-03-31 19:39:08,464 [INFO]  Epoch[1] Train-A11-accuracy=3.903226
2024-03-31 19:39:08,464 [INFO]  Epoch[1] Time cost=0.031
2024-03-31 19:39:08,466 [INFO]  Saved checkpoint to "./imputer_model/imputer_model_A11/model-0001.params"
2024-03-31 19:39:08,504 [INFO]  Epoch[1] Validation-cross-entropy=0.726154
2024-03-31 19:39:08,504 [INFO]  Epoch[1] Validation-A11-accuracy=0.000000
2024-03-31 19:39:08,745 [INFO]  Epoch[2] Batch [0-16]	Speed: 1086.79 samples/sec	cross-entropy=0.465225	A11-accuracy=3.529412
2024-03-31 19:39:09,209 [INFO]  Epoch[2] Train-cross-entropy=0.393562
2024-03-31 19:39:09,209 [INFO]  Epoch[2] Train-A11-accuracy=3.903226
2024-03-31 19:39:09,209 [INFO]  Epoch[2] Time cost=0.706
2024-03-31 19:39:09,211 [INFO]  Saved checkpoint to "./imputer_model/imputer_model_A11/model-0002.params"
2024-03-31 19:39:09,216 [INFO]  Epoch[2] Validation-cross-entropy=0.308721
2024-03-31 19:39:09,216 [INFO]  Epoch[2] Validation-A11-accuracy=0.000000
2024-03-31 19:39:09,748 [INFO]  Epoch[3] Batch [0-16]	Speed: 482.47 samples/sec	cross-entropy=0.261507	A11-accuracy=3.529412
2024-03-31 19:39:09,811 [INFO]  Epoch[3] Train-cross-entropy=0.237750
2024-03-31 19:39:09,812 [INFO]  Epoch[3] Train-A11-accuracy=3.903226
2024-03-31 19:39:09,812 [INFO]  Epoch[3] Time cost=0.596
2024-03-31 19:39:09,814 [INFO]  Saved checkpoint to "./imputer_model/imputer_model_A11/model-0003.params"
2024-03-31 19:39:09,815 [INFO]  Epoch[3] Validation-cross-entropy=0.270715
2024-03-31 19:39:09,815 [INFO]  Epoch[3] Validation-A11-accuracy=0.000000
2024-03-31 19:39:09,953 [INFO]  Epoch[4] Batch [0-16]	Speed: 1866.83 samples/sec	cross-entropy=0.166500	A11-accuracy=3.529412
2024-03-31 19:39:10,032 [INFO]  Epoch[4] Train-cross-entropy=0.157458
2024-03-31 19:39:10,033 [INFO]  Epoch[4] Train-A11-accuracy=3.903226
2024-03-31 19:39:10,033 [INFO]  Epoch[4] Time cost=0.217
2024-03-31 19:39:10,035 [INFO]  Saved checkpoint to "./imputer_model/imputer_model_A11/model-0004.params"
2024-03-31 19:39:10,039 [INFO]  Epoch[4] Validation-cross-entropy=0.207731
2024-03-31 19:39:10,039 [INFO]  Epoch[4] Validation-A11-accuracy=0.000000
2024-03-31 19:39:10,039 [INFO]  
========== done (1.8845653533935547 s) fit model
2024-03-31 19:41:55,245 [INFO]  
========== start: fit model
2024-03-31 19:41:55,246 [WARNING]  Already bound, ignoring bind()
2024-03-31 19:41:55,768 [INFO]  Epoch[0] Batch [0-16]	Speed: 635.56 samples/sec	cross-entropy=4.043071	A11-accuracy=3.352941
2024-03-31 19:41:55,865 [INFO]  Epoch[0] Train-cross-entropy=3.626825
2024-03-31 19:41:55,865 [INFO]  Epoch[0] Train-A11-accuracy=3.580645
2024-03-31 19:41:55,865 [INFO]  Epoch[0] Time cost=0.619
2024-03-31 19:41:55,867 [INFO]  Saved checkpoint to "./imputer_model/imputer_model_A11/model-0000.params"
2024-03-31 19:41:55,872 [INFO]  Epoch[0] Validation-cross-entropy=1.320903
2024-03-31 19:41:55,872 [INFO]  Epoch[0] Validation-A11-accuracy=0.000000
2024-03-31 19:41:57,861 [INFO]  Epoch[1] Batch [0-16]	Speed: 129.00 samples/sec	cross-entropy=0.655335	A11-accuracy=3.352941
2024-03-31 19:41:59,878 [INFO]  Epoch[1] Train-cross-entropy=0.580777
2024-03-31 19:41:59,879 [INFO]  Epoch[1] Train-A11-accuracy=3.580645
2024-03-31 19:41:59,879 [INFO]  Epoch[1] Time cost=4.007
2024-03-31 19:41:59,880 [INFO]  Saved checkpoint to "./imputer_model/imputer_model_A11/model-0001.params"
2024-03-31 19:42:00,431 [INFO]  Epoch[1] Validation-cross-entropy=0.381677
2024-03-31 19:42:00,431 [INFO]  Epoch[1] Validation-A11-accuracy=0.000000
2024-03-31 19:42:06,683 [INFO]  Epoch[2] Batch [0-16]	Speed: 41.24 samples/sec	cross-entropy=0.367784	A11-accuracy=3.352941
2024-03-31 19:42:10,900 [INFO]  Epoch[2] Train-cross-entropy=0.299437
2024-03-31 19:42:10,900 [INFO]  Epoch[2] Train-A11-accuracy=3.580645
2024-03-31 19:42:10,900 [INFO]  Epoch[2] Time cost=10.469
2024-03-31 19:42:10,902 [INFO]  Saved checkpoint to "./imputer_model/imputer_model_A11/model-0002.params"
2024-03-31 19:42:11,282 [INFO]  Epoch[2] Validation-cross-entropy=0.245826
2024-03-31 19:42:11,282 [INFO]  Epoch[2] Validation-A11-accuracy=0.000000
2024-03-31 19:42:14,536 [INFO]  Epoch[3] Batch [0-16]	Speed: 78.73 samples/sec	cross-entropy=0.212945	A11-accuracy=3.352941
2024-03-31 19:42:15,888 [INFO]  Epoch[3] Train-cross-entropy=0.180920
2024-03-31 19:42:15,888 [INFO]  Epoch[3] Train-A11-accuracy=3.580645
2024-03-31 19:42:15,888 [INFO]  Epoch[3] Time cost=4.606
2024-03-31 19:42:15,891 [INFO]  Saved checkpoint to "./imputer_model/imputer_model_A11/model-0003.params"
2024-03-31 19:42:16,431 [INFO]  Epoch[3] Validation-cross-entropy=0.228326
2024-03-31 19:42:16,431 [INFO]  Epoch[3] Validation-A11-accuracy=0.000000
2024-03-31 19:42:20,189 [INFO]  Epoch[4] Batch [0-16]	Speed: 73.28 samples/sec	cross-entropy=0.152934	A11-accuracy=3.352941
2024-03-31 19:42:20,208 [INFO]  Epoch[4] Train-cross-entropy=0.134934
2024-03-31 19:42:20,208 [INFO]  Epoch[4] Train-A11-accuracy=3.580645
2024-03-31 19:42:20,208 [INFO]  Epoch[4] Time cost=3.777
2024-03-31 19:42:20,210 [INFO]  Saved checkpoint to "./imputer_model/imputer_model_A11/model-0004.params"
2024-03-31 19:42:20,211 [INFO]  Epoch[4] Validation-cross-entropy=0.205333
2024-03-31 19:42:20,212 [INFO]  Epoch[4] Validation-A11-accuracy=0.000000
2024-03-31 19:42:20,212 [INFO]  
========== done (24.966140747070312 s) fit model
2024-03-31 19:45:27,217 [INFO]  
========== start: fit model
2024-03-31 19:45:27,217 [WARNING]  Already bound, ignoring bind()
2024-03-31 19:45:27,238 [INFO]  Epoch[0] Batch [0-16]	Speed: 15328.22 samples/sec	cross-entropy=6.214173	A11-accuracy=0.000000
2024-03-31 19:45:27,258 [INFO]  Epoch[0] Train-cross-entropy=6.407185
2024-03-31 19:45:27,258 [INFO]  Epoch[0] Train-A11-accuracy=0.000000
2024-03-31 19:45:27,258 [INFO]  Epoch[0] Time cost=0.040
2024-03-31 19:45:27,259 [INFO]  Saved checkpoint to "./imputer_model/imputer_model_A11/model-0000.params"
2024-03-31 19:45:27,289 [INFO]  Epoch[0] Validation-cross-entropy=2.218548
2024-03-31 19:45:27,289 [INFO]  Epoch[0] Validation-A11-accuracy=0.000000
2024-03-31 19:45:27,321 [INFO]  Epoch[1] Batch [0-16]	Speed: 8431.42 samples/sec	cross-entropy=1.227450	A11-accuracy=0.000000
2024-03-31 19:45:27,339 [INFO]  Epoch[1] Train-cross-entropy=1.014437
2024-03-31 19:45:27,339 [INFO]  Epoch[1] Train-A11-accuracy=0.000000
2024-03-31 19:45:27,339 [INFO]  Epoch[1] Time cost=0.050
2024-03-31 19:45:27,341 [INFO]  Saved checkpoint to "./imputer_model/imputer_model_A11/model-0001.params"
2024-03-31 19:45:27,342 [INFO]  Epoch[1] Validation-cross-entropy=0.322121
2024-03-31 19:45:27,342 [INFO]  Epoch[1] Validation-A11-accuracy=0.000000
2024-03-31 19:45:27,361 [INFO]  Epoch[2] Batch [0-16]	Speed: 18226.82 samples/sec	cross-entropy=0.409773	A11-accuracy=0.000000
2024-03-31 19:45:27,388 [INFO]  Epoch[2] Train-cross-entropy=0.406624
2024-03-31 19:45:27,389 [INFO]  Epoch[2] Train-A11-accuracy=0.000000
2024-03-31 19:45:27,389 [INFO]  Epoch[2] Time cost=0.047
2024-03-31 19:45:27,390 [INFO]  Saved checkpoint to "./imputer_model/imputer_model_A11/model-0002.params"
2024-03-31 19:45:27,397 [INFO]  Epoch[2] Validation-cross-entropy=0.226878
2024-03-31 19:45:27,397 [INFO]  Epoch[2] Validation-A11-accuracy=0.000000
2024-03-31 19:45:27,431 [INFO]  Epoch[3] Batch [0-16]	Speed: 7727.82 samples/sec	cross-entropy=0.250469	A11-accuracy=0.000000
2024-03-31 19:45:27,439 [INFO]  Epoch[3] Train-cross-entropy=0.233707
2024-03-31 19:45:27,440 [INFO]  Epoch[3] Train-A11-accuracy=0.000000
2024-03-31 19:45:27,440 [INFO]  Epoch[3] Time cost=0.042
2024-03-31 19:45:27,441 [INFO]  Saved checkpoint to "./imputer_model/imputer_model_A11/model-0003.params"
2024-03-31 19:45:27,442 [INFO]  Epoch[3] Validation-cross-entropy=0.149132
2024-03-31 19:45:27,442 [INFO]  Epoch[3] Validation-A11-accuracy=0.000000
2024-03-31 19:45:27,452 [INFO]  Epoch[4] Batch [0-16]	Speed: 27498.70 samples/sec	cross-entropy=0.154079	A11-accuracy=0.000000
2024-03-31 19:45:27,460 [INFO]  Epoch[4] Train-cross-entropy=0.144360
2024-03-31 19:45:27,460 [INFO]  Epoch[4] Train-A11-accuracy=0.000000
2024-03-31 19:45:27,460 [INFO]  Epoch[4] Time cost=0.018
2024-03-31 19:45:27,461 [INFO]  Saved checkpoint to "./imputer_model/imputer_model_A11/model-0004.params"
2024-03-31 19:45:27,462 [INFO]  Epoch[4] Validation-cross-entropy=0.103454
2024-03-31 19:45:27,462 [INFO]  Epoch[4] Validation-A11-accuracy=0.000000
2024-03-31 19:45:27,462 [INFO]  
========== done (0.24592947959899902 s) fit model
2024-03-31 19:48:39,537 [INFO]  
========== start: fit model
2024-03-31 19:48:39,537 [WARNING]  Already bound, ignoring bind()
2024-03-31 19:48:46,182 [INFO]  Epoch[0] Batch [0-16]	Speed: 44.67 samples/sec	cross-entropy=7.735276	A11-accuracy=0.000000
2024-03-31 19:48:50,852 [INFO]  Epoch[0] Train-cross-entropy=5.529814
2024-03-31 19:48:50,853 [INFO]  Epoch[0] Train-A11-accuracy=0.000000
2024-03-31 19:48:50,853 [INFO]  Epoch[0] Time cost=11.315
2024-03-31 19:48:50,854 [INFO]  Saved checkpoint to "./imputer_model/imputer_model_A11/model-0000.params"
2024-03-31 19:48:50,855 [INFO]  Epoch[0] Validation-cross-entropy=26.441492
2024-03-31 19:48:50,856 [INFO]  Epoch[0] Validation-A11-accuracy=0.000000
2024-03-31 19:48:51,621 [INFO]  Epoch[1] Batch [0-16]	Speed: 669.15 samples/sec	cross-entropy=1.170588	A11-accuracy=0.000000
2024-03-31 19:48:52,035 [INFO]  Epoch[1] Train-cross-entropy=0.931100
2024-03-31 19:48:52,035 [INFO]  Epoch[1] Train-A11-accuracy=0.000000
2024-03-31 19:48:52,035 [INFO]  Epoch[1] Time cost=1.179
2024-03-31 19:48:52,037 [INFO]  Saved checkpoint to "./imputer_model/imputer_model_A11/model-0001.params"
2024-03-31 19:48:52,059 [INFO]  Epoch[1] Validation-cross-entropy=4.705942
2024-03-31 19:48:52,059 [INFO]  Epoch[1] Validation-A11-accuracy=0.000000
2024-03-31 19:48:52,427 [INFO]  Epoch[2] Batch [0-16]	Speed: 696.90 samples/sec	cross-entropy=0.433983	A11-accuracy=0.000000
2024-03-31 19:48:52,627 [INFO]  Epoch[2] Train-cross-entropy=0.399231
2024-03-31 19:48:52,627 [INFO]  Epoch[2] Train-A11-accuracy=0.000000
2024-03-31 19:48:52,627 [INFO]  Epoch[2] Time cost=0.568
2024-03-31 19:48:52,629 [INFO]  Saved checkpoint to "./imputer_model/imputer_model_A11/model-0002.params"
2024-03-31 19:48:53,019 [INFO]  Epoch[2] Validation-cross-entropy=3.772822
2024-03-31 19:48:53,019 [INFO]  Epoch[2] Validation-A11-accuracy=0.000000
2024-03-31 19:48:57,284 [INFO]  Epoch[3] Batch [0-16]	Speed: 62.91 samples/sec	cross-entropy=0.253454	A11-accuracy=0.000000
2024-03-31 19:49:03,451 [INFO]  Epoch[3] Train-cross-entropy=0.239883
2024-03-31 19:49:03,451 [INFO]  Epoch[3] Train-A11-accuracy=0.000000
2024-03-31 19:49:03,451 [INFO]  Epoch[3] Time cost=10.432
2024-03-31 19:49:03,453 [INFO]  Saved checkpoint to "./imputer_model/imputer_model_A11/model-0003.params"
2024-03-31 19:49:04,011 [INFO]  Epoch[3] Validation-cross-entropy=2.555776
2024-03-31 19:49:04,011 [INFO]  Epoch[3] Validation-A11-accuracy=0.000000
2024-03-31 19:49:09,306 [INFO]  Epoch[4] Batch [0-16]	Speed: 55.29 samples/sec	cross-entropy=0.164220	A11-accuracy=0.000000
2024-03-31 19:49:11,529 [INFO]  Epoch[4] Train-cross-entropy=0.169952
2024-03-31 19:49:11,529 [INFO]  Epoch[4] Train-A11-accuracy=0.000000
2024-03-31 19:49:11,529 [INFO]  Epoch[4] Time cost=7.519
2024-03-31 19:49:11,531 [INFO]  Saved checkpoint to "./imputer_model/imputer_model_A11/model-0004.params"
2024-03-31 19:49:11,535 [INFO]  Epoch[4] Validation-cross-entropy=2.368060
2024-03-31 19:49:11,535 [INFO]  Epoch[4] Validation-A11-accuracy=0.000000
2024-03-31 19:49:11,535 [INFO]  
========== done (31.997926473617554 s) fit model
2024-03-31 19:51:48,462 [INFO]  
========== start: fit model
2024-03-31 19:51:48,462 [WARNING]  Already bound, ignoring bind()
2024-03-31 19:51:48,773 [INFO]  Epoch[0] Batch [0-16]	Speed: 2422.68 samples/sec	cross-entropy=13.781738	A11-accuracy=4.000000
2024-03-31 19:51:48,817 [INFO]  Epoch[0] Train-cross-entropy=9.821399
2024-03-31 19:51:48,817 [INFO]  Epoch[0] Train-A11-accuracy=3.838710
2024-03-31 19:51:48,817 [INFO]  Epoch[0] Time cost=0.354
2024-03-31 19:51:48,819 [INFO]  Saved checkpoint to "./imputer_model/imputer_model_A11/model-0000.params"
2024-03-31 19:51:48,845 [INFO]  Epoch[0] Validation-cross-entropy=2.056042
2024-03-31 19:51:48,845 [INFO]  Epoch[0] Validation-A11-accuracy=0.000000
2024-03-31 19:51:48,865 [INFO]  Epoch[1] Batch [0-16]	Speed: 14189.23 samples/sec	cross-entropy=1.717464	A11-accuracy=4.000000
2024-03-31 19:51:48,878 [INFO]  Epoch[1] Train-cross-entropy=1.328094
2024-03-31 19:51:48,878 [INFO]  Epoch[1] Train-A11-accuracy=3.838710
2024-03-31 19:51:48,878 [INFO]  Epoch[1] Time cost=0.033
2024-03-31 19:51:48,880 [INFO]  Saved checkpoint to "./imputer_model/imputer_model_A11/model-0001.params"
2024-03-31 19:51:48,895 [INFO]  Epoch[1] Validation-cross-entropy=0.910675
2024-03-31 19:51:48,895 [INFO]  Epoch[1] Validation-A11-accuracy=0.000000
2024-03-31 19:51:49,002 [INFO]  Epoch[2] Batch [0-16]	Speed: 2428.77 samples/sec	cross-entropy=0.592529	A11-accuracy=4.000000
2024-03-31 19:51:49,020 [INFO]  Epoch[2] Train-cross-entropy=0.477593
2024-03-31 19:51:49,020 [INFO]  Epoch[2] Train-A11-accuracy=3.838710
2024-03-31 19:51:49,020 [INFO]  Epoch[2] Time cost=0.125
2024-03-31 19:51:49,023 [INFO]  Saved checkpoint to "./imputer_model/imputer_model_A11/model-0002.params"
2024-03-31 19:51:49,028 [INFO]  Epoch[2] Validation-cross-entropy=0.566574
2024-03-31 19:51:49,028 [INFO]  Epoch[2] Validation-A11-accuracy=0.000000
2024-03-31 19:51:49,103 [INFO]  Epoch[3] Batch [0-16]	Speed: 3493.92 samples/sec	cross-entropy=0.386635	A11-accuracy=4.000000
2024-03-31 19:51:49,161 [INFO]  Epoch[3] Train-cross-entropy=0.330467
2024-03-31 19:51:49,161 [INFO]  Epoch[3] Train-A11-accuracy=3.838710
2024-03-31 19:51:49,161 [INFO]  Epoch[3] Time cost=0.133
2024-03-31 19:51:49,163 [INFO]  Saved checkpoint to "./imputer_model/imputer_model_A11/model-0003.params"
2024-03-31 19:51:49,164 [INFO]  Epoch[3] Validation-cross-entropy=0.413152
2024-03-31 19:51:49,164 [INFO]  Epoch[3] Validation-A11-accuracy=0.000000
2024-03-31 19:51:49,192 [INFO]  Epoch[4] Batch [0-16]	Speed: 9814.38 samples/sec	cross-entropy=0.349475	A11-accuracy=4.000000
2024-03-31 19:51:49,224 [INFO]  Epoch[4] Train-cross-entropy=0.265367
2024-03-31 19:51:49,224 [INFO]  Epoch[4] Train-A11-accuracy=3.838710
2024-03-31 19:51:49,224 [INFO]  Epoch[4] Time cost=0.060
2024-03-31 19:51:49,225 [INFO]  Saved checkpoint to "./imputer_model/imputer_model_A11/model-0004.params"
2024-03-31 19:51:49,231 [INFO]  Epoch[4] Validation-cross-entropy=0.360828
2024-03-31 19:51:49,231 [INFO]  Epoch[4] Validation-A11-accuracy=0.000000
2024-03-31 19:51:49,231 [INFO]  
========== done (0.769446611404419 s) fit model
2024-03-31 19:53:56,154 [INFO]  
========== start: fit model
2024-03-31 19:53:56,154 [WARNING]  Already bound, ignoring bind()
2024-03-31 19:53:56,287 [INFO]  Epoch[0] Batch [0-16]	Speed: 2366.07 samples/sec	cross-entropy=10.608604	A11-accuracy=0.000000
2024-03-31 19:53:56,485 [INFO]  Epoch[0] Train-cross-entropy=10.089557
2024-03-31 19:53:56,486 [INFO]  Epoch[0] Train-A11-accuracy=0.000000
2024-03-31 19:53:56,486 [INFO]  Epoch[0] Time cost=0.330
2024-03-31 19:53:56,488 [INFO]  Saved checkpoint to "./imputer_model/imputer_model_A11/model-0000.params"
2024-03-31 19:53:56,499 [INFO]  Epoch[0] Validation-cross-entropy=2.700909
2024-03-31 19:53:56,500 [INFO]  Epoch[0] Validation-A11-accuracy=0.000000
2024-03-31 19:53:56,587 [INFO]  Epoch[1] Batch [0-16]	Speed: 3002.74 samples/sec	cross-entropy=1.853841	A11-accuracy=0.000000
2024-03-31 19:53:56,643 [INFO]  Epoch[1] Train-cross-entropy=1.941851
2024-03-31 19:53:56,643 [INFO]  Epoch[1] Train-A11-accuracy=0.000000
2024-03-31 19:53:56,643 [INFO]  Epoch[1] Time cost=0.144
2024-03-31 19:53:56,646 [INFO]  Saved checkpoint to "./imputer_model/imputer_model_A11/model-0001.params"
2024-03-31 19:53:56,651 [INFO]  Epoch[1] Validation-cross-entropy=0.833844
2024-03-31 19:53:56,651 [INFO]  Epoch[1] Validation-A11-accuracy=0.000000
2024-03-31 19:53:56,738 [INFO]  Epoch[2] Batch [0-16]	Speed: 2975.54 samples/sec	cross-entropy=0.906864	A11-accuracy=0.000000
2024-03-31 19:53:56,869 [INFO]  Epoch[2] Train-cross-entropy=0.839854
2024-03-31 19:53:56,869 [INFO]  Epoch[2] Train-A11-accuracy=0.000000
2024-03-31 19:53:56,870 [INFO]  Epoch[2] Time cost=0.218
2024-03-31 19:53:56,871 [INFO]  Saved checkpoint to "./imputer_model/imputer_model_A11/model-0002.params"
2024-03-31 19:53:56,880 [INFO]  Epoch[2] Validation-cross-entropy=0.638830
2024-03-31 19:53:56,880 [INFO]  Epoch[2] Validation-A11-accuracy=0.000000
2024-03-31 19:53:56,903 [INFO]  Epoch[3] Batch [0-16]	Speed: 11455.93 samples/sec	cross-entropy=0.797982	A11-accuracy=0.000000
2024-03-31 19:53:57,028 [INFO]  Epoch[3] Train-cross-entropy=0.569550
2024-03-31 19:53:57,029 [INFO]  Epoch[3] Train-A11-accuracy=0.000000
2024-03-31 19:53:57,029 [INFO]  Epoch[3] Time cost=0.148
2024-03-31 19:53:57,033 [INFO]  Saved checkpoint to "./imputer_model/imputer_model_A11/model-0003.params"
2024-03-31 19:53:57,110 [INFO]  Epoch[3] Validation-cross-entropy=0.377286
2024-03-31 19:53:57,110 [INFO]  Epoch[3] Validation-A11-accuracy=0.000000
2024-03-31 19:53:57,464 [INFO]  Epoch[4] Batch [0-16]	Speed: 724.59 samples/sec	cross-entropy=0.767943	A11-accuracy=0.000000
2024-03-31 19:53:57,689 [INFO]  Epoch[4] Train-cross-entropy=0.587044
2024-03-31 19:53:57,689 [INFO]  Epoch[4] Train-A11-accuracy=0.000000
2024-03-31 19:53:57,689 [INFO]  Epoch[4] Time cost=0.579
2024-03-31 19:53:57,691 [INFO]  Saved checkpoint to "./imputer_model/imputer_model_A11/model-0004.params"
2024-03-31 19:53:57,748 [INFO]  Epoch[4] Validation-cross-entropy=0.454817
2024-03-31 19:53:57,748 [INFO]  Epoch[4] Validation-A11-accuracy=0.000000
2024-03-31 19:53:57,748 [INFO]  
========== done (1.5941708087921143 s) fit model
2024-03-31 19:54:26,363 [INFO]  
========== start: fit model
2024-03-31 19:54:26,364 [WARNING]  Already bound, ignoring bind()
2024-03-31 19:54:26,716 [INFO]  Epoch[0] Batch [0-16]	Speed: 833.80 samples/sec	cross-entropy=10.411500	A11-accuracy=0.000000
2024-03-31 19:54:26,759 [INFO]  Epoch[0] Train-cross-entropy=7.028002
2024-03-31 19:54:26,759 [INFO]  Epoch[0] Train-A11-accuracy=0.000000
2024-03-31 19:54:26,759 [INFO]  Epoch[0] Time cost=0.394
2024-03-31 19:54:26,760 [INFO]  Saved checkpoint to "./imputer_model/imputer_model_A11/model-0000.params"
2024-03-31 19:54:26,791 [INFO]  Epoch[0] Validation-cross-entropy=1.394541
2024-03-31 19:54:26,791 [INFO]  Epoch[0] Validation-A11-accuracy=0.000000
2024-03-31 19:54:26,812 [INFO]  Epoch[1] Batch [0-16]	Speed: 13386.13 samples/sec	cross-entropy=1.709309	A11-accuracy=0.000000
2024-03-31 19:54:26,825 [INFO]  Epoch[1] Train-cross-entropy=1.256477
2024-03-31 19:54:26,825 [INFO]  Epoch[1] Train-A11-accuracy=0.000000
2024-03-31 19:54:26,825 [INFO]  Epoch[1] Time cost=0.034
2024-03-31 19:54:26,827 [INFO]  Saved checkpoint to "./imputer_model/imputer_model_A11/model-0001.params"
2024-03-31 19:54:26,828 [INFO]  Epoch[1] Validation-cross-entropy=0.478215
2024-03-31 19:54:26,828 [INFO]  Epoch[1] Validation-A11-accuracy=0.000000
2024-03-31 19:54:26,861 [INFO]  Epoch[2] Batch [0-16]	Speed: 8100.59 samples/sec	cross-entropy=0.424443	A11-accuracy=0.000000
2024-03-31 19:54:27,201 [INFO]  Epoch[2] Train-cross-entropy=0.424526
2024-03-31 19:54:27,201 [INFO]  Epoch[2] Train-A11-accuracy=0.000000
2024-03-31 19:54:27,201 [INFO]  Epoch[2] Time cost=0.372
2024-03-31 19:54:27,202 [INFO]  Saved checkpoint to "./imputer_model/imputer_model_A11/model-0002.params"
2024-03-31 19:54:27,211 [INFO]  Epoch[2] Validation-cross-entropy=0.313990
2024-03-31 19:54:27,211 [INFO]  Epoch[2] Validation-A11-accuracy=0.000000
2024-03-31 19:54:27,634 [INFO]  Epoch[3] Batch [0-16]	Speed: 607.01 samples/sec	cross-entropy=0.271995	A11-accuracy=0.000000
2024-03-31 19:54:27,642 [INFO]  Epoch[3] Train-cross-entropy=0.298939
2024-03-31 19:54:27,642 [INFO]  Epoch[3] Train-A11-accuracy=0.000000
2024-03-31 19:54:27,642 [INFO]  Epoch[3] Time cost=0.431
2024-03-31 19:54:27,644 [INFO]  Saved checkpoint to "./imputer_model/imputer_model_A11/model-0003.params"
2024-03-31 19:54:27,645 [INFO]  Epoch[3] Validation-cross-entropy=0.320267
2024-03-31 19:54:27,645 [INFO]  Epoch[3] Validation-A11-accuracy=0.000000
2024-03-31 19:54:27,655 [INFO]  Epoch[4] Batch [0-16]	Speed: 27420.75 samples/sec	cross-entropy=0.192849	A11-accuracy=0.000000
2024-03-31 19:54:27,663 [INFO]  Epoch[4] Train-cross-entropy=0.277903
2024-03-31 19:54:27,663 [INFO]  Epoch[4] Train-A11-accuracy=0.000000
2024-03-31 19:54:27,663 [INFO]  Epoch[4] Time cost=0.019
2024-03-31 19:54:27,665 [INFO]  Saved checkpoint to "./imputer_model/imputer_model_A11/model-0004.params"
2024-03-31 19:54:27,666 [INFO]  Epoch[4] Validation-cross-entropy=0.271212
2024-03-31 19:54:27,666 [INFO]  Epoch[4] Validation-A11-accuracy=0.000000
2024-03-31 19:54:27,666 [INFO]  
========== done (1.3025562763214111 s) fit model
2024-03-31 19:54:46,216 [INFO]  
========== start: fit model
2024-03-31 19:54:46,216 [WARNING]  Already bound, ignoring bind()
2024-03-31 19:54:46,290 [INFO]  Epoch[0] Batch [0-16]	Speed: 3590.73 samples/sec	cross-entropy=21.598215	A11-accuracy=0.000000
2024-03-31 19:54:46,745 [INFO]  Epoch[0] Train-cross-entropy=13.947603
2024-03-31 19:54:46,745 [INFO]  Epoch[0] Train-A11-accuracy=0.000000
2024-03-31 19:54:46,745 [INFO]  Epoch[0] Time cost=0.528
2024-03-31 19:54:46,746 [INFO]  Saved checkpoint to "./imputer_model/imputer_model_A11/model-0000.params"
2024-03-31 19:54:46,831 [INFO]  Epoch[0] Validation-cross-entropy=5.492911
2024-03-31 19:54:46,831 [INFO]  Epoch[0] Validation-A11-accuracy=0.000000
2024-03-31 19:54:46,868 [INFO]  Epoch[1] Batch [0-16]	Speed: 7237.36 samples/sec	cross-entropy=7.748135	A11-accuracy=0.000000
2024-03-31 19:54:46,912 [INFO]  Epoch[1] Train-cross-entropy=4.832651
2024-03-31 19:54:46,913 [INFO]  Epoch[1] Train-A11-accuracy=0.000000
2024-03-31 19:54:46,913 [INFO]  Epoch[1] Time cost=0.081
2024-03-31 19:54:46,914 [INFO]  Saved checkpoint to "./imputer_model/imputer_model_A11/model-0001.params"
2024-03-31 19:54:46,915 [INFO]  Epoch[1] Validation-cross-entropy=1.895429
2024-03-31 19:54:46,915 [INFO]  Epoch[1] Validation-A11-accuracy=0.000000
2024-03-31 19:54:47,162 [INFO]  Epoch[2] Batch [0-16]	Speed: 1039.44 samples/sec	cross-entropy=2.342494	A11-accuracy=0.000000
2024-03-31 19:54:47,308 [INFO]  Epoch[2] Train-cross-entropy=1.515232
2024-03-31 19:54:47,308 [INFO]  Epoch[2] Train-A11-accuracy=0.000000
2024-03-31 19:54:47,309 [INFO]  Epoch[2] Time cost=0.394
2024-03-31 19:54:47,310 [INFO]  Saved checkpoint to "./imputer_model/imputer_model_A11/model-0002.params"
2024-03-31 19:54:47,339 [INFO]  Epoch[2] Validation-cross-entropy=0.692604
2024-03-31 19:54:47,339 [INFO]  Epoch[2] Validation-A11-accuracy=0.000000
2024-03-31 19:54:47,396 [INFO]  Epoch[3] Batch [0-16]	Speed: 4626.28 samples/sec	cross-entropy=0.793020	A11-accuracy=0.000000
2024-03-31 19:54:47,423 [INFO]  Epoch[3] Train-cross-entropy=0.604570
2024-03-31 19:54:47,423 [INFO]  Epoch[3] Train-A11-accuracy=0.000000
2024-03-31 19:54:47,423 [INFO]  Epoch[3] Time cost=0.084
2024-03-31 19:54:47,425 [INFO]  Saved checkpoint to "./imputer_model/imputer_model_A11/model-0003.params"
2024-03-31 19:54:47,425 [INFO]  Epoch[3] Validation-cross-entropy=0.613900
2024-03-31 19:54:47,426 [INFO]  Epoch[3] Validation-A11-accuracy=0.000000
2024-03-31 19:54:47,690 [INFO]  Epoch[4] Batch [0-16]	Speed: 986.12 samples/sec	cross-entropy=0.555057	A11-accuracy=0.000000
2024-03-31 19:54:47,809 [INFO]  Epoch[4] Train-cross-entropy=0.441585
2024-03-31 19:54:47,809 [INFO]  Epoch[4] Train-A11-accuracy=0.000000
2024-03-31 19:54:47,809 [INFO]  Epoch[4] Time cost=0.384
2024-03-31 19:54:47,811 [INFO]  Saved checkpoint to "./imputer_model/imputer_model_A11/model-0004.params"
2024-03-31 19:54:47,812 [INFO]  Epoch[4] Validation-cross-entropy=0.409746
2024-03-31 19:54:47,812 [INFO]  Epoch[4] Validation-A11-accuracy=0.000000
2024-03-31 19:54:47,812 [INFO]  
========== done (1.5963325500488281 s) fit model
2024-03-31 19:55:04,189 [INFO]  
========== start: fit model
2024-03-31 19:55:04,189 [WARNING]  Already bound, ignoring bind()
2024-03-31 19:55:04,205 [INFO]  Epoch[0] Batch [0-16]	Speed: 19334.51 samples/sec	cross-entropy=15.114977	A11-accuracy=0.000000
2024-03-31 19:55:04,220 [INFO]  Epoch[0] Train-cross-entropy=9.374164
2024-03-31 19:55:04,220 [INFO]  Epoch[0] Train-A11-accuracy=0.000000
2024-03-31 19:55:04,220 [INFO]  Epoch[0] Time cost=0.030
2024-03-31 19:55:04,222 [INFO]  Saved checkpoint to "./imputer_model/imputer_model_A11/model-0000.params"
2024-03-31 19:55:04,223 [INFO]  Epoch[0] Validation-cross-entropy=0.826260
2024-03-31 19:55:04,223 [INFO]  Epoch[0] Validation-A11-accuracy=0.000000
2024-03-31 19:55:04,236 [INFO]  Epoch[1] Batch [0-16]	Speed: 21159.14 samples/sec	cross-entropy=3.685487	A11-accuracy=0.000000
2024-03-31 19:55:04,246 [INFO]  Epoch[1] Train-cross-entropy=2.365704
2024-03-31 19:55:04,246 [INFO]  Epoch[1] Train-A11-accuracy=0.000000
2024-03-31 19:55:04,246 [INFO]  Epoch[1] Time cost=0.023
2024-03-31 19:55:04,248 [INFO]  Saved checkpoint to "./imputer_model/imputer_model_A11/model-0001.params"
2024-03-31 19:55:04,249 [INFO]  Epoch[1] Validation-cross-entropy=0.324242
2024-03-31 19:55:04,249 [INFO]  Epoch[1] Validation-A11-accuracy=0.000000
2024-03-31 19:55:04,273 [INFO]  Epoch[2] Batch [0-16]	Speed: 10775.02 samples/sec	cross-entropy=1.145162	A11-accuracy=0.000000
2024-03-31 19:55:04,286 [INFO]  Epoch[2] Train-cross-entropy=0.816723
2024-03-31 19:55:04,286 [INFO]  Epoch[2] Train-A11-accuracy=0.000000
2024-03-31 19:55:04,286 [INFO]  Epoch[2] Time cost=0.038
2024-03-31 19:55:04,288 [INFO]  Saved checkpoint to "./imputer_model/imputer_model_A11/model-0002.params"
2024-03-31 19:55:04,289 [INFO]  Epoch[2] Validation-cross-entropy=0.263325
2024-03-31 19:55:04,289 [INFO]  Epoch[2] Validation-A11-accuracy=0.000000
2024-03-31 19:55:04,301 [INFO]  Epoch[3] Batch [0-16]	Speed: 22223.32 samples/sec	cross-entropy=0.481900	A11-accuracy=0.000000
2024-03-31 19:55:04,312 [INFO]  Epoch[3] Train-cross-entropy=0.393171
2024-03-31 19:55:04,312 [INFO]  Epoch[3] Train-A11-accuracy=0.000000
2024-03-31 19:55:04,312 [INFO]  Epoch[3] Time cost=0.023
2024-03-31 19:55:04,313 [INFO]  Saved checkpoint to "./imputer_model/imputer_model_A11/model-0003.params"
2024-03-31 19:55:04,314 [INFO]  Epoch[3] Validation-cross-entropy=0.197540
2024-03-31 19:55:04,315 [INFO]  Epoch[3] Validation-A11-accuracy=0.000000
2024-03-31 19:55:04,326 [INFO]  Epoch[4] Batch [0-16]	Speed: 23281.98 samples/sec	cross-entropy=0.269172	A11-accuracy=0.000000
2024-03-31 19:55:04,336 [INFO]  Epoch[4] Train-cross-entropy=0.252652
2024-03-31 19:55:04,336 [INFO]  Epoch[4] Train-A11-accuracy=0.000000
2024-03-31 19:55:04,336 [INFO]  Epoch[4] Time cost=0.021
2024-03-31 19:55:04,337 [INFO]  Saved checkpoint to "./imputer_model/imputer_model_A11/model-0004.params"
2024-03-31 19:55:04,339 [INFO]  Epoch[4] Validation-cross-entropy=0.191434
2024-03-31 19:55:04,339 [INFO]  Epoch[4] Validation-A11-accuracy=0.000000
2024-03-31 19:55:04,339 [INFO]  
========== done (0.1494593620300293 s) fit model
2024-03-31 19:55:25,665 [INFO]  
========== start: fit model
2024-03-31 19:55:25,665 [WARNING]  Already bound, ignoring bind()
2024-03-31 19:55:25,871 [INFO]  Epoch[0] Batch [0-16]	Speed: 1538.53 samples/sec	cross-entropy=10.036529	A11-accuracy=3.647059
2024-03-31 19:55:25,907 [INFO]  Epoch[0] Train-cross-entropy=6.628306
2024-03-31 19:55:25,907 [INFO]  Epoch[0] Train-A11-accuracy=3.645161
2024-03-31 19:55:25,907 [INFO]  Epoch[0] Time cost=0.241
2024-03-31 19:55:25,909 [INFO]  Saved checkpoint to "./imputer_model/imputer_model_A11/model-0000.params"
2024-03-31 19:55:25,910 [INFO]  Epoch[0] Validation-cross-entropy=2.850143
2024-03-31 19:55:25,910 [INFO]  Epoch[0] Validation-A11-accuracy=0.000000
2024-03-31 19:55:25,946 [INFO]  Epoch[1] Batch [0-16]	Speed: 7154.46 samples/sec	cross-entropy=1.774525	A11-accuracy=3.647059
2024-03-31 19:55:26,139 [INFO]  Epoch[1] Train-cross-entropy=1.251927
2024-03-31 19:55:26,139 [INFO]  Epoch[1] Train-A11-accuracy=3.645161
2024-03-31 19:55:26,139 [INFO]  Epoch[1] Time cost=0.229
2024-03-31 19:55:26,140 [INFO]  Saved checkpoint to "./imputer_model/imputer_model_A11/model-0001.params"
2024-03-31 19:55:26,141 [INFO]  Epoch[1] Validation-cross-entropy=0.601883
2024-03-31 19:55:26,142 [INFO]  Epoch[1] Validation-A11-accuracy=0.000000
2024-03-31 19:55:26,274 [INFO]  Epoch[2] Batch [0-16]	Speed: 1936.33 samples/sec	cross-entropy=0.641231	A11-accuracy=3.647059
2024-03-31 19:55:26,365 [INFO]  Epoch[2] Train-cross-entropy=0.470049
2024-03-31 19:55:26,365 [INFO]  Epoch[2] Train-A11-accuracy=3.645161
2024-03-31 19:55:26,365 [INFO]  Epoch[2] Time cost=0.224
2024-03-31 19:55:26,369 [INFO]  Saved checkpoint to "./imputer_model/imputer_model_A11/model-0002.params"
2024-03-31 19:55:26,399 [INFO]  Epoch[2] Validation-cross-entropy=0.366574
2024-03-31 19:55:26,399 [INFO]  Epoch[2] Validation-A11-accuracy=0.000000
2024-03-31 19:55:26,449 [INFO]  Epoch[3] Batch [0-16]	Speed: 5311.56 samples/sec	cross-entropy=0.299320	A11-accuracy=3.647059
2024-03-31 19:55:26,516 [INFO]  Epoch[3] Train-cross-entropy=0.243294
2024-03-31 19:55:26,517 [INFO]  Epoch[3] Train-A11-accuracy=3.645161
2024-03-31 19:55:26,517 [INFO]  Epoch[3] Time cost=0.117
2024-03-31 19:55:26,518 [INFO]  Saved checkpoint to "./imputer_model/imputer_model_A11/model-0003.params"
2024-03-31 19:55:26,519 [INFO]  Epoch[3] Validation-cross-entropy=0.272143
2024-03-31 19:55:26,520 [INFO]  Epoch[3] Validation-A11-accuracy=0.000000
2024-03-31 19:55:26,846 [INFO]  Epoch[4] Batch [0-16]	Speed: 786.94 samples/sec	cross-entropy=0.184318	A11-accuracy=3.647059
2024-03-31 19:55:26,953 [INFO]  Epoch[4] Train-cross-entropy=0.157783
2024-03-31 19:55:26,953 [INFO]  Epoch[4] Train-A11-accuracy=3.645161
2024-03-31 19:55:26,953 [INFO]  Epoch[4] Time cost=0.434
2024-03-31 19:55:26,955 [INFO]  Saved checkpoint to "./imputer_model/imputer_model_A11/model-0004.params"
2024-03-31 19:55:26,957 [INFO]  Epoch[4] Validation-cross-entropy=0.196171
2024-03-31 19:55:26,957 [INFO]  Epoch[4] Validation-A11-accuracy=0.000000
2024-03-31 19:55:26,957 [INFO]  
========== done (1.2916326522827148 s) fit model
2024-03-31 19:55:53,121 [INFO]  
========== start: fit model
2024-03-31 19:55:53,121 [WARNING]  Already bound, ignoring bind()
2024-03-31 19:55:53,217 [INFO]  Epoch[0] Batch [0-16]	Speed: 2707.46 samples/sec	cross-entropy=18.825997	A11-accuracy=3.470588
2024-03-31 19:55:53,436 [INFO]  Epoch[0] Train-cross-entropy=12.254885
2024-03-31 19:55:53,436 [INFO]  Epoch[0] Train-A11-accuracy=3.774194
2024-03-31 19:55:53,436 [INFO]  Epoch[0] Time cost=0.314
2024-03-31 19:55:53,437 [INFO]  Saved checkpoint to "./imputer_model/imputer_model_A11/model-0000.params"
2024-03-31 19:55:53,439 [INFO]  Epoch[0] Validation-cross-entropy=4.454890
2024-03-31 19:55:53,439 [INFO]  Epoch[0] Validation-A11-accuracy=0.000000
2024-03-31 19:55:53,596 [INFO]  Epoch[1] Batch [0-16]	Speed: 1769.95 samples/sec	cross-entropy=5.662952	A11-accuracy=3.470588
2024-03-31 19:55:53,788 [INFO]  Epoch[1] Train-cross-entropy=3.549434
2024-03-31 19:55:53,788 [INFO]  Epoch[1] Train-A11-accuracy=3.774194
2024-03-31 19:55:53,789 [INFO]  Epoch[1] Time cost=0.350
2024-03-31 19:55:53,791 [INFO]  Saved checkpoint to "./imputer_model/imputer_model_A11/model-0001.params"
2024-03-31 19:55:53,800 [INFO]  Epoch[1] Validation-cross-entropy=0.761148
2024-03-31 19:55:53,800 [INFO]  Epoch[1] Validation-A11-accuracy=0.000000
2024-03-31 19:55:53,915 [INFO]  Epoch[2] Batch [0-16]	Speed: 2254.71 samples/sec	cross-entropy=1.837535	A11-accuracy=3.470588
2024-03-31 19:55:53,975 [INFO]  Epoch[2] Train-cross-entropy=1.231207
2024-03-31 19:55:53,975 [INFO]  Epoch[2] Train-A11-accuracy=3.774194
2024-03-31 19:55:53,975 [INFO]  Epoch[2] Time cost=0.175
2024-03-31 19:55:53,977 [INFO]  Saved checkpoint to "./imputer_model/imputer_model_A11/model-0002.params"
2024-03-31 19:55:53,979 [INFO]  Epoch[2] Validation-cross-entropy=0.443601
2024-03-31 19:55:53,979 [INFO]  Epoch[2] Validation-A11-accuracy=0.000000
2024-03-31 19:55:54,017 [INFO]  Epoch[3] Batch [0-16]	Speed: 6996.56 samples/sec	cross-entropy=0.781668	A11-accuracy=3.470588
2024-03-31 19:55:54,034 [INFO]  Epoch[3] Train-cross-entropy=0.625778
2024-03-31 19:55:54,034 [INFO]  Epoch[3] Train-A11-accuracy=3.774194
2024-03-31 19:55:54,034 [INFO]  Epoch[3] Time cost=0.055
2024-03-31 19:55:54,036 [INFO]  Saved checkpoint to "./imputer_model/imputer_model_A11/model-0003.params"
2024-03-31 19:55:54,039 [INFO]  Epoch[3] Validation-cross-entropy=0.318321
2024-03-31 19:55:54,039 [INFO]  Epoch[3] Validation-A11-accuracy=0.000000
2024-03-31 19:55:54,196 [INFO]  Epoch[4] Batch [0-16]	Speed: 1646.44 samples/sec	cross-entropy=0.616894	A11-accuracy=3.470588
2024-03-31 19:55:54,205 [INFO]  Epoch[4] Train-cross-entropy=0.507039
2024-03-31 19:55:54,205 [INFO]  Epoch[4] Train-A11-accuracy=3.774194
2024-03-31 19:55:54,205 [INFO]  Epoch[4] Time cost=0.166
2024-03-31 19:55:54,209 [INFO]  Saved checkpoint to "./imputer_model/imputer_model_A11/model-0004.params"
2024-03-31 19:55:54,258 [INFO]  Epoch[4] Validation-cross-entropy=0.379039
2024-03-31 19:55:54,258 [INFO]  Epoch[4] Validation-A11-accuracy=0.000000
2024-03-31 19:55:54,258 [INFO]  
========== done (1.1377451419830322 s) fit model
2024-03-31 19:56:13,351 [INFO]  
========== start: fit model
2024-03-31 19:56:13,351 [WARNING]  Already bound, ignoring bind()
2024-03-31 19:56:13,364 [INFO]  Epoch[0] Batch [0-16]	Speed: 22595.10 samples/sec	cross-entropy=8.482621	A11-accuracy=0.000000
2024-03-31 19:56:13,374 [INFO]  Epoch[0] Train-cross-entropy=6.367297
2024-03-31 19:56:13,374 [INFO]  Epoch[0] Train-A11-accuracy=0.000000
2024-03-31 19:56:13,374 [INFO]  Epoch[0] Time cost=0.022
2024-03-31 19:56:13,376 [INFO]  Saved checkpoint to "./imputer_model/imputer_model_A11/model-0000.params"
2024-03-31 19:56:13,376 [INFO]  Epoch[0] Validation-cross-entropy=1.087768
2024-03-31 19:56:13,377 [INFO]  Epoch[0] Validation-A11-accuracy=0.000000
2024-03-31 19:56:13,388 [INFO]  Epoch[1] Batch [0-16]	Speed: 24404.89 samples/sec	cross-entropy=1.178907	A11-accuracy=0.000000
2024-03-31 19:56:13,397 [INFO]  Epoch[1] Train-cross-entropy=0.954779
2024-03-31 19:56:13,397 [INFO]  Epoch[1] Train-A11-accuracy=0.000000
2024-03-31 19:56:13,397 [INFO]  Epoch[1] Time cost=0.020
2024-03-31 19:56:13,398 [INFO]  Saved checkpoint to "./imputer_model/imputer_model_A11/model-0001.params"
2024-03-31 19:56:13,399 [INFO]  Epoch[1] Validation-cross-entropy=0.559416
2024-03-31 19:56:13,399 [INFO]  Epoch[1] Validation-A11-accuracy=0.000000
2024-03-31 19:56:13,410 [INFO]  Epoch[2] Batch [0-16]	Speed: 24433.21 samples/sec	cross-entropy=0.429376	A11-accuracy=0.000000
2024-03-31 19:56:13,420 [INFO]  Epoch[2] Train-cross-entropy=0.370934
2024-03-31 19:56:13,420 [INFO]  Epoch[2] Train-A11-accuracy=0.000000
2024-03-31 19:56:13,420 [INFO]  Epoch[2] Time cost=0.021
2024-03-31 19:56:13,421 [INFO]  Saved checkpoint to "./imputer_model/imputer_model_A11/model-0002.params"
2024-03-31 19:56:13,422 [INFO]  Epoch[2] Validation-cross-entropy=0.239836
2024-03-31 19:56:13,422 [INFO]  Epoch[2] Validation-A11-accuracy=0.000000
2024-03-31 19:56:13,434 [INFO]  Epoch[3] Batch [0-16]	Speed: 23604.43 samples/sec	cross-entropy=0.209112	A11-accuracy=0.000000
2024-03-31 19:56:13,444 [INFO]  Epoch[3] Train-cross-entropy=0.185724
2024-03-31 19:56:13,444 [INFO]  Epoch[3] Train-A11-accuracy=0.000000
2024-03-31 19:56:13,444 [INFO]  Epoch[3] Time cost=0.022
2024-03-31 19:56:13,445 [INFO]  Saved checkpoint to "./imputer_model/imputer_model_A11/model-0003.params"
2024-03-31 19:56:13,446 [INFO]  Epoch[3] Validation-cross-entropy=0.191139
2024-03-31 19:56:13,446 [INFO]  Epoch[3] Validation-A11-accuracy=0.000000
2024-03-31 19:56:13,458 [INFO]  Epoch[4] Batch [0-16]	Speed: 23254.76 samples/sec	cross-entropy=0.154573	A11-accuracy=0.000000
2024-03-31 19:56:13,468 [INFO]  Epoch[4] Train-cross-entropy=0.159058
2024-03-31 19:56:13,468 [INFO]  Epoch[4] Train-A11-accuracy=0.000000
2024-03-31 19:56:13,468 [INFO]  Epoch[4] Time cost=0.022
2024-03-31 19:56:13,470 [INFO]  Saved checkpoint to "./imputer_model/imputer_model_A11/model-0004.params"
2024-03-31 19:56:13,470 [INFO]  Epoch[4] Validation-cross-entropy=0.156972
2024-03-31 19:56:13,470 [INFO]  Epoch[4] Validation-A11-accuracy=0.000000
2024-03-31 19:56:13,470 [INFO]  
========== done (0.11953973770141602 s) fit model
2024-03-31 19:56:34,796 [INFO]  
========== start: fit model
2024-03-31 19:56:34,796 [WARNING]  Already bound, ignoring bind()
2024-03-31 19:56:34,956 [INFO]  Epoch[0] Batch [0-16]	Speed: 2488.61 samples/sec	cross-entropy=16.378382	A11-accuracy=3.470588
2024-03-31 19:56:35,157 [INFO]  Epoch[0] Train-cross-entropy=10.107641
2024-03-31 19:56:35,157 [INFO]  Epoch[0] Train-A11-accuracy=3.580645
2024-03-31 19:56:35,157 [INFO]  Epoch[0] Time cost=0.361
2024-03-31 19:56:35,159 [INFO]  Saved checkpoint to "./imputer_model/imputer_model_A11/model-0000.params"
2024-03-31 19:56:35,160 [INFO]  Epoch[0] Validation-cross-entropy=1.040426
2024-03-31 19:56:35,160 [INFO]  Epoch[0] Validation-A11-accuracy=0.000000
2024-03-31 19:56:35,294 [INFO]  Epoch[1] Batch [0-16]	Speed: 1922.87 samples/sec	cross-entropy=3.835866	A11-accuracy=3.470588
2024-03-31 19:56:35,455 [INFO]  Epoch[1] Train-cross-entropy=2.515894
2024-03-31 19:56:35,455 [INFO]  Epoch[1] Train-A11-accuracy=3.580645
2024-03-31 19:56:35,455 [INFO]  Epoch[1] Time cost=0.296
2024-03-31 19:56:35,457 [INFO]  Saved checkpoint to "./imputer_model/imputer_model_A11/model-0001.params"
2024-03-31 19:56:35,459 [INFO]  Epoch[1] Validation-cross-entropy=0.465539
2024-03-31 19:56:35,459 [INFO]  Epoch[1] Validation-A11-accuracy=0.000000
2024-03-31 19:56:35,627 [INFO]  Epoch[2] Batch [0-16]	Speed: 1535.00 samples/sec	cross-entropy=1.211645	A11-accuracy=3.470588
2024-03-31 19:56:35,932 [INFO]  Epoch[2] Train-cross-entropy=0.880252
2024-03-31 19:56:35,932 [INFO]  Epoch[2] Train-A11-accuracy=3.580645
2024-03-31 19:56:35,932 [INFO]  Epoch[2] Time cost=0.473
2024-03-31 19:56:35,934 [INFO]  Saved checkpoint to "./imputer_model/imputer_model_A11/model-0002.params"
2024-03-31 19:56:35,963 [INFO]  Epoch[2] Validation-cross-entropy=0.517848
2024-03-31 19:56:35,963 [INFO]  Epoch[2] Validation-A11-accuracy=0.000000
2024-03-31 19:56:36,188 [INFO]  Epoch[3] Batch [0-16]	Speed: 1147.63 samples/sec	cross-entropy=0.835274	A11-accuracy=3.470588
2024-03-31 19:56:36,247 [INFO]  Epoch[3] Train-cross-entropy=0.563798
2024-03-31 19:56:36,247 [INFO]  Epoch[3] Train-A11-accuracy=3.580645
2024-03-31 19:56:36,247 [INFO]  Epoch[3] Time cost=0.283
2024-03-31 19:56:36,248 [INFO]  Saved checkpoint to "./imputer_model/imputer_model_A11/model-0003.params"
2024-03-31 19:56:36,270 [INFO]  Epoch[3] Validation-cross-entropy=0.281543
2024-03-31 19:56:36,270 [INFO]  Epoch[3] Validation-A11-accuracy=0.000000
2024-03-31 19:56:36,349 [INFO]  Epoch[4] Batch [0-16]	Speed: 3447.31 samples/sec	cross-entropy=0.927428	A11-accuracy=3.470588
2024-03-31 19:56:36,531 [INFO]  Epoch[4] Train-cross-entropy=0.667036
2024-03-31 19:56:36,531 [INFO]  Epoch[4] Train-A11-accuracy=3.580645
2024-03-31 19:56:36,531 [INFO]  Epoch[4] Time cost=0.262
2024-03-31 19:56:36,533 [INFO]  Saved checkpoint to "./imputer_model/imputer_model_A11/model-0004.params"
2024-03-31 19:56:36,535 [INFO]  Epoch[4] Validation-cross-entropy=0.497126
2024-03-31 19:56:36,535 [INFO]  Epoch[4] Validation-A11-accuracy=0.000000
2024-03-31 19:56:36,535 [INFO]  
========== done (1.7395269870758057 s) fit model
2024-03-31 19:57:03,459 [INFO]  
========== start: fit model
2024-03-31 19:57:03,459 [WARNING]  Already bound, ignoring bind()
2024-03-31 19:57:03,769 [INFO]  Epoch[0] Batch [0-16]	Speed: 906.71 samples/sec	cross-entropy=7.337512	A11-accuracy=3.823529
2024-03-31 19:57:03,834 [INFO]  Epoch[0] Train-cross-entropy=9.072732
2024-03-31 19:57:03,834 [INFO]  Epoch[0] Train-A11-accuracy=3.806452
2024-03-31 19:57:03,834 [INFO]  Epoch[0] Time cost=0.375
2024-03-31 19:57:03,838 [INFO]  Saved checkpoint to "./imputer_model/imputer_model_A11/model-0000.params"
2024-03-31 19:57:03,880 [INFO]  Epoch[0] Validation-cross-entropy=3.763025
2024-03-31 19:57:03,880 [INFO]  Epoch[0] Validation-A11-accuracy=0.000000
2024-03-31 19:57:04,155 [INFO]  Epoch[1] Batch [0-16]	Speed: 936.65 samples/sec	cross-entropy=2.497166	A11-accuracy=3.823529
2024-03-31 19:57:04,228 [INFO]  Epoch[1] Train-cross-entropy=2.651164
2024-03-31 19:57:04,228 [INFO]  Epoch[1] Train-A11-accuracy=3.806452
2024-03-31 19:57:04,228 [INFO]  Epoch[1] Time cost=0.348
2024-03-31 19:57:04,230 [INFO]  Saved checkpoint to "./imputer_model/imputer_model_A11/model-0001.params"
2024-03-31 19:57:04,255 [INFO]  Epoch[1] Validation-cross-entropy=0.939928
2024-03-31 19:57:04,255 [INFO]  Epoch[1] Validation-A11-accuracy=0.000000
2024-03-31 19:57:04,619 [INFO]  Epoch[2] Batch [0-16]	Speed: 736.72 samples/sec	cross-entropy=0.588435	A11-accuracy=3.823529
2024-03-31 19:57:04,711 [INFO]  Epoch[2] Train-cross-entropy=0.673781
2024-03-31 19:57:04,711 [INFO]  Epoch[2] Train-A11-accuracy=3.806452
2024-03-31 19:57:04,711 [INFO]  Epoch[2] Time cost=0.456
2024-03-31 19:57:04,713 [INFO]  Saved checkpoint to "./imputer_model/imputer_model_A11/model-0002.params"
2024-03-31 19:57:04,737 [INFO]  Epoch[2] Validation-cross-entropy=0.484485
2024-03-31 19:57:04,737 [INFO]  Epoch[2] Validation-A11-accuracy=0.000000
2024-03-31 19:57:04,901 [INFO]  Epoch[3] Batch [0-16]	Speed: 1755.50 samples/sec	cross-entropy=0.378025	A11-accuracy=3.823529
2024-03-31 19:57:04,916 [INFO]  Epoch[3] Train-cross-entropy=0.356357
2024-03-31 19:57:04,917 [INFO]  Epoch[3] Train-A11-accuracy=3.806452
2024-03-31 19:57:04,917 [INFO]  Epoch[3] Time cost=0.180
2024-03-31 19:57:04,919 [INFO]  Saved checkpoint to "./imputer_model/imputer_model_A11/model-0003.params"
2024-03-31 19:57:04,921 [INFO]  Epoch[3] Validation-cross-entropy=0.300375
2024-03-31 19:57:04,921 [INFO]  Epoch[3] Validation-A11-accuracy=0.000000
2024-03-31 19:57:04,959 [INFO]  Epoch[4] Batch [0-16]	Speed: 6887.68 samples/sec	cross-entropy=0.235442	A11-accuracy=3.823529
2024-03-31 19:57:05,171 [INFO]  Epoch[4] Train-cross-entropy=0.217998
2024-03-31 19:57:05,171 [INFO]  Epoch[4] Train-A11-accuracy=3.806452
2024-03-31 19:57:05,171 [INFO]  Epoch[4] Time cost=0.250
2024-03-31 19:57:05,173 [INFO]  Saved checkpoint to "./imputer_model/imputer_model_A11/model-0004.params"
2024-03-31 19:57:05,175 [INFO]  Epoch[4] Validation-cross-entropy=0.225815
2024-03-31 19:57:05,175 [INFO]  Epoch[4] Validation-A11-accuracy=0.000000
2024-03-31 19:57:05,175 [INFO]  
========== done (1.7162384986877441 s) fit model
2024-03-31 19:57:22,223 [INFO]  
========== start: fit model
2024-03-31 19:57:22,223 [WARNING]  Already bound, ignoring bind()
2024-03-31 19:57:22,237 [INFO]  Epoch[0] Batch [0-16]	Speed: 21006.39 samples/sec	cross-entropy=8.461612	A11-accuracy=0.000000
2024-03-31 19:57:22,249 [INFO]  Epoch[0] Train-cross-entropy=5.830546
2024-03-31 19:57:22,249 [INFO]  Epoch[0] Train-A11-accuracy=0.000000
2024-03-31 19:57:22,249 [INFO]  Epoch[0] Time cost=0.026
2024-03-31 19:57:22,251 [INFO]  Saved checkpoint to "./imputer_model/imputer_model_A11/model-0000.params"
2024-03-31 19:57:22,252 [INFO]  Epoch[0] Validation-cross-entropy=2.327721
2024-03-31 19:57:22,252 [INFO]  Epoch[0] Validation-A11-accuracy=0.000000
2024-03-31 19:57:22,264 [INFO]  Epoch[1] Batch [0-16]	Speed: 23971.20 samples/sec	cross-entropy=1.234993	A11-accuracy=0.000000
2024-03-31 19:57:22,273 [INFO]  Epoch[1] Train-cross-entropy=1.066846
2024-03-31 19:57:22,273 [INFO]  Epoch[1] Train-A11-accuracy=0.000000
2024-03-31 19:57:22,273 [INFO]  Epoch[1] Time cost=0.021
2024-03-31 19:57:22,274 [INFO]  Saved checkpoint to "./imputer_model/imputer_model_A11/model-0001.params"
2024-03-31 19:57:22,283 [INFO]  Epoch[1] Validation-cross-entropy=0.887140
2024-03-31 19:57:22,283 [INFO]  Epoch[1] Validation-A11-accuracy=0.000000
2024-03-31 19:57:22,298 [INFO]  Epoch[2] Batch [0-16]	Speed: 18026.69 samples/sec	cross-entropy=0.420440	A11-accuracy=0.000000
2024-03-31 19:57:22,325 [INFO]  Epoch[2] Train-cross-entropy=0.438534
2024-03-31 19:57:22,325 [INFO]  Epoch[2] Train-A11-accuracy=0.000000
2024-03-31 19:57:22,325 [INFO]  Epoch[2] Time cost=0.042
2024-03-31 19:57:22,327 [INFO]  Saved checkpoint to "./imputer_model/imputer_model_A11/model-0002.params"
2024-03-31 19:57:22,328 [INFO]  Epoch[2] Validation-cross-entropy=0.355639
2024-03-31 19:57:22,328 [INFO]  Epoch[2] Validation-A11-accuracy=0.000000
2024-03-31 19:57:22,338 [INFO]  Epoch[3] Batch [0-16]	Speed: 26479.45 samples/sec	cross-entropy=0.249506	A11-accuracy=0.000000
2024-03-31 19:57:22,346 [INFO]  Epoch[3] Train-cross-entropy=0.253163
2024-03-31 19:57:22,346 [INFO]  Epoch[3] Train-A11-accuracy=0.000000
2024-03-31 19:57:22,346 [INFO]  Epoch[3] Time cost=0.019
2024-03-31 19:57:22,348 [INFO]  Saved checkpoint to "./imputer_model/imputer_model_A11/model-0003.params"
2024-03-31 19:57:22,349 [INFO]  Epoch[3] Validation-cross-entropy=0.295761
2024-03-31 19:57:22,349 [INFO]  Epoch[3] Validation-A11-accuracy=0.000000
2024-03-31 19:57:22,361 [INFO]  Epoch[4] Batch [0-16]	Speed: 22562.34 samples/sec	cross-entropy=0.268555	A11-accuracy=0.000000
2024-03-31 19:57:22,371 [INFO]  Epoch[4] Train-cross-entropy=0.287064
2024-03-31 19:57:22,371 [INFO]  Epoch[4] Train-A11-accuracy=0.000000
2024-03-31 19:57:22,371 [INFO]  Epoch[4] Time cost=0.022
2024-03-31 19:57:22,372 [INFO]  Saved checkpoint to "./imputer_model/imputer_model_A11/model-0004.params"
2024-03-31 19:57:22,374 [INFO]  Epoch[4] Validation-cross-entropy=0.230904
2024-03-31 19:57:22,374 [INFO]  Epoch[4] Validation-A11-accuracy=0.000000
2024-03-31 19:57:22,374 [INFO]  
========== done (0.15107154846191406 s) fit model
2024-03-31 19:57:43,939 [INFO]  
========== start: fit model
2024-03-31 19:57:43,939 [WARNING]  Already bound, ignoring bind()
2024-03-31 19:57:44,065 [INFO]  Epoch[0] Batch [0-16]	Speed: 2525.42 samples/sec	cross-entropy=9.943465	A11-accuracy=0.000000
2024-03-31 19:57:44,207 [INFO]  Epoch[0] Train-cross-entropy=6.177408
2024-03-31 19:57:44,207 [INFO]  Epoch[0] Train-A11-accuracy=0.000000
2024-03-31 19:57:44,207 [INFO]  Epoch[0] Time cost=0.268
2024-03-31 19:57:44,209 [INFO]  Saved checkpoint to "./imputer_model/imputer_model_A11/model-0000.params"
2024-03-31 19:57:44,211 [INFO]  Epoch[0] Validation-cross-entropy=0.748146
2024-03-31 19:57:44,211 [INFO]  Epoch[0] Validation-A11-accuracy=0.000000
2024-03-31 19:57:44,317 [INFO]  Epoch[1] Batch [0-16]	Speed: 2520.31 samples/sec	cross-entropy=1.348181	A11-accuracy=0.000000
2024-03-31 19:57:44,358 [INFO]  Epoch[1] Train-cross-entropy=0.968299
2024-03-31 19:57:44,358 [INFO]  Epoch[1] Train-A11-accuracy=0.000000
2024-03-31 19:57:44,358 [INFO]  Epoch[1] Time cost=0.147
2024-03-31 19:57:44,360 [INFO]  Saved checkpoint to "./imputer_model/imputer_model_A11/model-0001.params"
2024-03-31 19:57:44,399 [INFO]  Epoch[1] Validation-cross-entropy=0.533973
2024-03-31 19:57:44,399 [INFO]  Epoch[1] Validation-A11-accuracy=0.000000
2024-03-31 19:57:44,685 [INFO]  Epoch[2] Batch [0-16]	Speed: 898.93 samples/sec	cross-entropy=0.455249	A11-accuracy=0.000000
2024-03-31 19:57:44,698 [INFO]  Epoch[2] Train-cross-entropy=0.388554
2024-03-31 19:57:44,699 [INFO]  Epoch[2] Train-A11-accuracy=0.000000
2024-03-31 19:57:44,699 [INFO]  Epoch[2] Time cost=0.299
2024-03-31 19:57:44,700 [INFO]  Saved checkpoint to "./imputer_model/imputer_model_A11/model-0002.params"
2024-03-31 19:57:44,800 [INFO]  Epoch[2] Validation-cross-entropy=0.310587
2024-03-31 19:57:44,801 [INFO]  Epoch[2] Validation-A11-accuracy=0.000000
2024-03-31 19:57:45,120 [INFO]  Epoch[3] Batch [0-16]	Speed: 803.07 samples/sec	cross-entropy=0.299075	A11-accuracy=0.000000
2024-03-31 19:57:45,517 [INFO]  Epoch[3] Train-cross-entropy=0.252878
2024-03-31 19:57:45,517 [INFO]  Epoch[3] Train-A11-accuracy=0.000000
2024-03-31 19:57:45,517 [INFO]  Epoch[3] Time cost=0.717
2024-03-31 19:57:45,519 [INFO]  Saved checkpoint to "./imputer_model/imputer_model_A11/model-0003.params"
2024-03-31 19:57:45,559 [INFO]  Epoch[3] Validation-cross-entropy=0.262292
2024-03-31 19:57:45,559 [INFO]  Epoch[3] Validation-A11-accuracy=0.000000
2024-03-31 19:57:45,674 [INFO]  Epoch[4] Batch [0-16]	Speed: 2262.71 samples/sec	cross-entropy=0.177502	A11-accuracy=0.000000
2024-03-31 19:57:45,687 [INFO]  Epoch[4] Train-cross-entropy=0.164117
2024-03-31 19:57:45,687 [INFO]  Epoch[4] Train-A11-accuracy=0.000000
2024-03-31 19:57:45,687 [INFO]  Epoch[4] Time cost=0.128
2024-03-31 19:57:45,689 [INFO]  Saved checkpoint to "./imputer_model/imputer_model_A11/model-0004.params"
2024-03-31 19:57:45,690 [INFO]  Epoch[4] Validation-cross-entropy=0.245007
2024-03-31 19:57:45,690 [INFO]  Epoch[4] Validation-A11-accuracy=0.000000
2024-03-31 19:57:45,690 [INFO]  
========== done (1.7515687942504883 s) fit model
2024-03-31 19:58:14,806 [INFO]  
========== start: fit model
2024-03-31 19:58:14,806 [WARNING]  Already bound, ignoring bind()
2024-03-31 19:58:14,856 [INFO]  Epoch[0] Batch [0-16]	Speed: 6487.40 samples/sec	cross-entropy=22.689563	A11-accuracy=0.000000
2024-03-31 19:58:14,981 [INFO]  Epoch[0] Train-cross-entropy=15.171172
2024-03-31 19:58:14,981 [INFO]  Epoch[0] Train-A11-accuracy=0.000000
2024-03-31 19:58:14,982 [INFO]  Epoch[0] Time cost=0.175
2024-03-31 19:58:14,983 [INFO]  Saved checkpoint to "./imputer_model/imputer_model_A11/model-0000.params"
2024-03-31 19:58:14,991 [INFO]  Epoch[0] Validation-cross-entropy=2.095152
2024-03-31 19:58:14,991 [INFO]  Epoch[0] Validation-A11-accuracy=0.000000
2024-03-31 19:58:15,062 [INFO]  Epoch[1] Batch [0-16]	Speed: 3696.64 samples/sec	cross-entropy=4.287802	A11-accuracy=0.000000
2024-03-31 19:58:15,129 [INFO]  Epoch[1] Train-cross-entropy=3.106174
2024-03-31 19:58:15,129 [INFO]  Epoch[1] Train-A11-accuracy=0.000000
2024-03-31 19:58:15,129 [INFO]  Epoch[1] Time cost=0.138
2024-03-31 19:58:15,131 [INFO]  Saved checkpoint to "./imputer_model/imputer_model_A11/model-0001.params"
2024-03-31 19:58:15,133 [INFO]  Epoch[1] Validation-cross-entropy=0.695159
2024-03-31 19:58:15,133 [INFO]  Epoch[1] Validation-A11-accuracy=0.000000
2024-03-31 19:58:15,370 [INFO]  Epoch[2] Batch [0-16]	Speed: 1088.83 samples/sec	cross-entropy=0.998751	A11-accuracy=0.000000
2024-03-31 19:58:15,535 [INFO]  Epoch[2] Train-cross-entropy=0.854789
2024-03-31 19:58:15,535 [INFO]  Epoch[2] Train-A11-accuracy=0.000000
2024-03-31 19:58:15,535 [INFO]  Epoch[2] Time cost=0.403
2024-03-31 19:58:15,537 [INFO]  Saved checkpoint to "./imputer_model/imputer_model_A11/model-0002.params"
2024-03-31 19:58:15,539 [INFO]  Epoch[2] Validation-cross-entropy=0.427580
2024-03-31 19:58:15,539 [INFO]  Epoch[2] Validation-A11-accuracy=0.000000
2024-03-31 19:58:15,556 [INFO]  Epoch[3] Batch [0-16]	Speed: 16959.53 samples/sec	cross-entropy=0.406286	A11-accuracy=0.000000
2024-03-31 19:58:15,572 [INFO]  Epoch[3] Train-cross-entropy=0.402168
2024-03-31 19:58:15,572 [INFO]  Epoch[3] Train-A11-accuracy=0.000000
2024-03-31 19:58:15,572 [INFO]  Epoch[3] Time cost=0.033
2024-03-31 19:58:15,574 [INFO]  Saved checkpoint to "./imputer_model/imputer_model_A11/model-0003.params"
2024-03-31 19:58:15,575 [INFO]  Epoch[3] Validation-cross-entropy=0.320255
2024-03-31 19:58:15,575 [INFO]  Epoch[3] Validation-A11-accuracy=0.000000
2024-03-31 19:58:15,593 [INFO]  Epoch[4] Batch [0-16]	Speed: 15985.91 samples/sec	cross-entropy=0.264587	A11-accuracy=0.000000
2024-03-31 19:58:15,660 [INFO]  Epoch[4] Train-cross-entropy=0.260306
2024-03-31 19:58:15,660 [INFO]  Epoch[4] Train-A11-accuracy=0.000000
2024-03-31 19:58:15,660 [INFO]  Epoch[4] Time cost=0.085
2024-03-31 19:58:15,662 [INFO]  Saved checkpoint to "./imputer_model/imputer_model_A11/model-0004.params"
2024-03-31 19:58:15,667 [INFO]  Epoch[4] Validation-cross-entropy=0.268663
2024-03-31 19:58:15,667 [INFO]  Epoch[4] Validation-A11-accuracy=0.000000
2024-03-31 19:58:15,667 [INFO]  
========== done (0.8610680103302002 s) fit model
2024-03-31 19:58:32,164 [INFO]  
========== start: fit model
2024-03-31 19:58:32,165 [WARNING]  Already bound, ignoring bind()
2024-03-31 19:58:32,177 [INFO]  Epoch[0] Batch [0-16]	Speed: 24757.71 samples/sec	cross-entropy=3.354591	A11-accuracy=4.117647
2024-03-31 19:58:32,186 [INFO]  Epoch[0] Train-cross-entropy=3.001271
2024-03-31 19:58:32,187 [INFO]  Epoch[0] Train-A11-accuracy=3.580645
2024-03-31 19:58:32,187 [INFO]  Epoch[0] Time cost=0.021
2024-03-31 19:58:32,188 [INFO]  Saved checkpoint to "./imputer_model/imputer_model_A11/model-0000.params"
2024-03-31 19:58:32,189 [INFO]  Epoch[0] Validation-cross-entropy=1.111738
2024-03-31 19:58:32,189 [INFO]  Epoch[0] Validation-A11-accuracy=0.000000
2024-03-31 19:58:32,201 [INFO]  Epoch[1] Batch [0-16]	Speed: 23234.63 samples/sec	cross-entropy=0.712317	A11-accuracy=4.117647
2024-03-31 19:58:32,211 [INFO]  Epoch[1] Train-cross-entropy=0.630851
2024-03-31 19:58:32,211 [INFO]  Epoch[1] Train-A11-accuracy=3.580645
2024-03-31 19:58:32,211 [INFO]  Epoch[1] Time cost=0.022
2024-03-31 19:58:32,212 [INFO]  Saved checkpoint to "./imputer_model/imputer_model_A11/model-0001.params"
2024-03-31 19:58:32,213 [INFO]  Epoch[1] Validation-cross-entropy=0.600117
2024-03-31 19:58:32,213 [INFO]  Epoch[1] Validation-A11-accuracy=0.000000
2024-03-31 19:58:32,226 [INFO]  Epoch[2] Batch [0-16]	Speed: 22052.61 samples/sec	cross-entropy=0.400537	A11-accuracy=4.117647
2024-03-31 19:58:32,237 [INFO]  Epoch[2] Train-cross-entropy=0.344650
2024-03-31 19:58:32,238 [INFO]  Epoch[2] Train-A11-accuracy=3.580645
2024-03-31 19:58:32,238 [INFO]  Epoch[2] Time cost=0.024
2024-03-31 19:58:32,239 [INFO]  Saved checkpoint to "./imputer_model/imputer_model_A11/model-0002.params"
2024-03-31 19:58:32,240 [INFO]  Epoch[2] Validation-cross-entropy=0.510018
2024-03-31 19:58:32,240 [INFO]  Epoch[2] Validation-A11-accuracy=0.000000
2024-03-31 19:58:32,252 [INFO]  Epoch[3] Batch [0-16]	Speed: 23752.20 samples/sec	cross-entropy=0.243841	A11-accuracy=4.117647
2024-03-31 19:58:32,261 [INFO]  Epoch[3] Train-cross-entropy=0.226009
2024-03-31 19:58:32,261 [INFO]  Epoch[3] Train-A11-accuracy=3.580645
2024-03-31 19:58:32,261 [INFO]  Epoch[3] Time cost=0.021
2024-03-31 19:58:32,263 [INFO]  Saved checkpoint to "./imputer_model/imputer_model_A11/model-0003.params"
2024-03-31 19:58:32,264 [INFO]  Epoch[3] Validation-cross-entropy=0.270627
2024-03-31 19:58:32,264 [INFO]  Epoch[3] Validation-A11-accuracy=0.000000
2024-03-31 19:58:32,275 [INFO]  Epoch[4] Batch [0-16]	Speed: 23917.80 samples/sec	cross-entropy=0.166611	A11-accuracy=4.117647
2024-03-31 19:58:32,285 [INFO]  Epoch[4] Train-cross-entropy=0.141223
2024-03-31 19:58:32,285 [INFO]  Epoch[4] Train-A11-accuracy=3.580645
2024-03-31 19:58:32,285 [INFO]  Epoch[4] Time cost=0.021
2024-03-31 19:58:32,286 [INFO]  Saved checkpoint to "./imputer_model/imputer_model_A11/model-0004.params"
2024-03-31 19:58:32,287 [INFO]  Epoch[4] Validation-cross-entropy=0.191942
2024-03-31 19:58:32,288 [INFO]  Epoch[4] Validation-A11-accuracy=0.000000
2024-03-31 19:58:32,288 [INFO]  
========== done (0.12324833869934082 s) fit model
2024-03-31 19:58:39,386 [INFO]  
========== start: fit model
2024-03-31 19:58:39,387 [WARNING]  Already bound, ignoring bind()
2024-03-31 19:58:39,399 [INFO]  Epoch[0] Batch [0-16]	Speed: 24707.01 samples/sec	cross-entropy=11.942099	A11-accuracy=3.705882
2024-03-31 19:58:39,408 [INFO]  Epoch[0] Train-cross-entropy=7.365769
2024-03-31 19:58:39,409 [INFO]  Epoch[0] Train-A11-accuracy=3.806452
2024-03-31 19:58:39,409 [INFO]  Epoch[0] Time cost=0.021
2024-03-31 19:58:39,410 [INFO]  Saved checkpoint to "./imputer_model/imputer_model_A11/model-0000.params"
2024-03-31 19:58:39,411 [INFO]  Epoch[0] Validation-cross-entropy=0.950032
2024-03-31 19:58:39,411 [INFO]  Epoch[0] Validation-A11-accuracy=0.000000
2024-03-31 19:58:39,423 [INFO]  Epoch[1] Batch [0-16]	Speed: 23656.43 samples/sec	cross-entropy=2.488371	A11-accuracy=3.705882
2024-03-31 19:58:39,432 [INFO]  Epoch[1] Train-cross-entropy=1.592138
2024-03-31 19:58:39,432 [INFO]  Epoch[1] Train-A11-accuracy=3.806452
2024-03-31 19:58:39,432 [INFO]  Epoch[1] Time cost=0.021
2024-03-31 19:58:39,434 [INFO]  Saved checkpoint to "./imputer_model/imputer_model_A11/model-0001.params"
2024-03-31 19:58:39,434 [INFO]  Epoch[1] Validation-cross-entropy=0.369229
2024-03-31 19:58:39,435 [INFO]  Epoch[1] Validation-A11-accuracy=0.000000
2024-03-31 19:58:39,444 [INFO]  Epoch[2] Batch [0-16]	Speed: 27840.95 samples/sec	cross-entropy=0.751854	A11-accuracy=3.705882
2024-03-31 19:58:39,452 [INFO]  Epoch[2] Train-cross-entropy=0.543085
2024-03-31 19:58:39,453 [INFO]  Epoch[2] Train-A11-accuracy=3.806452
2024-03-31 19:58:39,453 [INFO]  Epoch[2] Time cost=0.018
2024-03-31 19:58:39,454 [INFO]  Saved checkpoint to "./imputer_model/imputer_model_A11/model-0002.params"
2024-03-31 19:58:39,455 [INFO]  Epoch[2] Validation-cross-entropy=0.259935
2024-03-31 19:58:39,455 [INFO]  Epoch[2] Validation-A11-accuracy=0.000000
2024-03-31 19:58:39,466 [INFO]  Epoch[3] Batch [0-16]	Speed: 24664.44 samples/sec	cross-entropy=0.376285	A11-accuracy=3.705882
2024-03-31 19:58:39,475 [INFO]  Epoch[3] Train-cross-entropy=0.286811
2024-03-31 19:58:39,476 [INFO]  Epoch[3] Train-A11-accuracy=3.806452
2024-03-31 19:58:39,476 [INFO]  Epoch[3] Time cost=0.021
2024-03-31 19:58:39,477 [INFO]  Saved checkpoint to "./imputer_model/imputer_model_A11/model-0003.params"
2024-03-31 19:58:39,478 [INFO]  Epoch[3] Validation-cross-entropy=0.211942
2024-03-31 19:58:39,478 [INFO]  Epoch[3] Validation-A11-accuracy=0.000000
2024-03-31 19:58:39,490 [INFO]  Epoch[4] Batch [0-16]	Speed: 22779.66 samples/sec	cross-entropy=0.205283	A11-accuracy=3.705882
2024-03-31 19:58:39,500 [INFO]  Epoch[4] Train-cross-entropy=0.168040
2024-03-31 19:58:39,500 [INFO]  Epoch[4] Train-A11-accuracy=3.806452
2024-03-31 19:58:39,500 [INFO]  Epoch[4] Time cost=0.022
2024-03-31 19:58:39,501 [INFO]  Saved checkpoint to "./imputer_model/imputer_model_A11/model-0004.params"
2024-03-31 19:58:39,502 [INFO]  Epoch[4] Validation-cross-entropy=0.190050
2024-03-31 19:58:39,503 [INFO]  Epoch[4] Validation-A11-accuracy=0.000000
2024-03-31 19:58:39,503 [INFO]  
========== done (0.11609864234924316 s) fit model
