2023-11-08 12:51:48,881 [INFO]  
========== start: fit model
2023-11-08 12:51:48,881 [WARNING]  Already bound, ignoring bind()
2023-11-08 12:51:48,925 [INFO]  Epoch[0] Batch [0-4]	Speed: 1599.75 samples/sec	cross-entropy=12.875780	mean_gmrt22-accuracy=4.200000
2023-11-08 12:51:48,942 [INFO]  Epoch[0] Train-cross-entropy=16.134416
2023-11-08 12:51:48,942 [INFO]  Epoch[0] Train-mean_gmrt22-accuracy=3.250000
2023-11-08 12:51:48,942 [INFO]  Epoch[0] Time cost=0.059
2023-11-08 12:51:48,945 [INFO]  Saved checkpoint to "./imputer_model/imputer_model_mean_gmrt22/model-0000.params"
2023-11-08 12:51:49,013 [INFO]  Epoch[0] Validation-cross-entropy=20.339401
2023-11-08 12:51:49,014 [INFO]  Epoch[0] Validation-mean_gmrt22-accuracy=0.000000
2023-11-08 12:51:49,018 [INFO]  Epoch[1] Batch [0-4]	Speed: 17051.10 samples/sec	cross-entropy=42.382849	mean_gmrt22-accuracy=4.200000
2023-11-08 12:51:49,022 [INFO]  Epoch[1] Train-cross-entropy=31.536362
2023-11-08 12:51:49,022 [INFO]  Epoch[1] Train-mean_gmrt22-accuracy=3.250000
2023-11-08 12:51:49,022 [INFO]  Epoch[1] Time cost=0.008
2023-11-08 12:51:49,025 [INFO]  Saved checkpoint to "./imputer_model/imputer_model_mean_gmrt22/model-0001.params"
2023-11-08 12:51:49,032 [INFO]  Epoch[1] Validation-cross-entropy=15.222965
2023-11-08 12:51:49,032 [INFO]  Epoch[1] Validation-mean_gmrt22-accuracy=0.000000
2023-11-08 12:51:49,224 [INFO]  Epoch[2] Batch [0-4]	Speed: 335.37 samples/sec	cross-entropy=10.915483	mean_gmrt22-accuracy=4.200000
2023-11-08 12:51:49,679 [INFO]  Epoch[2] Train-cross-entropy=9.616315
2023-11-08 12:51:49,680 [INFO]  Epoch[2] Train-mean_gmrt22-accuracy=3.250000
2023-11-08 12:51:49,680 [INFO]  Epoch[2] Time cost=0.648
2023-11-08 12:51:49,683 [INFO]  Saved checkpoint to "./imputer_model/imputer_model_mean_gmrt22/model-0002.params"
2023-11-08 12:51:49,684 [INFO]  Epoch[2] Validation-cross-entropy=12.987189
2023-11-08 12:51:49,684 [INFO]  Epoch[2] Validation-mean_gmrt22-accuracy=0.000000
2023-11-08 12:51:49,807 [INFO]  Epoch[3] Batch [0-4]	Speed: 527.65 samples/sec	cross-entropy=3.869548	mean_gmrt22-accuracy=4.200000
2023-11-08 12:51:49,812 [INFO]  Epoch[3] Train-cross-entropy=3.245231
2023-11-08 12:51:49,812 [INFO]  Epoch[3] Train-mean_gmrt22-accuracy=3.250000
2023-11-08 12:51:49,812 [INFO]  Epoch[3] Time cost=0.128
2023-11-08 12:51:49,816 [INFO]  Saved checkpoint to "./imputer_model/imputer_model_mean_gmrt22/model-0003.params"
2023-11-08 12:51:49,817 [INFO]  Epoch[3] Validation-cross-entropy=7.934159
2023-11-08 12:51:49,817 [INFO]  Epoch[3] Validation-mean_gmrt22-accuracy=0.000000
2023-11-08 12:51:49,824 [INFO]  Epoch[4] Batch [0-4]	Speed: 10765.41 samples/sec	cross-entropy=2.425490	mean_gmrt22-accuracy=4.200000
2023-11-08 12:51:49,829 [INFO]  Epoch[4] Train-cross-entropy=1.720934
2023-11-08 12:51:49,829 [INFO]  Epoch[4] Train-mean_gmrt22-accuracy=3.250000
2023-11-08 12:51:49,829 [INFO]  Epoch[4] Time cost=0.012
2023-11-08 12:51:49,833 [INFO]  Saved checkpoint to "./imputer_model/imputer_model_mean_gmrt22/model-0004.params"
2023-11-08 12:51:49,983 [INFO]  Epoch[4] Validation-cross-entropy=9.745753
2023-11-08 12:51:49,983 [INFO]  Epoch[4] Validation-mean_gmrt22-accuracy=0.000000
2023-11-08 12:51:49,983 [INFO]  
========== done (1.102961540222168 s) fit model
2023-11-08 13:09:25,411 [INFO]  
========== start: fit model
2023-11-08 13:09:25,425 [WARNING]  Already bound, ignoring bind()
2023-11-08 13:09:25,433 [INFO]  Epoch[0] Batch [0-4]	Speed: 11960.23 samples/sec	cross-entropy=20.909849	mean_gmrt22-accuracy=0.000000
2023-11-08 13:09:25,438 [INFO]  Epoch[0] Train-cross-entropy=21.911887
2023-11-08 13:09:25,438 [INFO]  Epoch[0] Train-mean_gmrt22-accuracy=0.000000
2023-11-08 13:09:25,438 [INFO]  Epoch[0] Time cost=0.012
2023-11-08 13:09:25,441 [INFO]  Saved checkpoint to "./imputer_model/imputer_model_mean_gmrt22/model-0000.params"
2023-11-08 13:09:25,442 [INFO]  Epoch[0] Validation-cross-entropy=16.139051
2023-11-08 13:09:25,442 [INFO]  Epoch[0] Validation-mean_gmrt22-accuracy=0.000000
2023-11-08 13:09:25,450 [INFO]  Epoch[1] Batch [0-4]	Speed: 11082.30 samples/sec	cross-entropy=39.095840	mean_gmrt22-accuracy=0.000000
2023-11-08 13:09:25,454 [INFO]  Epoch[1] Train-cross-entropy=32.595617
2023-11-08 13:09:25,454 [INFO]  Epoch[1] Train-mean_gmrt22-accuracy=0.000000
2023-11-08 13:09:25,454 [INFO]  Epoch[1] Time cost=0.012
2023-11-08 13:09:25,456 [INFO]  Saved checkpoint to "./imputer_model/imputer_model_mean_gmrt22/model-0001.params"
2023-11-08 13:09:25,457 [INFO]  Epoch[1] Validation-cross-entropy=12.867571
2023-11-08 13:09:25,457 [INFO]  Epoch[1] Validation-mean_gmrt22-accuracy=0.000000
2023-11-08 13:09:25,463 [INFO]  Epoch[2] Batch [0-4]	Speed: 13953.40 samples/sec	cross-entropy=7.410998	mean_gmrt22-accuracy=0.000000
2023-11-08 13:09:25,467 [INFO]  Epoch[2] Train-cross-entropy=7.006676
2023-11-08 13:09:25,467 [INFO]  Epoch[2] Train-mean_gmrt22-accuracy=0.000000
2023-11-08 13:09:25,467 [INFO]  Epoch[2] Time cost=0.010
2023-11-08 13:09:25,468 [INFO]  Saved checkpoint to "./imputer_model/imputer_model_mean_gmrt22/model-0002.params"
2023-11-08 13:09:25,469 [INFO]  Epoch[2] Validation-cross-entropy=7.581933
2023-11-08 13:09:25,469 [INFO]  Epoch[2] Validation-mean_gmrt22-accuracy=0.000000
2023-11-08 13:09:25,474 [INFO]  Epoch[3] Batch [0-4]	Speed: 14580.96 samples/sec	cross-entropy=6.144597	mean_gmrt22-accuracy=0.000000
2023-11-08 13:09:25,478 [INFO]  Epoch[3] Train-cross-entropy=5.171465
2023-11-08 13:09:25,478 [INFO]  Epoch[3] Train-mean_gmrt22-accuracy=0.000000
2023-11-08 13:09:25,478 [INFO]  Epoch[3] Time cost=0.009
2023-11-08 13:09:25,498 [INFO]  Saved checkpoint to "./imputer_model/imputer_model_mean_gmrt22/model-0003.params"
2023-11-08 13:09:25,499 [INFO]  Epoch[3] Validation-cross-entropy=10.974145
2023-11-08 13:09:25,499 [INFO]  Epoch[3] Validation-mean_gmrt22-accuracy=0.000000
2023-11-08 13:09:25,506 [INFO]  Epoch[4] Batch [0-4]	Speed: 11794.69 samples/sec	cross-entropy=1.986926	mean_gmrt22-accuracy=0.000000
2023-11-08 13:09:25,510 [INFO]  Epoch[4] Train-cross-entropy=1.930993
2023-11-08 13:09:25,510 [INFO]  Epoch[4] Train-mean_gmrt22-accuracy=0.000000
2023-11-08 13:09:25,510 [INFO]  Epoch[4] Time cost=0.011
2023-11-08 13:09:25,513 [INFO]  Saved checkpoint to "./imputer_model/imputer_model_mean_gmrt22/model-0004.params"
2023-11-08 13:09:25,513 [INFO]  Epoch[4] Validation-cross-entropy=6.640603
2023-11-08 13:09:25,513 [INFO]  Epoch[4] Validation-mean_gmrt22-accuracy=0.000000
2023-11-08 13:09:25,514 [INFO]  
========== done (0.10212349891662598 s) fit model
2023-11-08 13:22:43,679 [INFO]  
========== start: fit model
2023-11-08 13:22:43,679 [WARNING]  Already bound, ignoring bind()
2023-11-08 13:22:43,686 [INFO]  Epoch[0] Batch [0-4]	Speed: 14018.25 samples/sec	cross-entropy=21.195194	mean_gmrt22-accuracy=0.000000
2023-11-08 13:22:43,689 [INFO]  Epoch[0] Train-cross-entropy=21.591474
2023-11-08 13:22:43,689 [INFO]  Epoch[0] Train-mean_gmrt22-accuracy=0.000000
2023-11-08 13:22:43,689 [INFO]  Epoch[0] Time cost=0.010
2023-11-08 13:22:43,690 [INFO]  Saved checkpoint to "./imputer_model/imputer_model_mean_gmrt22/model-0000.params"
2023-11-08 13:22:43,691 [INFO]  Epoch[0] Validation-cross-entropy=10.120611
2023-11-08 13:22:43,691 [INFO]  Epoch[0] Validation-mean_gmrt22-accuracy=0.000000
2023-11-08 13:22:43,700 [INFO]  Epoch[1] Batch [0-4]	Speed: 8249.15 samples/sec	cross-entropy=27.004822	mean_gmrt22-accuracy=0.000000
2023-11-08 13:22:43,707 [INFO]  Epoch[1] Train-cross-entropy=27.129453
2023-11-08 13:22:43,707 [INFO]  Epoch[1] Train-mean_gmrt22-accuracy=0.000000
2023-11-08 13:22:43,708 [INFO]  Epoch[1] Time cost=0.017
2023-11-08 13:22:43,710 [INFO]  Saved checkpoint to "./imputer_model/imputer_model_mean_gmrt22/model-0001.params"
2023-11-08 13:22:43,710 [INFO]  Epoch[1] Validation-cross-entropy=10.678765
2023-11-08 13:22:43,710 [INFO]  Epoch[1] Validation-mean_gmrt22-accuracy=0.000000
2023-11-08 13:22:43,716 [INFO]  Epoch[2] Batch [0-4]	Speed: 16683.37 samples/sec	cross-entropy=3.131264	mean_gmrt22-accuracy=0.000000
2023-11-08 13:22:43,718 [INFO]  Epoch[2] Train-cross-entropy=3.503957
2023-11-08 13:22:43,719 [INFO]  Epoch[2] Train-mean_gmrt22-accuracy=0.000000
2023-11-08 13:22:43,719 [INFO]  Epoch[2] Time cost=0.008
2023-11-08 13:22:43,720 [INFO]  Saved checkpoint to "./imputer_model/imputer_model_mean_gmrt22/model-0002.params"
2023-11-08 13:22:43,721 [INFO]  Epoch[2] Validation-cross-entropy=12.835832
2023-11-08 13:22:43,721 [INFO]  Epoch[2] Validation-mean_gmrt22-accuracy=0.000000
2023-11-08 13:22:43,725 [INFO]  Epoch[3] Batch [0-4]	Speed: 19468.77 samples/sec	cross-entropy=2.495602	mean_gmrt22-accuracy=0.000000
2023-11-08 13:22:43,728 [INFO]  Epoch[3] Train-cross-entropy=2.738888
2023-11-08 13:22:43,728 [INFO]  Epoch[3] Train-mean_gmrt22-accuracy=0.000000
2023-11-08 13:22:43,728 [INFO]  Epoch[3] Time cost=0.007
2023-11-08 13:22:43,730 [INFO]  Saved checkpoint to "./imputer_model/imputer_model_mean_gmrt22/model-0003.params"
2023-11-08 13:22:43,731 [INFO]  Epoch[3] Validation-cross-entropy=12.335141
2023-11-08 13:22:43,731 [INFO]  Epoch[3] Validation-mean_gmrt22-accuracy=0.000000
2023-11-08 13:22:43,737 [INFO]  Epoch[4] Batch [0-4]	Speed: 13392.98 samples/sec	cross-entropy=1.241511	mean_gmrt22-accuracy=0.000000
2023-11-08 13:22:43,740 [INFO]  Epoch[4] Train-cross-entropy=1.052788
2023-11-08 13:22:43,740 [INFO]  Epoch[4] Train-mean_gmrt22-accuracy=0.000000
2023-11-08 13:22:43,740 [INFO]  Epoch[4] Time cost=0.009
2023-11-08 13:22:43,742 [INFO]  Saved checkpoint to "./imputer_model/imputer_model_mean_gmrt22/model-0004.params"
2023-11-08 13:22:43,742 [INFO]  Epoch[4] Validation-cross-entropy=10.490425
2023-11-08 13:22:43,742 [INFO]  Epoch[4] Validation-mean_gmrt22-accuracy=0.000000
2023-11-08 13:22:43,742 [INFO]  
========== done (0.06373047828674316 s) fit model
2023-11-08 13:36:03,944 [INFO]  
========== start: fit model
2023-11-08 13:36:03,945 [WARNING]  Already bound, ignoring bind()
2023-11-08 13:36:03,951 [INFO]  Epoch[0] Batch [0-4]	Speed: 14132.64 samples/sec	cross-entropy=24.888540	mean_gmrt22-accuracy=0.000000
2023-11-08 13:36:03,955 [INFO]  Epoch[0] Train-cross-entropy=18.741046
2023-11-08 13:36:03,955 [INFO]  Epoch[0] Train-mean_gmrt22-accuracy=0.000000
2023-11-08 13:36:03,955 [INFO]  Epoch[0] Time cost=0.010
2023-11-08 13:36:03,956 [INFO]  Saved checkpoint to "./imputer_model/imputer_model_mean_gmrt22/model-0000.params"
2023-11-08 13:36:03,957 [INFO]  Epoch[0] Validation-cross-entropy=18.917347
2023-11-08 13:36:03,957 [INFO]  Epoch[0] Validation-mean_gmrt22-accuracy=0.000000
2023-11-08 13:36:03,962 [INFO]  Epoch[1] Batch [0-4]	Speed: 15211.39 samples/sec	cross-entropy=33.851452	mean_gmrt22-accuracy=0.000000
2023-11-08 13:36:03,966 [INFO]  Epoch[1] Train-cross-entropy=28.902143
2023-11-08 13:36:03,966 [INFO]  Epoch[1] Train-mean_gmrt22-accuracy=0.000000
2023-11-08 13:36:03,966 [INFO]  Epoch[1] Time cost=0.009
2023-11-08 13:36:03,967 [INFO]  Saved checkpoint to "./imputer_model/imputer_model_mean_gmrt22/model-0001.params"
2023-11-08 13:36:03,968 [INFO]  Epoch[1] Validation-cross-entropy=9.213896
2023-11-08 13:36:03,968 [INFO]  Epoch[1] Validation-mean_gmrt22-accuracy=0.000000
2023-11-08 13:36:03,973 [INFO]  Epoch[2] Batch [0-4]	Speed: 16283.62 samples/sec	cross-entropy=6.046460	mean_gmrt22-accuracy=0.000000
2023-11-08 13:36:03,976 [INFO]  Epoch[2] Train-cross-entropy=7.979183
2023-11-08 13:36:03,976 [INFO]  Epoch[2] Train-mean_gmrt22-accuracy=0.000000
2023-11-08 13:36:03,976 [INFO]  Epoch[2] Time cost=0.008
2023-11-08 13:36:03,977 [INFO]  Saved checkpoint to "./imputer_model/imputer_model_mean_gmrt22/model-0002.params"
2023-11-08 13:36:03,977 [INFO]  Epoch[2] Validation-cross-entropy=13.973990
2023-11-08 13:36:03,978 [INFO]  Epoch[2] Validation-mean_gmrt22-accuracy=0.000000
2023-11-08 13:36:03,983 [INFO]  Epoch[3] Batch [0-4]	Speed: 16094.22 samples/sec	cross-entropy=3.209344	mean_gmrt22-accuracy=0.000000
2023-11-08 13:36:03,986 [INFO]  Epoch[3] Train-cross-entropy=3.333611
2023-11-08 13:36:03,986 [INFO]  Epoch[3] Train-mean_gmrt22-accuracy=0.000000
2023-11-08 13:36:03,986 [INFO]  Epoch[3] Time cost=0.008
2023-11-08 13:36:03,987 [INFO]  Saved checkpoint to "./imputer_model/imputer_model_mean_gmrt22/model-0003.params"
2023-11-08 13:36:03,987 [INFO]  Epoch[3] Validation-cross-entropy=10.370885
2023-11-08 13:36:03,987 [INFO]  Epoch[3] Validation-mean_gmrt22-accuracy=0.000000
2023-11-08 13:36:03,992 [INFO]  Epoch[4] Batch [0-4]	Speed: 17413.91 samples/sec	cross-entropy=1.698673	mean_gmrt22-accuracy=0.000000
2023-11-08 13:36:03,995 [INFO]  Epoch[4] Train-cross-entropy=1.667516
2023-11-08 13:36:03,995 [INFO]  Epoch[4] Train-mean_gmrt22-accuracy=0.000000
2023-11-08 13:36:03,995 [INFO]  Epoch[4] Time cost=0.008
2023-11-08 13:36:03,996 [INFO]  Saved checkpoint to "./imputer_model/imputer_model_mean_gmrt22/model-0004.params"
2023-11-08 13:36:03,997 [INFO]  Epoch[4] Validation-cross-entropy=11.206654
2023-11-08 13:36:03,997 [INFO]  Epoch[4] Validation-mean_gmrt22-accuracy=0.000000
2023-11-08 13:36:03,997 [INFO]  
========== done (0.05243659019470215 s) fit model
2023-11-08 13:49:24,539 [INFO]  
========== start: fit model
2023-11-08 13:49:24,540 [WARNING]  Already bound, ignoring bind()
2023-11-08 13:49:24,546 [INFO]  Epoch[0] Batch [0-4]	Speed: 14286.84 samples/sec	cross-entropy=21.395287	mean_gmrt22-accuracy=3.600000
2023-11-08 13:49:24,551 [INFO]  Epoch[0] Train-cross-entropy=21.188509
2023-11-08 13:49:24,551 [INFO]  Epoch[0] Train-mean_gmrt22-accuracy=3.125000
2023-11-08 13:49:24,552 [INFO]  Epoch[0] Time cost=0.011
2023-11-08 13:49:24,555 [INFO]  Saved checkpoint to "./imputer_model/imputer_model_mean_gmrt22/model-0000.params"
2023-11-08 13:49:24,556 [INFO]  Epoch[0] Validation-cross-entropy=49.324848
2023-11-08 13:49:24,556 [INFO]  Epoch[0] Validation-mean_gmrt22-accuracy=0.000000
2023-11-08 13:49:24,563 [INFO]  Epoch[1] Batch [0-4]	Speed: 11273.59 samples/sec	cross-entropy=42.926740	mean_gmrt22-accuracy=3.600000
2023-11-08 13:49:24,567 [INFO]  Epoch[1] Train-cross-entropy=38.093732
2023-11-08 13:49:24,567 [INFO]  Epoch[1] Train-mean_gmrt22-accuracy=3.125000
2023-11-08 13:49:24,567 [INFO]  Epoch[1] Time cost=0.011
2023-11-08 13:49:24,569 [INFO]  Saved checkpoint to "./imputer_model/imputer_model_mean_gmrt22/model-0001.params"
2023-11-08 13:49:24,570 [INFO]  Epoch[1] Validation-cross-entropy=17.994644
2023-11-08 13:49:24,570 [INFO]  Epoch[1] Validation-mean_gmrt22-accuracy=0.000000
2023-11-08 13:49:24,576 [INFO]  Epoch[2] Batch [0-4]	Speed: 12920.46 samples/sec	cross-entropy=20.441606	mean_gmrt22-accuracy=3.600000
2023-11-08 13:49:24,580 [INFO]  Epoch[2] Train-cross-entropy=15.619335
2023-11-08 13:49:24,580 [INFO]  Epoch[2] Train-mean_gmrt22-accuracy=3.125000
2023-11-08 13:49:24,580 [INFO]  Epoch[2] Time cost=0.010
2023-11-08 13:49:24,581 [INFO]  Saved checkpoint to "./imputer_model/imputer_model_mean_gmrt22/model-0002.params"
2023-11-08 13:49:24,582 [INFO]  Epoch[2] Validation-cross-entropy=22.484816
2023-11-08 13:49:24,582 [INFO]  Epoch[2] Validation-mean_gmrt22-accuracy=0.000000
2023-11-08 13:49:24,588 [INFO]  Epoch[3] Batch [0-4]	Speed: 13692.89 samples/sec	cross-entropy=5.066197	mean_gmrt22-accuracy=3.600000
2023-11-08 13:49:24,591 [INFO]  Epoch[3] Train-cross-entropy=4.117603
2023-11-08 13:49:24,592 [INFO]  Epoch[3] Train-mean_gmrt22-accuracy=3.125000
2023-11-08 13:49:24,592 [INFO]  Epoch[3] Time cost=0.009
2023-11-08 13:49:24,593 [INFO]  Saved checkpoint to "./imputer_model/imputer_model_mean_gmrt22/model-0003.params"
2023-11-08 13:49:24,593 [INFO]  Epoch[3] Validation-cross-entropy=26.543409
2023-11-08 13:49:24,594 [INFO]  Epoch[3] Validation-mean_gmrt22-accuracy=0.000000
2023-11-08 13:49:24,599 [INFO]  Epoch[4] Batch [0-4]	Speed: 14768.68 samples/sec	cross-entropy=2.771650	mean_gmrt22-accuracy=3.600000
2023-11-08 13:49:24,602 [INFO]  Epoch[4] Train-cross-entropy=2.491717
2023-11-08 13:49:24,602 [INFO]  Epoch[4] Train-mean_gmrt22-accuracy=3.125000
2023-11-08 13:49:24,603 [INFO]  Epoch[4] Time cost=0.009
2023-11-08 13:49:24,604 [INFO]  Saved checkpoint to "./imputer_model/imputer_model_mean_gmrt22/model-0004.params"
2023-11-08 13:49:24,604 [INFO]  Epoch[4] Validation-cross-entropy=17.274883
2023-11-08 13:49:24,605 [INFO]  Epoch[4] Validation-mean_gmrt22-accuracy=0.000000
2023-11-08 13:49:24,605 [INFO]  
========== done (0.06510686874389648 s) fit model
2023-11-08 14:02:47,691 [INFO]  
========== start: fit model
2023-11-08 14:02:47,691 [WARNING]  Already bound, ignoring bind()
2023-11-08 14:02:47,700 [INFO]  Epoch[0] Batch [0-4]	Speed: 10843.25 samples/sec	cross-entropy=15.942450	mean_gmrt22-accuracy=0.000000
2023-11-08 14:02:47,704 [INFO]  Epoch[0] Train-cross-entropy=14.258042
2023-11-08 14:02:47,704 [INFO]  Epoch[0] Train-mean_gmrt22-accuracy=0.000000
2023-11-08 14:02:47,704 [INFO]  Epoch[0] Time cost=0.013
2023-11-08 14:02:47,708 [INFO]  Saved checkpoint to "./imputer_model/imputer_model_mean_gmrt22/model-0000.params"
2023-11-08 14:02:47,709 [INFO]  Epoch[0] Validation-cross-entropy=11.337173
2023-11-08 14:02:47,709 [INFO]  Epoch[0] Validation-mean_gmrt22-accuracy=0.000000
2023-11-08 14:02:47,715 [INFO]  Epoch[1] Batch [0-4]	Speed: 14060.10 samples/sec	cross-entropy=34.169575	mean_gmrt22-accuracy=0.000000
2023-11-08 14:02:47,719 [INFO]  Epoch[1] Train-cross-entropy=27.212705
2023-11-08 14:02:47,719 [INFO]  Epoch[1] Train-mean_gmrt22-accuracy=0.000000
2023-11-08 14:02:47,719 [INFO]  Epoch[1] Time cost=0.010
2023-11-08 14:02:47,721 [INFO]  Saved checkpoint to "./imputer_model/imputer_model_mean_gmrt22/model-0001.params"
2023-11-08 14:02:47,722 [INFO]  Epoch[1] Validation-cross-entropy=17.818901
2023-11-08 14:02:47,722 [INFO]  Epoch[1] Validation-mean_gmrt22-accuracy=0.000000
2023-11-08 14:02:47,727 [INFO]  Epoch[2] Batch [0-4]	Speed: 17657.90 samples/sec	cross-entropy=3.489725	mean_gmrt22-accuracy=0.000000
2023-11-08 14:02:47,729 [INFO]  Epoch[2] Train-cross-entropy=4.212926
2023-11-08 14:02:47,730 [INFO]  Epoch[2] Train-mean_gmrt22-accuracy=0.000000
2023-11-08 14:02:47,730 [INFO]  Epoch[2] Time cost=0.008
2023-11-08 14:02:47,731 [INFO]  Saved checkpoint to "./imputer_model/imputer_model_mean_gmrt22/model-0002.params"
2023-11-08 14:02:47,732 [INFO]  Epoch[2] Validation-cross-entropy=14.710921
2023-11-08 14:02:47,732 [INFO]  Epoch[2] Validation-mean_gmrt22-accuracy=0.000000
2023-11-08 14:02:47,737 [INFO]  Epoch[3] Batch [0-4]	Speed: 15395.47 samples/sec	cross-entropy=2.162661	mean_gmrt22-accuracy=0.000000
2023-11-08 14:02:47,740 [INFO]  Epoch[3] Train-cross-entropy=1.971402
2023-11-08 14:02:47,740 [INFO]  Epoch[3] Train-mean_gmrt22-accuracy=0.000000
2023-11-08 14:02:47,741 [INFO]  Epoch[3] Time cost=0.009
2023-11-08 14:02:47,743 [INFO]  Saved checkpoint to "./imputer_model/imputer_model_mean_gmrt22/model-0003.params"
2023-11-08 14:02:47,744 [INFO]  Epoch[3] Validation-cross-entropy=16.106543
2023-11-08 14:02:47,744 [INFO]  Epoch[3] Validation-mean_gmrt22-accuracy=0.000000
2023-11-08 14:02:47,749 [INFO]  Epoch[4] Batch [0-4]	Speed: 16120.31 samples/sec	cross-entropy=1.355777	mean_gmrt22-accuracy=0.000000
2023-11-08 14:02:47,752 [INFO]  Epoch[4] Train-cross-entropy=1.240909
2023-11-08 14:02:47,752 [INFO]  Epoch[4] Train-mean_gmrt22-accuracy=0.000000
2023-11-08 14:02:47,752 [INFO]  Epoch[4] Time cost=0.008
2023-11-08 14:02:47,754 [INFO]  Saved checkpoint to "./imputer_model/imputer_model_mean_gmrt22/model-0004.params"
2023-11-08 14:02:47,754 [INFO]  Epoch[4] Validation-cross-entropy=10.707913
2023-11-08 14:02:47,754 [INFO]  Epoch[4] Validation-mean_gmrt22-accuracy=0.000000
2023-11-08 14:02:47,754 [INFO]  
========== done (0.06328296661376953 s) fit model
2023-11-08 14:16:13,940 [INFO]  
========== start: fit model
2023-11-08 14:16:13,940 [WARNING]  Already bound, ignoring bind()
2023-11-08 14:16:13,947 [INFO]  Epoch[0] Batch [0-4]	Speed: 14024.84 samples/sec	cross-entropy=19.297260	mean_gmrt22-accuracy=0.000000
2023-11-08 14:16:13,952 [INFO]  Epoch[0] Train-cross-entropy=21.152867
2023-11-08 14:16:13,952 [INFO]  Epoch[0] Train-mean_gmrt22-accuracy=0.000000
2023-11-08 14:16:13,952 [INFO]  Epoch[0] Time cost=0.011
2023-11-08 14:16:13,955 [INFO]  Saved checkpoint to "./imputer_model/imputer_model_mean_gmrt22/model-0000.params"
2023-11-08 14:16:13,956 [INFO]  Epoch[0] Validation-cross-entropy=17.107012
2023-11-08 14:16:13,956 [INFO]  Epoch[0] Validation-mean_gmrt22-accuracy=0.000000
2023-11-08 14:16:13,964 [INFO]  Epoch[1] Batch [0-4]	Speed: 11574.48 samples/sec	cross-entropy=37.505629	mean_gmrt22-accuracy=0.000000
2023-11-08 14:16:13,968 [INFO]  Epoch[1] Train-cross-entropy=53.529735
2023-11-08 14:16:13,968 [INFO]  Epoch[1] Train-mean_gmrt22-accuracy=0.000000
2023-11-08 14:16:13,968 [INFO]  Epoch[1] Time cost=0.011
2023-11-08 14:16:13,970 [INFO]  Saved checkpoint to "./imputer_model/imputer_model_mean_gmrt22/model-0001.params"
2023-11-08 14:16:13,971 [INFO]  Epoch[1] Validation-cross-entropy=14.797595
2023-11-08 14:16:13,971 [INFO]  Epoch[1] Validation-mean_gmrt22-accuracy=0.000000
2023-11-08 14:16:13,977 [INFO]  Epoch[2] Batch [0-4]	Speed: 13912.18 samples/sec	cross-entropy=5.875062	mean_gmrt22-accuracy=0.000000
2023-11-08 14:16:13,980 [INFO]  Epoch[2] Train-cross-entropy=8.248783
2023-11-08 14:16:13,980 [INFO]  Epoch[2] Train-mean_gmrt22-accuracy=0.000000
2023-11-08 14:16:13,980 [INFO]  Epoch[2] Time cost=0.010
2023-11-08 14:16:13,982 [INFO]  Saved checkpoint to "./imputer_model/imputer_model_mean_gmrt22/model-0002.params"
2023-11-08 14:16:13,982 [INFO]  Epoch[2] Validation-cross-entropy=15.333814
2023-11-08 14:16:13,982 [INFO]  Epoch[2] Validation-mean_gmrt22-accuracy=0.000000
2023-11-08 14:16:13,988 [INFO]  Epoch[3] Batch [0-4]	Speed: 14570.67 samples/sec	cross-entropy=4.379023	mean_gmrt22-accuracy=0.000000
2023-11-08 14:16:13,991 [INFO]  Epoch[3] Train-cross-entropy=5.642692
2023-11-08 14:16:13,992 [INFO]  Epoch[3] Train-mean_gmrt22-accuracy=0.000000
2023-11-08 14:16:13,992 [INFO]  Epoch[3] Time cost=0.009
2023-11-08 14:16:13,993 [INFO]  Saved checkpoint to "./imputer_model/imputer_model_mean_gmrt22/model-0003.params"
2023-11-08 14:16:13,993 [INFO]  Epoch[3] Validation-cross-entropy=10.932780
2023-11-08 14:16:13,994 [INFO]  Epoch[3] Validation-mean_gmrt22-accuracy=0.000000
2023-11-08 14:16:13,999 [INFO]  Epoch[4] Batch [0-4]	Speed: 14750.01 samples/sec	cross-entropy=1.907339	mean_gmrt22-accuracy=0.000000
2023-11-08 14:16:14,002 [INFO]  Epoch[4] Train-cross-entropy=1.513108
2023-11-08 14:16:14,002 [INFO]  Epoch[4] Train-mean_gmrt22-accuracy=0.000000
2023-11-08 14:16:14,002 [INFO]  Epoch[4] Time cost=0.009
2023-11-08 14:16:14,004 [INFO]  Saved checkpoint to "./imputer_model/imputer_model_mean_gmrt22/model-0004.params"
2023-11-08 14:16:14,004 [INFO]  Epoch[4] Validation-cross-entropy=7.774748
2023-11-08 14:16:14,004 [INFO]  Epoch[4] Validation-mean_gmrt22-accuracy=0.000000
2023-11-08 14:16:14,004 [INFO]  
========== done (0.06457161903381348 s) fit model
2023-11-08 14:29:51,832 [INFO]  
========== start: fit model
2023-11-08 14:29:51,832 [WARNING]  Already bound, ignoring bind()
2023-11-08 14:29:51,839 [INFO]  Epoch[0] Batch [0-4]	Speed: 13859.03 samples/sec	cross-entropy=19.900994	mean_gmrt22-accuracy=0.000000
2023-11-08 14:29:51,844 [INFO]  Epoch[0] Train-cross-entropy=21.163869
2023-11-08 14:29:51,844 [INFO]  Epoch[0] Train-mean_gmrt22-accuracy=0.000000
2023-11-08 14:29:51,844 [INFO]  Epoch[0] Time cost=0.012
2023-11-08 14:29:51,847 [INFO]  Saved checkpoint to "./imputer_model/imputer_model_mean_gmrt22/model-0000.params"
2023-11-08 14:29:51,848 [INFO]  Epoch[0] Validation-cross-entropy=12.592818
2023-11-08 14:29:51,849 [INFO]  Epoch[0] Validation-mean_gmrt22-accuracy=0.000000
2023-11-08 14:29:51,857 [INFO]  Epoch[1] Batch [0-4]	Speed: 10171.86 samples/sec	cross-entropy=50.521823	mean_gmrt22-accuracy=0.000000
2023-11-08 14:29:51,861 [INFO]  Epoch[1] Train-cross-entropy=41.917323
2023-11-08 14:29:51,861 [INFO]  Epoch[1] Train-mean_gmrt22-accuracy=0.000000
2023-11-08 14:29:51,861 [INFO]  Epoch[1] Time cost=0.012
2023-11-08 14:29:51,863 [INFO]  Saved checkpoint to "./imputer_model/imputer_model_mean_gmrt22/model-0001.params"
2023-11-08 14:29:51,864 [INFO]  Epoch[1] Validation-cross-entropy=11.399466
2023-11-08 14:29:51,864 [INFO]  Epoch[1] Validation-mean_gmrt22-accuracy=0.000000
2023-11-08 14:29:51,871 [INFO]  Epoch[2] Batch [0-4]	Speed: 13745.48 samples/sec	cross-entropy=6.517843	mean_gmrt22-accuracy=0.000000
2023-11-08 14:29:51,874 [INFO]  Epoch[2] Train-cross-entropy=9.063784
2023-11-08 14:29:51,874 [INFO]  Epoch[2] Train-mean_gmrt22-accuracy=0.000000
2023-11-08 14:29:51,874 [INFO]  Epoch[2] Time cost=0.010
2023-11-08 14:29:51,876 [INFO]  Saved checkpoint to "./imputer_model/imputer_model_mean_gmrt22/model-0002.params"
2023-11-08 14:29:51,876 [INFO]  Epoch[2] Validation-cross-entropy=7.428780
2023-11-08 14:29:51,876 [INFO]  Epoch[2] Validation-mean_gmrt22-accuracy=0.000000
2023-11-08 14:29:51,882 [INFO]  Epoch[3] Batch [0-4]	Speed: 14351.00 samples/sec	cross-entropy=5.352018	mean_gmrt22-accuracy=0.000000
2023-11-08 14:29:51,886 [INFO]  Epoch[3] Train-cross-entropy=4.111432
2023-11-08 14:29:51,886 [INFO]  Epoch[3] Train-mean_gmrt22-accuracy=0.000000
2023-11-08 14:29:51,886 [INFO]  Epoch[3] Time cost=0.009
2023-11-08 14:29:51,887 [INFO]  Saved checkpoint to "./imputer_model/imputer_model_mean_gmrt22/model-0003.params"
2023-11-08 14:29:51,888 [INFO]  Epoch[3] Validation-cross-entropy=8.538884
2023-11-08 14:29:51,888 [INFO]  Epoch[3] Validation-mean_gmrt22-accuracy=0.000000
2023-11-08 14:29:51,893 [INFO]  Epoch[4] Batch [0-4]	Speed: 14842.99 samples/sec	cross-entropy=2.781068	mean_gmrt22-accuracy=0.000000
2023-11-08 14:29:51,896 [INFO]  Epoch[4] Train-cross-entropy=2.037238
2023-11-08 14:29:51,897 [INFO]  Epoch[4] Train-mean_gmrt22-accuracy=0.000000
2023-11-08 14:29:51,897 [INFO]  Epoch[4] Time cost=0.009
2023-11-08 14:29:51,898 [INFO]  Saved checkpoint to "./imputer_model/imputer_model_mean_gmrt22/model-0004.params"
2023-11-08 14:29:51,899 [INFO]  Epoch[4] Validation-cross-entropy=7.474048
2023-11-08 14:29:51,899 [INFO]  Epoch[4] Validation-mean_gmrt22-accuracy=0.000000
2023-11-08 14:29:51,899 [INFO]  
========== done (0.06702470779418945 s) fit model
2023-11-08 14:43:56,802 [INFO]  
========== start: fit model
2023-11-08 14:43:56,802 [WARNING]  Already bound, ignoring bind()
2023-11-08 14:43:56,809 [INFO]  Epoch[0] Batch [0-4]	Speed: 13440.59 samples/sec	cross-entropy=16.756527	mean_gmrt22-accuracy=0.000000
2023-11-08 14:43:56,813 [INFO]  Epoch[0] Train-cross-entropy=19.874075
2023-11-08 14:43:56,813 [INFO]  Epoch[0] Train-mean_gmrt22-accuracy=0.000000
2023-11-08 14:43:56,813 [INFO]  Epoch[0] Time cost=0.010
2023-11-08 14:43:56,814 [INFO]  Saved checkpoint to "./imputer_model/imputer_model_mean_gmrt22/model-0000.params"
2023-11-08 14:43:56,814 [INFO]  Epoch[0] Validation-cross-entropy=42.856430
2023-11-08 14:43:56,814 [INFO]  Epoch[0] Validation-mean_gmrt22-accuracy=0.000000
2023-11-08 14:43:56,820 [INFO]  Epoch[1] Batch [0-4]	Speed: 13319.88 samples/sec	cross-entropy=39.093876	mean_gmrt22-accuracy=0.000000
2023-11-08 14:43:56,826 [INFO]  Epoch[1] Train-cross-entropy=33.284545
2023-11-08 14:43:56,826 [INFO]  Epoch[1] Train-mean_gmrt22-accuracy=0.000000
2023-11-08 14:43:56,826 [INFO]  Epoch[1] Time cost=0.012
2023-11-08 14:43:56,829 [INFO]  Saved checkpoint to "./imputer_model/imputer_model_mean_gmrt22/model-0001.params"
2023-11-08 14:43:56,831 [INFO]  Epoch[1] Validation-cross-entropy=20.354204
2023-11-08 14:43:56,831 [INFO]  Epoch[1] Validation-mean_gmrt22-accuracy=0.000000
2023-11-08 14:43:56,838 [INFO]  Epoch[2] Batch [0-4]	Speed: 13015.05 samples/sec	cross-entropy=5.018506	mean_gmrt22-accuracy=0.000000
2023-11-08 14:43:56,841 [INFO]  Epoch[2] Train-cross-entropy=4.181199
2023-11-08 14:43:56,841 [INFO]  Epoch[2] Train-mean_gmrt22-accuracy=0.000000
2023-11-08 14:43:56,841 [INFO]  Epoch[2] Time cost=0.010
2023-11-08 14:43:56,843 [INFO]  Saved checkpoint to "./imputer_model/imputer_model_mean_gmrt22/model-0002.params"
2023-11-08 14:43:56,844 [INFO]  Epoch[2] Validation-cross-entropy=17.033554
2023-11-08 14:43:56,844 [INFO]  Epoch[2] Validation-mean_gmrt22-accuracy=0.000000
2023-11-08 14:43:56,849 [INFO]  Epoch[3] Batch [0-4]	Speed: 16593.65 samples/sec	cross-entropy=2.796754	mean_gmrt22-accuracy=0.000000
2023-11-08 14:43:56,852 [INFO]  Epoch[3] Train-cross-entropy=2.322440
2023-11-08 14:43:56,852 [INFO]  Epoch[3] Train-mean_gmrt22-accuracy=0.000000
2023-11-08 14:43:56,852 [INFO]  Epoch[3] Time cost=0.008
2023-11-08 14:43:56,854 [INFO]  Saved checkpoint to "./imputer_model/imputer_model_mean_gmrt22/model-0003.params"
2023-11-08 14:43:56,854 [INFO]  Epoch[3] Validation-cross-entropy=16.646786
2023-11-08 14:43:56,854 [INFO]  Epoch[3] Validation-mean_gmrt22-accuracy=0.000000
2023-11-08 14:43:56,862 [INFO]  Epoch[4] Batch [0-4]	Speed: 10153.01 samples/sec	cross-entropy=1.056624	mean_gmrt22-accuracy=0.000000
2023-11-08 14:43:56,867 [INFO]  Epoch[4] Train-cross-entropy=0.923933
2023-11-08 14:43:56,867 [INFO]  Epoch[4] Train-mean_gmrt22-accuracy=0.000000
2023-11-08 14:43:56,867 [INFO]  Epoch[4] Time cost=0.012
2023-11-08 14:43:56,869 [INFO]  Saved checkpoint to "./imputer_model/imputer_model_mean_gmrt22/model-0004.params"
2023-11-08 14:43:56,870 [INFO]  Epoch[4] Validation-cross-entropy=17.610741
2023-11-08 14:43:56,870 [INFO]  Epoch[4] Validation-mean_gmrt22-accuracy=0.000000
2023-11-08 14:43:56,870 [INFO]  
========== done (0.0682680606842041 s) fit model
2023-11-08 14:58:05,437 [INFO]  
========== start: fit model
2023-11-08 14:58:05,437 [WARNING]  Already bound, ignoring bind()
2023-11-08 14:58:05,447 [INFO]  Epoch[0] Batch [0-4]	Speed: 9644.50 samples/sec	cross-entropy=15.887259	mean_gmrt22-accuracy=3.600000
2023-11-08 14:58:05,452 [INFO]  Epoch[0] Train-cross-entropy=18.436814
2023-11-08 14:58:05,453 [INFO]  Epoch[0] Train-mean_gmrt22-accuracy=3.125000
2023-11-08 14:58:05,453 [INFO]  Epoch[0] Time cost=0.015
2023-11-08 14:58:05,456 [INFO]  Saved checkpoint to "./imputer_model/imputer_model_mean_gmrt22/model-0000.params"
2023-11-08 14:58:05,457 [INFO]  Epoch[0] Validation-cross-entropy=5.743956
2023-11-08 14:58:05,457 [INFO]  Epoch[0] Validation-mean_gmrt22-accuracy=0.000000
2023-11-08 14:58:05,465 [INFO]  Epoch[1] Batch [0-4]	Speed: 11844.13 samples/sec	cross-entropy=34.462436	mean_gmrt22-accuracy=3.600000
2023-11-08 14:58:05,469 [INFO]  Epoch[1] Train-cross-entropy=28.857074
2023-11-08 14:58:05,469 [INFO]  Epoch[1] Train-mean_gmrt22-accuracy=3.125000
2023-11-08 14:58:05,469 [INFO]  Epoch[1] Time cost=0.012
2023-11-08 14:58:05,471 [INFO]  Saved checkpoint to "./imputer_model/imputer_model_mean_gmrt22/model-0001.params"
2023-11-08 14:58:05,472 [INFO]  Epoch[1] Validation-cross-entropy=8.050452
2023-11-08 14:58:05,472 [INFO]  Epoch[1] Validation-mean_gmrt22-accuracy=0.000000
2023-11-08 14:58:05,478 [INFO]  Epoch[2] Batch [0-4]	Speed: 13125.79 samples/sec	cross-entropy=4.670960	mean_gmrt22-accuracy=3.600000
2023-11-08 14:58:05,482 [INFO]  Epoch[2] Train-cross-entropy=4.796971
2023-11-08 14:58:05,482 [INFO]  Epoch[2] Train-mean_gmrt22-accuracy=3.125000
2023-11-08 14:58:05,482 [INFO]  Epoch[2] Time cost=0.010
2023-11-08 14:58:05,484 [INFO]  Saved checkpoint to "./imputer_model/imputer_model_mean_gmrt22/model-0002.params"
2023-11-08 14:58:05,485 [INFO]  Epoch[2] Validation-cross-entropy=6.262004
2023-11-08 14:58:05,485 [INFO]  Epoch[2] Validation-mean_gmrt22-accuracy=0.000000
2023-11-08 14:58:05,491 [INFO]  Epoch[3] Batch [0-4]	Speed: 13396.32 samples/sec	cross-entropy=3.962430	mean_gmrt22-accuracy=3.600000
2023-11-08 14:58:05,495 [INFO]  Epoch[3] Train-cross-entropy=2.899517
2023-11-08 14:58:05,495 [INFO]  Epoch[3] Train-mean_gmrt22-accuracy=3.125000
2023-11-08 14:58:05,495 [INFO]  Epoch[3] Time cost=0.010
2023-11-08 14:58:05,497 [INFO]  Saved checkpoint to "./imputer_model/imputer_model_mean_gmrt22/model-0003.params"
2023-11-08 14:58:05,498 [INFO]  Epoch[3] Validation-cross-entropy=5.757789
2023-11-08 14:58:05,498 [INFO]  Epoch[3] Validation-mean_gmrt22-accuracy=0.000000
2023-11-08 14:58:05,504 [INFO]  Epoch[4] Batch [0-4]	Speed: 13187.04 samples/sec	cross-entropy=1.180802	mean_gmrt22-accuracy=3.600000
2023-11-08 14:58:05,508 [INFO]  Epoch[4] Train-cross-entropy=0.938325
2023-11-08 14:58:05,508 [INFO]  Epoch[4] Train-mean_gmrt22-accuracy=3.125000
2023-11-08 14:58:05,508 [INFO]  Epoch[4] Time cost=0.010
2023-11-08 14:58:05,510 [INFO]  Saved checkpoint to "./imputer_model/imputer_model_mean_gmrt22/model-0004.params"
2023-11-08 14:58:05,511 [INFO]  Epoch[4] Validation-cross-entropy=4.414403
2023-11-08 14:58:05,511 [INFO]  Epoch[4] Validation-mean_gmrt22-accuracy=0.000000
2023-11-08 14:58:05,511 [INFO]  
========== done (0.07372164726257324 s) fit model
