2023-11-08 12:53:46,441 [INFO]  
========== start: fit model
2023-11-08 12:53:46,442 [WARNING]  Already bound, ignoring bind()
2023-11-08 12:53:46,503 [INFO]  Epoch[0] Batch [0-4]	Speed: 1193.27 samples/sec	cross-entropy=22.985845	mean_jerk_in_air24-accuracy=0.000000
2023-11-08 12:53:46,533 [INFO]  Epoch[0] Train-cross-entropy=18.473963
2023-11-08 12:53:46,533 [INFO]  Epoch[0] Train-mean_jerk_in_air24-accuracy=0.000000
2023-11-08 12:53:46,533 [INFO]  Epoch[0] Time cost=0.088
2023-11-08 12:53:46,535 [INFO]  Saved checkpoint to "./imputer_model/imputer_model_mean_jerk_in_air24/model-0000.params"
2023-11-08 12:53:46,539 [INFO]  Epoch[0] Validation-cross-entropy=47.101200
2023-11-08 12:53:46,539 [INFO]  Epoch[0] Validation-mean_jerk_in_air24-accuracy=0.000000
2023-11-08 12:53:46,543 [INFO]  Epoch[1] Batch [0-4]	Speed: 24894.32 samples/sec	cross-entropy=57.000216	mean_jerk_in_air24-accuracy=0.000000
2023-11-08 12:53:46,545 [INFO]  Epoch[1] Train-cross-entropy=40.968027
2023-11-08 12:53:46,545 [INFO]  Epoch[1] Train-mean_jerk_in_air24-accuracy=0.000000
2023-11-08 12:53:46,545 [INFO]  Epoch[1] Time cost=0.006
2023-11-08 12:53:46,546 [INFO]  Saved checkpoint to "./imputer_model/imputer_model_mean_jerk_in_air24/model-0001.params"
2023-11-08 12:53:46,547 [INFO]  Epoch[1] Validation-cross-entropy=23.926630
2023-11-08 12:53:46,547 [INFO]  Epoch[1] Validation-mean_jerk_in_air24-accuracy=0.000000
2023-11-08 12:53:46,550 [INFO]  Epoch[2] Batch [0-4]	Speed: 28448.01 samples/sec	cross-entropy=5.087196	mean_jerk_in_air24-accuracy=0.000000
2023-11-08 12:53:46,551 [INFO]  Epoch[2] Train-cross-entropy=3.805349
2023-11-08 12:53:46,552 [INFO]  Epoch[2] Train-mean_jerk_in_air24-accuracy=0.000000
2023-11-08 12:53:46,552 [INFO]  Epoch[2] Time cost=0.005
2023-11-08 12:53:46,553 [INFO]  Saved checkpoint to "./imputer_model/imputer_model_mean_jerk_in_air24/model-0002.params"
2023-11-08 12:53:46,553 [INFO]  Epoch[2] Validation-cross-entropy=11.231588
2023-11-08 12:53:46,553 [INFO]  Epoch[2] Validation-mean_jerk_in_air24-accuracy=0.000000
2023-11-08 12:53:46,556 [INFO]  Epoch[3] Batch [0-4]	Speed: 25504.56 samples/sec	cross-entropy=3.566706	mean_jerk_in_air24-accuracy=0.000000
2023-11-08 12:53:46,559 [INFO]  Epoch[3] Train-cross-entropy=2.603250
2023-11-08 12:53:46,559 [INFO]  Epoch[3] Train-mean_jerk_in_air24-accuracy=0.000000
2023-11-08 12:53:46,559 [INFO]  Epoch[3] Time cost=0.006
2023-11-08 12:53:46,560 [INFO]  Saved checkpoint to "./imputer_model/imputer_model_mean_jerk_in_air24/model-0003.params"
2023-11-08 12:53:46,561 [INFO]  Epoch[3] Validation-cross-entropy=9.623614
2023-11-08 12:53:46,561 [INFO]  Epoch[3] Validation-mean_jerk_in_air24-accuracy=0.000000
2023-11-08 12:53:46,565 [INFO]  Epoch[4] Batch [0-4]	Speed: 19881.16 samples/sec	cross-entropy=1.436514	mean_jerk_in_air24-accuracy=0.000000
2023-11-08 12:53:46,567 [INFO]  Epoch[4] Train-cross-entropy=1.074532
2023-11-08 12:53:46,567 [INFO]  Epoch[4] Train-mean_jerk_in_air24-accuracy=0.000000
2023-11-08 12:53:46,567 [INFO]  Epoch[4] Time cost=0.007
2023-11-08 12:53:46,569 [INFO]  Saved checkpoint to "./imputer_model/imputer_model_mean_jerk_in_air24/model-0004.params"
2023-11-08 12:53:46,569 [INFO]  Epoch[4] Validation-cross-entropy=10.610198
2023-11-08 12:53:46,569 [INFO]  Epoch[4] Validation-mean_jerk_in_air24-accuracy=0.000000
2023-11-08 12:53:46,569 [INFO]  
========== done (0.12807679176330566 s) fit model
2023-11-08 13:10:01,052 [INFO]  
========== start: fit model
2023-11-08 13:10:01,092 [WARNING]  Already bound, ignoring bind()
2023-11-08 13:10:01,102 [INFO]  Epoch[0] Batch [0-4]	Speed: 12857.34 samples/sec	cross-entropy=23.695858	mean_jerk_in_air24-accuracy=0.000000
2023-11-08 13:10:01,106 [INFO]  Epoch[0] Train-cross-entropy=19.470027
2023-11-08 13:10:01,106 [INFO]  Epoch[0] Train-mean_jerk_in_air24-accuracy=0.000000
2023-11-08 13:10:01,106 [INFO]  Epoch[0] Time cost=0.014
2023-11-08 13:10:01,110 [INFO]  Saved checkpoint to "./imputer_model/imputer_model_mean_jerk_in_air24/model-0000.params"
2023-11-08 13:10:01,111 [INFO]  Epoch[0] Validation-cross-entropy=22.368225
2023-11-08 13:10:01,111 [INFO]  Epoch[0] Validation-mean_jerk_in_air24-accuracy=0.000000
2023-11-08 13:10:01,119 [INFO]  Epoch[1] Batch [0-4]	Speed: 9993.50 samples/sec	cross-entropy=42.261069	mean_jerk_in_air24-accuracy=0.000000
2023-11-08 13:10:01,124 [INFO]  Epoch[1] Train-cross-entropy=32.495049
2023-11-08 13:10:01,124 [INFO]  Epoch[1] Train-mean_jerk_in_air24-accuracy=0.000000
2023-11-08 13:10:01,124 [INFO]  Epoch[1] Time cost=0.013
2023-11-08 13:10:01,126 [INFO]  Saved checkpoint to "./imputer_model/imputer_model_mean_jerk_in_air24/model-0001.params"
2023-11-08 13:10:01,127 [INFO]  Epoch[1] Validation-cross-entropy=34.417240
2023-11-08 13:10:01,127 [INFO]  Epoch[1] Validation-mean_jerk_in_air24-accuracy=0.000000
2023-11-08 13:10:01,132 [INFO]  Epoch[2] Batch [0-4]	Speed: 18019.43 samples/sec	cross-entropy=8.028538	mean_jerk_in_air24-accuracy=0.000000
2023-11-08 13:10:01,134 [INFO]  Epoch[2] Train-cross-entropy=6.883479
2023-11-08 13:10:01,134 [INFO]  Epoch[2] Train-mean_jerk_in_air24-accuracy=0.000000
2023-11-08 13:10:01,134 [INFO]  Epoch[2] Time cost=0.007
2023-11-08 13:10:01,136 [INFO]  Saved checkpoint to "./imputer_model/imputer_model_mean_jerk_in_air24/model-0002.params"
2023-11-08 13:10:01,137 [INFO]  Epoch[2] Validation-cross-entropy=12.719372
2023-11-08 13:10:01,137 [INFO]  Epoch[2] Validation-mean_jerk_in_air24-accuracy=0.000000
2023-11-08 13:10:01,141 [INFO]  Epoch[3] Batch [0-4]	Speed: 22436.93 samples/sec	cross-entropy=6.813152	mean_jerk_in_air24-accuracy=0.000000
2023-11-08 13:10:01,143 [INFO]  Epoch[3] Train-cross-entropy=5.600874
2023-11-08 13:10:01,143 [INFO]  Epoch[3] Train-mean_jerk_in_air24-accuracy=0.000000
2023-11-08 13:10:01,143 [INFO]  Epoch[3] Time cost=0.006
2023-11-08 13:10:01,165 [INFO]  Saved checkpoint to "./imputer_model/imputer_model_mean_jerk_in_air24/model-0003.params"
2023-11-08 13:10:01,166 [INFO]  Epoch[3] Validation-cross-entropy=20.999498
2023-11-08 13:10:01,167 [INFO]  Epoch[3] Validation-mean_jerk_in_air24-accuracy=0.000000
2023-11-08 13:10:01,175 [INFO]  Epoch[4] Batch [0-4]	Speed: 9895.87 samples/sec	cross-entropy=2.754971	mean_jerk_in_air24-accuracy=0.000000
2023-11-08 13:10:01,180 [INFO]  Epoch[4] Train-cross-entropy=2.035488
2023-11-08 13:10:01,180 [INFO]  Epoch[4] Train-mean_jerk_in_air24-accuracy=0.000000
2023-11-08 13:10:01,180 [INFO]  Epoch[4] Time cost=0.013
2023-11-08 13:10:01,183 [INFO]  Saved checkpoint to "./imputer_model/imputer_model_mean_jerk_in_air24/model-0004.params"
2023-11-08 13:10:01,184 [INFO]  Epoch[4] Validation-cross-entropy=12.444429
2023-11-08 13:10:01,184 [INFO]  Epoch[4] Validation-mean_jerk_in_air24-accuracy=0.000000
2023-11-08 13:10:01,184 [INFO]  
========== done (0.13229656219482422 s) fit model
2023-11-08 13:23:17,572 [INFO]  
========== start: fit model
2023-11-08 13:23:17,573 [WARNING]  Already bound, ignoring bind()
2023-11-08 13:23:17,579 [INFO]  Epoch[0] Batch [0-4]	Speed: 14089.62 samples/sec	cross-entropy=19.267176	mean_jerk_in_air24-accuracy=0.000000
2023-11-08 13:23:17,583 [INFO]  Epoch[0] Train-cross-entropy=17.348781
2023-11-08 13:23:17,583 [INFO]  Epoch[0] Train-mean_jerk_in_air24-accuracy=0.000000
2023-11-08 13:23:17,583 [INFO]  Epoch[0] Time cost=0.010
2023-11-08 13:23:17,584 [INFO]  Saved checkpoint to "./imputer_model/imputer_model_mean_jerk_in_air24/model-0000.params"
2023-11-08 13:23:17,585 [INFO]  Epoch[0] Validation-cross-entropy=9.755924
2023-11-08 13:23:17,585 [INFO]  Epoch[0] Validation-mean_jerk_in_air24-accuracy=0.000000
2023-11-08 13:23:17,590 [INFO]  Epoch[1] Batch [0-4]	Speed: 14783.32 samples/sec	cross-entropy=48.097531	mean_jerk_in_air24-accuracy=0.000000
2023-11-08 13:23:17,596 [INFO]  Epoch[1] Train-cross-entropy=34.765430
2023-11-08 13:23:17,596 [INFO]  Epoch[1] Train-mean_jerk_in_air24-accuracy=0.000000
2023-11-08 13:23:17,596 [INFO]  Epoch[1] Time cost=0.011
2023-11-08 13:23:17,599 [INFO]  Saved checkpoint to "./imputer_model/imputer_model_mean_jerk_in_air24/model-0001.params"
2023-11-08 13:23:17,600 [INFO]  Epoch[1] Validation-cross-entropy=10.267139
2023-11-08 13:23:17,601 [INFO]  Epoch[1] Validation-mean_jerk_in_air24-accuracy=0.000000
2023-11-08 13:23:17,609 [INFO]  Epoch[2] Batch [0-4]	Speed: 10449.03 samples/sec	cross-entropy=15.944129	mean_jerk_in_air24-accuracy=0.000000
2023-11-08 13:23:17,613 [INFO]  Epoch[2] Train-cross-entropy=11.744970
2023-11-08 13:23:17,614 [INFO]  Epoch[2] Train-mean_jerk_in_air24-accuracy=0.000000
2023-11-08 13:23:17,614 [INFO]  Epoch[2] Time cost=0.013
2023-11-08 13:23:17,616 [INFO]  Saved checkpoint to "./imputer_model/imputer_model_mean_jerk_in_air24/model-0002.params"
2023-11-08 13:23:17,616 [INFO]  Epoch[2] Validation-cross-entropy=1.983130
2023-11-08 13:23:17,617 [INFO]  Epoch[2] Validation-mean_jerk_in_air24-accuracy=0.000000
2023-11-08 13:23:17,623 [INFO]  Epoch[3] Batch [0-4]	Speed: 12362.32 samples/sec	cross-entropy=5.870459	mean_jerk_in_air24-accuracy=0.000000
2023-11-08 13:23:17,627 [INFO]  Epoch[3] Train-cross-entropy=4.572821
2023-11-08 13:23:17,627 [INFO]  Epoch[3] Train-mean_jerk_in_air24-accuracy=0.000000
2023-11-08 13:23:17,627 [INFO]  Epoch[3] Time cost=0.010
2023-11-08 13:23:17,629 [INFO]  Saved checkpoint to "./imputer_model/imputer_model_mean_jerk_in_air24/model-0003.params"
2023-11-08 13:23:17,629 [INFO]  Epoch[3] Validation-cross-entropy=4.120836
2023-11-08 13:23:17,629 [INFO]  Epoch[3] Validation-mean_jerk_in_air24-accuracy=0.000000
2023-11-08 13:23:17,635 [INFO]  Epoch[4] Batch [0-4]	Speed: 13604.76 samples/sec	cross-entropy=1.429381	mean_jerk_in_air24-accuracy=0.000000
2023-11-08 13:23:17,639 [INFO]  Epoch[4] Train-cross-entropy=1.216183
2023-11-08 13:23:17,639 [INFO]  Epoch[4] Train-mean_jerk_in_air24-accuracy=0.000000
2023-11-08 13:23:17,639 [INFO]  Epoch[4] Time cost=0.010
2023-11-08 13:23:17,641 [INFO]  Saved checkpoint to "./imputer_model/imputer_model_mean_jerk_in_air24/model-0004.params"
2023-11-08 13:23:17,641 [INFO]  Epoch[4] Validation-cross-entropy=2.365209
2023-11-08 13:23:17,641 [INFO]  Epoch[4] Validation-mean_jerk_in_air24-accuracy=0.000000
2023-11-08 13:23:17,641 [INFO]  
========== done (0.06882190704345703 s) fit model
2023-11-08 13:36:37,454 [INFO]  
========== start: fit model
2023-11-08 13:36:37,454 [WARNING]  Already bound, ignoring bind()
2023-11-08 13:36:37,461 [INFO]  Epoch[0] Batch [0-4]	Speed: 14178.18 samples/sec	cross-entropy=17.669032	mean_jerk_in_air24-accuracy=0.000000
2023-11-08 13:36:37,465 [INFO]  Epoch[0] Train-cross-entropy=19.498572
2023-11-08 13:36:37,465 [INFO]  Epoch[0] Train-mean_jerk_in_air24-accuracy=0.000000
2023-11-08 13:36:37,465 [INFO]  Epoch[0] Time cost=0.010
2023-11-08 13:36:37,466 [INFO]  Saved checkpoint to "./imputer_model/imputer_model_mean_jerk_in_air24/model-0000.params"
2023-11-08 13:36:37,466 [INFO]  Epoch[0] Validation-cross-entropy=16.640772
2023-11-08 13:36:37,467 [INFO]  Epoch[0] Validation-mean_jerk_in_air24-accuracy=0.000000
2023-11-08 13:36:37,474 [INFO]  Epoch[1] Batch [0-4]	Speed: 10813.11 samples/sec	cross-entropy=43.842672	mean_jerk_in_air24-accuracy=0.000000
2023-11-08 13:36:37,479 [INFO]  Epoch[1] Train-cross-entropy=34.567424
2023-11-08 13:36:37,479 [INFO]  Epoch[1] Train-mean_jerk_in_air24-accuracy=0.000000
2023-11-08 13:36:37,479 [INFO]  Epoch[1] Time cost=0.013
2023-11-08 13:36:37,482 [INFO]  Saved checkpoint to "./imputer_model/imputer_model_mean_jerk_in_air24/model-0001.params"
2023-11-08 13:36:37,483 [INFO]  Epoch[1] Validation-cross-entropy=19.521715
2023-11-08 13:36:37,483 [INFO]  Epoch[1] Validation-mean_jerk_in_air24-accuracy=0.000000
2023-11-08 13:36:37,490 [INFO]  Epoch[2] Batch [0-4]	Speed: 12517.98 samples/sec	cross-entropy=4.713020	mean_jerk_in_air24-accuracy=0.000000
2023-11-08 13:36:37,493 [INFO]  Epoch[2] Train-cross-entropy=5.249338
2023-11-08 13:36:37,493 [INFO]  Epoch[2] Train-mean_jerk_in_air24-accuracy=0.000000
2023-11-08 13:36:37,494 [INFO]  Epoch[2] Time cost=0.011
2023-11-08 13:36:37,495 [INFO]  Saved checkpoint to "./imputer_model/imputer_model_mean_jerk_in_air24/model-0002.params"
2023-11-08 13:36:37,496 [INFO]  Epoch[2] Validation-cross-entropy=21.294538
2023-11-08 13:36:37,496 [INFO]  Epoch[2] Validation-mean_jerk_in_air24-accuracy=0.000000
2023-11-08 13:36:37,502 [INFO]  Epoch[3] Batch [0-4]	Speed: 13754.63 samples/sec	cross-entropy=5.072082	mean_jerk_in_air24-accuracy=0.000000
2023-11-08 13:36:37,505 [INFO]  Epoch[3] Train-cross-entropy=3.713250
2023-11-08 13:36:37,506 [INFO]  Epoch[3] Train-mean_jerk_in_air24-accuracy=0.000000
2023-11-08 13:36:37,506 [INFO]  Epoch[3] Time cost=0.010
2023-11-08 13:36:37,507 [INFO]  Saved checkpoint to "./imputer_model/imputer_model_mean_jerk_in_air24/model-0003.params"
2023-11-08 13:36:37,508 [INFO]  Epoch[3] Validation-cross-entropy=15.783018
2023-11-08 13:36:37,508 [INFO]  Epoch[3] Validation-mean_jerk_in_air24-accuracy=0.000000
2023-11-08 13:36:37,516 [INFO]  Epoch[4] Batch [0-4]	Speed: 9789.77 samples/sec	cross-entropy=2.192093	mean_jerk_in_air24-accuracy=0.000000
2023-11-08 13:36:37,521 [INFO]  Epoch[4] Train-cross-entropy=1.625143
2023-11-08 13:36:37,521 [INFO]  Epoch[4] Train-mean_jerk_in_air24-accuracy=0.000000
2023-11-08 13:36:37,522 [INFO]  Epoch[4] Time cost=0.013
2023-11-08 13:36:37,524 [INFO]  Saved checkpoint to "./imputer_model/imputer_model_mean_jerk_in_air24/model-0004.params"
2023-11-08 13:36:37,525 [INFO]  Epoch[4] Validation-cross-entropy=16.141066
2023-11-08 13:36:37,525 [INFO]  Epoch[4] Validation-mean_jerk_in_air24-accuracy=0.000000
2023-11-08 13:36:37,525 [INFO]  
========== done (0.07058358192443848 s) fit model
2023-11-08 13:49:58,538 [INFO]  
========== start: fit model
2023-11-08 13:49:58,538 [WARNING]  Already bound, ignoring bind()
2023-11-08 13:49:58,547 [INFO]  Epoch[0] Batch [0-4]	Speed: 10451.87 samples/sec	cross-entropy=29.356748	mean_jerk_in_air24-accuracy=0.000000
2023-11-08 13:49:58,552 [INFO]  Epoch[0] Train-cross-entropy=26.824699
2023-11-08 13:49:58,552 [INFO]  Epoch[0] Train-mean_jerk_in_air24-accuracy=0.000000
2023-11-08 13:49:58,552 [INFO]  Epoch[0] Time cost=0.014
2023-11-08 13:49:58,555 [INFO]  Saved checkpoint to "./imputer_model/imputer_model_mean_jerk_in_air24/model-0000.params"
2023-11-08 13:49:58,556 [INFO]  Epoch[0] Validation-cross-entropy=34.267349
2023-11-08 13:49:58,556 [INFO]  Epoch[0] Validation-mean_jerk_in_air24-accuracy=0.000000
2023-11-08 13:49:58,563 [INFO]  Epoch[1] Batch [0-4]	Speed: 13345.04 samples/sec	cross-entropy=32.889840	mean_jerk_in_air24-accuracy=0.000000
2023-11-08 13:49:58,566 [INFO]  Epoch[1] Train-cross-entropy=37.630458
2023-11-08 13:49:58,566 [INFO]  Epoch[1] Train-mean_jerk_in_air24-accuracy=0.000000
2023-11-08 13:49:58,566 [INFO]  Epoch[1] Time cost=0.010
2023-11-08 13:49:58,569 [INFO]  Saved checkpoint to "./imputer_model/imputer_model_mean_jerk_in_air24/model-0001.params"
2023-11-08 13:49:58,569 [INFO]  Epoch[1] Validation-cross-entropy=12.295976
2023-11-08 13:49:58,569 [INFO]  Epoch[1] Validation-mean_jerk_in_air24-accuracy=0.000000
2023-11-08 13:49:58,574 [INFO]  Epoch[2] Batch [0-4]	Speed: 16074.94 samples/sec	cross-entropy=6.522879	mean_jerk_in_air24-accuracy=0.000000
2023-11-08 13:49:58,579 [INFO]  Epoch[2] Train-cross-entropy=6.862319
2023-11-08 13:49:58,579 [INFO]  Epoch[2] Train-mean_jerk_in_air24-accuracy=0.000000
2023-11-08 13:49:58,579 [INFO]  Epoch[2] Time cost=0.009
2023-11-08 13:49:58,581 [INFO]  Saved checkpoint to "./imputer_model/imputer_model_mean_jerk_in_air24/model-0002.params"
2023-11-08 13:49:58,582 [INFO]  Epoch[2] Validation-cross-entropy=3.424273
2023-11-08 13:49:58,582 [INFO]  Epoch[2] Validation-mean_jerk_in_air24-accuracy=0.000000
2023-11-08 13:49:58,589 [INFO]  Epoch[3] Batch [0-4]	Speed: 12248.38 samples/sec	cross-entropy=3.752144	mean_jerk_in_air24-accuracy=0.000000
2023-11-08 13:49:58,593 [INFO]  Epoch[3] Train-cross-entropy=3.088005
2023-11-08 13:49:58,593 [INFO]  Epoch[3] Train-mean_jerk_in_air24-accuracy=0.000000
2023-11-08 13:49:58,593 [INFO]  Epoch[3] Time cost=0.011
2023-11-08 13:49:58,595 [INFO]  Saved checkpoint to "./imputer_model/imputer_model_mean_jerk_in_air24/model-0003.params"
2023-11-08 13:49:58,595 [INFO]  Epoch[3] Validation-cross-entropy=5.416788
2023-11-08 13:49:58,596 [INFO]  Epoch[3] Validation-mean_jerk_in_air24-accuracy=0.000000
2023-11-08 13:49:58,602 [INFO]  Epoch[4] Batch [0-4]	Speed: 13294.15 samples/sec	cross-entropy=2.704931	mean_jerk_in_air24-accuracy=0.000000
2023-11-08 13:49:58,605 [INFO]  Epoch[4] Train-cross-entropy=1.965698
2023-11-08 13:49:58,605 [INFO]  Epoch[4] Train-mean_jerk_in_air24-accuracy=0.000000
2023-11-08 13:49:58,605 [INFO]  Epoch[4] Time cost=0.010
2023-11-08 13:49:58,607 [INFO]  Saved checkpoint to "./imputer_model/imputer_model_mean_jerk_in_air24/model-0004.params"
2023-11-08 13:49:58,607 [INFO]  Epoch[4] Validation-cross-entropy=4.867704
2023-11-08 13:49:58,608 [INFO]  Epoch[4] Validation-mean_jerk_in_air24-accuracy=0.000000
2023-11-08 13:49:58,608 [INFO]  
========== done (0.07000207901000977 s) fit model
2023-11-08 14:03:21,053 [INFO]  
========== start: fit model
2023-11-08 14:03:21,053 [WARNING]  Already bound, ignoring bind()
2023-11-08 14:03:21,061 [INFO]  Epoch[0] Batch [0-4]	Speed: 12904.31 samples/sec	cross-entropy=25.326772	mean_jerk_in_air24-accuracy=3.200000
2023-11-08 14:03:21,066 [INFO]  Epoch[0] Train-cross-entropy=22.924080
2023-11-08 14:03:21,066 [INFO]  Epoch[0] Train-mean_jerk_in_air24-accuracy=3.875000
2023-11-08 14:03:21,066 [INFO]  Epoch[0] Time cost=0.012
2023-11-08 14:03:21,069 [INFO]  Saved checkpoint to "./imputer_model/imputer_model_mean_jerk_in_air24/model-0000.params"
2023-11-08 14:03:21,070 [INFO]  Epoch[0] Validation-cross-entropy=163.653214
2023-11-08 14:03:21,070 [INFO]  Epoch[0] Validation-mean_jerk_in_air24-accuracy=0.000000
2023-11-08 14:03:21,078 [INFO]  Epoch[1] Batch [0-4]	Speed: 11644.27 samples/sec	cross-entropy=45.860236	mean_jerk_in_air24-accuracy=3.200000
2023-11-08 14:03:21,082 [INFO]  Epoch[1] Train-cross-entropy=35.862960
2023-11-08 14:03:21,082 [INFO]  Epoch[1] Train-mean_jerk_in_air24-accuracy=3.875000
2023-11-08 14:03:21,082 [INFO]  Epoch[1] Time cost=0.012
2023-11-08 14:03:21,084 [INFO]  Saved checkpoint to "./imputer_model/imputer_model_mean_jerk_in_air24/model-0001.params"
2023-11-08 14:03:21,085 [INFO]  Epoch[1] Validation-cross-entropy=138.568527
2023-11-08 14:03:21,085 [INFO]  Epoch[1] Validation-mean_jerk_in_air24-accuracy=0.000000
2023-11-08 14:03:21,091 [INFO]  Epoch[2] Batch [0-4]	Speed: 13729.31 samples/sec	cross-entropy=7.292842	mean_jerk_in_air24-accuracy=3.200000
2023-11-08 14:03:21,095 [INFO]  Epoch[2] Train-cross-entropy=7.677582
2023-11-08 14:03:21,095 [INFO]  Epoch[2] Train-mean_jerk_in_air24-accuracy=3.875000
2023-11-08 14:03:21,095 [INFO]  Epoch[2] Time cost=0.010
2023-11-08 14:03:21,097 [INFO]  Saved checkpoint to "./imputer_model/imputer_model_mean_jerk_in_air24/model-0002.params"
2023-11-08 14:03:21,097 [INFO]  Epoch[2] Validation-cross-entropy=253.113724
2023-11-08 14:03:21,097 [INFO]  Epoch[2] Validation-mean_jerk_in_air24-accuracy=0.000000
2023-11-08 14:03:21,103 [INFO]  Epoch[3] Batch [0-4]	Speed: 14128.18 samples/sec	cross-entropy=5.585783	mean_jerk_in_air24-accuracy=3.200000
2023-11-08 14:03:21,106 [INFO]  Epoch[3] Train-cross-entropy=4.269300
2023-11-08 14:03:21,107 [INFO]  Epoch[3] Train-mean_jerk_in_air24-accuracy=3.875000
2023-11-08 14:03:21,107 [INFO]  Epoch[3] Time cost=0.009
2023-11-08 14:03:21,108 [INFO]  Saved checkpoint to "./imputer_model/imputer_model_mean_jerk_in_air24/model-0003.params"
2023-11-08 14:03:21,109 [INFO]  Epoch[3] Validation-cross-entropy=192.939026
2023-11-08 14:03:21,109 [INFO]  Epoch[3] Validation-mean_jerk_in_air24-accuracy=0.000000
2023-11-08 14:03:21,115 [INFO]  Epoch[4] Batch [0-4]	Speed: 13671.97 samples/sec	cross-entropy=2.053326	mean_jerk_in_air24-accuracy=3.200000
2023-11-08 14:03:21,118 [INFO]  Epoch[4] Train-cross-entropy=1.707976
2023-11-08 14:03:21,119 [INFO]  Epoch[4] Train-mean_jerk_in_air24-accuracy=3.875000
2023-11-08 14:03:21,119 [INFO]  Epoch[4] Time cost=0.010
2023-11-08 14:03:21,120 [INFO]  Saved checkpoint to "./imputer_model/imputer_model_mean_jerk_in_air24/model-0004.params"
2023-11-08 14:03:21,121 [INFO]  Epoch[4] Validation-cross-entropy=195.868271
2023-11-08 14:03:21,121 [INFO]  Epoch[4] Validation-mean_jerk_in_air24-accuracy=0.000000
2023-11-08 14:03:21,121 [INFO]  
========== done (0.06761670112609863 s) fit model
2023-11-08 14:16:47,529 [INFO]  
========== start: fit model
2023-11-08 14:16:47,529 [WARNING]  Already bound, ignoring bind()
2023-11-08 14:16:47,537 [INFO]  Epoch[0] Batch [0-4]	Speed: 12390.85 samples/sec	cross-entropy=17.420795	mean_jerk_in_air24-accuracy=2.800000
2023-11-08 14:16:47,542 [INFO]  Epoch[0] Train-cross-entropy=28.410022
2023-11-08 14:16:47,542 [INFO]  Epoch[0] Train-mean_jerk_in_air24-accuracy=3.250000
2023-11-08 14:16:47,542 [INFO]  Epoch[0] Time cost=0.012
2023-11-08 14:16:47,545 [INFO]  Saved checkpoint to "./imputer_model/imputer_model_mean_jerk_in_air24/model-0000.params"
2023-11-08 14:16:47,546 [INFO]  Epoch[0] Validation-cross-entropy=22.213612
2023-11-08 14:16:47,546 [INFO]  Epoch[0] Validation-mean_jerk_in_air24-accuracy=0.000000
2023-11-08 14:16:47,554 [INFO]  Epoch[1] Batch [0-4]	Speed: 11743.61 samples/sec	cross-entropy=33.397138	mean_jerk_in_air24-accuracy=2.800000
2023-11-08 14:16:47,558 [INFO]  Epoch[1] Train-cross-entropy=34.122698
2023-11-08 14:16:47,558 [INFO]  Epoch[1] Train-mean_jerk_in_air24-accuracy=3.250000
2023-11-08 14:16:47,558 [INFO]  Epoch[1] Time cost=0.012
2023-11-08 14:16:47,560 [INFO]  Saved checkpoint to "./imputer_model/imputer_model_mean_jerk_in_air24/model-0001.params"
2023-11-08 14:16:47,561 [INFO]  Epoch[1] Validation-cross-entropy=14.960807
2023-11-08 14:16:47,561 [INFO]  Epoch[1] Validation-mean_jerk_in_air24-accuracy=0.000000
2023-11-08 14:16:47,567 [INFO]  Epoch[2] Batch [0-4]	Speed: 13627.55 samples/sec	cross-entropy=9.383597	mean_jerk_in_air24-accuracy=2.800000
2023-11-08 14:16:47,571 [INFO]  Epoch[2] Train-cross-entropy=7.616523
2023-11-08 14:16:47,571 [INFO]  Epoch[2] Train-mean_jerk_in_air24-accuracy=3.250000
2023-11-08 14:16:47,571 [INFO]  Epoch[2] Time cost=0.010
2023-11-08 14:16:47,573 [INFO]  Saved checkpoint to "./imputer_model/imputer_model_mean_jerk_in_air24/model-0002.params"
2023-11-08 14:16:47,573 [INFO]  Epoch[2] Validation-cross-entropy=6.490849
2023-11-08 14:16:47,574 [INFO]  Epoch[2] Validation-mean_jerk_in_air24-accuracy=0.000000
2023-11-08 14:16:47,580 [INFO]  Epoch[3] Batch [0-4]	Speed: 13523.88 samples/sec	cross-entropy=3.293435	mean_jerk_in_air24-accuracy=2.800000
2023-11-08 14:16:47,583 [INFO]  Epoch[3] Train-cross-entropy=3.082173
2023-11-08 14:16:47,583 [INFO]  Epoch[3] Train-mean_jerk_in_air24-accuracy=3.250000
2023-11-08 14:16:47,583 [INFO]  Epoch[3] Time cost=0.010
2023-11-08 14:16:47,585 [INFO]  Saved checkpoint to "./imputer_model/imputer_model_mean_jerk_in_air24/model-0003.params"
2023-11-08 14:16:47,586 [INFO]  Epoch[3] Validation-cross-entropy=5.011748
2023-11-08 14:16:47,586 [INFO]  Epoch[3] Validation-mean_jerk_in_air24-accuracy=0.000000
2023-11-08 14:16:47,592 [INFO]  Epoch[4] Batch [0-4]	Speed: 13860.46 samples/sec	cross-entropy=1.306404	mean_jerk_in_air24-accuracy=2.800000
2023-11-08 14:16:47,595 [INFO]  Epoch[4] Train-cross-entropy=1.331110
2023-11-08 14:16:47,595 [INFO]  Epoch[4] Train-mean_jerk_in_air24-accuracy=3.250000
2023-11-08 14:16:47,595 [INFO]  Epoch[4] Time cost=0.010
2023-11-08 14:16:47,597 [INFO]  Saved checkpoint to "./imputer_model/imputer_model_mean_jerk_in_air24/model-0004.params"
2023-11-08 14:16:47,597 [INFO]  Epoch[4] Validation-cross-entropy=8.535830
2023-11-08 14:16:47,597 [INFO]  Epoch[4] Validation-mean_jerk_in_air24-accuracy=0.000000
2023-11-08 14:16:47,597 [INFO]  
========== done (0.0685584545135498 s) fit model
2023-11-08 14:30:26,846 [INFO]  
========== start: fit model
2023-11-08 14:30:26,846 [WARNING]  Already bound, ignoring bind()
2023-11-08 14:30:26,853 [INFO]  Epoch[0] Batch [0-4]	Speed: 14010.93 samples/sec	cross-entropy=26.844078	mean_jerk_in_air24-accuracy=2.600000
2023-11-08 14:30:26,858 [INFO]  Epoch[0] Train-cross-entropy=23.028876
2023-11-08 14:30:26,858 [INFO]  Epoch[0] Train-mean_jerk_in_air24-accuracy=3.500000
2023-11-08 14:30:26,858 [INFO]  Epoch[0] Time cost=0.011
2023-11-08 14:30:26,862 [INFO]  Saved checkpoint to "./imputer_model/imputer_model_mean_jerk_in_air24/model-0000.params"
2023-11-08 14:30:26,863 [INFO]  Epoch[0] Validation-cross-entropy=73.014603
2023-11-08 14:30:26,863 [INFO]  Epoch[0] Validation-mean_jerk_in_air24-accuracy=0.000000
2023-11-08 14:30:26,870 [INFO]  Epoch[1] Batch [0-4]	Speed: 11977.84 samples/sec	cross-entropy=24.558512	mean_jerk_in_air24-accuracy=2.600000
2023-11-08 14:30:26,874 [INFO]  Epoch[1] Train-cross-entropy=30.231622
2023-11-08 14:30:26,874 [INFO]  Epoch[1] Train-mean_jerk_in_air24-accuracy=3.500000
2023-11-08 14:30:26,874 [INFO]  Epoch[1] Time cost=0.011
2023-11-08 14:30:26,876 [INFO]  Saved checkpoint to "./imputer_model/imputer_model_mean_jerk_in_air24/model-0001.params"
2023-11-08 14:30:26,877 [INFO]  Epoch[1] Validation-cross-entropy=37.921825
2023-11-08 14:30:26,877 [INFO]  Epoch[1] Validation-mean_jerk_in_air24-accuracy=0.000000
2023-11-08 14:30:26,883 [INFO]  Epoch[2] Batch [0-4]	Speed: 12994.26 samples/sec	cross-entropy=4.368402	mean_jerk_in_air24-accuracy=2.600000
2023-11-08 14:30:26,887 [INFO]  Epoch[2] Train-cross-entropy=6.785116
2023-11-08 14:30:26,887 [INFO]  Epoch[2] Train-mean_jerk_in_air24-accuracy=3.500000
2023-11-08 14:30:26,887 [INFO]  Epoch[2] Time cost=0.010
2023-11-08 14:30:26,888 [INFO]  Saved checkpoint to "./imputer_model/imputer_model_mean_jerk_in_air24/model-0002.params"
2023-11-08 14:30:26,889 [INFO]  Epoch[2] Validation-cross-entropy=32.778778
2023-11-08 14:30:26,889 [INFO]  Epoch[2] Validation-mean_jerk_in_air24-accuracy=0.000000
2023-11-08 14:30:26,895 [INFO]  Epoch[3] Batch [0-4]	Speed: 13902.09 samples/sec	cross-entropy=4.182164	mean_jerk_in_air24-accuracy=2.600000
2023-11-08 14:30:26,898 [INFO]  Epoch[3] Train-cross-entropy=3.366687
2023-11-08 14:30:26,898 [INFO]  Epoch[3] Train-mean_jerk_in_air24-accuracy=3.500000
2023-11-08 14:30:26,898 [INFO]  Epoch[3] Time cost=0.009
2023-11-08 14:30:26,900 [INFO]  Saved checkpoint to "./imputer_model/imputer_model_mean_jerk_in_air24/model-0003.params"
2023-11-08 14:30:26,900 [INFO]  Epoch[3] Validation-cross-entropy=41.543736
2023-11-08 14:30:26,900 [INFO]  Epoch[3] Validation-mean_jerk_in_air24-accuracy=0.000000
2023-11-08 14:30:26,906 [INFO]  Epoch[4] Batch [0-4]	Speed: 14187.92 samples/sec	cross-entropy=2.476650	mean_jerk_in_air24-accuracy=2.600000
2023-11-08 14:30:26,909 [INFO]  Epoch[4] Train-cross-entropy=1.949438
2023-11-08 14:30:26,909 [INFO]  Epoch[4] Train-mean_jerk_in_air24-accuracy=3.500000
2023-11-08 14:30:26,910 [INFO]  Epoch[4] Time cost=0.009
2023-11-08 14:30:26,911 [INFO]  Saved checkpoint to "./imputer_model/imputer_model_mean_jerk_in_air24/model-0004.params"
2023-11-08 14:30:26,911 [INFO]  Epoch[4] Validation-cross-entropy=39.884850
2023-11-08 14:30:26,912 [INFO]  Epoch[4] Validation-mean_jerk_in_air24-accuracy=0.000000
2023-11-08 14:30:26,912 [INFO]  
========== done (0.0653691291809082 s) fit model
2023-11-08 14:44:31,962 [INFO]  
========== start: fit model
2023-11-08 14:44:31,962 [WARNING]  Already bound, ignoring bind()
2023-11-08 14:44:31,972 [INFO]  Epoch[0] Batch [0-4]	Speed: 13797.05 samples/sec	cross-entropy=15.298217	mean_jerk_in_air24-accuracy=2.000000
2023-11-08 14:44:31,976 [INFO]  Epoch[0] Train-cross-entropy=20.579362
2023-11-08 14:44:31,976 [INFO]  Epoch[0] Train-mean_jerk_in_air24-accuracy=2.750000
2023-11-08 14:44:31,976 [INFO]  Epoch[0] Time cost=0.014
2023-11-08 14:44:31,977 [INFO]  Saved checkpoint to "./imputer_model/imputer_model_mean_jerk_in_air24/model-0000.params"
2023-11-08 14:44:31,978 [INFO]  Epoch[0] Validation-cross-entropy=43.947834
2023-11-08 14:44:31,978 [INFO]  Epoch[0] Validation-mean_jerk_in_air24-accuracy=0.000000
2023-11-08 14:44:31,983 [INFO]  Epoch[1] Batch [0-4]	Speed: 14650.19 samples/sec	cross-entropy=43.380389	mean_jerk_in_air24-accuracy=2.000000
2023-11-08 14:44:31,987 [INFO]  Epoch[1] Train-cross-entropy=31.850545
2023-11-08 14:44:31,987 [INFO]  Epoch[1] Train-mean_jerk_in_air24-accuracy=2.750000
2023-11-08 14:44:31,987 [INFO]  Epoch[1] Time cost=0.009
2023-11-08 14:44:31,988 [INFO]  Saved checkpoint to "./imputer_model/imputer_model_mean_jerk_in_air24/model-0001.params"
2023-11-08 14:44:31,988 [INFO]  Epoch[1] Validation-cross-entropy=22.144650
2023-11-08 14:44:31,988 [INFO]  Epoch[1] Validation-mean_jerk_in_air24-accuracy=0.000000
2023-11-08 14:44:31,994 [INFO]  Epoch[2] Batch [0-4]	Speed: 15792.18 samples/sec	cross-entropy=6.167416	mean_jerk_in_air24-accuracy=2.000000
2023-11-08 14:44:31,997 [INFO]  Epoch[2] Train-cross-entropy=5.654541
2023-11-08 14:44:31,997 [INFO]  Epoch[2] Train-mean_jerk_in_air24-accuracy=2.750000
2023-11-08 14:44:31,997 [INFO]  Epoch[2] Time cost=0.008
2023-11-08 14:44:31,998 [INFO]  Saved checkpoint to "./imputer_model/imputer_model_mean_jerk_in_air24/model-0002.params"
2023-11-08 14:44:31,999 [INFO]  Epoch[2] Validation-cross-entropy=15.455922
2023-11-08 14:44:31,999 [INFO]  Epoch[2] Validation-mean_jerk_in_air24-accuracy=0.000000
2023-11-08 14:44:32,005 [INFO]  Epoch[3] Batch [0-4]	Speed: 14796.35 samples/sec	cross-entropy=2.939260	mean_jerk_in_air24-accuracy=2.000000
2023-11-08 14:44:32,008 [INFO]  Epoch[3] Train-cross-entropy=2.434313
2023-11-08 14:44:32,008 [INFO]  Epoch[3] Train-mean_jerk_in_air24-accuracy=2.750000
2023-11-08 14:44:32,008 [INFO]  Epoch[3] Time cost=0.009
2023-11-08 14:44:32,010 [INFO]  Saved checkpoint to "./imputer_model/imputer_model_mean_jerk_in_air24/model-0003.params"
2023-11-08 14:44:32,010 [INFO]  Epoch[3] Validation-cross-entropy=16.172575
2023-11-08 14:44:32,011 [INFO]  Epoch[3] Validation-mean_jerk_in_air24-accuracy=0.000000
2023-11-08 14:44:32,015 [INFO]  Epoch[4] Batch [0-4]	Speed: 18707.61 samples/sec	cross-entropy=1.322374	mean_jerk_in_air24-accuracy=2.000000
2023-11-08 14:44:32,018 [INFO]  Epoch[4] Train-cross-entropy=1.100795
2023-11-08 14:44:32,018 [INFO]  Epoch[4] Train-mean_jerk_in_air24-accuracy=2.750000
2023-11-08 14:44:32,018 [INFO]  Epoch[4] Time cost=0.007
2023-11-08 14:44:32,019 [INFO]  Saved checkpoint to "./imputer_model/imputer_model_mean_jerk_in_air24/model-0004.params"
2023-11-08 14:44:32,020 [INFO]  Epoch[4] Validation-cross-entropy=14.689806
2023-11-08 14:44:32,020 [INFO]  Epoch[4] Validation-mean_jerk_in_air24-accuracy=0.000000
2023-11-08 14:44:32,020 [INFO]  
========== done (0.05815696716308594 s) fit model
2023-11-08 14:58:41,584 [INFO]  
========== start: fit model
2023-11-08 14:58:41,584 [WARNING]  Already bound, ignoring bind()
2023-11-08 14:58:41,591 [INFO]  Epoch[0] Batch [0-4]	Speed: 13917.23 samples/sec	cross-entropy=24.961735	mean_jerk_in_air24-accuracy=3.400000
2023-11-08 14:58:41,596 [INFO]  Epoch[0] Train-cross-entropy=23.456693
2023-11-08 14:58:41,596 [INFO]  Epoch[0] Train-mean_jerk_in_air24-accuracy=3.125000
2023-11-08 14:58:41,596 [INFO]  Epoch[0] Time cost=0.012
2023-11-08 14:58:41,600 [INFO]  Saved checkpoint to "./imputer_model/imputer_model_mean_jerk_in_air24/model-0000.params"
2023-11-08 14:58:41,601 [INFO]  Epoch[0] Validation-cross-entropy=20.007742
2023-11-08 14:58:41,601 [INFO]  Epoch[0] Validation-mean_jerk_in_air24-accuracy=0.000000
2023-11-08 14:58:41,608 [INFO]  Epoch[1] Batch [0-4]	Speed: 10849.38 samples/sec	cross-entropy=31.001304	mean_jerk_in_air24-accuracy=3.400000
2023-11-08 14:58:41,613 [INFO]  Epoch[1] Train-cross-entropy=26.984023
2023-11-08 14:58:41,613 [INFO]  Epoch[1] Train-mean_jerk_in_air24-accuracy=3.125000
2023-11-08 14:58:41,613 [INFO]  Epoch[1] Time cost=0.012
2023-11-08 14:58:41,615 [INFO]  Saved checkpoint to "./imputer_model/imputer_model_mean_jerk_in_air24/model-0001.params"
2023-11-08 14:58:41,616 [INFO]  Epoch[1] Validation-cross-entropy=14.476028
2023-11-08 14:58:41,616 [INFO]  Epoch[1] Validation-mean_jerk_in_air24-accuracy=0.000000
2023-11-08 14:58:41,621 [INFO]  Epoch[2] Batch [0-4]	Speed: 16563.96 samples/sec	cross-entropy=5.242287	mean_jerk_in_air24-accuracy=3.400000
2023-11-08 14:58:41,624 [INFO]  Epoch[2] Train-cross-entropy=4.021313
2023-11-08 14:58:41,624 [INFO]  Epoch[2] Train-mean_jerk_in_air24-accuracy=3.125000
2023-11-08 14:58:41,624 [INFO]  Epoch[2] Time cost=0.008
2023-11-08 14:58:41,626 [INFO]  Saved checkpoint to "./imputer_model/imputer_model_mean_jerk_in_air24/model-0002.params"
2023-11-08 14:58:41,626 [INFO]  Epoch[2] Validation-cross-entropy=9.106307
2023-11-08 14:58:41,626 [INFO]  Epoch[2] Validation-mean_jerk_in_air24-accuracy=0.000000
2023-11-08 14:58:41,631 [INFO]  Epoch[3] Batch [0-4]	Speed: 17442.20 samples/sec	cross-entropy=2.232431	mean_jerk_in_air24-accuracy=3.400000
2023-11-08 14:58:41,634 [INFO]  Epoch[3] Train-cross-entropy=2.151042
2023-11-08 14:58:41,634 [INFO]  Epoch[3] Train-mean_jerk_in_air24-accuracy=3.125000
2023-11-08 14:58:41,634 [INFO]  Epoch[3] Time cost=0.008
2023-11-08 14:58:41,635 [INFO]  Saved checkpoint to "./imputer_model/imputer_model_mean_jerk_in_air24/model-0003.params"
2023-11-08 14:58:41,636 [INFO]  Epoch[3] Validation-cross-entropy=6.959022
2023-11-08 14:58:41,636 [INFO]  Epoch[3] Validation-mean_jerk_in_air24-accuracy=0.000000
2023-11-08 14:58:41,640 [INFO]  Epoch[4] Batch [0-4]	Speed: 17187.57 samples/sec	cross-entropy=1.015564	mean_jerk_in_air24-accuracy=3.400000
2023-11-08 14:58:41,643 [INFO]  Epoch[4] Train-cross-entropy=0.949370
2023-11-08 14:58:41,644 [INFO]  Epoch[4] Train-mean_jerk_in_air24-accuracy=3.125000
2023-11-08 14:58:41,644 [INFO]  Epoch[4] Time cost=0.008
2023-11-08 14:58:41,647 [INFO]  Saved checkpoint to "./imputer_model/imputer_model_mean_jerk_in_air24/model-0004.params"
2023-11-08 14:58:41,648 [INFO]  Epoch[4] Validation-cross-entropy=8.271532
2023-11-08 14:58:41,648 [INFO]  Epoch[4] Validation-mean_jerk_in_air24-accuracy=0.000000
2023-11-08 14:58:41,648 [INFO]  
========== done (0.06436586380004883 s) fit model
