2023-11-08 12:43:24,301 [INFO]  
========== start: fit model
2023-11-08 12:43:24,301 [WARNING]  Already bound, ignoring bind()
2023-11-08 12:43:24,507 [INFO]  Epoch[0] Batch [0-4]	Speed: 11419.38 samples/sec	cross-entropy=22.885237	max_y_extension15-accuracy=0.000000
2023-11-08 12:43:24,511 [INFO]  Epoch[0] Train-cross-entropy=20.662770
2023-11-08 12:43:24,511 [INFO]  Epoch[0] Train-max_y_extension15-accuracy=0.000000
2023-11-08 12:43:24,512 [INFO]  Epoch[0] Time cost=0.209
2023-11-08 12:43:24,515 [INFO]  Saved checkpoint to "./imputer_model/imputer_model_max_y_extension15/model-0000.params"
2023-11-08 12:43:24,516 [INFO]  Epoch[0] Validation-cross-entropy=31.613214
2023-11-08 12:43:24,516 [INFO]  Epoch[0] Validation-max_y_extension15-accuracy=0.000000
2023-11-08 12:43:24,551 [INFO]  Epoch[1] Batch [0-4]	Speed: 7283.16 samples/sec	cross-entropy=44.595958	max_y_extension15-accuracy=0.000000
2023-11-08 12:43:24,573 [INFO]  Epoch[1] Train-cross-entropy=32.576302
2023-11-08 12:43:24,573 [INFO]  Epoch[1] Train-max_y_extension15-accuracy=0.000000
2023-11-08 12:43:24,573 [INFO]  Epoch[1] Time cost=0.057
2023-11-08 12:43:24,576 [INFO]  Saved checkpoint to "./imputer_model/imputer_model_max_y_extension15/model-0001.params"
2023-11-08 12:43:24,589 [INFO]  Epoch[1] Validation-cross-entropy=24.901711
2023-11-08 12:43:24,589 [INFO]  Epoch[1] Validation-max_y_extension15-accuracy=0.000000
2023-11-08 12:43:24,719 [INFO]  Epoch[2] Batch [0-4]	Speed: 552.55 samples/sec	cross-entropy=10.848272	max_y_extension15-accuracy=0.000000
2023-11-08 12:43:24,752 [INFO]  Epoch[2] Train-cross-entropy=9.651440
2023-11-08 12:43:24,752 [INFO]  Epoch[2] Train-max_y_extension15-accuracy=0.000000
2023-11-08 12:43:24,753 [INFO]  Epoch[2] Time cost=0.163
2023-11-08 12:43:24,755 [INFO]  Saved checkpoint to "./imputer_model/imputer_model_max_y_extension15/model-0002.params"
2023-11-08 12:43:24,756 [INFO]  Epoch[2] Validation-cross-entropy=23.677940
2023-11-08 12:43:24,756 [INFO]  Epoch[2] Validation-max_y_extension15-accuracy=0.000000
2023-11-08 12:43:24,791 [INFO]  Epoch[3] Batch [0-4]	Speed: 8824.31 samples/sec	cross-entropy=9.708262	max_y_extension15-accuracy=0.000000
2023-11-08 12:43:24,827 [INFO]  Epoch[3] Train-cross-entropy=7.091015
2023-11-08 12:43:24,827 [INFO]  Epoch[3] Train-max_y_extension15-accuracy=0.000000
2023-11-08 12:43:24,827 [INFO]  Epoch[3] Time cost=0.072
2023-11-08 12:43:24,829 [INFO]  Saved checkpoint to "./imputer_model/imputer_model_max_y_extension15/model-0003.params"
2023-11-08 12:43:24,837 [INFO]  Epoch[3] Validation-cross-entropy=24.501823
2023-11-08 12:43:24,837 [INFO]  Epoch[3] Validation-max_y_extension15-accuracy=0.000000
2023-11-08 12:43:24,940 [INFO]  Epoch[4] Batch [0-4]	Speed: 665.51 samples/sec	cross-entropy=2.741384	max_y_extension15-accuracy=0.000000
2023-11-08 12:43:24,949 [INFO]  Epoch[4] Train-cross-entropy=2.249660
2023-11-08 12:43:24,949 [INFO]  Epoch[4] Train-max_y_extension15-accuracy=0.000000
2023-11-08 12:43:24,949 [INFO]  Epoch[4] Time cost=0.112
2023-11-08 12:43:24,951 [INFO]  Saved checkpoint to "./imputer_model/imputer_model_max_y_extension15/model-0004.params"
2023-11-08 12:43:24,956 [INFO]  Epoch[4] Validation-cross-entropy=19.966364
2023-11-08 12:43:24,956 [INFO]  Epoch[4] Validation-max_y_extension15-accuracy=0.000000
2023-11-08 12:43:24,956 [INFO]  
========== done (0.6547732353210449 s) fit model
2023-11-08 13:07:21,400 [INFO]  
========== start: fit model
2023-11-08 13:07:21,400 [WARNING]  Already bound, ignoring bind()
2023-11-08 13:07:21,407 [INFO]  Epoch[0] Batch [0-4]	Speed: 14286.08 samples/sec	cross-entropy=15.193915	max_y_extension15-accuracy=3.200000
2023-11-08 13:07:21,410 [INFO]  Epoch[0] Train-cross-entropy=18.171863
2023-11-08 13:07:21,410 [INFO]  Epoch[0] Train-max_y_extension15-accuracy=3.500000
2023-11-08 13:07:21,410 [INFO]  Epoch[0] Time cost=0.010
2023-11-08 13:07:21,411 [INFO]  Saved checkpoint to "./imputer_model/imputer_model_max_y_extension15/model-0000.params"
2023-11-08 13:07:21,412 [INFO]  Epoch[0] Validation-cross-entropy=17.325855
2023-11-08 13:07:21,412 [INFO]  Epoch[0] Validation-max_y_extension15-accuracy=0.000000
2023-11-08 13:07:21,418 [INFO]  Epoch[1] Batch [0-4]	Speed: 14552.50 samples/sec	cross-entropy=43.008383	max_y_extension15-accuracy=3.200000
2023-11-08 13:07:21,421 [INFO]  Epoch[1] Train-cross-entropy=38.804871
2023-11-08 13:07:21,421 [INFO]  Epoch[1] Train-max_y_extension15-accuracy=3.500000
2023-11-08 13:07:21,421 [INFO]  Epoch[1] Time cost=0.009
2023-11-08 13:07:21,423 [INFO]  Saved checkpoint to "./imputer_model/imputer_model_max_y_extension15/model-0001.params"
2023-11-08 13:07:21,424 [INFO]  Epoch[1] Validation-cross-entropy=7.683264
2023-11-08 13:07:21,424 [INFO]  Epoch[1] Validation-max_y_extension15-accuracy=0.000000
2023-11-08 13:07:21,430 [INFO]  Epoch[2] Batch [0-4]	Speed: 13002.44 samples/sec	cross-entropy=4.264656	max_y_extension15-accuracy=3.200000
2023-11-08 13:07:21,434 [INFO]  Epoch[2] Train-cross-entropy=5.184275
2023-11-08 13:07:21,435 [INFO]  Epoch[2] Train-max_y_extension15-accuracy=3.500000
2023-11-08 13:07:21,435 [INFO]  Epoch[2] Time cost=0.010
2023-11-08 13:07:21,437 [INFO]  Saved checkpoint to "./imputer_model/imputer_model_max_y_extension15/model-0002.params"
2023-11-08 13:07:21,438 [INFO]  Epoch[2] Validation-cross-entropy=6.211487
2023-11-08 13:07:21,438 [INFO]  Epoch[2] Validation-max_y_extension15-accuracy=0.000000
2023-11-08 13:07:21,444 [INFO]  Epoch[3] Batch [0-4]	Speed: 12934.16 samples/sec	cross-entropy=3.025059	max_y_extension15-accuracy=3.200000
2023-11-08 13:07:21,448 [INFO]  Epoch[3] Train-cross-entropy=3.236942
2023-11-08 13:07:21,448 [INFO]  Epoch[3] Train-max_y_extension15-accuracy=3.500000
2023-11-08 13:07:21,448 [INFO]  Epoch[3] Time cost=0.010
2023-11-08 13:07:21,450 [INFO]  Saved checkpoint to "./imputer_model/imputer_model_max_y_extension15/model-0003.params"
2023-11-08 13:07:21,451 [INFO]  Epoch[3] Validation-cross-entropy=6.243476
2023-11-08 13:07:21,451 [INFO]  Epoch[3] Validation-max_y_extension15-accuracy=0.000000
2023-11-08 13:07:21,457 [INFO]  Epoch[4] Batch [0-4]	Speed: 13771.57 samples/sec	cross-entropy=1.246419	max_y_extension15-accuracy=3.200000
2023-11-08 13:07:21,460 [INFO]  Epoch[4] Train-cross-entropy=1.095371
2023-11-08 13:07:21,460 [INFO]  Epoch[4] Train-max_y_extension15-accuracy=3.500000
2023-11-08 13:07:21,460 [INFO]  Epoch[4] Time cost=0.010
2023-11-08 13:07:21,462 [INFO]  Saved checkpoint to "./imputer_model/imputer_model_max_y_extension15/model-0004.params"
2023-11-08 13:07:21,462 [INFO]  Epoch[4] Validation-cross-entropy=4.963099
2023-11-08 13:07:21,462 [INFO]  Epoch[4] Validation-max_y_extension15-accuracy=0.000000
2023-11-08 13:07:21,462 [INFO]  
========== done (0.06284761428833008 s) fit model
2023-11-08 13:20:46,271 [INFO]  
========== start: fit model
2023-11-08 13:20:46,271 [WARNING]  Already bound, ignoring bind()
2023-11-08 13:20:46,278 [INFO]  Epoch[0] Batch [0-4]	Speed: 14245.90 samples/sec	cross-entropy=15.631139	max_y_extension15-accuracy=0.000000
2023-11-08 13:20:46,281 [INFO]  Epoch[0] Train-cross-entropy=18.923685
2023-11-08 13:20:46,281 [INFO]  Epoch[0] Train-max_y_extension15-accuracy=0.000000
2023-11-08 13:20:46,281 [INFO]  Epoch[0] Time cost=0.010
2023-11-08 13:20:46,283 [INFO]  Saved checkpoint to "./imputer_model/imputer_model_max_y_extension15/model-0000.params"
2023-11-08 13:20:46,283 [INFO]  Epoch[0] Validation-cross-entropy=11.422324
2023-11-08 13:20:46,283 [INFO]  Epoch[0] Validation-max_y_extension15-accuracy=0.000000
2023-11-08 13:20:46,289 [INFO]  Epoch[1] Batch [0-4]	Speed: 14766.24 samples/sec	cross-entropy=36.164756	max_y_extension15-accuracy=0.000000
2023-11-08 13:20:46,292 [INFO]  Epoch[1] Train-cross-entropy=28.611708
2023-11-08 13:20:46,293 [INFO]  Epoch[1] Train-max_y_extension15-accuracy=0.000000
2023-11-08 13:20:46,293 [INFO]  Epoch[1] Time cost=0.009
2023-11-08 13:20:46,296 [INFO]  Saved checkpoint to "./imputer_model/imputer_model_max_y_extension15/model-0001.params"
2023-11-08 13:20:46,297 [INFO]  Epoch[1] Validation-cross-entropy=4.457889
2023-11-08 13:20:46,297 [INFO]  Epoch[1] Validation-max_y_extension15-accuracy=0.000000
2023-11-08 13:20:46,305 [INFO]  Epoch[2] Batch [0-4]	Speed: 11125.94 samples/sec	cross-entropy=9.370197	max_y_extension15-accuracy=0.000000
2023-11-08 13:20:46,309 [INFO]  Epoch[2] Train-cross-entropy=8.211247
2023-11-08 13:20:46,309 [INFO]  Epoch[2] Train-max_y_extension15-accuracy=0.000000
2023-11-08 13:20:46,309 [INFO]  Epoch[2] Time cost=0.012
2023-11-08 13:20:46,311 [INFO]  Saved checkpoint to "./imputer_model/imputer_model_max_y_extension15/model-0002.params"
2023-11-08 13:20:46,312 [INFO]  Epoch[2] Validation-cross-entropy=2.707179
2023-11-08 13:20:46,312 [INFO]  Epoch[2] Validation-max_y_extension15-accuracy=0.000000
2023-11-08 13:20:46,317 [INFO]  Epoch[3] Batch [0-4]	Speed: 15610.34 samples/sec	cross-entropy=4.476591	max_y_extension15-accuracy=0.000000
2023-11-08 13:20:46,321 [INFO]  Epoch[3] Train-cross-entropy=3.384002
2023-11-08 13:20:46,321 [INFO]  Epoch[3] Train-max_y_extension15-accuracy=0.000000
2023-11-08 13:20:46,321 [INFO]  Epoch[3] Time cost=0.009
2023-11-08 13:20:46,322 [INFO]  Saved checkpoint to "./imputer_model/imputer_model_max_y_extension15/model-0003.params"
2023-11-08 13:20:46,323 [INFO]  Epoch[3] Validation-cross-entropy=2.618009
2023-11-08 13:20:46,323 [INFO]  Epoch[3] Validation-max_y_extension15-accuracy=0.000000
2023-11-08 13:20:46,328 [INFO]  Epoch[4] Batch [0-4]	Speed: 15695.23 samples/sec	cross-entropy=1.263729	max_y_extension15-accuracy=0.000000
2023-11-08 13:20:46,331 [INFO]  Epoch[4] Train-cross-entropy=1.298427
2023-11-08 13:20:46,331 [INFO]  Epoch[4] Train-max_y_extension15-accuracy=0.000000
2023-11-08 13:20:46,331 [INFO]  Epoch[4] Time cost=0.008
2023-11-08 13:20:46,335 [INFO]  Saved checkpoint to "./imputer_model/imputer_model_max_y_extension15/model-0004.params"
2023-11-08 13:20:46,336 [INFO]  Epoch[4] Validation-cross-entropy=3.985714
2023-11-08 13:20:46,336 [INFO]  Epoch[4] Validation-max_y_extension15-accuracy=0.000000
2023-11-08 13:20:46,336 [INFO]  
========== done (0.06495022773742676 s) fit model
2023-11-08 13:34:06,814 [INFO]  
========== start: fit model
2023-11-08 13:34:06,814 [WARNING]  Already bound, ignoring bind()
2023-11-08 13:34:06,822 [INFO]  Epoch[0] Batch [0-4]	Speed: 11727.19 samples/sec	cross-entropy=23.491730	max_y_extension15-accuracy=0.000000
2023-11-08 13:34:06,827 [INFO]  Epoch[0] Train-cross-entropy=21.530942
2023-11-08 13:34:06,827 [INFO]  Epoch[0] Train-max_y_extension15-accuracy=0.000000
2023-11-08 13:34:06,827 [INFO]  Epoch[0] Time cost=0.012
2023-11-08 13:34:06,830 [INFO]  Saved checkpoint to "./imputer_model/imputer_model_max_y_extension15/model-0000.params"
2023-11-08 13:34:06,831 [INFO]  Epoch[0] Validation-cross-entropy=27.707218
2023-11-08 13:34:06,831 [INFO]  Epoch[0] Validation-max_y_extension15-accuracy=0.000000
2023-11-08 13:34:06,839 [INFO]  Epoch[1] Batch [0-4]	Speed: 11627.63 samples/sec	cross-entropy=52.049900	max_y_extension15-accuracy=0.000000
2023-11-08 13:34:06,842 [INFO]  Epoch[1] Train-cross-entropy=43.023186
2023-11-08 13:34:06,842 [INFO]  Epoch[1] Train-max_y_extension15-accuracy=0.000000
2023-11-08 13:34:06,842 [INFO]  Epoch[1] Time cost=0.011
2023-11-08 13:34:06,845 [INFO]  Saved checkpoint to "./imputer_model/imputer_model_max_y_extension15/model-0001.params"
2023-11-08 13:34:06,845 [INFO]  Epoch[1] Validation-cross-entropy=16.726458
2023-11-08 13:34:06,845 [INFO]  Epoch[1] Validation-max_y_extension15-accuracy=0.000000
2023-11-08 13:34:06,851 [INFO]  Epoch[2] Batch [0-4]	Speed: 16396.01 samples/sec	cross-entropy=7.587478	max_y_extension15-accuracy=0.000000
2023-11-08 13:34:06,854 [INFO]  Epoch[2] Train-cross-entropy=5.585602
2023-11-08 13:34:06,854 [INFO]  Epoch[2] Train-max_y_extension15-accuracy=0.000000
2023-11-08 13:34:06,854 [INFO]  Epoch[2] Time cost=0.008
2023-11-08 13:34:06,855 [INFO]  Saved checkpoint to "./imputer_model/imputer_model_max_y_extension15/model-0002.params"
2023-11-08 13:34:06,856 [INFO]  Epoch[2] Validation-cross-entropy=12.134248
2023-11-08 13:34:06,856 [INFO]  Epoch[2] Validation-max_y_extension15-accuracy=0.000000
2023-11-08 13:34:06,862 [INFO]  Epoch[3] Batch [0-4]	Speed: 14080.01 samples/sec	cross-entropy=4.663041	max_y_extension15-accuracy=0.000000
2023-11-08 13:34:06,865 [INFO]  Epoch[3] Train-cross-entropy=3.707350
2023-11-08 13:34:06,865 [INFO]  Epoch[3] Train-max_y_extension15-accuracy=0.000000
2023-11-08 13:34:06,865 [INFO]  Epoch[3] Time cost=0.009
2023-11-08 13:34:06,867 [INFO]  Saved checkpoint to "./imputer_model/imputer_model_max_y_extension15/model-0003.params"
2023-11-08 13:34:06,867 [INFO]  Epoch[3] Validation-cross-entropy=12.348533
2023-11-08 13:34:06,867 [INFO]  Epoch[3] Validation-max_y_extension15-accuracy=0.000000
2023-11-08 13:34:06,873 [INFO]  Epoch[4] Batch [0-4]	Speed: 14456.11 samples/sec	cross-entropy=1.996618	max_y_extension15-accuracy=0.000000
2023-11-08 13:34:06,876 [INFO]  Epoch[4] Train-cross-entropy=1.859362
2023-11-08 13:34:06,877 [INFO]  Epoch[4] Train-max_y_extension15-accuracy=0.000000
2023-11-08 13:34:06,877 [INFO]  Epoch[4] Time cost=0.009
2023-11-08 13:34:06,878 [INFO]  Saved checkpoint to "./imputer_model/imputer_model_max_y_extension15/model-0004.params"
2023-11-08 13:34:06,879 [INFO]  Epoch[4] Validation-cross-entropy=13.559151
2023-11-08 13:34:06,879 [INFO]  Epoch[4] Validation-max_y_extension15-accuracy=0.000000
2023-11-08 13:34:06,879 [INFO]  
========== done (0.06436300277709961 s) fit model
2023-11-08 13:47:26,638 [INFO]  
========== start: fit model
2023-11-08 13:47:26,638 [WARNING]  Already bound, ignoring bind()
2023-11-08 13:47:26,646 [INFO]  Epoch[0] Batch [0-4]	Speed: 14002.89 samples/sec	cross-entropy=23.743750	max_y_extension15-accuracy=3.400000
2023-11-08 13:47:26,649 [INFO]  Epoch[0] Train-cross-entropy=23.421590
2023-11-08 13:47:26,649 [INFO]  Epoch[0] Train-max_y_extension15-accuracy=3.000000
2023-11-08 13:47:26,649 [INFO]  Epoch[0] Time cost=0.010
2023-11-08 13:47:26,650 [INFO]  Saved checkpoint to "./imputer_model/imputer_model_max_y_extension15/model-0000.params"
2023-11-08 13:47:26,651 [INFO]  Epoch[0] Validation-cross-entropy=53.542084
2023-11-08 13:47:26,651 [INFO]  Epoch[0] Validation-max_y_extension15-accuracy=0.000000
2023-11-08 13:47:26,656 [INFO]  Epoch[1] Batch [0-4]	Speed: 14826.59 samples/sec	cross-entropy=53.876675	max_y_extension15-accuracy=3.400000
2023-11-08 13:47:26,660 [INFO]  Epoch[1] Train-cross-entropy=42.046193
2023-11-08 13:47:26,660 [INFO]  Epoch[1] Train-max_y_extension15-accuracy=3.000000
2023-11-08 13:47:26,660 [INFO]  Epoch[1] Time cost=0.009
2023-11-08 13:47:26,663 [INFO]  Saved checkpoint to "./imputer_model/imputer_model_max_y_extension15/model-0001.params"
2023-11-08 13:47:26,664 [INFO]  Epoch[1] Validation-cross-entropy=45.537708
2023-11-08 13:47:26,664 [INFO]  Epoch[1] Validation-max_y_extension15-accuracy=0.000000
2023-11-08 13:47:26,670 [INFO]  Epoch[2] Batch [0-4]	Speed: 14295.97 samples/sec	cross-entropy=6.331708	max_y_extension15-accuracy=3.400000
2023-11-08 13:47:26,673 [INFO]  Epoch[2] Train-cross-entropy=7.110564
2023-11-08 13:47:26,673 [INFO]  Epoch[2] Train-max_y_extension15-accuracy=3.000000
2023-11-08 13:47:26,673 [INFO]  Epoch[2] Time cost=0.009
2023-11-08 13:47:26,675 [INFO]  Saved checkpoint to "./imputer_model/imputer_model_max_y_extension15/model-0002.params"
2023-11-08 13:47:26,676 [INFO]  Epoch[2] Validation-cross-entropy=59.879055
2023-11-08 13:47:26,676 [INFO]  Epoch[2] Validation-max_y_extension15-accuracy=0.000000
2023-11-08 13:47:26,681 [INFO]  Epoch[3] Batch [0-4]	Speed: 17626.60 samples/sec	cross-entropy=3.763074	max_y_extension15-accuracy=3.400000
2023-11-08 13:47:26,683 [INFO]  Epoch[3] Train-cross-entropy=3.614606
2023-11-08 13:47:26,683 [INFO]  Epoch[3] Train-max_y_extension15-accuracy=3.000000
2023-11-08 13:47:26,684 [INFO]  Epoch[3] Time cost=0.008
2023-11-08 13:47:26,685 [INFO]  Saved checkpoint to "./imputer_model/imputer_model_max_y_extension15/model-0003.params"
2023-11-08 13:47:26,685 [INFO]  Epoch[3] Validation-cross-entropy=61.233742
2023-11-08 13:47:26,685 [INFO]  Epoch[3] Validation-max_y_extension15-accuracy=0.000000
2023-11-08 13:47:26,690 [INFO]  Epoch[4] Batch [0-4]	Speed: 17329.60 samples/sec	cross-entropy=1.499478	max_y_extension15-accuracy=3.400000
2023-11-08 13:47:26,693 [INFO]  Epoch[4] Train-cross-entropy=1.312977
2023-11-08 13:47:26,693 [INFO]  Epoch[4] Train-max_y_extension15-accuracy=3.000000
2023-11-08 13:47:26,693 [INFO]  Epoch[4] Time cost=0.007
2023-11-08 13:47:26,694 [INFO]  Saved checkpoint to "./imputer_model/imputer_model_max_y_extension15/model-0004.params"
2023-11-08 13:47:26,694 [INFO]  Epoch[4] Validation-cross-entropy=59.692905
2023-11-08 13:47:26,695 [INFO]  Epoch[4] Validation-max_y_extension15-accuracy=0.000000
2023-11-08 13:47:26,695 [INFO]  
========== done (0.0563960075378418 s) fit model
2023-11-08 14:00:49,443 [INFO]  
========== start: fit model
2023-11-08 14:00:49,443 [WARNING]  Already bound, ignoring bind()
2023-11-08 14:00:49,452 [INFO]  Epoch[0] Batch [0-4]	Speed: 10946.72 samples/sec	cross-entropy=24.714480	max_y_extension15-accuracy=0.000000
2023-11-08 14:00:49,457 [INFO]  Epoch[0] Train-cross-entropy=22.031326
2023-11-08 14:00:49,457 [INFO]  Epoch[0] Train-max_y_extension15-accuracy=0.000000
2023-11-08 14:00:49,457 [INFO]  Epoch[0] Time cost=0.013
2023-11-08 14:00:49,460 [INFO]  Saved checkpoint to "./imputer_model/imputer_model_max_y_extension15/model-0000.params"
2023-11-08 14:00:49,461 [INFO]  Epoch[0] Validation-cross-entropy=67.101570
2023-11-08 14:00:49,461 [INFO]  Epoch[0] Validation-max_y_extension15-accuracy=0.000000
2023-11-08 14:00:49,466 [INFO]  Epoch[1] Batch [0-4]	Speed: 15079.80 samples/sec	cross-entropy=48.720875	max_y_extension15-accuracy=0.000000
2023-11-08 14:00:49,470 [INFO]  Epoch[1] Train-cross-entropy=38.922761
2023-11-08 14:00:49,470 [INFO]  Epoch[1] Train-max_y_extension15-accuracy=0.000000
2023-11-08 14:00:49,470 [INFO]  Epoch[1] Time cost=0.009
2023-11-08 14:00:49,472 [INFO]  Saved checkpoint to "./imputer_model/imputer_model_max_y_extension15/model-0001.params"
2023-11-08 14:00:49,472 [INFO]  Epoch[1] Validation-cross-entropy=42.632668
2023-11-08 14:00:49,472 [INFO]  Epoch[1] Validation-max_y_extension15-accuracy=0.000000
2023-11-08 14:00:49,476 [INFO]  Epoch[2] Batch [0-4]	Speed: 20636.18 samples/sec	cross-entropy=20.028955	max_y_extension15-accuracy=0.000000
2023-11-08 14:00:49,479 [INFO]  Epoch[2] Train-cross-entropy=15.516813
2023-11-08 14:00:49,479 [INFO]  Epoch[2] Train-max_y_extension15-accuracy=0.000000
2023-11-08 14:00:49,479 [INFO]  Epoch[2] Time cost=0.007
2023-11-08 14:00:49,480 [INFO]  Saved checkpoint to "./imputer_model/imputer_model_max_y_extension15/model-0002.params"
2023-11-08 14:00:49,481 [INFO]  Epoch[2] Validation-cross-entropy=74.196259
2023-11-08 14:00:49,481 [INFO]  Epoch[2] Validation-max_y_extension15-accuracy=0.000000
2023-11-08 14:00:49,486 [INFO]  Epoch[3] Batch [0-4]	Speed: 14424.26 samples/sec	cross-entropy=5.315195	max_y_extension15-accuracy=0.000000
2023-11-08 14:00:49,490 [INFO]  Epoch[3] Train-cross-entropy=6.655863
2023-11-08 14:00:49,491 [INFO]  Epoch[3] Train-max_y_extension15-accuracy=0.000000
2023-11-08 14:00:49,491 [INFO]  Epoch[3] Time cost=0.010
2023-11-08 14:00:49,493 [INFO]  Saved checkpoint to "./imputer_model/imputer_model_max_y_extension15/model-0003.params"
2023-11-08 14:00:49,493 [INFO]  Epoch[3] Validation-cross-entropy=72.298569
2023-11-08 14:00:49,493 [INFO]  Epoch[3] Validation-max_y_extension15-accuracy=0.000000
2023-11-08 14:00:49,500 [INFO]  Epoch[4] Batch [0-4]	Speed: 12090.60 samples/sec	cross-entropy=2.190270	max_y_extension15-accuracy=0.000000
2023-11-08 14:00:49,504 [INFO]  Epoch[4] Train-cross-entropy=3.008964
2023-11-08 14:00:49,504 [INFO]  Epoch[4] Train-max_y_extension15-accuracy=0.000000
2023-11-08 14:00:49,504 [INFO]  Epoch[4] Time cost=0.011
2023-11-08 14:00:49,506 [INFO]  Saved checkpoint to "./imputer_model/imputer_model_max_y_extension15/model-0004.params"
2023-11-08 14:00:49,506 [INFO]  Epoch[4] Validation-cross-entropy=59.400631
2023-11-08 14:00:49,507 [INFO]  Epoch[4] Validation-max_y_extension15-accuracy=0.000000
2023-11-08 14:00:49,507 [INFO]  
========== done (0.06331896781921387 s) fit model
2023-11-08 14:14:14,733 [INFO]  
========== start: fit model
2023-11-08 14:14:14,733 [WARNING]  Already bound, ignoring bind()
2023-11-08 14:14:14,740 [INFO]  Epoch[0] Batch [0-4]	Speed: 14113.33 samples/sec	cross-entropy=19.059555	max_y_extension15-accuracy=0.000000
2023-11-08 14:14:14,743 [INFO]  Epoch[0] Train-cross-entropy=17.619891
2023-11-08 14:14:14,743 [INFO]  Epoch[0] Train-max_y_extension15-accuracy=0.000000
2023-11-08 14:14:14,743 [INFO]  Epoch[0] Time cost=0.010
2023-11-08 14:14:14,744 [INFO]  Saved checkpoint to "./imputer_model/imputer_model_max_y_extension15/model-0000.params"
2023-11-08 14:14:14,745 [INFO]  Epoch[0] Validation-cross-entropy=10.487065
2023-11-08 14:14:14,745 [INFO]  Epoch[0] Validation-max_y_extension15-accuracy=0.000000
2023-11-08 14:14:14,750 [INFO]  Epoch[1] Batch [0-4]	Speed: 14847.09 samples/sec	cross-entropy=47.203736	max_y_extension15-accuracy=0.000000
2023-11-08 14:14:14,754 [INFO]  Epoch[1] Train-cross-entropy=53.335539
2023-11-08 14:14:14,754 [INFO]  Epoch[1] Train-max_y_extension15-accuracy=0.000000
2023-11-08 14:14:14,754 [INFO]  Epoch[1] Time cost=0.009
2023-11-08 14:14:14,755 [INFO]  Saved checkpoint to "./imputer_model/imputer_model_max_y_extension15/model-0001.params"
2023-11-08 14:14:14,756 [INFO]  Epoch[1] Validation-cross-entropy=6.564081
2023-11-08 14:14:14,756 [INFO]  Epoch[1] Validation-max_y_extension15-accuracy=0.000000
2023-11-08 14:14:14,761 [INFO]  Epoch[2] Batch [0-4]	Speed: 15508.43 samples/sec	cross-entropy=13.144320	max_y_extension15-accuracy=0.000000
2023-11-08 14:14:14,764 [INFO]  Epoch[2] Train-cross-entropy=17.251123
2023-11-08 14:14:14,764 [INFO]  Epoch[2] Train-max_y_extension15-accuracy=0.000000
2023-11-08 14:14:14,764 [INFO]  Epoch[2] Time cost=0.008
2023-11-08 14:14:14,766 [INFO]  Saved checkpoint to "./imputer_model/imputer_model_max_y_extension15/model-0002.params"
2023-11-08 14:14:14,766 [INFO]  Epoch[2] Validation-cross-entropy=9.305065
2023-11-08 14:14:14,766 [INFO]  Epoch[2] Validation-max_y_extension15-accuracy=0.000000
2023-11-08 14:14:14,771 [INFO]  Epoch[3] Batch [0-4]	Speed: 16574.18 samples/sec	cross-entropy=4.825401	max_y_extension15-accuracy=0.000000
2023-11-08 14:14:14,774 [INFO]  Epoch[3] Train-cross-entropy=4.459074
2023-11-08 14:14:14,774 [INFO]  Epoch[3] Train-max_y_extension15-accuracy=0.000000
2023-11-08 14:14:14,774 [INFO]  Epoch[3] Time cost=0.008
2023-11-08 14:14:14,775 [INFO]  Saved checkpoint to "./imputer_model/imputer_model_max_y_extension15/model-0003.params"
2023-11-08 14:14:14,776 [INFO]  Epoch[3] Validation-cross-entropy=11.857472
2023-11-08 14:14:14,776 [INFO]  Epoch[3] Validation-max_y_extension15-accuracy=0.000000
2023-11-08 14:14:14,782 [INFO]  Epoch[4] Batch [0-4]	Speed: 13153.44 samples/sec	cross-entropy=3.952179	max_y_extension15-accuracy=0.000000
2023-11-08 14:14:14,786 [INFO]  Epoch[4] Train-cross-entropy=3.008275
2023-11-08 14:14:14,786 [INFO]  Epoch[4] Train-max_y_extension15-accuracy=0.000000
2023-11-08 14:14:14,786 [INFO]  Epoch[4] Time cost=0.010
2023-11-08 14:14:14,789 [INFO]  Saved checkpoint to "./imputer_model/imputer_model_max_y_extension15/model-0004.params"
2023-11-08 14:14:14,789 [INFO]  Epoch[4] Validation-cross-entropy=9.298333
2023-11-08 14:14:14,790 [INFO]  Epoch[4] Validation-max_y_extension15-accuracy=0.000000
2023-11-08 14:14:14,790 [INFO]  
========== done (0.05696845054626465 s) fit model
2023-11-08 14:27:50,983 [INFO]  
========== start: fit model
2023-11-08 14:27:50,983 [WARNING]  Already bound, ignoring bind()
2023-11-08 14:27:50,990 [INFO]  Epoch[0] Batch [0-4]	Speed: 13613.04 samples/sec	cross-entropy=21.888144	max_y_extension15-accuracy=3.000000
2023-11-08 14:27:50,993 [INFO]  Epoch[0] Train-cross-entropy=22.078067
2023-11-08 14:27:50,993 [INFO]  Epoch[0] Train-max_y_extension15-accuracy=2.875000
2023-11-08 14:27:50,993 [INFO]  Epoch[0] Time cost=0.010
2023-11-08 14:27:50,995 [INFO]  Saved checkpoint to "./imputer_model/imputer_model_max_y_extension15/model-0000.params"
2023-11-08 14:27:50,995 [INFO]  Epoch[0] Validation-cross-entropy=423.755371
2023-11-08 14:27:50,995 [INFO]  Epoch[0] Validation-max_y_extension15-accuracy=0.000000
2023-11-08 14:27:51,001 [INFO]  Epoch[1] Batch [0-4]	Speed: 14977.15 samples/sec	cross-entropy=37.429165	max_y_extension15-accuracy=3.000000
2023-11-08 14:27:51,004 [INFO]  Epoch[1] Train-cross-entropy=32.944762
2023-11-08 14:27:51,004 [INFO]  Epoch[1] Train-max_y_extension15-accuracy=2.875000
2023-11-08 14:27:51,004 [INFO]  Epoch[1] Time cost=0.009
2023-11-08 14:27:51,006 [INFO]  Saved checkpoint to "./imputer_model/imputer_model_max_y_extension15/model-0001.params"
2023-11-08 14:27:51,006 [INFO]  Epoch[1] Validation-cross-entropy=112.527847
2023-11-08 14:27:51,006 [INFO]  Epoch[1] Validation-max_y_extension15-accuracy=0.000000
2023-11-08 14:27:51,011 [INFO]  Epoch[2] Batch [0-4]	Speed: 15381.36 samples/sec	cross-entropy=12.391312	max_y_extension15-accuracy=3.000000
2023-11-08 14:27:51,015 [INFO]  Epoch[2] Train-cross-entropy=10.669415
2023-11-08 14:27:51,015 [INFO]  Epoch[2] Train-max_y_extension15-accuracy=2.875000
2023-11-08 14:27:51,015 [INFO]  Epoch[2] Time cost=0.008
2023-11-08 14:27:51,016 [INFO]  Saved checkpoint to "./imputer_model/imputer_model_max_y_extension15/model-0002.params"
2023-11-08 14:27:51,017 [INFO]  Epoch[2] Validation-cross-entropy=75.548157
2023-11-08 14:27:51,017 [INFO]  Epoch[2] Validation-max_y_extension15-accuracy=0.000000
2023-11-08 14:27:51,022 [INFO]  Epoch[3] Batch [0-4]	Speed: 16078.79 samples/sec	cross-entropy=5.412642	max_y_extension15-accuracy=3.000000
2023-11-08 14:27:51,025 [INFO]  Epoch[3] Train-cross-entropy=3.928052
2023-11-08 14:27:51,025 [INFO]  Epoch[3] Train-max_y_extension15-accuracy=2.875000
2023-11-08 14:27:51,025 [INFO]  Epoch[3] Time cost=0.008
2023-11-08 14:27:51,026 [INFO]  Saved checkpoint to "./imputer_model/imputer_model_max_y_extension15/model-0003.params"
2023-11-08 14:27:51,027 [INFO]  Epoch[3] Validation-cross-entropy=47.554161
2023-11-08 14:27:51,027 [INFO]  Epoch[3] Validation-max_y_extension15-accuracy=0.000000
2023-11-08 14:27:51,032 [INFO]  Epoch[4] Batch [0-4]	Speed: 16485.63 samples/sec	cross-entropy=2.089477	max_y_extension15-accuracy=3.000000
2023-11-08 14:27:51,035 [INFO]  Epoch[4] Train-cross-entropy=1.893923
2023-11-08 14:27:51,035 [INFO]  Epoch[4] Train-max_y_extension15-accuracy=2.875000
2023-11-08 14:27:51,035 [INFO]  Epoch[4] Time cost=0.008
2023-11-08 14:27:51,036 [INFO]  Saved checkpoint to "./imputer_model/imputer_model_max_y_extension15/model-0004.params"
2023-11-08 14:27:51,036 [INFO]  Epoch[4] Validation-cross-entropy=55.363777
2023-11-08 14:27:51,036 [INFO]  Epoch[4] Validation-max_y_extension15-accuracy=0.000000
2023-11-08 14:27:51,036 [INFO]  
========== done (0.05397605895996094 s) fit model
2023-11-08 14:41:53,570 [INFO]  
========== start: fit model
2023-11-08 14:41:53,570 [WARNING]  Already bound, ignoring bind()
2023-11-08 14:41:53,581 [INFO]  Epoch[0] Batch [0-4]	Speed: 9705.53 samples/sec	cross-entropy=21.902396	max_y_extension15-accuracy=0.000000
2023-11-08 14:41:53,586 [INFO]  Epoch[0] Train-cross-entropy=19.612447
2023-11-08 14:41:53,586 [INFO]  Epoch[0] Train-max_y_extension15-accuracy=0.000000
2023-11-08 14:41:53,586 [INFO]  Epoch[0] Time cost=0.016
2023-11-08 14:41:53,588 [INFO]  Saved checkpoint to "./imputer_model/imputer_model_max_y_extension15/model-0000.params"
2023-11-08 14:41:53,589 [INFO]  Epoch[0] Validation-cross-entropy=22.887283
2023-11-08 14:41:53,589 [INFO]  Epoch[0] Validation-max_y_extension15-accuracy=0.000000
2023-11-08 14:41:53,595 [INFO]  Epoch[1] Batch [0-4]	Speed: 15424.67 samples/sec	cross-entropy=38.165586	max_y_extension15-accuracy=0.000000
2023-11-08 14:41:53,599 [INFO]  Epoch[1] Train-cross-entropy=30.443094
2023-11-08 14:41:53,599 [INFO]  Epoch[1] Train-max_y_extension15-accuracy=0.000000
2023-11-08 14:41:53,599 [INFO]  Epoch[1] Time cost=0.010
2023-11-08 14:41:53,601 [INFO]  Saved checkpoint to "./imputer_model/imputer_model_max_y_extension15/model-0001.params"
2023-11-08 14:41:53,602 [INFO]  Epoch[1] Validation-cross-entropy=7.729497
2023-11-08 14:41:53,602 [INFO]  Epoch[1] Validation-max_y_extension15-accuracy=0.000000
2023-11-08 14:41:53,608 [INFO]  Epoch[2] Batch [0-4]	Speed: 13426.47 samples/sec	cross-entropy=6.734155	max_y_extension15-accuracy=0.000000
2023-11-08 14:41:53,612 [INFO]  Epoch[2] Train-cross-entropy=5.906535
2023-11-08 14:41:53,612 [INFO]  Epoch[2] Train-max_y_extension15-accuracy=0.000000
2023-11-08 14:41:53,612 [INFO]  Epoch[2] Time cost=0.010
2023-11-08 14:41:53,614 [INFO]  Saved checkpoint to "./imputer_model/imputer_model_max_y_extension15/model-0002.params"
2023-11-08 14:41:53,614 [INFO]  Epoch[2] Validation-cross-entropy=19.073614
2023-11-08 14:41:53,614 [INFO]  Epoch[2] Validation-max_y_extension15-accuracy=0.000000
2023-11-08 14:41:53,619 [INFO]  Epoch[3] Batch [0-4]	Speed: 17633.55 samples/sec	cross-entropy=3.048773	max_y_extension15-accuracy=0.000000
2023-11-08 14:41:53,623 [INFO]  Epoch[3] Train-cross-entropy=2.672741
2023-11-08 14:41:53,623 [INFO]  Epoch[3] Train-max_y_extension15-accuracy=0.000000
2023-11-08 14:41:53,623 [INFO]  Epoch[3] Time cost=0.009
2023-11-08 14:41:53,625 [INFO]  Saved checkpoint to "./imputer_model/imputer_model_max_y_extension15/model-0003.params"
2023-11-08 14:41:53,625 [INFO]  Epoch[3] Validation-cross-entropy=9.199341
2023-11-08 14:41:53,625 [INFO]  Epoch[3] Validation-max_y_extension15-accuracy=0.000000
2023-11-08 14:41:53,631 [INFO]  Epoch[4] Batch [0-4]	Speed: 13965.74 samples/sec	cross-entropy=1.461052	max_y_extension15-accuracy=0.000000
2023-11-08 14:41:53,635 [INFO]  Epoch[4] Train-cross-entropy=1.196649
2023-11-08 14:41:53,635 [INFO]  Epoch[4] Train-max_y_extension15-accuracy=0.000000
2023-11-08 14:41:53,635 [INFO]  Epoch[4] Time cost=0.010
2023-11-08 14:41:53,636 [INFO]  Saved checkpoint to "./imputer_model/imputer_model_max_y_extension15/model-0004.params"
2023-11-08 14:41:53,637 [INFO]  Epoch[4] Validation-cross-entropy=9.055507
2023-11-08 14:41:53,637 [INFO]  Epoch[4] Validation-max_y_extension15-accuracy=0.000000
2023-11-08 14:41:53,637 [INFO]  
========== done (0.06756281852722168 s) fit model
2023-11-08 14:55:58,529 [INFO]  
========== start: fit model
2023-11-08 14:55:58,529 [WARNING]  Already bound, ignoring bind()
2023-11-08 14:55:58,536 [INFO]  Epoch[0] Batch [0-4]	Speed: 13626.86 samples/sec	cross-entropy=16.226411	max_y_extension15-accuracy=2.800000
2023-11-08 14:55:58,540 [INFO]  Epoch[0] Train-cross-entropy=17.684124
2023-11-08 14:55:58,540 [INFO]  Epoch[0] Train-max_y_extension15-accuracy=3.750000
2023-11-08 14:55:58,540 [INFO]  Epoch[0] Time cost=0.010
2023-11-08 14:55:58,541 [INFO]  Saved checkpoint to "./imputer_model/imputer_model_max_y_extension15/model-0000.params"
2023-11-08 14:55:58,542 [INFO]  Epoch[0] Validation-cross-entropy=33.206387
2023-11-08 14:55:58,542 [INFO]  Epoch[0] Validation-max_y_extension15-accuracy=0.000000
2023-11-08 14:55:58,547 [INFO]  Epoch[1] Batch [0-4]	Speed: 14924.69 samples/sec	cross-entropy=60.234557	max_y_extension15-accuracy=2.800000
2023-11-08 14:55:58,550 [INFO]  Epoch[1] Train-cross-entropy=43.444220
2023-11-08 14:55:58,550 [INFO]  Epoch[1] Train-max_y_extension15-accuracy=3.750000
2023-11-08 14:55:58,551 [INFO]  Epoch[1] Time cost=0.009
2023-11-08 14:55:58,552 [INFO]  Saved checkpoint to "./imputer_model/imputer_model_max_y_extension15/model-0001.params"
2023-11-08 14:55:58,553 [INFO]  Epoch[1] Validation-cross-entropy=16.808037
2023-11-08 14:55:58,553 [INFO]  Epoch[1] Validation-max_y_extension15-accuracy=0.000000
2023-11-08 14:55:58,558 [INFO]  Epoch[2] Batch [0-4]	Speed: 15683.31 samples/sec	cross-entropy=12.394720	max_y_extension15-accuracy=2.800000
2023-11-08 14:55:58,561 [INFO]  Epoch[2] Train-cross-entropy=10.504551
2023-11-08 14:55:58,561 [INFO]  Epoch[2] Train-max_y_extension15-accuracy=3.750000
2023-11-08 14:55:58,561 [INFO]  Epoch[2] Time cost=0.008
2023-11-08 14:55:58,562 [INFO]  Saved checkpoint to "./imputer_model/imputer_model_max_y_extension15/model-0002.params"
2023-11-08 14:55:58,562 [INFO]  Epoch[2] Validation-cross-entropy=7.729998
2023-11-08 14:55:58,563 [INFO]  Epoch[2] Validation-max_y_extension15-accuracy=0.000000
2023-11-08 14:55:58,566 [INFO]  Epoch[3] Batch [0-4]	Speed: 27759.61 samples/sec	cross-entropy=4.494954	max_y_extension15-accuracy=2.800000
2023-11-08 14:55:58,567 [INFO]  Epoch[3] Train-cross-entropy=4.474166
2023-11-08 14:55:58,567 [INFO]  Epoch[3] Train-max_y_extension15-accuracy=3.750000
2023-11-08 14:55:58,567 [INFO]  Epoch[3] Time cost=0.005
2023-11-08 14:55:58,569 [INFO]  Saved checkpoint to "./imputer_model/imputer_model_max_y_extension15/model-0003.params"
2023-11-08 14:55:58,569 [INFO]  Epoch[3] Validation-cross-entropy=12.662207
2023-11-08 14:55:58,569 [INFO]  Epoch[3] Validation-max_y_extension15-accuracy=0.000000
2023-11-08 14:55:58,572 [INFO]  Epoch[4] Batch [0-4]	Speed: 25388.77 samples/sec	cross-entropy=3.331241	max_y_extension15-accuracy=2.800000
2023-11-08 14:55:58,574 [INFO]  Epoch[4] Train-cross-entropy=3.224116
2023-11-08 14:55:58,574 [INFO]  Epoch[4] Train-max_y_extension15-accuracy=3.750000
2023-11-08 14:55:58,574 [INFO]  Epoch[4] Time cost=0.005
2023-11-08 14:55:58,576 [INFO]  Saved checkpoint to "./imputer_model/imputer_model_max_y_extension15/model-0004.params"
2023-11-08 14:55:58,576 [INFO]  Epoch[4] Validation-cross-entropy=7.699704
2023-11-08 14:55:58,576 [INFO]  Epoch[4] Validation-max_y_extension15-accuracy=0.000000
2023-11-08 14:55:58,576 [INFO]  
========== done (0.04756045341491699 s) fit model
