2024-04-02 12:13:13,230 [INFO]  
========== start: fit model
2024-04-02 12:13:13,230 [WARNING]  Already bound, ignoring bind()
2024-04-02 12:13:13,234 [INFO]  Epoch[0] Batch [0-3]	Speed: 23437.32 samples/sec	cross-entropy=13.584857	pericardial-accuracy=0.000000
2024-04-02 12:13:13,235 [INFO]  Epoch[0] Train-cross-entropy=14.634373
2024-04-02 12:13:13,235 [INFO]  Epoch[0] Train-pericardial-accuracy=0.000000
2024-04-02 12:13:13,235 [INFO]  Epoch[0] Time cost=0.005
2024-04-02 12:13:13,237 [INFO]  Saved checkpoint to "./imputer_model/imputer_model_pericardial/model-0000.params"
2024-04-02 12:13:13,237 [INFO]  Epoch[0] Validation-cross-entropy=19.923306
2024-04-02 12:13:13,237 [INFO]  Epoch[0] Validation-pericardial-accuracy=0.000000
2024-04-02 12:13:13,240 [INFO]  Epoch[1] Batch [0-3]	Speed: 23834.09 samples/sec	cross-entropy=5.409292	pericardial-accuracy=0.000000
2024-04-02 12:13:13,241 [INFO]  Epoch[1] Train-cross-entropy=6.192131
2024-04-02 12:13:13,241 [INFO]  Epoch[1] Train-pericardial-accuracy=0.000000
2024-04-02 12:13:13,241 [INFO]  Epoch[1] Time cost=0.004
2024-04-02 12:13:13,243 [INFO]  Saved checkpoint to "./imputer_model/imputer_model_pericardial/model-0001.params"
2024-04-02 12:13:13,243 [INFO]  Epoch[1] Validation-cross-entropy=8.159026
2024-04-02 12:13:13,243 [INFO]  Epoch[1] Validation-pericardial-accuracy=0.000000
2024-04-02 12:13:13,246 [INFO]  Epoch[2] Batch [0-3]	Speed: 28439.98 samples/sec	cross-entropy=2.961959	pericardial-accuracy=0.000000
2024-04-02 12:13:13,247 [INFO]  Epoch[2] Train-cross-entropy=2.986636
2024-04-02 12:13:13,247 [INFO]  Epoch[2] Train-pericardial-accuracy=0.000000
2024-04-02 12:13:13,247 [INFO]  Epoch[2] Time cost=0.004
2024-04-02 12:13:13,248 [INFO]  Saved checkpoint to "./imputer_model/imputer_model_pericardial/model-0002.params"
2024-04-02 12:13:13,249 [INFO]  Epoch[2] Validation-cross-entropy=3.803256
2024-04-02 12:13:13,249 [INFO]  Epoch[2] Validation-pericardial-accuracy=0.000000
2024-04-02 12:13:13,251 [INFO]  Epoch[3] Batch [0-3]	Speed: 28028.20 samples/sec	cross-entropy=1.131403	pericardial-accuracy=0.000000
2024-04-02 12:13:13,253 [INFO]  Epoch[3] Train-cross-entropy=1.250318
2024-04-02 12:13:13,253 [INFO]  Epoch[3] Train-pericardial-accuracy=0.000000
2024-04-02 12:13:13,253 [INFO]  Epoch[3] Time cost=0.004
2024-04-02 12:13:13,254 [INFO]  Saved checkpoint to "./imputer_model/imputer_model_pericardial/model-0003.params"
2024-04-02 12:13:13,254 [INFO]  Epoch[3] Validation-cross-entropy=1.320364
2024-04-02 12:13:13,254 [INFO]  Epoch[3] Validation-pericardial-accuracy=0.000000
2024-04-02 12:13:13,257 [INFO]  Epoch[4] Batch [0-3]	Speed: 27417.48 samples/sec	cross-entropy=0.453238	pericardial-accuracy=0.000000
2024-04-02 12:13:13,258 [INFO]  Epoch[4] Train-cross-entropy=0.618116
2024-04-02 12:13:13,258 [INFO]  Epoch[4] Train-pericardial-accuracy=0.000000
2024-04-02 12:13:13,258 [INFO]  Epoch[4] Time cost=0.004
2024-04-02 12:13:13,259 [INFO]  Saved checkpoint to "./imputer_model/imputer_model_pericardial/model-0004.params"
2024-04-02 12:13:13,260 [INFO]  Epoch[4] Validation-cross-entropy=0.256660
2024-04-02 12:13:13,260 [INFO]  Epoch[4] Validation-pericardial-accuracy=0.000000
2024-04-02 12:13:13,260 [INFO]  
========== done (0.03018665313720703 s) fit model
2024-04-02 12:13:16,987 [INFO]  
========== start: fit model
2024-04-02 12:13:16,987 [WARNING]  Already bound, ignoring bind()
2024-04-02 12:13:16,991 [INFO]  Epoch[0] Batch [0-3]	Speed: 25263.72 samples/sec	cross-entropy=17.663498	pericardial-accuracy=0.000000
2024-04-02 12:13:16,992 [INFO]  Epoch[0] Train-cross-entropy=18.755699
2024-04-02 12:13:16,993 [INFO]  Epoch[0] Train-pericardial-accuracy=0.000000
2024-04-02 12:13:16,993 [INFO]  Epoch[0] Time cost=0.005
2024-04-02 12:13:16,994 [INFO]  Saved checkpoint to "./imputer_model/imputer_model_pericardial/model-0000.params"
2024-04-02 12:13:16,994 [INFO]  Epoch[0] Validation-cross-entropy=2.783520
2024-04-02 12:13:16,994 [INFO]  Epoch[0] Validation-pericardial-accuracy=0.000000
2024-04-02 12:13:16,997 [INFO]  Epoch[1] Batch [0-3]	Speed: 27417.48 samples/sec	cross-entropy=8.414299	pericardial-accuracy=0.000000
2024-04-02 12:13:16,998 [INFO]  Epoch[1] Train-cross-entropy=8.691407
2024-04-02 12:13:16,998 [INFO]  Epoch[1] Train-pericardial-accuracy=0.000000
2024-04-02 12:13:16,998 [INFO]  Epoch[1] Time cost=0.004
2024-04-02 12:13:17,000 [INFO]  Saved checkpoint to "./imputer_model/imputer_model_pericardial/model-0001.params"
2024-04-02 12:13:17,000 [INFO]  Epoch[1] Validation-cross-entropy=1.451175
2024-04-02 12:13:17,000 [INFO]  Epoch[1] Validation-pericardial-accuracy=0.000000
2024-04-02 12:13:17,002 [INFO]  Epoch[2] Batch [0-3]	Speed: 29198.93 samples/sec	cross-entropy=4.439981	pericardial-accuracy=0.000000
2024-04-02 12:13:17,004 [INFO]  Epoch[2] Train-cross-entropy=4.015582
2024-04-02 12:13:17,004 [INFO]  Epoch[2] Train-pericardial-accuracy=0.000000
2024-04-02 12:13:17,004 [INFO]  Epoch[2] Time cost=0.004
2024-04-02 12:13:17,005 [INFO]  Saved checkpoint to "./imputer_model/imputer_model_pericardial/model-0002.params"
2024-04-02 12:13:17,005 [INFO]  Epoch[2] Validation-cross-entropy=0.963698
2024-04-02 12:13:17,005 [INFO]  Epoch[2] Validation-pericardial-accuracy=0.000000
2024-04-02 12:13:17,008 [INFO]  Epoch[3] Batch [0-3]	Speed: 28071.19 samples/sec	cross-entropy=2.250387	pericardial-accuracy=0.000000
2024-04-02 12:13:17,009 [INFO]  Epoch[3] Train-cross-entropy=1.793910
2024-04-02 12:13:17,009 [INFO]  Epoch[3] Train-pericardial-accuracy=0.000000
2024-04-02 12:13:17,009 [INFO]  Epoch[3] Time cost=0.004
2024-04-02 12:13:17,010 [INFO]  Saved checkpoint to "./imputer_model/imputer_model_pericardial/model-0003.params"
2024-04-02 12:13:17,011 [INFO]  Epoch[3] Validation-cross-entropy=0.489764
2024-04-02 12:13:17,011 [INFO]  Epoch[3] Validation-pericardial-accuracy=0.000000
2024-04-02 12:13:17,013 [INFO]  Epoch[4] Batch [0-3]	Speed: 26829.24 samples/sec	cross-entropy=1.271188	pericardial-accuracy=0.000000
2024-04-02 12:13:17,015 [INFO]  Epoch[4] Train-cross-entropy=1.095773
2024-04-02 12:13:17,015 [INFO]  Epoch[4] Train-pericardial-accuracy=0.000000
2024-04-02 12:13:17,015 [INFO]  Epoch[4] Time cost=0.004
2024-04-02 12:13:17,016 [INFO]  Saved checkpoint to "./imputer_model/imputer_model_pericardial/model-0004.params"
2024-04-02 12:13:17,016 [INFO]  Epoch[4] Validation-cross-entropy=0.450503
2024-04-02 12:13:17,016 [INFO]  Epoch[4] Validation-pericardial-accuracy=0.000000
2024-04-02 12:13:17,016 [INFO]  
========== done (0.02930307388305664 s) fit model
2024-04-02 12:13:19,239 [INFO]  
========== start: fit model
2024-04-02 12:13:19,239 [WARNING]  Already bound, ignoring bind()
2024-04-02 12:13:19,244 [INFO]  Epoch[0] Batch [0-3]	Speed: 21668.99 samples/sec	cross-entropy=15.041228	pericardial-accuracy=2.750000
2024-04-02 12:13:19,245 [INFO]  Epoch[0] Train-cross-entropy=15.028901
2024-04-02 12:13:19,246 [INFO]  Epoch[0] Train-pericardial-accuracy=3.000000
2024-04-02 12:13:19,246 [INFO]  Epoch[0] Time cost=0.006
2024-04-02 12:13:19,247 [INFO]  Saved checkpoint to "./imputer_model/imputer_model_pericardial/model-0000.params"
2024-04-02 12:13:19,248 [INFO]  Epoch[0] Validation-cross-entropy=4.771063
2024-04-02 12:13:19,248 [INFO]  Epoch[0] Validation-pericardial-accuracy=0.000000
2024-04-02 12:13:19,253 [INFO]  Epoch[1] Batch [0-3]	Speed: 12998.88 samples/sec	cross-entropy=5.540053	pericardial-accuracy=2.750000
2024-04-02 12:13:19,255 [INFO]  Epoch[1] Train-cross-entropy=5.502181
2024-04-02 12:13:19,255 [INFO]  Epoch[1] Train-pericardial-accuracy=3.000000
2024-04-02 12:13:19,256 [INFO]  Epoch[1] Time cost=0.008
2024-04-02 12:13:19,258 [INFO]  Saved checkpoint to "./imputer_model/imputer_model_pericardial/model-0001.params"
2024-04-02 12:13:19,259 [INFO]  Epoch[1] Validation-cross-entropy=3.469987
2024-04-02 12:13:19,259 [INFO]  Epoch[1] Validation-pericardial-accuracy=0.000000
2024-04-02 12:13:19,263 [INFO]  Epoch[2] Batch [0-3]	Speed: 18074.03 samples/sec	cross-entropy=1.853874	pericardial-accuracy=2.750000
2024-04-02 12:13:19,264 [INFO]  Epoch[2] Train-cross-entropy=1.778673
2024-04-02 12:13:19,264 [INFO]  Epoch[2] Train-pericardial-accuracy=3.000000
2024-04-02 12:13:19,264 [INFO]  Epoch[2] Time cost=0.006
2024-04-02 12:13:19,266 [INFO]  Saved checkpoint to "./imputer_model/imputer_model_pericardial/model-0002.params"
2024-04-02 12:13:19,267 [INFO]  Epoch[2] Validation-cross-entropy=2.317968
2024-04-02 12:13:19,267 [INFO]  Epoch[2] Validation-pericardial-accuracy=0.000000
2024-04-02 12:13:19,270 [INFO]  Epoch[3] Batch [0-3]	Speed: 21617.80 samples/sec	cross-entropy=0.887207	pericardial-accuracy=2.750000
2024-04-02 12:13:19,271 [INFO]  Epoch[3] Train-cross-entropy=0.944123
2024-04-02 12:13:19,272 [INFO]  Epoch[3] Train-pericardial-accuracy=3.000000
2024-04-02 12:13:19,272 [INFO]  Epoch[3] Time cost=0.005
2024-04-02 12:13:19,273 [INFO]  Saved checkpoint to "./imputer_model/imputer_model_pericardial/model-0003.params"
2024-04-02 12:13:19,273 [INFO]  Epoch[3] Validation-cross-entropy=0.912115
2024-04-02 12:13:19,274 [INFO]  Epoch[3] Validation-pericardial-accuracy=0.000000
2024-04-02 12:13:19,276 [INFO]  Epoch[4] Batch [0-3]	Speed: 24306.00 samples/sec	cross-entropy=0.735717	pericardial-accuracy=2.750000
2024-04-02 12:13:19,278 [INFO]  Epoch[4] Train-cross-entropy=0.753701
2024-04-02 12:13:19,278 [INFO]  Epoch[4] Train-pericardial-accuracy=3.000000
2024-04-02 12:13:19,278 [INFO]  Epoch[4] Time cost=0.004
2024-04-02 12:13:19,279 [INFO]  Saved checkpoint to "./imputer_model/imputer_model_pericardial/model-0004.params"
2024-04-02 12:13:19,280 [INFO]  Epoch[4] Validation-cross-entropy=0.262189
2024-04-02 12:13:19,280 [INFO]  Epoch[4] Validation-pericardial-accuracy=0.000000
2024-04-02 12:13:19,280 [INFO]  
========== done (0.04080700874328613 s) fit model
2024-04-02 12:13:21,446 [INFO]  
========== start: fit model
2024-04-02 12:13:21,446 [WARNING]  Already bound, ignoring bind()
2024-04-02 12:13:21,450 [INFO]  Epoch[0] Batch [0-3]	Speed: 24925.91 samples/sec	cross-entropy=14.678388	pericardial-accuracy=4.250000
2024-04-02 12:13:21,451 [INFO]  Epoch[0] Train-cross-entropy=13.698063
2024-04-02 12:13:21,452 [INFO]  Epoch[0] Train-pericardial-accuracy=4.166667
2024-04-02 12:13:21,452 [INFO]  Epoch[0] Time cost=0.005
2024-04-02 12:13:21,453 [INFO]  Saved checkpoint to "./imputer_model/imputer_model_pericardial/model-0000.params"
2024-04-02 12:13:21,453 [INFO]  Epoch[0] Validation-cross-entropy=9.065440
2024-04-02 12:13:21,453 [INFO]  Epoch[0] Validation-pericardial-accuracy=0.000000
2024-04-02 12:13:21,456 [INFO]  Epoch[1] Batch [0-3]	Speed: 26146.31 samples/sec	cross-entropy=6.158919	pericardial-accuracy=4.250000
2024-04-02 12:13:21,457 [INFO]  Epoch[1] Train-cross-entropy=6.083941
2024-04-02 12:13:21,457 [INFO]  Epoch[1] Train-pericardial-accuracy=4.166667
2024-04-02 12:13:21,457 [INFO]  Epoch[1] Time cost=0.004
2024-04-02 12:13:21,459 [INFO]  Saved checkpoint to "./imputer_model/imputer_model_pericardial/model-0001.params"
2024-04-02 12:13:21,459 [INFO]  Epoch[1] Validation-cross-entropy=5.533012
2024-04-02 12:13:21,459 [INFO]  Epoch[1] Validation-pericardial-accuracy=0.000000
2024-04-02 12:13:21,463 [INFO]  Epoch[2] Batch [0-3]	Speed: 17791.32 samples/sec	cross-entropy=2.262752	pericardial-accuracy=4.250000
2024-04-02 12:13:21,464 [INFO]  Epoch[2] Train-cross-entropy=2.460910
2024-04-02 12:13:21,464 [INFO]  Epoch[2] Train-pericardial-accuracy=4.166667
2024-04-02 12:13:21,464 [INFO]  Epoch[2] Time cost=0.005
2024-04-02 12:13:21,465 [INFO]  Saved checkpoint to "./imputer_model/imputer_model_pericardial/model-0002.params"
2024-04-02 12:13:21,466 [INFO]  Epoch[2] Validation-cross-entropy=3.757300
2024-04-02 12:13:21,466 [INFO]  Epoch[2] Validation-pericardial-accuracy=0.000000
2024-04-02 12:13:21,468 [INFO]  Epoch[3] Batch [0-3]	Speed: 27896.16 samples/sec	cross-entropy=0.793096	pericardial-accuracy=4.250000
2024-04-02 12:13:21,470 [INFO]  Epoch[3] Train-cross-entropy=0.927568
2024-04-02 12:13:21,470 [INFO]  Epoch[3] Train-pericardial-accuracy=4.166667
2024-04-02 12:13:21,470 [INFO]  Epoch[3] Time cost=0.004
2024-04-02 12:13:21,471 [INFO]  Saved checkpoint to "./imputer_model/imputer_model_pericardial/model-0003.params"
2024-04-02 12:13:21,471 [INFO]  Epoch[3] Validation-cross-entropy=2.311611
2024-04-02 12:13:21,471 [INFO]  Epoch[3] Validation-pericardial-accuracy=0.000000
2024-04-02 12:13:21,474 [INFO]  Epoch[4] Batch [0-3]	Speed: 27620.61 samples/sec	cross-entropy=0.528610	pericardial-accuracy=4.250000
2024-04-02 12:13:21,475 [INFO]  Epoch[4] Train-cross-entropy=0.536097
2024-04-02 12:13:21,475 [INFO]  Epoch[4] Train-pericardial-accuracy=4.166667
2024-04-02 12:13:21,475 [INFO]  Epoch[4] Time cost=0.004
2024-04-02 12:13:21,476 [INFO]  Saved checkpoint to "./imputer_model/imputer_model_pericardial/model-0004.params"
2024-04-02 12:13:21,477 [INFO]  Epoch[4] Validation-cross-entropy=1.213988
2024-04-02 12:13:21,477 [INFO]  Epoch[4] Validation-pericardial-accuracy=0.000000
2024-04-02 12:13:21,477 [INFO]  
========== done (0.031038522720336914 s) fit model
2024-04-02 12:13:24,201 [INFO]  
========== start: fit model
2024-04-02 12:13:24,201 [WARNING]  Already bound, ignoring bind()
2024-04-02 12:13:24,205 [INFO]  Epoch[0] Batch [0-3]	Speed: 26563.74 samples/sec	cross-entropy=16.469429	pericardial-accuracy=4.000000
2024-04-02 12:13:24,206 [INFO]  Epoch[0] Train-cross-entropy=13.460513
2024-04-02 12:13:24,206 [INFO]  Epoch[0] Train-pericardial-accuracy=4.166667
2024-04-02 12:13:24,206 [INFO]  Epoch[0] Time cost=0.005
2024-04-02 12:13:24,208 [INFO]  Saved checkpoint to "./imputer_model/imputer_model_pericardial/model-0000.params"
2024-04-02 12:13:24,208 [INFO]  Epoch[0] Validation-cross-entropy=5.264150
2024-04-02 12:13:24,208 [INFO]  Epoch[0] Validation-pericardial-accuracy=0.000000
2024-04-02 12:13:24,211 [INFO]  Epoch[1] Batch [0-3]	Speed: 24950.62 samples/sec	cross-entropy=5.905933	pericardial-accuracy=4.000000
2024-04-02 12:13:24,212 [INFO]  Epoch[1] Train-cross-entropy=5.147932
2024-04-02 12:13:24,212 [INFO]  Epoch[1] Train-pericardial-accuracy=4.166667
2024-04-02 12:13:24,212 [INFO]  Epoch[1] Time cost=0.004
2024-04-02 12:13:24,213 [INFO]  Saved checkpoint to "./imputer_model/imputer_model_pericardial/model-0001.params"
2024-04-02 12:13:24,214 [INFO]  Epoch[1] Validation-cross-entropy=3.254097
2024-04-02 12:13:24,214 [INFO]  Epoch[1] Validation-pericardial-accuracy=0.000000
2024-04-02 12:13:24,217 [INFO]  Epoch[2] Batch [0-3]	Speed: 22031.80 samples/sec	cross-entropy=2.384969	pericardial-accuracy=4.000000
2024-04-02 12:13:24,218 [INFO]  Epoch[2] Train-cross-entropy=2.160887
2024-04-02 12:13:24,218 [INFO]  Epoch[2] Train-pericardial-accuracy=4.166667
2024-04-02 12:13:24,218 [INFO]  Epoch[2] Time cost=0.004
2024-04-02 12:13:24,219 [INFO]  Saved checkpoint to "./imputer_model/imputer_model_pericardial/model-0002.params"
2024-04-02 12:13:24,220 [INFO]  Epoch[2] Validation-cross-entropy=1.767926
2024-04-02 12:13:24,220 [INFO]  Epoch[2] Validation-pericardial-accuracy=0.000000
2024-04-02 12:13:24,222 [INFO]  Epoch[3] Batch [0-3]	Speed: 27635.77 samples/sec	cross-entropy=1.163223	pericardial-accuracy=4.000000
2024-04-02 12:13:24,224 [INFO]  Epoch[3] Train-cross-entropy=1.065834
2024-04-02 12:13:24,224 [INFO]  Epoch[3] Train-pericardial-accuracy=4.166667
2024-04-02 12:13:24,224 [INFO]  Epoch[3] Time cost=0.004
2024-04-02 12:13:24,225 [INFO]  Saved checkpoint to "./imputer_model/imputer_model_pericardial/model-0003.params"
2024-04-02 12:13:24,225 [INFO]  Epoch[3] Validation-cross-entropy=1.253940
2024-04-02 12:13:24,226 [INFO]  Epoch[3] Validation-pericardial-accuracy=0.000000
2024-04-02 12:13:24,228 [INFO]  Epoch[4] Batch [0-3]	Speed: 27118.34 samples/sec	cross-entropy=0.823289	pericardial-accuracy=4.000000
2024-04-02 12:13:24,229 [INFO]  Epoch[4] Train-cross-entropy=0.737322
2024-04-02 12:13:24,229 [INFO]  Epoch[4] Train-pericardial-accuracy=4.166667
2024-04-02 12:13:24,229 [INFO]  Epoch[4] Time cost=0.004
2024-04-02 12:13:24,231 [INFO]  Saved checkpoint to "./imputer_model/imputer_model_pericardial/model-0004.params"
2024-04-02 12:13:24,231 [INFO]  Epoch[4] Validation-cross-entropy=1.099215
2024-04-02 12:13:24,231 [INFO]  Epoch[4] Validation-pericardial-accuracy=0.000000
2024-04-02 12:13:24,231 [INFO]  
========== done (0.030263900756835938 s) fit model
2024-04-02 12:13:26,984 [INFO]  
========== start: fit model
2024-04-02 12:13:26,985 [WARNING]  Already bound, ignoring bind()
2024-04-02 12:13:26,989 [INFO]  Epoch[0] Batch [0-3]	Speed: 23042.99 samples/sec	cross-entropy=18.097956	pericardial-accuracy=0.000000
2024-04-02 12:13:26,990 [INFO]  Epoch[0] Train-cross-entropy=16.925597
2024-04-02 12:13:26,991 [INFO]  Epoch[0] Train-pericardial-accuracy=0.000000
2024-04-02 12:13:26,991 [INFO]  Epoch[0] Time cost=0.005
2024-04-02 12:13:26,992 [INFO]  Saved checkpoint to "./imputer_model/imputer_model_pericardial/model-0000.params"
2024-04-02 12:13:26,993 [INFO]  Epoch[0] Validation-cross-entropy=10.679050
2024-04-02 12:13:26,993 [INFO]  Epoch[0] Validation-pericardial-accuracy=0.000000
2024-04-02 12:13:26,995 [INFO]  Epoch[1] Batch [0-3]	Speed: 23973.16 samples/sec	cross-entropy=8.469430	pericardial-accuracy=0.000000
2024-04-02 12:13:26,997 [INFO]  Epoch[1] Train-cross-entropy=7.821083
2024-04-02 12:13:26,997 [INFO]  Epoch[1] Train-pericardial-accuracy=0.000000
2024-04-02 12:13:26,997 [INFO]  Epoch[1] Time cost=0.004
2024-04-02 12:13:26,998 [INFO]  Saved checkpoint to "./imputer_model/imputer_model_pericardial/model-0001.params"
2024-04-02 12:13:26,999 [INFO]  Epoch[1] Validation-cross-entropy=4.882318
2024-04-02 12:13:26,999 [INFO]  Epoch[1] Validation-pericardial-accuracy=0.000000
2024-04-02 12:13:27,003 [INFO]  Epoch[2] Batch [0-3]	Speed: 15632.16 samples/sec	cross-entropy=4.065407	pericardial-accuracy=0.000000
2024-04-02 12:13:27,004 [INFO]  Epoch[2] Train-cross-entropy=3.540491
2024-04-02 12:13:27,004 [INFO]  Epoch[2] Train-pericardial-accuracy=0.000000
2024-04-02 12:13:27,005 [INFO]  Epoch[2] Time cost=0.006
2024-04-02 12:13:27,006 [INFO]  Saved checkpoint to "./imputer_model/imputer_model_pericardial/model-0002.params"
2024-04-02 12:13:27,007 [INFO]  Epoch[2] Validation-cross-entropy=2.265278
2024-04-02 12:13:27,007 [INFO]  Epoch[2] Validation-pericardial-accuracy=0.000000
2024-04-02 12:13:27,009 [INFO]  Epoch[3] Batch [0-3]	Speed: 24125.42 samples/sec	cross-entropy=1.999768	pericardial-accuracy=0.000000
2024-04-02 12:13:27,011 [INFO]  Epoch[3] Train-cross-entropy=1.751408
2024-04-02 12:13:27,011 [INFO]  Epoch[3] Train-pericardial-accuracy=0.000000
2024-04-02 12:13:27,011 [INFO]  Epoch[3] Time cost=0.004
2024-04-02 12:13:27,012 [INFO]  Saved checkpoint to "./imputer_model/imputer_model_pericardial/model-0003.params"
2024-04-02 12:13:27,013 [INFO]  Epoch[3] Validation-cross-entropy=1.269819
2024-04-02 12:13:27,013 [INFO]  Epoch[3] Validation-pericardial-accuracy=0.000000
2024-04-02 12:13:27,016 [INFO]  Epoch[4] Batch [0-3]	Speed: 23544.22 samples/sec	cross-entropy=1.097324	pericardial-accuracy=0.000000
2024-04-02 12:13:27,017 [INFO]  Epoch[4] Train-cross-entropy=1.091843
2024-04-02 12:13:27,017 [INFO]  Epoch[4] Train-pericardial-accuracy=0.000000
2024-04-02 12:13:27,017 [INFO]  Epoch[4] Time cost=0.004
2024-04-02 12:13:27,019 [INFO]  Saved checkpoint to "./imputer_model/imputer_model_pericardial/model-0004.params"
2024-04-02 12:13:27,019 [INFO]  Epoch[4] Validation-cross-entropy=0.826797
2024-04-02 12:13:27,019 [INFO]  Epoch[4] Validation-pericardial-accuracy=0.000000
2024-04-02 12:13:27,019 [INFO]  
========== done (0.03505229949951172 s) fit model
2024-04-02 12:13:29,282 [INFO]  
========== start: fit model
2024-04-02 12:13:29,282 [WARNING]  Already bound, ignoring bind()
2024-04-02 12:13:29,286 [INFO]  Epoch[0] Batch [0-3]	Speed: 23749.75 samples/sec	cross-entropy=10.884178	pericardial-accuracy=0.000000
2024-04-02 12:13:29,288 [INFO]  Epoch[0] Train-cross-entropy=12.304246
2024-04-02 12:13:29,288 [INFO]  Epoch[0] Train-pericardial-accuracy=0.000000
2024-04-02 12:13:29,288 [INFO]  Epoch[0] Time cost=0.005
2024-04-02 12:13:29,289 [INFO]  Saved checkpoint to "./imputer_model/imputer_model_pericardial/model-0000.params"
2024-04-02 12:13:29,290 [INFO]  Epoch[0] Validation-cross-entropy=1.585035
2024-04-02 12:13:29,290 [INFO]  Epoch[0] Validation-pericardial-accuracy=0.000000
2024-04-02 12:13:29,293 [INFO]  Epoch[1] Batch [0-3]	Speed: 24171.76 samples/sec	cross-entropy=4.647208	pericardial-accuracy=0.000000
2024-04-02 12:13:29,294 [INFO]  Epoch[1] Train-cross-entropy=5.230540
2024-04-02 12:13:29,294 [INFO]  Epoch[1] Train-pericardial-accuracy=0.000000
2024-04-02 12:13:29,294 [INFO]  Epoch[1] Time cost=0.004
2024-04-02 12:13:29,296 [INFO]  Saved checkpoint to "./imputer_model/imputer_model_pericardial/model-0001.params"
2024-04-02 12:13:29,296 [INFO]  Epoch[1] Validation-cross-entropy=1.112470
2024-04-02 12:13:29,296 [INFO]  Epoch[1] Validation-pericardial-accuracy=0.000000
2024-04-02 12:13:29,299 [INFO]  Epoch[2] Batch [0-3]	Speed: 21511.55 samples/sec	cross-entropy=2.139679	pericardial-accuracy=0.000000
2024-04-02 12:13:29,301 [INFO]  Epoch[2] Train-cross-entropy=2.348175
2024-04-02 12:13:29,301 [INFO]  Epoch[2] Train-pericardial-accuracy=0.000000
2024-04-02 12:13:29,301 [INFO]  Epoch[2] Time cost=0.005
2024-04-02 12:13:29,302 [INFO]  Saved checkpoint to "./imputer_model/imputer_model_pericardial/model-0002.params"
2024-04-02 12:13:29,302 [INFO]  Epoch[2] Validation-cross-entropy=0.713476
2024-04-02 12:13:29,303 [INFO]  Epoch[2] Validation-pericardial-accuracy=0.000000
2024-04-02 12:13:29,305 [INFO]  Epoch[3] Batch [0-3]	Speed: 23024.54 samples/sec	cross-entropy=0.869818	pericardial-accuracy=0.000000
2024-04-02 12:13:29,307 [INFO]  Epoch[3] Train-cross-entropy=0.970154
2024-04-02 12:13:29,307 [INFO]  Epoch[3] Train-pericardial-accuracy=0.000000
2024-04-02 12:13:29,307 [INFO]  Epoch[3] Time cost=0.004
2024-04-02 12:13:29,308 [INFO]  Saved checkpoint to "./imputer_model/imputer_model_pericardial/model-0003.params"
2024-04-02 12:13:29,309 [INFO]  Epoch[3] Validation-cross-entropy=0.938036
2024-04-02 12:13:29,309 [INFO]  Epoch[3] Validation-pericardial-accuracy=0.000000
2024-04-02 12:13:29,312 [INFO]  Epoch[4] Batch [0-3]	Speed: 24024.65 samples/sec	cross-entropy=0.581858	pericardial-accuracy=0.000000
2024-04-02 12:13:29,313 [INFO]  Epoch[4] Train-cross-entropy=0.650577
2024-04-02 12:13:29,313 [INFO]  Epoch[4] Train-pericardial-accuracy=0.000000
2024-04-02 12:13:29,313 [INFO]  Epoch[4] Time cost=0.004
2024-04-02 12:13:29,314 [INFO]  Saved checkpoint to "./imputer_model/imputer_model_pericardial/model-0004.params"
2024-04-02 12:13:29,315 [INFO]  Epoch[4] Validation-cross-entropy=0.899421
2024-04-02 12:13:29,315 [INFO]  Epoch[4] Validation-pericardial-accuracy=0.000000
2024-04-02 12:13:29,315 [INFO]  
========== done (0.032993316650390625 s) fit model
2024-04-02 12:13:31,731 [INFO]  
========== start: fit model
2024-04-02 12:13:31,731 [WARNING]  Already bound, ignoring bind()
2024-04-02 12:13:31,736 [INFO]  Epoch[0] Batch [0-3]	Speed: 25368.77 samples/sec	cross-entropy=16.256967	pericardial-accuracy=4.500000
2024-04-02 12:13:31,737 [INFO]  Epoch[0] Train-cross-entropy=14.748902
2024-04-02 12:13:31,737 [INFO]  Epoch[0] Train-pericardial-accuracy=4.166667
2024-04-02 12:13:31,737 [INFO]  Epoch[0] Time cost=0.005
2024-04-02 12:13:31,739 [INFO]  Saved checkpoint to "./imputer_model/imputer_model_pericardial/model-0000.params"
2024-04-02 12:13:31,739 [INFO]  Epoch[0] Validation-cross-entropy=1.480577
2024-04-02 12:13:31,739 [INFO]  Epoch[0] Validation-pericardial-accuracy=0.000000
2024-04-02 12:13:31,742 [INFO]  Epoch[1] Batch [0-3]	Speed: 23538.71 samples/sec	cross-entropy=6.993937	pericardial-accuracy=4.500000
2024-04-02 12:13:31,743 [INFO]  Epoch[1] Train-cross-entropy=6.490600
2024-04-02 12:13:31,744 [INFO]  Epoch[1] Train-pericardial-accuracy=4.166667
2024-04-02 12:13:31,744 [INFO]  Epoch[1] Time cost=0.005
2024-04-02 12:13:31,751 [INFO]  Saved checkpoint to "./imputer_model/imputer_model_pericardial/model-0001.params"
2024-04-02 12:13:31,752 [INFO]  Epoch[1] Validation-cross-entropy=0.945863
2024-04-02 12:13:31,752 [INFO]  Epoch[1] Validation-pericardial-accuracy=0.000000
2024-04-02 12:13:31,756 [INFO]  Epoch[2] Batch [0-3]	Speed: 17142.93 samples/sec	cross-entropy=2.870858	pericardial-accuracy=4.500000
2024-04-02 12:13:31,758 [INFO]  Epoch[2] Train-cross-entropy=2.672526
2024-04-02 12:13:31,758 [INFO]  Epoch[2] Train-pericardial-accuracy=4.166667
2024-04-02 12:13:31,758 [INFO]  Epoch[2] Time cost=0.006
2024-04-02 12:13:31,780 [INFO]  Saved checkpoint to "./imputer_model/imputer_model_pericardial/model-0002.params"
2024-04-02 12:13:31,781 [INFO]  Epoch[2] Validation-cross-entropy=0.715359
2024-04-02 12:13:31,782 [INFO]  Epoch[2] Validation-pericardial-accuracy=0.000000
2024-04-02 12:13:31,788 [INFO]  Epoch[3] Batch [0-3]	Speed: 11346.82 samples/sec	cross-entropy=1.493634	pericardial-accuracy=4.500000
2024-04-02 12:13:31,791 [INFO]  Epoch[3] Train-cross-entropy=1.335949
2024-04-02 12:13:31,791 [INFO]  Epoch[3] Train-pericardial-accuracy=4.166667
2024-04-02 12:13:31,792 [INFO]  Epoch[3] Time cost=0.010
2024-04-02 12:13:31,795 [INFO]  Saved checkpoint to "./imputer_model/imputer_model_pericardial/model-0003.params"
2024-04-02 12:13:31,796 [INFO]  Epoch[3] Validation-cross-entropy=0.340897
2024-04-02 12:13:31,796 [INFO]  Epoch[3] Validation-pericardial-accuracy=0.000000
2024-04-02 12:13:31,800 [INFO]  Epoch[4] Batch [0-3]	Speed: 16970.97 samples/sec	cross-entropy=0.986571	pericardial-accuracy=4.500000
2024-04-02 12:13:31,802 [INFO]  Epoch[4] Train-cross-entropy=0.874249
2024-04-02 12:13:31,803 [INFO]  Epoch[4] Train-pericardial-accuracy=4.166667
2024-04-02 12:13:31,803 [INFO]  Epoch[4] Time cost=0.007
2024-04-02 12:13:31,804 [INFO]  Saved checkpoint to "./imputer_model/imputer_model_pericardial/model-0004.params"
2024-04-02 12:13:31,805 [INFO]  Epoch[4] Validation-cross-entropy=0.422039
2024-04-02 12:13:31,805 [INFO]  Epoch[4] Validation-pericardial-accuracy=0.000000
2024-04-02 12:13:31,805 [INFO]  
========== done (0.07421302795410156 s) fit model
2024-04-02 12:13:34,428 [INFO]  
========== start: fit model
2024-04-02 12:13:34,428 [WARNING]  Already bound, ignoring bind()
2024-04-02 12:13:34,432 [INFO]  Epoch[0] Batch [0-3]	Speed: 25125.00 samples/sec	cross-entropy=14.232860	pericardial-accuracy=3.000000
2024-04-02 12:13:34,434 [INFO]  Epoch[0] Train-cross-entropy=13.166776
2024-04-02 12:13:34,434 [INFO]  Epoch[0] Train-pericardial-accuracy=3.166667
2024-04-02 12:13:34,434 [INFO]  Epoch[0] Time cost=0.005
2024-04-02 12:13:34,435 [INFO]  Saved checkpoint to "./imputer_model/imputer_model_pericardial/model-0000.params"
2024-04-02 12:13:34,436 [INFO]  Epoch[0] Validation-cross-entropy=18.921640
2024-04-02 12:13:34,436 [INFO]  Epoch[0] Validation-pericardial-accuracy=0.000000
2024-04-02 12:13:34,438 [INFO]  Epoch[1] Batch [0-3]	Speed: 22802.88 samples/sec	cross-entropy=7.334891	pericardial-accuracy=3.000000
2024-04-02 12:13:34,440 [INFO]  Epoch[1] Train-cross-entropy=6.880783
2024-04-02 12:13:34,440 [INFO]  Epoch[1] Train-pericardial-accuracy=3.166667
2024-04-02 12:13:34,440 [INFO]  Epoch[1] Time cost=0.004
2024-04-02 12:13:34,441 [INFO]  Saved checkpoint to "./imputer_model/imputer_model_pericardial/model-0001.params"
2024-04-02 12:13:34,442 [INFO]  Epoch[1] Validation-cross-entropy=12.014448
2024-04-02 12:13:34,442 [INFO]  Epoch[1] Validation-pericardial-accuracy=0.000000
2024-04-02 12:13:34,444 [INFO]  Epoch[2] Batch [0-3]	Speed: 27331.88 samples/sec	cross-entropy=3.482347	pericardial-accuracy=3.000000
2024-04-02 12:13:34,446 [INFO]  Epoch[2] Train-cross-entropy=3.142424
2024-04-02 12:13:34,446 [INFO]  Epoch[2] Train-pericardial-accuracy=3.166667
2024-04-02 12:13:34,446 [INFO]  Epoch[2] Time cost=0.004
2024-04-02 12:13:34,447 [INFO]  Saved checkpoint to "./imputer_model/imputer_model_pericardial/model-0002.params"
2024-04-02 12:13:34,447 [INFO]  Epoch[2] Validation-cross-entropy=5.160995
2024-04-02 12:13:34,447 [INFO]  Epoch[2] Validation-pericardial-accuracy=0.000000
2024-04-02 12:13:34,450 [INFO]  Epoch[3] Batch [0-3]	Speed: 27811.38 samples/sec	cross-entropy=1.517122	pericardial-accuracy=3.000000
2024-04-02 12:13:34,451 [INFO]  Epoch[3] Train-cross-entropy=1.268187
2024-04-02 12:13:34,451 [INFO]  Epoch[3] Train-pericardial-accuracy=3.166667
2024-04-02 12:13:34,451 [INFO]  Epoch[3] Time cost=0.004
2024-04-02 12:13:34,453 [INFO]  Saved checkpoint to "./imputer_model/imputer_model_pericardial/model-0003.params"
2024-04-02 12:13:34,453 [INFO]  Epoch[3] Validation-cross-entropy=2.260833
2024-04-02 12:13:34,453 [INFO]  Epoch[3] Validation-pericardial-accuracy=0.000000
2024-04-02 12:13:34,456 [INFO]  Epoch[4] Batch [0-3]	Speed: 27481.11 samples/sec	cross-entropy=0.705524	pericardial-accuracy=3.000000
2024-04-02 12:13:34,457 [INFO]  Epoch[4] Train-cross-entropy=0.566500
2024-04-02 12:13:34,457 [INFO]  Epoch[4] Train-pericardial-accuracy=3.166667
2024-04-02 12:13:34,457 [INFO]  Epoch[4] Time cost=0.004
2024-04-02 12:13:34,459 [INFO]  Saved checkpoint to "./imputer_model/imputer_model_pericardial/model-0004.params"
2024-04-02 12:13:34,459 [INFO]  Epoch[4] Validation-cross-entropy=0.890966
2024-04-02 12:13:34,459 [INFO]  Epoch[4] Validation-pericardial-accuracy=0.000000
2024-04-02 12:13:34,459 [INFO]  
========== done (0.03101062774658203 s) fit model
2024-04-02 12:13:37,137 [INFO]  
========== start: fit model
2024-04-02 12:13:37,137 [WARNING]  Already bound, ignoring bind()
2024-04-02 12:13:37,141 [INFO]  Epoch[0] Batch [0-3]	Speed: 28177.27 samples/sec	cross-entropy=16.631376	pericardial-accuracy=3.500000
2024-04-02 12:13:37,142 [INFO]  Epoch[0] Train-cross-entropy=12.924077
2024-04-02 12:13:37,142 [INFO]  Epoch[0] Train-pericardial-accuracy=4.000000
2024-04-02 12:13:37,142 [INFO]  Epoch[0] Time cost=0.004
2024-04-02 12:13:37,143 [INFO]  Saved checkpoint to "./imputer_model/imputer_model_pericardial/model-0000.params"
2024-04-02 12:13:37,144 [INFO]  Epoch[0] Validation-cross-entropy=4.139626
2024-04-02 12:13:37,144 [INFO]  Epoch[0] Validation-pericardial-accuracy=0.000000
2024-04-02 12:13:37,146 [INFO]  Epoch[1] Batch [0-3]	Speed: 28419.90 samples/sec	cross-entropy=7.501762	pericardial-accuracy=3.500000
2024-04-02 12:13:37,148 [INFO]  Epoch[1] Train-cross-entropy=5.440094
2024-04-02 12:13:37,148 [INFO]  Epoch[1] Train-pericardial-accuracy=4.000000
2024-04-02 12:13:37,148 [INFO]  Epoch[1] Time cost=0.004
2024-04-02 12:13:37,149 [INFO]  Saved checkpoint to "./imputer_model/imputer_model_pericardial/model-0001.params"
2024-04-02 12:13:37,149 [INFO]  Epoch[1] Validation-cross-entropy=2.189619
2024-04-02 12:13:37,150 [INFO]  Epoch[1] Validation-pericardial-accuracy=0.000000
2024-04-02 12:13:37,152 [INFO]  Epoch[2] Batch [0-3]	Speed: 25206.79 samples/sec	cross-entropy=3.303506	pericardial-accuracy=3.500000
2024-04-02 12:13:37,153 [INFO]  Epoch[2] Train-cross-entropy=2.298075
2024-04-02 12:13:37,154 [INFO]  Epoch[2] Train-pericardial-accuracy=4.000000
2024-04-02 12:13:37,154 [INFO]  Epoch[2] Time cost=0.004
2024-04-02 12:13:37,155 [INFO]  Saved checkpoint to "./imputer_model/imputer_model_pericardial/model-0002.params"
2024-04-02 12:13:37,155 [INFO]  Epoch[2] Validation-cross-entropy=1.454612
2024-04-02 12:13:37,156 [INFO]  Epoch[2] Validation-pericardial-accuracy=0.000000
2024-04-02 12:13:37,158 [INFO]  Epoch[3] Batch [0-3]	Speed: 28347.87 samples/sec	cross-entropy=1.353268	pericardial-accuracy=3.500000
2024-04-02 12:13:37,159 [INFO]  Epoch[3] Train-cross-entropy=1.019676
2024-04-02 12:13:37,159 [INFO]  Epoch[3] Train-pericardial-accuracy=4.000000
2024-04-02 12:13:37,159 [INFO]  Epoch[3] Time cost=0.004
2024-04-02 12:13:37,161 [INFO]  Saved checkpoint to "./imputer_model/imputer_model_pericardial/model-0003.params"
2024-04-02 12:13:37,161 [INFO]  Epoch[3] Validation-cross-entropy=1.221966
2024-04-02 12:13:37,161 [INFO]  Epoch[3] Validation-pericardial-accuracy=0.000000
2024-04-02 12:13:37,164 [INFO]  Epoch[4] Batch [0-3]	Speed: 27462.36 samples/sec	cross-entropy=0.611487	pericardial-accuracy=3.500000
2024-04-02 12:13:37,165 [INFO]  Epoch[4] Train-cross-entropy=0.525814
2024-04-02 12:13:37,165 [INFO]  Epoch[4] Train-pericardial-accuracy=4.000000
2024-04-02 12:13:37,165 [INFO]  Epoch[4] Time cost=0.004
2024-04-02 12:13:37,167 [INFO]  Saved checkpoint to "./imputer_model/imputer_model_pericardial/model-0004.params"
2024-04-02 12:13:37,167 [INFO]  Epoch[4] Validation-cross-entropy=1.111751
2024-04-02 12:13:37,167 [INFO]  Epoch[4] Validation-pericardial-accuracy=0.000000
2024-04-02 12:13:37,167 [INFO]  
========== done (0.030390024185180664 s) fit model
2024-04-02 12:13:40,420 [INFO]  
========== start: fit model
2024-04-02 12:13:40,420 [WARNING]  Already bound, ignoring bind()
2024-04-02 12:13:40,424 [INFO]  Epoch[0] Batch [0-3]	Speed: 23668.77 samples/sec	cross-entropy=28.816613	pericardial-accuracy=3.250000
2024-04-02 12:13:40,425 [INFO]  Epoch[0] Train-cross-entropy=22.749449
2024-04-02 12:13:40,425 [INFO]  Epoch[0] Train-pericardial-accuracy=2.666667
2024-04-02 12:13:40,426 [INFO]  Epoch[0] Time cost=0.005
2024-04-02 12:13:40,427 [INFO]  Saved checkpoint to "./imputer_model/imputer_model_pericardial/model-0000.params"
2024-04-02 12:13:40,427 [INFO]  Epoch[0] Validation-cross-entropy=11.227363
2024-04-02 12:13:40,427 [INFO]  Epoch[0] Validation-pericardial-accuracy=0.000000
2024-04-02 12:13:40,430 [INFO]  Epoch[1] Batch [0-3]	Speed: 24803.08 samples/sec	cross-entropy=17.023804	pericardial-accuracy=3.250000
2024-04-02 12:13:40,432 [INFO]  Epoch[1] Train-cross-entropy=12.413861
2024-04-02 12:13:40,432 [INFO]  Epoch[1] Train-pericardial-accuracy=2.666667
2024-04-02 12:13:40,432 [INFO]  Epoch[1] Time cost=0.004
2024-04-02 12:13:40,433 [INFO]  Saved checkpoint to "./imputer_model/imputer_model_pericardial/model-0001.params"
2024-04-02 12:13:40,433 [INFO]  Epoch[1] Validation-cross-entropy=8.779737
2024-04-02 12:13:40,433 [INFO]  Epoch[1] Validation-pericardial-accuracy=0.000000
2024-04-02 12:13:40,436 [INFO]  Epoch[2] Batch [0-3]	Speed: 22449.44 samples/sec	cross-entropy=11.027369	pericardial-accuracy=3.250000
2024-04-02 12:13:40,438 [INFO]  Epoch[2] Train-cross-entropy=8.008731
2024-04-02 12:13:40,438 [INFO]  Epoch[2] Train-pericardial-accuracy=2.666667
2024-04-02 12:13:40,438 [INFO]  Epoch[2] Time cost=0.005
2024-04-02 12:13:40,439 [INFO]  Saved checkpoint to "./imputer_model/imputer_model_pericardial/model-0002.params"
2024-04-02 12:13:40,440 [INFO]  Epoch[2] Validation-cross-entropy=6.091765
2024-04-02 12:13:40,440 [INFO]  Epoch[2] Validation-pericardial-accuracy=0.000000
2024-04-02 12:13:40,443 [INFO]  Epoch[3] Batch [0-3]	Speed: 25774.75 samples/sec	cross-entropy=5.836411	pericardial-accuracy=3.250000
2024-04-02 12:13:40,444 [INFO]  Epoch[3] Train-cross-entropy=4.383872
2024-04-02 12:13:40,444 [INFO]  Epoch[3] Train-pericardial-accuracy=2.666667
2024-04-02 12:13:40,444 [INFO]  Epoch[3] Time cost=0.004
2024-04-02 12:13:40,445 [INFO]  Saved checkpoint to "./imputer_model/imputer_model_pericardial/model-0003.params"
2024-04-02 12:13:40,446 [INFO]  Epoch[3] Validation-cross-entropy=4.427285
2024-04-02 12:13:40,446 [INFO]  Epoch[3] Validation-pericardial-accuracy=0.000000
2024-04-02 12:13:40,448 [INFO]  Epoch[4] Batch [0-3]	Speed: 25273.24 samples/sec	cross-entropy=2.934277	pericardial-accuracy=3.250000
2024-04-02 12:13:40,450 [INFO]  Epoch[4] Train-cross-entropy=2.321927
2024-04-02 12:13:40,450 [INFO]  Epoch[4] Train-pericardial-accuracy=2.666667
2024-04-02 12:13:40,450 [INFO]  Epoch[4] Time cost=0.004
2024-04-02 12:13:40,451 [INFO]  Saved checkpoint to "./imputer_model/imputer_model_pericardial/model-0004.params"
2024-04-02 12:13:40,451 [INFO]  Epoch[4] Validation-cross-entropy=3.212449
2024-04-02 12:13:40,452 [INFO]  Epoch[4] Validation-pericardial-accuracy=0.000000
2024-04-02 12:13:40,452 [INFO]  
========== done (0.031903743743896484 s) fit model
2024-04-02 12:13:43,101 [INFO]  
========== start: fit model
2024-04-02 12:13:43,102 [WARNING]  Already bound, ignoring bind()
2024-04-02 12:13:43,106 [INFO]  Epoch[0] Batch [0-3]	Speed: 21268.39 samples/sec	cross-entropy=15.747909	pericardial-accuracy=2.250000
2024-04-02 12:13:43,108 [INFO]  Epoch[0] Train-cross-entropy=13.935529
2024-04-02 12:13:43,108 [INFO]  Epoch[0] Train-pericardial-accuracy=3.000000
2024-04-02 12:13:43,108 [INFO]  Epoch[0] Time cost=0.005
2024-04-02 12:13:43,109 [INFO]  Saved checkpoint to "./imputer_model/imputer_model_pericardial/model-0000.params"
2024-04-02 12:13:43,110 [INFO]  Epoch[0] Validation-cross-entropy=8.997552
2024-04-02 12:13:43,110 [INFO]  Epoch[0] Validation-pericardial-accuracy=0.000000
2024-04-02 12:13:43,113 [INFO]  Epoch[1] Batch [0-3]	Speed: 24157.26 samples/sec	cross-entropy=7.004829	pericardial-accuracy=2.250000
2024-04-02 12:13:43,114 [INFO]  Epoch[1] Train-cross-entropy=6.134715
2024-04-02 12:13:43,114 [INFO]  Epoch[1] Train-pericardial-accuracy=3.000000
2024-04-02 12:13:43,114 [INFO]  Epoch[1] Time cost=0.004
2024-04-02 12:13:43,116 [INFO]  Saved checkpoint to "./imputer_model/imputer_model_pericardial/model-0001.params"
2024-04-02 12:13:43,116 [INFO]  Epoch[1] Validation-cross-entropy=4.248128
2024-04-02 12:13:43,116 [INFO]  Epoch[1] Validation-pericardial-accuracy=0.000000
2024-04-02 12:13:43,119 [INFO]  Epoch[2] Batch [0-3]	Speed: 21125.56 samples/sec	cross-entropy=3.083636	pericardial-accuracy=2.250000
2024-04-02 12:13:43,121 [INFO]  Epoch[2] Train-cross-entropy=2.560852
2024-04-02 12:13:43,121 [INFO]  Epoch[2] Train-pericardial-accuracy=3.000000
2024-04-02 12:13:43,121 [INFO]  Epoch[2] Time cost=0.005
2024-04-02 12:13:43,122 [INFO]  Saved checkpoint to "./imputer_model/imputer_model_pericardial/model-0002.params"
2024-04-02 12:13:43,122 [INFO]  Epoch[2] Validation-cross-entropy=1.129720
2024-04-02 12:13:43,123 [INFO]  Epoch[2] Validation-pericardial-accuracy=0.000000
2024-04-02 12:13:43,125 [INFO]  Epoch[3] Batch [0-3]	Speed: 24300.13 samples/sec	cross-entropy=1.213779	pericardial-accuracy=2.250000
2024-04-02 12:13:43,127 [INFO]  Epoch[3] Train-cross-entropy=1.103984
2024-04-02 12:13:43,127 [INFO]  Epoch[3] Train-pericardial-accuracy=3.000000
2024-04-02 12:13:43,127 [INFO]  Epoch[3] Time cost=0.004
2024-04-02 12:13:43,128 [INFO]  Saved checkpoint to "./imputer_model/imputer_model_pericardial/model-0003.params"
2024-04-02 12:13:43,129 [INFO]  Epoch[3] Validation-cross-entropy=0.992149
2024-04-02 12:13:43,129 [INFO]  Epoch[3] Validation-pericardial-accuracy=0.000000
2024-04-02 12:13:43,131 [INFO]  Epoch[4] Batch [0-3]	Speed: 24227.03 samples/sec	cross-entropy=0.645818	pericardial-accuracy=2.250000
2024-04-02 12:13:43,133 [INFO]  Epoch[4] Train-cross-entropy=0.670201
2024-04-02 12:13:43,133 [INFO]  Epoch[4] Train-pericardial-accuracy=3.000000
2024-04-02 12:13:43,133 [INFO]  Epoch[4] Time cost=0.004
2024-04-02 12:13:43,134 [INFO]  Saved checkpoint to "./imputer_model/imputer_model_pericardial/model-0004.params"
2024-04-02 12:13:43,135 [INFO]  Epoch[4] Validation-cross-entropy=0.844412
2024-04-02 12:13:43,135 [INFO]  Epoch[4] Validation-pericardial-accuracy=0.000000
2024-04-02 12:13:43,135 [INFO]  
========== done (0.03343558311462402 s) fit model
2024-04-02 12:13:46,074 [INFO]  
========== start: fit model
2024-04-02 12:13:46,075 [WARNING]  Already bound, ignoring bind()
2024-04-02 12:13:46,083 [INFO]  Epoch[0] Batch [0-3]	Speed: 8989.00 samples/sec	cross-entropy=22.608377	pericardial-accuracy=0.000000
2024-04-02 12:13:46,087 [INFO]  Epoch[0] Train-cross-entropy=20.373884
2024-04-02 12:13:46,087 [INFO]  Epoch[0] Train-pericardial-accuracy=0.000000
2024-04-02 12:13:46,087 [INFO]  Epoch[0] Time cost=0.011
2024-04-02 12:13:46,090 [INFO]  Saved checkpoint to "./imputer_model/imputer_model_pericardial/model-0000.params"
2024-04-02 12:13:46,091 [INFO]  Epoch[0] Validation-cross-entropy=17.436152
2024-04-02 12:13:46,092 [INFO]  Epoch[0] Validation-pericardial-accuracy=0.000000
2024-04-02 12:13:46,096 [INFO]  Epoch[1] Batch [0-3]	Speed: 14944.08 samples/sec	cross-entropy=11.961720	pericardial-accuracy=0.000000
2024-04-02 12:13:46,098 [INFO]  Epoch[1] Train-cross-entropy=10.761047
2024-04-02 12:13:46,099 [INFO]  Epoch[1] Train-pericardial-accuracy=0.000000
2024-04-02 12:13:46,099 [INFO]  Epoch[1] Time cost=0.007
2024-04-02 12:13:46,101 [INFO]  Saved checkpoint to "./imputer_model/imputer_model_pericardial/model-0001.params"
2024-04-02 12:13:46,102 [INFO]  Epoch[1] Validation-cross-entropy=11.744672
2024-04-02 12:13:46,102 [INFO]  Epoch[1] Validation-pericardial-accuracy=0.000000
2024-04-02 12:13:46,105 [INFO]  Epoch[2] Batch [0-3]	Speed: 18655.17 samples/sec	cross-entropy=6.455276	pericardial-accuracy=0.000000
2024-04-02 12:13:46,107 [INFO]  Epoch[2] Train-cross-entropy=5.612067
2024-04-02 12:13:46,107 [INFO]  Epoch[2] Train-pericardial-accuracy=0.000000
2024-04-02 12:13:46,107 [INFO]  Epoch[2] Time cost=0.005
2024-04-02 12:13:46,109 [INFO]  Saved checkpoint to "./imputer_model/imputer_model_pericardial/model-0002.params"
2024-04-02 12:13:46,110 [INFO]  Epoch[2] Validation-cross-entropy=7.785043
2024-04-02 12:13:46,110 [INFO]  Epoch[2] Validation-pericardial-accuracy=0.000000
2024-04-02 12:13:46,113 [INFO]  Epoch[3] Batch [0-3]	Speed: 22162.77 samples/sec	cross-entropy=3.120174	pericardial-accuracy=0.000000
2024-04-02 12:13:46,114 [INFO]  Epoch[3] Train-cross-entropy=2.593229
2024-04-02 12:13:46,114 [INFO]  Epoch[3] Train-pericardial-accuracy=0.000000
2024-04-02 12:13:46,114 [INFO]  Epoch[3] Time cost=0.005
2024-04-02 12:13:46,116 [INFO]  Saved checkpoint to "./imputer_model/imputer_model_pericardial/model-0003.params"
2024-04-02 12:13:46,116 [INFO]  Epoch[3] Validation-cross-entropy=4.780875
2024-04-02 12:13:46,116 [INFO]  Epoch[3] Validation-pericardial-accuracy=0.000000
2024-04-02 12:13:46,119 [INFO]  Epoch[4] Batch [0-3]	Speed: 24128.31 samples/sec	cross-entropy=1.302337	pericardial-accuracy=0.000000
2024-04-02 12:13:46,123 [INFO]  Epoch[4] Train-cross-entropy=1.037157
2024-04-02 12:13:46,123 [INFO]  Epoch[4] Train-pericardial-accuracy=0.000000
2024-04-02 12:13:46,123 [INFO]  Epoch[4] Time cost=0.007
2024-04-02 12:13:46,125 [INFO]  Saved checkpoint to "./imputer_model/imputer_model_pericardial/model-0004.params"
2024-04-02 12:13:46,126 [INFO]  Epoch[4] Validation-cross-entropy=2.806583
2024-04-02 12:13:46,126 [INFO]  Epoch[4] Validation-pericardial-accuracy=0.000000
2024-04-02 12:13:46,126 [INFO]  
========== done (0.051727294921875 s) fit model
2024-04-02 12:13:49,108 [INFO]  
========== start: fit model
2024-04-02 12:13:49,108 [WARNING]  Already bound, ignoring bind()
2024-04-02 12:13:49,113 [INFO]  Epoch[0] Batch [0-3]	Speed: 23069.39 samples/sec	cross-entropy=20.889492	pericardial-accuracy=3.000000
2024-04-02 12:13:49,114 [INFO]  Epoch[0] Train-cross-entropy=15.836552
2024-04-02 12:13:49,114 [INFO]  Epoch[0] Train-pericardial-accuracy=3.500000
2024-04-02 12:13:49,114 [INFO]  Epoch[0] Time cost=0.005
2024-04-02 12:13:49,116 [INFO]  Saved checkpoint to "./imputer_model/imputer_model_pericardial/model-0000.params"
2024-04-02 12:13:49,116 [INFO]  Epoch[0] Validation-cross-entropy=8.928219
2024-04-02 12:13:49,116 [INFO]  Epoch[0] Validation-pericardial-accuracy=0.000000
2024-04-02 12:13:49,119 [INFO]  Epoch[1] Batch [0-3]	Speed: 23998.88 samples/sec	cross-entropy=9.723889	pericardial-accuracy=3.000000
2024-04-02 12:13:49,121 [INFO]  Epoch[1] Train-cross-entropy=7.198247
2024-04-02 12:13:49,121 [INFO]  Epoch[1] Train-pericardial-accuracy=3.500000
2024-04-02 12:13:49,121 [INFO]  Epoch[1] Time cost=0.004
2024-04-02 12:13:49,122 [INFO]  Saved checkpoint to "./imputer_model/imputer_model_pericardial/model-0001.params"
2024-04-02 12:13:49,122 [INFO]  Epoch[1] Validation-cross-entropy=4.135087
2024-04-02 12:13:49,122 [INFO]  Epoch[1] Validation-pericardial-accuracy=0.000000
2024-04-02 12:13:49,126 [INFO]  Epoch[2] Batch [0-3]	Speed: 21174.44 samples/sec	cross-entropy=4.866091	pericardial-accuracy=3.000000
2024-04-02 12:13:49,127 [INFO]  Epoch[2] Train-cross-entropy=3.590091
2024-04-02 12:13:49,127 [INFO]  Epoch[2] Train-pericardial-accuracy=3.500000
2024-04-02 12:13:49,127 [INFO]  Epoch[2] Time cost=0.005
2024-04-02 12:13:49,128 [INFO]  Saved checkpoint to "./imputer_model/imputer_model_pericardial/model-0002.params"
2024-04-02 12:13:49,129 [INFO]  Epoch[2] Validation-cross-entropy=2.107094
2024-04-02 12:13:49,129 [INFO]  Epoch[2] Validation-pericardial-accuracy=0.000000
2024-04-02 12:13:49,132 [INFO]  Epoch[3] Batch [0-3]	Speed: 23817.18 samples/sec	cross-entropy=2.005320	pericardial-accuracy=3.000000
2024-04-02 12:13:49,133 [INFO]  Epoch[3] Train-cross-entropy=1.604197
2024-04-02 12:13:49,133 [INFO]  Epoch[3] Train-pericardial-accuracy=3.500000
2024-04-02 12:13:49,133 [INFO]  Epoch[3] Time cost=0.004
2024-04-02 12:13:49,135 [INFO]  Saved checkpoint to "./imputer_model/imputer_model_pericardial/model-0003.params"
2024-04-02 12:13:49,135 [INFO]  Epoch[3] Validation-cross-entropy=1.178080
2024-04-02 12:13:49,135 [INFO]  Epoch[3] Validation-pericardial-accuracy=0.000000
2024-04-02 12:13:49,138 [INFO]  Epoch[4] Batch [0-3]	Speed: 23786.22 samples/sec	cross-entropy=0.946457	pericardial-accuracy=3.000000
2024-04-02 12:13:49,139 [INFO]  Epoch[4] Train-cross-entropy=0.854054
2024-04-02 12:13:49,139 [INFO]  Epoch[4] Train-pericardial-accuracy=3.500000
2024-04-02 12:13:49,139 [INFO]  Epoch[4] Time cost=0.004
2024-04-02 12:13:49,141 [INFO]  Saved checkpoint to "./imputer_model/imputer_model_pericardial/model-0004.params"
2024-04-02 12:13:49,141 [INFO]  Epoch[4] Validation-cross-entropy=0.753720
2024-04-02 12:13:49,141 [INFO]  Epoch[4] Validation-pericardial-accuracy=0.000000
2024-04-02 12:13:49,141 [INFO]  
========== done (0.033086538314819336 s) fit model
2024-04-02 12:13:52,062 [INFO]  
========== start: fit model
2024-04-02 12:13:52,062 [WARNING]  Already bound, ignoring bind()
2024-04-02 12:13:52,066 [INFO]  Epoch[0] Batch [0-3]	Speed: 24110.97 samples/sec	cross-entropy=21.211231	pericardial-accuracy=3.250000
2024-04-02 12:13:52,068 [INFO]  Epoch[0] Train-cross-entropy=26.529681
2024-04-02 12:13:52,068 [INFO]  Epoch[0] Train-pericardial-accuracy=3.333333
2024-04-02 12:13:52,068 [INFO]  Epoch[0] Time cost=0.005
2024-04-02 12:13:52,069 [INFO]  Saved checkpoint to "./imputer_model/imputer_model_pericardial/model-0000.params"
2024-04-02 12:13:52,070 [INFO]  Epoch[0] Validation-cross-entropy=15.465734
2024-04-02 12:13:52,070 [INFO]  Epoch[0] Validation-pericardial-accuracy=0.000000
2024-04-02 12:13:52,072 [INFO]  Epoch[1] Batch [0-3]	Speed: 26382.73 samples/sec	cross-entropy=12.258850	pericardial-accuracy=3.250000
2024-04-02 12:13:52,074 [INFO]  Epoch[1] Train-cross-entropy=13.992248
2024-04-02 12:13:52,074 [INFO]  Epoch[1] Train-pericardial-accuracy=3.333333
2024-04-02 12:13:52,074 [INFO]  Epoch[1] Time cost=0.004
2024-04-02 12:13:52,075 [INFO]  Saved checkpoint to "./imputer_model/imputer_model_pericardial/model-0001.params"
2024-04-02 12:13:52,075 [INFO]  Epoch[1] Validation-cross-entropy=10.122297
2024-04-02 12:13:52,075 [INFO]  Epoch[1] Validation-pericardial-accuracy=0.000000
2024-04-02 12:13:52,078 [INFO]  Epoch[2] Batch [0-3]	Speed: 24338.32 samples/sec	cross-entropy=8.145581	pericardial-accuracy=3.250000
2024-04-02 12:13:52,079 [INFO]  Epoch[2] Train-cross-entropy=8.143867
2024-04-02 12:13:52,079 [INFO]  Epoch[2] Train-pericardial-accuracy=3.333333
2024-04-02 12:13:52,079 [INFO]  Epoch[2] Time cost=0.004
2024-04-02 12:13:52,081 [INFO]  Saved checkpoint to "./imputer_model/imputer_model_pericardial/model-0002.params"
2024-04-02 12:13:52,081 [INFO]  Epoch[2] Validation-cross-entropy=5.270175
2024-04-02 12:13:52,081 [INFO]  Epoch[2] Validation-pericardial-accuracy=0.000000
2024-04-02 12:13:52,084 [INFO]  Epoch[3] Batch [0-3]	Speed: 26393.10 samples/sec	cross-entropy=4.339013	pericardial-accuracy=3.250000
2024-04-02 12:13:52,085 [INFO]  Epoch[3] Train-cross-entropy=4.153249
2024-04-02 12:13:52,085 [INFO]  Epoch[3] Train-pericardial-accuracy=3.333333
2024-04-02 12:13:52,085 [INFO]  Epoch[3] Time cost=0.004
2024-04-02 12:13:52,086 [INFO]  Saved checkpoint to "./imputer_model/imputer_model_pericardial/model-0003.params"
2024-04-02 12:13:52,087 [INFO]  Epoch[3] Validation-cross-entropy=2.465981
2024-04-02 12:13:52,087 [INFO]  Epoch[3] Validation-pericardial-accuracy=0.000000
2024-04-02 12:13:52,089 [INFO]  Epoch[4] Batch [0-3]	Speed: 25314.55 samples/sec	cross-entropy=2.291465	pericardial-accuracy=3.250000
2024-04-02 12:13:52,091 [INFO]  Epoch[4] Train-cross-entropy=2.198835
2024-04-02 12:13:52,091 [INFO]  Epoch[4] Train-pericardial-accuracy=3.333333
2024-04-02 12:13:52,091 [INFO]  Epoch[4] Time cost=0.004
2024-04-02 12:13:52,092 [INFO]  Saved checkpoint to "./imputer_model/imputer_model_pericardial/model-0004.params"
2024-04-02 12:13:52,092 [INFO]  Epoch[4] Validation-cross-entropy=1.048568
2024-04-02 12:13:52,093 [INFO]  Epoch[4] Validation-pericardial-accuracy=0.000000
2024-04-02 12:13:52,093 [INFO]  
========== done (0.03034806251525879 s) fit model
2024-04-02 12:13:56,012 [INFO]  
========== start: fit model
2024-04-02 12:13:56,012 [WARNING]  Already bound, ignoring bind()
2024-04-02 12:13:56,016 [INFO]  Epoch[0] Batch [0-3]	Speed: 22126.23 samples/sec	cross-entropy=16.464890	pericardial-accuracy=0.000000
2024-04-02 12:13:56,017 [INFO]  Epoch[0] Train-cross-entropy=13.827327
2024-04-02 12:13:56,018 [INFO]  Epoch[0] Train-pericardial-accuracy=0.000000
2024-04-02 12:13:56,018 [INFO]  Epoch[0] Time cost=0.005
2024-04-02 12:13:56,019 [INFO]  Saved checkpoint to "./imputer_model/imputer_model_pericardial/model-0000.params"
2024-04-02 12:13:56,019 [INFO]  Epoch[0] Validation-cross-entropy=4.107783
2024-04-02 12:13:56,019 [INFO]  Epoch[0] Validation-pericardial-accuracy=0.000000
2024-04-02 12:13:56,022 [INFO]  Epoch[1] Batch [0-3]	Speed: 24157.26 samples/sec	cross-entropy=6.894810	pericardial-accuracy=0.000000
2024-04-02 12:13:56,024 [INFO]  Epoch[1] Train-cross-entropy=6.389093
2024-04-02 12:13:56,024 [INFO]  Epoch[1] Train-pericardial-accuracy=0.000000
2024-04-02 12:13:56,024 [INFO]  Epoch[1] Time cost=0.004
2024-04-02 12:13:56,025 [INFO]  Saved checkpoint to "./imputer_model/imputer_model_pericardial/model-0001.params"
2024-04-02 12:13:56,025 [INFO]  Epoch[1] Validation-cross-entropy=0.595909
2024-04-02 12:13:56,025 [INFO]  Epoch[1] Validation-pericardial-accuracy=0.000000
2024-04-02 12:13:56,028 [INFO]  Epoch[2] Batch [0-3]	Speed: 23307.08 samples/sec	cross-entropy=3.277123	pericardial-accuracy=0.000000
2024-04-02 12:13:56,029 [INFO]  Epoch[2] Train-cross-entropy=3.069722
2024-04-02 12:13:56,030 [INFO]  Epoch[2] Train-pericardial-accuracy=0.000000
2024-04-02 12:13:56,030 [INFO]  Epoch[2] Time cost=0.004
2024-04-02 12:13:56,031 [INFO]  Saved checkpoint to "./imputer_model/imputer_model_pericardial/model-0002.params"
2024-04-02 12:13:56,031 [INFO]  Epoch[2] Validation-cross-entropy=0.227368
2024-04-02 12:13:56,031 [INFO]  Epoch[2] Validation-pericardial-accuracy=0.000000
2024-04-02 12:13:56,034 [INFO]  Epoch[3] Batch [0-3]	Speed: 28149.69 samples/sec	cross-entropy=1.691373	pericardial-accuracy=0.000000
2024-04-02 12:13:56,035 [INFO]  Epoch[3] Train-cross-entropy=1.524852
2024-04-02 12:13:56,035 [INFO]  Epoch[3] Train-pericardial-accuracy=0.000000
2024-04-02 12:13:56,035 [INFO]  Epoch[3] Time cost=0.004
2024-04-02 12:13:56,036 [INFO]  Saved checkpoint to "./imputer_model/imputer_model_pericardial/model-0003.params"
2024-04-02 12:13:56,037 [INFO]  Epoch[3] Validation-cross-entropy=0.277562
2024-04-02 12:13:56,037 [INFO]  Epoch[3] Validation-pericardial-accuracy=0.000000
2024-04-02 12:13:56,039 [INFO]  Epoch[4] Batch [0-3]	Speed: 27857.56 samples/sec	cross-entropy=0.914457	pericardial-accuracy=0.000000
2024-04-02 12:13:56,041 [INFO]  Epoch[4] Train-cross-entropy=0.845087
2024-04-02 12:13:56,041 [INFO]  Epoch[4] Train-pericardial-accuracy=0.000000
2024-04-02 12:13:56,041 [INFO]  Epoch[4] Time cost=0.004
2024-04-02 12:13:56,042 [INFO]  Saved checkpoint to "./imputer_model/imputer_model_pericardial/model-0004.params"
2024-04-02 12:13:56,042 [INFO]  Epoch[4] Validation-cross-entropy=0.351133
2024-04-02 12:13:56,042 [INFO]  Epoch[4] Validation-pericardial-accuracy=0.000000
2024-04-02 12:13:56,042 [INFO]  
========== done (0.03079676628112793 s) fit model
2024-04-02 12:13:59,236 [INFO]  
========== start: fit model
2024-04-02 12:13:59,236 [WARNING]  Already bound, ignoring bind()
2024-04-02 12:13:59,240 [INFO]  Epoch[0] Batch [0-3]	Speed: 22764.20 samples/sec	cross-entropy=11.027444	pericardial-accuracy=2.750000
2024-04-02 12:13:59,242 [INFO]  Epoch[0] Train-cross-entropy=9.642310
2024-04-02 12:13:59,242 [INFO]  Epoch[0] Train-pericardial-accuracy=2.833333
2024-04-02 12:13:59,242 [INFO]  Epoch[0] Time cost=0.005
2024-04-02 12:13:59,244 [INFO]  Saved checkpoint to "./imputer_model/imputer_model_pericardial/model-0000.params"
2024-04-02 12:13:59,244 [INFO]  Epoch[0] Validation-cross-entropy=3.826360
2024-04-02 12:13:59,244 [INFO]  Epoch[0] Validation-pericardial-accuracy=0.000000
2024-04-02 12:13:59,247 [INFO]  Epoch[1] Batch [0-3]	Speed: 25519.91 samples/sec	cross-entropy=3.563067	pericardial-accuracy=2.750000
2024-04-02 12:13:59,248 [INFO]  Epoch[1] Train-cross-entropy=2.997017
2024-04-02 12:13:59,248 [INFO]  Epoch[1] Train-pericardial-accuracy=2.833333
2024-04-02 12:13:59,248 [INFO]  Epoch[1] Time cost=0.004
2024-04-02 12:13:59,250 [INFO]  Saved checkpoint to "./imputer_model/imputer_model_pericardial/model-0001.params"
2024-04-02 12:13:59,250 [INFO]  Epoch[1] Validation-cross-entropy=0.632562
2024-04-02 12:13:59,250 [INFO]  Epoch[1] Validation-pericardial-accuracy=0.000000
2024-04-02 12:13:59,253 [INFO]  Epoch[2] Batch [0-3]	Speed: 23312.48 samples/sec	cross-entropy=0.865809	pericardial-accuracy=2.750000
2024-04-02 12:13:59,255 [INFO]  Epoch[2] Train-cross-entropy=0.734739
2024-04-02 12:13:59,255 [INFO]  Epoch[2] Train-pericardial-accuracy=2.833333
2024-04-02 12:13:59,255 [INFO]  Epoch[2] Time cost=0.004
2024-04-02 12:13:59,256 [INFO]  Saved checkpoint to "./imputer_model/imputer_model_pericardial/model-0002.params"
2024-04-02 12:13:59,257 [INFO]  Epoch[2] Validation-cross-entropy=0.325962
2024-04-02 12:13:59,257 [INFO]  Epoch[2] Validation-pericardial-accuracy=0.000000
2024-04-02 12:13:59,259 [INFO]  Epoch[3] Batch [0-3]	Speed: 27696.60 samples/sec	cross-entropy=0.578463	pericardial-accuracy=2.750000
2024-04-02 12:13:59,260 [INFO]  Epoch[3] Train-cross-entropy=0.552744
2024-04-02 12:13:59,261 [INFO]  Epoch[3] Train-pericardial-accuracy=2.833333
2024-04-02 12:13:59,261 [INFO]  Epoch[3] Time cost=0.004
2024-04-02 12:13:59,262 [INFO]  Saved checkpoint to "./imputer_model/imputer_model_pericardial/model-0003.params"
2024-04-02 12:13:59,262 [INFO]  Epoch[3] Validation-cross-entropy=0.723651
2024-04-02 12:13:59,262 [INFO]  Epoch[3] Validation-pericardial-accuracy=0.000000
2024-04-02 12:13:59,265 [INFO]  Epoch[4] Batch [0-3]	Speed: 27265.25 samples/sec	cross-entropy=0.676198	pericardial-accuracy=2.750000
2024-04-02 12:13:59,266 [INFO]  Epoch[4] Train-cross-entropy=0.602514
2024-04-02 12:13:59,266 [INFO]  Epoch[4] Train-pericardial-accuracy=2.833333
2024-04-02 12:13:59,266 [INFO]  Epoch[4] Time cost=0.004
2024-04-02 12:13:59,268 [INFO]  Saved checkpoint to "./imputer_model/imputer_model_pericardial/model-0004.params"
2024-04-02 12:13:59,268 [INFO]  Epoch[4] Validation-cross-entropy=0.565721
2024-04-02 12:13:59,268 [INFO]  Epoch[4] Validation-pericardial-accuracy=0.000000
2024-04-02 12:13:59,268 [INFO]  
========== done (0.032616615295410156 s) fit model
2024-04-02 12:14:02,352 [INFO]  
========== start: fit model
2024-04-02 12:14:02,353 [WARNING]  Already bound, ignoring bind()
2024-04-02 12:14:02,357 [INFO]  Epoch[0] Batch [0-3]	Speed: 22638.77 samples/sec	cross-entropy=18.016642	pericardial-accuracy=0.000000
2024-04-02 12:14:02,358 [INFO]  Epoch[0] Train-cross-entropy=14.892799
2024-04-02 12:14:02,358 [INFO]  Epoch[0] Train-pericardial-accuracy=0.000000
2024-04-02 12:14:02,358 [INFO]  Epoch[0] Time cost=0.005
2024-04-02 12:14:02,360 [INFO]  Saved checkpoint to "./imputer_model/imputer_model_pericardial/model-0000.params"
2024-04-02 12:14:02,360 [INFO]  Epoch[0] Validation-cross-entropy=42.921436
2024-04-02 12:14:02,360 [INFO]  Epoch[0] Validation-pericardial-accuracy=0.000000
2024-04-02 12:14:02,363 [INFO]  Epoch[1] Batch [0-3]	Speed: 23766.57 samples/sec	cross-entropy=8.329631	pericardial-accuracy=0.000000
2024-04-02 12:14:02,364 [INFO]  Epoch[1] Train-cross-entropy=6.703265
2024-04-02 12:14:02,364 [INFO]  Epoch[1] Train-pericardial-accuracy=0.000000
2024-04-02 12:14:02,364 [INFO]  Epoch[1] Time cost=0.004
2024-04-02 12:14:02,366 [INFO]  Saved checkpoint to "./imputer_model/imputer_model_pericardial/model-0001.params"
2024-04-02 12:14:02,366 [INFO]  Epoch[1] Validation-cross-entropy=26.153381
2024-04-02 12:14:02,366 [INFO]  Epoch[1] Validation-pericardial-accuracy=0.000000
2024-04-02 12:14:02,369 [INFO]  Epoch[2] Batch [0-3]	Speed: 23511.22 samples/sec	cross-entropy=3.700864	pericardial-accuracy=0.000000
2024-04-02 12:14:02,370 [INFO]  Epoch[2] Train-cross-entropy=2.900016
2024-04-02 12:14:02,370 [INFO]  Epoch[2] Train-pericardial-accuracy=0.000000
2024-04-02 12:14:02,370 [INFO]  Epoch[2] Time cost=0.004
2024-04-02 12:14:02,372 [INFO]  Saved checkpoint to "./imputer_model/imputer_model_pericardial/model-0002.params"
2024-04-02 12:14:02,372 [INFO]  Epoch[2] Validation-cross-entropy=12.694825
2024-04-02 12:14:02,372 [INFO]  Epoch[2] Validation-pericardial-accuracy=0.000000
2024-04-02 12:14:02,375 [INFO]  Epoch[3] Batch [0-3]	Speed: 26034.73 samples/sec	cross-entropy=1.583514	pericardial-accuracy=0.000000
2024-04-02 12:14:02,376 [INFO]  Epoch[3] Train-cross-entropy=1.254455
2024-04-02 12:14:02,376 [INFO]  Epoch[3] Train-pericardial-accuracy=0.000000
2024-04-02 12:14:02,376 [INFO]  Epoch[3] Time cost=0.004
2024-04-02 12:14:02,377 [INFO]  Saved checkpoint to "./imputer_model/imputer_model_pericardial/model-0003.params"
2024-04-02 12:14:02,378 [INFO]  Epoch[3] Validation-cross-entropy=5.950963
2024-04-02 12:14:02,378 [INFO]  Epoch[3] Validation-pericardial-accuracy=0.000000
2024-04-02 12:14:02,380 [INFO]  Epoch[4] Batch [0-3]	Speed: 27424.95 samples/sec	cross-entropy=0.813286	pericardial-accuracy=0.000000
2024-04-02 12:14:02,382 [INFO]  Epoch[4] Train-cross-entropy=0.684901
2024-04-02 12:14:02,382 [INFO]  Epoch[4] Train-pericardial-accuracy=0.000000
2024-04-02 12:14:02,382 [INFO]  Epoch[4] Time cost=0.004
2024-04-02 12:14:02,383 [INFO]  Saved checkpoint to "./imputer_model/imputer_model_pericardial/model-0004.params"
2024-04-02 12:14:02,383 [INFO]  Epoch[4] Validation-cross-entropy=3.844506
2024-04-02 12:14:02,383 [INFO]  Epoch[4] Validation-pericardial-accuracy=0.000000
2024-04-02 12:14:02,384 [INFO]  
========== done (0.03114485740661621 s) fit model
2024-04-02 12:14:05,622 [INFO]  
========== start: fit model
2024-04-02 12:14:05,622 [WARNING]  Already bound, ignoring bind()
2024-04-02 12:14:05,626 [INFO]  Epoch[0] Batch [0-3]	Speed: 27769.19 samples/sec	cross-entropy=16.619677	pericardial-accuracy=3.500000
2024-04-02 12:14:05,627 [INFO]  Epoch[0] Train-cross-entropy=18.472534
2024-04-02 12:14:05,628 [INFO]  Epoch[0] Train-pericardial-accuracy=3.166667
2024-04-02 12:14:05,628 [INFO]  Epoch[0] Time cost=0.004
2024-04-02 12:14:05,629 [INFO]  Saved checkpoint to "./imputer_model/imputer_model_pericardial/model-0000.params"
2024-04-02 12:14:05,629 [INFO]  Epoch[0] Validation-cross-entropy=45.412266
2024-04-02 12:14:05,629 [INFO]  Epoch[0] Validation-pericardial-accuracy=0.000000
2024-04-02 12:14:05,633 [INFO]  Epoch[1] Batch [0-3]	Speed: 20923.57 samples/sec	cross-entropy=8.174690	pericardial-accuracy=3.500000
2024-04-02 12:14:05,634 [INFO]  Epoch[1] Train-cross-entropy=9.558253
2024-04-02 12:14:05,634 [INFO]  Epoch[1] Train-pericardial-accuracy=3.166667
2024-04-02 12:14:05,634 [INFO]  Epoch[1] Time cost=0.005
2024-04-02 12:14:05,635 [INFO]  Saved checkpoint to "./imputer_model/imputer_model_pericardial/model-0001.params"
2024-04-02 12:14:05,636 [INFO]  Epoch[1] Validation-cross-entropy=25.881096
2024-04-02 12:14:05,636 [INFO]  Epoch[1] Validation-pericardial-accuracy=0.000000
2024-04-02 12:14:05,639 [INFO]  Epoch[2] Batch [0-3]	Speed: 23226.42 samples/sec	cross-entropy=4.196321	pericardial-accuracy=3.500000
2024-04-02 12:14:05,642 [INFO]  Epoch[2] Train-cross-entropy=4.988881
2024-04-02 12:14:05,642 [INFO]  Epoch[2] Train-pericardial-accuracy=3.166667
2024-04-02 12:14:05,642 [INFO]  Epoch[2] Time cost=0.006
2024-04-02 12:14:05,645 [INFO]  Saved checkpoint to "./imputer_model/imputer_model_pericardial/model-0002.params"
2024-04-02 12:14:05,646 [INFO]  Epoch[2] Validation-cross-entropy=12.183527
2024-04-02 12:14:05,647 [INFO]  Epoch[2] Validation-pericardial-accuracy=0.000000
2024-04-02 12:14:05,652 [INFO]  Epoch[3] Batch [0-3]	Speed: 13850.21 samples/sec	cross-entropy=1.866425	pericardial-accuracy=3.500000
2024-04-02 12:14:05,654 [INFO]  Epoch[3] Train-cross-entropy=2.296863
2024-04-02 12:14:05,654 [INFO]  Epoch[3] Train-pericardial-accuracy=3.166667
2024-04-02 12:14:05,654 [INFO]  Epoch[3] Time cost=0.008
2024-04-02 12:14:05,657 [INFO]  Saved checkpoint to "./imputer_model/imputer_model_pericardial/model-0003.params"
2024-04-02 12:14:05,658 [INFO]  Epoch[3] Validation-cross-entropy=3.943525
2024-04-02 12:14:05,658 [INFO]  Epoch[3] Validation-pericardial-accuracy=0.000000
2024-04-02 12:14:05,661 [INFO]  Epoch[4] Batch [0-3]	Speed: 20708.35 samples/sec	cross-entropy=0.827664	pericardial-accuracy=3.500000
2024-04-02 12:14:05,663 [INFO]  Epoch[4] Train-cross-entropy=1.057106
2024-04-02 12:14:05,663 [INFO]  Epoch[4] Train-pericardial-accuracy=3.166667
2024-04-02 12:14:05,663 [INFO]  Epoch[4] Time cost=0.005
2024-04-02 12:14:05,665 [INFO]  Saved checkpoint to "./imputer_model/imputer_model_pericardial/model-0004.params"
2024-04-02 12:14:05,665 [INFO]  Epoch[4] Validation-cross-entropy=0.969713
2024-04-02 12:14:05,665 [INFO]  Epoch[4] Validation-pericardial-accuracy=0.000000
2024-04-02 12:14:05,665 [INFO]  
========== done (0.043081045150756836 s) fit model
2024-04-02 12:14:09,424 [INFO]  
========== start: fit model
2024-04-02 12:14:09,424 [WARNING]  Already bound, ignoring bind()
2024-04-02 12:14:09,429 [INFO]  Epoch[0] Batch [0-3]	Speed: 22932.75 samples/sec	cross-entropy=19.171456	pericardial-accuracy=3.250000
2024-04-02 12:14:09,430 [INFO]  Epoch[0] Train-cross-entropy=16.437271
2024-04-02 12:14:09,430 [INFO]  Epoch[0] Train-pericardial-accuracy=2.666667
2024-04-02 12:14:09,430 [INFO]  Epoch[0] Time cost=0.005
2024-04-02 12:14:09,432 [INFO]  Saved checkpoint to "./imputer_model/imputer_model_pericardial/model-0000.params"
2024-04-02 12:14:09,432 [INFO]  Epoch[0] Validation-cross-entropy=1.115271
2024-04-02 12:14:09,432 [INFO]  Epoch[0] Validation-pericardial-accuracy=0.000000
2024-04-02 12:14:09,435 [INFO]  Epoch[1] Batch [0-3]	Speed: 24206.64 samples/sec	cross-entropy=9.849297	pericardial-accuracy=3.250000
2024-04-02 12:14:09,437 [INFO]  Epoch[1] Train-cross-entropy=8.581031
2024-04-02 12:14:09,437 [INFO]  Epoch[1] Train-pericardial-accuracy=2.666667
2024-04-02 12:14:09,437 [INFO]  Epoch[1] Time cost=0.004
2024-04-02 12:14:09,438 [INFO]  Saved checkpoint to "./imputer_model/imputer_model_pericardial/model-0001.params"
2024-04-02 12:14:09,439 [INFO]  Epoch[1] Validation-cross-entropy=0.736039
2024-04-02 12:14:09,439 [INFO]  Epoch[1] Validation-pericardial-accuracy=0.000000
2024-04-02 12:14:09,442 [INFO]  Epoch[2] Batch [0-3]	Speed: 21129.99 samples/sec	cross-entropy=5.092830	pericardial-accuracy=3.250000
2024-04-02 12:14:09,443 [INFO]  Epoch[2] Train-cross-entropy=4.376351
2024-04-02 12:14:09,443 [INFO]  Epoch[2] Train-pericardial-accuracy=2.666667
2024-04-02 12:14:09,443 [INFO]  Epoch[2] Time cost=0.005
2024-04-02 12:14:09,445 [INFO]  Saved checkpoint to "./imputer_model/imputer_model_pericardial/model-0002.params"
2024-04-02 12:14:09,445 [INFO]  Epoch[2] Validation-cross-entropy=0.605211
2024-04-02 12:14:09,445 [INFO]  Epoch[2] Validation-pericardial-accuracy=0.000000
2024-04-02 12:14:09,448 [INFO]  Epoch[3] Batch [0-3]	Speed: 23688.27 samples/sec	cross-entropy=2.055739	pericardial-accuracy=3.250000
2024-04-02 12:14:09,449 [INFO]  Epoch[3] Train-cross-entropy=1.795172
2024-04-02 12:14:09,450 [INFO]  Epoch[3] Train-pericardial-accuracy=2.666667
2024-04-02 12:14:09,450 [INFO]  Epoch[3] Time cost=0.004
2024-04-02 12:14:09,451 [INFO]  Saved checkpoint to "./imputer_model/imputer_model_pericardial/model-0003.params"
2024-04-02 12:14:09,451 [INFO]  Epoch[3] Validation-cross-entropy=0.617346
2024-04-02 12:14:09,451 [INFO]  Epoch[3] Validation-pericardial-accuracy=0.000000
2024-04-02 12:14:09,454 [INFO]  Epoch[4] Batch [0-3]	Speed: 23876.49 samples/sec	cross-entropy=0.834766	pericardial-accuracy=3.250000
2024-04-02 12:14:09,456 [INFO]  Epoch[4] Train-cross-entropy=0.768553
2024-04-02 12:14:09,456 [INFO]  Epoch[4] Train-pericardial-accuracy=2.666667
2024-04-02 12:14:09,456 [INFO]  Epoch[4] Time cost=0.004
2024-04-02 12:14:09,457 [INFO]  Saved checkpoint to "./imputer_model/imputer_model_pericardial/model-0004.params"
2024-04-02 12:14:09,458 [INFO]  Epoch[4] Validation-cross-entropy=0.485617
2024-04-02 12:14:09,458 [INFO]  Epoch[4] Validation-pericardial-accuracy=0.000000
2024-04-02 12:14:09,458 [INFO]  
========== done (0.033507585525512695 s) fit model
2024-04-02 12:14:13,224 [INFO]  
========== start: fit model
2024-04-02 12:14:13,224 [WARNING]  Already bound, ignoring bind()
2024-04-02 12:14:13,228 [INFO]  Epoch[0] Batch [0-3]	Speed: 23312.48 samples/sec	cross-entropy=13.750332	pericardial-accuracy=3.750000
2024-04-02 12:14:13,230 [INFO]  Epoch[0] Train-cross-entropy=13.846126
2024-04-02 12:14:13,230 [INFO]  Epoch[0] Train-pericardial-accuracy=3.166667
2024-04-02 12:14:13,230 [INFO]  Epoch[0] Time cost=0.005
2024-04-02 12:14:13,231 [INFO]  Saved checkpoint to "./imputer_model/imputer_model_pericardial/model-0000.params"
2024-04-02 12:14:13,232 [INFO]  Epoch[0] Validation-cross-entropy=20.618961
2024-04-02 12:14:13,232 [INFO]  Epoch[0] Validation-pericardial-accuracy=0.000000
2024-04-02 12:14:13,234 [INFO]  Epoch[1] Batch [0-3]	Speed: 25112.46 samples/sec	cross-entropy=6.438457	pericardial-accuracy=3.750000
2024-04-02 12:14:13,236 [INFO]  Epoch[1] Train-cross-entropy=6.750016
2024-04-02 12:14:13,236 [INFO]  Epoch[1] Train-pericardial-accuracy=3.166667
2024-04-02 12:14:13,236 [INFO]  Epoch[1] Time cost=0.004
2024-04-02 12:14:13,237 [INFO]  Saved checkpoint to "./imputer_model/imputer_model_pericardial/model-0001.params"
2024-04-02 12:14:13,238 [INFO]  Epoch[1] Validation-cross-entropy=6.963494
2024-04-02 12:14:13,238 [INFO]  Epoch[1] Validation-pericardial-accuracy=0.000000
2024-04-02 12:14:13,241 [INFO]  Epoch[2] Batch [0-3]	Speed: 20723.27 samples/sec	cross-entropy=2.963614	pericardial-accuracy=3.750000
2024-04-02 12:14:13,243 [INFO]  Epoch[2] Train-cross-entropy=3.028795
2024-04-02 12:14:13,243 [INFO]  Epoch[2] Train-pericardial-accuracy=3.166667
2024-04-02 12:14:13,243 [INFO]  Epoch[2] Time cost=0.005
2024-04-02 12:14:13,245 [INFO]  Saved checkpoint to "./imputer_model/imputer_model_pericardial/model-0002.params"
2024-04-02 12:14:13,245 [INFO]  Epoch[2] Validation-cross-entropy=1.766865
2024-04-02 12:14:13,245 [INFO]  Epoch[2] Validation-pericardial-accuracy=0.000000
2024-04-02 12:14:13,248 [INFO]  Epoch[3] Batch [0-3]	Speed: 20740.35 samples/sec	cross-entropy=1.352571	pericardial-accuracy=3.750000
2024-04-02 12:14:13,250 [INFO]  Epoch[3] Train-cross-entropy=1.369685
2024-04-02 12:14:13,250 [INFO]  Epoch[3] Train-pericardial-accuracy=3.166667
2024-04-02 12:14:13,250 [INFO]  Epoch[3] Time cost=0.005
2024-04-02 12:14:13,251 [INFO]  Saved checkpoint to "./imputer_model/imputer_model_pericardial/model-0003.params"
2024-04-02 12:14:13,252 [INFO]  Epoch[3] Validation-cross-entropy=0.341603
2024-04-02 12:14:13,252 [INFO]  Epoch[3] Validation-pericardial-accuracy=0.000000
2024-04-02 12:14:13,255 [INFO]  Epoch[4] Batch [0-3]	Speed: 26183.72 samples/sec	cross-entropy=0.839589	pericardial-accuracy=3.750000
2024-04-02 12:14:13,256 [INFO]  Epoch[4] Train-cross-entropy=0.796649
2024-04-02 12:14:13,256 [INFO]  Epoch[4] Train-pericardial-accuracy=3.166667
2024-04-02 12:14:13,256 [INFO]  Epoch[4] Time cost=0.004
2024-04-02 12:14:13,257 [INFO]  Saved checkpoint to "./imputer_model/imputer_model_pericardial/model-0004.params"
2024-04-02 12:14:13,258 [INFO]  Epoch[4] Validation-cross-entropy=1.169908
2024-04-02 12:14:13,258 [INFO]  Epoch[4] Validation-pericardial-accuracy=0.000000
2024-04-02 12:14:13,258 [INFO]  
========== done (0.03375959396362305 s) fit model
2024-04-02 12:14:16,670 [INFO]  
========== start: fit model
2024-04-02 12:14:16,670 [WARNING]  Already bound, ignoring bind()
2024-04-02 12:14:16,675 [INFO]  Epoch[0] Batch [0-3]	Speed: 22844.27 samples/sec	cross-entropy=14.404986	pericardial-accuracy=3.250000
2024-04-02 12:14:16,676 [INFO]  Epoch[0] Train-cross-entropy=11.967946
2024-04-02 12:14:16,677 [INFO]  Epoch[0] Train-pericardial-accuracy=3.166667
2024-04-02 12:14:16,677 [INFO]  Epoch[0] Time cost=0.005
2024-04-02 12:14:16,678 [INFO]  Saved checkpoint to "./imputer_model/imputer_model_pericardial/model-0000.params"
2024-04-02 12:14:16,679 [INFO]  Epoch[0] Validation-cross-entropy=7.857158
2024-04-02 12:14:16,679 [INFO]  Epoch[0] Validation-pericardial-accuracy=0.000000
2024-04-02 12:14:16,682 [INFO]  Epoch[1] Batch [0-3]	Speed: 23769.37 samples/sec	cross-entropy=6.378604	pericardial-accuracy=3.250000
2024-04-02 12:14:16,683 [INFO]  Epoch[1] Train-cross-entropy=5.334375
2024-04-02 12:14:16,683 [INFO]  Epoch[1] Train-pericardial-accuracy=3.166667
2024-04-02 12:14:16,683 [INFO]  Epoch[1] Time cost=0.004
2024-04-02 12:14:16,685 [INFO]  Saved checkpoint to "./imputer_model/imputer_model_pericardial/model-0001.params"
2024-04-02 12:14:16,685 [INFO]  Epoch[1] Validation-cross-entropy=4.594644
2024-04-02 12:14:16,685 [INFO]  Epoch[1] Validation-pericardial-accuracy=0.000000
2024-04-02 12:14:16,688 [INFO]  Epoch[2] Batch [0-3]	Speed: 23431.87 samples/sec	cross-entropy=2.748666	pericardial-accuracy=3.250000
2024-04-02 12:14:16,689 [INFO]  Epoch[2] Train-cross-entropy=2.294097
2024-04-02 12:14:16,689 [INFO]  Epoch[2] Train-pericardial-accuracy=3.166667
2024-04-02 12:14:16,689 [INFO]  Epoch[2] Time cost=0.004
2024-04-02 12:14:16,691 [INFO]  Saved checkpoint to "./imputer_model/imputer_model_pericardial/model-0002.params"
2024-04-02 12:14:16,691 [INFO]  Epoch[2] Validation-cross-entropy=2.353160
2024-04-02 12:14:16,691 [INFO]  Epoch[2] Validation-pericardial-accuracy=0.000000
2024-04-02 12:14:16,694 [INFO]  Epoch[3] Batch [0-3]	Speed: 28141.82 samples/sec	cross-entropy=1.045766	pericardial-accuracy=3.250000
2024-04-02 12:14:16,695 [INFO]  Epoch[3] Train-cross-entropy=0.948892
2024-04-02 12:14:16,696 [INFO]  Epoch[3] Train-pericardial-accuracy=3.166667
2024-04-02 12:14:16,696 [INFO]  Epoch[3] Time cost=0.004
2024-04-02 12:14:16,697 [INFO]  Saved checkpoint to "./imputer_model/imputer_model_pericardial/model-0003.params"
2024-04-02 12:14:16,697 [INFO]  Epoch[3] Validation-cross-entropy=1.665077
2024-04-02 12:14:16,697 [INFO]  Epoch[3] Validation-pericardial-accuracy=0.000000
2024-04-02 12:14:16,700 [INFO]  Epoch[4] Batch [0-3]	Speed: 26500.80 samples/sec	cross-entropy=0.487299	pericardial-accuracy=3.250000
2024-04-02 12:14:16,701 [INFO]  Epoch[4] Train-cross-entropy=0.569042
2024-04-02 12:14:16,701 [INFO]  Epoch[4] Train-pericardial-accuracy=3.166667
2024-04-02 12:14:16,701 [INFO]  Epoch[4] Time cost=0.004
2024-04-02 12:14:16,703 [INFO]  Saved checkpoint to "./imputer_model/imputer_model_pericardial/model-0004.params"
2024-04-02 12:14:16,703 [INFO]  Epoch[4] Validation-cross-entropy=1.877038
2024-04-02 12:14:16,703 [INFO]  Epoch[4] Validation-pericardial-accuracy=0.000000
2024-04-02 12:14:16,703 [INFO]  
========== done (0.033272504806518555 s) fit model
2024-04-02 12:14:20,166 [INFO]  
========== start: fit model
2024-04-02 12:14:20,167 [WARNING]  Already bound, ignoring bind()
2024-04-02 12:14:20,171 [INFO]  Epoch[0] Batch [0-3]	Speed: 23657.65 samples/sec	cross-entropy=23.178398	pericardial-accuracy=3.250000
2024-04-02 12:14:20,172 [INFO]  Epoch[0] Train-cross-entropy=20.704372
2024-04-02 12:14:20,172 [INFO]  Epoch[0] Train-pericardial-accuracy=4.166667
2024-04-02 12:14:20,172 [INFO]  Epoch[0] Time cost=0.005
2024-04-02 12:14:20,174 [INFO]  Saved checkpoint to "./imputer_model/imputer_model_pericardial/model-0000.params"
2024-04-02 12:14:20,174 [INFO]  Epoch[0] Validation-cross-entropy=14.447186
2024-04-02 12:14:20,174 [INFO]  Epoch[0] Validation-pericardial-accuracy=0.000000
2024-04-02 12:14:20,177 [INFO]  Epoch[1] Batch [0-3]	Speed: 23746.94 samples/sec	cross-entropy=11.903607	pericardial-accuracy=3.250000
2024-04-02 12:14:20,179 [INFO]  Epoch[1] Train-cross-entropy=10.619698
2024-04-02 12:14:20,179 [INFO]  Epoch[1] Train-pericardial-accuracy=4.166667
2024-04-02 12:14:20,179 [INFO]  Epoch[1] Time cost=0.004
2024-04-02 12:14:20,180 [INFO]  Saved checkpoint to "./imputer_model/imputer_model_pericardial/model-0001.params"
2024-04-02 12:14:20,180 [INFO]  Epoch[1] Validation-cross-entropy=6.084383
2024-04-02 12:14:20,180 [INFO]  Epoch[1] Validation-pericardial-accuracy=0.000000
2024-04-02 12:14:20,184 [INFO]  Epoch[2] Batch [0-3]	Speed: 21028.47 samples/sec	cross-entropy=6.032941	pericardial-accuracy=3.250000
2024-04-02 12:14:20,185 [INFO]  Epoch[2] Train-cross-entropy=5.150997
2024-04-02 12:14:20,185 [INFO]  Epoch[2] Train-pericardial-accuracy=4.166667
2024-04-02 12:14:20,185 [INFO]  Epoch[2] Time cost=0.005
2024-04-02 12:14:20,186 [INFO]  Saved checkpoint to "./imputer_model/imputer_model_pericardial/model-0002.params"
2024-04-02 12:14:20,187 [INFO]  Epoch[2] Validation-cross-entropy=1.998438
2024-04-02 12:14:20,187 [INFO]  Epoch[2] Validation-pericardial-accuracy=0.000000
2024-04-02 12:14:20,190 [INFO]  Epoch[3] Batch [0-3]	Speed: 23229.10 samples/sec	cross-entropy=2.623385	pericardial-accuracy=3.250000
2024-04-02 12:14:20,191 [INFO]  Epoch[3] Train-cross-entropy=2.234497
2024-04-02 12:14:20,191 [INFO]  Epoch[3] Train-pericardial-accuracy=4.166667
2024-04-02 12:14:20,191 [INFO]  Epoch[3] Time cost=0.004
2024-04-02 12:14:20,193 [INFO]  Saved checkpoint to "./imputer_model/imputer_model_pericardial/model-0003.params"
2024-04-02 12:14:20,193 [INFO]  Epoch[3] Validation-cross-entropy=1.264683
2024-04-02 12:14:20,193 [INFO]  Epoch[3] Validation-pericardial-accuracy=0.000000
2024-04-02 12:14:20,196 [INFO]  Epoch[4] Batch [0-3]	Speed: 23772.18 samples/sec	cross-entropy=1.002553	pericardial-accuracy=3.250000
2024-04-02 12:14:20,197 [INFO]  Epoch[4] Train-cross-entropy=0.931318
2024-04-02 12:14:20,197 [INFO]  Epoch[4] Train-pericardial-accuracy=4.166667
2024-04-02 12:14:20,197 [INFO]  Epoch[4] Time cost=0.004
2024-04-02 12:14:20,199 [INFO]  Saved checkpoint to "./imputer_model/imputer_model_pericardial/model-0004.params"
2024-04-02 12:14:20,199 [INFO]  Epoch[4] Validation-cross-entropy=1.071740
2024-04-02 12:14:20,199 [INFO]  Epoch[4] Validation-pericardial-accuracy=0.000000
2024-04-02 12:14:20,199 [INFO]  
========== done (0.03285837173461914 s) fit model
2024-04-02 12:14:24,417 [INFO]  
========== start: fit model
2024-04-02 12:14:24,417 [WARNING]  Already bound, ignoring bind()
2024-04-02 12:14:24,421 [INFO]  Epoch[0] Batch [0-3]	Speed: 25087.43 samples/sec	cross-entropy=13.142124	pericardial-accuracy=2.750000
2024-04-02 12:14:24,423 [INFO]  Epoch[0] Train-cross-entropy=11.128618
2024-04-02 12:14:24,423 [INFO]  Epoch[0] Train-pericardial-accuracy=3.000000
2024-04-02 12:14:24,423 [INFO]  Epoch[0] Time cost=0.005
2024-04-02 12:14:24,424 [INFO]  Saved checkpoint to "./imputer_model/imputer_model_pericardial/model-0000.params"
2024-04-02 12:14:24,425 [INFO]  Epoch[0] Validation-cross-entropy=19.721952
2024-04-02 12:14:24,425 [INFO]  Epoch[0] Validation-pericardial-accuracy=0.000000
2024-04-02 12:14:24,428 [INFO]  Epoch[1] Batch [0-3]	Speed: 25191.02 samples/sec	cross-entropy=5.419980	pericardial-accuracy=2.750000
2024-04-02 12:14:24,429 [INFO]  Epoch[1] Train-cross-entropy=4.685041
2024-04-02 12:14:24,429 [INFO]  Epoch[1] Train-pericardial-accuracy=3.000000
2024-04-02 12:14:24,429 [INFO]  Epoch[1] Time cost=0.004
2024-04-02 12:14:24,430 [INFO]  Saved checkpoint to "./imputer_model/imputer_model_pericardial/model-0001.params"
2024-04-02 12:14:24,431 [INFO]  Epoch[1] Validation-cross-entropy=10.347888
2024-04-02 12:14:24,431 [INFO]  Epoch[1] Validation-pericardial-accuracy=0.000000
2024-04-02 12:14:24,434 [INFO]  Epoch[2] Batch [0-3]	Speed: 23907.68 samples/sec	cross-entropy=2.175467	pericardial-accuracy=2.750000
2024-04-02 12:14:24,435 [INFO]  Epoch[2] Train-cross-entropy=1.864957
2024-04-02 12:14:24,435 [INFO]  Epoch[2] Train-pericardial-accuracy=3.000000
2024-04-02 12:14:24,435 [INFO]  Epoch[2] Time cost=0.004
2024-04-02 12:14:24,436 [INFO]  Saved checkpoint to "./imputer_model/imputer_model_pericardial/model-0002.params"
2024-04-02 12:14:24,437 [INFO]  Epoch[2] Validation-cross-entropy=3.664228
2024-04-02 12:14:24,437 [INFO]  Epoch[2] Validation-pericardial-accuracy=0.000000
2024-04-02 12:14:24,440 [INFO]  Epoch[3] Batch [0-3]	Speed: 18742.00 samples/sec	cross-entropy=0.695332	pericardial-accuracy=2.750000
2024-04-02 12:14:24,444 [INFO]  Epoch[3] Train-cross-entropy=0.661307
2024-04-02 12:14:24,444 [INFO]  Epoch[3] Train-pericardial-accuracy=3.000000
2024-04-02 12:14:24,444 [INFO]  Epoch[3] Time cost=0.007
2024-04-02 12:14:24,448 [INFO]  Saved checkpoint to "./imputer_model/imputer_model_pericardial/model-0003.params"
2024-04-02 12:14:24,449 [INFO]  Epoch[3] Validation-cross-entropy=1.148523
2024-04-02 12:14:24,449 [INFO]  Epoch[3] Validation-pericardial-accuracy=0.000000
2024-04-02 12:14:24,455 [INFO]  Epoch[4] Batch [0-3]	Speed: 11222.22 samples/sec	cross-entropy=0.342802	pericardial-accuracy=2.750000
2024-04-02 12:14:24,458 [INFO]  Epoch[4] Train-cross-entropy=0.369324
2024-04-02 12:14:24,458 [INFO]  Epoch[4] Train-pericardial-accuracy=3.000000
2024-04-02 12:14:24,458 [INFO]  Epoch[4] Time cost=0.009
2024-04-02 12:14:24,460 [INFO]  Saved checkpoint to "./imputer_model/imputer_model_pericardial/model-0004.params"
2024-04-02 12:14:24,461 [INFO]  Epoch[4] Validation-cross-entropy=0.646704
2024-04-02 12:14:24,461 [INFO]  Epoch[4] Validation-pericardial-accuracy=0.000000
2024-04-02 12:14:24,461 [INFO]  
========== done (0.04394173622131348 s) fit model
2024-04-02 12:14:28,481 [INFO]  
========== start: fit model
2024-04-02 12:14:28,482 [WARNING]  Already bound, ignoring bind()
2024-04-02 12:14:28,485 [INFO]  Epoch[0] Batch [0-3]	Speed: 27447.39 samples/sec	cross-entropy=16.683419	pericardial-accuracy=3.000000
2024-04-02 12:14:28,487 [INFO]  Epoch[0] Train-cross-entropy=16.271924
2024-04-02 12:14:28,487 [INFO]  Epoch[0] Train-pericardial-accuracy=3.000000
2024-04-02 12:14:28,487 [INFO]  Epoch[0] Time cost=0.004
2024-04-02 12:14:28,488 [INFO]  Saved checkpoint to "./imputer_model/imputer_model_pericardial/model-0000.params"
2024-04-02 12:14:28,489 [INFO]  Epoch[0] Validation-cross-entropy=7.888146
2024-04-02 12:14:28,489 [INFO]  Epoch[0] Validation-pericardial-accuracy=0.000000
2024-04-02 12:14:28,491 [INFO]  Epoch[1] Batch [0-3]	Speed: 26214.40 samples/sec	cross-entropy=8.140096	pericardial-accuracy=3.000000
2024-04-02 12:14:28,493 [INFO]  Epoch[1] Train-cross-entropy=7.932767
2024-04-02 12:14:28,493 [INFO]  Epoch[1] Train-pericardial-accuracy=3.000000
2024-04-02 12:14:28,493 [INFO]  Epoch[1] Time cost=0.004
2024-04-02 12:14:28,494 [INFO]  Saved checkpoint to "./imputer_model/imputer_model_pericardial/model-0001.params"
2024-04-02 12:14:28,495 [INFO]  Epoch[1] Validation-cross-entropy=3.954692
2024-04-02 12:14:28,495 [INFO]  Epoch[1] Validation-pericardial-accuracy=0.000000
2024-04-02 12:14:28,498 [INFO]  Epoch[2] Batch [0-3]	Speed: 23668.77 samples/sec	cross-entropy=4.726777	pericardial-accuracy=3.000000
2024-04-02 12:14:28,499 [INFO]  Epoch[2] Train-cross-entropy=4.545190
2024-04-02 12:14:28,499 [INFO]  Epoch[2] Train-pericardial-accuracy=3.000000
2024-04-02 12:14:28,499 [INFO]  Epoch[2] Time cost=0.004
2024-04-02 12:14:28,500 [INFO]  Saved checkpoint to "./imputer_model/imputer_model_pericardial/model-0002.params"
2024-04-02 12:14:28,501 [INFO]  Epoch[2] Validation-cross-entropy=1.129478
2024-04-02 12:14:28,501 [INFO]  Epoch[2] Validation-pericardial-accuracy=0.000000
2024-04-02 12:14:28,504 [INFO]  Epoch[3] Batch [0-3]	Speed: 25099.94 samples/sec	cross-entropy=2.002938	pericardial-accuracy=3.000000
2024-04-02 12:14:28,505 [INFO]  Epoch[3] Train-cross-entropy=2.155566
2024-04-02 12:14:28,505 [INFO]  Epoch[3] Train-pericardial-accuracy=3.000000
2024-04-02 12:14:28,505 [INFO]  Epoch[3] Time cost=0.004
2024-04-02 12:14:28,507 [INFO]  Saved checkpoint to "./imputer_model/imputer_model_pericardial/model-0003.params"
2024-04-02 12:14:28,507 [INFO]  Epoch[3] Validation-cross-entropy=0.887150
2024-04-02 12:14:28,507 [INFO]  Epoch[3] Validation-pericardial-accuracy=0.000000
2024-04-02 12:14:28,510 [INFO]  Epoch[4] Batch [0-3]	Speed: 25519.91 samples/sec	cross-entropy=0.841518	pericardial-accuracy=3.000000
2024-04-02 12:14:28,511 [INFO]  Epoch[4] Train-cross-entropy=0.935196
2024-04-02 12:14:28,511 [INFO]  Epoch[4] Train-pericardial-accuracy=3.000000
2024-04-02 12:14:28,511 [INFO]  Epoch[4] Time cost=0.004
2024-04-02 12:14:28,513 [INFO]  Saved checkpoint to "./imputer_model/imputer_model_pericardial/model-0004.params"
2024-04-02 12:14:28,513 [INFO]  Epoch[4] Validation-cross-entropy=0.961896
2024-04-02 12:14:28,513 [INFO]  Epoch[4] Validation-pericardial-accuracy=0.000000
2024-04-02 12:14:28,513 [INFO]  
========== done (0.03179335594177246 s) fit model
2024-04-02 12:14:32,169 [INFO]  
========== start: fit model
2024-04-02 12:14:32,169 [WARNING]  Already bound, ignoring bind()
2024-04-02 12:14:32,173 [INFO]  Epoch[0] Batch [0-3]	Speed: 23593.88 samples/sec	cross-entropy=14.879197	pericardial-accuracy=3.500000
2024-04-02 12:14:32,175 [INFO]  Epoch[0] Train-cross-entropy=13.189119
2024-04-02 12:14:32,175 [INFO]  Epoch[0] Train-pericardial-accuracy=3.500000
2024-04-02 12:14:32,175 [INFO]  Epoch[0] Time cost=0.005
2024-04-02 12:14:32,176 [INFO]  Saved checkpoint to "./imputer_model/imputer_model_pericardial/model-0000.params"
2024-04-02 12:14:32,177 [INFO]  Epoch[0] Validation-cross-entropy=8.408773
2024-04-02 12:14:32,177 [INFO]  Epoch[0] Validation-pericardial-accuracy=0.000000
2024-04-02 12:14:32,180 [INFO]  Epoch[1] Batch [0-3]	Speed: 23646.53 samples/sec	cross-entropy=5.684125	pericardial-accuracy=3.500000
2024-04-02 12:14:32,181 [INFO]  Epoch[1] Train-cross-entropy=5.444225
2024-04-02 12:14:32,181 [INFO]  Epoch[1] Train-pericardial-accuracy=3.500000
2024-04-02 12:14:32,181 [INFO]  Epoch[1] Time cost=0.004
2024-04-02 12:14:32,183 [INFO]  Saved checkpoint to "./imputer_model/imputer_model_pericardial/model-0001.params"
2024-04-02 12:14:32,183 [INFO]  Epoch[1] Validation-cross-entropy=1.389471
2024-04-02 12:14:32,183 [INFO]  Epoch[1] Validation-pericardial-accuracy=0.000000
2024-04-02 12:14:32,186 [INFO]  Epoch[2] Batch [0-3]	Speed: 21259.41 samples/sec	cross-entropy=1.907444	pericardial-accuracy=3.500000
2024-04-02 12:14:32,188 [INFO]  Epoch[2] Train-cross-entropy=1.801770
2024-04-02 12:14:32,188 [INFO]  Epoch[2] Train-pericardial-accuracy=3.500000
2024-04-02 12:14:32,188 [INFO]  Epoch[2] Time cost=0.005
2024-04-02 12:14:32,189 [INFO]  Saved checkpoint to "./imputer_model/imputer_model_pericardial/model-0002.params"
2024-04-02 12:14:32,190 [INFO]  Epoch[2] Validation-cross-entropy=0.206871
2024-04-02 12:14:32,190 [INFO]  Epoch[2] Validation-pericardial-accuracy=0.000000
2024-04-02 12:14:32,193 [INFO]  Epoch[3] Batch [0-3]	Speed: 24010.33 samples/sec	cross-entropy=0.847813	pericardial-accuracy=3.500000
2024-04-02 12:14:32,194 [INFO]  Epoch[3] Train-cross-entropy=0.749891
2024-04-02 12:14:32,194 [INFO]  Epoch[3] Train-pericardial-accuracy=3.500000
2024-04-02 12:14:32,194 [INFO]  Epoch[3] Time cost=0.004
2024-04-02 12:14:32,196 [INFO]  Saved checkpoint to "./imputer_model/imputer_model_pericardial/model-0003.params"
2024-04-02 12:14:32,196 [INFO]  Epoch[3] Validation-cross-entropy=0.488694
2024-04-02 12:14:32,196 [INFO]  Epoch[3] Validation-pericardial-accuracy=0.000000
2024-04-02 12:14:32,199 [INFO]  Epoch[4] Batch [0-3]	Speed: 24555.02 samples/sec	cross-entropy=0.778765	pericardial-accuracy=3.500000
2024-04-02 12:14:32,200 [INFO]  Epoch[4] Train-cross-entropy=0.602298
2024-04-02 12:14:32,200 [INFO]  Epoch[4] Train-pericardial-accuracy=3.500000
2024-04-02 12:14:32,201 [INFO]  Epoch[4] Time cost=0.004
2024-04-02 12:14:32,202 [INFO]  Saved checkpoint to "./imputer_model/imputer_model_pericardial/model-0004.params"
2024-04-02 12:14:32,202 [INFO]  Epoch[4] Validation-cross-entropy=0.739521
2024-04-02 12:14:32,202 [INFO]  Epoch[4] Validation-pericardial-accuracy=0.000000
2024-04-02 12:14:32,202 [INFO]  
========== done (0.03377795219421387 s) fit model
2024-04-02 12:14:35,981 [INFO]  
========== start: fit model
2024-04-02 12:14:35,981 [WARNING]  Already bound, ignoring bind()
2024-04-02 12:14:35,985 [INFO]  Epoch[0] Batch [0-3]	Speed: 26112.40 samples/sec	cross-entropy=25.766838	pericardial-accuracy=3.250000
2024-04-02 12:14:35,986 [INFO]  Epoch[0] Train-cross-entropy=22.292367
2024-04-02 12:14:35,986 [INFO]  Epoch[0] Train-pericardial-accuracy=3.166667
2024-04-02 12:14:35,987 [INFO]  Epoch[0] Time cost=0.005
2024-04-02 12:14:35,988 [INFO]  Saved checkpoint to "./imputer_model/imputer_model_pericardial/model-0000.params"
2024-04-02 12:14:35,988 [INFO]  Epoch[0] Validation-cross-entropy=4.513017
2024-04-02 12:14:35,988 [INFO]  Epoch[0] Validation-pericardial-accuracy=0.000000
2024-04-02 12:14:35,991 [INFO]  Epoch[1] Batch [0-3]	Speed: 25937.46 samples/sec	cross-entropy=13.153861	pericardial-accuracy=3.250000
2024-04-02 12:14:35,992 [INFO]  Epoch[1] Train-cross-entropy=11.432039
2024-04-02 12:14:35,992 [INFO]  Epoch[1] Train-pericardial-accuracy=3.166667
2024-04-02 12:14:35,992 [INFO]  Epoch[1] Time cost=0.004
2024-04-02 12:14:35,994 [INFO]  Saved checkpoint to "./imputer_model/imputer_model_pericardial/model-0001.params"
2024-04-02 12:14:35,994 [INFO]  Epoch[1] Validation-cross-entropy=2.024820
2024-04-02 12:14:35,994 [INFO]  Epoch[1] Validation-pericardial-accuracy=0.000000
2024-04-02 12:14:35,997 [INFO]  Epoch[2] Batch [0-3]	Speed: 23000.87 samples/sec	cross-entropy=6.904879	pericardial-accuracy=3.250000
2024-04-02 12:14:35,998 [INFO]  Epoch[2] Train-cross-entropy=5.971765
2024-04-02 12:14:35,998 [INFO]  Epoch[2] Train-pericardial-accuracy=3.166667
2024-04-02 12:14:35,998 [INFO]  Epoch[2] Time cost=0.004
2024-04-02 12:14:36,000 [INFO]  Saved checkpoint to "./imputer_model/imputer_model_pericardial/model-0002.params"
2024-04-02 12:14:36,000 [INFO]  Epoch[2] Validation-cross-entropy=1.602510
2024-04-02 12:14:36,000 [INFO]  Epoch[2] Validation-pericardial-accuracy=0.000000
2024-04-02 12:14:36,003 [INFO]  Epoch[3] Batch [0-3]	Speed: 28008.71 samples/sec	cross-entropy=3.207450	pericardial-accuracy=3.250000
2024-04-02 12:14:36,004 [INFO]  Epoch[3] Train-cross-entropy=2.689676
2024-04-02 12:14:36,004 [INFO]  Epoch[3] Train-pericardial-accuracy=3.166667
2024-04-02 12:14:36,004 [INFO]  Epoch[3] Time cost=0.004
2024-04-02 12:14:36,005 [INFO]  Saved checkpoint to "./imputer_model/imputer_model_pericardial/model-0003.params"
2024-04-02 12:14:36,006 [INFO]  Epoch[3] Validation-cross-entropy=1.054866
2024-04-02 12:14:36,006 [INFO]  Epoch[3] Validation-pericardial-accuracy=0.000000
2024-04-02 12:14:36,008 [INFO]  Epoch[4] Batch [0-3]	Speed: 27473.61 samples/sec	cross-entropy=1.276996	pericardial-accuracy=3.250000
2024-04-02 12:14:36,009 [INFO]  Epoch[4] Train-cross-entropy=1.041915
2024-04-02 12:14:36,009 [INFO]  Epoch[4] Train-pericardial-accuracy=3.166667
2024-04-02 12:14:36,010 [INFO]  Epoch[4] Time cost=0.004
2024-04-02 12:14:36,011 [INFO]  Saved checkpoint to "./imputer_model/imputer_model_pericardial/model-0004.params"
2024-04-02 12:14:36,011 [INFO]  Epoch[4] Validation-cross-entropy=0.578980
2024-04-02 12:14:36,011 [INFO]  Epoch[4] Validation-pericardial-accuracy=0.000000
2024-04-02 12:14:36,011 [INFO]  
========== done (0.030330896377563477 s) fit model
2024-04-02 12:14:40,516 [INFO]  
========== start: fit model
2024-04-02 12:14:40,516 [WARNING]  Already bound, ignoring bind()
2024-04-02 12:14:40,522 [INFO]  Epoch[0] Batch [0-3]	Speed: 19179.44 samples/sec	cross-entropy=21.867737	pericardial-accuracy=0.000000
2024-04-02 12:14:40,523 [INFO]  Epoch[0] Train-cross-entropy=28.408776
2024-04-02 12:14:40,534 [INFO]  Epoch[0] Train-pericardial-accuracy=0.000000
2024-04-02 12:14:40,534 [INFO]  Epoch[0] Time cost=0.017
2024-04-02 12:14:40,536 [INFO]  Saved checkpoint to "./imputer_model/imputer_model_pericardial/model-0000.params"
2024-04-02 12:14:40,539 [INFO]  Epoch[0] Validation-cross-entropy=78.128799
2024-04-02 12:14:40,539 [INFO]  Epoch[0] Validation-pericardial-accuracy=0.000000
2024-04-02 12:14:40,543 [INFO]  Epoch[1] Batch [0-3]	Speed: 20100.50 samples/sec	cross-entropy=12.484563	pericardial-accuracy=0.000000
2024-04-02 12:14:40,544 [INFO]  Epoch[1] Train-cross-entropy=16.406029
2024-04-02 12:14:40,544 [INFO]  Epoch[1] Train-pericardial-accuracy=0.000000
2024-04-02 12:14:40,544 [INFO]  Epoch[1] Time cost=0.005
2024-04-02 12:14:40,546 [INFO]  Saved checkpoint to "./imputer_model/imputer_model_pericardial/model-0001.params"
2024-04-02 12:14:40,546 [INFO]  Epoch[1] Validation-cross-entropy=41.311134
2024-04-02 12:14:40,547 [INFO]  Epoch[1] Validation-pericardial-accuracy=0.000000
2024-04-02 12:14:40,559 [INFO]  Epoch[2] Batch [0-3]	Speed: 17470.20 samples/sec	cross-entropy=7.711583	pericardial-accuracy=0.000000
2024-04-02 12:14:40,561 [INFO]  Epoch[2] Train-cross-entropy=9.395650
2024-04-02 12:14:40,561 [INFO]  Epoch[2] Train-pericardial-accuracy=0.000000
2024-04-02 12:14:40,561 [INFO]  Epoch[2] Time cost=0.014
2024-04-02 12:14:40,562 [INFO]  Saved checkpoint to "./imputer_model/imputer_model_pericardial/model-0002.params"
2024-04-02 12:14:40,563 [INFO]  Epoch[2] Validation-cross-entropy=21.978367
2024-04-02 12:14:40,563 [INFO]  Epoch[2] Validation-pericardial-accuracy=0.000000
2024-04-02 12:14:40,566 [INFO]  Epoch[3] Batch [0-3]	Speed: 22771.93 samples/sec	cross-entropy=4.293692	pericardial-accuracy=0.000000
2024-04-02 12:14:40,567 [INFO]  Epoch[3] Train-cross-entropy=4.761210
2024-04-02 12:14:40,567 [INFO]  Epoch[3] Train-pericardial-accuracy=0.000000
2024-04-02 12:14:40,567 [INFO]  Epoch[3] Time cost=0.004
2024-04-02 12:14:40,569 [INFO]  Saved checkpoint to "./imputer_model/imputer_model_pericardial/model-0003.params"
2024-04-02 12:14:40,569 [INFO]  Epoch[3] Validation-cross-entropy=11.515871
2024-04-02 12:14:40,569 [INFO]  Epoch[3] Validation-pericardial-accuracy=0.000000
2024-04-02 12:14:40,572 [INFO]  Epoch[4] Batch [0-3]	Speed: 24018.92 samples/sec	cross-entropy=2.169796	pericardial-accuracy=0.000000
2024-04-02 12:14:40,573 [INFO]  Epoch[4] Train-cross-entropy=2.188350
2024-04-02 12:14:40,574 [INFO]  Epoch[4] Train-pericardial-accuracy=0.000000
2024-04-02 12:14:40,574 [INFO]  Epoch[4] Time cost=0.004
2024-04-02 12:14:40,575 [INFO]  Saved checkpoint to "./imputer_model/imputer_model_pericardial/model-0004.params"
2024-04-02 12:14:40,575 [INFO]  Epoch[4] Validation-cross-entropy=5.559151
2024-04-02 12:14:40,575 [INFO]  Epoch[4] Validation-pericardial-accuracy=0.000000
2024-04-02 12:14:40,575 [INFO]  
========== done (0.05940985679626465 s) fit model
2024-04-02 12:14:44,526 [INFO]  
========== start: fit model
2024-04-02 12:14:44,526 [WARNING]  Already bound, ignoring bind()
2024-04-02 12:14:44,530 [INFO]  Epoch[0] Batch [0-3]	Speed: 24468.47 samples/sec	cross-entropy=11.145938	pericardial-accuracy=4.250000
2024-04-02 12:14:44,532 [INFO]  Epoch[0] Train-cross-entropy=11.665010
2024-04-02 12:14:44,532 [INFO]  Epoch[0] Train-pericardial-accuracy=3.666667
2024-04-02 12:14:44,532 [INFO]  Epoch[0] Time cost=0.005
2024-04-02 12:14:44,533 [INFO]  Saved checkpoint to "./imputer_model/imputer_model_pericardial/model-0000.params"
2024-04-02 12:14:44,533 [INFO]  Epoch[0] Validation-cross-entropy=18.785070
2024-04-02 12:14:44,533 [INFO]  Epoch[0] Validation-pericardial-accuracy=0.000000
2024-04-02 12:14:44,536 [INFO]  Epoch[1] Batch [0-3]	Speed: 24174.66 samples/sec	cross-entropy=5.296039	pericardial-accuracy=4.250000
2024-04-02 12:14:44,538 [INFO]  Epoch[1] Train-cross-entropy=5.720174
2024-04-02 12:14:44,538 [INFO]  Epoch[1] Train-pericardial-accuracy=3.666667
2024-04-02 12:14:44,538 [INFO]  Epoch[1] Time cost=0.004
2024-04-02 12:14:44,539 [INFO]  Saved checkpoint to "./imputer_model/imputer_model_pericardial/model-0001.params"
2024-04-02 12:14:44,539 [INFO]  Epoch[1] Validation-cross-entropy=10.890585
2024-04-02 12:14:44,539 [INFO]  Epoch[1] Validation-pericardial-accuracy=0.000000
2024-04-02 12:14:44,687 [INFO]  Epoch[2] Batch [0-3]	Speed: 326.21 samples/sec	cross-entropy=2.588178	pericardial-accuracy=4.250000
2024-04-02 12:14:44,689 [INFO]  Epoch[2] Train-cross-entropy=2.705413
2024-04-02 12:14:44,689 [INFO]  Epoch[2] Train-pericardial-accuracy=3.666667
2024-04-02 12:14:44,690 [INFO]  Epoch[2] Time cost=0.150
2024-04-02 12:14:44,691 [INFO]  Saved checkpoint to "./imputer_model/imputer_model_pericardial/model-0002.params"
2024-04-02 12:14:44,691 [INFO]  Epoch[2] Validation-cross-entropy=6.064768
2024-04-02 12:14:44,691 [INFO]  Epoch[2] Validation-pericardial-accuracy=0.000000
2024-04-02 12:14:44,694 [INFO]  Epoch[3] Batch [0-3]	Speed: 23549.72 samples/sec	cross-entropy=1.191257	pericardial-accuracy=4.250000
2024-04-02 12:14:44,696 [INFO]  Epoch[3] Train-cross-entropy=1.164461
2024-04-02 12:14:44,696 [INFO]  Epoch[3] Train-pericardial-accuracy=3.666667
2024-04-02 12:14:44,696 [INFO]  Epoch[3] Time cost=0.005
2024-04-02 12:14:44,697 [INFO]  Saved checkpoint to "./imputer_model/imputer_model_pericardial/model-0003.params"
2024-04-02 12:14:44,698 [INFO]  Epoch[3] Validation-cross-entropy=3.703487
2024-04-02 12:14:44,698 [INFO]  Epoch[3] Validation-pericardial-accuracy=0.000000
2024-04-02 12:14:44,701 [INFO]  Epoch[4] Batch [0-3]	Speed: 24341.26 samples/sec	cross-entropy=0.653839	pericardial-accuracy=4.250000
2024-04-02 12:14:44,702 [INFO]  Epoch[4] Train-cross-entropy=0.615508
2024-04-02 12:14:44,702 [INFO]  Epoch[4] Train-pericardial-accuracy=3.666667
2024-04-02 12:14:44,702 [INFO]  Epoch[4] Time cost=0.004
2024-04-02 12:14:44,704 [INFO]  Saved checkpoint to "./imputer_model/imputer_model_pericardial/model-0004.params"
2024-04-02 12:14:44,704 [INFO]  Epoch[4] Validation-cross-entropy=2.740182
2024-04-02 12:14:44,704 [INFO]  Epoch[4] Validation-pericardial-accuracy=0.000000
2024-04-02 12:14:44,704 [INFO]  
========== done (0.17822647094726562 s) fit model
2024-04-02 12:14:48,624 [INFO]  
========== start: fit model
2024-04-02 12:14:48,624 [WARNING]  Already bound, ignoring bind()
2024-04-02 12:14:48,629 [INFO]  Epoch[0] Batch [0-3]	Speed: 21248.19 samples/sec	cross-entropy=20.043573	pericardial-accuracy=0.000000
2024-04-02 12:14:48,630 [INFO]  Epoch[0] Train-cross-entropy=17.360690
2024-04-02 12:14:48,631 [INFO]  Epoch[0] Train-pericardial-accuracy=0.000000
2024-04-02 12:14:48,631 [INFO]  Epoch[0] Time cost=0.005
2024-04-02 12:14:48,632 [INFO]  Saved checkpoint to "./imputer_model/imputer_model_pericardial/model-0000.params"
2024-04-02 12:14:48,632 [INFO]  Epoch[0] Validation-cross-entropy=13.849767
2024-04-02 12:14:48,633 [INFO]  Epoch[0] Validation-pericardial-accuracy=0.000000
2024-04-02 12:14:48,636 [INFO]  Epoch[1] Batch [0-3]	Speed: 22585.44 samples/sec	cross-entropy=11.455798	pericardial-accuracy=0.000000
2024-04-02 12:14:48,637 [INFO]  Epoch[1] Train-cross-entropy=9.743521
2024-04-02 12:14:48,637 [INFO]  Epoch[1] Train-pericardial-accuracy=0.000000
2024-04-02 12:14:48,637 [INFO]  Epoch[1] Time cost=0.005
2024-04-02 12:14:48,638 [INFO]  Saved checkpoint to "./imputer_model/imputer_model_pericardial/model-0001.params"
2024-04-02 12:14:48,639 [INFO]  Epoch[1] Validation-cross-entropy=9.085921
2024-04-02 12:14:48,639 [INFO]  Epoch[1] Validation-pericardial-accuracy=0.000000
2024-04-02 12:14:48,642 [INFO]  Epoch[2] Batch [0-3]	Speed: 20884.50 samples/sec	cross-entropy=6.551189	pericardial-accuracy=0.000000
2024-04-02 12:14:48,644 [INFO]  Epoch[2] Train-cross-entropy=5.393630
2024-04-02 12:14:48,644 [INFO]  Epoch[2] Train-pericardial-accuracy=0.000000
2024-04-02 12:14:48,644 [INFO]  Epoch[2] Time cost=0.005
2024-04-02 12:14:48,645 [INFO]  Saved checkpoint to "./imputer_model/imputer_model_pericardial/model-0002.params"
2024-04-02 12:14:48,646 [INFO]  Epoch[2] Validation-cross-entropy=5.656699
2024-04-02 12:14:48,646 [INFO]  Epoch[2] Validation-pericardial-accuracy=0.000000
2024-04-02 12:14:48,648 [INFO]  Epoch[3] Batch [0-3]	Speed: 24353.04 samples/sec	cross-entropy=3.464928	pericardial-accuracy=0.000000
2024-04-02 12:14:48,650 [INFO]  Epoch[3] Train-cross-entropy=2.747993
2024-04-02 12:14:48,650 [INFO]  Epoch[3] Train-pericardial-accuracy=0.000000
2024-04-02 12:14:48,650 [INFO]  Epoch[3] Time cost=0.004
2024-04-02 12:14:48,651 [INFO]  Saved checkpoint to "./imputer_model/imputer_model_pericardial/model-0003.params"
2024-04-02 12:14:48,652 [INFO]  Epoch[3] Validation-cross-entropy=3.143578
2024-04-02 12:14:48,652 [INFO]  Epoch[3] Validation-pericardial-accuracy=0.000000
2024-04-02 12:14:48,654 [INFO]  Epoch[4] Batch [0-3]	Speed: 24648.21 samples/sec	cross-entropy=1.670882	pericardial-accuracy=0.000000
2024-04-02 12:14:48,656 [INFO]  Epoch[4] Train-cross-entropy=1.296715
2024-04-02 12:14:48,656 [INFO]  Epoch[4] Train-pericardial-accuracy=0.000000
2024-04-02 12:14:48,656 [INFO]  Epoch[4] Time cost=0.004
2024-04-02 12:14:48,657 [INFO]  Saved checkpoint to "./imputer_model/imputer_model_pericardial/model-0004.params"
2024-04-02 12:14:48,658 [INFO]  Epoch[4] Validation-cross-entropy=1.646227
2024-04-02 12:14:48,658 [INFO]  Epoch[4] Validation-pericardial-accuracy=0.000000
2024-04-02 12:14:48,658 [INFO]  
========== done (0.03380441665649414 s) fit model
