2023-11-08 12:37:24,304 [INFO]  
========== start: fit model
2023-11-08 12:37:24,305 [WARNING]  Already bound, ignoring bind()
2023-11-08 12:37:24,366 [INFO]  Epoch[0] Batch [0-4]	Speed: 1193.53 samples/sec	cross-entropy=27.323804	num_of_pendown9-accuracy=4.200000
2023-11-08 12:37:24,376 [INFO]  Epoch[0] Train-cross-entropy=24.750257
2023-11-08 12:37:24,376 [INFO]  Epoch[0] Train-num_of_pendown9-accuracy=3.125000
2023-11-08 12:37:24,376 [INFO]  Epoch[0] Time cost=0.069
2023-11-08 12:37:24,378 [INFO]  Saved checkpoint to "./imputer_model/imputer_model_num_of_pendown9/model-0000.params"
2023-11-08 12:37:24,381 [INFO]  Epoch[0] Validation-cross-entropy=11.319115
2023-11-08 12:37:24,381 [INFO]  Epoch[0] Validation-num_of_pendown9-accuracy=0.000000
2023-11-08 12:37:24,441 [INFO]  Epoch[1] Batch [0-4]	Speed: 1118.94 samples/sec	cross-entropy=32.849236	num_of_pendown9-accuracy=4.200000
2023-11-08 12:37:24,478 [INFO]  Epoch[1] Train-cross-entropy=25.664128
2023-11-08 12:37:24,478 [INFO]  Epoch[1] Train-num_of_pendown9-accuracy=3.125000
2023-11-08 12:37:24,478 [INFO]  Epoch[1] Time cost=0.097
2023-11-08 12:37:24,480 [INFO]  Saved checkpoint to "./imputer_model/imputer_model_num_of_pendown9/model-0001.params"
2023-11-08 12:37:24,514 [INFO]  Epoch[1] Validation-cross-entropy=38.215912
2023-11-08 12:37:24,514 [INFO]  Epoch[1] Validation-num_of_pendown9-accuracy=0.000000
2023-11-08 12:37:24,528 [INFO]  Epoch[2] Batch [0-4]	Speed: 5747.34 samples/sec	cross-entropy=9.388439	num_of_pendown9-accuracy=4.200000
2023-11-08 12:37:24,684 [INFO]  Epoch[2] Train-cross-entropy=7.470972
2023-11-08 12:37:24,684 [INFO]  Epoch[2] Train-num_of_pendown9-accuracy=3.125000
2023-11-08 12:37:24,684 [INFO]  Epoch[2] Time cost=0.171
2023-11-08 12:37:24,687 [INFO]  Saved checkpoint to "./imputer_model/imputer_model_num_of_pendown9/model-0002.params"
2023-11-08 12:37:24,691 [INFO]  Epoch[2] Validation-cross-entropy=17.952681
2023-11-08 12:37:24,691 [INFO]  Epoch[2] Validation-num_of_pendown9-accuracy=0.000000
2023-11-08 12:37:24,704 [INFO]  Epoch[3] Batch [0-4]	Speed: 6847.67 samples/sec	cross-entropy=4.321531	num_of_pendown9-accuracy=4.200000
2023-11-08 12:37:25,285 [INFO]  Epoch[3] Train-cross-entropy=3.197158
2023-11-08 12:37:25,285 [INFO]  Epoch[3] Train-num_of_pendown9-accuracy=3.125000
2023-11-08 12:37:25,286 [INFO]  Epoch[3] Time cost=0.594
2023-11-08 12:37:25,289 [INFO]  Saved checkpoint to "./imputer_model/imputer_model_num_of_pendown9/model-0003.params"
2023-11-08 12:37:25,430 [INFO]  Epoch[3] Validation-cross-entropy=18.076374
2023-11-08 12:37:25,430 [INFO]  Epoch[3] Validation-num_of_pendown9-accuracy=0.000000
2023-11-08 12:37:26,027 [INFO]  Epoch[4] Batch [0-4]	Speed: 3391.05 samples/sec	cross-entropy=1.710275	num_of_pendown9-accuracy=4.200000
2023-11-08 12:37:26,032 [INFO]  Epoch[4] Train-cross-entropy=1.199690
2023-11-08 12:37:26,032 [INFO]  Epoch[4] Train-num_of_pendown9-accuracy=3.125000
2023-11-08 12:37:26,032 [INFO]  Epoch[4] Time cost=0.602
2023-11-08 12:37:26,034 [INFO]  Saved checkpoint to "./imputer_model/imputer_model_num_of_pendown9/model-0004.params"
2023-11-08 12:37:26,034 [INFO]  Epoch[4] Validation-cross-entropy=20.422861
2023-11-08 12:37:26,034 [INFO]  Epoch[4] Validation-num_of_pendown9-accuracy=0.000000
2023-11-08 12:37:26,034 [INFO]  
========== done (1.730130910873413 s) fit model
2023-11-08 13:05:49,076 [INFO]  
========== start: fit model
2023-11-08 13:05:49,088 [WARNING]  Already bound, ignoring bind()
2023-11-08 13:05:49,095 [INFO]  Epoch[0] Batch [0-4]	Speed: 14043.92 samples/sec	cross-entropy=15.873715	num_of_pendown9-accuracy=3.400000
2023-11-08 13:05:49,099 [INFO]  Epoch[0] Train-cross-entropy=22.055297
2023-11-08 13:05:49,099 [INFO]  Epoch[0] Train-num_of_pendown9-accuracy=3.375000
2023-11-08 13:05:49,099 [INFO]  Epoch[0] Time cost=0.010
2023-11-08 13:05:49,100 [INFO]  Saved checkpoint to "./imputer_model/imputer_model_num_of_pendown9/model-0000.params"
2023-11-08 13:05:49,101 [INFO]  Epoch[0] Validation-cross-entropy=9.491767
2023-11-08 13:05:49,101 [INFO]  Epoch[0] Validation-num_of_pendown9-accuracy=0.000000
2023-11-08 13:05:49,107 [INFO]  Epoch[1] Batch [0-4]	Speed: 13441.26 samples/sec	cross-entropy=40.450253	num_of_pendown9-accuracy=3.400000
2023-11-08 13:05:49,111 [INFO]  Epoch[1] Train-cross-entropy=39.787591
2023-11-08 13:05:49,111 [INFO]  Epoch[1] Train-num_of_pendown9-accuracy=3.375000
2023-11-08 13:05:49,111 [INFO]  Epoch[1] Time cost=0.010
2023-11-08 13:05:49,113 [INFO]  Saved checkpoint to "./imputer_model/imputer_model_num_of_pendown9/model-0001.params"
2023-11-08 13:05:49,113 [INFO]  Epoch[1] Validation-cross-entropy=7.327184
2023-11-08 13:05:49,113 [INFO]  Epoch[1] Validation-num_of_pendown9-accuracy=0.000000
2023-11-08 13:05:49,119 [INFO]  Epoch[2] Batch [0-4]	Speed: 13937.46 samples/sec	cross-entropy=17.032109	num_of_pendown9-accuracy=3.400000
2023-11-08 13:05:49,123 [INFO]  Epoch[2] Train-cross-entropy=18.574520
2023-11-08 13:05:49,123 [INFO]  Epoch[2] Train-num_of_pendown9-accuracy=3.375000
2023-11-08 13:05:49,123 [INFO]  Epoch[2] Time cost=0.009
2023-11-08 13:05:49,124 [INFO]  Saved checkpoint to "./imputer_model/imputer_model_num_of_pendown9/model-0002.params"
2023-11-08 13:05:49,125 [INFO]  Epoch[2] Validation-cross-entropy=13.551950
2023-11-08 13:05:49,125 [INFO]  Epoch[2] Validation-num_of_pendown9-accuracy=0.000000
2023-11-08 13:05:49,132 [INFO]  Epoch[3] Batch [0-4]	Speed: 11231.14 samples/sec	cross-entropy=4.222523	num_of_pendown9-accuracy=3.400000
2023-11-08 13:05:49,136 [INFO]  Epoch[3] Train-cross-entropy=5.117074
2023-11-08 13:05:49,136 [INFO]  Epoch[3] Train-num_of_pendown9-accuracy=3.375000
2023-11-08 13:05:49,136 [INFO]  Epoch[3] Time cost=0.012
2023-11-08 13:05:49,139 [INFO]  Saved checkpoint to "./imputer_model/imputer_model_num_of_pendown9/model-0003.params"
2023-11-08 13:05:49,140 [INFO]  Epoch[3] Validation-cross-entropy=11.800258
2023-11-08 13:05:49,140 [INFO]  Epoch[3] Validation-num_of_pendown9-accuracy=0.000000
2023-11-08 13:05:49,145 [INFO]  Epoch[4] Batch [0-4]	Speed: 15603.08 samples/sec	cross-entropy=3.029482	num_of_pendown9-accuracy=3.400000
2023-11-08 13:05:49,148 [INFO]  Epoch[4] Train-cross-entropy=2.517665
2023-11-08 13:05:49,148 [INFO]  Epoch[4] Train-num_of_pendown9-accuracy=3.375000
2023-11-08 13:05:49,148 [INFO]  Epoch[4] Time cost=0.008
2023-11-08 13:05:49,150 [INFO]  Saved checkpoint to "./imputer_model/imputer_model_num_of_pendown9/model-0004.params"
2023-11-08 13:05:49,151 [INFO]  Epoch[4] Validation-cross-entropy=8.271032
2023-11-08 13:05:49,151 [INFO]  Epoch[4] Validation-num_of_pendown9-accuracy=0.000000
2023-11-08 13:05:49,151 [INFO]  
========== done (0.07519221305847168 s) fit model
2023-11-08 13:19:15,251 [INFO]  
========== start: fit model
2023-11-08 13:19:15,251 [WARNING]  Already bound, ignoring bind()
2023-11-08 13:19:15,258 [INFO]  Epoch[0] Batch [0-4]	Speed: 14085.92 samples/sec	cross-entropy=19.428398	num_of_pendown9-accuracy=3.200000
2023-11-08 13:19:15,261 [INFO]  Epoch[0] Train-cross-entropy=29.377491
2023-11-08 13:19:15,261 [INFO]  Epoch[0] Train-num_of_pendown9-accuracy=3.000000
2023-11-08 13:19:15,261 [INFO]  Epoch[0] Time cost=0.010
2023-11-08 13:19:15,263 [INFO]  Saved checkpoint to "./imputer_model/imputer_model_num_of_pendown9/model-0000.params"
2023-11-08 13:19:15,263 [INFO]  Epoch[0] Validation-cross-entropy=5.679383
2023-11-08 13:19:15,263 [INFO]  Epoch[0] Validation-num_of_pendown9-accuracy=0.000000
2023-11-08 13:19:15,268 [INFO]  Epoch[1] Batch [0-4]	Speed: 15322.53 samples/sec	cross-entropy=34.130538	num_of_pendown9-accuracy=3.200000
2023-11-08 13:19:15,272 [INFO]  Epoch[1] Train-cross-entropy=45.239446
2023-11-08 13:19:15,272 [INFO]  Epoch[1] Train-num_of_pendown9-accuracy=3.000000
2023-11-08 13:19:15,272 [INFO]  Epoch[1] Time cost=0.009
2023-11-08 13:19:15,276 [INFO]  Saved checkpoint to "./imputer_model/imputer_model_num_of_pendown9/model-0001.params"
2023-11-08 13:19:15,277 [INFO]  Epoch[1] Validation-cross-entropy=11.772562
2023-11-08 13:19:15,277 [INFO]  Epoch[1] Validation-num_of_pendown9-accuracy=0.000000
2023-11-08 13:19:15,285 [INFO]  Epoch[2] Batch [0-4]	Speed: 10616.81 samples/sec	cross-entropy=17.830177	num_of_pendown9-accuracy=3.200000
2023-11-08 13:19:15,289 [INFO]  Epoch[2] Train-cross-entropy=13.537140
2023-11-08 13:19:15,290 [INFO]  Epoch[2] Train-num_of_pendown9-accuracy=3.000000
2023-11-08 13:19:15,290 [INFO]  Epoch[2] Time cost=0.013
2023-11-08 13:19:15,293 [INFO]  Saved checkpoint to "./imputer_model/imputer_model_num_of_pendown9/model-0002.params"
2023-11-08 13:19:15,294 [INFO]  Epoch[2] Validation-cross-entropy=13.588168
2023-11-08 13:19:15,294 [INFO]  Epoch[2] Validation-num_of_pendown9-accuracy=0.000000
2023-11-08 13:19:15,301 [INFO]  Epoch[3] Batch [0-4]	Speed: 12978.56 samples/sec	cross-entropy=3.483605	num_of_pendown9-accuracy=3.200000
2023-11-08 13:19:15,304 [INFO]  Epoch[3] Train-cross-entropy=3.603775
2023-11-08 13:19:15,304 [INFO]  Epoch[3] Train-num_of_pendown9-accuracy=3.000000
2023-11-08 13:19:15,304 [INFO]  Epoch[3] Time cost=0.010
2023-11-08 13:19:15,307 [INFO]  Saved checkpoint to "./imputer_model/imputer_model_num_of_pendown9/model-0003.params"
2023-11-08 13:19:15,307 [INFO]  Epoch[3] Validation-cross-entropy=13.985682
2023-11-08 13:19:15,307 [INFO]  Epoch[3] Validation-num_of_pendown9-accuracy=0.000000
2023-11-08 13:19:15,313 [INFO]  Epoch[4] Batch [0-4]	Speed: 13884.11 samples/sec	cross-entropy=2.555075	num_of_pendown9-accuracy=3.200000
2023-11-08 13:19:15,317 [INFO]  Epoch[4] Train-cross-entropy=2.114103
2023-11-08 13:19:15,317 [INFO]  Epoch[4] Train-num_of_pendown9-accuracy=3.000000
2023-11-08 13:19:15,317 [INFO]  Epoch[4] Time cost=0.010
2023-11-08 13:19:15,319 [INFO]  Saved checkpoint to "./imputer_model/imputer_model_num_of_pendown9/model-0004.params"
2023-11-08 13:19:15,319 [INFO]  Epoch[4] Validation-cross-entropy=14.534736
2023-11-08 13:19:15,319 [INFO]  Epoch[4] Validation-num_of_pendown9-accuracy=0.000000
2023-11-08 13:19:15,319 [INFO]  
========== done (0.06843185424804688 s) fit model
2023-11-08 13:32:35,780 [INFO]  
========== start: fit model
2023-11-08 13:32:35,781 [WARNING]  Already bound, ignoring bind()
2023-11-08 13:32:35,789 [INFO]  Epoch[0] Batch [0-4]	Speed: 10305.42 samples/sec	cross-entropy=22.420289	num_of_pendown9-accuracy=2.800000
2023-11-08 13:32:35,794 [INFO]  Epoch[0] Train-cross-entropy=29.922029
2023-11-08 13:32:35,794 [INFO]  Epoch[0] Train-num_of_pendown9-accuracy=3.125000
2023-11-08 13:32:35,794 [INFO]  Epoch[0] Time cost=0.013
2023-11-08 13:32:35,797 [INFO]  Saved checkpoint to "./imputer_model/imputer_model_num_of_pendown9/model-0000.params"
2023-11-08 13:32:35,798 [INFO]  Epoch[0] Validation-cross-entropy=17.634876
2023-11-08 13:32:35,798 [INFO]  Epoch[0] Validation-num_of_pendown9-accuracy=0.000000
2023-11-08 13:32:35,804 [INFO]  Epoch[1] Batch [0-4]	Speed: 16047.07 samples/sec	cross-entropy=41.425699	num_of_pendown9-accuracy=2.800000
2023-11-08 13:32:35,808 [INFO]  Epoch[1] Train-cross-entropy=38.176325
2023-11-08 13:32:35,808 [INFO]  Epoch[1] Train-num_of_pendown9-accuracy=3.125000
2023-11-08 13:32:35,808 [INFO]  Epoch[1] Time cost=0.010
2023-11-08 13:32:35,810 [INFO]  Saved checkpoint to "./imputer_model/imputer_model_num_of_pendown9/model-0001.params"
2023-11-08 13:32:35,811 [INFO]  Epoch[1] Validation-cross-entropy=10.072043
2023-11-08 13:32:35,811 [INFO]  Epoch[1] Validation-num_of_pendown9-accuracy=0.000000
2023-11-08 13:32:35,817 [INFO]  Epoch[2] Batch [0-4]	Speed: 13568.31 samples/sec	cross-entropy=17.964061	num_of_pendown9-accuracy=2.800000
2023-11-08 13:32:35,820 [INFO]  Epoch[2] Train-cross-entropy=12.999722
2023-11-08 13:32:35,821 [INFO]  Epoch[2] Train-num_of_pendown9-accuracy=3.125000
2023-11-08 13:32:35,821 [INFO]  Epoch[2] Time cost=0.010
2023-11-08 13:32:35,822 [INFO]  Saved checkpoint to "./imputer_model/imputer_model_num_of_pendown9/model-0002.params"
2023-11-08 13:32:35,823 [INFO]  Epoch[2] Validation-cross-entropy=12.794414
2023-11-08 13:32:35,823 [INFO]  Epoch[2] Validation-num_of_pendown9-accuracy=0.000000
2023-11-08 13:32:35,829 [INFO]  Epoch[3] Batch [0-4]	Speed: 13326.49 samples/sec	cross-entropy=9.128655	num_of_pendown9-accuracy=2.800000
2023-11-08 13:32:35,833 [INFO]  Epoch[3] Train-cross-entropy=6.502341
2023-11-08 13:32:35,833 [INFO]  Epoch[3] Train-num_of_pendown9-accuracy=3.125000
2023-11-08 13:32:35,833 [INFO]  Epoch[3] Time cost=0.010
2023-11-08 13:32:35,835 [INFO]  Saved checkpoint to "./imputer_model/imputer_model_num_of_pendown9/model-0003.params"
2023-11-08 13:32:35,835 [INFO]  Epoch[3] Validation-cross-entropy=10.352802
2023-11-08 13:32:35,835 [INFO]  Epoch[3] Validation-num_of_pendown9-accuracy=0.000000
2023-11-08 13:32:35,841 [INFO]  Epoch[4] Batch [0-4]	Speed: 13809.83 samples/sec	cross-entropy=2.041558	num_of_pendown9-accuracy=2.800000
2023-11-08 13:32:35,845 [INFO]  Epoch[4] Train-cross-entropy=1.933928
2023-11-08 13:32:35,845 [INFO]  Epoch[4] Train-num_of_pendown9-accuracy=3.125000
2023-11-08 13:32:35,845 [INFO]  Epoch[4] Time cost=0.009
2023-11-08 13:32:35,846 [INFO]  Saved checkpoint to "./imputer_model/imputer_model_num_of_pendown9/model-0004.params"
2023-11-08 13:32:35,847 [INFO]  Epoch[4] Validation-cross-entropy=9.951301
2023-11-08 13:32:35,847 [INFO]  Epoch[4] Validation-num_of_pendown9-accuracy=0.000000
2023-11-08 13:32:35,847 [INFO]  
========== done (0.0666806697845459 s) fit model
2023-11-08 13:45:55,550 [INFO]  
========== start: fit model
2023-11-08 13:45:55,550 [WARNING]  Already bound, ignoring bind()
2023-11-08 13:45:55,557 [INFO]  Epoch[0] Batch [0-4]	Speed: 14111.84 samples/sec	cross-entropy=22.915727	num_of_pendown9-accuracy=0.000000
2023-11-08 13:45:55,561 [INFO]  Epoch[0] Train-cross-entropy=22.052730
2023-11-08 13:45:55,561 [INFO]  Epoch[0] Train-num_of_pendown9-accuracy=0.000000
2023-11-08 13:45:55,561 [INFO]  Epoch[0] Time cost=0.010
2023-11-08 13:45:55,562 [INFO]  Saved checkpoint to "./imputer_model/imputer_model_num_of_pendown9/model-0000.params"
2023-11-08 13:45:55,562 [INFO]  Epoch[0] Validation-cross-entropy=12.641258
2023-11-08 13:45:55,562 [INFO]  Epoch[0] Validation-num_of_pendown9-accuracy=0.000000
2023-11-08 13:45:55,568 [INFO]  Epoch[1] Batch [0-4]	Speed: 13891.30 samples/sec	cross-entropy=31.434466	num_of_pendown9-accuracy=0.000000
2023-11-08 13:45:55,572 [INFO]  Epoch[1] Train-cross-entropy=25.458872
2023-11-08 13:45:55,572 [INFO]  Epoch[1] Train-num_of_pendown9-accuracy=0.000000
2023-11-08 13:45:55,573 [INFO]  Epoch[1] Time cost=0.010
2023-11-08 13:45:55,575 [INFO]  Saved checkpoint to "./imputer_model/imputer_model_num_of_pendown9/model-0001.params"
2023-11-08 13:45:55,576 [INFO]  Epoch[1] Validation-cross-entropy=25.585815
2023-11-08 13:45:55,576 [INFO]  Epoch[1] Validation-num_of_pendown9-accuracy=0.000000
2023-11-08 13:45:55,583 [INFO]  Epoch[2] Batch [0-4]	Speed: 12005.16 samples/sec	cross-entropy=8.792392	num_of_pendown9-accuracy=0.000000
2023-11-08 13:45:55,587 [INFO]  Epoch[2] Train-cross-entropy=6.876414
2023-11-08 13:45:55,587 [INFO]  Epoch[2] Train-num_of_pendown9-accuracy=0.000000
2023-11-08 13:45:55,587 [INFO]  Epoch[2] Time cost=0.011
2023-11-08 13:45:55,589 [INFO]  Saved checkpoint to "./imputer_model/imputer_model_num_of_pendown9/model-0002.params"
2023-11-08 13:45:55,590 [INFO]  Epoch[2] Validation-cross-entropy=27.747116
2023-11-08 13:45:55,590 [INFO]  Epoch[2] Validation-num_of_pendown9-accuracy=0.000000
2023-11-08 13:45:55,596 [INFO]  Epoch[3] Batch [0-4]	Speed: 13390.31 samples/sec	cross-entropy=3.844049	num_of_pendown9-accuracy=0.000000
2023-11-08 13:45:55,599 [INFO]  Epoch[3] Train-cross-entropy=3.386760
2023-11-08 13:45:55,599 [INFO]  Epoch[3] Train-num_of_pendown9-accuracy=0.000000
2023-11-08 13:45:55,599 [INFO]  Epoch[3] Time cost=0.010
2023-11-08 13:45:55,602 [INFO]  Saved checkpoint to "./imputer_model/imputer_model_num_of_pendown9/model-0003.params"
2023-11-08 13:45:55,603 [INFO]  Epoch[3] Validation-cross-entropy=16.528944
2023-11-08 13:45:55,603 [INFO]  Epoch[3] Validation-num_of_pendown9-accuracy=0.000000
2023-11-08 13:45:55,611 [INFO]  Epoch[4] Batch [0-4]	Speed: 11556.05 samples/sec	cross-entropy=1.282207	num_of_pendown9-accuracy=0.000000
2023-11-08 13:45:55,615 [INFO]  Epoch[4] Train-cross-entropy=1.198709
2023-11-08 13:45:55,615 [INFO]  Epoch[4] Train-num_of_pendown9-accuracy=0.000000
2023-11-08 13:45:55,616 [INFO]  Epoch[4] Time cost=0.012
2023-11-08 13:45:55,618 [INFO]  Saved checkpoint to "./imputer_model/imputer_model_num_of_pendown9/model-0004.params"
2023-11-08 13:45:55,619 [INFO]  Epoch[4] Validation-cross-entropy=31.532616
2023-11-08 13:45:55,619 [INFO]  Epoch[4] Validation-num_of_pendown9-accuracy=0.000000
2023-11-08 13:45:55,619 [INFO]  
========== done (0.06876254081726074 s) fit model
2023-11-08 13:59:18,078 [INFO]  
========== start: fit model
2023-11-08 13:59:18,078 [WARNING]  Already bound, ignoring bind()
2023-11-08 13:59:18,087 [INFO]  Epoch[0] Batch [0-4]	Speed: 9987.92 samples/sec	cross-entropy=18.897376	num_of_pendown9-accuracy=2.200000
2023-11-08 13:59:18,093 [INFO]  Epoch[0] Train-cross-entropy=21.681652
2023-11-08 13:59:18,093 [INFO]  Epoch[0] Train-num_of_pendown9-accuracy=3.375000
2023-11-08 13:59:18,093 [INFO]  Epoch[0] Time cost=0.014
2023-11-08 13:59:18,097 [INFO]  Saved checkpoint to "./imputer_model/imputer_model_num_of_pendown9/model-0000.params"
2023-11-08 13:59:18,098 [INFO]  Epoch[0] Validation-cross-entropy=21.312069
2023-11-08 13:59:18,098 [INFO]  Epoch[0] Validation-num_of_pendown9-accuracy=0.000000
2023-11-08 13:59:18,106 [INFO]  Epoch[1] Batch [0-4]	Speed: 10271.11 samples/sec	cross-entropy=29.616019	num_of_pendown9-accuracy=2.200000
2023-11-08 13:59:18,110 [INFO]  Epoch[1] Train-cross-entropy=24.518999
2023-11-08 13:59:18,111 [INFO]  Epoch[1] Train-num_of_pendown9-accuracy=3.375000
2023-11-08 13:59:18,111 [INFO]  Epoch[1] Time cost=0.013
2023-11-08 13:59:18,113 [INFO]  Saved checkpoint to "./imputer_model/imputer_model_num_of_pendown9/model-0001.params"
2023-11-08 13:59:18,114 [INFO]  Epoch[1] Validation-cross-entropy=14.298232
2023-11-08 13:59:18,114 [INFO]  Epoch[1] Validation-num_of_pendown9-accuracy=0.000000
2023-11-08 13:59:18,121 [INFO]  Epoch[2] Batch [0-4]	Speed: 13172.81 samples/sec	cross-entropy=6.944785	num_of_pendown9-accuracy=2.200000
2023-11-08 13:59:18,124 [INFO]  Epoch[2] Train-cross-entropy=5.450944
2023-11-08 13:59:18,125 [INFO]  Epoch[2] Train-num_of_pendown9-accuracy=3.375000
2023-11-08 13:59:18,125 [INFO]  Epoch[2] Time cost=0.010
2023-11-08 13:59:18,126 [INFO]  Saved checkpoint to "./imputer_model/imputer_model_num_of_pendown9/model-0002.params"
2023-11-08 13:59:18,127 [INFO]  Epoch[2] Validation-cross-entropy=10.163092
2023-11-08 13:59:18,127 [INFO]  Epoch[2] Validation-num_of_pendown9-accuracy=0.000000
2023-11-08 13:59:18,133 [INFO]  Epoch[3] Batch [0-4]	Speed: 13894.89 samples/sec	cross-entropy=2.400930	num_of_pendown9-accuracy=2.200000
2023-11-08 13:59:18,136 [INFO]  Epoch[3] Train-cross-entropy=2.603330
2023-11-08 13:59:18,136 [INFO]  Epoch[3] Train-num_of_pendown9-accuracy=3.375000
2023-11-08 13:59:18,136 [INFO]  Epoch[3] Time cost=0.009
2023-11-08 13:59:18,138 [INFO]  Saved checkpoint to "./imputer_model/imputer_model_num_of_pendown9/model-0003.params"
2023-11-08 13:59:18,138 [INFO]  Epoch[3] Validation-cross-entropy=10.341554
2023-11-08 13:59:18,139 [INFO]  Epoch[3] Validation-num_of_pendown9-accuracy=0.000000
2023-11-08 13:59:18,144 [INFO]  Epoch[4] Batch [0-4]	Speed: 14035.84 samples/sec	cross-entropy=1.036170	num_of_pendown9-accuracy=2.200000
2023-11-08 13:59:18,148 [INFO]  Epoch[4] Train-cross-entropy=1.134524
2023-11-08 13:59:18,148 [INFO]  Epoch[4] Train-num_of_pendown9-accuracy=3.375000
2023-11-08 13:59:18,148 [INFO]  Epoch[4] Time cost=0.009
2023-11-08 13:59:18,149 [INFO]  Saved checkpoint to "./imputer_model/imputer_model_num_of_pendown9/model-0004.params"
2023-11-08 13:59:18,150 [INFO]  Epoch[4] Validation-cross-entropy=10.850128
2023-11-08 13:59:18,150 [INFO]  Epoch[4] Validation-num_of_pendown9-accuracy=0.000000
2023-11-08 13:59:18,150 [INFO]  
========== done (0.07206916809082031 s) fit model
2023-11-08 14:12:43,439 [INFO]  
========== start: fit model
2023-11-08 14:12:43,439 [WARNING]  Already bound, ignoring bind()
2023-11-08 14:12:43,447 [INFO]  Epoch[0] Batch [0-4]	Speed: 10906.25 samples/sec	cross-entropy=14.249572	num_of_pendown9-accuracy=0.000000
2023-11-08 14:12:43,452 [INFO]  Epoch[0] Train-cross-entropy=27.825348
2023-11-08 14:12:43,452 [INFO]  Epoch[0] Train-num_of_pendown9-accuracy=0.000000
2023-11-08 14:12:43,452 [INFO]  Epoch[0] Time cost=0.012
2023-11-08 14:12:43,454 [INFO]  Saved checkpoint to "./imputer_model/imputer_model_num_of_pendown9/model-0000.params"
2023-11-08 14:12:43,455 [INFO]  Epoch[0] Validation-cross-entropy=52.211670
2023-11-08 14:12:43,455 [INFO]  Epoch[0] Validation-num_of_pendown9-accuracy=0.000000
2023-11-08 14:12:43,461 [INFO]  Epoch[1] Batch [0-4]	Speed: 15125.68 samples/sec	cross-entropy=48.361428	num_of_pendown9-accuracy=0.000000
2023-11-08 14:12:43,464 [INFO]  Epoch[1] Train-cross-entropy=72.387626
2023-11-08 14:12:43,464 [INFO]  Epoch[1] Train-num_of_pendown9-accuracy=0.000000
2023-11-08 14:12:43,464 [INFO]  Epoch[1] Time cost=0.009
2023-11-08 14:12:43,466 [INFO]  Saved checkpoint to "./imputer_model/imputer_model_num_of_pendown9/model-0001.params"
2023-11-08 14:12:43,466 [INFO]  Epoch[1] Validation-cross-entropy=32.733715
2023-11-08 14:12:43,467 [INFO]  Epoch[1] Validation-num_of_pendown9-accuracy=0.000000
2023-11-08 14:12:43,471 [INFO]  Epoch[2] Batch [0-4]	Speed: 17864.73 samples/sec	cross-entropy=11.305467	num_of_pendown9-accuracy=0.000000
2023-11-08 14:12:43,474 [INFO]  Epoch[2] Train-cross-entropy=21.803223
2023-11-08 14:12:43,474 [INFO]  Epoch[2] Train-num_of_pendown9-accuracy=0.000000
2023-11-08 14:12:43,474 [INFO]  Epoch[2] Time cost=0.007
2023-11-08 14:12:43,475 [INFO]  Saved checkpoint to "./imputer_model/imputer_model_num_of_pendown9/model-0002.params"
2023-11-08 14:12:43,476 [INFO]  Epoch[2] Validation-cross-entropy=67.284225
2023-11-08 14:12:43,476 [INFO]  Epoch[2] Validation-num_of_pendown9-accuracy=0.000000
2023-11-08 14:12:43,481 [INFO]  Epoch[3] Batch [0-4]	Speed: 18003.72 samples/sec	cross-entropy=6.277594	num_of_pendown9-accuracy=0.000000
2023-11-08 14:12:43,483 [INFO]  Epoch[3] Train-cross-entropy=5.651437
2023-11-08 14:12:43,483 [INFO]  Epoch[3] Train-num_of_pendown9-accuracy=0.000000
2023-11-08 14:12:43,484 [INFO]  Epoch[3] Time cost=0.007
2023-11-08 14:12:43,486 [INFO]  Saved checkpoint to "./imputer_model/imputer_model_num_of_pendown9/model-0003.params"
2023-11-08 14:12:43,487 [INFO]  Epoch[3] Validation-cross-entropy=49.343330
2023-11-08 14:12:43,487 [INFO]  Epoch[3] Validation-num_of_pendown9-accuracy=0.000000
2023-11-08 14:12:43,492 [INFO]  Epoch[4] Batch [0-4]	Speed: 15448.63 samples/sec	cross-entropy=5.007318	num_of_pendown9-accuracy=0.000000
2023-11-08 14:12:43,495 [INFO]  Epoch[4] Train-cross-entropy=4.325778
2023-11-08 14:12:43,495 [INFO]  Epoch[4] Train-num_of_pendown9-accuracy=0.000000
2023-11-08 14:12:43,495 [INFO]  Epoch[4] Time cost=0.008
2023-11-08 14:12:43,497 [INFO]  Saved checkpoint to "./imputer_model/imputer_model_num_of_pendown9/model-0004.params"
2023-11-08 14:12:43,498 [INFO]  Epoch[4] Validation-cross-entropy=42.485710
2023-11-08 14:12:43,498 [INFO]  Epoch[4] Validation-num_of_pendown9-accuracy=0.000000
2023-11-08 14:12:43,498 [INFO]  
========== done (0.058893442153930664 s) fit model
2023-11-08 14:26:17,631 [INFO]  
========== start: fit model
2023-11-08 14:26:17,632 [WARNING]  Already bound, ignoring bind()
2023-11-08 14:26:17,638 [INFO]  Epoch[0] Batch [0-4]	Speed: 14008.74 samples/sec	cross-entropy=10.142701	num_of_pendown9-accuracy=3.600000
2023-11-08 14:26:17,643 [INFO]  Epoch[0] Train-cross-entropy=14.843429
2023-11-08 14:26:17,644 [INFO]  Epoch[0] Train-num_of_pendown9-accuracy=3.125000
2023-11-08 14:26:17,644 [INFO]  Epoch[0] Time cost=0.011
2023-11-08 14:26:17,647 [INFO]  Saved checkpoint to "./imputer_model/imputer_model_num_of_pendown9/model-0000.params"
2023-11-08 14:26:17,648 [INFO]  Epoch[0] Validation-cross-entropy=5.969333
2023-11-08 14:26:17,648 [INFO]  Epoch[0] Validation-num_of_pendown9-accuracy=0.000000
2023-11-08 14:26:17,655 [INFO]  Epoch[1] Batch [0-4]	Speed: 12426.99 samples/sec	cross-entropy=39.159618	num_of_pendown9-accuracy=3.600000
2023-11-08 14:26:17,658 [INFO]  Epoch[1] Train-cross-entropy=28.962035
2023-11-08 14:26:17,659 [INFO]  Epoch[1] Train-num_of_pendown9-accuracy=3.125000
2023-11-08 14:26:17,659 [INFO]  Epoch[1] Time cost=0.011
2023-11-08 14:26:17,661 [INFO]  Saved checkpoint to "./imputer_model/imputer_model_num_of_pendown9/model-0001.params"
2023-11-08 14:26:17,662 [INFO]  Epoch[1] Validation-cross-entropy=2.802482
2023-11-08 14:26:17,662 [INFO]  Epoch[1] Validation-num_of_pendown9-accuracy=0.000000
2023-11-08 14:26:17,667 [INFO]  Epoch[2] Batch [0-4]	Speed: 16685.45 samples/sec	cross-entropy=5.878546	num_of_pendown9-accuracy=3.600000
2023-11-08 14:26:17,670 [INFO]  Epoch[2] Train-cross-entropy=5.938582
2023-11-08 14:26:17,670 [INFO]  Epoch[2] Train-num_of_pendown9-accuracy=3.125000
2023-11-08 14:26:17,670 [INFO]  Epoch[2] Time cost=0.008
2023-11-08 14:26:17,671 [INFO]  Saved checkpoint to "./imputer_model/imputer_model_num_of_pendown9/model-0002.params"
2023-11-08 14:26:17,672 [INFO]  Epoch[2] Validation-cross-entropy=2.489271
2023-11-08 14:26:17,672 [INFO]  Epoch[2] Validation-num_of_pendown9-accuracy=0.000000
2023-11-08 14:26:17,677 [INFO]  Epoch[3] Batch [0-4]	Speed: 17108.70 samples/sec	cross-entropy=3.503291	num_of_pendown9-accuracy=3.600000
2023-11-08 14:26:17,680 [INFO]  Epoch[3] Train-cross-entropy=2.878617
2023-11-08 14:26:17,680 [INFO]  Epoch[3] Train-num_of_pendown9-accuracy=3.125000
2023-11-08 14:26:17,680 [INFO]  Epoch[3] Time cost=0.008
2023-11-08 14:26:17,681 [INFO]  Saved checkpoint to "./imputer_model/imputer_model_num_of_pendown9/model-0003.params"
2023-11-08 14:26:17,681 [INFO]  Epoch[3] Validation-cross-entropy=3.752838
2023-11-08 14:26:17,682 [INFO]  Epoch[3] Validation-num_of_pendown9-accuracy=0.000000
2023-11-08 14:26:17,686 [INFO]  Epoch[4] Batch [0-4]	Speed: 17429.74 samples/sec	cross-entropy=2.282620	num_of_pendown9-accuracy=3.600000
2023-11-08 14:26:17,690 [INFO]  Epoch[4] Train-cross-entropy=1.913053
2023-11-08 14:26:17,690 [INFO]  Epoch[4] Train-num_of_pendown9-accuracy=3.125000
2023-11-08 14:26:17,690 [INFO]  Epoch[4] Time cost=0.009
2023-11-08 14:26:17,693 [INFO]  Saved checkpoint to "./imputer_model/imputer_model_num_of_pendown9/model-0004.params"
2023-11-08 14:26:17,694 [INFO]  Epoch[4] Validation-cross-entropy=2.615437
2023-11-08 14:26:17,694 [INFO]  Epoch[4] Validation-num_of_pendown9-accuracy=0.000000
2023-11-08 14:26:17,694 [INFO]  
========== done (0.06230497360229492 s) fit model
2023-11-08 14:40:15,380 [INFO]  
========== start: fit model
2023-11-08 14:40:15,381 [WARNING]  Already bound, ignoring bind()
2023-11-08 14:40:15,388 [INFO]  Epoch[0] Batch [0-4]	Speed: 13644.17 samples/sec	cross-entropy=19.026107	num_of_pendown9-accuracy=0.000000
2023-11-08 14:40:15,392 [INFO]  Epoch[0] Train-cross-entropy=26.916007
2023-11-08 14:40:15,392 [INFO]  Epoch[0] Train-num_of_pendown9-accuracy=0.000000
2023-11-08 14:40:15,392 [INFO]  Epoch[0] Time cost=0.010
2023-11-08 14:40:15,393 [INFO]  Saved checkpoint to "./imputer_model/imputer_model_num_of_pendown9/model-0000.params"
2023-11-08 14:40:15,394 [INFO]  Epoch[0] Validation-cross-entropy=27.029081
2023-11-08 14:40:15,394 [INFO]  Epoch[0] Validation-num_of_pendown9-accuracy=0.000000
2023-11-08 14:40:15,399 [INFO]  Epoch[1] Batch [0-4]	Speed: 15955.51 samples/sec	cross-entropy=30.023643	num_of_pendown9-accuracy=0.000000
2023-11-08 14:40:15,403 [INFO]  Epoch[1] Train-cross-entropy=21.994046
2023-11-08 14:40:15,403 [INFO]  Epoch[1] Train-num_of_pendown9-accuracy=0.000000
2023-11-08 14:40:15,403 [INFO]  Epoch[1] Time cost=0.009
2023-11-08 14:40:15,404 [INFO]  Saved checkpoint to "./imputer_model/imputer_model_num_of_pendown9/model-0001.params"
2023-11-08 14:40:15,405 [INFO]  Epoch[1] Validation-cross-entropy=36.675335
2023-11-08 14:40:15,405 [INFO]  Epoch[1] Validation-num_of_pendown9-accuracy=0.000000
2023-11-08 14:40:15,410 [INFO]  Epoch[2] Batch [0-4]	Speed: 14595.23 samples/sec	cross-entropy=4.564015	num_of_pendown9-accuracy=0.000000
2023-11-08 14:40:15,414 [INFO]  Epoch[2] Train-cross-entropy=4.133561
2023-11-08 14:40:15,414 [INFO]  Epoch[2] Train-num_of_pendown9-accuracy=0.000000
2023-11-08 14:40:15,414 [INFO]  Epoch[2] Time cost=0.009
2023-11-08 14:40:15,415 [INFO]  Saved checkpoint to "./imputer_model/imputer_model_num_of_pendown9/model-0002.params"
2023-11-08 14:40:15,416 [INFO]  Epoch[2] Validation-cross-entropy=36.808670
2023-11-08 14:40:15,416 [INFO]  Epoch[2] Validation-num_of_pendown9-accuracy=0.000000
2023-11-08 14:40:15,421 [INFO]  Epoch[3] Batch [0-4]	Speed: 14948.79 samples/sec	cross-entropy=3.269709	num_of_pendown9-accuracy=0.000000
2023-11-08 14:40:15,425 [INFO]  Epoch[3] Train-cross-entropy=2.548069
2023-11-08 14:40:15,425 [INFO]  Epoch[3] Train-num_of_pendown9-accuracy=0.000000
2023-11-08 14:40:15,425 [INFO]  Epoch[3] Time cost=0.009
2023-11-08 14:40:15,426 [INFO]  Saved checkpoint to "./imputer_model/imputer_model_num_of_pendown9/model-0003.params"
2023-11-08 14:40:15,427 [INFO]  Epoch[3] Validation-cross-entropy=33.520145
2023-11-08 14:40:15,427 [INFO]  Epoch[3] Validation-num_of_pendown9-accuracy=0.000000
2023-11-08 14:40:15,432 [INFO]  Epoch[4] Batch [0-4]	Speed: 15611.25 samples/sec	cross-entropy=1.435993	num_of_pendown9-accuracy=0.000000
2023-11-08 14:40:15,435 [INFO]  Epoch[4] Train-cross-entropy=1.426397
2023-11-08 14:40:15,435 [INFO]  Epoch[4] Train-num_of_pendown9-accuracy=0.000000
2023-11-08 14:40:15,435 [INFO]  Epoch[4] Time cost=0.008
2023-11-08 14:40:15,437 [INFO]  Saved checkpoint to "./imputer_model/imputer_model_num_of_pendown9/model-0004.params"
2023-11-08 14:40:15,437 [INFO]  Epoch[4] Validation-cross-entropy=31.097906
2023-11-08 14:40:15,437 [INFO]  Epoch[4] Validation-num_of_pendown9-accuracy=0.000000
2023-11-08 14:40:15,437 [INFO]  
========== done (0.056926727294921875 s) fit model
2023-11-08 14:54:20,109 [INFO]  
========== start: fit model
2023-11-08 14:54:20,109 [WARNING]  Already bound, ignoring bind()
2023-11-08 14:54:20,121 [INFO]  Epoch[0] Batch [0-4]	Speed: 9787.63 samples/sec	cross-entropy=31.863117	num_of_pendown9-accuracy=0.000000
2023-11-08 14:54:20,126 [INFO]  Epoch[0] Train-cross-entropy=32.450300
2023-11-08 14:54:20,126 [INFO]  Epoch[0] Train-num_of_pendown9-accuracy=0.000000
2023-11-08 14:54:20,126 [INFO]  Epoch[0] Time cost=0.015
2023-11-08 14:54:20,129 [INFO]  Saved checkpoint to "./imputer_model/imputer_model_num_of_pendown9/model-0000.params"
2023-11-08 14:54:20,130 [INFO]  Epoch[0] Validation-cross-entropy=9.213387
2023-11-08 14:54:20,130 [INFO]  Epoch[0] Validation-num_of_pendown9-accuracy=0.000000
2023-11-08 14:54:20,137 [INFO]  Epoch[1] Batch [0-4]	Speed: 12291.00 samples/sec	cross-entropy=45.560492	num_of_pendown9-accuracy=0.000000
2023-11-08 14:54:20,140 [INFO]  Epoch[1] Train-cross-entropy=34.371713
2023-11-08 14:54:20,140 [INFO]  Epoch[1] Train-num_of_pendown9-accuracy=0.000000
2023-11-08 14:54:20,141 [INFO]  Epoch[1] Time cost=0.011
2023-11-08 14:54:20,142 [INFO]  Saved checkpoint to "./imputer_model/imputer_model_num_of_pendown9/model-0001.params"
2023-11-08 14:54:20,143 [INFO]  Epoch[1] Validation-cross-entropy=10.921930
2023-11-08 14:54:20,143 [INFO]  Epoch[1] Validation-num_of_pendown9-accuracy=0.000000
2023-11-08 14:54:20,149 [INFO]  Epoch[2] Batch [0-4]	Speed: 13746.89 samples/sec	cross-entropy=3.797276	num_of_pendown9-accuracy=0.000000
2023-11-08 14:54:20,153 [INFO]  Epoch[2] Train-cross-entropy=3.375425
2023-11-08 14:54:20,153 [INFO]  Epoch[2] Train-num_of_pendown9-accuracy=0.000000
2023-11-08 14:54:20,153 [INFO]  Epoch[2] Time cost=0.010
2023-11-08 14:54:20,154 [INFO]  Saved checkpoint to "./imputer_model/imputer_model_num_of_pendown9/model-0002.params"
2023-11-08 14:54:20,155 [INFO]  Epoch[2] Validation-cross-entropy=7.356421
2023-11-08 14:54:20,155 [INFO]  Epoch[2] Validation-num_of_pendown9-accuracy=0.000000
2023-11-08 14:54:20,161 [INFO]  Epoch[3] Batch [0-4]	Speed: 13962.11 samples/sec	cross-entropy=3.771801	num_of_pendown9-accuracy=0.000000
2023-11-08 14:54:20,164 [INFO]  Epoch[3] Train-cross-entropy=3.596911
2023-11-08 14:54:20,164 [INFO]  Epoch[3] Train-num_of_pendown9-accuracy=0.000000
2023-11-08 14:54:20,164 [INFO]  Epoch[3] Time cost=0.009
2023-11-08 14:54:20,165 [INFO]  Saved checkpoint to "./imputer_model/imputer_model_num_of_pendown9/model-0003.params"
2023-11-08 14:54:20,166 [INFO]  Epoch[3] Validation-cross-entropy=8.612679
2023-11-08 14:54:20,166 [INFO]  Epoch[3] Validation-num_of_pendown9-accuracy=0.000000
2023-11-08 14:54:20,172 [INFO]  Epoch[4] Batch [0-4]	Speed: 14678.23 samples/sec	cross-entropy=1.864465	num_of_pendown9-accuracy=0.000000
2023-11-08 14:54:20,175 [INFO]  Epoch[4] Train-cross-entropy=2.011505
2023-11-08 14:54:20,175 [INFO]  Epoch[4] Train-num_of_pendown9-accuracy=0.000000
2023-11-08 14:54:20,175 [INFO]  Epoch[4] Time cost=0.009
2023-11-08 14:54:20,177 [INFO]  Saved checkpoint to "./imputer_model/imputer_model_num_of_pendown9/model-0004.params"
2023-11-08 14:54:20,177 [INFO]  Epoch[4] Validation-cross-entropy=4.964720
2023-11-08 14:54:20,177 [INFO]  Epoch[4] Validation-num_of_pendown9-accuracy=0.000000
2023-11-08 14:54:20,177 [INFO]  
========== done (0.06806063652038574 s) fit model
