2023-11-08 12:33:40,025 [INFO]  
========== start: fit model
2023-11-08 12:33:40,025 [WARNING]  Already bound, ignoring bind()
2023-11-08 12:33:40,032 [INFO]  Epoch[0] Batch [0-4]	Speed: 14315.03 samples/sec	cross-entropy=23.927422	paper_time5-accuracy=0.000000
2023-11-08 12:33:40,036 [INFO]  Epoch[0] Train-cross-entropy=20.199614
2023-11-08 12:33:40,036 [INFO]  Epoch[0] Train-paper_time5-accuracy=0.000000
2023-11-08 12:33:40,036 [INFO]  Epoch[0] Time cost=0.010
2023-11-08 12:33:40,037 [INFO]  Saved checkpoint to "./imputer_model/imputer_model_paper_time5/model-0000.params"
2023-11-08 12:33:40,037 [INFO]  Epoch[0] Validation-cross-entropy=57.844940
2023-11-08 12:33:40,037 [INFO]  Epoch[0] Validation-paper_time5-accuracy=0.000000
2023-11-08 12:33:40,042 [INFO]  Epoch[1] Batch [0-4]	Speed: 15605.81 samples/sec	cross-entropy=47.967644	paper_time5-accuracy=0.000000
2023-11-08 12:33:40,046 [INFO]  Epoch[1] Train-cross-entropy=39.542180
2023-11-08 12:33:40,046 [INFO]  Epoch[1] Train-paper_time5-accuracy=0.000000
2023-11-08 12:33:40,046 [INFO]  Epoch[1] Time cost=0.008
2023-11-08 12:33:40,047 [INFO]  Saved checkpoint to "./imputer_model/imputer_model_paper_time5/model-0001.params"
2023-11-08 12:33:40,047 [INFO]  Epoch[1] Validation-cross-entropy=13.912278
2023-11-08 12:33:40,047 [INFO]  Epoch[1] Validation-paper_time5-accuracy=0.000000
2023-11-08 12:33:40,052 [INFO]  Epoch[2] Batch [0-4]	Speed: 16352.06 samples/sec	cross-entropy=4.889702	paper_time5-accuracy=0.000000
2023-11-08 12:33:40,055 [INFO]  Epoch[2] Train-cross-entropy=5.553003
2023-11-08 12:33:40,055 [INFO]  Epoch[2] Train-paper_time5-accuracy=0.000000
2023-11-08 12:33:40,055 [INFO]  Epoch[2] Time cost=0.008
2023-11-08 12:33:40,057 [INFO]  Saved checkpoint to "./imputer_model/imputer_model_paper_time5/model-0002.params"
2023-11-08 12:33:40,057 [INFO]  Epoch[2] Validation-cross-entropy=6.703331
2023-11-08 12:33:40,057 [INFO]  Epoch[2] Validation-paper_time5-accuracy=0.000000
2023-11-08 12:33:40,062 [INFO]  Epoch[3] Batch [0-4]	Speed: 17400.37 samples/sec	cross-entropy=4.644069	paper_time5-accuracy=0.000000
2023-11-08 12:33:40,065 [INFO]  Epoch[3] Train-cross-entropy=3.208312
2023-11-08 12:33:40,065 [INFO]  Epoch[3] Train-paper_time5-accuracy=0.000000
2023-11-08 12:33:40,065 [INFO]  Epoch[3] Time cost=0.008
2023-11-08 12:33:40,066 [INFO]  Saved checkpoint to "./imputer_model/imputer_model_paper_time5/model-0003.params"
2023-11-08 12:33:40,066 [INFO]  Epoch[3] Validation-cross-entropy=2.099103
2023-11-08 12:33:40,066 [INFO]  Epoch[3] Validation-paper_time5-accuracy=0.000000
2023-11-08 12:33:40,071 [INFO]  Epoch[4] Batch [0-4]	Speed: 17966.36 samples/sec	cross-entropy=1.621241	paper_time5-accuracy=0.000000
2023-11-08 12:33:40,073 [INFO]  Epoch[4] Train-cross-entropy=1.304608
2023-11-08 12:33:40,074 [INFO]  Epoch[4] Train-paper_time5-accuracy=0.000000
2023-11-08 12:33:40,074 [INFO]  Epoch[4] Time cost=0.007
2023-11-08 12:33:40,075 [INFO]  Saved checkpoint to "./imputer_model/imputer_model_paper_time5/model-0004.params"
2023-11-08 12:33:40,075 [INFO]  Epoch[4] Validation-cross-entropy=4.364923
2023-11-08 12:33:40,075 [INFO]  Epoch[4] Validation-paper_time5-accuracy=0.000000
2023-11-08 12:33:40,075 [INFO]  
========== done (0.050253868103027344 s) fit model
2023-11-08 13:04:43,746 [INFO]  
========== start: fit model
2023-11-08 13:04:43,746 [WARNING]  Already bound, ignoring bind()
2023-11-08 13:04:43,762 [INFO]  Epoch[0] Batch [0-4]	Speed: 10288.43 samples/sec	cross-entropy=25.127173	paper_time5-accuracy=3.800000
2023-11-08 13:04:43,767 [INFO]  Epoch[0] Train-cross-entropy=22.177573
2023-11-08 13:04:43,767 [INFO]  Epoch[0] Train-paper_time5-accuracy=4.250000
2023-11-08 13:04:43,767 [INFO]  Epoch[0] Time cost=0.020
2023-11-08 13:04:43,770 [INFO]  Saved checkpoint to "./imputer_model/imputer_model_paper_time5/model-0000.params"
2023-11-08 13:04:43,770 [INFO]  Epoch[0] Validation-cross-entropy=5.185300
2023-11-08 13:04:43,771 [INFO]  Epoch[0] Validation-paper_time5-accuracy=0.000000
2023-11-08 13:04:43,778 [INFO]  Epoch[1] Batch [0-4]	Speed: 12189.98 samples/sec	cross-entropy=30.713747	paper_time5-accuracy=3.800000
2023-11-08 13:04:43,782 [INFO]  Epoch[1] Train-cross-entropy=24.333669
2023-11-08 13:04:43,782 [INFO]  Epoch[1] Train-paper_time5-accuracy=4.250000
2023-11-08 13:04:43,782 [INFO]  Epoch[1] Time cost=0.011
2023-11-08 13:04:43,784 [INFO]  Saved checkpoint to "./imputer_model/imputer_model_paper_time5/model-0001.params"
2023-11-08 13:04:43,784 [INFO]  Epoch[1] Validation-cross-entropy=6.151437
2023-11-08 13:04:43,785 [INFO]  Epoch[1] Validation-paper_time5-accuracy=0.000000
2023-11-08 13:04:43,790 [INFO]  Epoch[2] Batch [0-4]	Speed: 13997.78 samples/sec	cross-entropy=2.470324	paper_time5-accuracy=3.800000
2023-11-08 13:04:43,794 [INFO]  Epoch[2] Train-cross-entropy=2.202861
2023-11-08 13:04:43,794 [INFO]  Epoch[2] Train-paper_time5-accuracy=4.250000
2023-11-08 13:04:43,794 [INFO]  Epoch[2] Time cost=0.009
2023-11-08 13:04:43,795 [INFO]  Saved checkpoint to "./imputer_model/imputer_model_paper_time5/model-0002.params"
2023-11-08 13:04:43,796 [INFO]  Epoch[2] Validation-cross-entropy=5.643325
2023-11-08 13:04:43,796 [INFO]  Epoch[2] Validation-paper_time5-accuracy=0.000000
2023-11-08 13:04:43,802 [INFO]  Epoch[3] Batch [0-4]	Speed: 14344.10 samples/sec	cross-entropy=2.108144	paper_time5-accuracy=3.800000
2023-11-08 13:04:43,805 [INFO]  Epoch[3] Train-cross-entropy=1.804142
2023-11-08 13:04:43,805 [INFO]  Epoch[3] Train-paper_time5-accuracy=4.250000
2023-11-08 13:04:43,805 [INFO]  Epoch[3] Time cost=0.009
2023-11-08 13:04:43,807 [INFO]  Saved checkpoint to "./imputer_model/imputer_model_paper_time5/model-0003.params"
2023-11-08 13:04:43,807 [INFO]  Epoch[3] Validation-cross-entropy=4.830303
2023-11-08 13:04:43,807 [INFO]  Epoch[3] Validation-paper_time5-accuracy=0.000000
2023-11-08 13:04:43,813 [INFO]  Epoch[4] Batch [0-4]	Speed: 14321.90 samples/sec	cross-entropy=1.345510	paper_time5-accuracy=3.800000
2023-11-08 13:04:43,816 [INFO]  Epoch[4] Train-cross-entropy=1.200367
2023-11-08 13:04:43,817 [INFO]  Epoch[4] Train-paper_time5-accuracy=4.250000
2023-11-08 13:04:43,817 [INFO]  Epoch[4] Time cost=0.009
2023-11-08 13:04:43,818 [INFO]  Saved checkpoint to "./imputer_model/imputer_model_paper_time5/model-0004.params"
2023-11-08 13:04:43,818 [INFO]  Epoch[4] Validation-cross-entropy=4.958143
2023-11-08 13:04:43,819 [INFO]  Epoch[4] Validation-paper_time5-accuracy=0.000000
2023-11-08 13:04:43,819 [INFO]  
========== done (0.07271981239318848 s) fit model
2023-11-08 13:18:10,703 [INFO]  
========== start: fit model
2023-11-08 13:18:10,704 [WARNING]  Already bound, ignoring bind()
2023-11-08 13:18:10,710 [INFO]  Epoch[0] Batch [0-4]	Speed: 14240.61 samples/sec	cross-entropy=27.654901	paper_time5-accuracy=4.000000
2023-11-08 13:18:10,714 [INFO]  Epoch[0] Train-cross-entropy=25.404861
2023-11-08 13:18:10,714 [INFO]  Epoch[0] Train-paper_time5-accuracy=4.125000
2023-11-08 13:18:10,714 [INFO]  Epoch[0] Time cost=0.010
2023-11-08 13:18:10,735 [INFO]  Saved checkpoint to "./imputer_model/imputer_model_paper_time5/model-0000.params"
2023-11-08 13:18:10,736 [INFO]  Epoch[0] Validation-cross-entropy=7.853621
2023-11-08 13:18:10,736 [INFO]  Epoch[0] Validation-paper_time5-accuracy=0.000000
2023-11-08 13:18:10,743 [INFO]  Epoch[1] Batch [0-4]	Speed: 12080.80 samples/sec	cross-entropy=34.829862	paper_time5-accuracy=4.000000
2023-11-08 13:18:10,746 [INFO]  Epoch[1] Train-cross-entropy=27.530192
2023-11-08 13:18:10,747 [INFO]  Epoch[1] Train-paper_time5-accuracy=4.125000
2023-11-08 13:18:10,747 [INFO]  Epoch[1] Time cost=0.011
2023-11-08 13:18:10,748 [INFO]  Saved checkpoint to "./imputer_model/imputer_model_paper_time5/model-0001.params"
2023-11-08 13:18:10,749 [INFO]  Epoch[1] Validation-cross-entropy=11.558510
2023-11-08 13:18:10,749 [INFO]  Epoch[1] Validation-paper_time5-accuracy=0.000000
2023-11-08 13:18:10,756 [INFO]  Epoch[2] Batch [0-4]	Speed: 12969.78 samples/sec	cross-entropy=4.481053	paper_time5-accuracy=4.000000
2023-11-08 13:18:10,759 [INFO]  Epoch[2] Train-cross-entropy=3.992865
2023-11-08 13:18:10,759 [INFO]  Epoch[2] Train-paper_time5-accuracy=4.125000
2023-11-08 13:18:10,759 [INFO]  Epoch[2] Time cost=0.010
2023-11-08 13:18:10,761 [INFO]  Saved checkpoint to "./imputer_model/imputer_model_paper_time5/model-0002.params"
2023-11-08 13:18:10,762 [INFO]  Epoch[2] Validation-cross-entropy=11.860306
2023-11-08 13:18:10,762 [INFO]  Epoch[2] Validation-paper_time5-accuracy=0.000000
2023-11-08 13:18:10,768 [INFO]  Epoch[3] Batch [0-4]	Speed: 13944.70 samples/sec	cross-entropy=3.404873	paper_time5-accuracy=4.000000
2023-11-08 13:18:10,771 [INFO]  Epoch[3] Train-cross-entropy=2.647782
2023-11-08 13:18:10,771 [INFO]  Epoch[3] Train-paper_time5-accuracy=4.125000
2023-11-08 13:18:10,771 [INFO]  Epoch[3] Time cost=0.010
2023-11-08 13:18:10,773 [INFO]  Saved checkpoint to "./imputer_model/imputer_model_paper_time5/model-0003.params"
2023-11-08 13:18:10,773 [INFO]  Epoch[3] Validation-cross-entropy=9.757404
2023-11-08 13:18:10,773 [INFO]  Epoch[3] Validation-paper_time5-accuracy=0.000000
2023-11-08 13:18:10,779 [INFO]  Epoch[4] Batch [0-4]	Speed: 14105.17 samples/sec	cross-entropy=1.321779	paper_time5-accuracy=4.000000
2023-11-08 13:18:10,783 [INFO]  Epoch[4] Train-cross-entropy=1.092594
2023-11-08 13:18:10,783 [INFO]  Epoch[4] Train-paper_time5-accuracy=4.125000
2023-11-08 13:18:10,783 [INFO]  Epoch[4] Time cost=0.009
2023-11-08 13:18:10,784 [INFO]  Saved checkpoint to "./imputer_model/imputer_model_paper_time5/model-0004.params"
2023-11-08 13:18:10,785 [INFO]  Epoch[4] Validation-cross-entropy=9.521737
2023-11-08 13:18:10,785 [INFO]  Epoch[4] Validation-paper_time5-accuracy=0.000000
2023-11-08 13:18:10,785 [INFO]  
========== done (0.08170652389526367 s) fit model
2023-11-08 13:31:31,515 [INFO]  
========== start: fit model
2023-11-08 13:31:31,515 [WARNING]  Already bound, ignoring bind()
2023-11-08 13:31:31,522 [INFO]  Epoch[0] Batch [0-4]	Speed: 13612.35 samples/sec	cross-entropy=23.219734	paper_time5-accuracy=4.400000
2023-11-08 13:31:31,526 [INFO]  Epoch[0] Train-cross-entropy=26.116668
2023-11-08 13:31:31,526 [INFO]  Epoch[0] Train-paper_time5-accuracy=3.875000
2023-11-08 13:31:31,526 [INFO]  Epoch[0] Time cost=0.010
2023-11-08 13:31:31,527 [INFO]  Saved checkpoint to "./imputer_model/imputer_model_paper_time5/model-0000.params"
2023-11-08 13:31:31,527 [INFO]  Epoch[0] Validation-cross-entropy=16.242496
2023-11-08 13:31:31,527 [INFO]  Epoch[0] Validation-paper_time5-accuracy=0.000000
2023-11-08 13:31:31,534 [INFO]  Epoch[1] Batch [0-4]	Speed: 11791.59 samples/sec	cross-entropy=30.912854	paper_time5-accuracy=4.400000
2023-11-08 13:31:31,540 [INFO]  Epoch[1] Train-cross-entropy=30.509609
2023-11-08 13:31:31,540 [INFO]  Epoch[1] Train-paper_time5-accuracy=3.875000
2023-11-08 13:31:31,540 [INFO]  Epoch[1] Time cost=0.012
2023-11-08 13:31:31,544 [INFO]  Saved checkpoint to "./imputer_model/imputer_model_paper_time5/model-0001.params"
2023-11-08 13:31:31,545 [INFO]  Epoch[1] Validation-cross-entropy=7.976544
2023-11-08 13:31:31,545 [INFO]  Epoch[1] Validation-paper_time5-accuracy=0.000000
2023-11-08 13:31:31,552 [INFO]  Epoch[2] Batch [0-4]	Speed: 12526.74 samples/sec	cross-entropy=16.204869	paper_time5-accuracy=4.400000
2023-11-08 13:31:31,556 [INFO]  Epoch[2] Train-cross-entropy=13.103824
2023-11-08 13:31:31,556 [INFO]  Epoch[2] Train-paper_time5-accuracy=3.875000
2023-11-08 13:31:31,556 [INFO]  Epoch[2] Time cost=0.011
2023-11-08 13:31:31,558 [INFO]  Saved checkpoint to "./imputer_model/imputer_model_paper_time5/model-0002.params"
2023-11-08 13:31:31,559 [INFO]  Epoch[2] Validation-cross-entropy=8.958942
2023-11-08 13:31:31,559 [INFO]  Epoch[2] Validation-paper_time5-accuracy=0.000000
2023-11-08 13:31:31,565 [INFO]  Epoch[3] Batch [0-4]	Speed: 13770.86 samples/sec	cross-entropy=8.502893	paper_time5-accuracy=4.400000
2023-11-08 13:31:31,568 [INFO]  Epoch[3] Train-cross-entropy=6.408229
2023-11-08 13:31:31,568 [INFO]  Epoch[3] Train-paper_time5-accuracy=3.875000
2023-11-08 13:31:31,568 [INFO]  Epoch[3] Time cost=0.010
2023-11-08 13:31:31,570 [INFO]  Saved checkpoint to "./imputer_model/imputer_model_paper_time5/model-0003.params"
2023-11-08 13:31:31,571 [INFO]  Epoch[3] Validation-cross-entropy=8.699579
2023-11-08 13:31:31,571 [INFO]  Epoch[3] Validation-paper_time5-accuracy=0.000000
2023-11-08 13:31:31,577 [INFO]  Epoch[4] Batch [0-4]	Speed: 14022.64 samples/sec	cross-entropy=1.993061	paper_time5-accuracy=4.400000
2023-11-08 13:31:31,580 [INFO]  Epoch[4] Train-cross-entropy=1.743490
2023-11-08 13:31:31,580 [INFO]  Epoch[4] Train-paper_time5-accuracy=3.875000
2023-11-08 13:31:31,580 [INFO]  Epoch[4] Time cost=0.009
2023-11-08 13:31:31,582 [INFO]  Saved checkpoint to "./imputer_model/imputer_model_paper_time5/model-0004.params"
2023-11-08 13:31:31,582 [INFO]  Epoch[4] Validation-cross-entropy=5.422520
2023-11-08 13:31:31,582 [INFO]  Epoch[4] Validation-paper_time5-accuracy=0.000000
2023-11-08 13:31:31,582 [INFO]  
========== done (0.06756854057312012 s) fit model
2023-11-08 13:44:51,258 [INFO]  
========== start: fit model
2023-11-08 13:44:51,258 [WARNING]  Already bound, ignoring bind()
2023-11-08 13:44:51,265 [INFO]  Epoch[0] Batch [0-4]	Speed: 13674.06 samples/sec	cross-entropy=19.712882	paper_time5-accuracy=3.800000
2023-11-08 13:44:51,268 [INFO]  Epoch[0] Train-cross-entropy=18.863651
2023-11-08 13:44:51,268 [INFO]  Epoch[0] Train-paper_time5-accuracy=3.750000
2023-11-08 13:44:51,268 [INFO]  Epoch[0] Time cost=0.010
2023-11-08 13:44:51,270 [INFO]  Saved checkpoint to "./imputer_model/imputer_model_paper_time5/model-0000.params"
2023-11-08 13:44:51,270 [INFO]  Epoch[0] Validation-cross-entropy=11.411143
2023-11-08 13:44:51,270 [INFO]  Epoch[0] Validation-paper_time5-accuracy=0.000000
2023-11-08 13:44:51,276 [INFO]  Epoch[1] Batch [0-4]	Speed: 13086.75 samples/sec	cross-entropy=42.368032	paper_time5-accuracy=3.800000
2023-11-08 13:44:51,281 [INFO]  Epoch[1] Train-cross-entropy=34.383735
2023-11-08 13:44:51,281 [INFO]  Epoch[1] Train-paper_time5-accuracy=3.750000
2023-11-08 13:44:51,281 [INFO]  Epoch[1] Time cost=0.011
2023-11-08 13:44:51,285 [INFO]  Saved checkpoint to "./imputer_model/imputer_model_paper_time5/model-0001.params"
2023-11-08 13:44:51,286 [INFO]  Epoch[1] Validation-cross-entropy=6.817276
2023-11-08 13:44:51,286 [INFO]  Epoch[1] Validation-paper_time5-accuracy=0.000000
2023-11-08 13:44:51,294 [INFO]  Epoch[2] Batch [0-4]	Speed: 10803.97 samples/sec	cross-entropy=9.456269	paper_time5-accuracy=3.800000
2023-11-08 13:44:51,297 [INFO]  Epoch[2] Train-cross-entropy=9.410763
2023-11-08 13:44:51,297 [INFO]  Epoch[2] Train-paper_time5-accuracy=3.750000
2023-11-08 13:44:51,297 [INFO]  Epoch[2] Time cost=0.011
2023-11-08 13:44:51,299 [INFO]  Saved checkpoint to "./imputer_model/imputer_model_paper_time5/model-0002.params"
2023-11-08 13:44:51,300 [INFO]  Epoch[2] Validation-cross-entropy=6.830063
2023-11-08 13:44:51,300 [INFO]  Epoch[2] Validation-paper_time5-accuracy=0.000000
2023-11-08 13:44:51,305 [INFO]  Epoch[3] Batch [0-4]	Speed: 16175.68 samples/sec	cross-entropy=10.310300	paper_time5-accuracy=3.800000
2023-11-08 13:44:51,308 [INFO]  Epoch[3] Train-cross-entropy=7.288607
2023-11-08 13:44:51,308 [INFO]  Epoch[3] Train-paper_time5-accuracy=3.750000
2023-11-08 13:44:51,308 [INFO]  Epoch[3] Time cost=0.008
2023-11-08 13:44:51,310 [INFO]  Saved checkpoint to "./imputer_model/imputer_model_paper_time5/model-0003.params"
2023-11-08 13:44:51,310 [INFO]  Epoch[3] Validation-cross-entropy=5.671178
2023-11-08 13:44:51,310 [INFO]  Epoch[3] Validation-paper_time5-accuracy=0.000000
2023-11-08 13:44:51,316 [INFO]  Epoch[4] Batch [0-4]	Speed: 13839.02 samples/sec	cross-entropy=3.602265	paper_time5-accuracy=3.800000
2023-11-08 13:44:51,319 [INFO]  Epoch[4] Train-cross-entropy=2.646270
2023-11-08 13:44:51,320 [INFO]  Epoch[4] Train-paper_time5-accuracy=3.750000
2023-11-08 13:44:51,320 [INFO]  Epoch[4] Time cost=0.009
2023-11-08 13:44:51,321 [INFO]  Saved checkpoint to "./imputer_model/imputer_model_paper_time5/model-0004.params"
2023-11-08 13:44:51,322 [INFO]  Epoch[4] Validation-cross-entropy=2.988636
2023-11-08 13:44:51,322 [INFO]  Epoch[4] Validation-paper_time5-accuracy=0.000000
2023-11-08 13:44:51,322 [INFO]  
========== done (0.06410527229309082 s) fit model
2023-11-08 13:58:13,380 [INFO]  
========== start: fit model
2023-11-08 13:58:13,381 [WARNING]  Already bound, ignoring bind()
2023-11-08 13:58:13,387 [INFO]  Epoch[0] Batch [0-4]	Speed: 14367.90 samples/sec	cross-entropy=15.900365	paper_time5-accuracy=3.600000
2023-11-08 13:58:13,391 [INFO]  Epoch[0] Train-cross-entropy=17.132972
2023-11-08 13:58:13,391 [INFO]  Epoch[0] Train-paper_time5-accuracy=3.375000
2023-11-08 13:58:13,391 [INFO]  Epoch[0] Time cost=0.010
2023-11-08 13:58:13,392 [INFO]  Saved checkpoint to "./imputer_model/imputer_model_paper_time5/model-0000.params"
2023-11-08 13:58:13,393 [INFO]  Epoch[0] Validation-cross-entropy=27.575165
2023-11-08 13:58:13,393 [INFO]  Epoch[0] Validation-paper_time5-accuracy=0.000000
2023-11-08 13:58:13,398 [INFO]  Epoch[1] Batch [0-4]	Speed: 14318.08 samples/sec	cross-entropy=52.164333	paper_time5-accuracy=3.600000
2023-11-08 13:58:13,403 [INFO]  Epoch[1] Train-cross-entropy=37.601973
2023-11-08 13:58:13,404 [INFO]  Epoch[1] Train-paper_time5-accuracy=3.375000
2023-11-08 13:58:13,404 [INFO]  Epoch[1] Time cost=0.011
2023-11-08 13:58:13,407 [INFO]  Saved checkpoint to "./imputer_model/imputer_model_paper_time5/model-0001.params"
2023-11-08 13:58:13,408 [INFO]  Epoch[1] Validation-cross-entropy=8.030105
2023-11-08 13:58:13,408 [INFO]  Epoch[1] Validation-paper_time5-accuracy=0.000000
2023-11-08 13:58:13,416 [INFO]  Epoch[2] Batch [0-4]	Speed: 10299.48 samples/sec	cross-entropy=10.299819	paper_time5-accuracy=3.600000
2023-11-08 13:58:13,420 [INFO]  Epoch[2] Train-cross-entropy=10.345837
2023-11-08 13:58:13,420 [INFO]  Epoch[2] Train-paper_time5-accuracy=3.375000
2023-11-08 13:58:13,420 [INFO]  Epoch[2] Time cost=0.012
2023-11-08 13:58:13,422 [INFO]  Saved checkpoint to "./imputer_model/imputer_model_paper_time5/model-0002.params"
2023-11-08 13:58:13,423 [INFO]  Epoch[2] Validation-cross-entropy=8.160548
2023-11-08 13:58:13,423 [INFO]  Epoch[2] Validation-paper_time5-accuracy=0.000000
2023-11-08 13:58:13,428 [INFO]  Epoch[3] Batch [0-4]	Speed: 15057.80 samples/sec	cross-entropy=8.101726	paper_time5-accuracy=3.600000
2023-11-08 13:58:13,432 [INFO]  Epoch[3] Train-cross-entropy=7.931301
2023-11-08 13:58:13,432 [INFO]  Epoch[3] Train-paper_time5-accuracy=3.375000
2023-11-08 13:58:13,432 [INFO]  Epoch[3] Time cost=0.009
2023-11-08 13:58:13,433 [INFO]  Saved checkpoint to "./imputer_model/imputer_model_paper_time5/model-0003.params"
2023-11-08 13:58:13,434 [INFO]  Epoch[3] Validation-cross-entropy=7.783312
2023-11-08 13:58:13,434 [INFO]  Epoch[3] Validation-paper_time5-accuracy=0.000000
2023-11-08 13:58:13,440 [INFO]  Epoch[4] Batch [0-4]	Speed: 13613.73 samples/sec	cross-entropy=2.254265	paper_time5-accuracy=3.600000
2023-11-08 13:58:13,444 [INFO]  Epoch[4] Train-cross-entropy=2.535174
2023-11-08 13:58:13,444 [INFO]  Epoch[4] Train-paper_time5-accuracy=3.375000
2023-11-08 13:58:13,444 [INFO]  Epoch[4] Time cost=0.010
2023-11-08 13:58:13,448 [INFO]  Saved checkpoint to "./imputer_model/imputer_model_paper_time5/model-0004.params"
2023-11-08 13:58:13,448 [INFO]  Epoch[4] Validation-cross-entropy=4.368635
2023-11-08 13:58:13,449 [INFO]  Epoch[4] Validation-paper_time5-accuracy=0.000000
2023-11-08 13:58:13,449 [INFO]  
========== done (0.06818747520446777 s) fit model
2023-11-08 14:11:37,932 [INFO]  
========== start: fit model
2023-11-08 14:11:37,932 [WARNING]  Already bound, ignoring bind()
2023-11-08 14:11:37,939 [INFO]  Epoch[0] Batch [0-4]	Speed: 13992.67 samples/sec	cross-entropy=16.208004	paper_time5-accuracy=0.000000
2023-11-08 14:11:37,942 [INFO]  Epoch[0] Train-cross-entropy=23.492335
2023-11-08 14:11:37,942 [INFO]  Epoch[0] Train-paper_time5-accuracy=0.000000
2023-11-08 14:11:37,942 [INFO]  Epoch[0] Time cost=0.010
2023-11-08 14:11:37,944 [INFO]  Saved checkpoint to "./imputer_model/imputer_model_paper_time5/model-0000.params"
2023-11-08 14:11:37,944 [INFO]  Epoch[0] Validation-cross-entropy=8.703344
2023-11-08 14:11:37,944 [INFO]  Epoch[0] Validation-paper_time5-accuracy=0.000000
2023-11-08 14:11:37,951 [INFO]  Epoch[1] Batch [0-4]	Speed: 11139.79 samples/sec	cross-entropy=43.833047	paper_time5-accuracy=0.000000
2023-11-08 14:11:37,956 [INFO]  Epoch[1] Train-cross-entropy=45.328579
2023-11-08 14:11:37,956 [INFO]  Epoch[1] Train-paper_time5-accuracy=0.000000
2023-11-08 14:11:37,956 [INFO]  Epoch[1] Time cost=0.012
2023-11-08 14:11:37,959 [INFO]  Saved checkpoint to "./imputer_model/imputer_model_paper_time5/model-0001.params"
2023-11-08 14:11:37,960 [INFO]  Epoch[1] Validation-cross-entropy=9.664583
2023-11-08 14:11:37,960 [INFO]  Epoch[1] Validation-paper_time5-accuracy=0.000000
2023-11-08 14:11:37,965 [INFO]  Epoch[2] Batch [0-4]	Speed: 17093.44 samples/sec	cross-entropy=12.358570	paper_time5-accuracy=0.000000
2023-11-08 14:11:37,968 [INFO]  Epoch[2] Train-cross-entropy=11.379836
2023-11-08 14:11:37,968 [INFO]  Epoch[2] Train-paper_time5-accuracy=0.000000
2023-11-08 14:11:37,968 [INFO]  Epoch[2] Time cost=0.008
2023-11-08 14:11:37,970 [INFO]  Saved checkpoint to "./imputer_model/imputer_model_paper_time5/model-0002.params"
2023-11-08 14:11:37,970 [INFO]  Epoch[2] Validation-cross-entropy=8.741161
2023-11-08 14:11:37,970 [INFO]  Epoch[2] Validation-paper_time5-accuracy=0.000000
2023-11-08 14:11:37,975 [INFO]  Epoch[3] Batch [0-4]	Speed: 18523.01 samples/sec	cross-entropy=4.019873	paper_time5-accuracy=0.000000
2023-11-08 14:11:37,977 [INFO]  Epoch[3] Train-cross-entropy=5.045951
2023-11-08 14:11:37,977 [INFO]  Epoch[3] Train-paper_time5-accuracy=0.000000
2023-11-08 14:11:37,977 [INFO]  Epoch[3] Time cost=0.007
2023-11-08 14:11:37,979 [INFO]  Saved checkpoint to "./imputer_model/imputer_model_paper_time5/model-0003.params"
2023-11-08 14:11:37,979 [INFO]  Epoch[3] Validation-cross-entropy=7.630590
2023-11-08 14:11:37,979 [INFO]  Epoch[3] Validation-paper_time5-accuracy=0.000000
2023-11-08 14:11:37,984 [INFO]  Epoch[4] Batch [0-4]	Speed: 17109.79 samples/sec	cross-entropy=1.832136	paper_time5-accuracy=0.000000
2023-11-08 14:11:37,987 [INFO]  Epoch[4] Train-cross-entropy=1.645453
2023-11-08 14:11:37,987 [INFO]  Epoch[4] Train-paper_time5-accuracy=0.000000
2023-11-08 14:11:37,987 [INFO]  Epoch[4] Time cost=0.008
2023-11-08 14:11:37,988 [INFO]  Saved checkpoint to "./imputer_model/imputer_model_paper_time5/model-0004.params"
2023-11-08 14:11:37,989 [INFO]  Epoch[4] Validation-cross-entropy=4.816318
2023-11-08 14:11:37,989 [INFO]  Epoch[4] Validation-paper_time5-accuracy=0.000000
2023-11-08 14:11:37,989 [INFO]  
========== done (0.05694317817687988 s) fit model
2023-11-08 14:25:10,872 [INFO]  
========== start: fit model
2023-11-08 14:25:10,872 [WARNING]  Already bound, ignoring bind()
2023-11-08 14:25:10,879 [INFO]  Epoch[0] Batch [0-4]	Speed: 14093.32 samples/sec	cross-entropy=29.028402	paper_time5-accuracy=3.400000
2023-11-08 14:25:10,884 [INFO]  Epoch[0] Train-cross-entropy=24.437363
2023-11-08 14:25:10,884 [INFO]  Epoch[0] Train-paper_time5-accuracy=4.250000
2023-11-08 14:25:10,884 [INFO]  Epoch[0] Time cost=0.012
2023-11-08 14:25:10,887 [INFO]  Saved checkpoint to "./imputer_model/imputer_model_paper_time5/model-0000.params"
2023-11-08 14:25:10,888 [INFO]  Epoch[0] Validation-cross-entropy=191.881638
2023-11-08 14:25:10,888 [INFO]  Epoch[0] Validation-paper_time5-accuracy=0.000000
2023-11-08 14:25:10,895 [INFO]  Epoch[1] Batch [0-4]	Speed: 12420.67 samples/sec	cross-entropy=57.748491	paper_time5-accuracy=3.400000
2023-11-08 14:25:10,899 [INFO]  Epoch[1] Train-cross-entropy=42.467523
2023-11-08 14:25:10,899 [INFO]  Epoch[1] Train-paper_time5-accuracy=4.250000
2023-11-08 14:25:10,900 [INFO]  Epoch[1] Time cost=0.011
2023-11-08 14:25:10,901 [INFO]  Saved checkpoint to "./imputer_model/imputer_model_paper_time5/model-0001.params"
2023-11-08 14:25:10,902 [INFO]  Epoch[1] Validation-cross-entropy=65.511635
2023-11-08 14:25:10,902 [INFO]  Epoch[1] Validation-paper_time5-accuracy=0.000000
2023-11-08 14:25:10,909 [INFO]  Epoch[2] Batch [0-4]	Speed: 10823.57 samples/sec	cross-entropy=16.758008	paper_time5-accuracy=3.400000
2023-11-08 14:25:10,914 [INFO]  Epoch[2] Train-cross-entropy=14.672538
2023-11-08 14:25:10,914 [INFO]  Epoch[2] Train-paper_time5-accuracy=4.250000
2023-11-08 14:25:10,914 [INFO]  Epoch[2] Time cost=0.012
2023-11-08 14:25:10,917 [INFO]  Saved checkpoint to "./imputer_model/imputer_model_paper_time5/model-0002.params"
2023-11-08 14:25:10,918 [INFO]  Epoch[2] Validation-cross-entropy=70.189331
2023-11-08 14:25:10,918 [INFO]  Epoch[2] Validation-paper_time5-accuracy=0.000000
2023-11-08 14:25:10,925 [INFO]  Epoch[3] Batch [0-4]	Speed: 13082.93 samples/sec	cross-entropy=4.400767	paper_time5-accuracy=3.400000
2023-11-08 14:25:10,928 [INFO]  Epoch[3] Train-cross-entropy=4.763944
2023-11-08 14:25:10,929 [INFO]  Epoch[3] Train-paper_time5-accuracy=4.250000
2023-11-08 14:25:10,929 [INFO]  Epoch[3] Time cost=0.011
2023-11-08 14:25:10,931 [INFO]  Saved checkpoint to "./imputer_model/imputer_model_paper_time5/model-0003.params"
2023-11-08 14:25:10,931 [INFO]  Epoch[3] Validation-cross-entropy=48.179264
2023-11-08 14:25:10,931 [INFO]  Epoch[3] Validation-paper_time5-accuracy=0.000000
2023-11-08 14:25:10,937 [INFO]  Epoch[4] Batch [0-4]	Speed: 14657.39 samples/sec	cross-entropy=2.554719	paper_time5-accuracy=3.400000
2023-11-08 14:25:10,940 [INFO]  Epoch[4] Train-cross-entropy=1.963411
2023-11-08 14:25:10,940 [INFO]  Epoch[4] Train-paper_time5-accuracy=4.250000
2023-11-08 14:25:10,940 [INFO]  Epoch[4] Time cost=0.009
2023-11-08 14:25:10,941 [INFO]  Saved checkpoint to "./imputer_model/imputer_model_paper_time5/model-0004.params"
2023-11-08 14:25:10,942 [INFO]  Epoch[4] Validation-cross-entropy=57.390408
2023-11-08 14:25:10,942 [INFO]  Epoch[4] Validation-paper_time5-accuracy=0.000000
2023-11-08 14:25:10,942 [INFO]  
========== done (0.07053518295288086 s) fit model
2023-11-08 14:39:05,904 [INFO]  
========== start: fit model
2023-11-08 14:39:05,904 [WARNING]  Already bound, ignoring bind()
2023-11-08 14:39:05,914 [INFO]  Epoch[0] Batch [0-4]	Speed: 9111.86 samples/sec	cross-entropy=22.998729	paper_time5-accuracy=0.000000
2023-11-08 14:39:05,919 [INFO]  Epoch[0] Train-cross-entropy=20.359386
2023-11-08 14:39:05,919 [INFO]  Epoch[0] Train-paper_time5-accuracy=0.000000
2023-11-08 14:39:05,919 [INFO]  Epoch[0] Time cost=0.014
2023-11-08 14:39:05,922 [INFO]  Saved checkpoint to "./imputer_model/imputer_model_paper_time5/model-0000.params"
2023-11-08 14:39:05,923 [INFO]  Epoch[0] Validation-cross-entropy=17.921400
2023-11-08 14:39:05,923 [INFO]  Epoch[0] Validation-paper_time5-accuracy=0.000000
2023-11-08 14:39:05,930 [INFO]  Epoch[1] Batch [0-4]	Speed: 11482.89 samples/sec	cross-entropy=30.532807	paper_time5-accuracy=0.000000
2023-11-08 14:39:05,934 [INFO]  Epoch[1] Train-cross-entropy=24.970799
2023-11-08 14:39:05,934 [INFO]  Epoch[1] Train-paper_time5-accuracy=0.000000
2023-11-08 14:39:05,935 [INFO]  Epoch[1] Time cost=0.011
2023-11-08 14:39:05,937 [INFO]  Saved checkpoint to "./imputer_model/imputer_model_paper_time5/model-0001.params"
2023-11-08 14:39:05,937 [INFO]  Epoch[1] Validation-cross-entropy=21.869255
2023-11-08 14:39:05,938 [INFO]  Epoch[1] Validation-paper_time5-accuracy=0.000000
2023-11-08 14:39:05,944 [INFO]  Epoch[2] Batch [0-4]	Speed: 13952.67 samples/sec	cross-entropy=2.219886	paper_time5-accuracy=0.000000
2023-11-08 14:39:05,947 [INFO]  Epoch[2] Train-cross-entropy=1.816372
2023-11-08 14:39:05,947 [INFO]  Epoch[2] Train-paper_time5-accuracy=0.000000
2023-11-08 14:39:05,947 [INFO]  Epoch[2] Time cost=0.010
2023-11-08 14:39:05,949 [INFO]  Saved checkpoint to "./imputer_model/imputer_model_paper_time5/model-0002.params"
2023-11-08 14:39:05,950 [INFO]  Epoch[2] Validation-cross-entropy=21.662962
2023-11-08 14:39:05,950 [INFO]  Epoch[2] Validation-paper_time5-accuracy=0.000000
2023-11-08 14:39:05,956 [INFO]  Epoch[3] Batch [0-4]	Speed: 14229.28 samples/sec	cross-entropy=2.027163	paper_time5-accuracy=0.000000
2023-11-08 14:39:05,959 [INFO]  Epoch[3] Train-cross-entropy=1.740511
2023-11-08 14:39:05,959 [INFO]  Epoch[3] Train-paper_time5-accuracy=0.000000
2023-11-08 14:39:05,959 [INFO]  Epoch[3] Time cost=0.009
2023-11-08 14:39:05,961 [INFO]  Saved checkpoint to "./imputer_model/imputer_model_paper_time5/model-0003.params"
2023-11-08 14:39:05,961 [INFO]  Epoch[3] Validation-cross-entropy=20.514002
2023-11-08 14:39:05,961 [INFO]  Epoch[3] Validation-paper_time5-accuracy=0.000000
2023-11-08 14:39:05,969 [INFO]  Epoch[4] Batch [0-4]	Speed: 9821.29 samples/sec	cross-entropy=0.935291	paper_time5-accuracy=0.000000
2023-11-08 14:39:05,973 [INFO]  Epoch[4] Train-cross-entropy=0.678860
2023-11-08 14:39:05,973 [INFO]  Epoch[4] Train-paper_time5-accuracy=0.000000
2023-11-08 14:39:05,973 [INFO]  Epoch[4] Time cost=0.012
2023-11-08 14:39:05,976 [INFO]  Saved checkpoint to "./imputer_model/imputer_model_paper_time5/model-0004.params"
2023-11-08 14:39:05,977 [INFO]  Epoch[4] Validation-cross-entropy=22.226055
2023-11-08 14:39:05,977 [INFO]  Epoch[4] Validation-paper_time5-accuracy=0.000000
2023-11-08 14:39:05,977 [INFO]  
========== done (0.07301092147827148 s) fit model
2023-11-08 14:53:10,550 [INFO]  
========== start: fit model
2023-11-08 14:53:10,550 [WARNING]  Already bound, ignoring bind()
2023-11-08 14:53:10,557 [INFO]  Epoch[0] Batch [0-4]	Speed: 13900.65 samples/sec	cross-entropy=16.377930	paper_time5-accuracy=4.600000
2023-11-08 14:53:10,560 [INFO]  Epoch[0] Train-cross-entropy=17.447028
2023-11-08 14:53:10,560 [INFO]  Epoch[0] Train-paper_time5-accuracy=4.125000
2023-11-08 14:53:10,560 [INFO]  Epoch[0] Time cost=0.010
2023-11-08 14:53:10,562 [INFO]  Saved checkpoint to "./imputer_model/imputer_model_paper_time5/model-0000.params"
2023-11-08 14:53:10,562 [INFO]  Epoch[0] Validation-cross-entropy=12.967629
2023-11-08 14:53:10,562 [INFO]  Epoch[0] Validation-paper_time5-accuracy=0.000000
2023-11-08 14:53:10,568 [INFO]  Epoch[1] Batch [0-4]	Speed: 12859.18 samples/sec	cross-entropy=37.196514	paper_time5-accuracy=4.600000
2023-11-08 14:53:10,573 [INFO]  Epoch[1] Train-cross-entropy=27.797354
2023-11-08 14:53:10,573 [INFO]  Epoch[1] Train-paper_time5-accuracy=4.125000
2023-11-08 14:53:10,574 [INFO]  Epoch[1] Time cost=0.011
2023-11-08 14:53:10,577 [INFO]  Saved checkpoint to "./imputer_model/imputer_model_paper_time5/model-0001.params"
2023-11-08 14:53:10,578 [INFO]  Epoch[1] Validation-cross-entropy=10.135921
2023-11-08 14:53:10,578 [INFO]  Epoch[1] Validation-paper_time5-accuracy=0.000000
2023-11-08 14:53:10,583 [INFO]  Epoch[2] Batch [0-4]	Speed: 16994.96 samples/sec	cross-entropy=5.013224	paper_time5-accuracy=4.600000
2023-11-08 14:53:10,586 [INFO]  Epoch[2] Train-cross-entropy=3.983980
2023-11-08 14:53:10,586 [INFO]  Epoch[2] Train-paper_time5-accuracy=4.125000
2023-11-08 14:53:10,586 [INFO]  Epoch[2] Time cost=0.008
2023-11-08 14:53:10,588 [INFO]  Saved checkpoint to "./imputer_model/imputer_model_paper_time5/model-0002.params"
2023-11-08 14:53:10,589 [INFO]  Epoch[2] Validation-cross-entropy=7.729811
2023-11-08 14:53:10,589 [INFO]  Epoch[2] Validation-paper_time5-accuracy=0.000000
2023-11-08 14:53:10,593 [INFO]  Epoch[3] Batch [0-4]	Speed: 18389.77 samples/sec	cross-entropy=4.969102	paper_time5-accuracy=4.600000
2023-11-08 14:53:10,596 [INFO]  Epoch[3] Train-cross-entropy=3.679529
2023-11-08 14:53:10,596 [INFO]  Epoch[3] Train-paper_time5-accuracy=4.125000
2023-11-08 14:53:10,596 [INFO]  Epoch[3] Time cost=0.007
2023-11-08 14:53:10,598 [INFO]  Saved checkpoint to "./imputer_model/imputer_model_paper_time5/model-0003.params"
2023-11-08 14:53:10,598 [INFO]  Epoch[3] Validation-cross-entropy=5.382717
2023-11-08 14:53:10,598 [INFO]  Epoch[3] Validation-paper_time5-accuracy=0.000000
2023-11-08 14:53:10,602 [INFO]  Epoch[4] Batch [0-4]	Speed: 18647.83 samples/sec	cross-entropy=1.690010	paper_time5-accuracy=4.600000
2023-11-08 14:53:10,609 [INFO]  Epoch[4] Train-cross-entropy=1.446208
2023-11-08 14:53:10,609 [INFO]  Epoch[4] Train-paper_time5-accuracy=4.125000
2023-11-08 14:53:10,609 [INFO]  Epoch[4] Time cost=0.011
2023-11-08 14:53:10,610 [INFO]  Saved checkpoint to "./imputer_model/imputer_model_paper_time5/model-0004.params"
2023-11-08 14:53:10,611 [INFO]  Epoch[4] Validation-cross-entropy=6.628103
2023-11-08 14:53:10,611 [INFO]  Epoch[4] Validation-paper_time5-accuracy=0.000000
2023-11-08 14:53:10,611 [INFO]  
========== done (0.06117081642150879 s) fit model
