2023-11-08 12:50:23,336 [INFO]  
========== start: fit model
2023-11-08 12:50:23,337 [WARNING]  Already bound, ignoring bind()
2023-11-08 12:50:23,405 [INFO]  Epoch[0] Batch [0-4]	Speed: 1058.82 samples/sec	cross-entropy=21.105226	mean_acc_in_air21-accuracy=0.000000
2023-11-08 12:50:24,456 [INFO]  Epoch[0] Train-cross-entropy=27.960981
2023-11-08 12:50:24,457 [INFO]  Epoch[0] Train-mean_acc_in_air21-accuracy=0.000000
2023-11-08 12:50:24,457 [INFO]  Epoch[0] Time cost=1.117
2023-11-08 12:50:24,460 [INFO]  Saved checkpoint to "./imputer_model/imputer_model_mean_acc_in_air21/model-0000.params"
2023-11-08 12:50:24,488 [INFO]  Epoch[0] Validation-cross-entropy=61.918056
2023-11-08 12:50:24,488 [INFO]  Epoch[0] Validation-mean_acc_in_air21-accuracy=0.000000
2023-11-08 12:50:24,496 [INFO]  Epoch[1] Batch [0-4]	Speed: 10882.81 samples/sec	cross-entropy=36.457507	mean_acc_in_air21-accuracy=0.000000
2023-11-08 12:50:24,502 [INFO]  Epoch[1] Train-cross-entropy=32.198019
2023-11-08 12:50:24,502 [INFO]  Epoch[1] Train-mean_acc_in_air21-accuracy=0.000000
2023-11-08 12:50:24,503 [INFO]  Epoch[1] Time cost=0.015
2023-11-08 12:50:24,506 [INFO]  Saved checkpoint to "./imputer_model/imputer_model_mean_acc_in_air21/model-0001.params"
2023-11-08 12:50:24,507 [INFO]  Epoch[1] Validation-cross-entropy=51.806355
2023-11-08 12:50:24,507 [INFO]  Epoch[1] Validation-mean_acc_in_air21-accuracy=0.000000
2023-11-08 12:50:24,518 [INFO]  Epoch[2] Batch [0-4]	Speed: 7680.56 samples/sec	cross-entropy=5.357244	mean_acc_in_air21-accuracy=0.000000
2023-11-08 12:50:24,524 [INFO]  Epoch[2] Train-cross-entropy=5.719175
2023-11-08 12:50:24,525 [INFO]  Epoch[2] Train-mean_acc_in_air21-accuracy=0.000000
2023-11-08 12:50:24,525 [INFO]  Epoch[2] Time cost=0.017
2023-11-08 12:50:24,528 [INFO]  Saved checkpoint to "./imputer_model/imputer_model_mean_acc_in_air21/model-0002.params"
2023-11-08 12:50:24,529 [INFO]  Epoch[2] Validation-cross-entropy=38.287102
2023-11-08 12:50:24,529 [INFO]  Epoch[2] Validation-mean_acc_in_air21-accuracy=0.000000
2023-11-08 12:50:24,703 [INFO]  Epoch[3] Batch [0-4]	Speed: 373.67 samples/sec	cross-entropy=5.639427	mean_acc_in_air21-accuracy=0.000000
2023-11-08 12:50:24,712 [INFO]  Epoch[3] Train-cross-entropy=4.724015
2023-11-08 12:50:24,712 [INFO]  Epoch[3] Train-mean_acc_in_air21-accuracy=0.000000
2023-11-08 12:50:24,712 [INFO]  Epoch[3] Time cost=0.183
2023-11-08 12:50:24,716 [INFO]  Saved checkpoint to "./imputer_model/imputer_model_mean_acc_in_air21/model-0003.params"
2023-11-08 12:50:24,717 [INFO]  Epoch[3] Validation-cross-entropy=31.086836
2023-11-08 12:50:24,717 [INFO]  Epoch[3] Validation-mean_acc_in_air21-accuracy=0.000000
2023-11-08 12:50:24,737 [INFO]  Epoch[4] Batch [0-4]	Speed: 5493.07 samples/sec	cross-entropy=1.443896	mean_acc_in_air21-accuracy=0.000000
2023-11-08 12:50:24,745 [INFO]  Epoch[4] Train-cross-entropy=1.384503
2023-11-08 12:50:24,746 [INFO]  Epoch[4] Train-mean_acc_in_air21-accuracy=0.000000
2023-11-08 12:50:24,746 [INFO]  Epoch[4] Time cost=0.029
2023-11-08 12:50:24,749 [INFO]  Saved checkpoint to "./imputer_model/imputer_model_mean_acc_in_air21/model-0004.params"
2023-11-08 12:50:24,812 [INFO]  Epoch[4] Validation-cross-entropy=30.450022
2023-11-08 12:50:24,813 [INFO]  Epoch[4] Validation-mean_acc_in_air21-accuracy=0.000000
2023-11-08 12:50:24,813 [INFO]  
========== done (1.4765985012054443 s) fit model
2023-11-08 13:09:06,031 [INFO]  
========== start: fit model
2023-11-08 13:09:06,032 [WARNING]  Already bound, ignoring bind()
2023-11-08 13:09:06,038 [INFO]  Epoch[0] Batch [0-4]	Speed: 14193.17 samples/sec	cross-entropy=10.836137	mean_acc_in_air21-accuracy=2.800000
2023-11-08 13:09:06,042 [INFO]  Epoch[0] Train-cross-entropy=16.898883
2023-11-08 13:09:06,042 [INFO]  Epoch[0] Train-mean_acc_in_air21-accuracy=2.875000
2023-11-08 13:09:06,042 [INFO]  Epoch[0] Time cost=0.010
2023-11-08 13:09:06,043 [INFO]  Saved checkpoint to "./imputer_model/imputer_model_mean_acc_in_air21/model-0000.params"
2023-11-08 13:09:06,044 [INFO]  Epoch[0] Validation-cross-entropy=35.695190
2023-11-08 13:09:06,044 [INFO]  Epoch[0] Validation-mean_acc_in_air21-accuracy=0.000000
2023-11-08 13:09:06,052 [INFO]  Epoch[1] Batch [0-4]	Speed: 10200.85 samples/sec	cross-entropy=39.976830	mean_acc_in_air21-accuracy=2.800000
2023-11-08 13:09:06,057 [INFO]  Epoch[1] Train-cross-entropy=35.577474
2023-11-08 13:09:06,057 [INFO]  Epoch[1] Train-mean_acc_in_air21-accuracy=2.875000
2023-11-08 13:09:06,057 [INFO]  Epoch[1] Time cost=0.013
2023-11-08 13:09:06,060 [INFO]  Saved checkpoint to "./imputer_model/imputer_model_mean_acc_in_air21/model-0001.params"
2023-11-08 13:09:06,060 [INFO]  Epoch[1] Validation-cross-entropy=7.283786
2023-11-08 13:09:06,060 [INFO]  Epoch[1] Validation-mean_acc_in_air21-accuracy=0.000000
2023-11-08 13:09:06,067 [INFO]  Epoch[2] Batch [0-4]	Speed: 11837.87 samples/sec	cross-entropy=7.835610	mean_acc_in_air21-accuracy=2.800000
2023-11-08 13:09:06,072 [INFO]  Epoch[2] Train-cross-entropy=8.173461
2023-11-08 13:09:06,072 [INFO]  Epoch[2] Train-mean_acc_in_air21-accuracy=2.875000
2023-11-08 13:09:06,072 [INFO]  Epoch[2] Time cost=0.012
2023-11-08 13:09:06,075 [INFO]  Saved checkpoint to "./imputer_model/imputer_model_mean_acc_in_air21/model-0002.params"
2023-11-08 13:09:06,076 [INFO]  Epoch[2] Validation-cross-entropy=13.729495
2023-11-08 13:09:06,076 [INFO]  Epoch[2] Validation-mean_acc_in_air21-accuracy=0.000000
2023-11-08 13:09:06,083 [INFO]  Epoch[3] Batch [0-4]	Speed: 11430.08 samples/sec	cross-entropy=4.174836	mean_acc_in_air21-accuracy=2.800000
2023-11-08 13:09:06,087 [INFO]  Epoch[3] Train-cross-entropy=3.976290
2023-11-08 13:09:06,087 [INFO]  Epoch[3] Train-mean_acc_in_air21-accuracy=2.875000
2023-11-08 13:09:06,087 [INFO]  Epoch[3] Time cost=0.011
2023-11-08 13:09:06,090 [INFO]  Saved checkpoint to "./imputer_model/imputer_model_mean_acc_in_air21/model-0003.params"
2023-11-08 13:09:06,091 [INFO]  Epoch[3] Validation-cross-entropy=6.573472
2023-11-08 13:09:06,091 [INFO]  Epoch[3] Validation-mean_acc_in_air21-accuracy=0.000000
2023-11-08 13:09:06,098 [INFO]  Epoch[4] Batch [0-4]	Speed: 12067.23 samples/sec	cross-entropy=1.349737	mean_acc_in_air21-accuracy=2.800000
2023-11-08 13:09:06,102 [INFO]  Epoch[4] Train-cross-entropy=1.723598
2023-11-08 13:09:06,102 [INFO]  Epoch[4] Train-mean_acc_in_air21-accuracy=2.875000
2023-11-08 13:09:06,102 [INFO]  Epoch[4] Time cost=0.011
2023-11-08 13:09:06,130 [INFO]  Saved checkpoint to "./imputer_model/imputer_model_mean_acc_in_air21/model-0004.params"
2023-11-08 13:09:06,131 [INFO]  Epoch[4] Validation-cross-entropy=5.117484
2023-11-08 13:09:06,131 [INFO]  Epoch[4] Validation-mean_acc_in_air21-accuracy=0.000000
2023-11-08 13:09:06,131 [INFO]  
========== done (0.09999537467956543 s) fit model
2023-11-08 13:22:25,344 [INFO]  
========== start: fit model
2023-11-08 13:22:25,345 [WARNING]  Already bound, ignoring bind()
2023-11-08 13:22:25,351 [INFO]  Epoch[0] Batch [0-4]	Speed: 14091.84 samples/sec	cross-entropy=17.668432	mean_acc_in_air21-accuracy=0.000000
2023-11-08 13:22:25,355 [INFO]  Epoch[0] Train-cross-entropy=20.188149
2023-11-08 13:22:25,355 [INFO]  Epoch[0] Train-mean_acc_in_air21-accuracy=0.000000
2023-11-08 13:22:25,355 [INFO]  Epoch[0] Time cost=0.010
2023-11-08 13:22:25,356 [INFO]  Saved checkpoint to "./imputer_model/imputer_model_mean_acc_in_air21/model-0000.params"
2023-11-08 13:22:25,357 [INFO]  Epoch[0] Validation-cross-entropy=26.794125
2023-11-08 13:22:25,357 [INFO]  Epoch[0] Validation-mean_acc_in_air21-accuracy=0.000000
2023-11-08 13:22:25,362 [INFO]  Epoch[1] Batch [0-4]	Speed: 15196.75 samples/sec	cross-entropy=35.626046	mean_acc_in_air21-accuracy=0.000000
2023-11-08 13:22:25,365 [INFO]  Epoch[1] Train-cross-entropy=32.084049
2023-11-08 13:22:25,365 [INFO]  Epoch[1] Train-mean_acc_in_air21-accuracy=0.000000
2023-11-08 13:22:25,366 [INFO]  Epoch[1] Time cost=0.009
2023-11-08 13:22:25,367 [INFO]  Saved checkpoint to "./imputer_model/imputer_model_mean_acc_in_air21/model-0001.params"
2023-11-08 13:22:25,367 [INFO]  Epoch[1] Validation-cross-entropy=19.207552
2023-11-08 13:22:25,367 [INFO]  Epoch[1] Validation-mean_acc_in_air21-accuracy=0.000000
2023-11-08 13:22:25,372 [INFO]  Epoch[2] Batch [0-4]	Speed: 16231.43 samples/sec	cross-entropy=6.149500	mean_acc_in_air21-accuracy=0.000000
2023-11-08 13:22:25,375 [INFO]  Epoch[2] Train-cross-entropy=7.053062
2023-11-08 13:22:25,375 [INFO]  Epoch[2] Train-mean_acc_in_air21-accuracy=0.000000
2023-11-08 13:22:25,375 [INFO]  Epoch[2] Time cost=0.008
2023-11-08 13:22:25,377 [INFO]  Saved checkpoint to "./imputer_model/imputer_model_mean_acc_in_air21/model-0002.params"
2023-11-08 13:22:25,377 [INFO]  Epoch[2] Validation-cross-entropy=7.300429
2023-11-08 13:22:25,377 [INFO]  Epoch[2] Validation-mean_acc_in_air21-accuracy=0.000000
2023-11-08 13:22:25,382 [INFO]  Epoch[3] Batch [0-4]	Speed: 16963.82 samples/sec	cross-entropy=5.068781	mean_acc_in_air21-accuracy=0.000000
2023-11-08 13:22:25,385 [INFO]  Epoch[3] Train-cross-entropy=3.940121
2023-11-08 13:22:25,386 [INFO]  Epoch[3] Train-mean_acc_in_air21-accuracy=0.000000
2023-11-08 13:22:25,386 [INFO]  Epoch[3] Time cost=0.008
2023-11-08 13:22:25,388 [INFO]  Saved checkpoint to "./imputer_model/imputer_model_mean_acc_in_air21/model-0003.params"
2023-11-08 13:22:25,389 [INFO]  Epoch[3] Validation-cross-entropy=5.713110
2023-11-08 13:22:25,389 [INFO]  Epoch[3] Validation-mean_acc_in_air21-accuracy=0.000000
2023-11-08 13:22:25,397 [INFO]  Epoch[4] Batch [0-4]	Speed: 10127.35 samples/sec	cross-entropy=1.466411	mean_acc_in_air21-accuracy=0.000000
2023-11-08 13:22:25,401 [INFO]  Epoch[4] Train-cross-entropy=1.214691
2023-11-08 13:22:25,401 [INFO]  Epoch[4] Train-mean_acc_in_air21-accuracy=0.000000
2023-11-08 13:22:25,401 [INFO]  Epoch[4] Time cost=0.012
2023-11-08 13:22:25,403 [INFO]  Saved checkpoint to "./imputer_model/imputer_model_mean_acc_in_air21/model-0004.params"
2023-11-08 13:22:25,404 [INFO]  Epoch[4] Validation-cross-entropy=5.994328
2023-11-08 13:22:25,404 [INFO]  Epoch[4] Validation-mean_acc_in_air21-accuracy=0.000000
2023-11-08 13:22:25,404 [INFO]  
========== done (0.05985093116760254 s) fit model
2023-11-08 13:35:45,859 [INFO]  
========== start: fit model
2023-11-08 13:35:45,859 [WARNING]  Already bound, ignoring bind()
2023-11-08 13:35:45,866 [INFO]  Epoch[0] Batch [0-4]	Speed: 13957.75 samples/sec	cross-entropy=15.035079	mean_acc_in_air21-accuracy=0.000000
2023-11-08 13:35:45,870 [INFO]  Epoch[0] Train-cross-entropy=20.499918
2023-11-08 13:35:45,870 [INFO]  Epoch[0] Train-mean_acc_in_air21-accuracy=0.000000
2023-11-08 13:35:45,870 [INFO]  Epoch[0] Time cost=0.010
2023-11-08 13:35:45,871 [INFO]  Saved checkpoint to "./imputer_model/imputer_model_mean_acc_in_air21/model-0000.params"
2023-11-08 13:35:45,871 [INFO]  Epoch[0] Validation-cross-entropy=4.996809
2023-11-08 13:35:45,871 [INFO]  Epoch[0] Validation-mean_acc_in_air21-accuracy=0.000000
2023-11-08 13:35:45,877 [INFO]  Epoch[1] Batch [0-4]	Speed: 14741.10 samples/sec	cross-entropy=35.909263	mean_acc_in_air21-accuracy=0.000000
2023-11-08 13:35:45,880 [INFO]  Epoch[1] Train-cross-entropy=37.744579
2023-11-08 13:35:45,880 [INFO]  Epoch[1] Train-mean_acc_in_air21-accuracy=0.000000
2023-11-08 13:35:45,880 [INFO]  Epoch[1] Time cost=0.009
2023-11-08 13:35:45,882 [INFO]  Saved checkpoint to "./imputer_model/imputer_model_mean_acc_in_air21/model-0001.params"
2023-11-08 13:35:45,882 [INFO]  Epoch[1] Validation-cross-entropy=4.758820
2023-11-08 13:35:45,882 [INFO]  Epoch[1] Validation-mean_acc_in_air21-accuracy=0.000000
2023-11-08 13:35:45,888 [INFO]  Epoch[2] Batch [0-4]	Speed: 14880.01 samples/sec	cross-entropy=11.661255	mean_acc_in_air21-accuracy=0.000000
2023-11-08 13:35:45,891 [INFO]  Epoch[2] Train-cross-entropy=11.496546
2023-11-08 13:35:45,891 [INFO]  Epoch[2] Train-mean_acc_in_air21-accuracy=0.000000
2023-11-08 13:35:45,891 [INFO]  Epoch[2] Time cost=0.009
2023-11-08 13:35:45,892 [INFO]  Saved checkpoint to "./imputer_model/imputer_model_mean_acc_in_air21/model-0002.params"
2023-11-08 13:35:45,893 [INFO]  Epoch[2] Validation-cross-entropy=2.314306
2023-11-08 13:35:45,893 [INFO]  Epoch[2] Validation-mean_acc_in_air21-accuracy=0.000000
2023-11-08 13:35:45,898 [INFO]  Epoch[3] Batch [0-4]	Speed: 14879.19 samples/sec	cross-entropy=3.973372	mean_acc_in_air21-accuracy=0.000000
2023-11-08 13:35:45,901 [INFO]  Epoch[3] Train-cross-entropy=4.530485
2023-11-08 13:35:45,902 [INFO]  Epoch[3] Train-mean_acc_in_air21-accuracy=0.000000
2023-11-08 13:35:45,902 [INFO]  Epoch[3] Time cost=0.009
2023-11-08 13:35:45,903 [INFO]  Saved checkpoint to "./imputer_model/imputer_model_mean_acc_in_air21/model-0003.params"
2023-11-08 13:35:45,903 [INFO]  Epoch[3] Validation-cross-entropy=6.787931
2023-11-08 13:35:45,904 [INFO]  Epoch[3] Validation-mean_acc_in_air21-accuracy=0.000000
2023-11-08 13:35:45,910 [INFO]  Epoch[4] Batch [0-4]	Speed: 11385.00 samples/sec	cross-entropy=2.315962	mean_acc_in_air21-accuracy=0.000000
2023-11-08 13:35:45,915 [INFO]  Epoch[4] Train-cross-entropy=2.307026
2023-11-08 13:35:45,915 [INFO]  Epoch[4] Train-mean_acc_in_air21-accuracy=0.000000
2023-11-08 13:35:45,915 [INFO]  Epoch[4] Time cost=0.012
2023-11-08 13:35:45,919 [INFO]  Saved checkpoint to "./imputer_model/imputer_model_mean_acc_in_air21/model-0004.params"
2023-11-08 13:35:45,920 [INFO]  Epoch[4] Validation-cross-entropy=3.432729
2023-11-08 13:35:45,920 [INFO]  Epoch[4] Validation-mean_acc_in_air21-accuracy=0.000000
2023-11-08 13:35:45,920 [INFO]  
========== done (0.06124091148376465 s) fit model
2023-11-08 13:49:06,223 [INFO]  
========== start: fit model
2023-11-08 13:49:06,223 [WARNING]  Already bound, ignoring bind()
2023-11-08 13:49:06,231 [INFO]  Epoch[0] Batch [0-4]	Speed: 10855.09 samples/sec	cross-entropy=27.009798	mean_acc_in_air21-accuracy=2.200000
2023-11-08 13:49:06,236 [INFO]  Epoch[0] Train-cross-entropy=31.415449
2023-11-08 13:49:06,236 [INFO]  Epoch[0] Train-mean_acc_in_air21-accuracy=2.750000
2023-11-08 13:49:06,236 [INFO]  Epoch[0] Time cost=0.012
2023-11-08 13:49:06,238 [INFO]  Saved checkpoint to "./imputer_model/imputer_model_mean_acc_in_air21/model-0000.params"
2023-11-08 13:49:06,239 [INFO]  Epoch[0] Validation-cross-entropy=12.045297
2023-11-08 13:49:06,239 [INFO]  Epoch[0] Validation-mean_acc_in_air21-accuracy=0.000000
2023-11-08 13:49:06,245 [INFO]  Epoch[1] Batch [0-4]	Speed: 14337.97 samples/sec	cross-entropy=34.790297	mean_acc_in_air21-accuracy=2.200000
2023-11-08 13:49:06,248 [INFO]  Epoch[1] Train-cross-entropy=37.118898
2023-11-08 13:49:06,248 [INFO]  Epoch[1] Train-mean_acc_in_air21-accuracy=2.750000
2023-11-08 13:49:06,248 [INFO]  Epoch[1] Time cost=0.009
2023-11-08 13:49:06,250 [INFO]  Saved checkpoint to "./imputer_model/imputer_model_mean_acc_in_air21/model-0001.params"
2023-11-08 13:49:06,251 [INFO]  Epoch[1] Validation-cross-entropy=8.731824
2023-11-08 13:49:06,251 [INFO]  Epoch[1] Validation-mean_acc_in_air21-accuracy=0.000000
2023-11-08 13:49:06,255 [INFO]  Epoch[2] Batch [0-4]	Speed: 18782.22 samples/sec	cross-entropy=22.921110	mean_acc_in_air21-accuracy=2.200000
2023-11-08 13:49:06,258 [INFO]  Epoch[2] Train-cross-entropy=17.175628
2023-11-08 13:49:06,258 [INFO]  Epoch[2] Train-mean_acc_in_air21-accuracy=2.750000
2023-11-08 13:49:06,258 [INFO]  Epoch[2] Time cost=0.007
2023-11-08 13:49:06,259 [INFO]  Saved checkpoint to "./imputer_model/imputer_model_mean_acc_in_air21/model-0002.params"
2023-11-08 13:49:06,259 [INFO]  Epoch[2] Validation-cross-entropy=1.037575
2023-11-08 13:49:06,260 [INFO]  Epoch[2] Validation-mean_acc_in_air21-accuracy=0.000000
2023-11-08 13:49:06,264 [INFO]  Epoch[3] Batch [0-4]	Speed: 18941.25 samples/sec	cross-entropy=6.958944	mean_acc_in_air21-accuracy=2.200000
2023-11-08 13:49:06,266 [INFO]  Epoch[3] Train-cross-entropy=4.993668
2023-11-08 13:49:06,267 [INFO]  Epoch[3] Train-mean_acc_in_air21-accuracy=2.750000
2023-11-08 13:49:06,267 [INFO]  Epoch[3] Time cost=0.007
2023-11-08 13:49:06,268 [INFO]  Saved checkpoint to "./imputer_model/imputer_model_mean_acc_in_air21/model-0003.params"
2023-11-08 13:49:06,269 [INFO]  Epoch[3] Validation-cross-entropy=0.869243
2023-11-08 13:49:06,269 [INFO]  Epoch[3] Validation-mean_acc_in_air21-accuracy=0.000000
2023-11-08 13:49:06,275 [INFO]  Epoch[4] Batch [0-4]	Speed: 14177.43 samples/sec	cross-entropy=1.856484	mean_acc_in_air21-accuracy=2.200000
2023-11-08 13:49:06,278 [INFO]  Epoch[4] Train-cross-entropy=1.651726
2023-11-08 13:49:06,278 [INFO]  Epoch[4] Train-mean_acc_in_air21-accuracy=2.750000
2023-11-08 13:49:06,278 [INFO]  Epoch[4] Time cost=0.009
2023-11-08 13:49:06,280 [INFO]  Saved checkpoint to "./imputer_model/imputer_model_mean_acc_in_air21/model-0004.params"
2023-11-08 13:49:06,281 [INFO]  Epoch[4] Validation-cross-entropy=9.157635
2023-11-08 13:49:06,281 [INFO]  Epoch[4] Validation-mean_acc_in_air21-accuracy=0.000000
2023-11-08 13:49:06,281 [INFO]  
========== done (0.0578155517578125 s) fit model
2023-11-08 14:02:29,142 [INFO]  
========== start: fit model
2023-11-08 14:02:29,142 [WARNING]  Already bound, ignoring bind()
2023-11-08 14:02:29,149 [INFO]  Epoch[0] Batch [0-4]	Speed: 14125.95 samples/sec	cross-entropy=29.773891	mean_acc_in_air21-accuracy=2.800000
2023-11-08 14:02:29,152 [INFO]  Epoch[0] Train-cross-entropy=25.307838
2023-11-08 14:02:29,152 [INFO]  Epoch[0] Train-mean_acc_in_air21-accuracy=2.875000
2023-11-08 14:02:29,152 [INFO]  Epoch[0] Time cost=0.010
2023-11-08 14:02:29,153 [INFO]  Saved checkpoint to "./imputer_model/imputer_model_mean_acc_in_air21/model-0000.params"
2023-11-08 14:02:29,154 [INFO]  Epoch[0] Validation-cross-entropy=6.284592
2023-11-08 14:02:29,154 [INFO]  Epoch[0] Validation-mean_acc_in_air21-accuracy=0.000000
2023-11-08 14:02:29,159 [INFO]  Epoch[1] Batch [0-4]	Speed: 15419.35 samples/sec	cross-entropy=36.130951	mean_acc_in_air21-accuracy=2.800000
2023-11-08 14:02:29,163 [INFO]  Epoch[1] Train-cross-entropy=28.269958
2023-11-08 14:02:29,163 [INFO]  Epoch[1] Train-mean_acc_in_air21-accuracy=2.875000
2023-11-08 14:02:29,163 [INFO]  Epoch[1] Time cost=0.009
2023-11-08 14:02:29,164 [INFO]  Saved checkpoint to "./imputer_model/imputer_model_mean_acc_in_air21/model-0001.params"
2023-11-08 14:02:29,164 [INFO]  Epoch[1] Validation-cross-entropy=13.169158
2023-11-08 14:02:29,164 [INFO]  Epoch[1] Validation-mean_acc_in_air21-accuracy=0.000000
2023-11-08 14:02:29,169 [INFO]  Epoch[2] Batch [0-4]	Speed: 16116.44 samples/sec	cross-entropy=8.745100	mean_acc_in_air21-accuracy=2.800000
2023-11-08 14:02:29,173 [INFO]  Epoch[2] Train-cross-entropy=7.443339
2023-11-08 14:02:29,173 [INFO]  Epoch[2] Train-mean_acc_in_air21-accuracy=2.875000
2023-11-08 14:02:29,173 [INFO]  Epoch[2] Time cost=0.008
2023-11-08 14:02:29,174 [INFO]  Saved checkpoint to "./imputer_model/imputer_model_mean_acc_in_air21/model-0002.params"
2023-11-08 14:02:29,174 [INFO]  Epoch[2] Validation-cross-entropy=13.147104
2023-11-08 14:02:29,174 [INFO]  Epoch[2] Validation-mean_acc_in_air21-accuracy=0.000000
2023-11-08 14:02:29,179 [INFO]  Epoch[3] Batch [0-4]	Speed: 16909.32 samples/sec	cross-entropy=2.071675	mean_acc_in_air21-accuracy=2.800000
2023-11-08 14:02:29,182 [INFO]  Epoch[3] Train-cross-entropy=2.174626
2023-11-08 14:02:29,182 [INFO]  Epoch[3] Train-mean_acc_in_air21-accuracy=2.875000
2023-11-08 14:02:29,182 [INFO]  Epoch[3] Time cost=0.008
2023-11-08 14:02:29,183 [INFO]  Saved checkpoint to "./imputer_model/imputer_model_mean_acc_in_air21/model-0003.params"
2023-11-08 14:02:29,184 [INFO]  Epoch[3] Validation-cross-entropy=7.044602
2023-11-08 14:02:29,184 [INFO]  Epoch[3] Validation-mean_acc_in_air21-accuracy=0.000000
2023-11-08 14:02:29,190 [INFO]  Epoch[4] Batch [0-4]	Speed: 11838.39 samples/sec	cross-entropy=1.195363	mean_acc_in_air21-accuracy=2.800000
2023-11-08 14:02:29,195 [INFO]  Epoch[4] Train-cross-entropy=1.600692
2023-11-08 14:02:29,195 [INFO]  Epoch[4] Train-mean_acc_in_air21-accuracy=2.875000
2023-11-08 14:02:29,196 [INFO]  Epoch[4] Time cost=0.012
2023-11-08 14:02:29,199 [INFO]  Saved checkpoint to "./imputer_model/imputer_model_mean_acc_in_air21/model-0004.params"
2023-11-08 14:02:29,200 [INFO]  Epoch[4] Validation-cross-entropy=8.704400
2023-11-08 14:02:29,200 [INFO]  Epoch[4] Validation-mean_acc_in_air21-accuracy=0.000000
2023-11-08 14:02:29,200 [INFO]  
========== done (0.058411359786987305 s) fit model
2023-11-08 14:15:55,772 [INFO]  
========== start: fit model
2023-11-08 14:15:55,772 [WARNING]  Already bound, ignoring bind()
2023-11-08 14:15:55,779 [INFO]  Epoch[0] Batch [0-4]	Speed: 14095.54 samples/sec	cross-entropy=26.904853	mean_acc_in_air21-accuracy=2.800000
2023-11-08 14:15:55,782 [INFO]  Epoch[0] Train-cross-entropy=21.484900
2023-11-08 14:15:55,782 [INFO]  Epoch[0] Train-mean_acc_in_air21-accuracy=2.500000
2023-11-08 14:15:55,782 [INFO]  Epoch[0] Time cost=0.010
2023-11-08 14:15:55,784 [INFO]  Saved checkpoint to "./imputer_model/imputer_model_mean_acc_in_air21/model-0000.params"
2023-11-08 14:15:55,784 [INFO]  Epoch[0] Validation-cross-entropy=2.976045
2023-11-08 14:15:55,784 [INFO]  Epoch[0] Validation-mean_acc_in_air21-accuracy=0.000000
2023-11-08 14:15:55,790 [INFO]  Epoch[1] Batch [0-4]	Speed: 15159.85 samples/sec	cross-entropy=41.545860	mean_acc_in_air21-accuracy=2.800000
2023-11-08 14:15:55,794 [INFO]  Epoch[1] Train-cross-entropy=30.931220
2023-11-08 14:15:55,794 [INFO]  Epoch[1] Train-mean_acc_in_air21-accuracy=2.500000
2023-11-08 14:15:55,794 [INFO]  Epoch[1] Time cost=0.010
2023-11-08 14:15:55,798 [INFO]  Saved checkpoint to "./imputer_model/imputer_model_mean_acc_in_air21/model-0001.params"
2023-11-08 14:15:55,798 [INFO]  Epoch[1] Validation-cross-entropy=11.763687
2023-11-08 14:15:55,799 [INFO]  Epoch[1] Validation-mean_acc_in_air21-accuracy=0.000000
2023-11-08 14:15:55,806 [INFO]  Epoch[2] Batch [0-4]	Speed: 11468.66 samples/sec	cross-entropy=7.368963	mean_acc_in_air21-accuracy=2.800000
2023-11-08 14:15:55,809 [INFO]  Epoch[2] Train-cross-entropy=10.416859
2023-11-08 14:15:55,809 [INFO]  Epoch[2] Train-mean_acc_in_air21-accuracy=2.500000
2023-11-08 14:15:55,809 [INFO]  Epoch[2] Time cost=0.011
2023-11-08 14:15:55,811 [INFO]  Saved checkpoint to "./imputer_model/imputer_model_mean_acc_in_air21/model-0002.params"
2023-11-08 14:15:55,812 [INFO]  Epoch[2] Validation-cross-entropy=17.056479
2023-11-08 14:15:55,812 [INFO]  Epoch[2] Validation-mean_acc_in_air21-accuracy=0.000000
2023-11-08 14:15:55,817 [INFO]  Epoch[3] Batch [0-4]	Speed: 16783.51 samples/sec	cross-entropy=4.073022	mean_acc_in_air21-accuracy=2.800000
2023-11-08 14:15:55,820 [INFO]  Epoch[3] Train-cross-entropy=10.518388
2023-11-08 14:15:55,820 [INFO]  Epoch[3] Train-mean_acc_in_air21-accuracy=2.500000
2023-11-08 14:15:55,820 [INFO]  Epoch[3] Time cost=0.008
2023-11-08 14:15:55,822 [INFO]  Saved checkpoint to "./imputer_model/imputer_model_mean_acc_in_air21/model-0003.params"
2023-11-08 14:15:55,822 [INFO]  Epoch[3] Validation-cross-entropy=5.117944
2023-11-08 14:15:55,822 [INFO]  Epoch[3] Validation-mean_acc_in_air21-accuracy=0.000000
2023-11-08 14:15:55,827 [INFO]  Epoch[4] Batch [0-4]	Speed: 16673.01 samples/sec	cross-entropy=4.036332	mean_acc_in_air21-accuracy=2.800000
2023-11-08 14:15:55,830 [INFO]  Epoch[4] Train-cross-entropy=4.144536
2023-11-08 14:15:55,830 [INFO]  Epoch[4] Train-mean_acc_in_air21-accuracy=2.500000
2023-11-08 14:15:55,830 [INFO]  Epoch[4] Time cost=0.008
2023-11-08 14:15:55,831 [INFO]  Saved checkpoint to "./imputer_model/imputer_model_mean_acc_in_air21/model-0004.params"
2023-11-08 14:15:55,832 [INFO]  Epoch[4] Validation-cross-entropy=8.372105
2023-11-08 14:15:55,832 [INFO]  Epoch[4] Validation-mean_acc_in_air21-accuracy=0.000000
2023-11-08 14:15:55,832 [INFO]  
========== done (0.06013154983520508 s) fit model
2023-11-08 14:29:32,918 [INFO]  
========== start: fit model
2023-11-08 14:29:32,919 [WARNING]  Already bound, ignoring bind()
2023-11-08 14:29:32,925 [INFO]  Epoch[0] Batch [0-4]	Speed: 13807.70 samples/sec	cross-entropy=22.233265	mean_acc_in_air21-accuracy=0.000000
2023-11-08 14:29:32,929 [INFO]  Epoch[0] Train-cross-entropy=19.817151
2023-11-08 14:29:32,929 [INFO]  Epoch[0] Train-mean_acc_in_air21-accuracy=0.000000
2023-11-08 14:29:32,929 [INFO]  Epoch[0] Time cost=0.010
2023-11-08 14:29:32,930 [INFO]  Saved checkpoint to "./imputer_model/imputer_model_mean_acc_in_air21/model-0000.params"
2023-11-08 14:29:32,931 [INFO]  Epoch[0] Validation-cross-entropy=26.524897
2023-11-08 14:29:32,931 [INFO]  Epoch[0] Validation-mean_acc_in_air21-accuracy=0.000000
2023-11-08 14:29:32,939 [INFO]  Epoch[1] Batch [0-4]	Speed: 10457.57 samples/sec	cross-entropy=39.943329	mean_acc_in_air21-accuracy=0.000000
2023-11-08 14:29:32,944 [INFO]  Epoch[1] Train-cross-entropy=31.522426
2023-11-08 14:29:32,944 [INFO]  Epoch[1] Train-mean_acc_in_air21-accuracy=0.000000
2023-11-08 14:29:32,944 [INFO]  Epoch[1] Time cost=0.013
2023-11-08 14:29:32,947 [INFO]  Saved checkpoint to "./imputer_model/imputer_model_mean_acc_in_air21/model-0001.params"
2023-11-08 14:29:32,948 [INFO]  Epoch[1] Validation-cross-entropy=19.270882
2023-11-08 14:29:32,948 [INFO]  Epoch[1] Validation-mean_acc_in_air21-accuracy=0.000000
2023-11-08 14:29:32,953 [INFO]  Epoch[2] Batch [0-4]	Speed: 16463.38 samples/sec	cross-entropy=7.962916	mean_acc_in_air21-accuracy=0.000000
2023-11-08 14:29:32,956 [INFO]  Epoch[2] Train-cross-entropy=6.320573
2023-11-08 14:29:32,956 [INFO]  Epoch[2] Train-mean_acc_in_air21-accuracy=0.000000
2023-11-08 14:29:32,956 [INFO]  Epoch[2] Time cost=0.008
2023-11-08 14:29:32,958 [INFO]  Saved checkpoint to "./imputer_model/imputer_model_mean_acc_in_air21/model-0002.params"
2023-11-08 14:29:32,958 [INFO]  Epoch[2] Validation-cross-entropy=12.486389
2023-11-08 14:29:32,958 [INFO]  Epoch[2] Validation-mean_acc_in_air21-accuracy=0.000000
2023-11-08 14:29:32,963 [INFO]  Epoch[3] Batch [0-4]	Speed: 19234.41 samples/sec	cross-entropy=7.380784	mean_acc_in_air21-accuracy=0.000000
2023-11-08 14:29:32,965 [INFO]  Epoch[3] Train-cross-entropy=5.572772
2023-11-08 14:29:32,965 [INFO]  Epoch[3] Train-mean_acc_in_air21-accuracy=0.000000
2023-11-08 14:29:32,965 [INFO]  Epoch[3] Time cost=0.007
2023-11-08 14:29:32,967 [INFO]  Saved checkpoint to "./imputer_model/imputer_model_mean_acc_in_air21/model-0003.params"
2023-11-08 14:29:32,967 [INFO]  Epoch[3] Validation-cross-entropy=25.223192
2023-11-08 14:29:32,967 [INFO]  Epoch[3] Validation-mean_acc_in_air21-accuracy=0.000000
2023-11-08 14:29:32,973 [INFO]  Epoch[4] Batch [0-4]	Speed: 14292.17 samples/sec	cross-entropy=3.041223	mean_acc_in_air21-accuracy=0.000000
2023-11-08 14:29:32,976 [INFO]  Epoch[4] Train-cross-entropy=2.251416
2023-11-08 14:29:32,976 [INFO]  Epoch[4] Train-mean_acc_in_air21-accuracy=0.000000
2023-11-08 14:29:32,977 [INFO]  Epoch[4] Time cost=0.009
2023-11-08 14:29:32,978 [INFO]  Saved checkpoint to "./imputer_model/imputer_model_mean_acc_in_air21/model-0004.params"
2023-11-08 14:29:32,978 [INFO]  Epoch[4] Validation-cross-entropy=15.279475
2023-11-08 14:29:32,978 [INFO]  Epoch[4] Validation-mean_acc_in_air21-accuracy=0.000000
2023-11-08 14:29:32,978 [INFO]  
========== done (0.06004047393798828 s) fit model
2023-11-08 14:43:37,970 [INFO]  
========== start: fit model
2023-11-08 14:43:37,971 [WARNING]  Already bound, ignoring bind()
2023-11-08 14:43:37,977 [INFO]  Epoch[0] Batch [0-4]	Speed: 14162.47 samples/sec	cross-entropy=29.785797	mean_acc_in_air21-accuracy=2.600000
2023-11-08 14:43:37,981 [INFO]  Epoch[0] Train-cross-entropy=24.664118
2023-11-08 14:43:37,981 [INFO]  Epoch[0] Train-mean_acc_in_air21-accuracy=2.750000
2023-11-08 14:43:37,981 [INFO]  Epoch[0] Time cost=0.010
2023-11-08 14:43:37,982 [INFO]  Saved checkpoint to "./imputer_model/imputer_model_mean_acc_in_air21/model-0000.params"
2023-11-08 14:43:37,983 [INFO]  Epoch[0] Validation-cross-entropy=41.035866
2023-11-08 14:43:37,983 [INFO]  Epoch[0] Validation-mean_acc_in_air21-accuracy=0.000000
2023-11-08 14:43:37,991 [INFO]  Epoch[1] Batch [0-4]	Speed: 10606.74 samples/sec	cross-entropy=53.467909	mean_acc_in_air21-accuracy=2.600000
2023-11-08 14:43:37,996 [INFO]  Epoch[1] Train-cross-entropy=39.371309
2023-11-08 14:43:37,996 [INFO]  Epoch[1] Train-mean_acc_in_air21-accuracy=2.750000
2023-11-08 14:43:37,996 [INFO]  Epoch[1] Time cost=0.013
2023-11-08 14:43:37,998 [INFO]  Saved checkpoint to "./imputer_model/imputer_model_mean_acc_in_air21/model-0001.params"
2023-11-08 14:43:37,999 [INFO]  Epoch[1] Validation-cross-entropy=30.430552
2023-11-08 14:43:37,999 [INFO]  Epoch[1] Validation-mean_acc_in_air21-accuracy=0.000000
2023-11-08 14:43:38,006 [INFO]  Epoch[2] Batch [0-4]	Speed: 12229.41 samples/sec	cross-entropy=11.300892	mean_acc_in_air21-accuracy=2.600000
2023-11-08 14:43:38,010 [INFO]  Epoch[2] Train-cross-entropy=8.225256
2023-11-08 14:43:38,010 [INFO]  Epoch[2] Train-mean_acc_in_air21-accuracy=2.750000
2023-11-08 14:43:38,010 [INFO]  Epoch[2] Time cost=0.011
2023-11-08 14:43:38,012 [INFO]  Saved checkpoint to "./imputer_model/imputer_model_mean_acc_in_air21/model-0002.params"
2023-11-08 14:43:38,013 [INFO]  Epoch[2] Validation-cross-entropy=12.346089
2023-11-08 14:43:38,013 [INFO]  Epoch[2] Validation-mean_acc_in_air21-accuracy=0.000000
2023-11-08 14:43:38,019 [INFO]  Epoch[3] Batch [0-4]	Speed: 13231.24 samples/sec	cross-entropy=5.265766	mean_acc_in_air21-accuracy=2.600000
2023-11-08 14:43:38,023 [INFO]  Epoch[3] Train-cross-entropy=3.964793
2023-11-08 14:43:38,023 [INFO]  Epoch[3] Train-mean_acc_in_air21-accuracy=2.750000
2023-11-08 14:43:38,023 [INFO]  Epoch[3] Time cost=0.010
2023-11-08 14:43:38,025 [INFO]  Saved checkpoint to "./imputer_model/imputer_model_mean_acc_in_air21/model-0003.params"
2023-11-08 14:43:38,025 [INFO]  Epoch[3] Validation-cross-entropy=12.933128
2023-11-08 14:43:38,025 [INFO]  Epoch[3] Validation-mean_acc_in_air21-accuracy=0.000000
2023-11-08 14:43:38,031 [INFO]  Epoch[4] Batch [0-4]	Speed: 13889.86 samples/sec	cross-entropy=1.730554	mean_acc_in_air21-accuracy=2.600000
2023-11-08 14:43:38,035 [INFO]  Epoch[4] Train-cross-entropy=1.436277
2023-11-08 14:43:38,035 [INFO]  Epoch[4] Train-mean_acc_in_air21-accuracy=2.750000
2023-11-08 14:43:38,035 [INFO]  Epoch[4] Time cost=0.009
2023-11-08 14:43:38,037 [INFO]  Saved checkpoint to "./imputer_model/imputer_model_mean_acc_in_air21/model-0004.params"
2023-11-08 14:43:38,037 [INFO]  Epoch[4] Validation-cross-entropy=14.124777
2023-11-08 14:43:38,037 [INFO]  Epoch[4] Validation-mean_acc_in_air21-accuracy=0.000000
2023-11-08 14:43:38,037 [INFO]  
========== done (0.0668184757232666 s) fit model
2023-11-08 14:57:45,872 [INFO]  
========== start: fit model
2023-11-08 14:57:45,872 [WARNING]  Already bound, ignoring bind()
2023-11-08 14:57:45,879 [INFO]  Epoch[0] Batch [0-4]	Speed: 14153.51 samples/sec	cross-entropy=20.074886	mean_acc_in_air21-accuracy=0.000000
2023-11-08 14:57:45,882 [INFO]  Epoch[0] Train-cross-entropy=18.216260
2023-11-08 14:57:45,883 [INFO]  Epoch[0] Train-mean_acc_in_air21-accuracy=0.000000
2023-11-08 14:57:45,883 [INFO]  Epoch[0] Time cost=0.010
2023-11-08 14:57:45,884 [INFO]  Saved checkpoint to "./imputer_model/imputer_model_mean_acc_in_air21/model-0000.params"
2023-11-08 14:57:45,884 [INFO]  Epoch[0] Validation-cross-entropy=14.955462
2023-11-08 14:57:45,884 [INFO]  Epoch[0] Validation-mean_acc_in_air21-accuracy=0.000000
2023-11-08 14:57:45,889 [INFO]  Epoch[1] Batch [0-4]	Speed: 16054.75 samples/sec	cross-entropy=31.575229	mean_acc_in_air21-accuracy=0.000000
2023-11-08 14:57:45,892 [INFO]  Epoch[1] Train-cross-entropy=24.981712
2023-11-08 14:57:45,892 [INFO]  Epoch[1] Train-mean_acc_in_air21-accuracy=0.000000
2023-11-08 14:57:45,893 [INFO]  Epoch[1] Time cost=0.008
2023-11-08 14:57:45,894 [INFO]  Saved checkpoint to "./imputer_model/imputer_model_mean_acc_in_air21/model-0001.params"
2023-11-08 14:57:45,894 [INFO]  Epoch[1] Validation-cross-entropy=10.853681
2023-11-08 14:57:45,894 [INFO]  Epoch[1] Validation-mean_acc_in_air21-accuracy=0.000000
2023-11-08 14:57:45,899 [INFO]  Epoch[2] Batch [0-4]	Speed: 17283.85 samples/sec	cross-entropy=4.201554	mean_acc_in_air21-accuracy=0.000000
2023-11-08 14:57:45,902 [INFO]  Epoch[2] Train-cross-entropy=3.750806
2023-11-08 14:57:45,902 [INFO]  Epoch[2] Train-mean_acc_in_air21-accuracy=0.000000
2023-11-08 14:57:45,902 [INFO]  Epoch[2] Time cost=0.008
2023-11-08 14:57:45,903 [INFO]  Saved checkpoint to "./imputer_model/imputer_model_mean_acc_in_air21/model-0002.params"
2023-11-08 14:57:45,904 [INFO]  Epoch[2] Validation-cross-entropy=10.816533
2023-11-08 14:57:45,904 [INFO]  Epoch[2] Validation-mean_acc_in_air21-accuracy=0.000000
2023-11-08 14:57:45,908 [INFO]  Epoch[3] Batch [0-4]	Speed: 18514.07 samples/sec	cross-entropy=3.346431	mean_acc_in_air21-accuracy=0.000000
2023-11-08 14:57:45,911 [INFO]  Epoch[3] Train-cross-entropy=2.459833
2023-11-08 14:57:45,911 [INFO]  Epoch[3] Train-mean_acc_in_air21-accuracy=0.000000
2023-11-08 14:57:45,911 [INFO]  Epoch[3] Time cost=0.007
2023-11-08 14:57:45,912 [INFO]  Saved checkpoint to "./imputer_model/imputer_model_mean_acc_in_air21/model-0003.params"
2023-11-08 14:57:45,913 [INFO]  Epoch[3] Validation-cross-entropy=10.433938
2023-11-08 14:57:45,913 [INFO]  Epoch[3] Validation-mean_acc_in_air21-accuracy=0.000000
2023-11-08 14:57:45,917 [INFO]  Epoch[4] Batch [0-4]	Speed: 18491.11 samples/sec	cross-entropy=1.182886	mean_acc_in_air21-accuracy=0.000000
2023-11-08 14:57:45,920 [INFO]  Epoch[4] Train-cross-entropy=0.964489
2023-11-08 14:57:45,920 [INFO]  Epoch[4] Train-mean_acc_in_air21-accuracy=0.000000
2023-11-08 14:57:45,920 [INFO]  Epoch[4] Time cost=0.007
2023-11-08 14:57:45,921 [INFO]  Saved checkpoint to "./imputer_model/imputer_model_mean_acc_in_air21/model-0004.params"
2023-11-08 14:57:45,922 [INFO]  Epoch[4] Validation-cross-entropy=12.236501
2023-11-08 14:57:45,922 [INFO]  Epoch[4] Validation-mean_acc_in_air21-accuracy=0.000000
2023-11-08 14:57:45,922 [INFO]  
========== done (0.05014228820800781 s) fit model
