2023-11-08 12:51:29,545 [INFO]  
========== start: fit model
2023-11-08 12:51:29,545 [WARNING]  Already bound, ignoring bind()
2023-11-08 12:51:29,572 [INFO]  Epoch[0] Batch [0-4]	Speed: 2573.27 samples/sec	cross-entropy=22.057934	max_x_extension22-accuracy=3.200000
2023-11-08 12:51:29,588 [INFO]  Epoch[0] Train-cross-entropy=17.905342
2023-11-08 12:51:29,588 [INFO]  Epoch[0] Train-max_x_extension22-accuracy=3.375000
2023-11-08 12:51:29,589 [INFO]  Epoch[0] Time cost=0.043
2023-11-08 12:51:29,592 [INFO]  Saved checkpoint to "./imputer_model/imputer_model_max_x_extension22/model-0000.params"
2023-11-08 12:51:29,758 [INFO]  Epoch[0] Validation-cross-entropy=45.886772
2023-11-08 12:51:29,758 [INFO]  Epoch[0] Validation-max_x_extension22-accuracy=0.000000
2023-11-08 12:51:29,848 [INFO]  Epoch[1] Batch [0-4]	Speed: 16543.54 samples/sec	cross-entropy=65.133566	max_x_extension22-accuracy=3.200000
2023-11-08 12:51:29,852 [INFO]  Epoch[1] Train-cross-entropy=44.056661
2023-11-08 12:51:29,852 [INFO]  Epoch[1] Train-max_x_extension22-accuracy=3.375000
2023-11-08 12:51:29,852 [INFO]  Epoch[1] Time cost=0.094
2023-11-08 12:51:29,855 [INFO]  Saved checkpoint to "./imputer_model/imputer_model_max_x_extension22/model-0001.params"
2023-11-08 12:51:29,856 [INFO]  Epoch[1] Validation-cross-entropy=29.891291
2023-11-08 12:51:29,856 [INFO]  Epoch[1] Validation-max_x_extension22-accuracy=0.000000
2023-11-08 12:51:29,863 [INFO]  Epoch[2] Batch [0-4]	Speed: 11952.24 samples/sec	cross-entropy=11.366174	max_x_extension22-accuracy=3.200000
2023-11-08 12:51:29,866 [INFO]  Epoch[2] Train-cross-entropy=9.241196
2023-11-08 12:51:29,866 [INFO]  Epoch[2] Train-max_x_extension22-accuracy=3.375000
2023-11-08 12:51:29,867 [INFO]  Epoch[2] Time cost=0.011
2023-11-08 12:51:29,878 [INFO]  Saved checkpoint to "./imputer_model/imputer_model_max_x_extension22/model-0002.params"
2023-11-08 12:51:29,880 [INFO]  Epoch[2] Validation-cross-entropy=29.839237
2023-11-08 12:51:29,880 [INFO]  Epoch[2] Validation-max_x_extension22-accuracy=0.000000
2023-11-08 12:51:29,965 [INFO]  Epoch[3] Batch [0-4]	Speed: 805.83 samples/sec	cross-entropy=7.757250	max_x_extension22-accuracy=3.200000
2023-11-08 12:51:29,985 [INFO]  Epoch[3] Train-cross-entropy=6.373285
2023-11-08 12:51:29,986 [INFO]  Epoch[3] Train-max_x_extension22-accuracy=3.375000
2023-11-08 12:51:29,986 [INFO]  Epoch[3] Time cost=0.105
2023-11-08 12:51:29,988 [INFO]  Saved checkpoint to "./imputer_model/imputer_model_max_x_extension22/model-0003.params"
2023-11-08 12:51:29,988 [INFO]  Epoch[3] Validation-cross-entropy=31.920500
2023-11-08 12:51:29,989 [INFO]  Epoch[3] Validation-max_x_extension22-accuracy=0.000000
2023-11-08 12:51:29,996 [INFO]  Epoch[4] Batch [0-4]	Speed: 12222.72 samples/sec	cross-entropy=3.477494	max_x_extension22-accuracy=3.200000
2023-11-08 12:51:30,000 [INFO]  Epoch[4] Train-cross-entropy=2.465844
2023-11-08 12:51:30,001 [INFO]  Epoch[4] Train-max_x_extension22-accuracy=3.375000
2023-11-08 12:51:30,001 [INFO]  Epoch[4] Time cost=0.012
2023-11-08 12:51:30,004 [INFO]  Saved checkpoint to "./imputer_model/imputer_model_max_x_extension22/model-0004.params"
2023-11-08 12:51:30,005 [INFO]  Epoch[4] Validation-cross-entropy=29.094828
2023-11-08 12:51:30,005 [INFO]  Epoch[4] Validation-max_x_extension22-accuracy=0.000000
2023-11-08 12:51:30,006 [INFO]  
========== done (0.46108198165893555 s) fit model
2023-11-08 13:09:21,689 [INFO]  
========== start: fit model
2023-11-08 13:09:21,689 [WARNING]  Already bound, ignoring bind()
2023-11-08 13:09:21,698 [INFO]  Epoch[0] Batch [0-4]	Speed: 10365.10 samples/sec	cross-entropy=22.634861	max_x_extension22-accuracy=0.000000
2023-11-08 13:09:21,703 [INFO]  Epoch[0] Train-cross-entropy=17.856927
2023-11-08 13:09:21,703 [INFO]  Epoch[0] Train-max_x_extension22-accuracy=0.000000
2023-11-08 13:09:21,703 [INFO]  Epoch[0] Time cost=0.013
2023-11-08 13:09:21,706 [INFO]  Saved checkpoint to "./imputer_model/imputer_model_max_x_extension22/model-0000.params"
2023-11-08 13:09:21,707 [INFO]  Epoch[0] Validation-cross-entropy=9.915327
2023-11-08 13:09:21,707 [INFO]  Epoch[0] Validation-max_x_extension22-accuracy=0.000000
2023-11-08 13:09:21,713 [INFO]  Epoch[1] Batch [0-4]	Speed: 15333.91 samples/sec	cross-entropy=29.215153	max_x_extension22-accuracy=0.000000
2023-11-08 13:09:21,717 [INFO]  Epoch[1] Train-cross-entropy=26.166206
2023-11-08 13:09:21,717 [INFO]  Epoch[1] Train-max_x_extension22-accuracy=0.000000
2023-11-08 13:09:21,717 [INFO]  Epoch[1] Time cost=0.009
2023-11-08 13:09:21,719 [INFO]  Saved checkpoint to "./imputer_model/imputer_model_max_x_extension22/model-0001.params"
2023-11-08 13:09:21,719 [INFO]  Epoch[1] Validation-cross-entropy=5.435486
2023-11-08 13:09:21,719 [INFO]  Epoch[1] Validation-max_x_extension22-accuracy=0.000000
2023-11-08 13:09:21,724 [INFO]  Epoch[2] Batch [0-4]	Speed: 18417.53 samples/sec	cross-entropy=5.688573	max_x_extension22-accuracy=0.000000
2023-11-08 13:09:21,727 [INFO]  Epoch[2] Train-cross-entropy=7.273258
2023-11-08 13:09:21,727 [INFO]  Epoch[2] Train-max_x_extension22-accuracy=0.000000
2023-11-08 13:09:21,727 [INFO]  Epoch[2] Time cost=0.007
2023-11-08 13:09:21,728 [INFO]  Saved checkpoint to "./imputer_model/imputer_model_max_x_extension22/model-0002.params"
2023-11-08 13:09:21,729 [INFO]  Epoch[2] Validation-cross-entropy=5.677488
2023-11-08 13:09:21,729 [INFO]  Epoch[2] Validation-max_x_extension22-accuracy=0.000000
2023-11-08 13:09:21,733 [INFO]  Epoch[3] Batch [0-4]	Speed: 21068.63 samples/sec	cross-entropy=3.347773	max_x_extension22-accuracy=0.000000
2023-11-08 13:09:21,735 [INFO]  Epoch[3] Train-cross-entropy=2.750768
2023-11-08 13:09:21,735 [INFO]  Epoch[3] Train-max_x_extension22-accuracy=0.000000
2023-11-08 13:09:21,735 [INFO]  Epoch[3] Time cost=0.006
2023-11-08 13:09:21,736 [INFO]  Saved checkpoint to "./imputer_model/imputer_model_max_x_extension22/model-0003.params"
2023-11-08 13:09:21,737 [INFO]  Epoch[3] Validation-cross-entropy=5.598992
2023-11-08 13:09:21,737 [INFO]  Epoch[3] Validation-max_x_extension22-accuracy=0.000000
2023-11-08 13:09:21,740 [INFO]  Epoch[4] Batch [0-4]	Speed: 22365.89 samples/sec	cross-entropy=1.669043	max_x_extension22-accuracy=0.000000
2023-11-08 13:09:21,742 [INFO]  Epoch[4] Train-cross-entropy=1.416405
2023-11-08 13:09:21,742 [INFO]  Epoch[4] Train-max_x_extension22-accuracy=0.000000
2023-11-08 13:09:21,742 [INFO]  Epoch[4] Time cost=0.006
2023-11-08 13:09:21,759 [INFO]  Saved checkpoint to "./imputer_model/imputer_model_max_x_extension22/model-0004.params"
2023-11-08 13:09:21,759 [INFO]  Epoch[4] Validation-cross-entropy=3.531569
2023-11-08 13:09:21,759 [INFO]  Epoch[4] Validation-max_x_extension22-accuracy=0.000000
2023-11-08 13:09:21,759 [INFO]  
========== done (0.07052922248840332 s) fit model
2023-11-08 13:22:40,100 [INFO]  
========== start: fit model
2023-11-08 13:22:40,101 [WARNING]  Already bound, ignoring bind()
2023-11-08 13:22:40,109 [INFO]  Epoch[0] Batch [0-4]	Speed: 10350.32 samples/sec	cross-entropy=26.144329	max_x_extension22-accuracy=0.000000
2023-11-08 13:22:40,113 [INFO]  Epoch[0] Train-cross-entropy=23.987360
2023-11-08 13:22:40,113 [INFO]  Epoch[0] Train-max_x_extension22-accuracy=0.000000
2023-11-08 13:22:40,113 [INFO]  Epoch[0] Time cost=0.012
2023-11-08 13:22:40,116 [INFO]  Saved checkpoint to "./imputer_model/imputer_model_max_x_extension22/model-0000.params"
2023-11-08 13:22:40,117 [INFO]  Epoch[0] Validation-cross-entropy=10.612071
2023-11-08 13:22:40,117 [INFO]  Epoch[0] Validation-max_x_extension22-accuracy=0.000000
2023-11-08 13:22:40,123 [INFO]  Epoch[1] Batch [0-4]	Speed: 15137.62 samples/sec	cross-entropy=28.433964	max_x_extension22-accuracy=0.000000
2023-11-08 13:22:40,125 [INFO]  Epoch[1] Train-cross-entropy=22.961916
2023-11-08 13:22:40,126 [INFO]  Epoch[1] Train-max_x_extension22-accuracy=0.000000
2023-11-08 13:22:40,126 [INFO]  Epoch[1] Time cost=0.009
2023-11-08 13:22:40,127 [INFO]  Saved checkpoint to "./imputer_model/imputer_model_max_x_extension22/model-0001.params"
2023-11-08 13:22:40,128 [INFO]  Epoch[1] Validation-cross-entropy=14.117942
2023-11-08 13:22:40,128 [INFO]  Epoch[1] Validation-max_x_extension22-accuracy=0.000000
2023-11-08 13:22:40,132 [INFO]  Epoch[2] Batch [0-4]	Speed: 18725.88 samples/sec	cross-entropy=9.928064	max_x_extension22-accuracy=0.000000
2023-11-08 13:22:40,135 [INFO]  Epoch[2] Train-cross-entropy=7.955061
2023-11-08 13:22:40,136 [INFO]  Epoch[2] Train-max_x_extension22-accuracy=0.000000
2023-11-08 13:22:40,136 [INFO]  Epoch[2] Time cost=0.007
2023-11-08 13:22:40,137 [INFO]  Saved checkpoint to "./imputer_model/imputer_model_max_x_extension22/model-0002.params"
2023-11-08 13:22:40,138 [INFO]  Epoch[2] Validation-cross-entropy=8.886791
2023-11-08 13:22:40,138 [INFO]  Epoch[2] Validation-max_x_extension22-accuracy=0.000000
2023-11-08 13:22:40,143 [INFO]  Epoch[3] Batch [0-4]	Speed: 16524.19 samples/sec	cross-entropy=6.066462	max_x_extension22-accuracy=0.000000
2023-11-08 13:22:40,146 [INFO]  Epoch[3] Train-cross-entropy=4.049923
2023-11-08 13:22:40,146 [INFO]  Epoch[3] Train-max_x_extension22-accuracy=0.000000
2023-11-08 13:22:40,146 [INFO]  Epoch[3] Time cost=0.008
2023-11-08 13:22:40,147 [INFO]  Saved checkpoint to "./imputer_model/imputer_model_max_x_extension22/model-0003.params"
2023-11-08 13:22:40,148 [INFO]  Epoch[3] Validation-cross-entropy=8.405479
2023-11-08 13:22:40,148 [INFO]  Epoch[3] Validation-max_x_extension22-accuracy=0.000000
2023-11-08 13:22:40,153 [INFO]  Epoch[4] Batch [0-4]	Speed: 14572.25 samples/sec	cross-entropy=2.237363	max_x_extension22-accuracy=0.000000
2023-11-08 13:22:40,157 [INFO]  Epoch[4] Train-cross-entropy=1.604679
2023-11-08 13:22:40,157 [INFO]  Epoch[4] Train-max_x_extension22-accuracy=0.000000
2023-11-08 13:22:40,157 [INFO]  Epoch[4] Time cost=0.009
2023-11-08 13:22:40,160 [INFO]  Saved checkpoint to "./imputer_model/imputer_model_max_x_extension22/model-0004.params"
2023-11-08 13:22:40,161 [INFO]  Epoch[4] Validation-cross-entropy=9.071343
2023-11-08 13:22:40,161 [INFO]  Epoch[4] Validation-max_x_extension22-accuracy=0.000000
2023-11-08 13:22:40,161 [INFO]  
========== done (0.06037187576293945 s) fit model
2023-11-08 13:36:00,350 [INFO]  
========== start: fit model
2023-11-08 13:36:00,351 [WARNING]  Already bound, ignoring bind()
2023-11-08 13:36:00,359 [INFO]  Epoch[0] Batch [0-4]	Speed: 12106.96 samples/sec	cross-entropy=26.445477	max_x_extension22-accuracy=2.800000
2023-11-08 13:36:00,362 [INFO]  Epoch[0] Train-cross-entropy=19.922204
2023-11-08 13:36:00,362 [INFO]  Epoch[0] Train-max_x_extension22-accuracy=2.875000
2023-11-08 13:36:00,362 [INFO]  Epoch[0] Time cost=0.011
2023-11-08 13:36:00,364 [INFO]  Saved checkpoint to "./imputer_model/imputer_model_max_x_extension22/model-0000.params"
2023-11-08 13:36:00,364 [INFO]  Epoch[0] Validation-cross-entropy=11.377206
2023-11-08 13:36:00,364 [INFO]  Epoch[0] Validation-max_x_extension22-accuracy=0.000000
2023-11-08 13:36:00,369 [INFO]  Epoch[1] Batch [0-4]	Speed: 15885.63 samples/sec	cross-entropy=34.634622	max_x_extension22-accuracy=2.800000
2023-11-08 13:36:00,372 [INFO]  Epoch[1] Train-cross-entropy=25.385789
2023-11-08 13:36:00,372 [INFO]  Epoch[1] Train-max_x_extension22-accuracy=2.875000
2023-11-08 13:36:00,372 [INFO]  Epoch[1] Time cost=0.008
2023-11-08 13:36:00,374 [INFO]  Saved checkpoint to "./imputer_model/imputer_model_max_x_extension22/model-0001.params"
2023-11-08 13:36:00,374 [INFO]  Epoch[1] Validation-cross-entropy=9.370667
2023-11-08 13:36:00,374 [INFO]  Epoch[1] Validation-max_x_extension22-accuracy=0.000000
2023-11-08 13:36:00,378 [INFO]  Epoch[2] Batch [0-4]	Speed: 21129.99 samples/sec	cross-entropy=8.291616	max_x_extension22-accuracy=2.800000
2023-11-08 13:36:00,382 [INFO]  Epoch[2] Train-cross-entropy=6.230219
2023-11-08 13:36:00,382 [INFO]  Epoch[2] Train-max_x_extension22-accuracy=2.875000
2023-11-08 13:36:00,382 [INFO]  Epoch[2] Time cost=0.008
2023-11-08 13:36:00,385 [INFO]  Saved checkpoint to "./imputer_model/imputer_model_max_x_extension22/model-0002.params"
2023-11-08 13:36:00,386 [INFO]  Epoch[2] Validation-cross-entropy=11.639916
2023-11-08 13:36:00,386 [INFO]  Epoch[2] Validation-max_x_extension22-accuracy=0.000000
2023-11-08 13:36:00,393 [INFO]  Epoch[3] Batch [0-4]	Speed: 13008.75 samples/sec	cross-entropy=4.253399	max_x_extension22-accuracy=2.800000
2023-11-08 13:36:00,396 [INFO]  Epoch[3] Train-cross-entropy=3.510416
2023-11-08 13:36:00,396 [INFO]  Epoch[3] Train-max_x_extension22-accuracy=2.875000
2023-11-08 13:36:00,396 [INFO]  Epoch[3] Time cost=0.010
2023-11-08 13:36:00,399 [INFO]  Saved checkpoint to "./imputer_model/imputer_model_max_x_extension22/model-0003.params"
2023-11-08 13:36:00,399 [INFO]  Epoch[3] Validation-cross-entropy=9.213716
2023-11-08 13:36:00,399 [INFO]  Epoch[3] Validation-max_x_extension22-accuracy=0.000000
2023-11-08 13:36:00,404 [INFO]  Epoch[4] Batch [0-4]	Speed: 17664.88 samples/sec	cross-entropy=1.701212	max_x_extension22-accuracy=2.800000
2023-11-08 13:36:00,407 [INFO]  Epoch[4] Train-cross-entropy=1.473590
2023-11-08 13:36:00,407 [INFO]  Epoch[4] Train-max_x_extension22-accuracy=2.875000
2023-11-08 13:36:00,407 [INFO]  Epoch[4] Time cost=0.008
2023-11-08 13:36:00,409 [INFO]  Saved checkpoint to "./imputer_model/imputer_model_max_x_extension22/model-0004.params"
2023-11-08 13:36:00,409 [INFO]  Epoch[4] Validation-cross-entropy=7.383175
2023-11-08 13:36:00,409 [INFO]  Epoch[4] Validation-max_x_extension22-accuracy=0.000000
2023-11-08 13:36:00,409 [INFO]  
========== done (0.05878949165344238 s) fit model
2023-11-08 13:49:20,883 [INFO]  
========== start: fit model
2023-11-08 13:49:20,883 [WARNING]  Already bound, ignoring bind()
2023-11-08 13:49:20,890 [INFO]  Epoch[0] Batch [0-4]	Speed: 14328.02 samples/sec	cross-entropy=10.337854	max_x_extension22-accuracy=3.600000
2023-11-08 13:49:20,894 [INFO]  Epoch[0] Train-cross-entropy=20.208051
2023-11-08 13:49:20,894 [INFO]  Epoch[0] Train-max_x_extension22-accuracy=3.000000
2023-11-08 13:49:20,894 [INFO]  Epoch[0] Time cost=0.011
2023-11-08 13:49:20,898 [INFO]  Saved checkpoint to "./imputer_model/imputer_model_max_x_extension22/model-0000.params"
2023-11-08 13:49:20,899 [INFO]  Epoch[0] Validation-cross-entropy=28.591360
2023-11-08 13:49:20,899 [INFO]  Epoch[0] Validation-max_x_extension22-accuracy=0.000000
2023-11-08 13:49:20,906 [INFO]  Epoch[1] Batch [0-4]	Speed: 12063.97 samples/sec	cross-entropy=34.465925	max_x_extension22-accuracy=3.600000
2023-11-08 13:49:20,910 [INFO]  Epoch[1] Train-cross-entropy=29.601356
2023-11-08 13:49:20,910 [INFO]  Epoch[1] Train-max_x_extension22-accuracy=3.000000
2023-11-08 13:49:20,910 [INFO]  Epoch[1] Time cost=0.011
2023-11-08 13:49:20,912 [INFO]  Saved checkpoint to "./imputer_model/imputer_model_max_x_extension22/model-0001.params"
2023-11-08 13:49:20,913 [INFO]  Epoch[1] Validation-cross-entropy=17.605370
2023-11-08 13:49:20,913 [INFO]  Epoch[1] Validation-max_x_extension22-accuracy=0.000000
2023-11-08 13:49:20,919 [INFO]  Epoch[2] Batch [0-4]	Speed: 12908.65 samples/sec	cross-entropy=6.729117	max_x_extension22-accuracy=3.600000
2023-11-08 13:49:20,923 [INFO]  Epoch[2] Train-cross-entropy=7.044255
2023-11-08 13:49:20,923 [INFO]  Epoch[2] Train-max_x_extension22-accuracy=3.000000
2023-11-08 13:49:20,923 [INFO]  Epoch[2] Time cost=0.010
2023-11-08 13:49:20,925 [INFO]  Saved checkpoint to "./imputer_model/imputer_model_max_x_extension22/model-0002.params"
2023-11-08 13:49:20,926 [INFO]  Epoch[2] Validation-cross-entropy=13.370842
2023-11-08 13:49:20,926 [INFO]  Epoch[2] Validation-max_x_extension22-accuracy=0.000000
2023-11-08 13:49:20,933 [INFO]  Epoch[3] Batch [0-4]	Speed: 12685.39 samples/sec	cross-entropy=2.914052	max_x_extension22-accuracy=3.600000
2023-11-08 13:49:20,937 [INFO]  Epoch[3] Train-cross-entropy=4.120842
2023-11-08 13:49:20,937 [INFO]  Epoch[3] Train-max_x_extension22-accuracy=3.000000
2023-11-08 13:49:20,937 [INFO]  Epoch[3] Time cost=0.010
2023-11-08 13:49:20,939 [INFO]  Saved checkpoint to "./imputer_model/imputer_model_max_x_extension22/model-0003.params"
2023-11-08 13:49:20,939 [INFO]  Epoch[3] Validation-cross-entropy=14.426014
2023-11-08 13:49:20,939 [INFO]  Epoch[3] Validation-max_x_extension22-accuracy=0.000000
2023-11-08 13:49:20,945 [INFO]  Epoch[4] Batch [0-4]	Speed: 13932.40 samples/sec	cross-entropy=1.686946	max_x_extension22-accuracy=3.600000
2023-11-08 13:49:20,949 [INFO]  Epoch[4] Train-cross-entropy=2.007255
2023-11-08 13:49:20,949 [INFO]  Epoch[4] Train-max_x_extension22-accuracy=3.000000
2023-11-08 13:49:20,949 [INFO]  Epoch[4] Time cost=0.010
2023-11-08 13:49:20,950 [INFO]  Saved checkpoint to "./imputer_model/imputer_model_max_x_extension22/model-0004.params"
2023-11-08 13:49:20,951 [INFO]  Epoch[4] Validation-cross-entropy=15.577142
2023-11-08 13:49:20,951 [INFO]  Epoch[4] Validation-max_x_extension22-accuracy=0.000000
2023-11-08 13:49:20,951 [INFO]  
========== done (0.06861019134521484 s) fit model
2023-11-08 14:02:43,838 [INFO]  
========== start: fit model
2023-11-08 14:02:43,838 [WARNING]  Already bound, ignoring bind()
2023-11-08 14:02:43,845 [INFO]  Epoch[0] Batch [0-4]	Speed: 13973.01 samples/sec	cross-entropy=15.583541	max_x_extension22-accuracy=3.400000
2023-11-08 14:02:43,850 [INFO]  Epoch[0] Train-cross-entropy=16.204226
2023-11-08 14:02:43,850 [INFO]  Epoch[0] Train-max_x_extension22-accuracy=2.875000
2023-11-08 14:02:43,850 [INFO]  Epoch[0] Time cost=0.011
2023-11-08 14:02:43,853 [INFO]  Saved checkpoint to "./imputer_model/imputer_model_max_x_extension22/model-0000.params"
2023-11-08 14:02:43,854 [INFO]  Epoch[0] Validation-cross-entropy=142.051529
2023-11-08 14:02:43,854 [INFO]  Epoch[0] Validation-max_x_extension22-accuracy=0.000000
2023-11-08 14:02:43,860 [INFO]  Epoch[1] Batch [0-4]	Speed: 13793.51 samples/sec	cross-entropy=57.844072	max_x_extension22-accuracy=3.400000
2023-11-08 14:02:43,864 [INFO]  Epoch[1] Train-cross-entropy=45.902899
2023-11-08 14:02:43,864 [INFO]  Epoch[1] Train-max_x_extension22-accuracy=2.875000
2023-11-08 14:02:43,864 [INFO]  Epoch[1] Time cost=0.010
2023-11-08 14:02:43,866 [INFO]  Saved checkpoint to "./imputer_model/imputer_model_max_x_extension22/model-0001.params"
2023-11-08 14:02:43,867 [INFO]  Epoch[1] Validation-cross-entropy=86.201317
2023-11-08 14:02:43,867 [INFO]  Epoch[1] Validation-max_x_extension22-accuracy=0.000000
2023-11-08 14:02:43,871 [INFO]  Epoch[2] Batch [0-4]	Speed: 18191.61 samples/sec	cross-entropy=10.368381	max_x_extension22-accuracy=3.400000
2023-11-08 14:02:43,874 [INFO]  Epoch[2] Train-cross-entropy=9.644492
2023-11-08 14:02:43,874 [INFO]  Epoch[2] Train-max_x_extension22-accuracy=2.875000
2023-11-08 14:02:43,874 [INFO]  Epoch[2] Time cost=0.007
2023-11-08 14:02:43,876 [INFO]  Saved checkpoint to "./imputer_model/imputer_model_max_x_extension22/model-0002.params"
2023-11-08 14:02:43,876 [INFO]  Epoch[2] Validation-cross-entropy=107.088203
2023-11-08 14:02:43,876 [INFO]  Epoch[2] Validation-max_x_extension22-accuracy=0.000000
2023-11-08 14:02:43,881 [INFO]  Epoch[3] Batch [0-4]	Speed: 18441.57 samples/sec	cross-entropy=4.192239	max_x_extension22-accuracy=3.400000
2023-11-08 14:02:43,883 [INFO]  Epoch[3] Train-cross-entropy=3.601737
2023-11-08 14:02:43,884 [INFO]  Epoch[3] Train-max_x_extension22-accuracy=2.875000
2023-11-08 14:02:43,884 [INFO]  Epoch[3] Time cost=0.007
2023-11-08 14:02:43,886 [INFO]  Saved checkpoint to "./imputer_model/imputer_model_max_x_extension22/model-0003.params"
2023-11-08 14:02:43,887 [INFO]  Epoch[3] Validation-cross-entropy=104.165871
2023-11-08 14:02:43,887 [INFO]  Epoch[3] Validation-max_x_extension22-accuracy=0.000000
2023-11-08 14:02:43,892 [INFO]  Epoch[4] Batch [0-4]	Speed: 15236.43 samples/sec	cross-entropy=2.136276	max_x_extension22-accuracy=3.400000
2023-11-08 14:02:43,895 [INFO]  Epoch[4] Train-cross-entropy=1.860238
2023-11-08 14:02:43,895 [INFO]  Epoch[4] Train-max_x_extension22-accuracy=2.875000
2023-11-08 14:02:43,895 [INFO]  Epoch[4] Time cost=0.009
2023-11-08 14:02:43,897 [INFO]  Saved checkpoint to "./imputer_model/imputer_model_max_x_extension22/model-0004.params"
2023-11-08 14:02:43,898 [INFO]  Epoch[4] Validation-cross-entropy=103.891808
2023-11-08 14:02:43,898 [INFO]  Epoch[4] Validation-max_x_extension22-accuracy=0.000000
2023-11-08 14:02:43,898 [INFO]  
========== done (0.06020522117614746 s) fit model
2023-11-08 14:16:10,432 [INFO]  
========== start: fit model
2023-11-08 14:16:10,432 [WARNING]  Already bound, ignoring bind()
2023-11-08 14:16:10,439 [INFO]  Epoch[0] Batch [0-4]	Speed: 13951.22 samples/sec	cross-entropy=22.113789	max_x_extension22-accuracy=3.400000
2023-11-08 14:16:10,443 [INFO]  Epoch[0] Train-cross-entropy=21.658413
2023-11-08 14:16:10,444 [INFO]  Epoch[0] Train-max_x_extension22-accuracy=3.625000
2023-11-08 14:16:10,444 [INFO]  Epoch[0] Time cost=0.011
2023-11-08 14:16:10,447 [INFO]  Saved checkpoint to "./imputer_model/imputer_model_max_x_extension22/model-0000.params"
2023-11-08 14:16:10,448 [INFO]  Epoch[0] Validation-cross-entropy=119.472725
2023-11-08 14:16:10,448 [INFO]  Epoch[0] Validation-max_x_extension22-accuracy=0.000000
2023-11-08 14:16:10,456 [INFO]  Epoch[1] Batch [0-4]	Speed: 11655.90 samples/sec	cross-entropy=31.978746	max_x_extension22-accuracy=3.400000
2023-11-08 14:16:10,460 [INFO]  Epoch[1] Train-cross-entropy=31.309157
2023-11-08 14:16:10,460 [INFO]  Epoch[1] Train-max_x_extension22-accuracy=3.625000
2023-11-08 14:16:10,460 [INFO]  Epoch[1] Time cost=0.012
2023-11-08 14:16:10,463 [INFO]  Saved checkpoint to "./imputer_model/imputer_model_max_x_extension22/model-0001.params"
2023-11-08 14:16:10,463 [INFO]  Epoch[1] Validation-cross-entropy=126.679611
2023-11-08 14:16:10,463 [INFO]  Epoch[1] Validation-max_x_extension22-accuracy=0.000000
2023-11-08 14:16:10,469 [INFO]  Epoch[2] Batch [0-4]	Speed: 13541.62 samples/sec	cross-entropy=6.440649	max_x_extension22-accuracy=3.400000
2023-11-08 14:16:10,473 [INFO]  Epoch[2] Train-cross-entropy=5.313519
2023-11-08 14:16:10,473 [INFO]  Epoch[2] Train-max_x_extension22-accuracy=3.625000
2023-11-08 14:16:10,473 [INFO]  Epoch[2] Time cost=0.010
2023-11-08 14:16:10,474 [INFO]  Saved checkpoint to "./imputer_model/imputer_model_max_x_extension22/model-0002.params"
2023-11-08 14:16:10,475 [INFO]  Epoch[2] Validation-cross-entropy=114.237694
2023-11-08 14:16:10,475 [INFO]  Epoch[2] Validation-max_x_extension22-accuracy=0.000000
2023-11-08 14:16:10,481 [INFO]  Epoch[3] Batch [0-4]	Speed: 14645.40 samples/sec	cross-entropy=5.538159	max_x_extension22-accuracy=3.400000
2023-11-08 14:16:10,483 [INFO]  Epoch[3] Train-cross-entropy=3.914012
2023-11-08 14:16:10,483 [INFO]  Epoch[3] Train-max_x_extension22-accuracy=3.625000
2023-11-08 14:16:10,483 [INFO]  Epoch[3] Time cost=0.008
2023-11-08 14:16:10,485 [INFO]  Saved checkpoint to "./imputer_model/imputer_model_max_x_extension22/model-0003.params"
2023-11-08 14:16:10,485 [INFO]  Epoch[3] Validation-cross-entropy=125.943420
2023-11-08 14:16:10,485 [INFO]  Epoch[3] Validation-max_x_extension22-accuracy=0.000000
2023-11-08 14:16:10,490 [INFO]  Epoch[4] Batch [0-4]	Speed: 16464.39 samples/sec	cross-entropy=2.331072	max_x_extension22-accuracy=3.400000
2023-11-08 14:16:10,493 [INFO]  Epoch[4] Train-cross-entropy=1.565080
2023-11-08 14:16:10,493 [INFO]  Epoch[4] Train-max_x_extension22-accuracy=3.625000
2023-11-08 14:16:10,493 [INFO]  Epoch[4] Time cost=0.008
2023-11-08 14:16:10,495 [INFO]  Saved checkpoint to "./imputer_model/imputer_model_max_x_extension22/model-0004.params"
2023-11-08 14:16:10,495 [INFO]  Epoch[4] Validation-cross-entropy=126.848686
2023-11-08 14:16:10,495 [INFO]  Epoch[4] Validation-max_x_extension22-accuracy=0.000000
2023-11-08 14:16:10,495 [INFO]  
========== done (0.06357431411743164 s) fit model
2023-11-08 14:29:47,942 [INFO]  
========== start: fit model
2023-11-08 14:29:47,943 [WARNING]  Already bound, ignoring bind()
2023-11-08 14:29:47,952 [INFO]  Epoch[0] Batch [0-4]	Speed: 9434.68 samples/sec	cross-entropy=22.462858	max_x_extension22-accuracy=0.000000
2023-11-08 14:29:47,957 [INFO]  Epoch[0] Train-cross-entropy=19.746270
2023-11-08 14:29:47,957 [INFO]  Epoch[0] Train-max_x_extension22-accuracy=0.000000
2023-11-08 14:29:47,957 [INFO]  Epoch[0] Time cost=0.014
2023-11-08 14:29:47,961 [INFO]  Saved checkpoint to "./imputer_model/imputer_model_max_x_extension22/model-0000.params"
2023-11-08 14:29:47,962 [INFO]  Epoch[0] Validation-cross-entropy=120.980896
2023-11-08 14:29:47,962 [INFO]  Epoch[0] Validation-max_x_extension22-accuracy=0.000000
2023-11-08 14:29:47,967 [INFO]  Epoch[1] Batch [0-4]	Speed: 15073.02 samples/sec	cross-entropy=35.102326	max_x_extension22-accuracy=0.000000
2023-11-08 14:29:47,971 [INFO]  Epoch[1] Train-cross-entropy=29.078077
2023-11-08 14:29:47,971 [INFO]  Epoch[1] Train-max_x_extension22-accuracy=0.000000
2023-11-08 14:29:47,971 [INFO]  Epoch[1] Time cost=0.009
2023-11-08 14:29:47,973 [INFO]  Saved checkpoint to "./imputer_model/imputer_model_max_x_extension22/model-0001.params"
2023-11-08 14:29:47,974 [INFO]  Epoch[1] Validation-cross-entropy=69.649193
2023-11-08 14:29:47,974 [INFO]  Epoch[1] Validation-max_x_extension22-accuracy=0.000000
2023-11-08 14:29:47,977 [INFO]  Epoch[2] Batch [0-4]	Speed: 22080.73 samples/sec	cross-entropy=7.132726	max_x_extension22-accuracy=0.000000
2023-11-08 14:29:47,980 [INFO]  Epoch[2] Train-cross-entropy=8.304860
2023-11-08 14:29:47,980 [INFO]  Epoch[2] Train-max_x_extension22-accuracy=0.000000
2023-11-08 14:29:47,980 [INFO]  Epoch[2] Time cost=0.006
2023-11-08 14:29:47,981 [INFO]  Saved checkpoint to "./imputer_model/imputer_model_max_x_extension22/model-0002.params"
2023-11-08 14:29:47,982 [INFO]  Epoch[2] Validation-cross-entropy=31.777292
2023-11-08 14:29:47,982 [INFO]  Epoch[2] Validation-max_x_extension22-accuracy=0.000000
2023-11-08 14:29:47,986 [INFO]  Epoch[3] Batch [0-4]	Speed: 18506.41 samples/sec	cross-entropy=5.580283	max_x_extension22-accuracy=0.000000
2023-11-08 14:29:47,989 [INFO]  Epoch[3] Train-cross-entropy=4.671715
2023-11-08 14:29:47,989 [INFO]  Epoch[3] Train-max_x_extension22-accuracy=0.000000
2023-11-08 14:29:47,989 [INFO]  Epoch[3] Time cost=0.007
2023-11-08 14:29:47,991 [INFO]  Saved checkpoint to "./imputer_model/imputer_model_max_x_extension22/model-0003.params"
2023-11-08 14:29:47,992 [INFO]  Epoch[3] Validation-cross-entropy=21.691063
2023-11-08 14:29:47,992 [INFO]  Epoch[3] Validation-max_x_extension22-accuracy=0.000000
2023-11-08 14:29:47,996 [INFO]  Epoch[4] Batch [0-4]	Speed: 18735.03 samples/sec	cross-entropy=2.183129	max_x_extension22-accuracy=0.000000
2023-11-08 14:29:47,999 [INFO]  Epoch[4] Train-cross-entropy=1.900598
2023-11-08 14:29:47,999 [INFO]  Epoch[4] Train-max_x_extension22-accuracy=0.000000
2023-11-08 14:29:47,999 [INFO]  Epoch[4] Time cost=0.007
2023-11-08 14:29:48,001 [INFO]  Saved checkpoint to "./imputer_model/imputer_model_max_x_extension22/model-0004.params"
2023-11-08 14:29:48,001 [INFO]  Epoch[4] Validation-cross-entropy=32.337116
2023-11-08 14:29:48,001 [INFO]  Epoch[4] Validation-max_x_extension22-accuracy=0.000000
2023-11-08 14:29:48,001 [INFO]  
========== done (0.058831214904785156 s) fit model
2023-11-08 14:43:53,058 [INFO]  
========== start: fit model
2023-11-08 14:43:53,059 [WARNING]  Already bound, ignoring bind()
2023-11-08 14:43:53,070 [INFO]  Epoch[0] Batch [0-4]	Speed: 9989.41 samples/sec	cross-entropy=14.070964	max_x_extension22-accuracy=3.800000
2023-11-08 14:43:53,075 [INFO]  Epoch[0] Train-cross-entropy=20.660905
2023-11-08 14:43:53,075 [INFO]  Epoch[0] Train-max_x_extension22-accuracy=2.750000
2023-11-08 14:43:53,075 [INFO]  Epoch[0] Time cost=0.014
2023-11-08 14:43:53,077 [INFO]  Saved checkpoint to "./imputer_model/imputer_model_max_x_extension22/model-0000.params"
2023-11-08 14:43:53,078 [INFO]  Epoch[0] Validation-cross-entropy=8.607390
2023-11-08 14:43:53,078 [INFO]  Epoch[0] Validation-max_x_extension22-accuracy=0.000000
2023-11-08 14:43:53,085 [INFO]  Epoch[1] Batch [0-4]	Speed: 12522.65 samples/sec	cross-entropy=50.147047	max_x_extension22-accuracy=3.800000
2023-11-08 14:43:53,089 [INFO]  Epoch[1] Train-cross-entropy=38.594599
2023-11-08 14:43:53,089 [INFO]  Epoch[1] Train-max_x_extension22-accuracy=2.750000
2023-11-08 14:43:53,089 [INFO]  Epoch[1] Time cost=0.010
2023-11-08 14:43:53,091 [INFO]  Saved checkpoint to "./imputer_model/imputer_model_max_x_extension22/model-0001.params"
2023-11-08 14:43:53,091 [INFO]  Epoch[1] Validation-cross-entropy=13.251456
2023-11-08 14:43:53,091 [INFO]  Epoch[1] Validation-max_x_extension22-accuracy=0.000000
2023-11-08 14:43:53,097 [INFO]  Epoch[2] Batch [0-4]	Speed: 13799.18 samples/sec	cross-entropy=5.592974	max_x_extension22-accuracy=3.800000
2023-11-08 14:43:53,101 [INFO]  Epoch[2] Train-cross-entropy=5.409974
2023-11-08 14:43:53,101 [INFO]  Epoch[2] Train-max_x_extension22-accuracy=2.750000
2023-11-08 14:43:53,101 [INFO]  Epoch[2] Time cost=0.010
2023-11-08 14:43:53,102 [INFO]  Saved checkpoint to "./imputer_model/imputer_model_max_x_extension22/model-0002.params"
2023-11-08 14:43:53,103 [INFO]  Epoch[2] Validation-cross-entropy=2.930210
2023-11-08 14:43:53,103 [INFO]  Epoch[2] Validation-max_x_extension22-accuracy=0.000000
2023-11-08 14:43:53,109 [INFO]  Epoch[3] Batch [0-4]	Speed: 14527.30 samples/sec	cross-entropy=3.883806	max_x_extension22-accuracy=3.800000
2023-11-08 14:43:53,112 [INFO]  Epoch[3] Train-cross-entropy=3.565408
2023-11-08 14:43:53,112 [INFO]  Epoch[3] Train-max_x_extension22-accuracy=2.750000
2023-11-08 14:43:53,112 [INFO]  Epoch[3] Time cost=0.009
2023-11-08 14:43:53,113 [INFO]  Saved checkpoint to "./imputer_model/imputer_model_max_x_extension22/model-0003.params"
2023-11-08 14:43:53,114 [INFO]  Epoch[3] Validation-cross-entropy=4.864893
2023-11-08 14:43:53,114 [INFO]  Epoch[3] Validation-max_x_extension22-accuracy=0.000000
2023-11-08 14:43:53,120 [INFO]  Epoch[4] Batch [0-4]	Speed: 14340.27 samples/sec	cross-entropy=1.183055	max_x_extension22-accuracy=3.800000
2023-11-08 14:43:53,123 [INFO]  Epoch[4] Train-cross-entropy=1.161160
2023-11-08 14:43:53,123 [INFO]  Epoch[4] Train-max_x_extension22-accuracy=2.750000
2023-11-08 14:43:53,123 [INFO]  Epoch[4] Time cost=0.009
2023-11-08 14:43:53,125 [INFO]  Saved checkpoint to "./imputer_model/imputer_model_max_x_extension22/model-0004.params"
2023-11-08 14:43:53,125 [INFO]  Epoch[4] Validation-cross-entropy=4.644598
2023-11-08 14:43:53,125 [INFO]  Epoch[4] Validation-max_x_extension22-accuracy=0.000000
2023-11-08 14:43:53,125 [INFO]  
========== done (0.06697940826416016 s) fit model
2023-11-08 14:58:01,517 [INFO]  
========== start: fit model
2023-11-08 14:58:01,518 [WARNING]  Already bound, ignoring bind()
2023-11-08 14:58:01,525 [INFO]  Epoch[0] Batch [0-4]	Speed: 13776.52 samples/sec	cross-entropy=18.400662	max_x_extension22-accuracy=0.000000
2023-11-08 14:58:01,528 [INFO]  Epoch[0] Train-cross-entropy=21.866210
2023-11-08 14:58:01,528 [INFO]  Epoch[0] Train-max_x_extension22-accuracy=0.000000
2023-11-08 14:58:01,528 [INFO]  Epoch[0] Time cost=0.010
2023-11-08 14:58:01,530 [INFO]  Saved checkpoint to "./imputer_model/imputer_model_max_x_extension22/model-0000.params"
2023-11-08 14:58:01,530 [INFO]  Epoch[0] Validation-cross-entropy=26.157206
2023-11-08 14:58:01,530 [INFO]  Epoch[0] Validation-max_x_extension22-accuracy=0.000000
2023-11-08 14:58:01,536 [INFO]  Epoch[1] Batch [0-4]	Speed: 14577.79 samples/sec	cross-entropy=38.954109	max_x_extension22-accuracy=0.000000
2023-11-08 14:58:01,539 [INFO]  Epoch[1] Train-cross-entropy=33.087425
2023-11-08 14:58:01,539 [INFO]  Epoch[1] Train-max_x_extension22-accuracy=0.000000
2023-11-08 14:58:01,540 [INFO]  Epoch[1] Time cost=0.009
2023-11-08 14:58:01,541 [INFO]  Saved checkpoint to "./imputer_model/imputer_model_max_x_extension22/model-0001.params"
2023-11-08 14:58:01,541 [INFO]  Epoch[1] Validation-cross-entropy=23.145399
2023-11-08 14:58:01,542 [INFO]  Epoch[1] Validation-max_x_extension22-accuracy=0.000000
2023-11-08 14:58:01,547 [INFO]  Epoch[2] Batch [0-4]	Speed: 15019.89 samples/sec	cross-entropy=5.632447	max_x_extension22-accuracy=0.000000
2023-11-08 14:58:01,550 [INFO]  Epoch[2] Train-cross-entropy=4.972925
2023-11-08 14:58:01,550 [INFO]  Epoch[2] Train-max_x_extension22-accuracy=0.000000
2023-11-08 14:58:01,550 [INFO]  Epoch[2] Time cost=0.009
2023-11-08 14:58:01,552 [INFO]  Saved checkpoint to "./imputer_model/imputer_model_max_x_extension22/model-0002.params"
2023-11-08 14:58:01,552 [INFO]  Epoch[2] Validation-cross-entropy=21.086231
2023-11-08 14:58:01,552 [INFO]  Epoch[2] Validation-max_x_extension22-accuracy=0.000000
2023-11-08 14:58:01,557 [INFO]  Epoch[3] Batch [0-4]	Speed: 16049.95 samples/sec	cross-entropy=5.057009	max_x_extension22-accuracy=0.000000
2023-11-08 14:58:01,560 [INFO]  Epoch[3] Train-cross-entropy=3.567405
2023-11-08 14:58:01,560 [INFO]  Epoch[3] Train-max_x_extension22-accuracy=0.000000
2023-11-08 14:58:01,560 [INFO]  Epoch[3] Time cost=0.008
2023-11-08 14:58:01,562 [INFO]  Saved checkpoint to "./imputer_model/imputer_model_max_x_extension22/model-0003.params"
2023-11-08 14:58:01,562 [INFO]  Epoch[3] Validation-cross-entropy=18.500248
2023-11-08 14:58:01,562 [INFO]  Epoch[3] Validation-max_x_extension22-accuracy=0.000000
2023-11-08 14:58:01,567 [INFO]  Epoch[4] Batch [0-4]	Speed: 17150.23 samples/sec	cross-entropy=1.415387	max_x_extension22-accuracy=0.000000
2023-11-08 14:58:01,570 [INFO]  Epoch[4] Train-cross-entropy=1.074046
2023-11-08 14:58:01,570 [INFO]  Epoch[4] Train-max_x_extension22-accuracy=0.000000
2023-11-08 14:58:01,570 [INFO]  Epoch[4] Time cost=0.008
2023-11-08 14:58:01,572 [INFO]  Saved checkpoint to "./imputer_model/imputer_model_max_x_extension22/model-0004.params"
2023-11-08 14:58:01,573 [INFO]  Epoch[4] Validation-cross-entropy=15.985312
2023-11-08 14:58:01,573 [INFO]  Epoch[4] Validation-max_x_extension22-accuracy=0.000000
2023-11-08 14:58:01,573 [INFO]  
========== done (0.05552935600280762 s) fit model
