2023-11-08 12:36:56,349 [INFO]  
========== start: fit model
2023-11-08 12:36:56,350 [WARNING]  Already bound, ignoring bind()
2023-11-08 12:36:56,398 [INFO]  Epoch[0] Batch [0-4]	Speed: 1566.70 samples/sec	cross-entropy=16.901438	mean_acc_on_paper9-accuracy=0.000000
2023-11-08 12:36:56,502 [INFO]  Epoch[0] Train-cross-entropy=18.385797
2023-11-08 12:36:56,503 [INFO]  Epoch[0] Train-mean_acc_on_paper9-accuracy=0.000000
2023-11-08 12:36:56,503 [INFO]  Epoch[0] Time cost=0.150
2023-11-08 12:36:56,506 [INFO]  Saved checkpoint to "./imputer_model/imputer_model_mean_acc_on_paper9/model-0000.params"
2023-11-08 12:36:56,509 [INFO]  Epoch[0] Validation-cross-entropy=11.332168
2023-11-08 12:36:56,509 [INFO]  Epoch[0] Validation-mean_acc_on_paper9-accuracy=0.000000
2023-11-08 12:36:56,597 [INFO]  Epoch[1] Batch [0-4]	Speed: 862.70 samples/sec	cross-entropy=56.834947	mean_acc_on_paper9-accuracy=0.000000
2023-11-08 12:36:56,639 [INFO]  Epoch[1] Train-cross-entropy=41.239349
2023-11-08 12:36:56,639 [INFO]  Epoch[1] Train-mean_acc_on_paper9-accuracy=0.000000
2023-11-08 12:36:56,639 [INFO]  Epoch[1] Time cost=0.130
2023-11-08 12:36:56,643 [INFO]  Saved checkpoint to "./imputer_model/imputer_model_mean_acc_on_paper9/model-0001.params"
2023-11-08 12:36:56,811 [INFO]  Epoch[1] Validation-cross-entropy=9.909574
2023-11-08 12:36:56,812 [INFO]  Epoch[1] Validation-mean_acc_on_paper9-accuracy=0.000000
2023-11-08 12:36:57,788 [INFO]  Epoch[2] Batch [0-4]	Speed: 122.19 samples/sec	cross-entropy=9.908463	mean_acc_on_paper9-accuracy=0.000000
2023-11-08 12:36:57,806 [INFO]  Epoch[2] Train-cross-entropy=7.721599
2023-11-08 12:36:57,806 [INFO]  Epoch[2] Train-mean_acc_on_paper9-accuracy=0.000000
2023-11-08 12:36:57,806 [INFO]  Epoch[2] Time cost=0.994
2023-11-08 12:36:57,808 [INFO]  Saved checkpoint to "./imputer_model/imputer_model_mean_acc_on_paper9/model-0002.params"
2023-11-08 12:36:57,811 [INFO]  Epoch[2] Validation-cross-entropy=14.278395
2023-11-08 12:36:57,811 [INFO]  Epoch[2] Validation-mean_acc_on_paper9-accuracy=0.000000
2023-11-08 12:36:57,837 [INFO]  Epoch[3] Batch [0-4]	Speed: 4033.23 samples/sec	cross-entropy=6.298241	mean_acc_on_paper9-accuracy=0.000000
2023-11-08 12:36:57,849 [INFO]  Epoch[3] Train-cross-entropy=4.783185
2023-11-08 12:36:57,849 [INFO]  Epoch[3] Train-mean_acc_on_paper9-accuracy=0.000000
2023-11-08 12:36:57,849 [INFO]  Epoch[3] Time cost=0.038
2023-11-08 12:36:57,851 [INFO]  Saved checkpoint to "./imputer_model/imputer_model_mean_acc_on_paper9/model-0003.params"
2023-11-08 12:36:57,854 [INFO]  Epoch[3] Validation-cross-entropy=10.802730
2023-11-08 12:36:57,854 [INFO]  Epoch[3] Validation-mean_acc_on_paper9-accuracy=0.000000
2023-11-08 12:36:57,882 [INFO]  Epoch[4] Batch [0-4]	Speed: 3507.58 samples/sec	cross-entropy=2.996269	mean_acc_on_paper9-accuracy=0.000000
2023-11-08 12:36:58,107 [INFO]  Epoch[4] Train-cross-entropy=2.280874
2023-11-08 12:36:58,107 [INFO]  Epoch[4] Train-mean_acc_on_paper9-accuracy=0.000000
2023-11-08 12:36:58,107 [INFO]  Epoch[4] Time cost=0.253
2023-11-08 12:36:58,111 [INFO]  Saved checkpoint to "./imputer_model/imputer_model_mean_acc_on_paper9/model-0004.params"
2023-11-08 12:36:58,268 [INFO]  Epoch[4] Validation-cross-entropy=9.283492
2023-11-08 12:36:58,269 [INFO]  Epoch[4] Validation-mean_acc_on_paper9-accuracy=0.000000
2023-11-08 12:36:58,269 [INFO]  
========== done (1.9197626113891602 s) fit model
2023-11-08 13:05:43,373 [INFO]  
========== start: fit model
2023-11-08 13:05:43,396 [WARNING]  Already bound, ignoring bind()
2023-11-08 13:05:43,403 [INFO]  Epoch[0] Batch [0-4]	Speed: 13461.48 samples/sec	cross-entropy=27.045785	mean_acc_on_paper9-accuracy=0.000000
2023-11-08 13:05:43,407 [INFO]  Epoch[0] Train-cross-entropy=23.160212
2023-11-08 13:05:43,407 [INFO]  Epoch[0] Train-mean_acc_on_paper9-accuracy=0.000000
2023-11-08 13:05:43,407 [INFO]  Epoch[0] Time cost=0.010
2023-11-08 13:05:43,408 [INFO]  Saved checkpoint to "./imputer_model/imputer_model_mean_acc_on_paper9/model-0000.params"
2023-11-08 13:05:43,409 [INFO]  Epoch[0] Validation-cross-entropy=17.331306
2023-11-08 13:05:43,409 [INFO]  Epoch[0] Validation-mean_acc_on_paper9-accuracy=0.000000
2023-11-08 13:05:43,415 [INFO]  Epoch[1] Batch [0-4]	Speed: 12700.99 samples/sec	cross-entropy=37.072854	mean_acc_on_paper9-accuracy=0.000000
2023-11-08 13:05:43,419 [INFO]  Epoch[1] Train-cross-entropy=28.312225
2023-11-08 13:05:43,419 [INFO]  Epoch[1] Train-mean_acc_on_paper9-accuracy=0.000000
2023-11-08 13:05:43,419 [INFO]  Epoch[1] Time cost=0.010
2023-11-08 13:05:43,421 [INFO]  Saved checkpoint to "./imputer_model/imputer_model_mean_acc_on_paper9/model-0001.params"
2023-11-08 13:05:43,422 [INFO]  Epoch[1] Validation-cross-entropy=9.344313
2023-11-08 13:05:43,422 [INFO]  Epoch[1] Validation-mean_acc_on_paper9-accuracy=0.000000
2023-11-08 13:05:43,429 [INFO]  Epoch[2] Batch [0-4]	Speed: 11280.22 samples/sec	cross-entropy=8.354348	mean_acc_on_paper9-accuracy=0.000000
2023-11-08 13:05:43,433 [INFO]  Epoch[2] Train-cross-entropy=9.625477
2023-11-08 13:05:43,433 [INFO]  Epoch[2] Train-mean_acc_on_paper9-accuracy=0.000000
2023-11-08 13:05:43,434 [INFO]  Epoch[2] Time cost=0.012
2023-11-08 13:05:43,437 [INFO]  Saved checkpoint to "./imputer_model/imputer_model_mean_acc_on_paper9/model-0002.params"
2023-11-08 13:05:43,437 [INFO]  Epoch[2] Validation-cross-entropy=8.081585
2023-11-08 13:05:43,437 [INFO]  Epoch[2] Validation-mean_acc_on_paper9-accuracy=0.000000
2023-11-08 13:05:43,443 [INFO]  Epoch[3] Batch [0-4]	Speed: 16015.48 samples/sec	cross-entropy=7.034117	mean_acc_on_paper9-accuracy=0.000000
2023-11-08 13:05:43,446 [INFO]  Epoch[3] Train-cross-entropy=10.241305
2023-11-08 13:05:43,446 [INFO]  Epoch[3] Train-mean_acc_on_paper9-accuracy=0.000000
2023-11-08 13:05:43,446 [INFO]  Epoch[3] Time cost=0.008
2023-11-08 13:05:43,448 [INFO]  Saved checkpoint to "./imputer_model/imputer_model_mean_acc_on_paper9/model-0003.params"
2023-11-08 13:05:43,448 [INFO]  Epoch[3] Validation-cross-entropy=8.992060
2023-11-08 13:05:43,448 [INFO]  Epoch[3] Validation-mean_acc_on_paper9-accuracy=0.000000
2023-11-08 13:05:43,453 [INFO]  Epoch[4] Batch [0-4]	Speed: 16091.32 samples/sec	cross-entropy=4.164951	mean_acc_on_paper9-accuracy=0.000000
2023-11-08 13:05:43,456 [INFO]  Epoch[4] Train-cross-entropy=5.664883
2023-11-08 13:05:43,456 [INFO]  Epoch[4] Train-mean_acc_on_paper9-accuracy=0.000000
2023-11-08 13:05:43,456 [INFO]  Epoch[4] Time cost=0.008
2023-11-08 13:05:43,458 [INFO]  Saved checkpoint to "./imputer_model/imputer_model_mean_acc_on_paper9/model-0004.params"
2023-11-08 13:05:43,458 [INFO]  Epoch[4] Validation-cross-entropy=9.325694
2023-11-08 13:05:43,458 [INFO]  Epoch[4] Validation-mean_acc_on_paper9-accuracy=0.000000
2023-11-08 13:05:43,458 [INFO]  
========== done (0.0853729248046875 s) fit model
2023-11-08 13:19:09,850 [INFO]  
========== start: fit model
2023-11-08 13:19:09,850 [WARNING]  Already bound, ignoring bind()
2023-11-08 13:19:09,859 [INFO]  Epoch[0] Batch [0-4]	Speed: 10487.40 samples/sec	cross-entropy=26.447729	mean_acc_on_paper9-accuracy=2.600000
2023-11-08 13:19:09,864 [INFO]  Epoch[0] Train-cross-entropy=25.332088
2023-11-08 13:19:09,864 [INFO]  Epoch[0] Train-mean_acc_on_paper9-accuracy=2.625000
2023-11-08 13:19:09,864 [INFO]  Epoch[0] Time cost=0.013
2023-11-08 13:19:09,867 [INFO]  Saved checkpoint to "./imputer_model/imputer_model_mean_acc_on_paper9/model-0000.params"
2023-11-08 13:19:09,867 [INFO]  Epoch[0] Validation-cross-entropy=9.173141
2023-11-08 13:19:09,867 [INFO]  Epoch[0] Validation-mean_acc_on_paper9-accuracy=0.000000
2023-11-08 13:19:09,873 [INFO]  Epoch[1] Batch [0-4]	Speed: 15586.78 samples/sec	cross-entropy=39.662073	mean_acc_on_paper9-accuracy=2.600000
2023-11-08 13:19:09,876 [INFO]  Epoch[1] Train-cross-entropy=30.720595
2023-11-08 13:19:09,876 [INFO]  Epoch[1] Train-mean_acc_on_paper9-accuracy=2.625000
2023-11-08 13:19:09,876 [INFO]  Epoch[1] Time cost=0.009
2023-11-08 13:19:09,878 [INFO]  Saved checkpoint to "./imputer_model/imputer_model_mean_acc_on_paper9/model-0001.params"
2023-11-08 13:19:09,878 [INFO]  Epoch[1] Validation-cross-entropy=10.868305
2023-11-08 13:19:09,878 [INFO]  Epoch[1] Validation-mean_acc_on_paper9-accuracy=0.000000
2023-11-08 13:19:09,882 [INFO]  Epoch[2] Batch [0-4]	Speed: 20817.02 samples/sec	cross-entropy=7.800804	mean_acc_on_paper9-accuracy=2.600000
2023-11-08 13:19:09,885 [INFO]  Epoch[2] Train-cross-entropy=7.998504
2023-11-08 13:19:09,885 [INFO]  Epoch[2] Train-mean_acc_on_paper9-accuracy=2.625000
2023-11-08 13:19:09,885 [INFO]  Epoch[2] Time cost=0.006
2023-11-08 13:19:09,886 [INFO]  Saved checkpoint to "./imputer_model/imputer_model_mean_acc_on_paper9/model-0002.params"
2023-11-08 13:19:09,887 [INFO]  Epoch[2] Validation-cross-entropy=7.852301
2023-11-08 13:19:09,887 [INFO]  Epoch[2] Validation-mean_acc_on_paper9-accuracy=0.000000
2023-11-08 13:19:09,891 [INFO]  Epoch[3] Batch [0-4]	Speed: 19717.60 samples/sec	cross-entropy=7.089901	mean_acc_on_paper9-accuracy=2.600000
2023-11-08 13:19:09,894 [INFO]  Epoch[3] Train-cross-entropy=4.952547
2023-11-08 13:19:09,894 [INFO]  Epoch[3] Train-mean_acc_on_paper9-accuracy=2.625000
2023-11-08 13:19:09,894 [INFO]  Epoch[3] Time cost=0.007
2023-11-08 13:19:09,895 [INFO]  Saved checkpoint to "./imputer_model/imputer_model_mean_acc_on_paper9/model-0003.params"
2023-11-08 13:19:09,895 [INFO]  Epoch[3] Validation-cross-entropy=6.621520
2023-11-08 13:19:09,895 [INFO]  Epoch[3] Validation-mean_acc_on_paper9-accuracy=0.000000
2023-11-08 13:19:09,900 [INFO]  Epoch[4] Batch [0-4]	Speed: 18749.42 samples/sec	cross-entropy=3.028687	mean_acc_on_paper9-accuracy=2.600000
2023-11-08 13:19:09,903 [INFO]  Epoch[4] Train-cross-entropy=2.249513
2023-11-08 13:19:09,903 [INFO]  Epoch[4] Train-mean_acc_on_paper9-accuracy=2.625000
2023-11-08 13:19:09,903 [INFO]  Epoch[4] Time cost=0.008
2023-11-08 13:19:09,904 [INFO]  Saved checkpoint to "./imputer_model/imputer_model_mean_acc_on_paper9/model-0004.params"
2023-11-08 13:19:09,905 [INFO]  Epoch[4] Validation-cross-entropy=5.858457
2023-11-08 13:19:09,905 [INFO]  Epoch[4] Validation-mean_acc_on_paper9-accuracy=0.000000
2023-11-08 13:19:09,905 [INFO]  
========== done (0.055327415466308594 s) fit model
2023-11-08 13:32:30,369 [INFO]  
========== start: fit model
2023-11-08 13:32:30,369 [WARNING]  Already bound, ignoring bind()
2023-11-08 13:32:30,376 [INFO]  Epoch[0] Batch [0-4]	Speed: 13905.69 samples/sec	cross-entropy=16.472698	mean_acc_on_paper9-accuracy=0.000000
2023-11-08 13:32:30,380 [INFO]  Epoch[0] Train-cross-entropy=17.526406
2023-11-08 13:32:30,380 [INFO]  Epoch[0] Train-mean_acc_on_paper9-accuracy=0.000000
2023-11-08 13:32:30,380 [INFO]  Epoch[0] Time cost=0.010
2023-11-08 13:32:30,381 [INFO]  Saved checkpoint to "./imputer_model/imputer_model_mean_acc_on_paper9/model-0000.params"
2023-11-08 13:32:30,382 [INFO]  Epoch[0] Validation-cross-entropy=36.310619
2023-11-08 13:32:30,382 [INFO]  Epoch[0] Validation-mean_acc_on_paper9-accuracy=0.000000
2023-11-08 13:32:30,387 [INFO]  Epoch[1] Batch [0-4]	Speed: 15635.80 samples/sec	cross-entropy=31.858178	mean_acc_on_paper9-accuracy=0.000000
2023-11-08 13:32:30,390 [INFO]  Epoch[1] Train-cross-entropy=23.012037
2023-11-08 13:32:30,390 [INFO]  Epoch[1] Train-mean_acc_on_paper9-accuracy=0.000000
2023-11-08 13:32:30,390 [INFO]  Epoch[1] Time cost=0.008
2023-11-08 13:32:30,392 [INFO]  Saved checkpoint to "./imputer_model/imputer_model_mean_acc_on_paper9/model-0001.params"
2023-11-08 13:32:30,392 [INFO]  Epoch[1] Validation-cross-entropy=22.338203
2023-11-08 13:32:30,392 [INFO]  Epoch[1] Validation-mean_acc_on_paper9-accuracy=0.000000
2023-11-08 13:32:30,397 [INFO]  Epoch[2] Batch [0-4]	Speed: 16499.81 samples/sec	cross-entropy=9.038873	mean_acc_on_paper9-accuracy=0.000000
2023-11-08 13:32:30,400 [INFO]  Epoch[2] Train-cross-entropy=11.668279
2023-11-08 13:32:30,400 [INFO]  Epoch[2] Train-mean_acc_on_paper9-accuracy=0.000000
2023-11-08 13:32:30,400 [INFO]  Epoch[2] Time cost=0.008
2023-11-08 13:32:30,401 [INFO]  Saved checkpoint to "./imputer_model/imputer_model_mean_acc_on_paper9/model-0002.params"
2023-11-08 13:32:30,402 [INFO]  Epoch[2] Validation-cross-entropy=31.145830
2023-11-08 13:32:30,402 [INFO]  Epoch[2] Validation-mean_acc_on_paper9-accuracy=0.000000
2023-11-08 13:32:30,409 [INFO]  Epoch[3] Batch [0-4]	Speed: 10850.70 samples/sec	cross-entropy=3.670771	mean_acc_on_paper9-accuracy=0.000000
2023-11-08 13:32:30,414 [INFO]  Epoch[3] Train-cross-entropy=3.703357
2023-11-08 13:32:30,414 [INFO]  Epoch[3] Train-mean_acc_on_paper9-accuracy=0.000000
2023-11-08 13:32:30,414 [INFO]  Epoch[3] Time cost=0.012
2023-11-08 13:32:30,417 [INFO]  Saved checkpoint to "./imputer_model/imputer_model_mean_acc_on_paper9/model-0003.params"
2023-11-08 13:32:30,418 [INFO]  Epoch[3] Validation-cross-entropy=14.980505
2023-11-08 13:32:30,418 [INFO]  Epoch[3] Validation-mean_acc_on_paper9-accuracy=0.000000
2023-11-08 13:32:30,425 [INFO]  Epoch[4] Batch [0-4]	Speed: 12530.83 samples/sec	cross-entropy=2.380649	mean_acc_on_paper9-accuracy=0.000000
2023-11-08 13:32:30,428 [INFO]  Epoch[4] Train-cross-entropy=2.093014
2023-11-08 13:32:30,428 [INFO]  Epoch[4] Train-mean_acc_on_paper9-accuracy=0.000000
2023-11-08 13:32:30,428 [INFO]  Epoch[4] Time cost=0.010
2023-11-08 13:32:30,430 [INFO]  Saved checkpoint to "./imputer_model/imputer_model_mean_acc_on_paper9/model-0004.params"
2023-11-08 13:32:30,431 [INFO]  Epoch[4] Validation-cross-entropy=20.438704
2023-11-08 13:32:30,431 [INFO]  Epoch[4] Validation-mean_acc_on_paper9-accuracy=0.000000
2023-11-08 13:32:30,431 [INFO]  
========== done (0.06199145317077637 s) fit model
2023-11-08 13:45:50,126 [INFO]  
========== start: fit model
2023-11-08 13:45:50,126 [WARNING]  Already bound, ignoring bind()
2023-11-08 13:45:50,133 [INFO]  Epoch[0] Batch [0-4]	Speed: 14217.98 samples/sec	cross-entropy=17.931612	mean_acc_on_paper9-accuracy=2.600000
2023-11-08 13:45:50,137 [INFO]  Epoch[0] Train-cross-entropy=18.283424
2023-11-08 13:45:50,137 [INFO]  Epoch[0] Train-mean_acc_on_paper9-accuracy=3.000000
2023-11-08 13:45:50,137 [INFO]  Epoch[0] Time cost=0.010
2023-11-08 13:45:50,138 [INFO]  Saved checkpoint to "./imputer_model/imputer_model_mean_acc_on_paper9/model-0000.params"
2023-11-08 13:45:50,139 [INFO]  Epoch[0] Validation-cross-entropy=29.761814
2023-11-08 13:45:50,139 [INFO]  Epoch[0] Validation-mean_acc_on_paper9-accuracy=0.000000
2023-11-08 13:45:50,144 [INFO]  Epoch[1] Batch [0-4]	Speed: 15716.36 samples/sec	cross-entropy=27.103685	mean_acc_on_paper9-accuracy=2.600000
2023-11-08 13:45:50,147 [INFO]  Epoch[1] Train-cross-entropy=24.113580
2023-11-08 13:45:50,147 [INFO]  Epoch[1] Train-mean_acc_on_paper9-accuracy=3.000000
2023-11-08 13:45:50,147 [INFO]  Epoch[1] Time cost=0.008
2023-11-08 13:45:50,148 [INFO]  Saved checkpoint to "./imputer_model/imputer_model_mean_acc_on_paper9/model-0001.params"
2023-11-08 13:45:50,149 [INFO]  Epoch[1] Validation-cross-entropy=8.013350
2023-11-08 13:45:50,149 [INFO]  Epoch[1] Validation-mean_acc_on_paper9-accuracy=0.000000
2023-11-08 13:45:50,154 [INFO]  Epoch[2] Batch [0-4]	Speed: 16714.54 samples/sec	cross-entropy=11.377769	mean_acc_on_paper9-accuracy=2.600000
2023-11-08 13:45:50,157 [INFO]  Epoch[2] Train-cross-entropy=9.309082
2023-11-08 13:45:50,157 [INFO]  Epoch[2] Train-mean_acc_on_paper9-accuracy=3.000000
2023-11-08 13:45:50,157 [INFO]  Epoch[2] Time cost=0.008
2023-11-08 13:45:50,158 [INFO]  Saved checkpoint to "./imputer_model/imputer_model_mean_acc_on_paper9/model-0002.params"
2023-11-08 13:45:50,158 [INFO]  Epoch[2] Validation-cross-entropy=13.423592
2023-11-08 13:45:50,158 [INFO]  Epoch[2] Validation-mean_acc_on_paper9-accuracy=0.000000
2023-11-08 13:45:50,163 [INFO]  Epoch[3] Batch [0-4]	Speed: 17619.66 samples/sec	cross-entropy=7.406572	mean_acc_on_paper9-accuracy=2.600000
2023-11-08 13:45:50,166 [INFO]  Epoch[3] Train-cross-entropy=5.583864
2023-11-08 13:45:50,166 [INFO]  Epoch[3] Train-mean_acc_on_paper9-accuracy=3.000000
2023-11-08 13:45:50,166 [INFO]  Epoch[3] Time cost=0.007
2023-11-08 13:45:50,167 [INFO]  Saved checkpoint to "./imputer_model/imputer_model_mean_acc_on_paper9/model-0003.params"
2023-11-08 13:45:50,168 [INFO]  Epoch[3] Validation-cross-entropy=13.213442
2023-11-08 13:45:50,168 [INFO]  Epoch[3] Validation-mean_acc_on_paper9-accuracy=0.000000
2023-11-08 13:45:50,176 [INFO]  Epoch[4] Batch [0-4]	Speed: 9289.39 samples/sec	cross-entropy=1.465633	mean_acc_on_paper9-accuracy=2.600000
2023-11-08 13:45:50,178 [INFO]  Epoch[4] Train-cross-entropy=1.745080
2023-11-08 13:45:50,178 [INFO]  Epoch[4] Train-mean_acc_on_paper9-accuracy=3.000000
2023-11-08 13:45:50,178 [INFO]  Epoch[4] Time cost=0.010
2023-11-08 13:45:50,179 [INFO]  Saved checkpoint to "./imputer_model/imputer_model_mean_acc_on_paper9/model-0004.params"
2023-11-08 13:45:50,180 [INFO]  Epoch[4] Validation-cross-entropy=11.289271
2023-11-08 13:45:50,180 [INFO]  Epoch[4] Validation-mean_acc_on_paper9-accuracy=0.000000
2023-11-08 13:45:50,180 [INFO]  
========== done (0.053577423095703125 s) fit model
2023-11-08 13:59:12,624 [INFO]  
========== start: fit model
2023-11-08 13:59:12,624 [WARNING]  Already bound, ignoring bind()
2023-11-08 13:59:12,631 [INFO]  Epoch[0] Batch [0-4]	Speed: 14205.94 samples/sec	cross-entropy=20.509763	mean_acc_on_paper9-accuracy=3.200000
2023-11-08 13:59:12,635 [INFO]  Epoch[0] Train-cross-entropy=19.492703
2023-11-08 13:59:12,635 [INFO]  Epoch[0] Train-mean_acc_on_paper9-accuracy=2.875000
2023-11-08 13:59:12,636 [INFO]  Epoch[0] Time cost=0.011
2023-11-08 13:59:12,639 [INFO]  Saved checkpoint to "./imputer_model/imputer_model_mean_acc_on_paper9/model-0000.params"
2023-11-08 13:59:12,639 [INFO]  Epoch[0] Validation-cross-entropy=35.182800
2023-11-08 13:59:12,640 [INFO]  Epoch[0] Validation-mean_acc_on_paper9-accuracy=0.000000
2023-11-08 13:59:12,646 [INFO]  Epoch[1] Batch [0-4]	Speed: 14932.99 samples/sec	cross-entropy=25.469200	mean_acc_on_paper9-accuracy=3.200000
2023-11-08 13:59:12,649 [INFO]  Epoch[1] Train-cross-entropy=23.515696
2023-11-08 13:59:12,649 [INFO]  Epoch[1] Train-mean_acc_on_paper9-accuracy=2.875000
2023-11-08 13:59:12,649 [INFO]  Epoch[1] Time cost=0.009
2023-11-08 13:59:12,651 [INFO]  Saved checkpoint to "./imputer_model/imputer_model_mean_acc_on_paper9/model-0001.params"
2023-11-08 13:59:12,652 [INFO]  Epoch[1] Validation-cross-entropy=19.169981
2023-11-08 13:59:12,652 [INFO]  Epoch[1] Validation-mean_acc_on_paper9-accuracy=0.000000
2023-11-08 13:59:12,657 [INFO]  Epoch[2] Batch [0-4]	Speed: 19067.73 samples/sec	cross-entropy=10.188969	mean_acc_on_paper9-accuracy=3.200000
2023-11-08 13:59:12,659 [INFO]  Epoch[2] Train-cross-entropy=13.205871
2023-11-08 13:59:12,659 [INFO]  Epoch[2] Train-mean_acc_on_paper9-accuracy=2.875000
2023-11-08 13:59:12,659 [INFO]  Epoch[2] Time cost=0.007
2023-11-08 13:59:12,661 [INFO]  Saved checkpoint to "./imputer_model/imputer_model_mean_acc_on_paper9/model-0002.params"
2023-11-08 13:59:12,661 [INFO]  Epoch[2] Validation-cross-entropy=18.508406
2023-11-08 13:59:12,661 [INFO]  Epoch[2] Validation-mean_acc_on_paper9-accuracy=0.000000
2023-11-08 13:59:12,666 [INFO]  Epoch[3] Batch [0-4]	Speed: 18217.54 samples/sec	cross-entropy=5.623282	mean_acc_on_paper9-accuracy=3.200000
2023-11-08 13:59:12,670 [INFO]  Epoch[3] Train-cross-entropy=5.229351
2023-11-08 13:59:12,670 [INFO]  Epoch[3] Train-mean_acc_on_paper9-accuracy=2.875000
2023-11-08 13:59:12,670 [INFO]  Epoch[3] Time cost=0.009
2023-11-08 13:59:12,673 [INFO]  Saved checkpoint to "./imputer_model/imputer_model_mean_acc_on_paper9/model-0003.params"
2023-11-08 13:59:12,674 [INFO]  Epoch[3] Validation-cross-entropy=22.573528
2023-11-08 13:59:12,674 [INFO]  Epoch[3] Validation-mean_acc_on_paper9-accuracy=0.000000
2023-11-08 13:59:12,681 [INFO]  Epoch[4] Batch [0-4]	Speed: 10804.41 samples/sec	cross-entropy=3.239617	mean_acc_on_paper9-accuracy=3.200000
2023-11-08 13:59:12,686 [INFO]  Epoch[4] Train-cross-entropy=2.484312
2023-11-08 13:59:12,686 [INFO]  Epoch[4] Train-mean_acc_on_paper9-accuracy=2.875000
2023-11-08 13:59:12,686 [INFO]  Epoch[4] Time cost=0.012
2023-11-08 13:59:12,688 [INFO]  Saved checkpoint to "./imputer_model/imputer_model_mean_acc_on_paper9/model-0004.params"
2023-11-08 13:59:12,688 [INFO]  Epoch[4] Validation-cross-entropy=16.852169
2023-11-08 13:59:12,688 [INFO]  Epoch[4] Validation-mean_acc_on_paper9-accuracy=0.000000
2023-11-08 13:59:12,689 [INFO]  
========== done (0.06492376327514648 s) fit model
2023-11-08 14:12:37,909 [INFO]  
========== start: fit model
2023-11-08 14:12:37,909 [WARNING]  Already bound, ignoring bind()
2023-11-08 14:12:37,918 [INFO]  Epoch[0] Batch [0-4]	Speed: 10441.30 samples/sec	cross-entropy=19.003101	mean_acc_on_paper9-accuracy=2.200000
2023-11-08 14:12:37,923 [INFO]  Epoch[0] Train-cross-entropy=18.942170
2023-11-08 14:12:37,923 [INFO]  Epoch[0] Train-mean_acc_on_paper9-accuracy=2.750000
2023-11-08 14:12:37,923 [INFO]  Epoch[0] Time cost=0.013
2023-11-08 14:12:37,927 [INFO]  Saved checkpoint to "./imputer_model/imputer_model_mean_acc_on_paper9/model-0000.params"
2023-11-08 14:12:37,928 [INFO]  Epoch[0] Validation-cross-entropy=23.708502
2023-11-08 14:12:37,928 [INFO]  Epoch[0] Validation-mean_acc_on_paper9-accuracy=0.000000
2023-11-08 14:12:37,935 [INFO]  Epoch[1] Batch [0-4]	Speed: 11848.84 samples/sec	cross-entropy=43.510973	mean_acc_on_paper9-accuracy=2.200000
2023-11-08 14:12:37,939 [INFO]  Epoch[1] Train-cross-entropy=29.630413
2023-11-08 14:12:37,939 [INFO]  Epoch[1] Train-mean_acc_on_paper9-accuracy=2.750000
2023-11-08 14:12:37,939 [INFO]  Epoch[1] Time cost=0.011
2023-11-08 14:12:37,941 [INFO]  Saved checkpoint to "./imputer_model/imputer_model_mean_acc_on_paper9/model-0001.params"
2023-11-08 14:12:37,942 [INFO]  Epoch[1] Validation-cross-entropy=20.081730
2023-11-08 14:12:37,942 [INFO]  Epoch[1] Validation-mean_acc_on_paper9-accuracy=0.000000
2023-11-08 14:12:37,947 [INFO]  Epoch[2] Batch [0-4]	Speed: 16287.57 samples/sec	cross-entropy=5.294576	mean_acc_on_paper9-accuracy=2.200000
2023-11-08 14:12:37,950 [INFO]  Epoch[2] Train-cross-entropy=6.510136
2023-11-08 14:12:37,950 [INFO]  Epoch[2] Train-mean_acc_on_paper9-accuracy=2.750000
2023-11-08 14:12:37,950 [INFO]  Epoch[2] Time cost=0.008
2023-11-08 14:12:37,952 [INFO]  Saved checkpoint to "./imputer_model/imputer_model_mean_acc_on_paper9/model-0002.params"
2023-11-08 14:12:37,952 [INFO]  Epoch[2] Validation-cross-entropy=18.799294
2023-11-08 14:12:37,952 [INFO]  Epoch[2] Validation-mean_acc_on_paper9-accuracy=0.000000
2023-11-08 14:12:37,958 [INFO]  Epoch[3] Batch [0-4]	Speed: 14791.46 samples/sec	cross-entropy=2.441154	mean_acc_on_paper9-accuracy=2.200000
2023-11-08 14:12:37,961 [INFO]  Epoch[3] Train-cross-entropy=2.391917
2023-11-08 14:12:37,961 [INFO]  Epoch[3] Train-mean_acc_on_paper9-accuracy=2.750000
2023-11-08 14:12:37,961 [INFO]  Epoch[3] Time cost=0.009
2023-11-08 14:12:37,962 [INFO]  Saved checkpoint to "./imputer_model/imputer_model_mean_acc_on_paper9/model-0003.params"
2023-11-08 14:12:37,963 [INFO]  Epoch[3] Validation-cross-entropy=23.713783
2023-11-08 14:12:37,963 [INFO]  Epoch[3] Validation-mean_acc_on_paper9-accuracy=0.000000
2023-11-08 14:12:37,968 [INFO]  Epoch[4] Batch [0-4]	Speed: 16174.71 samples/sec	cross-entropy=1.866898	mean_acc_on_paper9-accuracy=2.200000
2023-11-08 14:12:37,971 [INFO]  Epoch[4] Train-cross-entropy=1.546415
2023-11-08 14:12:37,971 [INFO]  Epoch[4] Train-mean_acc_on_paper9-accuracy=2.750000
2023-11-08 14:12:37,971 [INFO]  Epoch[4] Time cost=0.008
2023-11-08 14:12:37,973 [INFO]  Saved checkpoint to "./imputer_model/imputer_model_mean_acc_on_paper9/model-0004.params"
2023-11-08 14:12:37,973 [INFO]  Epoch[4] Validation-cross-entropy=21.924410
2023-11-08 14:12:37,973 [INFO]  Epoch[4] Validation-mean_acc_on_paper9-accuracy=0.000000
2023-11-08 14:12:37,973 [INFO]  
========== done (0.0639181137084961 s) fit model
2023-11-08 14:26:12,006 [INFO]  
========== start: fit model
2023-11-08 14:26:12,006 [WARNING]  Already bound, ignoring bind()
2023-11-08 14:26:12,013 [INFO]  Epoch[0] Batch [0-4]	Speed: 13943.25 samples/sec	cross-entropy=22.781554	mean_acc_on_paper9-accuracy=0.000000
2023-11-08 14:26:12,016 [INFO]  Epoch[0] Train-cross-entropy=20.312143
2023-11-08 14:26:12,016 [INFO]  Epoch[0] Train-mean_acc_on_paper9-accuracy=0.000000
2023-11-08 14:26:12,016 [INFO]  Epoch[0] Time cost=0.010
2023-11-08 14:26:12,017 [INFO]  Saved checkpoint to "./imputer_model/imputer_model_mean_acc_on_paper9/model-0000.params"
2023-11-08 14:26:12,018 [INFO]  Epoch[0] Validation-cross-entropy=222.470901
2023-11-08 14:26:12,018 [INFO]  Epoch[0] Validation-mean_acc_on_paper9-accuracy=0.000000
2023-11-08 14:26:12,023 [INFO]  Epoch[1] Batch [0-4]	Speed: 15191.59 samples/sec	cross-entropy=43.512302	mean_acc_on_paper9-accuracy=0.000000
2023-11-08 14:26:12,027 [INFO]  Epoch[1] Train-cross-entropy=36.772230
2023-11-08 14:26:12,027 [INFO]  Epoch[1] Train-mean_acc_on_paper9-accuracy=0.000000
2023-11-08 14:26:12,027 [INFO]  Epoch[1] Time cost=0.009
2023-11-08 14:26:12,028 [INFO]  Saved checkpoint to "./imputer_model/imputer_model_mean_acc_on_paper9/model-0001.params"
2023-11-08 14:26:12,028 [INFO]  Epoch[1] Validation-cross-entropy=14.574549
2023-11-08 14:26:12,029 [INFO]  Epoch[1] Validation-mean_acc_on_paper9-accuracy=0.000000
2023-11-08 14:26:12,033 [INFO]  Epoch[2] Batch [0-4]	Speed: 17573.52 samples/sec	cross-entropy=7.329454	mean_acc_on_paper9-accuracy=0.000000
2023-11-08 14:26:12,036 [INFO]  Epoch[2] Train-cross-entropy=10.764923
2023-11-08 14:26:12,036 [INFO]  Epoch[2] Train-mean_acc_on_paper9-accuracy=0.000000
2023-11-08 14:26:12,036 [INFO]  Epoch[2] Time cost=0.008
2023-11-08 14:26:12,037 [INFO]  Saved checkpoint to "./imputer_model/imputer_model_mean_acc_on_paper9/model-0002.params"
2023-11-08 14:26:12,038 [INFO]  Epoch[2] Validation-cross-entropy=28.817139
2023-11-08 14:26:12,038 [INFO]  Epoch[2] Validation-mean_acc_on_paper9-accuracy=0.000000
2023-11-08 14:26:12,045 [INFO]  Epoch[3] Batch [0-4]	Speed: 10764.54 samples/sec	cross-entropy=3.332031	mean_acc_on_paper9-accuracy=0.000000
2023-11-08 14:26:12,050 [INFO]  Epoch[3] Train-cross-entropy=2.984046
2023-11-08 14:26:12,050 [INFO]  Epoch[3] Train-mean_acc_on_paper9-accuracy=0.000000
2023-11-08 14:26:12,050 [INFO]  Epoch[3] Time cost=0.012
2023-11-08 14:26:12,053 [INFO]  Saved checkpoint to "./imputer_model/imputer_model_mean_acc_on_paper9/model-0003.params"
2023-11-08 14:26:12,054 [INFO]  Epoch[3] Validation-cross-entropy=12.475271
2023-11-08 14:26:12,054 [INFO]  Epoch[3] Validation-mean_acc_on_paper9-accuracy=0.000000
2023-11-08 14:26:12,061 [INFO]  Epoch[4] Batch [0-4]	Speed: 11987.47 samples/sec	cross-entropy=1.742783	mean_acc_on_paper9-accuracy=0.000000
2023-11-08 14:26:12,064 [INFO]  Epoch[4] Train-cross-entropy=1.546582
2023-11-08 14:26:12,064 [INFO]  Epoch[4] Train-mean_acc_on_paper9-accuracy=0.000000
2023-11-08 14:26:12,064 [INFO]  Epoch[4] Time cost=0.010
2023-11-08 14:26:12,066 [INFO]  Saved checkpoint to "./imputer_model/imputer_model_mean_acc_on_paper9/model-0004.params"
2023-11-08 14:26:12,067 [INFO]  Epoch[4] Validation-cross-entropy=15.152257
2023-11-08 14:26:12,067 [INFO]  Epoch[4] Validation-mean_acc_on_paper9-accuracy=0.000000
2023-11-08 14:26:12,067 [INFO]  
========== done (0.06122899055480957 s) fit model
2023-11-08 14:40:09,455 [INFO]  
========== start: fit model
2023-11-08 14:40:09,455 [WARNING]  Already bound, ignoring bind()
2023-11-08 14:40:09,465 [INFO]  Epoch[0] Batch [0-4]	Speed: 9712.55 samples/sec	cross-entropy=19.466427	mean_acc_on_paper9-accuracy=0.000000
2023-11-08 14:40:09,469 [INFO]  Epoch[0] Train-cross-entropy=19.289363
2023-11-08 14:40:09,470 [INFO]  Epoch[0] Train-mean_acc_on_paper9-accuracy=0.000000
2023-11-08 14:40:09,470 [INFO]  Epoch[0] Time cost=0.014
2023-11-08 14:40:09,472 [INFO]  Saved checkpoint to "./imputer_model/imputer_model_mean_acc_on_paper9/model-0000.params"
2023-11-08 14:40:09,473 [INFO]  Epoch[0] Validation-cross-entropy=67.355316
2023-11-08 14:40:09,473 [INFO]  Epoch[0] Validation-mean_acc_on_paper9-accuracy=0.000000
2023-11-08 14:40:09,478 [INFO]  Epoch[1] Batch [0-4]	Speed: 15352.33 samples/sec	cross-entropy=35.582820	mean_acc_on_paper9-accuracy=0.000000
2023-11-08 14:40:09,481 [INFO]  Epoch[1] Train-cross-entropy=24.702954
2023-11-08 14:40:09,481 [INFO]  Epoch[1] Train-mean_acc_on_paper9-accuracy=0.000000
2023-11-08 14:40:09,481 [INFO]  Epoch[1] Time cost=0.009
2023-11-08 14:40:09,483 [INFO]  Saved checkpoint to "./imputer_model/imputer_model_mean_acc_on_paper9/model-0001.params"
2023-11-08 14:40:09,484 [INFO]  Epoch[1] Validation-cross-entropy=77.399788
2023-11-08 14:40:09,484 [INFO]  Epoch[1] Validation-mean_acc_on_paper9-accuracy=0.000000
2023-11-08 14:40:09,488 [INFO]  Epoch[2] Batch [0-4]	Speed: 21042.21 samples/sec	cross-entropy=7.374639	mean_acc_on_paper9-accuracy=0.000000
2023-11-08 14:40:09,490 [INFO]  Epoch[2] Train-cross-entropy=5.543424
2023-11-08 14:40:09,490 [INFO]  Epoch[2] Train-mean_acc_on_paper9-accuracy=0.000000
2023-11-08 14:40:09,490 [INFO]  Epoch[2] Time cost=0.006
2023-11-08 14:40:09,491 [INFO]  Saved checkpoint to "./imputer_model/imputer_model_mean_acc_on_paper9/model-0002.params"
2023-11-08 14:40:09,492 [INFO]  Epoch[2] Validation-cross-entropy=46.550846
2023-11-08 14:40:09,492 [INFO]  Epoch[2] Validation-mean_acc_on_paper9-accuracy=0.000000
2023-11-08 14:40:09,496 [INFO]  Epoch[3] Batch [0-4]	Speed: 20510.04 samples/sec	cross-entropy=6.007755	mean_acc_on_paper9-accuracy=0.000000
2023-11-08 14:40:09,498 [INFO]  Epoch[3] Train-cross-entropy=4.342986
2023-11-08 14:40:09,499 [INFO]  Epoch[3] Train-mean_acc_on_paper9-accuracy=0.000000
2023-11-08 14:40:09,499 [INFO]  Epoch[3] Time cost=0.007
2023-11-08 14:40:09,500 [INFO]  Saved checkpoint to "./imputer_model/imputer_model_mean_acc_on_paper9/model-0003.params"
2023-11-08 14:40:09,500 [INFO]  Epoch[3] Validation-cross-entropy=47.330853
2023-11-08 14:40:09,500 [INFO]  Epoch[3] Validation-mean_acc_on_paper9-accuracy=0.000000
2023-11-08 14:40:09,505 [INFO]  Epoch[4] Batch [0-4]	Speed: 18962.66 samples/sec	cross-entropy=1.196586	mean_acc_on_paper9-accuracy=0.000000
2023-11-08 14:40:09,508 [INFO]  Epoch[4] Train-cross-entropy=1.211608
2023-11-08 14:40:09,508 [INFO]  Epoch[4] Train-mean_acc_on_paper9-accuracy=0.000000
2023-11-08 14:40:09,508 [INFO]  Epoch[4] Time cost=0.007
2023-11-08 14:40:09,509 [INFO]  Saved checkpoint to "./imputer_model/imputer_model_mean_acc_on_paper9/model-0004.params"
2023-11-08 14:40:09,510 [INFO]  Epoch[4] Validation-cross-entropy=49.647751
2023-11-08 14:40:09,510 [INFO]  Epoch[4] Validation-mean_acc_on_paper9-accuracy=0.000000
2023-11-08 14:40:09,510 [INFO]  
========== done (0.05474233627319336 s) fit model
2023-11-08 14:54:14,183 [INFO]  
========== start: fit model
2023-11-08 14:54:14,183 [WARNING]  Already bound, ignoring bind()
2023-11-08 14:54:14,194 [INFO]  Epoch[0] Batch [0-4]	Speed: 11395.63 samples/sec	cross-entropy=28.633669	mean_acc_on_paper9-accuracy=0.000000
2023-11-08 14:54:14,198 [INFO]  Epoch[0] Train-cross-entropy=33.998553
2023-11-08 14:54:14,198 [INFO]  Epoch[0] Train-mean_acc_on_paper9-accuracy=0.000000
2023-11-08 14:54:14,198 [INFO]  Epoch[0] Time cost=0.013
2023-11-08 14:54:14,200 [INFO]  Saved checkpoint to "./imputer_model/imputer_model_mean_acc_on_paper9/model-0000.params"
2023-11-08 14:54:14,201 [INFO]  Epoch[0] Validation-cross-entropy=18.013659
2023-11-08 14:54:14,201 [INFO]  Epoch[0] Validation-mean_acc_on_paper9-accuracy=0.000000
2023-11-08 14:54:14,207 [INFO]  Epoch[1] Batch [0-4]	Speed: 13616.49 samples/sec	cross-entropy=48.466399	mean_acc_on_paper9-accuracy=0.000000
2023-11-08 14:54:14,210 [INFO]  Epoch[1] Train-cross-entropy=39.496898
2023-11-08 14:54:14,211 [INFO]  Epoch[1] Train-mean_acc_on_paper9-accuracy=0.000000
2023-11-08 14:54:14,211 [INFO]  Epoch[1] Time cost=0.010
2023-11-08 14:54:14,212 [INFO]  Saved checkpoint to "./imputer_model/imputer_model_mean_acc_on_paper9/model-0001.params"
2023-11-08 14:54:14,213 [INFO]  Epoch[1] Validation-cross-entropy=10.966102
2023-11-08 14:54:14,213 [INFO]  Epoch[1] Validation-mean_acc_on_paper9-accuracy=0.000000
2023-11-08 14:54:14,219 [INFO]  Epoch[2] Batch [0-4]	Speed: 13929.50 samples/sec	cross-entropy=4.330781	mean_acc_on_paper9-accuracy=0.000000
2023-11-08 14:54:14,223 [INFO]  Epoch[2] Train-cross-entropy=5.083974
2023-11-08 14:54:14,224 [INFO]  Epoch[2] Train-mean_acc_on_paper9-accuracy=0.000000
2023-11-08 14:54:14,224 [INFO]  Epoch[2] Time cost=0.011
2023-11-08 14:54:14,228 [INFO]  Saved checkpoint to "./imputer_model/imputer_model_mean_acc_on_paper9/model-0002.params"
2023-11-08 14:54:14,229 [INFO]  Epoch[2] Validation-cross-entropy=13.628648
2023-11-08 14:54:14,229 [INFO]  Epoch[2] Validation-mean_acc_on_paper9-accuracy=0.000000
2023-11-08 14:54:14,235 [INFO]  Epoch[3] Batch [0-4]	Speed: 15805.20 samples/sec	cross-entropy=3.051679	mean_acc_on_paper9-accuracy=0.000000
2023-11-08 14:54:14,238 [INFO]  Epoch[3] Train-cross-entropy=2.549679
2023-11-08 14:54:14,239 [INFO]  Epoch[3] Train-mean_acc_on_paper9-accuracy=0.000000
2023-11-08 14:54:14,239 [INFO]  Epoch[3] Time cost=0.009
2023-11-08 14:54:14,241 [INFO]  Saved checkpoint to "./imputer_model/imputer_model_mean_acc_on_paper9/model-0003.params"
2023-11-08 14:54:14,242 [INFO]  Epoch[3] Validation-cross-entropy=15.747593
2023-11-08 14:54:14,242 [INFO]  Epoch[3] Validation-mean_acc_on_paper9-accuracy=0.000000
2023-11-08 14:54:14,247 [INFO]  Epoch[4] Batch [0-4]	Speed: 16442.21 samples/sec	cross-entropy=1.331000	mean_acc_on_paper9-accuracy=0.000000
2023-11-08 14:54:14,249 [INFO]  Epoch[4] Train-cross-entropy=1.076748
2023-11-08 14:54:14,250 [INFO]  Epoch[4] Train-mean_acc_on_paper9-accuracy=0.000000
2023-11-08 14:54:14,250 [INFO]  Epoch[4] Time cost=0.008
2023-11-08 14:54:14,251 [INFO]  Saved checkpoint to "./imputer_model/imputer_model_mean_acc_on_paper9/model-0004.params"
2023-11-08 14:54:14,252 [INFO]  Epoch[4] Validation-cross-entropy=17.144743
2023-11-08 14:54:14,252 [INFO]  Epoch[4] Validation-mean_acc_on_paper9-accuracy=0.000000
2023-11-08 14:54:14,252 [INFO]  
========== done (0.06924033164978027 s) fit model
