2023-11-08 12:52:35,568 [INFO]  
========== start: fit model
2023-11-08 12:52:35,579 [WARNING]  Already bound, ignoring bind()
2023-11-08 12:52:35,944 [INFO]  Epoch[0] Batch [0-4]	Speed: 11358.98 samples/sec	cross-entropy=17.475155	gmrt_in_air23-accuracy=1.800000
2023-11-08 12:52:35,948 [INFO]  Epoch[0] Train-cross-entropy=19.181341
2023-11-08 12:52:35,949 [INFO]  Epoch[0] Train-gmrt_in_air23-accuracy=2.000000
2023-11-08 12:52:35,949 [INFO]  Epoch[0] Time cost=0.369
2023-11-08 12:52:35,952 [INFO]  Saved checkpoint to "./imputer_model/imputer_model_gmrt_in_air23/model-0000.params"
2023-11-08 12:52:35,953 [INFO]  Epoch[0] Validation-cross-entropy=18.935587
2023-11-08 12:52:35,953 [INFO]  Epoch[0] Validation-gmrt_in_air23-accuracy=0.000000
2023-11-08 12:52:35,969 [INFO]  Epoch[1] Batch [0-4]	Speed: 5890.36 samples/sec	cross-entropy=40.368709	gmrt_in_air23-accuracy=1.800000
2023-11-08 12:52:35,979 [INFO]  Epoch[1] Train-cross-entropy=30.485571
2023-11-08 12:52:35,979 [INFO]  Epoch[1] Train-gmrt_in_air23-accuracy=2.000000
2023-11-08 12:52:35,979 [INFO]  Epoch[1] Time cost=0.025
2023-11-08 12:52:35,982 [INFO]  Saved checkpoint to "./imputer_model/imputer_model_gmrt_in_air23/model-0001.params"
2023-11-08 12:52:35,983 [INFO]  Epoch[1] Validation-cross-entropy=9.114651
2023-11-08 12:52:35,983 [INFO]  Epoch[1] Validation-gmrt_in_air23-accuracy=0.000000
2023-11-08 12:52:36,002 [INFO]  Epoch[2] Batch [0-4]	Speed: 5878.62 samples/sec	cross-entropy=3.694640	gmrt_in_air23-accuracy=1.800000
2023-11-08 12:52:36,284 [INFO]  Epoch[2] Train-cross-entropy=5.001102
2023-11-08 12:52:36,285 [INFO]  Epoch[2] Train-gmrt_in_air23-accuracy=2.000000
2023-11-08 12:52:36,285 [INFO]  Epoch[2] Time cost=0.302
2023-11-08 12:52:36,290 [INFO]  Saved checkpoint to "./imputer_model/imputer_model_gmrt_in_air23/model-0002.params"
2023-11-08 12:52:36,291 [INFO]  Epoch[2] Validation-cross-entropy=7.824207
2023-11-08 12:52:36,291 [INFO]  Epoch[2] Validation-gmrt_in_air23-accuracy=0.000000
2023-11-08 12:52:36,396 [INFO]  Epoch[3] Batch [0-4]	Speed: 624.48 samples/sec	cross-entropy=3.230896	gmrt_in_air23-accuracy=1.800000
2023-11-08 12:52:36,405 [INFO]  Epoch[3] Train-cross-entropy=2.372142
2023-11-08 12:52:36,405 [INFO]  Epoch[3] Train-gmrt_in_air23-accuracy=2.000000
2023-11-08 12:52:36,405 [INFO]  Epoch[3] Time cost=0.114
2023-11-08 12:52:36,407 [INFO]  Saved checkpoint to "./imputer_model/imputer_model_gmrt_in_air23/model-0003.params"
2023-11-08 12:52:36,412 [INFO]  Epoch[3] Validation-cross-entropy=6.359379
2023-11-08 12:52:36,412 [INFO]  Epoch[3] Validation-gmrt_in_air23-accuracy=0.000000
2023-11-08 12:52:36,531 [INFO]  Epoch[4] Batch [0-4]	Speed: 685.21 samples/sec	cross-entropy=1.190085	gmrt_in_air23-accuracy=1.800000
2023-11-08 12:52:37,181 [INFO]  Epoch[4] Train-cross-entropy=0.935554
2023-11-08 12:52:37,182 [INFO]  Epoch[4] Train-gmrt_in_air23-accuracy=2.000000
2023-11-08 12:52:37,182 [INFO]  Epoch[4] Time cost=0.769
2023-11-08 12:52:37,184 [INFO]  Saved checkpoint to "./imputer_model/imputer_model_gmrt_in_air23/model-0004.params"
2023-11-08 12:52:37,203 [INFO]  Epoch[4] Validation-cross-entropy=6.699459
2023-11-08 12:52:37,203 [INFO]  Epoch[4] Validation-gmrt_in_air23-accuracy=0.000000
2023-11-08 12:52:37,203 [INFO]  
========== done (1.6354382038116455 s) fit model
2023-11-08 13:09:36,894 [INFO]  
========== start: fit model
2023-11-08 13:09:36,902 [WARNING]  Already bound, ignoring bind()
2023-11-08 13:09:36,910 [INFO]  Epoch[0] Batch [0-4]	Speed: 13514.35 samples/sec	cross-entropy=21.552859	gmrt_in_air23-accuracy=0.000000
2023-11-08 13:09:36,914 [INFO]  Epoch[0] Train-cross-entropy=22.134413
2023-11-08 13:09:36,914 [INFO]  Epoch[0] Train-gmrt_in_air23-accuracy=0.000000
2023-11-08 13:09:36,914 [INFO]  Epoch[0] Time cost=0.011
2023-11-08 13:09:36,915 [INFO]  Saved checkpoint to "./imputer_model/imputer_model_gmrt_in_air23/model-0000.params"
2023-11-08 13:09:36,916 [INFO]  Epoch[0] Validation-cross-entropy=16.183233
2023-11-08 13:09:36,916 [INFO]  Epoch[0] Validation-gmrt_in_air23-accuracy=0.000000
2023-11-08 13:09:36,922 [INFO]  Epoch[1] Batch [0-4]	Speed: 14111.84 samples/sec	cross-entropy=55.823472	gmrt_in_air23-accuracy=0.000000
2023-11-08 13:09:36,925 [INFO]  Epoch[1] Train-cross-entropy=47.156003
2023-11-08 13:09:36,925 [INFO]  Epoch[1] Train-gmrt_in_air23-accuracy=0.000000
2023-11-08 13:09:36,925 [INFO]  Epoch[1] Time cost=0.009
2023-11-08 13:09:36,927 [INFO]  Saved checkpoint to "./imputer_model/imputer_model_gmrt_in_air23/model-0001.params"
2023-11-08 13:09:36,927 [INFO]  Epoch[1] Validation-cross-entropy=4.549286
2023-11-08 13:09:36,927 [INFO]  Epoch[1] Validation-gmrt_in_air23-accuracy=0.000000
2023-11-08 13:09:36,934 [INFO]  Epoch[2] Batch [0-4]	Speed: 12353.79 samples/sec	cross-entropy=6.947891	gmrt_in_air23-accuracy=0.000000
2023-11-08 13:09:36,939 [INFO]  Epoch[2] Train-cross-entropy=7.424396
2023-11-08 13:09:36,939 [INFO]  Epoch[2] Train-gmrt_in_air23-accuracy=0.000000
2023-11-08 13:09:36,939 [INFO]  Epoch[2] Time cost=0.011
2023-11-08 13:09:36,942 [INFO]  Saved checkpoint to "./imputer_model/imputer_model_gmrt_in_air23/model-0002.params"
2023-11-08 13:09:36,943 [INFO]  Epoch[2] Validation-cross-entropy=8.437408
2023-11-08 13:09:36,943 [INFO]  Epoch[2] Validation-gmrt_in_air23-accuracy=0.000000
2023-11-08 13:09:36,950 [INFO]  Epoch[3] Batch [0-4]	Speed: 11274.54 samples/sec	cross-entropy=3.311643	gmrt_in_air23-accuracy=0.000000
2023-11-08 13:09:36,954 [INFO]  Epoch[3] Train-cross-entropy=4.208751
2023-11-08 13:09:36,954 [INFO]  Epoch[3] Train-gmrt_in_air23-accuracy=0.000000
2023-11-08 13:09:36,954 [INFO]  Epoch[3] Time cost=0.011
2023-11-08 13:09:36,974 [INFO]  Saved checkpoint to "./imputer_model/imputer_model_gmrt_in_air23/model-0003.params"
2023-11-08 13:09:36,975 [INFO]  Epoch[3] Validation-cross-entropy=8.122208
2023-11-08 13:09:36,975 [INFO]  Epoch[3] Validation-gmrt_in_air23-accuracy=0.000000
2023-11-08 13:09:36,984 [INFO]  Epoch[4] Batch [0-4]	Speed: 8945.46 samples/sec	cross-entropy=1.926726	gmrt_in_air23-accuracy=0.000000
2023-11-08 13:09:36,989 [INFO]  Epoch[4] Train-cross-entropy=1.802295
2023-11-08 13:09:36,990 [INFO]  Epoch[4] Train-gmrt_in_air23-accuracy=0.000000
2023-11-08 13:09:36,990 [INFO]  Epoch[4] Time cost=0.014
2023-11-08 13:09:36,992 [INFO]  Saved checkpoint to "./imputer_model/imputer_model_gmrt_in_air23/model-0004.params"
2023-11-08 13:09:36,993 [INFO]  Epoch[4] Validation-cross-entropy=5.010507
2023-11-08 13:09:36,993 [INFO]  Epoch[4] Validation-gmrt_in_air23-accuracy=0.000000
2023-11-08 13:09:36,993 [INFO]  
========== done (0.09910869598388672 s) fit model
2023-11-08 13:22:54,451 [INFO]  
========== start: fit model
2023-11-08 13:22:54,452 [WARNING]  Already bound, ignoring bind()
2023-11-08 13:22:54,458 [INFO]  Epoch[0] Batch [0-4]	Speed: 14471.69 samples/sec	cross-entropy=23.094550	gmrt_in_air23-accuracy=0.000000
2023-11-08 13:22:54,462 [INFO]  Epoch[0] Train-cross-entropy=20.229756
2023-11-08 13:22:54,462 [INFO]  Epoch[0] Train-gmrt_in_air23-accuracy=0.000000
2023-11-08 13:22:54,462 [INFO]  Epoch[0] Time cost=0.010
2023-11-08 13:22:54,463 [INFO]  Saved checkpoint to "./imputer_model/imputer_model_gmrt_in_air23/model-0000.params"
2023-11-08 13:22:54,464 [INFO]  Epoch[0] Validation-cross-entropy=5.936275
2023-11-08 13:22:54,464 [INFO]  Epoch[0] Validation-gmrt_in_air23-accuracy=0.000000
2023-11-08 13:22:54,472 [INFO]  Epoch[1] Batch [0-4]	Speed: 10276.61 samples/sec	cross-entropy=29.027114	gmrt_in_air23-accuracy=0.000000
2023-11-08 13:22:54,478 [INFO]  Epoch[1] Train-cross-entropy=22.299183
2023-11-08 13:22:54,478 [INFO]  Epoch[1] Train-gmrt_in_air23-accuracy=0.000000
2023-11-08 13:22:54,478 [INFO]  Epoch[1] Time cost=0.014
2023-11-08 13:22:54,481 [INFO]  Saved checkpoint to "./imputer_model/imputer_model_gmrt_in_air23/model-0001.params"
2023-11-08 13:22:54,482 [INFO]  Epoch[1] Validation-cross-entropy=3.694034
2023-11-08 13:22:54,482 [INFO]  Epoch[1] Validation-gmrt_in_air23-accuracy=0.000000
2023-11-08 13:22:54,490 [INFO]  Epoch[2] Batch [0-4]	Speed: 11015.00 samples/sec	cross-entropy=3.465605	gmrt_in_air23-accuracy=0.000000
2023-11-08 13:22:54,494 [INFO]  Epoch[2] Train-cross-entropy=3.016423
2023-11-08 13:22:54,494 [INFO]  Epoch[2] Train-gmrt_in_air23-accuracy=0.000000
2023-11-08 13:22:54,494 [INFO]  Epoch[2] Time cost=0.012
2023-11-08 13:22:54,497 [INFO]  Saved checkpoint to "./imputer_model/imputer_model_gmrt_in_air23/model-0002.params"
2023-11-08 13:22:54,497 [INFO]  Epoch[2] Validation-cross-entropy=4.406404
2023-11-08 13:22:54,498 [INFO]  Epoch[2] Validation-gmrt_in_air23-accuracy=0.000000
2023-11-08 13:22:54,504 [INFO]  Epoch[3] Batch [0-4]	Speed: 12990.49 samples/sec	cross-entropy=2.451548	gmrt_in_air23-accuracy=0.000000
2023-11-08 13:22:54,508 [INFO]  Epoch[3] Train-cross-entropy=1.989434
2023-11-08 13:22:54,508 [INFO]  Epoch[3] Train-gmrt_in_air23-accuracy=0.000000
2023-11-08 13:22:54,508 [INFO]  Epoch[3] Time cost=0.010
2023-11-08 13:22:54,510 [INFO]  Saved checkpoint to "./imputer_model/imputer_model_gmrt_in_air23/model-0003.params"
2023-11-08 13:22:54,510 [INFO]  Epoch[3] Validation-cross-entropy=8.482965
2023-11-08 13:22:54,510 [INFO]  Epoch[3] Validation-gmrt_in_air23-accuracy=0.000000
2023-11-08 13:22:54,516 [INFO]  Epoch[4] Batch [0-4]	Speed: 14191.67 samples/sec	cross-entropy=1.284383	gmrt_in_air23-accuracy=0.000000
2023-11-08 13:22:54,520 [INFO]  Epoch[4] Train-cross-entropy=1.044604
2023-11-08 13:22:54,520 [INFO]  Epoch[4] Train-gmrt_in_air23-accuracy=0.000000
2023-11-08 13:22:54,520 [INFO]  Epoch[4] Time cost=0.010
2023-11-08 13:22:54,524 [INFO]  Saved checkpoint to "./imputer_model/imputer_model_gmrt_in_air23/model-0004.params"
2023-11-08 13:22:54,524 [INFO]  Epoch[4] Validation-cross-entropy=9.161360
2023-11-08 13:22:54,524 [INFO]  Epoch[4] Validation-gmrt_in_air23-accuracy=0.000000
2023-11-08 13:22:54,524 [INFO]  
========== done (0.07272720336914062 s) fit model
2023-11-08 13:36:14,864 [INFO]  
========== start: fit model
2023-11-08 13:36:14,865 [WARNING]  Already bound, ignoring bind()
2023-11-08 13:36:14,873 [INFO]  Epoch[0] Batch [0-4]	Speed: 9785.84 samples/sec	cross-entropy=16.845313	gmrt_in_air23-accuracy=0.000000
2023-11-08 13:36:14,878 [INFO]  Epoch[0] Train-cross-entropy=16.528365
2023-11-08 13:36:14,878 [INFO]  Epoch[0] Train-gmrt_in_air23-accuracy=0.000000
2023-11-08 13:36:14,878 [INFO]  Epoch[0] Time cost=0.013
2023-11-08 13:36:14,881 [INFO]  Saved checkpoint to "./imputer_model/imputer_model_gmrt_in_air23/model-0000.params"
2023-11-08 13:36:14,882 [INFO]  Epoch[0] Validation-cross-entropy=7.242639
2023-11-08 13:36:14,882 [INFO]  Epoch[0] Validation-gmrt_in_air23-accuracy=0.000000
2023-11-08 13:36:14,889 [INFO]  Epoch[1] Batch [0-4]	Speed: 11669.58 samples/sec	cross-entropy=28.472445	gmrt_in_air23-accuracy=0.000000
2023-11-08 13:36:14,893 [INFO]  Epoch[1] Train-cross-entropy=24.988857
2023-11-08 13:36:14,893 [INFO]  Epoch[1] Train-gmrt_in_air23-accuracy=0.000000
2023-11-08 13:36:14,893 [INFO]  Epoch[1] Time cost=0.011
2023-11-08 13:36:14,895 [INFO]  Saved checkpoint to "./imputer_model/imputer_model_gmrt_in_air23/model-0001.params"
2023-11-08 13:36:14,896 [INFO]  Epoch[1] Validation-cross-entropy=13.247829
2023-11-08 13:36:14,896 [INFO]  Epoch[1] Validation-gmrt_in_air23-accuracy=0.000000
2023-11-08 13:36:14,902 [INFO]  Epoch[2] Batch [0-4]	Speed: 13778.64 samples/sec	cross-entropy=6.219109	gmrt_in_air23-accuracy=0.000000
2023-11-08 13:36:14,906 [INFO]  Epoch[2] Train-cross-entropy=5.963947
2023-11-08 13:36:14,906 [INFO]  Epoch[2] Train-gmrt_in_air23-accuracy=0.000000
2023-11-08 13:36:14,906 [INFO]  Epoch[2] Time cost=0.010
2023-11-08 13:36:14,908 [INFO]  Saved checkpoint to "./imputer_model/imputer_model_gmrt_in_air23/model-0002.params"
2023-11-08 13:36:14,908 [INFO]  Epoch[2] Validation-cross-entropy=7.717277
2023-11-08 13:36:14,908 [INFO]  Epoch[2] Validation-gmrt_in_air23-accuracy=0.000000
2023-11-08 13:36:14,914 [INFO]  Epoch[3] Batch [0-4]	Speed: 14098.50 samples/sec	cross-entropy=3.497786	gmrt_in_air23-accuracy=0.000000
2023-11-08 13:36:14,918 [INFO]  Epoch[3] Train-cross-entropy=2.821433
2023-11-08 13:36:14,918 [INFO]  Epoch[3] Train-gmrt_in_air23-accuracy=0.000000
2023-11-08 13:36:14,918 [INFO]  Epoch[3] Time cost=0.010
2023-11-08 13:36:14,920 [INFO]  Saved checkpoint to "./imputer_model/imputer_model_gmrt_in_air23/model-0003.params"
2023-11-08 13:36:14,920 [INFO]  Epoch[3] Validation-cross-entropy=6.709614
2023-11-08 13:36:14,920 [INFO]  Epoch[3] Validation-gmrt_in_air23-accuracy=0.000000
2023-11-08 13:36:14,927 [INFO]  Epoch[4] Batch [0-4]	Speed: 13161.83 samples/sec	cross-entropy=1.298753	gmrt_in_air23-accuracy=0.000000
2023-11-08 13:36:14,930 [INFO]  Epoch[4] Train-cross-entropy=1.252148
2023-11-08 13:36:14,930 [INFO]  Epoch[4] Train-gmrt_in_air23-accuracy=0.000000
2023-11-08 13:36:14,931 [INFO]  Epoch[4] Time cost=0.010
2023-11-08 13:36:14,932 [INFO]  Saved checkpoint to "./imputer_model/imputer_model_gmrt_in_air23/model-0004.params"
2023-11-08 13:36:14,933 [INFO]  Epoch[4] Validation-cross-entropy=5.496491
2023-11-08 13:36:14,933 [INFO]  Epoch[4] Validation-gmrt_in_air23-accuracy=0.000000
2023-11-08 13:36:14,933 [INFO]  
========== done (0.0686492919921875 s) fit model
2023-11-08 13:49:35,716 [INFO]  
========== start: fit model
2023-11-08 13:49:35,716 [WARNING]  Already bound, ignoring bind()
2023-11-08 13:49:35,725 [INFO]  Epoch[0] Batch [0-4]	Speed: 10225.33 samples/sec	cross-entropy=17.588819	gmrt_in_air23-accuracy=0.000000
2023-11-08 13:49:35,730 [INFO]  Epoch[0] Train-cross-entropy=19.432397
2023-11-08 13:49:35,730 [INFO]  Epoch[0] Train-gmrt_in_air23-accuracy=0.000000
2023-11-08 13:49:35,730 [INFO]  Epoch[0] Time cost=0.013
2023-11-08 13:49:35,733 [INFO]  Saved checkpoint to "./imputer_model/imputer_model_gmrt_in_air23/model-0000.params"
2023-11-08 13:49:35,734 [INFO]  Epoch[0] Validation-cross-entropy=23.453896
2023-11-08 13:49:35,734 [INFO]  Epoch[0] Validation-gmrt_in_air23-accuracy=0.000000
2023-11-08 13:49:35,740 [INFO]  Epoch[1] Batch [0-4]	Speed: 16323.23 samples/sec	cross-entropy=34.314406	gmrt_in_air23-accuracy=0.000000
2023-11-08 13:49:35,744 [INFO]  Epoch[1] Train-cross-entropy=28.195294
2023-11-08 13:49:35,744 [INFO]  Epoch[1] Train-gmrt_in_air23-accuracy=0.000000
2023-11-08 13:49:35,744 [INFO]  Epoch[1] Time cost=0.009
2023-11-08 13:49:35,746 [INFO]  Saved checkpoint to "./imputer_model/imputer_model_gmrt_in_air23/model-0001.params"
2023-11-08 13:49:35,746 [INFO]  Epoch[1] Validation-cross-entropy=24.174549
2023-11-08 13:49:35,746 [INFO]  Epoch[1] Validation-gmrt_in_air23-accuracy=0.000000
2023-11-08 13:49:35,751 [INFO]  Epoch[2] Batch [0-4]	Speed: 18135.08 samples/sec	cross-entropy=4.558240	gmrt_in_air23-accuracy=0.000000
2023-11-08 13:49:35,754 [INFO]  Epoch[2] Train-cross-entropy=5.205312
2023-11-08 13:49:35,754 [INFO]  Epoch[2] Train-gmrt_in_air23-accuracy=0.000000
2023-11-08 13:49:35,754 [INFO]  Epoch[2] Time cost=0.007
2023-11-08 13:49:35,755 [INFO]  Saved checkpoint to "./imputer_model/imputer_model_gmrt_in_air23/model-0002.params"
2023-11-08 13:49:35,756 [INFO]  Epoch[2] Validation-cross-entropy=18.150719
2023-11-08 13:49:35,756 [INFO]  Epoch[2] Validation-gmrt_in_air23-accuracy=0.000000
2023-11-08 13:49:35,761 [INFO]  Epoch[3] Batch [0-4]	Speed: 15360.23 samples/sec	cross-entropy=2.211794	gmrt_in_air23-accuracy=0.000000
2023-11-08 13:49:35,765 [INFO]  Epoch[3] Train-cross-entropy=2.210871
2023-11-08 13:49:35,765 [INFO]  Epoch[3] Train-gmrt_in_air23-accuracy=0.000000
2023-11-08 13:49:35,765 [INFO]  Epoch[3] Time cost=0.010
2023-11-08 13:49:35,768 [INFO]  Saved checkpoint to "./imputer_model/imputer_model_gmrt_in_air23/model-0003.params"
2023-11-08 13:49:35,768 [INFO]  Epoch[3] Validation-cross-entropy=20.729082
2023-11-08 13:49:35,769 [INFO]  Epoch[3] Validation-gmrt_in_air23-accuracy=0.000000
2023-11-08 13:49:35,775 [INFO]  Epoch[4] Batch [0-4]	Speed: 12190.53 samples/sec	cross-entropy=1.492450	gmrt_in_air23-accuracy=0.000000
2023-11-08 13:49:35,779 [INFO]  Epoch[4] Train-cross-entropy=1.880193
2023-11-08 13:49:35,779 [INFO]  Epoch[4] Train-gmrt_in_air23-accuracy=0.000000
2023-11-08 13:49:35,779 [INFO]  Epoch[4] Time cost=0.011
2023-11-08 13:49:35,781 [INFO]  Saved checkpoint to "./imputer_model/imputer_model_gmrt_in_air23/model-0004.params"
2023-11-08 13:49:35,782 [INFO]  Epoch[4] Validation-cross-entropy=20.458897
2023-11-08 13:49:35,782 [INFO]  Epoch[4] Validation-gmrt_in_air23-accuracy=0.000000
2023-11-08 13:49:35,782 [INFO]  
========== done (0.0658869743347168 s) fit model
2023-11-08 14:02:58,394 [INFO]  
========== start: fit model
2023-11-08 14:02:58,394 [WARNING]  Already bound, ignoring bind()
2023-11-08 14:02:58,402 [INFO]  Epoch[0] Batch [0-4]	Speed: 11173.64 samples/sec	cross-entropy=13.878002	gmrt_in_air23-accuracy=0.000000
2023-11-08 14:02:58,407 [INFO]  Epoch[0] Train-cross-entropy=14.479841
2023-11-08 14:02:58,407 [INFO]  Epoch[0] Train-gmrt_in_air23-accuracy=0.000000
2023-11-08 14:02:58,407 [INFO]  Epoch[0] Time cost=0.013
2023-11-08 14:02:58,410 [INFO]  Saved checkpoint to "./imputer_model/imputer_model_gmrt_in_air23/model-0000.params"
2023-11-08 14:02:58,411 [INFO]  Epoch[0] Validation-cross-entropy=13.428238
2023-11-08 14:02:58,412 [INFO]  Epoch[0] Validation-gmrt_in_air23-accuracy=0.000000
2023-11-08 14:02:58,419 [INFO]  Epoch[1] Batch [0-4]	Speed: 11780.20 samples/sec	cross-entropy=46.250702	gmrt_in_air23-accuracy=0.000000
2023-11-08 14:02:58,423 [INFO]  Epoch[1] Train-cross-entropy=39.713886
2023-11-08 14:02:58,423 [INFO]  Epoch[1] Train-gmrt_in_air23-accuracy=0.000000
2023-11-08 14:02:58,423 [INFO]  Epoch[1] Time cost=0.011
2023-11-08 14:02:58,425 [INFO]  Saved checkpoint to "./imputer_model/imputer_model_gmrt_in_air23/model-0001.params"
2023-11-08 14:02:58,426 [INFO]  Epoch[1] Validation-cross-entropy=4.286384
2023-11-08 14:02:58,426 [INFO]  Epoch[1] Validation-gmrt_in_air23-accuracy=0.000000
2023-11-08 14:02:58,432 [INFO]  Epoch[2] Batch [0-4]	Speed: 13915.78 samples/sec	cross-entropy=3.554196	gmrt_in_air23-accuracy=0.000000
2023-11-08 14:02:58,436 [INFO]  Epoch[2] Train-cross-entropy=6.350180
2023-11-08 14:02:58,436 [INFO]  Epoch[2] Train-gmrt_in_air23-accuracy=0.000000
2023-11-08 14:02:58,436 [INFO]  Epoch[2] Time cost=0.010
2023-11-08 14:02:58,437 [INFO]  Saved checkpoint to "./imputer_model/imputer_model_gmrt_in_air23/model-0002.params"
2023-11-08 14:02:58,438 [INFO]  Epoch[2] Validation-cross-entropy=8.600791
2023-11-08 14:02:58,438 [INFO]  Epoch[2] Validation-gmrt_in_air23-accuracy=0.000000
2023-11-08 14:02:58,444 [INFO]  Epoch[3] Batch [0-4]	Speed: 14385.61 samples/sec	cross-entropy=5.156641	gmrt_in_air23-accuracy=0.000000
2023-11-08 14:02:58,447 [INFO]  Epoch[3] Train-cross-entropy=4.374362
2023-11-08 14:02:58,447 [INFO]  Epoch[3] Train-gmrt_in_air23-accuracy=0.000000
2023-11-08 14:02:58,447 [INFO]  Epoch[3] Time cost=0.009
2023-11-08 14:02:58,449 [INFO]  Saved checkpoint to "./imputer_model/imputer_model_gmrt_in_air23/model-0003.params"
2023-11-08 14:02:58,449 [INFO]  Epoch[3] Validation-cross-entropy=4.937732
2023-11-08 14:02:58,449 [INFO]  Epoch[3] Validation-gmrt_in_air23-accuracy=0.000000
2023-11-08 14:02:58,455 [INFO]  Epoch[4] Batch [0-4]	Speed: 14559.61 samples/sec	cross-entropy=1.596655	gmrt_in_air23-accuracy=0.000000
2023-11-08 14:02:58,458 [INFO]  Epoch[4] Train-cross-entropy=1.357299
2023-11-08 14:02:58,458 [INFO]  Epoch[4] Train-gmrt_in_air23-accuracy=0.000000
2023-11-08 14:02:58,458 [INFO]  Epoch[4] Time cost=0.009
2023-11-08 14:02:58,459 [INFO]  Saved checkpoint to "./imputer_model/imputer_model_gmrt_in_air23/model-0004.params"
2023-11-08 14:02:58,460 [INFO]  Epoch[4] Validation-cross-entropy=4.452665
2023-11-08 14:02:58,460 [INFO]  Epoch[4] Validation-gmrt_in_air23-accuracy=0.000000
2023-11-08 14:02:58,460 [INFO]  
========== done (0.06632852554321289 s) fit model
2023-11-08 14:16:24,960 [INFO]  
========== start: fit model
2023-11-08 14:16:24,960 [WARNING]  Already bound, ignoring bind()
2023-11-08 14:16:24,967 [INFO]  Epoch[0] Batch [0-4]	Speed: 14027.77 samples/sec	cross-entropy=15.454817	gmrt_in_air23-accuracy=2.800000
2023-11-08 14:16:24,970 [INFO]  Epoch[0] Train-cross-entropy=16.099177
2023-11-08 14:16:24,970 [INFO]  Epoch[0] Train-gmrt_in_air23-accuracy=2.875000
2023-11-08 14:16:24,970 [INFO]  Epoch[0] Time cost=0.010
2023-11-08 14:16:24,971 [INFO]  Saved checkpoint to "./imputer_model/imputer_model_gmrt_in_air23/model-0000.params"
2023-11-08 14:16:24,972 [INFO]  Epoch[0] Validation-cross-entropy=31.527191
2023-11-08 14:16:24,972 [INFO]  Epoch[0] Validation-gmrt_in_air23-accuracy=0.000000
2023-11-08 14:16:24,977 [INFO]  Epoch[1] Batch [0-4]	Speed: 15672.32 samples/sec	cross-entropy=54.699438	gmrt_in_air23-accuracy=2.800000
2023-11-08 14:16:24,981 [INFO]  Epoch[1] Train-cross-entropy=43.609482
2023-11-08 14:16:24,981 [INFO]  Epoch[1] Train-gmrt_in_air23-accuracy=2.875000
2023-11-08 14:16:24,981 [INFO]  Epoch[1] Time cost=0.009
2023-11-08 14:16:24,982 [INFO]  Saved checkpoint to "./imputer_model/imputer_model_gmrt_in_air23/model-0001.params"
2023-11-08 14:16:24,983 [INFO]  Epoch[1] Validation-cross-entropy=16.216738
2023-11-08 14:16:24,983 [INFO]  Epoch[1] Validation-gmrt_in_air23-accuracy=0.000000
2023-11-08 14:16:24,988 [INFO]  Epoch[2] Batch [0-4]	Speed: 15262.42 samples/sec	cross-entropy=7.849195	gmrt_in_air23-accuracy=2.800000
2023-11-08 14:16:24,991 [INFO]  Epoch[2] Train-cross-entropy=9.179781
2023-11-08 14:16:24,992 [INFO]  Epoch[2] Train-gmrt_in_air23-accuracy=2.875000
2023-11-08 14:16:24,992 [INFO]  Epoch[2] Time cost=0.009
2023-11-08 14:16:24,994 [INFO]  Saved checkpoint to "./imputer_model/imputer_model_gmrt_in_air23/model-0002.params"
2023-11-08 14:16:24,995 [INFO]  Epoch[2] Validation-cross-entropy=10.513016
2023-11-08 14:16:24,995 [INFO]  Epoch[2] Validation-gmrt_in_air23-accuracy=0.000000
2023-11-08 14:16:25,002 [INFO]  Epoch[3] Batch [0-4]	Speed: 11669.58 samples/sec	cross-entropy=5.697625	gmrt_in_air23-accuracy=2.800000
2023-11-08 14:16:25,006 [INFO]  Epoch[3] Train-cross-entropy=4.977092
2023-11-08 14:16:25,006 [INFO]  Epoch[3] Train-gmrt_in_air23-accuracy=2.875000
2023-11-08 14:16:25,006 [INFO]  Epoch[3] Time cost=0.011
2023-11-08 14:16:25,008 [INFO]  Saved checkpoint to "./imputer_model/imputer_model_gmrt_in_air23/model-0003.params"
2023-11-08 14:16:25,009 [INFO]  Epoch[3] Validation-cross-entropy=14.936008
2023-11-08 14:16:25,009 [INFO]  Epoch[3] Validation-gmrt_in_air23-accuracy=0.000000
2023-11-08 14:16:25,015 [INFO]  Epoch[4] Batch [0-4]	Speed: 12665.04 samples/sec	cross-entropy=2.584972	gmrt_in_air23-accuracy=2.800000
2023-11-08 14:16:25,019 [INFO]  Epoch[4] Train-cross-entropy=2.132607
2023-11-08 14:16:25,019 [INFO]  Epoch[4] Train-gmrt_in_air23-accuracy=2.875000
2023-11-08 14:16:25,019 [INFO]  Epoch[4] Time cost=0.010
2023-11-08 14:16:25,021 [INFO]  Saved checkpoint to "./imputer_model/imputer_model_gmrt_in_air23/model-0004.params"
2023-11-08 14:16:25,021 [INFO]  Epoch[4] Validation-cross-entropy=11.649504
2023-11-08 14:16:25,021 [INFO]  Epoch[4] Validation-gmrt_in_air23-accuracy=0.000000
2023-11-08 14:16:25,021 [INFO]  
========== done (0.061798810958862305 s) fit model
2023-11-08 14:30:03,327 [INFO]  
========== start: fit model
2023-11-08 14:30:03,327 [WARNING]  Already bound, ignoring bind()
2023-11-08 14:30:03,334 [INFO]  Epoch[0] Batch [0-4]	Speed: 14031.44 samples/sec	cross-entropy=16.626951	gmrt_in_air23-accuracy=2.800000
2023-11-08 14:30:03,338 [INFO]  Epoch[0] Train-cross-entropy=16.258738
2023-11-08 14:30:03,338 [INFO]  Epoch[0] Train-gmrt_in_air23-accuracy=3.000000
2023-11-08 14:30:03,338 [INFO]  Epoch[0] Time cost=0.010
2023-11-08 14:30:03,339 [INFO]  Saved checkpoint to "./imputer_model/imputer_model_gmrt_in_air23/model-0000.params"
2023-11-08 14:30:03,339 [INFO]  Epoch[0] Validation-cross-entropy=352.015411
2023-11-08 14:30:03,340 [INFO]  Epoch[0] Validation-gmrt_in_air23-accuracy=0.000000
2023-11-08 14:30:03,346 [INFO]  Epoch[1] Batch [0-4]	Speed: 11817.02 samples/sec	cross-entropy=54.542578	gmrt_in_air23-accuracy=2.800000
2023-11-08 14:30:03,351 [INFO]  Epoch[1] Train-cross-entropy=39.012999
2023-11-08 14:30:03,352 [INFO]  Epoch[1] Train-gmrt_in_air23-accuracy=3.000000
2023-11-08 14:30:03,352 [INFO]  Epoch[1] Time cost=0.012
2023-11-08 14:30:03,355 [INFO]  Saved checkpoint to "./imputer_model/imputer_model_gmrt_in_air23/model-0001.params"
2023-11-08 14:30:03,356 [INFO]  Epoch[1] Validation-cross-entropy=81.464371
2023-11-08 14:30:03,356 [INFO]  Epoch[1] Validation-gmrt_in_air23-accuracy=0.000000
2023-11-08 14:30:03,363 [INFO]  Epoch[2] Batch [0-4]	Speed: 12026.14 samples/sec	cross-entropy=13.451172	gmrt_in_air23-accuracy=2.800000
2023-11-08 14:30:03,368 [INFO]  Epoch[2] Train-cross-entropy=10.096653
2023-11-08 14:30:03,368 [INFO]  Epoch[2] Train-gmrt_in_air23-accuracy=3.000000
2023-11-08 14:30:03,368 [INFO]  Epoch[2] Time cost=0.011
2023-11-08 14:30:03,370 [INFO]  Saved checkpoint to "./imputer_model/imputer_model_gmrt_in_air23/model-0002.params"
2023-11-08 14:30:03,370 [INFO]  Epoch[2] Validation-cross-entropy=21.574097
2023-11-08 14:30:03,370 [INFO]  Epoch[2] Validation-gmrt_in_air23-accuracy=0.000000
2023-11-08 14:30:03,377 [INFO]  Epoch[3] Batch [0-4]	Speed: 13273.11 samples/sec	cross-entropy=12.016428	gmrt_in_air23-accuracy=2.800000
2023-11-08 14:30:03,380 [INFO]  Epoch[3] Train-cross-entropy=8.327217
2023-11-08 14:30:03,380 [INFO]  Epoch[3] Train-gmrt_in_air23-accuracy=3.000000
2023-11-08 14:30:03,380 [INFO]  Epoch[3] Time cost=0.010
2023-11-08 14:30:03,382 [INFO]  Saved checkpoint to "./imputer_model/imputer_model_gmrt_in_air23/model-0003.params"
2023-11-08 14:30:03,383 [INFO]  Epoch[3] Validation-cross-entropy=33.173973
2023-11-08 14:30:03,383 [INFO]  Epoch[3] Validation-gmrt_in_air23-accuracy=0.000000
2023-11-08 14:30:03,389 [INFO]  Epoch[4] Batch [0-4]	Speed: 13238.42 samples/sec	cross-entropy=2.956007	gmrt_in_air23-accuracy=2.800000
2023-11-08 14:30:03,394 [INFO]  Epoch[4] Train-cross-entropy=2.294457
2023-11-08 14:30:03,394 [INFO]  Epoch[4] Train-gmrt_in_air23-accuracy=3.000000
2023-11-08 14:30:03,394 [INFO]  Epoch[4] Time cost=0.011
2023-11-08 14:30:03,397 [INFO]  Saved checkpoint to "./imputer_model/imputer_model_gmrt_in_air23/model-0004.params"
2023-11-08 14:30:03,398 [INFO]  Epoch[4] Validation-cross-entropy=39.238754
2023-11-08 14:30:03,398 [INFO]  Epoch[4] Validation-gmrt_in_air23-accuracy=0.000000
2023-11-08 14:30:03,398 [INFO]  
========== done (0.07113766670227051 s) fit model
2023-11-08 14:44:08,174 [INFO]  
========== start: fit model
2023-11-08 14:44:08,174 [WARNING]  Already bound, ignoring bind()
2023-11-08 14:44:08,182 [INFO]  Epoch[0] Batch [0-4]	Speed: 11341.23 samples/sec	cross-entropy=15.118068	gmrt_in_air23-accuracy=2.200000
2023-11-08 14:44:08,187 [INFO]  Epoch[0] Train-cross-entropy=15.844606
2023-11-08 14:44:08,187 [INFO]  Epoch[0] Train-gmrt_in_air23-accuracy=2.250000
2023-11-08 14:44:08,187 [INFO]  Epoch[0] Time cost=0.012
2023-11-08 14:44:08,190 [INFO]  Saved checkpoint to "./imputer_model/imputer_model_gmrt_in_air23/model-0000.params"
2023-11-08 14:44:08,191 [INFO]  Epoch[0] Validation-cross-entropy=49.592854
2023-11-08 14:44:08,191 [INFO]  Epoch[0] Validation-gmrt_in_air23-accuracy=0.000000
2023-11-08 14:44:08,198 [INFO]  Epoch[1] Batch [0-4]	Speed: 12964.14 samples/sec	cross-entropy=36.510189	gmrt_in_air23-accuracy=2.200000
2023-11-08 14:44:08,202 [INFO]  Epoch[1] Train-cross-entropy=32.506902
2023-11-08 14:44:08,202 [INFO]  Epoch[1] Train-gmrt_in_air23-accuracy=2.250000
2023-11-08 14:44:08,202 [INFO]  Epoch[1] Time cost=0.010
2023-11-08 14:44:08,204 [INFO]  Saved checkpoint to "./imputer_model/imputer_model_gmrt_in_air23/model-0001.params"
2023-11-08 14:44:08,205 [INFO]  Epoch[1] Validation-cross-entropy=9.273153
2023-11-08 14:44:08,205 [INFO]  Epoch[1] Validation-gmrt_in_air23-accuracy=0.000000
2023-11-08 14:44:08,210 [INFO]  Epoch[2] Batch [0-4]	Speed: 16984.21 samples/sec	cross-entropy=5.277990	gmrt_in_air23-accuracy=2.200000
2023-11-08 14:44:08,213 [INFO]  Epoch[2] Train-cross-entropy=4.737810
2023-11-08 14:44:08,213 [INFO]  Epoch[2] Train-gmrt_in_air23-accuracy=2.250000
2023-11-08 14:44:08,213 [INFO]  Epoch[2] Time cost=0.008
2023-11-08 14:44:08,214 [INFO]  Saved checkpoint to "./imputer_model/imputer_model_gmrt_in_air23/model-0002.params"
2023-11-08 14:44:08,215 [INFO]  Epoch[2] Validation-cross-entropy=6.000896
2023-11-08 14:44:08,215 [INFO]  Epoch[2] Validation-gmrt_in_air23-accuracy=0.000000
2023-11-08 14:44:08,219 [INFO]  Epoch[3] Batch [0-4]	Speed: 17477.40 samples/sec	cross-entropy=3.457455	gmrt_in_air23-accuracy=2.200000
2023-11-08 14:44:08,223 [INFO]  Epoch[3] Train-cross-entropy=3.369190
2023-11-08 14:44:08,223 [INFO]  Epoch[3] Train-gmrt_in_air23-accuracy=2.250000
2023-11-08 14:44:08,223 [INFO]  Epoch[3] Time cost=0.008
2023-11-08 14:44:08,224 [INFO]  Saved checkpoint to "./imputer_model/imputer_model_gmrt_in_air23/model-0003.params"
2023-11-08 14:44:08,225 [INFO]  Epoch[3] Validation-cross-entropy=7.529587
2023-11-08 14:44:08,225 [INFO]  Epoch[3] Validation-gmrt_in_air23-accuracy=0.000000
2023-11-08 14:44:08,231 [INFO]  Epoch[4] Batch [0-4]	Speed: 14034.37 samples/sec	cross-entropy=1.237382	gmrt_in_air23-accuracy=2.200000
2023-11-08 14:44:08,234 [INFO]  Epoch[4] Train-cross-entropy=0.935388
2023-11-08 14:44:08,234 [INFO]  Epoch[4] Train-gmrt_in_air23-accuracy=2.250000
2023-11-08 14:44:08,234 [INFO]  Epoch[4] Time cost=0.009
2023-11-08 14:44:08,235 [INFO]  Saved checkpoint to "./imputer_model/imputer_model_gmrt_in_air23/model-0004.params"
2023-11-08 14:44:08,236 [INFO]  Epoch[4] Validation-cross-entropy=10.356977
2023-11-08 14:44:08,236 [INFO]  Epoch[4] Validation-gmrt_in_air23-accuracy=0.000000
2023-11-08 14:44:08,236 [INFO]  
========== done (0.06203198432922363 s) fit model
2023-11-08 14:58:17,146 [INFO]  
========== start: fit model
2023-11-08 14:58:17,147 [WARNING]  Already bound, ignoring bind()
2023-11-08 14:58:17,154 [INFO]  Epoch[0] Batch [0-4]	Speed: 13563.51 samples/sec	cross-entropy=24.203423	gmrt_in_air23-accuracy=2.200000
2023-11-08 14:58:17,158 [INFO]  Epoch[0] Train-cross-entropy=20.205738
2023-11-08 14:58:17,158 [INFO]  Epoch[0] Train-gmrt_in_air23-accuracy=2.375000
2023-11-08 14:58:17,159 [INFO]  Epoch[0] Time cost=0.011
2023-11-08 14:58:17,162 [INFO]  Saved checkpoint to "./imputer_model/imputer_model_gmrt_in_air23/model-0000.params"
2023-11-08 14:58:17,163 [INFO]  Epoch[0] Validation-cross-entropy=14.355578
2023-11-08 14:58:17,163 [INFO]  Epoch[0] Validation-gmrt_in_air23-accuracy=0.000000
2023-11-08 14:58:17,171 [INFO]  Epoch[1] Batch [0-4]	Speed: 11861.93 samples/sec	cross-entropy=48.890104	gmrt_in_air23-accuracy=2.200000
2023-11-08 14:58:17,174 [INFO]  Epoch[1] Train-cross-entropy=40.211916
2023-11-08 14:58:17,174 [INFO]  Epoch[1] Train-gmrt_in_air23-accuracy=2.375000
2023-11-08 14:58:17,175 [INFO]  Epoch[1] Time cost=0.011
2023-11-08 14:58:17,177 [INFO]  Saved checkpoint to "./imputer_model/imputer_model_gmrt_in_air23/model-0001.params"
2023-11-08 14:58:17,178 [INFO]  Epoch[1] Validation-cross-entropy=7.825346
2023-11-08 14:58:17,178 [INFO]  Epoch[1] Validation-gmrt_in_air23-accuracy=0.000000
2023-11-08 14:58:17,183 [INFO]  Epoch[2] Batch [0-4]	Speed: 18078.90 samples/sec	cross-entropy=9.170010	gmrt_in_air23-accuracy=2.200000
2023-11-08 14:58:17,185 [INFO]  Epoch[2] Train-cross-entropy=8.057199
2023-11-08 14:58:17,185 [INFO]  Epoch[2] Train-gmrt_in_air23-accuracy=2.375000
2023-11-08 14:58:17,185 [INFO]  Epoch[2] Time cost=0.008
2023-11-08 14:58:17,187 [INFO]  Saved checkpoint to "./imputer_model/imputer_model_gmrt_in_air23/model-0002.params"
2023-11-08 14:58:17,188 [INFO]  Epoch[2] Validation-cross-entropy=5.646094
2023-11-08 14:58:17,188 [INFO]  Epoch[2] Validation-gmrt_in_air23-accuracy=0.000000
2023-11-08 14:58:17,193 [INFO]  Epoch[3] Batch [0-4]	Speed: 15847.18 samples/sec	cross-entropy=12.780593	gmrt_in_air23-accuracy=2.200000
2023-11-08 14:58:17,196 [INFO]  Epoch[3] Train-cross-entropy=8.673659
2023-11-08 14:58:17,196 [INFO]  Epoch[3] Train-gmrt_in_air23-accuracy=2.375000
2023-11-08 14:58:17,196 [INFO]  Epoch[3] Time cost=0.009
2023-11-08 14:58:17,198 [INFO]  Saved checkpoint to "./imputer_model/imputer_model_gmrt_in_air23/model-0003.params"
2023-11-08 14:58:17,198 [INFO]  Epoch[3] Validation-cross-entropy=8.323372
2023-11-08 14:58:17,198 [INFO]  Epoch[3] Validation-gmrt_in_air23-accuracy=0.000000
2023-11-08 14:58:17,204 [INFO]  Epoch[4] Batch [0-4]	Speed: 14247.41 samples/sec	cross-entropy=4.529711	gmrt_in_air23-accuracy=2.200000
2023-11-08 14:58:17,207 [INFO]  Epoch[4] Train-cross-entropy=3.010488
2023-11-08 14:58:17,208 [INFO]  Epoch[4] Train-gmrt_in_air23-accuracy=2.375000
2023-11-08 14:58:17,208 [INFO]  Epoch[4] Time cost=0.009
2023-11-08 14:58:17,209 [INFO]  Saved checkpoint to "./imputer_model/imputer_model_gmrt_in_air23/model-0004.params"
2023-11-08 14:58:17,210 [INFO]  Epoch[4] Validation-cross-entropy=5.424092
2023-11-08 14:58:17,210 [INFO]  Epoch[4] Validation-gmrt_in_air23-accuracy=0.000000
2023-11-08 14:58:17,210 [INFO]  
========== done (0.06333637237548828 s) fit model
