2024-04-02 12:13:13,063 [INFO]  
========== start: fit model
2024-04-02 12:13:13,063 [WARNING]  Already bound, ignoring bind()
2024-04-02 12:13:13,067 [INFO]  Epoch[0] Batch [0-3]	Speed: 26804.23 samples/sec	cross-entropy=15.700003	still-accuracy=3.500000
2024-04-02 12:13:13,068 [INFO]  Epoch[0] Train-cross-entropy=14.382818
2024-04-02 12:13:13,068 [INFO]  Epoch[0] Train-still-accuracy=2.833333
2024-04-02 12:13:13,068 [INFO]  Epoch[0] Time cost=0.005
2024-04-02 12:13:13,069 [INFO]  Saved checkpoint to "./imputer_model/imputer_model_still/model-0000.params"
2024-04-02 12:13:13,070 [INFO]  Epoch[0] Validation-cross-entropy=32.558510
2024-04-02 12:13:13,070 [INFO]  Epoch[0] Validation-still-accuracy=0.000000
2024-04-02 12:13:13,073 [INFO]  Epoch[1] Batch [0-3]	Speed: 22557.60 samples/sec	cross-entropy=5.493706	still-accuracy=3.500000
2024-04-02 12:13:13,075 [INFO]  Epoch[1] Train-cross-entropy=5.282272
2024-04-02 12:13:13,075 [INFO]  Epoch[1] Train-still-accuracy=2.833333
2024-04-02 12:13:13,075 [INFO]  Epoch[1] Time cost=0.005
2024-04-02 12:13:13,076 [INFO]  Saved checkpoint to "./imputer_model/imputer_model_still/model-0001.params"
2024-04-02 12:13:13,077 [INFO]  Epoch[1] Validation-cross-entropy=25.495283
2024-04-02 12:13:13,077 [INFO]  Epoch[1] Validation-still-accuracy=0.000000
2024-04-02 12:13:13,079 [INFO]  Epoch[2] Batch [0-3]	Speed: 25927.44 samples/sec	cross-entropy=2.517937	still-accuracy=3.500000
2024-04-02 12:13:13,081 [INFO]  Epoch[2] Train-cross-entropy=2.413146
2024-04-02 12:13:13,081 [INFO]  Epoch[2] Train-still-accuracy=2.833333
2024-04-02 12:13:13,081 [INFO]  Epoch[2] Time cost=0.004
2024-04-02 12:13:13,082 [INFO]  Saved checkpoint to "./imputer_model/imputer_model_still/model-0002.params"
2024-04-02 12:13:13,082 [INFO]  Epoch[2] Validation-cross-entropy=18.375252
2024-04-02 12:13:13,082 [INFO]  Epoch[2] Validation-still-accuracy=0.000000
2024-04-02 12:13:13,085 [INFO]  Epoch[3] Batch [0-3]	Speed: 27052.75 samples/sec	cross-entropy=1.646454	still-accuracy=3.500000
2024-04-02 12:13:13,086 [INFO]  Epoch[3] Train-cross-entropy=1.518519
2024-04-02 12:13:13,086 [INFO]  Epoch[3] Train-still-accuracy=2.833333
2024-04-02 12:13:13,086 [INFO]  Epoch[3] Time cost=0.004
2024-04-02 12:13:13,087 [INFO]  Saved checkpoint to "./imputer_model/imputer_model_still/model-0003.params"
2024-04-02 12:13:13,088 [INFO]  Epoch[3] Validation-cross-entropy=10.421515
2024-04-02 12:13:13,088 [INFO]  Epoch[3] Validation-still-accuracy=0.000000
2024-04-02 12:13:13,091 [INFO]  Epoch[4] Batch [0-3]	Speed: 26947.74 samples/sec	cross-entropy=0.968422	still-accuracy=3.500000
2024-04-02 12:13:13,092 [INFO]  Epoch[4] Train-cross-entropy=0.921301
2024-04-02 12:13:13,092 [INFO]  Epoch[4] Train-still-accuracy=2.833333
2024-04-02 12:13:13,092 [INFO]  Epoch[4] Time cost=0.004
2024-04-02 12:13:13,093 [INFO]  Saved checkpoint to "./imputer_model/imputer_model_still/model-0004.params"
2024-04-02 12:13:13,093 [INFO]  Epoch[4] Validation-cross-entropy=5.079559
2024-04-02 12:13:13,094 [INFO]  Epoch[4] Validation-still-accuracy=0.000000
2024-04-02 12:13:13,094 [INFO]  
========== done (0.0310208797454834 s) fit model
2024-04-02 12:13:16,831 [INFO]  
========== start: fit model
2024-04-02 12:13:16,831 [WARNING]  Already bound, ignoring bind()
2024-04-02 12:13:16,835 [INFO]  Epoch[0] Batch [0-3]	Speed: 25429.66 samples/sec	cross-entropy=22.133385	still-accuracy=0.000000
2024-04-02 12:13:16,837 [INFO]  Epoch[0] Train-cross-entropy=19.819599
2024-04-02 12:13:16,837 [INFO]  Epoch[0] Train-still-accuracy=0.000000
2024-04-02 12:13:16,837 [INFO]  Epoch[0] Time cost=0.005
2024-04-02 12:13:16,838 [INFO]  Saved checkpoint to "./imputer_model/imputer_model_still/model-0000.params"
2024-04-02 12:13:16,838 [INFO]  Epoch[0] Validation-cross-entropy=7.321994
2024-04-02 12:13:16,838 [INFO]  Epoch[0] Validation-still-accuracy=0.000000
2024-04-02 12:13:16,841 [INFO]  Epoch[1] Batch [0-3]	Speed: 26044.84 samples/sec	cross-entropy=8.036460	still-accuracy=0.000000
2024-04-02 12:13:16,842 [INFO]  Epoch[1] Train-cross-entropy=7.371107
2024-04-02 12:13:16,842 [INFO]  Epoch[1] Train-still-accuracy=0.000000
2024-04-02 12:13:16,842 [INFO]  Epoch[1] Time cost=0.004
2024-04-02 12:13:16,844 [INFO]  Saved checkpoint to "./imputer_model/imputer_model_still/model-0001.params"
2024-04-02 12:13:16,844 [INFO]  Epoch[1] Validation-cross-entropy=2.666390
2024-04-02 12:13:16,844 [INFO]  Epoch[1] Validation-still-accuracy=0.000000
2024-04-02 12:13:16,847 [INFO]  Epoch[2] Batch [0-3]	Speed: 24916.66 samples/sec	cross-entropy=4.900153	still-accuracy=0.000000
2024-04-02 12:13:16,848 [INFO]  Epoch[2] Train-cross-entropy=4.526561
2024-04-02 12:13:16,848 [INFO]  Epoch[2] Train-still-accuracy=0.000000
2024-04-02 12:13:16,848 [INFO]  Epoch[2] Time cost=0.004
2024-04-02 12:13:16,849 [INFO]  Saved checkpoint to "./imputer_model/imputer_model_still/model-0002.params"
2024-04-02 12:13:16,850 [INFO]  Epoch[2] Validation-cross-entropy=0.760938
2024-04-02 12:13:16,850 [INFO]  Epoch[2] Validation-still-accuracy=0.000000
2024-04-02 12:13:16,852 [INFO]  Epoch[3] Batch [0-3]	Speed: 27954.26 samples/sec	cross-entropy=3.060629	still-accuracy=0.000000
2024-04-02 12:13:16,853 [INFO]  Epoch[3] Train-cross-entropy=2.561008
2024-04-02 12:13:16,853 [INFO]  Epoch[3] Train-still-accuracy=0.000000
2024-04-02 12:13:16,853 [INFO]  Epoch[3] Time cost=0.004
2024-04-02 12:13:16,855 [INFO]  Saved checkpoint to "./imputer_model/imputer_model_still/model-0003.params"
2024-04-02 12:13:16,855 [INFO]  Epoch[3] Validation-cross-entropy=2.314077
2024-04-02 12:13:16,855 [INFO]  Epoch[3] Validation-still-accuracy=0.000000
2024-04-02 12:13:16,858 [INFO]  Epoch[4] Batch [0-3]	Speed: 28304.03 samples/sec	cross-entropy=1.808055	still-accuracy=0.000000
2024-04-02 12:13:16,859 [INFO]  Epoch[4] Train-cross-entropy=1.415058
2024-04-02 12:13:16,859 [INFO]  Epoch[4] Train-still-accuracy=0.000000
2024-04-02 12:13:16,859 [INFO]  Epoch[4] Time cost=0.004
2024-04-02 12:13:16,860 [INFO]  Saved checkpoint to "./imputer_model/imputer_model_still/model-0004.params"
2024-04-02 12:13:16,860 [INFO]  Epoch[4] Validation-cross-entropy=3.080619
2024-04-02 12:13:16,860 [INFO]  Epoch[4] Validation-still-accuracy=0.000000
2024-04-02 12:13:16,860 [INFO]  
========== done (0.029212474822998047 s) fit model
2024-04-02 12:13:19,051 [INFO]  
========== start: fit model
2024-04-02 12:13:19,051 [WARNING]  Already bound, ignoring bind()
2024-04-02 12:13:19,055 [INFO]  Epoch[0] Batch [0-3]	Speed: 23916.20 samples/sec	cross-entropy=14.428733	still-accuracy=2.250000
2024-04-02 12:13:19,062 [INFO]  Epoch[0] Train-cross-entropy=12.833484
2024-04-02 12:13:19,062 [INFO]  Epoch[0] Train-still-accuracy=2.500000
2024-04-02 12:13:19,062 [INFO]  Epoch[0] Time cost=0.010
2024-04-02 12:13:19,065 [INFO]  Saved checkpoint to "./imputer_model/imputer_model_still/model-0000.params"
2024-04-02 12:13:19,065 [INFO]  Epoch[0] Validation-cross-entropy=5.685950
2024-04-02 12:13:19,066 [INFO]  Epoch[0] Validation-still-accuracy=0.000000
2024-04-02 12:13:19,069 [INFO]  Epoch[1] Batch [0-3]	Speed: 22389.52 samples/sec	cross-entropy=5.909023	still-accuracy=2.250000
2024-04-02 12:13:19,070 [INFO]  Epoch[1] Train-cross-entropy=6.113486
2024-04-02 12:13:19,070 [INFO]  Epoch[1] Train-still-accuracy=2.500000
2024-04-02 12:13:19,070 [INFO]  Epoch[1] Time cost=0.005
2024-04-02 12:13:19,072 [INFO]  Saved checkpoint to "./imputer_model/imputer_model_still/model-0001.params"
2024-04-02 12:13:19,073 [INFO]  Epoch[1] Validation-cross-entropy=2.560761
2024-04-02 12:13:19,073 [INFO]  Epoch[1] Validation-still-accuracy=0.000000
2024-04-02 12:13:19,078 [INFO]  Epoch[2] Batch [0-3]	Speed: 12134.69 samples/sec	cross-entropy=2.781747	still-accuracy=2.250000
2024-04-02 12:13:19,081 [INFO]  Epoch[2] Train-cross-entropy=3.220965
2024-04-02 12:13:19,081 [INFO]  Epoch[2] Train-still-accuracy=2.500000
2024-04-02 12:13:19,081 [INFO]  Epoch[2] Time cost=0.008
2024-04-02 12:13:19,083 [INFO]  Saved checkpoint to "./imputer_model/imputer_model_still/model-0002.params"
2024-04-02 12:13:19,084 [INFO]  Epoch[2] Validation-cross-entropy=1.329418
2024-04-02 12:13:19,084 [INFO]  Epoch[2] Validation-still-accuracy=0.000000
2024-04-02 12:13:19,090 [INFO]  Epoch[3] Batch [0-3]	Speed: 14365.08 samples/sec	cross-entropy=1.437076	still-accuracy=2.250000
2024-04-02 12:13:19,093 [INFO]  Epoch[3] Train-cross-entropy=1.836651
2024-04-02 12:13:19,093 [INFO]  Epoch[3] Train-still-accuracy=2.500000
2024-04-02 12:13:19,093 [INFO]  Epoch[3] Time cost=0.009
2024-04-02 12:13:19,097 [INFO]  Saved checkpoint to "./imputer_model/imputer_model_still/model-0003.params"
2024-04-02 12:13:19,097 [INFO]  Epoch[3] Validation-cross-entropy=0.491738
2024-04-02 12:13:19,098 [INFO]  Epoch[3] Validation-still-accuracy=0.000000
2024-04-02 12:13:19,101 [INFO]  Epoch[4] Batch [0-3]	Speed: 21802.75 samples/sec	cross-entropy=0.786582	still-accuracy=2.250000
2024-04-02 12:13:19,103 [INFO]  Epoch[4] Train-cross-entropy=1.074910
2024-04-02 12:13:19,103 [INFO]  Epoch[4] Train-still-accuracy=2.500000
2024-04-02 12:13:19,104 [INFO]  Epoch[4] Time cost=0.006
2024-04-02 12:13:19,105 [INFO]  Saved checkpoint to "./imputer_model/imputer_model_still/model-0004.params"
2024-04-02 12:13:19,105 [INFO]  Epoch[4] Validation-cross-entropy=0.109583
2024-04-02 12:13:19,105 [INFO]  Epoch[4] Validation-still-accuracy=0.000000
2024-04-02 12:13:19,105 [INFO]  
========== done (0.054622650146484375 s) fit model
2024-04-02 12:13:21,250 [INFO]  
========== start: fit model
2024-04-02 12:13:21,251 [WARNING]  Already bound, ignoring bind()
2024-04-02 12:13:21,254 [INFO]  Epoch[0] Batch [0-3]	Speed: 27354.16 samples/sec	cross-entropy=12.851993	still-accuracy=3.750000
2024-04-02 12:13:21,255 [INFO]  Epoch[0] Train-cross-entropy=11.631622
2024-04-02 12:13:21,256 [INFO]  Epoch[0] Train-still-accuracy=3.333333
2024-04-02 12:13:21,256 [INFO]  Epoch[0] Time cost=0.004
2024-04-02 12:13:21,257 [INFO]  Saved checkpoint to "./imputer_model/imputer_model_still/model-0000.params"
2024-04-02 12:13:21,257 [INFO]  Epoch[0] Validation-cross-entropy=5.852499
2024-04-02 12:13:21,257 [INFO]  Epoch[0] Validation-still-accuracy=0.000000
2024-04-02 12:13:21,260 [INFO]  Epoch[1] Batch [0-3]	Speed: 27313.33 samples/sec	cross-entropy=3.752412	still-accuracy=3.750000
2024-04-02 12:13:21,261 [INFO]  Epoch[1] Train-cross-entropy=4.041768
2024-04-02 12:13:21,261 [INFO]  Epoch[1] Train-still-accuracy=3.333333
2024-04-02 12:13:21,261 [INFO]  Epoch[1] Time cost=0.004
2024-04-02 12:13:21,262 [INFO]  Saved checkpoint to "./imputer_model/imputer_model_still/model-0001.params"
2024-04-02 12:13:21,263 [INFO]  Epoch[1] Validation-cross-entropy=2.488418
2024-04-02 12:13:21,263 [INFO]  Epoch[1] Validation-still-accuracy=0.000000
2024-04-02 12:13:21,265 [INFO]  Epoch[2] Batch [0-3]	Speed: 24944.44 samples/sec	cross-entropy=2.171654	still-accuracy=3.750000
2024-04-02 12:13:21,267 [INFO]  Epoch[2] Train-cross-entropy=2.350525
2024-04-02 12:13:21,267 [INFO]  Epoch[2] Train-still-accuracy=3.333333
2024-04-02 12:13:21,267 [INFO]  Epoch[2] Time cost=0.004
2024-04-02 12:13:21,268 [INFO]  Saved checkpoint to "./imputer_model/imputer_model_still/model-0002.params"
2024-04-02 12:13:21,274 [INFO]  Epoch[2] Validation-cross-entropy=1.672799
2024-04-02 12:13:21,274 [INFO]  Epoch[2] Validation-still-accuracy=0.000000
2024-04-02 12:13:21,279 [INFO]  Epoch[3] Batch [0-3]	Speed: 20543.53 samples/sec	cross-entropy=1.265082	still-accuracy=3.750000
2024-04-02 12:13:21,297 [INFO]  Epoch[3] Train-cross-entropy=1.177251
2024-04-02 12:13:21,297 [INFO]  Epoch[3] Train-still-accuracy=3.333333
2024-04-02 12:13:21,297 [INFO]  Epoch[3] Time cost=0.023
2024-04-02 12:13:21,299 [INFO]  Saved checkpoint to "./imputer_model/imputer_model_still/model-0003.params"
2024-04-02 12:13:21,299 [INFO]  Epoch[3] Validation-cross-entropy=1.417341
2024-04-02 12:13:21,299 [INFO]  Epoch[3] Validation-still-accuracy=0.000000
2024-04-02 12:13:21,302 [INFO]  Epoch[4] Batch [0-3]	Speed: 19466.89 samples/sec	cross-entropy=0.753318	still-accuracy=3.750000
2024-04-02 12:13:21,304 [INFO]  Epoch[4] Train-cross-entropy=0.709481
2024-04-02 12:13:21,304 [INFO]  Epoch[4] Train-still-accuracy=3.333333
2024-04-02 12:13:21,304 [INFO]  Epoch[4] Time cost=0.005
2024-04-02 12:13:21,305 [INFO]  Saved checkpoint to "./imputer_model/imputer_model_still/model-0004.params"
2024-04-02 12:13:21,306 [INFO]  Epoch[4] Validation-cross-entropy=1.424354
2024-04-02 12:13:21,306 [INFO]  Epoch[4] Validation-still-accuracy=0.000000
2024-04-02 12:13:21,306 [INFO]  
========== done (0.055339813232421875 s) fit model
2024-04-02 12:13:24,045 [INFO]  
========== start: fit model
2024-04-02 12:13:24,045 [WARNING]  Already bound, ignoring bind()
2024-04-02 12:13:24,049 [INFO]  Epoch[0] Batch [0-3]	Speed: 23429.14 samples/sec	cross-entropy=13.685651	still-accuracy=2.750000
2024-04-02 12:13:24,050 [INFO]  Epoch[0] Train-cross-entropy=11.556242
2024-04-02 12:13:24,050 [INFO]  Epoch[0] Train-still-accuracy=2.833333
2024-04-02 12:13:24,050 [INFO]  Epoch[0] Time cost=0.005
2024-04-02 12:13:24,052 [INFO]  Saved checkpoint to "./imputer_model/imputer_model_still/model-0000.params"
2024-04-02 12:13:24,052 [INFO]  Epoch[0] Validation-cross-entropy=5.528753
2024-04-02 12:13:24,052 [INFO]  Epoch[0] Validation-still-accuracy=0.000000
2024-04-02 12:13:24,055 [INFO]  Epoch[1] Batch [0-3]	Speed: 23716.17 samples/sec	cross-entropy=4.742847	still-accuracy=2.750000
2024-04-02 12:13:24,056 [INFO]  Epoch[1] Train-cross-entropy=4.389515
2024-04-02 12:13:24,056 [INFO]  Epoch[1] Train-still-accuracy=2.833333
2024-04-02 12:13:24,056 [INFO]  Epoch[1] Time cost=0.004
2024-04-02 12:13:24,058 [INFO]  Saved checkpoint to "./imputer_model/imputer_model_still/model-0001.params"
2024-04-02 12:13:24,058 [INFO]  Epoch[1] Validation-cross-entropy=1.330777
2024-04-02 12:13:24,058 [INFO]  Epoch[1] Validation-still-accuracy=0.000000
2024-04-02 12:13:24,061 [INFO]  Epoch[2] Batch [0-3]	Speed: 23947.50 samples/sec	cross-entropy=2.742148	still-accuracy=2.750000
2024-04-02 12:13:24,062 [INFO]  Epoch[2] Train-cross-entropy=2.567374
2024-04-02 12:13:24,062 [INFO]  Epoch[2] Train-still-accuracy=2.833333
2024-04-02 12:13:24,062 [INFO]  Epoch[2] Time cost=0.004
2024-04-02 12:13:24,063 [INFO]  Saved checkpoint to "./imputer_model/imputer_model_still/model-0002.params"
2024-04-02 12:13:24,064 [INFO]  Epoch[2] Validation-cross-entropy=1.586670
2024-04-02 12:13:24,064 [INFO]  Epoch[2] Validation-still-accuracy=0.000000
2024-04-02 12:13:24,067 [INFO]  Epoch[3] Batch [0-3]	Speed: 26115.79 samples/sec	cross-entropy=2.401482	still-accuracy=2.750000
2024-04-02 12:13:24,068 [INFO]  Epoch[3] Train-cross-entropy=2.001893
2024-04-02 12:13:24,068 [INFO]  Epoch[3] Train-still-accuracy=2.833333
2024-04-02 12:13:24,068 [INFO]  Epoch[3] Time cost=0.004
2024-04-02 12:13:24,069 [INFO]  Saved checkpoint to "./imputer_model/imputer_model_still/model-0003.params"
2024-04-02 12:13:24,070 [INFO]  Epoch[3] Validation-cross-entropy=0.852862
2024-04-02 12:13:24,070 [INFO]  Epoch[3] Validation-still-accuracy=0.000000
2024-04-02 12:13:24,072 [INFO]  Epoch[4] Batch [0-3]	Speed: 24314.81 samples/sec	cross-entropy=1.429410	still-accuracy=2.750000
2024-04-02 12:13:24,074 [INFO]  Epoch[4] Train-cross-entropy=1.159693
2024-04-02 12:13:24,074 [INFO]  Epoch[4] Train-still-accuracy=2.833333
2024-04-02 12:13:24,074 [INFO]  Epoch[4] Time cost=0.004
2024-04-02 12:13:24,076 [INFO]  Saved checkpoint to "./imputer_model/imputer_model_still/model-0004.params"
2024-04-02 12:13:24,076 [INFO]  Epoch[4] Validation-cross-entropy=2.363871
2024-04-02 12:13:24,076 [INFO]  Epoch[4] Validation-still-accuracy=0.000000
2024-04-02 12:13:24,076 [INFO]  
========== done (0.031530141830444336 s) fit model
2024-04-02 12:13:26,816 [INFO]  
========== start: fit model
2024-04-02 12:13:26,817 [WARNING]  Already bound, ignoring bind()
2024-04-02 12:13:26,821 [INFO]  Epoch[0] Batch [0-3]	Speed: 24600.02 samples/sec	cross-entropy=22.614227	still-accuracy=0.000000
2024-04-02 12:13:26,822 [INFO]  Epoch[0] Train-cross-entropy=20.425455
2024-04-02 12:13:26,822 [INFO]  Epoch[0] Train-still-accuracy=0.000000
2024-04-02 12:13:26,822 [INFO]  Epoch[0] Time cost=0.005
2024-04-02 12:13:26,823 [INFO]  Saved checkpoint to "./imputer_model/imputer_model_still/model-0000.params"
2024-04-02 12:13:26,824 [INFO]  Epoch[0] Validation-cross-entropy=6.193432
2024-04-02 12:13:26,824 [INFO]  Epoch[0] Validation-still-accuracy=0.000000
2024-04-02 12:13:26,827 [INFO]  Epoch[1] Batch [0-3]	Speed: 25282.76 samples/sec	cross-entropy=7.547542	still-accuracy=0.000000
2024-04-02 12:13:26,828 [INFO]  Epoch[1] Train-cross-entropy=6.908769
2024-04-02 12:13:26,828 [INFO]  Epoch[1] Train-still-accuracy=0.000000
2024-04-02 12:13:26,828 [INFO]  Epoch[1] Time cost=0.004
2024-04-02 12:13:26,830 [INFO]  Saved checkpoint to "./imputer_model/imputer_model_still/model-0001.params"
2024-04-02 12:13:26,830 [INFO]  Epoch[1] Validation-cross-entropy=2.834167
2024-04-02 12:13:26,830 [INFO]  Epoch[1] Validation-still-accuracy=0.000000
2024-04-02 12:13:26,833 [INFO]  Epoch[2] Batch [0-3]	Speed: 21580.73 samples/sec	cross-entropy=3.739412	still-accuracy=0.000000
2024-04-02 12:13:26,834 [INFO]  Epoch[2] Train-cross-entropy=3.879908
2024-04-02 12:13:26,835 [INFO]  Epoch[2] Train-still-accuracy=0.000000
2024-04-02 12:13:26,835 [INFO]  Epoch[2] Time cost=0.005
2024-04-02 12:13:26,836 [INFO]  Saved checkpoint to "./imputer_model/imputer_model_still/model-0002.params"
2024-04-02 12:13:26,837 [INFO]  Epoch[2] Validation-cross-entropy=2.534853
2024-04-02 12:13:26,837 [INFO]  Epoch[2] Validation-still-accuracy=0.000000
2024-04-02 12:13:26,839 [INFO]  Epoch[3] Batch [0-3]	Speed: 25270.06 samples/sec	cross-entropy=2.697919	still-accuracy=0.000000
2024-04-02 12:13:26,841 [INFO]  Epoch[3] Train-cross-entropy=2.822680
2024-04-02 12:13:26,841 [INFO]  Epoch[3] Train-still-accuracy=0.000000
2024-04-02 12:13:26,841 [INFO]  Epoch[3] Time cost=0.004
2024-04-02 12:13:26,842 [INFO]  Saved checkpoint to "./imputer_model/imputer_model_still/model-0003.params"
2024-04-02 12:13:26,843 [INFO]  Epoch[3] Validation-cross-entropy=1.477001
2024-04-02 12:13:26,843 [INFO]  Epoch[3] Validation-still-accuracy=0.000000
2024-04-02 12:13:26,846 [INFO]  Epoch[4] Batch [0-3]	Speed: 24892.01 samples/sec	cross-entropy=1.554072	still-accuracy=0.000000
2024-04-02 12:13:26,847 [INFO]  Epoch[4] Train-cross-entropy=1.556722
2024-04-02 12:13:26,847 [INFO]  Epoch[4] Train-still-accuracy=0.000000
2024-04-02 12:13:26,847 [INFO]  Epoch[4] Time cost=0.004
2024-04-02 12:13:26,848 [INFO]  Saved checkpoint to "./imputer_model/imputer_model_still/model-0004.params"
2024-04-02 12:13:26,849 [INFO]  Epoch[4] Validation-cross-entropy=0.495865
2024-04-02 12:13:26,849 [INFO]  Epoch[4] Validation-still-accuracy=0.000000
2024-04-02 12:13:26,849 [INFO]  
========== done (0.032670021057128906 s) fit model
2024-04-02 12:13:29,122 [INFO]  
========== start: fit model
2024-04-02 12:13:29,122 [WARNING]  Already bound, ignoring bind()
2024-04-02 12:13:29,127 [INFO]  Epoch[0] Batch [0-3]	Speed: 23382.88 samples/sec	cross-entropy=11.577619	still-accuracy=0.000000
2024-04-02 12:13:29,128 [INFO]  Epoch[0] Train-cross-entropy=10.616567
2024-04-02 12:13:29,128 [INFO]  Epoch[0] Train-still-accuracy=0.000000
2024-04-02 12:13:29,128 [INFO]  Epoch[0] Time cost=0.005
2024-04-02 12:13:29,130 [INFO]  Saved checkpoint to "./imputer_model/imputer_model_still/model-0000.params"
2024-04-02 12:13:29,130 [INFO]  Epoch[0] Validation-cross-entropy=2.770944
2024-04-02 12:13:29,130 [INFO]  Epoch[0] Validation-still-accuracy=0.000000
2024-04-02 12:13:29,133 [INFO]  Epoch[1] Batch [0-3]	Speed: 24200.82 samples/sec	cross-entropy=3.348105	still-accuracy=0.000000
2024-04-02 12:13:29,134 [INFO]  Epoch[1] Train-cross-entropy=3.575009
2024-04-02 12:13:29,135 [INFO]  Epoch[1] Train-still-accuracy=0.000000
2024-04-02 12:13:29,135 [INFO]  Epoch[1] Time cost=0.004
2024-04-02 12:13:29,136 [INFO]  Saved checkpoint to "./imputer_model/imputer_model_still/model-0001.params"
2024-04-02 12:13:29,136 [INFO]  Epoch[1] Validation-cross-entropy=1.069154
2024-04-02 12:13:29,136 [INFO]  Epoch[1] Validation-still-accuracy=0.000000
2024-04-02 12:13:29,139 [INFO]  Epoch[2] Batch [0-3]	Speed: 22199.43 samples/sec	cross-entropy=1.423433	still-accuracy=0.000000
2024-04-02 12:13:29,141 [INFO]  Epoch[2] Train-cross-entropy=1.660016
2024-04-02 12:13:29,141 [INFO]  Epoch[2] Train-still-accuracy=0.000000
2024-04-02 12:13:29,141 [INFO]  Epoch[2] Time cost=0.004
2024-04-02 12:13:29,142 [INFO]  Saved checkpoint to "./imputer_model/imputer_model_still/model-0002.params"
2024-04-02 12:13:29,142 [INFO]  Epoch[2] Validation-cross-entropy=0.608116
2024-04-02 12:13:29,142 [INFO]  Epoch[2] Validation-still-accuracy=0.000000
2024-04-02 12:13:29,145 [INFO]  Epoch[3] Batch [0-3]	Speed: 23207.68 samples/sec	cross-entropy=0.951041	still-accuracy=0.000000
2024-04-02 12:13:29,147 [INFO]  Epoch[3] Train-cross-entropy=0.997506
2024-04-02 12:13:29,147 [INFO]  Epoch[3] Train-still-accuracy=0.000000
2024-04-02 12:13:29,147 [INFO]  Epoch[3] Time cost=0.004
2024-04-02 12:13:29,148 [INFO]  Saved checkpoint to "./imputer_model/imputer_model_still/model-0003.params"
2024-04-02 12:13:29,148 [INFO]  Epoch[3] Validation-cross-entropy=0.544408
2024-04-02 12:13:29,148 [INFO]  Epoch[3] Validation-still-accuracy=0.000000
2024-04-02 12:13:29,151 [INFO]  Epoch[4] Batch [0-3]	Speed: 24787.81 samples/sec	cross-entropy=0.625776	still-accuracy=0.000000
2024-04-02 12:13:29,153 [INFO]  Epoch[4] Train-cross-entropy=0.639876
2024-04-02 12:13:29,153 [INFO]  Epoch[4] Train-still-accuracy=0.000000
2024-04-02 12:13:29,153 [INFO]  Epoch[4] Time cost=0.004
2024-04-02 12:13:29,154 [INFO]  Saved checkpoint to "./imputer_model/imputer_model_still/model-0004.params"
2024-04-02 12:13:29,154 [INFO]  Epoch[4] Validation-cross-entropy=0.361208
2024-04-02 12:13:29,154 [INFO]  Epoch[4] Validation-still-accuracy=0.000000
2024-04-02 12:13:29,154 [INFO]  
========== done (0.032152652740478516 s) fit model
2024-04-02 12:13:31,569 [INFO]  
========== start: fit model
2024-04-02 12:13:31,569 [WARNING]  Already bound, ignoring bind()
2024-04-02 12:13:31,574 [INFO]  Epoch[0] Batch [0-3]	Speed: 22484.54 samples/sec	cross-entropy=16.789323	still-accuracy=0.000000
2024-04-02 12:13:31,575 [INFO]  Epoch[0] Train-cross-entropy=14.322740
2024-04-02 12:13:31,575 [INFO]  Epoch[0] Train-still-accuracy=0.000000
2024-04-02 12:13:31,575 [INFO]  Epoch[0] Time cost=0.005
2024-04-02 12:13:31,576 [INFO]  Saved checkpoint to "./imputer_model/imputer_model_still/model-0000.params"
2024-04-02 12:13:31,577 [INFO]  Epoch[0] Validation-cross-entropy=16.956493
2024-04-02 12:13:31,577 [INFO]  Epoch[0] Validation-still-accuracy=0.000000
2024-04-02 12:13:31,580 [INFO]  Epoch[1] Batch [0-3]	Speed: 23461.90 samples/sec	cross-entropy=6.311621	still-accuracy=0.000000
2024-04-02 12:13:31,581 [INFO]  Epoch[1] Train-cross-entropy=5.173398
2024-04-02 12:13:31,581 [INFO]  Epoch[1] Train-still-accuracy=0.000000
2024-04-02 12:13:31,581 [INFO]  Epoch[1] Time cost=0.004
2024-04-02 12:13:31,583 [INFO]  Saved checkpoint to "./imputer_model/imputer_model_still/model-0001.params"
2024-04-02 12:13:31,583 [INFO]  Epoch[1] Validation-cross-entropy=7.632258
2024-04-02 12:13:31,583 [INFO]  Epoch[1] Validation-still-accuracy=0.000000
2024-04-02 12:13:31,586 [INFO]  Epoch[2] Batch [0-3]	Speed: 24300.13 samples/sec	cross-entropy=3.687673	still-accuracy=0.000000
2024-04-02 12:13:31,587 [INFO]  Epoch[2] Train-cross-entropy=3.040950
2024-04-02 12:13:31,587 [INFO]  Epoch[2] Train-still-accuracy=0.000000
2024-04-02 12:13:31,587 [INFO]  Epoch[2] Time cost=0.004
2024-04-02 12:13:31,589 [INFO]  Saved checkpoint to "./imputer_model/imputer_model_still/model-0002.params"
2024-04-02 12:13:31,589 [INFO]  Epoch[2] Validation-cross-entropy=2.283277
2024-04-02 12:13:31,589 [INFO]  Epoch[2] Validation-still-accuracy=0.000000
2024-04-02 12:13:31,592 [INFO]  Epoch[3] Batch [0-3]	Speed: 27001.96 samples/sec	cross-entropy=2.076004	still-accuracy=0.000000
2024-04-02 12:13:31,593 [INFO]  Epoch[3] Train-cross-entropy=1.721358
2024-04-02 12:13:31,593 [INFO]  Epoch[3] Train-still-accuracy=0.000000
2024-04-02 12:13:31,593 [INFO]  Epoch[3] Time cost=0.004
2024-04-02 12:13:31,594 [INFO]  Saved checkpoint to "./imputer_model/imputer_model_still/model-0003.params"
2024-04-02 12:13:31,594 [INFO]  Epoch[3] Validation-cross-entropy=1.894778
2024-04-02 12:13:31,595 [INFO]  Epoch[3] Validation-still-accuracy=0.000000
2024-04-02 12:13:31,597 [INFO]  Epoch[4] Batch [0-3]	Speed: 28028.20 samples/sec	cross-entropy=1.207428	still-accuracy=0.000000
2024-04-02 12:13:31,598 [INFO]  Epoch[4] Train-cross-entropy=1.077411
2024-04-02 12:13:31,598 [INFO]  Epoch[4] Train-still-accuracy=0.000000
2024-04-02 12:13:31,598 [INFO]  Epoch[4] Time cost=0.004
2024-04-02 12:13:31,600 [INFO]  Saved checkpoint to "./imputer_model/imputer_model_still/model-0004.params"
2024-04-02 12:13:31,600 [INFO]  Epoch[4] Validation-cross-entropy=1.668887
2024-04-02 12:13:31,600 [INFO]  Epoch[4] Validation-still-accuracy=0.000000
2024-04-02 12:13:31,600 [INFO]  
========== done (0.030992746353149414 s) fit model
2024-04-02 12:13:34,267 [INFO]  
========== start: fit model
2024-04-02 12:13:34,267 [WARNING]  Already bound, ignoring bind()
2024-04-02 12:13:34,271 [INFO]  Epoch[0] Batch [0-3]	Speed: 23814.36 samples/sec	cross-entropy=16.988091	still-accuracy=2.250000
2024-04-02 12:13:34,273 [INFO]  Epoch[0] Train-cross-entropy=15.360509
2024-04-02 12:13:34,273 [INFO]  Epoch[0] Train-still-accuracy=3.666667
2024-04-02 12:13:34,273 [INFO]  Epoch[0] Time cost=0.005
2024-04-02 12:13:34,275 [INFO]  Saved checkpoint to "./imputer_model/imputer_model_still/model-0000.params"
2024-04-02 12:13:34,275 [INFO]  Epoch[0] Validation-cross-entropy=5.089566
2024-04-02 12:13:34,275 [INFO]  Epoch[0] Validation-still-accuracy=0.000000
2024-04-02 12:13:34,278 [INFO]  Epoch[1] Batch [0-3]	Speed: 26228.06 samples/sec	cross-entropy=6.681548	still-accuracy=2.250000
2024-04-02 12:13:34,279 [INFO]  Epoch[1] Train-cross-entropy=5.995941
2024-04-02 12:13:34,279 [INFO]  Epoch[1] Train-still-accuracy=3.666667
2024-04-02 12:13:34,279 [INFO]  Epoch[1] Time cost=0.004
2024-04-02 12:13:34,280 [INFO]  Saved checkpoint to "./imputer_model/imputer_model_still/model-0001.params"
2024-04-02 12:13:34,281 [INFO]  Epoch[1] Validation-cross-entropy=4.770943
2024-04-02 12:13:34,281 [INFO]  Epoch[1] Validation-still-accuracy=0.000000
2024-04-02 12:13:34,283 [INFO]  Epoch[2] Batch [0-3]	Speed: 27016.45 samples/sec	cross-entropy=3.469507	still-accuracy=2.250000
2024-04-02 12:13:34,285 [INFO]  Epoch[2] Train-cross-entropy=3.092932
2024-04-02 12:13:34,285 [INFO]  Epoch[2] Train-still-accuracy=3.666667
2024-04-02 12:13:34,285 [INFO]  Epoch[2] Time cost=0.004
2024-04-02 12:13:34,286 [INFO]  Saved checkpoint to "./imputer_model/imputer_model_still/model-0002.params"
2024-04-02 12:13:34,286 [INFO]  Epoch[2] Validation-cross-entropy=1.450018
2024-04-02 12:13:34,286 [INFO]  Epoch[2] Validation-still-accuracy=0.000000
2024-04-02 12:13:34,289 [INFO]  Epoch[3] Batch [0-3]	Speed: 26001.11 samples/sec	cross-entropy=2.218965	still-accuracy=2.250000
2024-04-02 12:13:34,290 [INFO]  Epoch[3] Train-cross-entropy=1.906022
2024-04-02 12:13:34,290 [INFO]  Epoch[3] Train-still-accuracy=3.666667
2024-04-02 12:13:34,290 [INFO]  Epoch[3] Time cost=0.004
2024-04-02 12:13:34,291 [INFO]  Saved checkpoint to "./imputer_model/imputer_model_still/model-0003.params"
2024-04-02 12:13:34,292 [INFO]  Epoch[3] Validation-cross-entropy=0.573453
2024-04-02 12:13:34,292 [INFO]  Epoch[3] Validation-still-accuracy=0.000000
2024-04-02 12:13:34,295 [INFO]  Epoch[4] Batch [0-3]	Speed: 24519.13 samples/sec	cross-entropy=1.459527	still-accuracy=2.250000
2024-04-02 12:13:34,296 [INFO]  Epoch[4] Train-cross-entropy=1.282371
2024-04-02 12:13:34,296 [INFO]  Epoch[4] Train-still-accuracy=3.666667
2024-04-02 12:13:34,296 [INFO]  Epoch[4] Time cost=0.004
2024-04-02 12:13:34,297 [INFO]  Saved checkpoint to "./imputer_model/imputer_model_still/model-0004.params"
2024-04-02 12:13:34,298 [INFO]  Epoch[4] Validation-cross-entropy=0.838504
2024-04-02 12:13:34,298 [INFO]  Epoch[4] Validation-still-accuracy=0.000000
2024-04-02 12:13:34,298 [INFO]  
========== done (0.03090357780456543 s) fit model
2024-04-02 12:13:36,974 [INFO]  
========== start: fit model
2024-04-02 12:13:36,974 [WARNING]  Already bound, ignoring bind()
2024-04-02 12:13:36,979 [INFO]  Epoch[0] Batch [0-3]	Speed: 18312.41 samples/sec	cross-entropy=11.121857	still-accuracy=2.000000
2024-04-02 12:13:36,981 [INFO]  Epoch[0] Train-cross-entropy=10.701805
2024-04-02 12:13:36,981 [INFO]  Epoch[0] Train-still-accuracy=2.833333
2024-04-02 12:13:36,981 [INFO]  Epoch[0] Time cost=0.006
2024-04-02 12:13:36,983 [INFO]  Saved checkpoint to "./imputer_model/imputer_model_still/model-0000.params"
2024-04-02 12:13:36,983 [INFO]  Epoch[0] Validation-cross-entropy=3.235560
2024-04-02 12:13:36,983 [INFO]  Epoch[0] Validation-still-accuracy=0.000000
2024-04-02 12:13:36,986 [INFO]  Epoch[1] Batch [0-3]	Speed: 27830.60 samples/sec	cross-entropy=3.343807	still-accuracy=2.000000
2024-04-02 12:13:36,987 [INFO]  Epoch[1] Train-cross-entropy=3.335009
2024-04-02 12:13:36,987 [INFO]  Epoch[1] Train-still-accuracy=2.833333
2024-04-02 12:13:36,987 [INFO]  Epoch[1] Time cost=0.004
2024-04-02 12:13:36,989 [INFO]  Saved checkpoint to "./imputer_model/imputer_model_still/model-0001.params"
2024-04-02 12:13:36,989 [INFO]  Epoch[1] Validation-cross-entropy=0.863277
2024-04-02 12:13:36,989 [INFO]  Epoch[1] Validation-still-accuracy=0.000000
2024-04-02 12:13:36,992 [INFO]  Epoch[2] Batch [0-3]	Speed: 24412.10 samples/sec	cross-entropy=1.399703	still-accuracy=2.000000
2024-04-02 12:13:36,993 [INFO]  Epoch[2] Train-cross-entropy=1.641016
2024-04-02 12:13:36,993 [INFO]  Epoch[2] Train-still-accuracy=2.833333
2024-04-02 12:13:36,993 [INFO]  Epoch[2] Time cost=0.004
2024-04-02 12:13:36,994 [INFO]  Saved checkpoint to "./imputer_model/imputer_model_still/model-0002.params"
2024-04-02 12:13:36,995 [INFO]  Epoch[2] Validation-cross-entropy=0.678519
2024-04-02 12:13:36,995 [INFO]  Epoch[2] Validation-still-accuracy=0.000000
2024-04-02 12:13:36,997 [INFO]  Epoch[3] Batch [0-3]	Speed: 28765.05 samples/sec	cross-entropy=0.853075	still-accuracy=2.000000
2024-04-02 12:13:36,999 [INFO]  Epoch[3] Train-cross-entropy=1.093266
2024-04-02 12:13:36,999 [INFO]  Epoch[3] Train-still-accuracy=2.833333
2024-04-02 12:13:36,999 [INFO]  Epoch[3] Time cost=0.004
2024-04-02 12:13:37,000 [INFO]  Saved checkpoint to "./imputer_model/imputer_model_still/model-0003.params"
2024-04-02 12:13:37,001 [INFO]  Epoch[3] Validation-cross-entropy=0.302528
2024-04-02 12:13:37,001 [INFO]  Epoch[3] Validation-still-accuracy=0.000000
2024-04-02 12:13:37,003 [INFO]  Epoch[4] Batch [0-3]	Speed: 28695.35 samples/sec	cross-entropy=0.522524	still-accuracy=2.000000
2024-04-02 12:13:37,004 [INFO]  Epoch[4] Train-cross-entropy=0.611056
2024-04-02 12:13:37,004 [INFO]  Epoch[4] Train-still-accuracy=2.833333
2024-04-02 12:13:37,004 [INFO]  Epoch[4] Time cost=0.004
2024-04-02 12:13:37,006 [INFO]  Saved checkpoint to "./imputer_model/imputer_model_still/model-0004.params"
2024-04-02 12:13:37,006 [INFO]  Epoch[4] Validation-cross-entropy=0.188325
2024-04-02 12:13:37,006 [INFO]  Epoch[4] Validation-still-accuracy=0.000000
2024-04-02 12:13:37,006 [INFO]  
========== done (0.03258466720581055 s) fit model
2024-04-02 12:13:40,145 [INFO]  
========== start: fit model
2024-04-02 12:13:40,145 [WARNING]  Already bound, ignoring bind()
2024-04-02 12:13:40,151 [INFO]  Epoch[0] Batch [0-3]	Speed: 21225.79 samples/sec	cross-entropy=20.455938	still-accuracy=0.000000
2024-04-02 12:13:40,152 [INFO]  Epoch[0] Train-cross-entropy=16.944958
2024-04-02 12:13:40,152 [INFO]  Epoch[0] Train-still-accuracy=0.000000
2024-04-02 12:13:40,152 [INFO]  Epoch[0] Time cost=0.007
2024-04-02 12:13:40,154 [INFO]  Saved checkpoint to "./imputer_model/imputer_model_still/model-0000.params"
2024-04-02 12:13:40,154 [INFO]  Epoch[0] Validation-cross-entropy=19.487705
2024-04-02 12:13:40,154 [INFO]  Epoch[0] Validation-still-accuracy=0.000000
2024-04-02 12:13:40,157 [INFO]  Epoch[1] Batch [0-3]	Speed: 24267.91 samples/sec	cross-entropy=7.484047	still-accuracy=0.000000
2024-04-02 12:13:40,158 [INFO]  Epoch[1] Train-cross-entropy=6.555825
2024-04-02 12:13:40,158 [INFO]  Epoch[1] Train-still-accuracy=0.000000
2024-04-02 12:13:40,158 [INFO]  Epoch[1] Time cost=0.004
2024-04-02 12:13:40,159 [INFO]  Saved checkpoint to "./imputer_model/imputer_model_still/model-0001.params"
2024-04-02 12:13:40,160 [INFO]  Epoch[1] Validation-cross-entropy=8.650629
2024-04-02 12:13:40,160 [INFO]  Epoch[1] Validation-still-accuracy=0.000000
2024-04-02 12:13:40,163 [INFO]  Epoch[2] Batch [0-3]	Speed: 22489.57 samples/sec	cross-entropy=3.690865	still-accuracy=0.000000
2024-04-02 12:13:40,164 [INFO]  Epoch[2] Train-cross-entropy=3.360166
2024-04-02 12:13:40,164 [INFO]  Epoch[2] Train-still-accuracy=0.000000
2024-04-02 12:13:40,164 [INFO]  Epoch[2] Time cost=0.004
2024-04-02 12:13:40,166 [INFO]  Saved checkpoint to "./imputer_model/imputer_model_still/model-0002.params"
2024-04-02 12:13:40,166 [INFO]  Epoch[2] Validation-cross-entropy=3.259139
2024-04-02 12:13:40,166 [INFO]  Epoch[2] Validation-still-accuracy=0.000000
2024-04-02 12:13:40,171 [INFO]  Epoch[3] Batch [0-3]	Speed: 14364.05 samples/sec	cross-entropy=1.700725	still-accuracy=0.000000
2024-04-02 12:13:40,174 [INFO]  Epoch[3] Train-cross-entropy=1.535603
2024-04-02 12:13:40,174 [INFO]  Epoch[3] Train-still-accuracy=0.000000
2024-04-02 12:13:40,174 [INFO]  Epoch[3] Time cost=0.007
2024-04-02 12:13:40,176 [INFO]  Saved checkpoint to "./imputer_model/imputer_model_still/model-0003.params"
2024-04-02 12:13:40,178 [INFO]  Epoch[3] Validation-cross-entropy=0.677688
2024-04-02 12:13:40,178 [INFO]  Epoch[3] Validation-still-accuracy=0.000000
2024-04-02 12:13:40,269 [INFO]  Epoch[4] Batch [0-3]	Speed: 535.69 samples/sec	cross-entropy=0.616467	still-accuracy=0.000000
2024-04-02 12:13:40,271 [INFO]  Epoch[4] Train-cross-entropy=0.586028
2024-04-02 12:13:40,271 [INFO]  Epoch[4] Train-still-accuracy=0.000000
2024-04-02 12:13:40,271 [INFO]  Epoch[4] Time cost=0.093
2024-04-02 12:13:40,273 [INFO]  Saved checkpoint to "./imputer_model/imputer_model_still/model-0004.params"
2024-04-02 12:13:40,273 [INFO]  Epoch[4] Validation-cross-entropy=0.462734
2024-04-02 12:13:40,273 [INFO]  Epoch[4] Validation-still-accuracy=0.000000
2024-04-02 12:13:40,273 [INFO]  
========== done (0.12849879264831543 s) fit model
2024-04-02 12:13:42,932 [INFO]  
========== start: fit model
2024-04-02 12:13:42,932 [WARNING]  Already bound, ignoring bind()
2024-04-02 12:13:42,936 [INFO]  Epoch[0] Batch [0-3]	Speed: 21121.13 samples/sec	cross-entropy=16.891946	still-accuracy=3.500000
2024-04-02 12:13:42,938 [INFO]  Epoch[0] Train-cross-entropy=14.221583
2024-04-02 12:13:42,938 [INFO]  Epoch[0] Train-still-accuracy=4.000000
2024-04-02 12:13:42,938 [INFO]  Epoch[0] Time cost=0.005
2024-04-02 12:13:42,939 [INFO]  Saved checkpoint to "./imputer_model/imputer_model_still/model-0000.params"
2024-04-02 12:13:42,940 [INFO]  Epoch[0] Validation-cross-entropy=24.184467
2024-04-02 12:13:42,940 [INFO]  Epoch[0] Validation-still-accuracy=0.000000
2024-04-02 12:13:42,943 [INFO]  Epoch[1] Batch [0-3]	Speed: 22867.63 samples/sec	cross-entropy=5.307996	still-accuracy=3.500000
2024-04-02 12:13:42,944 [INFO]  Epoch[1] Train-cross-entropy=4.596175
2024-04-02 12:13:42,945 [INFO]  Epoch[1] Train-still-accuracy=4.000000
2024-04-02 12:13:42,945 [INFO]  Epoch[1] Time cost=0.005
2024-04-02 12:13:42,946 [INFO]  Saved checkpoint to "./imputer_model/imputer_model_still/model-0001.params"
2024-04-02 12:13:42,946 [INFO]  Epoch[1] Validation-cross-entropy=9.548841
2024-04-02 12:13:42,946 [INFO]  Epoch[1] Validation-still-accuracy=0.000000
2024-04-02 12:13:42,950 [INFO]  Epoch[2] Batch [0-3]	Speed: 21074.70 samples/sec	cross-entropy=2.454405	still-accuracy=3.500000
2024-04-02 12:13:42,951 [INFO]  Epoch[2] Train-cross-entropy=2.184219
2024-04-02 12:13:42,951 [INFO]  Epoch[2] Train-still-accuracy=4.000000
2024-04-02 12:13:42,951 [INFO]  Epoch[2] Time cost=0.005
2024-04-02 12:13:42,953 [INFO]  Saved checkpoint to "./imputer_model/imputer_model_still/model-0002.params"
2024-04-02 12:13:42,953 [INFO]  Epoch[2] Validation-cross-entropy=5.470294
2024-04-02 12:13:42,953 [INFO]  Epoch[2] Validation-still-accuracy=0.000000
2024-04-02 12:13:42,956 [INFO]  Epoch[3] Batch [0-3]	Speed: 24320.68 samples/sec	cross-entropy=1.808995	still-accuracy=3.500000
2024-04-02 12:13:42,957 [INFO]  Epoch[3] Train-cross-entropy=1.553520
2024-04-02 12:13:42,957 [INFO]  Epoch[3] Train-still-accuracy=4.000000
2024-04-02 12:13:42,957 [INFO]  Epoch[3] Time cost=0.004
2024-04-02 12:13:42,959 [INFO]  Saved checkpoint to "./imputer_model/imputer_model_still/model-0003.params"
2024-04-02 12:13:42,959 [INFO]  Epoch[3] Validation-cross-entropy=4.820176
2024-04-02 12:13:42,959 [INFO]  Epoch[3] Validation-still-accuracy=0.000000
2024-04-02 12:13:42,962 [INFO]  Epoch[4] Batch [0-3]	Speed: 24672.38 samples/sec	cross-entropy=1.131988	still-accuracy=3.500000
2024-04-02 12:13:42,963 [INFO]  Epoch[4] Train-cross-entropy=0.974021
2024-04-02 12:13:42,963 [INFO]  Epoch[4] Train-still-accuracy=4.000000
2024-04-02 12:13:42,964 [INFO]  Epoch[4] Time cost=0.004
2024-04-02 12:13:42,965 [INFO]  Saved checkpoint to "./imputer_model/imputer_model_still/model-0004.params"
2024-04-02 12:13:42,965 [INFO]  Epoch[4] Validation-cross-entropy=5.039199
2024-04-02 12:13:42,965 [INFO]  Epoch[4] Validation-still-accuracy=0.000000
2024-04-02 12:13:42,965 [INFO]  
========== done (0.03389239311218262 s) fit model
2024-04-02 12:13:45,905 [INFO]  
========== start: fit model
2024-04-02 12:13:45,905 [WARNING]  Already bound, ignoring bind()
2024-04-02 12:13:45,909 [INFO]  Epoch[0] Batch [0-3]	Speed: 22524.79 samples/sec	cross-entropy=37.670705	still-accuracy=0.000000
2024-04-02 12:13:45,910 [INFO]  Epoch[0] Train-cross-entropy=32.158470
2024-04-02 12:13:45,911 [INFO]  Epoch[0] Train-still-accuracy=0.000000
2024-04-02 12:13:45,911 [INFO]  Epoch[0] Time cost=0.005
2024-04-02 12:13:45,912 [INFO]  Saved checkpoint to "./imputer_model/imputer_model_still/model-0000.params"
2024-04-02 12:13:45,912 [INFO]  Epoch[0] Validation-cross-entropy=11.544221
2024-04-02 12:13:45,912 [INFO]  Epoch[0] Validation-still-accuracy=0.000000
2024-04-02 12:13:45,915 [INFO]  Epoch[1] Batch [0-3]	Speed: 23391.03 samples/sec	cross-entropy=14.059790	still-accuracy=0.000000
2024-04-02 12:13:45,917 [INFO]  Epoch[1] Train-cross-entropy=12.808979
2024-04-02 12:13:45,917 [INFO]  Epoch[1] Train-still-accuracy=0.000000
2024-04-02 12:13:45,917 [INFO]  Epoch[1] Time cost=0.004
2024-04-02 12:13:45,918 [INFO]  Saved checkpoint to "./imputer_model/imputer_model_still/model-0001.params"
2024-04-02 12:13:45,919 [INFO]  Epoch[1] Validation-cross-entropy=5.518784
2024-04-02 12:13:45,919 [INFO]  Epoch[1] Validation-still-accuracy=0.000000
2024-04-02 12:13:45,921 [INFO]  Epoch[2] Batch [0-3]	Speed: 23927.57 samples/sec	cross-entropy=6.244501	still-accuracy=0.000000
2024-04-02 12:13:45,923 [INFO]  Epoch[2] Train-cross-entropy=6.058947
2024-04-02 12:13:45,923 [INFO]  Epoch[2] Train-still-accuracy=0.000000
2024-04-02 12:13:45,923 [INFO]  Epoch[2] Time cost=0.004
2024-04-02 12:13:45,924 [INFO]  Saved checkpoint to "./imputer_model/imputer_model_still/model-0002.params"
2024-04-02 12:13:45,924 [INFO]  Epoch[2] Validation-cross-entropy=2.542287
2024-04-02 12:13:45,924 [INFO]  Epoch[2] Validation-still-accuracy=0.000000
2024-04-02 12:13:45,927 [INFO]  Epoch[3] Batch [0-3]	Speed: 26556.73 samples/sec	cross-entropy=3.828367	still-accuracy=0.000000
2024-04-02 12:13:45,928 [INFO]  Epoch[3] Train-cross-entropy=3.588871
2024-04-02 12:13:45,928 [INFO]  Epoch[3] Train-still-accuracy=0.000000
2024-04-02 12:13:45,928 [INFO]  Epoch[3] Time cost=0.004
2024-04-02 12:13:45,930 [INFO]  Saved checkpoint to "./imputer_model/imputer_model_still/model-0003.params"
2024-04-02 12:13:45,930 [INFO]  Epoch[3] Validation-cross-entropy=1.490364
2024-04-02 12:13:45,930 [INFO]  Epoch[3] Validation-still-accuracy=0.000000
2024-04-02 12:13:45,932 [INFO]  Epoch[4] Batch [0-3]	Speed: 27861.42 samples/sec	cross-entropy=2.491117	still-accuracy=0.000000
2024-04-02 12:13:45,934 [INFO]  Epoch[4] Train-cross-entropy=2.206182
2024-04-02 12:13:45,934 [INFO]  Epoch[4] Train-still-accuracy=0.000000
2024-04-02 12:13:45,934 [INFO]  Epoch[4] Time cost=0.004
2024-04-02 12:13:45,935 [INFO]  Saved checkpoint to "./imputer_model/imputer_model_still/model-0004.params"
2024-04-02 12:13:45,935 [INFO]  Epoch[4] Validation-cross-entropy=1.184981
2024-04-02 12:13:45,935 [INFO]  Epoch[4] Validation-still-accuracy=0.000000
2024-04-02 12:13:45,936 [INFO]  
========== done (0.030789852142333984 s) fit model
2024-04-02 12:13:48,910 [INFO]  
========== start: fit model
2024-04-02 12:13:48,910 [WARNING]  Already bound, ignoring bind()
2024-04-02 12:13:48,914 [INFO]  Epoch[0] Batch [0-3]	Speed: 23385.60 samples/sec	cross-entropy=13.514985	still-accuracy=0.000000
2024-04-02 12:13:48,915 [INFO]  Epoch[0] Train-cross-entropy=11.192040
2024-04-02 12:13:48,916 [INFO]  Epoch[0] Train-still-accuracy=0.000000
2024-04-02 12:13:48,916 [INFO]  Epoch[0] Time cost=0.005
2024-04-02 12:13:48,917 [INFO]  Saved checkpoint to "./imputer_model/imputer_model_still/model-0000.params"
2024-04-02 12:13:48,917 [INFO]  Epoch[0] Validation-cross-entropy=9.999306
2024-04-02 12:13:48,917 [INFO]  Epoch[0] Validation-still-accuracy=0.000000
2024-04-02 12:13:48,922 [INFO]  Epoch[1] Batch [0-3]	Speed: 13949.05 samples/sec	cross-entropy=4.424757	still-accuracy=0.000000
2024-04-02 12:13:48,925 [INFO]  Epoch[1] Train-cross-entropy=3.562808
2024-04-02 12:13:48,925 [INFO]  Epoch[1] Train-still-accuracy=0.000000
2024-04-02 12:13:48,925 [INFO]  Epoch[1] Time cost=0.008
2024-04-02 12:13:48,927 [INFO]  Saved checkpoint to "./imputer_model/imputer_model_still/model-0001.params"
2024-04-02 12:13:48,928 [INFO]  Epoch[1] Validation-cross-entropy=1.574962
2024-04-02 12:13:48,928 [INFO]  Epoch[1] Validation-still-accuracy=0.000000
2024-04-02 12:13:48,933 [INFO]  Epoch[2] Batch [0-3]	Speed: 13791.38 samples/sec	cross-entropy=2.457486	still-accuracy=0.000000
2024-04-02 12:13:48,935 [INFO]  Epoch[2] Train-cross-entropy=2.049328
2024-04-02 12:13:48,935 [INFO]  Epoch[2] Train-still-accuracy=0.000000
2024-04-02 12:13:48,935 [INFO]  Epoch[2] Time cost=0.007
2024-04-02 12:13:48,936 [INFO]  Saved checkpoint to "./imputer_model/imputer_model_still/model-0002.params"
2024-04-02 12:13:48,937 [INFO]  Epoch[2] Validation-cross-entropy=0.431823
2024-04-02 12:13:48,937 [INFO]  Epoch[2] Validation-still-accuracy=0.000000
2024-04-02 12:13:48,958 [INFO]  Epoch[3] Batch [0-3]	Speed: 22575.31 samples/sec	cross-entropy=1.323597	still-accuracy=0.000000
2024-04-02 12:13:48,960 [INFO]  Epoch[3] Train-cross-entropy=1.074623
2024-04-02 12:13:48,961 [INFO]  Epoch[3] Train-still-accuracy=0.000000
2024-04-02 12:13:48,961 [INFO]  Epoch[3] Time cost=0.023
2024-04-02 12:13:48,962 [INFO]  Saved checkpoint to "./imputer_model/imputer_model_still/model-0003.params"
2024-04-02 12:13:48,963 [INFO]  Epoch[3] Validation-cross-entropy=0.393746
2024-04-02 12:13:48,963 [INFO]  Epoch[3] Validation-still-accuracy=0.000000
2024-04-02 12:13:48,966 [INFO]  Epoch[4] Batch [0-3]	Speed: 23272.06 samples/sec	cross-entropy=0.949167	still-accuracy=0.000000
2024-04-02 12:13:48,967 [INFO]  Epoch[4] Train-cross-entropy=0.767946
2024-04-02 12:13:48,968 [INFO]  Epoch[4] Train-still-accuracy=0.000000
2024-04-02 12:13:48,968 [INFO]  Epoch[4] Time cost=0.005
2024-04-02 12:13:48,969 [INFO]  Saved checkpoint to "./imputer_model/imputer_model_still/model-0004.params"
2024-04-02 12:13:48,969 [INFO]  Epoch[4] Validation-cross-entropy=0.649624
2024-04-02 12:13:48,969 [INFO]  Epoch[4] Validation-still-accuracy=0.000000
2024-04-02 12:13:48,969 [INFO]  
========== done (0.05968904495239258 s) fit model
2024-04-02 12:13:51,869 [INFO]  
========== start: fit model
2024-04-02 12:13:51,870 [WARNING]  Already bound, ignoring bind()
2024-04-02 12:13:51,874 [INFO]  Epoch[0] Batch [0-3]	Speed: 19628.21 samples/sec	cross-entropy=16.593434	still-accuracy=0.000000
2024-04-02 12:13:51,876 [INFO]  Epoch[0] Train-cross-entropy=18.957520
2024-04-02 12:13:51,876 [INFO]  Epoch[0] Train-still-accuracy=0.000000
2024-04-02 12:13:51,876 [INFO]  Epoch[0] Time cost=0.006
2024-04-02 12:13:51,878 [INFO]  Saved checkpoint to "./imputer_model/imputer_model_still/model-0000.params"
2024-04-02 12:13:51,878 [INFO]  Epoch[0] Validation-cross-entropy=17.106842
2024-04-02 12:13:51,878 [INFO]  Epoch[0] Validation-still-accuracy=0.000000
2024-04-02 12:13:51,882 [INFO]  Epoch[1] Batch [0-3]	Speed: 19247.28 samples/sec	cross-entropy=4.980696	still-accuracy=0.000000
2024-04-02 12:13:51,883 [INFO]  Epoch[1] Train-cross-entropy=5.617733
2024-04-02 12:13:51,883 [INFO]  Epoch[1] Train-still-accuracy=0.000000
2024-04-02 12:13:51,883 [INFO]  Epoch[1] Time cost=0.005
2024-04-02 12:13:51,885 [INFO]  Saved checkpoint to "./imputer_model/imputer_model_still/model-0001.params"
2024-04-02 12:13:51,885 [INFO]  Epoch[1] Validation-cross-entropy=12.471123
2024-04-02 12:13:51,885 [INFO]  Epoch[1] Validation-still-accuracy=0.000000
2024-04-02 12:13:51,891 [INFO]  Epoch[2] Batch [0-3]	Speed: 9905.85 samples/sec	cross-entropy=3.620779	still-accuracy=0.000000
2024-04-02 12:13:51,895 [INFO]  Epoch[2] Train-cross-entropy=3.631855
2024-04-02 12:13:51,895 [INFO]  Epoch[2] Train-still-accuracy=0.000000
2024-04-02 12:13:51,895 [INFO]  Epoch[2] Time cost=0.010
2024-04-02 12:13:51,899 [INFO]  Saved checkpoint to "./imputer_model/imputer_model_still/model-0002.params"
2024-04-02 12:13:51,900 [INFO]  Epoch[2] Validation-cross-entropy=7.132593
2024-04-02 12:13:51,900 [INFO]  Epoch[2] Validation-still-accuracy=0.000000
2024-04-02 12:13:51,906 [INFO]  Epoch[3] Batch [0-3]	Speed: 11800.40 samples/sec	cross-entropy=3.296390	still-accuracy=0.000000
2024-04-02 12:13:51,909 [INFO]  Epoch[3] Train-cross-entropy=2.977363
2024-04-02 12:13:51,909 [INFO]  Epoch[3] Train-still-accuracy=0.000000
2024-04-02 12:13:51,909 [INFO]  Epoch[3] Time cost=0.009
2024-04-02 12:13:51,912 [INFO]  Saved checkpoint to "./imputer_model/imputer_model_still/model-0003.params"
2024-04-02 12:13:51,912 [INFO]  Epoch[3] Validation-cross-entropy=4.434577
2024-04-02 12:13:51,912 [INFO]  Epoch[3] Validation-still-accuracy=0.000000
2024-04-02 12:13:51,917 [INFO]  Epoch[4] Batch [0-3]	Speed: 16038.13 samples/sec	cross-entropy=1.998641	still-accuracy=0.000000
2024-04-02 12:13:51,919 [INFO]  Epoch[4] Train-cross-entropy=1.725094
2024-04-02 12:13:51,919 [INFO]  Epoch[4] Train-still-accuracy=0.000000
2024-04-02 12:13:51,919 [INFO]  Epoch[4] Time cost=0.006
2024-04-02 12:13:51,921 [INFO]  Saved checkpoint to "./imputer_model/imputer_model_still/model-0004.params"
2024-04-02 12:13:51,922 [INFO]  Epoch[4] Validation-cross-entropy=3.452430
2024-04-02 12:13:51,922 [INFO]  Epoch[4] Validation-still-accuracy=0.000000
2024-04-02 12:13:51,922 [INFO]  
========== done (0.05237913131713867 s) fit model
2024-04-02 12:13:55,816 [INFO]  
========== start: fit model
2024-04-02 12:13:55,816 [WARNING]  Already bound, ignoring bind()
2024-04-02 12:13:55,820 [INFO]  Epoch[0] Batch [0-3]	Speed: 23156.96 samples/sec	cross-entropy=24.186657	still-accuracy=2.500000
2024-04-02 12:13:55,822 [INFO]  Epoch[0] Train-cross-entropy=21.014615
2024-04-02 12:13:55,822 [INFO]  Epoch[0] Train-still-accuracy=2.166667
2024-04-02 12:13:55,822 [INFO]  Epoch[0] Time cost=0.005
2024-04-02 12:13:55,824 [INFO]  Saved checkpoint to "./imputer_model/imputer_model_still/model-0000.params"
2024-04-02 12:13:55,824 [INFO]  Epoch[0] Validation-cross-entropy=5.986093
2024-04-02 12:13:55,824 [INFO]  Epoch[0] Validation-still-accuracy=0.000000
2024-04-02 12:13:55,827 [INFO]  Epoch[1] Batch [0-3]	Speed: 24492.29 samples/sec	cross-entropy=8.138892	still-accuracy=2.500000
2024-04-02 12:13:55,829 [INFO]  Epoch[1] Train-cross-entropy=7.284987
2024-04-02 12:13:55,829 [INFO]  Epoch[1] Train-still-accuracy=2.166667
2024-04-02 12:13:55,829 [INFO]  Epoch[1] Time cost=0.004
2024-04-02 12:13:55,830 [INFO]  Saved checkpoint to "./imputer_model/imputer_model_still/model-0001.params"
2024-04-02 12:13:55,830 [INFO]  Epoch[1] Validation-cross-entropy=1.477374
2024-04-02 12:13:55,831 [INFO]  Epoch[1] Validation-still-accuracy=0.000000
2024-04-02 12:13:55,834 [INFO]  Epoch[2] Batch [0-3]	Speed: 18994.87 samples/sec	cross-entropy=3.500941	still-accuracy=2.500000
2024-04-02 12:13:55,836 [INFO]  Epoch[2] Train-cross-entropy=3.173934
2024-04-02 12:13:55,836 [INFO]  Epoch[2] Train-still-accuracy=2.166667
2024-04-02 12:13:55,836 [INFO]  Epoch[2] Time cost=0.005
2024-04-02 12:13:55,837 [INFO]  Saved checkpoint to "./imputer_model/imputer_model_still/model-0002.params"
2024-04-02 12:13:55,838 [INFO]  Epoch[2] Validation-cross-entropy=0.670107
2024-04-02 12:13:55,838 [INFO]  Epoch[2] Validation-still-accuracy=0.000000
2024-04-02 12:13:55,841 [INFO]  Epoch[3] Batch [0-3]	Speed: 17699.04 samples/sec	cross-entropy=2.815884	still-accuracy=2.500000
2024-04-02 12:13:55,843 [INFO]  Epoch[3] Train-cross-entropy=2.327775
2024-04-02 12:13:55,843 [INFO]  Epoch[3] Train-still-accuracy=2.166667
2024-04-02 12:13:55,843 [INFO]  Epoch[3] Time cost=0.006
2024-04-02 12:13:55,845 [INFO]  Saved checkpoint to "./imputer_model/imputer_model_still/model-0003.params"
2024-04-02 12:13:55,846 [INFO]  Epoch[3] Validation-cross-entropy=0.366337
2024-04-02 12:13:55,846 [INFO]  Epoch[3] Validation-still-accuracy=0.000000
2024-04-02 12:13:55,849 [INFO]  Epoch[4] Batch [0-3]	Speed: 21054.86 samples/sec	cross-entropy=1.866980	still-accuracy=2.500000
2024-04-02 12:13:55,851 [INFO]  Epoch[4] Train-cross-entropy=1.482059
2024-04-02 12:13:55,851 [INFO]  Epoch[4] Train-still-accuracy=2.166667
2024-04-02 12:13:55,851 [INFO]  Epoch[4] Time cost=0.005
2024-04-02 12:13:55,852 [INFO]  Saved checkpoint to "./imputer_model/imputer_model_still/model-0004.params"
2024-04-02 12:13:55,853 [INFO]  Epoch[4] Validation-cross-entropy=0.190255
2024-04-02 12:13:55,853 [INFO]  Epoch[4] Validation-still-accuracy=0.000000
2024-04-02 12:13:55,853 [INFO]  
========== done (0.036992788314819336 s) fit model
2024-04-02 12:13:59,029 [INFO]  
========== start: fit model
2024-04-02 12:13:59,030 [WARNING]  Already bound, ignoring bind()
2024-04-02 12:13:59,034 [INFO]  Epoch[0] Batch [0-3]	Speed: 21578.41 samples/sec	cross-entropy=19.023818	still-accuracy=0.000000
2024-04-02 12:13:59,035 [INFO]  Epoch[0] Train-cross-entropy=15.018447
2024-04-02 12:13:59,035 [INFO]  Epoch[0] Train-still-accuracy=0.000000
2024-04-02 12:13:59,035 [INFO]  Epoch[0] Time cost=0.005
2024-04-02 12:13:59,037 [INFO]  Saved checkpoint to "./imputer_model/imputer_model_still/model-0000.params"
2024-04-02 12:13:59,037 [INFO]  Epoch[0] Validation-cross-entropy=8.160550
2024-04-02 12:13:59,037 [INFO]  Epoch[0] Validation-still-accuracy=0.000000
2024-04-02 12:13:59,042 [INFO]  Epoch[1] Batch [0-3]	Speed: 13207.81 samples/sec	cross-entropy=7.152089	still-accuracy=0.000000
2024-04-02 12:13:59,044 [INFO]  Epoch[1] Train-cross-entropy=6.052008
2024-04-02 12:13:59,044 [INFO]  Epoch[1] Train-still-accuracy=0.000000
2024-04-02 12:13:59,044 [INFO]  Epoch[1] Time cost=0.007
2024-04-02 12:13:59,047 [INFO]  Saved checkpoint to "./imputer_model/imputer_model_still/model-0001.params"
2024-04-02 12:13:59,047 [INFO]  Epoch[1] Validation-cross-entropy=4.631013
2024-04-02 12:13:59,048 [INFO]  Epoch[1] Validation-still-accuracy=0.000000
2024-04-02 12:13:59,052 [INFO]  Epoch[2] Batch [0-3]	Speed: 14343.59 samples/sec	cross-entropy=4.621357	still-accuracy=0.000000
2024-04-02 12:13:59,054 [INFO]  Epoch[2] Train-cross-entropy=3.859882
2024-04-02 12:13:59,054 [INFO]  Epoch[2] Train-still-accuracy=0.000000
2024-04-02 12:13:59,054 [INFO]  Epoch[2] Time cost=0.007
2024-04-02 12:13:59,056 [INFO]  Saved checkpoint to "./imputer_model/imputer_model_still/model-0002.params"
2024-04-02 12:13:59,056 [INFO]  Epoch[2] Validation-cross-entropy=2.260960
2024-04-02 12:13:59,056 [INFO]  Epoch[2] Validation-still-accuracy=0.000000
2024-04-02 12:13:59,060 [INFO]  Epoch[3] Batch [0-3]	Speed: 20621.39 samples/sec	cross-entropy=2.165814	still-accuracy=0.000000
2024-04-02 12:13:59,061 [INFO]  Epoch[3] Train-cross-entropy=1.969200
2024-04-02 12:13:59,061 [INFO]  Epoch[3] Train-still-accuracy=0.000000
2024-04-02 12:13:59,061 [INFO]  Epoch[3] Time cost=0.005
2024-04-02 12:13:59,063 [INFO]  Saved checkpoint to "./imputer_model/imputer_model_still/model-0003.params"
2024-04-02 12:13:59,063 [INFO]  Epoch[3] Validation-cross-entropy=1.150376
2024-04-02 12:13:59,063 [INFO]  Epoch[3] Validation-still-accuracy=0.000000
2024-04-02 12:13:59,066 [INFO]  Epoch[4] Batch [0-3]	Speed: 24555.02 samples/sec	cross-entropy=1.447578	still-accuracy=0.000000
2024-04-02 12:13:59,067 [INFO]  Epoch[4] Train-cross-entropy=1.218934
2024-04-02 12:13:59,068 [INFO]  Epoch[4] Train-still-accuracy=0.000000
2024-04-02 12:13:59,068 [INFO]  Epoch[4] Time cost=0.004
2024-04-02 12:13:59,069 [INFO]  Saved checkpoint to "./imputer_model/imputer_model_still/model-0004.params"
2024-04-02 12:13:59,069 [INFO]  Epoch[4] Validation-cross-entropy=1.190665
2024-04-02 12:13:59,069 [INFO]  Epoch[4] Validation-still-accuracy=0.000000
2024-04-02 12:13:59,069 [INFO]  
========== done (0.040069580078125 s) fit model
2024-04-02 12:14:02,165 [INFO]  
========== start: fit model
2024-04-02 12:14:02,165 [WARNING]  Already bound, ignoring bind()
2024-04-02 12:14:02,169 [INFO]  Epoch[0] Batch [0-3]	Speed: 22369.62 samples/sec	cross-entropy=12.561996	still-accuracy=0.000000
2024-04-02 12:14:02,171 [INFO]  Epoch[0] Train-cross-entropy=10.962821
2024-04-02 12:14:02,171 [INFO]  Epoch[0] Train-still-accuracy=0.000000
2024-04-02 12:14:02,171 [INFO]  Epoch[0] Time cost=0.005
2024-04-02 12:14:02,172 [INFO]  Saved checkpoint to "./imputer_model/imputer_model_still/model-0000.params"
2024-04-02 12:14:02,173 [INFO]  Epoch[0] Validation-cross-entropy=18.291628
2024-04-02 12:14:02,173 [INFO]  Epoch[0] Validation-still-accuracy=0.000000
2024-04-02 12:14:02,177 [INFO]  Epoch[1] Batch [0-3]	Speed: 18747.24 samples/sec	cross-entropy=4.855777	still-accuracy=0.000000
2024-04-02 12:14:02,178 [INFO]  Epoch[1] Train-cross-entropy=3.968487
2024-04-02 12:14:02,178 [INFO]  Epoch[1] Train-still-accuracy=0.000000
2024-04-02 12:14:02,178 [INFO]  Epoch[1] Time cost=0.005
2024-04-02 12:14:02,179 [INFO]  Saved checkpoint to "./imputer_model/imputer_model_still/model-0001.params"
2024-04-02 12:14:02,180 [INFO]  Epoch[1] Validation-cross-entropy=6.133362
2024-04-02 12:14:02,180 [INFO]  Epoch[1] Validation-still-accuracy=0.000000
2024-04-02 12:14:02,183 [INFO]  Epoch[2] Batch [0-3]	Speed: 24264.99 samples/sec	cross-entropy=2.733645	still-accuracy=0.000000
2024-04-02 12:14:02,184 [INFO]  Epoch[2] Train-cross-entropy=2.298029
2024-04-02 12:14:02,184 [INFO]  Epoch[2] Train-still-accuracy=0.000000
2024-04-02 12:14:02,184 [INFO]  Epoch[2] Time cost=0.004
2024-04-02 12:14:02,185 [INFO]  Saved checkpoint to "./imputer_model/imputer_model_still/model-0002.params"
2024-04-02 12:14:02,186 [INFO]  Epoch[2] Validation-cross-entropy=1.202308
2024-04-02 12:14:02,186 [INFO]  Epoch[2] Validation-still-accuracy=0.000000
2024-04-02 12:14:02,188 [INFO]  Epoch[3] Batch [0-3]	Speed: 27560.11 samples/sec	cross-entropy=1.590038	still-accuracy=0.000000
2024-04-02 12:14:02,190 [INFO]  Epoch[3] Train-cross-entropy=1.358671
2024-04-02 12:14:02,190 [INFO]  Epoch[3] Train-still-accuracy=0.000000
2024-04-02 12:14:02,190 [INFO]  Epoch[3] Time cost=0.004
2024-04-02 12:14:02,191 [INFO]  Saved checkpoint to "./imputer_model/imputer_model_still/model-0003.params"
2024-04-02 12:14:02,191 [INFO]  Epoch[3] Validation-cross-entropy=0.435325
2024-04-02 12:14:02,191 [INFO]  Epoch[3] Validation-still-accuracy=0.000000
2024-04-02 12:14:02,195 [INFO]  Epoch[4] Batch [0-3]	Speed: 20556.12 samples/sec	cross-entropy=0.866186	still-accuracy=0.000000
2024-04-02 12:14:02,196 [INFO]  Epoch[4] Train-cross-entropy=0.719347
2024-04-02 12:14:02,196 [INFO]  Epoch[4] Train-still-accuracy=0.000000
2024-04-02 12:14:02,197 [INFO]  Epoch[4] Time cost=0.005
2024-04-02 12:14:02,198 [INFO]  Saved checkpoint to "./imputer_model/imputer_model_still/model-0004.params"
2024-04-02 12:14:02,199 [INFO]  Epoch[4] Validation-cross-entropy=0.307701
2024-04-02 12:14:02,199 [INFO]  Epoch[4] Validation-still-accuracy=0.000000
2024-04-02 12:14:02,199 [INFO]  
========== done (0.033759355545043945 s) fit model
2024-04-02 12:14:05,463 [INFO]  
========== start: fit model
2024-04-02 12:14:05,464 [WARNING]  Already bound, ignoring bind()
2024-04-02 12:14:05,467 [INFO]  Epoch[0] Batch [0-3]	Speed: 26092.09 samples/sec	cross-entropy=18.701169	still-accuracy=3.500000
2024-04-02 12:14:05,469 [INFO]  Epoch[0] Train-cross-entropy=17.288918
2024-04-02 12:14:05,469 [INFO]  Epoch[0] Train-still-accuracy=3.000000
2024-04-02 12:14:05,469 [INFO]  Epoch[0] Time cost=0.004
2024-04-02 12:14:05,470 [INFO]  Saved checkpoint to "./imputer_model/imputer_model_still/model-0000.params"
2024-04-02 12:14:05,470 [INFO]  Epoch[0] Validation-cross-entropy=19.739275
2024-04-02 12:14:05,471 [INFO]  Epoch[0] Validation-still-accuracy=0.000000
2024-04-02 12:14:05,473 [INFO]  Epoch[1] Batch [0-3]	Speed: 27294.82 samples/sec	cross-entropy=7.711388	still-accuracy=3.500000
2024-04-02 12:14:05,474 [INFO]  Epoch[1] Train-cross-entropy=7.232652
2024-04-02 12:14:05,474 [INFO]  Epoch[1] Train-still-accuracy=3.000000
2024-04-02 12:14:05,474 [INFO]  Epoch[1] Time cost=0.004
2024-04-02 12:14:05,476 [INFO]  Saved checkpoint to "./imputer_model/imputer_model_still/model-0001.params"
2024-04-02 12:14:05,476 [INFO]  Epoch[1] Validation-cross-entropy=21.690344
2024-04-02 12:14:05,476 [INFO]  Epoch[1] Validation-still-accuracy=0.000000
2024-04-02 12:14:05,479 [INFO]  Epoch[2] Batch [0-3]	Speed: 24806.14 samples/sec	cross-entropy=5.192617	still-accuracy=3.500000
2024-04-02 12:14:05,480 [INFO]  Epoch[2] Train-cross-entropy=4.896310
2024-04-02 12:14:05,480 [INFO]  Epoch[2] Train-still-accuracy=3.000000
2024-04-02 12:14:05,480 [INFO]  Epoch[2] Time cost=0.004
2024-04-02 12:14:05,481 [INFO]  Saved checkpoint to "./imputer_model/imputer_model_still/model-0002.params"
2024-04-02 12:14:05,482 [INFO]  Epoch[2] Validation-cross-entropy=16.542322
2024-04-02 12:14:05,482 [INFO]  Epoch[2] Validation-still-accuracy=0.000000
2024-04-02 12:14:05,484 [INFO]  Epoch[3] Batch [0-3]	Speed: 27822.91 samples/sec	cross-entropy=3.537309	still-accuracy=3.500000
2024-04-02 12:14:05,485 [INFO]  Epoch[3] Train-cross-entropy=3.243695
2024-04-02 12:14:05,485 [INFO]  Epoch[3] Train-still-accuracy=3.000000
2024-04-02 12:14:05,486 [INFO]  Epoch[3] Time cost=0.004
2024-04-02 12:14:05,487 [INFO]  Saved checkpoint to "./imputer_model/imputer_model_still/model-0003.params"
2024-04-02 12:14:05,487 [INFO]  Epoch[3] Validation-cross-entropy=7.486681
2024-04-02 12:14:05,487 [INFO]  Epoch[3] Validation-still-accuracy=0.000000
2024-04-02 12:14:05,490 [INFO]  Epoch[4] Batch [0-3]	Speed: 28292.10 samples/sec	cross-entropy=1.866544	still-accuracy=3.500000
2024-04-02 12:14:05,491 [INFO]  Epoch[4] Train-cross-entropy=1.788796
2024-04-02 12:14:05,491 [INFO]  Epoch[4] Train-still-accuracy=3.000000
2024-04-02 12:14:05,491 [INFO]  Epoch[4] Time cost=0.004
2024-04-02 12:14:05,492 [INFO]  Saved checkpoint to "./imputer_model/imputer_model_still/model-0004.params"
2024-04-02 12:14:05,492 [INFO]  Epoch[4] Validation-cross-entropy=2.847174
2024-04-02 12:14:05,493 [INFO]  Epoch[4] Validation-still-accuracy=0.000000
2024-04-02 12:14:05,493 [INFO]  
========== done (0.029150724411010742 s) fit model
2024-04-02 12:14:09,250 [INFO]  
========== start: fit model
2024-04-02 12:14:09,250 [WARNING]  Already bound, ignoring bind()
2024-04-02 12:14:09,257 [INFO]  Epoch[0] Batch [0-3]	Speed: 15492.62 samples/sec	cross-entropy=22.255167	still-accuracy=3.750000
2024-04-02 12:14:09,260 [INFO]  Epoch[0] Train-cross-entropy=20.542318
2024-04-02 12:14:09,260 [INFO]  Epoch[0] Train-still-accuracy=3.000000
2024-04-02 12:14:09,260 [INFO]  Epoch[0] Time cost=0.008
2024-04-02 12:14:09,262 [INFO]  Saved checkpoint to "./imputer_model/imputer_model_still/model-0000.params"
2024-04-02 12:14:09,263 [INFO]  Epoch[0] Validation-cross-entropy=8.021855
2024-04-02 12:14:09,263 [INFO]  Epoch[0] Validation-still-accuracy=0.000000
2024-04-02 12:14:09,266 [INFO]  Epoch[1] Batch [0-3]	Speed: 20684.95 samples/sec	cross-entropy=9.594180	still-accuracy=3.750000
2024-04-02 12:14:09,268 [INFO]  Epoch[1] Train-cross-entropy=8.589455
2024-04-02 12:14:09,268 [INFO]  Epoch[1] Train-still-accuracy=3.000000
2024-04-02 12:14:09,268 [INFO]  Epoch[1] Time cost=0.005
2024-04-02 12:14:09,270 [INFO]  Saved checkpoint to "./imputer_model/imputer_model_still/model-0001.params"
2024-04-02 12:14:09,270 [INFO]  Epoch[1] Validation-cross-entropy=7.649540
2024-04-02 12:14:09,270 [INFO]  Epoch[1] Validation-still-accuracy=0.000000
2024-04-02 12:14:09,274 [INFO]  Epoch[2] Batch [0-3]	Speed: 18955.52 samples/sec	cross-entropy=5.616345	still-accuracy=3.750000
2024-04-02 12:14:09,275 [INFO]  Epoch[2] Train-cross-entropy=4.981677
2024-04-02 12:14:09,275 [INFO]  Epoch[2] Train-still-accuracy=3.000000
2024-04-02 12:14:09,275 [INFO]  Epoch[2] Time cost=0.005
2024-04-02 12:14:09,277 [INFO]  Saved checkpoint to "./imputer_model/imputer_model_still/model-0002.params"
2024-04-02 12:14:09,277 [INFO]  Epoch[2] Validation-cross-entropy=6.224730
2024-04-02 12:14:09,277 [INFO]  Epoch[2] Validation-still-accuracy=0.000000
2024-04-02 12:14:09,280 [INFO]  Epoch[3] Batch [0-3]	Speed: 24253.29 samples/sec	cross-entropy=3.852442	still-accuracy=3.750000
2024-04-02 12:14:09,281 [INFO]  Epoch[3] Train-cross-entropy=3.195393
2024-04-02 12:14:09,282 [INFO]  Epoch[3] Train-still-accuracy=3.000000
2024-04-02 12:14:09,282 [INFO]  Epoch[3] Time cost=0.004
2024-04-02 12:14:09,283 [INFO]  Saved checkpoint to "./imputer_model/imputer_model_still/model-0003.params"
2024-04-02 12:14:09,283 [INFO]  Epoch[3] Validation-cross-entropy=4.115256
2024-04-02 12:14:09,283 [INFO]  Epoch[3] Validation-still-accuracy=0.000000
2024-04-02 12:14:09,286 [INFO]  Epoch[4] Batch [0-3]	Speed: 24200.82 samples/sec	cross-entropy=2.392223	still-accuracy=3.750000
2024-04-02 12:14:09,288 [INFO]  Epoch[4] Train-cross-entropy=1.844495
2024-04-02 12:14:09,288 [INFO]  Epoch[4] Train-still-accuracy=3.000000
2024-04-02 12:14:09,288 [INFO]  Epoch[4] Time cost=0.004
2024-04-02 12:14:09,289 [INFO]  Saved checkpoint to "./imputer_model/imputer_model_still/model-0004.params"
2024-04-02 12:14:09,289 [INFO]  Epoch[4] Validation-cross-entropy=2.379394
2024-04-02 12:14:09,289 [INFO]  Epoch[4] Validation-still-accuracy=0.000000
2024-04-02 12:14:09,289 [INFO]  
========== done (0.03987479209899902 s) fit model
2024-04-02 12:14:13,056 [INFO]  
========== start: fit model
2024-04-02 12:14:13,056 [WARNING]  Already bound, ignoring bind()
2024-04-02 12:14:13,060 [INFO]  Epoch[0] Batch [0-3]	Speed: 23215.70 samples/sec	cross-entropy=18.851785	still-accuracy=2.000000
2024-04-02 12:14:13,062 [INFO]  Epoch[0] Train-cross-entropy=16.736030
2024-04-02 12:14:13,062 [INFO]  Epoch[0] Train-still-accuracy=2.500000
2024-04-02 12:14:13,062 [INFO]  Epoch[0] Time cost=0.005
2024-04-02 12:14:13,063 [INFO]  Saved checkpoint to "./imputer_model/imputer_model_still/model-0000.params"
2024-04-02 12:14:13,064 [INFO]  Epoch[0] Validation-cross-entropy=12.397551
2024-04-02 12:14:13,064 [INFO]  Epoch[0] Validation-still-accuracy=0.000000
2024-04-02 12:14:13,067 [INFO]  Epoch[1] Batch [0-3]	Speed: 23707.79 samples/sec	cross-entropy=6.858719	still-accuracy=2.000000
2024-04-02 12:14:13,068 [INFO]  Epoch[1] Train-cross-entropy=6.850577
2024-04-02 12:14:13,068 [INFO]  Epoch[1] Train-still-accuracy=2.500000
2024-04-02 12:14:13,069 [INFO]  Epoch[1] Time cost=0.005
2024-04-02 12:14:13,070 [INFO]  Saved checkpoint to "./imputer_model/imputer_model_still/model-0001.params"
2024-04-02 12:14:13,070 [INFO]  Epoch[1] Validation-cross-entropy=6.300286
2024-04-02 12:14:13,070 [INFO]  Epoch[1] Validation-still-accuracy=0.000000
2024-04-02 12:14:13,074 [INFO]  Epoch[2] Batch [0-3]	Speed: 21163.31 samples/sec	cross-entropy=3.781171	still-accuracy=2.000000
2024-04-02 12:14:13,075 [INFO]  Epoch[2] Train-cross-entropy=3.778944
2024-04-02 12:14:13,075 [INFO]  Epoch[2] Train-still-accuracy=2.500000
2024-04-02 12:14:13,075 [INFO]  Epoch[2] Time cost=0.005
2024-04-02 12:14:13,077 [INFO]  Saved checkpoint to "./imputer_model/imputer_model_still/model-0002.params"
2024-04-02 12:14:13,077 [INFO]  Epoch[2] Validation-cross-entropy=3.365485
2024-04-02 12:14:13,077 [INFO]  Epoch[2] Validation-still-accuracy=0.000000
2024-04-02 12:14:13,080 [INFO]  Epoch[3] Batch [0-3]	Speed: 23819.99 samples/sec	cross-entropy=2.604902	still-accuracy=2.000000
2024-04-02 12:14:13,082 [INFO]  Epoch[3] Train-cross-entropy=2.515214
2024-04-02 12:14:13,082 [INFO]  Epoch[3] Train-still-accuracy=2.500000
2024-04-02 12:14:13,082 [INFO]  Epoch[3] Time cost=0.004
2024-04-02 12:14:13,083 [INFO]  Saved checkpoint to "./imputer_model/imputer_model_still/model-0003.params"
2024-04-02 12:14:13,084 [INFO]  Epoch[3] Validation-cross-entropy=1.702011
2024-04-02 12:14:13,084 [INFO]  Epoch[3] Validation-still-accuracy=0.000000
2024-04-02 12:14:13,087 [INFO]  Epoch[4] Batch [0-3]	Speed: 23285.52 samples/sec	cross-entropy=1.502696	still-accuracy=2.000000
2024-04-02 12:14:13,088 [INFO]  Epoch[4] Train-cross-entropy=1.534060
2024-04-02 12:14:13,088 [INFO]  Epoch[4] Train-still-accuracy=2.500000
2024-04-02 12:14:13,088 [INFO]  Epoch[4] Time cost=0.005
2024-04-02 12:14:13,090 [INFO]  Saved checkpoint to "./imputer_model/imputer_model_still/model-0004.params"
2024-04-02 12:14:13,090 [INFO]  Epoch[4] Validation-cross-entropy=0.857673
2024-04-02 12:14:13,090 [INFO]  Epoch[4] Validation-still-accuracy=0.000000
2024-04-02 12:14:13,090 [INFO]  
========== done (0.03470039367675781 s) fit model
2024-04-02 12:14:16,494 [INFO]  
========== start: fit model
2024-04-02 12:14:16,494 [WARNING]  Already bound, ignoring bind()
2024-04-02 12:14:16,498 [INFO]  Epoch[0] Batch [0-3]	Speed: 23702.21 samples/sec	cross-entropy=17.180056	still-accuracy=0.000000
2024-04-02 12:14:16,500 [INFO]  Epoch[0] Train-cross-entropy=15.808677
2024-04-02 12:14:16,500 [INFO]  Epoch[0] Train-still-accuracy=0.000000
2024-04-02 12:14:16,500 [INFO]  Epoch[0] Time cost=0.005
2024-04-02 12:14:16,501 [INFO]  Saved checkpoint to "./imputer_model/imputer_model_still/model-0000.params"
2024-04-02 12:14:16,502 [INFO]  Epoch[0] Validation-cross-entropy=7.510750
2024-04-02 12:14:16,502 [INFO]  Epoch[0] Validation-still-accuracy=0.000000
2024-04-02 12:14:16,505 [INFO]  Epoch[1] Batch [0-3]	Speed: 23288.21 samples/sec	cross-entropy=7.463528	still-accuracy=0.000000
2024-04-02 12:14:16,506 [INFO]  Epoch[1] Train-cross-entropy=6.029723
2024-04-02 12:14:16,506 [INFO]  Epoch[1] Train-still-accuracy=0.000000
2024-04-02 12:14:16,506 [INFO]  Epoch[1] Time cost=0.004
2024-04-02 12:14:16,507 [INFO]  Saved checkpoint to "./imputer_model/imputer_model_still/model-0001.params"
2024-04-02 12:14:16,508 [INFO]  Epoch[1] Validation-cross-entropy=2.571658
2024-04-02 12:14:16,508 [INFO]  Epoch[1] Validation-still-accuracy=0.000000
2024-04-02 12:14:16,511 [INFO]  Epoch[2] Batch [0-3]	Speed: 22620.97 samples/sec	cross-entropy=3.985953	still-accuracy=0.000000
2024-04-02 12:14:16,512 [INFO]  Epoch[2] Train-cross-entropy=3.248949
2024-04-02 12:14:16,512 [INFO]  Epoch[2] Train-still-accuracy=0.000000
2024-04-02 12:14:16,512 [INFO]  Epoch[2] Time cost=0.004
2024-04-02 12:14:16,514 [INFO]  Saved checkpoint to "./imputer_model/imputer_model_still/model-0002.params"
2024-04-02 12:14:16,514 [INFO]  Epoch[2] Validation-cross-entropy=1.281270
2024-04-02 12:14:16,514 [INFO]  Epoch[2] Validation-still-accuracy=0.000000
2024-04-02 12:14:16,516 [INFO]  Epoch[3] Batch [0-3]	Speed: 27469.86 samples/sec	cross-entropy=2.216221	still-accuracy=0.000000
2024-04-02 12:14:16,518 [INFO]  Epoch[3] Train-cross-entropy=1.931067
2024-04-02 12:14:16,518 [INFO]  Epoch[3] Train-still-accuracy=0.000000
2024-04-02 12:14:16,518 [INFO]  Epoch[3] Time cost=0.004
2024-04-02 12:14:16,519 [INFO]  Saved checkpoint to "./imputer_model/imputer_model_still/model-0003.params"
2024-04-02 12:14:16,520 [INFO]  Epoch[3] Validation-cross-entropy=1.125283
2024-04-02 12:14:16,520 [INFO]  Epoch[3] Validation-still-accuracy=0.000000
2024-04-02 12:14:16,522 [INFO]  Epoch[4] Batch [0-3]	Speed: 28145.76 samples/sec	cross-entropy=1.196368	still-accuracy=0.000000
2024-04-02 12:14:16,523 [INFO]  Epoch[4] Train-cross-entropy=0.987180
2024-04-02 12:14:16,523 [INFO]  Epoch[4] Train-still-accuracy=0.000000
2024-04-02 12:14:16,523 [INFO]  Epoch[4] Time cost=0.004
2024-04-02 12:14:16,525 [INFO]  Saved checkpoint to "./imputer_model/imputer_model_still/model-0004.params"
2024-04-02 12:14:16,525 [INFO]  Epoch[4] Validation-cross-entropy=0.958664
2024-04-02 12:14:16,525 [INFO]  Epoch[4] Validation-still-accuracy=0.000000
2024-04-02 12:14:16,525 [INFO]  
========== done (0.031171321868896484 s) fit model
2024-04-02 12:14:19,979 [INFO]  
========== start: fit model
2024-04-02 12:14:19,979 [WARNING]  Already bound, ignoring bind()
2024-04-02 12:14:19,983 [INFO]  Epoch[0] Batch [0-3]	Speed: 23098.51 samples/sec	cross-entropy=14.841218	still-accuracy=0.000000
2024-04-02 12:14:19,985 [INFO]  Epoch[0] Train-cross-entropy=14.234586
2024-04-02 12:14:19,985 [INFO]  Epoch[0] Train-still-accuracy=0.000000
2024-04-02 12:14:19,985 [INFO]  Epoch[0] Time cost=0.005
2024-04-02 12:14:19,986 [INFO]  Saved checkpoint to "./imputer_model/imputer_model_still/model-0000.params"
2024-04-02 12:14:19,987 [INFO]  Epoch[0] Validation-cross-entropy=2.472916
2024-04-02 12:14:19,987 [INFO]  Epoch[0] Validation-still-accuracy=0.000000
2024-04-02 12:14:19,990 [INFO]  Epoch[1] Batch [0-3]	Speed: 23896.33 samples/sec	cross-entropy=4.901862	still-accuracy=0.000000
2024-04-02 12:14:19,991 [INFO]  Epoch[1] Train-cross-entropy=5.666509
2024-04-02 12:14:19,991 [INFO]  Epoch[1] Train-still-accuracy=0.000000
2024-04-02 12:14:19,991 [INFO]  Epoch[1] Time cost=0.004
2024-04-02 12:14:19,993 [INFO]  Saved checkpoint to "./imputer_model/imputer_model_still/model-0001.params"
2024-04-02 12:14:19,993 [INFO]  Epoch[1] Validation-cross-entropy=1.276048
2024-04-02 12:14:19,993 [INFO]  Epoch[1] Validation-still-accuracy=0.000000
2024-04-02 12:14:19,996 [INFO]  Epoch[2] Batch [0-3]	Speed: 21110.05 samples/sec	cross-entropy=2.144245	still-accuracy=0.000000
2024-04-02 12:14:19,998 [INFO]  Epoch[2] Train-cross-entropy=2.941474
2024-04-02 12:14:19,998 [INFO]  Epoch[2] Train-still-accuracy=0.000000
2024-04-02 12:14:19,998 [INFO]  Epoch[2] Time cost=0.005
2024-04-02 12:14:19,999 [INFO]  Saved checkpoint to "./imputer_model/imputer_model_still/model-0002.params"
2024-04-02 12:14:20,000 [INFO]  Epoch[2] Validation-cross-entropy=1.787748
2024-04-02 12:14:20,000 [INFO]  Epoch[2] Validation-still-accuracy=0.000000
2024-04-02 12:14:20,003 [INFO]  Epoch[3] Batch [0-3]	Speed: 24151.46 samples/sec	cross-entropy=1.214578	still-accuracy=0.000000
2024-04-02 12:14:20,004 [INFO]  Epoch[3] Train-cross-entropy=1.492538
2024-04-02 12:14:20,004 [INFO]  Epoch[3] Train-still-accuracy=0.000000
2024-04-02 12:14:20,004 [INFO]  Epoch[3] Time cost=0.004
2024-04-02 12:14:20,006 [INFO]  Saved checkpoint to "./imputer_model/imputer_model_still/model-0003.params"
2024-04-02 12:14:20,006 [INFO]  Epoch[3] Validation-cross-entropy=0.950041
2024-04-02 12:14:20,006 [INFO]  Epoch[3] Validation-still-accuracy=0.000000
2024-04-02 12:14:20,009 [INFO]  Epoch[4] Batch [0-3]	Speed: 23933.26 samples/sec	cross-entropy=0.718595	still-accuracy=0.000000
2024-04-02 12:14:20,010 [INFO]  Epoch[4] Train-cross-entropy=0.891744
2024-04-02 12:14:20,010 [INFO]  Epoch[4] Train-still-accuracy=0.000000
2024-04-02 12:14:20,011 [INFO]  Epoch[4] Time cost=0.004
2024-04-02 12:14:20,012 [INFO]  Saved checkpoint to "./imputer_model/imputer_model_still/model-0004.params"
2024-04-02 12:14:20,012 [INFO]  Epoch[4] Validation-cross-entropy=0.287331
2024-04-02 12:14:20,012 [INFO]  Epoch[4] Validation-still-accuracy=0.000000
2024-04-02 12:14:20,012 [INFO]  
========== done (0.03330254554748535 s) fit model
2024-04-02 12:14:23,592 [INFO]  
========== start: fit model
2024-04-02 12:14:23,592 [WARNING]  Already bound, ignoring bind()
2024-04-02 12:14:23,596 [INFO]  Epoch[0] Batch [0-3]	Speed: 21486.30 samples/sec	cross-entropy=14.674876	still-accuracy=3.250000
2024-04-02 12:14:23,598 [INFO]  Epoch[0] Train-cross-entropy=15.000899
2024-04-02 12:14:23,598 [INFO]  Epoch[0] Train-still-accuracy=3.666667
2024-04-02 12:14:23,598 [INFO]  Epoch[0] Time cost=0.005
2024-04-02 12:14:23,600 [INFO]  Saved checkpoint to "./imputer_model/imputer_model_still/model-0000.params"
2024-04-02 12:14:23,600 [INFO]  Epoch[0] Validation-cross-entropy=17.140923
2024-04-02 12:14:23,600 [INFO]  Epoch[0] Validation-still-accuracy=0.000000
2024-04-02 12:14:23,603 [INFO]  Epoch[1] Batch [0-3]	Speed: 24910.49 samples/sec	cross-entropy=5.204598	still-accuracy=3.250000
2024-04-02 12:14:23,604 [INFO]  Epoch[1] Train-cross-entropy=5.869883
2024-04-02 12:14:23,604 [INFO]  Epoch[1] Train-still-accuracy=3.666667
2024-04-02 12:14:23,605 [INFO]  Epoch[1] Time cost=0.004
2024-04-02 12:14:23,606 [INFO]  Saved checkpoint to "./imputer_model/imputer_model_still/model-0001.params"
2024-04-02 12:14:23,606 [INFO]  Epoch[1] Validation-cross-entropy=24.619783
2024-04-02 12:14:23,606 [INFO]  Epoch[1] Validation-still-accuracy=0.000000
2024-04-02 12:14:23,609 [INFO]  Epoch[2] Batch [0-3]	Speed: 21390.42 samples/sec	cross-entropy=3.395357	still-accuracy=3.250000
2024-04-02 12:14:23,611 [INFO]  Epoch[2] Train-cross-entropy=3.548054
2024-04-02 12:14:23,611 [INFO]  Epoch[2] Train-still-accuracy=3.666667
2024-04-02 12:14:23,611 [INFO]  Epoch[2] Time cost=0.005
2024-04-02 12:14:23,612 [INFO]  Saved checkpoint to "./imputer_model/imputer_model_still/model-0002.params"
2024-04-02 12:14:23,613 [INFO]  Epoch[2] Validation-cross-entropy=24.081270
2024-04-02 12:14:23,613 [INFO]  Epoch[2] Validation-still-accuracy=0.000000
2024-04-02 12:14:23,615 [INFO]  Epoch[3] Batch [0-3]	Speed: 25003.30 samples/sec	cross-entropy=2.561245	still-accuracy=3.250000
2024-04-02 12:14:23,617 [INFO]  Epoch[3] Train-cross-entropy=2.461485
2024-04-02 12:14:23,617 [INFO]  Epoch[3] Train-still-accuracy=3.666667
2024-04-02 12:14:23,617 [INFO]  Epoch[3] Time cost=0.004
2024-04-02 12:14:23,618 [INFO]  Saved checkpoint to "./imputer_model/imputer_model_still/model-0003.params"
2024-04-02 12:14:23,619 [INFO]  Epoch[3] Validation-cross-entropy=14.869888
2024-04-02 12:14:23,619 [INFO]  Epoch[3] Validation-still-accuracy=0.000000
2024-04-02 12:14:23,621 [INFO]  Epoch[4] Batch [0-3]	Speed: 24858.20 samples/sec	cross-entropy=1.398204	still-accuracy=3.250000
2024-04-02 12:14:23,623 [INFO]  Epoch[4] Train-cross-entropy=1.407531
2024-04-02 12:14:23,623 [INFO]  Epoch[4] Train-still-accuracy=3.666667
2024-04-02 12:14:23,623 [INFO]  Epoch[4] Time cost=0.004
2024-04-02 12:14:23,624 [INFO]  Saved checkpoint to "./imputer_model/imputer_model_still/model-0004.params"
2024-04-02 12:14:23,625 [INFO]  Epoch[4] Validation-cross-entropy=8.754777
2024-04-02 12:14:23,625 [INFO]  Epoch[4] Validation-still-accuracy=0.000000
2024-04-02 12:14:23,625 [INFO]  
========== done (0.032889604568481445 s) fit model
2024-04-02 12:14:28,268 [INFO]  
========== start: fit model
2024-04-02 12:14:28,269 [WARNING]  Already bound, ignoring bind()
2024-04-02 12:14:28,273 [INFO]  Epoch[0] Batch [0-3]	Speed: 22839.09 samples/sec	cross-entropy=10.593557	still-accuracy=2.250000
2024-04-02 12:14:28,274 [INFO]  Epoch[0] Train-cross-entropy=9.497479
2024-04-02 12:14:28,274 [INFO]  Epoch[0] Train-still-accuracy=2.500000
2024-04-02 12:14:28,274 [INFO]  Epoch[0] Time cost=0.005
2024-04-02 12:14:28,276 [INFO]  Saved checkpoint to "./imputer_model/imputer_model_still/model-0000.params"
2024-04-02 12:14:28,276 [INFO]  Epoch[0] Validation-cross-entropy=8.196774
2024-04-02 12:14:28,276 [INFO]  Epoch[0] Validation-still-accuracy=0.000000
2024-04-02 12:14:28,279 [INFO]  Epoch[1] Batch [0-3]	Speed: 22893.63 samples/sec	cross-entropy=3.685219	still-accuracy=2.250000
2024-04-02 12:14:28,281 [INFO]  Epoch[1] Train-cross-entropy=4.185396
2024-04-02 12:14:28,281 [INFO]  Epoch[1] Train-still-accuracy=2.500000
2024-04-02 12:14:28,281 [INFO]  Epoch[1] Time cost=0.005
2024-04-02 12:14:28,282 [INFO]  Saved checkpoint to "./imputer_model/imputer_model_still/model-0001.params"
2024-04-02 12:14:28,283 [INFO]  Epoch[1] Validation-cross-entropy=4.140069
2024-04-02 12:14:28,283 [INFO]  Epoch[1] Validation-still-accuracy=0.000000
2024-04-02 12:14:28,286 [INFO]  Epoch[2] Batch [0-3]	Speed: 21138.87 samples/sec	cross-entropy=1.923691	still-accuracy=2.250000
2024-04-02 12:14:28,287 [INFO]  Epoch[2] Train-cross-entropy=2.346999
2024-04-02 12:14:28,287 [INFO]  Epoch[2] Train-still-accuracy=2.500000
2024-04-02 12:14:28,287 [INFO]  Epoch[2] Time cost=0.005
2024-04-02 12:14:28,289 [INFO]  Saved checkpoint to "./imputer_model/imputer_model_still/model-0002.params"
2024-04-02 12:14:28,289 [INFO]  Epoch[2] Validation-cross-entropy=1.658185
2024-04-02 12:14:28,289 [INFO]  Epoch[2] Validation-still-accuracy=0.000000
2024-04-02 12:14:28,292 [INFO]  Epoch[3] Batch [0-3]	Speed: 24397.31 samples/sec	cross-entropy=1.245167	still-accuracy=2.250000
2024-04-02 12:14:28,293 [INFO]  Epoch[3] Train-cross-entropy=1.444737
2024-04-02 12:14:28,294 [INFO]  Epoch[3] Train-still-accuracy=2.500000
2024-04-02 12:14:28,294 [INFO]  Epoch[3] Time cost=0.004
2024-04-02 12:14:28,295 [INFO]  Saved checkpoint to "./imputer_model/imputer_model_still/model-0003.params"
2024-04-02 12:14:28,295 [INFO]  Epoch[3] Validation-cross-entropy=1.106522
2024-04-02 12:14:28,295 [INFO]  Epoch[3] Validation-still-accuracy=0.000000
2024-04-02 12:14:28,298 [INFO]  Epoch[4] Batch [0-3]	Speed: 24666.33 samples/sec	cross-entropy=0.800055	still-accuracy=2.250000
2024-04-02 12:14:28,300 [INFO]  Epoch[4] Train-cross-entropy=0.896535
2024-04-02 12:14:28,300 [INFO]  Epoch[4] Train-still-accuracy=2.500000
2024-04-02 12:14:28,300 [INFO]  Epoch[4] Time cost=0.004
2024-04-02 12:14:28,301 [INFO]  Saved checkpoint to "./imputer_model/imputer_model_still/model-0004.params"
2024-04-02 12:14:28,301 [INFO]  Epoch[4] Validation-cross-entropy=0.744217
2024-04-02 12:14:28,302 [INFO]  Epoch[4] Validation-still-accuracy=0.000000
2024-04-02 12:14:28,302 [INFO]  
========== done (0.03327655792236328 s) fit model
2024-04-02 12:14:31,999 [INFO]  
========== start: fit model
2024-04-02 12:14:32,000 [WARNING]  Already bound, ignoring bind()
2024-04-02 12:14:32,004 [INFO]  Epoch[0] Batch [0-3]	Speed: 23588.35 samples/sec	cross-entropy=21.139415	still-accuracy=2.000000
2024-04-02 12:14:32,005 [INFO]  Epoch[0] Train-cross-entropy=17.751935
2024-04-02 12:14:32,005 [INFO]  Epoch[0] Train-still-accuracy=2.666667
2024-04-02 12:14:32,005 [INFO]  Epoch[0] Time cost=0.005
2024-04-02 12:14:32,007 [INFO]  Saved checkpoint to "./imputer_model/imputer_model_still/model-0000.params"
2024-04-02 12:14:32,007 [INFO]  Epoch[0] Validation-cross-entropy=18.519384
2024-04-02 12:14:32,007 [INFO]  Epoch[0] Validation-still-accuracy=0.000000
2024-04-02 12:14:32,010 [INFO]  Epoch[1] Batch [0-3]	Speed: 24056.23 samples/sec	cross-entropy=7.949881	still-accuracy=2.000000
2024-04-02 12:14:32,011 [INFO]  Epoch[1] Train-cross-entropy=6.732860
2024-04-02 12:14:32,012 [INFO]  Epoch[1] Train-still-accuracy=2.666667
2024-04-02 12:14:32,012 [INFO]  Epoch[1] Time cost=0.004
2024-04-02 12:14:32,013 [INFO]  Saved checkpoint to "./imputer_model/imputer_model_still/model-0001.params"
2024-04-02 12:14:32,013 [INFO]  Epoch[1] Validation-cross-entropy=5.759559
2024-04-02 12:14:32,013 [INFO]  Epoch[1] Validation-still-accuracy=0.000000
2024-04-02 12:14:32,017 [INFO]  Epoch[2] Batch [0-3]	Speed: 16826.29 samples/sec	cross-entropy=3.783980	still-accuracy=2.000000
2024-04-02 12:14:32,018 [INFO]  Epoch[2] Train-cross-entropy=3.550599
2024-04-02 12:14:32,018 [INFO]  Epoch[2] Train-still-accuracy=2.666667
2024-04-02 12:14:32,018 [INFO]  Epoch[2] Time cost=0.005
2024-04-02 12:14:32,020 [INFO]  Saved checkpoint to "./imputer_model/imputer_model_still/model-0002.params"
2024-04-02 12:14:32,020 [INFO]  Epoch[2] Validation-cross-entropy=2.246618
2024-04-02 12:14:32,020 [INFO]  Epoch[2] Validation-still-accuracy=0.000000
2024-04-02 12:14:32,022 [INFO]  Epoch[3] Batch [0-3]	Speed: 28012.60 samples/sec	cross-entropy=2.582337	still-accuracy=2.000000
2024-04-02 12:14:32,024 [INFO]  Epoch[3] Train-cross-entropy=2.456412
2024-04-02 12:14:32,024 [INFO]  Epoch[3] Train-still-accuracy=2.666667
2024-04-02 12:14:32,024 [INFO]  Epoch[3] Time cost=0.004
2024-04-02 12:14:32,025 [INFO]  Saved checkpoint to "./imputer_model/imputer_model_still/model-0003.params"
2024-04-02 12:14:32,025 [INFO]  Epoch[3] Validation-cross-entropy=1.272429
2024-04-02 12:14:32,025 [INFO]  Epoch[3] Validation-still-accuracy=0.000000
2024-04-02 12:14:32,028 [INFO]  Epoch[4] Batch [0-3]	Speed: 27578.99 samples/sec	cross-entropy=1.433710	still-accuracy=2.000000
2024-04-02 12:14:32,029 [INFO]  Epoch[4] Train-cross-entropy=1.312505
2024-04-02 12:14:32,029 [INFO]  Epoch[4] Train-still-accuracy=2.666667
2024-04-02 12:14:32,029 [INFO]  Epoch[4] Time cost=0.004
2024-04-02 12:14:32,031 [INFO]  Saved checkpoint to "./imputer_model/imputer_model_still/model-0004.params"
2024-04-02 12:14:32,031 [INFO]  Epoch[4] Validation-cross-entropy=0.944520
2024-04-02 12:14:32,031 [INFO]  Epoch[4] Validation-still-accuracy=0.000000
2024-04-02 12:14:32,031 [INFO]  
========== done (0.03173232078552246 s) fit model
2024-04-02 12:14:35,765 [INFO]  
========== start: fit model
2024-04-02 12:14:35,765 [WARNING]  Already bound, ignoring bind()
2024-04-02 12:14:35,769 [INFO]  Epoch[0] Batch [0-3]	Speed: 25980.98 samples/sec	cross-entropy=14.846885	still-accuracy=0.000000
2024-04-02 12:14:35,770 [INFO]  Epoch[0] Train-cross-entropy=14.324950
2024-04-02 12:14:35,770 [INFO]  Epoch[0] Train-still-accuracy=0.000000
2024-04-02 12:14:35,771 [INFO]  Epoch[0] Time cost=0.004
2024-04-02 12:14:35,772 [INFO]  Saved checkpoint to "./imputer_model/imputer_model_still/model-0000.params"
2024-04-02 12:14:35,772 [INFO]  Epoch[0] Validation-cross-entropy=4.751523
2024-04-02 12:14:35,772 [INFO]  Epoch[0] Validation-still-accuracy=0.000000
2024-04-02 12:14:35,775 [INFO]  Epoch[1] Batch [0-3]	Speed: 27842.15 samples/sec	cross-entropy=5.085878	still-accuracy=0.000000
2024-04-02 12:14:35,780 [INFO]  Epoch[1] Train-cross-entropy=5.610863
2024-04-02 12:14:35,780 [INFO]  Epoch[1] Train-still-accuracy=0.000000
2024-04-02 12:14:35,780 [INFO]  Epoch[1] Time cost=0.008
2024-04-02 12:14:35,782 [INFO]  Saved checkpoint to "./imputer_model/imputer_model_still/model-0001.params"
2024-04-02 12:14:35,783 [INFO]  Epoch[1] Validation-cross-entropy=1.284945
2024-04-02 12:14:35,783 [INFO]  Epoch[1] Validation-still-accuracy=0.000000
2024-04-02 12:14:35,791 [INFO]  Epoch[2] Batch [0-3]	Speed: 20244.00 samples/sec	cross-entropy=2.746218	still-accuracy=0.000000
2024-04-02 12:14:35,806 [INFO]  Epoch[2] Train-cross-entropy=3.167730
2024-04-02 12:14:35,807 [INFO]  Epoch[2] Train-still-accuracy=0.000000
2024-04-02 12:14:35,807 [INFO]  Epoch[2] Time cost=0.024
2024-04-02 12:14:35,808 [INFO]  Saved checkpoint to "./imputer_model/imputer_model_still/model-0002.params"
2024-04-02 12:14:35,809 [INFO]  Epoch[2] Validation-cross-entropy=1.063852
2024-04-02 12:14:35,809 [INFO]  Epoch[2] Validation-still-accuracy=0.000000
2024-04-02 12:14:35,813 [INFO]  Epoch[3] Batch [0-3]	Speed: 16727.03 samples/sec	cross-entropy=1.652470	still-accuracy=0.000000
2024-04-02 12:14:35,815 [INFO]  Epoch[3] Train-cross-entropy=1.804182
2024-04-02 12:14:35,815 [INFO]  Epoch[3] Train-still-accuracy=0.000000
2024-04-02 12:14:35,815 [INFO]  Epoch[3] Time cost=0.006
2024-04-02 12:14:35,816 [INFO]  Saved checkpoint to "./imputer_model/imputer_model_still/model-0003.params"
2024-04-02 12:14:35,817 [INFO]  Epoch[3] Validation-cross-entropy=0.700617
2024-04-02 12:14:35,817 [INFO]  Epoch[3] Validation-still-accuracy=0.000000
2024-04-02 12:14:35,820 [INFO]  Epoch[4] Batch [0-3]	Speed: 20665.84 samples/sec	cross-entropy=1.100745	still-accuracy=0.000000
2024-04-02 12:14:35,822 [INFO]  Epoch[4] Train-cross-entropy=1.162733
2024-04-02 12:14:35,822 [INFO]  Epoch[4] Train-still-accuracy=0.000000
2024-04-02 12:14:35,822 [INFO]  Epoch[4] Time cost=0.005
2024-04-02 12:14:35,824 [INFO]  Saved checkpoint to "./imputer_model/imputer_model_still/model-0004.params"
2024-04-02 12:14:35,824 [INFO]  Epoch[4] Validation-cross-entropy=0.581240
2024-04-02 12:14:35,824 [INFO]  Epoch[4] Validation-still-accuracy=0.000000
2024-04-02 12:14:35,824 [INFO]  
========== done (0.059000253677368164 s) fit model
2024-04-02 12:14:40,225 [INFO]  
========== start: fit model
2024-04-02 12:14:40,225 [WARNING]  Already bound, ignoring bind()
2024-04-02 12:14:40,230 [INFO]  Epoch[0] Batch [0-3]	Speed: 22512.20 samples/sec	cross-entropy=12.607512	still-accuracy=3.250000
2024-04-02 12:14:40,231 [INFO]  Epoch[0] Train-cross-entropy=10.065645
2024-04-02 12:14:40,231 [INFO]  Epoch[0] Train-still-accuracy=3.000000
2024-04-02 12:14:40,231 [INFO]  Epoch[0] Time cost=0.005
2024-04-02 12:14:40,233 [INFO]  Saved checkpoint to "./imputer_model/imputer_model_still/model-0000.params"
2024-04-02 12:14:40,233 [INFO]  Epoch[0] Validation-cross-entropy=4.363025
2024-04-02 12:14:40,233 [INFO]  Epoch[0] Validation-still-accuracy=0.000000
2024-04-02 12:14:40,236 [INFO]  Epoch[1] Batch [0-3]	Speed: 24784.76 samples/sec	cross-entropy=4.842741	still-accuracy=3.250000
2024-04-02 12:14:40,237 [INFO]  Epoch[1] Train-cross-entropy=3.738204
2024-04-02 12:14:40,237 [INFO]  Epoch[1] Train-still-accuracy=3.000000
2024-04-02 12:14:40,237 [INFO]  Epoch[1] Time cost=0.004
2024-04-02 12:14:40,239 [INFO]  Saved checkpoint to "./imputer_model/imputer_model_still/model-0001.params"
2024-04-02 12:14:40,239 [INFO]  Epoch[1] Validation-cross-entropy=1.696205
2024-04-02 12:14:40,239 [INFO]  Epoch[1] Validation-still-accuracy=0.000000
2024-04-02 12:14:40,252 [INFO]  Epoch[2] Batch [0-3]	Speed: 4017.61 samples/sec	cross-entropy=2.683819	still-accuracy=3.250000
2024-04-02 12:14:40,254 [INFO]  Epoch[2] Train-cross-entropy=2.125253
2024-04-02 12:14:40,254 [INFO]  Epoch[2] Train-still-accuracy=3.000000
2024-04-02 12:14:40,254 [INFO]  Epoch[2] Time cost=0.015
2024-04-02 12:14:40,256 [INFO]  Saved checkpoint to "./imputer_model/imputer_model_still/model-0002.params"
2024-04-02 12:14:40,256 [INFO]  Epoch[2] Validation-cross-entropy=1.240661
2024-04-02 12:14:40,257 [INFO]  Epoch[2] Validation-still-accuracy=0.000000
2024-04-02 12:14:40,261 [INFO]  Epoch[3] Batch [0-3]	Speed: 15722.50 samples/sec	cross-entropy=1.288420	still-accuracy=3.250000
2024-04-02 12:14:40,263 [INFO]  Epoch[3] Train-cross-entropy=1.053190
2024-04-02 12:14:40,263 [INFO]  Epoch[3] Train-still-accuracy=3.000000
2024-04-02 12:14:40,263 [INFO]  Epoch[3] Time cost=0.006
2024-04-02 12:14:40,264 [INFO]  Saved checkpoint to "./imputer_model/imputer_model_still/model-0003.params"
2024-04-02 12:14:40,265 [INFO]  Epoch[3] Validation-cross-entropy=1.100167
2024-04-02 12:14:40,265 [INFO]  Epoch[3] Validation-still-accuracy=0.000000
2024-04-02 12:14:40,269 [INFO]  Epoch[4] Batch [0-3]	Speed: 24079.25 samples/sec	cross-entropy=0.687285	still-accuracy=3.250000
2024-04-02 12:14:40,270 [INFO]  Epoch[4] Train-cross-entropy=0.630546
2024-04-02 12:14:40,270 [INFO]  Epoch[4] Train-still-accuracy=3.000000
2024-04-02 12:14:40,270 [INFO]  Epoch[4] Time cost=0.005
2024-04-02 12:14:40,272 [INFO]  Saved checkpoint to "./imputer_model/imputer_model_still/model-0004.params"
2024-04-02 12:14:40,272 [INFO]  Epoch[4] Validation-cross-entropy=1.016451
2024-04-02 12:14:40,272 [INFO]  Epoch[4] Validation-still-accuracy=0.000000
2024-04-02 12:14:40,272 [INFO]  
========== done (0.047215938568115234 s) fit model
2024-04-02 12:14:44,351 [INFO]  
========== start: fit model
2024-04-02 12:14:44,351 [WARNING]  Already bound, ignoring bind()
2024-04-02 12:14:44,355 [INFO]  Epoch[0] Batch [0-3]	Speed: 21399.51 samples/sec	cross-entropy=14.473806	still-accuracy=0.000000
2024-04-02 12:14:44,357 [INFO]  Epoch[0] Train-cross-entropy=14.045149
2024-04-02 12:14:44,357 [INFO]  Epoch[0] Train-still-accuracy=0.000000
2024-04-02 12:14:44,357 [INFO]  Epoch[0] Time cost=0.005
2024-04-02 12:14:44,358 [INFO]  Saved checkpoint to "./imputer_model/imputer_model_still/model-0000.params"
2024-04-02 12:14:44,359 [INFO]  Epoch[0] Validation-cross-entropy=17.686871
2024-04-02 12:14:44,359 [INFO]  Epoch[0] Validation-still-accuracy=0.000000
2024-04-02 12:14:44,362 [INFO]  Epoch[1] Batch [0-3]	Speed: 24134.09 samples/sec	cross-entropy=5.037513	still-accuracy=0.000000
2024-04-02 12:14:44,363 [INFO]  Epoch[1] Train-cross-entropy=5.085528
2024-04-02 12:14:44,363 [INFO]  Epoch[1] Train-still-accuracy=0.000000
2024-04-02 12:14:44,363 [INFO]  Epoch[1] Time cost=0.004
2024-04-02 12:14:44,364 [INFO]  Saved checkpoint to "./imputer_model/imputer_model_still/model-0001.params"
2024-04-02 12:14:44,365 [INFO]  Epoch[1] Validation-cross-entropy=14.921638
2024-04-02 12:14:44,365 [INFO]  Epoch[1] Validation-still-accuracy=0.000000
2024-04-02 12:14:44,368 [INFO]  Epoch[2] Batch [0-3]	Speed: 21921.45 samples/sec	cross-entropy=2.882954	still-accuracy=0.000000
2024-04-02 12:14:44,369 [INFO]  Epoch[2] Train-cross-entropy=2.749273
2024-04-02 12:14:44,369 [INFO]  Epoch[2] Train-still-accuracy=0.000000
2024-04-02 12:14:44,369 [INFO]  Epoch[2] Time cost=0.004
2024-04-02 12:14:44,371 [INFO]  Saved checkpoint to "./imputer_model/imputer_model_still/model-0002.params"
2024-04-02 12:14:44,371 [INFO]  Epoch[2] Validation-cross-entropy=9.420155
2024-04-02 12:14:44,371 [INFO]  Epoch[2] Validation-still-accuracy=0.000000
2024-04-02 12:14:44,374 [INFO]  Epoch[3] Batch [0-3]	Speed: 24253.29 samples/sec	cross-entropy=1.656319	still-accuracy=0.000000
2024-04-02 12:14:44,376 [INFO]  Epoch[3] Train-cross-entropy=1.534432
2024-04-02 12:14:44,376 [INFO]  Epoch[3] Train-still-accuracy=0.000000
2024-04-02 12:14:44,376 [INFO]  Epoch[3] Time cost=0.004
2024-04-02 12:14:44,377 [INFO]  Saved checkpoint to "./imputer_model/imputer_model_still/model-0003.params"
2024-04-02 12:14:44,377 [INFO]  Epoch[3] Validation-cross-entropy=4.108247
2024-04-02 12:14:44,377 [INFO]  Epoch[3] Validation-still-accuracy=0.000000
2024-04-02 12:14:44,380 [INFO]  Epoch[4] Batch [0-3]	Speed: 23845.39 samples/sec	cross-entropy=0.803916	still-accuracy=0.000000
2024-04-02 12:14:44,382 [INFO]  Epoch[4] Train-cross-entropy=0.845127
2024-04-02 12:14:44,382 [INFO]  Epoch[4] Train-still-accuracy=0.000000
2024-04-02 12:14:44,382 [INFO]  Epoch[4] Time cost=0.004
2024-04-02 12:14:44,383 [INFO]  Saved checkpoint to "./imputer_model/imputer_model_still/model-0004.params"
2024-04-02 12:14:44,384 [INFO]  Epoch[4] Validation-cross-entropy=1.676512
2024-04-02 12:14:44,384 [INFO]  Epoch[4] Validation-still-accuracy=0.000000
2024-04-02 12:14:44,384 [INFO]  
========== done (0.03285717964172363 s) fit model
2024-04-02 12:14:48,456 [INFO]  
========== start: fit model
2024-04-02 12:14:48,456 [WARNING]  Already bound, ignoring bind()
2024-04-02 12:14:48,460 [INFO]  Epoch[0] Batch [0-3]	Speed: 24030.39 samples/sec	cross-entropy=25.850880	still-accuracy=2.500000
2024-04-02 12:14:48,462 [INFO]  Epoch[0] Train-cross-entropy=22.773483
2024-04-02 12:14:48,462 [INFO]  Epoch[0] Train-still-accuracy=3.166667
2024-04-02 12:14:48,462 [INFO]  Epoch[0] Time cost=0.005
2024-04-02 12:14:48,463 [INFO]  Saved checkpoint to "./imputer_model/imputer_model_still/model-0000.params"
2024-04-02 12:14:48,464 [INFO]  Epoch[0] Validation-cross-entropy=9.481254
2024-04-02 12:14:48,464 [INFO]  Epoch[0] Validation-still-accuracy=0.000000
2024-04-02 12:14:48,466 [INFO]  Epoch[1] Batch [0-3]	Speed: 24763.42 samples/sec	cross-entropy=9.400126	still-accuracy=2.500000
2024-04-02 12:14:48,468 [INFO]  Epoch[1] Train-cross-entropy=9.161582
2024-04-02 12:14:48,468 [INFO]  Epoch[1] Train-still-accuracy=3.166667
2024-04-02 12:14:48,468 [INFO]  Epoch[1] Time cost=0.004
2024-04-02 12:14:48,469 [INFO]  Saved checkpoint to "./imputer_model/imputer_model_still/model-0001.params"
2024-04-02 12:14:48,470 [INFO]  Epoch[1] Validation-cross-entropy=4.690677
2024-04-02 12:14:48,470 [INFO]  Epoch[1] Validation-still-accuracy=0.000000
2024-04-02 12:14:48,473 [INFO]  Epoch[2] Batch [0-3]	Speed: 21232.50 samples/sec	cross-entropy=5.170086	still-accuracy=2.500000
2024-04-02 12:14:48,474 [INFO]  Epoch[2] Train-cross-entropy=4.954726
2024-04-02 12:14:48,474 [INFO]  Epoch[2] Train-still-accuracy=3.166667
2024-04-02 12:14:48,474 [INFO]  Epoch[2] Time cost=0.004
2024-04-02 12:14:48,476 [INFO]  Saved checkpoint to "./imputer_model/imputer_model_still/model-0002.params"
2024-04-02 12:14:48,476 [INFO]  Epoch[2] Validation-cross-entropy=2.315013
2024-04-02 12:14:48,476 [INFO]  Epoch[2] Validation-still-accuracy=0.000000
2024-04-02 12:14:48,479 [INFO]  Epoch[3] Batch [0-3]	Speed: 25429.66 samples/sec	cross-entropy=3.652345	still-accuracy=2.500000
2024-04-02 12:14:48,480 [INFO]  Epoch[3] Train-cross-entropy=3.305199
2024-04-02 12:14:48,480 [INFO]  Epoch[3] Train-still-accuracy=3.166667
2024-04-02 12:14:48,480 [INFO]  Epoch[3] Time cost=0.004
2024-04-02 12:14:48,481 [INFO]  Saved checkpoint to "./imputer_model/imputer_model_still/model-0003.params"
2024-04-02 12:14:48,482 [INFO]  Epoch[3] Validation-cross-entropy=1.779684
2024-04-02 12:14:48,482 [INFO]  Epoch[3] Validation-still-accuracy=0.000000
2024-04-02 12:14:48,485 [INFO]  Epoch[4] Batch [0-3]	Speed: 24561.01 samples/sec	cross-entropy=2.492162	still-accuracy=2.500000
2024-04-02 12:14:48,486 [INFO]  Epoch[4] Train-cross-entropy=2.184857
2024-04-02 12:14:48,486 [INFO]  Epoch[4] Train-still-accuracy=3.166667
2024-04-02 12:14:48,486 [INFO]  Epoch[4] Time cost=0.004
2024-04-02 12:14:48,487 [INFO]  Saved checkpoint to "./imputer_model/imputer_model_still/model-0004.params"
2024-04-02 12:14:48,488 [INFO]  Epoch[4] Validation-cross-entropy=1.095849
2024-04-02 12:14:48,488 [INFO]  Epoch[4] Validation-still-accuracy=0.000000
2024-04-02 12:14:48,488 [INFO]  
========== done (0.031861305236816406 s) fit model
