2023-11-08 12:45:11,597 [INFO]  
========== start: fit model
2023-11-08 12:45:11,598 [WARNING]  Already bound, ignoring bind()
2023-11-08 12:45:11,608 [INFO]  Epoch[0] Batch [0-4]	Speed: 11343.62 samples/sec	cross-entropy=18.102314	total_time16-accuracy=0.000000
2023-11-08 12:45:11,627 [INFO]  Epoch[0] Train-cross-entropy=16.590926
2023-11-08 12:45:11,627 [INFO]  Epoch[0] Train-total_time16-accuracy=0.000000
2023-11-08 12:45:11,627 [INFO]  Epoch[0] Time cost=0.028
2023-11-08 12:45:11,630 [INFO]  Saved checkpoint to "./imputer_model/imputer_model_total_time16/model-0000.params"
2023-11-08 12:45:11,632 [INFO]  Epoch[0] Validation-cross-entropy=22.799004
2023-11-08 12:45:11,632 [INFO]  Epoch[0] Validation-total_time16-accuracy=0.000000
2023-11-08 12:45:11,662 [INFO]  Epoch[1] Batch [0-4]	Speed: 6245.15 samples/sec	cross-entropy=49.059927	total_time16-accuracy=0.000000
2023-11-08 12:45:11,671 [INFO]  Epoch[1] Train-cross-entropy=34.530411
2023-11-08 12:45:11,671 [INFO]  Epoch[1] Train-total_time16-accuracy=0.000000
2023-11-08 12:45:11,672 [INFO]  Epoch[1] Time cost=0.039
2023-11-08 12:45:11,675 [INFO]  Saved checkpoint to "./imputer_model/imputer_model_total_time16/model-0001.params"
2023-11-08 12:45:11,680 [INFO]  Epoch[1] Validation-cross-entropy=10.954564
2023-11-08 12:45:11,680 [INFO]  Epoch[1] Validation-total_time16-accuracy=0.000000
2023-11-08 12:45:11,721 [INFO]  Epoch[2] Batch [0-4]	Speed: 1725.45 samples/sec	cross-entropy=12.718876	total_time16-accuracy=0.000000
2023-11-08 12:45:11,735 [INFO]  Epoch[2] Train-cross-entropy=9.484574
2023-11-08 12:45:11,735 [INFO]  Epoch[2] Train-total_time16-accuracy=0.000000
2023-11-08 12:45:11,735 [INFO]  Epoch[2] Time cost=0.055
2023-11-08 12:45:11,738 [INFO]  Saved checkpoint to "./imputer_model/imputer_model_total_time16/model-0002.params"
2023-11-08 12:45:11,741 [INFO]  Epoch[2] Validation-cross-entropy=6.634562
2023-11-08 12:45:11,741 [INFO]  Epoch[2] Validation-total_time16-accuracy=0.000000
2023-11-08 12:45:11,917 [INFO]  Epoch[3] Batch [0-4]	Speed: 1812.69 samples/sec	cross-entropy=4.974574	total_time16-accuracy=0.000000
2023-11-08 12:45:11,927 [INFO]  Epoch[3] Train-cross-entropy=3.472140
2023-11-08 12:45:11,927 [INFO]  Epoch[3] Train-total_time16-accuracy=0.000000
2023-11-08 12:45:11,927 [INFO]  Epoch[3] Time cost=0.186
2023-11-08 12:45:11,930 [INFO]  Saved checkpoint to "./imputer_model/imputer_model_total_time16/model-0003.params"
2023-11-08 12:45:11,947 [INFO]  Epoch[3] Validation-cross-entropy=5.858637
2023-11-08 12:45:11,947 [INFO]  Epoch[3] Validation-total_time16-accuracy=0.000000
2023-11-08 12:45:12,002 [INFO]  Epoch[4] Batch [0-4]	Speed: 1260.75 samples/sec	cross-entropy=1.942082	total_time16-accuracy=0.000000
2023-11-08 12:45:12,012 [INFO]  Epoch[4] Train-cross-entropy=1.847508
2023-11-08 12:45:12,012 [INFO]  Epoch[4] Train-total_time16-accuracy=0.000000
2023-11-08 12:45:12,013 [INFO]  Epoch[4] Time cost=0.066
2023-11-08 12:45:12,014 [INFO]  Saved checkpoint to "./imputer_model/imputer_model_total_time16/model-0004.params"
2023-11-08 12:45:12,019 [INFO]  Epoch[4] Validation-cross-entropy=6.064081
2023-11-08 12:45:12,019 [INFO]  Epoch[4] Validation-total_time16-accuracy=0.000000
2023-11-08 12:45:12,019 [INFO]  
========== done (0.42169713973999023 s) fit model
2023-11-08 13:07:48,834 [INFO]  
========== start: fit model
2023-11-08 13:07:48,834 [WARNING]  Already bound, ignoring bind()
2023-11-08 13:07:48,841 [INFO]  Epoch[0] Batch [0-4]	Speed: 14387.15 samples/sec	cross-entropy=18.694581	total_time16-accuracy=3.200000
2023-11-08 13:07:48,844 [INFO]  Epoch[0] Train-cross-entropy=20.658090
2023-11-08 13:07:48,844 [INFO]  Epoch[0] Train-total_time16-accuracy=3.125000
2023-11-08 13:07:48,844 [INFO]  Epoch[0] Time cost=0.010
2023-11-08 13:07:48,845 [INFO]  Saved checkpoint to "./imputer_model/imputer_model_total_time16/model-0000.params"
2023-11-08 13:07:48,846 [INFO]  Epoch[0] Validation-cross-entropy=32.454426
2023-11-08 13:07:48,846 [INFO]  Epoch[0] Validation-total_time16-accuracy=0.000000
2023-11-08 13:07:48,852 [INFO]  Epoch[1] Batch [0-4]	Speed: 12121.17 samples/sec	cross-entropy=43.328107	total_time16-accuracy=3.200000
2023-11-08 13:07:48,856 [INFO]  Epoch[1] Train-cross-entropy=40.046687
2023-11-08 13:07:48,856 [INFO]  Epoch[1] Train-total_time16-accuracy=3.125000
2023-11-08 13:07:48,856 [INFO]  Epoch[1] Time cost=0.010
2023-11-08 13:07:48,858 [INFO]  Saved checkpoint to "./imputer_model/imputer_model_total_time16/model-0001.params"
2023-11-08 13:07:48,859 [INFO]  Epoch[1] Validation-cross-entropy=6.569238
2023-11-08 13:07:48,859 [INFO]  Epoch[1] Validation-total_time16-accuracy=0.000000
2023-11-08 13:07:48,864 [INFO]  Epoch[2] Batch [0-4]	Speed: 14003.62 samples/sec	cross-entropy=12.526970	total_time16-accuracy=3.200000
2023-11-08 13:07:48,868 [INFO]  Epoch[2] Train-cross-entropy=10.816753
2023-11-08 13:07:48,868 [INFO]  Epoch[2] Train-total_time16-accuracy=3.125000
2023-11-08 13:07:48,868 [INFO]  Epoch[2] Time cost=0.009
2023-11-08 13:07:48,869 [INFO]  Saved checkpoint to "./imputer_model/imputer_model_total_time16/model-0002.params"
2023-11-08 13:07:48,870 [INFO]  Epoch[2] Validation-cross-entropy=3.513262
2023-11-08 13:07:48,870 [INFO]  Epoch[2] Validation-total_time16-accuracy=0.000000
2023-11-08 13:07:48,876 [INFO]  Epoch[3] Batch [0-4]	Speed: 14581.75 samples/sec	cross-entropy=7.587797	total_time16-accuracy=3.200000
2023-11-08 13:07:48,879 [INFO]  Epoch[3] Train-cross-entropy=6.575175
2023-11-08 13:07:48,879 [INFO]  Epoch[3] Train-total_time16-accuracy=3.125000
2023-11-08 13:07:48,879 [INFO]  Epoch[3] Time cost=0.009
2023-11-08 13:07:48,880 [INFO]  Saved checkpoint to "./imputer_model/imputer_model_total_time16/model-0003.params"
2023-11-08 13:07:48,881 [INFO]  Epoch[3] Validation-cross-entropy=4.438505
2023-11-08 13:07:48,881 [INFO]  Epoch[3] Validation-total_time16-accuracy=0.000000
2023-11-08 13:07:48,887 [INFO]  Epoch[4] Batch [0-4]	Speed: 14554.87 samples/sec	cross-entropy=1.352916	total_time16-accuracy=3.200000
2023-11-08 13:07:48,890 [INFO]  Epoch[4] Train-cross-entropy=2.751748
2023-11-08 13:07:48,890 [INFO]  Epoch[4] Train-total_time16-accuracy=3.125000
2023-11-08 13:07:48,890 [INFO]  Epoch[4] Time cost=0.009
2023-11-08 13:07:48,891 [INFO]  Saved checkpoint to "./imputer_model/imputer_model_total_time16/model-0004.params"
2023-11-08 13:07:48,892 [INFO]  Epoch[4] Validation-cross-entropy=2.484545
2023-11-08 13:07:48,892 [INFO]  Epoch[4] Validation-total_time16-accuracy=0.000000
2023-11-08 13:07:48,892 [INFO]  
========== done (0.058565378189086914 s) fit model
2023-11-08 13:21:13,710 [INFO]  
========== start: fit model
2023-11-08 13:21:13,710 [WARNING]  Already bound, ignoring bind()
2023-11-08 13:21:13,718 [INFO]  Epoch[0] Batch [0-4]	Speed: 11536.18 samples/sec	cross-entropy=21.362759	total_time16-accuracy=0.000000
2023-11-08 13:21:13,723 [INFO]  Epoch[0] Train-cross-entropy=18.727319
2023-11-08 13:21:13,723 [INFO]  Epoch[0] Train-total_time16-accuracy=0.000000
2023-11-08 13:21:13,723 [INFO]  Epoch[0] Time cost=0.013
2023-11-08 13:21:13,727 [INFO]  Saved checkpoint to "./imputer_model/imputer_model_total_time16/model-0000.params"
2023-11-08 13:21:13,728 [INFO]  Epoch[0] Validation-cross-entropy=11.440393
2023-11-08 13:21:13,728 [INFO]  Epoch[0] Validation-total_time16-accuracy=0.000000
2023-11-08 13:21:13,736 [INFO]  Epoch[1] Batch [0-4]	Speed: 10720.69 samples/sec	cross-entropy=35.350380	total_time16-accuracy=0.000000
2023-11-08 13:21:13,741 [INFO]  Epoch[1] Train-cross-entropy=26.542992
2023-11-08 13:21:13,741 [INFO]  Epoch[1] Train-total_time16-accuracy=0.000000
2023-11-08 13:21:13,741 [INFO]  Epoch[1] Time cost=0.013
2023-11-08 13:21:13,743 [INFO]  Saved checkpoint to "./imputer_model/imputer_model_total_time16/model-0001.params"
2023-11-08 13:21:13,744 [INFO]  Epoch[1] Validation-cross-entropy=6.980392
2023-11-08 13:21:13,744 [INFO]  Epoch[1] Validation-total_time16-accuracy=0.000000
2023-11-08 13:21:13,750 [INFO]  Epoch[2] Batch [0-4]	Speed: 12793.00 samples/sec	cross-entropy=5.222128	total_time16-accuracy=0.000000
2023-11-08 13:21:13,754 [INFO]  Epoch[2] Train-cross-entropy=4.215512
2023-11-08 13:21:13,754 [INFO]  Epoch[2] Train-total_time16-accuracy=0.000000
2023-11-08 13:21:13,754 [INFO]  Epoch[2] Time cost=0.010
2023-11-08 13:21:13,756 [INFO]  Saved checkpoint to "./imputer_model/imputer_model_total_time16/model-0002.params"
2023-11-08 13:21:13,756 [INFO]  Epoch[2] Validation-cross-entropy=8.262660
2023-11-08 13:21:13,756 [INFO]  Epoch[2] Validation-total_time16-accuracy=0.000000
2023-11-08 13:21:13,762 [INFO]  Epoch[3] Batch [0-4]	Speed: 13844.73 samples/sec	cross-entropy=2.830137	total_time16-accuracy=0.000000
2023-11-08 13:21:13,766 [INFO]  Epoch[3] Train-cross-entropy=2.461902
2023-11-08 13:21:13,766 [INFO]  Epoch[3] Train-total_time16-accuracy=0.000000
2023-11-08 13:21:13,766 [INFO]  Epoch[3] Time cost=0.009
2023-11-08 13:21:13,767 [INFO]  Saved checkpoint to "./imputer_model/imputer_model_total_time16/model-0003.params"
2023-11-08 13:21:13,768 [INFO]  Epoch[3] Validation-cross-entropy=10.845338
2023-11-08 13:21:13,768 [INFO]  Epoch[3] Validation-total_time16-accuracy=0.000000
2023-11-08 13:21:13,774 [INFO]  Epoch[4] Batch [0-4]	Speed: 14357.91 samples/sec	cross-entropy=1.271549	total_time16-accuracy=0.000000
2023-11-08 13:21:13,777 [INFO]  Epoch[4] Train-cross-entropy=0.911158
2023-11-08 13:21:13,777 [INFO]  Epoch[4] Train-total_time16-accuracy=0.000000
2023-11-08 13:21:13,777 [INFO]  Epoch[4] Time cost=0.009
2023-11-08 13:21:13,778 [INFO]  Saved checkpoint to "./imputer_model/imputer_model_total_time16/model-0004.params"
2023-11-08 13:21:13,779 [INFO]  Epoch[4] Validation-cross-entropy=9.257076
2023-11-08 13:21:13,779 [INFO]  Epoch[4] Validation-total_time16-accuracy=0.000000
2023-11-08 13:21:13,779 [INFO]  
========== done (0.06903982162475586 s) fit model
2023-11-08 13:34:34,148 [INFO]  
========== start: fit model
2023-11-08 13:34:34,148 [WARNING]  Already bound, ignoring bind()
2023-11-08 13:34:34,157 [INFO]  Epoch[0] Batch [0-4]	Speed: 9881.30 samples/sec	cross-entropy=13.637185	total_time16-accuracy=3.800000
2023-11-08 13:34:34,162 [INFO]  Epoch[0] Train-cross-entropy=17.762992
2023-11-08 13:34:34,162 [INFO]  Epoch[0] Train-total_time16-accuracy=2.875000
2023-11-08 13:34:34,162 [INFO]  Epoch[0] Time cost=0.013
2023-11-08 13:34:34,166 [INFO]  Saved checkpoint to "./imputer_model/imputer_model_total_time16/model-0000.params"
2023-11-08 13:34:34,167 [INFO]  Epoch[0] Validation-cross-entropy=34.050907
2023-11-08 13:34:34,167 [INFO]  Epoch[0] Validation-total_time16-accuracy=0.000000
2023-11-08 13:34:34,174 [INFO]  Epoch[1] Batch [0-4]	Speed: 14507.67 samples/sec	cross-entropy=39.454516	total_time16-accuracy=3.800000
2023-11-08 13:34:34,177 [INFO]  Epoch[1] Train-cross-entropy=28.420223
2023-11-08 13:34:34,177 [INFO]  Epoch[1] Train-total_time16-accuracy=2.875000
2023-11-08 13:34:34,177 [INFO]  Epoch[1] Time cost=0.010
2023-11-08 13:34:34,180 [INFO]  Saved checkpoint to "./imputer_model/imputer_model_total_time16/model-0001.params"
2023-11-08 13:34:34,181 [INFO]  Epoch[1] Validation-cross-entropy=17.273676
2023-11-08 13:34:34,181 [INFO]  Epoch[1] Validation-total_time16-accuracy=0.000000
2023-11-08 13:34:34,186 [INFO]  Epoch[2] Batch [0-4]	Speed: 16268.82 samples/sec	cross-entropy=10.562786	total_time16-accuracy=3.800000
2023-11-08 13:34:34,189 [INFO]  Epoch[2] Train-cross-entropy=8.344151
2023-11-08 13:34:34,189 [INFO]  Epoch[2] Train-total_time16-accuracy=2.875000
2023-11-08 13:34:34,189 [INFO]  Epoch[2] Time cost=0.008
2023-11-08 13:34:34,191 [INFO]  Saved checkpoint to "./imputer_model/imputer_model_total_time16/model-0002.params"
2023-11-08 13:34:34,192 [INFO]  Epoch[2] Validation-cross-entropy=22.119963
2023-11-08 13:34:34,192 [INFO]  Epoch[2] Validation-total_time16-accuracy=0.000000
2023-11-08 13:34:34,197 [INFO]  Epoch[3] Batch [0-4]	Speed: 16239.29 samples/sec	cross-entropy=4.915259	total_time16-accuracy=3.800000
2023-11-08 13:34:34,200 [INFO]  Epoch[3] Train-cross-entropy=3.430233
2023-11-08 13:34:34,200 [INFO]  Epoch[3] Train-total_time16-accuracy=2.875000
2023-11-08 13:34:34,200 [INFO]  Epoch[3] Time cost=0.008
2023-11-08 13:34:34,201 [INFO]  Saved checkpoint to "./imputer_model/imputer_model_total_time16/model-0003.params"
2023-11-08 13:34:34,202 [INFO]  Epoch[3] Validation-cross-entropy=21.439384
2023-11-08 13:34:34,202 [INFO]  Epoch[3] Validation-total_time16-accuracy=0.000000
2023-11-08 13:34:34,207 [INFO]  Epoch[4] Batch [0-4]	Speed: 16880.61 samples/sec	cross-entropy=1.019104	total_time16-accuracy=3.800000
2023-11-08 13:34:34,210 [INFO]  Epoch[4] Train-cross-entropy=1.278551
2023-11-08 13:34:34,210 [INFO]  Epoch[4] Train-total_time16-accuracy=2.875000
2023-11-08 13:34:34,210 [INFO]  Epoch[4] Time cost=0.008
2023-11-08 13:34:34,211 [INFO]  Saved checkpoint to "./imputer_model/imputer_model_total_time16/model-0004.params"
2023-11-08 13:34:34,212 [INFO]  Epoch[4] Validation-cross-entropy=18.579245
2023-11-08 13:34:34,212 [INFO]  Epoch[4] Validation-total_time16-accuracy=0.000000
2023-11-08 13:34:34,212 [INFO]  
========== done (0.06358051300048828 s) fit model
2023-11-08 13:47:54,010 [INFO]  
========== start: fit model
2023-11-08 13:47:54,010 [WARNING]  Already bound, ignoring bind()
2023-11-08 13:47:54,017 [INFO]  Epoch[0] Batch [0-4]	Speed: 13844.73 samples/sec	cross-entropy=13.626669	total_time16-accuracy=0.000000
2023-11-08 13:47:54,021 [INFO]  Epoch[0] Train-cross-entropy=17.586667
2023-11-08 13:47:54,021 [INFO]  Epoch[0] Train-total_time16-accuracy=0.000000
2023-11-08 13:47:54,021 [INFO]  Epoch[0] Time cost=0.010
2023-11-08 13:47:54,022 [INFO]  Saved checkpoint to "./imputer_model/imputer_model_total_time16/model-0000.params"
2023-11-08 13:47:54,023 [INFO]  Epoch[0] Validation-cross-entropy=9.574203
2023-11-08 13:47:54,023 [INFO]  Epoch[0] Validation-total_time16-accuracy=0.000000
2023-11-08 13:47:54,028 [INFO]  Epoch[1] Batch [0-4]	Speed: 14774.37 samples/sec	cross-entropy=42.063665	total_time16-accuracy=0.000000
2023-11-08 13:47:54,032 [INFO]  Epoch[1] Train-cross-entropy=31.167617
2023-11-08 13:47:54,032 [INFO]  Epoch[1] Train-total_time16-accuracy=0.000000
2023-11-08 13:47:54,032 [INFO]  Epoch[1] Time cost=0.009
2023-11-08 13:47:54,033 [INFO]  Saved checkpoint to "./imputer_model/imputer_model_total_time16/model-0001.params"
2023-11-08 13:47:54,034 [INFO]  Epoch[1] Validation-cross-entropy=7.605522
2023-11-08 13:47:54,034 [INFO]  Epoch[1] Validation-total_time16-accuracy=0.000000
2023-11-08 13:47:54,039 [INFO]  Epoch[2] Batch [0-4]	Speed: 14927.18 samples/sec	cross-entropy=21.532351	total_time16-accuracy=0.000000
2023-11-08 13:47:54,043 [INFO]  Epoch[2] Train-cross-entropy=15.057184
2023-11-08 13:47:54,043 [INFO]  Epoch[2] Train-total_time16-accuracy=0.000000
2023-11-08 13:47:54,043 [INFO]  Epoch[2] Time cost=0.009
2023-11-08 13:47:54,044 [INFO]  Saved checkpoint to "./imputer_model/imputer_model_total_time16/model-0002.params"
2023-11-08 13:47:54,045 [INFO]  Epoch[2] Validation-cross-entropy=9.608568
2023-11-08 13:47:54,045 [INFO]  Epoch[2] Validation-total_time16-accuracy=0.000000
2023-11-08 13:47:54,051 [INFO]  Epoch[3] Batch [0-4]	Speed: 14463.12 samples/sec	cross-entropy=15.470442	total_time16-accuracy=0.000000
2023-11-08 13:47:54,054 [INFO]  Epoch[3] Train-cross-entropy=10.521207
2023-11-08 13:47:54,054 [INFO]  Epoch[3] Train-total_time16-accuracy=0.000000
2023-11-08 13:47:54,054 [INFO]  Epoch[3] Time cost=0.009
2023-11-08 13:47:54,056 [INFO]  Saved checkpoint to "./imputer_model/imputer_model_total_time16/model-0003.params"
2023-11-08 13:47:54,056 [INFO]  Epoch[3] Validation-cross-entropy=5.125983
2023-11-08 13:47:54,056 [INFO]  Epoch[3] Validation-total_time16-accuracy=0.000000
2023-11-08 13:47:54,062 [INFO]  Epoch[4] Batch [0-4]	Speed: 14506.89 samples/sec	cross-entropy=2.268017	total_time16-accuracy=0.000000
2023-11-08 13:47:54,065 [INFO]  Epoch[4] Train-cross-entropy=2.946874
2023-11-08 13:47:54,065 [INFO]  Epoch[4] Train-total_time16-accuracy=0.000000
2023-11-08 13:47:54,065 [INFO]  Epoch[4] Time cost=0.009
2023-11-08 13:47:54,067 [INFO]  Saved checkpoint to "./imputer_model/imputer_model_total_time16/model-0004.params"
2023-11-08 13:47:54,067 [INFO]  Epoch[4] Validation-cross-entropy=3.912503
2023-11-08 13:47:54,067 [INFO]  Epoch[4] Validation-total_time16-accuracy=0.000000
2023-11-08 13:47:54,067 [INFO]  
========== done (0.05713963508605957 s) fit model
2023-11-08 14:01:16,962 [INFO]  
========== start: fit model
2023-11-08 14:01:16,962 [WARNING]  Already bound, ignoring bind()
2023-11-08 14:01:16,969 [INFO]  Epoch[0] Batch [0-4]	Speed: 13944.70 samples/sec	cross-entropy=10.175998	total_time16-accuracy=3.000000
2023-11-08 14:01:16,972 [INFO]  Epoch[0] Train-cross-entropy=11.110613
2023-11-08 14:01:16,973 [INFO]  Epoch[0] Train-total_time16-accuracy=2.750000
2023-11-08 14:01:16,973 [INFO]  Epoch[0] Time cost=0.010
2023-11-08 14:01:16,974 [INFO]  Saved checkpoint to "./imputer_model/imputer_model_total_time16/model-0000.params"
2023-11-08 14:01:16,974 [INFO]  Epoch[0] Validation-cross-entropy=12.417097
2023-11-08 14:01:16,974 [INFO]  Epoch[0] Validation-total_time16-accuracy=0.000000
2023-11-08 14:01:16,980 [INFO]  Epoch[1] Batch [0-4]	Speed: 13152.80 samples/sec	cross-entropy=35.719773	total_time16-accuracy=3.000000
2023-11-08 14:01:16,986 [INFO]  Epoch[1] Train-cross-entropy=29.321585
2023-11-08 14:01:16,986 [INFO]  Epoch[1] Train-total_time16-accuracy=2.750000
2023-11-08 14:01:16,986 [INFO]  Epoch[1] Time cost=0.012
2023-11-08 14:01:16,990 [INFO]  Saved checkpoint to "./imputer_model/imputer_model_total_time16/model-0001.params"
2023-11-08 14:01:16,991 [INFO]  Epoch[1] Validation-cross-entropy=4.920500
2023-11-08 14:01:16,991 [INFO]  Epoch[1] Validation-total_time16-accuracy=0.000000
2023-11-08 14:01:17,000 [INFO]  Epoch[2] Batch [0-4]	Speed: 10425.89 samples/sec	cross-entropy=4.332758	total_time16-accuracy=3.000000
2023-11-08 14:01:17,004 [INFO]  Epoch[2] Train-cross-entropy=9.633605
2023-11-08 14:01:17,005 [INFO]  Epoch[2] Train-total_time16-accuracy=2.750000
2023-11-08 14:01:17,005 [INFO]  Epoch[2] Time cost=0.013
2023-11-08 14:01:17,008 [INFO]  Saved checkpoint to "./imputer_model/imputer_model_total_time16/model-0002.params"
2023-11-08 14:01:17,008 [INFO]  Epoch[2] Validation-cross-entropy=8.321772
2023-11-08 14:01:17,008 [INFO]  Epoch[2] Validation-total_time16-accuracy=0.000000
2023-11-08 14:01:17,015 [INFO]  Epoch[3] Batch [0-4]	Speed: 12401.16 samples/sec	cross-entropy=5.666008	total_time16-accuracy=3.000000
2023-11-08 14:01:17,019 [INFO]  Epoch[3] Train-cross-entropy=5.599220
2023-11-08 14:01:17,019 [INFO]  Epoch[3] Train-total_time16-accuracy=2.750000
2023-11-08 14:01:17,019 [INFO]  Epoch[3] Time cost=0.011
2023-11-08 14:01:17,021 [INFO]  Saved checkpoint to "./imputer_model/imputer_model_total_time16/model-0003.params"
2023-11-08 14:01:17,022 [INFO]  Epoch[3] Validation-cross-entropy=5.597010
2023-11-08 14:01:17,022 [INFO]  Epoch[3] Validation-total_time16-accuracy=0.000000
2023-11-08 14:01:17,028 [INFO]  Epoch[4] Batch [0-4]	Speed: 13479.74 samples/sec	cross-entropy=1.459507	total_time16-accuracy=3.000000
2023-11-08 14:01:17,031 [INFO]  Epoch[4] Train-cross-entropy=1.363088
2023-11-08 14:01:17,031 [INFO]  Epoch[4] Train-total_time16-accuracy=2.750000
2023-11-08 14:01:17,031 [INFO]  Epoch[4] Time cost=0.010
2023-11-08 14:01:17,033 [INFO]  Saved checkpoint to "./imputer_model/imputer_model_total_time16/model-0004.params"
2023-11-08 14:01:17,033 [INFO]  Epoch[4] Validation-cross-entropy=7.475688
2023-11-08 14:01:17,033 [INFO]  Epoch[4] Validation-total_time16-accuracy=0.000000
2023-11-08 14:01:17,033 [INFO]  
========== done (0.07172083854675293 s) fit model
2023-11-08 14:14:42,563 [INFO]  
========== start: fit model
2023-11-08 14:14:42,563 [WARNING]  Already bound, ignoring bind()
2023-11-08 14:14:42,571 [INFO]  Epoch[0] Batch [0-4]	Speed: 12366.88 samples/sec	cross-entropy=21.663023	total_time16-accuracy=2.400000
2023-11-08 14:14:42,575 [INFO]  Epoch[0] Train-cross-entropy=24.247411
2023-11-08 14:14:42,575 [INFO]  Epoch[0] Train-total_time16-accuracy=2.750000
2023-11-08 14:14:42,575 [INFO]  Epoch[0] Time cost=0.011
2023-11-08 14:14:42,576 [INFO]  Saved checkpoint to "./imputer_model/imputer_model_total_time16/model-0000.params"
2023-11-08 14:14:42,577 [INFO]  Epoch[0] Validation-cross-entropy=54.551422
2023-11-08 14:14:42,577 [INFO]  Epoch[0] Validation-total_time16-accuracy=0.000000
2023-11-08 14:14:42,582 [INFO]  Epoch[1] Batch [0-4]	Speed: 16627.57 samples/sec	cross-entropy=43.599196	total_time16-accuracy=2.400000
2023-11-08 14:14:42,585 [INFO]  Epoch[1] Train-cross-entropy=60.308874
2023-11-08 14:14:42,585 [INFO]  Epoch[1] Train-total_time16-accuracy=2.750000
2023-11-08 14:14:42,585 [INFO]  Epoch[1] Time cost=0.008
2023-11-08 14:14:42,587 [INFO]  Saved checkpoint to "./imputer_model/imputer_model_total_time16/model-0001.params"
2023-11-08 14:14:42,587 [INFO]  Epoch[1] Validation-cross-entropy=22.094940
2023-11-08 14:14:42,587 [INFO]  Epoch[1] Validation-total_time16-accuracy=0.000000
2023-11-08 14:14:42,591 [INFO]  Epoch[2] Batch [0-4]	Speed: 21485.15 samples/sec	cross-entropy=7.596081	total_time16-accuracy=2.400000
2023-11-08 14:14:42,594 [INFO]  Epoch[2] Train-cross-entropy=7.498150
2023-11-08 14:14:42,594 [INFO]  Epoch[2] Train-total_time16-accuracy=2.750000
2023-11-08 14:14:42,594 [INFO]  Epoch[2] Time cost=0.007
2023-11-08 14:14:42,595 [INFO]  Saved checkpoint to "./imputer_model/imputer_model_total_time16/model-0002.params"
2023-11-08 14:14:42,596 [INFO]  Epoch[2] Validation-cross-entropy=59.378094
2023-11-08 14:14:42,596 [INFO]  Epoch[2] Validation-total_time16-accuracy=0.000000
2023-11-08 14:14:42,601 [INFO]  Epoch[3] Batch [0-4]	Speed: 17237.23 samples/sec	cross-entropy=3.556533	total_time16-accuracy=2.400000
2023-11-08 14:14:42,603 [INFO]  Epoch[3] Train-cross-entropy=3.274140
2023-11-08 14:14:42,603 [INFO]  Epoch[3] Train-total_time16-accuracy=2.750000
2023-11-08 14:14:42,604 [INFO]  Epoch[3] Time cost=0.008
2023-11-08 14:14:42,605 [INFO]  Saved checkpoint to "./imputer_model/imputer_model_total_time16/model-0003.params"
2023-11-08 14:14:42,605 [INFO]  Epoch[3] Validation-cross-entropy=30.564297
2023-11-08 14:14:42,605 [INFO]  Epoch[3] Validation-total_time16-accuracy=0.000000
2023-11-08 14:14:42,610 [INFO]  Epoch[4] Batch [0-4]	Speed: 16307.36 samples/sec	cross-entropy=2.290304	total_time16-accuracy=2.400000
2023-11-08 14:14:42,613 [INFO]  Epoch[4] Train-cross-entropy=1.695880
2023-11-08 14:14:42,613 [INFO]  Epoch[4] Train-total_time16-accuracy=2.750000
2023-11-08 14:14:42,613 [INFO]  Epoch[4] Time cost=0.007
2023-11-08 14:14:42,614 [INFO]  Saved checkpoint to "./imputer_model/imputer_model_total_time16/model-0004.params"
2023-11-08 14:14:42,615 [INFO]  Epoch[4] Validation-cross-entropy=27.809105
2023-11-08 14:14:42,615 [INFO]  Epoch[4] Validation-total_time16-accuracy=0.000000
2023-11-08 14:14:42,615 [INFO]  
========== done (0.051767826080322266 s) fit model
2023-11-08 14:28:19,079 [INFO]  
========== start: fit model
2023-11-08 14:28:19,080 [WARNING]  Already bound, ignoring bind()
2023-11-08 14:28:19,087 [INFO]  Epoch[0] Batch [0-4]	Speed: 12575.45 samples/sec	cross-entropy=18.980116	total_time16-accuracy=2.400000
2023-11-08 14:28:19,091 [INFO]  Epoch[0] Train-cross-entropy=19.750735
2023-11-08 14:28:19,091 [INFO]  Epoch[0] Train-total_time16-accuracy=2.625000
2023-11-08 14:28:19,091 [INFO]  Epoch[0] Time cost=0.011
2023-11-08 14:28:19,092 [INFO]  Saved checkpoint to "./imputer_model/imputer_model_total_time16/model-0000.params"
2023-11-08 14:28:19,093 [INFO]  Epoch[0] Validation-cross-entropy=607.350891
2023-11-08 14:28:19,093 [INFO]  Epoch[0] Validation-total_time16-accuracy=0.000000
2023-11-08 14:28:19,099 [INFO]  Epoch[1] Batch [0-4]	Speed: 13890.58 samples/sec	cross-entropy=43.192732	total_time16-accuracy=2.400000
2023-11-08 14:28:19,102 [INFO]  Epoch[1] Train-cross-entropy=35.710183
2023-11-08 14:28:19,103 [INFO]  Epoch[1] Train-total_time16-accuracy=2.625000
2023-11-08 14:28:19,103 [INFO]  Epoch[1] Time cost=0.010
2023-11-08 14:28:19,105 [INFO]  Saved checkpoint to "./imputer_model/imputer_model_total_time16/model-0001.params"
2023-11-08 14:28:19,106 [INFO]  Epoch[1] Validation-cross-entropy=333.900269
2023-11-08 14:28:19,106 [INFO]  Epoch[1] Validation-total_time16-accuracy=0.000000
2023-11-08 14:28:19,111 [INFO]  Epoch[2] Batch [0-4]	Speed: 16057.63 samples/sec	cross-entropy=4.550429	total_time16-accuracy=2.400000
2023-11-08 14:28:19,114 [INFO]  Epoch[2] Train-cross-entropy=4.762217
2023-11-08 14:28:19,114 [INFO]  Epoch[2] Train-total_time16-accuracy=2.625000
2023-11-08 14:28:19,114 [INFO]  Epoch[2] Time cost=0.008
2023-11-08 14:28:19,115 [INFO]  Saved checkpoint to "./imputer_model/imputer_model_total_time16/model-0002.params"
2023-11-08 14:28:19,116 [INFO]  Epoch[2] Validation-cross-entropy=8.169802
2023-11-08 14:28:19,116 [INFO]  Epoch[2] Validation-total_time16-accuracy=0.000000
2023-11-08 14:28:19,120 [INFO]  Epoch[3] Batch [0-4]	Speed: 22035.42 samples/sec	cross-entropy=3.645648	total_time16-accuracy=2.400000
2023-11-08 14:28:19,122 [INFO]  Epoch[3] Train-cross-entropy=3.043996
2023-11-08 14:28:19,122 [INFO]  Epoch[3] Train-total_time16-accuracy=2.625000
2023-11-08 14:28:19,122 [INFO]  Epoch[3] Time cost=0.006
2023-11-08 14:28:19,123 [INFO]  Saved checkpoint to "./imputer_model/imputer_model_total_time16/model-0003.params"
2023-11-08 14:28:19,123 [INFO]  Epoch[3] Validation-cross-entropy=22.834902
2023-11-08 14:28:19,124 [INFO]  Epoch[3] Validation-total_time16-accuracy=0.000000
2023-11-08 14:28:19,127 [INFO]  Epoch[4] Batch [0-4]	Speed: 25000.97 samples/sec	cross-entropy=1.190122	total_time16-accuracy=2.400000
2023-11-08 14:28:19,129 [INFO]  Epoch[4] Train-cross-entropy=1.117864
2023-11-08 14:28:19,129 [INFO]  Epoch[4] Train-total_time16-accuracy=2.625000
2023-11-08 14:28:19,129 [INFO]  Epoch[4] Time cost=0.005
2023-11-08 14:28:19,130 [INFO]  Saved checkpoint to "./imputer_model/imputer_model_total_time16/model-0004.params"
2023-11-08 14:28:19,130 [INFO]  Epoch[4] Validation-cross-entropy=54.808102
2023-11-08 14:28:19,130 [INFO]  Epoch[4] Validation-total_time16-accuracy=0.000000
2023-11-08 14:28:19,130 [INFO]  
========== done (0.05110478401184082 s) fit model
2023-11-08 14:42:23,167 [INFO]  
========== start: fit model
2023-11-08 14:42:23,167 [WARNING]  Already bound, ignoring bind()
2023-11-08 14:42:23,174 [INFO]  Epoch[0] Batch [0-4]	Speed: 14053.48 samples/sec	cross-entropy=13.451979	total_time16-accuracy=2.200000
2023-11-08 14:42:23,177 [INFO]  Epoch[0] Train-cross-entropy=14.812286
2023-11-08 14:42:23,178 [INFO]  Epoch[0] Train-total_time16-accuracy=3.125000
2023-11-08 14:42:23,178 [INFO]  Epoch[0] Time cost=0.010
2023-11-08 14:42:23,179 [INFO]  Saved checkpoint to "./imputer_model/imputer_model_total_time16/model-0000.params"
2023-11-08 14:42:23,179 [INFO]  Epoch[0] Validation-cross-entropy=26.330853
2023-11-08 14:42:23,179 [INFO]  Epoch[0] Validation-total_time16-accuracy=0.000000
2023-11-08 14:42:23,186 [INFO]  Epoch[1] Batch [0-4]	Speed: 11697.04 samples/sec	cross-entropy=56.017042	total_time16-accuracy=2.200000
2023-11-08 14:42:23,192 [INFO]  Epoch[1] Train-cross-entropy=41.355795
2023-11-08 14:42:23,192 [INFO]  Epoch[1] Train-total_time16-accuracy=3.125000
2023-11-08 14:42:23,192 [INFO]  Epoch[1] Time cost=0.012
2023-11-08 14:42:23,195 [INFO]  Saved checkpoint to "./imputer_model/imputer_model_total_time16/model-0001.params"
2023-11-08 14:42:23,196 [INFO]  Epoch[1] Validation-cross-entropy=31.586533
2023-11-08 14:42:23,196 [INFO]  Epoch[1] Validation-total_time16-accuracy=0.000000
2023-11-08 14:42:23,204 [INFO]  Epoch[2] Batch [0-4]	Speed: 10665.32 samples/sec	cross-entropy=12.804456	total_time16-accuracy=2.200000
2023-11-08 14:42:23,208 [INFO]  Epoch[2] Train-cross-entropy=10.511113
2023-11-08 14:42:23,208 [INFO]  Epoch[2] Train-total_time16-accuracy=3.125000
2023-11-08 14:42:23,208 [INFO]  Epoch[2] Time cost=0.012
2023-11-08 14:42:23,211 [INFO]  Saved checkpoint to "./imputer_model/imputer_model_total_time16/model-0002.params"
2023-11-08 14:42:23,212 [INFO]  Epoch[2] Validation-cross-entropy=9.566985
2023-11-08 14:42:23,212 [INFO]  Epoch[2] Validation-total_time16-accuracy=0.000000
2023-11-08 14:42:23,217 [INFO]  Epoch[3] Batch [0-4]	Speed: 14772.74 samples/sec	cross-entropy=4.532252	total_time16-accuracy=2.200000
2023-11-08 14:42:23,221 [INFO]  Epoch[3] Train-cross-entropy=3.804751
2023-11-08 14:42:23,221 [INFO]  Epoch[3] Train-total_time16-accuracy=3.125000
2023-11-08 14:42:23,221 [INFO]  Epoch[3] Time cost=0.009
2023-11-08 14:42:23,223 [INFO]  Saved checkpoint to "./imputer_model/imputer_model_total_time16/model-0003.params"
2023-11-08 14:42:23,223 [INFO]  Epoch[3] Validation-cross-entropy=9.385829
2023-11-08 14:42:23,224 [INFO]  Epoch[3] Validation-total_time16-accuracy=0.000000
2023-11-08 14:42:23,230 [INFO]  Epoch[4] Batch [0-4]	Speed: 13787.84 samples/sec	cross-entropy=2.591216	total_time16-accuracy=2.200000
2023-11-08 14:42:23,232 [INFO]  Epoch[4] Train-cross-entropy=1.937655
2023-11-08 14:42:23,232 [INFO]  Epoch[4] Train-total_time16-accuracy=3.125000
2023-11-08 14:42:23,232 [INFO]  Epoch[4] Time cost=0.008
2023-11-08 14:42:23,234 [INFO]  Saved checkpoint to "./imputer_model/imputer_model_total_time16/model-0004.params"
2023-11-08 14:42:23,234 [INFO]  Epoch[4] Validation-cross-entropy=7.196846
2023-11-08 14:42:23,234 [INFO]  Epoch[4] Validation-total_time16-accuracy=0.000000
2023-11-08 14:42:23,234 [INFO]  
========== done (0.06760692596435547 s) fit model
2023-11-08 14:56:28,085 [INFO]  
========== start: fit model
2023-11-08 14:56:28,086 [WARNING]  Already bound, ignoring bind()
2023-11-08 14:56:28,096 [INFO]  Epoch[0] Batch [0-4]	Speed: 9694.66 samples/sec	cross-entropy=25.173519	total_time16-accuracy=2.800000
2023-11-08 14:56:28,101 [INFO]  Epoch[0] Train-cross-entropy=21.306526
2023-11-08 14:56:28,101 [INFO]  Epoch[0] Train-total_time16-accuracy=2.625000
2023-11-08 14:56:28,101 [INFO]  Epoch[0] Time cost=0.015
2023-11-08 14:56:28,104 [INFO]  Saved checkpoint to "./imputer_model/imputer_model_total_time16/model-0000.params"
2023-11-08 14:56:28,105 [INFO]  Epoch[0] Validation-cross-entropy=5.863013
2023-11-08 14:56:28,105 [INFO]  Epoch[0] Validation-total_time16-accuracy=0.000000
2023-11-08 14:56:28,112 [INFO]  Epoch[1] Batch [0-4]	Speed: 12074.28 samples/sec	cross-entropy=35.497070	total_time16-accuracy=2.800000
2023-11-08 14:56:28,117 [INFO]  Epoch[1] Train-cross-entropy=27.887307
2023-11-08 14:56:28,117 [INFO]  Epoch[1] Train-total_time16-accuracy=2.625000
2023-11-08 14:56:28,117 [INFO]  Epoch[1] Time cost=0.012
2023-11-08 14:56:28,121 [INFO]  Saved checkpoint to "./imputer_model/imputer_model_total_time16/model-0001.params"
2023-11-08 14:56:28,122 [INFO]  Epoch[1] Validation-cross-entropy=5.716267
2023-11-08 14:56:28,122 [INFO]  Epoch[1] Validation-total_time16-accuracy=0.000000
2023-11-08 14:56:28,129 [INFO]  Epoch[2] Batch [0-4]	Speed: 12947.26 samples/sec	cross-entropy=3.988280	total_time16-accuracy=2.800000
2023-11-08 14:56:28,133 [INFO]  Epoch[2] Train-cross-entropy=3.450193
2023-11-08 14:56:28,133 [INFO]  Epoch[2] Train-total_time16-accuracy=2.625000
2023-11-08 14:56:28,133 [INFO]  Epoch[2] Time cost=0.011
2023-11-08 14:56:28,136 [INFO]  Saved checkpoint to "./imputer_model/imputer_model_total_time16/model-0002.params"
2023-11-08 14:56:28,136 [INFO]  Epoch[2] Validation-cross-entropy=4.291431
2023-11-08 14:56:28,136 [INFO]  Epoch[2] Validation-total_time16-accuracy=0.000000
2023-11-08 14:56:28,141 [INFO]  Epoch[3] Batch [0-4]	Speed: 16087.47 samples/sec	cross-entropy=2.123993	total_time16-accuracy=2.800000
2023-11-08 14:56:28,144 [INFO]  Epoch[3] Train-cross-entropy=1.628964
2023-11-08 14:56:28,145 [INFO]  Epoch[3] Train-total_time16-accuracy=2.625000
2023-11-08 14:56:28,145 [INFO]  Epoch[3] Time cost=0.008
2023-11-08 14:56:28,146 [INFO]  Saved checkpoint to "./imputer_model/imputer_model_total_time16/model-0003.params"
2023-11-08 14:56:28,147 [INFO]  Epoch[3] Validation-cross-entropy=5.482693
2023-11-08 14:56:28,147 [INFO]  Epoch[3] Validation-total_time16-accuracy=0.000000
2023-11-08 14:56:28,152 [INFO]  Epoch[4] Batch [0-4]	Speed: 16058.59 samples/sec	cross-entropy=0.878290	total_time16-accuracy=2.800000
2023-11-08 14:56:28,155 [INFO]  Epoch[4] Train-cross-entropy=0.785681
2023-11-08 14:56:28,155 [INFO]  Epoch[4] Train-total_time16-accuracy=2.625000
2023-11-08 14:56:28,155 [INFO]  Epoch[4] Time cost=0.008
2023-11-08 14:56:28,157 [INFO]  Saved checkpoint to "./imputer_model/imputer_model_total_time16/model-0004.params"
2023-11-08 14:56:28,158 [INFO]  Epoch[4] Validation-cross-entropy=4.213829
2023-11-08 14:56:28,158 [INFO]  Epoch[4] Validation-total_time16-accuracy=0.000000
2023-11-08 14:56:28,158 [INFO]  
========== done (0.07224798202514648 s) fit model
