2023-11-08 12:53:14,008 [INFO]  
========== start: fit model
2023-11-08 12:53:14,009 [WARNING]  Already bound, ignoring bind()
2023-11-08 12:53:14,020 [INFO]  Epoch[0] Batch [0-4]	Speed: 10044.36 samples/sec	cross-entropy=36.246548	paper_time23-accuracy=3.400000
2023-11-08 12:53:14,031 [INFO]  Epoch[0] Train-cross-entropy=27.162862
2023-11-08 12:53:14,031 [INFO]  Epoch[0] Train-paper_time23-accuracy=3.375000
2023-11-08 12:53:14,032 [INFO]  Epoch[0] Time cost=0.021
2023-11-08 12:53:14,035 [INFO]  Saved checkpoint to "./imputer_model/imputer_model_paper_time23/model-0000.params"
2023-11-08 12:53:14,140 [INFO]  Epoch[0] Validation-cross-entropy=20.040983
2023-11-08 12:53:14,140 [INFO]  Epoch[0] Validation-paper_time23-accuracy=0.000000
2023-11-08 12:53:14,144 [INFO]  Epoch[1] Batch [0-4]	Speed: 20942.07 samples/sec	cross-entropy=35.520099	paper_time23-accuracy=3.400000
2023-11-08 12:53:14,147 [INFO]  Epoch[1] Train-cross-entropy=28.177835
2023-11-08 12:53:14,147 [INFO]  Epoch[1] Train-paper_time23-accuracy=3.375000
2023-11-08 12:53:14,147 [INFO]  Epoch[1] Time cost=0.007
2023-11-08 12:53:14,149 [INFO]  Saved checkpoint to "./imputer_model/imputer_model_paper_time23/model-0001.params"
2023-11-08 12:53:14,149 [INFO]  Epoch[1] Validation-cross-entropy=14.775211
2023-11-08 12:53:14,150 [INFO]  Epoch[1] Validation-paper_time23-accuracy=0.000000
2023-11-08 12:53:14,154 [INFO]  Epoch[2] Batch [0-4]	Speed: 17182.07 samples/sec	cross-entropy=4.382957	paper_time23-accuracy=3.400000
2023-11-08 12:53:14,157 [INFO]  Epoch[2] Train-cross-entropy=3.775420
2023-11-08 12:53:14,157 [INFO]  Epoch[2] Train-paper_time23-accuracy=3.375000
2023-11-08 12:53:14,158 [INFO]  Epoch[2] Time cost=0.008
2023-11-08 12:53:14,159 [INFO]  Saved checkpoint to "./imputer_model/imputer_model_paper_time23/model-0002.params"
2023-11-08 12:53:14,160 [INFO]  Epoch[2] Validation-cross-entropy=5.934442
2023-11-08 12:53:14,160 [INFO]  Epoch[2] Validation-paper_time23-accuracy=0.000000
2023-11-08 12:53:14,201 [INFO]  Epoch[3] Batch [0-4]	Speed: 2400.69 samples/sec	cross-entropy=2.491488	paper_time23-accuracy=3.400000
2023-11-08 12:53:14,218 [INFO]  Epoch[3] Train-cross-entropy=2.202580
2023-11-08 12:53:14,218 [INFO]  Epoch[3] Train-paper_time23-accuracy=3.375000
2023-11-08 12:53:14,218 [INFO]  Epoch[3] Time cost=0.058
2023-11-08 12:53:14,220 [INFO]  Saved checkpoint to "./imputer_model/imputer_model_paper_time23/model-0003.params"
2023-11-08 12:53:14,223 [INFO]  Epoch[3] Validation-cross-entropy=6.407809
2023-11-08 12:53:14,223 [INFO]  Epoch[3] Validation-paper_time23-accuracy=0.000000
2023-11-08 12:53:14,258 [INFO]  Epoch[4] Batch [0-4]	Speed: 2628.16 samples/sec	cross-entropy=1.001420	paper_time23-accuracy=3.400000
2023-11-08 12:53:14,272 [INFO]  Epoch[4] Train-cross-entropy=0.847820
2023-11-08 12:53:14,272 [INFO]  Epoch[4] Train-paper_time23-accuracy=3.375000
2023-11-08 12:53:14,272 [INFO]  Epoch[4] Time cost=0.049
2023-11-08 12:53:14,275 [INFO]  Saved checkpoint to "./imputer_model/imputer_model_paper_time23/model-0004.params"
2023-11-08 12:53:14,301 [INFO]  Epoch[4] Validation-cross-entropy=7.142329
2023-11-08 12:53:14,301 [INFO]  Epoch[4] Validation-paper_time23-accuracy=0.000000
2023-11-08 12:53:14,301 [INFO]  
========== done (0.2929677963256836 s) fit model
2023-11-08 13:09:48,478 [INFO]  
========== start: fit model
2023-11-08 13:09:48,497 [WARNING]  Already bound, ignoring bind()
2023-11-08 13:09:48,505 [INFO]  Epoch[0] Batch [0-4]	Speed: 13216.26 samples/sec	cross-entropy=12.634244	paper_time23-accuracy=0.000000
2023-11-08 13:09:48,509 [INFO]  Epoch[0] Train-cross-entropy=22.084737
2023-11-08 13:09:48,509 [INFO]  Epoch[0] Train-paper_time23-accuracy=0.000000
2023-11-08 13:09:48,509 [INFO]  Epoch[0] Time cost=0.010
2023-11-08 13:09:48,511 [INFO]  Saved checkpoint to "./imputer_model/imputer_model_paper_time23/model-0000.params"
2023-11-08 13:09:48,511 [INFO]  Epoch[0] Validation-cross-entropy=8.693931
2023-11-08 13:09:48,511 [INFO]  Epoch[0] Validation-paper_time23-accuracy=0.000000
2023-11-08 13:09:48,518 [INFO]  Epoch[1] Batch [0-4]	Speed: 13216.91 samples/sec	cross-entropy=40.153825	paper_time23-accuracy=0.000000
2023-11-08 13:09:48,521 [INFO]  Epoch[1] Train-cross-entropy=44.088546
2023-11-08 13:09:48,521 [INFO]  Epoch[1] Train-paper_time23-accuracy=0.000000
2023-11-08 13:09:48,521 [INFO]  Epoch[1] Time cost=0.010
2023-11-08 13:09:48,523 [INFO]  Saved checkpoint to "./imputer_model/imputer_model_paper_time23/model-0001.params"
2023-11-08 13:09:48,523 [INFO]  Epoch[1] Validation-cross-entropy=5.715998
2023-11-08 13:09:48,524 [INFO]  Epoch[1] Validation-paper_time23-accuracy=0.000000
2023-11-08 13:09:48,529 [INFO]  Epoch[2] Batch [0-4]	Speed: 13999.97 samples/sec	cross-entropy=17.798524	paper_time23-accuracy=0.000000
2023-11-08 13:09:48,533 [INFO]  Epoch[2] Train-cross-entropy=21.945336
2023-11-08 13:09:48,533 [INFO]  Epoch[2] Train-paper_time23-accuracy=0.000000
2023-11-08 13:09:48,533 [INFO]  Epoch[2] Time cost=0.009
2023-11-08 13:09:48,548 [INFO]  Saved checkpoint to "./imputer_model/imputer_model_paper_time23/model-0002.params"
2023-11-08 13:09:48,548 [INFO]  Epoch[2] Validation-cross-entropy=17.906914
2023-11-08 13:09:48,548 [INFO]  Epoch[2] Validation-paper_time23-accuracy=0.000000
2023-11-08 13:09:48,555 [INFO]  Epoch[3] Batch [0-4]	Speed: 12047.73 samples/sec	cross-entropy=11.823625	paper_time23-accuracy=0.000000
2023-11-08 13:09:48,559 [INFO]  Epoch[3] Train-cross-entropy=9.971148
2023-11-08 13:09:48,560 [INFO]  Epoch[3] Train-paper_time23-accuracy=0.000000
2023-11-08 13:09:48,560 [INFO]  Epoch[3] Time cost=0.011
2023-11-08 13:09:48,562 [INFO]  Saved checkpoint to "./imputer_model/imputer_model_paper_time23/model-0003.params"
2023-11-08 13:09:48,562 [INFO]  Epoch[3] Validation-cross-entropy=2.106484
2023-11-08 13:09:48,562 [INFO]  Epoch[3] Validation-paper_time23-accuracy=0.000000
2023-11-08 13:09:48,571 [INFO]  Epoch[4] Batch [0-4]	Speed: 9762.71 samples/sec	cross-entropy=3.525835	paper_time23-accuracy=0.000000
2023-11-08 13:09:48,575 [INFO]  Epoch[4] Train-cross-entropy=3.331136
2023-11-08 13:09:48,576 [INFO]  Epoch[4] Train-paper_time23-accuracy=0.000000
2023-11-08 13:09:48,576 [INFO]  Epoch[4] Time cost=0.013
2023-11-08 13:09:48,579 [INFO]  Saved checkpoint to "./imputer_model/imputer_model_paper_time23/model-0004.params"
2023-11-08 13:09:48,580 [INFO]  Epoch[4] Validation-cross-entropy=1.767853
2023-11-08 13:09:48,580 [INFO]  Epoch[4] Validation-paper_time23-accuracy=0.000000
2023-11-08 13:09:48,580 [INFO]  
========== done (0.1017143726348877 s) fit model
2023-11-08 13:23:05,557 [INFO]  
========== start: fit model
2023-11-08 13:23:05,557 [WARNING]  Already bound, ignoring bind()
2023-11-08 13:23:05,564 [INFO]  Epoch[0] Batch [0-4]	Speed: 12491.18 samples/sec	cross-entropy=14.807306	paper_time23-accuracy=2.200000
2023-11-08 13:23:05,569 [INFO]  Epoch[0] Train-cross-entropy=20.683859
2023-11-08 13:23:05,569 [INFO]  Epoch[0] Train-paper_time23-accuracy=2.375000
2023-11-08 13:23:05,569 [INFO]  Epoch[0] Time cost=0.012
2023-11-08 13:23:05,573 [INFO]  Saved checkpoint to "./imputer_model/imputer_model_paper_time23/model-0000.params"
2023-11-08 13:23:05,574 [INFO]  Epoch[0] Validation-cross-entropy=3.460724
2023-11-08 13:23:05,574 [INFO]  Epoch[0] Validation-paper_time23-accuracy=0.000000
2023-11-08 13:23:05,580 [INFO]  Epoch[1] Batch [0-4]	Speed: 13682.42 samples/sec	cross-entropy=32.993510	paper_time23-accuracy=2.200000
2023-11-08 13:23:05,584 [INFO]  Epoch[1] Train-cross-entropy=28.374877
2023-11-08 13:23:05,584 [INFO]  Epoch[1] Train-paper_time23-accuracy=2.375000
2023-11-08 13:23:05,584 [INFO]  Epoch[1] Time cost=0.010
2023-11-08 13:23:05,586 [INFO]  Saved checkpoint to "./imputer_model/imputer_model_paper_time23/model-0001.params"
2023-11-08 13:23:05,587 [INFO]  Epoch[1] Validation-cross-entropy=2.310251
2023-11-08 13:23:05,587 [INFO]  Epoch[1] Validation-paper_time23-accuracy=0.000000
2023-11-08 13:23:05,591 [INFO]  Epoch[2] Batch [0-4]	Speed: 18098.40 samples/sec	cross-entropy=12.956157	paper_time23-accuracy=2.200000
2023-11-08 13:23:05,594 [INFO]  Epoch[2] Train-cross-entropy=10.310772
2023-11-08 13:23:05,594 [INFO]  Epoch[2] Train-paper_time23-accuracy=2.375000
2023-11-08 13:23:05,594 [INFO]  Epoch[2] Time cost=0.008
2023-11-08 13:23:05,596 [INFO]  Saved checkpoint to "./imputer_model/imputer_model_paper_time23/model-0002.params"
2023-11-08 13:23:05,596 [INFO]  Epoch[2] Validation-cross-entropy=4.866486
2023-11-08 13:23:05,596 [INFO]  Epoch[2] Validation-paper_time23-accuracy=0.000000
2023-11-08 13:23:05,601 [INFO]  Epoch[3] Batch [0-4]	Speed: 17202.99 samples/sec	cross-entropy=3.949684	paper_time23-accuracy=2.200000
2023-11-08 13:23:05,604 [INFO]  Epoch[3] Train-cross-entropy=3.321974
2023-11-08 13:23:05,604 [INFO]  Epoch[3] Train-paper_time23-accuracy=2.375000
2023-11-08 13:23:05,604 [INFO]  Epoch[3] Time cost=0.008
2023-11-08 13:23:05,605 [INFO]  Saved checkpoint to "./imputer_model/imputer_model_paper_time23/model-0003.params"
2023-11-08 13:23:05,606 [INFO]  Epoch[3] Validation-cross-entropy=3.899024
2023-11-08 13:23:05,606 [INFO]  Epoch[3] Validation-paper_time23-accuracy=0.000000
2023-11-08 13:23:05,610 [INFO]  Epoch[4] Batch [0-4]	Speed: 17276.06 samples/sec	cross-entropy=1.707454	paper_time23-accuracy=2.200000
2023-11-08 13:23:05,614 [INFO]  Epoch[4] Train-cross-entropy=1.753973
2023-11-08 13:23:05,614 [INFO]  Epoch[4] Train-paper_time23-accuracy=2.375000
2023-11-08 13:23:05,614 [INFO]  Epoch[4] Time cost=0.009
2023-11-08 13:23:05,617 [INFO]  Saved checkpoint to "./imputer_model/imputer_model_paper_time23/model-0004.params"
2023-11-08 13:23:05,618 [INFO]  Epoch[4] Validation-cross-entropy=2.725543
2023-11-08 13:23:05,618 [INFO]  Epoch[4] Validation-paper_time23-accuracy=0.000000
2023-11-08 13:23:05,618 [INFO]  
========== done (0.06145954132080078 s) fit model
2023-11-08 13:36:25,566 [INFO]  
========== start: fit model
2023-11-08 13:36:25,567 [WARNING]  Already bound, ignoring bind()
2023-11-08 13:36:25,573 [INFO]  Epoch[0] Batch [0-4]	Speed: 14181.92 samples/sec	cross-entropy=25.612315	paper_time23-accuracy=0.000000
2023-11-08 13:36:25,578 [INFO]  Epoch[0] Train-cross-entropy=22.583761
2023-11-08 13:36:25,578 [INFO]  Epoch[0] Train-paper_time23-accuracy=0.000000
2023-11-08 13:36:25,578 [INFO]  Epoch[0] Time cost=0.011
2023-11-08 13:36:25,581 [INFO]  Saved checkpoint to "./imputer_model/imputer_model_paper_time23/model-0000.params"
2023-11-08 13:36:25,582 [INFO]  Epoch[0] Validation-cross-entropy=188.003296
2023-11-08 13:36:25,583 [INFO]  Epoch[0] Validation-paper_time23-accuracy=0.000000
2023-11-08 13:36:25,589 [INFO]  Epoch[1] Batch [0-4]	Speed: 12563.09 samples/sec	cross-entropy=25.245234	paper_time23-accuracy=0.000000
2023-11-08 13:36:25,593 [INFO]  Epoch[1] Train-cross-entropy=34.919256
2023-11-08 13:36:25,594 [INFO]  Epoch[1] Train-paper_time23-accuracy=0.000000
2023-11-08 13:36:25,594 [INFO]  Epoch[1] Time cost=0.011
2023-11-08 13:36:25,596 [INFO]  Saved checkpoint to "./imputer_model/imputer_model_paper_time23/model-0001.params"
2023-11-08 13:36:25,596 [INFO]  Epoch[1] Validation-cross-entropy=93.064415
2023-11-08 13:36:25,596 [INFO]  Epoch[1] Validation-paper_time23-accuracy=0.000000
2023-11-08 13:36:25,602 [INFO]  Epoch[2] Batch [0-4]	Speed: 14272.41 samples/sec	cross-entropy=14.487049	paper_time23-accuracy=0.000000
2023-11-08 13:36:25,606 [INFO]  Epoch[2] Train-cross-entropy=14.390222
2023-11-08 13:36:25,606 [INFO]  Epoch[2] Train-paper_time23-accuracy=0.000000
2023-11-08 13:36:25,606 [INFO]  Epoch[2] Time cost=0.009
2023-11-08 13:36:25,607 [INFO]  Saved checkpoint to "./imputer_model/imputer_model_paper_time23/model-0002.params"
2023-11-08 13:36:25,608 [INFO]  Epoch[2] Validation-cross-entropy=142.992264
2023-11-08 13:36:25,608 [INFO]  Epoch[2] Validation-paper_time23-accuracy=0.000000
2023-11-08 13:36:25,613 [INFO]  Epoch[3] Batch [0-4]	Speed: 14460.78 samples/sec	cross-entropy=12.101241	paper_time23-accuracy=0.000000
2023-11-08 13:36:25,617 [INFO]  Epoch[3] Train-cross-entropy=8.104287
2023-11-08 13:36:25,617 [INFO]  Epoch[3] Train-paper_time23-accuracy=0.000000
2023-11-08 13:36:25,617 [INFO]  Epoch[3] Time cost=0.009
2023-11-08 13:36:25,618 [INFO]  Saved checkpoint to "./imputer_model/imputer_model_paper_time23/model-0003.params"
2023-11-08 13:36:25,619 [INFO]  Epoch[3] Validation-cross-entropy=110.958687
2023-11-08 13:36:25,619 [INFO]  Epoch[3] Validation-paper_time23-accuracy=0.000000
2023-11-08 13:36:25,624 [INFO]  Epoch[4] Batch [0-4]	Speed: 14745.96 samples/sec	cross-entropy=2.249501	paper_time23-accuracy=0.000000
2023-11-08 13:36:25,628 [INFO]  Epoch[4] Train-cross-entropy=2.096670
2023-11-08 13:36:25,628 [INFO]  Epoch[4] Train-paper_time23-accuracy=0.000000
2023-11-08 13:36:25,628 [INFO]  Epoch[4] Time cost=0.009
2023-11-08 13:36:25,631 [INFO]  Saved checkpoint to "./imputer_model/imputer_model_paper_time23/model-0004.params"
2023-11-08 13:36:25,632 [INFO]  Epoch[4] Validation-cross-entropy=108.983803
2023-11-08 13:36:25,632 [INFO]  Epoch[4] Validation-paper_time23-accuracy=0.000000
2023-11-08 13:36:25,632 [INFO]  
========== done (0.06595587730407715 s) fit model
2023-11-08 13:49:46,583 [INFO]  
========== start: fit model
2023-11-08 13:49:46,583 [WARNING]  Already bound, ignoring bind()
2023-11-08 13:49:46,593 [INFO]  Epoch[0] Batch [0-4]	Speed: 9535.90 samples/sec	cross-entropy=18.478830	paper_time23-accuracy=0.000000
2023-11-08 13:49:46,598 [INFO]  Epoch[0] Train-cross-entropy=17.917806
2023-11-08 13:49:46,598 [INFO]  Epoch[0] Train-paper_time23-accuracy=0.000000
2023-11-08 13:49:46,598 [INFO]  Epoch[0] Time cost=0.014
2023-11-08 13:49:46,601 [INFO]  Saved checkpoint to "./imputer_model/imputer_model_paper_time23/model-0000.params"
2023-11-08 13:49:46,602 [INFO]  Epoch[0] Validation-cross-entropy=112.853630
2023-11-08 13:49:46,602 [INFO]  Epoch[0] Validation-paper_time23-accuracy=0.000000
2023-11-08 13:49:46,610 [INFO]  Epoch[1] Batch [0-4]	Speed: 12195.51 samples/sec	cross-entropy=43.316208	paper_time23-accuracy=0.000000
2023-11-08 13:49:46,614 [INFO]  Epoch[1] Train-cross-entropy=34.274986
2023-11-08 13:49:46,614 [INFO]  Epoch[1] Train-paper_time23-accuracy=0.000000
2023-11-08 13:49:46,614 [INFO]  Epoch[1] Time cost=0.011
2023-11-08 13:49:46,616 [INFO]  Saved checkpoint to "./imputer_model/imputer_model_paper_time23/model-0001.params"
2023-11-08 13:49:46,616 [INFO]  Epoch[1] Validation-cross-entropy=52.052773
2023-11-08 13:49:46,617 [INFO]  Epoch[1] Validation-paper_time23-accuracy=0.000000
2023-11-08 13:49:46,621 [INFO]  Epoch[2] Batch [0-4]	Speed: 16569.07 samples/sec	cross-entropy=22.000930	paper_time23-accuracy=0.000000
2023-11-08 13:49:46,625 [INFO]  Epoch[2] Train-cross-entropy=16.764958
2023-11-08 13:49:46,625 [INFO]  Epoch[2] Train-paper_time23-accuracy=0.000000
2023-11-08 13:49:46,625 [INFO]  Epoch[2] Time cost=0.009
2023-11-08 13:49:46,628 [INFO]  Saved checkpoint to "./imputer_model/imputer_model_paper_time23/model-0002.params"
2023-11-08 13:49:46,629 [INFO]  Epoch[2] Validation-cross-entropy=107.876877
2023-11-08 13:49:46,629 [INFO]  Epoch[2] Validation-paper_time23-accuracy=0.000000
2023-11-08 13:49:46,635 [INFO]  Epoch[3] Batch [0-4]	Speed: 13081.65 samples/sec	cross-entropy=12.245638	paper_time23-accuracy=0.000000
2023-11-08 13:49:46,638 [INFO]  Epoch[3] Train-cross-entropy=10.355440
2023-11-08 13:49:46,638 [INFO]  Epoch[3] Train-paper_time23-accuracy=0.000000
2023-11-08 13:49:46,638 [INFO]  Epoch[3] Time cost=0.009
2023-11-08 13:49:46,640 [INFO]  Saved checkpoint to "./imputer_model/imputer_model_paper_time23/model-0003.params"
2023-11-08 13:49:46,641 [INFO]  Epoch[3] Validation-cross-entropy=117.240608
2023-11-08 13:49:46,641 [INFO]  Epoch[3] Validation-paper_time23-accuracy=0.000000
2023-11-08 13:49:46,646 [INFO]  Epoch[4] Batch [0-4]	Speed: 16598.78 samples/sec	cross-entropy=1.687932	paper_time23-accuracy=0.000000
2023-11-08 13:49:46,649 [INFO]  Epoch[4] Train-cross-entropy=2.714227
2023-11-08 13:49:46,649 [INFO]  Epoch[4] Train-paper_time23-accuracy=0.000000
2023-11-08 13:49:46,649 [INFO]  Epoch[4] Time cost=0.008
2023-11-08 13:49:46,650 [INFO]  Saved checkpoint to "./imputer_model/imputer_model_paper_time23/model-0004.params"
2023-11-08 13:49:46,651 [INFO]  Epoch[4] Validation-cross-entropy=88.866409
2023-11-08 13:49:46,651 [INFO]  Epoch[4] Validation-paper_time23-accuracy=0.000000
2023-11-08 13:49:46,651 [INFO]  
========== done (0.06821751594543457 s) fit model
2023-11-08 14:03:09,266 [INFO]  
========== start: fit model
2023-11-08 14:03:09,267 [WARNING]  Already bound, ignoring bind()
2023-11-08 14:03:09,274 [INFO]  Epoch[0] Batch [0-4]	Speed: 13941.80 samples/sec	cross-entropy=17.494836	paper_time23-accuracy=2.600000
2023-11-08 14:03:09,278 [INFO]  Epoch[0] Train-cross-entropy=18.573954
2023-11-08 14:03:09,278 [INFO]  Epoch[0] Train-paper_time23-accuracy=2.875000
2023-11-08 14:03:09,278 [INFO]  Epoch[0] Time cost=0.011
2023-11-08 14:03:09,281 [INFO]  Saved checkpoint to "./imputer_model/imputer_model_paper_time23/model-0000.params"
2023-11-08 14:03:09,282 [INFO]  Epoch[0] Validation-cross-entropy=83.737259
2023-11-08 14:03:09,283 [INFO]  Epoch[0] Validation-paper_time23-accuracy=0.000000
2023-11-08 14:03:09,289 [INFO]  Epoch[1] Batch [0-4]	Speed: 13775.81 samples/sec	cross-entropy=32.083018	paper_time23-accuracy=2.600000
2023-11-08 14:03:09,293 [INFO]  Epoch[1] Train-cross-entropy=23.437167
2023-11-08 14:03:09,293 [INFO]  Epoch[1] Train-paper_time23-accuracy=2.875000
2023-11-08 14:03:09,293 [INFO]  Epoch[1] Time cost=0.010
2023-11-08 14:03:09,295 [INFO]  Saved checkpoint to "./imputer_model/imputer_model_paper_time23/model-0001.params"
2023-11-08 14:03:09,296 [INFO]  Epoch[1] Validation-cross-entropy=94.335197
2023-11-08 14:03:09,296 [INFO]  Epoch[1] Validation-paper_time23-accuracy=0.000000
2023-11-08 14:03:09,300 [INFO]  Epoch[2] Batch [0-4]	Speed: 18597.44 samples/sec	cross-entropy=5.624479	paper_time23-accuracy=2.600000
2023-11-08 14:03:09,303 [INFO]  Epoch[2] Train-cross-entropy=6.106759
2023-11-08 14:03:09,303 [INFO]  Epoch[2] Train-paper_time23-accuracy=2.875000
2023-11-08 14:03:09,303 [INFO]  Epoch[2] Time cost=0.007
2023-11-08 14:03:09,305 [INFO]  Saved checkpoint to "./imputer_model/imputer_model_paper_time23/model-0002.params"
2023-11-08 14:03:09,305 [INFO]  Epoch[2] Validation-cross-entropy=104.133957
2023-11-08 14:03:09,305 [INFO]  Epoch[2] Validation-paper_time23-accuracy=0.000000
2023-11-08 14:03:09,311 [INFO]  Epoch[3] Batch [0-4]	Speed: 12932.91 samples/sec	cross-entropy=4.083170	paper_time23-accuracy=2.600000
2023-11-08 14:03:09,316 [INFO]  Epoch[3] Train-cross-entropy=4.601998
2023-11-08 14:03:09,316 [INFO]  Epoch[3] Train-paper_time23-accuracy=2.875000
2023-11-08 14:03:09,316 [INFO]  Epoch[3] Time cost=0.011
2023-11-08 14:03:09,318 [INFO]  Saved checkpoint to "./imputer_model/imputer_model_paper_time23/model-0003.params"
2023-11-08 14:03:09,319 [INFO]  Epoch[3] Validation-cross-entropy=115.846863
2023-11-08 14:03:09,319 [INFO]  Epoch[3] Validation-paper_time23-accuracy=0.000000
2023-11-08 14:03:09,325 [INFO]  Epoch[4] Batch [0-4]	Speed: 13535.47 samples/sec	cross-entropy=1.840867	paper_time23-accuracy=2.600000
2023-11-08 14:03:09,328 [INFO]  Epoch[4] Train-cross-entropy=2.118000
2023-11-08 14:03:09,328 [INFO]  Epoch[4] Train-paper_time23-accuracy=2.875000
2023-11-08 14:03:09,328 [INFO]  Epoch[4] Time cost=0.009
2023-11-08 14:03:09,330 [INFO]  Saved checkpoint to "./imputer_model/imputer_model_paper_time23/model-0004.params"
2023-11-08 14:03:09,330 [INFO]  Epoch[4] Validation-cross-entropy=86.737213
2023-11-08 14:03:09,330 [INFO]  Epoch[4] Validation-paper_time23-accuracy=0.000000
2023-11-08 14:03:09,330 [INFO]  
========== done (0.06383180618286133 s) fit model
2023-11-08 14:16:35,715 [INFO]  
========== start: fit model
2023-11-08 14:16:35,715 [WARNING]  Already bound, ignoring bind()
2023-11-08 14:16:35,724 [INFO]  Epoch[0] Batch [0-4]	Speed: 10755.06 samples/sec	cross-entropy=25.889855	paper_time23-accuracy=1.800000
2023-11-08 14:16:35,728 [INFO]  Epoch[0] Train-cross-entropy=27.440284
2023-11-08 14:16:35,729 [INFO]  Epoch[0] Train-paper_time23-accuracy=3.000000
2023-11-08 14:16:35,729 [INFO]  Epoch[0] Time cost=0.013
2023-11-08 14:16:35,732 [INFO]  Saved checkpoint to "./imputer_model/imputer_model_paper_time23/model-0000.params"
2023-11-08 14:16:35,733 [INFO]  Epoch[0] Validation-cross-entropy=10.570127
2023-11-08 14:16:35,733 [INFO]  Epoch[0] Validation-paper_time23-accuracy=0.000000
2023-11-08 14:16:35,740 [INFO]  Epoch[1] Batch [0-4]	Speed: 11936.30 samples/sec	cross-entropy=52.820885	paper_time23-accuracy=1.800000
2023-11-08 14:16:35,743 [INFO]  Epoch[1] Train-cross-entropy=45.254020
2023-11-08 14:16:35,743 [INFO]  Epoch[1] Train-paper_time23-accuracy=3.000000
2023-11-08 14:16:35,743 [INFO]  Epoch[1] Time cost=0.010
2023-11-08 14:16:35,745 [INFO]  Saved checkpoint to "./imputer_model/imputer_model_paper_time23/model-0001.params"
2023-11-08 14:16:35,746 [INFO]  Epoch[1] Validation-cross-entropy=9.584366
2023-11-08 14:16:35,746 [INFO]  Epoch[1] Validation-paper_time23-accuracy=0.000000
2023-11-08 14:16:35,751 [INFO]  Epoch[2] Batch [0-4]	Speed: 16788.76 samples/sec	cross-entropy=12.699680	paper_time23-accuracy=1.800000
2023-11-08 14:16:35,754 [INFO]  Epoch[2] Train-cross-entropy=9.465148
2023-11-08 14:16:35,754 [INFO]  Epoch[2] Train-paper_time23-accuracy=3.000000
2023-11-08 14:16:35,754 [INFO]  Epoch[2] Time cost=0.008
2023-11-08 14:16:35,755 [INFO]  Saved checkpoint to "./imputer_model/imputer_model_paper_time23/model-0002.params"
2023-11-08 14:16:35,756 [INFO]  Epoch[2] Validation-cross-entropy=10.393696
2023-11-08 14:16:35,756 [INFO]  Epoch[2] Validation-paper_time23-accuracy=0.000000
2023-11-08 14:16:35,762 [INFO]  Epoch[3] Batch [0-4]	Speed: 14408.77 samples/sec	cross-entropy=5.620510	paper_time23-accuracy=1.800000
2023-11-08 14:16:35,765 [INFO]  Epoch[3] Train-cross-entropy=4.692822
2023-11-08 14:16:35,765 [INFO]  Epoch[3] Train-paper_time23-accuracy=3.000000
2023-11-08 14:16:35,765 [INFO]  Epoch[3] Time cost=0.009
2023-11-08 14:16:35,766 [INFO]  Saved checkpoint to "./imputer_model/imputer_model_paper_time23/model-0003.params"
2023-11-08 14:16:35,767 [INFO]  Epoch[3] Validation-cross-entropy=5.274271
2023-11-08 14:16:35,767 [INFO]  Epoch[3] Validation-paper_time23-accuracy=0.000000
2023-11-08 14:16:35,773 [INFO]  Epoch[4] Batch [0-4]	Speed: 14457.66 samples/sec	cross-entropy=2.204885	paper_time23-accuracy=1.800000
2023-11-08 14:16:35,776 [INFO]  Epoch[4] Train-cross-entropy=1.871652
2023-11-08 14:16:35,776 [INFO]  Epoch[4] Train-paper_time23-accuracy=3.000000
2023-11-08 14:16:35,776 [INFO]  Epoch[4] Time cost=0.009
2023-11-08 14:16:35,777 [INFO]  Saved checkpoint to "./imputer_model/imputer_model_paper_time23/model-0004.params"
2023-11-08 14:16:35,778 [INFO]  Epoch[4] Validation-cross-entropy=3.355727
2023-11-08 14:16:35,778 [INFO]  Epoch[4] Validation-paper_time23-accuracy=0.000000
2023-11-08 14:16:35,778 [INFO]  
========== done (0.06352424621582031 s) fit model
2023-11-08 14:30:14,705 [INFO]  
========== start: fit model
2023-11-08 14:30:14,705 [WARNING]  Already bound, ignoring bind()
2023-11-08 14:30:14,713 [INFO]  Epoch[0] Batch [0-4]	Speed: 13925.89 samples/sec	cross-entropy=10.330681	paper_time23-accuracy=0.000000
2023-11-08 14:30:14,716 [INFO]  Epoch[0] Train-cross-entropy=17.787108
2023-11-08 14:30:14,716 [INFO]  Epoch[0] Train-paper_time23-accuracy=0.000000
2023-11-08 14:30:14,716 [INFO]  Epoch[0] Time cost=0.010
2023-11-08 14:30:14,717 [INFO]  Saved checkpoint to "./imputer_model/imputer_model_paper_time23/model-0000.params"
2023-11-08 14:30:14,718 [INFO]  Epoch[0] Validation-cross-entropy=45.320419
2023-11-08 14:30:14,718 [INFO]  Epoch[0] Validation-paper_time23-accuracy=0.000000
2023-11-08 14:30:14,724 [INFO]  Epoch[1] Batch [0-4]	Speed: 12587.24 samples/sec	cross-entropy=25.343725	paper_time23-accuracy=0.000000
2023-11-08 14:30:14,730 [INFO]  Epoch[1] Train-cross-entropy=20.525151
2023-11-08 14:30:14,730 [INFO]  Epoch[1] Train-paper_time23-accuracy=0.000000
2023-11-08 14:30:14,730 [INFO]  Epoch[1] Time cost=0.012
2023-11-08 14:30:14,733 [INFO]  Saved checkpoint to "./imputer_model/imputer_model_paper_time23/model-0001.params"
2023-11-08 14:30:14,734 [INFO]  Epoch[1] Validation-cross-entropy=22.978437
2023-11-08 14:30:14,734 [INFO]  Epoch[1] Validation-paper_time23-accuracy=0.000000
2023-11-08 14:30:14,740 [INFO]  Epoch[2] Batch [0-4]	Speed: 13443.28 samples/sec	cross-entropy=2.308798	paper_time23-accuracy=0.000000
2023-11-08 14:30:14,744 [INFO]  Epoch[2] Train-cross-entropy=2.376315
2023-11-08 14:30:14,744 [INFO]  Epoch[2] Train-paper_time23-accuracy=0.000000
2023-11-08 14:30:14,744 [INFO]  Epoch[2] Time cost=0.010
2023-11-08 14:30:14,746 [INFO]  Saved checkpoint to "./imputer_model/imputer_model_paper_time23/model-0002.params"
2023-11-08 14:30:14,746 [INFO]  Epoch[2] Validation-cross-entropy=21.491488
2023-11-08 14:30:14,746 [INFO]  Epoch[2] Validation-paper_time23-accuracy=0.000000
2023-11-08 14:30:14,751 [INFO]  Epoch[3] Batch [0-4]	Speed: 16426.11 samples/sec	cross-entropy=2.675597	paper_time23-accuracy=0.000000
2023-11-08 14:30:14,754 [INFO]  Epoch[3] Train-cross-entropy=2.178180
2023-11-08 14:30:14,754 [INFO]  Epoch[3] Train-paper_time23-accuracy=0.000000
2023-11-08 14:30:14,754 [INFO]  Epoch[3] Time cost=0.008
2023-11-08 14:30:14,756 [INFO]  Saved checkpoint to "./imputer_model/imputer_model_paper_time23/model-0003.params"
2023-11-08 14:30:14,756 [INFO]  Epoch[3] Validation-cross-entropy=32.277889
2023-11-08 14:30:14,756 [INFO]  Epoch[3] Validation-paper_time23-accuracy=0.000000
2023-11-08 14:30:14,762 [INFO]  Epoch[4] Batch [0-4]	Speed: 14695.10 samples/sec	cross-entropy=0.921534	paper_time23-accuracy=0.000000
2023-11-08 14:30:14,765 [INFO]  Epoch[4] Train-cross-entropy=0.720492
2023-11-08 14:30:14,765 [INFO]  Epoch[4] Train-paper_time23-accuracy=0.000000
2023-11-08 14:30:14,765 [INFO]  Epoch[4] Time cost=0.009
2023-11-08 14:30:14,767 [INFO]  Saved checkpoint to "./imputer_model/imputer_model_paper_time23/model-0004.params"
2023-11-08 14:30:14,767 [INFO]  Epoch[4] Validation-cross-entropy=23.128126
2023-11-08 14:30:14,767 [INFO]  Epoch[4] Validation-paper_time23-accuracy=0.000000
2023-11-08 14:30:14,767 [INFO]  
========== done (0.06218361854553223 s) fit model
2023-11-08 14:44:19,720 [INFO]  
========== start: fit model
2023-11-08 14:44:19,720 [WARNING]  Already bound, ignoring bind()
2023-11-08 14:44:19,727 [INFO]  Epoch[0] Batch [0-4]	Speed: 14085.19 samples/sec	cross-entropy=21.170242	paper_time23-accuracy=2.800000
2023-11-08 14:44:19,731 [INFO]  Epoch[0] Train-cross-entropy=17.272986
2023-11-08 14:44:19,731 [INFO]  Epoch[0] Train-paper_time23-accuracy=3.375000
2023-11-08 14:44:19,731 [INFO]  Epoch[0] Time cost=0.010
2023-11-08 14:44:19,732 [INFO]  Saved checkpoint to "./imputer_model/imputer_model_paper_time23/model-0000.params"
2023-11-08 14:44:19,733 [INFO]  Epoch[0] Validation-cross-entropy=17.687847
2023-11-08 14:44:19,733 [INFO]  Epoch[0] Validation-paper_time23-accuracy=0.000000
2023-11-08 14:44:19,738 [INFO]  Epoch[1] Batch [0-4]	Speed: 15010.65 samples/sec	cross-entropy=33.308070	paper_time23-accuracy=2.800000
2023-11-08 14:44:19,742 [INFO]  Epoch[1] Train-cross-entropy=23.996896
2023-11-08 14:44:19,742 [INFO]  Epoch[1] Train-paper_time23-accuracy=3.375000
2023-11-08 14:44:19,742 [INFO]  Epoch[1] Time cost=0.009
2023-11-08 14:44:19,743 [INFO]  Saved checkpoint to "./imputer_model/imputer_model_paper_time23/model-0001.params"
2023-11-08 14:44:19,744 [INFO]  Epoch[1] Validation-cross-entropy=21.251331
2023-11-08 14:44:19,744 [INFO]  Epoch[1] Validation-paper_time23-accuracy=0.000000
2023-11-08 14:44:19,754 [INFO]  Epoch[2] Batch [0-4]	Speed: 7416.37 samples/sec	cross-entropy=4.609523	paper_time23-accuracy=2.800000
2023-11-08 14:44:19,758 [INFO]  Epoch[2] Train-cross-entropy=3.933592
2023-11-08 14:44:19,759 [INFO]  Epoch[2] Train-paper_time23-accuracy=3.375000
2023-11-08 14:44:19,759 [INFO]  Epoch[2] Time cost=0.015
2023-11-08 14:44:19,762 [INFO]  Saved checkpoint to "./imputer_model/imputer_model_paper_time23/model-0002.params"
2023-11-08 14:44:19,763 [INFO]  Epoch[2] Validation-cross-entropy=7.426876
2023-11-08 14:44:19,763 [INFO]  Epoch[2] Validation-paper_time23-accuracy=0.000000
2023-11-08 14:44:19,770 [INFO]  Epoch[3] Batch [0-4]	Speed: 12274.14 samples/sec	cross-entropy=2.871838	paper_time23-accuracy=2.800000
2023-11-08 14:44:19,774 [INFO]  Epoch[3] Train-cross-entropy=2.090370
2023-11-08 14:44:19,774 [INFO]  Epoch[3] Train-paper_time23-accuracy=3.375000
2023-11-08 14:44:19,774 [INFO]  Epoch[3] Time cost=0.011
2023-11-08 14:44:19,776 [INFO]  Saved checkpoint to "./imputer_model/imputer_model_paper_time23/model-0003.params"
2023-11-08 14:44:19,777 [INFO]  Epoch[3] Validation-cross-entropy=8.620108
2023-11-08 14:44:19,777 [INFO]  Epoch[3] Validation-paper_time23-accuracy=0.000000
2023-11-08 14:44:19,783 [INFO]  Epoch[4] Batch [0-4]	Speed: 13545.72 samples/sec	cross-entropy=1.211099	paper_time23-accuracy=2.800000
2023-11-08 14:44:19,786 [INFO]  Epoch[4] Train-cross-entropy=0.893666
2023-11-08 14:44:19,786 [INFO]  Epoch[4] Train-paper_time23-accuracy=3.375000
2023-11-08 14:44:19,786 [INFO]  Epoch[4] Time cost=0.010
2023-11-08 14:44:19,788 [INFO]  Saved checkpoint to "./imputer_model/imputer_model_paper_time23/model-0004.params"
2023-11-08 14:44:19,788 [INFO]  Epoch[4] Validation-cross-entropy=7.200089
2023-11-08 14:44:19,789 [INFO]  Epoch[4] Validation-paper_time23-accuracy=0.000000
2023-11-08 14:44:19,789 [INFO]  
========== done (0.06827664375305176 s) fit model
2023-11-08 14:58:28,804 [INFO]  
========== start: fit model
2023-11-08 14:58:28,804 [WARNING]  Already bound, ignoring bind()
2023-11-08 14:58:28,812 [INFO]  Epoch[0] Batch [0-4]	Speed: 10944.04 samples/sec	cross-entropy=11.564505	paper_time23-accuracy=3.000000
2023-11-08 14:58:28,817 [INFO]  Epoch[0] Train-cross-entropy=22.893026
2023-11-08 14:58:28,817 [INFO]  Epoch[0] Train-paper_time23-accuracy=2.750000
2023-11-08 14:58:28,817 [INFO]  Epoch[0] Time cost=0.012
2023-11-08 14:58:28,820 [INFO]  Saved checkpoint to "./imputer_model/imputer_model_paper_time23/model-0000.params"
2023-11-08 14:58:28,821 [INFO]  Epoch[0] Validation-cross-entropy=9.939603
2023-11-08 14:58:28,821 [INFO]  Epoch[0] Validation-paper_time23-accuracy=0.000000
2023-11-08 14:58:28,827 [INFO]  Epoch[1] Batch [0-4]	Speed: 15007.29 samples/sec	cross-entropy=51.994624	paper_time23-accuracy=3.000000
2023-11-08 14:58:28,831 [INFO]  Epoch[1] Train-cross-entropy=43.464406
2023-11-08 14:58:28,831 [INFO]  Epoch[1] Train-paper_time23-accuracy=2.750000
2023-11-08 14:58:28,831 [INFO]  Epoch[1] Time cost=0.009
2023-11-08 14:58:28,832 [INFO]  Saved checkpoint to "./imputer_model/imputer_model_paper_time23/model-0001.params"
2023-11-08 14:58:28,833 [INFO]  Epoch[1] Validation-cross-entropy=10.632051
2023-11-08 14:58:28,833 [INFO]  Epoch[1] Validation-paper_time23-accuracy=0.000000
2023-11-08 14:58:28,837 [INFO]  Epoch[2] Batch [0-4]	Speed: 18845.51 samples/sec	cross-entropy=4.703824	paper_time23-accuracy=3.000000
2023-11-08 14:58:28,841 [INFO]  Epoch[2] Train-cross-entropy=4.053380
2023-11-08 14:58:28,841 [INFO]  Epoch[2] Train-paper_time23-accuracy=2.750000
2023-11-08 14:58:28,841 [INFO]  Epoch[2] Time cost=0.008
2023-11-08 14:58:28,843 [INFO]  Saved checkpoint to "./imputer_model/imputer_model_paper_time23/model-0002.params"
2023-11-08 14:58:28,844 [INFO]  Epoch[2] Validation-cross-entropy=4.030767
2023-11-08 14:58:28,844 [INFO]  Epoch[2] Validation-paper_time23-accuracy=0.000000
2023-11-08 14:58:28,851 [INFO]  Epoch[3] Batch [0-4]	Speed: 11663.50 samples/sec	cross-entropy=5.134681	paper_time23-accuracy=3.000000
2023-11-08 14:58:28,855 [INFO]  Epoch[3] Train-cross-entropy=4.177658
2023-11-08 14:58:28,855 [INFO]  Epoch[3] Train-paper_time23-accuracy=2.750000
2023-11-08 14:58:28,855 [INFO]  Epoch[3] Time cost=0.012
2023-11-08 14:58:28,858 [INFO]  Saved checkpoint to "./imputer_model/imputer_model_paper_time23/model-0003.params"
2023-11-08 14:58:28,859 [INFO]  Epoch[3] Validation-cross-entropy=4.097196
2023-11-08 14:58:28,859 [INFO]  Epoch[3] Validation-paper_time23-accuracy=0.000000
2023-11-08 14:58:28,866 [INFO]  Epoch[4] Batch [0-4]	Speed: 12697.39 samples/sec	cross-entropy=1.933863	paper_time23-accuracy=3.000000
2023-11-08 14:58:28,869 [INFO]  Epoch[4] Train-cross-entropy=2.103442
2023-11-08 14:58:28,869 [INFO]  Epoch[4] Train-paper_time23-accuracy=2.750000
2023-11-08 14:58:28,870 [INFO]  Epoch[4] Time cost=0.011
2023-11-08 14:58:28,872 [INFO]  Saved checkpoint to "./imputer_model/imputer_model_paper_time23/model-0004.params"
2023-11-08 14:58:28,872 [INFO]  Epoch[4] Validation-cross-entropy=3.318384
2023-11-08 14:58:28,872 [INFO]  Epoch[4] Validation-paper_time23-accuracy=0.000000
2023-11-08 14:58:28,872 [INFO]  
========== done (0.06871795654296875 s) fit model
