2023-11-08 12:54:31,544 [INFO]  
========== start: fit model
2023-11-08 12:54:31,544 [WARNING]  Already bound, ignoring bind()
2023-11-08 12:54:31,618 [INFO]  Epoch[0] Batch [0-4]	Speed: 23935.40 samples/sec	cross-entropy=21.821339	mean_jerk_in_air25-accuracy=0.000000
2023-11-08 12:54:31,620 [INFO]  Epoch[0] Train-cross-entropy=22.249575
2023-11-08 12:54:31,620 [INFO]  Epoch[0] Train-mean_jerk_in_air25-accuracy=0.000000
2023-11-08 12:54:31,620 [INFO]  Epoch[0] Time cost=0.075
2023-11-08 12:54:31,621 [INFO]  Saved checkpoint to "./imputer_model/imputer_model_mean_jerk_in_air25/model-0000.params"
2023-11-08 12:54:31,621 [INFO]  Epoch[0] Validation-cross-entropy=21.208006
2023-11-08 12:54:31,621 [INFO]  Epoch[0] Validation-mean_jerk_in_air25-accuracy=0.000000
2023-11-08 12:54:31,625 [INFO]  Epoch[1] Batch [0-4]	Speed: 25653.24 samples/sec	cross-entropy=43.877413	mean_jerk_in_air25-accuracy=0.000000
2023-11-08 12:54:31,627 [INFO]  Epoch[1] Train-cross-entropy=31.299703
2023-11-08 12:54:31,627 [INFO]  Epoch[1] Train-mean_jerk_in_air25-accuracy=0.000000
2023-11-08 12:54:31,627 [INFO]  Epoch[1] Time cost=0.006
2023-11-08 12:54:31,629 [INFO]  Saved checkpoint to "./imputer_model/imputer_model_mean_jerk_in_air25/model-0001.params"
2023-11-08 12:54:31,629 [INFO]  Epoch[1] Validation-cross-entropy=17.062645
2023-11-08 12:54:31,629 [INFO]  Epoch[1] Validation-mean_jerk_in_air25-accuracy=0.000000
2023-11-08 12:54:31,633 [INFO]  Epoch[2] Batch [0-4]	Speed: 21838.22 samples/sec	cross-entropy=9.043206	mean_jerk_in_air25-accuracy=0.000000
2023-11-08 12:54:31,636 [INFO]  Epoch[2] Train-cross-entropy=7.074295
2023-11-08 12:54:31,636 [INFO]  Epoch[2] Train-mean_jerk_in_air25-accuracy=0.000000
2023-11-08 12:54:31,636 [INFO]  Epoch[2] Time cost=0.006
2023-11-08 12:54:31,637 [INFO]  Saved checkpoint to "./imputer_model/imputer_model_mean_jerk_in_air25/model-0002.params"
2023-11-08 12:54:31,637 [INFO]  Epoch[2] Validation-cross-entropy=18.493671
2023-11-08 12:54:31,637 [INFO]  Epoch[2] Validation-mean_jerk_in_air25-accuracy=0.000000
2023-11-08 12:54:31,641 [INFO]  Epoch[3] Batch [0-4]	Speed: 21627.09 samples/sec	cross-entropy=3.872694	mean_jerk_in_air25-accuracy=0.000000
2023-11-08 12:54:31,644 [INFO]  Epoch[3] Train-cross-entropy=2.991420
2023-11-08 12:54:31,644 [INFO]  Epoch[3] Train-mean_jerk_in_air25-accuracy=0.000000
2023-11-08 12:54:31,644 [INFO]  Epoch[3] Time cost=0.006
2023-11-08 12:54:31,645 [INFO]  Saved checkpoint to "./imputer_model/imputer_model_mean_jerk_in_air25/model-0003.params"
2023-11-08 12:54:31,645 [INFO]  Epoch[3] Validation-cross-entropy=11.494131
2023-11-08 12:54:31,645 [INFO]  Epoch[3] Validation-mean_jerk_in_air25-accuracy=0.000000
2023-11-08 12:54:31,650 [INFO]  Epoch[4] Batch [0-4]	Speed: 18808.54 samples/sec	cross-entropy=1.673066	mean_jerk_in_air25-accuracy=0.000000
2023-11-08 12:54:31,652 [INFO]  Epoch[4] Train-cross-entropy=1.314384
2023-11-08 12:54:31,652 [INFO]  Epoch[4] Train-mean_jerk_in_air25-accuracy=0.000000
2023-11-08 12:54:31,652 [INFO]  Epoch[4] Time cost=0.007
2023-11-08 12:54:31,654 [INFO]  Saved checkpoint to "./imputer_model/imputer_model_mean_jerk_in_air25/model-0004.params"
2023-11-08 12:54:31,654 [INFO]  Epoch[4] Validation-cross-entropy=13.012625
2023-11-08 12:54:31,654 [INFO]  Epoch[4] Validation-mean_jerk_in_air25-accuracy=0.000000
2023-11-08 12:54:31,654 [INFO]  
========== done (0.11039257049560547 s) fit model
2023-11-08 13:10:18,319 [INFO]  
========== start: fit model
2023-11-08 13:10:18,319 [WARNING]  Already bound, ignoring bind()
2023-11-08 13:10:18,326 [INFO]  Epoch[0] Batch [0-4]	Speed: 13936.01 samples/sec	cross-entropy=24.463847	mean_jerk_in_air25-accuracy=0.000000
2023-11-08 13:10:18,330 [INFO]  Epoch[0] Train-cross-entropy=19.954075
2023-11-08 13:10:18,330 [INFO]  Epoch[0] Train-mean_jerk_in_air25-accuracy=0.000000
2023-11-08 13:10:18,330 [INFO]  Epoch[0] Time cost=0.010
2023-11-08 13:10:18,331 [INFO]  Saved checkpoint to "./imputer_model/imputer_model_mean_jerk_in_air25/model-0000.params"
2023-11-08 13:10:18,331 [INFO]  Epoch[0] Validation-cross-entropy=16.207458
2023-11-08 13:10:18,332 [INFO]  Epoch[0] Validation-mean_jerk_in_air25-accuracy=0.000000
2023-11-08 13:10:18,338 [INFO]  Epoch[1] Batch [0-4]	Speed: 12516.22 samples/sec	cross-entropy=27.749596	mean_jerk_in_air25-accuracy=0.000000
2023-11-08 13:10:18,343 [INFO]  Epoch[1] Train-cross-entropy=21.623251
2023-11-08 13:10:18,343 [INFO]  Epoch[1] Train-mean_jerk_in_air25-accuracy=0.000000
2023-11-08 13:10:18,343 [INFO]  Epoch[1] Time cost=0.011
2023-11-08 13:10:18,346 [INFO]  Saved checkpoint to "./imputer_model/imputer_model_mean_jerk_in_air25/model-0001.params"
2023-11-08 13:10:18,347 [INFO]  Epoch[1] Validation-cross-entropy=8.344251
2023-11-08 13:10:18,347 [INFO]  Epoch[1] Validation-mean_jerk_in_air25-accuracy=0.000000
2023-11-08 13:10:18,354 [INFO]  Epoch[2] Batch [0-4]	Speed: 12188.32 samples/sec	cross-entropy=5.012350	mean_jerk_in_air25-accuracy=0.000000
2023-11-08 13:10:18,357 [INFO]  Epoch[2] Train-cross-entropy=4.524152
2023-11-08 13:10:18,357 [INFO]  Epoch[2] Train-mean_jerk_in_air25-accuracy=0.000000
2023-11-08 13:10:18,357 [INFO]  Epoch[2] Time cost=0.010
2023-11-08 13:10:18,359 [INFO]  Saved checkpoint to "./imputer_model/imputer_model_mean_jerk_in_air25/model-0002.params"
2023-11-08 13:10:18,360 [INFO]  Epoch[2] Validation-cross-entropy=6.098125
2023-11-08 13:10:18,360 [INFO]  Epoch[2] Validation-mean_jerk_in_air25-accuracy=0.000000
2023-11-08 13:10:18,366 [INFO]  Epoch[3] Batch [0-4]	Speed: 14819.23 samples/sec	cross-entropy=1.522050	mean_jerk_in_air25-accuracy=0.000000
2023-11-08 13:10:18,369 [INFO]  Epoch[3] Train-cross-entropy=1.536991
2023-11-08 13:10:18,370 [INFO]  Epoch[3] Train-mean_jerk_in_air25-accuracy=0.000000
2023-11-08 13:10:18,370 [INFO]  Epoch[3] Time cost=0.009
2023-11-08 13:10:18,387 [INFO]  Saved checkpoint to "./imputer_model/imputer_model_mean_jerk_in_air25/model-0003.params"
2023-11-08 13:10:18,388 [INFO]  Epoch[3] Validation-cross-entropy=5.443012
2023-11-08 13:10:18,388 [INFO]  Epoch[3] Validation-mean_jerk_in_air25-accuracy=0.000000
2023-11-08 13:10:18,396 [INFO]  Epoch[4] Batch [0-4]	Speed: 10053.01 samples/sec	cross-entropy=0.758811	mean_jerk_in_air25-accuracy=0.000000
2023-11-08 13:10:18,401 [INFO]  Epoch[4] Train-cross-entropy=0.676942
2023-11-08 13:10:18,401 [INFO]  Epoch[4] Train-mean_jerk_in_air25-accuracy=0.000000
2023-11-08 13:10:18,401 [INFO]  Epoch[4] Time cost=0.013
2023-11-08 13:10:18,404 [INFO]  Saved checkpoint to "./imputer_model/imputer_model_mean_jerk_in_air25/model-0004.params"
2023-11-08 13:10:18,405 [INFO]  Epoch[4] Validation-cross-entropy=6.264904
2023-11-08 13:10:18,405 [INFO]  Epoch[4] Validation-mean_jerk_in_air25-accuracy=0.000000
2023-11-08 13:10:18,406 [INFO]  
========== done (0.08678221702575684 s) fit model
2023-11-08 13:23:34,475 [INFO]  
========== start: fit model
2023-11-08 13:23:34,475 [WARNING]  Already bound, ignoring bind()
2023-11-08 13:23:34,482 [INFO]  Epoch[0] Batch [0-4]	Speed: 13881.96 samples/sec	cross-entropy=13.947770	mean_jerk_in_air25-accuracy=3.200000
2023-11-08 13:23:34,485 [INFO]  Epoch[0] Train-cross-entropy=18.432697
2023-11-08 13:23:34,485 [INFO]  Epoch[0] Train-mean_jerk_in_air25-accuracy=3.375000
2023-11-08 13:23:34,485 [INFO]  Epoch[0] Time cost=0.010
2023-11-08 13:23:34,486 [INFO]  Saved checkpoint to "./imputer_model/imputer_model_mean_jerk_in_air25/model-0000.params"
2023-11-08 13:23:34,487 [INFO]  Epoch[0] Validation-cross-entropy=41.741096
2023-11-08 13:23:34,487 [INFO]  Epoch[0] Validation-mean_jerk_in_air25-accuracy=0.000000
2023-11-08 13:23:34,492 [INFO]  Epoch[1] Batch [0-4]	Speed: 15084.03 samples/sec	cross-entropy=44.863680	mean_jerk_in_air25-accuracy=3.200000
2023-11-08 13:23:34,496 [INFO]  Epoch[1] Train-cross-entropy=38.608285
2023-11-08 13:23:34,496 [INFO]  Epoch[1] Train-mean_jerk_in_air25-accuracy=3.375000
2023-11-08 13:23:34,496 [INFO]  Epoch[1] Time cost=0.009
2023-11-08 13:23:34,500 [INFO]  Saved checkpoint to "./imputer_model/imputer_model_mean_jerk_in_air25/model-0001.params"
2023-11-08 13:23:34,501 [INFO]  Epoch[1] Validation-cross-entropy=10.138931
2023-11-08 13:23:34,501 [INFO]  Epoch[1] Validation-mean_jerk_in_air25-accuracy=0.000000
2023-11-08 13:23:34,509 [INFO]  Epoch[2] Batch [0-4]	Speed: 10778.38 samples/sec	cross-entropy=14.944266	mean_jerk_in_air25-accuracy=3.200000
2023-11-08 13:23:34,512 [INFO]  Epoch[2] Train-cross-entropy=11.620519
2023-11-08 13:23:34,512 [INFO]  Epoch[2] Train-mean_jerk_in_air25-accuracy=3.375000
2023-11-08 13:23:34,512 [INFO]  Epoch[2] Time cost=0.011
2023-11-08 13:23:34,514 [INFO]  Saved checkpoint to "./imputer_model/imputer_model_mean_jerk_in_air25/model-0002.params"
2023-11-08 13:23:34,515 [INFO]  Epoch[2] Validation-cross-entropy=10.470713
2023-11-08 13:23:34,515 [INFO]  Epoch[2] Validation-mean_jerk_in_air25-accuracy=0.000000
2023-11-08 13:23:34,520 [INFO]  Epoch[3] Batch [0-4]	Speed: 16073.02 samples/sec	cross-entropy=4.807103	mean_jerk_in_air25-accuracy=3.200000
2023-11-08 13:23:34,523 [INFO]  Epoch[3] Train-cross-entropy=4.043591
2023-11-08 13:23:34,523 [INFO]  Epoch[3] Train-mean_jerk_in_air25-accuracy=3.375000
2023-11-08 13:23:34,523 [INFO]  Epoch[3] Time cost=0.008
2023-11-08 13:23:34,525 [INFO]  Saved checkpoint to "./imputer_model/imputer_model_mean_jerk_in_air25/model-0003.params"
2023-11-08 13:23:34,525 [INFO]  Epoch[3] Validation-cross-entropy=19.225206
2023-11-08 13:23:34,525 [INFO]  Epoch[3] Validation-mean_jerk_in_air25-accuracy=0.000000
2023-11-08 13:23:34,531 [INFO]  Epoch[4] Batch [0-4]	Speed: 16030.78 samples/sec	cross-entropy=1.416196	mean_jerk_in_air25-accuracy=3.200000
2023-11-08 13:23:34,534 [INFO]  Epoch[4] Train-cross-entropy=1.396617
2023-11-08 13:23:34,534 [INFO]  Epoch[4] Train-mean_jerk_in_air25-accuracy=3.375000
2023-11-08 13:23:34,534 [INFO]  Epoch[4] Time cost=0.008
2023-11-08 13:23:34,535 [INFO]  Saved checkpoint to "./imputer_model/imputer_model_mean_jerk_in_air25/model-0004.params"
2023-11-08 13:23:34,535 [INFO]  Epoch[4] Validation-cross-entropy=12.427483
2023-11-08 13:23:34,536 [INFO]  Epoch[4] Validation-mean_jerk_in_air25-accuracy=0.000000
2023-11-08 13:23:34,536 [INFO]  
========== done (0.06104302406311035 s) fit model
2023-11-08 13:36:53,904 [INFO]  
========== start: fit model
2023-11-08 13:36:53,905 [WARNING]  Already bound, ignoring bind()
2023-11-08 13:36:53,913 [INFO]  Epoch[0] Batch [0-4]	Speed: 10120.09 samples/sec	cross-entropy=16.424360	mean_jerk_in_air25-accuracy=4.000000
2023-11-08 13:36:53,918 [INFO]  Epoch[0] Train-cross-entropy=17.675061
2023-11-08 13:36:53,918 [INFO]  Epoch[0] Train-mean_jerk_in_air25-accuracy=3.250000
2023-11-08 13:36:53,918 [INFO]  Epoch[0] Time cost=0.013
2023-11-08 13:36:53,921 [INFO]  Saved checkpoint to "./imputer_model/imputer_model_mean_jerk_in_air25/model-0000.params"
2023-11-08 13:36:53,922 [INFO]  Epoch[0] Validation-cross-entropy=3.584172
2023-11-08 13:36:53,922 [INFO]  Epoch[0] Validation-mean_jerk_in_air25-accuracy=0.000000
2023-11-08 13:36:53,929 [INFO]  Epoch[1] Batch [0-4]	Speed: 13018.21 samples/sec	cross-entropy=32.860113	mean_jerk_in_air25-accuracy=4.000000
2023-11-08 13:36:53,933 [INFO]  Epoch[1] Train-cross-entropy=26.507921
2023-11-08 13:36:53,933 [INFO]  Epoch[1] Train-mean_jerk_in_air25-accuracy=3.250000
2023-11-08 13:36:53,933 [INFO]  Epoch[1] Time cost=0.010
2023-11-08 13:36:53,935 [INFO]  Saved checkpoint to "./imputer_model/imputer_model_mean_jerk_in_air25/model-0001.params"
2023-11-08 13:36:53,936 [INFO]  Epoch[1] Validation-cross-entropy=3.132497
2023-11-08 13:36:53,936 [INFO]  Epoch[1] Validation-mean_jerk_in_air25-accuracy=0.000000
2023-11-08 13:36:53,941 [INFO]  Epoch[2] Batch [0-4]	Speed: 17501.33 samples/sec	cross-entropy=2.948619	mean_jerk_in_air25-accuracy=4.000000
2023-11-08 13:36:53,944 [INFO]  Epoch[2] Train-cross-entropy=3.301288
2023-11-08 13:36:53,944 [INFO]  Epoch[2] Train-mean_jerk_in_air25-accuracy=3.250000
2023-11-08 13:36:53,944 [INFO]  Epoch[2] Time cost=0.008
2023-11-08 13:36:53,945 [INFO]  Saved checkpoint to "./imputer_model/imputer_model_mean_jerk_in_air25/model-0002.params"
2023-11-08 13:36:53,946 [INFO]  Epoch[2] Validation-cross-entropy=2.890572
2023-11-08 13:36:53,946 [INFO]  Epoch[2] Validation-mean_jerk_in_air25-accuracy=0.000000
2023-11-08 13:36:53,951 [INFO]  Epoch[3] Batch [0-4]	Speed: 17580.42 samples/sec	cross-entropy=1.483501	mean_jerk_in_air25-accuracy=4.000000
2023-11-08 13:36:53,954 [INFO]  Epoch[3] Train-cross-entropy=1.572244
2023-11-08 13:36:53,954 [INFO]  Epoch[3] Train-mean_jerk_in_air25-accuracy=3.250000
2023-11-08 13:36:53,954 [INFO]  Epoch[3] Time cost=0.009
2023-11-08 13:36:53,957 [INFO]  Saved checkpoint to "./imputer_model/imputer_model_mean_jerk_in_air25/model-0003.params"
2023-11-08 13:36:53,958 [INFO]  Epoch[3] Validation-cross-entropy=2.291085
2023-11-08 13:36:53,958 [INFO]  Epoch[3] Validation-mean_jerk_in_air25-accuracy=0.000000
2023-11-08 13:36:53,963 [INFO]  Epoch[4] Batch [0-4]	Speed: 17272.73 samples/sec	cross-entropy=0.877957	mean_jerk_in_air25-accuracy=4.000000
2023-11-08 13:36:53,966 [INFO]  Epoch[4] Train-cross-entropy=0.775027
2023-11-08 13:36:53,966 [INFO]  Epoch[4] Train-mean_jerk_in_air25-accuracy=3.250000
2023-11-08 13:36:53,966 [INFO]  Epoch[4] Time cost=0.008
2023-11-08 13:36:53,968 [INFO]  Saved checkpoint to "./imputer_model/imputer_model_mean_jerk_in_air25/model-0004.params"
2023-11-08 13:36:53,968 [INFO]  Epoch[4] Validation-cross-entropy=2.146835
2023-11-08 13:36:53,968 [INFO]  Epoch[4] Validation-mean_jerk_in_air25-accuracy=0.000000
2023-11-08 13:36:53,968 [INFO]  
========== done (0.06390190124511719 s) fit model
2023-11-08 13:50:15,010 [INFO]  
========== start: fit model
2023-11-08 13:50:15,011 [WARNING]  Already bound, ignoring bind()
2023-11-08 13:50:15,018 [INFO]  Epoch[0] Batch [0-4]	Speed: 14027.77 samples/sec	cross-entropy=15.054655	mean_jerk_in_air25-accuracy=3.600000
2023-11-08 13:50:15,022 [INFO]  Epoch[0] Train-cross-entropy=15.881208
2023-11-08 13:50:15,022 [INFO]  Epoch[0] Train-mean_jerk_in_air25-accuracy=3.375000
2023-11-08 13:50:15,022 [INFO]  Epoch[0] Time cost=0.011
2023-11-08 13:50:15,026 [INFO]  Saved checkpoint to "./imputer_model/imputer_model_mean_jerk_in_air25/model-0000.params"
2023-11-08 13:50:15,027 [INFO]  Epoch[0] Validation-cross-entropy=19.632248
2023-11-08 13:50:15,027 [INFO]  Epoch[0] Validation-mean_jerk_in_air25-accuracy=0.000000
2023-11-08 13:50:15,034 [INFO]  Epoch[1] Batch [0-4]	Speed: 10807.45 samples/sec	cross-entropy=42.468245	mean_jerk_in_air25-accuracy=3.600000
2023-11-08 13:50:15,038 [INFO]  Epoch[1] Train-cross-entropy=33.969429
2023-11-08 13:50:15,038 [INFO]  Epoch[1] Train-mean_jerk_in_air25-accuracy=3.375000
2023-11-08 13:50:15,038 [INFO]  Epoch[1] Time cost=0.012
2023-11-08 13:50:15,041 [INFO]  Saved checkpoint to "./imputer_model/imputer_model_mean_jerk_in_air25/model-0001.params"
2023-11-08 13:50:15,041 [INFO]  Epoch[1] Validation-cross-entropy=18.917444
2023-11-08 13:50:15,041 [INFO]  Epoch[1] Validation-mean_jerk_in_air25-accuracy=0.000000
2023-11-08 13:50:15,046 [INFO]  Epoch[2] Batch [0-4]	Speed: 16768.83 samples/sec	cross-entropy=13.345391	mean_jerk_in_air25-accuracy=3.600000
2023-11-08 13:50:15,049 [INFO]  Epoch[2] Train-cross-entropy=10.496564
2023-11-08 13:50:15,049 [INFO]  Epoch[2] Train-mean_jerk_in_air25-accuracy=3.375000
2023-11-08 13:50:15,049 [INFO]  Epoch[2] Time cost=0.008
2023-11-08 13:50:15,051 [INFO]  Saved checkpoint to "./imputer_model/imputer_model_mean_jerk_in_air25/model-0002.params"
2023-11-08 13:50:15,051 [INFO]  Epoch[2] Validation-cross-entropy=16.884830
2023-11-08 13:50:15,051 [INFO]  Epoch[2] Validation-mean_jerk_in_air25-accuracy=0.000000
2023-11-08 13:50:15,056 [INFO]  Epoch[3] Batch [0-4]	Speed: 17737.24 samples/sec	cross-entropy=5.806837	mean_jerk_in_air25-accuracy=3.600000
2023-11-08 13:50:15,059 [INFO]  Epoch[3] Train-cross-entropy=4.201011
2023-11-08 13:50:15,059 [INFO]  Epoch[3] Train-mean_jerk_in_air25-accuracy=3.375000
2023-11-08 13:50:15,059 [INFO]  Epoch[3] Time cost=0.008
2023-11-08 13:50:15,060 [INFO]  Saved checkpoint to "./imputer_model/imputer_model_mean_jerk_in_air25/model-0003.params"
2023-11-08 13:50:15,061 [INFO]  Epoch[3] Validation-cross-entropy=12.305536
2023-11-08 13:50:15,061 [INFO]  Epoch[3] Validation-mean_jerk_in_air25-accuracy=0.000000
2023-11-08 13:50:15,066 [INFO]  Epoch[4] Batch [0-4]	Speed: 16955.25 samples/sec	cross-entropy=1.817895	mean_jerk_in_air25-accuracy=3.600000
2023-11-08 13:50:15,069 [INFO]  Epoch[4] Train-cross-entropy=1.608721
2023-11-08 13:50:15,069 [INFO]  Epoch[4] Train-mean_jerk_in_air25-accuracy=3.375000
2023-11-08 13:50:15,069 [INFO]  Epoch[4] Time cost=0.008
2023-11-08 13:50:15,072 [INFO]  Saved checkpoint to "./imputer_model/imputer_model_mean_jerk_in_air25/model-0004.params"
2023-11-08 13:50:15,073 [INFO]  Epoch[4] Validation-cross-entropy=14.657129
2023-11-08 13:50:15,073 [INFO]  Epoch[4] Validation-mean_jerk_in_air25-accuracy=0.000000
2023-11-08 13:50:15,073 [INFO]  
========== done (0.06255984306335449 s) fit model
2023-11-08 14:03:37,659 [INFO]  
========== start: fit model
2023-11-08 14:03:37,659 [WARNING]  Already bound, ignoring bind()
2023-11-08 14:03:37,667 [INFO]  Epoch[0] Batch [0-4]	Speed: 13997.78 samples/sec	cross-entropy=20.000626	mean_jerk_in_air25-accuracy=0.000000
2023-11-08 14:03:37,672 [INFO]  Epoch[0] Train-cross-entropy=18.897041
2023-11-08 14:03:37,672 [INFO]  Epoch[0] Train-mean_jerk_in_air25-accuracy=0.000000
2023-11-08 14:03:37,672 [INFO]  Epoch[0] Time cost=0.012
2023-11-08 14:03:37,675 [INFO]  Saved checkpoint to "./imputer_model/imputer_model_mean_jerk_in_air25/model-0000.params"
2023-11-08 14:03:37,676 [INFO]  Epoch[0] Validation-cross-entropy=22.011932
2023-11-08 14:03:37,676 [INFO]  Epoch[0] Validation-mean_jerk_in_air25-accuracy=0.000000
2023-11-08 14:03:37,683 [INFO]  Epoch[1] Batch [0-4]	Speed: 11698.06 samples/sec	cross-entropy=31.729963	mean_jerk_in_air25-accuracy=0.000000
2023-11-08 14:03:37,688 [INFO]  Epoch[1] Train-cross-entropy=23.389909
2023-11-08 14:03:37,688 [INFO]  Epoch[1] Train-mean_jerk_in_air25-accuracy=0.000000
2023-11-08 14:03:37,688 [INFO]  Epoch[1] Time cost=0.012
2023-11-08 14:03:37,691 [INFO]  Saved checkpoint to "./imputer_model/imputer_model_mean_jerk_in_air25/model-0001.params"
2023-11-08 14:03:37,692 [INFO]  Epoch[1] Validation-cross-entropy=12.830410
2023-11-08 14:03:37,692 [INFO]  Epoch[1] Validation-mean_jerk_in_air25-accuracy=0.000000
2023-11-08 14:03:37,700 [INFO]  Epoch[2] Batch [0-4]	Speed: 10981.65 samples/sec	cross-entropy=2.884918	mean_jerk_in_air25-accuracy=0.000000
2023-11-08 14:03:37,704 [INFO]  Epoch[2] Train-cross-entropy=2.600493
2023-11-08 14:03:37,704 [INFO]  Epoch[2] Train-mean_jerk_in_air25-accuracy=0.000000
2023-11-08 14:03:37,704 [INFO]  Epoch[2] Time cost=0.012
2023-11-08 14:03:37,707 [INFO]  Saved checkpoint to "./imputer_model/imputer_model_mean_jerk_in_air25/model-0002.params"
2023-11-08 14:03:37,707 [INFO]  Epoch[2] Validation-cross-entropy=10.821788
2023-11-08 14:03:37,708 [INFO]  Epoch[2] Validation-mean_jerk_in_air25-accuracy=0.000000
2023-11-08 14:03:37,714 [INFO]  Epoch[3] Batch [0-4]	Speed: 13536.15 samples/sec	cross-entropy=2.284478	mean_jerk_in_air25-accuracy=0.000000
2023-11-08 14:03:37,717 [INFO]  Epoch[3] Train-cross-entropy=2.090980
2023-11-08 14:03:37,717 [INFO]  Epoch[3] Train-mean_jerk_in_air25-accuracy=0.000000
2023-11-08 14:03:37,718 [INFO]  Epoch[3] Time cost=0.010
2023-11-08 14:03:37,719 [INFO]  Saved checkpoint to "./imputer_model/imputer_model_mean_jerk_in_air25/model-0003.params"
2023-11-08 14:03:37,720 [INFO]  Epoch[3] Validation-cross-entropy=8.981965
2023-11-08 14:03:37,720 [INFO]  Epoch[3] Validation-mean_jerk_in_air25-accuracy=0.000000
2023-11-08 14:03:37,726 [INFO]  Epoch[4] Batch [0-4]	Speed: 13881.24 samples/sec	cross-entropy=1.403491	mean_jerk_in_air25-accuracy=0.000000
2023-11-08 14:03:37,729 [INFO]  Epoch[4] Train-cross-entropy=1.628829
2023-11-08 14:03:37,729 [INFO]  Epoch[4] Train-mean_jerk_in_air25-accuracy=0.000000
2023-11-08 14:03:37,729 [INFO]  Epoch[4] Time cost=0.009
2023-11-08 14:03:37,731 [INFO]  Saved checkpoint to "./imputer_model/imputer_model_mean_jerk_in_air25/model-0004.params"
2023-11-08 14:03:37,731 [INFO]  Epoch[4] Validation-cross-entropy=11.813001
2023-11-08 14:03:37,732 [INFO]  Epoch[4] Validation-mean_jerk_in_air25-accuracy=0.000000
2023-11-08 14:03:37,732 [INFO]  
========== done (0.07249975204467773 s) fit model
2023-11-08 14:17:04,137 [INFO]  
========== start: fit model
2023-11-08 14:17:04,137 [WARNING]  Already bound, ignoring bind()
2023-11-08 14:17:04,144 [INFO]  Epoch[0] Batch [0-4]	Speed: 13975.19 samples/sec	cross-entropy=11.172486	mean_jerk_in_air25-accuracy=3.400000
2023-11-08 14:17:04,148 [INFO]  Epoch[0] Train-cross-entropy=13.593482
2023-11-08 14:17:04,148 [INFO]  Epoch[0] Train-mean_jerk_in_air25-accuracy=3.625000
2023-11-08 14:17:04,149 [INFO]  Epoch[0] Time cost=0.011
2023-11-08 14:17:04,152 [INFO]  Saved checkpoint to "./imputer_model/imputer_model_mean_jerk_in_air25/model-0000.params"
2023-11-08 14:17:04,153 [INFO]  Epoch[0] Validation-cross-entropy=23.311842
2023-11-08 14:17:04,154 [INFO]  Epoch[0] Validation-mean_jerk_in_air25-accuracy=0.000000
2023-11-08 14:17:04,161 [INFO]  Epoch[1] Batch [0-4]	Speed: 11135.63 samples/sec	cross-entropy=56.868271	mean_jerk_in_air25-accuracy=3.400000
2023-11-08 14:17:04,166 [INFO]  Epoch[1] Train-cross-entropy=58.246884
2023-11-08 14:17:04,166 [INFO]  Epoch[1] Train-mean_jerk_in_air25-accuracy=3.625000
2023-11-08 14:17:04,166 [INFO]  Epoch[1] Time cost=0.013
2023-11-08 14:17:04,169 [INFO]  Saved checkpoint to "./imputer_model/imputer_model_mean_jerk_in_air25/model-0001.params"
2023-11-08 14:17:04,169 [INFO]  Epoch[1] Validation-cross-entropy=26.035725
2023-11-08 14:17:04,169 [INFO]  Epoch[1] Validation-mean_jerk_in_air25-accuracy=0.000000
2023-11-08 14:17:04,175 [INFO]  Epoch[2] Batch [0-4]	Speed: 15937.51 samples/sec	cross-entropy=7.086328	mean_jerk_in_air25-accuracy=3.400000
2023-11-08 14:17:04,178 [INFO]  Epoch[2] Train-cross-entropy=8.837670
2023-11-08 14:17:04,178 [INFO]  Epoch[2] Train-mean_jerk_in_air25-accuracy=3.625000
2023-11-08 14:17:04,178 [INFO]  Epoch[2] Time cost=0.008
2023-11-08 14:17:04,179 [INFO]  Saved checkpoint to "./imputer_model/imputer_model_mean_jerk_in_air25/model-0002.params"
2023-11-08 14:17:04,180 [INFO]  Epoch[2] Validation-cross-entropy=14.749325
2023-11-08 14:17:04,180 [INFO]  Epoch[2] Validation-mean_jerk_in_air25-accuracy=0.000000
2023-11-08 14:17:04,185 [INFO]  Epoch[3] Batch [0-4]	Speed: 15848.12 samples/sec	cross-entropy=5.526524	mean_jerk_in_air25-accuracy=3.400000
2023-11-08 14:17:04,188 [INFO]  Epoch[3] Train-cross-entropy=4.927479
2023-11-08 14:17:04,188 [INFO]  Epoch[3] Train-mean_jerk_in_air25-accuracy=3.625000
2023-11-08 14:17:04,188 [INFO]  Epoch[3] Time cost=0.008
2023-11-08 14:17:04,189 [INFO]  Saved checkpoint to "./imputer_model/imputer_model_mean_jerk_in_air25/model-0003.params"
2023-11-08 14:17:04,190 [INFO]  Epoch[3] Validation-cross-entropy=9.500388
2023-11-08 14:17:04,190 [INFO]  Epoch[3] Validation-mean_jerk_in_air25-accuracy=0.000000
2023-11-08 14:17:04,195 [INFO]  Epoch[4] Batch [0-4]	Speed: 15908.23 samples/sec	cross-entropy=2.415211	mean_jerk_in_air25-accuracy=3.400000
2023-11-08 14:17:04,198 [INFO]  Epoch[4] Train-cross-entropy=2.381373
2023-11-08 14:17:04,198 [INFO]  Epoch[4] Train-mean_jerk_in_air25-accuracy=3.625000
2023-11-08 14:17:04,198 [INFO]  Epoch[4] Time cost=0.008
2023-11-08 14:17:04,199 [INFO]  Saved checkpoint to "./imputer_model/imputer_model_mean_jerk_in_air25/model-0004.params"
2023-11-08 14:17:04,200 [INFO]  Epoch[4] Validation-cross-entropy=9.942591
2023-11-08 14:17:04,200 [INFO]  Epoch[4] Validation-mean_jerk_in_air25-accuracy=0.000000
2023-11-08 14:17:04,200 [INFO]  
========== done (0.0628361701965332 s) fit model
2023-11-08 14:30:43,726 [INFO]  
========== start: fit model
2023-11-08 14:30:43,726 [WARNING]  Already bound, ignoring bind()
2023-11-08 14:30:43,734 [INFO]  Epoch[0] Batch [0-4]	Speed: 11710.82 samples/sec	cross-entropy=16.361737	mean_jerk_in_air25-accuracy=3.400000
2023-11-08 14:30:43,739 [INFO]  Epoch[0] Train-cross-entropy=19.212274
2023-11-08 14:30:43,739 [INFO]  Epoch[0] Train-mean_jerk_in_air25-accuracy=3.625000
2023-11-08 14:30:43,739 [INFO]  Epoch[0] Time cost=0.012
2023-11-08 14:30:43,743 [INFO]  Saved checkpoint to "./imputer_model/imputer_model_mean_jerk_in_air25/model-0000.params"
2023-11-08 14:30:43,743 [INFO]  Epoch[0] Validation-cross-entropy=114.496361
2023-11-08 14:30:43,744 [INFO]  Epoch[0] Validation-mean_jerk_in_air25-accuracy=0.000000
2023-11-08 14:30:43,751 [INFO]  Epoch[1] Batch [0-4]	Speed: 10852.02 samples/sec	cross-entropy=47.258558	mean_jerk_in_air25-accuracy=3.400000
2023-11-08 14:30:43,755 [INFO]  Epoch[1] Train-cross-entropy=37.608971
2023-11-08 14:30:43,755 [INFO]  Epoch[1] Train-mean_jerk_in_air25-accuracy=3.625000
2023-11-08 14:30:43,755 [INFO]  Epoch[1] Time cost=0.012
2023-11-08 14:30:43,758 [INFO]  Saved checkpoint to "./imputer_model/imputer_model_mean_jerk_in_air25/model-0001.params"
2023-11-08 14:30:43,758 [INFO]  Epoch[1] Validation-cross-entropy=126.003067
2023-11-08 14:30:43,758 [INFO]  Epoch[1] Validation-mean_jerk_in_air25-accuracy=0.000000
2023-11-08 14:30:43,764 [INFO]  Epoch[2] Batch [0-4]	Speed: 16298.45 samples/sec	cross-entropy=16.662953	mean_jerk_in_air25-accuracy=3.400000
2023-11-08 14:30:43,766 [INFO]  Epoch[2] Train-cross-entropy=12.498638
2023-11-08 14:30:43,767 [INFO]  Epoch[2] Train-mean_jerk_in_air25-accuracy=3.625000
2023-11-08 14:30:43,767 [INFO]  Epoch[2] Time cost=0.008
2023-11-08 14:30:43,768 [INFO]  Saved checkpoint to "./imputer_model/imputer_model_mean_jerk_in_air25/model-0002.params"
2023-11-08 14:30:43,769 [INFO]  Epoch[2] Validation-cross-entropy=101.644875
2023-11-08 14:30:43,769 [INFO]  Epoch[2] Validation-mean_jerk_in_air25-accuracy=0.000000
2023-11-08 14:30:43,774 [INFO]  Epoch[3] Batch [0-4]	Speed: 16303.40 samples/sec	cross-entropy=4.412215	mean_jerk_in_air25-accuracy=3.400000
2023-11-08 14:30:43,777 [INFO]  Epoch[3] Train-cross-entropy=4.632898
2023-11-08 14:30:43,777 [INFO]  Epoch[3] Train-mean_jerk_in_air25-accuracy=3.625000
2023-11-08 14:30:43,777 [INFO]  Epoch[3] Time cost=0.008
2023-11-08 14:30:43,779 [INFO]  Saved checkpoint to "./imputer_model/imputer_model_mean_jerk_in_air25/model-0003.params"
2023-11-08 14:30:43,780 [INFO]  Epoch[3] Validation-cross-entropy=66.641235
2023-11-08 14:30:43,780 [INFO]  Epoch[3] Validation-mean_jerk_in_air25-accuracy=0.000000
2023-11-08 14:30:43,785 [INFO]  Epoch[4] Batch [0-4]	Speed: 16954.18 samples/sec	cross-entropy=2.093406	mean_jerk_in_air25-accuracy=3.400000
2023-11-08 14:30:43,788 [INFO]  Epoch[4] Train-cross-entropy=1.848669
2023-11-08 14:30:43,788 [INFO]  Epoch[4] Train-mean_jerk_in_air25-accuracy=3.625000
2023-11-08 14:30:43,788 [INFO]  Epoch[4] Time cost=0.008
2023-11-08 14:30:43,790 [INFO]  Saved checkpoint to "./imputer_model/imputer_model_mean_jerk_in_air25/model-0004.params"
2023-11-08 14:30:43,790 [INFO]  Epoch[4] Validation-cross-entropy=75.675140
2023-11-08 14:30:43,790 [INFO]  Epoch[4] Validation-mean_jerk_in_air25-accuracy=0.000000
2023-11-08 14:30:43,790 [INFO]  
========== done (0.06400799751281738 s) fit model
2023-11-08 14:44:49,068 [INFO]  
========== start: fit model
2023-11-08 14:44:49,068 [WARNING]  Already bound, ignoring bind()
2023-11-08 14:44:49,075 [INFO]  Epoch[0] Batch [0-4]	Speed: 13604.76 samples/sec	cross-entropy=25.481423	mean_jerk_in_air25-accuracy=2.800000
2023-11-08 14:44:49,078 [INFO]  Epoch[0] Train-cross-entropy=19.905192
2023-11-08 14:44:49,079 [INFO]  Epoch[0] Train-mean_jerk_in_air25-accuracy=3.375000
2023-11-08 14:44:49,079 [INFO]  Epoch[0] Time cost=0.010
2023-11-08 14:44:49,080 [INFO]  Saved checkpoint to "./imputer_model/imputer_model_mean_jerk_in_air25/model-0000.params"
2023-11-08 14:44:49,080 [INFO]  Epoch[0] Validation-cross-entropy=49.047981
2023-11-08 14:44:49,080 [INFO]  Epoch[0] Validation-mean_jerk_in_air25-accuracy=0.000000
2023-11-08 14:44:49,088 [INFO]  Epoch[1] Batch [0-4]	Speed: 10701.03 samples/sec	cross-entropy=47.338122	mean_jerk_in_air25-accuracy=2.800000
2023-11-08 14:44:49,093 [INFO]  Epoch[1] Train-cross-entropy=34.226629
2023-11-08 14:44:49,093 [INFO]  Epoch[1] Train-mean_jerk_in_air25-accuracy=3.375000
2023-11-08 14:44:49,093 [INFO]  Epoch[1] Time cost=0.013
2023-11-08 14:44:49,097 [INFO]  Saved checkpoint to "./imputer_model/imputer_model_mean_jerk_in_air25/model-0001.params"
2023-11-08 14:44:49,098 [INFO]  Epoch[1] Validation-cross-entropy=13.179599
2023-11-08 14:44:49,098 [INFO]  Epoch[1] Validation-mean_jerk_in_air25-accuracy=0.000000
2023-11-08 14:44:49,105 [INFO]  Epoch[2] Batch [0-4]	Speed: 10956.55 samples/sec	cross-entropy=6.774001	mean_jerk_in_air25-accuracy=2.800000
2023-11-08 14:44:49,110 [INFO]  Epoch[2] Train-cross-entropy=5.424173
2023-11-08 14:44:49,110 [INFO]  Epoch[2] Train-mean_jerk_in_air25-accuracy=3.375000
2023-11-08 14:44:49,110 [INFO]  Epoch[2] Time cost=0.012
2023-11-08 14:44:49,113 [INFO]  Saved checkpoint to "./imputer_model/imputer_model_mean_jerk_in_air25/model-0002.params"
2023-11-08 14:44:49,114 [INFO]  Epoch[2] Validation-cross-entropy=16.888956
2023-11-08 14:44:49,114 [INFO]  Epoch[2] Validation-mean_jerk_in_air25-accuracy=0.000000
2023-11-08 14:44:49,121 [INFO]  Epoch[3] Batch [0-4]	Speed: 12584.29 samples/sec	cross-entropy=3.663613	mean_jerk_in_air25-accuracy=2.800000
2023-11-08 14:44:49,125 [INFO]  Epoch[3] Train-cross-entropy=2.848649
2023-11-08 14:44:49,125 [INFO]  Epoch[3] Train-mean_jerk_in_air25-accuracy=3.375000
2023-11-08 14:44:49,125 [INFO]  Epoch[3] Time cost=0.011
2023-11-08 14:44:49,126 [INFO]  Saved checkpoint to "./imputer_model/imputer_model_mean_jerk_in_air25/model-0003.params"
2023-11-08 14:44:49,127 [INFO]  Epoch[3] Validation-cross-entropy=8.693434
2023-11-08 14:44:49,127 [INFO]  Epoch[3] Validation-mean_jerk_in_air25-accuracy=0.000000
2023-11-08 14:44:49,133 [INFO]  Epoch[4] Batch [0-4]	Speed: 13014.42 samples/sec	cross-entropy=1.661816	mean_jerk_in_air25-accuracy=2.800000
2023-11-08 14:44:49,137 [INFO]  Epoch[4] Train-cross-entropy=1.363415
2023-11-08 14:44:49,137 [INFO]  Epoch[4] Train-mean_jerk_in_air25-accuracy=3.375000
2023-11-08 14:44:49,137 [INFO]  Epoch[4] Time cost=0.010
2023-11-08 14:44:49,139 [INFO]  Saved checkpoint to "./imputer_model/imputer_model_mean_jerk_in_air25/model-0004.params"
2023-11-08 14:44:49,139 [INFO]  Epoch[4] Validation-cross-entropy=8.647232
2023-11-08 14:44:49,139 [INFO]  Epoch[4] Validation-mean_jerk_in_air25-accuracy=0.000000
2023-11-08 14:44:49,139 [INFO]  
========== done (0.07184648513793945 s) fit model
2023-11-08 14:58:59,522 [INFO]  
========== start: fit model
2023-11-08 14:58:59,522 [WARNING]  Already bound, ignoring bind()
2023-11-08 14:58:59,529 [INFO]  Epoch[0] Batch [0-4]	Speed: 13626.17 samples/sec	cross-entropy=16.262821	mean_jerk_in_air25-accuracy=0.000000
2023-11-08 14:58:59,533 [INFO]  Epoch[0] Train-cross-entropy=14.113821
2023-11-08 14:58:59,533 [INFO]  Epoch[0] Train-mean_jerk_in_air25-accuracy=0.000000
2023-11-08 14:58:59,533 [INFO]  Epoch[0] Time cost=0.010
2023-11-08 14:58:59,534 [INFO]  Saved checkpoint to "./imputer_model/imputer_model_mean_jerk_in_air25/model-0000.params"
2023-11-08 14:58:59,535 [INFO]  Epoch[0] Validation-cross-entropy=24.940125
2023-11-08 14:58:59,535 [INFO]  Epoch[0] Validation-mean_jerk_in_air25-accuracy=0.000000
2023-11-08 14:58:59,540 [INFO]  Epoch[1] Batch [0-4]	Speed: 15262.42 samples/sec	cross-entropy=32.801208	mean_jerk_in_air25-accuracy=0.000000
2023-11-08 14:58:59,543 [INFO]  Epoch[1] Train-cross-entropy=26.925870
2023-11-08 14:58:59,543 [INFO]  Epoch[1] Train-mean_jerk_in_air25-accuracy=0.000000
2023-11-08 14:58:59,543 [INFO]  Epoch[1] Time cost=0.009
2023-11-08 14:58:59,545 [INFO]  Saved checkpoint to "./imputer_model/imputer_model_mean_jerk_in_air25/model-0001.params"
2023-11-08 14:58:59,545 [INFO]  Epoch[1] Validation-cross-entropy=20.177050
2023-11-08 14:58:59,545 [INFO]  Epoch[1] Validation-mean_jerk_in_air25-accuracy=0.000000
2023-11-08 14:58:59,550 [INFO]  Epoch[2] Batch [0-4]	Speed: 17916.00 samples/sec	cross-entropy=3.445666	mean_jerk_in_air25-accuracy=0.000000
2023-11-08 14:58:59,553 [INFO]  Epoch[2] Train-cross-entropy=4.195881
2023-11-08 14:58:59,553 [INFO]  Epoch[2] Train-mean_jerk_in_air25-accuracy=0.000000
2023-11-08 14:58:59,553 [INFO]  Epoch[2] Time cost=0.008
2023-11-08 14:58:59,554 [INFO]  Saved checkpoint to "./imputer_model/imputer_model_mean_jerk_in_air25/model-0002.params"
2023-11-08 14:58:59,555 [INFO]  Epoch[2] Validation-cross-entropy=20.062378
2023-11-08 14:58:59,555 [INFO]  Epoch[2] Validation-mean_jerk_in_air25-accuracy=0.000000
2023-11-08 14:58:59,560 [INFO]  Epoch[3] Batch [0-4]	Speed: 14814.32 samples/sec	cross-entropy=3.759881	mean_jerk_in_air25-accuracy=0.000000
2023-11-08 14:58:59,564 [INFO]  Epoch[3] Train-cross-entropy=2.931182
2023-11-08 14:58:59,564 [INFO]  Epoch[3] Train-mean_jerk_in_air25-accuracy=0.000000
2023-11-08 14:58:59,564 [INFO]  Epoch[3] Time cost=0.009
2023-11-08 14:58:59,565 [INFO]  Saved checkpoint to "./imputer_model/imputer_model_mean_jerk_in_air25/model-0003.params"
2023-11-08 14:58:59,565 [INFO]  Epoch[3] Validation-cross-entropy=20.270096
2023-11-08 14:58:59,566 [INFO]  Epoch[3] Validation-mean_jerk_in_air25-accuracy=0.000000
2023-11-08 14:58:59,571 [INFO]  Epoch[4] Batch [0-4]	Speed: 14511.59 samples/sec	cross-entropy=0.880558	mean_jerk_in_air25-accuracy=0.000000
2023-11-08 14:58:59,574 [INFO]  Epoch[4] Train-cross-entropy=0.713942
2023-11-08 14:58:59,574 [INFO]  Epoch[4] Train-mean_jerk_in_air25-accuracy=0.000000
2023-11-08 14:58:59,574 [INFO]  Epoch[4] Time cost=0.009
2023-11-08 14:58:59,576 [INFO]  Saved checkpoint to "./imputer_model/imputer_model_mean_jerk_in_air25/model-0004.params"
2023-11-08 14:58:59,576 [INFO]  Epoch[4] Validation-cross-entropy=19.437313
2023-11-08 14:58:59,576 [INFO]  Epoch[4] Validation-mean_jerk_in_air25-accuracy=0.000000
2023-11-08 14:58:59,576 [INFO]  
========== done (0.05465269088745117 s) fit model
