2023-11-08 12:49:41,106 [INFO]  
========== start: fit model
2023-11-08 12:49:41,107 [WARNING]  Already bound, ignoring bind()
2023-11-08 12:49:43,254 [INFO]  Epoch[0] Batch [0-4]	Speed: 56.63 samples/sec	cross-entropy=21.729643	mean_speed_on_paper20-accuracy=3.400000
2023-11-08 12:49:43,276 [INFO]  Epoch[0] Train-cross-entropy=19.254783
2023-11-08 12:49:43,276 [INFO]  Epoch[0] Train-mean_speed_on_paper20-accuracy=3.500000
2023-11-08 12:49:43,276 [INFO]  Epoch[0] Time cost=2.168
2023-11-08 12:49:43,279 [INFO]  Saved checkpoint to "./imputer_model/imputer_model_mean_speed_on_paper20/model-0000.params"
2023-11-08 12:49:43,292 [INFO]  Epoch[0] Validation-cross-entropy=22.065992
2023-11-08 12:49:43,292 [INFO]  Epoch[0] Validation-mean_speed_on_paper20-accuracy=0.000000
2023-11-08 12:49:43,343 [INFO]  Epoch[1] Batch [0-4]	Speed: 2027.17 samples/sec	cross-entropy=55.138841	mean_speed_on_paper20-accuracy=3.400000
2023-11-08 12:49:43,377 [INFO]  Epoch[1] Train-cross-entropy=44.758947
2023-11-08 12:49:43,377 [INFO]  Epoch[1] Train-mean_speed_on_paper20-accuracy=3.500000
2023-11-08 12:49:43,378 [INFO]  Epoch[1] Time cost=0.086
2023-11-08 12:49:43,381 [INFO]  Saved checkpoint to "./imputer_model/imputer_model_mean_speed_on_paper20/model-0001.params"
2023-11-08 12:49:43,389 [INFO]  Epoch[1] Validation-cross-entropy=11.473044
2023-11-08 12:49:43,390 [INFO]  Epoch[1] Validation-mean_speed_on_paper20-accuracy=0.000000
2023-11-08 12:49:43,485 [INFO]  Epoch[2] Batch [0-4]	Speed: 681.60 samples/sec	cross-entropy=7.116340	mean_speed_on_paper20-accuracy=3.400000
2023-11-08 12:49:43,522 [INFO]  Epoch[2] Train-cross-entropy=6.506396
2023-11-08 12:49:43,523 [INFO]  Epoch[2] Train-mean_speed_on_paper20-accuracy=3.500000
2023-11-08 12:49:43,523 [INFO]  Epoch[2] Time cost=0.133
2023-11-08 12:49:43,526 [INFO]  Saved checkpoint to "./imputer_model/imputer_model_mean_speed_on_paper20/model-0002.params"
2023-11-08 12:49:43,531 [INFO]  Epoch[2] Validation-cross-entropy=7.945853
2023-11-08 12:49:43,532 [INFO]  Epoch[2] Validation-mean_speed_on_paper20-accuracy=0.000000
2023-11-08 12:49:43,609 [INFO]  Epoch[3] Batch [0-4]	Speed: 1470.14 samples/sec	cross-entropy=3.973362	mean_speed_on_paper20-accuracy=3.400000
2023-11-08 12:49:43,628 [INFO]  Epoch[3] Train-cross-entropy=4.015244
2023-11-08 12:49:43,629 [INFO]  Epoch[3] Train-mean_speed_on_paper20-accuracy=3.500000
2023-11-08 12:49:43,629 [INFO]  Epoch[3] Time cost=0.097
2023-11-08 12:49:43,632 [INFO]  Saved checkpoint to "./imputer_model/imputer_model_mean_speed_on_paper20/model-0003.params"
2023-11-08 12:49:43,651 [INFO]  Epoch[3] Validation-cross-entropy=10.557468
2023-11-08 12:49:43,652 [INFO]  Epoch[3] Validation-mean_speed_on_paper20-accuracy=0.000000
2023-11-08 12:49:43,666 [INFO]  Epoch[4] Batch [0-4]	Speed: 8651.67 samples/sec	cross-entropy=2.399378	mean_speed_on_paper20-accuracy=3.400000
2023-11-08 12:49:43,693 [INFO]  Epoch[4] Train-cross-entropy=1.728588
2023-11-08 12:49:43,693 [INFO]  Epoch[4] Train-mean_speed_on_paper20-accuracy=3.500000
2023-11-08 12:49:43,693 [INFO]  Epoch[4] Time cost=0.041
2023-11-08 12:49:43,697 [INFO]  Saved checkpoint to "./imputer_model/imputer_model_mean_speed_on_paper20/model-0004.params"
2023-11-08 12:49:43,710 [INFO]  Epoch[4] Validation-cross-entropy=8.490322
2023-11-08 12:49:43,711 [INFO]  Epoch[4] Validation-mean_speed_on_paper20-accuracy=0.000000
2023-11-08 12:49:43,711 [INFO]  
========== done (2.6046078205108643 s) fit model
2023-11-08 13:08:54,448 [INFO]  
========== start: fit model
2023-11-08 13:08:54,448 [WARNING]  Already bound, ignoring bind()
2023-11-08 13:08:54,455 [INFO]  Epoch[0] Batch [0-4]	Speed: 14703.15 samples/sec	cross-entropy=20.374713	mean_speed_on_paper20-accuracy=2.600000
2023-11-08 13:08:54,458 [INFO]  Epoch[0] Train-cross-entropy=17.626482
2023-11-08 13:08:54,458 [INFO]  Epoch[0] Train-mean_speed_on_paper20-accuracy=2.500000
2023-11-08 13:08:54,458 [INFO]  Epoch[0] Time cost=0.009
2023-11-08 13:08:54,459 [INFO]  Saved checkpoint to "./imputer_model/imputer_model_mean_speed_on_paper20/model-0000.params"
2023-11-08 13:08:54,460 [INFO]  Epoch[0] Validation-cross-entropy=10.755204
2023-11-08 13:08:54,460 [INFO]  Epoch[0] Validation-mean_speed_on_paper20-accuracy=0.000000
2023-11-08 13:08:54,469 [INFO]  Epoch[1] Batch [0-4]	Speed: 9900.25 samples/sec	cross-entropy=40.412703	mean_speed_on_paper20-accuracy=2.600000
2023-11-08 13:08:54,473 [INFO]  Epoch[1] Train-cross-entropy=37.224030
2023-11-08 13:08:54,474 [INFO]  Epoch[1] Train-mean_speed_on_paper20-accuracy=2.500000
2023-11-08 13:08:54,474 [INFO]  Epoch[1] Time cost=0.013
2023-11-08 13:08:54,476 [INFO]  Saved checkpoint to "./imputer_model/imputer_model_mean_speed_on_paper20/model-0001.params"
2023-11-08 13:08:54,477 [INFO]  Epoch[1] Validation-cross-entropy=6.108219
2023-11-08 13:08:54,477 [INFO]  Epoch[1] Validation-mean_speed_on_paper20-accuracy=0.000000
2023-11-08 13:08:54,484 [INFO]  Epoch[2] Batch [0-4]	Speed: 12197.73 samples/sec	cross-entropy=11.350016	mean_speed_on_paper20-accuracy=2.600000
2023-11-08 13:08:54,487 [INFO]  Epoch[2] Train-cross-entropy=12.351040
2023-11-08 13:08:54,487 [INFO]  Epoch[2] Train-mean_speed_on_paper20-accuracy=2.500000
2023-11-08 13:08:54,487 [INFO]  Epoch[2] Time cost=0.011
2023-11-08 13:08:54,511 [INFO]  Saved checkpoint to "./imputer_model/imputer_model_mean_speed_on_paper20/model-0002.params"
2023-11-08 13:08:54,512 [INFO]  Epoch[2] Validation-cross-entropy=1.647268
2023-11-08 13:08:54,512 [INFO]  Epoch[2] Validation-mean_speed_on_paper20-accuracy=0.000000
2023-11-08 13:08:54,520 [INFO]  Epoch[3] Batch [0-4]	Speed: 10461.65 samples/sec	cross-entropy=4.857035	mean_speed_on_paper20-accuracy=2.600000
2023-11-08 13:08:54,525 [INFO]  Epoch[3] Train-cross-entropy=4.320581
2023-11-08 13:08:54,525 [INFO]  Epoch[3] Train-mean_speed_on_paper20-accuracy=2.500000
2023-11-08 13:08:54,525 [INFO]  Epoch[3] Time cost=0.013
2023-11-08 13:08:54,527 [INFO]  Saved checkpoint to "./imputer_model/imputer_model_mean_speed_on_paper20/model-0003.params"
2023-11-08 13:08:54,528 [INFO]  Epoch[3] Validation-cross-entropy=1.468939
2023-11-08 13:08:54,528 [INFO]  Epoch[3] Validation-mean_speed_on_paper20-accuracy=0.000000
2023-11-08 13:08:54,535 [INFO]  Epoch[4] Batch [0-4]	Speed: 12012.68 samples/sec	cross-entropy=1.959218	mean_speed_on_paper20-accuracy=2.600000
2023-11-08 13:08:54,539 [INFO]  Epoch[4] Train-cross-entropy=1.598500
2023-11-08 13:08:54,539 [INFO]  Epoch[4] Train-mean_speed_on_paper20-accuracy=2.500000
2023-11-08 13:08:54,539 [INFO]  Epoch[4] Time cost=0.011
2023-11-08 13:08:54,541 [INFO]  Saved checkpoint to "./imputer_model/imputer_model_mean_speed_on_paper20/model-0004.params"
2023-11-08 13:08:54,541 [INFO]  Epoch[4] Validation-cross-entropy=1.200458
2023-11-08 13:08:54,541 [INFO]  Epoch[4] Validation-mean_speed_on_paper20-accuracy=0.000000
2023-11-08 13:08:54,541 [INFO]  
========== done (0.09381866455078125 s) fit model
2023-11-08 13:22:14,557 [INFO]  
========== start: fit model
2023-11-08 13:22:14,557 [WARNING]  Already bound, ignoring bind()
2023-11-08 13:22:14,564 [INFO]  Epoch[0] Batch [0-4]	Speed: 14058.63 samples/sec	cross-entropy=15.915861	mean_speed_on_paper20-accuracy=3.000000
2023-11-08 13:22:14,568 [INFO]  Epoch[0] Train-cross-entropy=15.835215
2023-11-08 13:22:14,568 [INFO]  Epoch[0] Train-mean_speed_on_paper20-accuracy=2.625000
2023-11-08 13:22:14,568 [INFO]  Epoch[0] Time cost=0.010
2023-11-08 13:22:14,569 [INFO]  Saved checkpoint to "./imputer_model/imputer_model_mean_speed_on_paper20/model-0000.params"
2023-11-08 13:22:14,570 [INFO]  Epoch[0] Validation-cross-entropy=30.302200
2023-11-08 13:22:14,570 [INFO]  Epoch[0] Validation-mean_speed_on_paper20-accuracy=0.000000
2023-11-08 13:22:14,577 [INFO]  Epoch[1] Batch [0-4]	Speed: 10416.18 samples/sec	cross-entropy=36.910471	mean_speed_on_paper20-accuracy=3.000000
2023-11-08 13:22:14,582 [INFO]  Epoch[1] Train-cross-entropy=30.829512
2023-11-08 13:22:14,582 [INFO]  Epoch[1] Train-mean_speed_on_paper20-accuracy=2.625000
2023-11-08 13:22:14,582 [INFO]  Epoch[1] Time cost=0.013
2023-11-08 13:22:14,585 [INFO]  Saved checkpoint to "./imputer_model/imputer_model_mean_speed_on_paper20/model-0001.params"
2023-11-08 13:22:14,586 [INFO]  Epoch[1] Validation-cross-entropy=39.078911
2023-11-08 13:22:14,586 [INFO]  Epoch[1] Validation-mean_speed_on_paper20-accuracy=0.000000
2023-11-08 13:22:14,594 [INFO]  Epoch[2] Batch [0-4]	Speed: 11225.03 samples/sec	cross-entropy=8.370521	mean_speed_on_paper20-accuracy=3.000000
2023-11-08 13:22:14,598 [INFO]  Epoch[2] Train-cross-entropy=8.146139
2023-11-08 13:22:14,598 [INFO]  Epoch[2] Train-mean_speed_on_paper20-accuracy=2.625000
2023-11-08 13:22:14,598 [INFO]  Epoch[2] Time cost=0.012
2023-11-08 13:22:14,601 [INFO]  Saved checkpoint to "./imputer_model/imputer_model_mean_speed_on_paper20/model-0002.params"
2023-11-08 13:22:14,602 [INFO]  Epoch[2] Validation-cross-entropy=32.319386
2023-11-08 13:22:14,602 [INFO]  Epoch[2] Validation-mean_speed_on_paper20-accuracy=0.000000
2023-11-08 13:22:14,608 [INFO]  Epoch[3] Batch [0-4]	Speed: 12703.40 samples/sec	cross-entropy=6.047603	mean_speed_on_paper20-accuracy=3.000000
2023-11-08 13:22:14,612 [INFO]  Epoch[3] Train-cross-entropy=4.355166
2023-11-08 13:22:14,612 [INFO]  Epoch[3] Train-mean_speed_on_paper20-accuracy=2.625000
2023-11-08 13:22:14,612 [INFO]  Epoch[3] Time cost=0.010
2023-11-08 13:22:14,614 [INFO]  Saved checkpoint to "./imputer_model/imputer_model_mean_speed_on_paper20/model-0003.params"
2023-11-08 13:22:14,615 [INFO]  Epoch[3] Validation-cross-entropy=28.288816
2023-11-08 13:22:14,615 [INFO]  Epoch[3] Validation-mean_speed_on_paper20-accuracy=0.000000
2023-11-08 13:22:14,621 [INFO]  Epoch[4] Batch [0-4]	Speed: 13571.74 samples/sec	cross-entropy=1.661075	mean_speed_on_paper20-accuracy=3.000000
2023-11-08 13:22:14,624 [INFO]  Epoch[4] Train-cross-entropy=1.490268
2023-11-08 13:22:14,624 [INFO]  Epoch[4] Train-mean_speed_on_paper20-accuracy=2.625000
2023-11-08 13:22:14,624 [INFO]  Epoch[4] Time cost=0.010
2023-11-08 13:22:14,626 [INFO]  Saved checkpoint to "./imputer_model/imputer_model_mean_speed_on_paper20/model-0004.params"
2023-11-08 13:22:14,626 [INFO]  Epoch[4] Validation-cross-entropy=27.144974
2023-11-08 13:22:14,626 [INFO]  Epoch[4] Validation-mean_speed_on_paper20-accuracy=0.000000
2023-11-08 13:22:14,627 [INFO]  
========== done (0.06923365592956543 s) fit model
2023-11-08 13:35:34,975 [INFO]  
========== start: fit model
2023-11-08 13:35:34,975 [WARNING]  Already bound, ignoring bind()
2023-11-08 13:35:34,982 [INFO]  Epoch[0] Batch [0-4]	Speed: 14321.90 samples/sec	cross-entropy=16.325369	mean_speed_on_paper20-accuracy=0.000000
2023-11-08 13:35:34,985 [INFO]  Epoch[0] Train-cross-entropy=18.418750
2023-11-08 13:35:34,985 [INFO]  Epoch[0] Train-mean_speed_on_paper20-accuracy=0.000000
2023-11-08 13:35:34,985 [INFO]  Epoch[0] Time cost=0.010
2023-11-08 13:35:34,986 [INFO]  Saved checkpoint to "./imputer_model/imputer_model_mean_speed_on_paper20/model-0000.params"
2023-11-08 13:35:34,987 [INFO]  Epoch[0] Validation-cross-entropy=8.926941
2023-11-08 13:35:34,987 [INFO]  Epoch[0] Validation-mean_speed_on_paper20-accuracy=0.000000
2023-11-08 13:35:34,993 [INFO]  Epoch[1] Batch [0-4]	Speed: 13974.46 samples/sec	cross-entropy=34.147577	mean_speed_on_paper20-accuracy=0.000000
2023-11-08 13:35:34,996 [INFO]  Epoch[1] Train-cross-entropy=27.673064
2023-11-08 13:35:34,996 [INFO]  Epoch[1] Train-mean_speed_on_paper20-accuracy=0.000000
2023-11-08 13:35:34,996 [INFO]  Epoch[1] Time cost=0.009
2023-11-08 13:35:34,998 [INFO]  Saved checkpoint to "./imputer_model/imputer_model_mean_speed_on_paper20/model-0001.params"
2023-11-08 13:35:34,998 [INFO]  Epoch[1] Validation-cross-entropy=7.603440
2023-11-08 13:35:34,998 [INFO]  Epoch[1] Validation-mean_speed_on_paper20-accuracy=0.000000
2023-11-08 13:35:35,004 [INFO]  Epoch[2] Batch [0-4]	Speed: 14727.35 samples/sec	cross-entropy=8.920597	mean_speed_on_paper20-accuracy=0.000000
2023-11-08 13:35:35,007 [INFO]  Epoch[2] Train-cross-entropy=6.938488
2023-11-08 13:35:35,007 [INFO]  Epoch[2] Train-mean_speed_on_paper20-accuracy=0.000000
2023-11-08 13:35:35,007 [INFO]  Epoch[2] Time cost=0.009
2023-11-08 13:35:35,009 [INFO]  Saved checkpoint to "./imputer_model/imputer_model_mean_speed_on_paper20/model-0002.params"
2023-11-08 13:35:35,009 [INFO]  Epoch[2] Validation-cross-entropy=6.813472
2023-11-08 13:35:35,009 [INFO]  Epoch[2] Validation-mean_speed_on_paper20-accuracy=0.000000
2023-11-08 13:35:35,015 [INFO]  Epoch[3] Batch [0-4]	Speed: 14841.35 samples/sec	cross-entropy=2.518527	mean_speed_on_paper20-accuracy=0.000000
2023-11-08 13:35:35,018 [INFO]  Epoch[3] Train-cross-entropy=2.307671
2023-11-08 13:35:35,018 [INFO]  Epoch[3] Train-mean_speed_on_paper20-accuracy=0.000000
2023-11-08 13:35:35,018 [INFO]  Epoch[3] Time cost=0.009
2023-11-08 13:35:35,020 [INFO]  Saved checkpoint to "./imputer_model/imputer_model_mean_speed_on_paper20/model-0003.params"
2023-11-08 13:35:35,020 [INFO]  Epoch[3] Validation-cross-entropy=6.541330
2023-11-08 13:35:35,020 [INFO]  Epoch[3] Validation-mean_speed_on_paper20-accuracy=0.000000
2023-11-08 13:35:35,026 [INFO]  Epoch[4] Batch [0-4]	Speed: 15428.21 samples/sec	cross-entropy=1.344536	mean_speed_on_paper20-accuracy=0.000000
2023-11-08 13:35:35,029 [INFO]  Epoch[4] Train-cross-entropy=1.198041
2023-11-08 13:35:35,029 [INFO]  Epoch[4] Train-mean_speed_on_paper20-accuracy=0.000000
2023-11-08 13:35:35,029 [INFO]  Epoch[4] Time cost=0.009
2023-11-08 13:35:35,030 [INFO]  Saved checkpoint to "./imputer_model/imputer_model_mean_speed_on_paper20/model-0004.params"
2023-11-08 13:35:35,031 [INFO]  Epoch[4] Validation-cross-entropy=4.735179
2023-11-08 13:35:35,031 [INFO]  Epoch[4] Validation-mean_speed_on_paper20-accuracy=0.000000
2023-11-08 13:35:35,031 [INFO]  
========== done (0.05634641647338867 s) fit model
2023-11-08 13:48:55,091 [INFO]  
========== start: fit model
2023-11-08 13:48:55,091 [WARNING]  Already bound, ignoring bind()
2023-11-08 13:48:55,099 [INFO]  Epoch[0] Batch [0-4]	Speed: 13759.57 samples/sec	cross-entropy=17.262142	mean_speed_on_paper20-accuracy=0.000000
2023-11-08 13:48:55,104 [INFO]  Epoch[0] Train-cross-entropy=16.827479
2023-11-08 13:48:55,104 [INFO]  Epoch[0] Train-mean_speed_on_paper20-accuracy=0.000000
2023-11-08 13:48:55,104 [INFO]  Epoch[0] Time cost=0.012
2023-11-08 13:48:55,107 [INFO]  Saved checkpoint to "./imputer_model/imputer_model_mean_speed_on_paper20/model-0000.params"
2023-11-08 13:48:55,108 [INFO]  Epoch[0] Validation-cross-entropy=8.413410
2023-11-08 13:48:55,108 [INFO]  Epoch[0] Validation-mean_speed_on_paper20-accuracy=0.000000
2023-11-08 13:48:55,116 [INFO]  Epoch[1] Batch [0-4]	Speed: 10848.07 samples/sec	cross-entropy=43.346845	mean_speed_on_paper20-accuracy=0.000000
2023-11-08 13:48:55,120 [INFO]  Epoch[1] Train-cross-entropy=31.519968
2023-11-08 13:48:55,120 [INFO]  Epoch[1] Train-mean_speed_on_paper20-accuracy=0.000000
2023-11-08 13:48:55,120 [INFO]  Epoch[1] Time cost=0.011
2023-11-08 13:48:55,122 [INFO]  Saved checkpoint to "./imputer_model/imputer_model_mean_speed_on_paper20/model-0001.params"
2023-11-08 13:48:55,123 [INFO]  Epoch[1] Validation-cross-entropy=12.826437
2023-11-08 13:48:55,123 [INFO]  Epoch[1] Validation-mean_speed_on_paper20-accuracy=0.000000
2023-11-08 13:48:55,128 [INFO]  Epoch[2] Batch [0-4]	Speed: 16679.23 samples/sec	cross-entropy=8.532167	mean_speed_on_paper20-accuracy=0.000000
2023-11-08 13:48:55,130 [INFO]  Epoch[2] Train-cross-entropy=6.816963
2023-11-08 13:48:55,131 [INFO]  Epoch[2] Train-mean_speed_on_paper20-accuracy=0.000000
2023-11-08 13:48:55,131 [INFO]  Epoch[2] Time cost=0.008
2023-11-08 13:48:55,132 [INFO]  Saved checkpoint to "./imputer_model/imputer_model_mean_speed_on_paper20/model-0002.params"
2023-11-08 13:48:55,133 [INFO]  Epoch[2] Validation-cross-entropy=22.553644
2023-11-08 13:48:55,133 [INFO]  Epoch[2] Validation-mean_speed_on_paper20-accuracy=0.000000
2023-11-08 13:48:55,137 [INFO]  Epoch[3] Batch [0-4]	Speed: 17571.22 samples/sec	cross-entropy=5.897790	mean_speed_on_paper20-accuracy=0.000000
2023-11-08 13:48:55,140 [INFO]  Epoch[3] Train-cross-entropy=4.295203
2023-11-08 13:48:55,140 [INFO]  Epoch[3] Train-mean_speed_on_paper20-accuracy=0.000000
2023-11-08 13:48:55,140 [INFO]  Epoch[3] Time cost=0.008
2023-11-08 13:48:55,141 [INFO]  Saved checkpoint to "./imputer_model/imputer_model_mean_speed_on_paper20/model-0003.params"
2023-11-08 13:48:55,142 [INFO]  Epoch[3] Validation-cross-entropy=14.911814
2023-11-08 13:48:55,142 [INFO]  Epoch[3] Validation-mean_speed_on_paper20-accuracy=0.000000
2023-11-08 13:48:55,146 [INFO]  Epoch[4] Batch [0-4]	Speed: 17991.65 samples/sec	cross-entropy=1.875918	mean_speed_on_paper20-accuracy=0.000000
2023-11-08 13:48:55,150 [INFO]  Epoch[4] Train-cross-entropy=1.636421
2023-11-08 13:48:55,150 [INFO]  Epoch[4] Train-mean_speed_on_paper20-accuracy=0.000000
2023-11-08 13:48:55,150 [INFO]  Epoch[4] Time cost=0.009
2023-11-08 13:48:55,153 [INFO]  Saved checkpoint to "./imputer_model/imputer_model_mean_speed_on_paper20/model-0004.params"
2023-11-08 13:48:55,154 [INFO]  Epoch[4] Validation-cross-entropy=12.565454
2023-11-08 13:48:55,154 [INFO]  Epoch[4] Validation-mean_speed_on_paper20-accuracy=0.000000
2023-11-08 13:48:55,154 [INFO]  
========== done (0.06290650367736816 s) fit model
2023-11-08 14:02:18,207 [INFO]  
========== start: fit model
2023-11-08 14:02:18,207 [WARNING]  Already bound, ignoring bind()
2023-11-08 14:02:18,218 [INFO]  Epoch[0] Batch [0-4]	Speed: 11726.68 samples/sec	cross-entropy=15.900483	mean_speed_on_paper20-accuracy=0.000000
2023-11-08 14:02:18,222 [INFO]  Epoch[0] Train-cross-entropy=17.078974
2023-11-08 14:02:18,222 [INFO]  Epoch[0] Train-mean_speed_on_paper20-accuracy=0.000000
2023-11-08 14:02:18,222 [INFO]  Epoch[0] Time cost=0.012
2023-11-08 14:02:18,224 [INFO]  Saved checkpoint to "./imputer_model/imputer_model_mean_speed_on_paper20/model-0000.params"
2023-11-08 14:02:18,225 [INFO]  Epoch[0] Validation-cross-entropy=28.140821
2023-11-08 14:02:18,225 [INFO]  Epoch[0] Validation-mean_speed_on_paper20-accuracy=0.000000
2023-11-08 14:02:18,230 [INFO]  Epoch[1] Batch [0-4]	Speed: 15880.00 samples/sec	cross-entropy=46.474622	mean_speed_on_paper20-accuracy=0.000000
2023-11-08 14:02:18,233 [INFO]  Epoch[1] Train-cross-entropy=40.094157
2023-11-08 14:02:18,233 [INFO]  Epoch[1] Train-mean_speed_on_paper20-accuracy=0.000000
2023-11-08 14:02:18,233 [INFO]  Epoch[1] Time cost=0.008
2023-11-08 14:02:18,234 [INFO]  Saved checkpoint to "./imputer_model/imputer_model_mean_speed_on_paper20/model-0001.params"
2023-11-08 14:02:18,235 [INFO]  Epoch[1] Validation-cross-entropy=22.076496
2023-11-08 14:02:18,235 [INFO]  Epoch[1] Validation-mean_speed_on_paper20-accuracy=0.000000
2023-11-08 14:02:18,239 [INFO]  Epoch[2] Batch [0-4]	Speed: 18043.66 samples/sec	cross-entropy=8.930364	mean_speed_on_paper20-accuracy=0.000000
2023-11-08 14:02:18,243 [INFO]  Epoch[2] Train-cross-entropy=9.001203
2023-11-08 14:02:18,243 [INFO]  Epoch[2] Train-mean_speed_on_paper20-accuracy=0.000000
2023-11-08 14:02:18,243 [INFO]  Epoch[2] Time cost=0.008
2023-11-08 14:02:18,244 [INFO]  Saved checkpoint to "./imputer_model/imputer_model_mean_speed_on_paper20/model-0002.params"
2023-11-08 14:02:18,245 [INFO]  Epoch[2] Validation-cross-entropy=25.097578
2023-11-08 14:02:18,245 [INFO]  Epoch[2] Validation-mean_speed_on_paper20-accuracy=0.000000
2023-11-08 14:02:18,250 [INFO]  Epoch[3] Batch [0-4]	Speed: 14413.42 samples/sec	cross-entropy=6.421884	mean_speed_on_paper20-accuracy=0.000000
2023-11-08 14:02:18,254 [INFO]  Epoch[3] Train-cross-entropy=4.794248
2023-11-08 14:02:18,254 [INFO]  Epoch[3] Train-mean_speed_on_paper20-accuracy=0.000000
2023-11-08 14:02:18,254 [INFO]  Epoch[3] Time cost=0.009
2023-11-08 14:02:18,255 [INFO]  Saved checkpoint to "./imputer_model/imputer_model_mean_speed_on_paper20/model-0003.params"
2023-11-08 14:02:18,256 [INFO]  Epoch[3] Validation-cross-entropy=23.128895
2023-11-08 14:02:18,256 [INFO]  Epoch[3] Validation-mean_speed_on_paper20-accuracy=0.000000
2023-11-08 14:02:18,261 [INFO]  Epoch[4] Batch [0-4]	Speed: 14632.62 samples/sec	cross-entropy=2.399024	mean_speed_on_paper20-accuracy=0.000000
2023-11-08 14:02:18,265 [INFO]  Epoch[4] Train-cross-entropy=2.016221
2023-11-08 14:02:18,265 [INFO]  Epoch[4] Train-mean_speed_on_paper20-accuracy=0.000000
2023-11-08 14:02:18,265 [INFO]  Epoch[4] Time cost=0.009
2023-11-08 14:02:18,266 [INFO]  Saved checkpoint to "./imputer_model/imputer_model_mean_speed_on_paper20/model-0004.params"
2023-11-08 14:02:18,267 [INFO]  Epoch[4] Validation-cross-entropy=22.444313
2023-11-08 14:02:18,267 [INFO]  Epoch[4] Validation-mean_speed_on_paper20-accuracy=0.000000
2023-11-08 14:02:18,267 [INFO]  
========== done (0.06003618240356445 s) fit model
2023-11-08 14:15:44,810 [INFO]  
========== start: fit model
2023-11-08 14:15:44,810 [WARNING]  Already bound, ignoring bind()
2023-11-08 14:15:44,817 [INFO]  Epoch[0] Batch [0-4]	Speed: 14050.53 samples/sec	cross-entropy=12.562404	mean_speed_on_paper20-accuracy=0.000000
2023-11-08 14:15:44,820 [INFO]  Epoch[0] Train-cross-entropy=16.509440
2023-11-08 14:15:44,821 [INFO]  Epoch[0] Train-mean_speed_on_paper20-accuracy=0.000000
2023-11-08 14:15:44,821 [INFO]  Epoch[0] Time cost=0.010
2023-11-08 14:15:44,822 [INFO]  Saved checkpoint to "./imputer_model/imputer_model_mean_speed_on_paper20/model-0000.params"
2023-11-08 14:15:44,822 [INFO]  Epoch[0] Validation-cross-entropy=15.161995
2023-11-08 14:15:44,822 [INFO]  Epoch[0] Validation-mean_speed_on_paper20-accuracy=0.000000
2023-11-08 14:15:44,828 [INFO]  Epoch[1] Batch [0-4]	Speed: 13555.29 samples/sec	cross-entropy=55.467664	mean_speed_on_paper20-accuracy=0.000000
2023-11-08 14:15:44,833 [INFO]  Epoch[1] Train-cross-entropy=43.080527
2023-11-08 14:15:44,834 [INFO]  Epoch[1] Train-mean_speed_on_paper20-accuracy=0.000000
2023-11-08 14:15:44,834 [INFO]  Epoch[1] Time cost=0.011
2023-11-08 14:15:44,837 [INFO]  Saved checkpoint to "./imputer_model/imputer_model_mean_speed_on_paper20/model-0001.params"
2023-11-08 14:15:44,838 [INFO]  Epoch[1] Validation-cross-entropy=2.778097
2023-11-08 14:15:44,838 [INFO]  Epoch[1] Validation-mean_speed_on_paper20-accuracy=0.000000
2023-11-08 14:15:44,845 [INFO]  Epoch[2] Batch [0-4]	Speed: 13851.87 samples/sec	cross-entropy=11.036892	mean_speed_on_paper20-accuracy=0.000000
2023-11-08 14:15:44,848 [INFO]  Epoch[2] Train-cross-entropy=14.024031
2023-11-08 14:15:44,848 [INFO]  Epoch[2] Train-mean_speed_on_paper20-accuracy=0.000000
2023-11-08 14:15:44,848 [INFO]  Epoch[2] Time cost=0.010
2023-11-08 14:15:44,850 [INFO]  Saved checkpoint to "./imputer_model/imputer_model_mean_speed_on_paper20/model-0002.params"
2023-11-08 14:15:44,851 [INFO]  Epoch[2] Validation-cross-entropy=14.114149
2023-11-08 14:15:44,851 [INFO]  Epoch[2] Validation-mean_speed_on_paper20-accuracy=0.000000
2023-11-08 14:15:44,856 [INFO]  Epoch[3] Batch [0-4]	Speed: 16531.31 samples/sec	cross-entropy=10.851824	mean_speed_on_paper20-accuracy=0.000000
2023-11-08 14:15:44,859 [INFO]  Epoch[3] Train-cross-entropy=7.789696
2023-11-08 14:15:44,859 [INFO]  Epoch[3] Train-mean_speed_on_paper20-accuracy=0.000000
2023-11-08 14:15:44,859 [INFO]  Epoch[3] Time cost=0.008
2023-11-08 14:15:44,861 [INFO]  Saved checkpoint to "./imputer_model/imputer_model_mean_speed_on_paper20/model-0003.params"
2023-11-08 14:15:44,861 [INFO]  Epoch[3] Validation-cross-entropy=6.517954
2023-11-08 14:15:44,861 [INFO]  Epoch[3] Validation-mean_speed_on_paper20-accuracy=0.000000
2023-11-08 14:15:44,866 [INFO]  Epoch[4] Batch [0-4]	Speed: 15896.92 samples/sec	cross-entropy=7.101217	mean_speed_on_paper20-accuracy=0.000000
2023-11-08 14:15:44,870 [INFO]  Epoch[4] Train-cross-entropy=5.470208
2023-11-08 14:15:44,870 [INFO]  Epoch[4] Train-mean_speed_on_paper20-accuracy=0.000000
2023-11-08 14:15:44,870 [INFO]  Epoch[4] Time cost=0.009
2023-11-08 14:15:44,873 [INFO]  Saved checkpoint to "./imputer_model/imputer_model_mean_speed_on_paper20/model-0004.params"
2023-11-08 14:15:44,874 [INFO]  Epoch[4] Validation-cross-entropy=7.128025
2023-11-08 14:15:44,874 [INFO]  Epoch[4] Validation-mean_speed_on_paper20-accuracy=0.000000
2023-11-08 14:15:44,874 [INFO]  
========== done (0.06415605545043945 s) fit model
2023-11-08 14:29:21,639 [INFO]  
========== start: fit model
2023-11-08 14:29:21,639 [WARNING]  Already bound, ignoring bind()
2023-11-08 14:29:21,646 [INFO]  Epoch[0] Batch [0-4]	Speed: 14032.91 samples/sec	cross-entropy=14.817575	mean_speed_on_paper20-accuracy=3.000000
2023-11-08 14:29:21,650 [INFO]  Epoch[0] Train-cross-entropy=14.538405
2023-11-08 14:29:21,650 [INFO]  Epoch[0] Train-mean_speed_on_paper20-accuracy=2.625000
2023-11-08 14:29:21,650 [INFO]  Epoch[0] Time cost=0.010
2023-11-08 14:29:21,651 [INFO]  Saved checkpoint to "./imputer_model/imputer_model_mean_speed_on_paper20/model-0000.params"
2023-11-08 14:29:21,652 [INFO]  Epoch[0] Validation-cross-entropy=136.068741
2023-11-08 14:29:21,652 [INFO]  Epoch[0] Validation-mean_speed_on_paper20-accuracy=0.000000
2023-11-08 14:29:21,658 [INFO]  Epoch[1] Batch [0-4]	Speed: 14266.34 samples/sec	cross-entropy=32.104321	mean_speed_on_paper20-accuracy=3.000000
2023-11-08 14:29:21,662 [INFO]  Epoch[1] Train-cross-entropy=29.810717
2023-11-08 14:29:21,663 [INFO]  Epoch[1] Train-mean_speed_on_paper20-accuracy=2.625000
2023-11-08 14:29:21,663 [INFO]  Epoch[1] Time cost=0.011
2023-11-08 14:29:21,666 [INFO]  Saved checkpoint to "./imputer_model/imputer_model_mean_speed_on_paper20/model-0001.params"
2023-11-08 14:29:21,667 [INFO]  Epoch[1] Validation-cross-entropy=23.165388
2023-11-08 14:29:21,667 [INFO]  Epoch[1] Validation-mean_speed_on_paper20-accuracy=0.000000
2023-11-08 14:29:21,675 [INFO]  Epoch[2] Batch [0-4]	Speed: 10855.97 samples/sec	cross-entropy=7.239791	mean_speed_on_paper20-accuracy=3.000000
2023-11-08 14:29:21,679 [INFO]  Epoch[2] Train-cross-entropy=10.129925
2023-11-08 14:29:21,679 [INFO]  Epoch[2] Train-mean_speed_on_paper20-accuracy=2.625000
2023-11-08 14:29:21,679 [INFO]  Epoch[2] Time cost=0.011
2023-11-08 14:29:21,681 [INFO]  Saved checkpoint to "./imputer_model/imputer_model_mean_speed_on_paper20/model-0002.params"
2023-11-08 14:29:21,682 [INFO]  Epoch[2] Validation-cross-entropy=20.934576
2023-11-08 14:29:21,682 [INFO]  Epoch[2] Validation-mean_speed_on_paper20-accuracy=0.000000
2023-11-08 14:29:21,687 [INFO]  Epoch[3] Batch [0-4]	Speed: 15532.66 samples/sec	cross-entropy=2.623446	mean_speed_on_paper20-accuracy=3.000000
2023-11-08 14:29:21,691 [INFO]  Epoch[3] Train-cross-entropy=2.179933
2023-11-08 14:29:21,691 [INFO]  Epoch[3] Train-mean_speed_on_paper20-accuracy=2.625000
2023-11-08 14:29:21,691 [INFO]  Epoch[3] Time cost=0.009
2023-11-08 14:29:21,692 [INFO]  Saved checkpoint to "./imputer_model/imputer_model_mean_speed_on_paper20/model-0003.params"
2023-11-08 14:29:21,693 [INFO]  Epoch[3] Validation-cross-entropy=25.846094
2023-11-08 14:29:21,693 [INFO]  Epoch[3] Validation-mean_speed_on_paper20-accuracy=0.000000
2023-11-08 14:29:21,698 [INFO]  Epoch[4] Batch [0-4]	Speed: 14446.77 samples/sec	cross-entropy=2.454354	mean_speed_on_paper20-accuracy=3.000000
2023-11-08 14:29:21,702 [INFO]  Epoch[4] Train-cross-entropy=1.888604
2023-11-08 14:29:21,702 [INFO]  Epoch[4] Train-mean_speed_on_paper20-accuracy=2.625000
2023-11-08 14:29:21,702 [INFO]  Epoch[4] Time cost=0.009
2023-11-08 14:29:21,703 [INFO]  Saved checkpoint to "./imputer_model/imputer_model_mean_speed_on_paper20/model-0004.params"
2023-11-08 14:29:21,704 [INFO]  Epoch[4] Validation-cross-entropy=15.795787
2023-11-08 14:29:21,704 [INFO]  Epoch[4] Validation-mean_speed_on_paper20-accuracy=0.000000
2023-11-08 14:29:21,704 [INFO]  
========== done (0.06459522247314453 s) fit model
2023-11-08 14:43:26,685 [INFO]  
========== start: fit model
2023-11-08 14:43:26,685 [WARNING]  Already bound, ignoring bind()
2023-11-08 14:43:26,692 [INFO]  Epoch[0] Batch [0-4]	Speed: 14041.71 samples/sec	cross-entropy=16.199034	mean_speed_on_paper20-accuracy=3.000000
2023-11-08 14:43:26,695 [INFO]  Epoch[0] Train-cross-entropy=19.470168
2023-11-08 14:43:26,695 [INFO]  Epoch[0] Train-mean_speed_on_paper20-accuracy=2.875000
2023-11-08 14:43:26,696 [INFO]  Epoch[0] Time cost=0.010
2023-11-08 14:43:26,697 [INFO]  Saved checkpoint to "./imputer_model/imputer_model_mean_speed_on_paper20/model-0000.params"
2023-11-08 14:43:26,697 [INFO]  Epoch[0] Validation-cross-entropy=9.637574
2023-11-08 14:43:26,697 [INFO]  Epoch[0] Validation-mean_speed_on_paper20-accuracy=0.000000
2023-11-08 14:43:26,705 [INFO]  Epoch[1] Batch [0-4]	Speed: 10008.03 samples/sec	cross-entropy=25.030856	mean_speed_on_paper20-accuracy=3.000000
2023-11-08 14:43:26,710 [INFO]  Epoch[1] Train-cross-entropy=20.646500
2023-11-08 14:43:26,710 [INFO]  Epoch[1] Train-mean_speed_on_paper20-accuracy=2.875000
2023-11-08 14:43:26,711 [INFO]  Epoch[1] Time cost=0.013
2023-11-08 14:43:26,714 [INFO]  Saved checkpoint to "./imputer_model/imputer_model_mean_speed_on_paper20/model-0001.params"
2023-11-08 14:43:26,715 [INFO]  Epoch[1] Validation-cross-entropy=4.170100
2023-11-08 14:43:26,715 [INFO]  Epoch[1] Validation-mean_speed_on_paper20-accuracy=0.000000
2023-11-08 14:43:26,722 [INFO]  Epoch[2] Batch [0-4]	Speed: 12192.74 samples/sec	cross-entropy=3.688831	mean_speed_on_paper20-accuracy=3.000000
2023-11-08 14:43:26,725 [INFO]  Epoch[2] Train-cross-entropy=3.204959
2023-11-08 14:43:26,726 [INFO]  Epoch[2] Train-mean_speed_on_paper20-accuracy=2.875000
2023-11-08 14:43:26,726 [INFO]  Epoch[2] Time cost=0.011
2023-11-08 14:43:26,727 [INFO]  Saved checkpoint to "./imputer_model/imputer_model_mean_speed_on_paper20/model-0002.params"
2023-11-08 14:43:26,728 [INFO]  Epoch[2] Validation-cross-entropy=3.937241
2023-11-08 14:43:26,728 [INFO]  Epoch[2] Validation-mean_speed_on_paper20-accuracy=0.000000
2023-11-08 14:43:26,734 [INFO]  Epoch[3] Batch [0-4]	Speed: 13589.60 samples/sec	cross-entropy=1.965008	mean_speed_on_paper20-accuracy=3.000000
2023-11-08 14:43:26,738 [INFO]  Epoch[3] Train-cross-entropy=1.520384
2023-11-08 14:43:26,738 [INFO]  Epoch[3] Train-mean_speed_on_paper20-accuracy=2.875000
2023-11-08 14:43:26,738 [INFO]  Epoch[3] Time cost=0.010
2023-11-08 14:43:26,739 [INFO]  Saved checkpoint to "./imputer_model/imputer_model_mean_speed_on_paper20/model-0003.params"
2023-11-08 14:43:26,740 [INFO]  Epoch[3] Validation-cross-entropy=4.789539
2023-11-08 14:43:26,740 [INFO]  Epoch[3] Validation-mean_speed_on_paper20-accuracy=0.000000
2023-11-08 14:43:26,746 [INFO]  Epoch[4] Batch [0-4]	Speed: 14016.05 samples/sec	cross-entropy=0.986353	mean_speed_on_paper20-accuracy=3.000000
2023-11-08 14:43:26,749 [INFO]  Epoch[4] Train-cross-entropy=0.777895
2023-11-08 14:43:26,749 [INFO]  Epoch[4] Train-mean_speed_on_paper20-accuracy=2.875000
2023-11-08 14:43:26,749 [INFO]  Epoch[4] Time cost=0.009
2023-11-08 14:43:26,751 [INFO]  Saved checkpoint to "./imputer_model/imputer_model_mean_speed_on_paper20/model-0004.params"
2023-11-08 14:43:26,751 [INFO]  Epoch[4] Validation-cross-entropy=3.588576
2023-11-08 14:43:26,751 [INFO]  Epoch[4] Validation-mean_speed_on_paper20-accuracy=0.000000
2023-11-08 14:43:26,751 [INFO]  
========== done (0.06675982475280762 s) fit model
2023-11-08 14:57:33,997 [INFO]  
========== start: fit model
2023-11-08 14:57:33,997 [WARNING]  Already bound, ignoring bind()
2023-11-08 14:57:34,004 [INFO]  Epoch[0] Batch [0-4]	Speed: 13633.09 samples/sec	cross-entropy=19.435392	mean_speed_on_paper20-accuracy=0.000000
2023-11-08 14:57:34,008 [INFO]  Epoch[0] Train-cross-entropy=21.324923
2023-11-08 14:57:34,008 [INFO]  Epoch[0] Train-mean_speed_on_paper20-accuracy=0.000000
2023-11-08 14:57:34,008 [INFO]  Epoch[0] Time cost=0.010
2023-11-08 14:57:34,009 [INFO]  Saved checkpoint to "./imputer_model/imputer_model_mean_speed_on_paper20/model-0000.params"
2023-11-08 14:57:34,010 [INFO]  Epoch[0] Validation-cross-entropy=19.954205
2023-11-08 14:57:34,010 [INFO]  Epoch[0] Validation-mean_speed_on_paper20-accuracy=0.000000
2023-11-08 14:57:34,017 [INFO]  Epoch[1] Batch [0-4]	Speed: 10384.75 samples/sec	cross-entropy=38.240130	mean_speed_on_paper20-accuracy=0.000000
2023-11-08 14:57:34,023 [INFO]  Epoch[1] Train-cross-entropy=31.319712
2023-11-08 14:57:34,023 [INFO]  Epoch[1] Train-mean_speed_on_paper20-accuracy=0.000000
2023-11-08 14:57:34,023 [INFO]  Epoch[1] Time cost=0.013
2023-11-08 14:57:34,026 [INFO]  Saved checkpoint to "./imputer_model/imputer_model_mean_speed_on_paper20/model-0001.params"
2023-11-08 14:57:34,027 [INFO]  Epoch[1] Validation-cross-entropy=28.806606
2023-11-08 14:57:34,028 [INFO]  Epoch[1] Validation-mean_speed_on_paper20-accuracy=0.000000
2023-11-08 14:57:34,033 [INFO]  Epoch[2] Batch [0-4]	Speed: 16361.03 samples/sec	cross-entropy=10.842381	mean_speed_on_paper20-accuracy=0.000000
2023-11-08 14:57:34,036 [INFO]  Epoch[2] Train-cross-entropy=8.560331
2023-11-08 14:57:34,036 [INFO]  Epoch[2] Train-mean_speed_on_paper20-accuracy=0.000000
2023-11-08 14:57:34,036 [INFO]  Epoch[2] Time cost=0.008
2023-11-08 14:57:34,038 [INFO]  Saved checkpoint to "./imputer_model/imputer_model_mean_speed_on_paper20/model-0002.params"
2023-11-08 14:57:34,039 [INFO]  Epoch[2] Validation-cross-entropy=15.237613
2023-11-08 14:57:34,039 [INFO]  Epoch[2] Validation-mean_speed_on_paper20-accuracy=0.000000
2023-11-08 14:57:34,044 [INFO]  Epoch[3] Batch [0-4]	Speed: 16363.03 samples/sec	cross-entropy=7.982440	mean_speed_on_paper20-accuracy=0.000000
2023-11-08 14:57:34,047 [INFO]  Epoch[3] Train-cross-entropy=5.798947
2023-11-08 14:57:34,047 [INFO]  Epoch[3] Train-mean_speed_on_paper20-accuracy=0.000000
2023-11-08 14:57:34,047 [INFO]  Epoch[3] Time cost=0.008
2023-11-08 14:57:34,048 [INFO]  Saved checkpoint to "./imputer_model/imputer_model_mean_speed_on_paper20/model-0003.params"
2023-11-08 14:57:34,049 [INFO]  Epoch[3] Validation-cross-entropy=12.637215
2023-11-08 14:57:34,049 [INFO]  Epoch[3] Validation-mean_speed_on_paper20-accuracy=0.000000
2023-11-08 14:57:34,055 [INFO]  Epoch[4] Batch [0-4]	Speed: 13992.67 samples/sec	cross-entropy=1.976870	mean_speed_on_paper20-accuracy=0.000000
2023-11-08 14:57:34,058 [INFO]  Epoch[4] Train-cross-entropy=1.547639
2023-11-08 14:57:34,059 [INFO]  Epoch[4] Train-mean_speed_on_paper20-accuracy=0.000000
2023-11-08 14:57:34,059 [INFO]  Epoch[4] Time cost=0.009
2023-11-08 14:57:34,060 [INFO]  Saved checkpoint to "./imputer_model/imputer_model_mean_speed_on_paper20/model-0004.params"
2023-11-08 14:57:34,061 [INFO]  Epoch[4] Validation-cross-entropy=14.456479
2023-11-08 14:57:34,061 [INFO]  Epoch[4] Validation-mean_speed_on_paper20-accuracy=0.000000
2023-11-08 14:57:34,061 [INFO]  
========== done (0.06414127349853516 s) fit model
