2023-11-08 12:33:31,076 [INFO]  
========== start: fit model
2023-11-08 12:33:31,077 [WARNING]  Already bound, ignoring bind()
2023-11-08 12:33:31,083 [INFO]  Epoch[0] Batch [0-4]	Speed: 14269.37 samples/sec	cross-entropy=24.606859	max_x_extension5-accuracy=0.000000
2023-11-08 12:33:31,087 [INFO]  Epoch[0] Train-cross-entropy=21.626045
2023-11-08 12:33:31,087 [INFO]  Epoch[0] Train-max_x_extension5-accuracy=0.000000
2023-11-08 12:33:31,087 [INFO]  Epoch[0] Time cost=0.010
2023-11-08 12:33:31,088 [INFO]  Saved checkpoint to "./imputer_model/imputer_model_max_x_extension5/model-0000.params"
2023-11-08 12:33:31,089 [INFO]  Epoch[0] Validation-cross-entropy=24.291523
2023-11-08 12:33:31,089 [INFO]  Epoch[0] Validation-max_x_extension5-accuracy=0.000000
2023-11-08 12:33:31,094 [INFO]  Epoch[1] Batch [0-4]	Speed: 14716.05 samples/sec	cross-entropy=30.264291	max_x_extension5-accuracy=0.000000
2023-11-08 12:33:31,098 [INFO]  Epoch[1] Train-cross-entropy=24.649814
2023-11-08 12:33:31,098 [INFO]  Epoch[1] Train-max_x_extension5-accuracy=0.000000
2023-11-08 12:33:31,098 [INFO]  Epoch[1] Time cost=0.009
2023-11-08 12:33:31,099 [INFO]  Saved checkpoint to "./imputer_model/imputer_model_max_x_extension5/model-0001.params"
2023-11-08 12:33:31,100 [INFO]  Epoch[1] Validation-cross-entropy=8.989292
2023-11-08 12:33:31,100 [INFO]  Epoch[1] Validation-max_x_extension5-accuracy=0.000000
2023-11-08 12:33:31,107 [INFO]  Epoch[2] Batch [0-4]	Speed: 12306.78 samples/sec	cross-entropy=4.054106	max_x_extension5-accuracy=0.000000
2023-11-08 12:33:31,111 [INFO]  Epoch[2] Train-cross-entropy=2.996526
2023-11-08 12:33:31,111 [INFO]  Epoch[2] Train-max_x_extension5-accuracy=0.000000
2023-11-08 12:33:31,111 [INFO]  Epoch[2] Time cost=0.011
2023-11-08 12:33:31,115 [INFO]  Saved checkpoint to "./imputer_model/imputer_model_max_x_extension5/model-0002.params"
2023-11-08 12:33:31,116 [INFO]  Epoch[2] Validation-cross-entropy=13.600266
2023-11-08 12:33:31,116 [INFO]  Epoch[2] Validation-max_x_extension5-accuracy=0.000000
2023-11-08 12:33:31,122 [INFO]  Epoch[3] Batch [0-4]	Speed: 14556.45 samples/sec	cross-entropy=3.352509	max_x_extension5-accuracy=0.000000
2023-11-08 12:33:31,125 [INFO]  Epoch[3] Train-cross-entropy=2.341673
2023-11-08 12:33:31,125 [INFO]  Epoch[3] Train-max_x_extension5-accuracy=0.000000
2023-11-08 12:33:31,125 [INFO]  Epoch[3] Time cost=0.010
2023-11-08 12:33:31,127 [INFO]  Saved checkpoint to "./imputer_model/imputer_model_max_x_extension5/model-0003.params"
2023-11-08 12:33:31,128 [INFO]  Epoch[3] Validation-cross-entropy=9.151599
2023-11-08 12:33:31,128 [INFO]  Epoch[3] Validation-max_x_extension5-accuracy=0.000000
2023-11-08 12:33:31,134 [INFO]  Epoch[4] Batch [0-4]	Speed: 14658.19 samples/sec	cross-entropy=1.747693	max_x_extension5-accuracy=0.000000
2023-11-08 12:33:31,137 [INFO]  Epoch[4] Train-cross-entropy=1.223457
2023-11-08 12:33:31,137 [INFO]  Epoch[4] Train-max_x_extension5-accuracy=0.000000
2023-11-08 12:33:31,137 [INFO]  Epoch[4] Time cost=0.009
2023-11-08 12:33:31,139 [INFO]  Saved checkpoint to "./imputer_model/imputer_model_max_x_extension5/model-0004.params"
2023-11-08 12:33:31,139 [INFO]  Epoch[4] Validation-cross-entropy=7.990916
2023-11-08 12:33:31,139 [INFO]  Epoch[4] Validation-max_x_extension5-accuracy=0.000000
2023-11-08 12:33:31,140 [INFO]  
========== done (0.06320619583129883 s) fit model
2023-11-08 13:04:34,502 [INFO]  
========== start: fit model
2023-11-08 13:04:34,502 [WARNING]  Already bound, ignoring bind()
2023-11-08 13:04:34,517 [INFO]  Epoch[0] Batch [0-4]	Speed: 9995.36 samples/sec	cross-entropy=31.262119	max_x_extension5-accuracy=0.000000
2023-11-08 13:04:34,522 [INFO]  Epoch[0] Train-cross-entropy=25.160106
2023-11-08 13:04:34,522 [INFO]  Epoch[0] Train-max_x_extension5-accuracy=0.000000
2023-11-08 13:04:34,522 [INFO]  Epoch[0] Time cost=0.019
2023-11-08 13:04:34,525 [INFO]  Saved checkpoint to "./imputer_model/imputer_model_max_x_extension5/model-0000.params"
2023-11-08 13:04:34,526 [INFO]  Epoch[0] Validation-cross-entropy=5.947975
2023-11-08 13:04:34,526 [INFO]  Epoch[0] Validation-max_x_extension5-accuracy=0.000000
2023-11-08 13:04:34,533 [INFO]  Epoch[1] Batch [0-4]	Speed: 12380.57 samples/sec	cross-entropy=22.305966	max_x_extension5-accuracy=0.000000
2023-11-08 13:04:34,537 [INFO]  Epoch[1] Train-cross-entropy=18.388117
2023-11-08 13:04:34,537 [INFO]  Epoch[1] Train-max_x_extension5-accuracy=0.000000
2023-11-08 13:04:34,537 [INFO]  Epoch[1] Time cost=0.011
2023-11-08 13:04:34,539 [INFO]  Saved checkpoint to "./imputer_model/imputer_model_max_x_extension5/model-0001.params"
2023-11-08 13:04:34,540 [INFO]  Epoch[1] Validation-cross-entropy=6.489196
2023-11-08 13:04:34,540 [INFO]  Epoch[1] Validation-max_x_extension5-accuracy=0.000000
2023-11-08 13:04:34,546 [INFO]  Epoch[2] Batch [0-4]	Speed: 13678.94 samples/sec	cross-entropy=4.744389	max_x_extension5-accuracy=0.000000
2023-11-08 13:04:34,549 [INFO]  Epoch[2] Train-cross-entropy=3.874263
2023-11-08 13:04:34,549 [INFO]  Epoch[2] Train-max_x_extension5-accuracy=0.000000
2023-11-08 13:04:34,549 [INFO]  Epoch[2] Time cost=0.010
2023-11-08 13:04:34,551 [INFO]  Saved checkpoint to "./imputer_model/imputer_model_max_x_extension5/model-0002.params"
2023-11-08 13:04:34,551 [INFO]  Epoch[2] Validation-cross-entropy=11.953927
2023-11-08 13:04:34,551 [INFO]  Epoch[2] Validation-max_x_extension5-accuracy=0.000000
2023-11-08 13:04:34,557 [INFO]  Epoch[3] Batch [0-4]	Speed: 14369.44 samples/sec	cross-entropy=3.442220	max_x_extension5-accuracy=0.000000
2023-11-08 13:04:34,561 [INFO]  Epoch[3] Train-cross-entropy=2.795323
2023-11-08 13:04:34,561 [INFO]  Epoch[3] Train-max_x_extension5-accuracy=0.000000
2023-11-08 13:04:34,561 [INFO]  Epoch[3] Time cost=0.009
2023-11-08 13:04:34,562 [INFO]  Saved checkpoint to "./imputer_model/imputer_model_max_x_extension5/model-0003.params"
2023-11-08 13:04:34,562 [INFO]  Epoch[3] Validation-cross-entropy=7.385681
2023-11-08 13:04:34,563 [INFO]  Epoch[3] Validation-max_x_extension5-accuracy=0.000000
2023-11-08 13:04:34,568 [INFO]  Epoch[4] Batch [0-4]	Speed: 14321.14 samples/sec	cross-entropy=1.413167	max_x_extension5-accuracy=0.000000
2023-11-08 13:04:34,572 [INFO]  Epoch[4] Train-cross-entropy=1.155317
2023-11-08 13:04:34,572 [INFO]  Epoch[4] Train-max_x_extension5-accuracy=0.000000
2023-11-08 13:04:34,572 [INFO]  Epoch[4] Time cost=0.009
2023-11-08 13:04:34,573 [INFO]  Saved checkpoint to "./imputer_model/imputer_model_max_x_extension5/model-0004.params"
2023-11-08 13:04:34,574 [INFO]  Epoch[4] Validation-cross-entropy=8.925187
2023-11-08 13:04:34,574 [INFO]  Epoch[4] Validation-max_x_extension5-accuracy=0.000000
2023-11-08 13:04:34,574 [INFO]  
========== done (0.07220602035522461 s) fit model
2023-11-08 13:18:01,573 [INFO]  
========== start: fit model
2023-11-08 13:18:01,573 [WARNING]  Already bound, ignoring bind()
2023-11-08 13:18:01,582 [INFO]  Epoch[0] Batch [0-4]	Speed: 10404.48 samples/sec	cross-entropy=30.926442	max_x_extension5-accuracy=3.000000
2023-11-08 13:18:01,587 [INFO]  Epoch[0] Train-cross-entropy=31.758136
2023-11-08 13:18:01,587 [INFO]  Epoch[0] Train-max_x_extension5-accuracy=2.750000
2023-11-08 13:18:01,588 [INFO]  Epoch[0] Time cost=0.014
2023-11-08 13:18:01,591 [INFO]  Saved checkpoint to "./imputer_model/imputer_model_max_x_extension5/model-0000.params"
2023-11-08 13:18:01,592 [INFO]  Epoch[0] Validation-cross-entropy=11.734178
2023-11-08 13:18:01,592 [INFO]  Epoch[0] Validation-max_x_extension5-accuracy=0.000000
2023-11-08 13:18:01,600 [INFO]  Epoch[1] Batch [0-4]	Speed: 10631.11 samples/sec	cross-entropy=28.158036	max_x_extension5-accuracy=3.000000
2023-11-08 13:18:01,604 [INFO]  Epoch[1] Train-cross-entropy=31.503434
2023-11-08 13:18:01,604 [INFO]  Epoch[1] Train-max_x_extension5-accuracy=2.750000
2023-11-08 13:18:01,604 [INFO]  Epoch[1] Time cost=0.012
2023-11-08 13:18:01,607 [INFO]  Saved checkpoint to "./imputer_model/imputer_model_max_x_extension5/model-0001.params"
2023-11-08 13:18:01,607 [INFO]  Epoch[1] Validation-cross-entropy=15.658368
2023-11-08 13:18:01,607 [INFO]  Epoch[1] Validation-max_x_extension5-accuracy=0.000000
2023-11-08 13:18:01,614 [INFO]  Epoch[2] Batch [0-4]	Speed: 13640.01 samples/sec	cross-entropy=10.619910	max_x_extension5-accuracy=3.000000
2023-11-08 13:18:01,617 [INFO]  Epoch[2] Train-cross-entropy=9.763077
2023-11-08 13:18:01,617 [INFO]  Epoch[2] Train-max_x_extension5-accuracy=2.750000
2023-11-08 13:18:01,617 [INFO]  Epoch[2] Time cost=0.010
2023-11-08 13:18:01,619 [INFO]  Saved checkpoint to "./imputer_model/imputer_model_max_x_extension5/model-0002.params"
2023-11-08 13:18:01,620 [INFO]  Epoch[2] Validation-cross-entropy=5.519995
2023-11-08 13:18:01,620 [INFO]  Epoch[2] Validation-max_x_extension5-accuracy=0.000000
2023-11-08 13:18:01,626 [INFO]  Epoch[3] Batch [0-4]	Speed: 14016.05 samples/sec	cross-entropy=6.030371	max_x_extension5-accuracy=3.000000
2023-11-08 13:18:01,629 [INFO]  Epoch[3] Train-cross-entropy=4.733362
2023-11-08 13:18:01,629 [INFO]  Epoch[3] Train-max_x_extension5-accuracy=2.750000
2023-11-08 13:18:01,629 [INFO]  Epoch[3] Time cost=0.009
2023-11-08 13:18:01,631 [INFO]  Saved checkpoint to "./imputer_model/imputer_model_max_x_extension5/model-0003.params"
2023-11-08 13:18:01,631 [INFO]  Epoch[3] Validation-cross-entropy=4.441752
2023-11-08 13:18:01,631 [INFO]  Epoch[3] Validation-max_x_extension5-accuracy=0.000000
2023-11-08 13:18:01,637 [INFO]  Epoch[4] Batch [0-4]	Speed: 14236.08 samples/sec	cross-entropy=1.855689	max_x_extension5-accuracy=3.000000
2023-11-08 13:18:01,640 [INFO]  Epoch[4] Train-cross-entropy=1.588000
2023-11-08 13:18:01,640 [INFO]  Epoch[4] Train-max_x_extension5-accuracy=2.750000
2023-11-08 13:18:01,640 [INFO]  Epoch[4] Time cost=0.009
2023-11-08 13:18:01,642 [INFO]  Saved checkpoint to "./imputer_model/imputer_model_max_x_extension5/model-0004.params"
2023-11-08 13:18:01,642 [INFO]  Epoch[4] Validation-cross-entropy=4.817978
2023-11-08 13:18:01,642 [INFO]  Epoch[4] Validation-max_x_extension5-accuracy=0.000000
2023-11-08 13:18:01,642 [INFO]  
========== done (0.06930661201477051 s) fit model
2023-11-08 13:31:22,512 [INFO]  
========== start: fit model
2023-11-08 13:31:22,512 [WARNING]  Already bound, ignoring bind()
2023-11-08 13:31:22,521 [INFO]  Epoch[0] Batch [0-4]	Speed: 9559.67 samples/sec	cross-entropy=27.454584	max_x_extension5-accuracy=2.600000
2023-11-08 13:31:22,526 [INFO]  Epoch[0] Train-cross-entropy=20.755318
2023-11-08 13:31:22,526 [INFO]  Epoch[0] Train-max_x_extension5-accuracy=2.875000
2023-11-08 13:31:22,527 [INFO]  Epoch[0] Time cost=0.014
2023-11-08 13:31:22,529 [INFO]  Saved checkpoint to "./imputer_model/imputer_model_max_x_extension5/model-0000.params"
2023-11-08 13:31:22,530 [INFO]  Epoch[0] Validation-cross-entropy=7.587434
2023-11-08 13:31:22,530 [INFO]  Epoch[0] Validation-max_x_extension5-accuracy=0.000000
2023-11-08 13:31:22,537 [INFO]  Epoch[1] Batch [0-4]	Speed: 11910.88 samples/sec	cross-entropy=26.587408	max_x_extension5-accuracy=2.600000
2023-11-08 13:31:22,541 [INFO]  Epoch[1] Train-cross-entropy=19.283144
2023-11-08 13:31:22,541 [INFO]  Epoch[1] Train-max_x_extension5-accuracy=2.875000
2023-11-08 13:31:22,541 [INFO]  Epoch[1] Time cost=0.011
2023-11-08 13:31:22,543 [INFO]  Saved checkpoint to "./imputer_model/imputer_model_max_x_extension5/model-0001.params"
2023-11-08 13:31:22,544 [INFO]  Epoch[1] Validation-cross-entropy=14.649931
2023-11-08 13:31:22,544 [INFO]  Epoch[1] Validation-max_x_extension5-accuracy=0.000000
2023-11-08 13:31:22,550 [INFO]  Epoch[2] Batch [0-4]	Speed: 13510.27 samples/sec	cross-entropy=10.859163	max_x_extension5-accuracy=2.600000
2023-11-08 13:31:22,554 [INFO]  Epoch[2] Train-cross-entropy=10.203380
2023-11-08 13:31:22,554 [INFO]  Epoch[2] Train-max_x_extension5-accuracy=2.875000
2023-11-08 13:31:22,554 [INFO]  Epoch[2] Time cost=0.010
2023-11-08 13:31:22,555 [INFO]  Saved checkpoint to "./imputer_model/imputer_model_max_x_extension5/model-0002.params"
2023-11-08 13:31:22,556 [INFO]  Epoch[2] Validation-cross-entropy=6.686365
2023-11-08 13:31:22,556 [INFO]  Epoch[2] Validation-max_x_extension5-accuracy=0.000000
2023-11-08 13:31:22,562 [INFO]  Epoch[3] Batch [0-4]	Speed: 14122.24 samples/sec	cross-entropy=5.750823	max_x_extension5-accuracy=2.600000
2023-11-08 13:31:22,566 [INFO]  Epoch[3] Train-cross-entropy=6.226484
2023-11-08 13:31:22,566 [INFO]  Epoch[3] Train-max_x_extension5-accuracy=2.875000
2023-11-08 13:31:22,566 [INFO]  Epoch[3] Time cost=0.010
2023-11-08 13:31:22,569 [INFO]  Saved checkpoint to "./imputer_model/imputer_model_max_x_extension5/model-0003.params"
2023-11-08 13:31:22,570 [INFO]  Epoch[3] Validation-cross-entropy=6.841804
2023-11-08 13:31:22,571 [INFO]  Epoch[3] Validation-max_x_extension5-accuracy=0.000000
2023-11-08 13:31:22,579 [INFO]  Epoch[4] Batch [0-4]	Speed: 9972.34 samples/sec	cross-entropy=2.717658	max_x_extension5-accuracy=2.600000
2023-11-08 13:31:22,583 [INFO]  Epoch[4] Train-cross-entropy=2.342300
2023-11-08 13:31:22,583 [INFO]  Epoch[4] Train-max_x_extension5-accuracy=2.875000
2023-11-08 13:31:22,583 [INFO]  Epoch[4] Time cost=0.012
2023-11-08 13:31:22,585 [INFO]  Saved checkpoint to "./imputer_model/imputer_model_max_x_extension5/model-0004.params"
2023-11-08 13:31:22,586 [INFO]  Epoch[4] Validation-cross-entropy=9.652276
2023-11-08 13:31:22,586 [INFO]  Epoch[4] Validation-max_x_extension5-accuracy=0.000000
2023-11-08 13:31:22,586 [INFO]  
========== done (0.07374072074890137 s) fit model
2023-11-08 13:44:42,412 [INFO]  
========== start: fit model
2023-11-08 13:44:42,412 [WARNING]  Already bound, ignoring bind()
2023-11-08 13:44:42,419 [INFO]  Epoch[0] Batch [0-4]	Speed: 13836.17 samples/sec	cross-entropy=17.647497	max_x_extension5-accuracy=0.000000
2023-11-08 13:44:42,422 [INFO]  Epoch[0] Train-cross-entropy=23.314458
2023-11-08 13:44:42,422 [INFO]  Epoch[0] Train-max_x_extension5-accuracy=0.000000
2023-11-08 13:44:42,422 [INFO]  Epoch[0] Time cost=0.010
2023-11-08 13:44:42,424 [INFO]  Saved checkpoint to "./imputer_model/imputer_model_max_x_extension5/model-0000.params"
2023-11-08 13:44:42,424 [INFO]  Epoch[0] Validation-cross-entropy=11.070977
2023-11-08 13:44:42,424 [INFO]  Epoch[0] Validation-max_x_extension5-accuracy=0.000000
2023-11-08 13:44:42,430 [INFO]  Epoch[1] Batch [0-4]	Speed: 14431.24 samples/sec	cross-entropy=23.644998	max_x_extension5-accuracy=0.000000
2023-11-08 13:44:42,434 [INFO]  Epoch[1] Train-cross-entropy=30.520938
2023-11-08 13:44:42,434 [INFO]  Epoch[1] Train-max_x_extension5-accuracy=0.000000
2023-11-08 13:44:42,434 [INFO]  Epoch[1] Time cost=0.010
2023-11-08 13:44:42,437 [INFO]  Saved checkpoint to "./imputer_model/imputer_model_max_x_extension5/model-0001.params"
2023-11-08 13:44:42,438 [INFO]  Epoch[1] Validation-cross-entropy=12.625551
2023-11-08 13:44:42,438 [INFO]  Epoch[1] Validation-max_x_extension5-accuracy=0.000000
2023-11-08 13:44:42,446 [INFO]  Epoch[2] Batch [0-4]	Speed: 11488.29 samples/sec	cross-entropy=4.700599	max_x_extension5-accuracy=0.000000
2023-11-08 13:44:42,450 [INFO]  Epoch[2] Train-cross-entropy=5.788646
2023-11-08 13:44:42,450 [INFO]  Epoch[2] Train-max_x_extension5-accuracy=0.000000
2023-11-08 13:44:42,450 [INFO]  Epoch[2] Time cost=0.012
2023-11-08 13:44:42,453 [INFO]  Saved checkpoint to "./imputer_model/imputer_model_max_x_extension5/model-0002.params"
2023-11-08 13:44:42,453 [INFO]  Epoch[2] Validation-cross-entropy=3.668991
2023-11-08 13:44:42,453 [INFO]  Epoch[2] Validation-max_x_extension5-accuracy=0.000000
2023-11-08 13:44:42,459 [INFO]  Epoch[3] Batch [0-4]	Speed: 15493.22 samples/sec	cross-entropy=2.639879	max_x_extension5-accuracy=0.000000
2023-11-08 13:44:42,462 [INFO]  Epoch[3] Train-cross-entropy=2.065621
2023-11-08 13:44:42,462 [INFO]  Epoch[3] Train-max_x_extension5-accuracy=0.000000
2023-11-08 13:44:42,462 [INFO]  Epoch[3] Time cost=0.009
2023-11-08 13:44:42,463 [INFO]  Saved checkpoint to "./imputer_model/imputer_model_max_x_extension5/model-0003.params"
2023-11-08 13:44:42,464 [INFO]  Epoch[3] Validation-cross-entropy=5.084969
2023-11-08 13:44:42,464 [INFO]  Epoch[3] Validation-max_x_extension5-accuracy=0.000000
2023-11-08 13:44:42,471 [INFO]  Epoch[4] Batch [0-4]	Speed: 11772.97 samples/sec	cross-entropy=1.224564	max_x_extension5-accuracy=0.000000
2023-11-08 13:44:42,475 [INFO]  Epoch[4] Train-cross-entropy=0.924672
2023-11-08 13:44:42,475 [INFO]  Epoch[4] Train-max_x_extension5-accuracy=0.000000
2023-11-08 13:44:42,475 [INFO]  Epoch[4] Time cost=0.011
2023-11-08 13:44:42,478 [INFO]  Saved checkpoint to "./imputer_model/imputer_model_max_x_extension5/model-0004.params"
2023-11-08 13:44:42,479 [INFO]  Epoch[4] Validation-cross-entropy=4.442902
2023-11-08 13:44:42,479 [INFO]  Epoch[4] Validation-max_x_extension5-accuracy=0.000000
2023-11-08 13:44:42,479 [INFO]  
========== done (0.06711101531982422 s) fit model
2023-11-08 13:58:04,243 [INFO]  
========== start: fit model
2023-11-08 13:58:04,243 [WARNING]  Already bound, ignoring bind()
2023-11-08 13:58:04,250 [INFO]  Epoch[0] Batch [0-4]	Speed: 14197.68 samples/sec	cross-entropy=23.954387	max_x_extension5-accuracy=0.000000
2023-11-08 13:58:04,254 [INFO]  Epoch[0] Train-cross-entropy=19.073836
2023-11-08 13:58:04,254 [INFO]  Epoch[0] Train-max_x_extension5-accuracy=0.000000
2023-11-08 13:58:04,255 [INFO]  Epoch[0] Time cost=0.011
2023-11-08 13:58:04,258 [INFO]  Saved checkpoint to "./imputer_model/imputer_model_max_x_extension5/model-0000.params"
2023-11-08 13:58:04,259 [INFO]  Epoch[0] Validation-cross-entropy=9.991816
2023-11-08 13:58:04,259 [INFO]  Epoch[0] Validation-max_x_extension5-accuracy=0.000000
2023-11-08 13:58:04,267 [INFO]  Epoch[1] Batch [0-4]	Speed: 10450.65 samples/sec	cross-entropy=38.602991	max_x_extension5-accuracy=0.000000
2023-11-08 13:58:04,272 [INFO]  Epoch[1] Train-cross-entropy=41.716130
2023-11-08 13:58:04,273 [INFO]  Epoch[1] Train-max_x_extension5-accuracy=0.000000
2023-11-08 13:58:04,273 [INFO]  Epoch[1] Time cost=0.013
2023-11-08 13:58:04,275 [INFO]  Saved checkpoint to "./imputer_model/imputer_model_max_x_extension5/model-0001.params"
2023-11-08 13:58:04,276 [INFO]  Epoch[1] Validation-cross-entropy=9.738837
2023-11-08 13:58:04,276 [INFO]  Epoch[1] Validation-max_x_extension5-accuracy=0.000000
2023-11-08 13:58:04,283 [INFO]  Epoch[2] Batch [0-4]	Speed: 12311.29 samples/sec	cross-entropy=8.112946	max_x_extension5-accuracy=0.000000
2023-11-08 13:58:04,287 [INFO]  Epoch[2] Train-cross-entropy=9.479641
2023-11-08 13:58:04,287 [INFO]  Epoch[2] Train-max_x_extension5-accuracy=0.000000
2023-11-08 13:58:04,287 [INFO]  Epoch[2] Time cost=0.011
2023-11-08 13:58:04,289 [INFO]  Saved checkpoint to "./imputer_model/imputer_model_max_x_extension5/model-0002.params"
2023-11-08 13:58:04,289 [INFO]  Epoch[2] Validation-cross-entropy=6.436193
2023-11-08 13:58:04,289 [INFO]  Epoch[2] Validation-max_x_extension5-accuracy=0.000000
2023-11-08 13:58:04,295 [INFO]  Epoch[3] Batch [0-4]	Speed: 13788.55 samples/sec	cross-entropy=5.729698	max_x_extension5-accuracy=0.000000
2023-11-08 13:58:04,300 [INFO]  Epoch[3] Train-cross-entropy=5.256586
2023-11-08 13:58:04,300 [INFO]  Epoch[3] Train-max_x_extension5-accuracy=0.000000
2023-11-08 13:58:04,300 [INFO]  Epoch[3] Time cost=0.010
2023-11-08 13:58:04,302 [INFO]  Saved checkpoint to "./imputer_model/imputer_model_max_x_extension5/model-0003.params"
2023-11-08 13:58:04,303 [INFO]  Epoch[3] Validation-cross-entropy=3.501180
2023-11-08 13:58:04,303 [INFO]  Epoch[3] Validation-max_x_extension5-accuracy=0.000000
2023-11-08 13:58:04,310 [INFO]  Epoch[4] Batch [0-4]	Speed: 12410.90 samples/sec	cross-entropy=2.717768	max_x_extension5-accuracy=0.000000
2023-11-08 13:58:04,313 [INFO]  Epoch[4] Train-cross-entropy=2.380887
2023-11-08 13:58:04,314 [INFO]  Epoch[4] Train-max_x_extension5-accuracy=0.000000
2023-11-08 13:58:04,314 [INFO]  Epoch[4] Time cost=0.011
2023-11-08 13:58:04,316 [INFO]  Saved checkpoint to "./imputer_model/imputer_model_max_x_extension5/model-0004.params"
2023-11-08 13:58:04,316 [INFO]  Epoch[4] Validation-cross-entropy=2.624400
2023-11-08 13:58:04,316 [INFO]  Epoch[4] Validation-max_x_extension5-accuracy=0.000000
2023-11-08 13:58:04,316 [INFO]  
========== done (0.07368206977844238 s) fit model
2023-11-08 14:11:28,746 [INFO]  
========== start: fit model
2023-11-08 14:11:28,746 [WARNING]  Already bound, ignoring bind()
2023-11-08 14:11:28,753 [INFO]  Epoch[0] Batch [0-4]	Speed: 13998.51 samples/sec	cross-entropy=20.092581	max_x_extension5-accuracy=0.000000
2023-11-08 14:11:28,756 [INFO]  Epoch[0] Train-cross-entropy=22.146332
2023-11-08 14:11:28,756 [INFO]  Epoch[0] Train-max_x_extension5-accuracy=0.000000
2023-11-08 14:11:28,756 [INFO]  Epoch[0] Time cost=0.010
2023-11-08 14:11:28,757 [INFO]  Saved checkpoint to "./imputer_model/imputer_model_max_x_extension5/model-0000.params"
2023-11-08 14:11:28,758 [INFO]  Epoch[0] Validation-cross-entropy=12.718729
2023-11-08 14:11:28,758 [INFO]  Epoch[0] Validation-max_x_extension5-accuracy=0.000000
2023-11-08 14:11:28,764 [INFO]  Epoch[1] Batch [0-4]	Speed: 14923.86 samples/sec	cross-entropy=39.669275	max_x_extension5-accuracy=0.000000
2023-11-08 14:11:28,767 [INFO]  Epoch[1] Train-cross-entropy=44.937379
2023-11-08 14:11:28,767 [INFO]  Epoch[1] Train-max_x_extension5-accuracy=0.000000
2023-11-08 14:11:28,767 [INFO]  Epoch[1] Time cost=0.009
2023-11-08 14:11:28,768 [INFO]  Saved checkpoint to "./imputer_model/imputer_model_max_x_extension5/model-0001.params"
2023-11-08 14:11:28,769 [INFO]  Epoch[1] Validation-cross-entropy=18.943384
2023-11-08 14:11:28,769 [INFO]  Epoch[1] Validation-max_x_extension5-accuracy=0.000000
2023-11-08 14:11:28,775 [INFO]  Epoch[2] Batch [0-4]	Speed: 11466.21 samples/sec	cross-entropy=8.724687	max_x_extension5-accuracy=0.000000
2023-11-08 14:11:28,780 [INFO]  Epoch[2] Train-cross-entropy=11.814880
2023-11-08 14:11:28,780 [INFO]  Epoch[2] Train-max_x_extension5-accuracy=0.000000
2023-11-08 14:11:28,780 [INFO]  Epoch[2] Time cost=0.012
2023-11-08 14:11:28,783 [INFO]  Saved checkpoint to "./imputer_model/imputer_model_max_x_extension5/model-0002.params"
2023-11-08 14:11:28,784 [INFO]  Epoch[2] Validation-cross-entropy=3.440754
2023-11-08 14:11:28,785 [INFO]  Epoch[2] Validation-max_x_extension5-accuracy=0.000000
2023-11-08 14:11:28,791 [INFO]  Epoch[3] Batch [0-4]	Speed: 13147.00 samples/sec	cross-entropy=6.049095	max_x_extension5-accuracy=0.000000
2023-11-08 14:11:28,794 [INFO]  Epoch[3] Train-cross-entropy=5.029393
2023-11-08 14:11:28,794 [INFO]  Epoch[3] Train-max_x_extension5-accuracy=0.000000
2023-11-08 14:11:28,794 [INFO]  Epoch[3] Time cost=0.010
2023-11-08 14:11:28,796 [INFO]  Saved checkpoint to "./imputer_model/imputer_model_max_x_extension5/model-0003.params"
2023-11-08 14:11:28,796 [INFO]  Epoch[3] Validation-cross-entropy=5.826077
2023-11-08 14:11:28,797 [INFO]  Epoch[3] Validation-max_x_extension5-accuracy=0.000000
2023-11-08 14:11:28,802 [INFO]  Epoch[4] Batch [0-4]	Speed: 16272.76 samples/sec	cross-entropy=2.740525	max_x_extension5-accuracy=0.000000
2023-11-08 14:11:28,805 [INFO]  Epoch[4] Train-cross-entropy=2.481848
2023-11-08 14:11:28,805 [INFO]  Epoch[4] Train-max_x_extension5-accuracy=0.000000
2023-11-08 14:11:28,805 [INFO]  Epoch[4] Time cost=0.008
2023-11-08 14:11:28,806 [INFO]  Saved checkpoint to "./imputer_model/imputer_model_max_x_extension5/model-0004.params"
2023-11-08 14:11:28,807 [INFO]  Epoch[4] Validation-cross-entropy=5.805232
2023-11-08 14:11:28,807 [INFO]  Epoch[4] Validation-max_x_extension5-accuracy=0.000000
2023-11-08 14:11:28,807 [INFO]  
========== done (0.06114530563354492 s) fit model
2023-11-08 14:25:01,514 [INFO]  
========== start: fit model
2023-11-08 14:25:01,515 [WARNING]  Already bound, ignoring bind()
2023-11-08 14:25:01,522 [INFO]  Epoch[0] Batch [0-4]	Speed: 13981.74 samples/sec	cross-entropy=26.132697	max_x_extension5-accuracy=3.400000
2023-11-08 14:25:01,526 [INFO]  Epoch[0] Train-cross-entropy=25.988782
2023-11-08 14:25:01,526 [INFO]  Epoch[0] Train-max_x_extension5-accuracy=3.125000
2023-11-08 14:25:01,526 [INFO]  Epoch[0] Time cost=0.011
2023-11-08 14:25:01,529 [INFO]  Saved checkpoint to "./imputer_model/imputer_model_max_x_extension5/model-0000.params"
2023-11-08 14:25:01,530 [INFO]  Epoch[0] Validation-cross-entropy=164.181671
2023-11-08 14:25:01,530 [INFO]  Epoch[0] Validation-max_x_extension5-accuracy=0.000000
2023-11-08 14:25:01,537 [INFO]  Epoch[1] Batch [0-4]	Speed: 12422.39 samples/sec	cross-entropy=39.393306	max_x_extension5-accuracy=3.400000
2023-11-08 14:25:01,542 [INFO]  Epoch[1] Train-cross-entropy=32.950878
2023-11-08 14:25:01,542 [INFO]  Epoch[1] Train-max_x_extension5-accuracy=3.125000
2023-11-08 14:25:01,542 [INFO]  Epoch[1] Time cost=0.011
2023-11-08 14:25:01,544 [INFO]  Saved checkpoint to "./imputer_model/imputer_model_max_x_extension5/model-0001.params"
2023-11-08 14:25:01,545 [INFO]  Epoch[1] Validation-cross-entropy=165.684723
2023-11-08 14:25:01,545 [INFO]  Epoch[1] Validation-max_x_extension5-accuracy=0.000000
2023-11-08 14:25:01,551 [INFO]  Epoch[2] Batch [0-4]	Speed: 11738.99 samples/sec	cross-entropy=12.695577	max_x_extension5-accuracy=3.400000
2023-11-08 14:25:01,556 [INFO]  Epoch[2] Train-cross-entropy=10.338111
2023-11-08 14:25:01,556 [INFO]  Epoch[2] Train-max_x_extension5-accuracy=3.125000
2023-11-08 14:25:01,556 [INFO]  Epoch[2] Time cost=0.012
2023-11-08 14:25:01,560 [INFO]  Saved checkpoint to "./imputer_model/imputer_model_max_x_extension5/model-0002.params"
2023-11-08 14:25:01,561 [INFO]  Epoch[2] Validation-cross-entropy=160.957077
2023-11-08 14:25:01,561 [INFO]  Epoch[2] Validation-max_x_extension5-accuracy=0.000000
2023-11-08 14:25:01,568 [INFO]  Epoch[3] Batch [0-4]	Speed: 12818.04 samples/sec	cross-entropy=5.654421	max_x_extension5-accuracy=3.400000
2023-11-08 14:25:01,571 [INFO]  Epoch[3] Train-cross-entropy=8.207016
2023-11-08 14:25:01,571 [INFO]  Epoch[3] Train-max_x_extension5-accuracy=3.125000
2023-11-08 14:25:01,571 [INFO]  Epoch[3] Time cost=0.010
2023-11-08 14:25:01,573 [INFO]  Saved checkpoint to "./imputer_model/imputer_model_max_x_extension5/model-0003.params"
2023-11-08 14:25:01,574 [INFO]  Epoch[3] Validation-cross-entropy=154.340729
2023-11-08 14:25:01,574 [INFO]  Epoch[3] Validation-max_x_extension5-accuracy=0.000000
2023-11-08 14:25:01,579 [INFO]  Epoch[4] Batch [0-4]	Speed: 14990.53 samples/sec	cross-entropy=2.249566	max_x_extension5-accuracy=3.400000
2023-11-08 14:25:01,582 [INFO]  Epoch[4] Train-cross-entropy=3.518561
2023-11-08 14:25:01,583 [INFO]  Epoch[4] Train-max_x_extension5-accuracy=3.125000
2023-11-08 14:25:01,583 [INFO]  Epoch[4] Time cost=0.009
2023-11-08 14:25:01,584 [INFO]  Saved checkpoint to "./imputer_model/imputer_model_max_x_extension5/model-0004.params"
2023-11-08 14:25:01,585 [INFO]  Epoch[4] Validation-cross-entropy=154.751389
2023-11-08 14:25:01,585 [INFO]  Epoch[4] Validation-max_x_extension5-accuracy=0.000000
2023-11-08 14:25:01,585 [INFO]  
========== done (0.0702965259552002 s) fit model
2023-11-08 14:38:56,143 [INFO]  
========== start: fit model
2023-11-08 14:38:56,143 [WARNING]  Already bound, ignoring bind()
2023-11-08 14:38:56,152 [INFO]  Epoch[0] Batch [0-4]	Speed: 12097.68 samples/sec	cross-entropy=27.115792	max_x_extension5-accuracy=0.000000
2023-11-08 14:38:56,156 [INFO]  Epoch[0] Train-cross-entropy=20.672210
2023-11-08 14:38:56,156 [INFO]  Epoch[0] Train-max_x_extension5-accuracy=0.000000
2023-11-08 14:38:56,156 [INFO]  Epoch[0] Time cost=0.012
2023-11-08 14:38:56,157 [INFO]  Saved checkpoint to "./imputer_model/imputer_model_max_x_extension5/model-0000.params"
2023-11-08 14:38:56,158 [INFO]  Epoch[0] Validation-cross-entropy=78.521385
2023-11-08 14:38:56,158 [INFO]  Epoch[0] Validation-max_x_extension5-accuracy=0.000000
2023-11-08 14:38:56,164 [INFO]  Epoch[1] Batch [0-4]	Speed: 14347.93 samples/sec	cross-entropy=30.095808	max_x_extension5-accuracy=0.000000
2023-11-08 14:38:56,167 [INFO]  Epoch[1] Train-cross-entropy=22.166629
2023-11-08 14:38:56,167 [INFO]  Epoch[1] Train-max_x_extension5-accuracy=0.000000
2023-11-08 14:38:56,167 [INFO]  Epoch[1] Time cost=0.009
2023-11-08 14:38:56,168 [INFO]  Saved checkpoint to "./imputer_model/imputer_model_max_x_extension5/model-0001.params"
2023-11-08 14:38:56,169 [INFO]  Epoch[1] Validation-cross-entropy=43.507259
2023-11-08 14:38:56,169 [INFO]  Epoch[1] Validation-max_x_extension5-accuracy=0.000000
2023-11-08 14:38:56,174 [INFO]  Epoch[2] Batch [0-4]	Speed: 19749.52 samples/sec	cross-entropy=3.445195	max_x_extension5-accuracy=0.000000
2023-11-08 14:38:56,176 [INFO]  Epoch[2] Train-cross-entropy=3.382565
2023-11-08 14:38:56,176 [INFO]  Epoch[2] Train-max_x_extension5-accuracy=0.000000
2023-11-08 14:38:56,176 [INFO]  Epoch[2] Time cost=0.007
2023-11-08 14:38:56,177 [INFO]  Saved checkpoint to "./imputer_model/imputer_model_max_x_extension5/model-0002.params"
2023-11-08 14:38:56,178 [INFO]  Epoch[2] Validation-cross-entropy=48.462826
2023-11-08 14:38:56,178 [INFO]  Epoch[2] Validation-max_x_extension5-accuracy=0.000000
2023-11-08 14:38:56,182 [INFO]  Epoch[3] Batch [0-4]	Speed: 21566.28 samples/sec	cross-entropy=2.156346	max_x_extension5-accuracy=0.000000
2023-11-08 14:38:56,184 [INFO]  Epoch[3] Train-cross-entropy=1.831578
2023-11-08 14:38:56,184 [INFO]  Epoch[3] Train-max_x_extension5-accuracy=0.000000
2023-11-08 14:38:56,184 [INFO]  Epoch[3] Time cost=0.006
2023-11-08 14:38:56,185 [INFO]  Saved checkpoint to "./imputer_model/imputer_model_max_x_extension5/model-0003.params"
2023-11-08 14:38:56,186 [INFO]  Epoch[3] Validation-cross-entropy=44.804832
2023-11-08 14:38:56,186 [INFO]  Epoch[3] Validation-max_x_extension5-accuracy=0.000000
2023-11-08 14:38:56,192 [INFO]  Epoch[4] Batch [0-4]	Speed: 11266.49 samples/sec	cross-entropy=0.833013	max_x_extension5-accuracy=0.000000
2023-11-08 14:38:56,197 [INFO]  Epoch[4] Train-cross-entropy=0.678262
2023-11-08 14:38:56,197 [INFO]  Epoch[4] Train-max_x_extension5-accuracy=0.000000
2023-11-08 14:38:56,197 [INFO]  Epoch[4] Time cost=0.012
2023-11-08 14:38:56,201 [INFO]  Saved checkpoint to "./imputer_model/imputer_model_max_x_extension5/model-0004.params"
2023-11-08 14:38:56,202 [INFO]  Epoch[4] Validation-cross-entropy=46.717434
2023-11-08 14:38:56,202 [INFO]  Epoch[4] Validation-max_x_extension5-accuracy=0.000000
2023-11-08 14:38:56,202 [INFO]  
========== done (0.058689117431640625 s) fit model
2023-11-08 14:53:01,082 [INFO]  
========== start: fit model
2023-11-08 14:53:01,082 [WARNING]  Already bound, ignoring bind()
2023-11-08 14:53:01,093 [INFO]  Epoch[0] Batch [0-4]	Speed: 7157.52 samples/sec	cross-entropy=17.967541	max_x_extension5-accuracy=3.200000
2023-11-08 14:53:01,098 [INFO]  Epoch[0] Train-cross-entropy=23.252501
2023-11-08 14:53:01,098 [INFO]  Epoch[0] Train-max_x_extension5-accuracy=3.500000
2023-11-08 14:53:01,098 [INFO]  Epoch[0] Time cost=0.016
2023-11-08 14:53:01,102 [INFO]  Saved checkpoint to "./imputer_model/imputer_model_max_x_extension5/model-0000.params"
2023-11-08 14:53:01,103 [INFO]  Epoch[0] Validation-cross-entropy=17.646322
2023-11-08 14:53:01,103 [INFO]  Epoch[0] Validation-max_x_extension5-accuracy=0.000000
2023-11-08 14:53:01,110 [INFO]  Epoch[1] Batch [0-4]	Speed: 11823.79 samples/sec	cross-entropy=47.028290	max_x_extension5-accuracy=3.200000
2023-11-08 14:53:01,114 [INFO]  Epoch[1] Train-cross-entropy=37.507584
2023-11-08 14:53:01,114 [INFO]  Epoch[1] Train-max_x_extension5-accuracy=3.500000
2023-11-08 14:53:01,115 [INFO]  Epoch[1] Time cost=0.012
2023-11-08 14:53:01,117 [INFO]  Saved checkpoint to "./imputer_model/imputer_model_max_x_extension5/model-0001.params"
2023-11-08 14:53:01,118 [INFO]  Epoch[1] Validation-cross-entropy=6.306673
2023-11-08 14:53:01,118 [INFO]  Epoch[1] Validation-max_x_extension5-accuracy=0.000000
2023-11-08 14:53:01,124 [INFO]  Epoch[2] Batch [0-4]	Speed: 14100.72 samples/sec	cross-entropy=16.857542	max_x_extension5-accuracy=3.200000
2023-11-08 14:53:01,127 [INFO]  Epoch[2] Train-cross-entropy=11.760209
2023-11-08 14:53:01,127 [INFO]  Epoch[2] Train-max_x_extension5-accuracy=3.500000
2023-11-08 14:53:01,127 [INFO]  Epoch[2] Time cost=0.009
2023-11-08 14:53:01,129 [INFO]  Saved checkpoint to "./imputer_model/imputer_model_max_x_extension5/model-0002.params"
2023-11-08 14:53:01,129 [INFO]  Epoch[2] Validation-cross-entropy=9.692477
2023-11-08 14:53:01,129 [INFO]  Epoch[2] Validation-max_x_extension5-accuracy=0.000000
2023-11-08 14:53:01,135 [INFO]  Epoch[3] Batch [0-4]	Speed: 14707.18 samples/sec	cross-entropy=5.434014	max_x_extension5-accuracy=3.200000
2023-11-08 14:53:01,138 [INFO]  Epoch[3] Train-cross-entropy=3.978513
2023-11-08 14:53:01,138 [INFO]  Epoch[3] Train-max_x_extension5-accuracy=3.500000
2023-11-08 14:53:01,138 [INFO]  Epoch[3] Time cost=0.009
2023-11-08 14:53:01,140 [INFO]  Saved checkpoint to "./imputer_model/imputer_model_max_x_extension5/model-0003.params"
2023-11-08 14:53:01,141 [INFO]  Epoch[3] Validation-cross-entropy=7.578943
2023-11-08 14:53:01,141 [INFO]  Epoch[3] Validation-max_x_extension5-accuracy=0.000000
2023-11-08 14:53:01,147 [INFO]  Epoch[4] Batch [0-4]	Speed: 13503.47 samples/sec	cross-entropy=1.989306	max_x_extension5-accuracy=3.200000
2023-11-08 14:53:01,150 [INFO]  Epoch[4] Train-cross-entropy=1.611603
2023-11-08 14:53:01,150 [INFO]  Epoch[4] Train-max_x_extension5-accuracy=3.500000
2023-11-08 14:53:01,150 [INFO]  Epoch[4] Time cost=0.010
2023-11-08 14:53:01,152 [INFO]  Saved checkpoint to "./imputer_model/imputer_model_max_x_extension5/model-0004.params"
2023-11-08 14:53:01,152 [INFO]  Epoch[4] Validation-cross-entropy=7.769349
2023-11-08 14:53:01,152 [INFO]  Epoch[4] Validation-max_x_extension5-accuracy=0.000000
2023-11-08 14:53:01,152 [INFO]  
========== done (0.07085204124450684 s) fit model
