2023-11-08 12:35:01,080 [INFO]  
========== start: fit model
2023-11-08 12:35:01,086 [WARNING]  Already bound, ignoring bind()
2023-11-08 12:35:01,134 [INFO]  Epoch[0] Batch [0-4]	Speed: 11705.71 samples/sec	cross-entropy=24.621378	mean_speed_on_paper7-accuracy=0.000000
2023-11-08 12:35:01,139 [INFO]  Epoch[0] Train-cross-entropy=24.851099
2023-11-08 12:35:01,139 [INFO]  Epoch[0] Train-mean_speed_on_paper7-accuracy=0.000000
2023-11-08 12:35:01,139 [INFO]  Epoch[0] Time cost=0.052
2023-11-08 12:35:01,143 [INFO]  Saved checkpoint to "./imputer_model/imputer_model_mean_speed_on_paper7/model-0000.params"
2023-11-08 12:35:01,143 [INFO]  Epoch[0] Validation-cross-entropy=38.624382
2023-11-08 12:35:01,144 [INFO]  Epoch[0] Validation-mean_speed_on_paper7-accuracy=0.000000
2023-11-08 12:35:01,173 [INFO]  Epoch[1] Batch [0-4]	Speed: 3686.90 samples/sec	cross-entropy=41.160291	mean_speed_on_paper7-accuracy=0.000000
2023-11-08 12:35:01,227 [INFO]  Epoch[1] Train-cross-entropy=32.184521
2023-11-08 12:35:01,227 [INFO]  Epoch[1] Train-mean_speed_on_paper7-accuracy=0.000000
2023-11-08 12:35:01,227 [INFO]  Epoch[1] Time cost=0.083
2023-11-08 12:35:01,229 [INFO]  Saved checkpoint to "./imputer_model/imputer_model_mean_speed_on_paper7/model-0001.params"
2023-11-08 12:35:01,230 [INFO]  Epoch[1] Validation-cross-entropy=19.911373
2023-11-08 12:35:01,230 [INFO]  Epoch[1] Validation-mean_speed_on_paper7-accuracy=0.000000
2023-11-08 12:35:01,244 [INFO]  Epoch[2] Batch [0-4]	Speed: 7978.70 samples/sec	cross-entropy=6.751042	mean_speed_on_paper7-accuracy=0.000000
2023-11-08 12:35:01,260 [INFO]  Epoch[2] Train-cross-entropy=5.805036
2023-11-08 12:35:01,260 [INFO]  Epoch[2] Train-mean_speed_on_paper7-accuracy=0.000000
2023-11-08 12:35:01,261 [INFO]  Epoch[2] Time cost=0.030
2023-11-08 12:35:01,264 [INFO]  Saved checkpoint to "./imputer_model/imputer_model_mean_speed_on_paper7/model-0002.params"
2023-11-08 12:35:01,265 [INFO]  Epoch[2] Validation-cross-entropy=6.006890
2023-11-08 12:35:01,265 [INFO]  Epoch[2] Validation-mean_speed_on_paper7-accuracy=0.000000
2023-11-08 12:35:01,326 [INFO]  Epoch[3] Batch [0-4]	Speed: 1303.38 samples/sec	cross-entropy=3.718322	mean_speed_on_paper7-accuracy=0.000000
2023-11-08 12:35:01,337 [INFO]  Epoch[3] Train-cross-entropy=2.951019
2023-11-08 12:35:01,337 [INFO]  Epoch[3] Train-mean_speed_on_paper7-accuracy=0.000000
2023-11-08 12:35:01,337 [INFO]  Epoch[3] Time cost=0.072
2023-11-08 12:35:01,339 [INFO]  Saved checkpoint to "./imputer_model/imputer_model_mean_speed_on_paper7/model-0003.params"
2023-11-08 12:35:01,340 [INFO]  Epoch[3] Validation-cross-entropy=9.789639
2023-11-08 12:35:01,340 [INFO]  Epoch[3] Validation-mean_speed_on_paper7-accuracy=0.000000
2023-11-08 12:35:01,345 [INFO]  Epoch[4] Batch [0-4]	Speed: 17159.00 samples/sec	cross-entropy=1.271575	mean_speed_on_paper7-accuracy=0.000000
2023-11-08 12:35:01,348 [INFO]  Epoch[4] Train-cross-entropy=0.982941
2023-11-08 12:35:01,348 [INFO]  Epoch[4] Train-mean_speed_on_paper7-accuracy=0.000000
2023-11-08 12:35:01,348 [INFO]  Epoch[4] Time cost=0.008
2023-11-08 12:35:01,350 [INFO]  Saved checkpoint to "./imputer_model/imputer_model_mean_speed_on_paper7/model-0004.params"
2023-11-08 12:35:01,351 [INFO]  Epoch[4] Validation-cross-entropy=8.360195
2023-11-08 12:35:01,351 [INFO]  Epoch[4] Validation-mean_speed_on_paper7-accuracy=0.000000
2023-11-08 12:35:01,351 [INFO]  
========== done (0.27042126655578613 s) fit model
2023-11-08 13:05:14,944 [INFO]  
========== start: fit model
2023-11-08 13:05:14,962 [WARNING]  Already bound, ignoring bind()
2023-11-08 13:05:14,971 [INFO]  Epoch[0] Batch [0-4]	Speed: 12959.76 samples/sec	cross-entropy=19.038964	mean_speed_on_paper7-accuracy=0.000000
2023-11-08 13:05:14,975 [INFO]  Epoch[0] Train-cross-entropy=18.655025
2023-11-08 13:05:14,975 [INFO]  Epoch[0] Train-mean_speed_on_paper7-accuracy=0.000000
2023-11-08 13:05:14,975 [INFO]  Epoch[0] Time cost=0.012
2023-11-08 13:05:14,976 [INFO]  Saved checkpoint to "./imputer_model/imputer_model_mean_speed_on_paper7/model-0000.params"
2023-11-08 13:05:14,977 [INFO]  Epoch[0] Validation-cross-entropy=15.792008
2023-11-08 13:05:14,977 [INFO]  Epoch[0] Validation-mean_speed_on_paper7-accuracy=0.000000
2023-11-08 13:05:14,985 [INFO]  Epoch[1] Batch [0-4]	Speed: 9799.06 samples/sec	cross-entropy=26.219148	mean_speed_on_paper7-accuracy=0.000000
2023-11-08 13:05:14,990 [INFO]  Epoch[1] Train-cross-entropy=22.658612
2023-11-08 13:05:14,991 [INFO]  Epoch[1] Train-mean_speed_on_paper7-accuracy=0.000000
2023-11-08 13:05:14,991 [INFO]  Epoch[1] Time cost=0.013
2023-11-08 13:05:14,994 [INFO]  Saved checkpoint to "./imputer_model/imputer_model_mean_speed_on_paper7/model-0001.params"
2023-11-08 13:05:14,995 [INFO]  Epoch[1] Validation-cross-entropy=18.200521
2023-11-08 13:05:14,995 [INFO]  Epoch[1] Validation-mean_speed_on_paper7-accuracy=0.000000
2023-11-08 13:05:15,002 [INFO]  Epoch[2] Batch [0-4]	Speed: 12206.61 samples/sec	cross-entropy=2.819380	mean_speed_on_paper7-accuracy=0.000000
2023-11-08 13:05:15,006 [INFO]  Epoch[2] Train-cross-entropy=2.667897
2023-11-08 13:05:15,006 [INFO]  Epoch[2] Train-mean_speed_on_paper7-accuracy=0.000000
2023-11-08 13:05:15,006 [INFO]  Epoch[2] Time cost=0.011
2023-11-08 13:05:15,008 [INFO]  Saved checkpoint to "./imputer_model/imputer_model_mean_speed_on_paper7/model-0002.params"
2023-11-08 13:05:15,009 [INFO]  Epoch[2] Validation-cross-entropy=13.113180
2023-11-08 13:05:15,009 [INFO]  Epoch[2] Validation-mean_speed_on_paper7-accuracy=0.000000
2023-11-08 13:05:15,015 [INFO]  Epoch[3] Batch [0-4]	Speed: 13546.40 samples/sec	cross-entropy=2.599811	mean_speed_on_paper7-accuracy=0.000000
2023-11-08 13:05:15,019 [INFO]  Epoch[3] Train-cross-entropy=2.484170
2023-11-08 13:05:15,019 [INFO]  Epoch[3] Train-mean_speed_on_paper7-accuracy=0.000000
2023-11-08 13:05:15,019 [INFO]  Epoch[3] Time cost=0.010
2023-11-08 13:05:15,022 [INFO]  Saved checkpoint to "./imputer_model/imputer_model_mean_speed_on_paper7/model-0003.params"
2023-11-08 13:05:15,023 [INFO]  Epoch[3] Validation-cross-entropy=18.119450
2023-11-08 13:05:15,023 [INFO]  Epoch[3] Validation-mean_speed_on_paper7-accuracy=0.000000
2023-11-08 13:05:15,030 [INFO]  Epoch[4] Batch [0-4]	Speed: 11618.07 samples/sec	cross-entropy=0.830134	mean_speed_on_paper7-accuracy=0.000000
2023-11-08 13:05:15,034 [INFO]  Epoch[4] Train-cross-entropy=0.730368
2023-11-08 13:05:15,034 [INFO]  Epoch[4] Train-mean_speed_on_paper7-accuracy=0.000000
2023-11-08 13:05:15,034 [INFO]  Epoch[4] Time cost=0.011
2023-11-08 13:05:15,036 [INFO]  Saved checkpoint to "./imputer_model/imputer_model_mean_speed_on_paper7/model-0004.params"
2023-11-08 13:05:15,037 [INFO]  Epoch[4] Validation-cross-entropy=14.545495
2023-11-08 13:05:15,037 [INFO]  Epoch[4] Validation-mean_speed_on_paper7-accuracy=0.000000
2023-11-08 13:05:15,037 [INFO]  
========== done (0.09271621704101562 s) fit model
2023-11-08 13:18:41,634 [INFO]  
========== start: fit model
2023-11-08 13:18:41,634 [WARNING]  Already bound, ignoring bind()
2023-11-08 13:18:41,641 [INFO]  Epoch[0] Batch [0-4]	Speed: 13875.50 samples/sec	cross-entropy=20.498905	mean_speed_on_paper7-accuracy=0.000000
2023-11-08 13:18:41,645 [INFO]  Epoch[0] Train-cross-entropy=23.529750
2023-11-08 13:18:41,645 [INFO]  Epoch[0] Train-mean_speed_on_paper7-accuracy=0.000000
2023-11-08 13:18:41,645 [INFO]  Epoch[0] Time cost=0.010
2023-11-08 13:18:41,646 [INFO]  Saved checkpoint to "./imputer_model/imputer_model_mean_speed_on_paper7/model-0000.params"
2023-11-08 13:18:41,647 [INFO]  Epoch[0] Validation-cross-entropy=4.339045
2023-11-08 13:18:41,647 [INFO]  Epoch[0] Validation-mean_speed_on_paper7-accuracy=0.000000
2023-11-08 13:18:41,654 [INFO]  Epoch[1] Batch [0-4]	Speed: 10557.52 samples/sec	cross-entropy=19.128640	mean_speed_on_paper7-accuracy=0.000000
2023-11-08 13:18:41,659 [INFO]  Epoch[1] Train-cross-entropy=19.906455
2023-11-08 13:18:41,660 [INFO]  Epoch[1] Train-mean_speed_on_paper7-accuracy=0.000000
2023-11-08 13:18:41,660 [INFO]  Epoch[1] Time cost=0.013
2023-11-08 13:18:41,663 [INFO]  Saved checkpoint to "./imputer_model/imputer_model_mean_speed_on_paper7/model-0001.params"
2023-11-08 13:18:41,664 [INFO]  Epoch[1] Validation-cross-entropy=3.461625
2023-11-08 13:18:41,664 [INFO]  Epoch[1] Validation-mean_speed_on_paper7-accuracy=0.000000
2023-11-08 13:18:41,671 [INFO]  Epoch[2] Batch [0-4]	Speed: 12316.94 samples/sec	cross-entropy=2.545034	mean_speed_on_paper7-accuracy=0.000000
2023-11-08 13:18:41,675 [INFO]  Epoch[2] Train-cross-entropy=2.661776
2023-11-08 13:18:41,675 [INFO]  Epoch[2] Train-mean_speed_on_paper7-accuracy=0.000000
2023-11-08 13:18:41,675 [INFO]  Epoch[2] Time cost=0.011
2023-11-08 13:18:41,677 [INFO]  Saved checkpoint to "./imputer_model/imputer_model_mean_speed_on_paper7/model-0002.params"
2023-11-08 13:18:41,678 [INFO]  Epoch[2] Validation-cross-entropy=7.922376
2023-11-08 13:18:41,678 [INFO]  Epoch[2] Validation-mean_speed_on_paper7-accuracy=0.000000
2023-11-08 13:18:41,684 [INFO]  Epoch[3] Batch [0-4]	Speed: 13120.65 samples/sec	cross-entropy=2.494080	mean_speed_on_paper7-accuracy=0.000000
2023-11-08 13:18:41,688 [INFO]  Epoch[3] Train-cross-entropy=1.987094
2023-11-08 13:18:41,688 [INFO]  Epoch[3] Train-mean_speed_on_paper7-accuracy=0.000000
2023-11-08 13:18:41,688 [INFO]  Epoch[3] Time cost=0.010
2023-11-08 13:18:41,689 [INFO]  Saved checkpoint to "./imputer_model/imputer_model_mean_speed_on_paper7/model-0003.params"
2023-11-08 13:18:41,690 [INFO]  Epoch[3] Validation-cross-entropy=4.880336
2023-11-08 13:18:41,690 [INFO]  Epoch[3] Validation-mean_speed_on_paper7-accuracy=0.000000
2023-11-08 13:18:41,696 [INFO]  Epoch[4] Batch [0-4]	Speed: 14111.10 samples/sec	cross-entropy=0.846297	mean_speed_on_paper7-accuracy=0.000000
2023-11-08 13:18:41,699 [INFO]  Epoch[4] Train-cross-entropy=0.732863
2023-11-08 13:18:41,699 [INFO]  Epoch[4] Train-mean_speed_on_paper7-accuracy=0.000000
2023-11-08 13:18:41,699 [INFO]  Epoch[4] Time cost=0.009
2023-11-08 13:18:41,700 [INFO]  Saved checkpoint to "./imputer_model/imputer_model_mean_speed_on_paper7/model-0004.params"
2023-11-08 13:18:41,701 [INFO]  Epoch[4] Validation-cross-entropy=3.096583
2023-11-08 13:18:41,701 [INFO]  Epoch[4] Validation-mean_speed_on_paper7-accuracy=0.000000
2023-11-08 13:18:41,701 [INFO]  
========== done (0.06700801849365234 s) fit model
2023-11-08 13:32:02,106 [INFO]  
========== start: fit model
2023-11-08 13:32:02,106 [WARNING]  Already bound, ignoring bind()
2023-11-08 13:32:02,113 [INFO]  Epoch[0] Batch [0-4]	Speed: 14175.18 samples/sec	cross-entropy=22.925523	mean_speed_on_paper7-accuracy=0.000000
2023-11-08 13:32:02,116 [INFO]  Epoch[0] Train-cross-entropy=23.730613
2023-11-08 13:32:02,116 [INFO]  Epoch[0] Train-mean_speed_on_paper7-accuracy=0.000000
2023-11-08 13:32:02,116 [INFO]  Epoch[0] Time cost=0.010
2023-11-08 13:32:02,118 [INFO]  Saved checkpoint to "./imputer_model/imputer_model_mean_speed_on_paper7/model-0000.params"
2023-11-08 13:32:02,118 [INFO]  Epoch[0] Validation-cross-entropy=15.061923
2023-11-08 13:32:02,118 [INFO]  Epoch[0] Validation-mean_speed_on_paper7-accuracy=0.000000
2023-11-08 13:32:02,124 [INFO]  Epoch[1] Batch [0-4]	Speed: 12885.11 samples/sec	cross-entropy=46.757948	mean_speed_on_paper7-accuracy=0.000000
2023-11-08 13:32:02,130 [INFO]  Epoch[1] Train-cross-entropy=44.694683
2023-11-08 13:32:02,130 [INFO]  Epoch[1] Train-mean_speed_on_paper7-accuracy=0.000000
2023-11-08 13:32:02,130 [INFO]  Epoch[1] Time cost=0.012
2023-11-08 13:32:02,134 [INFO]  Saved checkpoint to "./imputer_model/imputer_model_mean_speed_on_paper7/model-0001.params"
2023-11-08 13:32:02,135 [INFO]  Epoch[1] Validation-cross-entropy=30.831917
2023-11-08 13:32:02,135 [INFO]  Epoch[1] Validation-mean_speed_on_paper7-accuracy=0.000000
2023-11-08 13:32:02,140 [INFO]  Epoch[2] Batch [0-4]	Speed: 16627.57 samples/sec	cross-entropy=7.556455	mean_speed_on_paper7-accuracy=0.000000
2023-11-08 13:32:02,143 [INFO]  Epoch[2] Train-cross-entropy=7.982042
2023-11-08 13:32:02,143 [INFO]  Epoch[2] Train-mean_speed_on_paper7-accuracy=0.000000
2023-11-08 13:32:02,143 [INFO]  Epoch[2] Time cost=0.008
2023-11-08 13:32:02,145 [INFO]  Saved checkpoint to "./imputer_model/imputer_model_mean_speed_on_paper7/model-0002.params"
2023-11-08 13:32:02,146 [INFO]  Epoch[2] Validation-cross-entropy=23.536587
2023-11-08 13:32:02,146 [INFO]  Epoch[2] Validation-mean_speed_on_paper7-accuracy=0.000000
2023-11-08 13:32:02,150 [INFO]  Epoch[3] Batch [0-4]	Speed: 19234.41 samples/sec	cross-entropy=4.334764	mean_speed_on_paper7-accuracy=0.000000
2023-11-08 13:32:02,153 [INFO]  Epoch[3] Train-cross-entropy=3.738113
2023-11-08 13:32:02,153 [INFO]  Epoch[3] Train-mean_speed_on_paper7-accuracy=0.000000
2023-11-08 13:32:02,153 [INFO]  Epoch[3] Time cost=0.007
2023-11-08 13:32:02,154 [INFO]  Saved checkpoint to "./imputer_model/imputer_model_mean_speed_on_paper7/model-0003.params"
2023-11-08 13:32:02,155 [INFO]  Epoch[3] Validation-cross-entropy=29.159147
2023-11-08 13:32:02,155 [INFO]  Epoch[3] Validation-mean_speed_on_paper7-accuracy=0.000000
2023-11-08 13:32:02,160 [INFO]  Epoch[4] Batch [0-4]	Speed: 17389.09 samples/sec	cross-entropy=1.810913	mean_speed_on_paper7-accuracy=0.000000
2023-11-08 13:32:02,163 [INFO]  Epoch[4] Train-cross-entropy=1.593923
2023-11-08 13:32:02,163 [INFO]  Epoch[4] Train-mean_speed_on_paper7-accuracy=0.000000
2023-11-08 13:32:02,163 [INFO]  Epoch[4] Time cost=0.008
2023-11-08 13:32:02,164 [INFO]  Saved checkpoint to "./imputer_model/imputer_model_mean_speed_on_paper7/model-0004.params"
2023-11-08 13:32:02,165 [INFO]  Epoch[4] Validation-cross-entropy=25.460537
2023-11-08 13:32:02,165 [INFO]  Epoch[4] Validation-mean_speed_on_paper7-accuracy=0.000000
2023-11-08 13:32:02,165 [INFO]  
========== done (0.05890154838562012 s) fit model
2023-11-08 13:45:22,005 [INFO]  
========== start: fit model
2023-11-08 13:45:22,005 [WARNING]  Already bound, ignoring bind()
2023-11-08 13:45:22,013 [INFO]  Epoch[0] Batch [0-4]	Speed: 14140.09 samples/sec	cross-entropy=15.985534	mean_speed_on_paper7-accuracy=0.000000
2023-11-08 13:45:22,016 [INFO]  Epoch[0] Train-cross-entropy=18.459484
2023-11-08 13:45:22,016 [INFO]  Epoch[0] Train-mean_speed_on_paper7-accuracy=0.000000
2023-11-08 13:45:22,016 [INFO]  Epoch[0] Time cost=0.011
2023-11-08 13:45:22,018 [INFO]  Saved checkpoint to "./imputer_model/imputer_model_mean_speed_on_paper7/model-0000.params"
2023-11-08 13:45:22,018 [INFO]  Epoch[0] Validation-cross-entropy=24.325443
2023-11-08 13:45:22,018 [INFO]  Epoch[0] Validation-mean_speed_on_paper7-accuracy=0.000000
2023-11-08 13:45:22,024 [INFO]  Epoch[1] Batch [0-4]	Speed: 13480.41 samples/sec	cross-entropy=51.116367	mean_speed_on_paper7-accuracy=0.000000
2023-11-08 13:45:22,029 [INFO]  Epoch[1] Train-cross-entropy=39.076043
2023-11-08 13:45:22,029 [INFO]  Epoch[1] Train-mean_speed_on_paper7-accuracy=0.000000
2023-11-08 13:45:22,030 [INFO]  Epoch[1] Time cost=0.011
2023-11-08 13:45:22,033 [INFO]  Saved checkpoint to "./imputer_model/imputer_model_mean_speed_on_paper7/model-0001.params"
2023-11-08 13:45:22,034 [INFO]  Epoch[1] Validation-cross-entropy=13.988208
2023-11-08 13:45:22,034 [INFO]  Epoch[1] Validation-mean_speed_on_paper7-accuracy=0.000000
2023-11-08 13:45:22,042 [INFO]  Epoch[2] Batch [0-4]	Speed: 11394.18 samples/sec	cross-entropy=10.243306	mean_speed_on_paper7-accuracy=0.000000
2023-11-08 13:45:22,046 [INFO]  Epoch[2] Train-cross-entropy=7.740554
2023-11-08 13:45:22,046 [INFO]  Epoch[2] Train-mean_speed_on_paper7-accuracy=0.000000
2023-11-08 13:45:22,046 [INFO]  Epoch[2] Time cost=0.012
2023-11-08 13:45:22,049 [INFO]  Saved checkpoint to "./imputer_model/imputer_model_mean_speed_on_paper7/model-0002.params"
2023-11-08 13:45:22,050 [INFO]  Epoch[2] Validation-cross-entropy=10.988205
2023-11-08 13:45:22,050 [INFO]  Epoch[2] Validation-mean_speed_on_paper7-accuracy=0.000000
2023-11-08 13:45:22,056 [INFO]  Epoch[3] Batch [0-4]	Speed: 14361.75 samples/sec	cross-entropy=4.451285	mean_speed_on_paper7-accuracy=0.000000
2023-11-08 13:45:22,059 [INFO]  Epoch[3] Train-cross-entropy=4.217855
2023-11-08 13:45:22,059 [INFO]  Epoch[3] Train-mean_speed_on_paper7-accuracy=0.000000
2023-11-08 13:45:22,059 [INFO]  Epoch[3] Time cost=0.009
2023-11-08 13:45:22,061 [INFO]  Saved checkpoint to "./imputer_model/imputer_model_mean_speed_on_paper7/model-0003.params"
2023-11-08 13:45:22,061 [INFO]  Epoch[3] Validation-cross-entropy=6.857078
2023-11-08 13:45:22,061 [INFO]  Epoch[3] Validation-mean_speed_on_paper7-accuracy=0.000000
2023-11-08 13:45:22,067 [INFO]  Epoch[4] Batch [0-4]	Speed: 13826.19 samples/sec	cross-entropy=2.809639	mean_speed_on_paper7-accuracy=0.000000
2023-11-08 13:45:22,071 [INFO]  Epoch[4] Train-cross-entropy=2.867724
2023-11-08 13:45:22,071 [INFO]  Epoch[4] Train-mean_speed_on_paper7-accuracy=0.000000
2023-11-08 13:45:22,071 [INFO]  Epoch[4] Time cost=0.009
2023-11-08 13:45:22,072 [INFO]  Saved checkpoint to "./imputer_model/imputer_model_mean_speed_on_paper7/model-0004.params"
2023-11-08 13:45:22,073 [INFO]  Epoch[4] Validation-cross-entropy=9.637959
2023-11-08 13:45:22,073 [INFO]  Epoch[4] Validation-mean_speed_on_paper7-accuracy=0.000000
2023-11-08 13:45:22,073 [INFO]  
========== done (0.06789779663085938 s) fit model
2023-11-08 13:58:44,360 [INFO]  
========== start: fit model
2023-11-08 13:58:44,360 [WARNING]  Already bound, ignoring bind()
2023-11-08 13:58:44,367 [INFO]  Epoch[0] Batch [0-4]	Speed: 13983.93 samples/sec	cross-entropy=16.233783	mean_speed_on_paper7-accuracy=0.000000
2023-11-08 13:58:44,371 [INFO]  Epoch[0] Train-cross-entropy=15.996423
2023-11-08 13:58:44,371 [INFO]  Epoch[0] Train-mean_speed_on_paper7-accuracy=0.000000
2023-11-08 13:58:44,371 [INFO]  Epoch[0] Time cost=0.010
2023-11-08 13:58:44,372 [INFO]  Saved checkpoint to "./imputer_model/imputer_model_mean_speed_on_paper7/model-0000.params"
2023-11-08 13:58:44,373 [INFO]  Epoch[0] Validation-cross-entropy=20.181364
2023-11-08 13:58:44,373 [INFO]  Epoch[0] Validation-mean_speed_on_paper7-accuracy=0.000000
2023-11-08 13:58:44,380 [INFO]  Epoch[1] Batch [0-4]	Speed: 11379.21 samples/sec	cross-entropy=33.880411	mean_speed_on_paper7-accuracy=0.000000
2023-11-08 13:58:44,385 [INFO]  Epoch[1] Train-cross-entropy=35.327347
2023-11-08 13:58:44,385 [INFO]  Epoch[1] Train-mean_speed_on_paper7-accuracy=0.000000
2023-11-08 13:58:44,385 [INFO]  Epoch[1] Time cost=0.012
2023-11-08 13:58:44,388 [INFO]  Saved checkpoint to "./imputer_model/imputer_model_mean_speed_on_paper7/model-0001.params"
2023-11-08 13:58:44,389 [INFO]  Epoch[1] Validation-cross-entropy=8.260386
2023-11-08 13:58:44,389 [INFO]  Epoch[1] Validation-mean_speed_on_paper7-accuracy=0.000000
2023-11-08 13:58:44,397 [INFO]  Epoch[2] Batch [0-4]	Speed: 10710.00 samples/sec	cross-entropy=4.563886	mean_speed_on_paper7-accuracy=0.000000
2023-11-08 13:58:44,402 [INFO]  Epoch[2] Train-cross-entropy=7.255760
2023-11-08 13:58:44,402 [INFO]  Epoch[2] Train-mean_speed_on_paper7-accuracy=0.000000
2023-11-08 13:58:44,402 [INFO]  Epoch[2] Time cost=0.012
2023-11-08 13:58:44,404 [INFO]  Saved checkpoint to "./imputer_model/imputer_model_mean_speed_on_paper7/model-0002.params"
2023-11-08 13:58:44,405 [INFO]  Epoch[2] Validation-cross-entropy=10.348103
2023-11-08 13:58:44,405 [INFO]  Epoch[2] Validation-mean_speed_on_paper7-accuracy=0.000000
2023-11-08 13:58:44,410 [INFO]  Epoch[3] Batch [0-4]	Speed: 14891.57 samples/sec	cross-entropy=3.945844	mean_speed_on_paper7-accuracy=0.000000
2023-11-08 13:58:44,414 [INFO]  Epoch[3] Train-cross-entropy=3.397767
2023-11-08 13:58:44,414 [INFO]  Epoch[3] Train-mean_speed_on_paper7-accuracy=0.000000
2023-11-08 13:58:44,414 [INFO]  Epoch[3] Time cost=0.009
2023-11-08 13:58:44,415 [INFO]  Saved checkpoint to "./imputer_model/imputer_model_mean_speed_on_paper7/model-0003.params"
2023-11-08 13:58:44,416 [INFO]  Epoch[3] Validation-cross-entropy=6.117089
2023-11-08 13:58:44,416 [INFO]  Epoch[3] Validation-mean_speed_on_paper7-accuracy=0.000000
2023-11-08 13:58:44,424 [INFO]  Epoch[4] Batch [0-4]	Speed: 9842.90 samples/sec	cross-entropy=1.671226	mean_speed_on_paper7-accuracy=0.000000
2023-11-08 13:58:44,428 [INFO]  Epoch[4] Train-cross-entropy=1.386680
2023-11-08 13:58:44,428 [INFO]  Epoch[4] Train-mean_speed_on_paper7-accuracy=0.000000
2023-11-08 13:58:44,428 [INFO]  Epoch[4] Time cost=0.012
2023-11-08 13:58:44,430 [INFO]  Saved checkpoint to "./imputer_model/imputer_model_mean_speed_on_paper7/model-0004.params"
2023-11-08 13:58:44,431 [INFO]  Epoch[4] Validation-cross-entropy=7.548534
2023-11-08 13:58:44,431 [INFO]  Epoch[4] Validation-mean_speed_on_paper7-accuracy=0.000000
2023-11-08 13:58:44,431 [INFO]  
========== done (0.07045626640319824 s) fit model
2023-11-08 14:12:09,209 [INFO]  
========== start: fit model
2023-11-08 14:12:09,209 [WARNING]  Already bound, ignoring bind()
2023-11-08 14:12:09,216 [INFO]  Epoch[0] Batch [0-4]	Speed: 13957.02 samples/sec	cross-entropy=17.261052	mean_speed_on_paper7-accuracy=0.000000
2023-11-08 14:12:09,219 [INFO]  Epoch[0] Train-cross-entropy=14.353290
2023-11-08 14:12:09,220 [INFO]  Epoch[0] Train-mean_speed_on_paper7-accuracy=0.000000
2023-11-08 14:12:09,220 [INFO]  Epoch[0] Time cost=0.010
2023-11-08 14:12:09,221 [INFO]  Saved checkpoint to "./imputer_model/imputer_model_mean_speed_on_paper7/model-0000.params"
2023-11-08 14:12:09,221 [INFO]  Epoch[0] Validation-cross-entropy=41.192543
2023-11-08 14:12:09,221 [INFO]  Epoch[0] Validation-mean_speed_on_paper7-accuracy=0.000000
2023-11-08 14:12:09,227 [INFO]  Epoch[1] Batch [0-4]	Speed: 14664.60 samples/sec	cross-entropy=43.213400	mean_speed_on_paper7-accuracy=0.000000
2023-11-08 14:12:09,232 [INFO]  Epoch[1] Train-cross-entropy=40.232191
2023-11-08 14:12:09,233 [INFO]  Epoch[1] Train-mean_speed_on_paper7-accuracy=0.000000
2023-11-08 14:12:09,233 [INFO]  Epoch[1] Time cost=0.011
2023-11-08 14:12:09,236 [INFO]  Saved checkpoint to "./imputer_model/imputer_model_mean_speed_on_paper7/model-0001.params"
2023-11-08 14:12:09,237 [INFO]  Epoch[1] Validation-cross-entropy=7.168442
2023-11-08 14:12:09,237 [INFO]  Epoch[1] Validation-mean_speed_on_paper7-accuracy=0.000000
2023-11-08 14:12:09,244 [INFO]  Epoch[2] Batch [0-4]	Speed: 10977.16 samples/sec	cross-entropy=7.370841	mean_speed_on_paper7-accuracy=0.000000
2023-11-08 14:12:09,249 [INFO]  Epoch[2] Train-cross-entropy=9.211594
2023-11-08 14:12:09,249 [INFO]  Epoch[2] Train-mean_speed_on_paper7-accuracy=0.000000
2023-11-08 14:12:09,249 [INFO]  Epoch[2] Time cost=0.012
2023-11-08 14:12:09,251 [INFO]  Saved checkpoint to "./imputer_model/imputer_model_mean_speed_on_paper7/model-0002.params"
2023-11-08 14:12:09,252 [INFO]  Epoch[2] Validation-cross-entropy=21.830704
2023-11-08 14:12:09,252 [INFO]  Epoch[2] Validation-mean_speed_on_paper7-accuracy=0.000000
2023-11-08 14:12:09,258 [INFO]  Epoch[3] Batch [0-4]	Speed: 12966.64 samples/sec	cross-entropy=3.656888	mean_speed_on_paper7-accuracy=0.000000
2023-11-08 14:12:09,262 [INFO]  Epoch[3] Train-cross-entropy=4.536148
2023-11-08 14:12:09,262 [INFO]  Epoch[3] Train-mean_speed_on_paper7-accuracy=0.000000
2023-11-08 14:12:09,262 [INFO]  Epoch[3] Time cost=0.010
2023-11-08 14:12:09,264 [INFO]  Saved checkpoint to "./imputer_model/imputer_model_mean_speed_on_paper7/model-0003.params"
2023-11-08 14:12:09,264 [INFO]  Epoch[3] Validation-cross-entropy=10.914749
2023-11-08 14:12:09,264 [INFO]  Epoch[3] Validation-mean_speed_on_paper7-accuracy=0.000000
2023-11-08 14:12:09,272 [INFO]  Epoch[4] Batch [0-4]	Speed: 10121.24 samples/sec	cross-entropy=1.604792	mean_speed_on_paper7-accuracy=0.000000
2023-11-08 14:12:09,277 [INFO]  Epoch[4] Train-cross-entropy=1.347884
2023-11-08 14:12:09,277 [INFO]  Epoch[4] Train-mean_speed_on_paper7-accuracy=0.000000
2023-11-08 14:12:09,277 [INFO]  Epoch[4] Time cost=0.013
2023-11-08 14:12:09,280 [INFO]  Saved checkpoint to "./imputer_model/imputer_model_mean_speed_on_paper7/model-0004.params"
2023-11-08 14:12:09,281 [INFO]  Epoch[4] Validation-cross-entropy=9.549314
2023-11-08 14:12:09,281 [INFO]  Epoch[4] Validation-mean_speed_on_paper7-accuracy=0.000000
2023-11-08 14:12:09,281 [INFO]  
========== done (0.07189607620239258 s) fit model
2023-11-08 14:25:42,880 [INFO]  
========== start: fit model
2023-11-08 14:25:42,880 [WARNING]  Already bound, ignoring bind()
2023-11-08 14:25:42,887 [INFO]  Epoch[0] Batch [0-4]	Speed: 14224.01 samples/sec	cross-entropy=17.506886	mean_speed_on_paper7-accuracy=0.000000
2023-11-08 14:25:42,891 [INFO]  Epoch[0] Train-cross-entropy=18.210760
2023-11-08 14:25:42,891 [INFO]  Epoch[0] Train-mean_speed_on_paper7-accuracy=0.000000
2023-11-08 14:25:42,891 [INFO]  Epoch[0] Time cost=0.010
2023-11-08 14:25:42,892 [INFO]  Saved checkpoint to "./imputer_model/imputer_model_mean_speed_on_paper7/model-0000.params"
2023-11-08 14:25:42,893 [INFO]  Epoch[0] Validation-cross-entropy=51.863335
2023-11-08 14:25:42,893 [INFO]  Epoch[0] Validation-mean_speed_on_paper7-accuracy=0.000000
2023-11-08 14:25:42,898 [INFO]  Epoch[1] Batch [0-4]	Speed: 14548.56 samples/sec	cross-entropy=48.569803	mean_speed_on_paper7-accuracy=0.000000
2023-11-08 14:25:42,901 [INFO]  Epoch[1] Train-cross-entropy=38.404536
2023-11-08 14:25:42,902 [INFO]  Epoch[1] Train-mean_speed_on_paper7-accuracy=0.000000
2023-11-08 14:25:42,902 [INFO]  Epoch[1] Time cost=0.009
2023-11-08 14:25:42,903 [INFO]  Saved checkpoint to "./imputer_model/imputer_model_mean_speed_on_paper7/model-0001.params"
2023-11-08 14:25:42,904 [INFO]  Epoch[1] Validation-cross-entropy=12.989202
2023-11-08 14:25:42,904 [INFO]  Epoch[1] Validation-mean_speed_on_paper7-accuracy=0.000000
2023-11-08 14:25:42,909 [INFO]  Epoch[2] Batch [0-4]	Speed: 15170.99 samples/sec	cross-entropy=9.249596	mean_speed_on_paper7-accuracy=0.000000
2023-11-08 14:25:42,912 [INFO]  Epoch[2] Train-cross-entropy=9.602140
2023-11-08 14:25:42,912 [INFO]  Epoch[2] Train-mean_speed_on_paper7-accuracy=0.000000
2023-11-08 14:25:42,912 [INFO]  Epoch[2] Time cost=0.009
2023-11-08 14:25:42,913 [INFO]  Saved checkpoint to "./imputer_model/imputer_model_mean_speed_on_paper7/model-0002.params"
2023-11-08 14:25:42,914 [INFO]  Epoch[2] Validation-cross-entropy=16.430117
2023-11-08 14:25:42,914 [INFO]  Epoch[2] Validation-mean_speed_on_paper7-accuracy=0.000000
2023-11-08 14:25:42,919 [INFO]  Epoch[3] Batch [0-4]	Speed: 15803.34 samples/sec	cross-entropy=4.639082	mean_speed_on_paper7-accuracy=0.000000
2023-11-08 14:25:42,922 [INFO]  Epoch[3] Train-cross-entropy=4.270632
2023-11-08 14:25:42,922 [INFO]  Epoch[3] Train-mean_speed_on_paper7-accuracy=0.000000
2023-11-08 14:25:42,922 [INFO]  Epoch[3] Time cost=0.008
2023-11-08 14:25:42,923 [INFO]  Saved checkpoint to "./imputer_model/imputer_model_mean_speed_on_paper7/model-0003.params"
2023-11-08 14:25:42,924 [INFO]  Epoch[3] Validation-cross-entropy=11.623416
2023-11-08 14:25:42,924 [INFO]  Epoch[3] Validation-mean_speed_on_paper7-accuracy=0.000000
2023-11-08 14:25:42,929 [INFO]  Epoch[4] Batch [0-4]	Speed: 16174.71 samples/sec	cross-entropy=2.496604	mean_speed_on_paper7-accuracy=0.000000
2023-11-08 14:25:42,932 [INFO]  Epoch[4] Train-cross-entropy=1.876606
2023-11-08 14:25:42,932 [INFO]  Epoch[4] Train-mean_speed_on_paper7-accuracy=0.000000
2023-11-08 14:25:42,932 [INFO]  Epoch[4] Time cost=0.008
2023-11-08 14:25:42,933 [INFO]  Saved checkpoint to "./imputer_model/imputer_model_mean_speed_on_paper7/model-0004.params"
2023-11-08 14:25:42,934 [INFO]  Epoch[4] Validation-cross-entropy=14.170377
2023-11-08 14:25:42,934 [INFO]  Epoch[4] Validation-mean_speed_on_paper7-accuracy=0.000000
2023-11-08 14:25:42,934 [INFO]  
========== done (0.053624868392944336 s) fit model
2023-11-08 14:39:39,150 [INFO]  
========== start: fit model
2023-11-08 14:39:39,151 [WARNING]  Already bound, ignoring bind()
2023-11-08 14:39:39,157 [INFO]  Epoch[0] Batch [0-4]	Speed: 14443.66 samples/sec	cross-entropy=19.045039	mean_speed_on_paper7-accuracy=3.200000
2023-11-08 14:39:39,160 [INFO]  Epoch[0] Train-cross-entropy=19.635501
2023-11-08 14:39:39,161 [INFO]  Epoch[0] Train-mean_speed_on_paper7-accuracy=2.875000
2023-11-08 14:39:39,161 [INFO]  Epoch[0] Time cost=0.009
2023-11-08 14:39:39,162 [INFO]  Saved checkpoint to "./imputer_model/imputer_model_mean_speed_on_paper7/model-0000.params"
2023-11-08 14:39:39,162 [INFO]  Epoch[0] Validation-cross-entropy=34.730576
2023-11-08 14:39:39,162 [INFO]  Epoch[0] Validation-mean_speed_on_paper7-accuracy=0.000000
2023-11-08 14:39:39,167 [INFO]  Epoch[1] Batch [0-4]	Speed: 16885.92 samples/sec	cross-entropy=48.189272	mean_speed_on_paper7-accuracy=3.200000
2023-11-08 14:39:39,170 [INFO]  Epoch[1] Train-cross-entropy=34.007110
2023-11-08 14:39:39,170 [INFO]  Epoch[1] Train-mean_speed_on_paper7-accuracy=2.875000
2023-11-08 14:39:39,170 [INFO]  Epoch[1] Time cost=0.008
2023-11-08 14:39:39,172 [INFO]  Saved checkpoint to "./imputer_model/imputer_model_mean_speed_on_paper7/model-0001.params"
2023-11-08 14:39:39,172 [INFO]  Epoch[1] Validation-cross-entropy=14.253598
2023-11-08 14:39:39,172 [INFO]  Epoch[1] Validation-mean_speed_on_paper7-accuracy=0.000000
2023-11-08 14:39:39,177 [INFO]  Epoch[2] Batch [0-4]	Speed: 18239.82 samples/sec	cross-entropy=10.459163	mean_speed_on_paper7-accuracy=3.200000
2023-11-08 14:39:39,180 [INFO]  Epoch[2] Train-cross-entropy=8.122186
2023-11-08 14:39:39,180 [INFO]  Epoch[2] Train-mean_speed_on_paper7-accuracy=2.875000
2023-11-08 14:39:39,180 [INFO]  Epoch[2] Time cost=0.007
2023-11-08 14:39:39,181 [INFO]  Saved checkpoint to "./imputer_model/imputer_model_mean_speed_on_paper7/model-0002.params"
2023-11-08 14:39:39,181 [INFO]  Epoch[2] Validation-cross-entropy=11.884851
2023-11-08 14:39:39,181 [INFO]  Epoch[2] Validation-mean_speed_on_paper7-accuracy=0.000000
2023-11-08 14:39:39,186 [INFO]  Epoch[3] Batch [0-4]	Speed: 18694.58 samples/sec	cross-entropy=4.803696	mean_speed_on_paper7-accuracy=3.200000
2023-11-08 14:39:39,189 [INFO]  Epoch[3] Train-cross-entropy=3.807061
2023-11-08 14:39:39,189 [INFO]  Epoch[3] Train-mean_speed_on_paper7-accuracy=2.875000
2023-11-08 14:39:39,189 [INFO]  Epoch[3] Time cost=0.007
2023-11-08 14:39:39,190 [INFO]  Saved checkpoint to "./imputer_model/imputer_model_mean_speed_on_paper7/model-0003.params"
2023-11-08 14:39:39,190 [INFO]  Epoch[3] Validation-cross-entropy=9.235560
2023-11-08 14:39:39,191 [INFO]  Epoch[3] Validation-mean_speed_on_paper7-accuracy=0.000000
2023-11-08 14:39:39,195 [INFO]  Epoch[4] Batch [0-4]	Speed: 17971.18 samples/sec	cross-entropy=1.898256	mean_speed_on_paper7-accuracy=3.200000
2023-11-08 14:39:39,198 [INFO]  Epoch[4] Train-cross-entropy=1.621342
2023-11-08 14:39:39,198 [INFO]  Epoch[4] Train-mean_speed_on_paper7-accuracy=2.875000
2023-11-08 14:39:39,198 [INFO]  Epoch[4] Time cost=0.007
2023-11-08 14:39:39,199 [INFO]  Saved checkpoint to "./imputer_model/imputer_model_mean_speed_on_paper7/model-0004.params"
2023-11-08 14:39:39,200 [INFO]  Epoch[4] Validation-cross-entropy=6.784926
2023-11-08 14:39:39,200 [INFO]  Epoch[4] Validation-mean_speed_on_paper7-accuracy=0.000000
2023-11-08 14:39:39,200 [INFO]  
========== done (0.04951667785644531 s) fit model
2023-11-08 14:53:43,701 [INFO]  
========== start: fit model
2023-11-08 14:53:43,701 [WARNING]  Already bound, ignoring bind()
2023-11-08 14:53:43,709 [INFO]  Epoch[0] Batch [0-4]	Speed: 12436.20 samples/sec	cross-entropy=30.424937	mean_speed_on_paper7-accuracy=0.000000
2023-11-08 14:53:43,713 [INFO]  Epoch[0] Train-cross-entropy=25.795912
2023-11-08 14:53:43,713 [INFO]  Epoch[0] Train-mean_speed_on_paper7-accuracy=0.000000
2023-11-08 14:53:43,713 [INFO]  Epoch[0] Time cost=0.012
2023-11-08 14:53:43,717 [INFO]  Saved checkpoint to "./imputer_model/imputer_model_mean_speed_on_paper7/model-0000.params"
2023-11-08 14:53:43,718 [INFO]  Epoch[0] Validation-cross-entropy=16.517990
2023-11-08 14:53:43,718 [INFO]  Epoch[0] Validation-mean_speed_on_paper7-accuracy=0.000000
2023-11-08 14:53:43,726 [INFO]  Epoch[1] Batch [0-4]	Speed: 10056.02 samples/sec	cross-entropy=39.516057	mean_speed_on_paper7-accuracy=0.000000
2023-11-08 14:53:43,731 [INFO]  Epoch[1] Train-cross-entropy=27.760299
2023-11-08 14:53:43,732 [INFO]  Epoch[1] Train-mean_speed_on_paper7-accuracy=0.000000
2023-11-08 14:53:43,732 [INFO]  Epoch[1] Time cost=0.014
2023-11-08 14:53:43,734 [INFO]  Saved checkpoint to "./imputer_model/imputer_model_mean_speed_on_paper7/model-0001.params"
2023-11-08 14:53:43,735 [INFO]  Epoch[1] Validation-cross-entropy=5.855814
2023-11-08 14:53:43,735 [INFO]  Epoch[1] Validation-mean_speed_on_paper7-accuracy=0.000000
2023-11-08 14:53:43,742 [INFO]  Epoch[2] Batch [0-4]	Speed: 12637.61 samples/sec	cross-entropy=4.914775	mean_speed_on_paper7-accuracy=0.000000
2023-11-08 14:53:43,745 [INFO]  Epoch[2] Train-cross-entropy=4.238073
2023-11-08 14:53:43,746 [INFO]  Epoch[2] Train-mean_speed_on_paper7-accuracy=0.000000
2023-11-08 14:53:43,746 [INFO]  Epoch[2] Time cost=0.010
2023-11-08 14:53:43,747 [INFO]  Saved checkpoint to "./imputer_model/imputer_model_mean_speed_on_paper7/model-0002.params"
2023-11-08 14:53:43,748 [INFO]  Epoch[2] Validation-cross-entropy=6.853655
2023-11-08 14:53:43,748 [INFO]  Epoch[2] Validation-mean_speed_on_paper7-accuracy=0.000000
2023-11-08 14:53:43,754 [INFO]  Epoch[3] Batch [0-4]	Speed: 14147.54 samples/sec	cross-entropy=2.878095	mean_speed_on_paper7-accuracy=0.000000
2023-11-08 14:53:43,757 [INFO]  Epoch[3] Train-cross-entropy=2.272765
2023-11-08 14:53:43,758 [INFO]  Epoch[3] Train-mean_speed_on_paper7-accuracy=0.000000
2023-11-08 14:53:43,758 [INFO]  Epoch[3] Time cost=0.009
2023-11-08 14:53:43,759 [INFO]  Saved checkpoint to "./imputer_model/imputer_model_mean_speed_on_paper7/model-0003.params"
2023-11-08 14:53:43,760 [INFO]  Epoch[3] Validation-cross-entropy=4.492274
2023-11-08 14:53:43,760 [INFO]  Epoch[3] Validation-mean_speed_on_paper7-accuracy=0.000000
2023-11-08 14:53:43,765 [INFO]  Epoch[4] Batch [0-4]	Speed: 14342.57 samples/sec	cross-entropy=0.967473	mean_speed_on_paper7-accuracy=0.000000
2023-11-08 14:53:43,769 [INFO]  Epoch[4] Train-cross-entropy=0.813567
2023-11-08 14:53:43,769 [INFO]  Epoch[4] Train-mean_speed_on_paper7-accuracy=0.000000
2023-11-08 14:53:43,769 [INFO]  Epoch[4] Time cost=0.009
2023-11-08 14:53:43,770 [INFO]  Saved checkpoint to "./imputer_model/imputer_model_mean_speed_on_paper7/model-0004.params"
2023-11-08 14:53:43,771 [INFO]  Epoch[4] Validation-cross-entropy=4.869796
2023-11-08 14:53:43,771 [INFO]  Epoch[4] Validation-mean_speed_on_paper7-accuracy=0.000000
2023-11-08 14:53:43,771 [INFO]  
========== done (0.07042503356933594 s) fit model
