2023-11-08 12:33:27,591 [INFO]  
========== start: fit model
2023-11-08 12:33:27,592 [WARNING]  Already bound, ignoring bind()
2023-11-08 12:33:27,598 [INFO]  Epoch[0] Batch [0-4]	Speed: 14262.55 samples/sec	cross-entropy=28.914393	air_time5-accuracy=0.000000
2023-11-08 12:33:27,602 [INFO]  Epoch[0] Train-cross-entropy=21.875953
2023-11-08 12:33:27,602 [INFO]  Epoch[0] Train-air_time5-accuracy=0.000000
2023-11-08 12:33:27,602 [INFO]  Epoch[0] Time cost=0.010
2023-11-08 12:33:27,603 [INFO]  Saved checkpoint to "./imputer_model/imputer_model_air_time5/model-0000.params"
2023-11-08 12:33:27,604 [INFO]  Epoch[0] Validation-cross-entropy=15.384733
2023-11-08 12:33:27,604 [INFO]  Epoch[0] Validation-air_time5-accuracy=0.000000
2023-11-08 12:33:27,609 [INFO]  Epoch[1] Batch [0-4]	Speed: 14190.17 samples/sec	cross-entropy=54.066515	air_time5-accuracy=0.000000
2023-11-08 12:33:27,614 [INFO]  Epoch[1] Train-cross-entropy=37.114324
2023-11-08 12:33:27,614 [INFO]  Epoch[1] Train-air_time5-accuracy=0.000000
2023-11-08 12:33:27,614 [INFO]  Epoch[1] Time cost=0.010
2023-11-08 12:33:27,617 [INFO]  Saved checkpoint to "./imputer_model/imputer_model_air_time5/model-0001.params"
2023-11-08 12:33:27,618 [INFO]  Epoch[1] Validation-cross-entropy=9.247663
2023-11-08 12:33:27,619 [INFO]  Epoch[1] Validation-air_time5-accuracy=0.000000
2023-11-08 12:33:27,626 [INFO]  Epoch[2] Batch [0-4]	Speed: 10480.44 samples/sec	cross-entropy=5.821869	air_time5-accuracy=0.000000
2023-11-08 12:33:27,631 [INFO]  Epoch[2] Train-cross-entropy=4.478384
2023-11-08 12:33:27,631 [INFO]  Epoch[2] Train-air_time5-accuracy=0.000000
2023-11-08 12:33:27,631 [INFO]  Epoch[2] Time cost=0.012
2023-11-08 12:33:27,633 [INFO]  Saved checkpoint to "./imputer_model/imputer_model_air_time5/model-0002.params"
2023-11-08 12:33:27,634 [INFO]  Epoch[2] Validation-cross-entropy=12.296128
2023-11-08 12:33:27,634 [INFO]  Epoch[2] Validation-air_time5-accuracy=0.000000
2023-11-08 12:33:27,640 [INFO]  Epoch[3] Batch [0-4]	Speed: 13254.76 samples/sec	cross-entropy=5.487157	air_time5-accuracy=0.000000
2023-11-08 12:33:27,644 [INFO]  Epoch[3] Train-cross-entropy=3.952263
2023-11-08 12:33:27,644 [INFO]  Epoch[3] Train-air_time5-accuracy=0.000000
2023-11-08 12:33:27,644 [INFO]  Epoch[3] Time cost=0.010
2023-11-08 12:33:27,645 [INFO]  Saved checkpoint to "./imputer_model/imputer_model_air_time5/model-0003.params"
2023-11-08 12:33:27,646 [INFO]  Epoch[3] Validation-cross-entropy=15.705724
2023-11-08 12:33:27,646 [INFO]  Epoch[3] Validation-air_time5-accuracy=0.000000
2023-11-08 12:33:27,654 [INFO]  Epoch[4] Batch [0-4]	Speed: 10330.80 samples/sec	cross-entropy=2.357926	air_time5-accuracy=0.000000
2023-11-08 12:33:27,658 [INFO]  Epoch[4] Train-cross-entropy=1.592804
2023-11-08 12:33:27,658 [INFO]  Epoch[4] Train-air_time5-accuracy=0.000000
2023-11-08 12:33:27,658 [INFO]  Epoch[4] Time cost=0.012
2023-11-08 12:33:27,661 [INFO]  Saved checkpoint to "./imputer_model/imputer_model_air_time5/model-0004.params"
2023-11-08 12:33:27,661 [INFO]  Epoch[4] Validation-cross-entropy=12.209896
2023-11-08 12:33:27,662 [INFO]  Epoch[4] Validation-air_time5-accuracy=0.000000
2023-11-08 12:33:27,662 [INFO]  
========== done (0.07020044326782227 s) fit model
2023-11-08 13:04:30,846 [INFO]  
========== start: fit model
2023-11-08 13:04:30,860 [WARNING]  Already bound, ignoring bind()
2023-11-08 13:04:30,873 [INFO]  Epoch[0] Batch [0-4]	Speed: 11813.90 samples/sec	cross-entropy=27.081852	air_time5-accuracy=0.000000
2023-11-08 13:04:30,876 [INFO]  Epoch[0] Train-cross-entropy=21.917976
2023-11-08 13:04:30,877 [INFO]  Epoch[0] Train-air_time5-accuracy=0.000000
2023-11-08 13:04:30,877 [INFO]  Epoch[0] Time cost=0.015
2023-11-08 13:04:30,879 [INFO]  Saved checkpoint to "./imputer_model/imputer_model_air_time5/model-0000.params"
2023-11-08 13:04:30,879 [INFO]  Epoch[0] Validation-cross-entropy=21.521160
2023-11-08 13:04:30,879 [INFO]  Epoch[0] Validation-air_time5-accuracy=0.000000
2023-11-08 13:04:30,886 [INFO]  Epoch[1] Batch [0-4]	Speed: 13095.05 samples/sec	cross-entropy=40.317622	air_time5-accuracy=0.000000
2023-11-08 13:04:30,889 [INFO]  Epoch[1] Train-cross-entropy=33.168652
2023-11-08 13:04:30,889 [INFO]  Epoch[1] Train-air_time5-accuracy=0.000000
2023-11-08 13:04:30,890 [INFO]  Epoch[1] Time cost=0.010
2023-11-08 13:04:30,891 [INFO]  Saved checkpoint to "./imputer_model/imputer_model_air_time5/model-0001.params"
2023-11-08 13:04:30,892 [INFO]  Epoch[1] Validation-cross-entropy=4.589627
2023-11-08 13:04:30,892 [INFO]  Epoch[1] Validation-air_time5-accuracy=0.000000
2023-11-08 13:04:30,898 [INFO]  Epoch[2] Batch [0-4]	Speed: 14063.05 samples/sec	cross-entropy=5.756302	air_time5-accuracy=0.000000
2023-11-08 13:04:30,901 [INFO]  Epoch[2] Train-cross-entropy=6.499792
2023-11-08 13:04:30,901 [INFO]  Epoch[2] Train-air_time5-accuracy=0.000000
2023-11-08 13:04:30,901 [INFO]  Epoch[2] Time cost=0.009
2023-11-08 13:04:30,903 [INFO]  Saved checkpoint to "./imputer_model/imputer_model_air_time5/model-0002.params"
2023-11-08 13:04:30,903 [INFO]  Epoch[2] Validation-cross-entropy=1.701482
2023-11-08 13:04:30,903 [INFO]  Epoch[2] Validation-air_time5-accuracy=0.000000
2023-11-08 13:04:30,909 [INFO]  Epoch[3] Batch [0-4]	Speed: 14601.58 samples/sec	cross-entropy=3.133669	air_time5-accuracy=0.000000
2023-11-08 13:04:30,912 [INFO]  Epoch[3] Train-cross-entropy=2.846312
2023-11-08 13:04:30,912 [INFO]  Epoch[3] Train-air_time5-accuracy=0.000000
2023-11-08 13:04:30,912 [INFO]  Epoch[3] Time cost=0.009
2023-11-08 13:04:30,913 [INFO]  Saved checkpoint to "./imputer_model/imputer_model_air_time5/model-0003.params"
2023-11-08 13:04:30,914 [INFO]  Epoch[3] Validation-cross-entropy=2.956336
2023-11-08 13:04:30,914 [INFO]  Epoch[3] Validation-air_time5-accuracy=0.000000
2023-11-08 13:04:30,919 [INFO]  Epoch[4] Batch [0-4]	Speed: 15574.12 samples/sec	cross-entropy=1.879452	air_time5-accuracy=0.000000
2023-11-08 13:04:30,923 [INFO]  Epoch[4] Train-cross-entropy=1.496846
2023-11-08 13:04:30,923 [INFO]  Epoch[4] Train-air_time5-accuracy=0.000000
2023-11-08 13:04:30,924 [INFO]  Epoch[4] Time cost=0.010
2023-11-08 13:04:30,926 [INFO]  Saved checkpoint to "./imputer_model/imputer_model_air_time5/model-0004.params"
2023-11-08 13:04:30,927 [INFO]  Epoch[4] Validation-cross-entropy=2.705342
2023-11-08 13:04:30,927 [INFO]  Epoch[4] Validation-air_time5-accuracy=0.000000
2023-11-08 13:04:30,928 [INFO]  
========== done (0.08192300796508789 s) fit model
2023-11-08 13:17:58,045 [INFO]  
========== start: fit model
2023-11-08 13:17:58,046 [WARNING]  Already bound, ignoring bind()
2023-11-08 13:17:58,055 [INFO]  Epoch[0] Batch [0-4]	Speed: 9991.27 samples/sec	cross-entropy=31.471048	air_time5-accuracy=0.000000
2023-11-08 13:17:58,060 [INFO]  Epoch[0] Train-cross-entropy=28.055327
2023-11-08 13:17:58,060 [INFO]  Epoch[0] Train-air_time5-accuracy=0.000000
2023-11-08 13:17:58,060 [INFO]  Epoch[0] Time cost=0.014
2023-11-08 13:17:58,063 [INFO]  Saved checkpoint to "./imputer_model/imputer_model_air_time5/model-0000.params"
2023-11-08 13:17:58,064 [INFO]  Epoch[0] Validation-cross-entropy=41.305721
2023-11-08 13:17:58,064 [INFO]  Epoch[0] Validation-air_time5-accuracy=0.000000
2023-11-08 13:17:58,071 [INFO]  Epoch[1] Batch [0-4]	Speed: 12272.46 samples/sec	cross-entropy=42.870252	air_time5-accuracy=0.000000
2023-11-08 13:17:58,074 [INFO]  Epoch[1] Train-cross-entropy=31.711148
2023-11-08 13:17:58,074 [INFO]  Epoch[1] Train-air_time5-accuracy=0.000000
2023-11-08 13:17:58,074 [INFO]  Epoch[1] Time cost=0.011
2023-11-08 13:17:58,077 [INFO]  Saved checkpoint to "./imputer_model/imputer_model_air_time5/model-0001.params"
2023-11-08 13:17:58,078 [INFO]  Epoch[1] Validation-cross-entropy=18.250639
2023-11-08 13:17:58,078 [INFO]  Epoch[1] Validation-air_time5-accuracy=0.000000
2023-11-08 13:17:58,086 [INFO]  Epoch[2] Batch [0-4]	Speed: 10699.33 samples/sec	cross-entropy=4.950871	air_time5-accuracy=0.000000
2023-11-08 13:17:58,091 [INFO]  Epoch[2] Train-cross-entropy=4.111301
2023-11-08 13:17:58,091 [INFO]  Epoch[2] Train-air_time5-accuracy=0.000000
2023-11-08 13:17:58,091 [INFO]  Epoch[2] Time cost=0.013
2023-11-08 13:17:58,094 [INFO]  Saved checkpoint to "./imputer_model/imputer_model_air_time5/model-0002.params"
2023-11-08 13:17:58,095 [INFO]  Epoch[2] Validation-cross-entropy=8.168647
2023-11-08 13:17:58,095 [INFO]  Epoch[2] Validation-air_time5-accuracy=0.000000
2023-11-08 13:17:58,101 [INFO]  Epoch[3] Batch [0-4]	Speed: 12806.42 samples/sec	cross-entropy=3.624382	air_time5-accuracy=0.000000
2023-11-08 13:17:58,105 [INFO]  Epoch[3] Train-cross-entropy=3.073770
2023-11-08 13:17:58,105 [INFO]  Epoch[3] Train-air_time5-accuracy=0.000000
2023-11-08 13:17:58,105 [INFO]  Epoch[3] Time cost=0.010
2023-11-08 13:17:58,107 [INFO]  Saved checkpoint to "./imputer_model/imputer_model_air_time5/model-0003.params"
2023-11-08 13:17:58,107 [INFO]  Epoch[3] Validation-cross-entropy=7.769322
2023-11-08 13:17:58,107 [INFO]  Epoch[3] Validation-air_time5-accuracy=0.000000
2023-11-08 13:17:58,113 [INFO]  Epoch[4] Batch [0-4]	Speed: 14267.10 samples/sec	cross-entropy=1.724549	air_time5-accuracy=0.000000
2023-11-08 13:17:58,116 [INFO]  Epoch[4] Train-cross-entropy=1.369496
2023-11-08 13:17:58,116 [INFO]  Epoch[4] Train-air_time5-accuracy=0.000000
2023-11-08 13:17:58,117 [INFO]  Epoch[4] Time cost=0.009
2023-11-08 13:17:58,118 [INFO]  Saved checkpoint to "./imputer_model/imputer_model_air_time5/model-0004.params"
2023-11-08 13:17:58,118 [INFO]  Epoch[4] Validation-cross-entropy=12.824139
2023-11-08 13:17:58,119 [INFO]  Epoch[4] Validation-air_time5-accuracy=0.000000
2023-11-08 13:17:58,119 [INFO]  
========== done (0.0732107162475586 s) fit model
2023-11-08 13:31:18,805 [INFO]  
========== start: fit model
2023-11-08 13:31:18,806 [WARNING]  Already bound, ignoring bind()
2023-11-08 13:31:18,814 [INFO]  Epoch[0] Batch [0-4]	Speed: 10734.84 samples/sec	cross-entropy=28.484278	air_time5-accuracy=2.400000
2023-11-08 13:31:18,819 [INFO]  Epoch[0] Train-cross-entropy=26.886315
2023-11-08 13:31:18,819 [INFO]  Epoch[0] Train-air_time5-accuracy=2.500000
2023-11-08 13:31:18,819 [INFO]  Epoch[0] Time cost=0.013
2023-11-08 13:31:18,822 [INFO]  Saved checkpoint to "./imputer_model/imputer_model_air_time5/model-0000.params"
2023-11-08 13:31:18,823 [INFO]  Epoch[0] Validation-cross-entropy=14.861584
2023-11-08 13:31:18,823 [INFO]  Epoch[0] Validation-air_time5-accuracy=0.000000
2023-11-08 13:31:18,829 [INFO]  Epoch[1] Batch [0-4]	Speed: 15413.15 samples/sec	cross-entropy=55.930860	air_time5-accuracy=2.400000
2023-11-08 13:31:18,832 [INFO]  Epoch[1] Train-cross-entropy=61.710307
2023-11-08 13:31:18,832 [INFO]  Epoch[1] Train-air_time5-accuracy=2.500000
2023-11-08 13:31:18,832 [INFO]  Epoch[1] Time cost=0.009
2023-11-08 13:31:18,834 [INFO]  Saved checkpoint to "./imputer_model/imputer_model_air_time5/model-0001.params"
2023-11-08 13:31:18,835 [INFO]  Epoch[1] Validation-cross-entropy=14.825400
2023-11-08 13:31:18,835 [INFO]  Epoch[1] Validation-air_time5-accuracy=0.000000
2023-11-08 13:31:18,839 [INFO]  Epoch[2] Batch [0-4]	Speed: 20794.44 samples/sec	cross-entropy=20.032249	air_time5-accuracy=2.400000
2023-11-08 13:31:18,841 [INFO]  Epoch[2] Train-cross-entropy=24.019602
2023-11-08 13:31:18,841 [INFO]  Epoch[2] Train-air_time5-accuracy=2.500000
2023-11-08 13:31:18,841 [INFO]  Epoch[2] Time cost=0.007
2023-11-08 13:31:18,843 [INFO]  Saved checkpoint to "./imputer_model/imputer_model_air_time5/model-0002.params"
2023-11-08 13:31:18,843 [INFO]  Epoch[2] Validation-cross-entropy=4.633435
2023-11-08 13:31:18,843 [INFO]  Epoch[2] Validation-air_time5-accuracy=0.000000
2023-11-08 13:31:18,849 [INFO]  Epoch[3] Batch [0-4]	Speed: 14616.69 samples/sec	cross-entropy=12.303781	air_time5-accuracy=2.400000
2023-11-08 13:31:18,852 [INFO]  Epoch[3] Train-cross-entropy=11.513237
2023-11-08 13:31:18,852 [INFO]  Epoch[3] Train-air_time5-accuracy=2.500000
2023-11-08 13:31:18,853 [INFO]  Epoch[3] Time cost=0.009
2023-11-08 13:31:18,854 [INFO]  Saved checkpoint to "./imputer_model/imputer_model_air_time5/model-0003.params"
2023-11-08 13:31:18,854 [INFO]  Epoch[3] Validation-cross-entropy=11.881093
2023-11-08 13:31:18,854 [INFO]  Epoch[3] Validation-air_time5-accuracy=0.000000
2023-11-08 13:31:18,860 [INFO]  Epoch[4] Batch [0-4]	Speed: 14337.20 samples/sec	cross-entropy=5.280660	air_time5-accuracy=2.400000
2023-11-08 13:31:18,863 [INFO]  Epoch[4] Train-cross-entropy=4.478704
2023-11-08 13:31:18,864 [INFO]  Epoch[4] Train-air_time5-accuracy=2.500000
2023-11-08 13:31:18,864 [INFO]  Epoch[4] Time cost=0.009
2023-11-08 13:31:18,865 [INFO]  Saved checkpoint to "./imputer_model/imputer_model_air_time5/model-0004.params"
2023-11-08 13:31:18,866 [INFO]  Epoch[4] Validation-cross-entropy=7.475757
2023-11-08 13:31:18,866 [INFO]  Epoch[4] Validation-air_time5-accuracy=0.000000
2023-11-08 13:31:18,866 [INFO]  
========== done (0.060312747955322266 s) fit model
2023-11-08 13:44:38,599 [INFO]  
========== start: fit model
2023-11-08 13:44:38,599 [WARNING]  Already bound, ignoring bind()
2023-11-08 13:44:38,608 [INFO]  Epoch[0] Batch [0-4]	Speed: 10554.61 samples/sec	cross-entropy=12.358039	air_time5-accuracy=2.400000
2023-11-08 13:44:38,612 [INFO]  Epoch[0] Train-cross-entropy=25.701110
2023-11-08 13:44:38,613 [INFO]  Epoch[0] Train-air_time5-accuracy=2.625000
2023-11-08 13:44:38,613 [INFO]  Epoch[0] Time cost=0.013
2023-11-08 13:44:38,616 [INFO]  Saved checkpoint to "./imputer_model/imputer_model_air_time5/model-0000.params"
2023-11-08 13:44:38,616 [INFO]  Epoch[0] Validation-cross-entropy=10.851771
2023-11-08 13:44:38,617 [INFO]  Epoch[0] Validation-air_time5-accuracy=0.000000
2023-11-08 13:44:38,624 [INFO]  Epoch[1] Batch [0-4]	Speed: 11473.07 samples/sec	cross-entropy=58.629187	air_time5-accuracy=2.400000
2023-11-08 13:44:38,628 [INFO]  Epoch[1] Train-cross-entropy=42.183991
2023-11-08 13:44:38,628 [INFO]  Epoch[1] Train-air_time5-accuracy=2.625000
2023-11-08 13:44:38,628 [INFO]  Epoch[1] Time cost=0.011
2023-11-08 13:44:38,630 [INFO]  Saved checkpoint to "./imputer_model/imputer_model_air_time5/model-0001.params"
2023-11-08 13:44:38,631 [INFO]  Epoch[1] Validation-cross-entropy=24.782578
2023-11-08 13:44:38,631 [INFO]  Epoch[1] Validation-air_time5-accuracy=0.000000
2023-11-08 13:44:38,636 [INFO]  Epoch[2] Batch [0-4]	Speed: 16657.49 samples/sec	cross-entropy=15.639209	air_time5-accuracy=2.400000
2023-11-08 13:44:38,638 [INFO]  Epoch[2] Train-cross-entropy=11.486014
2023-11-08 13:44:38,638 [INFO]  Epoch[2] Train-air_time5-accuracy=2.625000
2023-11-08 13:44:38,639 [INFO]  Epoch[2] Time cost=0.008
2023-11-08 13:44:38,645 [INFO]  Saved checkpoint to "./imputer_model/imputer_model_air_time5/model-0002.params"
2023-11-08 13:44:38,646 [INFO]  Epoch[2] Validation-cross-entropy=8.706324
2023-11-08 13:44:38,646 [INFO]  Epoch[2] Validation-air_time5-accuracy=0.000000
2023-11-08 13:44:38,652 [INFO]  Epoch[3] Batch [0-4]	Speed: 13369.63 samples/sec	cross-entropy=6.950022	air_time5-accuracy=2.400000
2023-11-08 13:44:38,656 [INFO]  Epoch[3] Train-cross-entropy=5.760647
2023-11-08 13:44:38,656 [INFO]  Epoch[3] Train-air_time5-accuracy=2.625000
2023-11-08 13:44:38,656 [INFO]  Epoch[3] Time cost=0.010
2023-11-08 13:44:38,658 [INFO]  Saved checkpoint to "./imputer_model/imputer_model_air_time5/model-0003.params"
2023-11-08 13:44:38,658 [INFO]  Epoch[3] Validation-cross-entropy=7.066798
2023-11-08 13:44:38,658 [INFO]  Epoch[3] Validation-air_time5-accuracy=0.000000
2023-11-08 13:44:38,664 [INFO]  Epoch[4] Batch [0-4]	Speed: 14224.01 samples/sec	cross-entropy=1.901429	air_time5-accuracy=2.400000
2023-11-08 13:44:38,668 [INFO]  Epoch[4] Train-cross-entropy=1.703558
2023-11-08 13:44:38,668 [INFO]  Epoch[4] Train-air_time5-accuracy=2.625000
2023-11-08 13:44:38,668 [INFO]  Epoch[4] Time cost=0.009
2023-11-08 13:44:38,669 [INFO]  Saved checkpoint to "./imputer_model/imputer_model_air_time5/model-0004.params"
2023-11-08 13:44:38,670 [INFO]  Epoch[4] Validation-cross-entropy=6.134082
2023-11-08 13:44:38,670 [INFO]  Epoch[4] Validation-air_time5-accuracy=0.000000
2023-11-08 13:44:38,670 [INFO]  
========== done (0.07095527648925781 s) fit model
2023-11-08 13:58:00,617 [INFO]  
========== start: fit model
2023-11-08 13:58:00,617 [WARNING]  Already bound, ignoring bind()
2023-11-08 13:58:00,624 [INFO]  Epoch[0] Batch [0-4]	Speed: 14105.17 samples/sec	cross-entropy=16.040894	air_time5-accuracy=0.000000
2023-11-08 13:58:00,628 [INFO]  Epoch[0] Train-cross-entropy=16.571493
2023-11-08 13:58:00,628 [INFO]  Epoch[0] Train-air_time5-accuracy=0.000000
2023-11-08 13:58:00,629 [INFO]  Epoch[0] Time cost=0.011
2023-11-08 13:58:00,632 [INFO]  Saved checkpoint to "./imputer_model/imputer_model_air_time5/model-0000.params"
2023-11-08 13:58:00,633 [INFO]  Epoch[0] Validation-cross-entropy=21.870600
2023-11-08 13:58:00,633 [INFO]  Epoch[0] Validation-air_time5-accuracy=0.000000
2023-11-08 13:58:00,641 [INFO]  Epoch[1] Batch [0-4]	Speed: 10769.73 samples/sec	cross-entropy=49.952669	air_time5-accuracy=0.000000
2023-11-08 13:58:00,645 [INFO]  Epoch[1] Train-cross-entropy=40.610930
2023-11-08 13:58:00,645 [INFO]  Epoch[1] Train-air_time5-accuracy=0.000000
2023-11-08 13:58:00,645 [INFO]  Epoch[1] Time cost=0.012
2023-11-08 13:58:00,648 [INFO]  Saved checkpoint to "./imputer_model/imputer_model_air_time5/model-0001.params"
2023-11-08 13:58:00,648 [INFO]  Epoch[1] Validation-cross-entropy=17.213982
2023-11-08 13:58:00,648 [INFO]  Epoch[1] Validation-air_time5-accuracy=0.000000
2023-11-08 13:58:00,653 [INFO]  Epoch[2] Batch [0-4]	Speed: 16398.01 samples/sec	cross-entropy=3.938080	air_time5-accuracy=0.000000
2023-11-08 13:58:00,656 [INFO]  Epoch[2] Train-cross-entropy=5.246489
2023-11-08 13:58:00,657 [INFO]  Epoch[2] Train-air_time5-accuracy=0.000000
2023-11-08 13:58:00,657 [INFO]  Epoch[2] Time cost=0.008
2023-11-08 13:58:00,658 [INFO]  Saved checkpoint to "./imputer_model/imputer_model_air_time5/model-0002.params"
2023-11-08 13:58:00,658 [INFO]  Epoch[2] Validation-cross-entropy=11.696126
2023-11-08 13:58:00,659 [INFO]  Epoch[2] Validation-air_time5-accuracy=0.000000
2023-11-08 13:58:00,663 [INFO]  Epoch[3] Batch [0-4]	Speed: 17723.19 samples/sec	cross-entropy=3.744323	air_time5-accuracy=0.000000
2023-11-08 13:58:00,667 [INFO]  Epoch[3] Train-cross-entropy=3.512096
2023-11-08 13:58:00,667 [INFO]  Epoch[3] Train-air_time5-accuracy=0.000000
2023-11-08 13:58:00,667 [INFO]  Epoch[3] Time cost=0.008
2023-11-08 13:58:00,668 [INFO]  Saved checkpoint to "./imputer_model/imputer_model_air_time5/model-0003.params"
2023-11-08 13:58:00,669 [INFO]  Epoch[3] Validation-cross-entropy=11.691882
2023-11-08 13:58:00,669 [INFO]  Epoch[3] Validation-air_time5-accuracy=0.000000
2023-11-08 13:58:00,674 [INFO]  Epoch[4] Batch [0-4]	Speed: 17072.79 samples/sec	cross-entropy=1.518305	air_time5-accuracy=0.000000
2023-11-08 13:58:00,677 [INFO]  Epoch[4] Train-cross-entropy=1.216049
2023-11-08 13:58:00,677 [INFO]  Epoch[4] Train-air_time5-accuracy=0.000000
2023-11-08 13:58:00,677 [INFO]  Epoch[4] Time cost=0.008
2023-11-08 13:58:00,678 [INFO]  Saved checkpoint to "./imputer_model/imputer_model_air_time5/model-0004.params"
2023-11-08 13:58:00,679 [INFO]  Epoch[4] Validation-cross-entropy=8.562546
2023-11-08 13:58:00,679 [INFO]  Epoch[4] Validation-air_time5-accuracy=0.000000
2023-11-08 13:58:00,679 [INFO]  
========== done (0.06185555458068848 s) fit model
2023-11-08 14:11:24,993 [INFO]  
========== start: fit model
2023-11-08 14:11:24,993 [WARNING]  Already bound, ignoring bind()
2023-11-08 14:11:25,000 [INFO]  Epoch[0] Batch [0-4]	Speed: 14038.04 samples/sec	cross-entropy=36.582588	air_time5-accuracy=0.000000
2023-11-08 14:11:25,003 [INFO]  Epoch[0] Train-cross-entropy=29.892666
2023-11-08 14:11:25,003 [INFO]  Epoch[0] Train-air_time5-accuracy=0.000000
2023-11-08 14:11:25,003 [INFO]  Epoch[0] Time cost=0.010
2023-11-08 14:11:25,005 [INFO]  Saved checkpoint to "./imputer_model/imputer_model_air_time5/model-0000.params"
2023-11-08 14:11:25,005 [INFO]  Epoch[0] Validation-cross-entropy=39.709015
2023-11-08 14:11:25,005 [INFO]  Epoch[0] Validation-air_time5-accuracy=0.000000
2023-11-08 14:11:25,011 [INFO]  Epoch[1] Batch [0-4]	Speed: 15584.97 samples/sec	cross-entropy=29.855020	air_time5-accuracy=0.000000
2023-11-08 14:11:25,016 [INFO]  Epoch[1] Train-cross-entropy=39.233574
2023-11-08 14:11:25,016 [INFO]  Epoch[1] Train-air_time5-accuracy=0.000000
2023-11-08 14:11:25,016 [INFO]  Epoch[1] Time cost=0.011
2023-11-08 14:11:25,020 [INFO]  Saved checkpoint to "./imputer_model/imputer_model_air_time5/model-0001.params"
2023-11-08 14:11:25,021 [INFO]  Epoch[1] Validation-cross-entropy=35.683006
2023-11-08 14:11:25,021 [INFO]  Epoch[1] Validation-air_time5-accuracy=0.000000
2023-11-08 14:11:25,028 [INFO]  Epoch[2] Batch [0-4]	Speed: 12100.41 samples/sec	cross-entropy=3.257430	air_time5-accuracy=0.000000
2023-11-08 14:11:25,032 [INFO]  Epoch[2] Train-cross-entropy=3.465754
2023-11-08 14:11:25,032 [INFO]  Epoch[2] Train-air_time5-accuracy=0.000000
2023-11-08 14:11:25,032 [INFO]  Epoch[2] Time cost=0.011
2023-11-08 14:11:25,034 [INFO]  Saved checkpoint to "./imputer_model/imputer_model_air_time5/model-0002.params"
2023-11-08 14:11:25,035 [INFO]  Epoch[2] Validation-cross-entropy=35.531914
2023-11-08 14:11:25,035 [INFO]  Epoch[2] Validation-air_time5-accuracy=0.000000
2023-11-08 14:11:25,040 [INFO]  Epoch[3] Batch [0-4]	Speed: 16197.16 samples/sec	cross-entropy=3.855980	air_time5-accuracy=0.000000
2023-11-08 14:11:25,043 [INFO]  Epoch[3] Train-cross-entropy=3.491376
2023-11-08 14:11:25,043 [INFO]  Epoch[3] Train-air_time5-accuracy=0.000000
2023-11-08 14:11:25,044 [INFO]  Epoch[3] Time cost=0.008
2023-11-08 14:11:25,045 [INFO]  Saved checkpoint to "./imputer_model/imputer_model_air_time5/model-0003.params"
2023-11-08 14:11:25,045 [INFO]  Epoch[3] Validation-cross-entropy=36.725876
2023-11-08 14:11:25,046 [INFO]  Epoch[3] Validation-air_time5-accuracy=0.000000
2023-11-08 14:11:25,052 [INFO]  Epoch[4] Batch [0-4]	Speed: 11705.71 samples/sec	cross-entropy=3.279707	air_time5-accuracy=0.000000
2023-11-08 14:11:25,056 [INFO]  Epoch[4] Train-cross-entropy=2.686045
2023-11-08 14:11:25,056 [INFO]  Epoch[4] Train-air_time5-accuracy=0.000000
2023-11-08 14:11:25,056 [INFO]  Epoch[4] Time cost=0.011
2023-11-08 14:11:25,059 [INFO]  Saved checkpoint to "./imputer_model/imputer_model_air_time5/model-0004.params"
2023-11-08 14:11:25,059 [INFO]  Epoch[4] Validation-cross-entropy=33.172043
2023-11-08 14:11:25,059 [INFO]  Epoch[4] Validation-air_time5-accuracy=0.000000
2023-11-08 14:11:25,059 [INFO]  
========== done (0.06674838066101074 s) fit model
2023-11-08 14:24:57,651 [INFO]  
========== start: fit model
2023-11-08 14:24:57,652 [WARNING]  Already bound, ignoring bind()
2023-11-08 14:24:57,659 [INFO]  Epoch[0] Batch [0-4]	Speed: 13720.89 samples/sec	cross-entropy=19.288714	air_time5-accuracy=0.000000
2023-11-08 14:24:57,662 [INFO]  Epoch[0] Train-cross-entropy=16.593045
2023-11-08 14:24:57,662 [INFO]  Epoch[0] Train-air_time5-accuracy=0.000000
2023-11-08 14:24:57,662 [INFO]  Epoch[0] Time cost=0.010
2023-11-08 14:24:57,663 [INFO]  Saved checkpoint to "./imputer_model/imputer_model_air_time5/model-0000.params"
2023-11-08 14:24:57,664 [INFO]  Epoch[0] Validation-cross-entropy=101.787987
2023-11-08 14:24:57,664 [INFO]  Epoch[0] Validation-air_time5-accuracy=0.000000
2023-11-08 14:24:57,670 [INFO]  Epoch[1] Batch [0-4]	Speed: 14096.28 samples/sec	cross-entropy=43.523635	air_time5-accuracy=0.000000
2023-11-08 14:24:57,674 [INFO]  Epoch[1] Train-cross-entropy=31.553569
2023-11-08 14:24:57,674 [INFO]  Epoch[1] Train-air_time5-accuracy=0.000000
2023-11-08 14:24:57,675 [INFO]  Epoch[1] Time cost=0.011
2023-11-08 14:24:57,678 [INFO]  Saved checkpoint to "./imputer_model/imputer_model_air_time5/model-0001.params"
2023-11-08 14:24:57,679 [INFO]  Epoch[1] Validation-cross-entropy=122.857330
2023-11-08 14:24:57,679 [INFO]  Epoch[1] Validation-air_time5-accuracy=0.000000
2023-11-08 14:24:57,687 [INFO]  Epoch[2] Batch [0-4]	Speed: 10931.56 samples/sec	cross-entropy=5.476769	air_time5-accuracy=0.000000
2023-11-08 14:24:57,691 [INFO]  Epoch[2] Train-cross-entropy=8.047339
2023-11-08 14:24:57,691 [INFO]  Epoch[2] Train-air_time5-accuracy=0.000000
2023-11-08 14:24:57,691 [INFO]  Epoch[2] Time cost=0.012
2023-11-08 14:24:57,693 [INFO]  Saved checkpoint to "./imputer_model/imputer_model_air_time5/model-0002.params"
2023-11-08 14:24:57,694 [INFO]  Epoch[2] Validation-cross-entropy=106.688858
2023-11-08 14:24:57,694 [INFO]  Epoch[2] Validation-air_time5-accuracy=0.000000
2023-11-08 14:24:57,700 [INFO]  Epoch[3] Batch [0-4]	Speed: 15081.49 samples/sec	cross-entropy=3.423035	air_time5-accuracy=0.000000
2023-11-08 14:24:57,703 [INFO]  Epoch[3] Train-cross-entropy=5.654676
2023-11-08 14:24:57,703 [INFO]  Epoch[3] Train-air_time5-accuracy=0.000000
2023-11-08 14:24:57,703 [INFO]  Epoch[3] Time cost=0.009
2023-11-08 14:24:57,704 [INFO]  Saved checkpoint to "./imputer_model/imputer_model_air_time5/model-0003.params"
2023-11-08 14:24:57,705 [INFO]  Epoch[3] Validation-cross-entropy=101.786423
2023-11-08 14:24:57,705 [INFO]  Epoch[3] Validation-air_time5-accuracy=0.000000
2023-11-08 14:24:57,710 [INFO]  Epoch[4] Batch [0-4]	Speed: 15993.53 samples/sec	cross-entropy=1.823822	air_time5-accuracy=0.000000
2023-11-08 14:24:57,713 [INFO]  Epoch[4] Train-cross-entropy=1.738073
2023-11-08 14:24:57,713 [INFO]  Epoch[4] Train-air_time5-accuracy=0.000000
2023-11-08 14:24:57,713 [INFO]  Epoch[4] Time cost=0.008
2023-11-08 14:24:57,715 [INFO]  Saved checkpoint to "./imputer_model/imputer_model_air_time5/model-0004.params"
2023-11-08 14:24:57,715 [INFO]  Epoch[4] Validation-cross-entropy=94.570816
2023-11-08 14:24:57,715 [INFO]  Epoch[4] Validation-air_time5-accuracy=0.000000
2023-11-08 14:24:57,715 [INFO]  
========== done (0.06392240524291992 s) fit model
2023-11-08 14:38:52,273 [INFO]  
========== start: fit model
2023-11-08 14:38:52,274 [WARNING]  Already bound, ignoring bind()
2023-11-08 14:38:52,283 [INFO]  Epoch[0] Batch [0-4]	Speed: 10373.11 samples/sec	cross-entropy=22.600302	air_time5-accuracy=2.600000
2023-11-08 14:38:52,288 [INFO]  Epoch[0] Train-cross-entropy=19.165469
2023-11-08 14:38:52,288 [INFO]  Epoch[0] Train-air_time5-accuracy=2.500000
2023-11-08 14:38:52,288 [INFO]  Epoch[0] Time cost=0.014
2023-11-08 14:38:52,291 [INFO]  Saved checkpoint to "./imputer_model/imputer_model_air_time5/model-0000.params"
2023-11-08 14:38:52,292 [INFO]  Epoch[0] Validation-cross-entropy=22.364698
2023-11-08 14:38:52,292 [INFO]  Epoch[0] Validation-air_time5-accuracy=0.000000
2023-11-08 14:38:52,298 [INFO]  Epoch[1] Batch [0-4]	Speed: 14812.68 samples/sec	cross-entropy=47.434396	air_time5-accuracy=2.600000
2023-11-08 14:38:52,301 [INFO]  Epoch[1] Train-cross-entropy=38.300920
2023-11-08 14:38:52,301 [INFO]  Epoch[1] Train-air_time5-accuracy=2.500000
2023-11-08 14:38:52,302 [INFO]  Epoch[1] Time cost=0.009
2023-11-08 14:38:52,304 [INFO]  Saved checkpoint to "./imputer_model/imputer_model_air_time5/model-0001.params"
2023-11-08 14:38:52,304 [INFO]  Epoch[1] Validation-cross-entropy=12.406766
2023-11-08 14:38:52,304 [INFO]  Epoch[1] Validation-air_time5-accuracy=0.000000
2023-11-08 14:38:52,309 [INFO]  Epoch[2] Batch [0-4]	Speed: 16728.08 samples/sec	cross-entropy=8.633377	air_time5-accuracy=2.600000
2023-11-08 14:38:52,312 [INFO]  Epoch[2] Train-cross-entropy=9.271860
2023-11-08 14:38:52,312 [INFO]  Epoch[2] Train-air_time5-accuracy=2.500000
2023-11-08 14:38:52,312 [INFO]  Epoch[2] Time cost=0.008
2023-11-08 14:38:52,314 [INFO]  Saved checkpoint to "./imputer_model/imputer_model_air_time5/model-0002.params"
2023-11-08 14:38:52,315 [INFO]  Epoch[2] Validation-cross-entropy=17.144236
2023-11-08 14:38:52,315 [INFO]  Epoch[2] Validation-air_time5-accuracy=0.000000
2023-11-08 14:38:52,320 [INFO]  Epoch[3] Batch [0-4]	Speed: 16363.03 samples/sec	cross-entropy=4.198830	air_time5-accuracy=2.600000
2023-11-08 14:38:52,323 [INFO]  Epoch[3] Train-cross-entropy=3.790543
2023-11-08 14:38:52,323 [INFO]  Epoch[3] Train-air_time5-accuracy=2.500000
2023-11-08 14:38:52,323 [INFO]  Epoch[3] Time cost=0.008
2023-11-08 14:38:52,324 [INFO]  Saved checkpoint to "./imputer_model/imputer_model_air_time5/model-0003.params"
2023-11-08 14:38:52,325 [INFO]  Epoch[3] Validation-cross-entropy=8.921682
2023-11-08 14:38:52,325 [INFO]  Epoch[3] Validation-air_time5-accuracy=0.000000
2023-11-08 14:38:52,329 [INFO]  Epoch[4] Batch [0-4]	Speed: 17119.61 samples/sec	cross-entropy=2.335616	air_time5-accuracy=2.600000
2023-11-08 14:38:52,336 [INFO]  Epoch[4] Train-cross-entropy=1.738911
2023-11-08 14:38:52,336 [INFO]  Epoch[4] Train-air_time5-accuracy=2.500000
2023-11-08 14:38:52,336 [INFO]  Epoch[4] Time cost=0.012
2023-11-08 14:38:52,338 [INFO]  Saved checkpoint to "./imputer_model/imputer_model_air_time5/model-0004.params"
2023-11-08 14:38:52,339 [INFO]  Epoch[4] Validation-cross-entropy=10.630399
2023-11-08 14:38:52,339 [INFO]  Epoch[4] Validation-air_time5-accuracy=0.000000
2023-11-08 14:38:52,339 [INFO]  
========== done (0.06535172462463379 s) fit model
2023-11-08 14:52:56,994 [INFO]  
========== start: fit model
2023-11-08 14:52:56,995 [WARNING]  Already bound, ignoring bind()
2023-11-08 14:52:57,001 [INFO]  Epoch[0] Batch [0-4]	Speed: 14040.98 samples/sec	cross-entropy=21.289255	air_time5-accuracy=3.400000
2023-11-08 14:52:57,005 [INFO]  Epoch[0] Train-cross-entropy=21.607852
2023-11-08 14:52:57,005 [INFO]  Epoch[0] Train-air_time5-accuracy=3.375000
2023-11-08 14:52:57,005 [INFO]  Epoch[0] Time cost=0.010
2023-11-08 14:52:57,006 [INFO]  Saved checkpoint to "./imputer_model/imputer_model_air_time5/model-0000.params"
2023-11-08 14:52:57,007 [INFO]  Epoch[0] Validation-cross-entropy=23.302259
2023-11-08 14:52:57,007 [INFO]  Epoch[0] Validation-air_time5-accuracy=0.000000
2023-11-08 14:52:57,015 [INFO]  Epoch[1] Batch [0-4]	Speed: 10120.86 samples/sec	cross-entropy=62.531797	air_time5-accuracy=3.400000
2023-11-08 14:52:57,020 [INFO]  Epoch[1] Train-cross-entropy=53.267287
2023-11-08 14:52:57,020 [INFO]  Epoch[1] Train-air_time5-accuracy=3.375000
2023-11-08 14:52:57,021 [INFO]  Epoch[1] Time cost=0.014
2023-11-08 14:52:57,023 [INFO]  Saved checkpoint to "./imputer_model/imputer_model_air_time5/model-0001.params"
2023-11-08 14:52:57,024 [INFO]  Epoch[1] Validation-cross-entropy=14.454845
2023-11-08 14:52:57,024 [INFO]  Epoch[1] Validation-air_time5-accuracy=0.000000
2023-11-08 14:52:57,031 [INFO]  Epoch[2] Batch [0-4]	Speed: 12219.39 samples/sec	cross-entropy=6.324726	air_time5-accuracy=3.400000
2023-11-08 14:52:57,034 [INFO]  Epoch[2] Train-cross-entropy=9.255535
2023-11-08 14:52:57,035 [INFO]  Epoch[2] Train-air_time5-accuracy=3.375000
2023-11-08 14:52:57,035 [INFO]  Epoch[2] Time cost=0.011
2023-11-08 14:52:57,036 [INFO]  Saved checkpoint to "./imputer_model/imputer_model_air_time5/model-0002.params"
2023-11-08 14:52:57,037 [INFO]  Epoch[2] Validation-cross-entropy=9.769217
2023-11-08 14:52:57,037 [INFO]  Epoch[2] Validation-air_time5-accuracy=0.000000
2023-11-08 14:52:57,044 [INFO]  Epoch[3] Batch [0-4]	Speed: 12533.76 samples/sec	cross-entropy=6.422734	air_time5-accuracy=3.400000
2023-11-08 14:52:57,048 [INFO]  Epoch[3] Train-cross-entropy=4.460786
2023-11-08 14:52:57,048 [INFO]  Epoch[3] Train-air_time5-accuracy=3.375000
2023-11-08 14:52:57,048 [INFO]  Epoch[3] Time cost=0.011
2023-11-08 14:52:57,050 [INFO]  Saved checkpoint to "./imputer_model/imputer_model_air_time5/model-0003.params"
2023-11-08 14:52:57,051 [INFO]  Epoch[3] Validation-cross-entropy=5.231485
2023-11-08 14:52:57,051 [INFO]  Epoch[3] Validation-air_time5-accuracy=0.000000
2023-11-08 14:52:57,057 [INFO]  Epoch[4] Batch [0-4]	Speed: 12741.99 samples/sec	cross-entropy=2.887330	air_time5-accuracy=3.400000
2023-11-08 14:52:57,061 [INFO]  Epoch[4] Train-cross-entropy=2.092069
2023-11-08 14:52:57,061 [INFO]  Epoch[4] Train-air_time5-accuracy=3.375000
2023-11-08 14:52:57,061 [INFO]  Epoch[4] Time cost=0.010
2023-11-08 14:52:57,063 [INFO]  Saved checkpoint to "./imputer_model/imputer_model_air_time5/model-0004.params"
2023-11-08 14:52:57,063 [INFO]  Epoch[4] Validation-cross-entropy=6.114207
2023-11-08 14:52:57,063 [INFO]  Epoch[4] Validation-air_time5-accuracy=0.000000
2023-11-08 14:52:57,063 [INFO]  
========== done (0.0690774917602539 s) fit model
