2023-11-08 12:53:10,949 [INFO]  
========== start: fit model
2023-11-08 12:53:10,950 [WARNING]  Already bound, ignoring bind()
2023-11-08 12:53:10,984 [INFO]  Epoch[0] Batch [0-4]	Speed: 2395.14 samples/sec	cross-entropy=23.869635	num_of_pendown23-accuracy=0.000000
2023-11-08 12:53:11,026 [INFO]  Epoch[0] Train-cross-entropy=19.492533
2023-11-08 12:53:11,026 [INFO]  Epoch[0] Train-num_of_pendown23-accuracy=0.000000
2023-11-08 12:53:11,026 [INFO]  Epoch[0] Time cost=0.074
2023-11-08 12:53:11,029 [INFO]  Saved checkpoint to "./imputer_model/imputer_model_num_of_pendown23/model-0000.params"
2023-11-08 12:53:11,030 [INFO]  Epoch[0] Validation-cross-entropy=34.725094
2023-11-08 12:53:11,031 [INFO]  Epoch[0] Validation-num_of_pendown23-accuracy=0.000000
2023-11-08 12:53:11,172 [INFO]  Epoch[1] Batch [0-4]	Speed: 1614.16 samples/sec	cross-entropy=31.048607	num_of_pendown23-accuracy=0.000000
2023-11-08 12:53:11,220 [INFO]  Epoch[1] Train-cross-entropy=23.405603
2023-11-08 12:53:11,220 [INFO]  Epoch[1] Train-num_of_pendown23-accuracy=0.000000
2023-11-08 12:53:11,220 [INFO]  Epoch[1] Time cost=0.190
2023-11-08 12:53:11,223 [INFO]  Saved checkpoint to "./imputer_model/imputer_model_num_of_pendown23/model-0001.params"
2023-11-08 12:53:11,224 [INFO]  Epoch[1] Validation-cross-entropy=23.499357
2023-11-08 12:53:11,224 [INFO]  Epoch[1] Validation-num_of_pendown23-accuracy=0.000000
2023-11-08 12:53:11,231 [INFO]  Epoch[2] Batch [0-4]	Speed: 12402.30 samples/sec	cross-entropy=4.019271	num_of_pendown23-accuracy=0.000000
2023-11-08 12:53:11,256 [INFO]  Epoch[2] Train-cross-entropy=3.317893
2023-11-08 12:53:11,256 [INFO]  Epoch[2] Train-num_of_pendown23-accuracy=0.000000
2023-11-08 12:53:11,256 [INFO]  Epoch[2] Time cost=0.032
2023-11-08 12:53:11,260 [INFO]  Saved checkpoint to "./imputer_model/imputer_model_num_of_pendown23/model-0002.params"
2023-11-08 12:53:11,278 [INFO]  Epoch[2] Validation-cross-entropy=22.255405
2023-11-08 12:53:11,278 [INFO]  Epoch[2] Validation-num_of_pendown23-accuracy=0.000000
2023-11-08 12:53:11,299 [INFO]  Epoch[3] Batch [0-4]	Speed: 3598.72 samples/sec	cross-entropy=3.295001	num_of_pendown23-accuracy=0.000000
2023-11-08 12:53:11,313 [INFO]  Epoch[3] Train-cross-entropy=2.661530
2023-11-08 12:53:11,314 [INFO]  Epoch[3] Train-num_of_pendown23-accuracy=0.000000
2023-11-08 12:53:11,314 [INFO]  Epoch[3] Time cost=0.036
2023-11-08 12:53:11,317 [INFO]  Saved checkpoint to "./imputer_model/imputer_model_num_of_pendown23/model-0003.params"
2023-11-08 12:53:11,319 [INFO]  Epoch[3] Validation-cross-entropy=19.699600
2023-11-08 12:53:11,319 [INFO]  Epoch[3] Validation-num_of_pendown23-accuracy=0.000000
2023-11-08 12:53:11,348 [INFO]  Epoch[4] Batch [0-4]	Speed: 3348.87 samples/sec	cross-entropy=1.029618	num_of_pendown23-accuracy=0.000000
2023-11-08 12:53:11,364 [INFO]  Epoch[4] Train-cross-entropy=0.797497
2023-11-08 12:53:11,364 [INFO]  Epoch[4] Train-num_of_pendown23-accuracy=0.000000
2023-11-08 12:53:11,364 [INFO]  Epoch[4] Time cost=0.045
2023-11-08 12:53:11,366 [INFO]  Saved checkpoint to "./imputer_model/imputer_model_num_of_pendown23/model-0004.params"
2023-11-08 12:53:11,367 [INFO]  Epoch[4] Validation-cross-entropy=23.585711
2023-11-08 12:53:11,368 [INFO]  Epoch[4] Validation-num_of_pendown23-accuracy=0.000000
2023-11-08 12:53:11,368 [INFO]  
========== done (0.4188680648803711 s) fit model
2023-11-08 13:09:47,512 [INFO]  
========== start: fit model
2023-11-08 13:09:47,513 [WARNING]  Already bound, ignoring bind()
2023-11-08 13:09:47,522 [INFO]  Epoch[0] Batch [0-4]	Speed: 13933.12 samples/sec	cross-entropy=22.942879	num_of_pendown23-accuracy=0.000000
2023-11-08 13:09:47,525 [INFO]  Epoch[0] Train-cross-entropy=24.089483
2023-11-08 13:09:47,525 [INFO]  Epoch[0] Train-num_of_pendown23-accuracy=0.000000
2023-11-08 13:09:47,525 [INFO]  Epoch[0] Time cost=0.012
2023-11-08 13:09:47,527 [INFO]  Saved checkpoint to "./imputer_model/imputer_model_num_of_pendown23/model-0000.params"
2023-11-08 13:09:47,527 [INFO]  Epoch[0] Validation-cross-entropy=18.934258
2023-11-08 13:09:47,527 [INFO]  Epoch[0] Validation-num_of_pendown23-accuracy=0.000000
2023-11-08 13:09:47,534 [INFO]  Epoch[1] Batch [0-4]	Speed: 11790.03 samples/sec	cross-entropy=36.342598	num_of_pendown23-accuracy=0.000000
2023-11-08 13:09:47,539 [INFO]  Epoch[1] Train-cross-entropy=34.042599
2023-11-08 13:09:47,540 [INFO]  Epoch[1] Train-num_of_pendown23-accuracy=0.000000
2023-11-08 13:09:47,540 [INFO]  Epoch[1] Time cost=0.012
2023-11-08 13:09:47,543 [INFO]  Saved checkpoint to "./imputer_model/imputer_model_num_of_pendown23/model-0001.params"
2023-11-08 13:09:47,544 [INFO]  Epoch[1] Validation-cross-entropy=10.528056
2023-11-08 13:09:47,544 [INFO]  Epoch[1] Validation-num_of_pendown23-accuracy=0.000000
2023-11-08 13:09:47,552 [INFO]  Epoch[2] Batch [0-4]	Speed: 11589.48 samples/sec	cross-entropy=3.914190	num_of_pendown23-accuracy=0.000000
2023-11-08 13:09:47,556 [INFO]  Epoch[2] Train-cross-entropy=3.870386
2023-11-08 13:09:47,556 [INFO]  Epoch[2] Train-num_of_pendown23-accuracy=0.000000
2023-11-08 13:09:47,556 [INFO]  Epoch[2] Time cost=0.012
2023-11-08 13:09:47,558 [INFO]  Saved checkpoint to "./imputer_model/imputer_model_num_of_pendown23/model-0002.params"
2023-11-08 13:09:47,559 [INFO]  Epoch[2] Validation-cross-entropy=10.802739
2023-11-08 13:09:47,559 [INFO]  Epoch[2] Validation-num_of_pendown23-accuracy=0.000000
2023-11-08 13:09:47,565 [INFO]  Epoch[3] Batch [0-4]	Speed: 13688.70 samples/sec	cross-entropy=2.290987	num_of_pendown23-accuracy=0.000000
2023-11-08 13:09:47,569 [INFO]  Epoch[3] Train-cross-entropy=2.012286
2023-11-08 13:09:47,569 [INFO]  Epoch[3] Train-num_of_pendown23-accuracy=0.000000
2023-11-08 13:09:47,569 [INFO]  Epoch[3] Time cost=0.010
2023-11-08 13:09:47,595 [INFO]  Saved checkpoint to "./imputer_model/imputer_model_num_of_pendown23/model-0003.params"
2023-11-08 13:09:47,596 [INFO]  Epoch[3] Validation-cross-entropy=8.278120
2023-11-08 13:09:47,596 [INFO]  Epoch[3] Validation-num_of_pendown23-accuracy=0.000000
2023-11-08 13:09:47,604 [INFO]  Epoch[4] Batch [0-4]	Speed: 9918.18 samples/sec	cross-entropy=1.355943	num_of_pendown23-accuracy=0.000000
2023-11-08 13:09:47,609 [INFO]  Epoch[4] Train-cross-entropy=1.068514
2023-11-08 13:09:47,609 [INFO]  Epoch[4] Train-num_of_pendown23-accuracy=0.000000
2023-11-08 13:09:47,609 [INFO]  Epoch[4] Time cost=0.013
2023-11-08 13:09:47,612 [INFO]  Saved checkpoint to "./imputer_model/imputer_model_num_of_pendown23/model-0004.params"
2023-11-08 13:09:47,613 [INFO]  Epoch[4] Validation-cross-entropy=13.489942
2023-11-08 13:09:47,613 [INFO]  Epoch[4] Validation-num_of_pendown23-accuracy=0.000000
2023-11-08 13:09:47,613 [INFO]  
========== done (0.10053467750549316 s) fit model
2023-11-08 13:23:04,695 [INFO]  
========== start: fit model
2023-11-08 13:23:04,695 [WARNING]  Already bound, ignoring bind()
2023-11-08 13:23:04,702 [INFO]  Epoch[0] Batch [0-4]	Speed: 13975.92 samples/sec	cross-entropy=16.978096	num_of_pendown23-accuracy=1.200000
2023-11-08 13:23:04,705 [INFO]  Epoch[0] Train-cross-entropy=18.277007
2023-11-08 13:23:04,705 [INFO]  Epoch[0] Train-num_of_pendown23-accuracy=1.375000
2023-11-08 13:23:04,705 [INFO]  Epoch[0] Time cost=0.010
2023-11-08 13:23:04,707 [INFO]  Saved checkpoint to "./imputer_model/imputer_model_num_of_pendown23/model-0000.params"
2023-11-08 13:23:04,707 [INFO]  Epoch[0] Validation-cross-entropy=46.507904
2023-11-08 13:23:04,707 [INFO]  Epoch[0] Validation-num_of_pendown23-accuracy=0.000000
2023-11-08 13:23:04,713 [INFO]  Epoch[1] Batch [0-4]	Speed: 14721.70 samples/sec	cross-entropy=35.976666	num_of_pendown23-accuracy=1.200000
2023-11-08 13:23:04,716 [INFO]  Epoch[1] Train-cross-entropy=28.345268
2023-11-08 13:23:04,716 [INFO]  Epoch[1] Train-num_of_pendown23-accuracy=1.375000
2023-11-08 13:23:04,716 [INFO]  Epoch[1] Time cost=0.009
2023-11-08 13:23:04,717 [INFO]  Saved checkpoint to "./imputer_model/imputer_model_num_of_pendown23/model-0001.params"
2023-11-08 13:23:04,718 [INFO]  Epoch[1] Validation-cross-entropy=4.046667
2023-11-08 13:23:04,718 [INFO]  Epoch[1] Validation-num_of_pendown23-accuracy=0.000000
2023-11-08 13:23:04,723 [INFO]  Epoch[2] Batch [0-4]	Speed: 15158.14 samples/sec	cross-entropy=12.349311	num_of_pendown23-accuracy=1.200000
2023-11-08 13:23:04,727 [INFO]  Epoch[2] Train-cross-entropy=9.661694
2023-11-08 13:23:04,727 [INFO]  Epoch[2] Train-num_of_pendown23-accuracy=1.375000
2023-11-08 13:23:04,727 [INFO]  Epoch[2] Time cost=0.009
2023-11-08 13:23:04,728 [INFO]  Saved checkpoint to "./imputer_model/imputer_model_num_of_pendown23/model-0002.params"
2023-11-08 13:23:04,728 [INFO]  Epoch[2] Validation-cross-entropy=6.773581
2023-11-08 13:23:04,728 [INFO]  Epoch[2] Validation-num_of_pendown23-accuracy=0.000000
2023-11-08 13:23:04,733 [INFO]  Epoch[3] Batch [0-4]	Speed: 16172.76 samples/sec	cross-entropy=9.599943	num_of_pendown23-accuracy=1.200000
2023-11-08 13:23:04,736 [INFO]  Epoch[3] Train-cross-entropy=6.609092
2023-11-08 13:23:04,737 [INFO]  Epoch[3] Train-num_of_pendown23-accuracy=1.375000
2023-11-08 13:23:04,737 [INFO]  Epoch[3] Time cost=0.008
2023-11-08 13:23:04,738 [INFO]  Saved checkpoint to "./imputer_model/imputer_model_num_of_pendown23/model-0003.params"
2023-11-08 13:23:04,738 [INFO]  Epoch[3] Validation-cross-entropy=3.924587
2023-11-08 13:23:04,739 [INFO]  Epoch[3] Validation-num_of_pendown23-accuracy=0.000000
2023-11-08 13:23:04,744 [INFO]  Epoch[4] Batch [0-4]	Speed: 16316.28 samples/sec	cross-entropy=2.176399	num_of_pendown23-accuracy=1.200000
2023-11-08 13:23:04,746 [INFO]  Epoch[4] Train-cross-entropy=1.906635
2023-11-08 13:23:04,746 [INFO]  Epoch[4] Train-num_of_pendown23-accuracy=1.375000
2023-11-08 13:23:04,747 [INFO]  Epoch[4] Time cost=0.008
2023-11-08 13:23:04,748 [INFO]  Saved checkpoint to "./imputer_model/imputer_model_num_of_pendown23/model-0004.params"
2023-11-08 13:23:04,748 [INFO]  Epoch[4] Validation-cross-entropy=5.041416
2023-11-08 13:23:04,748 [INFO]  Epoch[4] Validation-num_of_pendown23-accuracy=0.000000
2023-11-08 13:23:04,748 [INFO]  
========== done (0.0537266731262207 s) fit model
2023-11-08 13:36:24,700 [INFO]  
========== start: fit model
2023-11-08 13:36:24,700 [WARNING]  Already bound, ignoring bind()
2023-11-08 13:36:24,709 [INFO]  Epoch[0] Batch [0-4]	Speed: 10166.08 samples/sec	cross-entropy=24.053623	num_of_pendown23-accuracy=0.000000
2023-11-08 13:36:24,713 [INFO]  Epoch[0] Train-cross-entropy=22.302782
2023-11-08 13:36:24,714 [INFO]  Epoch[0] Train-num_of_pendown23-accuracy=0.000000
2023-11-08 13:36:24,714 [INFO]  Epoch[0] Time cost=0.013
2023-11-08 13:36:24,717 [INFO]  Saved checkpoint to "./imputer_model/imputer_model_num_of_pendown23/model-0000.params"
2023-11-08 13:36:24,718 [INFO]  Epoch[0] Validation-cross-entropy=145.268997
2023-11-08 13:36:24,718 [INFO]  Epoch[0] Validation-num_of_pendown23-accuracy=0.000000
2023-11-08 13:36:24,723 [INFO]  Epoch[1] Batch [0-4]	Speed: 15505.74 samples/sec	cross-entropy=35.990721	num_of_pendown23-accuracy=0.000000
2023-11-08 13:36:24,726 [INFO]  Epoch[1] Train-cross-entropy=30.188534
2023-11-08 13:36:24,727 [INFO]  Epoch[1] Train-num_of_pendown23-accuracy=0.000000
2023-11-08 13:36:24,727 [INFO]  Epoch[1] Time cost=0.009
2023-11-08 13:36:24,728 [INFO]  Saved checkpoint to "./imputer_model/imputer_model_num_of_pendown23/model-0001.params"
2023-11-08 13:36:24,729 [INFO]  Epoch[1] Validation-cross-entropy=93.088333
2023-11-08 13:36:24,729 [INFO]  Epoch[1] Validation-num_of_pendown23-accuracy=0.000000
2023-11-08 13:36:24,733 [INFO]  Epoch[2] Batch [0-4]	Speed: 20351.44 samples/sec	cross-entropy=5.262875	num_of_pendown23-accuracy=0.000000
2023-11-08 13:36:24,736 [INFO]  Epoch[2] Train-cross-entropy=4.301125
2023-11-08 13:36:24,736 [INFO]  Epoch[2] Train-num_of_pendown23-accuracy=0.000000
2023-11-08 13:36:24,736 [INFO]  Epoch[2] Time cost=0.007
2023-11-08 13:36:24,737 [INFO]  Saved checkpoint to "./imputer_model/imputer_model_num_of_pendown23/model-0002.params"
2023-11-08 13:36:24,738 [INFO]  Epoch[2] Validation-cross-entropy=111.729584
2023-11-08 13:36:24,738 [INFO]  Epoch[2] Validation-num_of_pendown23-accuracy=0.000000
2023-11-08 13:36:24,742 [INFO]  Epoch[3] Batch [0-4]	Speed: 19011.01 samples/sec	cross-entropy=1.866789	num_of_pendown23-accuracy=0.000000
2023-11-08 13:36:24,745 [INFO]  Epoch[3] Train-cross-entropy=2.120510
2023-11-08 13:36:24,745 [INFO]  Epoch[3] Train-num_of_pendown23-accuracy=0.000000
2023-11-08 13:36:24,745 [INFO]  Epoch[3] Time cost=0.007
2023-11-08 13:36:24,746 [INFO]  Saved checkpoint to "./imputer_model/imputer_model_num_of_pendown23/model-0003.params"
2023-11-08 13:36:24,746 [INFO]  Epoch[3] Validation-cross-entropy=100.521454
2023-11-08 13:36:24,746 [INFO]  Epoch[3] Validation-num_of_pendown23-accuracy=0.000000
2023-11-08 13:36:24,751 [INFO]  Epoch[4] Batch [0-4]	Speed: 18754.66 samples/sec	cross-entropy=1.431245	num_of_pendown23-accuracy=0.000000
2023-11-08 13:36:24,753 [INFO]  Epoch[4] Train-cross-entropy=1.116937
2023-11-08 13:36:24,753 [INFO]  Epoch[4] Train-num_of_pendown23-accuracy=0.000000
2023-11-08 13:36:24,753 [INFO]  Epoch[4] Time cost=0.007
2023-11-08 13:36:24,755 [INFO]  Saved checkpoint to "./imputer_model/imputer_model_num_of_pendown23/model-0004.params"
2023-11-08 13:36:24,755 [INFO]  Epoch[4] Validation-cross-entropy=103.658081
2023-11-08 13:36:24,755 [INFO]  Epoch[4] Validation-num_of_pendown23-accuracy=0.000000
2023-11-08 13:36:24,755 [INFO]  
========== done (0.05508732795715332 s) fit model
2023-11-08 13:49:45,730 [INFO]  
========== start: fit model
2023-11-08 13:49:45,730 [WARNING]  Already bound, ignoring bind()
2023-11-08 13:49:45,737 [INFO]  Epoch[0] Batch [0-4]	Speed: 14137.11 samples/sec	cross-entropy=16.098307	num_of_pendown23-accuracy=2.600000
2023-11-08 13:49:45,741 [INFO]  Epoch[0] Train-cross-entropy=17.154484
2023-11-08 13:49:45,741 [INFO]  Epoch[0] Train-num_of_pendown23-accuracy=2.250000
2023-11-08 13:49:45,741 [INFO]  Epoch[0] Time cost=0.010
2023-11-08 13:49:45,742 [INFO]  Saved checkpoint to "./imputer_model/imputer_model_num_of_pendown23/model-0000.params"
2023-11-08 13:49:45,742 [INFO]  Epoch[0] Validation-cross-entropy=42.760586
2023-11-08 13:49:45,742 [INFO]  Epoch[0] Validation-num_of_pendown23-accuracy=0.000000
2023-11-08 13:49:45,751 [INFO]  Epoch[1] Batch [0-4]	Speed: 10087.39 samples/sec	cross-entropy=35.762623	num_of_pendown23-accuracy=2.600000
2023-11-08 13:49:45,756 [INFO]  Epoch[1] Train-cross-entropy=27.616733
2023-11-08 13:49:45,756 [INFO]  Epoch[1] Train-num_of_pendown23-accuracy=2.250000
2023-11-08 13:49:45,756 [INFO]  Epoch[1] Time cost=0.014
2023-11-08 13:49:45,759 [INFO]  Saved checkpoint to "./imputer_model/imputer_model_num_of_pendown23/model-0001.params"
2023-11-08 13:49:45,760 [INFO]  Epoch[1] Validation-cross-entropy=54.683399
2023-11-08 13:49:45,760 [INFO]  Epoch[1] Validation-num_of_pendown23-accuracy=0.000000
2023-11-08 13:49:45,766 [INFO]  Epoch[2] Batch [0-4]	Speed: 15578.63 samples/sec	cross-entropy=9.981476	num_of_pendown23-accuracy=2.600000
2023-11-08 13:49:45,769 [INFO]  Epoch[2] Train-cross-entropy=8.036223
2023-11-08 13:49:45,769 [INFO]  Epoch[2] Train-num_of_pendown23-accuracy=2.250000
2023-11-08 13:49:45,769 [INFO]  Epoch[2] Time cost=0.009
2023-11-08 13:49:45,771 [INFO]  Saved checkpoint to "./imputer_model/imputer_model_num_of_pendown23/model-0002.params"
2023-11-08 13:49:45,771 [INFO]  Epoch[2] Validation-cross-entropy=76.663956
2023-11-08 13:49:45,771 [INFO]  Epoch[2] Validation-num_of_pendown23-accuracy=0.000000
2023-11-08 13:49:45,776 [INFO]  Epoch[3] Batch [0-4]	Speed: 16563.96 samples/sec	cross-entropy=11.237622	num_of_pendown23-accuracy=2.600000
2023-11-08 13:49:45,779 [INFO]  Epoch[3] Train-cross-entropy=7.815424
2023-11-08 13:49:45,779 [INFO]  Epoch[3] Train-num_of_pendown23-accuracy=2.250000
2023-11-08 13:49:45,779 [INFO]  Epoch[3] Time cost=0.008
2023-11-08 13:49:45,780 [INFO]  Saved checkpoint to "./imputer_model/imputer_model_num_of_pendown23/model-0003.params"
2023-11-08 13:49:45,781 [INFO]  Epoch[3] Validation-cross-entropy=37.012768
2023-11-08 13:49:45,781 [INFO]  Epoch[3] Validation-num_of_pendown23-accuracy=0.000000
2023-11-08 13:49:45,787 [INFO]  Epoch[4] Batch [0-4]	Speed: 14335.67 samples/sec	cross-entropy=3.913123	num_of_pendown23-accuracy=2.600000
2023-11-08 13:49:45,790 [INFO]  Epoch[4] Train-cross-entropy=2.899020
2023-11-08 13:49:45,790 [INFO]  Epoch[4] Train-num_of_pendown23-accuracy=2.250000
2023-11-08 13:49:45,790 [INFO]  Epoch[4] Time cost=0.009
2023-11-08 13:49:45,791 [INFO]  Saved checkpoint to "./imputer_model/imputer_model_num_of_pendown23/model-0004.params"
2023-11-08 13:49:45,792 [INFO]  Epoch[4] Validation-cross-entropy=47.628613
2023-11-08 13:49:45,792 [INFO]  Epoch[4] Validation-num_of_pendown23-accuracy=0.000000
2023-11-08 13:49:45,792 [INFO]  
========== done (0.0620274543762207 s) fit model
2023-11-08 14:03:08,445 [INFO]  
========== start: fit model
2023-11-08 14:03:08,446 [WARNING]  Already bound, ignoring bind()
2023-11-08 14:03:08,455 [INFO]  Epoch[0] Batch [0-4]	Speed: 10491.09 samples/sec	cross-entropy=17.673853	num_of_pendown23-accuracy=2.000000
2023-11-08 14:03:08,459 [INFO]  Epoch[0] Train-cross-entropy=17.329945
2023-11-08 14:03:08,460 [INFO]  Epoch[0] Train-num_of_pendown23-accuracy=1.875000
2023-11-08 14:03:08,460 [INFO]  Epoch[0] Time cost=0.013
2023-11-08 14:03:08,462 [INFO]  Saved checkpoint to "./imputer_model/imputer_model_num_of_pendown23/model-0000.params"
2023-11-08 14:03:08,463 [INFO]  Epoch[0] Validation-cross-entropy=28.449812
2023-11-08 14:03:08,463 [INFO]  Epoch[0] Validation-num_of_pendown23-accuracy=0.000000
2023-11-08 14:03:08,469 [INFO]  Epoch[1] Batch [0-4]	Speed: 15035.03 samples/sec	cross-entropy=31.467344	num_of_pendown23-accuracy=2.000000
2023-11-08 14:03:08,472 [INFO]  Epoch[1] Train-cross-entropy=24.517034
2023-11-08 14:03:08,472 [INFO]  Epoch[1] Train-num_of_pendown23-accuracy=1.875000
2023-11-08 14:03:08,472 [INFO]  Epoch[1] Time cost=0.009
2023-11-08 14:03:08,474 [INFO]  Saved checkpoint to "./imputer_model/imputer_model_num_of_pendown23/model-0001.params"
2023-11-08 14:03:08,474 [INFO]  Epoch[1] Validation-cross-entropy=35.881042
2023-11-08 14:03:08,475 [INFO]  Epoch[1] Validation-num_of_pendown23-accuracy=0.000000
2023-11-08 14:03:08,479 [INFO]  Epoch[2] Batch [0-4]	Speed: 20470.94 samples/sec	cross-entropy=4.627684	num_of_pendown23-accuracy=2.000000
2023-11-08 14:03:08,481 [INFO]  Epoch[2] Train-cross-entropy=5.851714
2023-11-08 14:03:08,481 [INFO]  Epoch[2] Train-num_of_pendown23-accuracy=1.875000
2023-11-08 14:03:08,481 [INFO]  Epoch[2] Time cost=0.007
2023-11-08 14:03:08,482 [INFO]  Saved checkpoint to "./imputer_model/imputer_model_num_of_pendown23/model-0002.params"
2023-11-08 14:03:08,483 [INFO]  Epoch[2] Validation-cross-entropy=37.575909
2023-11-08 14:03:08,483 [INFO]  Epoch[2] Validation-num_of_pendown23-accuracy=0.000000
2023-11-08 14:03:08,487 [INFO]  Epoch[3] Batch [0-4]	Speed: 19638.27 samples/sec	cross-entropy=3.426421	num_of_pendown23-accuracy=2.000000
2023-11-08 14:03:08,490 [INFO]  Epoch[3] Train-cross-entropy=2.994901
2023-11-08 14:03:08,490 [INFO]  Epoch[3] Train-num_of_pendown23-accuracy=1.875000
2023-11-08 14:03:08,490 [INFO]  Epoch[3] Time cost=0.007
2023-11-08 14:03:08,491 [INFO]  Saved checkpoint to "./imputer_model/imputer_model_num_of_pendown23/model-0003.params"
2023-11-08 14:03:08,492 [INFO]  Epoch[3] Validation-cross-entropy=40.284859
2023-11-08 14:03:08,492 [INFO]  Epoch[3] Validation-num_of_pendown23-accuracy=0.000000
2023-11-08 14:03:08,497 [INFO]  Epoch[4] Batch [0-4]	Speed: 14146.05 samples/sec	cross-entropy=2.679349	num_of_pendown23-accuracy=2.000000
2023-11-08 14:03:08,501 [INFO]  Epoch[4] Train-cross-entropy=2.297138
2023-11-08 14:03:08,501 [INFO]  Epoch[4] Train-num_of_pendown23-accuracy=1.875000
2023-11-08 14:03:08,501 [INFO]  Epoch[4] Time cost=0.009
2023-11-08 14:03:08,503 [INFO]  Saved checkpoint to "./imputer_model/imputer_model_num_of_pendown23/model-0004.params"
2023-11-08 14:03:08,504 [INFO]  Epoch[4] Validation-cross-entropy=38.757442
2023-11-08 14:03:08,504 [INFO]  Epoch[4] Validation-num_of_pendown23-accuracy=0.000000
2023-11-08 14:03:08,504 [INFO]  
========== done (0.058371782302856445 s) fit model
2023-11-08 14:16:34,718 [INFO]  
========== start: fit model
2023-11-08 14:16:34,718 [WARNING]  Already bound, ignoring bind()
2023-11-08 14:16:34,725 [INFO]  Epoch[0] Batch [0-4]	Speed: 14157.99 samples/sec	cross-entropy=19.330090	num_of_pendown23-accuracy=0.000000
2023-11-08 14:16:34,729 [INFO]  Epoch[0] Train-cross-entropy=23.141950
2023-11-08 14:16:34,729 [INFO]  Epoch[0] Train-num_of_pendown23-accuracy=0.000000
2023-11-08 14:16:34,729 [INFO]  Epoch[0] Time cost=0.010
2023-11-08 14:16:34,730 [INFO]  Saved checkpoint to "./imputer_model/imputer_model_num_of_pendown23/model-0000.params"
2023-11-08 14:16:34,730 [INFO]  Epoch[0] Validation-cross-entropy=23.665546
2023-11-08 14:16:34,730 [INFO]  Epoch[0] Validation-num_of_pendown23-accuracy=0.000000
2023-11-08 14:16:34,738 [INFO]  Epoch[1] Batch [0-4]	Speed: 10637.00 samples/sec	cross-entropy=29.819632	num_of_pendown23-accuracy=0.000000
2023-11-08 14:16:34,743 [INFO]  Epoch[1] Train-cross-entropy=22.014183
2023-11-08 14:16:34,744 [INFO]  Epoch[1] Train-num_of_pendown23-accuracy=0.000000
2023-11-08 14:16:34,744 [INFO]  Epoch[1] Time cost=0.013
2023-11-08 14:16:34,747 [INFO]  Saved checkpoint to "./imputer_model/imputer_model_num_of_pendown23/model-0001.params"
2023-11-08 14:16:34,747 [INFO]  Epoch[1] Validation-cross-entropy=21.105322
2023-11-08 14:16:34,747 [INFO]  Epoch[1] Validation-num_of_pendown23-accuracy=0.000000
2023-11-08 14:16:34,753 [INFO]  Epoch[2] Batch [0-4]	Speed: 15779.18 samples/sec	cross-entropy=5.353732	num_of_pendown23-accuracy=0.000000
2023-11-08 14:16:34,756 [INFO]  Epoch[2] Train-cross-entropy=9.107023
2023-11-08 14:16:34,756 [INFO]  Epoch[2] Train-num_of_pendown23-accuracy=0.000000
2023-11-08 14:16:34,756 [INFO]  Epoch[2] Time cost=0.009
2023-11-08 14:16:34,758 [INFO]  Saved checkpoint to "./imputer_model/imputer_model_num_of_pendown23/model-0002.params"
2023-11-08 14:16:34,758 [INFO]  Epoch[2] Validation-cross-entropy=18.502243
2023-11-08 14:16:34,758 [INFO]  Epoch[2] Validation-num_of_pendown23-accuracy=0.000000
2023-11-08 14:16:34,763 [INFO]  Epoch[3] Batch [0-4]	Speed: 17973.58 samples/sec	cross-entropy=4.908058	num_of_pendown23-accuracy=0.000000
2023-11-08 14:16:34,766 [INFO]  Epoch[3] Train-cross-entropy=4.405639
2023-11-08 14:16:34,766 [INFO]  Epoch[3] Train-num_of_pendown23-accuracy=0.000000
2023-11-08 14:16:34,766 [INFO]  Epoch[3] Time cost=0.007
2023-11-08 14:16:34,768 [INFO]  Saved checkpoint to "./imputer_model/imputer_model_num_of_pendown23/model-0003.params"
2023-11-08 14:16:34,768 [INFO]  Epoch[3] Validation-cross-entropy=15.182873
2023-11-08 14:16:34,768 [INFO]  Epoch[3] Validation-num_of_pendown23-accuracy=0.000000
2023-11-08 14:16:34,775 [INFO]  Epoch[4] Batch [0-4]	Speed: 12570.15 samples/sec	cross-entropy=2.581246	num_of_pendown23-accuracy=0.000000
2023-11-08 14:16:34,779 [INFO]  Epoch[4] Train-cross-entropy=1.926685
2023-11-08 14:16:34,779 [INFO]  Epoch[4] Train-num_of_pendown23-accuracy=0.000000
2023-11-08 14:16:34,779 [INFO]  Epoch[4] Time cost=0.010
2023-11-08 14:16:34,781 [INFO]  Saved checkpoint to "./imputer_model/imputer_model_num_of_pendown23/model-0004.params"
2023-11-08 14:16:34,781 [INFO]  Epoch[4] Validation-cross-entropy=18.775635
2023-11-08 14:16:34,781 [INFO]  Epoch[4] Validation-num_of_pendown23-accuracy=0.000000
2023-11-08 14:16:34,781 [INFO]  
========== done (0.06339025497436523 s) fit model
2023-11-08 14:30:13,845 [INFO]  
========== start: fit model
2023-11-08 14:30:13,845 [WARNING]  Already bound, ignoring bind()
2023-11-08 14:30:13,855 [INFO]  Epoch[0] Batch [0-4]	Speed: 10382.34 samples/sec	cross-entropy=12.139558	num_of_pendown23-accuracy=1.200000
2023-11-08 14:30:13,859 [INFO]  Epoch[0] Train-cross-entropy=17.932229
2023-11-08 14:30:13,859 [INFO]  Epoch[0] Train-num_of_pendown23-accuracy=1.375000
2023-11-08 14:30:13,860 [INFO]  Epoch[0] Time cost=0.013
2023-11-08 14:30:13,863 [INFO]  Saved checkpoint to "./imputer_model/imputer_model_num_of_pendown23/model-0000.params"
2023-11-08 14:30:13,864 [INFO]  Epoch[0] Validation-cross-entropy=47.957108
2023-11-08 14:30:13,864 [INFO]  Epoch[0] Validation-num_of_pendown23-accuracy=0.000000
2023-11-08 14:30:13,870 [INFO]  Epoch[1] Batch [0-4]	Speed: 15512.91 samples/sec	cross-entropy=43.551252	num_of_pendown23-accuracy=1.200000
2023-11-08 14:30:13,873 [INFO]  Epoch[1] Train-cross-entropy=36.912334
2023-11-08 14:30:13,873 [INFO]  Epoch[1] Train-num_of_pendown23-accuracy=1.375000
2023-11-08 14:30:13,873 [INFO]  Epoch[1] Time cost=0.009
2023-11-08 14:30:13,875 [INFO]  Saved checkpoint to "./imputer_model/imputer_model_num_of_pendown23/model-0001.params"
2023-11-08 14:30:13,876 [INFO]  Epoch[1] Validation-cross-entropy=58.151222
2023-11-08 14:30:13,876 [INFO]  Epoch[1] Validation-num_of_pendown23-accuracy=0.000000
2023-11-08 14:30:13,880 [INFO]  Epoch[2] Batch [0-4]	Speed: 19504.14 samples/sec	cross-entropy=9.803374	num_of_pendown23-accuracy=1.200000
2023-11-08 14:30:13,883 [INFO]  Epoch[2] Train-cross-entropy=10.561162
2023-11-08 14:30:13,883 [INFO]  Epoch[2] Train-num_of_pendown23-accuracy=1.375000
2023-11-08 14:30:13,883 [INFO]  Epoch[2] Time cost=0.007
2023-11-08 14:30:13,884 [INFO]  Saved checkpoint to "./imputer_model/imputer_model_num_of_pendown23/model-0002.params"
2023-11-08 14:30:13,885 [INFO]  Epoch[2] Validation-cross-entropy=58.116264
2023-11-08 14:30:13,885 [INFO]  Epoch[2] Validation-num_of_pendown23-accuracy=0.000000
2023-11-08 14:30:13,890 [INFO]  Epoch[3] Batch [0-4]	Speed: 14367.90 samples/sec	cross-entropy=5.763525	num_of_pendown23-accuracy=1.200000
2023-11-08 14:30:13,894 [INFO]  Epoch[3] Train-cross-entropy=5.978001
2023-11-08 14:30:13,894 [INFO]  Epoch[3] Train-num_of_pendown23-accuracy=1.375000
2023-11-08 14:30:13,894 [INFO]  Epoch[3] Time cost=0.009
2023-11-08 14:30:13,895 [INFO]  Saved checkpoint to "./imputer_model/imputer_model_num_of_pendown23/model-0003.params"
2023-11-08 14:30:13,896 [INFO]  Epoch[3] Validation-cross-entropy=15.351711
2023-11-08 14:30:13,896 [INFO]  Epoch[3] Validation-num_of_pendown23-accuracy=0.000000
2023-11-08 14:30:13,902 [INFO]  Epoch[4] Batch [0-4]	Speed: 14595.23 samples/sec	cross-entropy=1.354785	num_of_pendown23-accuracy=1.200000
2023-11-08 14:30:13,905 [INFO]  Epoch[4] Train-cross-entropy=1.244033
2023-11-08 14:30:13,905 [INFO]  Epoch[4] Train-num_of_pendown23-accuracy=1.375000
2023-11-08 14:30:13,905 [INFO]  Epoch[4] Time cost=0.009
2023-11-08 14:30:13,907 [INFO]  Saved checkpoint to "./imputer_model/imputer_model_num_of_pendown23/model-0004.params"
2023-11-08 14:30:13,907 [INFO]  Epoch[4] Validation-cross-entropy=43.447277
2023-11-08 14:30:13,907 [INFO]  Epoch[4] Validation-num_of_pendown23-accuracy=0.000000
2023-11-08 14:30:13,907 [INFO]  
========== done (0.062047719955444336 s) fit model
2023-11-08 14:44:18,842 [INFO]  
========== start: fit model
2023-11-08 14:44:18,842 [WARNING]  Already bound, ignoring bind()
2023-11-08 14:44:18,851 [INFO]  Epoch[0] Batch [0-4]	Speed: 10396.01 samples/sec	cross-entropy=19.965036	num_of_pendown23-accuracy=0.000000
2023-11-08 14:44:18,855 [INFO]  Epoch[0] Train-cross-entropy=20.586240
2023-11-08 14:44:18,855 [INFO]  Epoch[0] Train-num_of_pendown23-accuracy=0.000000
2023-11-08 14:44:18,855 [INFO]  Epoch[0] Time cost=0.012
2023-11-08 14:44:18,856 [INFO]  Saved checkpoint to "./imputer_model/imputer_model_num_of_pendown23/model-0000.params"
2023-11-08 14:44:18,856 [INFO]  Epoch[0] Validation-cross-entropy=24.150146
2023-11-08 14:44:18,857 [INFO]  Epoch[0] Validation-num_of_pendown23-accuracy=0.000000
2023-11-08 14:44:18,862 [INFO]  Epoch[1] Batch [0-4]	Speed: 15122.27 samples/sec	cross-entropy=46.970542	num_of_pendown23-accuracy=0.000000
2023-11-08 14:44:18,865 [INFO]  Epoch[1] Train-cross-entropy=37.181653
2023-11-08 14:44:18,865 [INFO]  Epoch[1] Train-num_of_pendown23-accuracy=0.000000
2023-11-08 14:44:18,865 [INFO]  Epoch[1] Time cost=0.009
2023-11-08 14:44:18,866 [INFO]  Saved checkpoint to "./imputer_model/imputer_model_num_of_pendown23/model-0001.params"
2023-11-08 14:44:18,867 [INFO]  Epoch[1] Validation-cross-entropy=3.508517
2023-11-08 14:44:18,867 [INFO]  Epoch[1] Validation-num_of_pendown23-accuracy=0.000000
2023-11-08 14:44:18,872 [INFO]  Epoch[2] Batch [0-4]	Speed: 15584.97 samples/sec	cross-entropy=5.841497	num_of_pendown23-accuracy=0.000000
2023-11-08 14:44:18,875 [INFO]  Epoch[2] Train-cross-entropy=5.268436
2023-11-08 14:44:18,875 [INFO]  Epoch[2] Train-num_of_pendown23-accuracy=0.000000
2023-11-08 14:44:18,875 [INFO]  Epoch[2] Time cost=0.008
2023-11-08 14:44:18,876 [INFO]  Saved checkpoint to "./imputer_model/imputer_model_num_of_pendown23/model-0002.params"
2023-11-08 14:44:18,877 [INFO]  Epoch[2] Validation-cross-entropy=5.845268
2023-11-08 14:44:18,877 [INFO]  Epoch[2] Validation-num_of_pendown23-accuracy=0.000000
2023-11-08 14:44:18,882 [INFO]  Epoch[3] Batch [0-4]	Speed: 16518.09 samples/sec	cross-entropy=3.734035	num_of_pendown23-accuracy=0.000000
2023-11-08 14:44:18,888 [INFO]  Epoch[3] Train-cross-entropy=3.030740
2023-11-08 14:44:18,888 [INFO]  Epoch[3] Train-num_of_pendown23-accuracy=0.000000
2023-11-08 14:44:18,888 [INFO]  Epoch[3] Time cost=0.011
2023-11-08 14:44:18,891 [INFO]  Saved checkpoint to "./imputer_model/imputer_model_num_of_pendown23/model-0003.params"
2023-11-08 14:44:18,892 [INFO]  Epoch[3] Validation-cross-entropy=5.151196
2023-11-08 14:44:18,892 [INFO]  Epoch[3] Validation-num_of_pendown23-accuracy=0.000000
2023-11-08 14:44:18,901 [INFO]  Epoch[4] Batch [0-4]	Speed: 9940.58 samples/sec	cross-entropy=1.256039	num_of_pendown23-accuracy=0.000000
2023-11-08 14:44:18,905 [INFO]  Epoch[4] Train-cross-entropy=1.114784
2023-11-08 14:44:18,905 [INFO]  Epoch[4] Train-num_of_pendown23-accuracy=0.000000
2023-11-08 14:44:18,905 [INFO]  Epoch[4] Time cost=0.012
2023-11-08 14:44:18,907 [INFO]  Saved checkpoint to "./imputer_model/imputer_model_num_of_pendown23/model-0004.params"
2023-11-08 14:44:18,908 [INFO]  Epoch[4] Validation-cross-entropy=3.840636
2023-11-08 14:44:18,908 [INFO]  Epoch[4] Validation-num_of_pendown23-accuracy=0.000000
2023-11-08 14:44:18,908 [INFO]  
========== done (0.06628608703613281 s) fit model
2023-11-08 14:58:27,947 [INFO]  
========== start: fit model
2023-11-08 14:58:27,947 [WARNING]  Already bound, ignoring bind()
2023-11-08 14:58:27,955 [INFO]  Epoch[0] Batch [0-4]	Speed: 12276.95 samples/sec	cross-entropy=17.815731	num_of_pendown23-accuracy=1.800000
2023-11-08 14:58:27,959 [INFO]  Epoch[0] Train-cross-entropy=22.596958
2023-11-08 14:58:27,959 [INFO]  Epoch[0] Train-num_of_pendown23-accuracy=2.000000
2023-11-08 14:58:27,959 [INFO]  Epoch[0] Time cost=0.011
2023-11-08 14:58:27,961 [INFO]  Saved checkpoint to "./imputer_model/imputer_model_num_of_pendown23/model-0000.params"
2023-11-08 14:58:27,961 [INFO]  Epoch[0] Validation-cross-entropy=21.551472
2023-11-08 14:58:27,961 [INFO]  Epoch[0] Validation-num_of_pendown23-accuracy=0.000000
2023-11-08 14:58:27,967 [INFO]  Epoch[1] Batch [0-4]	Speed: 13939.63 samples/sec	cross-entropy=40.015556	num_of_pendown23-accuracy=1.800000
2023-11-08 14:58:27,970 [INFO]  Epoch[1] Train-cross-entropy=31.652787
2023-11-08 14:58:27,970 [INFO]  Epoch[1] Train-num_of_pendown23-accuracy=2.000000
2023-11-08 14:58:27,970 [INFO]  Epoch[1] Time cost=0.009
2023-11-08 14:58:27,972 [INFO]  Saved checkpoint to "./imputer_model/imputer_model_num_of_pendown23/model-0001.params"
2023-11-08 14:58:27,972 [INFO]  Epoch[1] Validation-cross-entropy=13.850325
2023-11-08 14:58:27,972 [INFO]  Epoch[1] Validation-num_of_pendown23-accuracy=0.000000
2023-11-08 14:58:27,977 [INFO]  Epoch[2] Batch [0-4]	Speed: 17691.65 samples/sec	cross-entropy=4.078237	num_of_pendown23-accuracy=1.800000
2023-11-08 14:58:27,979 [INFO]  Epoch[2] Train-cross-entropy=5.240856
2023-11-08 14:58:27,979 [INFO]  Epoch[2] Train-num_of_pendown23-accuracy=2.000000
2023-11-08 14:58:27,979 [INFO]  Epoch[2] Time cost=0.007
2023-11-08 14:58:27,981 [INFO]  Saved checkpoint to "./imputer_model/imputer_model_num_of_pendown23/model-0002.params"
2023-11-08 14:58:27,981 [INFO]  Epoch[2] Validation-cross-entropy=8.968109
2023-11-08 14:58:27,981 [INFO]  Epoch[2] Validation-num_of_pendown23-accuracy=0.000000
2023-11-08 14:58:27,985 [INFO]  Epoch[3] Batch [0-4]	Speed: 23049.58 samples/sec	cross-entropy=3.451964	num_of_pendown23-accuracy=1.800000
2023-11-08 14:58:27,987 [INFO]  Epoch[3] Train-cross-entropy=3.141475
2023-11-08 14:58:27,987 [INFO]  Epoch[3] Train-num_of_pendown23-accuracy=2.000000
2023-11-08 14:58:27,987 [INFO]  Epoch[3] Time cost=0.006
2023-11-08 14:58:27,988 [INFO]  Saved checkpoint to "./imputer_model/imputer_model_num_of_pendown23/model-0003.params"
2023-11-08 14:58:27,989 [INFO]  Epoch[3] Validation-cross-entropy=9.758822
2023-11-08 14:58:27,989 [INFO]  Epoch[3] Validation-num_of_pendown23-accuracy=0.000000
2023-11-08 14:58:27,992 [INFO]  Epoch[4] Batch [0-4]	Speed: 23698.72 samples/sec	cross-entropy=1.467915	num_of_pendown23-accuracy=1.800000
2023-11-08 14:58:27,994 [INFO]  Epoch[4] Train-cross-entropy=1.227115
2023-11-08 14:58:27,994 [INFO]  Epoch[4] Train-num_of_pendown23-accuracy=2.000000
2023-11-08 14:58:27,994 [INFO]  Epoch[4] Time cost=0.006
2023-11-08 14:58:27,995 [INFO]  Saved checkpoint to "./imputer_model/imputer_model_num_of_pendown23/model-0004.params"
2023-11-08 14:58:27,996 [INFO]  Epoch[4] Validation-cross-entropy=7.076235
2023-11-08 14:58:27,996 [INFO]  Epoch[4] Validation-num_of_pendown23-accuracy=0.000000
2023-11-08 14:58:27,996 [INFO]  
========== done (0.04874777793884277 s) fit model
