2023-11-08 12:53:57,650 [INFO]  
========== start: fit model
2023-11-08 12:53:57,650 [WARNING]  Already bound, ignoring bind()
2023-11-08 12:53:57,724 [INFO]  Epoch[0] Batch [0-4]	Speed: 18976.07 samples/sec	cross-entropy=21.236338	paper_time24-accuracy=0.000000
2023-11-08 12:53:57,728 [INFO]  Epoch[0] Train-cross-entropy=20.442279
2023-11-08 12:53:57,728 [INFO]  Epoch[0] Train-paper_time24-accuracy=0.000000
2023-11-08 12:53:57,728 [INFO]  Epoch[0] Time cost=0.077
2023-11-08 12:53:57,731 [INFO]  Saved checkpoint to "./imputer_model/imputer_model_paper_time24/model-0000.params"
2023-11-08 12:53:57,732 [INFO]  Epoch[0] Validation-cross-entropy=17.968300
2023-11-08 12:53:57,732 [INFO]  Epoch[0] Validation-paper_time24-accuracy=0.000000
2023-11-08 12:53:57,832 [INFO]  Epoch[1] Batch [0-4]	Speed: 23594.57 samples/sec	cross-entropy=57.869321	paper_time24-accuracy=0.000000
2023-11-08 12:53:57,834 [INFO]  Epoch[1] Train-cross-entropy=41.517729
2023-11-08 12:53:57,835 [INFO]  Epoch[1] Train-paper_time24-accuracy=0.000000
2023-11-08 12:53:57,835 [INFO]  Epoch[1] Time cost=0.103
2023-11-08 12:53:57,837 [INFO]  Saved checkpoint to "./imputer_model/imputer_model_paper_time24/model-0001.params"
2023-11-08 12:53:57,837 [INFO]  Epoch[1] Validation-cross-entropy=7.374632
2023-11-08 12:53:57,837 [INFO]  Epoch[1] Validation-paper_time24-accuracy=0.000000
2023-11-08 12:53:57,840 [INFO]  Epoch[2] Batch [0-4]	Speed: 28623.96 samples/sec	cross-entropy=12.582541	paper_time24-accuracy=0.000000
2023-11-08 12:53:57,842 [INFO]  Epoch[2] Train-cross-entropy=9.245402
2023-11-08 12:53:57,842 [INFO]  Epoch[2] Train-paper_time24-accuracy=0.000000
2023-11-08 12:53:57,842 [INFO]  Epoch[2] Time cost=0.005
2023-11-08 12:53:57,844 [INFO]  Saved checkpoint to "./imputer_model/imputer_model_paper_time24/model-0002.params"
2023-11-08 12:53:57,845 [INFO]  Epoch[2] Validation-cross-entropy=6.301733
2023-11-08 12:53:57,845 [INFO]  Epoch[2] Validation-paper_time24-accuracy=0.000000
2023-11-08 12:53:57,848 [INFO]  Epoch[3] Batch [0-4]	Speed: 25333.66 samples/sec	cross-entropy=6.186736	paper_time24-accuracy=0.000000
2023-11-08 12:53:57,850 [INFO]  Epoch[3] Train-cross-entropy=4.345438
2023-11-08 12:53:57,850 [INFO]  Epoch[3] Train-paper_time24-accuracy=0.000000
2023-11-08 12:53:57,851 [INFO]  Epoch[3] Time cost=0.006
2023-11-08 12:53:57,852 [INFO]  Saved checkpoint to "./imputer_model/imputer_model_paper_time24/model-0003.params"
2023-11-08 12:53:57,853 [INFO]  Epoch[3] Validation-cross-entropy=5.940718
2023-11-08 12:53:57,853 [INFO]  Epoch[3] Validation-paper_time24-accuracy=0.000000
2023-11-08 12:53:57,857 [INFO]  Epoch[4] Batch [0-4]	Speed: 21306.09 samples/sec	cross-entropy=3.010373	paper_time24-accuracy=0.000000
2023-11-08 12:53:57,859 [INFO]  Epoch[4] Train-cross-entropy=2.391247
2023-11-08 12:53:57,859 [INFO]  Epoch[4] Train-paper_time24-accuracy=0.000000
2023-11-08 12:53:57,859 [INFO]  Epoch[4] Time cost=0.006
2023-11-08 12:53:57,861 [INFO]  Saved checkpoint to "./imputer_model/imputer_model_paper_time24/model-0004.params"
2023-11-08 12:53:57,861 [INFO]  Epoch[4] Validation-cross-entropy=5.217200
2023-11-08 12:53:57,861 [INFO]  Epoch[4] Validation-paper_time24-accuracy=0.000000
2023-11-08 12:53:57,861 [INFO]  
========== done (0.21155142784118652 s) fit model
2023-11-08 13:10:05,844 [INFO]  
========== start: fit model
2023-11-08 13:10:05,844 [WARNING]  Already bound, ignoring bind()
2023-11-08 13:10:05,859 [INFO]  Epoch[0] Batch [0-4]	Speed: 10571.65 samples/sec	cross-entropy=17.239353	paper_time24-accuracy=3.000000
2023-11-08 13:10:05,864 [INFO]  Epoch[0] Train-cross-entropy=17.490593
2023-11-08 13:10:05,864 [INFO]  Epoch[0] Train-paper_time24-accuracy=2.875000
2023-11-08 13:10:05,864 [INFO]  Epoch[0] Time cost=0.019
2023-11-08 13:10:05,867 [INFO]  Saved checkpoint to "./imputer_model/imputer_model_paper_time24/model-0000.params"
2023-11-08 13:10:05,868 [INFO]  Epoch[0] Validation-cross-entropy=11.369047
2023-11-08 13:10:05,868 [INFO]  Epoch[0] Validation-paper_time24-accuracy=0.000000
2023-11-08 13:10:05,874 [INFO]  Epoch[1] Batch [0-4]	Speed: 14809.41 samples/sec	cross-entropy=39.927782	paper_time24-accuracy=3.000000
2023-11-08 13:10:05,877 [INFO]  Epoch[1] Train-cross-entropy=31.389541
2023-11-08 13:10:05,877 [INFO]  Epoch[1] Train-paper_time24-accuracy=2.875000
2023-11-08 13:10:05,877 [INFO]  Epoch[1] Time cost=0.009
2023-11-08 13:10:05,879 [INFO]  Saved checkpoint to "./imputer_model/imputer_model_paper_time24/model-0001.params"
2023-11-08 13:10:05,880 [INFO]  Epoch[1] Validation-cross-entropy=16.482229
2023-11-08 13:10:05,880 [INFO]  Epoch[1] Validation-paper_time24-accuracy=0.000000
2023-11-08 13:10:05,885 [INFO]  Epoch[2] Batch [0-4]	Speed: 16453.29 samples/sec	cross-entropy=3.834715	paper_time24-accuracy=3.000000
2023-11-08 13:10:05,888 [INFO]  Epoch[2] Train-cross-entropy=4.895191
2023-11-08 13:10:05,888 [INFO]  Epoch[2] Train-paper_time24-accuracy=2.875000
2023-11-08 13:10:05,888 [INFO]  Epoch[2] Time cost=0.008
2023-11-08 13:10:05,889 [INFO]  Saved checkpoint to "./imputer_model/imputer_model_paper_time24/model-0002.params"
2023-11-08 13:10:05,890 [INFO]  Epoch[2] Validation-cross-entropy=6.132337
2023-11-08 13:10:05,890 [INFO]  Epoch[2] Validation-paper_time24-accuracy=0.000000
2023-11-08 13:10:05,895 [INFO]  Epoch[3] Batch [0-4]	Speed: 15608.53 samples/sec	cross-entropy=2.544240	paper_time24-accuracy=3.000000
2023-11-08 13:10:05,898 [INFO]  Epoch[3] Train-cross-entropy=2.307746
2023-11-08 13:10:05,898 [INFO]  Epoch[3] Train-paper_time24-accuracy=2.875000
2023-11-08 13:10:05,898 [INFO]  Epoch[3] Time cost=0.008
2023-11-08 13:10:05,899 [INFO]  Saved checkpoint to "./imputer_model/imputer_model_paper_time24/model-0003.params"
2023-11-08 13:10:05,900 [INFO]  Epoch[3] Validation-cross-entropy=11.914099
2023-11-08 13:10:05,900 [INFO]  Epoch[3] Validation-paper_time24-accuracy=0.000000
2023-11-08 13:10:05,905 [INFO]  Epoch[4] Batch [0-4]	Speed: 14689.47 samples/sec	cross-entropy=1.381778	paper_time24-accuracy=3.000000
2023-11-08 13:10:05,909 [INFO]  Epoch[4] Train-cross-entropy=1.461703
2023-11-08 13:10:05,909 [INFO]  Epoch[4] Train-paper_time24-accuracy=2.875000
2023-11-08 13:10:05,909 [INFO]  Epoch[4] Time cost=0.009
2023-11-08 13:10:05,929 [INFO]  Saved checkpoint to "./imputer_model/imputer_model_paper_time24/model-0004.params"
2023-11-08 13:10:05,930 [INFO]  Epoch[4] Validation-cross-entropy=10.087849
2023-11-08 13:10:05,930 [INFO]  Epoch[4] Validation-paper_time24-accuracy=0.000000
2023-11-08 13:10:05,930 [INFO]  
========== done (0.08666443824768066 s) fit model
2023-11-08 13:23:22,625 [INFO]  
========== start: fit model
2023-11-08 13:23:22,625 [WARNING]  Already bound, ignoring bind()
2023-11-08 13:23:22,634 [INFO]  Epoch[0] Batch [0-4]	Speed: 10671.68 samples/sec	cross-entropy=19.808859	paper_time24-accuracy=0.000000
2023-11-08 13:23:22,639 [INFO]  Epoch[0] Train-cross-entropy=22.726681
2023-11-08 13:23:22,639 [INFO]  Epoch[0] Train-paper_time24-accuracy=0.000000
2023-11-08 13:23:22,639 [INFO]  Epoch[0] Time cost=0.013
2023-11-08 13:23:22,642 [INFO]  Saved checkpoint to "./imputer_model/imputer_model_paper_time24/model-0000.params"
2023-11-08 13:23:22,642 [INFO]  Epoch[0] Validation-cross-entropy=35.228977
2023-11-08 13:23:22,643 [INFO]  Epoch[0] Validation-paper_time24-accuracy=0.000000
2023-11-08 13:23:22,648 [INFO]  Epoch[1] Batch [0-4]	Speed: 16132.91 samples/sec	cross-entropy=27.030510	paper_time24-accuracy=0.000000
2023-11-08 13:23:22,651 [INFO]  Epoch[1] Train-cross-entropy=25.503075
2023-11-08 13:23:22,651 [INFO]  Epoch[1] Train-paper_time24-accuracy=0.000000
2023-11-08 13:23:22,651 [INFO]  Epoch[1] Time cost=0.009
2023-11-08 13:23:22,653 [INFO]  Saved checkpoint to "./imputer_model/imputer_model_paper_time24/model-0001.params"
2023-11-08 13:23:22,654 [INFO]  Epoch[1] Validation-cross-entropy=21.396513
2023-11-08 13:23:22,654 [INFO]  Epoch[1] Validation-paper_time24-accuracy=0.000000
2023-11-08 13:23:22,658 [INFO]  Epoch[2] Batch [0-4]	Speed: 21076.90 samples/sec	cross-entropy=3.449190	paper_time24-accuracy=0.000000
2023-11-08 13:23:22,660 [INFO]  Epoch[2] Train-cross-entropy=4.884981
2023-11-08 13:23:22,661 [INFO]  Epoch[2] Train-paper_time24-accuracy=0.000000
2023-11-08 13:23:22,661 [INFO]  Epoch[2] Time cost=0.007
2023-11-08 13:23:22,662 [INFO]  Saved checkpoint to "./imputer_model/imputer_model_paper_time24/model-0002.params"
2023-11-08 13:23:22,662 [INFO]  Epoch[2] Validation-cross-entropy=25.947140
2023-11-08 13:23:22,662 [INFO]  Epoch[2] Validation-paper_time24-accuracy=0.000000
2023-11-08 13:23:22,667 [INFO]  Epoch[3] Batch [0-4]	Speed: 16421.08 samples/sec	cross-entropy=3.138274	paper_time24-accuracy=0.000000
2023-11-08 13:23:22,671 [INFO]  Epoch[3] Train-cross-entropy=2.430493
2023-11-08 13:23:22,671 [INFO]  Epoch[3] Train-paper_time24-accuracy=0.000000
2023-11-08 13:23:22,671 [INFO]  Epoch[3] Time cost=0.008
2023-11-08 13:23:22,673 [INFO]  Saved checkpoint to "./imputer_model/imputer_model_paper_time24/model-0003.params"
2023-11-08 13:23:22,674 [INFO]  Epoch[3] Validation-cross-entropy=21.264227
2023-11-08 13:23:22,674 [INFO]  Epoch[3] Validation-paper_time24-accuracy=0.000000
2023-11-08 13:23:22,678 [INFO]  Epoch[4] Batch [0-4]	Speed: 19480.08 samples/sec	cross-entropy=2.042140	paper_time24-accuracy=0.000000
2023-11-08 13:23:22,680 [INFO]  Epoch[4] Train-cross-entropy=1.667797
2023-11-08 13:23:22,680 [INFO]  Epoch[4] Train-paper_time24-accuracy=0.000000
2023-11-08 13:23:22,680 [INFO]  Epoch[4] Time cost=0.007
2023-11-08 13:23:22,682 [INFO]  Saved checkpoint to "./imputer_model/imputer_model_paper_time24/model-0004.params"
2023-11-08 13:23:22,682 [INFO]  Epoch[4] Validation-cross-entropy=21.324869
2023-11-08 13:23:22,683 [INFO]  Epoch[4] Validation-paper_time24-accuracy=0.000000
2023-11-08 13:23:22,683 [INFO]  
========== done (0.05724525451660156 s) fit model
2023-11-08 13:36:42,120 [INFO]  
========== start: fit model
2023-11-08 13:36:42,120 [WARNING]  Already bound, ignoring bind()
2023-11-08 13:36:42,127 [INFO]  Epoch[0] Batch [0-4]	Speed: 13741.96 samples/sec	cross-entropy=28.378006	paper_time24-accuracy=0.000000
2023-11-08 13:36:42,131 [INFO]  Epoch[0] Train-cross-entropy=40.961365
2023-11-08 13:36:42,131 [INFO]  Epoch[0] Train-paper_time24-accuracy=0.000000
2023-11-08 13:36:42,131 [INFO]  Epoch[0] Time cost=0.010
2023-11-08 13:36:42,132 [INFO]  Saved checkpoint to "./imputer_model/imputer_model_paper_time24/model-0000.params"
2023-11-08 13:36:42,133 [INFO]  Epoch[0] Validation-cross-entropy=40.556129
2023-11-08 13:36:42,133 [INFO]  Epoch[0] Validation-paper_time24-accuracy=0.000000
2023-11-08 13:36:42,138 [INFO]  Epoch[1] Batch [0-4]	Speed: 14910.60 samples/sec	cross-entropy=20.002272	paper_time24-accuracy=0.000000
2023-11-08 13:36:42,142 [INFO]  Epoch[1] Train-cross-entropy=23.264596
2023-11-08 13:36:42,142 [INFO]  Epoch[1] Train-paper_time24-accuracy=0.000000
2023-11-08 13:36:42,142 [INFO]  Epoch[1] Time cost=0.009
2023-11-08 13:36:42,143 [INFO]  Saved checkpoint to "./imputer_model/imputer_model_paper_time24/model-0001.params"
2023-11-08 13:36:42,143 [INFO]  Epoch[1] Validation-cross-entropy=26.025770
2023-11-08 13:36:42,144 [INFO]  Epoch[1] Validation-paper_time24-accuracy=0.000000
2023-11-08 13:36:42,149 [INFO]  Epoch[2] Batch [0-4]	Speed: 15232.97 samples/sec	cross-entropy=9.791772	paper_time24-accuracy=0.000000
2023-11-08 13:36:42,152 [INFO]  Epoch[2] Train-cross-entropy=8.408926
2023-11-08 13:36:42,152 [INFO]  Epoch[2] Train-paper_time24-accuracy=0.000000
2023-11-08 13:36:42,152 [INFO]  Epoch[2] Time cost=0.009
2023-11-08 13:36:42,153 [INFO]  Saved checkpoint to "./imputer_model/imputer_model_paper_time24/model-0002.params"
2023-11-08 13:36:42,154 [INFO]  Epoch[2] Validation-cross-entropy=20.222494
2023-11-08 13:36:42,154 [INFO]  Epoch[2] Validation-paper_time24-accuracy=0.000000
2023-11-08 13:36:42,159 [INFO]  Epoch[3] Batch [0-4]	Speed: 17033.79 samples/sec	cross-entropy=3.004994	paper_time24-accuracy=0.000000
2023-11-08 13:36:42,163 [INFO]  Epoch[3] Train-cross-entropy=3.000632
2023-11-08 13:36:42,163 [INFO]  Epoch[3] Train-paper_time24-accuracy=0.000000
2023-11-08 13:36:42,164 [INFO]  Epoch[3] Time cost=0.010
2023-11-08 13:36:42,167 [INFO]  Saved checkpoint to "./imputer_model/imputer_model_paper_time24/model-0003.params"
2023-11-08 13:36:42,168 [INFO]  Epoch[3] Validation-cross-entropy=19.386482
2023-11-08 13:36:42,168 [INFO]  Epoch[3] Validation-paper_time24-accuracy=0.000000
2023-11-08 13:36:42,175 [INFO]  Epoch[4] Batch [0-4]	Speed: 12007.31 samples/sec	cross-entropy=1.750433	paper_time24-accuracy=0.000000
2023-11-08 13:36:42,178 [INFO]  Epoch[4] Train-cross-entropy=1.254009
2023-11-08 13:36:42,178 [INFO]  Epoch[4] Train-paper_time24-accuracy=0.000000
2023-11-08 13:36:42,178 [INFO]  Epoch[4] Time cost=0.010
2023-11-08 13:36:42,180 [INFO]  Saved checkpoint to "./imputer_model/imputer_model_paper_time24/model-0004.params"
2023-11-08 13:36:42,181 [INFO]  Epoch[4] Validation-cross-entropy=18.389828
2023-11-08 13:36:42,181 [INFO]  Epoch[4] Validation-paper_time24-accuracy=0.000000
2023-11-08 13:36:42,181 [INFO]  
========== done (0.06105780601501465 s) fit model
2023-11-08 13:50:03,162 [INFO]  
========== start: fit model
2023-11-08 13:50:03,162 [WARNING]  Already bound, ignoring bind()
2023-11-08 13:50:03,171 [INFO]  Epoch[0] Batch [0-4]	Speed: 10700.18 samples/sec	cross-entropy=22.233144	paper_time24-accuracy=0.000000
2023-11-08 13:50:03,175 [INFO]  Epoch[0] Train-cross-entropy=19.579283
2023-11-08 13:50:03,176 [INFO]  Epoch[0] Train-paper_time24-accuracy=0.000000
2023-11-08 13:50:03,176 [INFO]  Epoch[0] Time cost=0.013
2023-11-08 13:50:03,179 [INFO]  Saved checkpoint to "./imputer_model/imputer_model_paper_time24/model-0000.params"
2023-11-08 13:50:03,180 [INFO]  Epoch[0] Validation-cross-entropy=76.018784
2023-11-08 13:50:03,181 [INFO]  Epoch[0] Validation-paper_time24-accuracy=0.000000
2023-11-08 13:50:03,186 [INFO]  Epoch[1] Batch [0-4]	Speed: 15719.12 samples/sec	cross-entropy=36.197959	paper_time24-accuracy=0.000000
2023-11-08 13:50:03,190 [INFO]  Epoch[1] Train-cross-entropy=31.222598
2023-11-08 13:50:03,190 [INFO]  Epoch[1] Train-paper_time24-accuracy=0.000000
2023-11-08 13:50:03,190 [INFO]  Epoch[1] Time cost=0.010
2023-11-08 13:50:03,193 [INFO]  Saved checkpoint to "./imputer_model/imputer_model_paper_time24/model-0001.params"
2023-11-08 13:50:03,193 [INFO]  Epoch[1] Validation-cross-entropy=76.868317
2023-11-08 13:50:03,193 [INFO]  Epoch[1] Validation-paper_time24-accuracy=0.000000
2023-11-08 13:50:03,198 [INFO]  Epoch[2] Batch [0-4]	Speed: 17785.43 samples/sec	cross-entropy=8.912481	paper_time24-accuracy=0.000000
2023-11-08 13:50:03,202 [INFO]  Epoch[2] Train-cross-entropy=7.339065
2023-11-08 13:50:03,202 [INFO]  Epoch[2] Train-paper_time24-accuracy=0.000000
2023-11-08 13:50:03,202 [INFO]  Epoch[2] Time cost=0.009
2023-11-08 13:50:03,205 [INFO]  Saved checkpoint to "./imputer_model/imputer_model_paper_time24/model-0002.params"
2023-11-08 13:50:03,206 [INFO]  Epoch[2] Validation-cross-entropy=74.948189
2023-11-08 13:50:03,206 [INFO]  Epoch[2] Validation-paper_time24-accuracy=0.000000
2023-11-08 13:50:03,213 [INFO]  Epoch[3] Batch [0-4]	Speed: 11476.01 samples/sec	cross-entropy=11.060296	paper_time24-accuracy=0.000000
2023-11-08 13:50:03,217 [INFO]  Epoch[3] Train-cross-entropy=7.925256
2023-11-08 13:50:03,217 [INFO]  Epoch[3] Train-paper_time24-accuracy=0.000000
2023-11-08 13:50:03,217 [INFO]  Epoch[3] Time cost=0.011
2023-11-08 13:50:03,219 [INFO]  Saved checkpoint to "./imputer_model/imputer_model_paper_time24/model-0003.params"
2023-11-08 13:50:03,220 [INFO]  Epoch[3] Validation-cross-entropy=62.689793
2023-11-08 13:50:03,220 [INFO]  Epoch[3] Validation-paper_time24-accuracy=0.000000
2023-11-08 13:50:03,226 [INFO]  Epoch[4] Batch [0-4]	Speed: 13515.71 samples/sec	cross-entropy=4.723285	paper_time24-accuracy=0.000000
2023-11-08 13:50:03,230 [INFO]  Epoch[4] Train-cross-entropy=3.185388
2023-11-08 13:50:03,230 [INFO]  Epoch[4] Train-paper_time24-accuracy=0.000000
2023-11-08 13:50:03,230 [INFO]  Epoch[4] Time cost=0.010
2023-11-08 13:50:03,231 [INFO]  Saved checkpoint to "./imputer_model/imputer_model_paper_time24/model-0004.params"
2023-11-08 13:50:03,232 [INFO]  Epoch[4] Validation-cross-entropy=63.560417
2023-11-08 13:50:03,232 [INFO]  Epoch[4] Validation-paper_time24-accuracy=0.000000
2023-11-08 13:50:03,232 [INFO]  
========== done (0.07057070732116699 s) fit model
2023-11-08 14:03:25,703 [INFO]  
========== start: fit model
2023-11-08 14:03:25,703 [WARNING]  Already bound, ignoring bind()
2023-11-08 14:03:25,710 [INFO]  Epoch[0] Batch [0-4]	Speed: 13981.01 samples/sec	cross-entropy=24.401291	paper_time24-accuracy=2.400000
2023-11-08 14:03:25,713 [INFO]  Epoch[0] Train-cross-entropy=21.310091
2023-11-08 14:03:25,713 [INFO]  Epoch[0] Train-paper_time24-accuracy=2.875000
2023-11-08 14:03:25,713 [INFO]  Epoch[0] Time cost=0.010
2023-11-08 14:03:25,715 [INFO]  Saved checkpoint to "./imputer_model/imputer_model_paper_time24/model-0000.params"
2023-11-08 14:03:25,715 [INFO]  Epoch[0] Validation-cross-entropy=32.790314
2023-11-08 14:03:25,715 [INFO]  Epoch[0] Validation-paper_time24-accuracy=0.000000
2023-11-08 14:03:25,722 [INFO]  Epoch[1] Batch [0-4]	Speed: 12080.26 samples/sec	cross-entropy=41.004904	paper_time24-accuracy=2.400000
2023-11-08 14:03:25,727 [INFO]  Epoch[1] Train-cross-entropy=36.655926
2023-11-08 14:03:25,727 [INFO]  Epoch[1] Train-paper_time24-accuracy=2.875000
2023-11-08 14:03:25,727 [INFO]  Epoch[1] Time cost=0.012
2023-11-08 14:03:25,730 [INFO]  Saved checkpoint to "./imputer_model/imputer_model_paper_time24/model-0001.params"
2023-11-08 14:03:25,731 [INFO]  Epoch[1] Validation-cross-entropy=55.983406
2023-11-08 14:03:25,731 [INFO]  Epoch[1] Validation-paper_time24-accuracy=0.000000
2023-11-08 14:03:25,737 [INFO]  Epoch[2] Batch [0-4]	Speed: 16663.69 samples/sec	cross-entropy=8.094032	paper_time24-accuracy=2.400000
2023-11-08 14:03:25,740 [INFO]  Epoch[2] Train-cross-entropy=11.047276
2023-11-08 14:03:25,740 [INFO]  Epoch[2] Train-paper_time24-accuracy=2.875000
2023-11-08 14:03:25,740 [INFO]  Epoch[2] Time cost=0.009
2023-11-08 14:03:25,742 [INFO]  Saved checkpoint to "./imputer_model/imputer_model_paper_time24/model-0002.params"
2023-11-08 14:03:25,742 [INFO]  Epoch[2] Validation-cross-entropy=28.808796
2023-11-08 14:03:25,742 [INFO]  Epoch[2] Validation-paper_time24-accuracy=0.000000
2023-11-08 14:03:25,747 [INFO]  Epoch[3] Batch [0-4]	Speed: 17861.17 samples/sec	cross-entropy=5.472941	paper_time24-accuracy=2.400000
2023-11-08 14:03:25,750 [INFO]  Epoch[3] Train-cross-entropy=4.549540
2023-11-08 14:03:25,750 [INFO]  Epoch[3] Train-paper_time24-accuracy=2.875000
2023-11-08 14:03:25,750 [INFO]  Epoch[3] Time cost=0.008
2023-11-08 14:03:25,751 [INFO]  Saved checkpoint to "./imputer_model/imputer_model_paper_time24/model-0003.params"
2023-11-08 14:03:25,752 [INFO]  Epoch[3] Validation-cross-entropy=25.532406
2023-11-08 14:03:25,752 [INFO]  Epoch[3] Validation-paper_time24-accuracy=0.000000
2023-11-08 14:03:25,757 [INFO]  Epoch[4] Batch [0-4]	Speed: 17276.06 samples/sec	cross-entropy=1.943200	paper_time24-accuracy=2.400000
2023-11-08 14:03:25,759 [INFO]  Epoch[4] Train-cross-entropy=1.776706
2023-11-08 14:03:25,760 [INFO]  Epoch[4] Train-paper_time24-accuracy=2.875000
2023-11-08 14:03:25,760 [INFO]  Epoch[4] Time cost=0.008
2023-11-08 14:03:25,761 [INFO]  Saved checkpoint to "./imputer_model/imputer_model_paper_time24/model-0004.params"
2023-11-08 14:03:25,761 [INFO]  Epoch[4] Validation-cross-entropy=22.047150
2023-11-08 14:03:25,761 [INFO]  Epoch[4] Validation-paper_time24-accuracy=0.000000
2023-11-08 14:03:25,761 [INFO]  
========== done (0.05853414535522461 s) fit model
2023-11-08 14:16:52,376 [INFO]  
========== start: fit model
2023-11-08 14:16:52,377 [WARNING]  Already bound, ignoring bind()
2023-11-08 14:16:52,385 [INFO]  Epoch[0] Batch [0-4]	Speed: 10093.46 samples/sec	cross-entropy=17.405552	paper_time24-accuracy=3.600000
2023-11-08 14:16:52,390 [INFO]  Epoch[0] Train-cross-entropy=20.014173
2023-11-08 14:16:52,390 [INFO]  Epoch[0] Train-paper_time24-accuracy=3.125000
2023-11-08 14:16:52,390 [INFO]  Epoch[0] Time cost=0.013
2023-11-08 14:16:52,394 [INFO]  Saved checkpoint to "./imputer_model/imputer_model_paper_time24/model-0000.params"
2023-11-08 14:16:52,394 [INFO]  Epoch[0] Validation-cross-entropy=24.072330
2023-11-08 14:16:52,395 [INFO]  Epoch[0] Validation-paper_time24-accuracy=0.000000
2023-11-08 14:16:52,400 [INFO]  Epoch[1] Batch [0-4]	Speed: 15603.08 samples/sec	cross-entropy=40.433706	paper_time24-accuracy=3.600000
2023-11-08 14:16:52,404 [INFO]  Epoch[1] Train-cross-entropy=42.422918
2023-11-08 14:16:52,404 [INFO]  Epoch[1] Train-paper_time24-accuracy=3.125000
2023-11-08 14:16:52,404 [INFO]  Epoch[1] Time cost=0.009
2023-11-08 14:16:52,406 [INFO]  Saved checkpoint to "./imputer_model/imputer_model_paper_time24/model-0001.params"
2023-11-08 14:16:52,407 [INFO]  Epoch[1] Validation-cross-entropy=20.566275
2023-11-08 14:16:52,407 [INFO]  Epoch[1] Validation-paper_time24-accuracy=0.000000
2023-11-08 14:16:52,411 [INFO]  Epoch[2] Batch [0-4]	Speed: 19535.37 samples/sec	cross-entropy=10.972282	paper_time24-accuracy=3.600000
2023-11-08 14:16:52,413 [INFO]  Epoch[2] Train-cross-entropy=8.787536
2023-11-08 14:16:52,414 [INFO]  Epoch[2] Train-paper_time24-accuracy=3.125000
2023-11-08 14:16:52,414 [INFO]  Epoch[2] Time cost=0.007
2023-11-08 14:16:52,415 [INFO]  Saved checkpoint to "./imputer_model/imputer_model_paper_time24/model-0002.params"
2023-11-08 14:16:52,416 [INFO]  Epoch[2] Validation-cross-entropy=19.690580
2023-11-08 14:16:52,416 [INFO]  Epoch[2] Validation-paper_time24-accuracy=0.000000
2023-11-08 14:16:52,420 [INFO]  Epoch[3] Batch [0-4]	Speed: 18294.52 samples/sec	cross-entropy=3.883458	paper_time24-accuracy=3.600000
2023-11-08 14:16:52,423 [INFO]  Epoch[3] Train-cross-entropy=4.602554
2023-11-08 14:16:52,423 [INFO]  Epoch[3] Train-paper_time24-accuracy=3.125000
2023-11-08 14:16:52,423 [INFO]  Epoch[3] Time cost=0.007
2023-11-08 14:16:52,424 [INFO]  Saved checkpoint to "./imputer_model/imputer_model_paper_time24/model-0003.params"
2023-11-08 14:16:52,424 [INFO]  Epoch[3] Validation-cross-entropy=18.268118
2023-11-08 14:16:52,425 [INFO]  Epoch[3] Validation-paper_time24-accuracy=0.000000
2023-11-08 14:16:52,429 [INFO]  Epoch[4] Batch [0-4]	Speed: 17966.36 samples/sec	cross-entropy=1.216365	paper_time24-accuracy=3.600000
2023-11-08 14:16:52,432 [INFO]  Epoch[4] Train-cross-entropy=1.717778
2023-11-08 14:16:52,432 [INFO]  Epoch[4] Train-paper_time24-accuracy=3.125000
2023-11-08 14:16:52,432 [INFO]  Epoch[4] Time cost=0.007
2023-11-08 14:16:52,433 [INFO]  Saved checkpoint to "./imputer_model/imputer_model_paper_time24/model-0004.params"
2023-11-08 14:16:52,434 [INFO]  Epoch[4] Validation-cross-entropy=19.275532
2023-11-08 14:16:52,434 [INFO]  Epoch[4] Validation-paper_time24-accuracy=0.000000
2023-11-08 14:16:52,434 [INFO]  
========== done (0.05731940269470215 s) fit model
2023-11-08 14:30:31,576 [INFO]  
========== start: fit model
2023-11-08 14:30:31,576 [WARNING]  Already bound, ignoring bind()
2023-11-08 14:30:31,584 [INFO]  Epoch[0] Batch [0-4]	Speed: 12402.30 samples/sec	cross-entropy=25.363594	paper_time24-accuracy=3.000000
2023-11-08 14:30:31,589 [INFO]  Epoch[0] Train-cross-entropy=21.873086
2023-11-08 14:30:31,590 [INFO]  Epoch[0] Train-paper_time24-accuracy=3.000000
2023-11-08 14:30:31,590 [INFO]  Epoch[0] Time cost=0.013
2023-11-08 14:30:31,593 [INFO]  Saved checkpoint to "./imputer_model/imputer_model_paper_time24/model-0000.params"
2023-11-08 14:30:31,594 [INFO]  Epoch[0] Validation-cross-entropy=73.011650
2023-11-08 14:30:31,594 [INFO]  Epoch[0] Validation-paper_time24-accuracy=0.000000
2023-11-08 14:30:31,601 [INFO]  Epoch[1] Batch [0-4]	Speed: 12087.33 samples/sec	cross-entropy=40.777322	paper_time24-accuracy=3.000000
2023-11-08 14:30:31,605 [INFO]  Epoch[1] Train-cross-entropy=29.241321
2023-11-08 14:30:31,605 [INFO]  Epoch[1] Train-paper_time24-accuracy=3.000000
2023-11-08 14:30:31,605 [INFO]  Epoch[1] Time cost=0.011
2023-11-08 14:30:31,607 [INFO]  Saved checkpoint to "./imputer_model/imputer_model_paper_time24/model-0001.params"
2023-11-08 14:30:31,607 [INFO]  Epoch[1] Validation-cross-entropy=138.219193
2023-11-08 14:30:31,607 [INFO]  Epoch[1] Validation-paper_time24-accuracy=0.000000
2023-11-08 14:30:31,614 [INFO]  Epoch[2] Batch [0-4]	Speed: 12927.93 samples/sec	cross-entropy=8.707715	paper_time24-accuracy=3.000000
2023-11-08 14:30:31,617 [INFO]  Epoch[2] Train-cross-entropy=7.608573
2023-11-08 14:30:31,617 [INFO]  Epoch[2] Train-paper_time24-accuracy=3.000000
2023-11-08 14:30:31,617 [INFO]  Epoch[2] Time cost=0.010
2023-11-08 14:30:31,619 [INFO]  Saved checkpoint to "./imputer_model/imputer_model_paper_time24/model-0002.params"
2023-11-08 14:30:31,619 [INFO]  Epoch[2] Validation-cross-entropy=78.444344
2023-11-08 14:30:31,619 [INFO]  Epoch[2] Validation-paper_time24-accuracy=0.000000
2023-11-08 14:30:31,625 [INFO]  Epoch[3] Batch [0-4]	Speed: 14108.88 samples/sec	cross-entropy=4.537703	paper_time24-accuracy=3.000000
2023-11-08 14:30:31,629 [INFO]  Epoch[3] Train-cross-entropy=3.364602
2023-11-08 14:30:31,629 [INFO]  Epoch[3] Train-paper_time24-accuracy=3.000000
2023-11-08 14:30:31,629 [INFO]  Epoch[3] Time cost=0.009
2023-11-08 14:30:31,630 [INFO]  Saved checkpoint to "./imputer_model/imputer_model_paper_time24/model-0003.params"
2023-11-08 14:30:31,631 [INFO]  Epoch[3] Validation-cross-entropy=36.226322
2023-11-08 14:30:31,631 [INFO]  Epoch[3] Validation-paper_time24-accuracy=0.000000
2023-11-08 14:30:31,637 [INFO]  Epoch[4] Batch [0-4]	Speed: 13991.94 samples/sec	cross-entropy=1.572848	paper_time24-accuracy=3.000000
2023-11-08 14:30:31,640 [INFO]  Epoch[4] Train-cross-entropy=1.177498
2023-11-08 14:30:31,640 [INFO]  Epoch[4] Train-paper_time24-accuracy=3.000000
2023-11-08 14:30:31,640 [INFO]  Epoch[4] Time cost=0.009
2023-11-08 14:30:31,642 [INFO]  Saved checkpoint to "./imputer_model/imputer_model_paper_time24/model-0004.params"
2023-11-08 14:30:31,642 [INFO]  Epoch[4] Validation-cross-entropy=30.977587
2023-11-08 14:30:31,642 [INFO]  Epoch[4] Validation-paper_time24-accuracy=0.000000
2023-11-08 14:30:31,642 [INFO]  
========== done (0.06630325317382812 s) fit model
2023-11-08 14:44:36,695 [INFO]  
========== start: fit model
2023-11-08 14:44:36,695 [WARNING]  Already bound, ignoring bind()
2023-11-08 14:44:36,702 [INFO]  Epoch[0] Batch [0-4]	Speed: 14166.21 samples/sec	cross-entropy=17.958834	paper_time24-accuracy=0.000000
2023-11-08 14:44:36,705 [INFO]  Epoch[0] Train-cross-entropy=20.863486
2023-11-08 14:44:36,705 [INFO]  Epoch[0] Train-paper_time24-accuracy=0.000000
2023-11-08 14:44:36,705 [INFO]  Epoch[0] Time cost=0.010
2023-11-08 14:44:36,707 [INFO]  Saved checkpoint to "./imputer_model/imputer_model_paper_time24/model-0000.params"
2023-11-08 14:44:36,707 [INFO]  Epoch[0] Validation-cross-entropy=56.693180
2023-11-08 14:44:36,707 [INFO]  Epoch[0] Validation-paper_time24-accuracy=0.000000
2023-11-08 14:44:36,714 [INFO]  Epoch[1] Batch [0-4]	Speed: 11898.21 samples/sec	cross-entropy=33.101262	paper_time24-accuracy=0.000000
2023-11-08 14:44:36,720 [INFO]  Epoch[1] Train-cross-entropy=24.702295
2023-11-08 14:44:36,720 [INFO]  Epoch[1] Train-paper_time24-accuracy=0.000000
2023-11-08 14:44:36,720 [INFO]  Epoch[1] Time cost=0.012
2023-11-08 14:44:36,723 [INFO]  Saved checkpoint to "./imputer_model/imputer_model_paper_time24/model-0001.params"
2023-11-08 14:44:36,724 [INFO]  Epoch[1] Validation-cross-entropy=45.715580
2023-11-08 14:44:36,724 [INFO]  Epoch[1] Validation-paper_time24-accuracy=0.000000
2023-11-08 14:44:36,730 [INFO]  Epoch[2] Batch [0-4]	Speed: 15630.34 samples/sec	cross-entropy=5.036090	paper_time24-accuracy=0.000000
2023-11-08 14:44:36,733 [INFO]  Epoch[2] Train-cross-entropy=4.365931
2023-11-08 14:44:36,733 [INFO]  Epoch[2] Train-paper_time24-accuracy=0.000000
2023-11-08 14:44:36,733 [INFO]  Epoch[2] Time cost=0.009
2023-11-08 14:44:36,735 [INFO]  Saved checkpoint to "./imputer_model/imputer_model_paper_time24/model-0002.params"
2023-11-08 14:44:36,736 [INFO]  Epoch[2] Validation-cross-entropy=71.166161
2023-11-08 14:44:36,736 [INFO]  Epoch[2] Validation-paper_time24-accuracy=0.000000
2023-11-08 14:44:36,741 [INFO]  Epoch[3] Batch [0-4]	Speed: 17191.97 samples/sec	cross-entropy=3.986716	paper_time24-accuracy=0.000000
2023-11-08 14:44:36,743 [INFO]  Epoch[3] Train-cross-entropy=3.386491
2023-11-08 14:44:36,744 [INFO]  Epoch[3] Train-paper_time24-accuracy=0.000000
2023-11-08 14:44:36,744 [INFO]  Epoch[3] Time cost=0.008
2023-11-08 14:44:36,745 [INFO]  Saved checkpoint to "./imputer_model/imputer_model_paper_time24/model-0003.params"
2023-11-08 14:44:36,746 [INFO]  Epoch[3] Validation-cross-entropy=55.362350
2023-11-08 14:44:36,746 [INFO]  Epoch[3] Validation-paper_time24-accuracy=0.000000
2023-11-08 14:44:36,752 [INFO]  Epoch[4] Batch [0-4]	Speed: 12160.71 samples/sec	cross-entropy=0.923245	paper_time24-accuracy=0.000000
2023-11-08 14:44:36,756 [INFO]  Epoch[4] Train-cross-entropy=0.880959
2023-11-08 14:44:36,756 [INFO]  Epoch[4] Train-paper_time24-accuracy=0.000000
2023-11-08 14:44:36,756 [INFO]  Epoch[4] Time cost=0.011
2023-11-08 14:44:36,759 [INFO]  Saved checkpoint to "./imputer_model/imputer_model_paper_time24/model-0004.params"
2023-11-08 14:44:36,760 [INFO]  Epoch[4] Validation-cross-entropy=53.117031
2023-11-08 14:44:36,760 [INFO]  Epoch[4] Validation-paper_time24-accuracy=0.000000
2023-11-08 14:44:36,760 [INFO]  
========== done (0.06490612030029297 s) fit model
2023-11-08 14:58:46,569 [INFO]  
========== start: fit model
2023-11-08 14:58:46,569 [WARNING]  Already bound, ignoring bind()
2023-11-08 14:58:46,576 [INFO]  Epoch[0] Batch [0-4]	Speed: 13529.33 samples/sec	cross-entropy=18.640770	paper_time24-accuracy=3.000000
2023-11-08 14:58:46,580 [INFO]  Epoch[0] Train-cross-entropy=20.020662
2023-11-08 14:58:46,580 [INFO]  Epoch[0] Train-paper_time24-accuracy=2.750000
2023-11-08 14:58:46,580 [INFO]  Epoch[0] Time cost=0.010
2023-11-08 14:58:46,581 [INFO]  Saved checkpoint to "./imputer_model/imputer_model_paper_time24/model-0000.params"
2023-11-08 14:58:46,582 [INFO]  Epoch[0] Validation-cross-entropy=50.295410
2023-11-08 14:58:46,582 [INFO]  Epoch[0] Validation-paper_time24-accuracy=0.000000
2023-11-08 14:58:46,589 [INFO]  Epoch[1] Batch [0-4]	Speed: 10068.85 samples/sec	cross-entropy=40.467778	paper_time24-accuracy=3.000000
2023-11-08 14:58:46,595 [INFO]  Epoch[1] Train-cross-entropy=32.244975
2023-11-08 14:58:46,595 [INFO]  Epoch[1] Train-paper_time24-accuracy=2.750000
2023-11-08 14:58:46,595 [INFO]  Epoch[1] Time cost=0.013
2023-11-08 14:58:46,599 [INFO]  Saved checkpoint to "./imputer_model/imputer_model_paper_time24/model-0001.params"
2023-11-08 14:58:46,600 [INFO]  Epoch[1] Validation-cross-entropy=67.459595
2023-11-08 14:58:46,600 [INFO]  Epoch[1] Validation-paper_time24-accuracy=0.000000
2023-11-08 14:58:46,606 [INFO]  Epoch[2] Batch [0-4]	Speed: 13699.18 samples/sec	cross-entropy=8.229981	paper_time24-accuracy=3.000000
2023-11-08 14:58:46,610 [INFO]  Epoch[2] Train-cross-entropy=7.887116
2023-11-08 14:58:46,610 [INFO]  Epoch[2] Train-paper_time24-accuracy=2.750000
2023-11-08 14:58:46,610 [INFO]  Epoch[2] Time cost=0.010
2023-11-08 14:58:46,612 [INFO]  Saved checkpoint to "./imputer_model/imputer_model_paper_time24/model-0002.params"
2023-11-08 14:58:46,613 [INFO]  Epoch[2] Validation-cross-entropy=47.305119
2023-11-08 14:58:46,613 [INFO]  Epoch[2] Validation-paper_time24-accuracy=0.000000
2023-11-08 14:58:46,618 [INFO]  Epoch[3] Batch [0-4]	Speed: 15978.30 samples/sec	cross-entropy=6.834337	paper_time24-accuracy=3.000000
2023-11-08 14:58:46,621 [INFO]  Epoch[3] Train-cross-entropy=6.120831
2023-11-08 14:58:46,621 [INFO]  Epoch[3] Train-paper_time24-accuracy=2.750000
2023-11-08 14:58:46,621 [INFO]  Epoch[3] Time cost=0.008
2023-11-08 14:58:46,623 [INFO]  Saved checkpoint to "./imputer_model/imputer_model_paper_time24/model-0003.params"
2023-11-08 14:58:46,623 [INFO]  Epoch[3] Validation-cross-entropy=55.702278
2023-11-08 14:58:46,623 [INFO]  Epoch[3] Validation-paper_time24-accuracy=0.000000
2023-11-08 14:58:46,629 [INFO]  Epoch[4] Batch [0-4]	Speed: 15748.63 samples/sec	cross-entropy=3.174733	paper_time24-accuracy=3.000000
2023-11-08 14:58:46,632 [INFO]  Epoch[4] Train-cross-entropy=2.461038
2023-11-08 14:58:46,632 [INFO]  Epoch[4] Train-paper_time24-accuracy=2.750000
2023-11-08 14:58:46,632 [INFO]  Epoch[4] Time cost=0.008
2023-11-08 14:58:46,633 [INFO]  Saved checkpoint to "./imputer_model/imputer_model_paper_time24/model-0004.params"
2023-11-08 14:58:46,634 [INFO]  Epoch[4] Validation-cross-entropy=49.422977
2023-11-08 14:58:46,634 [INFO]  Epoch[4] Validation-paper_time24-accuracy=0.000000
2023-11-08 14:58:46,634 [INFO]  
========== done (0.06504440307617188 s) fit model
