2023-11-08 12:44:19,254 [INFO]  
========== start: fit model
2023-11-08 12:44:19,267 [WARNING]  Already bound, ignoring bind()
2023-11-08 12:44:20,282 [INFO]  Epoch[0] Batch [0-4]	Speed: 78.69 samples/sec	cross-entropy=18.337772	gmrt_on_paper16-accuracy=0.000000
2023-11-08 12:44:20,286 [INFO]  Epoch[0] Train-cross-entropy=16.093050
2023-11-08 12:44:20,287 [INFO]  Epoch[0] Train-gmrt_on_paper16-accuracy=0.000000
2023-11-08 12:44:20,287 [INFO]  Epoch[0] Time cost=1.018
2023-11-08 12:44:20,289 [INFO]  Saved checkpoint to "./imputer_model/imputer_model_gmrt_on_paper16/model-0000.params"
2023-11-08 12:44:20,290 [INFO]  Epoch[0] Validation-cross-entropy=27.857876
2023-11-08 12:44:20,290 [INFO]  Epoch[0] Validation-gmrt_on_paper16-accuracy=0.000000
2023-11-08 12:44:20,297 [INFO]  Epoch[1] Batch [0-4]	Speed: 12203.83 samples/sec	cross-entropy=38.968972	gmrt_on_paper16-accuracy=0.000000
2023-11-08 12:44:20,301 [INFO]  Epoch[1] Train-cross-entropy=27.962354
2023-11-08 12:44:20,301 [INFO]  Epoch[1] Train-gmrt_on_paper16-accuracy=0.000000
2023-11-08 12:44:20,301 [INFO]  Epoch[1] Time cost=0.011
2023-11-08 12:44:20,303 [INFO]  Saved checkpoint to "./imputer_model/imputer_model_gmrt_on_paper16/model-0001.params"
2023-11-08 12:44:20,312 [INFO]  Epoch[1] Validation-cross-entropy=21.090662
2023-11-08 12:44:20,312 [INFO]  Epoch[1] Validation-gmrt_on_paper16-accuracy=0.000000
2023-11-08 12:44:20,326 [INFO]  Epoch[2] Batch [0-4]	Speed: 6130.48 samples/sec	cross-entropy=5.394615	gmrt_on_paper16-accuracy=0.000000
2023-11-08 12:44:20,342 [INFO]  Epoch[2] Train-cross-entropy=4.868972
2023-11-08 12:44:20,342 [INFO]  Epoch[2] Train-gmrt_on_paper16-accuracy=0.000000
2023-11-08 12:44:20,342 [INFO]  Epoch[2] Time cost=0.030
2023-11-08 12:44:20,345 [INFO]  Saved checkpoint to "./imputer_model/imputer_model_gmrt_on_paper16/model-0002.params"
2023-11-08 12:44:20,351 [INFO]  Epoch[2] Validation-cross-entropy=11.416996
2023-11-08 12:44:20,351 [INFO]  Epoch[2] Validation-gmrt_on_paper16-accuracy=0.000000
2023-11-08 12:44:20,577 [INFO]  Epoch[3] Batch [0-4]	Speed: 4159.92 samples/sec	cross-entropy=2.220859	gmrt_on_paper16-accuracy=0.000000
2023-11-08 12:44:20,585 [INFO]  Epoch[3] Train-cross-entropy=1.750151
2023-11-08 12:44:20,585 [INFO]  Epoch[3] Train-gmrt_on_paper16-accuracy=0.000000
2023-11-08 12:44:20,586 [INFO]  Epoch[3] Time cost=0.235
2023-11-08 12:44:20,589 [INFO]  Saved checkpoint to "./imputer_model/imputer_model_gmrt_on_paper16/model-0003.params"
2023-11-08 12:44:20,594 [INFO]  Epoch[3] Validation-cross-entropy=11.110922
2023-11-08 12:44:20,595 [INFO]  Epoch[3] Validation-gmrt_on_paper16-accuracy=0.000000
2023-11-08 12:44:20,609 [INFO]  Epoch[4] Batch [0-4]	Speed: 5721.98 samples/sec	cross-entropy=0.856942	gmrt_on_paper16-accuracy=0.000000
2023-11-08 12:44:20,617 [INFO]  Epoch[4] Train-cross-entropy=0.786392
2023-11-08 12:44:20,617 [INFO]  Epoch[4] Train-gmrt_on_paper16-accuracy=0.000000
2023-11-08 12:44:20,618 [INFO]  Epoch[4] Time cost=0.023
2023-11-08 12:44:20,621 [INFO]  Saved checkpoint to "./imputer_model/imputer_model_gmrt_on_paper16/model-0004.params"
2023-11-08 12:44:20,736 [INFO]  Epoch[4] Validation-cross-entropy=11.986615
2023-11-08 12:44:20,736 [INFO]  Epoch[4] Validation-gmrt_on_paper16-accuracy=0.000000
2023-11-08 12:44:20,736 [INFO]  
========== done (1.4813227653503418 s) fit model
2023-11-08 13:07:36,123 [INFO]  
========== start: fit model
2023-11-08 13:07:36,123 [WARNING]  Already bound, ignoring bind()
2023-11-08 13:07:36,131 [INFO]  Epoch[0] Batch [0-4]	Speed: 13769.45 samples/sec	cross-entropy=19.650764	gmrt_on_paper16-accuracy=3.000000
2023-11-08 13:07:36,134 [INFO]  Epoch[0] Train-cross-entropy=18.506814
2023-11-08 13:07:36,134 [INFO]  Epoch[0] Train-gmrt_on_paper16-accuracy=3.500000
2023-11-08 13:07:36,134 [INFO]  Epoch[0] Time cost=0.010
2023-11-08 13:07:36,135 [INFO]  Saved checkpoint to "./imputer_model/imputer_model_gmrt_on_paper16/model-0000.params"
2023-11-08 13:07:36,136 [INFO]  Epoch[0] Validation-cross-entropy=13.118241
2023-11-08 13:07:36,136 [INFO]  Epoch[0] Validation-gmrt_on_paper16-accuracy=0.000000
2023-11-08 13:07:36,143 [INFO]  Epoch[1] Batch [0-4]	Speed: 12502.23 samples/sec	cross-entropy=25.921519	gmrt_on_paper16-accuracy=3.000000
2023-11-08 13:07:36,146 [INFO]  Epoch[1] Train-cross-entropy=21.270218
2023-11-08 13:07:36,146 [INFO]  Epoch[1] Train-gmrt_on_paper16-accuracy=3.500000
2023-11-08 13:07:36,146 [INFO]  Epoch[1] Time cost=0.010
2023-11-08 13:07:36,148 [INFO]  Saved checkpoint to "./imputer_model/imputer_model_gmrt_on_paper16/model-0001.params"
2023-11-08 13:07:36,148 [INFO]  Epoch[1] Validation-cross-entropy=6.390389
2023-11-08 13:07:36,148 [INFO]  Epoch[1] Validation-gmrt_on_paper16-accuracy=0.000000
2023-11-08 13:07:36,153 [INFO]  Epoch[2] Batch [0-4]	Speed: 15959.30 samples/sec	cross-entropy=4.088878	gmrt_on_paper16-accuracy=3.000000
2023-11-08 13:07:36,156 [INFO]  Epoch[2] Train-cross-entropy=4.389782
2023-11-08 13:07:36,156 [INFO]  Epoch[2] Train-gmrt_on_paper16-accuracy=3.500000
2023-11-08 13:07:36,157 [INFO]  Epoch[2] Time cost=0.008
2023-11-08 13:07:36,158 [INFO]  Saved checkpoint to "./imputer_model/imputer_model_gmrt_on_paper16/model-0002.params"
2023-11-08 13:07:36,158 [INFO]  Epoch[2] Validation-cross-entropy=8.545620
2023-11-08 13:07:36,158 [INFO]  Epoch[2] Validation-gmrt_on_paper16-accuracy=0.000000
2023-11-08 13:07:36,164 [INFO]  Epoch[3] Batch [0-4]	Speed: 15940.35 samples/sec	cross-entropy=2.642243	gmrt_on_paper16-accuracy=3.000000
2023-11-08 13:07:36,167 [INFO]  Epoch[3] Train-cross-entropy=2.240791
2023-11-08 13:07:36,167 [INFO]  Epoch[3] Train-gmrt_on_paper16-accuracy=3.500000
2023-11-08 13:07:36,167 [INFO]  Epoch[3] Time cost=0.008
2023-11-08 13:07:36,168 [INFO]  Saved checkpoint to "./imputer_model/imputer_model_gmrt_on_paper16/model-0003.params"
2023-11-08 13:07:36,169 [INFO]  Epoch[3] Validation-cross-entropy=6.750869
2023-11-08 13:07:36,169 [INFO]  Epoch[3] Validation-gmrt_on_paper16-accuracy=0.000000
2023-11-08 13:07:36,175 [INFO]  Epoch[4] Batch [0-4]	Speed: 11783.30 samples/sec	cross-entropy=0.951766	gmrt_on_paper16-accuracy=3.000000
2023-11-08 13:07:36,179 [INFO]  Epoch[4] Train-cross-entropy=1.112428
2023-11-08 13:07:36,180 [INFO]  Epoch[4] Train-gmrt_on_paper16-accuracy=3.500000
2023-11-08 13:07:36,180 [INFO]  Epoch[4] Time cost=0.011
2023-11-08 13:07:36,183 [INFO]  Saved checkpoint to "./imputer_model/imputer_model_gmrt_on_paper16/model-0004.params"
2023-11-08 13:07:36,184 [INFO]  Epoch[4] Validation-cross-entropy=6.853829
2023-11-08 13:07:36,184 [INFO]  Epoch[4] Validation-gmrt_on_paper16-accuracy=0.000000
2023-11-08 13:07:36,184 [INFO]  
========== done (0.06094074249267578 s) fit model
2023-11-08 13:21:00,880 [INFO]  
========== start: fit model
2023-11-08 13:21:00,880 [WARNING]  Already bound, ignoring bind()
2023-11-08 13:21:00,887 [INFO]  Epoch[0] Batch [0-4]	Speed: 14032.17 samples/sec	cross-entropy=24.203313	gmrt_on_paper16-accuracy=0.000000
2023-11-08 13:21:00,890 [INFO]  Epoch[0] Train-cross-entropy=22.629098
2023-11-08 13:21:00,890 [INFO]  Epoch[0] Train-gmrt_on_paper16-accuracy=0.000000
2023-11-08 13:21:00,890 [INFO]  Epoch[0] Time cost=0.010
2023-11-08 13:21:00,892 [INFO]  Saved checkpoint to "./imputer_model/imputer_model_gmrt_on_paper16/model-0000.params"
2023-11-08 13:21:00,892 [INFO]  Epoch[0] Validation-cross-entropy=18.151194
2023-11-08 13:21:00,892 [INFO]  Epoch[0] Validation-gmrt_on_paper16-accuracy=0.000000
2023-11-08 13:21:00,898 [INFO]  Epoch[1] Batch [0-4]	Speed: 15279.80 samples/sec	cross-entropy=13.629356	gmrt_on_paper16-accuracy=0.000000
2023-11-08 13:21:00,901 [INFO]  Epoch[1] Train-cross-entropy=14.479299
2023-11-08 13:21:00,901 [INFO]  Epoch[1] Train-gmrt_on_paper16-accuracy=0.000000
2023-11-08 13:21:00,901 [INFO]  Epoch[1] Time cost=0.009
2023-11-08 13:21:00,902 [INFO]  Saved checkpoint to "./imputer_model/imputer_model_gmrt_on_paper16/model-0001.params"
2023-11-08 13:21:00,903 [INFO]  Epoch[1] Validation-cross-entropy=7.807797
2023-11-08 13:21:00,903 [INFO]  Epoch[1] Validation-gmrt_on_paper16-accuracy=0.000000
2023-11-08 13:21:00,908 [INFO]  Epoch[2] Batch [0-4]	Speed: 16015.48 samples/sec	cross-entropy=2.708072	gmrt_on_paper16-accuracy=0.000000
2023-11-08 13:21:00,911 [INFO]  Epoch[2] Train-cross-entropy=2.689264
2023-11-08 13:21:00,911 [INFO]  Epoch[2] Train-gmrt_on_paper16-accuracy=0.000000
2023-11-08 13:21:00,911 [INFO]  Epoch[2] Time cost=0.008
2023-11-08 13:21:00,912 [INFO]  Saved checkpoint to "./imputer_model/imputer_model_gmrt_on_paper16/model-0002.params"
2023-11-08 13:21:00,913 [INFO]  Epoch[2] Validation-cross-entropy=8.792961
2023-11-08 13:21:00,913 [INFO]  Epoch[2] Validation-gmrt_on_paper16-accuracy=0.000000
2023-11-08 13:21:00,918 [INFO]  Epoch[3] Batch [0-4]	Speed: 15766.21 samples/sec	cross-entropy=2.080653	gmrt_on_paper16-accuracy=0.000000
2023-11-08 13:21:00,921 [INFO]  Epoch[3] Train-cross-entropy=1.544480
2023-11-08 13:21:00,921 [INFO]  Epoch[3] Train-gmrt_on_paper16-accuracy=0.000000
2023-11-08 13:21:00,921 [INFO]  Epoch[3] Time cost=0.008
2023-11-08 13:21:00,922 [INFO]  Saved checkpoint to "./imputer_model/imputer_model_gmrt_on_paper16/model-0003.params"
2023-11-08 13:21:00,923 [INFO]  Epoch[3] Validation-cross-entropy=5.348022
2023-11-08 13:21:00,923 [INFO]  Epoch[3] Validation-gmrt_on_paper16-accuracy=0.000000
2023-11-08 13:21:00,928 [INFO]  Epoch[4] Batch [0-4]	Speed: 17072.79 samples/sec	cross-entropy=0.676657	gmrt_on_paper16-accuracy=0.000000
2023-11-08 13:21:00,931 [INFO]  Epoch[4] Train-cross-entropy=0.548702
2023-11-08 13:21:00,931 [INFO]  Epoch[4] Train-gmrt_on_paper16-accuracy=0.000000
2023-11-08 13:21:00,931 [INFO]  Epoch[4] Time cost=0.008
2023-11-08 13:21:00,932 [INFO]  Saved checkpoint to "./imputer_model/imputer_model_gmrt_on_paper16/model-0004.params"
2023-11-08 13:21:00,933 [INFO]  Epoch[4] Validation-cross-entropy=6.169447
2023-11-08 13:21:00,933 [INFO]  Epoch[4] Validation-gmrt_on_paper16-accuracy=0.000000
2023-11-08 13:21:00,933 [INFO]  
========== done (0.05278468132019043 s) fit model
2023-11-08 13:34:21,331 [INFO]  
========== start: fit model
2023-11-08 13:34:21,331 [WARNING]  Already bound, ignoring bind()
2023-11-08 13:34:21,339 [INFO]  Epoch[0] Batch [0-4]	Speed: 13775.81 samples/sec	cross-entropy=22.817589	gmrt_on_paper16-accuracy=4.000000
2023-11-08 13:34:21,342 [INFO]  Epoch[0] Train-cross-entropy=18.974393
2023-11-08 13:34:21,342 [INFO]  Epoch[0] Train-gmrt_on_paper16-accuracy=3.250000
2023-11-08 13:34:21,342 [INFO]  Epoch[0] Time cost=0.010
2023-11-08 13:34:21,343 [INFO]  Saved checkpoint to "./imputer_model/imputer_model_gmrt_on_paper16/model-0000.params"
2023-11-08 13:34:21,344 [INFO]  Epoch[0] Validation-cross-entropy=25.074146
2023-11-08 13:34:21,344 [INFO]  Epoch[0] Validation-gmrt_on_paper16-accuracy=0.000000
2023-11-08 13:34:21,350 [INFO]  Epoch[1] Batch [0-4]	Speed: 14602.37 samples/sec	cross-entropy=51.696980	gmrt_on_paper16-accuracy=4.000000
2023-11-08 13:34:21,354 [INFO]  Epoch[1] Train-cross-entropy=43.429822
2023-11-08 13:34:21,354 [INFO]  Epoch[1] Train-gmrt_on_paper16-accuracy=3.250000
2023-11-08 13:34:21,355 [INFO]  Epoch[1] Time cost=0.011
2023-11-08 13:34:21,357 [INFO]  Saved checkpoint to "./imputer_model/imputer_model_gmrt_on_paper16/model-0001.params"
2023-11-08 13:34:21,358 [INFO]  Epoch[1] Validation-cross-entropy=20.577353
2023-11-08 13:34:21,358 [INFO]  Epoch[1] Validation-gmrt_on_paper16-accuracy=0.000000
2023-11-08 13:34:21,364 [INFO]  Epoch[2] Batch [0-4]	Speed: 14359.44 samples/sec	cross-entropy=18.317343	gmrt_on_paper16-accuracy=4.000000
2023-11-08 13:34:21,367 [INFO]  Epoch[2] Train-cross-entropy=14.223922
2023-11-08 13:34:21,367 [INFO]  Epoch[2] Train-gmrt_on_paper16-accuracy=3.250000
2023-11-08 13:34:21,367 [INFO]  Epoch[2] Time cost=0.009
2023-11-08 13:34:21,369 [INFO]  Saved checkpoint to "./imputer_model/imputer_model_gmrt_on_paper16/model-0002.params"
2023-11-08 13:34:21,370 [INFO]  Epoch[2] Validation-cross-entropy=26.153719
2023-11-08 13:34:21,370 [INFO]  Epoch[2] Validation-gmrt_on_paper16-accuracy=0.000000
2023-11-08 13:34:21,375 [INFO]  Epoch[3] Batch [0-4]	Speed: 16489.68 samples/sec	cross-entropy=5.559909	gmrt_on_paper16-accuracy=4.000000
2023-11-08 13:34:21,378 [INFO]  Epoch[3] Train-cross-entropy=5.130126
2023-11-08 13:34:21,378 [INFO]  Epoch[3] Train-gmrt_on_paper16-accuracy=3.250000
2023-11-08 13:34:21,378 [INFO]  Epoch[3] Time cost=0.008
2023-11-08 13:34:21,380 [INFO]  Saved checkpoint to "./imputer_model/imputer_model_gmrt_on_paper16/model-0003.params"
2023-11-08 13:34:21,380 [INFO]  Epoch[3] Validation-cross-entropy=32.817268
2023-11-08 13:34:21,380 [INFO]  Epoch[3] Validation-gmrt_on_paper16-accuracy=0.000000
2023-11-08 13:34:21,386 [INFO]  Epoch[4] Batch [0-4]	Speed: 14267.10 samples/sec	cross-entropy=2.543291	gmrt_on_paper16-accuracy=4.000000
2023-11-08 13:34:21,390 [INFO]  Epoch[4] Train-cross-entropy=2.308342
2023-11-08 13:34:21,391 [INFO]  Epoch[4] Train-gmrt_on_paper16-accuracy=3.250000
2023-11-08 13:34:21,391 [INFO]  Epoch[4] Time cost=0.010
2023-11-08 13:34:21,394 [INFO]  Saved checkpoint to "./imputer_model/imputer_model_gmrt_on_paper16/model-0004.params"
2023-11-08 13:34:21,395 [INFO]  Epoch[4] Validation-cross-entropy=19.402143
2023-11-08 13:34:21,395 [INFO]  Epoch[4] Validation-gmrt_on_paper16-accuracy=0.000000
2023-11-08 13:34:21,395 [INFO]  
========== done (0.06344079971313477 s) fit model
2023-11-08 13:47:41,334 [INFO]  
========== start: fit model
2023-11-08 13:47:41,334 [WARNING]  Already bound, ignoring bind()
2023-11-08 13:47:41,342 [INFO]  Epoch[0] Batch [0-4]	Speed: 11251.38 samples/sec	cross-entropy=13.318180	gmrt_on_paper16-accuracy=3.000000
2023-11-08 13:47:41,347 [INFO]  Epoch[0] Train-cross-entropy=18.632147
2023-11-08 13:47:41,347 [INFO]  Epoch[0] Train-gmrt_on_paper16-accuracy=3.500000
2023-11-08 13:47:41,347 [INFO]  Epoch[0] Time cost=0.013
2023-11-08 13:47:41,350 [INFO]  Saved checkpoint to "./imputer_model/imputer_model_gmrt_on_paper16/model-0000.params"
2023-11-08 13:47:41,351 [INFO]  Epoch[0] Validation-cross-entropy=21.071617
2023-11-08 13:47:41,351 [INFO]  Epoch[0] Validation-gmrt_on_paper16-accuracy=0.000000
2023-11-08 13:47:41,358 [INFO]  Epoch[1] Batch [0-4]	Speed: 12473.77 samples/sec	cross-entropy=41.922690	gmrt_on_paper16-accuracy=3.000000
2023-11-08 13:47:41,362 [INFO]  Epoch[1] Train-cross-entropy=34.978603
2023-11-08 13:47:41,362 [INFO]  Epoch[1] Train-gmrt_on_paper16-accuracy=3.500000
2023-11-08 13:47:41,362 [INFO]  Epoch[1] Time cost=0.010
2023-11-08 13:47:41,364 [INFO]  Saved checkpoint to "./imputer_model/imputer_model_gmrt_on_paper16/model-0001.params"
2023-11-08 13:47:41,365 [INFO]  Epoch[1] Validation-cross-entropy=5.168194
2023-11-08 13:47:41,365 [INFO]  Epoch[1] Validation-gmrt_on_paper16-accuracy=0.000000
2023-11-08 13:47:41,370 [INFO]  Epoch[2] Batch [0-4]	Speed: 15456.64 samples/sec	cross-entropy=9.279051	gmrt_on_paper16-accuracy=3.000000
2023-11-08 13:47:41,373 [INFO]  Epoch[2] Train-cross-entropy=9.227575
2023-11-08 13:47:41,373 [INFO]  Epoch[2] Train-gmrt_on_paper16-accuracy=3.500000
2023-11-08 13:47:41,373 [INFO]  Epoch[2] Time cost=0.008
2023-11-08 13:47:41,375 [INFO]  Saved checkpoint to "./imputer_model/imputer_model_gmrt_on_paper16/model-0002.params"
2023-11-08 13:47:41,375 [INFO]  Epoch[2] Validation-cross-entropy=6.304508
2023-11-08 13:47:41,375 [INFO]  Epoch[2] Validation-gmrt_on_paper16-accuracy=0.000000
2023-11-08 13:47:41,379 [INFO]  Epoch[3] Batch [0-4]	Speed: 20656.83 samples/sec	cross-entropy=4.971000	gmrt_on_paper16-accuracy=3.000000
2023-11-08 13:47:41,382 [INFO]  Epoch[3] Train-cross-entropy=6.100174
2023-11-08 13:47:41,382 [INFO]  Epoch[3] Train-gmrt_on_paper16-accuracy=3.500000
2023-11-08 13:47:41,382 [INFO]  Epoch[3] Time cost=0.006
2023-11-08 13:47:41,383 [INFO]  Saved checkpoint to "./imputer_model/imputer_model_gmrt_on_paper16/model-0003.params"
2023-11-08 13:47:41,384 [INFO]  Epoch[3] Validation-cross-entropy=4.556049
2023-11-08 13:47:41,384 [INFO]  Epoch[3] Validation-gmrt_on_paper16-accuracy=0.000000
2023-11-08 13:47:41,392 [INFO]  Epoch[4] Batch [0-4]	Speed: 10112.09 samples/sec	cross-entropy=1.254397	gmrt_on_paper16-accuracy=3.000000
2023-11-08 13:47:41,397 [INFO]  Epoch[4] Train-cross-entropy=1.261758
2023-11-08 13:47:41,397 [INFO]  Epoch[4] Train-gmrt_on_paper16-accuracy=3.500000
2023-11-08 13:47:41,397 [INFO]  Epoch[4] Time cost=0.013
2023-11-08 13:47:41,400 [INFO]  Saved checkpoint to "./imputer_model/imputer_model_gmrt_on_paper16/model-0004.params"
2023-11-08 13:47:41,400 [INFO]  Epoch[4] Validation-cross-entropy=4.125632
2023-11-08 13:47:41,400 [INFO]  Epoch[4] Validation-gmrt_on_paper16-accuracy=0.000000
2023-11-08 13:47:41,401 [INFO]  
========== done (0.0670464038848877 s) fit model
2023-11-08 14:01:04,098 [INFO]  
========== start: fit model
2023-11-08 14:01:04,098 [WARNING]  Already bound, ignoring bind()
2023-11-08 14:01:04,105 [INFO]  Epoch[0] Batch [0-4]	Speed: 14131.90 samples/sec	cross-entropy=17.186716	gmrt_on_paper16-accuracy=0.000000
2023-11-08 14:01:04,109 [INFO]  Epoch[0] Train-cross-entropy=20.314032
2023-11-08 14:01:04,109 [INFO]  Epoch[0] Train-gmrt_on_paper16-accuracy=0.000000
2023-11-08 14:01:04,109 [INFO]  Epoch[0] Time cost=0.010
2023-11-08 14:01:04,110 [INFO]  Saved checkpoint to "./imputer_model/imputer_model_gmrt_on_paper16/model-0000.params"
2023-11-08 14:01:04,111 [INFO]  Epoch[0] Validation-cross-entropy=17.166668
2023-11-08 14:01:04,111 [INFO]  Epoch[0] Validation-gmrt_on_paper16-accuracy=0.000000
2023-11-08 14:01:04,119 [INFO]  Epoch[1] Batch [0-4]	Speed: 9950.16 samples/sec	cross-entropy=44.259550	gmrt_on_paper16-accuracy=0.000000
2023-11-08 14:01:04,124 [INFO]  Epoch[1] Train-cross-entropy=36.525819
2023-11-08 14:01:04,124 [INFO]  Epoch[1] Train-gmrt_on_paper16-accuracy=0.000000
2023-11-08 14:01:04,125 [INFO]  Epoch[1] Time cost=0.014
2023-11-08 14:01:04,128 [INFO]  Saved checkpoint to "./imputer_model/imputer_model_gmrt_on_paper16/model-0001.params"
2023-11-08 14:01:04,129 [INFO]  Epoch[1] Validation-cross-entropy=11.119743
2023-11-08 14:01:04,129 [INFO]  Epoch[1] Validation-gmrt_on_paper16-accuracy=0.000000
2023-11-08 14:01:04,136 [INFO]  Epoch[2] Batch [0-4]	Speed: 12190.53 samples/sec	cross-entropy=6.674495	gmrt_on_paper16-accuracy=0.000000
2023-11-08 14:01:04,140 [INFO]  Epoch[2] Train-cross-entropy=6.668824
2023-11-08 14:01:04,140 [INFO]  Epoch[2] Train-gmrt_on_paper16-accuracy=0.000000
2023-11-08 14:01:04,140 [INFO]  Epoch[2] Time cost=0.011
2023-11-08 14:01:04,141 [INFO]  Saved checkpoint to "./imputer_model/imputer_model_gmrt_on_paper16/model-0002.params"
2023-11-08 14:01:04,142 [INFO]  Epoch[2] Validation-cross-entropy=8.871107
2023-11-08 14:01:04,142 [INFO]  Epoch[2] Validation-gmrt_on_paper16-accuracy=0.000000
2023-11-08 14:01:04,148 [INFO]  Epoch[3] Batch [0-4]	Speed: 13599.24 samples/sec	cross-entropy=5.272750	gmrt_on_paper16-accuracy=0.000000
2023-11-08 14:01:04,152 [INFO]  Epoch[3] Train-cross-entropy=4.712236
2023-11-08 14:01:04,152 [INFO]  Epoch[3] Train-gmrt_on_paper16-accuracy=0.000000
2023-11-08 14:01:04,152 [INFO]  Epoch[3] Time cost=0.010
2023-11-08 14:01:04,153 [INFO]  Saved checkpoint to "./imputer_model/imputer_model_gmrt_on_paper16/model-0003.params"
2023-11-08 14:01:04,154 [INFO]  Epoch[3] Validation-cross-entropy=4.392925
2023-11-08 14:01:04,154 [INFO]  Epoch[3] Validation-gmrt_on_paper16-accuracy=0.000000
2023-11-08 14:01:04,161 [INFO]  Epoch[4] Batch [0-4]	Speed: 11155.99 samples/sec	cross-entropy=1.949961	gmrt_on_paper16-accuracy=0.000000
2023-11-08 14:01:04,166 [INFO]  Epoch[4] Train-cross-entropy=1.485983
2023-11-08 14:01:04,166 [INFO]  Epoch[4] Train-gmrt_on_paper16-accuracy=0.000000
2023-11-08 14:01:04,166 [INFO]  Epoch[4] Time cost=0.012
2023-11-08 14:01:04,169 [INFO]  Saved checkpoint to "./imputer_model/imputer_model_gmrt_on_paper16/model-0004.params"
2023-11-08 14:01:04,170 [INFO]  Epoch[4] Validation-cross-entropy=4.983881
2023-11-08 14:01:04,170 [INFO]  Epoch[4] Validation-gmrt_on_paper16-accuracy=0.000000
2023-11-08 14:01:04,170 [INFO]  
========== done (0.07185792922973633 s) fit model
2023-11-08 14:14:29,620 [INFO]  
========== start: fit model
2023-11-08 14:14:29,620 [WARNING]  Already bound, ignoring bind()
2023-11-08 14:14:29,627 [INFO]  Epoch[0] Batch [0-4]	Speed: 13845.44 samples/sec	cross-entropy=22.610033	gmrt_on_paper16-accuracy=4.800000
2023-11-08 14:14:29,631 [INFO]  Epoch[0] Train-cross-entropy=23.964184
2023-11-08 14:14:29,631 [INFO]  Epoch[0] Train-gmrt_on_paper16-accuracy=3.875000
2023-11-08 14:14:29,631 [INFO]  Epoch[0] Time cost=0.010
2023-11-08 14:14:29,632 [INFO]  Saved checkpoint to "./imputer_model/imputer_model_gmrt_on_paper16/model-0000.params"
2023-11-08 14:14:29,633 [INFO]  Epoch[0] Validation-cross-entropy=8.832996
2023-11-08 14:14:29,633 [INFO]  Epoch[0] Validation-gmrt_on_paper16-accuracy=0.000000
2023-11-08 14:14:29,639 [INFO]  Epoch[1] Batch [0-4]	Speed: 14193.17 samples/sec	cross-entropy=45.722275	gmrt_on_paper16-accuracy=4.800000
2023-11-08 14:14:29,643 [INFO]  Epoch[1] Train-cross-entropy=41.086164
2023-11-08 14:14:29,644 [INFO]  Epoch[1] Train-gmrt_on_paper16-accuracy=3.875000
2023-11-08 14:14:29,644 [INFO]  Epoch[1] Time cost=0.011
2023-11-08 14:14:29,648 [INFO]  Saved checkpoint to "./imputer_model/imputer_model_gmrt_on_paper16/model-0001.params"
2023-11-08 14:14:29,649 [INFO]  Epoch[1] Validation-cross-entropy=9.055137
2023-11-08 14:14:29,649 [INFO]  Epoch[1] Validation-gmrt_on_paper16-accuracy=0.000000
2023-11-08 14:14:29,657 [INFO]  Epoch[2] Batch [0-4]	Speed: 10143.04 samples/sec	cross-entropy=10.138155	gmrt_on_paper16-accuracy=4.800000
2023-11-08 14:14:29,661 [INFO]  Epoch[2] Train-cross-entropy=12.315096
2023-11-08 14:14:29,661 [INFO]  Epoch[2] Train-gmrt_on_paper16-accuracy=3.875000
2023-11-08 14:14:29,662 [INFO]  Epoch[2] Time cost=0.013
2023-11-08 14:14:29,664 [INFO]  Saved checkpoint to "./imputer_model/imputer_model_gmrt_on_paper16/model-0002.params"
2023-11-08 14:14:29,665 [INFO]  Epoch[2] Validation-cross-entropy=16.703480
2023-11-08 14:14:29,665 [INFO]  Epoch[2] Validation-gmrt_on_paper16-accuracy=0.000000
2023-11-08 14:14:29,671 [INFO]  Epoch[3] Batch [0-4]	Speed: 12917.35 samples/sec	cross-entropy=3.828794	gmrt_on_paper16-accuracy=4.800000
2023-11-08 14:14:29,675 [INFO]  Epoch[3] Train-cross-entropy=3.209110
2023-11-08 14:14:29,675 [INFO]  Epoch[3] Train-gmrt_on_paper16-accuracy=3.875000
2023-11-08 14:14:29,675 [INFO]  Epoch[3] Time cost=0.010
2023-11-08 14:14:29,677 [INFO]  Saved checkpoint to "./imputer_model/imputer_model_gmrt_on_paper16/model-0003.params"
2023-11-08 14:14:29,677 [INFO]  Epoch[3] Validation-cross-entropy=11.892877
2023-11-08 14:14:29,678 [INFO]  Epoch[3] Validation-gmrt_on_paper16-accuracy=0.000000
2023-11-08 14:14:29,683 [INFO]  Epoch[4] Batch [0-4]	Speed: 13886.27 samples/sec	cross-entropy=3.636065	gmrt_on_paper16-accuracy=4.800000
2023-11-08 14:14:29,687 [INFO]  Epoch[4] Train-cross-entropy=2.612334
2023-11-08 14:14:29,687 [INFO]  Epoch[4] Train-gmrt_on_paper16-accuracy=3.875000
2023-11-08 14:14:29,687 [INFO]  Epoch[4] Time cost=0.010
2023-11-08 14:14:29,689 [INFO]  Saved checkpoint to "./imputer_model/imputer_model_gmrt_on_paper16/model-0004.params"
2023-11-08 14:14:29,689 [INFO]  Epoch[4] Validation-cross-entropy=8.999372
2023-11-08 14:14:29,689 [INFO]  Epoch[4] Validation-gmrt_on_paper16-accuracy=0.000000
2023-11-08 14:14:29,689 [INFO]  
========== done (0.0695810317993164 s) fit model
2023-11-08 14:28:06,040 [INFO]  
========== start: fit model
2023-11-08 14:28:06,040 [WARNING]  Already bound, ignoring bind()
2023-11-08 14:28:06,047 [INFO]  Epoch[0] Batch [0-4]	Speed: 14086.66 samples/sec	cross-entropy=15.386070	gmrt_on_paper16-accuracy=4.800000
2023-11-08 14:28:06,051 [INFO]  Epoch[0] Train-cross-entropy=19.819794
2023-11-08 14:28:06,051 [INFO]  Epoch[0] Train-gmrt_on_paper16-accuracy=3.500000
2023-11-08 14:28:06,051 [INFO]  Epoch[0] Time cost=0.010
2023-11-08 14:28:06,052 [INFO]  Saved checkpoint to "./imputer_model/imputer_model_gmrt_on_paper16/model-0000.params"
2023-11-08 14:28:06,053 [INFO]  Epoch[0] Validation-cross-entropy=45.881870
2023-11-08 14:28:06,053 [INFO]  Epoch[0] Validation-gmrt_on_paper16-accuracy=0.000000
2023-11-08 14:28:06,060 [INFO]  Epoch[1] Batch [0-4]	Speed: 11040.82 samples/sec	cross-entropy=42.798113	gmrt_on_paper16-accuracy=4.800000
2023-11-08 14:28:06,065 [INFO]  Epoch[1] Train-cross-entropy=36.183171
2023-11-08 14:28:06,065 [INFO]  Epoch[1] Train-gmrt_on_paper16-accuracy=3.500000
2023-11-08 14:28:06,065 [INFO]  Epoch[1] Time cost=0.012
2023-11-08 14:28:06,069 [INFO]  Saved checkpoint to "./imputer_model/imputer_model_gmrt_on_paper16/model-0001.params"
2023-11-08 14:28:06,069 [INFO]  Epoch[1] Validation-cross-entropy=106.843643
2023-11-08 14:28:06,070 [INFO]  Epoch[1] Validation-gmrt_on_paper16-accuracy=0.000000
2023-11-08 14:28:06,075 [INFO]  Epoch[2] Batch [0-4]	Speed: 16521.14 samples/sec	cross-entropy=10.602885	gmrt_on_paper16-accuracy=4.800000
2023-11-08 14:28:06,078 [INFO]  Epoch[2] Train-cross-entropy=8.379317
2023-11-08 14:28:06,078 [INFO]  Epoch[2] Train-gmrt_on_paper16-accuracy=3.500000
2023-11-08 14:28:06,078 [INFO]  Epoch[2] Time cost=0.008
2023-11-08 14:28:06,080 [INFO]  Saved checkpoint to "./imputer_model/imputer_model_gmrt_on_paper16/model-0002.params"
2023-11-08 14:28:06,080 [INFO]  Epoch[2] Validation-cross-entropy=68.069069
2023-11-08 14:28:06,080 [INFO]  Epoch[2] Validation-gmrt_on_paper16-accuracy=0.000000
2023-11-08 14:28:06,085 [INFO]  Epoch[3] Batch [0-4]	Speed: 17965.16 samples/sec	cross-entropy=7.464100	gmrt_on_paper16-accuracy=4.800000
2023-11-08 14:28:06,088 [INFO]  Epoch[3] Train-cross-entropy=5.974330
2023-11-08 14:28:06,088 [INFO]  Epoch[3] Train-gmrt_on_paper16-accuracy=3.500000
2023-11-08 14:28:06,088 [INFO]  Epoch[3] Time cost=0.008
2023-11-08 14:28:06,089 [INFO]  Saved checkpoint to "./imputer_model/imputer_model_gmrt_on_paper16/model-0003.params"
2023-11-08 14:28:06,090 [INFO]  Epoch[3] Validation-cross-entropy=61.082005
2023-11-08 14:28:06,090 [INFO]  Epoch[3] Validation-gmrt_on_paper16-accuracy=0.000000
2023-11-08 14:28:06,095 [INFO]  Epoch[4] Batch [0-4]	Speed: 16745.82 samples/sec	cross-entropy=5.683275	gmrt_on_paper16-accuracy=4.800000
2023-11-08 14:28:06,098 [INFO]  Epoch[4] Train-cross-entropy=4.377784
2023-11-08 14:28:06,098 [INFO]  Epoch[4] Train-gmrt_on_paper16-accuracy=3.500000
2023-11-08 14:28:06,098 [INFO]  Epoch[4] Time cost=0.008
2023-11-08 14:28:06,099 [INFO]  Saved checkpoint to "./imputer_model/imputer_model_gmrt_on_paper16/model-0004.params"
2023-11-08 14:28:06,100 [INFO]  Epoch[4] Validation-cross-entropy=64.898834
2023-11-08 14:28:06,100 [INFO]  Epoch[4] Validation-gmrt_on_paper16-accuracy=0.000000
2023-11-08 14:28:06,100 [INFO]  
========== done (0.059416770935058594 s) fit model
2023-11-08 14:42:09,325 [INFO]  
========== start: fit model
2023-11-08 14:42:09,326 [WARNING]  Already bound, ignoring bind()
2023-11-08 14:42:09,335 [INFO]  Epoch[0] Batch [0-4]	Speed: 10559.18 samples/sec	cross-entropy=20.366946	gmrt_on_paper16-accuracy=5.000000
2023-11-08 14:42:09,340 [INFO]  Epoch[0] Train-cross-entropy=22.966761
2023-11-08 14:42:09,340 [INFO]  Epoch[0] Train-gmrt_on_paper16-accuracy=3.875000
2023-11-08 14:42:09,340 [INFO]  Epoch[0] Time cost=0.014
2023-11-08 14:42:09,343 [INFO]  Saved checkpoint to "./imputer_model/imputer_model_gmrt_on_paper16/model-0000.params"
2023-11-08 14:42:09,344 [INFO]  Epoch[0] Validation-cross-entropy=32.702393
2023-11-08 14:42:09,344 [INFO]  Epoch[0] Validation-gmrt_on_paper16-accuracy=0.000000
2023-11-08 14:42:09,350 [INFO]  Epoch[1] Batch [0-4]	Speed: 16260.93 samples/sec	cross-entropy=58.614011	gmrt_on_paper16-accuracy=5.000000
2023-11-08 14:42:09,353 [INFO]  Epoch[1] Train-cross-entropy=44.280582
2023-11-08 14:42:09,354 [INFO]  Epoch[1] Train-gmrt_on_paper16-accuracy=3.875000
2023-11-08 14:42:09,354 [INFO]  Epoch[1] Time cost=0.009
2023-11-08 14:42:09,356 [INFO]  Saved checkpoint to "./imputer_model/imputer_model_gmrt_on_paper16/model-0001.params"
2023-11-08 14:42:09,356 [INFO]  Epoch[1] Validation-cross-entropy=20.150999
2023-11-08 14:42:09,356 [INFO]  Epoch[1] Validation-gmrt_on_paper16-accuracy=0.000000
2023-11-08 14:42:09,361 [INFO]  Epoch[2] Batch [0-4]	Speed: 18160.85 samples/sec	cross-entropy=6.482141	gmrt_on_paper16-accuracy=5.000000
2023-11-08 14:42:09,364 [INFO]  Epoch[2] Train-cross-entropy=5.209686
2023-11-08 14:42:09,364 [INFO]  Epoch[2] Train-gmrt_on_paper16-accuracy=3.875000
2023-11-08 14:42:09,364 [INFO]  Epoch[2] Time cost=0.008
2023-11-08 14:42:09,366 [INFO]  Saved checkpoint to "./imputer_model/imputer_model_gmrt_on_paper16/model-0002.params"
2023-11-08 14:42:09,367 [INFO]  Epoch[2] Validation-cross-entropy=16.004015
2023-11-08 14:42:09,367 [INFO]  Epoch[2] Validation-gmrt_on_paper16-accuracy=0.000000
2023-11-08 14:42:09,374 [INFO]  Epoch[3] Batch [0-4]	Speed: 12098.77 samples/sec	cross-entropy=3.536156	gmrt_on_paper16-accuracy=5.000000
2023-11-08 14:42:09,378 [INFO]  Epoch[3] Train-cross-entropy=2.986479
2023-11-08 14:42:09,378 [INFO]  Epoch[3] Train-gmrt_on_paper16-accuracy=3.875000
2023-11-08 14:42:09,378 [INFO]  Epoch[3] Time cost=0.011
2023-11-08 14:42:09,380 [INFO]  Saved checkpoint to "./imputer_model/imputer_model_gmrt_on_paper16/model-0003.params"
2023-11-08 14:42:09,381 [INFO]  Epoch[3] Validation-cross-entropy=17.575998
2023-11-08 14:42:09,381 [INFO]  Epoch[3] Validation-gmrt_on_paper16-accuracy=0.000000
2023-11-08 14:42:09,387 [INFO]  Epoch[4] Batch [0-4]	Speed: 13091.86 samples/sec	cross-entropy=2.261566	gmrt_on_paper16-accuracy=5.000000
2023-11-08 14:42:09,391 [INFO]  Epoch[4] Train-cross-entropy=1.706559
2023-11-08 14:42:09,391 [INFO]  Epoch[4] Train-gmrt_on_paper16-accuracy=3.875000
2023-11-08 14:42:09,391 [INFO]  Epoch[4] Time cost=0.010
2023-11-08 14:42:09,393 [INFO]  Saved checkpoint to "./imputer_model/imputer_model_gmrt_on_paper16/model-0004.params"
2023-11-08 14:42:09,393 [INFO]  Epoch[4] Validation-cross-entropy=13.520896
2023-11-08 14:42:09,393 [INFO]  Epoch[4] Validation-gmrt_on_paper16-accuracy=0.000000
2023-11-08 14:42:09,393 [INFO]  
========== done (0.06801176071166992 s) fit model
2023-11-08 14:56:14,358 [INFO]  
========== start: fit model
2023-11-08 14:56:14,358 [WARNING]  Already bound, ignoring bind()
2023-11-08 14:56:14,365 [INFO]  Epoch[0] Batch [0-4]	Speed: 13659.45 samples/sec	cross-entropy=25.698251	gmrt_on_paper16-accuracy=3.000000
2023-11-08 14:56:14,368 [INFO]  Epoch[0] Train-cross-entropy=25.999767
2023-11-08 14:56:14,369 [INFO]  Epoch[0] Train-gmrt_on_paper16-accuracy=2.875000
2023-11-08 14:56:14,369 [INFO]  Epoch[0] Time cost=0.010
2023-11-08 14:56:14,370 [INFO]  Saved checkpoint to "./imputer_model/imputer_model_gmrt_on_paper16/model-0000.params"
2023-11-08 14:56:14,370 [INFO]  Epoch[0] Validation-cross-entropy=23.875811
2023-11-08 14:56:14,370 [INFO]  Epoch[0] Validation-gmrt_on_paper16-accuracy=0.000000
2023-11-08 14:56:14,375 [INFO]  Epoch[1] Batch [0-4]	Speed: 20014.57 samples/sec	cross-entropy=57.885573	gmrt_on_paper16-accuracy=3.000000
2023-11-08 14:56:14,377 [INFO]  Epoch[1] Train-cross-entropy=47.884189
2023-11-08 14:56:14,377 [INFO]  Epoch[1] Train-gmrt_on_paper16-accuracy=2.875000
2023-11-08 14:56:14,377 [INFO]  Epoch[1] Time cost=0.007
2023-11-08 14:56:14,378 [INFO]  Saved checkpoint to "./imputer_model/imputer_model_gmrt_on_paper16/model-0001.params"
2023-11-08 14:56:14,379 [INFO]  Epoch[1] Validation-cross-entropy=20.046255
2023-11-08 14:56:14,379 [INFO]  Epoch[1] Validation-gmrt_on_paper16-accuracy=0.000000
2023-11-08 14:56:14,383 [INFO]  Epoch[2] Batch [0-4]	Speed: 22956.94 samples/sec	cross-entropy=7.767018	gmrt_on_paper16-accuracy=3.000000
2023-11-08 14:56:14,385 [INFO]  Epoch[2] Train-cross-entropy=8.302452
2023-11-08 14:56:14,385 [INFO]  Epoch[2] Train-gmrt_on_paper16-accuracy=2.875000
2023-11-08 14:56:14,385 [INFO]  Epoch[2] Time cost=0.006
2023-11-08 14:56:14,386 [INFO]  Saved checkpoint to "./imputer_model/imputer_model_gmrt_on_paper16/model-0002.params"
2023-11-08 14:56:14,386 [INFO]  Epoch[2] Validation-cross-entropy=27.676666
2023-11-08 14:56:14,386 [INFO]  Epoch[2] Validation-gmrt_on_paper16-accuracy=0.000000
2023-11-08 14:56:14,390 [INFO]  Epoch[3] Batch [0-4]	Speed: 25186.29 samples/sec	cross-entropy=5.111423	gmrt_on_paper16-accuracy=3.000000
2023-11-08 14:56:14,392 [INFO]  Epoch[3] Train-cross-entropy=4.909782
2023-11-08 14:56:14,392 [INFO]  Epoch[3] Train-gmrt_on_paper16-accuracy=2.875000
2023-11-08 14:56:14,392 [INFO]  Epoch[3] Time cost=0.005
2023-11-08 14:56:14,393 [INFO]  Saved checkpoint to "./imputer_model/imputer_model_gmrt_on_paper16/model-0003.params"
2023-11-08 14:56:14,393 [INFO]  Epoch[3] Validation-cross-entropy=13.623817
2023-11-08 14:56:14,393 [INFO]  Epoch[3] Validation-gmrt_on_paper16-accuracy=0.000000
2023-11-08 14:56:14,397 [INFO]  Epoch[4] Batch [0-4]	Speed: 24706.44 samples/sec	cross-entropy=2.563658	gmrt_on_paper16-accuracy=3.000000
2023-11-08 14:56:14,399 [INFO]  Epoch[4] Train-cross-entropy=1.976903
2023-11-08 14:56:14,399 [INFO]  Epoch[4] Train-gmrt_on_paper16-accuracy=2.875000
2023-11-08 14:56:14,399 [INFO]  Epoch[4] Time cost=0.006
2023-11-08 14:56:14,401 [INFO]  Saved checkpoint to "./imputer_model/imputer_model_gmrt_on_paper16/model-0004.params"
2023-11-08 14:56:14,401 [INFO]  Epoch[4] Validation-cross-entropy=23.742682
2023-11-08 14:56:14,401 [INFO]  Epoch[4] Validation-gmrt_on_paper16-accuracy=0.000000
2023-11-08 14:56:14,402 [INFO]  
========== done (0.04345965385437012 s) fit model
