2023-11-08 12:41:59,946 [INFO]  
========== start: fit model
2023-11-08 12:41:59,946 [WARNING]  Already bound, ignoring bind()
2023-11-08 12:42:00,001 [INFO]  Epoch[0] Batch [0-4]	Speed: 1379.82 samples/sec	cross-entropy=30.480852	air_time14-accuracy=0.000000
2023-11-08 12:42:00,200 [INFO]  Epoch[0] Train-cross-entropy=22.036570
2023-11-08 12:42:00,201 [INFO]  Epoch[0] Train-air_time14-accuracy=0.000000
2023-11-08 12:42:00,201 [INFO]  Epoch[0] Time cost=0.251
2023-11-08 12:42:00,203 [INFO]  Saved checkpoint to "./imputer_model/imputer_model_air_time14/model-0000.params"
2023-11-08 12:42:00,204 [INFO]  Epoch[0] Validation-cross-entropy=10.089171
2023-11-08 12:42:00,204 [INFO]  Epoch[0] Validation-air_time14-accuracy=0.000000
2023-11-08 12:42:00,227 [INFO]  Epoch[1] Batch [0-4]	Speed: 4727.06 samples/sec	cross-entropy=40.566198	air_time14-accuracy=0.000000
2023-11-08 12:42:00,241 [INFO]  Epoch[1] Train-cross-entropy=33.359417
2023-11-08 12:42:00,241 [INFO]  Epoch[1] Train-air_time14-accuracy=0.000000
2023-11-08 12:42:00,241 [INFO]  Epoch[1] Time cost=0.037
2023-11-08 12:42:00,244 [INFO]  Saved checkpoint to "./imputer_model/imputer_model_air_time14/model-0001.params"
2023-11-08 12:42:00,244 [INFO]  Epoch[1] Validation-cross-entropy=34.896122
2023-11-08 12:42:00,245 [INFO]  Epoch[1] Validation-air_time14-accuracy=0.000000
2023-11-08 12:42:00,263 [INFO]  Epoch[2] Batch [0-4]	Speed: 5882.23 samples/sec	cross-entropy=10.205735	air_time14-accuracy=0.000000
2023-11-08 12:42:00,272 [INFO]  Epoch[2] Train-cross-entropy=10.179300
2023-11-08 12:42:00,272 [INFO]  Epoch[2] Train-air_time14-accuracy=0.000000
2023-11-08 12:42:00,272 [INFO]  Epoch[2] Time cost=0.027
2023-11-08 12:42:00,275 [INFO]  Saved checkpoint to "./imputer_model/imputer_model_air_time14/model-0002.params"
2023-11-08 12:42:00,275 [INFO]  Epoch[2] Validation-cross-entropy=11.011636
2023-11-08 12:42:00,276 [INFO]  Epoch[2] Validation-air_time14-accuracy=0.000000
2023-11-08 12:42:00,447 [INFO]  Epoch[3] Batch [0-4]	Speed: 646.78 samples/sec	cross-entropy=5.299838	air_time14-accuracy=0.000000
2023-11-08 12:42:00,456 [INFO]  Epoch[3] Train-cross-entropy=3.770530
2023-11-08 12:42:00,456 [INFO]  Epoch[3] Train-air_time14-accuracy=0.000000
2023-11-08 12:42:00,456 [INFO]  Epoch[3] Time cost=0.181
2023-11-08 12:42:00,459 [INFO]  Saved checkpoint to "./imputer_model/imputer_model_air_time14/model-0003.params"
2023-11-08 12:42:00,465 [INFO]  Epoch[3] Validation-cross-entropy=17.838194
2023-11-08 12:42:00,465 [INFO]  Epoch[3] Validation-air_time14-accuracy=0.000000
2023-11-08 12:42:00,507 [INFO]  Epoch[4] Batch [0-4]	Speed: 1651.31 samples/sec	cross-entropy=2.040926	air_time14-accuracy=0.000000
2023-11-08 12:42:00,610 [INFO]  Epoch[4] Train-cross-entropy=1.521904
2023-11-08 12:42:00,610 [INFO]  Epoch[4] Train-air_time14-accuracy=0.000000
2023-11-08 12:42:00,610 [INFO]  Epoch[4] Time cost=0.145
2023-11-08 12:42:00,614 [INFO]  Saved checkpoint to "./imputer_model/imputer_model_air_time14/model-0004.params"
2023-11-08 12:42:00,616 [INFO]  Epoch[4] Validation-cross-entropy=14.269760
2023-11-08 12:42:00,616 [INFO]  Epoch[4] Validation-air_time14-accuracy=0.000000
2023-11-08 12:42:00,616 [INFO]  
========== done (0.6702866554260254 s) fit model
2023-11-08 13:06:59,955 [INFO]  
========== start: fit model
2023-11-08 13:06:59,976 [WARNING]  Already bound, ignoring bind()
2023-11-08 13:06:59,984 [INFO]  Epoch[0] Batch [0-4]	Speed: 12786.90 samples/sec	cross-entropy=9.563550	air_time14-accuracy=4.200000
2023-11-08 13:06:59,988 [INFO]  Epoch[0] Train-cross-entropy=20.277847
2023-11-08 13:06:59,988 [INFO]  Epoch[0] Train-air_time14-accuracy=3.750000
2023-11-08 13:06:59,988 [INFO]  Epoch[0] Time cost=0.011
2023-11-08 13:06:59,990 [INFO]  Saved checkpoint to "./imputer_model/imputer_model_air_time14/model-0000.params"
2023-11-08 13:06:59,991 [INFO]  Epoch[0] Validation-cross-entropy=6.887967
2023-11-08 13:06:59,991 [INFO]  Epoch[0] Validation-air_time14-accuracy=0.000000
2023-11-08 13:06:59,998 [INFO]  Epoch[1] Batch [0-4]	Speed: 10551.71 samples/sec	cross-entropy=32.939006	air_time14-accuracy=4.200000
2023-11-08 13:07:00,004 [INFO]  Epoch[1] Train-cross-entropy=32.132314
2023-11-08 13:07:00,004 [INFO]  Epoch[1] Train-air_time14-accuracy=3.750000
2023-11-08 13:07:00,004 [INFO]  Epoch[1] Time cost=0.014
2023-11-08 13:07:00,008 [INFO]  Saved checkpoint to "./imputer_model/imputer_model_air_time14/model-0001.params"
2023-11-08 13:07:00,008 [INFO]  Epoch[1] Validation-cross-entropy=5.203030
2023-11-08 13:07:00,009 [INFO]  Epoch[1] Validation-air_time14-accuracy=0.000000
2023-11-08 13:07:00,015 [INFO]  Epoch[2] Batch [0-4]	Speed: 13908.57 samples/sec	cross-entropy=8.021709	air_time14-accuracy=4.200000
2023-11-08 13:07:00,018 [INFO]  Epoch[2] Train-cross-entropy=10.216763
2023-11-08 13:07:00,018 [INFO]  Epoch[2] Train-air_time14-accuracy=3.750000
2023-11-08 13:07:00,018 [INFO]  Epoch[2] Time cost=0.009
2023-11-08 13:07:00,020 [INFO]  Saved checkpoint to "./imputer_model/imputer_model_air_time14/model-0002.params"
2023-11-08 13:07:00,020 [INFO]  Epoch[2] Validation-cross-entropy=2.718453
2023-11-08 13:07:00,020 [INFO]  Epoch[2] Validation-air_time14-accuracy=0.000000
2023-11-08 13:07:00,025 [INFO]  Epoch[3] Batch [0-4]	Speed: 16199.11 samples/sec	cross-entropy=5.035349	air_time14-accuracy=4.200000
2023-11-08 13:07:00,028 [INFO]  Epoch[3] Train-cross-entropy=4.213150
2023-11-08 13:07:00,029 [INFO]  Epoch[3] Train-air_time14-accuracy=3.750000
2023-11-08 13:07:00,029 [INFO]  Epoch[3] Time cost=0.008
2023-11-08 13:07:00,030 [INFO]  Saved checkpoint to "./imputer_model/imputer_model_air_time14/model-0003.params"
2023-11-08 13:07:00,030 [INFO]  Epoch[3] Validation-cross-entropy=1.828829
2023-11-08 13:07:00,030 [INFO]  Epoch[3] Validation-air_time14-accuracy=0.000000
2023-11-08 13:07:00,037 [INFO]  Epoch[4] Batch [0-4]	Speed: 11897.15 samples/sec	cross-entropy=1.720493	air_time14-accuracy=4.200000
2023-11-08 13:07:00,041 [INFO]  Epoch[4] Train-cross-entropy=1.656631
2023-11-08 13:07:00,041 [INFO]  Epoch[4] Train-air_time14-accuracy=3.750000
2023-11-08 13:07:00,041 [INFO]  Epoch[4] Time cost=0.011
2023-11-08 13:07:00,044 [INFO]  Saved checkpoint to "./imputer_model/imputer_model_air_time14/model-0004.params"
2023-11-08 13:07:00,044 [INFO]  Epoch[4] Validation-cross-entropy=1.851603
2023-11-08 13:07:00,045 [INFO]  Epoch[4] Validation-air_time14-accuracy=0.000000
2023-11-08 13:07:00,045 [INFO]  
========== done (0.08946061134338379 s) fit model
2023-11-08 13:20:25,038 [INFO]  
========== start: fit model
2023-11-08 13:20:25,038 [WARNING]  Already bound, ignoring bind()
2023-11-08 13:20:25,045 [INFO]  Epoch[0] Batch [0-4]	Speed: 14105.91 samples/sec	cross-entropy=24.478251	air_time14-accuracy=3.200000
2023-11-08 13:20:25,049 [INFO]  Epoch[0] Train-cross-entropy=19.095226
2023-11-08 13:20:25,049 [INFO]  Epoch[0] Train-air_time14-accuracy=2.875000
2023-11-08 13:20:25,049 [INFO]  Epoch[0] Time cost=0.010
2023-11-08 13:20:25,050 [INFO]  Saved checkpoint to "./imputer_model/imputer_model_air_time14/model-0000.params"
2023-11-08 13:20:25,051 [INFO]  Epoch[0] Validation-cross-entropy=6.612297
2023-11-08 13:20:25,051 [INFO]  Epoch[0] Validation-air_time14-accuracy=0.000000
2023-11-08 13:20:25,057 [INFO]  Epoch[1] Batch [0-4]	Speed: 13039.08 samples/sec	cross-entropy=35.286818	air_time14-accuracy=3.200000
2023-11-08 13:20:25,061 [INFO]  Epoch[1] Train-cross-entropy=26.561690
2023-11-08 13:20:25,061 [INFO]  Epoch[1] Train-air_time14-accuracy=2.875000
2023-11-08 13:20:25,061 [INFO]  Epoch[1] Time cost=0.010
2023-11-08 13:20:25,063 [INFO]  Saved checkpoint to "./imputer_model/imputer_model_air_time14/model-0001.params"
2023-11-08 13:20:25,064 [INFO]  Epoch[1] Validation-cross-entropy=11.517129
2023-11-08 13:20:25,064 [INFO]  Epoch[1] Validation-air_time14-accuracy=0.000000
2023-11-08 13:20:25,070 [INFO]  Epoch[2] Batch [0-4]	Speed: 13407.03 samples/sec	cross-entropy=8.096550	air_time14-accuracy=3.200000
2023-11-08 13:20:25,074 [INFO]  Epoch[2] Train-cross-entropy=7.183724
2023-11-08 13:20:25,074 [INFO]  Epoch[2] Train-air_time14-accuracy=2.875000
2023-11-08 13:20:25,074 [INFO]  Epoch[2] Time cost=0.010
2023-11-08 13:20:25,076 [INFO]  Saved checkpoint to "./imputer_model/imputer_model_air_time14/model-0002.params"
2023-11-08 13:20:25,076 [INFO]  Epoch[2] Validation-cross-entropy=9.620116
2023-11-08 13:20:25,076 [INFO]  Epoch[2] Validation-air_time14-accuracy=0.000000
2023-11-08 13:20:25,082 [INFO]  Epoch[3] Batch [0-4]	Speed: 14216.47 samples/sec	cross-entropy=5.244974	air_time14-accuracy=3.200000
2023-11-08 13:20:25,086 [INFO]  Epoch[3] Train-cross-entropy=3.848676
2023-11-08 13:20:25,086 [INFO]  Epoch[3] Train-air_time14-accuracy=2.875000
2023-11-08 13:20:25,086 [INFO]  Epoch[3] Time cost=0.010
2023-11-08 13:20:25,088 [INFO]  Saved checkpoint to "./imputer_model/imputer_model_air_time14/model-0003.params"
2023-11-08 13:20:25,089 [INFO]  Epoch[3] Validation-cross-entropy=7.288776
2023-11-08 13:20:25,089 [INFO]  Epoch[3] Validation-air_time14-accuracy=0.000000
2023-11-08 13:20:25,096 [INFO]  Epoch[4] Batch [0-4]	Speed: 11668.57 samples/sec	cross-entropy=1.289336	air_time14-accuracy=3.200000
2023-11-08 13:20:25,101 [INFO]  Epoch[4] Train-cross-entropy=1.067960
2023-11-08 13:20:25,101 [INFO]  Epoch[4] Train-air_time14-accuracy=2.875000
2023-11-08 13:20:25,101 [INFO]  Epoch[4] Time cost=0.012
2023-11-08 13:20:25,103 [INFO]  Saved checkpoint to "./imputer_model/imputer_model_air_time14/model-0004.params"
2023-11-08 13:20:25,104 [INFO]  Epoch[4] Validation-cross-entropy=6.542387
2023-11-08 13:20:25,104 [INFO]  Epoch[4] Validation-air_time14-accuracy=0.000000
2023-11-08 13:20:25,104 [INFO]  
========== done (0.06584358215332031 s) fit model
2023-11-08 13:33:45,761 [INFO]  
========== start: fit model
2023-11-08 13:33:45,761 [WARNING]  Already bound, ignoring bind()
2023-11-08 13:33:45,768 [INFO]  Epoch[0] Batch [0-4]	Speed: 14182.67 samples/sec	cross-entropy=28.498241	air_time14-accuracy=0.000000
2023-11-08 13:33:45,772 [INFO]  Epoch[0] Train-cross-entropy=28.469657
2023-11-08 13:33:45,772 [INFO]  Epoch[0] Train-air_time14-accuracy=0.000000
2023-11-08 13:33:45,772 [INFO]  Epoch[0] Time cost=0.010
2023-11-08 13:33:45,773 [INFO]  Saved checkpoint to "./imputer_model/imputer_model_air_time14/model-0000.params"
2023-11-08 13:33:45,773 [INFO]  Epoch[0] Validation-cross-entropy=10.496275
2023-11-08 13:33:45,773 [INFO]  Epoch[0] Validation-air_time14-accuracy=0.000000
2023-11-08 13:33:45,779 [INFO]  Epoch[1] Batch [0-4]	Speed: 15512.91 samples/sec	cross-entropy=42.339923	air_time14-accuracy=0.000000
2023-11-08 13:33:45,784 [INFO]  Epoch[1] Train-cross-entropy=38.705395
2023-11-08 13:33:45,784 [INFO]  Epoch[1] Train-air_time14-accuracy=0.000000
2023-11-08 13:33:45,784 [INFO]  Epoch[1] Time cost=0.010
2023-11-08 13:33:45,787 [INFO]  Saved checkpoint to "./imputer_model/imputer_model_air_time14/model-0001.params"
2023-11-08 13:33:45,788 [INFO]  Epoch[1] Validation-cross-entropy=12.749855
2023-11-08 13:33:45,788 [INFO]  Epoch[1] Validation-air_time14-accuracy=0.000000
2023-11-08 13:33:45,795 [INFO]  Epoch[2] Batch [0-4]	Speed: 12560.73 samples/sec	cross-entropy=9.663541	air_time14-accuracy=0.000000
2023-11-08 13:33:45,799 [INFO]  Epoch[2] Train-cross-entropy=8.764813
2023-11-08 13:33:45,800 [INFO]  Epoch[2] Train-air_time14-accuracy=0.000000
2023-11-08 13:33:45,800 [INFO]  Epoch[2] Time cost=0.011
2023-11-08 13:33:45,802 [INFO]  Saved checkpoint to "./imputer_model/imputer_model_air_time14/model-0002.params"
2023-11-08 13:33:45,802 [INFO]  Epoch[2] Validation-cross-entropy=9.564720
2023-11-08 13:33:45,802 [INFO]  Epoch[2] Validation-air_time14-accuracy=0.000000
2023-11-08 13:33:45,809 [INFO]  Epoch[3] Batch [0-4]	Speed: 13737.04 samples/sec	cross-entropy=5.262187	air_time14-accuracy=0.000000
2023-11-08 13:33:45,812 [INFO]  Epoch[3] Train-cross-entropy=5.228230
2023-11-08 13:33:45,812 [INFO]  Epoch[3] Train-air_time14-accuracy=0.000000
2023-11-08 13:33:45,812 [INFO]  Epoch[3] Time cost=0.010
2023-11-08 13:33:45,814 [INFO]  Saved checkpoint to "./imputer_model/imputer_model_air_time14/model-0003.params"
2023-11-08 13:33:45,815 [INFO]  Epoch[3] Validation-cross-entropy=6.688543
2023-11-08 13:33:45,815 [INFO]  Epoch[3] Validation-air_time14-accuracy=0.000000
2023-11-08 13:33:45,821 [INFO]  Epoch[4] Batch [0-4]	Speed: 13912.18 samples/sec	cross-entropy=2.424834	air_time14-accuracy=0.000000
2023-11-08 13:33:45,824 [INFO]  Epoch[4] Train-cross-entropy=3.455247
2023-11-08 13:33:45,824 [INFO]  Epoch[4] Train-air_time14-accuracy=0.000000
2023-11-08 13:33:45,825 [INFO]  Epoch[4] Time cost=0.010
2023-11-08 13:33:45,835 [INFO]  Saved checkpoint to "./imputer_model/imputer_model_air_time14/model-0004.params"
2023-11-08 13:33:45,836 [INFO]  Epoch[4] Validation-cross-entropy=8.177363
2023-11-08 13:33:45,836 [INFO]  Epoch[4] Validation-air_time14-accuracy=0.000000
2023-11-08 13:33:45,836 [INFO]  
========== done (0.07480096817016602 s) fit model
2023-11-08 13:47:05,601 [INFO]  
========== start: fit model
2023-11-08 13:47:05,601 [WARNING]  Already bound, ignoring bind()
2023-11-08 13:47:05,608 [INFO]  Epoch[0] Batch [0-4]	Speed: 12618.60 samples/sec	cross-entropy=26.578361	air_time14-accuracy=4.200000
2023-11-08 13:47:05,613 [INFO]  Epoch[0] Train-cross-entropy=20.006883
2023-11-08 13:47:05,614 [INFO]  Epoch[0] Train-air_time14-accuracy=4.000000
2023-11-08 13:47:05,614 [INFO]  Epoch[0] Time cost=0.012
2023-11-08 13:47:05,617 [INFO]  Saved checkpoint to "./imputer_model/imputer_model_air_time14/model-0000.params"
2023-11-08 13:47:05,618 [INFO]  Epoch[0] Validation-cross-entropy=9.915733
2023-11-08 13:47:05,618 [INFO]  Epoch[0] Validation-air_time14-accuracy=0.000000
2023-11-08 13:47:05,625 [INFO]  Epoch[1] Batch [0-4]	Speed: 12105.32 samples/sec	cross-entropy=36.064543	air_time14-accuracy=4.200000
2023-11-08 13:47:05,629 [INFO]  Epoch[1] Train-cross-entropy=31.263010
2023-11-08 13:47:05,629 [INFO]  Epoch[1] Train-air_time14-accuracy=4.000000
2023-11-08 13:47:05,629 [INFO]  Epoch[1] Time cost=0.011
2023-11-08 13:47:05,631 [INFO]  Saved checkpoint to "./imputer_model/imputer_model_air_time14/model-0001.params"
2023-11-08 13:47:05,632 [INFO]  Epoch[1] Validation-cross-entropy=3.682900
2023-11-08 13:47:05,632 [INFO]  Epoch[1] Validation-air_time14-accuracy=0.000000
2023-11-08 13:47:05,638 [INFO]  Epoch[2] Batch [0-4]	Speed: 13368.30 samples/sec	cross-entropy=5.530888	air_time14-accuracy=4.200000
2023-11-08 13:47:05,641 [INFO]  Epoch[2] Train-cross-entropy=6.992141
2023-11-08 13:47:05,642 [INFO]  Epoch[2] Train-air_time14-accuracy=4.000000
2023-11-08 13:47:05,642 [INFO]  Epoch[2] Time cost=0.010
2023-11-08 13:47:05,643 [INFO]  Saved checkpoint to "./imputer_model/imputer_model_air_time14/model-0002.params"
2023-11-08 13:47:05,644 [INFO]  Epoch[2] Validation-cross-entropy=4.548276
2023-11-08 13:47:05,644 [INFO]  Epoch[2] Validation-air_time14-accuracy=0.000000
2023-11-08 13:47:05,650 [INFO]  Epoch[3] Batch [0-4]	Speed: 13966.46 samples/sec	cross-entropy=2.165800	air_time14-accuracy=4.200000
2023-11-08 13:47:05,653 [INFO]  Epoch[3] Train-cross-entropy=2.458928
2023-11-08 13:47:05,653 [INFO]  Epoch[3] Train-air_time14-accuracy=4.000000
2023-11-08 13:47:05,653 [INFO]  Epoch[3] Time cost=0.010
2023-11-08 13:47:05,655 [INFO]  Saved checkpoint to "./imputer_model/imputer_model_air_time14/model-0003.params"
2023-11-08 13:47:05,656 [INFO]  Epoch[3] Validation-cross-entropy=5.381615
2023-11-08 13:47:05,656 [INFO]  Epoch[3] Validation-air_time14-accuracy=0.000000
2023-11-08 13:47:05,662 [INFO]  Epoch[4] Batch [0-4]	Speed: 13747.59 samples/sec	cross-entropy=2.785317	air_time14-accuracy=4.200000
2023-11-08 13:47:05,665 [INFO]  Epoch[4] Train-cross-entropy=1.921103
2023-11-08 13:47:05,665 [INFO]  Epoch[4] Train-air_time14-accuracy=4.000000
2023-11-08 13:47:05,665 [INFO]  Epoch[4] Time cost=0.010
2023-11-08 13:47:05,667 [INFO]  Saved checkpoint to "./imputer_model/imputer_model_air_time14/model-0004.params"
2023-11-08 13:47:05,668 [INFO]  Epoch[4] Validation-cross-entropy=6.753319
2023-11-08 13:47:05,668 [INFO]  Epoch[4] Validation-air_time14-accuracy=0.000000
2023-11-08 13:47:05,668 [INFO]  
========== done (0.06692075729370117 s) fit model
2023-11-08 14:00:28,296 [INFO]  
========== start: fit model
2023-11-08 14:00:28,296 [WARNING]  Already bound, ignoring bind()
2023-11-08 14:00:28,303 [INFO]  Epoch[0] Batch [0-4]	Speed: 13960.65 samples/sec	cross-entropy=17.639967	air_time14-accuracy=3.600000
2023-11-08 14:00:28,308 [INFO]  Epoch[0] Train-cross-entropy=19.314973
2023-11-08 14:00:28,308 [INFO]  Epoch[0] Train-air_time14-accuracy=3.375000
2023-11-08 14:00:28,308 [INFO]  Epoch[0] Time cost=0.011
2023-11-08 14:00:28,311 [INFO]  Saved checkpoint to "./imputer_model/imputer_model_air_time14/model-0000.params"
2023-11-08 14:00:28,312 [INFO]  Epoch[0] Validation-cross-entropy=226.891724
2023-11-08 14:00:28,312 [INFO]  Epoch[0] Validation-air_time14-accuracy=0.000000
2023-11-08 14:00:28,320 [INFO]  Epoch[1] Batch [0-4]	Speed: 11735.40 samples/sec	cross-entropy=52.166493	air_time14-accuracy=3.600000
2023-11-08 14:00:28,323 [INFO]  Epoch[1] Train-cross-entropy=43.061636
2023-11-08 14:00:28,323 [INFO]  Epoch[1] Train-air_time14-accuracy=3.375000
2023-11-08 14:00:28,323 [INFO]  Epoch[1] Time cost=0.011
2023-11-08 14:00:28,325 [INFO]  Saved checkpoint to "./imputer_model/imputer_model_air_time14/model-0001.params"
2023-11-08 14:00:28,326 [INFO]  Epoch[1] Validation-cross-entropy=196.300201
2023-11-08 14:00:28,326 [INFO]  Epoch[1] Validation-air_time14-accuracy=0.000000
2023-11-08 14:00:28,331 [INFO]  Epoch[2] Batch [0-4]	Speed: 17079.31 samples/sec	cross-entropy=4.233081	air_time14-accuracy=3.600000
2023-11-08 14:00:28,334 [INFO]  Epoch[2] Train-cross-entropy=8.694428
2023-11-08 14:00:28,334 [INFO]  Epoch[2] Train-air_time14-accuracy=3.375000
2023-11-08 14:00:28,334 [INFO]  Epoch[2] Time cost=0.008
2023-11-08 14:00:28,335 [INFO]  Saved checkpoint to "./imputer_model/imputer_model_air_time14/model-0002.params"
2023-11-08 14:00:28,336 [INFO]  Epoch[2] Validation-cross-entropy=225.172714
2023-11-08 14:00:28,336 [INFO]  Epoch[2] Validation-air_time14-accuracy=0.000000
2023-11-08 14:00:28,341 [INFO]  Epoch[3] Batch [0-4]	Speed: 15990.67 samples/sec	cross-entropy=4.862318	air_time14-accuracy=3.600000
2023-11-08 14:00:28,344 [INFO]  Epoch[3] Train-cross-entropy=5.068509
2023-11-08 14:00:28,345 [INFO]  Epoch[3] Train-air_time14-accuracy=3.375000
2023-11-08 14:00:28,345 [INFO]  Epoch[3] Time cost=0.009
2023-11-08 14:00:28,347 [INFO]  Saved checkpoint to "./imputer_model/imputer_model_air_time14/model-0003.params"
2023-11-08 14:00:28,348 [INFO]  Epoch[3] Validation-cross-entropy=209.393661
2023-11-08 14:00:28,348 [INFO]  Epoch[3] Validation-air_time14-accuracy=0.000000
2023-11-08 14:00:28,353 [INFO]  Epoch[4] Batch [0-4]	Speed: 16930.65 samples/sec	cross-entropy=1.730109	air_time14-accuracy=3.600000
2023-11-08 14:00:28,355 [INFO]  Epoch[4] Train-cross-entropy=1.582474
2023-11-08 14:00:28,355 [INFO]  Epoch[4] Train-air_time14-accuracy=3.375000
2023-11-08 14:00:28,356 [INFO]  Epoch[4] Time cost=0.008
2023-11-08 14:00:28,357 [INFO]  Saved checkpoint to "./imputer_model/imputer_model_air_time14/model-0004.params"
2023-11-08 14:00:28,358 [INFO]  Epoch[4] Validation-cross-entropy=222.845795
2023-11-08 14:00:28,358 [INFO]  Epoch[4] Validation-air_time14-accuracy=0.000000
2023-11-08 14:00:28,358 [INFO]  
========== done (0.062276601791381836 s) fit model
2023-11-08 14:13:53,637 [INFO]  
========== start: fit model
2023-11-08 14:13:53,637 [WARNING]  Already bound, ignoring bind()
2023-11-08 14:13:53,644 [INFO]  Epoch[0] Batch [0-4]	Speed: 14147.54 samples/sec	cross-entropy=23.422888	air_time14-accuracy=0.000000
2023-11-08 14:13:53,647 [INFO]  Epoch[0] Train-cross-entropy=18.829584
2023-11-08 14:13:53,648 [INFO]  Epoch[0] Train-air_time14-accuracy=0.000000
2023-11-08 14:13:53,648 [INFO]  Epoch[0] Time cost=0.010
2023-11-08 14:13:53,649 [INFO]  Saved checkpoint to "./imputer_model/imputer_model_air_time14/model-0000.params"
2023-11-08 14:13:53,649 [INFO]  Epoch[0] Validation-cross-entropy=9.425897
2023-11-08 14:13:53,649 [INFO]  Epoch[0] Validation-air_time14-accuracy=0.000000
2023-11-08 14:13:53,656 [INFO]  Epoch[1] Batch [0-4]	Speed: 11446.65 samples/sec	cross-entropy=37.782795	air_time14-accuracy=0.000000
2023-11-08 14:13:53,660 [INFO]  Epoch[1] Train-cross-entropy=27.500339
2023-11-08 14:13:53,660 [INFO]  Epoch[1] Train-air_time14-accuracy=0.000000
2023-11-08 14:13:53,660 [INFO]  Epoch[1] Time cost=0.011
2023-11-08 14:13:53,663 [INFO]  Saved checkpoint to "./imputer_model/imputer_model_air_time14/model-0001.params"
2023-11-08 14:13:53,663 [INFO]  Epoch[1] Validation-cross-entropy=14.469253
2023-11-08 14:13:53,663 [INFO]  Epoch[1] Validation-air_time14-accuracy=0.000000
2023-11-08 14:13:53,669 [INFO]  Epoch[2] Batch [0-4]	Speed: 14598.40 samples/sec	cross-entropy=13.117754	air_time14-accuracy=0.000000
2023-11-08 14:13:53,672 [INFO]  Epoch[2] Train-cross-entropy=12.701617
2023-11-08 14:13:53,672 [INFO]  Epoch[2] Train-air_time14-accuracy=0.000000
2023-11-08 14:13:53,672 [INFO]  Epoch[2] Time cost=0.009
2023-11-08 14:13:53,674 [INFO]  Saved checkpoint to "./imputer_model/imputer_model_air_time14/model-0002.params"
2023-11-08 14:13:53,675 [INFO]  Epoch[2] Validation-cross-entropy=7.909610
2023-11-08 14:13:53,675 [INFO]  Epoch[2] Validation-air_time14-accuracy=0.000000
2023-11-08 14:13:53,681 [INFO]  Epoch[3] Batch [0-4]	Speed: 12909.27 samples/sec	cross-entropy=7.988775	air_time14-accuracy=0.000000
2023-11-08 14:13:53,685 [INFO]  Epoch[3] Train-cross-entropy=11.351961
2023-11-08 14:13:53,685 [INFO]  Epoch[3] Train-air_time14-accuracy=0.000000
2023-11-08 14:13:53,685 [INFO]  Epoch[3] Time cost=0.011
2023-11-08 14:13:53,688 [INFO]  Saved checkpoint to "./imputer_model/imputer_model_air_time14/model-0003.params"
2023-11-08 14:13:53,689 [INFO]  Epoch[3] Validation-cross-entropy=2.728994
2023-11-08 14:13:53,689 [INFO]  Epoch[3] Validation-air_time14-accuracy=0.000000
2023-11-08 14:13:53,695 [INFO]  Epoch[4] Batch [0-4]	Speed: 13249.53 samples/sec	cross-entropy=2.380693	air_time14-accuracy=0.000000
2023-11-08 14:13:53,699 [INFO]  Epoch[4] Train-cross-entropy=3.106563
2023-11-08 14:13:53,699 [INFO]  Epoch[4] Train-air_time14-accuracy=0.000000
2023-11-08 14:13:53,699 [INFO]  Epoch[4] Time cost=0.010
2023-11-08 14:13:53,701 [INFO]  Saved checkpoint to "./imputer_model/imputer_model_air_time14/model-0004.params"
2023-11-08 14:13:53,702 [INFO]  Epoch[4] Validation-cross-entropy=14.567090
2023-11-08 14:13:53,702 [INFO]  Epoch[4] Validation-air_time14-accuracy=0.000000
2023-11-08 14:13:53,702 [INFO]  
========== done (0.06536054611206055 s) fit model
2023-11-08 14:27:29,538 [INFO]  
========== start: fit model
2023-11-08 14:27:29,538 [WARNING]  Already bound, ignoring bind()
2023-11-08 14:27:29,546 [INFO]  Epoch[0] Batch [0-4]	Speed: 11907.18 samples/sec	cross-entropy=21.514809	air_time14-accuracy=0.000000
2023-11-08 14:27:29,551 [INFO]  Epoch[0] Train-cross-entropy=24.406617
2023-11-08 14:27:29,551 [INFO]  Epoch[0] Train-air_time14-accuracy=0.000000
2023-11-08 14:27:29,551 [INFO]  Epoch[0] Time cost=0.012
2023-11-08 14:27:29,555 [INFO]  Saved checkpoint to "./imputer_model/imputer_model_air_time14/model-0000.params"
2023-11-08 14:27:29,556 [INFO]  Epoch[0] Validation-cross-entropy=990.630615
2023-11-08 14:27:29,556 [INFO]  Epoch[0] Validation-air_time14-accuracy=0.000000
2023-11-08 14:27:29,563 [INFO]  Epoch[1] Batch [0-4]	Speed: 11831.61 samples/sec	cross-entropy=33.888734	air_time14-accuracy=0.000000
2023-11-08 14:27:29,567 [INFO]  Epoch[1] Train-cross-entropy=29.941111
2023-11-08 14:27:29,567 [INFO]  Epoch[1] Train-air_time14-accuracy=0.000000
2023-11-08 14:27:29,567 [INFO]  Epoch[1] Time cost=0.011
2023-11-08 14:27:29,569 [INFO]  Saved checkpoint to "./imputer_model/imputer_model_air_time14/model-0001.params"
2023-11-08 14:27:29,570 [INFO]  Epoch[1] Validation-cross-entropy=861.295776
2023-11-08 14:27:29,570 [INFO]  Epoch[1] Validation-air_time14-accuracy=0.000000
2023-11-08 14:27:29,576 [INFO]  Epoch[2] Batch [0-4]	Speed: 13394.98 samples/sec	cross-entropy=3.586706	air_time14-accuracy=0.000000
2023-11-08 14:27:29,580 [INFO]  Epoch[2] Train-cross-entropy=4.102234
2023-11-08 14:27:29,580 [INFO]  Epoch[2] Train-air_time14-accuracy=0.000000
2023-11-08 14:27:29,580 [INFO]  Epoch[2] Time cost=0.010
2023-11-08 14:27:29,581 [INFO]  Saved checkpoint to "./imputer_model/imputer_model_air_time14/model-0002.params"
2023-11-08 14:27:29,582 [INFO]  Epoch[2] Validation-cross-entropy=952.846313
2023-11-08 14:27:29,582 [INFO]  Epoch[2] Validation-air_time14-accuracy=0.000000
2023-11-08 14:27:29,588 [INFO]  Epoch[3] Batch [0-4]	Speed: 13935.29 samples/sec	cross-entropy=2.714738	air_time14-accuracy=0.000000
2023-11-08 14:27:29,591 [INFO]  Epoch[3] Train-cross-entropy=2.436971
2023-11-08 14:27:29,591 [INFO]  Epoch[3] Train-air_time14-accuracy=0.000000
2023-11-08 14:27:29,591 [INFO]  Epoch[3] Time cost=0.009
2023-11-08 14:27:29,593 [INFO]  Saved checkpoint to "./imputer_model/imputer_model_air_time14/model-0003.params"
2023-11-08 14:27:29,593 [INFO]  Epoch[3] Validation-cross-entropy=918.519104
2023-11-08 14:27:29,593 [INFO]  Epoch[3] Validation-air_time14-accuracy=0.000000
2023-11-08 14:27:29,599 [INFO]  Epoch[4] Batch [0-4]	Speed: 14027.77 samples/sec	cross-entropy=1.133458	air_time14-accuracy=0.000000
2023-11-08 14:27:29,603 [INFO]  Epoch[4] Train-cross-entropy=1.033688
2023-11-08 14:27:29,603 [INFO]  Epoch[4] Train-air_time14-accuracy=0.000000
2023-11-08 14:27:29,603 [INFO]  Epoch[4] Time cost=0.009
2023-11-08 14:27:29,604 [INFO]  Saved checkpoint to "./imputer_model/imputer_model_air_time14/model-0004.params"
2023-11-08 14:27:29,605 [INFO]  Epoch[4] Validation-cross-entropy=939.790466
2023-11-08 14:27:29,605 [INFO]  Epoch[4] Validation-air_time14-accuracy=0.000000
2023-11-08 14:27:29,605 [INFO]  
========== done (0.0667717456817627 s) fit model
2023-11-08 14:41:30,968 [INFO]  
========== start: fit model
2023-11-08 14:41:30,968 [WARNING]  Already bound, ignoring bind()
2023-11-08 14:41:30,977 [INFO]  Epoch[0] Batch [0-4]	Speed: 8629.15 samples/sec	cross-entropy=31.369900	air_time14-accuracy=0.000000
2023-11-08 14:41:30,982 [INFO]  Epoch[0] Train-cross-entropy=25.804000
2023-11-08 14:41:30,982 [INFO]  Epoch[0] Train-air_time14-accuracy=0.000000
2023-11-08 14:41:30,982 [INFO]  Epoch[0] Time cost=0.014
2023-11-08 14:41:30,985 [INFO]  Saved checkpoint to "./imputer_model/imputer_model_air_time14/model-0000.params"
2023-11-08 14:41:30,986 [INFO]  Epoch[0] Validation-cross-entropy=14.995292
2023-11-08 14:41:30,986 [INFO]  Epoch[0] Validation-air_time14-accuracy=0.000000
2023-11-08 14:41:30,991 [INFO]  Epoch[1] Batch [0-4]	Speed: 17663.71 samples/sec	cross-entropy=27.654020	air_time14-accuracy=0.000000
2023-11-08 14:41:30,994 [INFO]  Epoch[1] Train-cross-entropy=32.209392
2023-11-08 14:41:30,994 [INFO]  Epoch[1] Train-air_time14-accuracy=0.000000
2023-11-08 14:41:30,994 [INFO]  Epoch[1] Time cost=0.008
2023-11-08 14:41:30,996 [INFO]  Saved checkpoint to "./imputer_model/imputer_model_air_time14/model-0001.params"
2023-11-08 14:41:30,997 [INFO]  Epoch[1] Validation-cross-entropy=13.784760
2023-11-08 14:41:30,997 [INFO]  Epoch[1] Validation-air_time14-accuracy=0.000000
2023-11-08 14:41:31,000 [INFO]  Epoch[2] Batch [0-4]	Speed: 25648.33 samples/sec	cross-entropy=7.999456	air_time14-accuracy=0.000000
2023-11-08 14:41:31,002 [INFO]  Epoch[2] Train-cross-entropy=7.536088
2023-11-08 14:41:31,002 [INFO]  Epoch[2] Train-air_time14-accuracy=0.000000
2023-11-08 14:41:31,002 [INFO]  Epoch[2] Time cost=0.005
2023-11-08 14:41:31,003 [INFO]  Saved checkpoint to "./imputer_model/imputer_model_air_time14/model-0002.params"
2023-11-08 14:41:31,004 [INFO]  Epoch[2] Validation-cross-entropy=8.728039
2023-11-08 14:41:31,004 [INFO]  Epoch[2] Validation-air_time14-accuracy=0.000000
2023-11-08 14:41:31,007 [INFO]  Epoch[3] Batch [0-4]	Speed: 28164.46 samples/sec	cross-entropy=2.892679	air_time14-accuracy=0.000000
2023-11-08 14:41:31,011 [INFO]  Epoch[3] Train-cross-entropy=2.373358
2023-11-08 14:41:31,011 [INFO]  Epoch[3] Train-air_time14-accuracy=0.000000
2023-11-08 14:41:31,011 [INFO]  Epoch[3] Time cost=0.007
2023-11-08 14:41:31,014 [INFO]  Saved checkpoint to "./imputer_model/imputer_model_air_time14/model-0003.params"
2023-11-08 14:41:31,015 [INFO]  Epoch[3] Validation-cross-entropy=16.372053
2023-11-08 14:41:31,016 [INFO]  Epoch[3] Validation-air_time14-accuracy=0.000000
2023-11-08 14:41:31,024 [INFO]  Epoch[4] Batch [0-4]	Speed: 9667.08 samples/sec	cross-entropy=2.216072	air_time14-accuracy=0.000000
2023-11-08 14:41:31,029 [INFO]  Epoch[4] Train-cross-entropy=1.776148
2023-11-08 14:41:31,029 [INFO]  Epoch[4] Train-air_time14-accuracy=0.000000
2023-11-08 14:41:31,029 [INFO]  Epoch[4] Time cost=0.013
2023-11-08 14:41:31,032 [INFO]  Saved checkpoint to "./imputer_model/imputer_model_air_time14/model-0004.params"
2023-11-08 14:41:31,032 [INFO]  Epoch[4] Validation-cross-entropy=9.502403
2023-11-08 14:41:31,032 [INFO]  Epoch[4] Validation-air_time14-accuracy=0.000000
2023-11-08 14:41:31,033 [INFO]  
========== done (0.0650026798248291 s) fit model
2023-11-08 14:55:35,980 [INFO]  
========== start: fit model
2023-11-08 14:55:35,980 [WARNING]  Already bound, ignoring bind()
2023-11-08 14:55:35,989 [INFO]  Epoch[0] Batch [0-4]	Speed: 9822.73 samples/sec	cross-entropy=12.769166	air_time14-accuracy=3.800000
2023-11-08 14:55:35,994 [INFO]  Epoch[0] Train-cross-entropy=18.891596
2023-11-08 14:55:35,994 [INFO]  Epoch[0] Train-air_time14-accuracy=3.125000
2023-11-08 14:55:35,994 [INFO]  Epoch[0] Time cost=0.013
2023-11-08 14:55:35,998 [INFO]  Saved checkpoint to "./imputer_model/imputer_model_air_time14/model-0000.params"
2023-11-08 14:55:35,999 [INFO]  Epoch[0] Validation-cross-entropy=5.979471
2023-11-08 14:55:35,999 [INFO]  Epoch[0] Validation-air_time14-accuracy=0.000000
2023-11-08 14:55:36,006 [INFO]  Epoch[1] Batch [0-4]	Speed: 12982.32 samples/sec	cross-entropy=35.718911	air_time14-accuracy=3.800000
2023-11-08 14:55:36,009 [INFO]  Epoch[1] Train-cross-entropy=34.136021
2023-11-08 14:55:36,009 [INFO]  Epoch[1] Train-air_time14-accuracy=3.125000
2023-11-08 14:55:36,009 [INFO]  Epoch[1] Time cost=0.011
2023-11-08 14:55:36,012 [INFO]  Saved checkpoint to "./imputer_model/imputer_model_air_time14/model-0001.params"
2023-11-08 14:55:36,013 [INFO]  Epoch[1] Validation-cross-entropy=1.901119
2023-11-08 14:55:36,013 [INFO]  Epoch[1] Validation-air_time14-accuracy=0.000000
2023-11-08 14:55:36,018 [INFO]  Epoch[2] Batch [0-4]	Speed: 17233.91 samples/sec	cross-entropy=6.953507	air_time14-accuracy=3.800000
2023-11-08 14:55:36,021 [INFO]  Epoch[2] Train-cross-entropy=6.854771
2023-11-08 14:55:36,021 [INFO]  Epoch[2] Train-air_time14-accuracy=3.125000
2023-11-08 14:55:36,021 [INFO]  Epoch[2] Time cost=0.008
2023-11-08 14:55:36,023 [INFO]  Saved checkpoint to "./imputer_model/imputer_model_air_time14/model-0002.params"
2023-11-08 14:55:36,023 [INFO]  Epoch[2] Validation-cross-entropy=3.360160
2023-11-08 14:55:36,023 [INFO]  Epoch[2] Validation-air_time14-accuracy=0.000000
2023-11-08 14:55:36,029 [INFO]  Epoch[3] Batch [0-4]	Speed: 15034.19 samples/sec	cross-entropy=4.253105	air_time14-accuracy=3.800000
2023-11-08 14:55:36,032 [INFO]  Epoch[3] Train-cross-entropy=3.261398
2023-11-08 14:55:36,032 [INFO]  Epoch[3] Train-air_time14-accuracy=3.125000
2023-11-08 14:55:36,032 [INFO]  Epoch[3] Time cost=0.009
2023-11-08 14:55:36,034 [INFO]  Saved checkpoint to "./imputer_model/imputer_model_air_time14/model-0003.params"
2023-11-08 14:55:36,034 [INFO]  Epoch[3] Validation-cross-entropy=1.727198
2023-11-08 14:55:36,034 [INFO]  Epoch[3] Validation-air_time14-accuracy=0.000000
2023-11-08 14:55:36,041 [INFO]  Epoch[4] Batch [0-4]	Speed: 12440.81 samples/sec	cross-entropy=1.342792	air_time14-accuracy=3.800000
2023-11-08 14:55:36,044 [INFO]  Epoch[4] Train-cross-entropy=1.072706
2023-11-08 14:55:36,044 [INFO]  Epoch[4] Train-air_time14-accuracy=3.125000
2023-11-08 14:55:36,044 [INFO]  Epoch[4] Time cost=0.009
2023-11-08 14:55:36,045 [INFO]  Saved checkpoint to "./imputer_model/imputer_model_air_time14/model-0004.params"
2023-11-08 14:55:36,046 [INFO]  Epoch[4] Validation-cross-entropy=3.004416
2023-11-08 14:55:36,046 [INFO]  Epoch[4] Validation-air_time14-accuracy=0.000000
2023-11-08 14:55:36,046 [INFO]  
========== done (0.06587529182434082 s) fit model
