2023-11-08 12:46:53,859 [INFO]  
========== start: fit model
2023-11-08 12:46:53,860 [WARNING]  Already bound, ignoring bind()
2023-11-08 12:46:54,066 [INFO]  Epoch[0] Batch [0-4]	Speed: 9483.68 samples/sec	cross-entropy=11.775002	max_y_extension18-accuracy=2.200000
2023-11-08 12:46:54,072 [INFO]  Epoch[0] Train-cross-entropy=14.298196
2023-11-08 12:46:54,072 [INFO]  Epoch[0] Train-max_y_extension18-accuracy=2.500000
2023-11-08 12:46:54,072 [INFO]  Epoch[0] Time cost=0.212
2023-11-08 12:46:54,075 [INFO]  Saved checkpoint to "./imputer_model/imputer_model_max_y_extension18/model-0000.params"
2023-11-08 12:46:54,080 [INFO]  Epoch[0] Validation-cross-entropy=26.248726
2023-11-08 12:46:54,080 [INFO]  Epoch[0] Validation-max_y_extension18-accuracy=0.000000
2023-11-08 12:46:54,089 [INFO]  Epoch[1] Batch [0-4]	Speed: 8273.30 samples/sec	cross-entropy=83.701881	max_y_extension18-accuracy=2.200000
2023-11-08 12:46:54,159 [INFO]  Epoch[1] Train-cross-entropy=61.367501
2023-11-08 12:46:54,159 [INFO]  Epoch[1] Train-max_y_extension18-accuracy=2.500000
2023-11-08 12:46:54,159 [INFO]  Epoch[1] Time cost=0.079
2023-11-08 12:46:54,161 [INFO]  Saved checkpoint to "./imputer_model/imputer_model_max_y_extension18/model-0001.params"
2023-11-08 12:46:54,162 [INFO]  Epoch[1] Validation-cross-entropy=16.269596
2023-11-08 12:46:54,162 [INFO]  Epoch[1] Validation-max_y_extension18-accuracy=0.000000
2023-11-08 12:46:54,250 [INFO]  Epoch[2] Batch [0-4]	Speed: 2518.87 samples/sec	cross-entropy=13.762051	max_y_extension18-accuracy=2.200000
2023-11-08 12:46:54,259 [INFO]  Epoch[2] Train-cross-entropy=12.800770
2023-11-08 12:46:54,259 [INFO]  Epoch[2] Train-max_y_extension18-accuracy=2.500000
2023-11-08 12:46:54,259 [INFO]  Epoch[2] Time cost=0.096
2023-11-08 12:46:54,260 [INFO]  Saved checkpoint to "./imputer_model/imputer_model_max_y_extension18/model-0002.params"
2023-11-08 12:46:54,261 [INFO]  Epoch[2] Validation-cross-entropy=7.409703
2023-11-08 12:46:54,261 [INFO]  Epoch[2] Validation-max_y_extension18-accuracy=0.000000
2023-11-08 12:46:54,419 [INFO]  Epoch[3] Batch [0-4]	Speed: 422.90 samples/sec	cross-entropy=9.599375	max_y_extension18-accuracy=2.200000
2023-11-08 12:46:54,424 [INFO]  Epoch[3] Train-cross-entropy=7.463570
2023-11-08 12:46:54,424 [INFO]  Epoch[3] Train-max_y_extension18-accuracy=2.500000
2023-11-08 12:46:54,425 [INFO]  Epoch[3] Time cost=0.163
2023-11-08 12:46:54,428 [INFO]  Saved checkpoint to "./imputer_model/imputer_model_max_y_extension18/model-0003.params"
2023-11-08 12:46:54,429 [INFO]  Epoch[3] Validation-cross-entropy=7.097320
2023-11-08 12:46:54,429 [INFO]  Epoch[3] Validation-max_y_extension18-accuracy=0.000000
2023-11-08 12:46:54,437 [INFO]  Epoch[4] Batch [0-4]	Speed: 10347.92 samples/sec	cross-entropy=2.992743	max_y_extension18-accuracy=2.200000
2023-11-08 12:46:54,443 [INFO]  Epoch[4] Train-cross-entropy=2.369877
2023-11-08 12:46:54,443 [INFO]  Epoch[4] Train-max_y_extension18-accuracy=2.500000
2023-11-08 12:46:54,443 [INFO]  Epoch[4] Time cost=0.014
2023-11-08 12:46:54,446 [INFO]  Saved checkpoint to "./imputer_model/imputer_model_max_y_extension18/model-0004.params"
2023-11-08 12:46:54,447 [INFO]  Epoch[4] Validation-cross-entropy=6.963338
2023-11-08 12:46:54,448 [INFO]  Epoch[4] Validation-max_y_extension18-accuracy=0.000000
2023-11-08 12:46:54,448 [INFO]  
========== done (0.5886185169219971 s) fit model
2023-11-08 13:08:11,660 [INFO]  
========== start: fit model
2023-11-08 13:08:11,678 [WARNING]  Already bound, ignoring bind()
2023-11-08 13:08:11,686 [INFO]  Epoch[0] Batch [0-4]	Speed: 13269.18 samples/sec	cross-entropy=22.561847	max_y_extension18-accuracy=0.000000
2023-11-08 13:08:11,690 [INFO]  Epoch[0] Train-cross-entropy=19.916678
2023-11-08 13:08:11,690 [INFO]  Epoch[0] Train-max_y_extension18-accuracy=0.000000
2023-11-08 13:08:11,690 [INFO]  Epoch[0] Time cost=0.011
2023-11-08 13:08:11,694 [INFO]  Saved checkpoint to "./imputer_model/imputer_model_max_y_extension18/model-0000.params"
2023-11-08 13:08:11,694 [INFO]  Epoch[0] Validation-cross-entropy=17.819185
2023-11-08 13:08:11,695 [INFO]  Epoch[0] Validation-max_y_extension18-accuracy=0.000000
2023-11-08 13:08:11,701 [INFO]  Epoch[1] Batch [0-4]	Speed: 12967.90 samples/sec	cross-entropy=32.088291	max_y_extension18-accuracy=0.000000
2023-11-08 13:08:11,705 [INFO]  Epoch[1] Train-cross-entropy=25.600747
2023-11-08 13:08:11,705 [INFO]  Epoch[1] Train-max_y_extension18-accuracy=0.000000
2023-11-08 13:08:11,705 [INFO]  Epoch[1] Time cost=0.010
2023-11-08 13:08:11,707 [INFO]  Saved checkpoint to "./imputer_model/imputer_model_max_y_extension18/model-0001.params"
2023-11-08 13:08:11,708 [INFO]  Epoch[1] Validation-cross-entropy=27.635523
2023-11-08 13:08:11,708 [INFO]  Epoch[1] Validation-max_y_extension18-accuracy=0.000000
2023-11-08 13:08:11,713 [INFO]  Epoch[2] Batch [0-4]	Speed: 15853.74 samples/sec	cross-entropy=6.106746	max_y_extension18-accuracy=0.000000
2023-11-08 13:08:11,717 [INFO]  Epoch[2] Train-cross-entropy=5.939849
2023-11-08 13:08:11,717 [INFO]  Epoch[2] Train-max_y_extension18-accuracy=0.000000
2023-11-08 13:08:11,717 [INFO]  Epoch[2] Time cost=0.008
2023-11-08 13:08:11,718 [INFO]  Saved checkpoint to "./imputer_model/imputer_model_max_y_extension18/model-0002.params"
2023-11-08 13:08:11,719 [INFO]  Epoch[2] Validation-cross-entropy=11.624175
2023-11-08 13:08:11,719 [INFO]  Epoch[2] Validation-max_y_extension18-accuracy=0.000000
2023-11-08 13:08:11,724 [INFO]  Epoch[3] Batch [0-4]	Speed: 14881.66 samples/sec	cross-entropy=4.213995	max_y_extension18-accuracy=0.000000
2023-11-08 13:08:11,728 [INFO]  Epoch[3] Train-cross-entropy=3.181013
2023-11-08 13:08:11,728 [INFO]  Epoch[3] Train-max_y_extension18-accuracy=0.000000
2023-11-08 13:08:11,728 [INFO]  Epoch[3] Time cost=0.009
2023-11-08 13:08:11,731 [INFO]  Saved checkpoint to "./imputer_model/imputer_model_max_y_extension18/model-0003.params"
2023-11-08 13:08:11,732 [INFO]  Epoch[3] Validation-cross-entropy=21.674900
2023-11-08 13:08:11,732 [INFO]  Epoch[3] Validation-max_y_extension18-accuracy=0.000000
2023-11-08 13:08:11,739 [INFO]  Epoch[4] Batch [0-4]	Speed: 11709.80 samples/sec	cross-entropy=2.307348	max_y_extension18-accuracy=0.000000
2023-11-08 13:08:11,743 [INFO]  Epoch[4] Train-cross-entropy=1.641045
2023-11-08 13:08:11,743 [INFO]  Epoch[4] Train-max_y_extension18-accuracy=0.000000
2023-11-08 13:08:11,743 [INFO]  Epoch[4] Time cost=0.011
2023-11-08 13:08:11,760 [INFO]  Saved checkpoint to "./imputer_model/imputer_model_max_y_extension18/model-0004.params"
2023-11-08 13:08:11,761 [INFO]  Epoch[4] Validation-cross-entropy=13.496750
2023-11-08 13:08:11,761 [INFO]  Epoch[4] Validation-max_y_extension18-accuracy=0.000000
2023-11-08 13:08:11,761 [INFO]  
========== done (0.10107278823852539 s) fit model
2023-11-08 13:21:35,414 [INFO]  
========== start: fit model
2023-11-08 13:21:35,415 [WARNING]  Already bound, ignoring bind()
2023-11-08 13:21:35,422 [INFO]  Epoch[0] Batch [0-4]	Speed: 13822.63 samples/sec	cross-entropy=28.509620	max_y_extension18-accuracy=3.200000
2023-11-08 13:21:35,426 [INFO]  Epoch[0] Train-cross-entropy=28.110803
2023-11-08 13:21:35,426 [INFO]  Epoch[0] Train-max_y_extension18-accuracy=3.750000
2023-11-08 13:21:35,426 [INFO]  Epoch[0] Time cost=0.011
2023-11-08 13:21:35,430 [INFO]  Saved checkpoint to "./imputer_model/imputer_model_max_y_extension18/model-0000.params"
2023-11-08 13:21:35,431 [INFO]  Epoch[0] Validation-cross-entropy=17.327435
2023-11-08 13:21:35,431 [INFO]  Epoch[0] Validation-max_y_extension18-accuracy=0.000000
2023-11-08 13:21:35,439 [INFO]  Epoch[1] Batch [0-4]	Speed: 10976.26 samples/sec	cross-entropy=30.098684	max_y_extension18-accuracy=3.200000
2023-11-08 13:21:35,444 [INFO]  Epoch[1] Train-cross-entropy=43.962554
2023-11-08 13:21:35,444 [INFO]  Epoch[1] Train-max_y_extension18-accuracy=3.750000
2023-11-08 13:21:35,444 [INFO]  Epoch[1] Time cost=0.013
2023-11-08 13:21:35,447 [INFO]  Saved checkpoint to "./imputer_model/imputer_model_max_y_extension18/model-0001.params"
2023-11-08 13:21:35,447 [INFO]  Epoch[1] Validation-cross-entropy=41.089981
2023-11-08 13:21:35,447 [INFO]  Epoch[1] Validation-max_y_extension18-accuracy=0.000000
2023-11-08 13:21:35,454 [INFO]  Epoch[2] Batch [0-4]	Speed: 12905.55 samples/sec	cross-entropy=12.483527	max_y_extension18-accuracy=3.200000
2023-11-08 13:21:35,458 [INFO]  Epoch[2] Train-cross-entropy=10.543252
2023-11-08 13:21:35,458 [INFO]  Epoch[2] Train-max_y_extension18-accuracy=3.750000
2023-11-08 13:21:35,458 [INFO]  Epoch[2] Time cost=0.010
2023-11-08 13:21:35,459 [INFO]  Saved checkpoint to "./imputer_model/imputer_model_max_y_extension18/model-0002.params"
2023-11-08 13:21:35,460 [INFO]  Epoch[2] Validation-cross-entropy=7.746780
2023-11-08 13:21:35,460 [INFO]  Epoch[2] Validation-max_y_extension18-accuracy=0.000000
2023-11-08 13:21:35,464 [INFO]  Epoch[3] Batch [0-4]	Speed: 18680.27 samples/sec	cross-entropy=4.556679	max_y_extension18-accuracy=3.200000
2023-11-08 13:21:35,467 [INFO]  Epoch[3] Train-cross-entropy=4.704930
2023-11-08 13:21:35,467 [INFO]  Epoch[3] Train-max_y_extension18-accuracy=3.750000
2023-11-08 13:21:35,467 [INFO]  Epoch[3] Time cost=0.007
2023-11-08 13:21:35,469 [INFO]  Saved checkpoint to "./imputer_model/imputer_model_max_y_extension18/model-0003.params"
2023-11-08 13:21:35,470 [INFO]  Epoch[3] Validation-cross-entropy=6.325930
2023-11-08 13:21:35,470 [INFO]  Epoch[3] Validation-max_y_extension18-accuracy=0.000000
2023-11-08 13:21:35,476 [INFO]  Epoch[4] Batch [0-4]	Speed: 15597.64 samples/sec	cross-entropy=1.474892	max_y_extension18-accuracy=3.200000
2023-11-08 13:21:35,479 [INFO]  Epoch[4] Train-cross-entropy=1.531795
2023-11-08 13:21:35,479 [INFO]  Epoch[4] Train-max_y_extension18-accuracy=3.750000
2023-11-08 13:21:35,479 [INFO]  Epoch[4] Time cost=0.008
2023-11-08 13:21:35,481 [INFO]  Saved checkpoint to "./imputer_model/imputer_model_max_y_extension18/model-0004.params"
2023-11-08 13:21:35,481 [INFO]  Epoch[4] Validation-cross-entropy=7.198870
2023-11-08 13:21:35,481 [INFO]  Epoch[4] Validation-max_y_extension18-accuracy=0.000000
2023-11-08 13:21:35,481 [INFO]  
========== done (0.06694459915161133 s) fit model
2023-11-08 13:34:56,039 [INFO]  
========== start: fit model
2023-11-08 13:34:56,039 [WARNING]  Already bound, ignoring bind()
2023-11-08 13:34:56,047 [INFO]  Epoch[0] Batch [0-4]	Speed: 11690.42 samples/sec	cross-entropy=20.285354	max_y_extension18-accuracy=2.600000
2023-11-08 13:34:56,051 [INFO]  Epoch[0] Train-cross-entropy=20.122591
2023-11-08 13:34:56,051 [INFO]  Epoch[0] Train-max_y_extension18-accuracy=2.625000
2023-11-08 13:34:56,051 [INFO]  Epoch[0] Time cost=0.011
2023-11-08 13:34:56,052 [INFO]  Saved checkpoint to "./imputer_model/imputer_model_max_y_extension18/model-0000.params"
2023-11-08 13:34:56,053 [INFO]  Epoch[0] Validation-cross-entropy=5.112605
2023-11-08 13:34:56,053 [INFO]  Epoch[0] Validation-max_y_extension18-accuracy=0.000000
2023-11-08 13:34:56,060 [INFO]  Epoch[1] Batch [0-4]	Speed: 11118.10 samples/sec	cross-entropy=40.774274	max_y_extension18-accuracy=2.600000
2023-11-08 13:34:56,065 [INFO]  Epoch[1] Train-cross-entropy=30.410482
2023-11-08 13:34:56,065 [INFO]  Epoch[1] Train-max_y_extension18-accuracy=2.625000
2023-11-08 13:34:56,065 [INFO]  Epoch[1] Time cost=0.013
2023-11-08 13:34:56,068 [INFO]  Saved checkpoint to "./imputer_model/imputer_model_max_y_extension18/model-0001.params"
2023-11-08 13:34:56,069 [INFO]  Epoch[1] Validation-cross-entropy=14.496663
2023-11-08 13:34:56,069 [INFO]  Epoch[1] Validation-max_y_extension18-accuracy=0.000000
2023-11-08 13:34:56,077 [INFO]  Epoch[2] Batch [0-4]	Speed: 11563.52 samples/sec	cross-entropy=5.627515	max_y_extension18-accuracy=2.600000
2023-11-08 13:34:56,081 [INFO]  Epoch[2] Train-cross-entropy=4.721005
2023-11-08 13:34:56,081 [INFO]  Epoch[2] Train-max_y_extension18-accuracy=2.625000
2023-11-08 13:34:56,081 [INFO]  Epoch[2] Time cost=0.011
2023-11-08 13:34:56,083 [INFO]  Saved checkpoint to "./imputer_model/imputer_model_max_y_extension18/model-0002.params"
2023-11-08 13:34:56,084 [INFO]  Epoch[2] Validation-cross-entropy=7.128513
2023-11-08 13:34:56,084 [INFO]  Epoch[2] Validation-max_y_extension18-accuracy=0.000000
2023-11-08 13:34:56,090 [INFO]  Epoch[3] Batch [0-4]	Speed: 13562.83 samples/sec	cross-entropy=3.741344	max_y_extension18-accuracy=2.600000
2023-11-08 13:34:56,093 [INFO]  Epoch[3] Train-cross-entropy=3.092522
2023-11-08 13:34:56,094 [INFO]  Epoch[3] Train-max_y_extension18-accuracy=2.625000
2023-11-08 13:34:56,094 [INFO]  Epoch[3] Time cost=0.010
2023-11-08 13:34:56,095 [INFO]  Saved checkpoint to "./imputer_model/imputer_model_max_y_extension18/model-0003.params"
2023-11-08 13:34:56,096 [INFO]  Epoch[3] Validation-cross-entropy=6.784679
2023-11-08 13:34:56,096 [INFO]  Epoch[3] Validation-max_y_extension18-accuracy=0.000000
2023-11-08 13:34:56,102 [INFO]  Epoch[4] Batch [0-4]	Speed: 13129.00 samples/sec	cross-entropy=1.019840	max_y_extension18-accuracy=2.600000
2023-11-08 13:34:56,106 [INFO]  Epoch[4] Train-cross-entropy=1.030923
2023-11-08 13:34:56,106 [INFO]  Epoch[4] Train-max_y_extension18-accuracy=2.625000
2023-11-08 13:34:56,106 [INFO]  Epoch[4] Time cost=0.010
2023-11-08 13:34:56,108 [INFO]  Saved checkpoint to "./imputer_model/imputer_model_max_y_extension18/model-0004.params"
2023-11-08 13:34:56,109 [INFO]  Epoch[4] Validation-cross-entropy=6.930935
2023-11-08 13:34:56,109 [INFO]  Epoch[4] Validation-max_y_extension18-accuracy=0.000000
2023-11-08 13:34:56,109 [INFO]  
========== done (0.06981635093688965 s) fit model
2023-11-08 13:48:15,773 [INFO]  
========== start: fit model
2023-11-08 13:48:15,773 [WARNING]  Already bound, ignoring bind()
2023-11-08 13:48:15,780 [INFO]  Epoch[0] Batch [0-4]	Speed: 12784.47 samples/sec	cross-entropy=10.346938	max_y_extension18-accuracy=0.000000
2023-11-08 13:48:15,785 [INFO]  Epoch[0] Train-cross-entropy=21.591510
2023-11-08 13:48:15,786 [INFO]  Epoch[0] Train-max_y_extension18-accuracy=0.000000
2023-11-08 13:48:15,786 [INFO]  Epoch[0] Time cost=0.012
2023-11-08 13:48:15,789 [INFO]  Saved checkpoint to "./imputer_model/imputer_model_max_y_extension18/model-0000.params"
2023-11-08 13:48:15,790 [INFO]  Epoch[0] Validation-cross-entropy=35.656914
2023-11-08 13:48:15,790 [INFO]  Epoch[0] Validation-max_y_extension18-accuracy=0.000000
2023-11-08 13:48:15,796 [INFO]  Epoch[1] Batch [0-4]	Speed: 14481.84 samples/sec	cross-entropy=52.817067	max_y_extension18-accuracy=0.000000
2023-11-08 13:48:15,800 [INFO]  Epoch[1] Train-cross-entropy=38.190362
2023-11-08 13:48:15,800 [INFO]  Epoch[1] Train-max_y_extension18-accuracy=0.000000
2023-11-08 13:48:15,800 [INFO]  Epoch[1] Time cost=0.010
2023-11-08 13:48:15,831 [INFO]  Saved checkpoint to "./imputer_model/imputer_model_max_y_extension18/model-0001.params"
2023-11-08 13:48:15,832 [INFO]  Epoch[1] Validation-cross-entropy=37.058598
2023-11-08 13:48:15,832 [INFO]  Epoch[1] Validation-max_y_extension18-accuracy=0.000000
2023-11-08 13:48:15,840 [INFO]  Epoch[2] Batch [0-4]	Speed: 10881.93 samples/sec	cross-entropy=8.969542	max_y_extension18-accuracy=0.000000
2023-11-08 13:48:15,845 [INFO]  Epoch[2] Train-cross-entropy=7.839790
2023-11-08 13:48:15,845 [INFO]  Epoch[2] Train-max_y_extension18-accuracy=0.000000
2023-11-08 13:48:15,845 [INFO]  Epoch[2] Time cost=0.012
2023-11-08 13:48:15,847 [INFO]  Saved checkpoint to "./imputer_model/imputer_model_max_y_extension18/model-0002.params"
2023-11-08 13:48:15,848 [INFO]  Epoch[2] Validation-cross-entropy=12.091312
2023-11-08 13:48:15,848 [INFO]  Epoch[2] Validation-max_y_extension18-accuracy=0.000000
2023-11-08 13:48:15,854 [INFO]  Epoch[3] Batch [0-4]	Speed: 12487.69 samples/sec	cross-entropy=5.906051	max_y_extension18-accuracy=0.000000
2023-11-08 13:48:15,858 [INFO]  Epoch[3] Train-cross-entropy=5.088613
2023-11-08 13:48:15,858 [INFO]  Epoch[3] Train-max_y_extension18-accuracy=0.000000
2023-11-08 13:48:15,858 [INFO]  Epoch[3] Time cost=0.010
2023-11-08 13:48:15,860 [INFO]  Saved checkpoint to "./imputer_model/imputer_model_max_y_extension18/model-0003.params"
2023-11-08 13:48:15,860 [INFO]  Epoch[3] Validation-cross-entropy=22.386833
2023-11-08 13:48:15,860 [INFO]  Epoch[3] Validation-max_y_extension18-accuracy=0.000000
2023-11-08 13:48:15,866 [INFO]  Epoch[4] Batch [0-4]	Speed: 14124.46 samples/sec	cross-entropy=2.063933	max_y_extension18-accuracy=0.000000
2023-11-08 13:48:15,871 [INFO]  Epoch[4] Train-cross-entropy=1.601200
2023-11-08 13:48:15,871 [INFO]  Epoch[4] Train-max_y_extension18-accuracy=0.000000
2023-11-08 13:48:15,871 [INFO]  Epoch[4] Time cost=0.011
2023-11-08 13:48:15,875 [INFO]  Saved checkpoint to "./imputer_model/imputer_model_max_y_extension18/model-0004.params"
2023-11-08 13:48:15,876 [INFO]  Epoch[4] Validation-cross-entropy=14.758461
2023-11-08 13:48:15,876 [INFO]  Epoch[4] Validation-max_y_extension18-accuracy=0.000000
2023-11-08 13:48:15,876 [INFO]  
========== done (0.10286307334899902 s) fit model
2023-11-08 14:01:38,872 [INFO]  
========== start: fit model
2023-11-08 14:01:38,872 [WARNING]  Already bound, ignoring bind()
2023-11-08 14:01:38,879 [INFO]  Epoch[0] Batch [0-4]	Speed: 14088.14 samples/sec	cross-entropy=19.391234	max_y_extension18-accuracy=0.000000
2023-11-08 14:01:38,883 [INFO]  Epoch[0] Train-cross-entropy=16.909145
2023-11-08 14:01:38,883 [INFO]  Epoch[0] Train-max_y_extension18-accuracy=0.000000
2023-11-08 14:01:38,883 [INFO]  Epoch[0] Time cost=0.010
2023-11-08 14:01:38,884 [INFO]  Saved checkpoint to "./imputer_model/imputer_model_max_y_extension18/model-0000.params"
2023-11-08 14:01:38,884 [INFO]  Epoch[0] Validation-cross-entropy=6.319387
2023-11-08 14:01:38,885 [INFO]  Epoch[0] Validation-max_y_extension18-accuracy=0.000000
2023-11-08 14:01:38,891 [INFO]  Epoch[1] Batch [0-4]	Speed: 11685.84 samples/sec	cross-entropy=42.069689	max_y_extension18-accuracy=0.000000
2023-11-08 14:01:38,896 [INFO]  Epoch[1] Train-cross-entropy=30.047020
2023-11-08 14:01:38,896 [INFO]  Epoch[1] Train-max_y_extension18-accuracy=0.000000
2023-11-08 14:01:38,897 [INFO]  Epoch[1] Time cost=0.012
2023-11-08 14:01:38,900 [INFO]  Saved checkpoint to "./imputer_model/imputer_model_max_y_extension18/model-0001.params"
2023-11-08 14:01:38,901 [INFO]  Epoch[1] Validation-cross-entropy=3.627112
2023-11-08 14:01:38,901 [INFO]  Epoch[1] Validation-max_y_extension18-accuracy=0.000000
2023-11-08 14:01:38,908 [INFO]  Epoch[2] Batch [0-4]	Speed: 11971.43 samples/sec	cross-entropy=4.213480	max_y_extension18-accuracy=0.000000
2023-11-08 14:01:38,911 [INFO]  Epoch[2] Train-cross-entropy=6.048520
2023-11-08 14:01:38,912 [INFO]  Epoch[2] Train-max_y_extension18-accuracy=0.000000
2023-11-08 14:01:38,912 [INFO]  Epoch[2] Time cost=0.011
2023-11-08 14:01:38,914 [INFO]  Saved checkpoint to "./imputer_model/imputer_model_max_y_extension18/model-0002.params"
2023-11-08 14:01:38,914 [INFO]  Epoch[2] Validation-cross-entropy=6.897561
2023-11-08 14:01:38,914 [INFO]  Epoch[2] Validation-max_y_extension18-accuracy=0.000000
2023-11-08 14:01:38,920 [INFO]  Epoch[3] Batch [0-4]	Speed: 14931.33 samples/sec	cross-entropy=1.994146	max_y_extension18-accuracy=0.000000
2023-11-08 14:01:38,923 [INFO]  Epoch[3] Train-cross-entropy=1.883630
2023-11-08 14:01:38,924 [INFO]  Epoch[3] Train-max_y_extension18-accuracy=0.000000
2023-11-08 14:01:38,924 [INFO]  Epoch[3] Time cost=0.009
2023-11-08 14:01:38,925 [INFO]  Saved checkpoint to "./imputer_model/imputer_model_max_y_extension18/model-0003.params"
2023-11-08 14:01:38,926 [INFO]  Epoch[3] Validation-cross-entropy=6.093297
2023-11-08 14:01:38,926 [INFO]  Epoch[3] Validation-max_y_extension18-accuracy=0.000000
2023-11-08 14:01:38,932 [INFO]  Epoch[4] Batch [0-4]	Speed: 13997.05 samples/sec	cross-entropy=1.480896	max_y_extension18-accuracy=0.000000
2023-11-08 14:01:38,935 [INFO]  Epoch[4] Train-cross-entropy=1.286558
2023-11-08 14:01:38,935 [INFO]  Epoch[4] Train-max_y_extension18-accuracy=0.000000
2023-11-08 14:01:38,935 [INFO]  Epoch[4] Time cost=0.009
2023-11-08 14:01:38,937 [INFO]  Saved checkpoint to "./imputer_model/imputer_model_max_y_extension18/model-0004.params"
2023-11-08 14:01:38,937 [INFO]  Epoch[4] Validation-cross-entropy=3.914796
2023-11-08 14:01:38,937 [INFO]  Epoch[4] Validation-max_y_extension18-accuracy=0.000000
2023-11-08 14:01:38,937 [INFO]  
========== done (0.06527209281921387 s) fit model
2023-11-08 14:15:04,482 [INFO]  
========== start: fit model
2023-11-08 14:15:04,482 [WARNING]  Already bound, ignoring bind()
2023-11-08 14:15:04,489 [INFO]  Epoch[0] Batch [0-4]	Speed: 14133.39 samples/sec	cross-entropy=24.398929	max_y_extension18-accuracy=3.000000
2023-11-08 14:15:04,492 [INFO]  Epoch[0] Train-cross-entropy=23.544468
2023-11-08 14:15:04,493 [INFO]  Epoch[0] Train-max_y_extension18-accuracy=2.875000
2023-11-08 14:15:04,493 [INFO]  Epoch[0] Time cost=0.010
2023-11-08 14:15:04,494 [INFO]  Saved checkpoint to "./imputer_model/imputer_model_max_y_extension18/model-0000.params"
2023-11-08 14:15:04,494 [INFO]  Epoch[0] Validation-cross-entropy=19.077555
2023-11-08 14:15:04,494 [INFO]  Epoch[0] Validation-max_y_extension18-accuracy=0.000000
2023-11-08 14:15:04,499 [INFO]  Epoch[1] Batch [0-4]	Speed: 15886.57 samples/sec	cross-entropy=33.235723	max_y_extension18-accuracy=3.000000
2023-11-08 14:15:04,502 [INFO]  Epoch[1] Train-cross-entropy=36.295263
2023-11-08 14:15:04,503 [INFO]  Epoch[1] Train-max_y_extension18-accuracy=2.875000
2023-11-08 14:15:04,503 [INFO]  Epoch[1] Time cost=0.008
2023-11-08 14:15:04,504 [INFO]  Saved checkpoint to "./imputer_model/imputer_model_max_y_extension18/model-0001.params"
2023-11-08 14:15:04,504 [INFO]  Epoch[1] Validation-cross-entropy=14.185420
2023-11-08 14:15:04,504 [INFO]  Epoch[1] Validation-max_y_extension18-accuracy=0.000000
2023-11-08 14:15:04,510 [INFO]  Epoch[2] Batch [0-4]	Speed: 14088.14 samples/sec	cross-entropy=15.413831	max_y_extension18-accuracy=3.000000
2023-11-08 14:15:04,515 [INFO]  Epoch[2] Train-cross-entropy=11.073996
2023-11-08 14:15:04,515 [INFO]  Epoch[2] Train-max_y_extension18-accuracy=2.875000
2023-11-08 14:15:04,515 [INFO]  Epoch[2] Time cost=0.010
2023-11-08 14:15:04,518 [INFO]  Saved checkpoint to "./imputer_model/imputer_model_max_y_extension18/model-0002.params"
2023-11-08 14:15:04,519 [INFO]  Epoch[2] Validation-cross-entropy=13.276379
2023-11-08 14:15:04,519 [INFO]  Epoch[2] Validation-max_y_extension18-accuracy=0.000000
2023-11-08 14:15:04,527 [INFO]  Epoch[3] Batch [0-4]	Speed: 11445.19 samples/sec	cross-entropy=10.003230	max_y_extension18-accuracy=3.000000
2023-11-08 14:15:04,531 [INFO]  Epoch[3] Train-cross-entropy=7.048493
2023-11-08 14:15:04,531 [INFO]  Epoch[3] Train-max_y_extension18-accuracy=2.875000
2023-11-08 14:15:04,531 [INFO]  Epoch[3] Time cost=0.012
2023-11-08 14:15:04,534 [INFO]  Saved checkpoint to "./imputer_model/imputer_model_max_y_extension18/model-0003.params"
2023-11-08 14:15:04,534 [INFO]  Epoch[3] Validation-cross-entropy=8.104795
2023-11-08 14:15:04,535 [INFO]  Epoch[3] Validation-max_y_extension18-accuracy=0.000000
2023-11-08 14:15:04,541 [INFO]  Epoch[4] Batch [0-4]	Speed: 12783.86 samples/sec	cross-entropy=2.912852	max_y_extension18-accuracy=3.000000
2023-11-08 14:15:04,545 [INFO]  Epoch[4] Train-cross-entropy=2.109447
2023-11-08 14:15:04,545 [INFO]  Epoch[4] Train-max_y_extension18-accuracy=2.875000
2023-11-08 14:15:04,545 [INFO]  Epoch[4] Time cost=0.010
2023-11-08 14:15:04,546 [INFO]  Saved checkpoint to "./imputer_model/imputer_model_max_y_extension18/model-0004.params"
2023-11-08 14:15:04,547 [INFO]  Epoch[4] Validation-cross-entropy=8.893875
2023-11-08 14:15:04,547 [INFO]  Epoch[4] Validation-max_y_extension18-accuracy=0.000000
2023-11-08 14:15:04,547 [INFO]  
========== done (0.06508684158325195 s) fit model
2023-11-08 14:28:41,710 [INFO]  
========== start: fit model
2023-11-08 14:28:41,711 [WARNING]  Already bound, ignoring bind()
2023-11-08 14:28:41,720 [INFO]  Epoch[0] Batch [0-4]	Speed: 10624.37 samples/sec	cross-entropy=19.810374	max_y_extension18-accuracy=3.200000
2023-11-08 14:28:41,724 [INFO]  Epoch[0] Train-cross-entropy=22.759522
2023-11-08 14:28:41,725 [INFO]  Epoch[0] Train-max_y_extension18-accuracy=3.125000
2023-11-08 14:28:41,725 [INFO]  Epoch[0] Time cost=0.013
2023-11-08 14:28:41,728 [INFO]  Saved checkpoint to "./imputer_model/imputer_model_max_y_extension18/model-0000.params"
2023-11-08 14:28:41,729 [INFO]  Epoch[0] Validation-cross-entropy=54.364548
2023-11-08 14:28:41,729 [INFO]  Epoch[0] Validation-max_y_extension18-accuracy=0.000000
2023-11-08 14:28:41,737 [INFO]  Epoch[1] Batch [0-4]	Speed: 10612.19 samples/sec	cross-entropy=35.861883	max_y_extension18-accuracy=3.200000
2023-11-08 14:28:41,741 [INFO]  Epoch[1] Train-cross-entropy=30.039732
2023-11-08 14:28:41,741 [INFO]  Epoch[1] Train-max_y_extension18-accuracy=3.125000
2023-11-08 14:28:41,741 [INFO]  Epoch[1] Time cost=0.012
2023-11-08 14:28:41,743 [INFO]  Saved checkpoint to "./imputer_model/imputer_model_max_y_extension18/model-0001.params"
2023-11-08 14:28:41,744 [INFO]  Epoch[1] Validation-cross-entropy=9.337999
2023-11-08 14:28:41,744 [INFO]  Epoch[1] Validation-max_y_extension18-accuracy=0.000000
2023-11-08 14:28:41,749 [INFO]  Epoch[2] Batch [0-4]	Speed: 16424.10 samples/sec	cross-entropy=6.039040	max_y_extension18-accuracy=3.200000
2023-11-08 14:28:41,752 [INFO]  Epoch[2] Train-cross-entropy=6.963099
2023-11-08 14:28:41,752 [INFO]  Epoch[2] Train-max_y_extension18-accuracy=3.125000
2023-11-08 14:28:41,752 [INFO]  Epoch[2] Time cost=0.008
2023-11-08 14:28:41,753 [INFO]  Saved checkpoint to "./imputer_model/imputer_model_max_y_extension18/model-0002.params"
2023-11-08 14:28:41,754 [INFO]  Epoch[2] Validation-cross-entropy=6.743109
2023-11-08 14:28:41,754 [INFO]  Epoch[2] Validation-max_y_extension18-accuracy=0.000000
2023-11-08 14:28:41,759 [INFO]  Epoch[3] Batch [0-4]	Speed: 17321.77 samples/sec	cross-entropy=2.717133	max_y_extension18-accuracy=3.200000
2023-11-08 14:28:41,762 [INFO]  Epoch[3] Train-cross-entropy=3.268840
2023-11-08 14:28:41,762 [INFO]  Epoch[3] Train-max_y_extension18-accuracy=3.125000
2023-11-08 14:28:41,762 [INFO]  Epoch[3] Time cost=0.008
2023-11-08 14:28:41,763 [INFO]  Saved checkpoint to "./imputer_model/imputer_model_max_y_extension18/model-0003.params"
2023-11-08 14:28:41,764 [INFO]  Epoch[3] Validation-cross-entropy=32.570240
2023-11-08 14:28:41,764 [INFO]  Epoch[3] Validation-max_y_extension18-accuracy=0.000000
2023-11-08 14:28:41,769 [INFO]  Epoch[4] Batch [0-4]	Speed: 13868.33 samples/sec	cross-entropy=1.265401	max_y_extension18-accuracy=3.200000
2023-11-08 14:28:41,774 [INFO]  Epoch[4] Train-cross-entropy=1.240939
2023-11-08 14:28:41,774 [INFO]  Epoch[4] Train-max_y_extension18-accuracy=3.125000
2023-11-08 14:28:41,774 [INFO]  Epoch[4] Time cost=0.010
2023-11-08 14:28:41,777 [INFO]  Saved checkpoint to "./imputer_model/imputer_model_max_y_extension18/model-0004.params"
2023-11-08 14:28:41,777 [INFO]  Epoch[4] Validation-cross-entropy=17.048872
2023-11-08 14:28:41,777 [INFO]  Epoch[4] Validation-max_y_extension18-accuracy=0.000000
2023-11-08 14:28:41,778 [INFO]  
========== done (0.06705904006958008 s) fit model
2023-11-08 14:42:46,400 [INFO]  
========== start: fit model
2023-11-08 14:42:46,401 [WARNING]  Already bound, ignoring bind()
2023-11-08 14:42:46,412 [INFO]  Epoch[0] Batch [0-4]	Speed: 9858.80 samples/sec	cross-entropy=28.679536	max_y_extension18-accuracy=0.000000
2023-11-08 14:42:46,417 [INFO]  Epoch[0] Train-cross-entropy=24.296498
2023-11-08 14:42:46,417 [INFO]  Epoch[0] Train-max_y_extension18-accuracy=0.000000
2023-11-08 14:42:46,417 [INFO]  Epoch[0] Time cost=0.014
2023-11-08 14:42:46,419 [INFO]  Saved checkpoint to "./imputer_model/imputer_model_max_y_extension18/model-0000.params"
2023-11-08 14:42:46,420 [INFO]  Epoch[0] Validation-cross-entropy=46.126404
2023-11-08 14:42:46,420 [INFO]  Epoch[0] Validation-max_y_extension18-accuracy=0.000000
2023-11-08 14:42:46,427 [INFO]  Epoch[1] Batch [0-4]	Speed: 12776.56 samples/sec	cross-entropy=37.644610	max_y_extension18-accuracy=0.000000
2023-11-08 14:42:46,430 [INFO]  Epoch[1] Train-cross-entropy=32.642288
2023-11-08 14:42:46,430 [INFO]  Epoch[1] Train-max_y_extension18-accuracy=0.000000
2023-11-08 14:42:46,430 [INFO]  Epoch[1] Time cost=0.010
2023-11-08 14:42:46,432 [INFO]  Saved checkpoint to "./imputer_model/imputer_model_max_y_extension18/model-0001.params"
2023-11-08 14:42:46,437 [INFO]  Epoch[1] Validation-cross-entropy=48.529331
2023-11-08 14:42:46,437 [INFO]  Epoch[1] Validation-max_y_extension18-accuracy=0.000000
2023-11-08 14:42:46,445 [INFO]  Epoch[2] Batch [0-4]	Speed: 10597.53 samples/sec	cross-entropy=6.204863	max_y_extension18-accuracy=0.000000
2023-11-08 14:42:46,450 [INFO]  Epoch[2] Train-cross-entropy=5.814312
2023-11-08 14:42:46,450 [INFO]  Epoch[2] Train-max_y_extension18-accuracy=0.000000
2023-11-08 14:42:46,450 [INFO]  Epoch[2] Time cost=0.013
2023-11-08 14:42:46,453 [INFO]  Saved checkpoint to "./imputer_model/imputer_model_max_y_extension18/model-0002.params"
2023-11-08 14:42:46,454 [INFO]  Epoch[2] Validation-cross-entropy=45.469337
2023-11-08 14:42:46,454 [INFO]  Epoch[2] Validation-max_y_extension18-accuracy=0.000000
2023-11-08 14:42:46,461 [INFO]  Epoch[3] Batch [0-4]	Speed: 12691.38 samples/sec	cross-entropy=2.901920	max_y_extension18-accuracy=0.000000
2023-11-08 14:42:46,465 [INFO]  Epoch[3] Train-cross-entropy=2.215833
2023-11-08 14:42:46,465 [INFO]  Epoch[3] Train-max_y_extension18-accuracy=0.000000
2023-11-08 14:42:46,465 [INFO]  Epoch[3] Time cost=0.011
2023-11-08 14:42:46,467 [INFO]  Saved checkpoint to "./imputer_model/imputer_model_max_y_extension18/model-0003.params"
2023-11-08 14:42:46,467 [INFO]  Epoch[3] Validation-cross-entropy=49.259102
2023-11-08 14:42:46,468 [INFO]  Epoch[3] Validation-max_y_extension18-accuracy=0.000000
2023-11-08 14:42:46,473 [INFO]  Epoch[4] Batch [0-4]	Speed: 13828.33 samples/sec	cross-entropy=1.786948	max_y_extension18-accuracy=0.000000
2023-11-08 14:42:46,478 [INFO]  Epoch[4] Train-cross-entropy=1.310400
2023-11-08 14:42:46,478 [INFO]  Epoch[4] Train-max_y_extension18-accuracy=0.000000
2023-11-08 14:42:46,478 [INFO]  Epoch[4] Time cost=0.010
2023-11-08 14:42:46,481 [INFO]  Saved checkpoint to "./imputer_model/imputer_model_max_y_extension18/model-0004.params"
2023-11-08 14:42:46,482 [INFO]  Epoch[4] Validation-cross-entropy=43.654976
2023-11-08 14:42:46,483 [INFO]  Epoch[4] Validation-max_y_extension18-accuracy=0.000000
2023-11-08 14:42:46,483 [INFO]  
========== done (0.0822744369506836 s) fit model
2023-11-08 14:56:51,359 [INFO]  
========== start: fit model
2023-11-08 14:56:51,359 [WARNING]  Already bound, ignoring bind()
2023-11-08 14:56:51,368 [INFO]  Epoch[0] Batch [0-4]	Speed: 10724.12 samples/sec	cross-entropy=28.315044	max_y_extension18-accuracy=0.000000
2023-11-08 14:56:51,373 [INFO]  Epoch[0] Train-cross-entropy=27.251077
2023-11-08 14:56:51,373 [INFO]  Epoch[0] Train-max_y_extension18-accuracy=0.000000
2023-11-08 14:56:51,373 [INFO]  Epoch[0] Time cost=0.013
2023-11-08 14:56:51,376 [INFO]  Saved checkpoint to "./imputer_model/imputer_model_max_y_extension18/model-0000.params"
2023-11-08 14:56:51,377 [INFO]  Epoch[0] Validation-cross-entropy=20.560287
2023-11-08 14:56:51,377 [INFO]  Epoch[0] Validation-max_y_extension18-accuracy=0.000000
2023-11-08 14:56:51,382 [INFO]  Epoch[1] Batch [0-4]	Speed: 15304.19 samples/sec	cross-entropy=20.815571	max_y_extension18-accuracy=0.000000
2023-11-08 14:56:51,386 [INFO]  Epoch[1] Train-cross-entropy=22.136976
2023-11-08 14:56:51,386 [INFO]  Epoch[1] Train-max_y_extension18-accuracy=0.000000
2023-11-08 14:56:51,386 [INFO]  Epoch[1] Time cost=0.009
2023-11-08 14:56:51,388 [INFO]  Saved checkpoint to "./imputer_model/imputer_model_max_y_extension18/model-0001.params"
2023-11-08 14:56:51,388 [INFO]  Epoch[1] Validation-cross-entropy=8.358987
2023-11-08 14:56:51,388 [INFO]  Epoch[1] Validation-max_y_extension18-accuracy=0.000000
2023-11-08 14:56:51,393 [INFO]  Epoch[2] Batch [0-4]	Speed: 19385.82 samples/sec	cross-entropy=5.333049	max_y_extension18-accuracy=0.000000
2023-11-08 14:56:51,395 [INFO]  Epoch[2] Train-cross-entropy=6.182147
2023-11-08 14:56:51,395 [INFO]  Epoch[2] Train-max_y_extension18-accuracy=0.000000
2023-11-08 14:56:51,395 [INFO]  Epoch[2] Time cost=0.007
2023-11-08 14:56:51,397 [INFO]  Saved checkpoint to "./imputer_model/imputer_model_max_y_extension18/model-0002.params"
2023-11-08 14:56:51,397 [INFO]  Epoch[2] Validation-cross-entropy=15.686180
2023-11-08 14:56:51,397 [INFO]  Epoch[2] Validation-max_y_extension18-accuracy=0.000000
2023-11-08 14:56:51,403 [INFO]  Epoch[3] Batch [0-4]	Speed: 14143.07 samples/sec	cross-entropy=3.711913	max_y_extension18-accuracy=0.000000
2023-11-08 14:56:51,406 [INFO]  Epoch[3] Train-cross-entropy=5.427282
2023-11-08 14:56:51,406 [INFO]  Epoch[3] Train-max_y_extension18-accuracy=0.000000
2023-11-08 14:56:51,406 [INFO]  Epoch[3] Time cost=0.009
2023-11-08 14:56:51,407 [INFO]  Saved checkpoint to "./imputer_model/imputer_model_max_y_extension18/model-0003.params"
2023-11-08 14:56:51,408 [INFO]  Epoch[3] Validation-cross-entropy=16.553497
2023-11-08 14:56:51,408 [INFO]  Epoch[3] Validation-max_y_extension18-accuracy=0.000000
2023-11-08 14:56:51,413 [INFO]  Epoch[4] Batch [0-4]	Speed: 16384.00 samples/sec	cross-entropy=1.679732	max_y_extension18-accuracy=0.000000
2023-11-08 14:56:51,416 [INFO]  Epoch[4] Train-cross-entropy=2.187944
2023-11-08 14:56:51,416 [INFO]  Epoch[4] Train-max_y_extension18-accuracy=0.000000
2023-11-08 14:56:51,416 [INFO]  Epoch[4] Time cost=0.008
2023-11-08 14:56:51,418 [INFO]  Saved checkpoint to "./imputer_model/imputer_model_max_y_extension18/model-0004.params"
2023-11-08 14:56:51,418 [INFO]  Epoch[4] Validation-cross-entropy=13.636091
2023-11-08 14:56:51,418 [INFO]  Epoch[4] Validation-max_y_extension18-accuracy=0.000000
2023-11-08 14:56:51,418 [INFO]  
========== done (0.05909013748168945 s) fit model
