2023-11-08 12:42:43,069 [INFO]  
========== start: fit model
2023-11-08 12:42:43,069 [WARNING]  Already bound, ignoring bind()
2023-11-08 12:42:43,079 [INFO]  Epoch[0] Batch [0-4]	Speed: 11500.11 samples/sec	cross-entropy=25.204684	num_of_pendown14-accuracy=3.800000
2023-11-08 12:42:43,084 [INFO]  Epoch[0] Train-cross-entropy=21.673220
2023-11-08 12:42:43,084 [INFO]  Epoch[0] Train-num_of_pendown14-accuracy=4.000000
2023-11-08 12:42:43,084 [INFO]  Epoch[0] Time cost=0.013
2023-11-08 12:42:43,088 [INFO]  Saved checkpoint to "./imputer_model/imputer_model_num_of_pendown14/model-0000.params"
2023-11-08 12:42:43,108 [INFO]  Epoch[0] Validation-cross-entropy=30.010763
2023-11-08 12:42:43,108 [INFO]  Epoch[0] Validation-num_of_pendown14-accuracy=0.000000
2023-11-08 12:42:43,232 [INFO]  Epoch[1] Batch [0-4]	Speed: 544.39 samples/sec	cross-entropy=62.136073	num_of_pendown14-accuracy=3.800000
2023-11-08 12:42:43,247 [INFO]  Epoch[1] Train-cross-entropy=43.726901
2023-11-08 12:42:43,247 [INFO]  Epoch[1] Train-num_of_pendown14-accuracy=4.000000
2023-11-08 12:42:43,247 [INFO]  Epoch[1] Time cost=0.139
2023-11-08 12:42:43,249 [INFO]  Saved checkpoint to "./imputer_model/imputer_model_num_of_pendown14/model-0001.params"
2023-11-08 12:42:43,250 [INFO]  Epoch[1] Validation-cross-entropy=10.354818
2023-11-08 12:42:43,250 [INFO]  Epoch[1] Validation-num_of_pendown14-accuracy=0.000000
2023-11-08 12:42:43,544 [INFO]  Epoch[2] Batch [0-4]	Speed: 253.06 samples/sec	cross-entropy=10.058997	num_of_pendown14-accuracy=3.800000
2023-11-08 12:42:43,588 [INFO]  Epoch[2] Train-cross-entropy=7.304995
2023-11-08 12:42:43,588 [INFO]  Epoch[2] Train-num_of_pendown14-accuracy=4.000000
2023-11-08 12:42:43,589 [INFO]  Epoch[2] Time cost=0.339
2023-11-08 12:42:43,592 [INFO]  Saved checkpoint to "./imputer_model/imputer_model_num_of_pendown14/model-0002.params"
2023-11-08 12:42:43,603 [INFO]  Epoch[2] Validation-cross-entropy=10.134798
2023-11-08 12:42:43,604 [INFO]  Epoch[2] Validation-num_of_pendown14-accuracy=0.000000
2023-11-08 12:42:43,615 [INFO]  Epoch[3] Batch [0-4]	Speed: 8324.10 samples/sec	cross-entropy=4.919782	num_of_pendown14-accuracy=3.800000
2023-11-08 12:42:43,623 [INFO]  Epoch[3] Train-cross-entropy=4.341833
2023-11-08 12:42:43,623 [INFO]  Epoch[3] Train-num_of_pendown14-accuracy=4.000000
2023-11-08 12:42:43,623 [INFO]  Epoch[3] Time cost=0.020
2023-11-08 12:42:43,626 [INFO]  Saved checkpoint to "./imputer_model/imputer_model_num_of_pendown14/model-0003.params"
2023-11-08 12:42:43,627 [INFO]  Epoch[3] Validation-cross-entropy=10.933082
2023-11-08 12:42:43,628 [INFO]  Epoch[3] Validation-num_of_pendown14-accuracy=0.000000
2023-11-08 12:42:43,826 [INFO]  Epoch[4] Batch [0-4]	Speed: 325.05 samples/sec	cross-entropy=1.364437	num_of_pendown14-accuracy=3.800000
2023-11-08 12:42:43,877 [INFO]  Epoch[4] Train-cross-entropy=1.207316
2023-11-08 12:42:43,878 [INFO]  Epoch[4] Train-num_of_pendown14-accuracy=4.000000
2023-11-08 12:42:43,878 [INFO]  Epoch[4] Time cost=0.250
2023-11-08 12:42:43,880 [INFO]  Saved checkpoint to "./imputer_model/imputer_model_num_of_pendown14/model-0004.params"
2023-11-08 12:42:43,892 [INFO]  Epoch[4] Validation-cross-entropy=10.115265
2023-11-08 12:42:43,892 [INFO]  Epoch[4] Validation-num_of_pendown14-accuracy=0.000000
2023-11-08 12:42:43,892 [INFO]  
========== done (0.8233222961425781 s) fit model
2023-11-08 13:07:12,193 [INFO]  
========== start: fit model
2023-11-08 13:07:12,204 [WARNING]  Already bound, ignoring bind()
2023-11-08 13:07:12,212 [INFO]  Epoch[0] Batch [0-4]	Speed: 14041.71 samples/sec	cross-entropy=28.269852	num_of_pendown14-accuracy=3.800000
2023-11-08 13:07:12,215 [INFO]  Epoch[0] Train-cross-entropy=24.624799
2023-11-08 13:07:12,215 [INFO]  Epoch[0] Train-num_of_pendown14-accuracy=3.750000
2023-11-08 13:07:12,215 [INFO]  Epoch[0] Time cost=0.010
2023-11-08 13:07:12,217 [INFO]  Saved checkpoint to "./imputer_model/imputer_model_num_of_pendown14/model-0000.params"
2023-11-08 13:07:12,218 [INFO]  Epoch[0] Validation-cross-entropy=15.056241
2023-11-08 13:07:12,218 [INFO]  Epoch[0] Validation-num_of_pendown14-accuracy=0.000000
2023-11-08 13:07:12,224 [INFO]  Epoch[1] Batch [0-4]	Speed: 12180.57 samples/sec	cross-entropy=34.853577	num_of_pendown14-accuracy=3.800000
2023-11-08 13:07:12,230 [INFO]  Epoch[1] Train-cross-entropy=34.555685
2023-11-08 13:07:12,230 [INFO]  Epoch[1] Train-num_of_pendown14-accuracy=3.750000
2023-11-08 13:07:12,230 [INFO]  Epoch[1] Time cost=0.012
2023-11-08 13:07:12,233 [INFO]  Saved checkpoint to "./imputer_model/imputer_model_num_of_pendown14/model-0001.params"
2023-11-08 13:07:12,234 [INFO]  Epoch[1] Validation-cross-entropy=3.415538
2023-11-08 13:07:12,234 [INFO]  Epoch[1] Validation-num_of_pendown14-accuracy=0.000000
2023-11-08 13:07:12,240 [INFO]  Epoch[2] Batch [0-4]	Speed: 13726.50 samples/sec	cross-entropy=7.284249	num_of_pendown14-accuracy=3.800000
2023-11-08 13:07:12,244 [INFO]  Epoch[2] Train-cross-entropy=6.958109
2023-11-08 13:07:12,244 [INFO]  Epoch[2] Train-num_of_pendown14-accuracy=3.750000
2023-11-08 13:07:12,244 [INFO]  Epoch[2] Time cost=0.010
2023-11-08 13:07:12,246 [INFO]  Saved checkpoint to "./imputer_model/imputer_model_num_of_pendown14/model-0002.params"
2023-11-08 13:07:12,246 [INFO]  Epoch[2] Validation-cross-entropy=3.498332
2023-11-08 13:07:12,246 [INFO]  Epoch[2] Validation-num_of_pendown14-accuracy=0.000000
2023-11-08 13:07:12,252 [INFO]  Epoch[3] Batch [0-4]	Speed: 14598.40 samples/sec	cross-entropy=3.185312	num_of_pendown14-accuracy=3.800000
2023-11-08 13:07:12,256 [INFO]  Epoch[3] Train-cross-entropy=2.912340
2023-11-08 13:07:12,256 [INFO]  Epoch[3] Train-num_of_pendown14-accuracy=3.750000
2023-11-08 13:07:12,256 [INFO]  Epoch[3] Time cost=0.010
2023-11-08 13:07:12,259 [INFO]  Saved checkpoint to "./imputer_model/imputer_model_num_of_pendown14/model-0003.params"
2023-11-08 13:07:12,260 [INFO]  Epoch[3] Validation-cross-entropy=3.597528
2023-11-08 13:07:12,260 [INFO]  Epoch[3] Validation-num_of_pendown14-accuracy=0.000000
2023-11-08 13:07:12,267 [INFO]  Epoch[4] Batch [0-4]	Speed: 11824.31 samples/sec	cross-entropy=1.327460	num_of_pendown14-accuracy=3.800000
2023-11-08 13:07:12,271 [INFO]  Epoch[4] Train-cross-entropy=1.358928
2023-11-08 13:07:12,271 [INFO]  Epoch[4] Train-num_of_pendown14-accuracy=3.750000
2023-11-08 13:07:12,271 [INFO]  Epoch[4] Time cost=0.011
2023-11-08 13:07:12,274 [INFO]  Saved checkpoint to "./imputer_model/imputer_model_num_of_pendown14/model-0004.params"
2023-11-08 13:07:12,275 [INFO]  Epoch[4] Validation-cross-entropy=3.640275
2023-11-08 13:07:12,275 [INFO]  Epoch[4] Validation-num_of_pendown14-accuracy=0.000000
2023-11-08 13:07:12,275 [INFO]  
========== done (0.08209872245788574 s) fit model
2023-11-08 13:20:36,960 [INFO]  
========== start: fit model
2023-11-08 13:20:36,961 [WARNING]  Already bound, ignoring bind()
2023-11-08 13:20:36,969 [INFO]  Epoch[0] Batch [0-4]	Speed: 10266.40 samples/sec	cross-entropy=19.161412	num_of_pendown14-accuracy=0.000000
2023-11-08 13:20:36,974 [INFO]  Epoch[0] Train-cross-entropy=18.833964
2023-11-08 13:20:36,974 [INFO]  Epoch[0] Train-num_of_pendown14-accuracy=0.000000
2023-11-08 13:20:36,974 [INFO]  Epoch[0] Time cost=0.013
2023-11-08 13:20:36,976 [INFO]  Saved checkpoint to "./imputer_model/imputer_model_num_of_pendown14/model-0000.params"
2023-11-08 13:20:36,977 [INFO]  Epoch[0] Validation-cross-entropy=25.899742
2023-11-08 13:20:36,977 [INFO]  Epoch[0] Validation-num_of_pendown14-accuracy=0.000000
2023-11-08 13:20:36,983 [INFO]  Epoch[1] Batch [0-4]	Speed: 15032.51 samples/sec	cross-entropy=40.638026	num_of_pendown14-accuracy=0.000000
2023-11-08 13:20:36,986 [INFO]  Epoch[1] Train-cross-entropy=29.017534
2023-11-08 13:20:36,986 [INFO]  Epoch[1] Train-num_of_pendown14-accuracy=0.000000
2023-11-08 13:20:36,986 [INFO]  Epoch[1] Time cost=0.009
2023-11-08 13:20:36,988 [INFO]  Saved checkpoint to "./imputer_model/imputer_model_num_of_pendown14/model-0001.params"
2023-11-08 13:20:36,988 [INFO]  Epoch[1] Validation-cross-entropy=13.316881
2023-11-08 13:20:36,988 [INFO]  Epoch[1] Validation-num_of_pendown14-accuracy=0.000000
2023-11-08 13:20:36,992 [INFO]  Epoch[2] Batch [0-4]	Speed: 20909.45 samples/sec	cross-entropy=5.077330	num_of_pendown14-accuracy=0.000000
2023-11-08 13:20:36,995 [INFO]  Epoch[2] Train-cross-entropy=4.958449
2023-11-08 13:20:36,995 [INFO]  Epoch[2] Train-num_of_pendown14-accuracy=0.000000
2023-11-08 13:20:36,995 [INFO]  Epoch[2] Time cost=0.007
2023-11-08 13:20:36,996 [INFO]  Saved checkpoint to "./imputer_model/imputer_model_num_of_pendown14/model-0002.params"
2023-11-08 13:20:36,997 [INFO]  Epoch[2] Validation-cross-entropy=24.881691
2023-11-08 13:20:36,997 [INFO]  Epoch[2] Validation-num_of_pendown14-accuracy=0.000000
2023-11-08 13:20:37,001 [INFO]  Epoch[3] Batch [0-4]	Speed: 19736.45 samples/sec	cross-entropy=3.992878	num_of_pendown14-accuracy=0.000000
2023-11-08 13:20:37,003 [INFO]  Epoch[3] Train-cross-entropy=3.806202
2023-11-08 13:20:37,004 [INFO]  Epoch[3] Train-num_of_pendown14-accuracy=0.000000
2023-11-08 13:20:37,004 [INFO]  Epoch[3] Time cost=0.007
2023-11-08 13:20:37,005 [INFO]  Saved checkpoint to "./imputer_model/imputer_model_num_of_pendown14/model-0003.params"
2023-11-08 13:20:37,005 [INFO]  Epoch[3] Validation-cross-entropy=24.445316
2023-11-08 13:20:37,005 [INFO]  Epoch[3] Validation-num_of_pendown14-accuracy=0.000000
2023-11-08 13:20:37,010 [INFO]  Epoch[4] Batch [0-4]	Speed: 17809.03 samples/sec	cross-entropy=1.890755	num_of_pendown14-accuracy=0.000000
2023-11-08 13:20:37,013 [INFO]  Epoch[4] Train-cross-entropy=1.399855
2023-11-08 13:20:37,013 [INFO]  Epoch[4] Train-num_of_pendown14-accuracy=0.000000
2023-11-08 13:20:37,013 [INFO]  Epoch[4] Time cost=0.007
2023-11-08 13:20:37,014 [INFO]  Saved checkpoint to "./imputer_model/imputer_model_num_of_pendown14/model-0004.params"
2023-11-08 13:20:37,014 [INFO]  Epoch[4] Validation-cross-entropy=25.559990
2023-11-08 13:20:37,014 [INFO]  Epoch[4] Validation-num_of_pendown14-accuracy=0.000000
2023-11-08 13:20:37,014 [INFO]  
========== done (0.05388450622558594 s) fit model
2023-11-08 13:33:57,618 [INFO]  
========== start: fit model
2023-11-08 13:33:57,618 [WARNING]  Already bound, ignoring bind()
2023-11-08 13:33:57,627 [INFO]  Epoch[0] Batch [0-4]	Speed: 10105.62 samples/sec	cross-entropy=22.802333	num_of_pendown14-accuracy=0.000000
2023-11-08 13:33:57,632 [INFO]  Epoch[0] Train-cross-entropy=24.158825
2023-11-08 13:33:57,632 [INFO]  Epoch[0] Train-num_of_pendown14-accuracy=0.000000
2023-11-08 13:33:57,632 [INFO]  Epoch[0] Time cost=0.014
2023-11-08 13:33:57,634 [INFO]  Saved checkpoint to "./imputer_model/imputer_model_num_of_pendown14/model-0000.params"
2023-11-08 13:33:57,635 [INFO]  Epoch[0] Validation-cross-entropy=9.055288
2023-11-08 13:33:57,635 [INFO]  Epoch[0] Validation-num_of_pendown14-accuracy=0.000000
2023-11-08 13:33:57,642 [INFO]  Epoch[1] Batch [0-4]	Speed: 12094.96 samples/sec	cross-entropy=44.616087	num_of_pendown14-accuracy=0.000000
2023-11-08 13:33:57,646 [INFO]  Epoch[1] Train-cross-entropy=35.261543
2023-11-08 13:33:57,646 [INFO]  Epoch[1] Train-num_of_pendown14-accuracy=0.000000
2023-11-08 13:33:57,646 [INFO]  Epoch[1] Time cost=0.011
2023-11-08 13:33:57,648 [INFO]  Saved checkpoint to "./imputer_model/imputer_model_num_of_pendown14/model-0001.params"
2023-11-08 13:33:57,649 [INFO]  Epoch[1] Validation-cross-entropy=9.088930
2023-11-08 13:33:57,649 [INFO]  Epoch[1] Validation-num_of_pendown14-accuracy=0.000000
2023-11-08 13:33:57,655 [INFO]  Epoch[2] Batch [0-4]	Speed: 14044.65 samples/sec	cross-entropy=7.349533	num_of_pendown14-accuracy=0.000000
2023-11-08 13:33:57,659 [INFO]  Epoch[2] Train-cross-entropy=6.630169
2023-11-08 13:33:57,659 [INFO]  Epoch[2] Train-num_of_pendown14-accuracy=0.000000
2023-11-08 13:33:57,660 [INFO]  Epoch[2] Time cost=0.011
2023-11-08 13:33:57,663 [INFO]  Saved checkpoint to "./imputer_model/imputer_model_num_of_pendown14/model-0002.params"
2023-11-08 13:33:57,664 [INFO]  Epoch[2] Validation-cross-entropy=15.634032
2023-11-08 13:33:57,664 [INFO]  Epoch[2] Validation-num_of_pendown14-accuracy=0.000000
2023-11-08 13:33:57,672 [INFO]  Epoch[3] Batch [0-4]	Speed: 10848.95 samples/sec	cross-entropy=5.872057	num_of_pendown14-accuracy=0.000000
2023-11-08 13:33:57,675 [INFO]  Epoch[3] Train-cross-entropy=4.593254
2023-11-08 13:33:57,675 [INFO]  Epoch[3] Train-num_of_pendown14-accuracy=0.000000
2023-11-08 13:33:57,675 [INFO]  Epoch[3] Time cost=0.012
2023-11-08 13:33:57,677 [INFO]  Saved checkpoint to "./imputer_model/imputer_model_num_of_pendown14/model-0003.params"
2023-11-08 13:33:57,678 [INFO]  Epoch[3] Validation-cross-entropy=10.123146
2023-11-08 13:33:57,678 [INFO]  Epoch[3] Validation-num_of_pendown14-accuracy=0.000000
2023-11-08 13:33:57,684 [INFO]  Epoch[4] Batch [0-4]	Speed: 14112.58 samples/sec	cross-entropy=2.075607	num_of_pendown14-accuracy=0.000000
2023-11-08 13:33:57,688 [INFO]  Epoch[4] Train-cross-entropy=1.603514
2023-11-08 13:33:57,688 [INFO]  Epoch[4] Train-num_of_pendown14-accuracy=0.000000
2023-11-08 13:33:57,688 [INFO]  Epoch[4] Time cost=0.010
2023-11-08 13:33:57,689 [INFO]  Saved checkpoint to "./imputer_model/imputer_model_num_of_pendown14/model-0004.params"
2023-11-08 13:33:57,690 [INFO]  Epoch[4] Validation-cross-entropy=9.744347
2023-11-08 13:33:57,690 [INFO]  Epoch[4] Validation-num_of_pendown14-accuracy=0.000000
2023-11-08 13:33:57,690 [INFO]  
========== done (0.07247543334960938 s) fit model
2023-11-08 13:47:17,440 [INFO]  
========== start: fit model
2023-11-08 13:47:17,440 [WARNING]  Already bound, ignoring bind()
2023-11-08 13:47:17,447 [INFO]  Epoch[0] Batch [0-4]	Speed: 14069.68 samples/sec	cross-entropy=18.486687	num_of_pendown14-accuracy=0.000000
2023-11-08 13:47:17,451 [INFO]  Epoch[0] Train-cross-entropy=20.337294
2023-11-08 13:47:17,451 [INFO]  Epoch[0] Train-num_of_pendown14-accuracy=0.000000
2023-11-08 13:47:17,451 [INFO]  Epoch[0] Time cost=0.010
2023-11-08 13:47:17,452 [INFO]  Saved checkpoint to "./imputer_model/imputer_model_num_of_pendown14/model-0000.params"
2023-11-08 13:47:17,453 [INFO]  Epoch[0] Validation-cross-entropy=30.508314
2023-11-08 13:47:17,453 [INFO]  Epoch[0] Validation-num_of_pendown14-accuracy=0.000000
2023-11-08 13:47:17,459 [INFO]  Epoch[1] Batch [0-4]	Speed: 11847.27 samples/sec	cross-entropy=33.051782	num_of_pendown14-accuracy=0.000000
2023-11-08 13:47:17,464 [INFO]  Epoch[1] Train-cross-entropy=24.457878
2023-11-08 13:47:17,464 [INFO]  Epoch[1] Train-num_of_pendown14-accuracy=0.000000
2023-11-08 13:47:17,464 [INFO]  Epoch[1] Time cost=0.011
2023-11-08 13:47:17,467 [INFO]  Saved checkpoint to "./imputer_model/imputer_model_num_of_pendown14/model-0001.params"
2023-11-08 13:47:17,467 [INFO]  Epoch[1] Validation-cross-entropy=18.068323
2023-11-08 13:47:17,468 [INFO]  Epoch[1] Validation-num_of_pendown14-accuracy=0.000000
2023-11-08 13:47:17,473 [INFO]  Epoch[2] Batch [0-4]	Speed: 17017.59 samples/sec	cross-entropy=3.519229	num_of_pendown14-accuracy=0.000000
2023-11-08 13:47:17,475 [INFO]  Epoch[2] Train-cross-entropy=2.944495
2023-11-08 13:47:17,475 [INFO]  Epoch[2] Train-num_of_pendown14-accuracy=0.000000
2023-11-08 13:47:17,476 [INFO]  Epoch[2] Time cost=0.008
2023-11-08 13:47:17,477 [INFO]  Saved checkpoint to "./imputer_model/imputer_model_num_of_pendown14/model-0002.params"
2023-11-08 13:47:17,478 [INFO]  Epoch[2] Validation-cross-entropy=23.290007
2023-11-08 13:47:17,478 [INFO]  Epoch[2] Validation-num_of_pendown14-accuracy=0.000000
2023-11-08 13:47:17,482 [INFO]  Epoch[3] Batch [0-4]	Speed: 18972.04 samples/sec	cross-entropy=3.044888	num_of_pendown14-accuracy=0.000000
2023-11-08 13:47:17,485 [INFO]  Epoch[3] Train-cross-entropy=2.999653
2023-11-08 13:47:17,485 [INFO]  Epoch[3] Train-num_of_pendown14-accuracy=0.000000
2023-11-08 13:47:17,485 [INFO]  Epoch[3] Time cost=0.007
2023-11-08 13:47:17,486 [INFO]  Saved checkpoint to "./imputer_model/imputer_model_num_of_pendown14/model-0003.params"
2023-11-08 13:47:17,487 [INFO]  Epoch[3] Validation-cross-entropy=22.434784
2023-11-08 13:47:17,487 [INFO]  Epoch[3] Validation-num_of_pendown14-accuracy=0.000000
2023-11-08 13:47:17,491 [INFO]  Epoch[4] Batch [0-4]	Speed: 19526.84 samples/sec	cross-entropy=1.274112	num_of_pendown14-accuracy=0.000000
2023-11-08 13:47:17,494 [INFO]  Epoch[4] Train-cross-entropy=1.510163
2023-11-08 13:47:17,494 [INFO]  Epoch[4] Train-num_of_pendown14-accuracy=0.000000
2023-11-08 13:47:17,494 [INFO]  Epoch[4] Time cost=0.007
2023-11-08 13:47:17,495 [INFO]  Saved checkpoint to "./imputer_model/imputer_model_num_of_pendown14/model-0004.params"
2023-11-08 13:47:17,495 [INFO]  Epoch[4] Validation-cross-entropy=22.231007
2023-11-08 13:47:17,495 [INFO]  Epoch[4] Validation-num_of_pendown14-accuracy=0.000000
2023-11-08 13:47:17,495 [INFO]  
========== done (0.055335044860839844 s) fit model
2023-11-08 14:00:40,099 [INFO]  
========== start: fit model
2023-11-08 14:00:40,099 [WARNING]  Already bound, ignoring bind()
2023-11-08 14:00:40,106 [INFO]  Epoch[0] Batch [0-4]	Speed: 13785.01 samples/sec	cross-entropy=23.496796	num_of_pendown14-accuracy=4.400000
2023-11-08 14:00:40,110 [INFO]  Epoch[0] Train-cross-entropy=23.598202
2023-11-08 14:00:40,111 [INFO]  Epoch[0] Train-num_of_pendown14-accuracy=3.750000
2023-11-08 14:00:40,111 [INFO]  Epoch[0] Time cost=0.011
2023-11-08 14:00:40,114 [INFO]  Saved checkpoint to "./imputer_model/imputer_model_num_of_pendown14/model-0000.params"
2023-11-08 14:00:40,115 [INFO]  Epoch[0] Validation-cross-entropy=22.638634
2023-11-08 14:00:40,115 [INFO]  Epoch[0] Validation-num_of_pendown14-accuracy=0.000000
2023-11-08 14:00:40,123 [INFO]  Epoch[1] Batch [0-4]	Speed: 11159.24 samples/sec	cross-entropy=54.754696	num_of_pendown14-accuracy=4.400000
2023-11-08 14:00:40,127 [INFO]  Epoch[1] Train-cross-entropy=45.287356
2023-11-08 14:00:40,127 [INFO]  Epoch[1] Train-num_of_pendown14-accuracy=3.750000
2023-11-08 14:00:40,127 [INFO]  Epoch[1] Time cost=0.012
2023-11-08 14:00:40,130 [INFO]  Saved checkpoint to "./imputer_model/imputer_model_num_of_pendown14/model-0001.params"
2023-11-08 14:00:40,131 [INFO]  Epoch[1] Validation-cross-entropy=8.957058
2023-11-08 14:00:40,131 [INFO]  Epoch[1] Validation-num_of_pendown14-accuracy=0.000000
2023-11-08 14:00:40,137 [INFO]  Epoch[2] Batch [0-4]	Speed: 12587.83 samples/sec	cross-entropy=15.016794	num_of_pendown14-accuracy=4.400000
2023-11-08 14:00:40,141 [INFO]  Epoch[2] Train-cross-entropy=18.845214
2023-11-08 14:00:40,141 [INFO]  Epoch[2] Train-num_of_pendown14-accuracy=3.750000
2023-11-08 14:00:40,141 [INFO]  Epoch[2] Time cost=0.011
2023-11-08 14:00:40,143 [INFO]  Saved checkpoint to "./imputer_model/imputer_model_num_of_pendown14/model-0002.params"
2023-11-08 14:00:40,144 [INFO]  Epoch[2] Validation-cross-entropy=16.242659
2023-11-08 14:00:40,144 [INFO]  Epoch[2] Validation-num_of_pendown14-accuracy=0.000000
2023-11-08 14:00:40,150 [INFO]  Epoch[3] Batch [0-4]	Speed: 13347.03 samples/sec	cross-entropy=2.714649	num_of_pendown14-accuracy=4.400000
2023-11-08 14:00:40,154 [INFO]  Epoch[3] Train-cross-entropy=3.217619
2023-11-08 14:00:40,154 [INFO]  Epoch[3] Train-num_of_pendown14-accuracy=3.750000
2023-11-08 14:00:40,154 [INFO]  Epoch[3] Time cost=0.010
2023-11-08 14:00:40,155 [INFO]  Saved checkpoint to "./imputer_model/imputer_model_num_of_pendown14/model-0003.params"
2023-11-08 14:00:40,156 [INFO]  Epoch[3] Validation-cross-entropy=10.525776
2023-11-08 14:00:40,156 [INFO]  Epoch[3] Validation-num_of_pendown14-accuracy=0.000000
2023-11-08 14:00:40,162 [INFO]  Epoch[4] Batch [0-4]	Speed: 13900.65 samples/sec	cross-entropy=3.895494	num_of_pendown14-accuracy=4.400000
2023-11-08 14:00:40,165 [INFO]  Epoch[4] Train-cross-entropy=3.073731
2023-11-08 14:00:40,165 [INFO]  Epoch[4] Train-num_of_pendown14-accuracy=3.750000
2023-11-08 14:00:40,165 [INFO]  Epoch[4] Time cost=0.009
2023-11-08 14:00:40,167 [INFO]  Saved checkpoint to "./imputer_model/imputer_model_num_of_pendown14/model-0004.params"
2023-11-08 14:00:40,167 [INFO]  Epoch[4] Validation-cross-entropy=5.534058
2023-11-08 14:00:40,167 [INFO]  Epoch[4] Validation-num_of_pendown14-accuracy=0.000000
2023-11-08 14:00:40,168 [INFO]  
========== done (0.06899881362915039 s) fit model
2023-11-08 14:14:05,617 [INFO]  
========== start: fit model
2023-11-08 14:14:05,617 [WARNING]  Already bound, ignoring bind()
2023-11-08 14:14:05,625 [INFO]  Epoch[0] Batch [0-4]	Speed: 12428.72 samples/sec	cross-entropy=25.847500	num_of_pendown14-accuracy=3.800000
2023-11-08 14:14:05,630 [INFO]  Epoch[0] Train-cross-entropy=27.454057
2023-11-08 14:14:05,630 [INFO]  Epoch[0] Train-num_of_pendown14-accuracy=3.625000
2023-11-08 14:14:05,630 [INFO]  Epoch[0] Time cost=0.012
2023-11-08 14:14:05,633 [INFO]  Saved checkpoint to "./imputer_model/imputer_model_num_of_pendown14/model-0000.params"
2023-11-08 14:14:05,634 [INFO]  Epoch[0] Validation-cross-entropy=16.406122
2023-11-08 14:14:05,634 [INFO]  Epoch[0] Validation-num_of_pendown14-accuracy=0.000000
2023-11-08 14:14:05,642 [INFO]  Epoch[1] Batch [0-4]	Speed: 11037.19 samples/sec	cross-entropy=39.564729	num_of_pendown14-accuracy=3.800000
2023-11-08 14:14:05,646 [INFO]  Epoch[1] Train-cross-entropy=49.707533
2023-11-08 14:14:05,646 [INFO]  Epoch[1] Train-num_of_pendown14-accuracy=3.625000
2023-11-08 14:14:05,646 [INFO]  Epoch[1] Time cost=0.012
2023-11-08 14:14:05,648 [INFO]  Saved checkpoint to "./imputer_model/imputer_model_num_of_pendown14/model-0001.params"
2023-11-08 14:14:05,649 [INFO]  Epoch[1] Validation-cross-entropy=11.725075
2023-11-08 14:14:05,649 [INFO]  Epoch[1] Validation-num_of_pendown14-accuracy=0.000000
2023-11-08 14:14:05,655 [INFO]  Epoch[2] Batch [0-4]	Speed: 13740.55 samples/sec	cross-entropy=6.372230	num_of_pendown14-accuracy=3.800000
2023-11-08 14:14:05,659 [INFO]  Epoch[2] Train-cross-entropy=7.416219
2023-11-08 14:14:05,659 [INFO]  Epoch[2] Train-num_of_pendown14-accuracy=3.625000
2023-11-08 14:14:05,659 [INFO]  Epoch[2] Time cost=0.010
2023-11-08 14:14:05,660 [INFO]  Saved checkpoint to "./imputer_model/imputer_model_num_of_pendown14/model-0002.params"
2023-11-08 14:14:05,661 [INFO]  Epoch[2] Validation-cross-entropy=5.378434
2023-11-08 14:14:05,661 [INFO]  Epoch[2] Validation-num_of_pendown14-accuracy=0.000000
2023-11-08 14:14:05,667 [INFO]  Epoch[3] Batch [0-4]	Speed: 13908.57 samples/sec	cross-entropy=4.965365	num_of_pendown14-accuracy=3.800000
2023-11-08 14:14:05,670 [INFO]  Epoch[3] Train-cross-entropy=5.324467
2023-11-08 14:14:05,670 [INFO]  Epoch[3] Train-num_of_pendown14-accuracy=3.625000
2023-11-08 14:14:05,670 [INFO]  Epoch[3] Time cost=0.009
2023-11-08 14:14:05,672 [INFO]  Saved checkpoint to "./imputer_model/imputer_model_num_of_pendown14/model-0003.params"
2023-11-08 14:14:05,672 [INFO]  Epoch[3] Validation-cross-entropy=6.931909
2023-11-08 14:14:05,672 [INFO]  Epoch[3] Validation-num_of_pendown14-accuracy=0.000000
2023-11-08 14:14:05,678 [INFO]  Epoch[4] Batch [0-4]	Speed: 13921.56 samples/sec	cross-entropy=2.206516	num_of_pendown14-accuracy=3.800000
2023-11-08 14:14:05,682 [INFO]  Epoch[4] Train-cross-entropy=1.946325
2023-11-08 14:14:05,682 [INFO]  Epoch[4] Train-num_of_pendown14-accuracy=3.625000
2023-11-08 14:14:05,682 [INFO]  Epoch[4] Time cost=0.009
2023-11-08 14:14:05,683 [INFO]  Saved checkpoint to "./imputer_model/imputer_model_num_of_pendown14/model-0004.params"
2023-11-08 14:14:05,684 [INFO]  Epoch[4] Validation-cross-entropy=9.556070
2023-11-08 14:14:05,684 [INFO]  Epoch[4] Validation-num_of_pendown14-accuracy=0.000000
2023-11-08 14:14:05,684 [INFO]  
========== done (0.06687760353088379 s) fit model
2023-11-08 14:27:41,648 [INFO]  
========== start: fit model
2023-11-08 14:27:41,648 [WARNING]  Already bound, ignoring bind()
2023-11-08 14:27:41,655 [INFO]  Epoch[0] Batch [0-4]	Speed: 13786.42 samples/sec	cross-entropy=21.711145	num_of_pendown14-accuracy=3.800000
2023-11-08 14:27:41,659 [INFO]  Epoch[0] Train-cross-entropy=22.260239
2023-11-08 14:27:41,659 [INFO]  Epoch[0] Train-num_of_pendown14-accuracy=4.125000
2023-11-08 14:27:41,659 [INFO]  Epoch[0] Time cost=0.010
2023-11-08 14:27:41,660 [INFO]  Saved checkpoint to "./imputer_model/imputer_model_num_of_pendown14/model-0000.params"
2023-11-08 14:27:41,660 [INFO]  Epoch[0] Validation-cross-entropy=343.335754
2023-11-08 14:27:41,661 [INFO]  Epoch[0] Validation-num_of_pendown14-accuracy=0.000000
2023-11-08 14:27:41,666 [INFO]  Epoch[1] Batch [0-4]	Speed: 14539.10 samples/sec	cross-entropy=34.046782	num_of_pendown14-accuracy=3.800000
2023-11-08 14:27:41,670 [INFO]  Epoch[1] Train-cross-entropy=24.759013
2023-11-08 14:27:41,670 [INFO]  Epoch[1] Train-num_of_pendown14-accuracy=4.125000
2023-11-08 14:27:41,670 [INFO]  Epoch[1] Time cost=0.009
2023-11-08 14:27:41,671 [INFO]  Saved checkpoint to "./imputer_model/imputer_model_num_of_pendown14/model-0001.params"
2023-11-08 14:27:41,672 [INFO]  Epoch[1] Validation-cross-entropy=37.825184
2023-11-08 14:27:41,672 [INFO]  Epoch[1] Validation-num_of_pendown14-accuracy=0.000000
2023-11-08 14:27:41,677 [INFO]  Epoch[2] Batch [0-4]	Speed: 14549.35 samples/sec	cross-entropy=5.250198	num_of_pendown14-accuracy=3.800000
2023-11-08 14:27:41,681 [INFO]  Epoch[2] Train-cross-entropy=4.394124
2023-11-08 14:27:41,681 [INFO]  Epoch[2] Train-num_of_pendown14-accuracy=4.125000
2023-11-08 14:27:41,681 [INFO]  Epoch[2] Time cost=0.009
2023-11-08 14:27:41,682 [INFO]  Saved checkpoint to "./imputer_model/imputer_model_num_of_pendown14/model-0002.params"
2023-11-08 14:27:41,683 [INFO]  Epoch[2] Validation-cross-entropy=36.967728
2023-11-08 14:27:41,683 [INFO]  Epoch[2] Validation-num_of_pendown14-accuracy=0.000000
2023-11-08 14:27:41,688 [INFO]  Epoch[3] Batch [0-4]	Speed: 14639.80 samples/sec	cross-entropy=4.646021	num_of_pendown14-accuracy=3.800000
2023-11-08 14:27:41,692 [INFO]  Epoch[3] Train-cross-entropy=3.806531
2023-11-08 14:27:41,692 [INFO]  Epoch[3] Train-num_of_pendown14-accuracy=4.125000
2023-11-08 14:27:41,692 [INFO]  Epoch[3] Time cost=0.009
2023-11-08 14:27:41,693 [INFO]  Saved checkpoint to "./imputer_model/imputer_model_num_of_pendown14/model-0003.params"
2023-11-08 14:27:41,694 [INFO]  Epoch[3] Validation-cross-entropy=50.549297
2023-11-08 14:27:41,694 [INFO]  Epoch[3] Validation-num_of_pendown14-accuracy=0.000000
2023-11-08 14:27:41,699 [INFO]  Epoch[4] Batch [0-4]	Speed: 15391.94 samples/sec	cross-entropy=1.410306	num_of_pendown14-accuracy=3.800000
2023-11-08 14:27:41,702 [INFO]  Epoch[4] Train-cross-entropy=1.388811
2023-11-08 14:27:41,702 [INFO]  Epoch[4] Train-num_of_pendown14-accuracy=4.125000
2023-11-08 14:27:41,702 [INFO]  Epoch[4] Time cost=0.008
2023-11-08 14:27:41,704 [INFO]  Saved checkpoint to "./imputer_model/imputer_model_num_of_pendown14/model-0004.params"
2023-11-08 14:27:41,704 [INFO]  Epoch[4] Validation-cross-entropy=32.124542
2023-11-08 14:27:41,704 [INFO]  Epoch[4] Validation-num_of_pendown14-accuracy=0.000000
2023-11-08 14:27:41,704 [INFO]  
========== done (0.05614304542541504 s) fit model
2023-11-08 14:41:43,833 [INFO]  
========== start: fit model
2023-11-08 14:41:43,833 [WARNING]  Already bound, ignoring bind()
2023-11-08 14:41:43,842 [INFO]  Epoch[0] Batch [0-4]	Speed: 9540.30 samples/sec	cross-entropy=21.218115	num_of_pendown14-accuracy=4.000000
2023-11-08 14:41:43,847 [INFO]  Epoch[0] Train-cross-entropy=22.738158
2023-11-08 14:41:43,847 [INFO]  Epoch[0] Train-num_of_pendown14-accuracy=3.625000
2023-11-08 14:41:43,848 [INFO]  Epoch[0] Time cost=0.014
2023-11-08 14:41:43,851 [INFO]  Saved checkpoint to "./imputer_model/imputer_model_num_of_pendown14/model-0000.params"
2023-11-08 14:41:43,852 [INFO]  Epoch[0] Validation-cross-entropy=20.405638
2023-11-08 14:41:43,852 [INFO]  Epoch[0] Validation-num_of_pendown14-accuracy=0.000000
2023-11-08 14:41:43,859 [INFO]  Epoch[1] Batch [0-4]	Speed: 12135.97 samples/sec	cross-entropy=38.713377	num_of_pendown14-accuracy=4.000000
2023-11-08 14:41:43,863 [INFO]  Epoch[1] Train-cross-entropy=28.864157
2023-11-08 14:41:43,864 [INFO]  Epoch[1] Train-num_of_pendown14-accuracy=3.625000
2023-11-08 14:41:43,864 [INFO]  Epoch[1] Time cost=0.011
2023-11-08 14:41:43,866 [INFO]  Saved checkpoint to "./imputer_model/imputer_model_num_of_pendown14/model-0001.params"
2023-11-08 14:41:43,866 [INFO]  Epoch[1] Validation-cross-entropy=9.474066
2023-11-08 14:41:43,866 [INFO]  Epoch[1] Validation-num_of_pendown14-accuracy=0.000000
2023-11-08 14:41:43,873 [INFO]  Epoch[2] Batch [0-4]	Speed: 13437.90 samples/sec	cross-entropy=3.228805	num_of_pendown14-accuracy=4.000000
2023-11-08 14:41:43,876 [INFO]  Epoch[2] Train-cross-entropy=4.003586
2023-11-08 14:41:43,876 [INFO]  Epoch[2] Train-num_of_pendown14-accuracy=3.625000
2023-11-08 14:41:43,876 [INFO]  Epoch[2] Time cost=0.010
2023-11-08 14:41:43,878 [INFO]  Saved checkpoint to "./imputer_model/imputer_model_num_of_pendown14/model-0002.params"
2023-11-08 14:41:43,879 [INFO]  Epoch[2] Validation-cross-entropy=7.701494
2023-11-08 14:41:43,879 [INFO]  Epoch[2] Validation-num_of_pendown14-accuracy=0.000000
2023-11-08 14:41:43,884 [INFO]  Epoch[3] Batch [0-4]	Speed: 14122.24 samples/sec	cross-entropy=2.810875	num_of_pendown14-accuracy=4.000000
2023-11-08 14:41:43,888 [INFO]  Epoch[3] Train-cross-entropy=2.238057
2023-11-08 14:41:43,888 [INFO]  Epoch[3] Train-num_of_pendown14-accuracy=3.625000
2023-11-08 14:41:43,888 [INFO]  Epoch[3] Time cost=0.009
2023-11-08 14:41:43,889 [INFO]  Saved checkpoint to "./imputer_model/imputer_model_num_of_pendown14/model-0003.params"
2023-11-08 14:41:43,890 [INFO]  Epoch[3] Validation-cross-entropy=7.782002
2023-11-08 14:41:43,890 [INFO]  Epoch[3] Validation-num_of_pendown14-accuracy=0.000000
2023-11-08 14:41:43,896 [INFO]  Epoch[4] Batch [0-4]	Speed: 14214.97 samples/sec	cross-entropy=1.047104	num_of_pendown14-accuracy=4.000000
2023-11-08 14:41:43,900 [INFO]  Epoch[4] Train-cross-entropy=0.918254
2023-11-08 14:41:43,900 [INFO]  Epoch[4] Train-num_of_pendown14-accuracy=3.625000
2023-11-08 14:41:43,900 [INFO]  Epoch[4] Time cost=0.010
2023-11-08 14:41:43,901 [INFO]  Saved checkpoint to "./imputer_model/imputer_model_num_of_pendown14/model-0004.params"
2023-11-08 14:41:43,902 [INFO]  Epoch[4] Validation-cross-entropy=6.875313
2023-11-08 14:41:43,902 [INFO]  Epoch[4] Validation-num_of_pendown14-accuracy=0.000000
2023-11-08 14:41:43,902 [INFO]  
========== done (0.06921529769897461 s) fit model
2023-11-08 14:55:48,685 [INFO]  
========== start: fit model
2023-11-08 14:55:48,685 [WARNING]  Already bound, ignoring bind()
2023-11-08 14:55:48,695 [INFO]  Epoch[0] Batch [0-4]	Speed: 9525.74 samples/sec	cross-entropy=21.052496	num_of_pendown14-accuracy=0.000000
2023-11-08 14:55:48,700 [INFO]  Epoch[0] Train-cross-entropy=17.701632
2023-11-08 14:55:48,700 [INFO]  Epoch[0] Train-num_of_pendown14-accuracy=0.000000
2023-11-08 14:55:48,700 [INFO]  Epoch[0] Time cost=0.014
2023-11-08 14:55:48,703 [INFO]  Saved checkpoint to "./imputer_model/imputer_model_num_of_pendown14/model-0000.params"
2023-11-08 14:55:48,704 [INFO]  Epoch[0] Validation-cross-entropy=8.117938
2023-11-08 14:55:48,704 [INFO]  Epoch[0] Validation-num_of_pendown14-accuracy=0.000000
2023-11-08 14:55:48,711 [INFO]  Epoch[1] Batch [0-4]	Speed: 12425.84 samples/sec	cross-entropy=30.161914	num_of_pendown14-accuracy=0.000000
2023-11-08 14:55:48,715 [INFO]  Epoch[1] Train-cross-entropy=27.810982
2023-11-08 14:55:48,715 [INFO]  Epoch[1] Train-num_of_pendown14-accuracy=0.000000
2023-11-08 14:55:48,715 [INFO]  Epoch[1] Time cost=0.011
2023-11-08 14:55:48,717 [INFO]  Saved checkpoint to "./imputer_model/imputer_model_num_of_pendown14/model-0001.params"
2023-11-08 14:55:48,718 [INFO]  Epoch[1] Validation-cross-entropy=13.630559
2023-11-08 14:55:48,718 [INFO]  Epoch[1] Validation-num_of_pendown14-accuracy=0.000000
2023-11-08 14:55:48,724 [INFO]  Epoch[2] Batch [0-4]	Speed: 13753.23 samples/sec	cross-entropy=5.846916	num_of_pendown14-accuracy=0.000000
2023-11-08 14:55:48,727 [INFO]  Epoch[2] Train-cross-entropy=8.917587
2023-11-08 14:55:48,727 [INFO]  Epoch[2] Train-num_of_pendown14-accuracy=0.000000
2023-11-08 14:55:48,727 [INFO]  Epoch[2] Time cost=0.010
2023-11-08 14:55:48,729 [INFO]  Saved checkpoint to "./imputer_model/imputer_model_num_of_pendown14/model-0002.params"
2023-11-08 14:55:48,730 [INFO]  Epoch[2] Validation-cross-entropy=7.182998
2023-11-08 14:55:48,730 [INFO]  Epoch[2] Validation-num_of_pendown14-accuracy=0.000000
2023-11-08 14:55:48,735 [INFO]  Epoch[3] Batch [0-4]	Speed: 14595.23 samples/sec	cross-entropy=4.531259	num_of_pendown14-accuracy=0.000000
2023-11-08 14:55:48,739 [INFO]  Epoch[3] Train-cross-entropy=3.571054
2023-11-08 14:55:48,739 [INFO]  Epoch[3] Train-num_of_pendown14-accuracy=0.000000
2023-11-08 14:55:48,739 [INFO]  Epoch[3] Time cost=0.009
2023-11-08 14:55:48,740 [INFO]  Saved checkpoint to "./imputer_model/imputer_model_num_of_pendown14/model-0003.params"
2023-11-08 14:55:48,741 [INFO]  Epoch[3] Validation-cross-entropy=12.028284
2023-11-08 14:55:48,741 [INFO]  Epoch[3] Validation-num_of_pendown14-accuracy=0.000000
2023-11-08 14:55:48,746 [INFO]  Epoch[4] Batch [0-4]	Speed: 15641.27 samples/sec	cross-entropy=1.615811	num_of_pendown14-accuracy=0.000000
2023-11-08 14:55:48,749 [INFO]  Epoch[4] Train-cross-entropy=1.266879
2023-11-08 14:55:48,750 [INFO]  Epoch[4] Train-num_of_pendown14-accuracy=0.000000
2023-11-08 14:55:48,750 [INFO]  Epoch[4] Time cost=0.008
2023-11-08 14:55:48,751 [INFO]  Saved checkpoint to "./imputer_model/imputer_model_num_of_pendown14/model-0004.params"
2023-11-08 14:55:48,752 [INFO]  Epoch[4] Validation-cross-entropy=6.702176
2023-11-08 14:55:48,752 [INFO]  Epoch[4] Validation-num_of_pendown14-accuracy=0.000000
2023-11-08 14:55:48,752 [INFO]  
========== done (0.06649947166442871 s) fit model
