2023-11-08 12:50:49,958 [INFO]  
========== start: fit model
2023-11-08 12:50:49,959 [WARNING]  Already bound, ignoring bind()
2023-11-08 12:50:49,969 [INFO]  Epoch[0] Batch [0-4]	Speed: 11207.23 samples/sec	cross-entropy=26.651067	num_of_pendown21-accuracy=0.000000
2023-11-08 12:50:49,997 [INFO]  Epoch[0] Train-cross-entropy=26.516289
2023-11-08 12:50:49,998 [INFO]  Epoch[0] Train-num_of_pendown21-accuracy=0.000000
2023-11-08 12:50:49,998 [INFO]  Epoch[0] Time cost=0.037
2023-11-08 12:50:50,001 [INFO]  Saved checkpoint to "./imputer_model/imputer_model_num_of_pendown21/model-0000.params"
2023-11-08 12:50:50,025 [INFO]  Epoch[0] Validation-cross-entropy=47.942356
2023-11-08 12:50:50,026 [INFO]  Epoch[0] Validation-num_of_pendown21-accuracy=0.000000
2023-11-08 12:50:50,039 [INFO]  Epoch[1] Batch [0-4]	Speed: 5964.04 samples/sec	cross-entropy=71.916408	num_of_pendown21-accuracy=0.000000
2023-11-08 12:50:50,047 [INFO]  Epoch[1] Train-cross-entropy=53.752917
2023-11-08 12:50:50,048 [INFO]  Epoch[1] Train-num_of_pendown21-accuracy=0.000000
2023-11-08 12:50:50,048 [INFO]  Epoch[1] Time cost=0.022
2023-11-08 12:50:50,051 [INFO]  Saved checkpoint to "./imputer_model/imputer_model_num_of_pendown21/model-0001.params"
2023-11-08 12:50:50,052 [INFO]  Epoch[1] Validation-cross-entropy=21.720161
2023-11-08 12:50:50,052 [INFO]  Epoch[1] Validation-num_of_pendown21-accuracy=0.000000
2023-11-08 12:50:50,138 [INFO]  Epoch[2] Batch [0-4]	Speed: 812.08 samples/sec	cross-entropy=8.069979	num_of_pendown21-accuracy=0.000000
2023-11-08 12:50:50,183 [INFO]  Epoch[2] Train-cross-entropy=6.569090
2023-11-08 12:50:50,183 [INFO]  Epoch[2] Train-num_of_pendown21-accuracy=0.000000
2023-11-08 12:50:50,183 [INFO]  Epoch[2] Time cost=0.131
2023-11-08 12:50:50,186 [INFO]  Saved checkpoint to "./imputer_model/imputer_model_num_of_pendown21/model-0002.params"
2023-11-08 12:50:50,236 [INFO]  Epoch[2] Validation-cross-entropy=18.943893
2023-11-08 12:50:50,237 [INFO]  Epoch[2] Validation-num_of_pendown21-accuracy=0.000000
2023-11-08 12:50:50,244 [INFO]  Epoch[3] Batch [0-4]	Speed: 11856.17 samples/sec	cross-entropy=10.346718	num_of_pendown21-accuracy=0.000000
2023-11-08 12:50:50,249 [INFO]  Epoch[3] Train-cross-entropy=7.073499
2023-11-08 12:50:50,249 [INFO]  Epoch[3] Train-num_of_pendown21-accuracy=0.000000
2023-11-08 12:50:50,249 [INFO]  Epoch[3] Time cost=0.012
2023-11-08 12:50:50,253 [INFO]  Saved checkpoint to "./imputer_model/imputer_model_num_of_pendown21/model-0003.params"
2023-11-08 12:50:50,387 [INFO]  Epoch[3] Validation-cross-entropy=12.915309
2023-11-08 12:50:50,387 [INFO]  Epoch[3] Validation-num_of_pendown21-accuracy=0.000000
2023-11-08 12:50:50,400 [INFO]  Epoch[4] Batch [0-4]	Speed: 12034.77 samples/sec	cross-entropy=3.117115	num_of_pendown21-accuracy=0.000000
2023-11-08 12:50:50,404 [INFO]  Epoch[4] Train-cross-entropy=2.211727
2023-11-08 12:50:50,404 [INFO]  Epoch[4] Train-num_of_pendown21-accuracy=0.000000
2023-11-08 12:50:50,405 [INFO]  Epoch[4] Time cost=0.018
2023-11-08 12:50:50,406 [INFO]  Saved checkpoint to "./imputer_model/imputer_model_num_of_pendown21/model-0004.params"
2023-11-08 12:50:50,407 [INFO]  Epoch[4] Validation-cross-entropy=13.700733
2023-11-08 12:50:50,407 [INFO]  Epoch[4] Validation-num_of_pendown21-accuracy=0.000000
2023-11-08 12:50:50,407 [INFO]  
========== done (0.4485054016113281 s) fit model
2023-11-08 13:09:12,786 [INFO]  
========== start: fit model
2023-11-08 13:09:12,805 [WARNING]  Already bound, ignoring bind()
2023-11-08 13:09:12,812 [INFO]  Epoch[0] Batch [0-4]	Speed: 12607.93 samples/sec	cross-entropy=22.157390	num_of_pendown21-accuracy=3.400000
2023-11-08 13:09:12,817 [INFO]  Epoch[0] Train-cross-entropy=21.357783
2023-11-08 13:09:12,817 [INFO]  Epoch[0] Train-num_of_pendown21-accuracy=2.875000
2023-11-08 13:09:12,817 [INFO]  Epoch[0] Time cost=0.011
2023-11-08 13:09:12,818 [INFO]  Saved checkpoint to "./imputer_model/imputer_model_num_of_pendown21/model-0000.params"
2023-11-08 13:09:12,819 [INFO]  Epoch[0] Validation-cross-entropy=9.839827
2023-11-08 13:09:12,819 [INFO]  Epoch[0] Validation-num_of_pendown21-accuracy=0.000000
2023-11-08 13:09:12,826 [INFO]  Epoch[1] Batch [0-4]	Speed: 12732.92 samples/sec	cross-entropy=42.647972	num_of_pendown21-accuracy=3.400000
2023-11-08 13:09:12,829 [INFO]  Epoch[1] Train-cross-entropy=32.021370
2023-11-08 13:09:12,830 [INFO]  Epoch[1] Train-num_of_pendown21-accuracy=2.875000
2023-11-08 13:09:12,830 [INFO]  Epoch[1] Time cost=0.010
2023-11-08 13:09:12,831 [INFO]  Saved checkpoint to "./imputer_model/imputer_model_num_of_pendown21/model-0001.params"
2023-11-08 13:09:12,832 [INFO]  Epoch[1] Validation-cross-entropy=27.020990
2023-11-08 13:09:12,832 [INFO]  Epoch[1] Validation-num_of_pendown21-accuracy=0.000000
2023-11-08 13:09:12,838 [INFO]  Epoch[2] Batch [0-4]	Speed: 13747.59 samples/sec	cross-entropy=11.471320	num_of_pendown21-accuracy=3.400000
2023-11-08 13:09:12,841 [INFO]  Epoch[2] Train-cross-entropy=8.013847
2023-11-08 13:09:12,842 [INFO]  Epoch[2] Train-num_of_pendown21-accuracy=2.875000
2023-11-08 13:09:12,842 [INFO]  Epoch[2] Time cost=0.010
2023-11-08 13:09:12,843 [INFO]  Saved checkpoint to "./imputer_model/imputer_model_num_of_pendown21/model-0002.params"
2023-11-08 13:09:12,844 [INFO]  Epoch[2] Validation-cross-entropy=2.218201
2023-11-08 13:09:12,844 [INFO]  Epoch[2] Validation-num_of_pendown21-accuracy=0.000000
2023-11-08 13:09:12,852 [INFO]  Epoch[3] Batch [0-4]	Speed: 10764.98 samples/sec	cross-entropy=2.946204	num_of_pendown21-accuracy=3.400000
2023-11-08 13:09:12,856 [INFO]  Epoch[3] Train-cross-entropy=2.579713
2023-11-08 13:09:12,857 [INFO]  Epoch[3] Train-num_of_pendown21-accuracy=2.875000
2023-11-08 13:09:12,857 [INFO]  Epoch[3] Time cost=0.013
2023-11-08 13:09:12,874 [INFO]  Saved checkpoint to "./imputer_model/imputer_model_num_of_pendown21/model-0003.params"
2023-11-08 13:09:12,875 [INFO]  Epoch[3] Validation-cross-entropy=1.845584
2023-11-08 13:09:12,875 [INFO]  Epoch[3] Validation-num_of_pendown21-accuracy=0.000000
2023-11-08 13:09:12,884 [INFO]  Epoch[4] Batch [0-4]	Speed: 9391.77 samples/sec	cross-entropy=1.390303	num_of_pendown21-accuracy=3.400000
2023-11-08 13:09:12,889 [INFO]  Epoch[4] Train-cross-entropy=1.404078
2023-11-08 13:09:12,889 [INFO]  Epoch[4] Train-num_of_pendown21-accuracy=2.875000
2023-11-08 13:09:12,889 [INFO]  Epoch[4] Time cost=0.014
2023-11-08 13:09:12,892 [INFO]  Saved checkpoint to "./imputer_model/imputer_model_num_of_pendown21/model-0004.params"
2023-11-08 13:09:12,893 [INFO]  Epoch[4] Validation-cross-entropy=3.394048
2023-11-08 13:09:12,893 [INFO]  Epoch[4] Validation-num_of_pendown21-accuracy=0.000000
2023-11-08 13:09:12,893 [INFO]  
========== done (0.10736417770385742 s) fit model
2023-11-08 13:22:31,749 [INFO]  
========== start: fit model
2023-11-08 13:22:31,749 [WARNING]  Already bound, ignoring bind()
2023-11-08 13:22:31,756 [INFO]  Epoch[0] Batch [0-4]	Speed: 14006.55 samples/sec	cross-entropy=15.675237	num_of_pendown21-accuracy=2.600000
2023-11-08 13:22:31,759 [INFO]  Epoch[0] Train-cross-entropy=17.683908
2023-11-08 13:22:31,759 [INFO]  Epoch[0] Train-num_of_pendown21-accuracy=3.375000
2023-11-08 13:22:31,759 [INFO]  Epoch[0] Time cost=0.010
2023-11-08 13:22:31,761 [INFO]  Saved checkpoint to "./imputer_model/imputer_model_num_of_pendown21/model-0000.params"
2023-11-08 13:22:31,761 [INFO]  Epoch[0] Validation-cross-entropy=38.302303
2023-11-08 13:22:31,761 [INFO]  Epoch[0] Validation-num_of_pendown21-accuracy=0.000000
2023-11-08 13:22:31,767 [INFO]  Epoch[1] Batch [0-4]	Speed: 15489.64 samples/sec	cross-entropy=39.074134	num_of_pendown21-accuracy=2.600000
2023-11-08 13:22:31,772 [INFO]  Epoch[1] Train-cross-entropy=30.452740
2023-11-08 13:22:31,772 [INFO]  Epoch[1] Train-num_of_pendown21-accuracy=3.375000
2023-11-08 13:22:31,772 [INFO]  Epoch[1] Time cost=0.011
2023-11-08 13:22:31,775 [INFO]  Saved checkpoint to "./imputer_model/imputer_model_num_of_pendown21/model-0001.params"
2023-11-08 13:22:31,776 [INFO]  Epoch[1] Validation-cross-entropy=19.536566
2023-11-08 13:22:31,777 [INFO]  Epoch[1] Validation-num_of_pendown21-accuracy=0.000000
2023-11-08 13:22:31,784 [INFO]  Epoch[2] Batch [0-4]	Speed: 12130.48 samples/sec	cross-entropy=17.904823	num_of_pendown21-accuracy=2.600000
2023-11-08 13:22:31,787 [INFO]  Epoch[2] Train-cross-entropy=12.950381
2023-11-08 13:22:31,787 [INFO]  Epoch[2] Train-num_of_pendown21-accuracy=3.375000
2023-11-08 13:22:31,787 [INFO]  Epoch[2] Time cost=0.011
2023-11-08 13:22:31,790 [INFO]  Saved checkpoint to "./imputer_model/imputer_model_num_of_pendown21/model-0002.params"
2023-11-08 13:22:31,791 [INFO]  Epoch[2] Validation-cross-entropy=8.241252
2023-11-08 13:22:31,791 [INFO]  Epoch[2] Validation-num_of_pendown21-accuracy=0.000000
2023-11-08 13:22:31,796 [INFO]  Epoch[3] Batch [0-4]	Speed: 15109.50 samples/sec	cross-entropy=7.788534	num_of_pendown21-accuracy=2.600000
2023-11-08 13:22:31,800 [INFO]  Epoch[3] Train-cross-entropy=5.463249
2023-11-08 13:22:31,800 [INFO]  Epoch[3] Train-num_of_pendown21-accuracy=3.375000
2023-11-08 13:22:31,800 [INFO]  Epoch[3] Time cost=0.009
2023-11-08 13:22:31,802 [INFO]  Saved checkpoint to "./imputer_model/imputer_model_num_of_pendown21/model-0003.params"
2023-11-08 13:22:31,802 [INFO]  Epoch[3] Validation-cross-entropy=6.486710
2023-11-08 13:22:31,802 [INFO]  Epoch[3] Validation-num_of_pendown21-accuracy=0.000000
2023-11-08 13:22:31,810 [INFO]  Epoch[4] Batch [0-4]	Speed: 9144.14 samples/sec	cross-entropy=2.002381	num_of_pendown21-accuracy=2.600000
2023-11-08 13:22:31,814 [INFO]  Epoch[4] Train-cross-entropy=1.866105
2023-11-08 13:22:31,814 [INFO]  Epoch[4] Train-num_of_pendown21-accuracy=3.375000
2023-11-08 13:22:31,814 [INFO]  Epoch[4] Time cost=0.012
2023-11-08 13:22:31,816 [INFO]  Saved checkpoint to "./imputer_model/imputer_model_num_of_pendown21/model-0004.params"
2023-11-08 13:22:31,816 [INFO]  Epoch[4] Validation-cross-entropy=7.991255
2023-11-08 13:22:31,816 [INFO]  Epoch[4] Validation-num_of_pendown21-accuracy=0.000000
2023-11-08 13:22:31,816 [INFO]  
========== done (0.06736612319946289 s) fit model
2023-11-08 13:35:52,300 [INFO]  
========== start: fit model
2023-11-08 13:35:52,300 [WARNING]  Already bound, ignoring bind()
2023-11-08 13:35:52,307 [INFO]  Epoch[0] Batch [0-4]	Speed: 13852.59 samples/sec	cross-entropy=19.071937	num_of_pendown21-accuracy=0.000000
2023-11-08 13:35:52,312 [INFO]  Epoch[0] Train-cross-entropy=24.968340
2023-11-08 13:35:52,312 [INFO]  Epoch[0] Train-num_of_pendown21-accuracy=0.000000
2023-11-08 13:35:52,312 [INFO]  Epoch[0] Time cost=0.012
2023-11-08 13:35:52,315 [INFO]  Saved checkpoint to "./imputer_model/imputer_model_num_of_pendown21/model-0000.params"
2023-11-08 13:35:52,316 [INFO]  Epoch[0] Validation-cross-entropy=5.574013
2023-11-08 13:35:52,317 [INFO]  Epoch[0] Validation-num_of_pendown21-accuracy=0.000000
2023-11-08 13:35:52,324 [INFO]  Epoch[1] Batch [0-4]	Speed: 11576.48 samples/sec	cross-entropy=54.436131	num_of_pendown21-accuracy=0.000000
2023-11-08 13:35:52,328 [INFO]  Epoch[1] Train-cross-entropy=44.408584
2023-11-08 13:35:52,328 [INFO]  Epoch[1] Train-num_of_pendown21-accuracy=0.000000
2023-11-08 13:35:52,329 [INFO]  Epoch[1] Time cost=0.012
2023-11-08 13:35:52,330 [INFO]  Saved checkpoint to "./imputer_model/imputer_model_num_of_pendown21/model-0001.params"
2023-11-08 13:35:52,331 [INFO]  Epoch[1] Validation-cross-entropy=6.282166
2023-11-08 13:35:52,331 [INFO]  Epoch[1] Validation-num_of_pendown21-accuracy=0.000000
2023-11-08 13:35:52,337 [INFO]  Epoch[2] Batch [0-4]	Speed: 13074.00 samples/sec	cross-entropy=15.422256	num_of_pendown21-accuracy=0.000000
2023-11-08 13:35:52,341 [INFO]  Epoch[2] Train-cross-entropy=15.108614
2023-11-08 13:35:52,341 [INFO]  Epoch[2] Train-num_of_pendown21-accuracy=0.000000
2023-11-08 13:35:52,341 [INFO]  Epoch[2] Time cost=0.010
2023-11-08 13:35:52,343 [INFO]  Saved checkpoint to "./imputer_model/imputer_model_num_of_pendown21/model-0002.params"
2023-11-08 13:35:52,344 [INFO]  Epoch[2] Validation-cross-entropy=8.190186
2023-11-08 13:35:52,344 [INFO]  Epoch[2] Validation-num_of_pendown21-accuracy=0.000000
2023-11-08 13:35:52,350 [INFO]  Epoch[3] Batch [0-4]	Speed: 13242.99 samples/sec	cross-entropy=6.782006	num_of_pendown21-accuracy=0.000000
2023-11-08 13:35:52,354 [INFO]  Epoch[3] Train-cross-entropy=4.927165
2023-11-08 13:35:52,354 [INFO]  Epoch[3] Train-num_of_pendown21-accuracy=0.000000
2023-11-08 13:35:52,354 [INFO]  Epoch[3] Time cost=0.010
2023-11-08 13:35:52,356 [INFO]  Saved checkpoint to "./imputer_model/imputer_model_num_of_pendown21/model-0003.params"
2023-11-08 13:35:52,356 [INFO]  Epoch[3] Validation-cross-entropy=8.802101
2023-11-08 13:35:52,356 [INFO]  Epoch[3] Validation-num_of_pendown21-accuracy=0.000000
2023-11-08 13:35:52,362 [INFO]  Epoch[4] Batch [0-4]	Speed: 13992.67 samples/sec	cross-entropy=1.823847	num_of_pendown21-accuracy=0.000000
2023-11-08 13:35:52,366 [INFO]  Epoch[4] Train-cross-entropy=1.989354
2023-11-08 13:35:52,366 [INFO]  Epoch[4] Train-num_of_pendown21-accuracy=0.000000
2023-11-08 13:35:52,366 [INFO]  Epoch[4] Time cost=0.009
2023-11-08 13:35:52,367 [INFO]  Saved checkpoint to "./imputer_model/imputer_model_num_of_pendown21/model-0004.params"
2023-11-08 13:35:52,368 [INFO]  Epoch[4] Validation-cross-entropy=9.353918
2023-11-08 13:35:52,368 [INFO]  Epoch[4] Validation-num_of_pendown21-accuracy=0.000000
2023-11-08 13:35:52,368 [INFO]  
========== done (0.06815791130065918 s) fit model
2023-11-08 13:49:12,697 [INFO]  
========== start: fit model
2023-11-08 13:49:12,697 [WARNING]  Already bound, ignoring bind()
2023-11-08 13:49:12,704 [INFO]  Epoch[0] Batch [0-4]	Speed: 13322.52 samples/sec	cross-entropy=20.311729	num_of_pendown21-accuracy=2.800000
2023-11-08 13:49:12,708 [INFO]  Epoch[0] Train-cross-entropy=17.904460
2023-11-08 13:49:12,708 [INFO]  Epoch[0] Train-num_of_pendown21-accuracy=3.250000
2023-11-08 13:49:12,708 [INFO]  Epoch[0] Time cost=0.010
2023-11-08 13:49:12,709 [INFO]  Saved checkpoint to "./imputer_model/imputer_model_num_of_pendown21/model-0000.params"
2023-11-08 13:49:12,709 [INFO]  Epoch[0] Validation-cross-entropy=27.433634
2023-11-08 13:49:12,710 [INFO]  Epoch[0] Validation-num_of_pendown21-accuracy=0.000000
2023-11-08 13:49:12,715 [INFO]  Epoch[1] Batch [0-4]	Speed: 14024.84 samples/sec	cross-entropy=31.657604	num_of_pendown21-accuracy=2.800000
2023-11-08 13:49:12,719 [INFO]  Epoch[1] Train-cross-entropy=27.490042
2023-11-08 13:49:12,719 [INFO]  Epoch[1] Train-num_of_pendown21-accuracy=3.250000
2023-11-08 13:49:12,719 [INFO]  Epoch[1] Time cost=0.009
2023-11-08 13:49:12,720 [INFO]  Saved checkpoint to "./imputer_model/imputer_model_num_of_pendown21/model-0001.params"
2023-11-08 13:49:12,721 [INFO]  Epoch[1] Validation-cross-entropy=29.614300
2023-11-08 13:49:12,721 [INFO]  Epoch[1] Validation-num_of_pendown21-accuracy=0.000000
2023-11-08 13:49:12,726 [INFO]  Epoch[2] Batch [0-4]	Speed: 14855.31 samples/sec	cross-entropy=4.439395	num_of_pendown21-accuracy=2.800000
2023-11-08 13:49:12,729 [INFO]  Epoch[2] Train-cross-entropy=5.646379
2023-11-08 13:49:12,730 [INFO]  Epoch[2] Train-num_of_pendown21-accuracy=3.250000
2023-11-08 13:49:12,730 [INFO]  Epoch[2] Time cost=0.009
2023-11-08 13:49:12,731 [INFO]  Saved checkpoint to "./imputer_model/imputer_model_num_of_pendown21/model-0002.params"
2023-11-08 13:49:12,731 [INFO]  Epoch[2] Validation-cross-entropy=14.626250
2023-11-08 13:49:12,731 [INFO]  Epoch[2] Validation-num_of_pendown21-accuracy=0.000000
2023-11-08 13:49:12,737 [INFO]  Epoch[3] Batch [0-4]	Speed: 15678.73 samples/sec	cross-entropy=3.465331	num_of_pendown21-accuracy=2.800000
2023-11-08 13:49:12,740 [INFO]  Epoch[3] Train-cross-entropy=2.641779
2023-11-08 13:49:12,740 [INFO]  Epoch[3] Train-num_of_pendown21-accuracy=3.250000
2023-11-08 13:49:12,740 [INFO]  Epoch[3] Time cost=0.008
2023-11-08 13:49:12,741 [INFO]  Saved checkpoint to "./imputer_model/imputer_model_num_of_pendown21/model-0003.params"
2023-11-08 13:49:12,741 [INFO]  Epoch[3] Validation-cross-entropy=34.964966
2023-11-08 13:49:12,742 [INFO]  Epoch[3] Validation-num_of_pendown21-accuracy=0.000000
2023-11-08 13:49:12,747 [INFO]  Epoch[4] Batch [0-4]	Speed: 15824.76 samples/sec	cross-entropy=1.909247	num_of_pendown21-accuracy=2.800000
2023-11-08 13:49:12,750 [INFO]  Epoch[4] Train-cross-entropy=1.469060
2023-11-08 13:49:12,750 [INFO]  Epoch[4] Train-num_of_pendown21-accuracy=3.250000
2023-11-08 13:49:12,750 [INFO]  Epoch[4] Time cost=0.008
2023-11-08 13:49:12,751 [INFO]  Saved checkpoint to "./imputer_model/imputer_model_num_of_pendown21/model-0004.params"
2023-11-08 13:49:12,752 [INFO]  Epoch[4] Validation-cross-entropy=18.605955
2023-11-08 13:49:12,752 [INFO]  Epoch[4] Validation-num_of_pendown21-accuracy=0.000000
2023-11-08 13:49:12,752 [INFO]  
========== done (0.054862260818481445 s) fit model
2023-11-08 14:02:35,668 [INFO]  
========== start: fit model
2023-11-08 14:02:35,668 [WARNING]  Already bound, ignoring bind()
2023-11-08 14:02:35,675 [INFO]  Epoch[0] Batch [0-4]	Speed: 14140.83 samples/sec	cross-entropy=14.070309	num_of_pendown21-accuracy=0.000000
2023-11-08 14:02:35,679 [INFO]  Epoch[0] Train-cross-entropy=17.717596
2023-11-08 14:02:35,679 [INFO]  Epoch[0] Train-num_of_pendown21-accuracy=0.000000
2023-11-08 14:02:35,679 [INFO]  Epoch[0] Time cost=0.010
2023-11-08 14:02:35,680 [INFO]  Saved checkpoint to "./imputer_model/imputer_model_num_of_pendown21/model-0000.params"
2023-11-08 14:02:35,681 [INFO]  Epoch[0] Validation-cross-entropy=15.746779
2023-11-08 14:02:35,681 [INFO]  Epoch[0] Validation-num_of_pendown21-accuracy=0.000000
2023-11-08 14:02:35,687 [INFO]  Epoch[1] Batch [0-4]	Speed: 14183.42 samples/sec	cross-entropy=28.118920	num_of_pendown21-accuracy=0.000000
2023-11-08 14:02:35,692 [INFO]  Epoch[1] Train-cross-entropy=26.910865
2023-11-08 14:02:35,692 [INFO]  Epoch[1] Train-num_of_pendown21-accuracy=0.000000
2023-11-08 14:02:35,692 [INFO]  Epoch[1] Time cost=0.011
2023-11-08 14:02:35,695 [INFO]  Saved checkpoint to "./imputer_model/imputer_model_num_of_pendown21/model-0001.params"
2023-11-08 14:02:35,696 [INFO]  Epoch[1] Validation-cross-entropy=10.095599
2023-11-08 14:02:35,696 [INFO]  Epoch[1] Validation-num_of_pendown21-accuracy=0.000000
2023-11-08 14:02:35,704 [INFO]  Epoch[2] Batch [0-4]	Speed: 10793.54 samples/sec	cross-entropy=9.579911	num_of_pendown21-accuracy=0.000000
2023-11-08 14:02:35,708 [INFO]  Epoch[2] Train-cross-entropy=9.287728
2023-11-08 14:02:35,708 [INFO]  Epoch[2] Train-num_of_pendown21-accuracy=0.000000
2023-11-08 14:02:35,708 [INFO]  Epoch[2] Time cost=0.012
2023-11-08 14:02:35,711 [INFO]  Saved checkpoint to "./imputer_model/imputer_model_num_of_pendown21/model-0002.params"
2023-11-08 14:02:35,711 [INFO]  Epoch[2] Validation-cross-entropy=11.039344
2023-11-08 14:02:35,711 [INFO]  Epoch[2] Validation-num_of_pendown21-accuracy=0.000000
2023-11-08 14:02:35,718 [INFO]  Epoch[3] Batch [0-4]	Speed: 13194.17 samples/sec	cross-entropy=3.949252	num_of_pendown21-accuracy=0.000000
2023-11-08 14:02:35,721 [INFO]  Epoch[3] Train-cross-entropy=5.393256
2023-11-08 14:02:35,721 [INFO]  Epoch[3] Train-num_of_pendown21-accuracy=0.000000
2023-11-08 14:02:35,721 [INFO]  Epoch[3] Time cost=0.010
2023-11-08 14:02:35,723 [INFO]  Saved checkpoint to "./imputer_model/imputer_model_num_of_pendown21/model-0003.params"
2023-11-08 14:02:35,723 [INFO]  Epoch[3] Validation-cross-entropy=9.193071
2023-11-08 14:02:35,724 [INFO]  Epoch[3] Validation-num_of_pendown21-accuracy=0.000000
2023-11-08 14:02:35,730 [INFO]  Epoch[4] Batch [0-4]	Speed: 13890.58 samples/sec	cross-entropy=1.013474	num_of_pendown21-accuracy=0.000000
2023-11-08 14:02:35,733 [INFO]  Epoch[4] Train-cross-entropy=1.611260
2023-11-08 14:02:35,733 [INFO]  Epoch[4] Train-num_of_pendown21-accuracy=0.000000
2023-11-08 14:02:35,733 [INFO]  Epoch[4] Time cost=0.010
2023-11-08 14:02:35,734 [INFO]  Saved checkpoint to "./imputer_model/imputer_model_num_of_pendown21/model-0004.params"
2023-11-08 14:02:35,735 [INFO]  Epoch[4] Validation-cross-entropy=15.176044
2023-11-08 14:02:35,735 [INFO]  Epoch[4] Validation-num_of_pendown21-accuracy=0.000000
2023-11-08 14:02:35,735 [INFO]  
========== done (0.06697869300842285 s) fit model
2023-11-08 14:16:02,284 [INFO]  
========== start: fit model
2023-11-08 14:16:02,284 [WARNING]  Already bound, ignoring bind()
2023-11-08 14:16:02,291 [INFO]  Epoch[0] Batch [0-4]	Speed: 14027.77 samples/sec	cross-entropy=29.486753	num_of_pendown21-accuracy=0.000000
2023-11-08 14:16:02,296 [INFO]  Epoch[0] Train-cross-entropy=28.148215
2023-11-08 14:16:02,296 [INFO]  Epoch[0] Train-num_of_pendown21-accuracy=0.000000
2023-11-08 14:16:02,296 [INFO]  Epoch[0] Time cost=0.012
2023-11-08 14:16:02,300 [INFO]  Saved checkpoint to "./imputer_model/imputer_model_num_of_pendown21/model-0000.params"
2023-11-08 14:16:02,301 [INFO]  Epoch[0] Validation-cross-entropy=19.664509
2023-11-08 14:16:02,301 [INFO]  Epoch[0] Validation-num_of_pendown21-accuracy=0.000000
2023-11-08 14:16:02,308 [INFO]  Epoch[1] Batch [0-4]	Speed: 11790.55 samples/sec	cross-entropy=24.997484	num_of_pendown21-accuracy=0.000000
2023-11-08 14:16:02,313 [INFO]  Epoch[1] Train-cross-entropy=37.948372
2023-11-08 14:16:02,313 [INFO]  Epoch[1] Train-num_of_pendown21-accuracy=0.000000
2023-11-08 14:16:02,313 [INFO]  Epoch[1] Time cost=0.012
2023-11-08 14:16:02,315 [INFO]  Saved checkpoint to "./imputer_model/imputer_model_num_of_pendown21/model-0001.params"
2023-11-08 14:16:02,316 [INFO]  Epoch[1] Validation-cross-entropy=25.545341
2023-11-08 14:16:02,316 [INFO]  Epoch[1] Validation-num_of_pendown21-accuracy=0.000000
2023-11-08 14:16:02,322 [INFO]  Epoch[2] Batch [0-4]	Speed: 13103.36 samples/sec	cross-entropy=8.158428	num_of_pendown21-accuracy=0.000000
2023-11-08 14:16:02,326 [INFO]  Epoch[2] Train-cross-entropy=8.032035
2023-11-08 14:16:02,326 [INFO]  Epoch[2] Train-num_of_pendown21-accuracy=0.000000
2023-11-08 14:16:02,326 [INFO]  Epoch[2] Time cost=0.010
2023-11-08 14:16:02,327 [INFO]  Saved checkpoint to "./imputer_model/imputer_model_num_of_pendown21/model-0002.params"
2023-11-08 14:16:02,328 [INFO]  Epoch[2] Validation-cross-entropy=21.616514
2023-11-08 14:16:02,328 [INFO]  Epoch[2] Validation-num_of_pendown21-accuracy=0.000000
2023-11-08 14:16:02,334 [INFO]  Epoch[3] Batch [0-4]	Speed: 13965.74 samples/sec	cross-entropy=4.017961	num_of_pendown21-accuracy=0.000000
2023-11-08 14:16:02,337 [INFO]  Epoch[3] Train-cross-entropy=3.607563
2023-11-08 14:16:02,338 [INFO]  Epoch[3] Train-num_of_pendown21-accuracy=0.000000
2023-11-08 14:16:02,338 [INFO]  Epoch[3] Time cost=0.010
2023-11-08 14:16:02,339 [INFO]  Saved checkpoint to "./imputer_model/imputer_model_num_of_pendown21/model-0003.params"
2023-11-08 14:16:02,340 [INFO]  Epoch[3] Validation-cross-entropy=19.165846
2023-11-08 14:16:02,340 [INFO]  Epoch[3] Validation-num_of_pendown21-accuracy=0.000000
2023-11-08 14:16:02,345 [INFO]  Epoch[4] Batch [0-4]	Speed: 14202.18 samples/sec	cross-entropy=2.128856	num_of_pendown21-accuracy=0.000000
2023-11-08 14:16:02,349 [INFO]  Epoch[4] Train-cross-entropy=1.819040
2023-11-08 14:16:02,349 [INFO]  Epoch[4] Train-num_of_pendown21-accuracy=0.000000
2023-11-08 14:16:02,349 [INFO]  Epoch[4] Time cost=0.009
2023-11-08 14:16:02,350 [INFO]  Saved checkpoint to "./imputer_model/imputer_model_num_of_pendown21/model-0004.params"
2023-11-08 14:16:02,351 [INFO]  Epoch[4] Validation-cross-entropy=21.085312
2023-11-08 14:16:02,351 [INFO]  Epoch[4] Validation-num_of_pendown21-accuracy=0.000000
2023-11-08 14:16:02,351 [INFO]  
========== done (0.06736278533935547 s) fit model
2023-11-08 14:29:39,503 [INFO]  
========== start: fit model
2023-11-08 14:29:39,503 [WARNING]  Already bound, ignoring bind()
2023-11-08 14:29:39,511 [INFO]  Epoch[0] Batch [0-4]	Speed: 10738.28 samples/sec	cross-entropy=12.814638	num_of_pendown21-accuracy=3.600000
2023-11-08 14:29:39,516 [INFO]  Epoch[0] Train-cross-entropy=19.772139
2023-11-08 14:29:39,516 [INFO]  Epoch[0] Train-num_of_pendown21-accuracy=3.250000
2023-11-08 14:29:39,516 [INFO]  Epoch[0] Time cost=0.013
2023-11-08 14:29:39,520 [INFO]  Saved checkpoint to "./imputer_model/imputer_model_num_of_pendown21/model-0000.params"
2023-11-08 14:29:39,521 [INFO]  Epoch[0] Validation-cross-entropy=89.556160
2023-11-08 14:29:39,521 [INFO]  Epoch[0] Validation-num_of_pendown21-accuracy=0.000000
2023-11-08 14:29:39,527 [INFO]  Epoch[1] Batch [0-4]	Speed: 16302.41 samples/sec	cross-entropy=41.093288	num_of_pendown21-accuracy=3.600000
2023-11-08 14:29:39,530 [INFO]  Epoch[1] Train-cross-entropy=39.645489
2023-11-08 14:29:39,531 [INFO]  Epoch[1] Train-num_of_pendown21-accuracy=3.250000
2023-11-08 14:29:39,531 [INFO]  Epoch[1] Time cost=0.009
2023-11-08 14:29:39,533 [INFO]  Saved checkpoint to "./imputer_model/imputer_model_num_of_pendown21/model-0001.params"
2023-11-08 14:29:39,533 [INFO]  Epoch[1] Validation-cross-entropy=50.235435
2023-11-08 14:29:39,533 [INFO]  Epoch[1] Validation-num_of_pendown21-accuracy=0.000000
2023-11-08 14:29:39,538 [INFO]  Epoch[2] Batch [0-4]	Speed: 20271.52 samples/sec	cross-entropy=9.191013	num_of_pendown21-accuracy=3.600000
2023-11-08 14:29:39,540 [INFO]  Epoch[2] Train-cross-entropy=12.436086
2023-11-08 14:29:39,540 [INFO]  Epoch[2] Train-num_of_pendown21-accuracy=3.250000
2023-11-08 14:29:39,540 [INFO]  Epoch[2] Time cost=0.007
2023-11-08 14:29:39,542 [INFO]  Saved checkpoint to "./imputer_model/imputer_model_num_of_pendown21/model-0002.params"
2023-11-08 14:29:39,542 [INFO]  Epoch[2] Validation-cross-entropy=24.448721
2023-11-08 14:29:39,543 [INFO]  Epoch[2] Validation-num_of_pendown21-accuracy=0.000000
2023-11-08 14:29:39,549 [INFO]  Epoch[3] Batch [0-4]	Speed: 11771.42 samples/sec	cross-entropy=3.426035	num_of_pendown21-accuracy=3.600000
2023-11-08 14:29:39,553 [INFO]  Epoch[3] Train-cross-entropy=3.703110
2023-11-08 14:29:39,554 [INFO]  Epoch[3] Train-num_of_pendown21-accuracy=3.250000
2023-11-08 14:29:39,554 [INFO]  Epoch[3] Time cost=0.011
2023-11-08 14:29:39,556 [INFO]  Saved checkpoint to "./imputer_model/imputer_model_num_of_pendown21/model-0003.params"
2023-11-08 14:29:39,557 [INFO]  Epoch[3] Validation-cross-entropy=82.779442
2023-11-08 14:29:39,557 [INFO]  Epoch[3] Validation-num_of_pendown21-accuracy=0.000000
2023-11-08 14:29:39,563 [INFO]  Epoch[4] Batch [0-4]	Speed: 12600.83 samples/sec	cross-entropy=3.079788	num_of_pendown21-accuracy=3.600000
2023-11-08 14:29:39,567 [INFO]  Epoch[4] Train-cross-entropy=2.817944
2023-11-08 14:29:39,567 [INFO]  Epoch[4] Train-num_of_pendown21-accuracy=3.250000
2023-11-08 14:29:39,567 [INFO]  Epoch[4] Time cost=0.011
2023-11-08 14:29:39,569 [INFO]  Saved checkpoint to "./imputer_model/imputer_model_num_of_pendown21/model-0004.params"
2023-11-08 14:29:39,569 [INFO]  Epoch[4] Validation-cross-entropy=53.870155
2023-11-08 14:29:39,570 [INFO]  Epoch[4] Validation-num_of_pendown21-accuracy=0.000000
2023-11-08 14:29:39,570 [INFO]  
========== done (0.0667424201965332 s) fit model
2023-11-08 14:43:44,478 [INFO]  
========== start: fit model
2023-11-08 14:43:44,478 [WARNING]  Already bound, ignoring bind()
2023-11-08 14:43:44,486 [INFO]  Epoch[0] Batch [0-4]	Speed: 11067.68 samples/sec	cross-entropy=12.454835	num_of_pendown21-accuracy=3.000000
2023-11-08 14:43:44,491 [INFO]  Epoch[0] Train-cross-entropy=18.595760
2023-11-08 14:43:44,492 [INFO]  Epoch[0] Train-num_of_pendown21-accuracy=3.000000
2023-11-08 14:43:44,492 [INFO]  Epoch[0] Time cost=0.013
2023-11-08 14:43:44,495 [INFO]  Saved checkpoint to "./imputer_model/imputer_model_num_of_pendown21/model-0000.params"
2023-11-08 14:43:44,496 [INFO]  Epoch[0] Validation-cross-entropy=61.058128
2023-11-08 14:43:44,496 [INFO]  Epoch[0] Validation-num_of_pendown21-accuracy=0.000000
2023-11-08 14:43:44,503 [INFO]  Epoch[1] Batch [0-4]	Speed: 12106.41 samples/sec	cross-entropy=49.654385	num_of_pendown21-accuracy=3.000000
2023-11-08 14:43:44,507 [INFO]  Epoch[1] Train-cross-entropy=36.363154
2023-11-08 14:43:44,507 [INFO]  Epoch[1] Train-num_of_pendown21-accuracy=3.000000
2023-11-08 14:43:44,507 [INFO]  Epoch[1] Time cost=0.011
2023-11-08 14:43:44,509 [INFO]  Saved checkpoint to "./imputer_model/imputer_model_num_of_pendown21/model-0001.params"
2023-11-08 14:43:44,510 [INFO]  Epoch[1] Validation-cross-entropy=8.321526
2023-11-08 14:43:44,510 [INFO]  Epoch[1] Validation-num_of_pendown21-accuracy=0.000000
2023-11-08 14:43:44,516 [INFO]  Epoch[2] Batch [0-4]	Speed: 13650.42 samples/sec	cross-entropy=14.793903	num_of_pendown21-accuracy=3.000000
2023-11-08 14:43:44,519 [INFO]  Epoch[2] Train-cross-entropy=10.959326
2023-11-08 14:43:44,519 [INFO]  Epoch[2] Train-num_of_pendown21-accuracy=3.000000
2023-11-08 14:43:44,519 [INFO]  Epoch[2] Time cost=0.010
2023-11-08 14:43:44,521 [INFO]  Saved checkpoint to "./imputer_model/imputer_model_num_of_pendown21/model-0002.params"
2023-11-08 14:43:44,521 [INFO]  Epoch[2] Validation-cross-entropy=8.774686
2023-11-08 14:43:44,522 [INFO]  Epoch[2] Validation-num_of_pendown21-accuracy=0.000000
2023-11-08 14:43:44,527 [INFO]  Epoch[3] Batch [0-4]	Speed: 14200.68 samples/sec	cross-entropy=3.623023	num_of_pendown21-accuracy=3.000000
2023-11-08 14:43:44,531 [INFO]  Epoch[3] Train-cross-entropy=3.216087
2023-11-08 14:43:44,531 [INFO]  Epoch[3] Train-num_of_pendown21-accuracy=3.000000
2023-11-08 14:43:44,531 [INFO]  Epoch[3] Time cost=0.009
2023-11-08 14:43:44,532 [INFO]  Saved checkpoint to "./imputer_model/imputer_model_num_of_pendown21/model-0003.params"
2023-11-08 14:43:44,533 [INFO]  Epoch[3] Validation-cross-entropy=14.285711
2023-11-08 14:43:44,533 [INFO]  Epoch[3] Validation-num_of_pendown21-accuracy=0.000000
2023-11-08 14:43:44,539 [INFO]  Epoch[4] Batch [0-4]	Speed: 14288.36 samples/sec	cross-entropy=1.983474	num_of_pendown21-accuracy=3.000000
2023-11-08 14:43:44,542 [INFO]  Epoch[4] Train-cross-entropy=1.550900
2023-11-08 14:43:44,542 [INFO]  Epoch[4] Train-num_of_pendown21-accuracy=3.000000
2023-11-08 14:43:44,542 [INFO]  Epoch[4] Time cost=0.009
2023-11-08 14:43:44,543 [INFO]  Saved checkpoint to "./imputer_model/imputer_model_num_of_pendown21/model-0004.params"
2023-11-08 14:43:44,544 [INFO]  Epoch[4] Validation-cross-entropy=8.050469
2023-11-08 14:43:44,544 [INFO]  Epoch[4] Validation-num_of_pendown21-accuracy=0.000000
2023-11-08 14:43:44,544 [INFO]  
========== done (0.06629133224487305 s) fit model
2023-11-08 14:57:52,671 [INFO]  
========== start: fit model
2023-11-08 14:57:52,671 [WARNING]  Already bound, ignoring bind()
2023-11-08 14:57:52,679 [INFO]  Epoch[0] Batch [0-4]	Speed: 13597.18 samples/sec	cross-entropy=18.733205	num_of_pendown21-accuracy=3.600000
2023-11-08 14:57:52,684 [INFO]  Epoch[0] Train-cross-entropy=18.298491
2023-11-08 14:57:52,684 [INFO]  Epoch[0] Train-num_of_pendown21-accuracy=3.625000
2023-11-08 14:57:52,684 [INFO]  Epoch[0] Time cost=0.012
2023-11-08 14:57:52,688 [INFO]  Saved checkpoint to "./imputer_model/imputer_model_num_of_pendown21/model-0000.params"
2023-11-08 14:57:52,689 [INFO]  Epoch[0] Validation-cross-entropy=11.118574
2023-11-08 14:57:52,689 [INFO]  Epoch[0] Validation-num_of_pendown21-accuracy=0.000000
2023-11-08 14:57:52,696 [INFO]  Epoch[1] Batch [0-4]	Speed: 11728.22 samples/sec	cross-entropy=54.138105	num_of_pendown21-accuracy=3.600000
2023-11-08 14:57:52,701 [INFO]  Epoch[1] Train-cross-entropy=46.086513
2023-11-08 14:57:52,701 [INFO]  Epoch[1] Train-num_of_pendown21-accuracy=3.625000
2023-11-08 14:57:52,701 [INFO]  Epoch[1] Time cost=0.012
2023-11-08 14:57:52,703 [INFO]  Saved checkpoint to "./imputer_model/imputer_model_num_of_pendown21/model-0001.params"
2023-11-08 14:57:52,704 [INFO]  Epoch[1] Validation-cross-entropy=5.668412
2023-11-08 14:57:52,704 [INFO]  Epoch[1] Validation-num_of_pendown21-accuracy=0.000000
2023-11-08 14:57:52,711 [INFO]  Epoch[2] Batch [0-4]	Speed: 12452.36 samples/sec	cross-entropy=4.027844	num_of_pendown21-accuracy=3.600000
2023-11-08 14:57:52,715 [INFO]  Epoch[2] Train-cross-entropy=4.755458
2023-11-08 14:57:52,715 [INFO]  Epoch[2] Train-num_of_pendown21-accuracy=3.625000
2023-11-08 14:57:52,715 [INFO]  Epoch[2] Time cost=0.011
2023-11-08 14:57:52,717 [INFO]  Saved checkpoint to "./imputer_model/imputer_model_num_of_pendown21/model-0002.params"
2023-11-08 14:57:52,718 [INFO]  Epoch[2] Validation-cross-entropy=5.915837
2023-11-08 14:57:52,718 [INFO]  Epoch[2] Validation-num_of_pendown21-accuracy=0.000000
2023-11-08 14:57:52,724 [INFO]  Epoch[3] Batch [0-4]	Speed: 13277.05 samples/sec	cross-entropy=4.470341	num_of_pendown21-accuracy=3.600000
2023-11-08 14:57:52,727 [INFO]  Epoch[3] Train-cross-entropy=3.703479
2023-11-08 14:57:52,728 [INFO]  Epoch[3] Train-num_of_pendown21-accuracy=3.625000
2023-11-08 14:57:52,728 [INFO]  Epoch[3] Time cost=0.010
2023-11-08 14:57:52,729 [INFO]  Saved checkpoint to "./imputer_model/imputer_model_num_of_pendown21/model-0003.params"
2023-11-08 14:57:52,730 [INFO]  Epoch[3] Validation-cross-entropy=6.029292
2023-11-08 14:57:52,730 [INFO]  Epoch[3] Validation-num_of_pendown21-accuracy=0.000000
2023-11-08 14:57:52,736 [INFO]  Epoch[4] Batch [0-4]	Speed: 13537.52 samples/sec	cross-entropy=1.692631	num_of_pendown21-accuracy=3.600000
2023-11-08 14:57:52,740 [INFO]  Epoch[4] Train-cross-entropy=1.286302
2023-11-08 14:57:52,740 [INFO]  Epoch[4] Train-num_of_pendown21-accuracy=3.625000
2023-11-08 14:57:52,740 [INFO]  Epoch[4] Time cost=0.010
2023-11-08 14:57:52,742 [INFO]  Saved checkpoint to "./imputer_model/imputer_model_num_of_pendown21/model-0004.params"
2023-11-08 14:57:52,742 [INFO]  Epoch[4] Validation-cross-entropy=6.146484
2023-11-08 14:57:52,742 [INFO]  Epoch[4] Validation-num_of_pendown21-accuracy=0.000000
2023-11-08 14:57:52,742 [INFO]  
========== done (0.07097029685974121 s) fit model
