2024-02-02 16:15:22,422 [INFO]  
========== start: fit model
2024-02-02 16:15:22,422 [WARNING]  Already bound, ignoring bind()
2024-02-02 16:15:22,429 [INFO]  Epoch[0] Batch [0-7]	Speed: 24028.75 samples/sec	cross-entropy=14.697435	trestbps-accuracy=3.125000
2024-02-02 16:15:22,433 [INFO]  Epoch[0] Train-cross-entropy=12.318757
2024-02-02 16:15:22,433 [INFO]  Epoch[0] Train-trestbps-accuracy=3.642857
2024-02-02 16:15:22,433 [INFO]  Epoch[0] Time cost=0.010
2024-02-02 16:15:22,434 [INFO]  Saved checkpoint to "./imputer_model/imputer_model_trestbps/model-0000.params"
2024-02-02 16:15:22,436 [INFO]  Epoch[0] Validation-cross-entropy=10.640100
2024-02-02 16:15:22,436 [INFO]  Epoch[0] Validation-trestbps-accuracy=0.000000
2024-02-02 16:15:22,448 [INFO]  Epoch[1] Batch [0-7]	Speed: 11081.38 samples/sec	cross-entropy=3.194273	trestbps-accuracy=3.125000
2024-02-02 16:15:22,455 [INFO]  Epoch[1] Train-cross-entropy=2.599495
2024-02-02 16:15:22,455 [INFO]  Epoch[1] Train-trestbps-accuracy=3.642857
2024-02-02 16:15:22,455 [INFO]  Epoch[1] Time cost=0.019
2024-02-02 16:15:22,457 [INFO]  Saved checkpoint to "./imputer_model/imputer_model_trestbps/model-0001.params"
2024-02-02 16:15:22,458 [INFO]  Epoch[1] Validation-cross-entropy=1.913219
2024-02-02 16:15:22,458 [INFO]  Epoch[1] Validation-trestbps-accuracy=0.000000
2024-02-02 16:15:22,464 [INFO]  Epoch[2] Batch [0-7]	Speed: 23154.68 samples/sec	cross-entropy=1.078785	trestbps-accuracy=3.125000
2024-02-02 16:15:22,468 [INFO]  Epoch[2] Train-cross-entropy=1.050492
2024-02-02 16:15:22,468 [INFO]  Epoch[2] Train-trestbps-accuracy=3.642857
2024-02-02 16:15:22,468 [INFO]  Epoch[2] Time cost=0.010
2024-02-02 16:15:22,470 [INFO]  Saved checkpoint to "./imputer_model/imputer_model_trestbps/model-0002.params"
2024-02-02 16:15:22,470 [INFO]  Epoch[2] Validation-cross-entropy=1.012021
2024-02-02 16:15:22,470 [INFO]  Epoch[2] Validation-trestbps-accuracy=0.000000
2024-02-02 16:15:22,476 [INFO]  Epoch[3] Batch [0-7]	Speed: 25469.64 samples/sec	cross-entropy=0.770921	trestbps-accuracy=3.125000
2024-02-02 16:15:22,480 [INFO]  Epoch[3] Train-cross-entropy=0.682497
2024-02-02 16:15:22,480 [INFO]  Epoch[3] Train-trestbps-accuracy=3.642857
2024-02-02 16:15:22,480 [INFO]  Epoch[3] Time cost=0.009
2024-02-02 16:15:22,481 [INFO]  Saved checkpoint to "./imputer_model/imputer_model_trestbps/model-0003.params"
2024-02-02 16:15:22,481 [INFO]  Epoch[3] Validation-cross-entropy=0.730536
2024-02-02 16:15:22,481 [INFO]  Epoch[3] Validation-trestbps-accuracy=0.000000
2024-02-02 16:15:22,487 [INFO]  Epoch[4] Batch [0-7]	Speed: 23018.52 samples/sec	cross-entropy=0.433850	trestbps-accuracy=3.125000
2024-02-02 16:15:22,491 [INFO]  Epoch[4] Train-cross-entropy=0.422882
2024-02-02 16:15:22,491 [INFO]  Epoch[4] Train-trestbps-accuracy=3.642857
2024-02-02 16:15:22,491 [INFO]  Epoch[4] Time cost=0.010
2024-02-02 16:15:22,493 [INFO]  Saved checkpoint to "./imputer_model/imputer_model_trestbps/model-0004.params"
2024-02-02 16:15:22,493 [INFO]  Epoch[4] Validation-cross-entropy=0.878302
2024-02-02 16:15:22,493 [INFO]  Epoch[4] Validation-trestbps-accuracy=0.000000
2024-02-02 16:15:22,493 [INFO]  
========== done (0.07135677337646484 s) fit model
2024-02-02 16:15:27,354 [INFO]  
========== start: fit model
2024-02-02 16:15:27,354 [WARNING]  Already bound, ignoring bind()
2024-02-02 16:15:27,360 [INFO]  Epoch[0] Batch [0-7]	Speed: 23396.85 samples/sec	cross-entropy=12.442388	trestbps-accuracy=3.375000
2024-02-02 16:15:27,365 [INFO]  Epoch[0] Train-cross-entropy=9.347671
2024-02-02 16:15:27,365 [INFO]  Epoch[0] Train-trestbps-accuracy=3.357143
2024-02-02 16:15:27,365 [INFO]  Epoch[0] Time cost=0.010
2024-02-02 16:15:27,366 [INFO]  Saved checkpoint to "./imputer_model/imputer_model_trestbps/model-0000.params"
2024-02-02 16:15:27,367 [INFO]  Epoch[0] Validation-cross-entropy=2.187269
2024-02-02 16:15:27,367 [INFO]  Epoch[0] Validation-trestbps-accuracy=0.000000
2024-02-02 16:15:27,372 [INFO]  Epoch[1] Batch [0-7]	Speed: 26006.87 samples/sec	cross-entropy=2.377812	trestbps-accuracy=3.375000
2024-02-02 16:15:27,375 [INFO]  Epoch[1] Train-cross-entropy=1.787726
2024-02-02 16:15:27,375 [INFO]  Epoch[1] Train-trestbps-accuracy=3.357143
2024-02-02 16:15:27,375 [INFO]  Epoch[1] Time cost=0.009
2024-02-02 16:15:27,376 [INFO]  Saved checkpoint to "./imputer_model/imputer_model_trestbps/model-0001.params"
2024-02-02 16:15:27,377 [INFO]  Epoch[1] Validation-cross-entropy=0.357173
2024-02-02 16:15:27,377 [INFO]  Epoch[1] Validation-trestbps-accuracy=0.000000
2024-02-02 16:15:27,382 [INFO]  Epoch[2] Batch [0-7]	Speed: 29150.61 samples/sec	cross-entropy=0.632105	trestbps-accuracy=3.375000
2024-02-02 16:15:27,385 [INFO]  Epoch[2] Train-cross-entropy=0.582595
2024-02-02 16:15:27,385 [INFO]  Epoch[2] Train-trestbps-accuracy=3.357143
2024-02-02 16:15:27,385 [INFO]  Epoch[2] Time cost=0.008
2024-02-02 16:15:27,386 [INFO]  Saved checkpoint to "./imputer_model/imputer_model_trestbps/model-0002.params"
2024-02-02 16:15:27,387 [INFO]  Epoch[2] Validation-cross-entropy=0.199855
2024-02-02 16:15:27,387 [INFO]  Epoch[2] Validation-trestbps-accuracy=0.000000
2024-02-02 16:15:27,392 [INFO]  Epoch[3] Batch [0-7]	Speed: 26957.54 samples/sec	cross-entropy=0.406947	trestbps-accuracy=3.375000
2024-02-02 16:15:27,395 [INFO]  Epoch[3] Train-cross-entropy=0.385529
2024-02-02 16:15:27,396 [INFO]  Epoch[3] Train-trestbps-accuracy=3.357143
2024-02-02 16:15:27,396 [INFO]  Epoch[3] Time cost=0.008
2024-02-02 16:15:27,397 [INFO]  Saved checkpoint to "./imputer_model/imputer_model_trestbps/model-0003.params"
2024-02-02 16:15:27,397 [INFO]  Epoch[3] Validation-cross-entropy=0.206908
2024-02-02 16:15:27,397 [INFO]  Epoch[3] Validation-trestbps-accuracy=0.000000
2024-02-02 16:15:27,402 [INFO]  Epoch[4] Batch [0-7]	Speed: 29026.33 samples/sec	cross-entropy=0.249050	trestbps-accuracy=3.375000
2024-02-02 16:15:27,405 [INFO]  Epoch[4] Train-cross-entropy=0.221451
2024-02-02 16:15:27,405 [INFO]  Epoch[4] Train-trestbps-accuracy=3.357143
2024-02-02 16:15:27,405 [INFO]  Epoch[4] Time cost=0.008
2024-02-02 16:15:27,407 [INFO]  Saved checkpoint to "./imputer_model/imputer_model_trestbps/model-0004.params"
2024-02-02 16:15:27,407 [INFO]  Epoch[4] Validation-cross-entropy=0.196055
2024-02-02 16:15:27,407 [INFO]  Epoch[4] Validation-trestbps-accuracy=0.000000
2024-02-02 16:15:27,407 [INFO]  
========== done (0.053601980209350586 s) fit model
2024-02-02 16:15:30,620 [INFO]  
========== start: fit model
2024-02-02 16:15:30,620 [WARNING]  Already bound, ignoring bind()
2024-02-02 16:15:30,627 [INFO]  Epoch[0] Batch [0-7]	Speed: 23497.50 samples/sec	cross-entropy=22.921989	trestbps-accuracy=2.750000
2024-02-02 16:15:30,631 [INFO]  Epoch[0] Train-cross-entropy=18.196491
2024-02-02 16:15:30,632 [INFO]  Epoch[0] Train-trestbps-accuracy=2.928571
2024-02-02 16:15:30,632 [INFO]  Epoch[0] Time cost=0.011
2024-02-02 16:15:30,633 [INFO]  Saved checkpoint to "./imputer_model/imputer_model_trestbps/model-0000.params"
2024-02-02 16:15:30,634 [INFO]  Epoch[0] Validation-cross-entropy=6.232290
2024-02-02 16:15:30,634 [INFO]  Epoch[0] Validation-trestbps-accuracy=0.000000
2024-02-02 16:15:30,639 [INFO]  Epoch[1] Batch [0-7]	Speed: 24618.07 samples/sec	cross-entropy=7.245600	trestbps-accuracy=2.750000
2024-02-02 16:15:30,643 [INFO]  Epoch[1] Train-cross-entropy=5.478985
2024-02-02 16:15:30,643 [INFO]  Epoch[1] Train-trestbps-accuracy=2.928571
2024-02-02 16:15:30,643 [INFO]  Epoch[1] Time cost=0.009
2024-02-02 16:15:30,644 [INFO]  Saved checkpoint to "./imputer_model/imputer_model_trestbps/model-0001.params"
2024-02-02 16:15:30,645 [INFO]  Epoch[1] Validation-cross-entropy=2.141288
2024-02-02 16:15:30,645 [INFO]  Epoch[1] Validation-trestbps-accuracy=0.000000
2024-02-02 16:15:30,650 [INFO]  Epoch[2] Batch [0-7]	Speed: 25483.46 samples/sec	cross-entropy=1.799994	trestbps-accuracy=2.750000
2024-02-02 16:15:30,654 [INFO]  Epoch[2] Train-cross-entropy=1.306759
2024-02-02 16:15:30,654 [INFO]  Epoch[2] Train-trestbps-accuracy=2.928571
2024-02-02 16:15:30,654 [INFO]  Epoch[2] Time cost=0.010
2024-02-02 16:15:30,656 [INFO]  Saved checkpoint to "./imputer_model/imputer_model_trestbps/model-0002.params"
2024-02-02 16:15:30,656 [INFO]  Epoch[2] Validation-cross-entropy=0.580804
2024-02-02 16:15:30,657 [INFO]  Epoch[2] Validation-trestbps-accuracy=0.000000
2024-02-02 16:15:30,662 [INFO]  Epoch[3] Batch [0-7]	Speed: 25407.65 samples/sec	cross-entropy=0.637663	trestbps-accuracy=2.750000
2024-02-02 16:15:30,666 [INFO]  Epoch[3] Train-cross-entropy=0.537084
2024-02-02 16:15:30,666 [INFO]  Epoch[3] Train-trestbps-accuracy=2.928571
2024-02-02 16:15:30,666 [INFO]  Epoch[3] Time cost=0.010
2024-02-02 16:15:30,667 [INFO]  Saved checkpoint to "./imputer_model/imputer_model_trestbps/model-0003.params"
2024-02-02 16:15:30,668 [INFO]  Epoch[3] Validation-cross-entropy=0.363560
2024-02-02 16:15:30,668 [INFO]  Epoch[3] Validation-trestbps-accuracy=0.000000
2024-02-02 16:15:30,673 [INFO]  Epoch[4] Batch [0-7]	Speed: 26380.75 samples/sec	cross-entropy=0.499697	trestbps-accuracy=2.750000
2024-02-02 16:15:30,677 [INFO]  Epoch[4] Train-cross-entropy=0.403705
2024-02-02 16:15:30,677 [INFO]  Epoch[4] Train-trestbps-accuracy=2.928571
2024-02-02 16:15:30,677 [INFO]  Epoch[4] Time cost=0.009
2024-02-02 16:15:30,678 [INFO]  Saved checkpoint to "./imputer_model/imputer_model_trestbps/model-0004.params"
2024-02-02 16:15:30,679 [INFO]  Epoch[4] Validation-cross-entropy=0.275572
2024-02-02 16:15:30,679 [INFO]  Epoch[4] Validation-trestbps-accuracy=0.000000
2024-02-02 16:15:30,679 [INFO]  
========== done (0.05859255790710449 s) fit model
2024-02-02 16:15:33,894 [INFO]  
========== start: fit model
2024-02-02 16:15:33,894 [WARNING]  Already bound, ignoring bind()
2024-02-02 16:15:33,900 [INFO]  Epoch[0] Batch [0-7]	Speed: 25378.82 samples/sec	cross-entropy=10.801903	trestbps-accuracy=3.875000
2024-02-02 16:15:33,904 [INFO]  Epoch[0] Train-cross-entropy=9.603098
2024-02-02 16:15:33,904 [INFO]  Epoch[0] Train-trestbps-accuracy=3.214286
2024-02-02 16:15:33,904 [INFO]  Epoch[0] Time cost=0.010
2024-02-02 16:15:33,906 [INFO]  Saved checkpoint to "./imputer_model/imputer_model_trestbps/model-0000.params"
2024-02-02 16:15:33,906 [INFO]  Epoch[0] Validation-cross-entropy=2.433817
2024-02-02 16:15:33,906 [INFO]  Epoch[0] Validation-trestbps-accuracy=0.000000
2024-02-02 16:15:33,912 [INFO]  Epoch[1] Batch [0-7]	Speed: 23603.76 samples/sec	cross-entropy=2.239187	trestbps-accuracy=3.875000
2024-02-02 16:15:33,915 [INFO]  Epoch[1] Train-cross-entropy=2.042615
2024-02-02 16:15:33,915 [INFO]  Epoch[1] Train-trestbps-accuracy=3.214286
2024-02-02 16:15:33,915 [INFO]  Epoch[1] Time cost=0.009
2024-02-02 16:15:33,917 [INFO]  Saved checkpoint to "./imputer_model/imputer_model_trestbps/model-0001.params"
2024-02-02 16:15:33,917 [INFO]  Epoch[1] Validation-cross-entropy=2.857460
2024-02-02 16:15:33,917 [INFO]  Epoch[1] Validation-trestbps-accuracy=0.000000
2024-02-02 16:15:33,922 [INFO]  Epoch[2] Batch [0-7]	Speed: 28747.45 samples/sec	cross-entropy=0.672553	trestbps-accuracy=3.875000
2024-02-02 16:15:33,925 [INFO]  Epoch[2] Train-cross-entropy=0.636079
2024-02-02 16:15:33,925 [INFO]  Epoch[2] Train-trestbps-accuracy=3.214286
2024-02-02 16:15:33,925 [INFO]  Epoch[2] Time cost=0.008
2024-02-02 16:15:33,927 [INFO]  Saved checkpoint to "./imputer_model/imputer_model_trestbps/model-0002.params"
2024-02-02 16:15:33,927 [INFO]  Epoch[2] Validation-cross-entropy=2.087747
2024-02-02 16:15:33,927 [INFO]  Epoch[2] Validation-trestbps-accuracy=0.000000
2024-02-02 16:15:33,932 [INFO]  Epoch[3] Batch [0-7]	Speed: 26471.43 samples/sec	cross-entropy=0.410753	trestbps-accuracy=3.875000
2024-02-02 16:15:33,936 [INFO]  Epoch[3] Train-cross-entropy=0.395879
2024-02-02 16:15:33,936 [INFO]  Epoch[3] Train-trestbps-accuracy=3.214286
2024-02-02 16:15:33,936 [INFO]  Epoch[3] Time cost=0.008
2024-02-02 16:15:33,937 [INFO]  Saved checkpoint to "./imputer_model/imputer_model_trestbps/model-0003.params"
2024-02-02 16:15:33,937 [INFO]  Epoch[3] Validation-cross-entropy=1.749962
2024-02-02 16:15:33,937 [INFO]  Epoch[3] Validation-trestbps-accuracy=0.000000
2024-02-02 16:15:33,942 [INFO]  Epoch[4] Batch [0-7]	Speed: 29292.39 samples/sec	cross-entropy=0.258475	trestbps-accuracy=3.875000
2024-02-02 16:15:33,945 [INFO]  Epoch[4] Train-cross-entropy=0.258153
2024-02-02 16:15:33,945 [INFO]  Epoch[4] Train-trestbps-accuracy=3.214286
2024-02-02 16:15:33,945 [INFO]  Epoch[4] Time cost=0.008
2024-02-02 16:15:33,947 [INFO]  Saved checkpoint to "./imputer_model/imputer_model_trestbps/model-0004.params"
2024-02-02 16:15:33,947 [INFO]  Epoch[4] Validation-cross-entropy=1.592026
2024-02-02 16:15:33,947 [INFO]  Epoch[4] Validation-trestbps-accuracy=0.000000
2024-02-02 16:15:33,947 [INFO]  
========== done (0.05322909355163574 s) fit model
2024-02-02 16:15:37,281 [INFO]  
========== start: fit model
2024-02-02 16:15:37,281 [WARNING]  Already bound, ignoring bind()
2024-02-02 16:15:37,289 [INFO]  Epoch[0] Batch [0-7]	Speed: 19634.78 samples/sec	cross-entropy=16.847060	trestbps-accuracy=2.250000
2024-02-02 16:15:37,298 [INFO]  Epoch[0] Train-cross-entropy=12.605965
2024-02-02 16:15:37,298 [INFO]  Epoch[0] Train-trestbps-accuracy=2.857143
2024-02-02 16:15:37,298 [INFO]  Epoch[0] Time cost=0.016
2024-02-02 16:15:37,300 [INFO]  Saved checkpoint to "./imputer_model/imputer_model_trestbps/model-0000.params"
2024-02-02 16:15:37,301 [INFO]  Epoch[0] Validation-cross-entropy=3.138743
2024-02-02 16:15:37,301 [INFO]  Epoch[0] Validation-trestbps-accuracy=0.000000
2024-02-02 16:15:37,309 [INFO]  Epoch[1] Batch [0-7]	Speed: 18486.56 samples/sec	cross-entropy=3.215675	trestbps-accuracy=2.250000
2024-02-02 16:15:37,313 [INFO]  Epoch[1] Train-cross-entropy=2.550729
2024-02-02 16:15:37,313 [INFO]  Epoch[1] Train-trestbps-accuracy=2.857143
2024-02-02 16:15:37,313 [INFO]  Epoch[1] Time cost=0.012
2024-02-02 16:15:37,314 [INFO]  Saved checkpoint to "./imputer_model/imputer_model_trestbps/model-0001.params"
2024-02-02 16:15:37,315 [INFO]  Epoch[1] Validation-cross-entropy=0.901603
2024-02-02 16:15:37,315 [INFO]  Epoch[1] Validation-trestbps-accuracy=0.000000
2024-02-02 16:15:37,321 [INFO]  Epoch[2] Batch [0-7]	Speed: 25178.86 samples/sec	cross-entropy=0.584465	trestbps-accuracy=2.250000
2024-02-02 16:15:37,324 [INFO]  Epoch[2] Train-cross-entropy=0.650653
2024-02-02 16:15:37,324 [INFO]  Epoch[2] Train-trestbps-accuracy=2.857143
2024-02-02 16:15:37,325 [INFO]  Epoch[2] Time cost=0.009
2024-02-02 16:15:37,326 [INFO]  Saved checkpoint to "./imputer_model/imputer_model_trestbps/model-0002.params"
2024-02-02 16:15:37,327 [INFO]  Epoch[2] Validation-cross-entropy=0.558558
2024-02-02 16:15:37,327 [INFO]  Epoch[2] Validation-trestbps-accuracy=0.000000
2024-02-02 16:15:37,334 [INFO]  Epoch[3] Batch [0-7]	Speed: 16271.07 samples/sec	cross-entropy=0.589253	trestbps-accuracy=2.250000
2024-02-02 16:15:37,343 [INFO]  Epoch[3] Train-cross-entropy=0.529681
2024-02-02 16:15:37,343 [INFO]  Epoch[3] Train-trestbps-accuracy=2.857143
2024-02-02 16:15:37,344 [INFO]  Epoch[3] Time cost=0.017
2024-02-02 16:15:37,347 [INFO]  Saved checkpoint to "./imputer_model/imputer_model_trestbps/model-0003.params"
2024-02-02 16:15:37,348 [INFO]  Epoch[3] Validation-cross-entropy=0.633419
2024-02-02 16:15:37,348 [INFO]  Epoch[3] Validation-trestbps-accuracy=0.000000
2024-02-02 16:15:37,358 [INFO]  Epoch[4] Batch [0-7]	Speed: 13662.63 samples/sec	cross-entropy=0.304620	trestbps-accuracy=2.250000
2024-02-02 16:15:37,364 [INFO]  Epoch[4] Train-cross-entropy=0.311216
2024-02-02 16:15:37,364 [INFO]  Epoch[4] Train-trestbps-accuracy=2.857143
2024-02-02 16:15:37,364 [INFO]  Epoch[4] Time cost=0.016
2024-02-02 16:15:37,366 [INFO]  Saved checkpoint to "./imputer_model/imputer_model_trestbps/model-0004.params"
2024-02-02 16:15:37,367 [INFO]  Epoch[4] Validation-cross-entropy=0.495533
2024-02-02 16:15:37,367 [INFO]  Epoch[4] Validation-trestbps-accuracy=0.000000
2024-02-02 16:15:37,367 [INFO]  
========== done (0.08550357818603516 s) fit model
2024-02-02 16:15:40,687 [INFO]  
========== start: fit model
2024-02-02 16:15:40,688 [WARNING]  Already bound, ignoring bind()
2024-02-02 16:15:40,699 [INFO]  Epoch[0] Batch [0-7]	Speed: 11440.31 samples/sec	cross-entropy=19.924643	trestbps-accuracy=3.500000
2024-02-02 16:15:40,708 [INFO]  Epoch[0] Train-cross-entropy=18.809886
2024-02-02 16:15:40,708 [INFO]  Epoch[0] Train-trestbps-accuracy=3.285714
2024-02-02 16:15:40,708 [INFO]  Epoch[0] Time cost=0.020
2024-02-02 16:15:40,711 [INFO]  Saved checkpoint to "./imputer_model/imputer_model_trestbps/model-0000.params"
2024-02-02 16:15:40,712 [INFO]  Epoch[0] Validation-cross-entropy=13.631466
2024-02-02 16:15:40,712 [INFO]  Epoch[0] Validation-trestbps-accuracy=0.000000
2024-02-02 16:15:40,719 [INFO]  Epoch[1] Batch [0-7]	Speed: 19012.55 samples/sec	cross-entropy=4.844604	trestbps-accuracy=3.500000
2024-02-02 16:15:40,723 [INFO]  Epoch[1] Train-cross-entropy=4.732633
2024-02-02 16:15:40,723 [INFO]  Epoch[1] Train-trestbps-accuracy=3.285714
2024-02-02 16:15:40,723 [INFO]  Epoch[1] Time cost=0.011
2024-02-02 16:15:40,725 [INFO]  Saved checkpoint to "./imputer_model/imputer_model_trestbps/model-0001.params"
2024-02-02 16:15:40,725 [INFO]  Epoch[1] Validation-cross-entropy=3.254136
2024-02-02 16:15:40,725 [INFO]  Epoch[1] Validation-trestbps-accuracy=0.000000
2024-02-02 16:15:40,731 [INFO]  Epoch[2] Batch [0-7]	Speed: 24066.91 samples/sec	cross-entropy=1.320768	trestbps-accuracy=3.500000
2024-02-02 16:15:40,734 [INFO]  Epoch[2] Train-cross-entropy=1.167536
2024-02-02 16:15:40,734 [INFO]  Epoch[2] Train-trestbps-accuracy=3.285714
2024-02-02 16:15:40,734 [INFO]  Epoch[2] Time cost=0.009
2024-02-02 16:15:40,735 [INFO]  Saved checkpoint to "./imputer_model/imputer_model_trestbps/model-0002.params"
2024-02-02 16:15:40,736 [INFO]  Epoch[2] Validation-cross-entropy=0.557880
2024-02-02 16:15:40,736 [INFO]  Epoch[2] Validation-trestbps-accuracy=0.000000
2024-02-02 16:15:40,741 [INFO]  Epoch[3] Batch [0-7]	Speed: 28682.50 samples/sec	cross-entropy=0.760681	trestbps-accuracy=3.500000
2024-02-02 16:15:40,744 [INFO]  Epoch[3] Train-cross-entropy=0.615685
2024-02-02 16:15:40,744 [INFO]  Epoch[3] Train-trestbps-accuracy=3.285714
2024-02-02 16:15:40,744 [INFO]  Epoch[3] Time cost=0.008
2024-02-02 16:15:40,745 [INFO]  Saved checkpoint to "./imputer_model/imputer_model_trestbps/model-0003.params"
2024-02-02 16:15:40,746 [INFO]  Epoch[3] Validation-cross-entropy=0.436795
2024-02-02 16:15:40,746 [INFO]  Epoch[3] Validation-trestbps-accuracy=0.000000
2024-02-02 16:15:40,751 [INFO]  Epoch[4] Batch [0-7]	Speed: 23373.57 samples/sec	cross-entropy=0.590709	trestbps-accuracy=3.500000
2024-02-02 16:15:40,755 [INFO]  Epoch[4] Train-cross-entropy=0.457746
2024-02-02 16:15:40,755 [INFO]  Epoch[4] Train-trestbps-accuracy=3.285714
2024-02-02 16:15:40,755 [INFO]  Epoch[4] Time cost=0.009
2024-02-02 16:15:40,756 [INFO]  Saved checkpoint to "./imputer_model/imputer_model_trestbps/model-0004.params"
2024-02-02 16:15:40,757 [INFO]  Epoch[4] Validation-cross-entropy=0.442391
2024-02-02 16:15:40,757 [INFO]  Epoch[4] Validation-trestbps-accuracy=0.000000
2024-02-02 16:15:40,757 [INFO]  
========== done (0.06940531730651855 s) fit model
2024-02-02 16:15:44,373 [INFO]  
========== start: fit model
2024-02-02 16:15:44,373 [WARNING]  Already bound, ignoring bind()
2024-02-02 16:15:44,388 [INFO]  Epoch[0] Batch [0-7]	Speed: 15786.61 samples/sec	cross-entropy=10.123144	trestbps-accuracy=3.500000
2024-02-02 16:15:44,393 [INFO]  Epoch[0] Train-cross-entropy=7.807428
2024-02-02 16:15:44,393 [INFO]  Epoch[0] Train-trestbps-accuracy=3.214286
2024-02-02 16:15:44,393 [INFO]  Epoch[0] Time cost=0.020
2024-02-02 16:15:44,395 [INFO]  Saved checkpoint to "./imputer_model/imputer_model_trestbps/model-0000.params"
2024-02-02 16:15:44,396 [INFO]  Epoch[0] Validation-cross-entropy=10.045288
2024-02-02 16:15:44,396 [INFO]  Epoch[0] Validation-trestbps-accuracy=0.000000
2024-02-02 16:15:44,402 [INFO]  Epoch[1] Batch [0-7]	Speed: 23709.79 samples/sec	cross-entropy=2.128189	trestbps-accuracy=3.500000
2024-02-02 16:15:44,405 [INFO]  Epoch[1] Train-cross-entropy=1.752482
2024-02-02 16:15:44,406 [INFO]  Epoch[1] Train-trestbps-accuracy=3.214286
2024-02-02 16:15:44,406 [INFO]  Epoch[1] Time cost=0.010
2024-02-02 16:15:44,407 [INFO]  Saved checkpoint to "./imputer_model/imputer_model_trestbps/model-0001.params"
2024-02-02 16:15:44,408 [INFO]  Epoch[1] Validation-cross-entropy=2.536038
2024-02-02 16:15:44,408 [INFO]  Epoch[1] Validation-trestbps-accuracy=0.000000
2024-02-02 16:15:44,413 [INFO]  Epoch[2] Batch [0-7]	Speed: 25326.83 samples/sec	cross-entropy=0.820379	trestbps-accuracy=3.500000
2024-02-02 16:15:44,417 [INFO]  Epoch[2] Train-cross-entropy=0.701721
2024-02-02 16:15:44,417 [INFO]  Epoch[2] Train-trestbps-accuracy=3.214286
2024-02-02 16:15:44,417 [INFO]  Epoch[2] Time cost=0.009
2024-02-02 16:15:44,418 [INFO]  Saved checkpoint to "./imputer_model/imputer_model_trestbps/model-0002.params"
2024-02-02 16:15:44,419 [INFO]  Epoch[2] Validation-cross-entropy=0.649786
2024-02-02 16:15:44,419 [INFO]  Epoch[2] Validation-trestbps-accuracy=0.000000
2024-02-02 16:15:44,425 [INFO]  Epoch[3] Batch [0-7]	Speed: 23814.36 samples/sec	cross-entropy=0.484799	trestbps-accuracy=3.500000
2024-02-02 16:15:44,429 [INFO]  Epoch[3] Train-cross-entropy=0.443191
2024-02-02 16:15:44,429 [INFO]  Epoch[3] Train-trestbps-accuracy=3.214286
2024-02-02 16:15:44,429 [INFO]  Epoch[3] Time cost=0.010
2024-02-02 16:15:44,430 [INFO]  Saved checkpoint to "./imputer_model/imputer_model_trestbps/model-0003.params"
2024-02-02 16:15:44,431 [INFO]  Epoch[3] Validation-cross-entropy=0.654247
2024-02-02 16:15:44,431 [INFO]  Epoch[3] Validation-trestbps-accuracy=0.000000
2024-02-02 16:15:44,436 [INFO]  Epoch[4] Batch [0-7]	Speed: 24242.03 samples/sec	cross-entropy=0.250489	trestbps-accuracy=3.500000
2024-02-02 16:15:44,440 [INFO]  Epoch[4] Train-cross-entropy=0.254932
2024-02-02 16:15:44,440 [INFO]  Epoch[4] Train-trestbps-accuracy=3.214286
2024-02-02 16:15:44,440 [INFO]  Epoch[4] Time cost=0.009
2024-02-02 16:15:44,442 [INFO]  Saved checkpoint to "./imputer_model/imputer_model_trestbps/model-0004.params"
2024-02-02 16:15:44,442 [INFO]  Epoch[4] Validation-cross-entropy=0.596431
2024-02-02 16:15:44,442 [INFO]  Epoch[4] Validation-trestbps-accuracy=0.000000
2024-02-02 16:15:44,442 [INFO]  
========== done (0.06975674629211426 s) fit model
2024-02-02 16:15:47,948 [INFO]  
========== start: fit model
2024-02-02 16:15:47,948 [WARNING]  Already bound, ignoring bind()
2024-02-02 16:15:47,961 [INFO]  Epoch[0] Batch [0-7]	Speed: 10564.05 samples/sec	cross-entropy=17.954908	trestbps-accuracy=3.250000
2024-02-02 16:15:47,969 [INFO]  Epoch[0] Train-cross-entropy=13.140242
2024-02-02 16:15:47,969 [INFO]  Epoch[0] Train-trestbps-accuracy=3.785714
2024-02-02 16:15:47,969 [INFO]  Epoch[0] Time cost=0.020
2024-02-02 16:15:47,971 [INFO]  Saved checkpoint to "./imputer_model/imputer_model_trestbps/model-0000.params"
2024-02-02 16:15:47,972 [INFO]  Epoch[0] Validation-cross-entropy=16.270771
2024-02-02 16:15:47,972 [INFO]  Epoch[0] Validation-trestbps-accuracy=0.000000
2024-02-02 16:15:47,980 [INFO]  Epoch[1] Batch [0-7]	Speed: 17413.43 samples/sec	cross-entropy=2.976793	trestbps-accuracy=3.250000
2024-02-02 16:15:47,984 [INFO]  Epoch[1] Train-cross-entropy=2.148864
2024-02-02 16:15:47,984 [INFO]  Epoch[1] Train-trestbps-accuracy=3.785714
2024-02-02 16:15:47,984 [INFO]  Epoch[1] Time cost=0.011
2024-02-02 16:15:47,985 [INFO]  Saved checkpoint to "./imputer_model/imputer_model_trestbps/model-0001.params"
2024-02-02 16:15:47,986 [INFO]  Epoch[1] Validation-cross-entropy=1.813610
2024-02-02 16:15:47,986 [INFO]  Epoch[1] Validation-trestbps-accuracy=0.000000
2024-02-02 16:15:47,991 [INFO]  Epoch[2] Batch [0-7]	Speed: 24025.06 samples/sec	cross-entropy=1.057281	trestbps-accuracy=3.250000
2024-02-02 16:15:47,995 [INFO]  Epoch[2] Train-cross-entropy=0.835003
2024-02-02 16:15:47,995 [INFO]  Epoch[2] Train-trestbps-accuracy=3.785714
2024-02-02 16:15:47,995 [INFO]  Epoch[2] Time cost=0.009
2024-02-02 16:15:47,996 [INFO]  Saved checkpoint to "./imputer_model/imputer_model_trestbps/model-0002.params"
2024-02-02 16:15:47,997 [INFO]  Epoch[2] Validation-cross-entropy=0.478859
2024-02-02 16:15:47,997 [INFO]  Epoch[2] Validation-trestbps-accuracy=0.000000
2024-02-02 16:15:48,002 [INFO]  Epoch[3] Batch [0-7]	Speed: 28933.36 samples/sec	cross-entropy=0.651382	trestbps-accuracy=3.250000
2024-02-02 16:15:48,005 [INFO]  Epoch[3] Train-cross-entropy=0.494829
2024-02-02 16:15:48,005 [INFO]  Epoch[3] Train-trestbps-accuracy=3.785714
2024-02-02 16:15:48,005 [INFO]  Epoch[3] Time cost=0.008
2024-02-02 16:15:48,006 [INFO]  Saved checkpoint to "./imputer_model/imputer_model_trestbps/model-0003.params"
2024-02-02 16:15:48,007 [INFO]  Epoch[3] Validation-cross-entropy=0.538581
2024-02-02 16:15:48,007 [INFO]  Epoch[3] Validation-trestbps-accuracy=0.000000
2024-02-02 16:15:48,012 [INFO]  Epoch[4] Batch [0-7]	Speed: 27846.00 samples/sec	cross-entropy=0.362970	trestbps-accuracy=3.250000
2024-02-02 16:15:48,015 [INFO]  Epoch[4] Train-cross-entropy=0.301648
2024-02-02 16:15:48,015 [INFO]  Epoch[4] Train-trestbps-accuracy=3.785714
2024-02-02 16:15:48,015 [INFO]  Epoch[4] Time cost=0.008
2024-02-02 16:15:48,016 [INFO]  Saved checkpoint to "./imputer_model/imputer_model_trestbps/model-0004.params"
2024-02-02 16:15:48,017 [INFO]  Epoch[4] Validation-cross-entropy=0.634943
2024-02-02 16:15:48,017 [INFO]  Epoch[4] Validation-trestbps-accuracy=0.000000
2024-02-02 16:15:48,017 [INFO]  
========== done (0.06889486312866211 s) fit model
2024-02-02 16:15:51,514 [INFO]  
========== start: fit model
2024-02-02 16:15:51,515 [WARNING]  Already bound, ignoring bind()
2024-02-02 16:15:51,522 [INFO]  Epoch[0] Batch [0-7]	Speed: 22519.75 samples/sec	cross-entropy=15.262452	trestbps-accuracy=3.125000
2024-02-02 16:15:51,526 [INFO]  Epoch[0] Train-cross-entropy=13.016373
2024-02-02 16:15:51,526 [INFO]  Epoch[0] Train-trestbps-accuracy=3.500000
2024-02-02 16:15:51,526 [INFO]  Epoch[0] Time cost=0.011
2024-02-02 16:15:51,528 [INFO]  Saved checkpoint to "./imputer_model/imputer_model_trestbps/model-0000.params"
2024-02-02 16:15:51,529 [INFO]  Epoch[0] Validation-cross-entropy=6.629584
2024-02-02 16:15:51,529 [INFO]  Epoch[0] Validation-trestbps-accuracy=0.000000
2024-02-02 16:15:51,535 [INFO]  Epoch[1] Batch [0-7]	Speed: 19187.27 samples/sec	cross-entropy=3.878806	trestbps-accuracy=3.125000
2024-02-02 16:15:51,541 [INFO]  Epoch[1] Train-cross-entropy=3.157859
2024-02-02 16:15:51,541 [INFO]  Epoch[1] Train-trestbps-accuracy=3.500000
2024-02-02 16:15:51,541 [INFO]  Epoch[1] Time cost=0.012
2024-02-02 16:15:51,542 [INFO]  Saved checkpoint to "./imputer_model/imputer_model_trestbps/model-0001.params"
2024-02-02 16:15:51,543 [INFO]  Epoch[1] Validation-cross-entropy=0.898977
2024-02-02 16:15:51,543 [INFO]  Epoch[1] Validation-trestbps-accuracy=0.000000
2024-02-02 16:15:51,551 [INFO]  Epoch[2] Batch [0-7]	Speed: 16144.69 samples/sec	cross-entropy=1.025168	trestbps-accuracy=3.125000
2024-02-02 16:15:51,557 [INFO]  Epoch[2] Train-cross-entropy=0.990233
2024-02-02 16:15:51,557 [INFO]  Epoch[2] Train-trestbps-accuracy=3.500000
2024-02-02 16:15:51,557 [INFO]  Epoch[2] Time cost=0.014
2024-02-02 16:15:51,559 [INFO]  Saved checkpoint to "./imputer_model/imputer_model_trestbps/model-0002.params"
2024-02-02 16:15:51,560 [INFO]  Epoch[2] Validation-cross-entropy=0.833927
2024-02-02 16:15:51,560 [INFO]  Epoch[2] Validation-trestbps-accuracy=0.000000
2024-02-02 16:15:51,568 [INFO]  Epoch[3] Batch [0-7]	Speed: 16636.40 samples/sec	cross-entropy=0.640526	trestbps-accuracy=3.125000
2024-02-02 16:15:51,574 [INFO]  Epoch[3] Train-cross-entropy=0.602899
2024-02-02 16:15:51,574 [INFO]  Epoch[3] Train-trestbps-accuracy=3.500000
2024-02-02 16:15:51,574 [INFO]  Epoch[3] Time cost=0.014
2024-02-02 16:15:51,575 [INFO]  Saved checkpoint to "./imputer_model/imputer_model_trestbps/model-0003.params"
2024-02-02 16:15:51,576 [INFO]  Epoch[3] Validation-cross-entropy=0.608152
2024-02-02 16:15:51,576 [INFO]  Epoch[3] Validation-trestbps-accuracy=0.000000
2024-02-02 16:15:51,584 [INFO]  Epoch[4] Batch [0-7]	Speed: 16727.03 samples/sec	cross-entropy=0.398095	trestbps-accuracy=3.125000
2024-02-02 16:15:51,590 [INFO]  Epoch[4] Train-cross-entropy=0.392127
2024-02-02 16:15:51,590 [INFO]  Epoch[4] Train-trestbps-accuracy=3.500000
2024-02-02 16:15:51,590 [INFO]  Epoch[4] Time cost=0.014
2024-02-02 16:15:51,592 [INFO]  Saved checkpoint to "./imputer_model/imputer_model_trestbps/model-0004.params"
2024-02-02 16:15:51,593 [INFO]  Epoch[4] Validation-cross-entropy=0.418309
2024-02-02 16:15:51,593 [INFO]  Epoch[4] Validation-trestbps-accuracy=0.000000
2024-02-02 16:15:51,593 [INFO]  
========== done (0.07899093627929688 s) fit model
2024-02-02 16:15:55,165 [INFO]  
========== start: fit model
2024-02-02 16:15:55,165 [WARNING]  Already bound, ignoring bind()
2024-02-02 16:15:55,174 [INFO]  Epoch[0] Batch [0-7]	Speed: 15493.47 samples/sec	cross-entropy=11.063729	trestbps-accuracy=0.000000
2024-02-02 16:15:55,182 [INFO]  Epoch[0] Train-cross-entropy=9.011210
2024-02-02 16:15:55,182 [INFO]  Epoch[0] Train-trestbps-accuracy=0.000000
2024-02-02 16:15:55,183 [INFO]  Epoch[0] Time cost=0.017
2024-02-02 16:15:55,185 [INFO]  Saved checkpoint to "./imputer_model/imputer_model_trestbps/model-0000.params"
2024-02-02 16:15:55,187 [INFO]  Epoch[0] Validation-cross-entropy=1.506740
2024-02-02 16:15:55,187 [INFO]  Epoch[0] Validation-trestbps-accuracy=0.000000
2024-02-02 16:15:55,199 [INFO]  Epoch[1] Batch [0-7]	Speed: 10757.83 samples/sec	cross-entropy=2.343947	trestbps-accuracy=0.000000
2024-02-02 16:15:55,206 [INFO]  Epoch[1] Train-cross-entropy=2.003325
2024-02-02 16:15:55,206 [INFO]  Epoch[1] Train-trestbps-accuracy=0.000000
2024-02-02 16:15:55,206 [INFO]  Epoch[1] Time cost=0.020
2024-02-02 16:15:55,209 [INFO]  Saved checkpoint to "./imputer_model/imputer_model_trestbps/model-0001.params"
2024-02-02 16:15:55,210 [INFO]  Epoch[1] Validation-cross-entropy=0.504094
2024-02-02 16:15:55,210 [INFO]  Epoch[1] Validation-trestbps-accuracy=0.000000
2024-02-02 16:15:55,217 [INFO]  Epoch[2] Batch [0-7]	Speed: 20655.24 samples/sec	cross-entropy=0.784388	trestbps-accuracy=0.000000
2024-02-02 16:15:55,221 [INFO]  Epoch[2] Train-cross-entropy=0.626987
2024-02-02 16:15:55,221 [INFO]  Epoch[2] Train-trestbps-accuracy=0.000000
2024-02-02 16:15:55,221 [INFO]  Epoch[2] Time cost=0.011
2024-02-02 16:15:55,223 [INFO]  Saved checkpoint to "./imputer_model/imputer_model_trestbps/model-0002.params"
2024-02-02 16:15:55,223 [INFO]  Epoch[2] Validation-cross-entropy=0.480436
2024-02-02 16:15:55,223 [INFO]  Epoch[2] Validation-trestbps-accuracy=0.000000
2024-02-02 16:15:55,228 [INFO]  Epoch[3] Batch [0-7]	Speed: 29334.46 samples/sec	cross-entropy=0.370490	trestbps-accuracy=0.000000
2024-02-02 16:15:55,232 [INFO]  Epoch[3] Train-cross-entropy=0.302533
2024-02-02 16:15:55,232 [INFO]  Epoch[3] Train-trestbps-accuracy=0.000000
2024-02-02 16:15:55,232 [INFO]  Epoch[3] Time cost=0.008
2024-02-02 16:15:55,233 [INFO]  Saved checkpoint to "./imputer_model/imputer_model_trestbps/model-0003.params"
2024-02-02 16:15:55,234 [INFO]  Epoch[3] Validation-cross-entropy=0.289446
2024-02-02 16:15:55,234 [INFO]  Epoch[3] Validation-trestbps-accuracy=0.000000
2024-02-02 16:15:55,239 [INFO]  Epoch[4] Batch [0-7]	Speed: 26057.36 samples/sec	cross-entropy=0.217052	trestbps-accuracy=0.000000
2024-02-02 16:15:55,243 [INFO]  Epoch[4] Train-cross-entropy=0.188046
2024-02-02 16:15:55,243 [INFO]  Epoch[4] Train-trestbps-accuracy=0.000000
2024-02-02 16:15:55,243 [INFO]  Epoch[4] Time cost=0.009
2024-02-02 16:15:55,244 [INFO]  Saved checkpoint to "./imputer_model/imputer_model_trestbps/model-0004.params"
2024-02-02 16:15:55,245 [INFO]  Epoch[4] Validation-cross-entropy=0.212523
2024-02-02 16:15:55,245 [INFO]  Epoch[4] Validation-trestbps-accuracy=0.000000
2024-02-02 16:15:55,245 [INFO]  
========== done (0.07964229583740234 s) fit model
2024-02-02 16:15:58,760 [INFO]  
========== start: fit model
2024-02-02 16:15:58,760 [WARNING]  Already bound, ignoring bind()
2024-02-02 16:15:58,771 [INFO]  Epoch[0] Batch [0-7]	Speed: 11417.51 samples/sec	cross-entropy=14.324092	trestbps-accuracy=2.375000
2024-02-02 16:15:58,778 [INFO]  Epoch[0] Train-cross-entropy=11.126818
2024-02-02 16:15:58,778 [INFO]  Epoch[0] Train-trestbps-accuracy=3.071429
2024-02-02 16:15:58,778 [INFO]  Epoch[0] Time cost=0.017
2024-02-02 16:15:58,780 [INFO]  Saved checkpoint to "./imputer_model/imputer_model_trestbps/model-0000.params"
2024-02-02 16:15:58,781 [INFO]  Epoch[0] Validation-cross-entropy=2.705833
2024-02-02 16:15:58,781 [INFO]  Epoch[0] Validation-trestbps-accuracy=0.000000
2024-02-02 16:15:58,787 [INFO]  Epoch[1] Batch [0-7]	Speed: 22945.44 samples/sec	cross-entropy=2.621378	trestbps-accuracy=2.375000
2024-02-02 16:15:58,791 [INFO]  Epoch[1] Train-cross-entropy=2.395983
2024-02-02 16:15:58,791 [INFO]  Epoch[1] Train-trestbps-accuracy=3.071429
2024-02-02 16:15:58,791 [INFO]  Epoch[1] Time cost=0.010
2024-02-02 16:15:58,792 [INFO]  Saved checkpoint to "./imputer_model/imputer_model_trestbps/model-0001.params"
2024-02-02 16:15:58,793 [INFO]  Epoch[1] Validation-cross-entropy=0.962556
2024-02-02 16:15:58,793 [INFO]  Epoch[1] Validation-trestbps-accuracy=0.000000
2024-02-02 16:15:58,797 [INFO]  Epoch[2] Batch [0-7]	Speed: 28534.41 samples/sec	cross-entropy=1.103961	trestbps-accuracy=2.375000
2024-02-02 16:15:58,801 [INFO]  Epoch[2] Train-cross-entropy=0.916748
2024-02-02 16:15:58,801 [INFO]  Epoch[2] Train-trestbps-accuracy=3.071429
2024-02-02 16:15:58,801 [INFO]  Epoch[2] Time cost=0.008
2024-02-02 16:15:58,802 [INFO]  Saved checkpoint to "./imputer_model/imputer_model_trestbps/model-0002.params"
2024-02-02 16:15:58,803 [INFO]  Epoch[2] Validation-cross-entropy=1.018195
2024-02-02 16:15:58,803 [INFO]  Epoch[2] Validation-trestbps-accuracy=0.000000
2024-02-02 16:15:58,807 [INFO]  Epoch[3] Batch [0-7]	Speed: 28977.98 samples/sec	cross-entropy=0.605617	trestbps-accuracy=2.375000
2024-02-02 16:15:58,811 [INFO]  Epoch[3] Train-cross-entropy=0.537356
2024-02-02 16:15:58,811 [INFO]  Epoch[3] Train-trestbps-accuracy=3.071429
2024-02-02 16:15:58,811 [INFO]  Epoch[3] Time cost=0.008
2024-02-02 16:15:58,812 [INFO]  Saved checkpoint to "./imputer_model/imputer_model_trestbps/model-0003.params"
2024-02-02 16:15:58,813 [INFO]  Epoch[3] Validation-cross-entropy=0.648605
2024-02-02 16:15:58,813 [INFO]  Epoch[3] Validation-trestbps-accuracy=0.000000
2024-02-02 16:15:58,817 [INFO]  Epoch[4] Batch [0-7]	Speed: 28215.63 samples/sec	cross-entropy=0.332826	trestbps-accuracy=2.375000
2024-02-02 16:15:58,821 [INFO]  Epoch[4] Train-cross-entropy=0.303658
2024-02-02 16:15:58,821 [INFO]  Epoch[4] Train-trestbps-accuracy=3.071429
2024-02-02 16:15:58,821 [INFO]  Epoch[4] Time cost=0.009
2024-02-02 16:15:58,822 [INFO]  Saved checkpoint to "./imputer_model/imputer_model_trestbps/model-0004.params"
2024-02-02 16:15:58,823 [INFO]  Epoch[4] Validation-cross-entropy=0.496858
2024-02-02 16:15:58,823 [INFO]  Epoch[4] Validation-trestbps-accuracy=0.000000
2024-02-02 16:15:58,823 [INFO]  
========== done (0.06330156326293945 s) fit model
2024-02-02 16:16:02,401 [INFO]  
========== start: fit model
2024-02-02 16:16:02,401 [WARNING]  Already bound, ignoring bind()
2024-02-02 16:16:02,408 [INFO]  Epoch[0] Batch [0-7]	Speed: 19942.35 samples/sec	cross-entropy=21.363516	trestbps-accuracy=3.375000
2024-02-02 16:16:02,413 [INFO]  Epoch[0] Train-cross-entropy=19.638255
2024-02-02 16:16:02,413 [INFO]  Epoch[0] Train-trestbps-accuracy=3.071429
2024-02-02 16:16:02,413 [INFO]  Epoch[0] Time cost=0.012
2024-02-02 16:16:02,414 [INFO]  Saved checkpoint to "./imputer_model/imputer_model_trestbps/model-0000.params"
2024-02-02 16:16:02,415 [INFO]  Epoch[0] Validation-cross-entropy=9.224176
2024-02-02 16:16:02,415 [INFO]  Epoch[0] Validation-trestbps-accuracy=0.000000
2024-02-02 16:16:02,420 [INFO]  Epoch[1] Batch [0-7]	Speed: 26519.25 samples/sec	cross-entropy=6.486288	trestbps-accuracy=3.375000
2024-02-02 16:16:02,424 [INFO]  Epoch[1] Train-cross-entropy=5.466920
2024-02-02 16:16:02,424 [INFO]  Epoch[1] Train-trestbps-accuracy=3.071429
2024-02-02 16:16:02,424 [INFO]  Epoch[1] Time cost=0.008
2024-02-02 16:16:02,425 [INFO]  Saved checkpoint to "./imputer_model/imputer_model_trestbps/model-0001.params"
2024-02-02 16:16:02,425 [INFO]  Epoch[1] Validation-cross-entropy=3.305464
2024-02-02 16:16:02,425 [INFO]  Epoch[1] Validation-trestbps-accuracy=0.000000
2024-02-02 16:16:02,430 [INFO]  Epoch[2] Batch [0-7]	Speed: 27261.03 samples/sec	cross-entropy=1.806259	trestbps-accuracy=3.375000
2024-02-02 16:16:02,434 [INFO]  Epoch[2] Train-cross-entropy=1.453262
2024-02-02 16:16:02,434 [INFO]  Epoch[2] Train-trestbps-accuracy=3.071429
2024-02-02 16:16:02,434 [INFO]  Epoch[2] Time cost=0.008
2024-02-02 16:16:02,435 [INFO]  Saved checkpoint to "./imputer_model/imputer_model_trestbps/model-0002.params"
2024-02-02 16:16:02,436 [INFO]  Epoch[2] Validation-cross-entropy=0.777171
2024-02-02 16:16:02,436 [INFO]  Epoch[2] Validation-trestbps-accuracy=0.000000
2024-02-02 16:16:02,440 [INFO]  Epoch[3] Batch [0-7]	Speed: 28839.22 samples/sec	cross-entropy=0.671157	trestbps-accuracy=3.375000
2024-02-02 16:16:02,444 [INFO]  Epoch[3] Train-cross-entropy=0.593384
2024-02-02 16:16:02,444 [INFO]  Epoch[3] Train-trestbps-accuracy=3.071429
2024-02-02 16:16:02,444 [INFO]  Epoch[3] Time cost=0.008
2024-02-02 16:16:02,445 [INFO]  Saved checkpoint to "./imputer_model/imputer_model_trestbps/model-0003.params"
2024-02-02 16:16:02,445 [INFO]  Epoch[3] Validation-cross-entropy=0.468901
2024-02-02 16:16:02,445 [INFO]  Epoch[3] Validation-trestbps-accuracy=0.000000
2024-02-02 16:16:02,450 [INFO]  Epoch[4] Batch [0-7]	Speed: 27724.39 samples/sec	cross-entropy=0.492636	trestbps-accuracy=3.375000
2024-02-02 16:16:02,454 [INFO]  Epoch[4] Train-cross-entropy=0.397360
2024-02-02 16:16:02,454 [INFO]  Epoch[4] Train-trestbps-accuracy=3.071429
2024-02-02 16:16:02,454 [INFO]  Epoch[4] Time cost=0.008
2024-02-02 16:16:02,455 [INFO]  Saved checkpoint to "./imputer_model/imputer_model_trestbps/model-0004.params"
2024-02-02 16:16:02,455 [INFO]  Epoch[4] Validation-cross-entropy=0.403884
2024-02-02 16:16:02,456 [INFO]  Epoch[4] Validation-trestbps-accuracy=0.000000
2024-02-02 16:16:02,456 [INFO]  
========== done (0.05496096611022949 s) fit model
2024-02-02 16:16:06,221 [INFO]  
========== start: fit model
2024-02-02 16:16:06,221 [WARNING]  Already bound, ignoring bind()
2024-02-02 16:16:06,231 [INFO]  Epoch[0] Batch [0-7]	Speed: 13898.70 samples/sec	cross-entropy=17.007840	trestbps-accuracy=0.000000
2024-02-02 16:16:06,238 [INFO]  Epoch[0] Train-cross-entropy=13.234343
2024-02-02 16:16:06,239 [INFO]  Epoch[0] Train-trestbps-accuracy=0.000000
2024-02-02 16:16:06,239 [INFO]  Epoch[0] Time cost=0.017
2024-02-02 16:16:06,241 [INFO]  Saved checkpoint to "./imputer_model/imputer_model_trestbps/model-0000.params"
2024-02-02 16:16:06,241 [INFO]  Epoch[0] Validation-cross-entropy=3.471596
2024-02-02 16:16:06,242 [INFO]  Epoch[0] Validation-trestbps-accuracy=0.000000
2024-02-02 16:16:06,249 [INFO]  Epoch[1] Batch [0-7]	Speed: 18219.84 samples/sec	cross-entropy=3.787476	trestbps-accuracy=0.000000
2024-02-02 16:16:06,253 [INFO]  Epoch[1] Train-cross-entropy=3.067638
2024-02-02 16:16:06,253 [INFO]  Epoch[1] Train-trestbps-accuracy=0.000000
2024-02-02 16:16:06,253 [INFO]  Epoch[1] Time cost=0.011
2024-02-02 16:16:06,254 [INFO]  Saved checkpoint to "./imputer_model/imputer_model_trestbps/model-0001.params"
2024-02-02 16:16:06,255 [INFO]  Epoch[1] Validation-cross-entropy=1.104583
2024-02-02 16:16:06,255 [INFO]  Epoch[1] Validation-trestbps-accuracy=0.000000
2024-02-02 16:16:06,260 [INFO]  Epoch[2] Batch [0-7]	Speed: 25241.10 samples/sec	cross-entropy=0.787444	trestbps-accuracy=0.000000
2024-02-02 16:16:06,264 [INFO]  Epoch[2] Train-cross-entropy=0.778264
2024-02-02 16:16:06,264 [INFO]  Epoch[2] Train-trestbps-accuracy=0.000000
2024-02-02 16:16:06,264 [INFO]  Epoch[2] Time cost=0.009
2024-02-02 16:16:06,266 [INFO]  Saved checkpoint to "./imputer_model/imputer_model_trestbps/model-0002.params"
2024-02-02 16:16:06,266 [INFO]  Epoch[2] Validation-cross-entropy=0.412464
2024-02-02 16:16:06,266 [INFO]  Epoch[2] Validation-trestbps-accuracy=0.000000
2024-02-02 16:16:06,272 [INFO]  Epoch[3] Batch [0-7]	Speed: 25809.68 samples/sec	cross-entropy=0.485143	trestbps-accuracy=0.000000
2024-02-02 16:16:06,275 [INFO]  Epoch[3] Train-cross-entropy=0.486367
2024-02-02 16:16:06,276 [INFO]  Epoch[3] Train-trestbps-accuracy=0.000000
2024-02-02 16:16:06,276 [INFO]  Epoch[3] Time cost=0.009
2024-02-02 16:16:06,277 [INFO]  Saved checkpoint to "./imputer_model/imputer_model_trestbps/model-0003.params"
2024-02-02 16:16:06,277 [INFO]  Epoch[3] Validation-cross-entropy=0.312576
2024-02-02 16:16:06,277 [INFO]  Epoch[3] Validation-trestbps-accuracy=0.000000
2024-02-02 16:16:06,283 [INFO]  Epoch[4] Batch [0-7]	Speed: 25343.23 samples/sec	cross-entropy=0.339992	trestbps-accuracy=0.000000
2024-02-02 16:16:06,287 [INFO]  Epoch[4] Train-cross-entropy=0.327019
2024-02-02 16:16:06,287 [INFO]  Epoch[4] Train-trestbps-accuracy=0.000000
2024-02-02 16:16:06,287 [INFO]  Epoch[4] Time cost=0.009
2024-02-02 16:16:06,288 [INFO]  Saved checkpoint to "./imputer_model/imputer_model_trestbps/model-0004.params"
2024-02-02 16:16:06,289 [INFO]  Epoch[4] Validation-cross-entropy=0.358221
2024-02-02 16:16:06,289 [INFO]  Epoch[4] Validation-trestbps-accuracy=0.000000
2024-02-02 16:16:06,289 [INFO]  
========== done (0.06822085380554199 s) fit model
2024-02-02 16:16:10,212 [INFO]  
========== start: fit model
2024-02-02 16:16:10,213 [WARNING]  Already bound, ignoring bind()
2024-02-02 16:16:10,220 [INFO]  Epoch[0] Batch [0-7]	Speed: 22840.57 samples/sec	cross-entropy=13.580170	trestbps-accuracy=2.500000
2024-02-02 16:16:10,224 [INFO]  Epoch[0] Train-cross-entropy=11.892295
2024-02-02 16:16:10,224 [INFO]  Epoch[0] Train-trestbps-accuracy=3.500000
2024-02-02 16:16:10,224 [INFO]  Epoch[0] Time cost=0.011
2024-02-02 16:16:10,226 [INFO]  Saved checkpoint to "./imputer_model/imputer_model_trestbps/model-0000.params"
2024-02-02 16:16:10,226 [INFO]  Epoch[0] Validation-cross-entropy=9.973166
2024-02-02 16:16:10,226 [INFO]  Epoch[0] Validation-trestbps-accuracy=0.000000
2024-02-02 16:16:10,232 [INFO]  Epoch[1] Batch [0-7]	Speed: 23830.06 samples/sec	cross-entropy=2.514381	trestbps-accuracy=2.500000
2024-02-02 16:16:10,236 [INFO]  Epoch[1] Train-cross-entropy=2.049955
2024-02-02 16:16:10,236 [INFO]  Epoch[1] Train-trestbps-accuracy=3.500000
2024-02-02 16:16:10,236 [INFO]  Epoch[1] Time cost=0.009
2024-02-02 16:16:10,237 [INFO]  Saved checkpoint to "./imputer_model/imputer_model_trestbps/model-0001.params"
2024-02-02 16:16:10,238 [INFO]  Epoch[1] Validation-cross-entropy=1.150856
2024-02-02 16:16:10,238 [INFO]  Epoch[1] Validation-trestbps-accuracy=0.000000
2024-02-02 16:16:10,243 [INFO]  Epoch[2] Batch [0-7]	Speed: 25897.90 samples/sec	cross-entropy=0.576240	trestbps-accuracy=2.500000
2024-02-02 16:16:10,246 [INFO]  Epoch[2] Train-cross-entropy=0.604497
2024-02-02 16:16:10,246 [INFO]  Epoch[2] Train-trestbps-accuracy=3.500000
2024-02-02 16:16:10,246 [INFO]  Epoch[2] Time cost=0.009
2024-02-02 16:16:10,248 [INFO]  Saved checkpoint to "./imputer_model/imputer_model_trestbps/model-0002.params"
2024-02-02 16:16:10,248 [INFO]  Epoch[2] Validation-cross-entropy=0.276212
2024-02-02 16:16:10,248 [INFO]  Epoch[2] Validation-trestbps-accuracy=0.000000
2024-02-02 16:16:10,254 [INFO]  Epoch[3] Batch [0-7]	Speed: 24350.10 samples/sec	cross-entropy=0.427133	trestbps-accuracy=2.500000
2024-02-02 16:16:10,258 [INFO]  Epoch[3] Train-cross-entropy=0.378839
2024-02-02 16:16:10,258 [INFO]  Epoch[3] Train-trestbps-accuracy=3.500000
2024-02-02 16:16:10,258 [INFO]  Epoch[3] Time cost=0.009
2024-02-02 16:16:10,259 [INFO]  Saved checkpoint to "./imputer_model/imputer_model_trestbps/model-0003.params"
2024-02-02 16:16:10,260 [INFO]  Epoch[3] Validation-cross-entropy=0.253189
2024-02-02 16:16:10,260 [INFO]  Epoch[3] Validation-trestbps-accuracy=0.000000
2024-02-02 16:16:10,265 [INFO]  Epoch[4] Batch [0-7]	Speed: 25500.06 samples/sec	cross-entropy=0.251313	trestbps-accuracy=2.500000
2024-02-02 16:16:10,269 [INFO]  Epoch[4] Train-cross-entropy=0.224426
2024-02-02 16:16:10,269 [INFO]  Epoch[4] Train-trestbps-accuracy=3.500000
2024-02-02 16:16:10,269 [INFO]  Epoch[4] Time cost=0.009
2024-02-02 16:16:10,271 [INFO]  Saved checkpoint to "./imputer_model/imputer_model_trestbps/model-0004.params"
2024-02-02 16:16:10,271 [INFO]  Epoch[4] Validation-cross-entropy=0.374263
2024-02-02 16:16:10,272 [INFO]  Epoch[4] Validation-trestbps-accuracy=0.000000
2024-02-02 16:16:10,272 [INFO]  
========== done (0.05908679962158203 s) fit model
2024-02-02 16:16:13,968 [INFO]  
========== start: fit model
2024-02-02 16:16:13,969 [WARNING]  Already bound, ignoring bind()
2024-02-02 16:16:13,976 [INFO]  Epoch[0] Batch [0-7]	Speed: 21780.51 samples/sec	cross-entropy=22.753142	trestbps-accuracy=4.125000
2024-02-02 16:16:13,980 [INFO]  Epoch[0] Train-cross-entropy=17.366730
2024-02-02 16:16:13,980 [INFO]  Epoch[0] Train-trestbps-accuracy=4.071429
2024-02-02 16:16:13,980 [INFO]  Epoch[0] Time cost=0.011
2024-02-02 16:16:13,981 [INFO]  Saved checkpoint to "./imputer_model/imputer_model_trestbps/model-0000.params"
2024-02-02 16:16:13,982 [INFO]  Epoch[0] Validation-cross-entropy=8.487403
2024-02-02 16:16:13,982 [INFO]  Epoch[0] Validation-trestbps-accuracy=0.000000
2024-02-02 16:16:13,991 [INFO]  Epoch[1] Batch [0-7]	Speed: 14174.65 samples/sec	cross-entropy=5.855138	trestbps-accuracy=4.125000
2024-02-02 16:16:13,997 [INFO]  Epoch[1] Train-cross-entropy=4.445293
2024-02-02 16:16:13,997 [INFO]  Epoch[1] Train-trestbps-accuracy=4.071429
2024-02-02 16:16:13,997 [INFO]  Epoch[1] Time cost=0.015
2024-02-02 16:16:13,999 [INFO]  Saved checkpoint to "./imputer_model/imputer_model_trestbps/model-0001.params"
2024-02-02 16:16:13,999 [INFO]  Epoch[1] Validation-cross-entropy=4.430403
2024-02-02 16:16:13,999 [INFO]  Epoch[1] Validation-trestbps-accuracy=0.000000
2024-02-02 16:16:14,005 [INFO]  Epoch[2] Batch [0-7]	Speed: 22962.27 samples/sec	cross-entropy=1.284573	trestbps-accuracy=4.125000
2024-02-02 16:16:14,009 [INFO]  Epoch[2] Train-cross-entropy=1.126431
2024-02-02 16:16:14,009 [INFO]  Epoch[2] Train-trestbps-accuracy=4.071429
2024-02-02 16:16:14,009 [INFO]  Epoch[2] Time cost=0.009
2024-02-02 16:16:14,010 [INFO]  Saved checkpoint to "./imputer_model/imputer_model_trestbps/model-0002.params"
2024-02-02 16:16:14,011 [INFO]  Epoch[2] Validation-cross-entropy=1.488211
2024-02-02 16:16:14,011 [INFO]  Epoch[2] Validation-trestbps-accuracy=0.000000
2024-02-02 16:16:14,016 [INFO]  Epoch[3] Batch [0-7]	Speed: 27070.94 samples/sec	cross-entropy=0.581847	trestbps-accuracy=4.125000
2024-02-02 16:16:14,019 [INFO]  Epoch[3] Train-cross-entropy=0.602043
2024-02-02 16:16:14,019 [INFO]  Epoch[3] Train-trestbps-accuracy=4.071429
2024-02-02 16:16:14,019 [INFO]  Epoch[3] Time cost=0.008
2024-02-02 16:16:14,020 [INFO]  Saved checkpoint to "./imputer_model/imputer_model_trestbps/model-0003.params"
2024-02-02 16:16:14,021 [INFO]  Epoch[3] Validation-cross-entropy=0.839641
2024-02-02 16:16:14,021 [INFO]  Epoch[3] Validation-trestbps-accuracy=0.000000
2024-02-02 16:16:14,026 [INFO]  Epoch[4] Batch [0-7]	Speed: 27370.63 samples/sec	cross-entropy=0.421970	trestbps-accuracy=4.125000
2024-02-02 16:16:14,029 [INFO]  Epoch[4] Train-cross-entropy=0.407485
2024-02-02 16:16:14,029 [INFO]  Epoch[4] Train-trestbps-accuracy=4.071429
2024-02-02 16:16:14,029 [INFO]  Epoch[4] Time cost=0.008
2024-02-02 16:16:14,030 [INFO]  Saved checkpoint to "./imputer_model/imputer_model_trestbps/model-0004.params"
2024-02-02 16:16:14,031 [INFO]  Epoch[4] Validation-cross-entropy=0.812477
2024-02-02 16:16:14,031 [INFO]  Epoch[4] Validation-trestbps-accuracy=0.000000
2024-02-02 16:16:14,031 [INFO]  
========== done (0.06275773048400879 s) fit model
2024-02-02 16:16:17,810 [INFO]  
========== start: fit model
2024-02-02 16:16:17,810 [WARNING]  Already bound, ignoring bind()
2024-02-02 16:16:17,816 [INFO]  Epoch[0] Batch [0-7]	Speed: 24182.13 samples/sec	cross-entropy=14.828856	trestbps-accuracy=0.000000
2024-02-02 16:16:17,821 [INFO]  Epoch[0] Train-cross-entropy=11.531425
2024-02-02 16:16:17,821 [INFO]  Epoch[0] Train-trestbps-accuracy=0.000000
2024-02-02 16:16:17,821 [INFO]  Epoch[0] Time cost=0.010
2024-02-02 16:16:17,822 [INFO]  Saved checkpoint to "./imputer_model/imputer_model_trestbps/model-0000.params"
2024-02-02 16:16:17,822 [INFO]  Epoch[0] Validation-cross-entropy=4.959546
2024-02-02 16:16:17,822 [INFO]  Epoch[0] Validation-trestbps-accuracy=0.000000
2024-02-02 16:16:17,828 [INFO]  Epoch[1] Batch [0-7]	Speed: 21312.13 samples/sec	cross-entropy=3.026120	trestbps-accuracy=0.000000
2024-02-02 16:16:17,833 [INFO]  Epoch[1] Train-cross-entropy=2.403662
2024-02-02 16:16:17,833 [INFO]  Epoch[1] Train-trestbps-accuracy=0.000000
2024-02-02 16:16:17,833 [INFO]  Epoch[1] Time cost=0.010
2024-02-02 16:16:17,834 [INFO]  Saved checkpoint to "./imputer_model/imputer_model_trestbps/model-0001.params"
2024-02-02 16:16:17,835 [INFO]  Epoch[1] Validation-cross-entropy=1.075855
2024-02-02 16:16:17,835 [INFO]  Epoch[1] Validation-trestbps-accuracy=0.000000
2024-02-02 16:16:17,845 [INFO]  Epoch[2] Batch [0-7]	Speed: 13447.13 samples/sec	cross-entropy=0.829831	trestbps-accuracy=0.000000
2024-02-02 16:16:17,852 [INFO]  Epoch[2] Train-cross-entropy=0.886394
2024-02-02 16:16:17,852 [INFO]  Epoch[2] Train-trestbps-accuracy=0.000000
2024-02-02 16:16:17,852 [INFO]  Epoch[2] Time cost=0.017
2024-02-02 16:16:17,854 [INFO]  Saved checkpoint to "./imputer_model/imputer_model_trestbps/model-0002.params"
2024-02-02 16:16:17,854 [INFO]  Epoch[2] Validation-cross-entropy=0.458335
2024-02-02 16:16:17,854 [INFO]  Epoch[2] Validation-trestbps-accuracy=0.000000
2024-02-02 16:16:17,861 [INFO]  Epoch[3] Batch [0-7]	Speed: 21357.67 samples/sec	cross-entropy=0.498448	trestbps-accuracy=0.000000
2024-02-02 16:16:17,865 [INFO]  Epoch[3] Train-cross-entropy=0.473260
2024-02-02 16:16:17,865 [INFO]  Epoch[3] Train-trestbps-accuracy=0.000000
2024-02-02 16:16:17,865 [INFO]  Epoch[3] Time cost=0.010
2024-02-02 16:16:17,866 [INFO]  Saved checkpoint to "./imputer_model/imputer_model_trestbps/model-0003.params"
2024-02-02 16:16:17,866 [INFO]  Epoch[3] Validation-cross-entropy=0.341132
2024-02-02 16:16:17,866 [INFO]  Epoch[3] Validation-trestbps-accuracy=0.000000
2024-02-02 16:16:17,871 [INFO]  Epoch[4] Batch [0-7]	Speed: 26553.73 samples/sec	cross-entropy=0.286787	trestbps-accuracy=0.000000
2024-02-02 16:16:17,875 [INFO]  Epoch[4] Train-cross-entropy=0.264040
2024-02-02 16:16:17,875 [INFO]  Epoch[4] Train-trestbps-accuracy=0.000000
2024-02-02 16:16:17,875 [INFO]  Epoch[4] Time cost=0.009
2024-02-02 16:16:17,877 [INFO]  Saved checkpoint to "./imputer_model/imputer_model_trestbps/model-0004.params"
2024-02-02 16:16:17,877 [INFO]  Epoch[4] Validation-cross-entropy=0.484367
2024-02-02 16:16:17,877 [INFO]  Epoch[4] Validation-trestbps-accuracy=0.000000
2024-02-02 16:16:17,877 [INFO]  
========== done (0.06766867637634277 s) fit model
2024-02-02 16:16:21,759 [INFO]  
========== start: fit model
2024-02-02 16:16:21,759 [WARNING]  Already bound, ignoring bind()
2024-02-02 16:16:21,768 [INFO]  Epoch[0] Batch [0-7]	Speed: 20630.74 samples/sec	cross-entropy=16.831849	trestbps-accuracy=4.250000
2024-02-02 16:16:21,772 [INFO]  Epoch[0] Train-cross-entropy=12.015001
2024-02-02 16:16:21,772 [INFO]  Epoch[0] Train-trestbps-accuracy=4.571429
2024-02-02 16:16:21,772 [INFO]  Epoch[0] Time cost=0.012
2024-02-02 16:16:21,773 [INFO]  Saved checkpoint to "./imputer_model/imputer_model_trestbps/model-0000.params"
2024-02-02 16:16:21,774 [INFO]  Epoch[0] Validation-cross-entropy=13.593928
2024-02-02 16:16:21,774 [INFO]  Epoch[0] Validation-trestbps-accuracy=0.000000
2024-02-02 16:16:21,781 [INFO]  Epoch[1] Batch [0-7]	Speed: 18271.57 samples/sec	cross-entropy=3.268399	trestbps-accuracy=4.250000
2024-02-02 16:16:21,786 [INFO]  Epoch[1] Train-cross-entropy=2.457592
2024-02-02 16:16:21,786 [INFO]  Epoch[1] Train-trestbps-accuracy=4.571429
2024-02-02 16:16:21,786 [INFO]  Epoch[1] Time cost=0.012
2024-02-02 16:16:21,788 [INFO]  Saved checkpoint to "./imputer_model/imputer_model_trestbps/model-0001.params"
2024-02-02 16:16:21,789 [INFO]  Epoch[1] Validation-cross-entropy=2.391137
2024-02-02 16:16:21,789 [INFO]  Epoch[1] Validation-trestbps-accuracy=0.000000
2024-02-02 16:16:21,795 [INFO]  Epoch[2] Batch [0-7]	Speed: 22503.57 samples/sec	cross-entropy=0.702617	trestbps-accuracy=4.250000
2024-02-02 16:16:21,799 [INFO]  Epoch[2] Train-cross-entropy=0.600746
2024-02-02 16:16:21,799 [INFO]  Epoch[2] Train-trestbps-accuracy=4.571429
2024-02-02 16:16:21,799 [INFO]  Epoch[2] Time cost=0.010
2024-02-02 16:16:21,800 [INFO]  Saved checkpoint to "./imputer_model/imputer_model_trestbps/model-0002.params"
2024-02-02 16:16:21,801 [INFO]  Epoch[2] Validation-cross-entropy=0.969814
2024-02-02 16:16:21,801 [INFO]  Epoch[2] Validation-trestbps-accuracy=0.000000
2024-02-02 16:16:21,806 [INFO]  Epoch[3] Batch [0-7]	Speed: 25637.83 samples/sec	cross-entropy=0.433457	trestbps-accuracy=4.250000
2024-02-02 16:16:21,810 [INFO]  Epoch[3] Train-cross-entropy=0.387872
2024-02-02 16:16:21,810 [INFO]  Epoch[3] Train-trestbps-accuracy=4.571429
2024-02-02 16:16:21,810 [INFO]  Epoch[3] Time cost=0.009
2024-02-02 16:16:21,812 [INFO]  Saved checkpoint to "./imputer_model/imputer_model_trestbps/model-0003.params"
2024-02-02 16:16:21,812 [INFO]  Epoch[3] Validation-cross-entropy=0.860744
2024-02-02 16:16:21,812 [INFO]  Epoch[3] Validation-trestbps-accuracy=0.000000
2024-02-02 16:16:21,818 [INFO]  Epoch[4] Batch [0-7]	Speed: 25392.54 samples/sec	cross-entropy=0.225520	trestbps-accuracy=4.250000
2024-02-02 16:16:21,822 [INFO]  Epoch[4] Train-cross-entropy=0.200971
2024-02-02 16:16:21,822 [INFO]  Epoch[4] Train-trestbps-accuracy=4.571429
2024-02-02 16:16:21,822 [INFO]  Epoch[4] Time cost=0.010
2024-02-02 16:16:21,823 [INFO]  Saved checkpoint to "./imputer_model/imputer_model_trestbps/model-0004.params"
2024-02-02 16:16:21,824 [INFO]  Epoch[4] Validation-cross-entropy=0.841261
2024-02-02 16:16:21,824 [INFO]  Epoch[4] Validation-trestbps-accuracy=0.000000
2024-02-02 16:16:21,824 [INFO]  
========== done (0.06487512588500977 s) fit model
2024-02-02 16:16:25,908 [INFO]  
========== start: fit model
2024-02-02 16:16:25,908 [WARNING]  Already bound, ignoring bind()
2024-02-02 16:16:25,915 [INFO]  Epoch[0] Batch [0-7]	Speed: 21745.22 samples/sec	cross-entropy=14.790935	trestbps-accuracy=3.125000
2024-02-02 16:16:25,920 [INFO]  Epoch[0] Train-cross-entropy=10.651215
2024-02-02 16:16:25,920 [INFO]  Epoch[0] Train-trestbps-accuracy=3.142857
2024-02-02 16:16:25,920 [INFO]  Epoch[0] Time cost=0.011
2024-02-02 16:16:25,921 [INFO]  Saved checkpoint to "./imputer_model/imputer_model_trestbps/model-0000.params"
2024-02-02 16:16:25,922 [INFO]  Epoch[0] Validation-cross-entropy=6.924607
2024-02-02 16:16:25,922 [INFO]  Epoch[0] Validation-trestbps-accuracy=0.000000
2024-02-02 16:16:25,927 [INFO]  Epoch[1] Batch [0-7]	Speed: 27865.82 samples/sec	cross-entropy=2.872323	trestbps-accuracy=3.125000
2024-02-02 16:16:25,930 [INFO]  Epoch[1] Train-cross-entropy=2.226474
2024-02-02 16:16:25,930 [INFO]  Epoch[1] Train-trestbps-accuracy=3.142857
2024-02-02 16:16:25,930 [INFO]  Epoch[1] Time cost=0.008
2024-02-02 16:16:25,932 [INFO]  Saved checkpoint to "./imputer_model/imputer_model_trestbps/model-0001.params"
2024-02-02 16:16:25,932 [INFO]  Epoch[1] Validation-cross-entropy=4.262275
2024-02-02 16:16:25,932 [INFO]  Epoch[1] Validation-trestbps-accuracy=0.000000
2024-02-02 16:16:25,937 [INFO]  Epoch[2] Batch [0-7]	Speed: 27084.99 samples/sec	cross-entropy=0.815782	trestbps-accuracy=3.125000
2024-02-02 16:16:25,941 [INFO]  Epoch[2] Train-cross-entropy=0.772631
2024-02-02 16:16:25,941 [INFO]  Epoch[2] Train-trestbps-accuracy=3.142857
2024-02-02 16:16:25,941 [INFO]  Epoch[2] Time cost=0.008
2024-02-02 16:16:25,942 [INFO]  Saved checkpoint to "./imputer_model/imputer_model_trestbps/model-0002.params"
2024-02-02 16:16:25,943 [INFO]  Epoch[2] Validation-cross-entropy=0.794513
2024-02-02 16:16:25,943 [INFO]  Epoch[2] Validation-trestbps-accuracy=0.000000
2024-02-02 16:16:25,947 [INFO]  Epoch[3] Batch [0-7]	Speed: 28345.02 samples/sec	cross-entropy=0.543864	trestbps-accuracy=3.125000
2024-02-02 16:16:25,951 [INFO]  Epoch[3] Train-cross-entropy=0.528193
2024-02-02 16:16:25,951 [INFO]  Epoch[3] Train-trestbps-accuracy=3.142857
2024-02-02 16:16:25,951 [INFO]  Epoch[3] Time cost=0.008
2024-02-02 16:16:25,952 [INFO]  Saved checkpoint to "./imputer_model/imputer_model_trestbps/model-0003.params"
2024-02-02 16:16:25,953 [INFO]  Epoch[3] Validation-cross-entropy=0.644817
2024-02-02 16:16:25,953 [INFO]  Epoch[3] Validation-trestbps-accuracy=0.000000
2024-02-02 16:16:25,958 [INFO]  Epoch[4] Batch [0-7]	Speed: 27354.69 samples/sec	cross-entropy=0.317821	trestbps-accuracy=3.125000
2024-02-02 16:16:25,961 [INFO]  Epoch[4] Train-cross-entropy=0.313934
2024-02-02 16:16:25,961 [INFO]  Epoch[4] Train-trestbps-accuracy=3.142857
2024-02-02 16:16:25,961 [INFO]  Epoch[4] Time cost=0.008
2024-02-02 16:16:25,963 [INFO]  Saved checkpoint to "./imputer_model/imputer_model_trestbps/model-0004.params"
2024-02-02 16:16:25,963 [INFO]  Epoch[4] Validation-cross-entropy=0.680100
2024-02-02 16:16:25,963 [INFO]  Epoch[4] Validation-trestbps-accuracy=0.000000
2024-02-02 16:16:25,963 [INFO]  
========== done (0.055052995681762695 s) fit model
2024-02-02 16:16:29,915 [INFO]  
========== start: fit model
2024-02-02 16:16:29,916 [WARNING]  Already bound, ignoring bind()
2024-02-02 16:16:29,922 [INFO]  Epoch[0] Batch [0-7]	Speed: 24018.92 samples/sec	cross-entropy=17.126164	trestbps-accuracy=3.625000
2024-02-02 16:16:29,935 [INFO]  Epoch[0] Train-cross-entropy=13.793026
2024-02-02 16:16:29,935 [INFO]  Epoch[0] Train-trestbps-accuracy=4.000000
2024-02-02 16:16:29,935 [INFO]  Epoch[0] Time cost=0.019
2024-02-02 16:16:29,938 [INFO]  Saved checkpoint to "./imputer_model/imputer_model_trestbps/model-0000.params"
2024-02-02 16:16:29,939 [INFO]  Epoch[0] Validation-cross-entropy=7.398146
2024-02-02 16:16:29,939 [INFO]  Epoch[0] Validation-trestbps-accuracy=0.000000
2024-02-02 16:16:29,948 [INFO]  Epoch[1] Batch [0-7]	Speed: 15500.12 samples/sec	cross-entropy=4.748955	trestbps-accuracy=3.625000
2024-02-02 16:16:29,952 [INFO]  Epoch[1] Train-cross-entropy=3.641009
2024-02-02 16:16:29,952 [INFO]  Epoch[1] Train-trestbps-accuracy=4.000000
2024-02-02 16:16:29,952 [INFO]  Epoch[1] Time cost=0.013
2024-02-02 16:16:29,954 [INFO]  Saved checkpoint to "./imputer_model/imputer_model_trestbps/model-0001.params"
2024-02-02 16:16:29,954 [INFO]  Epoch[1] Validation-cross-entropy=2.559387
2024-02-02 16:16:29,954 [INFO]  Epoch[1] Validation-trestbps-accuracy=0.000000
2024-02-02 16:16:29,960 [INFO]  Epoch[2] Batch [0-7]	Speed: 21950.47 samples/sec	cross-entropy=1.471927	trestbps-accuracy=3.625000
2024-02-02 16:16:29,964 [INFO]  Epoch[2] Train-cross-entropy=1.161187
2024-02-02 16:16:29,965 [INFO]  Epoch[2] Train-trestbps-accuracy=4.000000
2024-02-02 16:16:29,965 [INFO]  Epoch[2] Time cost=0.010
2024-02-02 16:16:29,966 [INFO]  Saved checkpoint to "./imputer_model/imputer_model_trestbps/model-0002.params"
2024-02-02 16:16:29,967 [INFO]  Epoch[2] Validation-cross-entropy=0.687829
2024-02-02 16:16:29,967 [INFO]  Epoch[2] Validation-trestbps-accuracy=0.000000
2024-02-02 16:16:29,972 [INFO]  Epoch[3] Batch [0-7]	Speed: 25893.62 samples/sec	cross-entropy=0.822571	trestbps-accuracy=3.625000
2024-02-02 16:16:29,975 [INFO]  Epoch[3] Train-cross-entropy=0.723011
2024-02-02 16:16:29,975 [INFO]  Epoch[3] Train-trestbps-accuracy=4.000000
2024-02-02 16:16:29,975 [INFO]  Epoch[3] Time cost=0.009
2024-02-02 16:16:29,976 [INFO]  Saved checkpoint to "./imputer_model/imputer_model_trestbps/model-0003.params"
2024-02-02 16:16:29,977 [INFO]  Epoch[3] Validation-cross-entropy=0.463729
2024-02-02 16:16:29,977 [INFO]  Epoch[3] Validation-trestbps-accuracy=0.000000
2024-02-02 16:16:29,983 [INFO]  Epoch[4] Batch [0-7]	Speed: 23770.98 samples/sec	cross-entropy=0.548044	trestbps-accuracy=3.625000
2024-02-02 16:16:29,987 [INFO]  Epoch[4] Train-cross-entropy=0.458829
2024-02-02 16:16:29,987 [INFO]  Epoch[4] Train-trestbps-accuracy=4.000000
2024-02-02 16:16:29,987 [INFO]  Epoch[4] Time cost=0.010
2024-02-02 16:16:29,988 [INFO]  Saved checkpoint to "./imputer_model/imputer_model_trestbps/model-0004.params"
2024-02-02 16:16:29,989 [INFO]  Epoch[4] Validation-cross-entropy=0.370141
2024-02-02 16:16:29,989 [INFO]  Epoch[4] Validation-trestbps-accuracy=0.000000
2024-02-02 16:16:29,989 [INFO]  
========== done (0.07355713844299316 s) fit model
2024-02-02 16:16:33,812 [INFO]  
========== start: fit model
2024-02-02 16:16:33,812 [WARNING]  Already bound, ignoring bind()
2024-02-02 16:16:33,818 [INFO]  Epoch[0] Batch [0-7]	Speed: 27711.31 samples/sec	cross-entropy=12.053199	trestbps-accuracy=3.875000
2024-02-02 16:16:33,821 [INFO]  Epoch[0] Train-cross-entropy=9.426173
2024-02-02 16:16:33,821 [INFO]  Epoch[0] Train-trestbps-accuracy=3.500000
2024-02-02 16:16:33,821 [INFO]  Epoch[0] Time cost=0.009
2024-02-02 16:16:33,822 [INFO]  Saved checkpoint to "./imputer_model/imputer_model_trestbps/model-0000.params"
2024-02-02 16:16:33,823 [INFO]  Epoch[0] Validation-cross-entropy=5.445630
2024-02-02 16:16:33,823 [INFO]  Epoch[0] Validation-trestbps-accuracy=0.000000
2024-02-02 16:16:33,828 [INFO]  Epoch[1] Batch [0-7]	Speed: 27639.57 samples/sec	cross-entropy=2.473963	trestbps-accuracy=3.875000
2024-02-02 16:16:33,831 [INFO]  Epoch[1] Train-cross-entropy=2.021431
2024-02-02 16:16:33,831 [INFO]  Epoch[1] Train-trestbps-accuracy=3.500000
2024-02-02 16:16:33,831 [INFO]  Epoch[1] Time cost=0.009
2024-02-02 16:16:33,833 [INFO]  Saved checkpoint to "./imputer_model/imputer_model_trestbps/model-0001.params"
2024-02-02 16:16:33,833 [INFO]  Epoch[1] Validation-cross-entropy=0.565910
2024-02-02 16:16:33,833 [INFO]  Epoch[1] Validation-trestbps-accuracy=0.000000
2024-02-02 16:16:33,838 [INFO]  Epoch[2] Batch [0-7]	Speed: 28849.85 samples/sec	cross-entropy=1.096916	trestbps-accuracy=3.875000
2024-02-02 16:16:33,841 [INFO]  Epoch[2] Train-cross-entropy=0.881413
2024-02-02 16:16:33,841 [INFO]  Epoch[2] Train-trestbps-accuracy=3.500000
2024-02-02 16:16:33,841 [INFO]  Epoch[2] Time cost=0.008
2024-02-02 16:16:33,843 [INFO]  Saved checkpoint to "./imputer_model/imputer_model_trestbps/model-0002.params"
2024-02-02 16:16:33,843 [INFO]  Epoch[2] Validation-cross-entropy=0.543669
2024-02-02 16:16:33,843 [INFO]  Epoch[2] Validation-trestbps-accuracy=0.000000
2024-02-02 16:16:33,848 [INFO]  Epoch[3] Batch [0-7]	Speed: 29619.30 samples/sec	cross-entropy=0.514470	trestbps-accuracy=3.875000
2024-02-02 16:16:33,852 [INFO]  Epoch[3] Train-cross-entropy=0.451762
2024-02-02 16:16:33,852 [INFO]  Epoch[3] Train-trestbps-accuracy=3.500000
2024-02-02 16:16:33,852 [INFO]  Epoch[3] Time cost=0.008
2024-02-02 16:16:33,853 [INFO]  Saved checkpoint to "./imputer_model/imputer_model_trestbps/model-0003.params"
2024-02-02 16:16:33,853 [INFO]  Epoch[3] Validation-cross-entropy=0.440290
2024-02-02 16:16:33,853 [INFO]  Epoch[3] Validation-trestbps-accuracy=0.000000
2024-02-02 16:16:33,858 [INFO]  Epoch[4] Batch [0-7]	Speed: 28848.07 samples/sec	cross-entropy=0.322562	trestbps-accuracy=3.875000
2024-02-02 16:16:33,862 [INFO]  Epoch[4] Train-cross-entropy=0.299822
2024-02-02 16:16:33,862 [INFO]  Epoch[4] Train-trestbps-accuracy=3.500000
2024-02-02 16:16:33,862 [INFO]  Epoch[4] Time cost=0.009
2024-02-02 16:16:33,863 [INFO]  Saved checkpoint to "./imputer_model/imputer_model_trestbps/model-0004.params"
2024-02-02 16:16:33,864 [INFO]  Epoch[4] Validation-cross-entropy=0.271271
2024-02-02 16:16:33,864 [INFO]  Epoch[4] Validation-trestbps-accuracy=0.000000
2024-02-02 16:16:33,864 [INFO]  
========== done (0.052492380142211914 s) fit model
2024-02-02 16:16:37,852 [INFO]  
========== start: fit model
2024-02-02 16:16:37,852 [WARNING]  Already bound, ignoring bind()
2024-02-02 16:16:37,867 [INFO]  Epoch[0] Batch [0-7]	Speed: 10330.34 samples/sec	cross-entropy=17.794335	trestbps-accuracy=3.625000
2024-02-02 16:16:37,875 [INFO]  Epoch[0] Train-cross-entropy=16.110235
2024-02-02 16:16:37,875 [INFO]  Epoch[0] Train-trestbps-accuracy=3.500000
2024-02-02 16:16:37,875 [INFO]  Epoch[0] Time cost=0.023
2024-02-02 16:16:37,878 [INFO]  Saved checkpoint to "./imputer_model/imputer_model_trestbps/model-0000.params"
2024-02-02 16:16:37,879 [INFO]  Epoch[0] Validation-cross-entropy=24.861471
2024-02-02 16:16:37,879 [INFO]  Epoch[0] Validation-trestbps-accuracy=0.000000
2024-02-02 16:16:37,885 [INFO]  Epoch[1] Batch [0-7]	Speed: 21704.03 samples/sec	cross-entropy=5.144206	trestbps-accuracy=3.625000
2024-02-02 16:16:37,890 [INFO]  Epoch[1] Train-cross-entropy=3.974597
2024-02-02 16:16:37,890 [INFO]  Epoch[1] Train-trestbps-accuracy=3.500000
2024-02-02 16:16:37,890 [INFO]  Epoch[1] Time cost=0.011
2024-02-02 16:16:37,891 [INFO]  Saved checkpoint to "./imputer_model/imputer_model_trestbps/model-0001.params"
2024-02-02 16:16:37,892 [INFO]  Epoch[1] Validation-cross-entropy=16.467714
2024-02-02 16:16:37,892 [INFO]  Epoch[1] Validation-trestbps-accuracy=0.000000
2024-02-02 16:16:37,897 [INFO]  Epoch[2] Batch [0-7]	Speed: 24474.42 samples/sec	cross-entropy=1.302213	trestbps-accuracy=3.625000
2024-02-02 16:16:37,901 [INFO]  Epoch[2] Train-cross-entropy=1.150217
2024-02-02 16:16:37,901 [INFO]  Epoch[2] Train-trestbps-accuracy=3.500000
2024-02-02 16:16:37,901 [INFO]  Epoch[2] Time cost=0.009
2024-02-02 16:16:37,913 [INFO]  Saved checkpoint to "./imputer_model/imputer_model_trestbps/model-0002.params"
2024-02-02 16:16:37,914 [INFO]  Epoch[2] Validation-cross-entropy=4.479707
2024-02-02 16:16:37,914 [INFO]  Epoch[2] Validation-trestbps-accuracy=0.000000
2024-02-02 16:16:37,920 [INFO]  Epoch[3] Batch [0-7]	Speed: 24779.09 samples/sec	cross-entropy=0.593698	trestbps-accuracy=3.625000
2024-02-02 16:16:37,923 [INFO]  Epoch[3] Train-cross-entropy=0.595983
2024-02-02 16:16:37,923 [INFO]  Epoch[3] Train-trestbps-accuracy=3.500000
2024-02-02 16:16:37,923 [INFO]  Epoch[3] Time cost=0.009
2024-02-02 16:16:37,925 [INFO]  Saved checkpoint to "./imputer_model/imputer_model_trestbps/model-0003.params"
2024-02-02 16:16:37,925 [INFO]  Epoch[3] Validation-cross-entropy=2.547062
2024-02-02 16:16:37,925 [INFO]  Epoch[3] Validation-trestbps-accuracy=0.000000
2024-02-02 16:16:37,930 [INFO]  Epoch[4] Batch [0-7]	Speed: 26283.34 samples/sec	cross-entropy=0.448533	trestbps-accuracy=3.625000
2024-02-02 16:16:37,934 [INFO]  Epoch[4] Train-cross-entropy=0.392411
2024-02-02 16:16:37,934 [INFO]  Epoch[4] Train-trestbps-accuracy=3.500000
2024-02-02 16:16:37,934 [INFO]  Epoch[4] Time cost=0.009
2024-02-02 16:16:37,935 [INFO]  Saved checkpoint to "./imputer_model/imputer_model_trestbps/model-0004.params"
2024-02-02 16:16:37,936 [INFO]  Epoch[4] Validation-cross-entropy=2.102370
2024-02-02 16:16:37,936 [INFO]  Epoch[4] Validation-trestbps-accuracy=0.000000
2024-02-02 16:16:37,936 [INFO]  
========== done (0.08383965492248535 s) fit model
2024-02-02 16:16:42,009 [INFO]  
========== start: fit model
2024-02-02 16:16:42,009 [WARNING]  Already bound, ignoring bind()
2024-02-02 16:16:42,015 [INFO]  Epoch[0] Batch [0-7]	Speed: 28154.75 samples/sec	cross-entropy=15.084133	trestbps-accuracy=3.500000
2024-02-02 16:16:42,018 [INFO]  Epoch[0] Train-cross-entropy=13.359997
2024-02-02 16:16:42,018 [INFO]  Epoch[0] Train-trestbps-accuracy=3.500000
2024-02-02 16:16:42,018 [INFO]  Epoch[0] Time cost=0.009
2024-02-02 16:16:42,019 [INFO]  Saved checkpoint to "./imputer_model/imputer_model_trestbps/model-0000.params"
2024-02-02 16:16:42,020 [INFO]  Epoch[0] Validation-cross-entropy=9.503142
2024-02-02 16:16:42,020 [INFO]  Epoch[0] Validation-trestbps-accuracy=0.000000
2024-02-02 16:16:42,025 [INFO]  Epoch[1] Batch [0-7]	Speed: 27719.48 samples/sec	cross-entropy=4.702890	trestbps-accuracy=3.500000
2024-02-02 16:16:42,028 [INFO]  Epoch[1] Train-cross-entropy=4.003981
2024-02-02 16:16:42,028 [INFO]  Epoch[1] Train-trestbps-accuracy=3.500000
2024-02-02 16:16:42,028 [INFO]  Epoch[1] Time cost=0.008
2024-02-02 16:16:42,029 [INFO]  Saved checkpoint to "./imputer_model/imputer_model_trestbps/model-0001.params"
2024-02-02 16:16:42,030 [INFO]  Epoch[1] Validation-cross-entropy=2.733444
2024-02-02 16:16:42,030 [INFO]  Epoch[1] Validation-trestbps-accuracy=0.000000
2024-02-02 16:16:42,035 [INFO]  Epoch[2] Batch [0-7]	Speed: 27884.02 samples/sec	cross-entropy=1.024498	trestbps-accuracy=3.500000
2024-02-02 16:16:42,038 [INFO]  Epoch[2] Train-cross-entropy=0.947884
2024-02-02 16:16:42,038 [INFO]  Epoch[2] Train-trestbps-accuracy=3.500000
2024-02-02 16:16:42,038 [INFO]  Epoch[2] Time cost=0.008
2024-02-02 16:16:42,040 [INFO]  Saved checkpoint to "./imputer_model/imputer_model_trestbps/model-0002.params"
2024-02-02 16:16:42,040 [INFO]  Epoch[2] Validation-cross-entropy=1.049836
2024-02-02 16:16:42,040 [INFO]  Epoch[2] Validation-trestbps-accuracy=0.000000
2024-02-02 16:16:42,045 [INFO]  Epoch[3] Batch [0-7]	Speed: 29069.43 samples/sec	cross-entropy=0.432189	trestbps-accuracy=3.500000
2024-02-02 16:16:42,048 [INFO]  Epoch[3] Train-cross-entropy=0.503582
2024-02-02 16:16:42,048 [INFO]  Epoch[3] Train-trestbps-accuracy=3.500000
2024-02-02 16:16:42,048 [INFO]  Epoch[3] Time cost=0.008
2024-02-02 16:16:42,049 [INFO]  Saved checkpoint to "./imputer_model/imputer_model_trestbps/model-0003.params"
2024-02-02 16:16:42,050 [INFO]  Epoch[3] Validation-cross-entropy=0.528247
2024-02-02 16:16:42,050 [INFO]  Epoch[3] Validation-trestbps-accuracy=0.000000
2024-02-02 16:16:42,055 [INFO]  Epoch[4] Batch [0-7]	Speed: 27626.56 samples/sec	cross-entropy=0.313759	trestbps-accuracy=3.500000
2024-02-02 16:16:42,058 [INFO]  Epoch[4] Train-cross-entropy=0.330227
2024-02-02 16:16:42,058 [INFO]  Epoch[4] Train-trestbps-accuracy=3.500000
2024-02-02 16:16:42,058 [INFO]  Epoch[4] Time cost=0.008
2024-02-02 16:16:42,060 [INFO]  Saved checkpoint to "./imputer_model/imputer_model_trestbps/model-0004.params"
2024-02-02 16:16:42,060 [INFO]  Epoch[4] Validation-cross-entropy=0.372620
2024-02-02 16:16:42,060 [INFO]  Epoch[4] Validation-trestbps-accuracy=0.000000
2024-02-02 16:16:42,060 [INFO]  
========== done (0.051511287689208984 s) fit model
2024-02-02 16:16:46,423 [INFO]  
========== start: fit model
2024-02-02 16:16:46,423 [WARNING]  Already bound, ignoring bind()
2024-02-02 16:16:46,429 [INFO]  Epoch[0] Batch [0-7]	Speed: 27256.28 samples/sec	cross-entropy=14.749998	trestbps-accuracy=3.375000
2024-02-02 16:16:46,433 [INFO]  Epoch[0] Train-cross-entropy=12.250717
2024-02-02 16:16:46,433 [INFO]  Epoch[0] Train-trestbps-accuracy=3.071429
2024-02-02 16:16:46,433 [INFO]  Epoch[0] Time cost=0.009
2024-02-02 16:16:46,435 [INFO]  Saved checkpoint to "./imputer_model/imputer_model_trestbps/model-0000.params"
2024-02-02 16:16:46,435 [INFO]  Epoch[0] Validation-cross-entropy=10.817340
2024-02-02 16:16:46,435 [INFO]  Epoch[0] Validation-trestbps-accuracy=0.000000
2024-02-02 16:16:46,441 [INFO]  Epoch[1] Batch [0-7]	Speed: 22208.87 samples/sec	cross-entropy=3.558246	trestbps-accuracy=3.375000
2024-02-02 16:16:46,445 [INFO]  Epoch[1] Train-cross-entropy=2.749001
2024-02-02 16:16:46,445 [INFO]  Epoch[1] Train-trestbps-accuracy=3.071429
2024-02-02 16:16:46,445 [INFO]  Epoch[1] Time cost=0.010
2024-02-02 16:16:46,447 [INFO]  Saved checkpoint to "./imputer_model/imputer_model_trestbps/model-0001.params"
2024-02-02 16:16:46,447 [INFO]  Epoch[1] Validation-cross-entropy=0.772866
2024-02-02 16:16:46,447 [INFO]  Epoch[1] Validation-trestbps-accuracy=0.000000
2024-02-02 16:16:46,453 [INFO]  Epoch[2] Batch [0-7]	Speed: 24940.91 samples/sec	cross-entropy=1.088253	trestbps-accuracy=3.375000
2024-02-02 16:16:46,457 [INFO]  Epoch[2] Train-cross-entropy=0.974246
2024-02-02 16:16:46,457 [INFO]  Epoch[2] Train-trestbps-accuracy=3.071429
2024-02-02 16:16:46,457 [INFO]  Epoch[2] Time cost=0.009
2024-02-02 16:16:46,458 [INFO]  Saved checkpoint to "./imputer_model/imputer_model_trestbps/model-0002.params"
2024-02-02 16:16:46,459 [INFO]  Epoch[2] Validation-cross-entropy=0.538028
2024-02-02 16:16:46,459 [INFO]  Epoch[2] Validation-trestbps-accuracy=0.000000
2024-02-02 16:16:46,464 [INFO]  Epoch[3] Batch [0-7]	Speed: 25154.59 samples/sec	cross-entropy=0.652731	trestbps-accuracy=3.375000
2024-02-02 16:16:46,468 [INFO]  Epoch[3] Train-cross-entropy=0.541480
2024-02-02 16:16:46,468 [INFO]  Epoch[3] Train-trestbps-accuracy=3.071429
2024-02-02 16:16:46,468 [INFO]  Epoch[3] Time cost=0.009
2024-02-02 16:16:46,469 [INFO]  Saved checkpoint to "./imputer_model/imputer_model_trestbps/model-0003.params"
2024-02-02 16:16:46,470 [INFO]  Epoch[3] Validation-cross-entropy=0.344121
2024-02-02 16:16:46,470 [INFO]  Epoch[3] Validation-trestbps-accuracy=0.000000
2024-02-02 16:16:46,476 [INFO]  Epoch[4] Batch [0-7]	Speed: 23679.91 samples/sec	cross-entropy=0.436042	trestbps-accuracy=3.375000
2024-02-02 16:16:46,480 [INFO]  Epoch[4] Train-cross-entropy=0.373193
2024-02-02 16:16:46,480 [INFO]  Epoch[4] Train-trestbps-accuracy=3.071429
2024-02-02 16:16:46,480 [INFO]  Epoch[4] Time cost=0.010
2024-02-02 16:16:46,481 [INFO]  Saved checkpoint to "./imputer_model/imputer_model_trestbps/model-0004.params"
2024-02-02 16:16:46,482 [INFO]  Epoch[4] Validation-cross-entropy=0.216047
2024-02-02 16:16:46,482 [INFO]  Epoch[4] Validation-trestbps-accuracy=0.000000
2024-02-02 16:16:46,482 [INFO]  
========== done (0.05905795097351074 s) fit model
2024-02-02 16:16:50,671 [INFO]  
========== start: fit model
2024-02-02 16:16:50,671 [WARNING]  Already bound, ignoring bind()
2024-02-02 16:16:50,678 [INFO]  Epoch[0] Batch [0-7]	Speed: 23610.88 samples/sec	cross-entropy=19.607085	trestbps-accuracy=0.000000
2024-02-02 16:16:50,682 [INFO]  Epoch[0] Train-cross-entropy=14.665320
2024-02-02 16:16:50,682 [INFO]  Epoch[0] Train-trestbps-accuracy=0.000000
2024-02-02 16:16:50,682 [INFO]  Epoch[0] Time cost=0.010
2024-02-02 16:16:50,683 [INFO]  Saved checkpoint to "./imputer_model/imputer_model_trestbps/model-0000.params"
2024-02-02 16:16:50,684 [INFO]  Epoch[0] Validation-cross-entropy=15.750111
2024-02-02 16:16:50,684 [INFO]  Epoch[0] Validation-trestbps-accuracy=0.000000
2024-02-02 16:16:50,691 [INFO]  Epoch[1] Batch [0-7]	Speed: 16364.59 samples/sec	cross-entropy=6.132848	trestbps-accuracy=0.000000
2024-02-02 16:16:50,700 [INFO]  Epoch[1] Train-cross-entropy=4.348294
2024-02-02 16:16:50,701 [INFO]  Epoch[1] Train-trestbps-accuracy=0.000000
2024-02-02 16:16:50,701 [INFO]  Epoch[1] Time cost=0.017
2024-02-02 16:16:50,703 [INFO]  Saved checkpoint to "./imputer_model/imputer_model_trestbps/model-0001.params"
2024-02-02 16:16:50,704 [INFO]  Epoch[1] Validation-cross-entropy=4.283380
2024-02-02 16:16:50,704 [INFO]  Epoch[1] Validation-trestbps-accuracy=0.000000
2024-02-02 16:16:50,712 [INFO]  Epoch[2] Batch [0-7]	Speed: 15205.61 samples/sec	cross-entropy=1.202771	trestbps-accuracy=0.000000
2024-02-02 16:16:50,717 [INFO]  Epoch[2] Train-cross-entropy=1.024445
2024-02-02 16:16:50,717 [INFO]  Epoch[2] Train-trestbps-accuracy=0.000000
2024-02-02 16:16:50,717 [INFO]  Epoch[2] Time cost=0.014
2024-02-02 16:16:50,719 [INFO]  Saved checkpoint to "./imputer_model/imputer_model_trestbps/model-0002.params"
2024-02-02 16:16:50,719 [INFO]  Epoch[2] Validation-cross-entropy=1.976367
2024-02-02 16:16:50,720 [INFO]  Epoch[2] Validation-trestbps-accuracy=0.000000
2024-02-02 16:16:50,725 [INFO]  Epoch[3] Batch [0-7]	Speed: 26677.38 samples/sec	cross-entropy=0.511271	trestbps-accuracy=0.000000
2024-02-02 16:16:50,728 [INFO]  Epoch[3] Train-cross-entropy=0.475880
2024-02-02 16:16:50,728 [INFO]  Epoch[3] Train-trestbps-accuracy=0.000000
2024-02-02 16:16:50,728 [INFO]  Epoch[3] Time cost=0.009
2024-02-02 16:16:50,729 [INFO]  Saved checkpoint to "./imputer_model/imputer_model_trestbps/model-0003.params"
2024-02-02 16:16:50,730 [INFO]  Epoch[3] Validation-cross-entropy=1.371921
2024-02-02 16:16:50,730 [INFO]  Epoch[3] Validation-trestbps-accuracy=0.000000
2024-02-02 16:16:50,735 [INFO]  Epoch[4] Batch [0-7]	Speed: 27163.30 samples/sec	cross-entropy=0.369411	trestbps-accuracy=0.000000
2024-02-02 16:16:50,738 [INFO]  Epoch[4] Train-cross-entropy=0.335745
2024-02-02 16:16:50,738 [INFO]  Epoch[4] Train-trestbps-accuracy=0.000000
2024-02-02 16:16:50,738 [INFO]  Epoch[4] Time cost=0.008
2024-02-02 16:16:50,739 [INFO]  Saved checkpoint to "./imputer_model/imputer_model_trestbps/model-0004.params"
2024-02-02 16:16:50,740 [INFO]  Epoch[4] Validation-cross-entropy=1.223378
2024-02-02 16:16:50,740 [INFO]  Epoch[4] Validation-trestbps-accuracy=0.000000
2024-02-02 16:16:50,740 [INFO]  
========== done (0.06906414031982422 s) fit model
2024-02-02 16:16:55,313 [INFO]  
========== start: fit model
2024-02-02 16:16:55,313 [WARNING]  Already bound, ignoring bind()
2024-02-02 16:16:55,320 [INFO]  Epoch[0] Batch [0-7]	Speed: 25965.18 samples/sec	cross-entropy=20.892978	trestbps-accuracy=3.125000
2024-02-02 16:16:55,323 [INFO]  Epoch[0] Train-cross-entropy=16.158185
2024-02-02 16:16:55,323 [INFO]  Epoch[0] Train-trestbps-accuracy=3.571429
2024-02-02 16:16:55,323 [INFO]  Epoch[0] Time cost=0.009
2024-02-02 16:16:55,325 [INFO]  Saved checkpoint to "./imputer_model/imputer_model_trestbps/model-0000.params"
2024-02-02 16:16:55,325 [INFO]  Epoch[0] Validation-cross-entropy=2.012370
2024-02-02 16:16:55,325 [INFO]  Epoch[0] Validation-trestbps-accuracy=0.000000
2024-02-02 16:16:55,330 [INFO]  Epoch[1] Batch [0-7]	Speed: 26157.47 samples/sec	cross-entropy=5.589439	trestbps-accuracy=3.125000
2024-02-02 16:16:55,334 [INFO]  Epoch[1] Train-cross-entropy=4.264870
2024-02-02 16:16:55,334 [INFO]  Epoch[1] Train-trestbps-accuracy=3.571429
2024-02-02 16:16:55,334 [INFO]  Epoch[1] Time cost=0.009
2024-02-02 16:16:55,336 [INFO]  Saved checkpoint to "./imputer_model/imputer_model_trestbps/model-0001.params"
2024-02-02 16:16:55,336 [INFO]  Epoch[1] Validation-cross-entropy=1.097266
2024-02-02 16:16:55,336 [INFO]  Epoch[1] Validation-trestbps-accuracy=0.000000
2024-02-02 16:16:55,341 [INFO]  Epoch[2] Batch [0-7]	Speed: 28141.26 samples/sec	cross-entropy=1.357498	trestbps-accuracy=3.125000
2024-02-02 16:16:55,345 [INFO]  Epoch[2] Train-cross-entropy=1.012750
2024-02-02 16:16:55,345 [INFO]  Epoch[2] Train-trestbps-accuracy=3.571429
2024-02-02 16:16:55,345 [INFO]  Epoch[2] Time cost=0.008
2024-02-02 16:16:55,346 [INFO]  Saved checkpoint to "./imputer_model/imputer_model_trestbps/model-0002.params"
2024-02-02 16:16:55,347 [INFO]  Epoch[2] Validation-cross-entropy=0.806284
2024-02-02 16:16:55,347 [INFO]  Epoch[2] Validation-trestbps-accuracy=0.000000
2024-02-02 16:16:55,351 [INFO]  Epoch[3] Batch [0-7]	Speed: 27758.79 samples/sec	cross-entropy=0.749244	trestbps-accuracy=3.125000
2024-02-02 16:16:55,355 [INFO]  Epoch[3] Train-cross-entropy=0.565104
2024-02-02 16:16:55,355 [INFO]  Epoch[3] Train-trestbps-accuracy=3.571429
2024-02-02 16:16:55,355 [INFO]  Epoch[3] Time cost=0.008
2024-02-02 16:16:55,356 [INFO]  Saved checkpoint to "./imputer_model/imputer_model_trestbps/model-0003.params"
2024-02-02 16:16:55,357 [INFO]  Epoch[3] Validation-cross-entropy=0.735003
2024-02-02 16:16:55,357 [INFO]  Epoch[3] Validation-trestbps-accuracy=0.000000
2024-02-02 16:16:55,361 [INFO]  Epoch[4] Batch [0-7]	Speed: 27752.23 samples/sec	cross-entropy=0.500028	trestbps-accuracy=3.125000
2024-02-02 16:16:55,365 [INFO]  Epoch[4] Train-cross-entropy=0.391650
2024-02-02 16:16:55,365 [INFO]  Epoch[4] Train-trestbps-accuracy=3.571429
2024-02-02 16:16:55,365 [INFO]  Epoch[4] Time cost=0.008
2024-02-02 16:16:55,366 [INFO]  Saved checkpoint to "./imputer_model/imputer_model_trestbps/model-0004.params"
2024-02-02 16:16:55,367 [INFO]  Epoch[4] Validation-cross-entropy=0.500796
2024-02-02 16:16:55,367 [INFO]  Epoch[4] Validation-trestbps-accuracy=0.000000
2024-02-02 16:16:55,367 [INFO]  
========== done (0.05399894714355469 s) fit model
2024-02-02 16:16:59,869 [INFO]  
========== start: fit model
2024-02-02 16:16:59,869 [WARNING]  Already bound, ignoring bind()
2024-02-02 16:16:59,876 [INFO]  Epoch[0] Batch [0-7]	Speed: 23569.42 samples/sec	cross-entropy=13.478201	trestbps-accuracy=3.250000
2024-02-02 16:16:59,880 [INFO]  Epoch[0] Train-cross-entropy=10.054969
2024-02-02 16:16:59,880 [INFO]  Epoch[0] Train-trestbps-accuracy=3.428571
2024-02-02 16:16:59,880 [INFO]  Epoch[0] Time cost=0.010
2024-02-02 16:16:59,882 [INFO]  Saved checkpoint to "./imputer_model/imputer_model_trestbps/model-0000.params"
2024-02-02 16:16:59,882 [INFO]  Epoch[0] Validation-cross-entropy=6.717140
2024-02-02 16:16:59,882 [INFO]  Epoch[0] Validation-trestbps-accuracy=0.000000
2024-02-02 16:16:59,888 [INFO]  Epoch[1] Batch [0-7]	Speed: 23154.68 samples/sec	cross-entropy=2.617772	trestbps-accuracy=3.250000
2024-02-02 16:16:59,892 [INFO]  Epoch[1] Train-cross-entropy=2.293843
2024-02-02 16:16:59,892 [INFO]  Epoch[1] Train-trestbps-accuracy=3.428571
2024-02-02 16:16:59,892 [INFO]  Epoch[1] Time cost=0.010
2024-02-02 16:16:59,894 [INFO]  Saved checkpoint to "./imputer_model/imputer_model_trestbps/model-0001.params"
2024-02-02 16:16:59,894 [INFO]  Epoch[1] Validation-cross-entropy=3.338236
2024-02-02 16:16:59,894 [INFO]  Epoch[1] Validation-trestbps-accuracy=0.000000
2024-02-02 16:16:59,900 [INFO]  Epoch[2] Batch [0-7]	Speed: 24353.88 samples/sec	cross-entropy=1.040193	trestbps-accuracy=3.250000
2024-02-02 16:16:59,904 [INFO]  Epoch[2] Train-cross-entropy=1.009233
2024-02-02 16:16:59,904 [INFO]  Epoch[2] Train-trestbps-accuracy=3.428571
2024-02-02 16:16:59,904 [INFO]  Epoch[2] Time cost=0.009
2024-02-02 16:16:59,906 [INFO]  Saved checkpoint to "./imputer_model/imputer_model_trestbps/model-0002.params"
2024-02-02 16:16:59,906 [INFO]  Epoch[2] Validation-cross-entropy=1.874684
2024-02-02 16:16:59,906 [INFO]  Epoch[2] Validation-trestbps-accuracy=0.000000
2024-02-02 16:16:59,912 [INFO]  Epoch[3] Batch [0-7]	Speed: 22192.08 samples/sec	cross-entropy=0.530318	trestbps-accuracy=3.250000
2024-02-02 16:16:59,917 [INFO]  Epoch[3] Train-cross-entropy=0.543928
2024-02-02 16:16:59,917 [INFO]  Epoch[3] Train-trestbps-accuracy=3.428571
2024-02-02 16:16:59,917 [INFO]  Epoch[3] Time cost=0.010
2024-02-02 16:16:59,918 [INFO]  Saved checkpoint to "./imputer_model/imputer_model_trestbps/model-0003.params"
2024-02-02 16:16:59,919 [INFO]  Epoch[3] Validation-cross-entropy=1.683621
2024-02-02 16:16:59,919 [INFO]  Epoch[3] Validation-trestbps-accuracy=0.000000
2024-02-02 16:16:59,926 [INFO]  Epoch[4] Batch [0-7]	Speed: 17471.72 samples/sec	cross-entropy=0.335252	trestbps-accuracy=3.250000
2024-02-02 16:16:59,936 [INFO]  Epoch[4] Train-cross-entropy=0.338943
2024-02-02 16:16:59,936 [INFO]  Epoch[4] Train-trestbps-accuracy=3.428571
2024-02-02 16:16:59,936 [INFO]  Epoch[4] Time cost=0.017
2024-02-02 16:16:59,939 [INFO]  Saved checkpoint to "./imputer_model/imputer_model_trestbps/model-0004.params"
2024-02-02 16:16:59,941 [INFO]  Epoch[4] Validation-cross-entropy=1.476139
2024-02-02 16:16:59,941 [INFO]  Epoch[4] Validation-trestbps-accuracy=0.000000
2024-02-02 16:16:59,941 [INFO]  
========== done (0.07209253311157227 s) fit model
2024-02-02 16:17:04,479 [INFO]  
========== start: fit model
2024-02-02 16:17:04,479 [WARNING]  Already bound, ignoring bind()
2024-02-02 16:17:04,486 [INFO]  Epoch[0] Batch [0-7]	Speed: 22709.18 samples/sec	cross-entropy=12.185890	trestbps-accuracy=0.000000
2024-02-02 16:17:04,490 [INFO]  Epoch[0] Train-cross-entropy=10.529621
2024-02-02 16:17:04,490 [INFO]  Epoch[0] Train-trestbps-accuracy=0.000000
2024-02-02 16:17:04,490 [INFO]  Epoch[0] Time cost=0.011
2024-02-02 16:17:04,492 [INFO]  Saved checkpoint to "./imputer_model/imputer_model_trestbps/model-0000.params"
2024-02-02 16:17:04,493 [INFO]  Epoch[0] Validation-cross-entropy=7.022568
2024-02-02 16:17:04,493 [INFO]  Epoch[0] Validation-trestbps-accuracy=0.000000
2024-02-02 16:17:04,498 [INFO]  Epoch[1] Batch [0-7]	Speed: 23512.79 samples/sec	cross-entropy=2.361563	trestbps-accuracy=0.000000
2024-02-02 16:17:04,502 [INFO]  Epoch[1] Train-cross-entropy=2.162646
2024-02-02 16:17:04,503 [INFO]  Epoch[1] Train-trestbps-accuracy=0.000000
2024-02-02 16:17:04,503 [INFO]  Epoch[1] Time cost=0.010
2024-02-02 16:17:04,504 [INFO]  Saved checkpoint to "./imputer_model/imputer_model_trestbps/model-0001.params"
2024-02-02 16:17:04,505 [INFO]  Epoch[1] Validation-cross-entropy=1.839950
2024-02-02 16:17:04,505 [INFO]  Epoch[1] Validation-trestbps-accuracy=0.000000
2024-02-02 16:17:04,510 [INFO]  Epoch[2] Batch [0-7]	Speed: 23792.65 samples/sec	cross-entropy=0.878513	trestbps-accuracy=0.000000
2024-02-02 16:17:04,514 [INFO]  Epoch[2] Train-cross-entropy=0.767595
2024-02-02 16:17:04,514 [INFO]  Epoch[2] Train-trestbps-accuracy=0.000000
2024-02-02 16:17:04,514 [INFO]  Epoch[2] Time cost=0.010
2024-02-02 16:17:04,516 [INFO]  Saved checkpoint to "./imputer_model/imputer_model_trestbps/model-0002.params"
2024-02-02 16:17:04,516 [INFO]  Epoch[2] Validation-cross-entropy=0.964158
2024-02-02 16:17:04,517 [INFO]  Epoch[2] Validation-trestbps-accuracy=0.000000
2024-02-02 16:17:04,522 [INFO]  Epoch[3] Batch [0-7]	Speed: 24433.69 samples/sec	cross-entropy=0.627085	trestbps-accuracy=0.000000
2024-02-02 16:17:04,526 [INFO]  Epoch[3] Train-cross-entropy=0.520428
2024-02-02 16:17:04,526 [INFO]  Epoch[3] Train-trestbps-accuracy=0.000000
2024-02-02 16:17:04,526 [INFO]  Epoch[3] Time cost=0.010
2024-02-02 16:17:04,527 [INFO]  Saved checkpoint to "./imputer_model/imputer_model_trestbps/model-0003.params"
2024-02-02 16:17:04,528 [INFO]  Epoch[3] Validation-cross-entropy=0.810776
2024-02-02 16:17:04,528 [INFO]  Epoch[3] Validation-trestbps-accuracy=0.000000
2024-02-02 16:17:04,534 [INFO]  Epoch[4] Batch [0-7]	Speed: 22544.61 samples/sec	cross-entropy=0.356050	trestbps-accuracy=0.000000
2024-02-02 16:17:04,538 [INFO]  Epoch[4] Train-cross-entropy=0.320650
2024-02-02 16:17:04,538 [INFO]  Epoch[4] Train-trestbps-accuracy=0.000000
2024-02-02 16:17:04,538 [INFO]  Epoch[4] Time cost=0.010
2024-02-02 16:17:04,539 [INFO]  Saved checkpoint to "./imputer_model/imputer_model_trestbps/model-0004.params"
2024-02-02 16:17:04,540 [INFO]  Epoch[4] Validation-cross-entropy=0.829010
2024-02-02 16:17:04,540 [INFO]  Epoch[4] Validation-trestbps-accuracy=0.000000
2024-02-02 16:17:04,540 [INFO]  
========== done (0.061395883560180664 s) fit model
2024-02-02 16:17:09,140 [INFO]  
========== start: fit model
2024-02-02 16:17:09,140 [WARNING]  Already bound, ignoring bind()
2024-02-02 16:17:09,155 [INFO]  Epoch[0] Batch [0-7]	Speed: 10210.66 samples/sec	cross-entropy=16.126221	trestbps-accuracy=0.000000
2024-02-02 16:17:09,162 [INFO]  Epoch[0] Train-cross-entropy=12.351556
2024-02-02 16:17:09,162 [INFO]  Epoch[0] Train-trestbps-accuracy=0.000000
2024-02-02 16:17:09,162 [INFO]  Epoch[0] Time cost=0.021
2024-02-02 16:17:09,165 [INFO]  Saved checkpoint to "./imputer_model/imputer_model_trestbps/model-0000.params"
2024-02-02 16:17:09,166 [INFO]  Epoch[0] Validation-cross-entropy=4.895749
2024-02-02 16:17:09,166 [INFO]  Epoch[0] Validation-trestbps-accuracy=0.000000
2024-02-02 16:17:09,173 [INFO]  Epoch[1] Batch [0-7]	Speed: 19411.65 samples/sec	cross-entropy=3.933242	trestbps-accuracy=0.000000
2024-02-02 16:17:09,178 [INFO]  Epoch[1] Train-cross-entropy=3.006516
2024-02-02 16:17:09,178 [INFO]  Epoch[1] Train-trestbps-accuracy=0.000000
2024-02-02 16:17:09,178 [INFO]  Epoch[1] Time cost=0.012
2024-02-02 16:17:09,179 [INFO]  Saved checkpoint to "./imputer_model/imputer_model_trestbps/model-0001.params"
2024-02-02 16:17:09,180 [INFO]  Epoch[1] Validation-cross-entropy=1.553374
2024-02-02 16:17:09,180 [INFO]  Epoch[1] Validation-trestbps-accuracy=0.000000
2024-02-02 16:17:09,185 [INFO]  Epoch[2] Batch [0-7]	Speed: 27150.74 samples/sec	cross-entropy=1.163938	trestbps-accuracy=0.000000
2024-02-02 16:17:09,188 [INFO]  Epoch[2] Train-cross-entropy=0.970554
2024-02-02 16:17:09,188 [INFO]  Epoch[2] Train-trestbps-accuracy=0.000000
2024-02-02 16:17:09,189 [INFO]  Epoch[2] Time cost=0.009
2024-02-02 16:17:09,190 [INFO]  Saved checkpoint to "./imputer_model/imputer_model_trestbps/model-0002.params"
2024-02-02 16:17:09,191 [INFO]  Epoch[2] Validation-cross-entropy=0.768567
2024-02-02 16:17:09,191 [INFO]  Epoch[2] Validation-trestbps-accuracy=0.000000
2024-02-02 16:17:09,196 [INFO]  Epoch[3] Batch [0-7]	Speed: 29243.16 samples/sec	cross-entropy=0.666048	trestbps-accuracy=0.000000
2024-02-02 16:17:09,199 [INFO]  Epoch[3] Train-cross-entropy=0.596960
2024-02-02 16:17:09,199 [INFO]  Epoch[3] Train-trestbps-accuracy=0.000000
2024-02-02 16:17:09,199 [INFO]  Epoch[3] Time cost=0.008
2024-02-02 16:17:09,200 [INFO]  Saved checkpoint to "./imputer_model/imputer_model_trestbps/model-0003.params"
2024-02-02 16:17:09,201 [INFO]  Epoch[3] Validation-cross-entropy=0.590956
2024-02-02 16:17:09,201 [INFO]  Epoch[3] Validation-trestbps-accuracy=0.000000
2024-02-02 16:17:09,206 [INFO]  Epoch[4] Batch [0-7]	Speed: 28814.45 samples/sec	cross-entropy=0.434305	trestbps-accuracy=0.000000
2024-02-02 16:17:09,209 [INFO]  Epoch[4] Train-cross-entropy=0.386414
2024-02-02 16:17:09,209 [INFO]  Epoch[4] Train-trestbps-accuracy=0.000000
2024-02-02 16:17:09,210 [INFO]  Epoch[4] Time cost=0.008
2024-02-02 16:17:09,211 [INFO]  Saved checkpoint to "./imputer_model/imputer_model_trestbps/model-0004.params"
2024-02-02 16:17:09,212 [INFO]  Epoch[4] Validation-cross-entropy=0.305911
2024-02-02 16:17:09,212 [INFO]  Epoch[4] Validation-trestbps-accuracy=0.000000
2024-02-02 16:17:09,212 [INFO]  
========== done (0.07209396362304688 s) fit model
2024-02-02 16:17:13,791 [INFO]  
========== start: fit model
2024-02-02 16:17:13,792 [WARNING]  Already bound, ignoring bind()
2024-02-02 16:17:13,798 [INFO]  Epoch[0] Batch [0-7]	Speed: 24092.83 samples/sec	cross-entropy=14.220013	trestbps-accuracy=3.875000
2024-02-02 16:17:13,802 [INFO]  Epoch[0] Train-cross-entropy=13.799966
2024-02-02 16:17:13,802 [INFO]  Epoch[0] Train-trestbps-accuracy=3.142857
2024-02-02 16:17:13,802 [INFO]  Epoch[0] Time cost=0.010
2024-02-02 16:17:13,804 [INFO]  Saved checkpoint to "./imputer_model/imputer_model_trestbps/model-0000.params"
2024-02-02 16:17:13,804 [INFO]  Epoch[0] Validation-cross-entropy=6.182765
2024-02-02 16:17:13,804 [INFO]  Epoch[0] Validation-trestbps-accuracy=0.000000
2024-02-02 16:17:13,810 [INFO]  Epoch[1] Batch [0-7]	Speed: 25863.68 samples/sec	cross-entropy=4.401085	trestbps-accuracy=3.875000
2024-02-02 16:17:13,814 [INFO]  Epoch[1] Train-cross-entropy=3.779873
2024-02-02 16:17:13,814 [INFO]  Epoch[1] Train-trestbps-accuracy=3.142857
2024-02-02 16:17:13,814 [INFO]  Epoch[1] Time cost=0.009
2024-02-02 16:17:13,815 [INFO]  Saved checkpoint to "./imputer_model/imputer_model_trestbps/model-0001.params"
2024-02-02 16:17:13,816 [INFO]  Epoch[1] Validation-cross-entropy=1.888311
2024-02-02 16:17:13,816 [INFO]  Epoch[1] Validation-trestbps-accuracy=0.000000
2024-02-02 16:17:13,820 [INFO]  Epoch[2] Batch [0-7]	Speed: 27747.32 samples/sec	cross-entropy=1.061041	trestbps-accuracy=3.875000
2024-02-02 16:17:13,824 [INFO]  Epoch[2] Train-cross-entropy=0.939407
2024-02-02 16:17:13,824 [INFO]  Epoch[2] Train-trestbps-accuracy=3.142857
2024-02-02 16:17:13,824 [INFO]  Epoch[2] Time cost=0.008
2024-02-02 16:17:13,825 [INFO]  Saved checkpoint to "./imputer_model/imputer_model_trestbps/model-0002.params"
2024-02-02 16:17:13,826 [INFO]  Epoch[2] Validation-cross-entropy=0.804580
2024-02-02 16:17:13,826 [INFO]  Epoch[2] Validation-trestbps-accuracy=0.000000
2024-02-02 16:17:13,831 [INFO]  Epoch[3] Batch [0-7]	Speed: 25730.52 samples/sec	cross-entropy=0.724440	trestbps-accuracy=3.875000
2024-02-02 16:17:13,835 [INFO]  Epoch[3] Train-cross-entropy=0.598091
2024-02-02 16:17:13,835 [INFO]  Epoch[3] Train-trestbps-accuracy=3.142857
2024-02-02 16:17:13,835 [INFO]  Epoch[3] Time cost=0.009
2024-02-02 16:17:13,836 [INFO]  Saved checkpoint to "./imputer_model/imputer_model_trestbps/model-0003.params"
2024-02-02 16:17:13,837 [INFO]  Epoch[3] Validation-cross-entropy=0.581426
2024-02-02 16:17:13,837 [INFO]  Epoch[3] Validation-trestbps-accuracy=0.000000
2024-02-02 16:17:13,841 [INFO]  Epoch[4] Batch [0-7]	Speed: 28567.38 samples/sec	cross-entropy=0.467976	trestbps-accuracy=3.875000
2024-02-02 16:17:13,845 [INFO]  Epoch[4] Train-cross-entropy=0.364644
2024-02-02 16:17:13,845 [INFO]  Epoch[4] Train-trestbps-accuracy=3.142857
2024-02-02 16:17:13,845 [INFO]  Epoch[4] Time cost=0.008
2024-02-02 16:17:13,846 [INFO]  Saved checkpoint to "./imputer_model/imputer_model_trestbps/model-0004.params"
2024-02-02 16:17:13,847 [INFO]  Epoch[4] Validation-cross-entropy=0.390430
2024-02-02 16:17:13,847 [INFO]  Epoch[4] Validation-trestbps-accuracy=0.000000
2024-02-02 16:17:13,847 [INFO]  
========== done (0.05565071105957031 s) fit model
2024-02-02 16:17:19,246 [INFO]  
========== start: fit model
2024-02-02 16:17:19,247 [WARNING]  Already bound, ignoring bind()
2024-02-02 16:17:19,254 [INFO]  Epoch[0] Batch [0-7]	Speed: 19013.32 samples/sec	cross-entropy=21.214210	trestbps-accuracy=3.250000
2024-02-02 16:17:19,259 [INFO]  Epoch[0] Train-cross-entropy=17.893585
2024-02-02 16:17:19,259 [INFO]  Epoch[0] Train-trestbps-accuracy=3.142857
2024-02-02 16:17:19,259 [INFO]  Epoch[0] Time cost=0.012
2024-02-02 16:17:19,260 [INFO]  Saved checkpoint to "./imputer_model/imputer_model_trestbps/model-0000.params"
2024-02-02 16:17:19,261 [INFO]  Epoch[0] Validation-cross-entropy=11.132892
2024-02-02 16:17:19,261 [INFO]  Epoch[0] Validation-trestbps-accuracy=0.000000
2024-02-02 16:17:19,266 [INFO]  Epoch[1] Batch [0-7]	Speed: 24111.38 samples/sec	cross-entropy=5.927611	trestbps-accuracy=3.250000
2024-02-02 16:17:19,270 [INFO]  Epoch[1] Train-cross-entropy=4.863441
2024-02-02 16:17:19,270 [INFO]  Epoch[1] Train-trestbps-accuracy=3.142857
2024-02-02 16:17:19,270 [INFO]  Epoch[1] Time cost=0.009
2024-02-02 16:17:19,272 [INFO]  Saved checkpoint to "./imputer_model/imputer_model_trestbps/model-0001.params"
2024-02-02 16:17:19,272 [INFO]  Epoch[1] Validation-cross-entropy=1.022608
2024-02-02 16:17:19,272 [INFO]  Epoch[1] Validation-trestbps-accuracy=0.000000
2024-02-02 16:17:19,278 [INFO]  Epoch[2] Batch [0-7]	Speed: 25413.15 samples/sec	cross-entropy=1.633049	trestbps-accuracy=3.250000
2024-02-02 16:17:19,285 [INFO]  Epoch[2] Train-cross-entropy=1.295865
2024-02-02 16:17:19,286 [INFO]  Epoch[2] Train-trestbps-accuracy=3.142857
2024-02-02 16:17:19,286 [INFO]  Epoch[2] Time cost=0.013
2024-02-02 16:17:19,289 [INFO]  Saved checkpoint to "./imputer_model/imputer_model_trestbps/model-0002.params"
2024-02-02 16:17:19,290 [INFO]  Epoch[2] Validation-cross-entropy=0.635143
2024-02-02 16:17:19,291 [INFO]  Epoch[2] Validation-trestbps-accuracy=0.000000
2024-02-02 16:17:19,298 [INFO]  Epoch[3] Batch [0-7]	Speed: 16698.49 samples/sec	cross-entropy=0.834358	trestbps-accuracy=3.250000
2024-02-02 16:17:19,303 [INFO]  Epoch[3] Train-cross-entropy=0.757339
2024-02-02 16:17:19,303 [INFO]  Epoch[3] Train-trestbps-accuracy=3.142857
2024-02-02 16:17:19,303 [INFO]  Epoch[3] Time cost=0.013
2024-02-02 16:17:19,305 [INFO]  Saved checkpoint to "./imputer_model/imputer_model_trestbps/model-0003.params"
2024-02-02 16:17:19,305 [INFO]  Epoch[3] Validation-cross-entropy=0.631880
2024-02-02 16:17:19,305 [INFO]  Epoch[3] Validation-trestbps-accuracy=0.000000
2024-02-02 16:17:19,312 [INFO]  Epoch[4] Batch [0-7]	Speed: 20610.83 samples/sec	cross-entropy=0.491009	trestbps-accuracy=3.250000
2024-02-02 16:17:19,316 [INFO]  Epoch[4] Train-cross-entropy=0.460287
2024-02-02 16:17:19,316 [INFO]  Epoch[4] Train-trestbps-accuracy=3.142857
2024-02-02 16:17:19,316 [INFO]  Epoch[4] Time cost=0.011
2024-02-02 16:17:19,317 [INFO]  Saved checkpoint to "./imputer_model/imputer_model_trestbps/model-0004.params"
2024-02-02 16:17:19,318 [INFO]  Epoch[4] Validation-cross-entropy=0.429216
2024-02-02 16:17:19,318 [INFO]  Epoch[4] Validation-trestbps-accuracy=0.000000
2024-02-02 16:17:19,318 [INFO]  
========== done (0.0718851089477539 s) fit model
