2023-11-08 12:34:32,725 [INFO]  
========== start: fit model
2023-11-08 12:34:32,725 [WARNING]  Already bound, ignoring bind()
2023-11-08 12:34:33,950 [INFO]  Epoch[0] Batch [0-4]	Speed: 121.46 samples/sec	cross-entropy=18.091369	gmrt_on_paper7-accuracy=3.400000
2023-11-08 12:34:33,958 [INFO]  Epoch[0] Train-cross-entropy=19.903156
2023-11-08 12:34:33,958 [INFO]  Epoch[0] Train-gmrt_on_paper7-accuracy=3.375000
2023-11-08 12:34:33,958 [INFO]  Epoch[0] Time cost=1.232
2023-11-08 12:34:33,961 [INFO]  Saved checkpoint to "./imputer_model/imputer_model_gmrt_on_paper7/model-0000.params"
2023-11-08 12:34:33,963 [INFO]  Epoch[0] Validation-cross-entropy=31.353556
2023-11-08 12:34:33,963 [INFO]  Epoch[0] Validation-gmrt_on_paper7-accuracy=0.000000
2023-11-08 12:34:33,972 [INFO]  Epoch[1] Batch [0-4]	Speed: 9526.08 samples/sec	cross-entropy=61.739107	gmrt_on_paper7-accuracy=3.400000
2023-11-08 12:34:34,018 [INFO]  Epoch[1] Train-cross-entropy=44.356609
2023-11-08 12:34:34,018 [INFO]  Epoch[1] Train-gmrt_on_paper7-accuracy=3.375000
2023-11-08 12:34:34,018 [INFO]  Epoch[1] Time cost=0.055
2023-11-08 12:34:34,021 [INFO]  Saved checkpoint to "./imputer_model/imputer_model_gmrt_on_paper7/model-0001.params"
2023-11-08 12:34:34,055 [INFO]  Epoch[1] Validation-cross-entropy=13.696478
2023-11-08 12:34:34,055 [INFO]  Epoch[1] Validation-gmrt_on_paper7-accuracy=0.000000
2023-11-08 12:34:34,098 [INFO]  Epoch[2] Batch [0-4]	Speed: 1769.87 samples/sec	cross-entropy=12.800633	gmrt_on_paper7-accuracy=3.400000
2023-11-08 12:34:34,117 [INFO]  Epoch[2] Train-cross-entropy=9.106861
2023-11-08 12:34:34,117 [INFO]  Epoch[2] Train-gmrt_on_paper7-accuracy=3.375000
2023-11-08 12:34:34,117 [INFO]  Epoch[2] Time cost=0.062
2023-11-08 12:34:34,120 [INFO]  Saved checkpoint to "./imputer_model/imputer_model_gmrt_on_paper7/model-0002.params"
2023-11-08 12:34:34,146 [INFO]  Epoch[2] Validation-cross-entropy=7.531026
2023-11-08 12:34:34,146 [INFO]  Epoch[2] Validation-gmrt_on_paper7-accuracy=0.000000
2023-11-08 12:34:34,177 [INFO]  Epoch[3] Batch [0-4]	Speed: 2727.14 samples/sec	cross-entropy=5.245977	gmrt_on_paper7-accuracy=3.400000
2023-11-08 12:34:34,195 [INFO]  Epoch[3] Train-cross-entropy=4.156130
2023-11-08 12:34:34,196 [INFO]  Epoch[3] Train-gmrt_on_paper7-accuracy=3.375000
2023-11-08 12:34:34,196 [INFO]  Epoch[3] Time cost=0.050
2023-11-08 12:34:34,200 [INFO]  Saved checkpoint to "./imputer_model/imputer_model_gmrt_on_paper7/model-0003.params"
2023-11-08 12:34:34,216 [INFO]  Epoch[3] Validation-cross-entropy=4.644874
2023-11-08 12:34:34,216 [INFO]  Epoch[3] Validation-gmrt_on_paper7-accuracy=0.000000
2023-11-08 12:34:34,251 [INFO]  Epoch[4] Batch [0-4]	Speed: 2707.83 samples/sec	cross-entropy=1.678858	gmrt_on_paper7-accuracy=3.400000
2023-11-08 12:34:34,276 [INFO]  Epoch[4] Train-cross-entropy=1.636584
2023-11-08 12:34:34,276 [INFO]  Epoch[4] Train-gmrt_on_paper7-accuracy=3.375000
2023-11-08 12:34:34,276 [INFO]  Epoch[4] Time cost=0.060
2023-11-08 12:34:34,280 [INFO]  Saved checkpoint to "./imputer_model/imputer_model_gmrt_on_paper7/model-0004.params"
2023-11-08 12:34:34,316 [INFO]  Epoch[4] Validation-cross-entropy=4.854240
2023-11-08 12:34:34,316 [INFO]  Epoch[4] Validation-gmrt_on_paper7-accuracy=0.000000
2023-11-08 12:34:34,316 [INFO]  
========== done (1.5915720462799072 s) fit model
2023-11-08 13:05:06,572 [INFO]  
========== start: fit model
2023-11-08 13:05:06,587 [WARNING]  Already bound, ignoring bind()
2023-11-08 13:05:06,598 [INFO]  Epoch[0] Batch [0-4]	Speed: 11931.53 samples/sec	cross-entropy=20.968256	gmrt_on_paper7-accuracy=0.000000
2023-11-08 13:05:06,603 [INFO]  Epoch[0] Train-cross-entropy=17.608077
2023-11-08 13:05:06,603 [INFO]  Epoch[0] Train-gmrt_on_paper7-accuracy=0.000000
2023-11-08 13:05:06,604 [INFO]  Epoch[0] Time cost=0.016
2023-11-08 13:05:06,607 [INFO]  Saved checkpoint to "./imputer_model/imputer_model_gmrt_on_paper7/model-0000.params"
2023-11-08 13:05:06,608 [INFO]  Epoch[0] Validation-cross-entropy=10.241610
2023-11-08 13:05:06,608 [INFO]  Epoch[0] Validation-gmrt_on_paper7-accuracy=0.000000
2023-11-08 13:05:06,615 [INFO]  Epoch[1] Batch [0-4]	Speed: 11642.25 samples/sec	cross-entropy=27.422978	gmrt_on_paper7-accuracy=0.000000
2023-11-08 13:05:06,619 [INFO]  Epoch[1] Train-cross-entropy=24.726186
2023-11-08 13:05:06,620 [INFO]  Epoch[1] Train-gmrt_on_paper7-accuracy=0.000000
2023-11-08 13:05:06,620 [INFO]  Epoch[1] Time cost=0.012
2023-11-08 13:05:06,622 [INFO]  Saved checkpoint to "./imputer_model/imputer_model_gmrt_on_paper7/model-0001.params"
2023-11-08 13:05:06,623 [INFO]  Epoch[1] Validation-cross-entropy=6.296245
2023-11-08 13:05:06,623 [INFO]  Epoch[1] Validation-gmrt_on_paper7-accuracy=0.000000
2023-11-08 13:05:06,630 [INFO]  Epoch[2] Batch [0-4]	Speed: 11645.28 samples/sec	cross-entropy=5.006633	gmrt_on_paper7-accuracy=0.000000
2023-11-08 13:05:06,634 [INFO]  Epoch[2] Train-cross-entropy=6.397914
2023-11-08 13:05:06,634 [INFO]  Epoch[2] Train-gmrt_on_paper7-accuracy=0.000000
2023-11-08 13:05:06,634 [INFO]  Epoch[2] Time cost=0.011
2023-11-08 13:05:06,636 [INFO]  Saved checkpoint to "./imputer_model/imputer_model_gmrt_on_paper7/model-0002.params"
2023-11-08 13:05:06,637 [INFO]  Epoch[2] Validation-cross-entropy=11.289021
2023-11-08 13:05:06,637 [INFO]  Epoch[2] Validation-gmrt_on_paper7-accuracy=0.000000
2023-11-08 13:05:06,644 [INFO]  Epoch[3] Batch [0-4]	Speed: 10635.74 samples/sec	cross-entropy=3.073517	gmrt_on_paper7-accuracy=0.000000
2023-11-08 13:05:06,649 [INFO]  Epoch[3] Train-cross-entropy=2.744375
2023-11-08 13:05:06,649 [INFO]  Epoch[3] Train-gmrt_on_paper7-accuracy=0.000000
2023-11-08 13:05:06,649 [INFO]  Epoch[3] Time cost=0.012
2023-11-08 13:05:06,652 [INFO]  Saved checkpoint to "./imputer_model/imputer_model_gmrt_on_paper7/model-0003.params"
2023-11-08 13:05:06,653 [INFO]  Epoch[3] Validation-cross-entropy=9.844881
2023-11-08 13:05:06,653 [INFO]  Epoch[3] Validation-gmrt_on_paper7-accuracy=0.000000
2023-11-08 13:05:06,660 [INFO]  Epoch[4] Batch [0-4]	Speed: 12336.19 samples/sec	cross-entropy=1.357350	gmrt_on_paper7-accuracy=0.000000
2023-11-08 13:05:06,664 [INFO]  Epoch[4] Train-cross-entropy=1.081663
2023-11-08 13:05:06,664 [INFO]  Epoch[4] Train-gmrt_on_paper7-accuracy=0.000000
2023-11-08 13:05:06,664 [INFO]  Epoch[4] Time cost=0.011
2023-11-08 13:05:06,666 [INFO]  Saved checkpoint to "./imputer_model/imputer_model_gmrt_on_paper7/model-0004.params"
2023-11-08 13:05:06,666 [INFO]  Epoch[4] Validation-cross-entropy=7.496120
2023-11-08 13:05:06,667 [INFO]  Epoch[4] Validation-gmrt_on_paper7-accuracy=0.000000
2023-11-08 13:05:06,667 [INFO]  
========== done (0.09479284286499023 s) fit model
2023-11-08 13:18:33,452 [INFO]  
========== start: fit model
2023-11-08 13:18:33,452 [WARNING]  Already bound, ignoring bind()
2023-11-08 13:18:33,459 [INFO]  Epoch[0] Batch [0-4]	Speed: 13928.06 samples/sec	cross-entropy=16.230737	gmrt_on_paper7-accuracy=3.400000
2023-11-08 13:18:33,463 [INFO]  Epoch[0] Train-cross-entropy=18.955899
2023-11-08 13:18:33,463 [INFO]  Epoch[0] Train-gmrt_on_paper7-accuracy=3.250000
2023-11-08 13:18:33,463 [INFO]  Epoch[0] Time cost=0.010
2023-11-08 13:18:33,464 [INFO]  Saved checkpoint to "./imputer_model/imputer_model_gmrt_on_paper7/model-0000.params"
2023-11-08 13:18:33,465 [INFO]  Epoch[0] Validation-cross-entropy=16.862432
2023-11-08 13:18:33,465 [INFO]  Epoch[0] Validation-gmrt_on_paper7-accuracy=0.000000
2023-11-08 13:18:33,472 [INFO]  Epoch[1] Batch [0-4]	Speed: 10658.55 samples/sec	cross-entropy=41.740022	gmrt_on_paper7-accuracy=3.400000
2023-11-08 13:18:33,477 [INFO]  Epoch[1] Train-cross-entropy=34.493685
2023-11-08 13:18:33,477 [INFO]  Epoch[1] Train-gmrt_on_paper7-accuracy=3.250000
2023-11-08 13:18:33,477 [INFO]  Epoch[1] Time cost=0.013
2023-11-08 13:18:33,480 [INFO]  Saved checkpoint to "./imputer_model/imputer_model_gmrt_on_paper7/model-0001.params"
2023-11-08 13:18:33,481 [INFO]  Epoch[1] Validation-cross-entropy=6.087739
2023-11-08 13:18:33,481 [INFO]  Epoch[1] Validation-gmrt_on_paper7-accuracy=0.000000
2023-11-08 13:18:33,486 [INFO]  Epoch[2] Batch [0-4]	Speed: 15989.72 samples/sec	cross-entropy=5.995227	gmrt_on_paper7-accuracy=3.400000
2023-11-08 13:18:33,489 [INFO]  Epoch[2] Train-cross-entropy=5.275526
2023-11-08 13:18:33,489 [INFO]  Epoch[2] Train-gmrt_on_paper7-accuracy=3.250000
2023-11-08 13:18:33,489 [INFO]  Epoch[2] Time cost=0.008
2023-11-08 13:18:33,491 [INFO]  Saved checkpoint to "./imputer_model/imputer_model_gmrt_on_paper7/model-0002.params"
2023-11-08 13:18:33,491 [INFO]  Epoch[2] Validation-cross-entropy=5.165998
2023-11-08 13:18:33,491 [INFO]  Epoch[2] Validation-gmrt_on_paper7-accuracy=0.000000
2023-11-08 13:18:33,496 [INFO]  Epoch[3] Batch [0-4]	Speed: 19005.63 samples/sec	cross-entropy=3.962770	gmrt_on_paper7-accuracy=3.400000
2023-11-08 13:18:33,498 [INFO]  Epoch[3] Train-cross-entropy=3.201187
2023-11-08 13:18:33,498 [INFO]  Epoch[3] Train-gmrt_on_paper7-accuracy=3.250000
2023-11-08 13:18:33,499 [INFO]  Epoch[3] Time cost=0.007
2023-11-08 13:18:33,500 [INFO]  Saved checkpoint to "./imputer_model/imputer_model_gmrt_on_paper7/model-0003.params"
2023-11-08 13:18:33,501 [INFO]  Epoch[3] Validation-cross-entropy=3.100038
2023-11-08 13:18:33,501 [INFO]  Epoch[3] Validation-gmrt_on_paper7-accuracy=0.000000
2023-11-08 13:18:33,506 [INFO]  Epoch[4] Batch [0-4]	Speed: 16435.16 samples/sec	cross-entropy=1.693906	gmrt_on_paper7-accuracy=3.400000
2023-11-08 13:18:33,509 [INFO]  Epoch[4] Train-cross-entropy=1.540510
2023-11-08 13:18:33,509 [INFO]  Epoch[4] Train-gmrt_on_paper7-accuracy=3.250000
2023-11-08 13:18:33,509 [INFO]  Epoch[4] Time cost=0.008
2023-11-08 13:18:33,510 [INFO]  Saved checkpoint to "./imputer_model/imputer_model_gmrt_on_paper7/model-0004.params"
2023-11-08 13:18:33,511 [INFO]  Epoch[4] Validation-cross-entropy=3.327918
2023-11-08 13:18:33,511 [INFO]  Epoch[4] Validation-gmrt_on_paper7-accuracy=0.000000
2023-11-08 13:18:33,511 [INFO]  
========== done (0.058913230895996094 s) fit model
2023-11-08 13:31:53,960 [INFO]  
========== start: fit model
2023-11-08 13:31:53,960 [WARNING]  Already bound, ignoring bind()
2023-11-08 13:31:53,976 [INFO]  Epoch[0] Batch [0-4]	Speed: 9804.43 samples/sec	cross-entropy=17.256940	gmrt_on_paper7-accuracy=0.000000
2023-11-08 13:31:53,981 [INFO]  Epoch[0] Train-cross-entropy=18.952766
2023-11-08 13:31:53,981 [INFO]  Epoch[0] Train-gmrt_on_paper7-accuracy=0.000000
2023-11-08 13:31:53,981 [INFO]  Epoch[0] Time cost=0.021
2023-11-08 13:31:53,985 [INFO]  Saved checkpoint to "./imputer_model/imputer_model_gmrt_on_paper7/model-0000.params"
2023-11-08 13:31:53,986 [INFO]  Epoch[0] Validation-cross-entropy=18.486122
2023-11-08 13:31:53,986 [INFO]  Epoch[0] Validation-gmrt_on_paper7-accuracy=0.000000
2023-11-08 13:31:53,993 [INFO]  Epoch[1] Batch [0-4]	Speed: 10796.15 samples/sec	cross-entropy=54.705867	gmrt_on_paper7-accuracy=0.000000
2023-11-08 13:31:53,998 [INFO]  Epoch[1] Train-cross-entropy=43.084542
2023-11-08 13:31:53,998 [INFO]  Epoch[1] Train-gmrt_on_paper7-accuracy=0.000000
2023-11-08 13:31:53,998 [INFO]  Epoch[1] Time cost=0.013
2023-11-08 13:31:54,001 [INFO]  Saved checkpoint to "./imputer_model/imputer_model_gmrt_on_paper7/model-0001.params"
2023-11-08 13:31:54,001 [INFO]  Epoch[1] Validation-cross-entropy=33.696854
2023-11-08 13:31:54,001 [INFO]  Epoch[1] Validation-gmrt_on_paper7-accuracy=0.000000
2023-11-08 13:31:54,008 [INFO]  Epoch[2] Batch [0-4]	Speed: 12794.22 samples/sec	cross-entropy=7.821963	gmrt_on_paper7-accuracy=0.000000
2023-11-08 13:31:54,012 [INFO]  Epoch[2] Train-cross-entropy=7.412317
2023-11-08 13:31:54,012 [INFO]  Epoch[2] Train-gmrt_on_paper7-accuracy=0.000000
2023-11-08 13:31:54,012 [INFO]  Epoch[2] Time cost=0.010
2023-11-08 13:31:54,013 [INFO]  Saved checkpoint to "./imputer_model/imputer_model_gmrt_on_paper7/model-0002.params"
2023-11-08 13:31:54,014 [INFO]  Epoch[2] Validation-cross-entropy=23.827591
2023-11-08 13:31:54,014 [INFO]  Epoch[2] Validation-gmrt_on_paper7-accuracy=0.000000
2023-11-08 13:31:54,020 [INFO]  Epoch[3] Batch [0-4]	Speed: 12438.51 samples/sec	cross-entropy=4.060108	gmrt_on_paper7-accuracy=0.000000
2023-11-08 13:31:54,025 [INFO]  Epoch[3] Train-cross-entropy=3.319129
2023-11-08 13:31:54,025 [INFO]  Epoch[3] Train-gmrt_on_paper7-accuracy=0.000000
2023-11-08 13:31:54,025 [INFO]  Epoch[3] Time cost=0.011
2023-11-08 13:31:54,029 [INFO]  Saved checkpoint to "./imputer_model/imputer_model_gmrt_on_paper7/model-0003.params"
2023-11-08 13:31:54,029 [INFO]  Epoch[3] Validation-cross-entropy=33.052723
2023-11-08 13:31:54,030 [INFO]  Epoch[3] Validation-gmrt_on_paper7-accuracy=0.000000
2023-11-08 13:31:54,036 [INFO]  Epoch[4] Batch [0-4]	Speed: 12644.75 samples/sec	cross-entropy=1.568285	gmrt_on_paper7-accuracy=0.000000
2023-11-08 13:31:54,040 [INFO]  Epoch[4] Train-cross-entropy=1.411925
2023-11-08 13:31:54,040 [INFO]  Epoch[4] Train-gmrt_on_paper7-accuracy=0.000000
2023-11-08 13:31:54,040 [INFO]  Epoch[4] Time cost=0.010
2023-11-08 13:31:54,042 [INFO]  Saved checkpoint to "./imputer_model/imputer_model_gmrt_on_paper7/model-0004.params"
2023-11-08 13:31:54,042 [INFO]  Epoch[4] Validation-cross-entropy=34.434845
2023-11-08 13:31:54,042 [INFO]  Epoch[4] Validation-gmrt_on_paper7-accuracy=0.000000
2023-11-08 13:31:54,042 [INFO]  
========== done (0.08291387557983398 s) fit model
2023-11-08 13:45:13,755 [INFO]  
========== start: fit model
2023-11-08 13:45:13,755 [WARNING]  Already bound, ignoring bind()
2023-11-08 13:45:13,764 [INFO]  Epoch[0] Batch [0-4]	Speed: 10875.32 samples/sec	cross-entropy=14.587103	gmrt_on_paper7-accuracy=0.000000
2023-11-08 13:45:13,768 [INFO]  Epoch[0] Train-cross-entropy=15.029419
2023-11-08 13:45:13,768 [INFO]  Epoch[0] Train-gmrt_on_paper7-accuracy=0.000000
2023-11-08 13:45:13,768 [INFO]  Epoch[0] Time cost=0.013
2023-11-08 13:45:13,772 [INFO]  Saved checkpoint to "./imputer_model/imputer_model_gmrt_on_paper7/model-0000.params"
2023-11-08 13:45:13,772 [INFO]  Epoch[0] Validation-cross-entropy=8.290865
2023-11-08 13:45:13,772 [INFO]  Epoch[0] Validation-gmrt_on_paper7-accuracy=0.000000
2023-11-08 13:45:13,778 [INFO]  Epoch[1] Batch [0-4]	Speed: 15734.79 samples/sec	cross-entropy=27.038018	gmrt_on_paper7-accuracy=0.000000
2023-11-08 13:45:13,781 [INFO]  Epoch[1] Train-cross-entropy=21.011839
2023-11-08 13:45:13,781 [INFO]  Epoch[1] Train-gmrt_on_paper7-accuracy=0.000000
2023-11-08 13:45:13,781 [INFO]  Epoch[1] Time cost=0.009
2023-11-08 13:45:13,783 [INFO]  Saved checkpoint to "./imputer_model/imputer_model_gmrt_on_paper7/model-0001.params"
2023-11-08 13:45:13,783 [INFO]  Epoch[1] Validation-cross-entropy=22.057884
2023-11-08 13:45:13,783 [INFO]  Epoch[1] Validation-gmrt_on_paper7-accuracy=0.000000
2023-11-08 13:45:13,787 [INFO]  Epoch[2] Batch [0-4]	Speed: 20924.11 samples/sec	cross-entropy=5.397850	gmrt_on_paper7-accuracy=0.000000
2023-11-08 13:45:13,790 [INFO]  Epoch[2] Train-cross-entropy=5.459079
2023-11-08 13:45:13,790 [INFO]  Epoch[2] Train-gmrt_on_paper7-accuracy=0.000000
2023-11-08 13:45:13,790 [INFO]  Epoch[2] Time cost=0.006
2023-11-08 13:45:13,791 [INFO]  Saved checkpoint to "./imputer_model/imputer_model_gmrt_on_paper7/model-0002.params"
2023-11-08 13:45:13,792 [INFO]  Epoch[2] Validation-cross-entropy=14.078616
2023-11-08 13:45:13,792 [INFO]  Epoch[2] Validation-gmrt_on_paper7-accuracy=0.000000
2023-11-08 13:45:13,796 [INFO]  Epoch[3] Batch [0-4]	Speed: 19693.01 samples/sec	cross-entropy=3.042220	gmrt_on_paper7-accuracy=0.000000
2023-11-08 13:45:13,798 [INFO]  Epoch[3] Train-cross-entropy=2.475436
2023-11-08 13:45:13,799 [INFO]  Epoch[3] Train-gmrt_on_paper7-accuracy=0.000000
2023-11-08 13:45:13,799 [INFO]  Epoch[3] Time cost=0.007
2023-11-08 13:45:13,800 [INFO]  Saved checkpoint to "./imputer_model/imputer_model_gmrt_on_paper7/model-0003.params"
2023-11-08 13:45:13,800 [INFO]  Epoch[3] Validation-cross-entropy=16.280483
2023-11-08 13:45:13,800 [INFO]  Epoch[3] Validation-gmrt_on_paper7-accuracy=0.000000
2023-11-08 13:45:13,804 [INFO]  Epoch[4] Batch [0-4]	Speed: 18923.90 samples/sec	cross-entropy=1.682311	gmrt_on_paper7-accuracy=0.000000
2023-11-08 13:45:13,807 [INFO]  Epoch[4] Train-cross-entropy=1.253887
2023-11-08 13:45:13,807 [INFO]  Epoch[4] Train-gmrt_on_paper7-accuracy=0.000000
2023-11-08 13:45:13,807 [INFO]  Epoch[4] Time cost=0.007
2023-11-08 13:45:13,808 [INFO]  Saved checkpoint to "./imputer_model/imputer_model_gmrt_on_paper7/model-0004.params"
2023-11-08 13:45:13,809 [INFO]  Epoch[4] Validation-cross-entropy=10.718935
2023-11-08 13:45:13,809 [INFO]  Epoch[4] Validation-gmrt_on_paper7-accuracy=0.000000
2023-11-08 13:45:13,809 [INFO]  
========== done (0.05426216125488281 s) fit model
2023-11-08 13:58:36,350 [INFO]  
========== start: fit model
2023-11-08 13:58:36,350 [WARNING]  Already bound, ignoring bind()
2023-11-08 13:58:36,357 [INFO]  Epoch[0] Batch [0-4]	Speed: 14043.92 samples/sec	cross-entropy=14.827516	gmrt_on_paper7-accuracy=0.000000
2023-11-08 13:58:36,362 [INFO]  Epoch[0] Train-cross-entropy=15.454571
2023-11-08 13:58:36,362 [INFO]  Epoch[0] Train-gmrt_on_paper7-accuracy=0.000000
2023-11-08 13:58:36,362 [INFO]  Epoch[0] Time cost=0.011
2023-11-08 13:58:36,365 [INFO]  Saved checkpoint to "./imputer_model/imputer_model_gmrt_on_paper7/model-0000.params"
2023-11-08 13:58:36,366 [INFO]  Epoch[0] Validation-cross-entropy=19.283480
2023-11-08 13:58:36,366 [INFO]  Epoch[0] Validation-gmrt_on_paper7-accuracy=0.000000
2023-11-08 13:58:36,372 [INFO]  Epoch[1] Batch [0-4]	Speed: 14187.92 samples/sec	cross-entropy=38.047174	gmrt_on_paper7-accuracy=0.000000
2023-11-08 13:58:36,376 [INFO]  Epoch[1] Train-cross-entropy=34.527023
2023-11-08 13:58:36,376 [INFO]  Epoch[1] Train-gmrt_on_paper7-accuracy=0.000000
2023-11-08 13:58:36,376 [INFO]  Epoch[1] Time cost=0.010
2023-11-08 13:58:36,378 [INFO]  Saved checkpoint to "./imputer_model/imputer_model_gmrt_on_paper7/model-0001.params"
2023-11-08 13:58:36,378 [INFO]  Epoch[1] Validation-cross-entropy=12.613896
2023-11-08 13:58:36,379 [INFO]  Epoch[1] Validation-gmrt_on_paper7-accuracy=0.000000
2023-11-08 13:58:36,383 [INFO]  Epoch[2] Batch [0-4]	Speed: 17995.27 samples/sec	cross-entropy=8.617786	gmrt_on_paper7-accuracy=0.000000
2023-11-08 13:58:36,386 [INFO]  Epoch[2] Train-cross-entropy=7.624591
2023-11-08 13:58:36,386 [INFO]  Epoch[2] Train-gmrt_on_paper7-accuracy=0.000000
2023-11-08 13:58:36,386 [INFO]  Epoch[2] Time cost=0.008
2023-11-08 13:58:36,387 [INFO]  Saved checkpoint to "./imputer_model/imputer_model_gmrt_on_paper7/model-0002.params"
2023-11-08 13:58:36,388 [INFO]  Epoch[2] Validation-cross-entropy=11.639107
2023-11-08 13:58:36,388 [INFO]  Epoch[2] Validation-gmrt_on_paper7-accuracy=0.000000
2023-11-08 13:58:36,392 [INFO]  Epoch[3] Batch [0-4]	Speed: 18946.60 samples/sec	cross-entropy=4.789954	gmrt_on_paper7-accuracy=0.000000
2023-11-08 13:58:36,395 [INFO]  Epoch[3] Train-cross-entropy=3.903672
2023-11-08 13:58:36,395 [INFO]  Epoch[3] Train-gmrt_on_paper7-accuracy=0.000000
2023-11-08 13:58:36,395 [INFO]  Epoch[3] Time cost=0.007
2023-11-08 13:58:36,396 [INFO]  Saved checkpoint to "./imputer_model/imputer_model_gmrt_on_paper7/model-0003.params"
2023-11-08 13:58:36,397 [INFO]  Epoch[3] Validation-cross-entropy=8.302837
2023-11-08 13:58:36,397 [INFO]  Epoch[3] Validation-gmrt_on_paper7-accuracy=0.000000
2023-11-08 13:58:36,401 [INFO]  Epoch[4] Batch [0-4]	Speed: 18247.26 samples/sec	cross-entropy=2.526211	gmrt_on_paper7-accuracy=0.000000
2023-11-08 13:58:36,404 [INFO]  Epoch[4] Train-cross-entropy=2.063325
2023-11-08 13:58:36,404 [INFO]  Epoch[4] Train-gmrt_on_paper7-accuracy=0.000000
2023-11-08 13:58:36,404 [INFO]  Epoch[4] Time cost=0.007
2023-11-08 13:58:36,405 [INFO]  Saved checkpoint to "./imputer_model/imputer_model_gmrt_on_paper7/model-0004.params"
2023-11-08 13:58:36,406 [INFO]  Epoch[4] Validation-cross-entropy=8.780857
2023-11-08 13:58:36,406 [INFO]  Epoch[4] Validation-gmrt_on_paper7-accuracy=0.000000
2023-11-08 13:58:36,406 [INFO]  
========== done (0.055680274963378906 s) fit model
2023-11-08 14:12:00,941 [INFO]  
========== start: fit model
2023-11-08 14:12:00,941 [WARNING]  Already bound, ignoring bind()
2023-11-08 14:12:00,950 [INFO]  Epoch[0] Batch [0-4]	Speed: 10777.08 samples/sec	cross-entropy=21.061967	gmrt_on_paper7-accuracy=2.600000
2023-11-08 14:12:00,955 [INFO]  Epoch[0] Train-cross-entropy=21.173455
2023-11-08 14:12:00,955 [INFO]  Epoch[0] Train-gmrt_on_paper7-accuracy=3.000000
2023-11-08 14:12:00,955 [INFO]  Epoch[0] Time cost=0.013
2023-11-08 14:12:00,957 [INFO]  Saved checkpoint to "./imputer_model/imputer_model_gmrt_on_paper7/model-0000.params"
2023-11-08 14:12:00,958 [INFO]  Epoch[0] Validation-cross-entropy=23.594591
2023-11-08 14:12:00,958 [INFO]  Epoch[0] Validation-gmrt_on_paper7-accuracy=0.000000
2023-11-08 14:12:00,963 [INFO]  Epoch[1] Batch [0-4]	Speed: 15100.16 samples/sec	cross-entropy=42.564997	gmrt_on_paper7-accuracy=2.600000
2023-11-08 14:12:00,966 [INFO]  Epoch[1] Train-cross-entropy=41.916069
2023-11-08 14:12:00,967 [INFO]  Epoch[1] Train-gmrt_on_paper7-accuracy=3.000000
2023-11-08 14:12:00,967 [INFO]  Epoch[1] Time cost=0.008
2023-11-08 14:12:00,968 [INFO]  Saved checkpoint to "./imputer_model/imputer_model_gmrt_on_paper7/model-0001.params"
2023-11-08 14:12:00,969 [INFO]  Epoch[1] Validation-cross-entropy=15.916362
2023-11-08 14:12:00,969 [INFO]  Epoch[1] Validation-gmrt_on_paper7-accuracy=0.000000
2023-11-08 14:12:00,973 [INFO]  Epoch[2] Batch [0-4]	Speed: 20213.51 samples/sec	cross-entropy=8.827149	gmrt_on_paper7-accuracy=2.600000
2023-11-08 14:12:00,975 [INFO]  Epoch[2] Train-cross-entropy=10.679442
2023-11-08 14:12:00,975 [INFO]  Epoch[2] Train-gmrt_on_paper7-accuracy=3.000000
2023-11-08 14:12:00,975 [INFO]  Epoch[2] Time cost=0.007
2023-11-08 14:12:00,977 [INFO]  Saved checkpoint to "./imputer_model/imputer_model_gmrt_on_paper7/model-0002.params"
2023-11-08 14:12:00,977 [INFO]  Epoch[2] Validation-cross-entropy=25.653175
2023-11-08 14:12:00,977 [INFO]  Epoch[2] Validation-gmrt_on_paper7-accuracy=0.000000
2023-11-08 14:12:00,981 [INFO]  Epoch[3] Batch [0-4]	Speed: 20257.75 samples/sec	cross-entropy=3.642079	gmrt_on_paper7-accuracy=2.600000
2023-11-08 14:12:00,985 [INFO]  Epoch[3] Train-cross-entropy=4.625249
2023-11-08 14:12:00,985 [INFO]  Epoch[3] Train-gmrt_on_paper7-accuracy=3.000000
2023-11-08 14:12:00,985 [INFO]  Epoch[3] Time cost=0.008
2023-11-08 14:12:00,986 [INFO]  Saved checkpoint to "./imputer_model/imputer_model_gmrt_on_paper7/model-0003.params"
2023-11-08 14:12:00,986 [INFO]  Epoch[3] Validation-cross-entropy=15.444671
2023-11-08 14:12:00,986 [INFO]  Epoch[3] Validation-gmrt_on_paper7-accuracy=0.000000
2023-11-08 14:12:00,992 [INFO]  Epoch[4] Batch [0-4]	Speed: 15071.33 samples/sec	cross-entropy=1.454405	gmrt_on_paper7-accuracy=2.600000
2023-11-08 14:12:00,995 [INFO]  Epoch[4] Train-cross-entropy=1.301632
2023-11-08 14:12:00,995 [INFO]  Epoch[4] Train-gmrt_on_paper7-accuracy=3.000000
2023-11-08 14:12:00,995 [INFO]  Epoch[4] Time cost=0.009
2023-11-08 14:12:00,997 [INFO]  Saved checkpoint to "./imputer_model/imputer_model_gmrt_on_paper7/model-0004.params"
2023-11-08 14:12:00,998 [INFO]  Epoch[4] Validation-cross-entropy=16.942257
2023-11-08 14:12:00,998 [INFO]  Epoch[4] Validation-gmrt_on_paper7-accuracy=0.000000
2023-11-08 14:12:00,998 [INFO]  
========== done (0.056580543518066406 s) fit model
2023-11-08 14:25:34,520 [INFO]  
========== start: fit model
2023-11-08 14:25:34,520 [WARNING]  Already bound, ignoring bind()
2023-11-08 14:25:34,527 [INFO]  Epoch[0] Batch [0-4]	Speed: 13773.69 samples/sec	cross-entropy=17.695166	gmrt_on_paper7-accuracy=0.000000
2023-11-08 14:25:34,530 [INFO]  Epoch[0] Train-cross-entropy=15.043239
2023-11-08 14:25:34,531 [INFO]  Epoch[0] Train-gmrt_on_paper7-accuracy=0.000000
2023-11-08 14:25:34,531 [INFO]  Epoch[0] Time cost=0.010
2023-11-08 14:25:34,532 [INFO]  Saved checkpoint to "./imputer_model/imputer_model_gmrt_on_paper7/model-0000.params"
2023-11-08 14:25:34,532 [INFO]  Epoch[0] Validation-cross-entropy=89.615425
2023-11-08 14:25:34,532 [INFO]  Epoch[0] Validation-gmrt_on_paper7-accuracy=0.000000
2023-11-08 14:25:34,538 [INFO]  Epoch[1] Batch [0-4]	Speed: 14054.95 samples/sec	cross-entropy=35.516999	gmrt_on_paper7-accuracy=0.000000
2023-11-08 14:25:34,542 [INFO]  Epoch[1] Train-cross-entropy=29.160930
2023-11-08 14:25:34,542 [INFO]  Epoch[1] Train-gmrt_on_paper7-accuracy=0.000000
2023-11-08 14:25:34,542 [INFO]  Epoch[1] Time cost=0.009
2023-11-08 14:25:34,543 [INFO]  Saved checkpoint to "./imputer_model/imputer_model_gmrt_on_paper7/model-0001.params"
2023-11-08 14:25:34,544 [INFO]  Epoch[1] Validation-cross-entropy=59.501965
2023-11-08 14:25:34,544 [INFO]  Epoch[1] Validation-gmrt_on_paper7-accuracy=0.000000
2023-11-08 14:25:34,549 [INFO]  Epoch[2] Batch [0-4]	Speed: 14889.92 samples/sec	cross-entropy=3.384474	gmrt_on_paper7-accuracy=0.000000
2023-11-08 14:25:34,552 [INFO]  Epoch[2] Train-cross-entropy=5.567318
2023-11-08 14:25:34,552 [INFO]  Epoch[2] Train-gmrt_on_paper7-accuracy=0.000000
2023-11-08 14:25:34,552 [INFO]  Epoch[2] Time cost=0.009
2023-11-08 14:25:34,554 [INFO]  Saved checkpoint to "./imputer_model/imputer_model_gmrt_on_paper7/model-0002.params"
2023-11-08 14:25:34,554 [INFO]  Epoch[2] Validation-cross-entropy=43.485115
2023-11-08 14:25:34,554 [INFO]  Epoch[2] Validation-gmrt_on_paper7-accuracy=0.000000
2023-11-08 14:25:34,560 [INFO]  Epoch[3] Batch [0-4]	Speed: 15212.26 samples/sec	cross-entropy=3.431217	gmrt_on_paper7-accuracy=0.000000
2023-11-08 14:25:34,563 [INFO]  Epoch[3] Train-cross-entropy=2.870395
2023-11-08 14:25:34,563 [INFO]  Epoch[3] Train-gmrt_on_paper7-accuracy=0.000000
2023-11-08 14:25:34,563 [INFO]  Epoch[3] Time cost=0.009
2023-11-08 14:25:34,564 [INFO]  Saved checkpoint to "./imputer_model/imputer_model_gmrt_on_paper7/model-0003.params"
2023-11-08 14:25:34,565 [INFO]  Epoch[3] Validation-cross-entropy=75.324257
2023-11-08 14:25:34,565 [INFO]  Epoch[3] Validation-gmrt_on_paper7-accuracy=0.000000
2023-11-08 14:25:34,570 [INFO]  Epoch[4] Batch [0-4]	Speed: 15561.48 samples/sec	cross-entropy=1.807375	gmrt_on_paper7-accuracy=0.000000
2023-11-08 14:25:34,573 [INFO]  Epoch[4] Train-cross-entropy=1.267666
2023-11-08 14:25:34,573 [INFO]  Epoch[4] Train-gmrt_on_paper7-accuracy=0.000000
2023-11-08 14:25:34,573 [INFO]  Epoch[4] Time cost=0.009
2023-11-08 14:25:34,575 [INFO]  Saved checkpoint to "./imputer_model/imputer_model_gmrt_on_paper7/model-0004.params"
2023-11-08 14:25:34,575 [INFO]  Epoch[4] Validation-cross-entropy=52.629868
2023-11-08 14:25:34,575 [INFO]  Epoch[4] Validation-gmrt_on_paper7-accuracy=0.000000
2023-11-08 14:25:34,575 [INFO]  
========== done (0.05582165718078613 s) fit model
2023-11-08 14:39:30,444 [INFO]  
========== start: fit model
2023-11-08 14:39:30,444 [WARNING]  Already bound, ignoring bind()
2023-11-08 14:39:30,451 [INFO]  Epoch[0] Batch [0-4]	Speed: 14296.73 samples/sec	cross-entropy=20.258311	gmrt_on_paper7-accuracy=0.000000
2023-11-08 14:39:30,456 [INFO]  Epoch[0] Train-cross-entropy=17.706323
2023-11-08 14:39:30,456 [INFO]  Epoch[0] Train-gmrt_on_paper7-accuracy=0.000000
2023-11-08 14:39:30,456 [INFO]  Epoch[0] Time cost=0.011
2023-11-08 14:39:30,459 [INFO]  Saved checkpoint to "./imputer_model/imputer_model_gmrt_on_paper7/model-0000.params"
2023-11-08 14:39:30,460 [INFO]  Epoch[0] Validation-cross-entropy=44.700432
2023-11-08 14:39:30,460 [INFO]  Epoch[0] Validation-gmrt_on_paper7-accuracy=0.000000
2023-11-08 14:39:30,465 [INFO]  Epoch[1] Batch [0-4]	Speed: 16253.05 samples/sec	cross-entropy=45.881136	gmrt_on_paper7-accuracy=0.000000
2023-11-08 14:39:30,468 [INFO]  Epoch[1] Train-cross-entropy=32.950076
2023-11-08 14:39:30,468 [INFO]  Epoch[1] Train-gmrt_on_paper7-accuracy=0.000000
2023-11-08 14:39:30,468 [INFO]  Epoch[1] Time cost=0.008
2023-11-08 14:39:30,470 [INFO]  Saved checkpoint to "./imputer_model/imputer_model_gmrt_on_paper7/model-0001.params"
2023-11-08 14:39:30,470 [INFO]  Epoch[1] Validation-cross-entropy=15.649326
2023-11-08 14:39:30,470 [INFO]  Epoch[1] Validation-gmrt_on_paper7-accuracy=0.000000
2023-11-08 14:39:30,474 [INFO]  Epoch[2] Batch [0-4]	Speed: 19323.02 samples/sec	cross-entropy=14.823461	gmrt_on_paper7-accuracy=0.000000
2023-11-08 14:39:30,477 [INFO]  Epoch[2] Train-cross-entropy=10.882466
2023-11-08 14:39:30,477 [INFO]  Epoch[2] Train-gmrt_on_paper7-accuracy=0.000000
2023-11-08 14:39:30,477 [INFO]  Epoch[2] Time cost=0.007
2023-11-08 14:39:30,478 [INFO]  Saved checkpoint to "./imputer_model/imputer_model_gmrt_on_paper7/model-0002.params"
2023-11-08 14:39:30,479 [INFO]  Epoch[2] Validation-cross-entropy=12.008291
2023-11-08 14:39:30,479 [INFO]  Epoch[2] Validation-gmrt_on_paper7-accuracy=0.000000
2023-11-08 14:39:30,483 [INFO]  Epoch[3] Batch [0-4]	Speed: 21469.68 samples/sec	cross-entropy=3.006629	gmrt_on_paper7-accuracy=0.000000
2023-11-08 14:39:30,485 [INFO]  Epoch[3] Train-cross-entropy=2.975934
2023-11-08 14:39:30,485 [INFO]  Epoch[3] Train-gmrt_on_paper7-accuracy=0.000000
2023-11-08 14:39:30,485 [INFO]  Epoch[3] Time cost=0.006
2023-11-08 14:39:30,486 [INFO]  Saved checkpoint to "./imputer_model/imputer_model_gmrt_on_paper7/model-0003.params"
2023-11-08 14:39:30,487 [INFO]  Epoch[3] Validation-cross-entropy=8.569761
2023-11-08 14:39:30,487 [INFO]  Epoch[3] Validation-gmrt_on_paper7-accuracy=0.000000
2023-11-08 14:39:30,493 [INFO]  Epoch[4] Batch [0-4]	Speed: 11218.93 samples/sec	cross-entropy=1.398583	gmrt_on_paper7-accuracy=0.000000
2023-11-08 14:39:30,497 [INFO]  Epoch[4] Train-cross-entropy=1.331027
2023-11-08 14:39:30,497 [INFO]  Epoch[4] Train-gmrt_on_paper7-accuracy=0.000000
2023-11-08 14:39:30,497 [INFO]  Epoch[4] Time cost=0.010
2023-11-08 14:39:30,498 [INFO]  Saved checkpoint to "./imputer_model/imputer_model_gmrt_on_paper7/model-0004.params"
2023-11-08 14:39:30,498 [INFO]  Epoch[4] Validation-cross-entropy=4.202306
2023-11-08 14:39:30,499 [INFO]  Epoch[4] Validation-gmrt_on_paper7-accuracy=0.000000
2023-11-08 14:39:30,499 [INFO]  
========== done (0.05488300323486328 s) fit model
2023-11-08 14:53:34,761 [INFO]  
========== start: fit model
2023-11-08 14:53:34,761 [WARNING]  Already bound, ignoring bind()
2023-11-08 14:53:34,768 [INFO]  Epoch[0] Batch [0-4]	Speed: 12295.50 samples/sec	cross-entropy=18.929049	gmrt_on_paper7-accuracy=0.000000
2023-11-08 14:53:34,774 [INFO]  Epoch[0] Train-cross-entropy=17.800709
2023-11-08 14:53:34,774 [INFO]  Epoch[0] Train-gmrt_on_paper7-accuracy=0.000000
2023-11-08 14:53:34,774 [INFO]  Epoch[0] Time cost=0.012
2023-11-08 14:53:34,777 [INFO]  Saved checkpoint to "./imputer_model/imputer_model_gmrt_on_paper7/model-0000.params"
2023-11-08 14:53:34,778 [INFO]  Epoch[0] Validation-cross-entropy=13.861843
2023-11-08 14:53:34,779 [INFO]  Epoch[0] Validation-gmrt_on_paper7-accuracy=0.000000
2023-11-08 14:53:34,786 [INFO]  Epoch[1] Batch [0-4]	Speed: 11516.88 samples/sec	cross-entropy=43.796404	gmrt_on_paper7-accuracy=0.000000
2023-11-08 14:53:34,791 [INFO]  Epoch[1] Train-cross-entropy=42.405747
2023-11-08 14:53:34,791 [INFO]  Epoch[1] Train-gmrt_on_paper7-accuracy=0.000000
2023-11-08 14:53:34,791 [INFO]  Epoch[1] Time cost=0.012
2023-11-08 14:53:34,793 [INFO]  Saved checkpoint to "./imputer_model/imputer_model_gmrt_on_paper7/model-0001.params"
2023-11-08 14:53:34,794 [INFO]  Epoch[1] Validation-cross-entropy=11.812429
2023-11-08 14:53:34,794 [INFO]  Epoch[1] Validation-gmrt_on_paper7-accuracy=0.000000
2023-11-08 14:53:34,800 [INFO]  Epoch[2] Batch [0-4]	Speed: 13475.00 samples/sec	cross-entropy=11.930940	gmrt_on_paper7-accuracy=0.000000
2023-11-08 14:53:34,804 [INFO]  Epoch[2] Train-cross-entropy=11.894927
2023-11-08 14:53:34,804 [INFO]  Epoch[2] Train-gmrt_on_paper7-accuracy=0.000000
2023-11-08 14:53:34,804 [INFO]  Epoch[2] Time cost=0.010
2023-11-08 14:53:34,805 [INFO]  Saved checkpoint to "./imputer_model/imputer_model_gmrt_on_paper7/model-0002.params"
2023-11-08 14:53:34,806 [INFO]  Epoch[2] Validation-cross-entropy=19.821733
2023-11-08 14:53:34,806 [INFO]  Epoch[2] Validation-gmrt_on_paper7-accuracy=0.000000
2023-11-08 14:53:34,812 [INFO]  Epoch[3] Batch [0-4]	Speed: 14051.27 samples/sec	cross-entropy=4.231504	gmrt_on_paper7-accuracy=0.000000
2023-11-08 14:53:34,815 [INFO]  Epoch[3] Train-cross-entropy=3.473936
2023-11-08 14:53:34,815 [INFO]  Epoch[3] Train-gmrt_on_paper7-accuracy=0.000000
2023-11-08 14:53:34,815 [INFO]  Epoch[3] Time cost=0.009
2023-11-08 14:53:34,817 [INFO]  Saved checkpoint to "./imputer_model/imputer_model_gmrt_on_paper7/model-0003.params"
2023-11-08 14:53:34,817 [INFO]  Epoch[3] Validation-cross-entropy=7.963069
2023-11-08 14:53:34,817 [INFO]  Epoch[3] Validation-gmrt_on_paper7-accuracy=0.000000
2023-11-08 14:53:34,823 [INFO]  Epoch[4] Batch [0-4]	Speed: 14187.92 samples/sec	cross-entropy=2.335561	gmrt_on_paper7-accuracy=0.000000
2023-11-08 14:53:34,827 [INFO]  Epoch[4] Train-cross-entropy=1.840811
2023-11-08 14:53:34,827 [INFO]  Epoch[4] Train-gmrt_on_paper7-accuracy=0.000000
2023-11-08 14:53:34,827 [INFO]  Epoch[4] Time cost=0.009
2023-11-08 14:53:34,828 [INFO]  Saved checkpoint to "./imputer_model/imputer_model_gmrt_on_paper7/model-0004.params"
2023-11-08 14:53:34,829 [INFO]  Epoch[4] Validation-cross-entropy=9.299584
2023-11-08 14:53:34,829 [INFO]  Epoch[4] Validation-gmrt_on_paper7-accuracy=0.000000
2023-11-08 14:53:34,829 [INFO]  
========== done (0.06831121444702148 s) fit model
