2023-11-08 12:33:08,586 [INFO]  
========== start: fit model
2023-11-08 12:33:08,586 [WARNING]  Already bound, ignoring bind()
2023-11-08 12:33:08,593 [INFO]  Epoch[0] Batch [0-4]	Speed: 14286.84 samples/sec	cross-entropy=13.823696	pressure_mean3-accuracy=2.400000
2023-11-08 12:33:08,597 [INFO]  Epoch[0] Train-cross-entropy=19.391180
2023-11-08 12:33:08,597 [INFO]  Epoch[0] Train-pressure_mean3-accuracy=2.625000
2023-11-08 12:33:08,597 [INFO]  Epoch[0] Time cost=0.010
2023-11-08 12:33:08,598 [INFO]  Saved checkpoint to "./imputer_model/imputer_model_pressure_mean3/model-0000.params"
2023-11-08 12:33:08,598 [INFO]  Epoch[0] Validation-cross-entropy=17.018747
2023-11-08 12:33:08,598 [INFO]  Epoch[0] Validation-pressure_mean3-accuracy=0.000000
2023-11-08 12:33:08,607 [INFO]  Epoch[1] Batch [0-4]	Speed: 10095.73 samples/sec	cross-entropy=45.249928	pressure_mean3-accuracy=2.400000
2023-11-08 12:33:08,612 [INFO]  Epoch[1] Train-cross-entropy=32.968962
2023-11-08 12:33:08,612 [INFO]  Epoch[1] Train-pressure_mean3-accuracy=2.625000
2023-11-08 12:33:08,612 [INFO]  Epoch[1] Time cost=0.014
2023-11-08 12:33:08,615 [INFO]  Saved checkpoint to "./imputer_model/imputer_model_pressure_mean3/model-0001.params"
2023-11-08 12:33:08,615 [INFO]  Epoch[1] Validation-cross-entropy=3.781755
2023-11-08 12:33:08,615 [INFO]  Epoch[1] Validation-pressure_mean3-accuracy=0.000000
2023-11-08 12:33:08,622 [INFO]  Epoch[2] Batch [0-4]	Speed: 12426.42 samples/sec	cross-entropy=9.161384	pressure_mean3-accuracy=2.400000
2023-11-08 12:33:08,626 [INFO]  Epoch[2] Train-cross-entropy=7.414795
2023-11-08 12:33:08,626 [INFO]  Epoch[2] Train-pressure_mean3-accuracy=2.625000
2023-11-08 12:33:08,626 [INFO]  Epoch[2] Time cost=0.011
2023-11-08 12:33:08,628 [INFO]  Saved checkpoint to "./imputer_model/imputer_model_pressure_mean3/model-0002.params"
2023-11-08 12:33:08,628 [INFO]  Epoch[2] Validation-cross-entropy=2.280013
2023-11-08 12:33:08,628 [INFO]  Epoch[2] Validation-pressure_mean3-accuracy=0.000000
2023-11-08 12:33:08,634 [INFO]  Epoch[3] Batch [0-4]	Speed: 13756.75 samples/sec	cross-entropy=6.655127	pressure_mean3-accuracy=2.400000
2023-11-08 12:33:08,638 [INFO]  Epoch[3] Train-cross-entropy=4.938497
2023-11-08 12:33:08,638 [INFO]  Epoch[3] Train-pressure_mean3-accuracy=2.625000
2023-11-08 12:33:08,638 [INFO]  Epoch[3] Time cost=0.009
2023-11-08 12:33:08,639 [INFO]  Saved checkpoint to "./imputer_model/imputer_model_pressure_mean3/model-0003.params"
2023-11-08 12:33:08,640 [INFO]  Epoch[3] Validation-cross-entropy=3.002772
2023-11-08 12:33:08,640 [INFO]  Epoch[3] Validation-pressure_mean3-accuracy=0.000000
2023-11-08 12:33:08,646 [INFO]  Epoch[4] Batch [0-4]	Speed: 13967.92 samples/sec	cross-entropy=1.775531	pressure_mean3-accuracy=2.400000
2023-11-08 12:33:08,649 [INFO]  Epoch[4] Train-cross-entropy=1.697220
2023-11-08 12:33:08,649 [INFO]  Epoch[4] Train-pressure_mean3-accuracy=2.625000
2023-11-08 12:33:08,649 [INFO]  Epoch[4] Time cost=0.009
2023-11-08 12:33:08,651 [INFO]  Saved checkpoint to "./imputer_model/imputer_model_pressure_mean3/model-0004.params"
2023-11-08 12:33:08,651 [INFO]  Epoch[4] Validation-cross-entropy=3.540991
2023-11-08 12:33:08,651 [INFO]  Epoch[4] Validation-pressure_mean3-accuracy=0.000000
2023-11-08 12:33:08,651 [INFO]  
========== done (0.06526732444763184 s) fit model
2023-11-08 13:04:11,397 [INFO]  
========== start: fit model
2023-11-08 13:04:11,397 [WARNING]  Already bound, ignoring bind()
2023-11-08 13:04:11,407 [INFO]  Epoch[0] Batch [0-4]	Speed: 14588.88 samples/sec	cross-entropy=25.874220	pressure_mean3-accuracy=0.000000
2023-11-08 13:04:11,410 [INFO]  Epoch[0] Train-cross-entropy=22.422466
2023-11-08 13:04:11,410 [INFO]  Epoch[0] Train-pressure_mean3-accuracy=0.000000
2023-11-08 13:04:11,410 [INFO]  Epoch[0] Time cost=0.012
2023-11-08 13:04:11,411 [INFO]  Saved checkpoint to "./imputer_model/imputer_model_pressure_mean3/model-0000.params"
2023-11-08 13:04:11,412 [INFO]  Epoch[0] Validation-cross-entropy=260.067078
2023-11-08 13:04:11,412 [INFO]  Epoch[0] Validation-pressure_mean3-accuracy=0.000000
2023-11-08 13:04:11,418 [INFO]  Epoch[1] Batch [0-4]	Speed: 14733.82 samples/sec	cross-entropy=35.313038	pressure_mean3-accuracy=0.000000
2023-11-08 13:04:11,422 [INFO]  Epoch[1] Train-cross-entropy=29.860152
2023-11-08 13:04:11,422 [INFO]  Epoch[1] Train-pressure_mean3-accuracy=0.000000
2023-11-08 13:04:11,422 [INFO]  Epoch[1] Time cost=0.010
2023-11-08 13:04:11,426 [INFO]  Saved checkpoint to "./imputer_model/imputer_model_pressure_mean3/model-0001.params"
2023-11-08 13:04:11,427 [INFO]  Epoch[1] Validation-cross-entropy=293.718689
2023-11-08 13:04:11,427 [INFO]  Epoch[1] Validation-pressure_mean3-accuracy=0.000000
2023-11-08 13:04:11,434 [INFO]  Epoch[2] Batch [0-4]	Speed: 11354.66 samples/sec	cross-entropy=9.354318	pressure_mean3-accuracy=0.000000
2023-11-08 13:04:11,438 [INFO]  Epoch[2] Train-cross-entropy=8.704324
2023-11-08 13:04:11,438 [INFO]  Epoch[2] Train-pressure_mean3-accuracy=0.000000
2023-11-08 13:04:11,438 [INFO]  Epoch[2] Time cost=0.011
2023-11-08 13:04:11,440 [INFO]  Saved checkpoint to "./imputer_model/imputer_model_pressure_mean3/model-0002.params"
2023-11-08 13:04:11,441 [INFO]  Epoch[2] Validation-cross-entropy=290.896790
2023-11-08 13:04:11,441 [INFO]  Epoch[2] Validation-pressure_mean3-accuracy=0.000000
2023-11-08 13:04:11,446 [INFO]  Epoch[3] Batch [0-4]	Speed: 15059.49 samples/sec	cross-entropy=3.799713	pressure_mean3-accuracy=0.000000
2023-11-08 13:04:11,450 [INFO]  Epoch[3] Train-cross-entropy=3.500906
2023-11-08 13:04:11,450 [INFO]  Epoch[3] Train-pressure_mean3-accuracy=0.000000
2023-11-08 13:04:11,450 [INFO]  Epoch[3] Time cost=0.009
2023-11-08 13:04:11,451 [INFO]  Saved checkpoint to "./imputer_model/imputer_model_pressure_mean3/model-0003.params"
2023-11-08 13:04:11,452 [INFO]  Epoch[3] Validation-cross-entropy=243.742798
2023-11-08 13:04:11,452 [INFO]  Epoch[3] Validation-pressure_mean3-accuracy=0.000000
2023-11-08 13:04:11,457 [INFO]  Epoch[4] Batch [0-4]	Speed: 14741.10 samples/sec	cross-entropy=1.789943	pressure_mean3-accuracy=0.000000
2023-11-08 13:04:11,461 [INFO]  Epoch[4] Train-cross-entropy=1.377189
2023-11-08 13:04:11,461 [INFO]  Epoch[4] Train-pressure_mean3-accuracy=0.000000
2023-11-08 13:04:11,461 [INFO]  Epoch[4] Time cost=0.010
2023-11-08 13:04:11,464 [INFO]  Saved checkpoint to "./imputer_model/imputer_model_pressure_mean3/model-0004.params"
2023-11-08 13:04:11,465 [INFO]  Epoch[4] Validation-cross-entropy=265.585358
2023-11-08 13:04:11,465 [INFO]  Epoch[4] Validation-pressure_mean3-accuracy=0.000000
2023-11-08 13:04:11,465 [INFO]  
========== done (0.06861352920532227 s) fit model
2023-11-08 13:17:39,031 [INFO]  
========== start: fit model
2023-11-08 13:17:39,031 [WARNING]  Already bound, ignoring bind()
2023-11-08 13:17:39,038 [INFO]  Epoch[0] Batch [0-4]	Speed: 13969.37 samples/sec	cross-entropy=24.041234	pressure_mean3-accuracy=0.000000
2023-11-08 13:17:39,041 [INFO]  Epoch[0] Train-cross-entropy=24.980588
2023-11-08 13:17:39,041 [INFO]  Epoch[0] Train-pressure_mean3-accuracy=0.000000
2023-11-08 13:17:39,041 [INFO]  Epoch[0] Time cost=0.010
2023-11-08 13:17:39,042 [INFO]  Saved checkpoint to "./imputer_model/imputer_model_pressure_mean3/model-0000.params"
2023-11-08 13:17:39,043 [INFO]  Epoch[0] Validation-cross-entropy=7.752588
2023-11-08 13:17:39,043 [INFO]  Epoch[0] Validation-pressure_mean3-accuracy=0.000000
2023-11-08 13:17:39,049 [INFO]  Epoch[1] Batch [0-4]	Speed: 12189.42 samples/sec	cross-entropy=25.230182	pressure_mean3-accuracy=0.000000
2023-11-08 13:17:39,053 [INFO]  Epoch[1] Train-cross-entropy=24.478916
2023-11-08 13:17:39,054 [INFO]  Epoch[1] Train-pressure_mean3-accuracy=0.000000
2023-11-08 13:17:39,054 [INFO]  Epoch[1] Time cost=0.011
2023-11-08 13:17:39,056 [INFO]  Saved checkpoint to "./imputer_model/imputer_model_pressure_mean3/model-0001.params"
2023-11-08 13:17:39,057 [INFO]  Epoch[1] Validation-cross-entropy=10.197206
2023-11-08 13:17:39,057 [INFO]  Epoch[1] Validation-pressure_mean3-accuracy=0.000000
2023-11-08 13:17:39,063 [INFO]  Epoch[2] Batch [0-4]	Speed: 13634.47 samples/sec	cross-entropy=4.407900	pressure_mean3-accuracy=0.000000
2023-11-08 13:17:39,066 [INFO]  Epoch[2] Train-cross-entropy=4.667204
2023-11-08 13:17:39,066 [INFO]  Epoch[2] Train-pressure_mean3-accuracy=0.000000
2023-11-08 13:17:39,067 [INFO]  Epoch[2] Time cost=0.010
2023-11-08 13:17:39,068 [INFO]  Saved checkpoint to "./imputer_model/imputer_model_pressure_mean3/model-0002.params"
2023-11-08 13:17:39,069 [INFO]  Epoch[2] Validation-cross-entropy=6.172052
2023-11-08 13:17:39,069 [INFO]  Epoch[2] Validation-pressure_mean3-accuracy=0.000000
2023-11-08 13:17:39,075 [INFO]  Epoch[3] Batch [0-4]	Speed: 13068.28 samples/sec	cross-entropy=2.487695	pressure_mean3-accuracy=0.000000
2023-11-08 13:17:39,079 [INFO]  Epoch[3] Train-cross-entropy=2.580114
2023-11-08 13:17:39,079 [INFO]  Epoch[3] Train-pressure_mean3-accuracy=0.000000
2023-11-08 13:17:39,079 [INFO]  Epoch[3] Time cost=0.010
2023-11-08 13:17:39,080 [INFO]  Saved checkpoint to "./imputer_model/imputer_model_pressure_mean3/model-0003.params"
2023-11-08 13:17:39,081 [INFO]  Epoch[3] Validation-cross-entropy=7.189673
2023-11-08 13:17:39,081 [INFO]  Epoch[3] Validation-pressure_mean3-accuracy=0.000000
2023-11-08 13:17:39,087 [INFO]  Epoch[4] Batch [0-4]	Speed: 13398.99 samples/sec	cross-entropy=1.182542	pressure_mean3-accuracy=0.000000
2023-11-08 13:17:39,091 [INFO]  Epoch[4] Train-cross-entropy=0.945297
2023-11-08 13:17:39,091 [INFO]  Epoch[4] Train-pressure_mean3-accuracy=0.000000
2023-11-08 13:17:39,091 [INFO]  Epoch[4] Time cost=0.010
2023-11-08 13:17:39,092 [INFO]  Saved checkpoint to "./imputer_model/imputer_model_pressure_mean3/model-0004.params"
2023-11-08 13:17:39,093 [INFO]  Epoch[4] Validation-cross-entropy=9.155643
2023-11-08 13:17:39,093 [INFO]  Epoch[4] Validation-pressure_mean3-accuracy=0.000000
2023-11-08 13:17:39,093 [INFO]  
========== done (0.06248950958251953 s) fit model
2023-11-08 13:30:59,668 [INFO]  
========== start: fit model
2023-11-08 13:30:59,669 [WARNING]  Already bound, ignoring bind()
2023-11-08 13:30:59,676 [INFO]  Epoch[0] Batch [0-4]	Speed: 11962.36 samples/sec	cross-entropy=23.484245	pressure_mean3-accuracy=0.000000
2023-11-08 13:30:59,682 [INFO]  Epoch[0] Train-cross-entropy=26.132616
2023-11-08 13:30:59,682 [INFO]  Epoch[0] Train-pressure_mean3-accuracy=0.000000
2023-11-08 13:30:59,682 [INFO]  Epoch[0] Time cost=0.013
2023-11-08 13:30:59,685 [INFO]  Saved checkpoint to "./imputer_model/imputer_model_pressure_mean3/model-0000.params"
2023-11-08 13:30:59,686 [INFO]  Epoch[0] Validation-cross-entropy=17.277815
2023-11-08 13:30:59,686 [INFO]  Epoch[0] Validation-pressure_mean3-accuracy=0.000000
2023-11-08 13:30:59,694 [INFO]  Epoch[1] Batch [0-4]	Speed: 11592.48 samples/sec	cross-entropy=46.288817	pressure_mean3-accuracy=0.000000
2023-11-08 13:30:59,698 [INFO]  Epoch[1] Train-cross-entropy=44.456240
2023-11-08 13:30:59,698 [INFO]  Epoch[1] Train-pressure_mean3-accuracy=0.000000
2023-11-08 13:30:59,698 [INFO]  Epoch[1] Time cost=0.012
2023-11-08 13:30:59,700 [INFO]  Saved checkpoint to "./imputer_model/imputer_model_pressure_mean3/model-0001.params"
2023-11-08 13:30:59,701 [INFO]  Epoch[1] Validation-cross-entropy=16.248285
2023-11-08 13:30:59,701 [INFO]  Epoch[1] Validation-pressure_mean3-accuracy=0.000000
2023-11-08 13:30:59,707 [INFO]  Epoch[2] Batch [0-4]	Speed: 12599.65 samples/sec	cross-entropy=14.201976	pressure_mean3-accuracy=0.000000
2023-11-08 13:30:59,711 [INFO]  Epoch[2] Train-cross-entropy=14.338943
2023-11-08 13:30:59,711 [INFO]  Epoch[2] Train-pressure_mean3-accuracy=0.000000
2023-11-08 13:30:59,711 [INFO]  Epoch[2] Time cost=0.010
2023-11-08 13:30:59,713 [INFO]  Saved checkpoint to "./imputer_model/imputer_model_pressure_mean3/model-0002.params"
2023-11-08 13:30:59,714 [INFO]  Epoch[2] Validation-cross-entropy=6.388678
2023-11-08 13:30:59,714 [INFO]  Epoch[2] Validation-pressure_mean3-accuracy=0.000000
2023-11-08 13:30:59,720 [INFO]  Epoch[3] Batch [0-4]	Speed: 13449.34 samples/sec	cross-entropy=9.647148	pressure_mean3-accuracy=0.000000
2023-11-08 13:30:59,724 [INFO]  Epoch[3] Train-cross-entropy=7.527632
2023-11-08 13:30:59,724 [INFO]  Epoch[3] Train-pressure_mean3-accuracy=0.000000
2023-11-08 13:30:59,724 [INFO]  Epoch[3] Time cost=0.010
2023-11-08 13:30:59,726 [INFO]  Saved checkpoint to "./imputer_model/imputer_model_pressure_mean3/model-0003.params"
2023-11-08 13:30:59,726 [INFO]  Epoch[3] Validation-cross-entropy=4.831391
2023-11-08 13:30:59,726 [INFO]  Epoch[3] Validation-pressure_mean3-accuracy=0.000000
2023-11-08 13:30:59,732 [INFO]  Epoch[4] Batch [0-4]	Speed: 13916.50 samples/sec	cross-entropy=3.605268	pressure_mean3-accuracy=0.000000
2023-11-08 13:30:59,736 [INFO]  Epoch[4] Train-cross-entropy=3.183827
2023-11-08 13:30:59,736 [INFO]  Epoch[4] Train-pressure_mean3-accuracy=0.000000
2023-11-08 13:30:59,736 [INFO]  Epoch[4] Time cost=0.009
2023-11-08 13:30:59,737 [INFO]  Saved checkpoint to "./imputer_model/imputer_model_pressure_mean3/model-0004.params"
2023-11-08 13:30:59,738 [INFO]  Epoch[4] Validation-cross-entropy=5.692585
2023-11-08 13:30:59,738 [INFO]  Epoch[4] Validation-pressure_mean3-accuracy=0.000000
2023-11-08 13:30:59,738 [INFO]  
========== done (0.0697476863861084 s) fit model
2023-11-08 13:44:19,802 [INFO]  
========== start: fit model
2023-11-08 13:44:19,803 [WARNING]  Already bound, ignoring bind()
2023-11-08 13:44:19,809 [INFO]  Epoch[0] Batch [0-4]	Speed: 14276.20 samples/sec	cross-entropy=22.023628	pressure_mean3-accuracy=2.600000
2023-11-08 13:44:19,813 [INFO]  Epoch[0] Train-cross-entropy=22.578240
2023-11-08 13:44:19,813 [INFO]  Epoch[0] Train-pressure_mean3-accuracy=2.625000
2023-11-08 13:44:19,813 [INFO]  Epoch[0] Time cost=0.010
2023-11-08 13:44:19,814 [INFO]  Saved checkpoint to "./imputer_model/imputer_model_pressure_mean3/model-0000.params"
2023-11-08 13:44:19,815 [INFO]  Epoch[0] Validation-cross-entropy=15.761354
2023-11-08 13:44:19,815 [INFO]  Epoch[0] Validation-pressure_mean3-accuracy=0.000000
2023-11-08 13:44:19,823 [INFO]  Epoch[1] Batch [0-4]	Speed: 10304.23 samples/sec	cross-entropy=39.216582	pressure_mean3-accuracy=2.600000
2023-11-08 13:44:19,827 [INFO]  Epoch[1] Train-cross-entropy=34.513922
2023-11-08 13:44:19,828 [INFO]  Epoch[1] Train-pressure_mean3-accuracy=2.625000
2023-11-08 13:44:19,828 [INFO]  Epoch[1] Time cost=0.013
2023-11-08 13:44:19,830 [INFO]  Saved checkpoint to "./imputer_model/imputer_model_pressure_mean3/model-0001.params"
2023-11-08 13:44:19,831 [INFO]  Epoch[1] Validation-cross-entropy=19.840221
2023-11-08 13:44:19,831 [INFO]  Epoch[1] Validation-pressure_mean3-accuracy=0.000000
2023-11-08 13:44:19,838 [INFO]  Epoch[2] Batch [0-4]	Speed: 12081.35 samples/sec	cross-entropy=8.108975	pressure_mean3-accuracy=2.600000
2023-11-08 13:44:19,842 [INFO]  Epoch[2] Train-cross-entropy=7.065511
2023-11-08 13:44:19,842 [INFO]  Epoch[2] Train-pressure_mean3-accuracy=2.625000
2023-11-08 13:44:19,842 [INFO]  Epoch[2] Time cost=0.011
2023-11-08 13:44:19,844 [INFO]  Saved checkpoint to "./imputer_model/imputer_model_pressure_mean3/model-0002.params"
2023-11-08 13:44:19,845 [INFO]  Epoch[2] Validation-cross-entropy=15.077535
2023-11-08 13:44:19,845 [INFO]  Epoch[2] Validation-pressure_mean3-accuracy=0.000000
2023-11-08 13:44:19,851 [INFO]  Epoch[3] Batch [0-4]	Speed: 13837.59 samples/sec	cross-entropy=3.356769	pressure_mean3-accuracy=2.600000
2023-11-08 13:44:19,854 [INFO]  Epoch[3] Train-cross-entropy=2.953335
2023-11-08 13:44:19,855 [INFO]  Epoch[3] Train-pressure_mean3-accuracy=2.625000
2023-11-08 13:44:19,855 [INFO]  Epoch[3] Time cost=0.010
2023-11-08 13:44:19,856 [INFO]  Saved checkpoint to "./imputer_model/imputer_model_pressure_mean3/model-0003.params"
2023-11-08 13:44:19,857 [INFO]  Epoch[3] Validation-cross-entropy=14.643791
2023-11-08 13:44:19,857 [INFO]  Epoch[3] Validation-pressure_mean3-accuracy=0.000000
2023-11-08 13:44:19,862 [INFO]  Epoch[4] Batch [0-4]	Speed: 14521.01 samples/sec	cross-entropy=1.495262	pressure_mean3-accuracy=2.600000
2023-11-08 13:44:19,866 [INFO]  Epoch[4] Train-cross-entropy=1.159959
2023-11-08 13:44:19,866 [INFO]  Epoch[4] Train-pressure_mean3-accuracy=2.625000
2023-11-08 13:44:19,866 [INFO]  Epoch[4] Time cost=0.009
2023-11-08 13:44:19,867 [INFO]  Saved checkpoint to "./imputer_model/imputer_model_pressure_mean3/model-0004.params"
2023-11-08 13:44:19,868 [INFO]  Epoch[4] Validation-cross-entropy=13.161518
2023-11-08 13:44:19,868 [INFO]  Epoch[4] Validation-pressure_mean3-accuracy=0.000000
2023-11-08 13:44:19,868 [INFO]  
========== done (0.06566882133483887 s) fit model
2023-11-08 13:57:41,610 [INFO]  
========== start: fit model
2023-11-08 13:57:41,610 [WARNING]  Already bound, ignoring bind()
2023-11-08 13:57:41,617 [INFO]  Epoch[0] Batch [0-4]	Speed: 13954.12 samples/sec	cross-entropy=11.907965	pressure_mean3-accuracy=0.000000
2023-11-08 13:57:41,621 [INFO]  Epoch[0] Train-cross-entropy=19.652691
2023-11-08 13:57:41,621 [INFO]  Epoch[0] Train-pressure_mean3-accuracy=0.000000
2023-11-08 13:57:41,621 [INFO]  Epoch[0] Time cost=0.010
2023-11-08 13:57:41,622 [INFO]  Saved checkpoint to "./imputer_model/imputer_model_pressure_mean3/model-0000.params"
2023-11-08 13:57:41,623 [INFO]  Epoch[0] Validation-cross-entropy=14.902656
2023-11-08 13:57:41,623 [INFO]  Epoch[0] Validation-pressure_mean3-accuracy=0.000000
2023-11-08 13:57:41,630 [INFO]  Epoch[1] Batch [0-4]	Speed: 10824.45 samples/sec	cross-entropy=58.934895	pressure_mean3-accuracy=0.000000
2023-11-08 13:57:41,636 [INFO]  Epoch[1] Train-cross-entropy=49.793175
2023-11-08 13:57:41,636 [INFO]  Epoch[1] Train-pressure_mean3-accuracy=0.000000
2023-11-08 13:57:41,636 [INFO]  Epoch[1] Time cost=0.013
2023-11-08 13:57:41,639 [INFO]  Saved checkpoint to "./imputer_model/imputer_model_pressure_mean3/model-0001.params"
2023-11-08 13:57:41,640 [INFO]  Epoch[1] Validation-cross-entropy=6.809234
2023-11-08 13:57:41,640 [INFO]  Epoch[1] Validation-pressure_mean3-accuracy=0.000000
2023-11-08 13:57:41,646 [INFO]  Epoch[2] Batch [0-4]	Speed: 13727.20 samples/sec	cross-entropy=6.554612	pressure_mean3-accuracy=0.000000
2023-11-08 13:57:41,649 [INFO]  Epoch[2] Train-cross-entropy=7.104640
2023-11-08 13:57:41,649 [INFO]  Epoch[2] Train-pressure_mean3-accuracy=0.000000
2023-11-08 13:57:41,649 [INFO]  Epoch[2] Time cost=0.010
2023-11-08 13:57:41,651 [INFO]  Saved checkpoint to "./imputer_model/imputer_model_pressure_mean3/model-0002.params"
2023-11-08 13:57:41,651 [INFO]  Epoch[2] Validation-cross-entropy=17.603008
2023-11-08 13:57:41,652 [INFO]  Epoch[2] Validation-pressure_mean3-accuracy=0.000000
2023-11-08 13:57:41,656 [INFO]  Epoch[3] Batch [0-4]	Speed: 17108.70 samples/sec	cross-entropy=5.298947	pressure_mean3-accuracy=0.000000
2023-11-08 13:57:41,659 [INFO]  Epoch[3] Train-cross-entropy=4.820134
2023-11-08 13:57:41,659 [INFO]  Epoch[3] Train-pressure_mean3-accuracy=0.000000
2023-11-08 13:57:41,659 [INFO]  Epoch[3] Time cost=0.008
2023-11-08 13:57:41,661 [INFO]  Saved checkpoint to "./imputer_model/imputer_model_pressure_mean3/model-0003.params"
2023-11-08 13:57:41,661 [INFO]  Epoch[3] Validation-cross-entropy=17.753008
2023-11-08 13:57:41,661 [INFO]  Epoch[3] Validation-pressure_mean3-accuracy=0.000000
2023-11-08 13:57:41,666 [INFO]  Epoch[4] Batch [0-4]	Speed: 17079.31 samples/sec	cross-entropy=2.077643	pressure_mean3-accuracy=0.000000
2023-11-08 13:57:41,669 [INFO]  Epoch[4] Train-cross-entropy=1.958517
2023-11-08 13:57:41,669 [INFO]  Epoch[4] Train-pressure_mean3-accuracy=0.000000
2023-11-08 13:57:41,669 [INFO]  Epoch[4] Time cost=0.008
2023-11-08 13:57:41,670 [INFO]  Saved checkpoint to "./imputer_model/imputer_model_pressure_mean3/model-0004.params"
2023-11-08 13:57:41,671 [INFO]  Epoch[4] Validation-cross-entropy=15.141397
2023-11-08 13:57:41,671 [INFO]  Epoch[4] Validation-pressure_mean3-accuracy=0.000000
2023-11-08 13:57:41,671 [INFO]  
========== done (0.06075882911682129 s) fit model
2023-11-08 14:11:05,918 [INFO]  
========== start: fit model
2023-11-08 14:11:05,918 [WARNING]  Already bound, ignoring bind()
2023-11-08 14:11:05,925 [INFO]  Epoch[0] Batch [0-4]	Speed: 14148.29 samples/sec	cross-entropy=28.617653	pressure_mean3-accuracy=3.600000
2023-11-08 14:11:05,929 [INFO]  Epoch[0] Train-cross-entropy=35.497188
2023-11-08 14:11:05,929 [INFO]  Epoch[0] Train-pressure_mean3-accuracy=2.875000
2023-11-08 14:11:05,929 [INFO]  Epoch[0] Time cost=0.010
2023-11-08 14:11:05,930 [INFO]  Saved checkpoint to "./imputer_model/imputer_model_pressure_mean3/model-0000.params"
2023-11-08 14:11:05,930 [INFO]  Epoch[0] Validation-cross-entropy=17.615324
2023-11-08 14:11:05,931 [INFO]  Epoch[0] Validation-pressure_mean3-accuracy=0.000000
2023-11-08 14:11:05,938 [INFO]  Epoch[1] Batch [0-4]	Speed: 10497.24 samples/sec	cross-entropy=33.803976	pressure_mean3-accuracy=3.600000
2023-11-08 14:11:05,943 [INFO]  Epoch[1] Train-cross-entropy=61.538039
2023-11-08 14:11:05,943 [INFO]  Epoch[1] Train-pressure_mean3-accuracy=2.875000
2023-11-08 14:11:05,943 [INFO]  Epoch[1] Time cost=0.013
2023-11-08 14:11:05,946 [INFO]  Saved checkpoint to "./imputer_model/imputer_model_pressure_mean3/model-0001.params"
2023-11-08 14:11:05,946 [INFO]  Epoch[1] Validation-cross-entropy=1.585213
2023-11-08 14:11:05,946 [INFO]  Epoch[1] Validation-pressure_mean3-accuracy=0.000000
2023-11-08 14:11:05,951 [INFO]  Epoch[2] Batch [0-4]	Speed: 16616.25 samples/sec	cross-entropy=9.073559	pressure_mean3-accuracy=3.600000
2023-11-08 14:11:05,954 [INFO]  Epoch[2] Train-cross-entropy=9.700252
2023-11-08 14:11:05,954 [INFO]  Epoch[2] Train-pressure_mean3-accuracy=2.875000
2023-11-08 14:11:05,954 [INFO]  Epoch[2] Time cost=0.008
2023-11-08 14:11:05,956 [INFO]  Saved checkpoint to "./imputer_model/imputer_model_pressure_mean3/model-0002.params"
2023-11-08 14:11:05,956 [INFO]  Epoch[2] Validation-cross-entropy=3.431805
2023-11-08 14:11:05,956 [INFO]  Epoch[2] Validation-pressure_mean3-accuracy=0.000000
2023-11-08 14:11:05,960 [INFO]  Epoch[3] Batch [0-4]	Speed: 20336.02 samples/sec	cross-entropy=3.570128	pressure_mean3-accuracy=3.600000
2023-11-08 14:11:05,963 [INFO]  Epoch[3] Train-cross-entropy=4.366778
2023-11-08 14:11:05,963 [INFO]  Epoch[3] Train-pressure_mean3-accuracy=2.875000
2023-11-08 14:11:05,963 [INFO]  Epoch[3] Time cost=0.007
2023-11-08 14:11:05,964 [INFO]  Saved checkpoint to "./imputer_model/imputer_model_pressure_mean3/model-0003.params"
2023-11-08 14:11:05,965 [INFO]  Epoch[3] Validation-cross-entropy=4.775396
2023-11-08 14:11:05,965 [INFO]  Epoch[3] Validation-pressure_mean3-accuracy=0.000000
2023-11-08 14:11:05,969 [INFO]  Epoch[4] Batch [0-4]	Speed: 18938.58 samples/sec	cross-entropy=2.584214	pressure_mean3-accuracy=3.600000
2023-11-08 14:11:05,972 [INFO]  Epoch[4] Train-cross-entropy=2.075473
2023-11-08 14:11:05,972 [INFO]  Epoch[4] Train-pressure_mean3-accuracy=2.875000
2023-11-08 14:11:05,972 [INFO]  Epoch[4] Time cost=0.007
2023-11-08 14:11:05,973 [INFO]  Saved checkpoint to "./imputer_model/imputer_model_pressure_mean3/model-0004.params"
2023-11-08 14:11:05,973 [INFO]  Epoch[4] Validation-cross-entropy=2.894577
2023-11-08 14:11:05,973 [INFO]  Epoch[4] Validation-pressure_mean3-accuracy=0.000000
2023-11-08 14:11:05,973 [INFO]  
========== done (0.05531644821166992 s) fit model
2023-11-08 14:24:37,999 [INFO]  
========== start: fit model
2023-11-08 14:24:37,999 [WARNING]  Already bound, ignoring bind()
2023-11-08 14:24:38,007 [INFO]  Epoch[0] Batch [0-4]	Speed: 11425.70 samples/sec	cross-entropy=18.269716	pressure_mean3-accuracy=3.200000
2023-11-08 14:24:38,010 [INFO]  Epoch[0] Train-cross-entropy=18.237872
2023-11-08 14:24:38,010 [INFO]  Epoch[0] Train-pressure_mean3-accuracy=2.750000
2023-11-08 14:24:38,011 [INFO]  Epoch[0] Time cost=0.011
2023-11-08 14:24:38,012 [INFO]  Saved checkpoint to "./imputer_model/imputer_model_pressure_mean3/model-0000.params"
2023-11-08 14:24:38,012 [INFO]  Epoch[0] Validation-cross-entropy=183.384933
2023-11-08 14:24:38,012 [INFO]  Epoch[0] Validation-pressure_mean3-accuracy=0.000000
2023-11-08 14:24:38,018 [INFO]  Epoch[1] Batch [0-4]	Speed: 14855.31 samples/sec	cross-entropy=41.804017	pressure_mean3-accuracy=3.200000
2023-11-08 14:24:38,021 [INFO]  Epoch[1] Train-cross-entropy=31.431970
2023-11-08 14:24:38,021 [INFO]  Epoch[1] Train-pressure_mean3-accuracy=2.750000
2023-11-08 14:24:38,021 [INFO]  Epoch[1] Time cost=0.009
2023-11-08 14:24:38,023 [INFO]  Saved checkpoint to "./imputer_model/imputer_model_pressure_mean3/model-0001.params"
2023-11-08 14:24:38,023 [INFO]  Epoch[1] Validation-cross-entropy=99.442642
2023-11-08 14:24:38,023 [INFO]  Epoch[1] Validation-pressure_mean3-accuracy=0.000000
2023-11-08 14:24:38,028 [INFO]  Epoch[2] Batch [0-4]	Speed: 15619.43 samples/sec	cross-entropy=5.053289	pressure_mean3-accuracy=3.200000
2023-11-08 14:24:38,031 [INFO]  Epoch[2] Train-cross-entropy=4.297437
2023-11-08 14:24:38,031 [INFO]  Epoch[2] Train-pressure_mean3-accuracy=2.750000
2023-11-08 14:24:38,032 [INFO]  Epoch[2] Time cost=0.008
2023-11-08 14:24:38,033 [INFO]  Saved checkpoint to "./imputer_model/imputer_model_pressure_mean3/model-0002.params"
2023-11-08 14:24:38,033 [INFO]  Epoch[2] Validation-cross-entropy=60.807144
2023-11-08 14:24:38,033 [INFO]  Epoch[2] Validation-pressure_mean3-accuracy=0.000000
2023-11-08 14:24:38,038 [INFO]  Epoch[3] Batch [0-4]	Speed: 15969.75 samples/sec	cross-entropy=3.399575	pressure_mean3-accuracy=3.200000
2023-11-08 14:24:38,042 [INFO]  Epoch[3] Train-cross-entropy=2.936903
2023-11-08 14:24:38,042 [INFO]  Epoch[3] Train-pressure_mean3-accuracy=2.750000
2023-11-08 14:24:38,042 [INFO]  Epoch[3] Time cost=0.008
2023-11-08 14:24:38,043 [INFO]  Saved checkpoint to "./imputer_model/imputer_model_pressure_mean3/model-0003.params"
2023-11-08 14:24:38,043 [INFO]  Epoch[3] Validation-cross-entropy=47.940182
2023-11-08 14:24:38,043 [INFO]  Epoch[3] Validation-pressure_mean3-accuracy=0.000000
2023-11-08 14:24:38,048 [INFO]  Epoch[4] Batch [0-4]	Speed: 16403.02 samples/sec	cross-entropy=1.523575	pressure_mean3-accuracy=3.200000
2023-11-08 14:24:38,051 [INFO]  Epoch[4] Train-cross-entropy=1.573484
2023-11-08 14:24:38,051 [INFO]  Epoch[4] Train-pressure_mean3-accuracy=2.750000
2023-11-08 14:24:38,051 [INFO]  Epoch[4] Time cost=0.008
2023-11-08 14:24:38,053 [INFO]  Saved checkpoint to "./imputer_model/imputer_model_pressure_mean3/model-0004.params"
2023-11-08 14:24:38,053 [INFO]  Epoch[4] Validation-cross-entropy=47.519043
2023-11-08 14:24:38,053 [INFO]  Epoch[4] Validation-pressure_mean3-accuracy=0.000000
2023-11-08 14:24:38,053 [INFO]  
========== done (0.05434823036193848 s) fit model
2023-11-08 14:38:31,487 [INFO]  
========== start: fit model
2023-11-08 14:38:31,487 [WARNING]  Already bound, ignoring bind()
2023-11-08 14:38:31,495 [INFO]  Epoch[0] Batch [0-4]	Speed: 13585.48 samples/sec	cross-entropy=12.764060	pressure_mean3-accuracy=3.000000
2023-11-08 14:38:31,498 [INFO]  Epoch[0] Train-cross-entropy=14.922386
2023-11-08 14:38:31,498 [INFO]  Epoch[0] Train-pressure_mean3-accuracy=2.750000
2023-11-08 14:38:31,498 [INFO]  Epoch[0] Time cost=0.010
2023-11-08 14:38:31,500 [INFO]  Saved checkpoint to "./imputer_model/imputer_model_pressure_mean3/model-0000.params"
2023-11-08 14:38:31,500 [INFO]  Epoch[0] Validation-cross-entropy=27.684320
2023-11-08 14:38:31,500 [INFO]  Epoch[0] Validation-pressure_mean3-accuracy=0.000000
2023-11-08 14:38:31,507 [INFO]  Epoch[1] Batch [0-4]	Speed: 10940.92 samples/sec	cross-entropy=40.010183	pressure_mean3-accuracy=3.000000
2023-11-08 14:38:31,513 [INFO]  Epoch[1] Train-cross-entropy=29.353644
2023-11-08 14:38:31,513 [INFO]  Epoch[1] Train-pressure_mean3-accuracy=2.750000
2023-11-08 14:38:31,513 [INFO]  Epoch[1] Time cost=0.013
2023-11-08 14:38:31,517 [INFO]  Saved checkpoint to "./imputer_model/imputer_model_pressure_mean3/model-0001.params"
2023-11-08 14:38:31,518 [INFO]  Epoch[1] Validation-cross-entropy=8.617077
2023-11-08 14:38:31,518 [INFO]  Epoch[1] Validation-pressure_mean3-accuracy=0.000000
2023-11-08 14:38:31,525 [INFO]  Epoch[2] Batch [0-4]	Speed: 11999.80 samples/sec	cross-entropy=4.962300	pressure_mean3-accuracy=3.000000
2023-11-08 14:38:31,529 [INFO]  Epoch[2] Train-cross-entropy=4.051934
2023-11-08 14:38:31,529 [INFO]  Epoch[2] Train-pressure_mean3-accuracy=2.750000
2023-11-08 14:38:31,530 [INFO]  Epoch[2] Time cost=0.011
2023-11-08 14:38:31,531 [INFO]  Saved checkpoint to "./imputer_model/imputer_model_pressure_mean3/model-0002.params"
2023-11-08 14:38:31,532 [INFO]  Epoch[2] Validation-cross-entropy=17.040592
2023-11-08 14:38:31,532 [INFO]  Epoch[2] Validation-pressure_mean3-accuracy=0.000000
2023-11-08 14:38:31,538 [INFO]  Epoch[3] Batch [0-4]	Speed: 13242.34 samples/sec	cross-entropy=3.208205	pressure_mean3-accuracy=3.000000
2023-11-08 14:38:31,542 [INFO]  Epoch[3] Train-cross-entropy=2.574549
2023-11-08 14:38:31,542 [INFO]  Epoch[3] Train-pressure_mean3-accuracy=2.750000
2023-11-08 14:38:31,542 [INFO]  Epoch[3] Time cost=0.010
2023-11-08 14:38:31,544 [INFO]  Saved checkpoint to "./imputer_model/imputer_model_pressure_mean3/model-0003.params"
2023-11-08 14:38:31,544 [INFO]  Epoch[3] Validation-cross-entropy=10.894619
2023-11-08 14:38:31,544 [INFO]  Epoch[3] Validation-pressure_mean3-accuracy=0.000000
2023-11-08 14:38:31,550 [INFO]  Epoch[4] Batch [0-4]	Speed: 13863.32 samples/sec	cross-entropy=2.016342	pressure_mean3-accuracy=3.000000
2023-11-08 14:38:31,554 [INFO]  Epoch[4] Train-cross-entropy=1.692422
2023-11-08 14:38:31,554 [INFO]  Epoch[4] Train-pressure_mean3-accuracy=2.750000
2023-11-08 14:38:31,554 [INFO]  Epoch[4] Time cost=0.009
2023-11-08 14:38:31,556 [INFO]  Saved checkpoint to "./imputer_model/imputer_model_pressure_mean3/model-0004.params"
2023-11-08 14:38:31,556 [INFO]  Epoch[4] Validation-cross-entropy=15.662307
2023-11-08 14:38:31,556 [INFO]  Epoch[4] Validation-pressure_mean3-accuracy=0.000000
2023-11-08 14:38:31,556 [INFO]  
========== done (0.06915116310119629 s) fit model
2023-11-08 14:52:37,077 [INFO]  
========== start: fit model
2023-11-08 14:52:37,077 [WARNING]  Already bound, ignoring bind()
2023-11-08 14:52:37,089 [INFO]  Epoch[0] Batch [0-4]	Speed: 10553.78 samples/sec	cross-entropy=24.681749	pressure_mean3-accuracy=2.800000
2023-11-08 14:52:37,093 [INFO]  Epoch[0] Train-cross-entropy=23.696146
2023-11-08 14:52:37,093 [INFO]  Epoch[0] Train-pressure_mean3-accuracy=3.250000
2023-11-08 14:52:37,093 [INFO]  Epoch[0] Time cost=0.014
2023-11-08 14:52:37,096 [INFO]  Saved checkpoint to "./imputer_model/imputer_model_pressure_mean3/model-0000.params"
2023-11-08 14:52:37,097 [INFO]  Epoch[0] Validation-cross-entropy=16.782169
2023-11-08 14:52:37,097 [INFO]  Epoch[0] Validation-pressure_mean3-accuracy=0.000000
2023-11-08 14:52:37,103 [INFO]  Epoch[1] Batch [0-4]	Speed: 12678.80 samples/sec	cross-entropy=35.341766	pressure_mean3-accuracy=2.800000
2023-11-08 14:52:37,107 [INFO]  Epoch[1] Train-cross-entropy=30.831560
2023-11-08 14:52:37,107 [INFO]  Epoch[1] Train-pressure_mean3-accuracy=3.250000
2023-11-08 14:52:37,107 [INFO]  Epoch[1] Time cost=0.010
2023-11-08 14:52:37,109 [INFO]  Saved checkpoint to "./imputer_model/imputer_model_pressure_mean3/model-0001.params"
2023-11-08 14:52:37,110 [INFO]  Epoch[1] Validation-cross-entropy=12.190392
2023-11-08 14:52:37,110 [INFO]  Epoch[1] Validation-pressure_mean3-accuracy=0.000000
2023-11-08 14:52:37,116 [INFO]  Epoch[2] Batch [0-4]	Speed: 13642.09 samples/sec	cross-entropy=7.010553	pressure_mean3-accuracy=2.800000
2023-11-08 14:52:37,119 [INFO]  Epoch[2] Train-cross-entropy=7.971424
2023-11-08 14:52:37,119 [INFO]  Epoch[2] Train-pressure_mean3-accuracy=3.250000
2023-11-08 14:52:37,120 [INFO]  Epoch[2] Time cost=0.010
2023-11-08 14:52:37,121 [INFO]  Saved checkpoint to "./imputer_model/imputer_model_pressure_mean3/model-0002.params"
2023-11-08 14:52:37,122 [INFO]  Epoch[2] Validation-cross-entropy=12.359621
2023-11-08 14:52:37,122 [INFO]  Epoch[2] Validation-pressure_mean3-accuracy=0.000000
2023-11-08 14:52:37,127 [INFO]  Epoch[3] Batch [0-4]	Speed: 13975.19 samples/sec	cross-entropy=6.087465	pressure_mean3-accuracy=2.800000
2023-11-08 14:52:37,131 [INFO]  Epoch[3] Train-cross-entropy=5.267951
2023-11-08 14:52:37,131 [INFO]  Epoch[3] Train-pressure_mean3-accuracy=3.250000
2023-11-08 14:52:37,131 [INFO]  Epoch[3] Time cost=0.009
2023-11-08 14:52:37,132 [INFO]  Saved checkpoint to "./imputer_model/imputer_model_pressure_mean3/model-0003.params"
2023-11-08 14:52:37,133 [INFO]  Epoch[3] Validation-cross-entropy=8.352195
2023-11-08 14:52:37,133 [INFO]  Epoch[3] Validation-pressure_mean3-accuracy=0.000000
2023-11-08 14:52:37,139 [INFO]  Epoch[4] Batch [0-4]	Speed: 14052.74 samples/sec	cross-entropy=1.944014	pressure_mean3-accuracy=2.800000
2023-11-08 14:52:37,142 [INFO]  Epoch[4] Train-cross-entropy=1.781813
2023-11-08 14:52:37,142 [INFO]  Epoch[4] Train-pressure_mean3-accuracy=3.250000
2023-11-08 14:52:37,142 [INFO]  Epoch[4] Time cost=0.009
2023-11-08 14:52:37,144 [INFO]  Saved checkpoint to "./imputer_model/imputer_model_pressure_mean3/model-0004.params"
2023-11-08 14:52:37,144 [INFO]  Epoch[4] Validation-cross-entropy=7.538674
2023-11-08 14:52:37,145 [INFO]  Epoch[4] Validation-pressure_mean3-accuracy=0.000000
2023-11-08 14:52:37,145 [INFO]  
========== done (0.06745743751525879 s) fit model
