2023-11-08 12:32:22,167 [INFO]  
========== start: fit model
2023-11-08 12:32:22,167 [WARNING]  Already bound, ignoring bind()
2023-11-08 12:32:22,175 [INFO]  Epoch[0] Batch [0-4]	Speed: 13330.46 samples/sec	cross-entropy=37.661180	air_time1-accuracy=3.200000
2023-11-08 12:32:22,179 [INFO]  Epoch[0] Train-cross-entropy=27.112062
2023-11-08 12:32:22,179 [INFO]  Epoch[0] Train-air_time1-accuracy=3.875000
2023-11-08 12:32:22,179 [INFO]  Epoch[0] Time cost=0.011
2023-11-08 12:32:22,180 [INFO]  Saved checkpoint to "./imputer_model/imputer_model_air_time1/model-0000.params"
2023-11-08 12:32:22,181 [INFO]  Epoch[0] Validation-cross-entropy=6.730764
2023-11-08 12:32:22,181 [INFO]  Epoch[0] Validation-air_time1-accuracy=0.000000
2023-11-08 12:32:22,187 [INFO]  Epoch[1] Batch [0-4]	Speed: 13224.72 samples/sec	cross-entropy=49.100017	air_time1-accuracy=3.200000
2023-11-08 12:32:22,190 [INFO]  Epoch[1] Train-cross-entropy=35.907552
2023-11-08 12:32:22,190 [INFO]  Epoch[1] Train-air_time1-accuracy=3.875000
2023-11-08 12:32:22,190 [INFO]  Epoch[1] Time cost=0.010
2023-11-08 12:32:22,192 [INFO]  Saved checkpoint to "./imputer_model/imputer_model_air_time1/model-0001.params"
2023-11-08 12:32:22,193 [INFO]  Epoch[1] Validation-cross-entropy=5.643448
2023-11-08 12:32:22,193 [INFO]  Epoch[1] Validation-air_time1-accuracy=0.000000
2023-11-08 12:32:22,199 [INFO]  Epoch[2] Batch [0-4]	Speed: 14102.95 samples/sec	cross-entropy=7.485432	air_time1-accuracy=3.200000
2023-11-08 12:32:22,202 [INFO]  Epoch[2] Train-cross-entropy=6.405282
2023-11-08 12:32:22,202 [INFO]  Epoch[2] Train-air_time1-accuracy=3.875000
2023-11-08 12:32:22,202 [INFO]  Epoch[2] Time cost=0.009
2023-11-08 12:32:22,204 [INFO]  Saved checkpoint to "./imputer_model/imputer_model_air_time1/model-0002.params"
2023-11-08 12:32:22,204 [INFO]  Epoch[2] Validation-cross-entropy=4.843525
2023-11-08 12:32:22,205 [INFO]  Epoch[2] Validation-air_time1-accuracy=0.000000
2023-11-08 12:32:22,210 [INFO]  Epoch[3] Batch [0-4]	Speed: 14850.38 samples/sec	cross-entropy=3.950691	air_time1-accuracy=3.200000
2023-11-08 12:32:22,213 [INFO]  Epoch[3] Train-cross-entropy=2.780690
2023-11-08 12:32:22,214 [INFO]  Epoch[3] Train-air_time1-accuracy=3.875000
2023-11-08 12:32:22,214 [INFO]  Epoch[3] Time cost=0.009
2023-11-08 12:32:22,215 [INFO]  Saved checkpoint to "./imputer_model/imputer_model_air_time1/model-0003.params"
2023-11-08 12:32:22,215 [INFO]  Epoch[3] Validation-cross-entropy=3.871287
2023-11-08 12:32:22,215 [INFO]  Epoch[3] Validation-air_time1-accuracy=0.000000
2023-11-08 12:32:22,221 [INFO]  Epoch[4] Batch [0-4]	Speed: 15008.13 samples/sec	cross-entropy=1.263599	air_time1-accuracy=3.200000
2023-11-08 12:32:22,224 [INFO]  Epoch[4] Train-cross-entropy=1.171052
2023-11-08 12:32:22,224 [INFO]  Epoch[4] Train-air_time1-accuracy=3.875000
2023-11-08 12:32:22,224 [INFO]  Epoch[4] Time cost=0.009
2023-11-08 12:32:22,226 [INFO]  Saved checkpoint to "./imputer_model/imputer_model_air_time1/model-0004.params"
2023-11-08 12:32:22,226 [INFO]  Epoch[4] Validation-cross-entropy=5.293979
2023-11-08 12:32:22,226 [INFO]  Epoch[4] Validation-air_time1-accuracy=0.000000
2023-11-08 12:32:22,226 [INFO]  
========== done (0.05956006050109863 s) fit model
2023-11-08 13:03:23,555 [INFO]  
========== start: fit model
2023-11-08 13:03:23,558 [WARNING]  Already bound, ignoring bind()
2023-11-08 13:03:23,573 [INFO]  Epoch[0] Batch [0-4]	Speed: 9946.11 samples/sec	cross-entropy=8.039747	air_time1-accuracy=3.600000
2023-11-08 13:03:23,577 [INFO]  Epoch[0] Train-cross-entropy=20.250008
2023-11-08 13:03:23,578 [INFO]  Epoch[0] Train-air_time1-accuracy=3.375000
2023-11-08 13:03:23,578 [INFO]  Epoch[0] Time cost=0.018
2023-11-08 13:03:23,624 [INFO]  Saved checkpoint to "./imputer_model/imputer_model_air_time1/model-0000.params"
2023-11-08 13:03:23,625 [INFO]  Epoch[0] Validation-cross-entropy=7.600540
2023-11-08 13:03:23,625 [INFO]  Epoch[0] Validation-air_time1-accuracy=0.000000
2023-11-08 13:03:23,633 [INFO]  Epoch[1] Batch [0-4]	Speed: 9978.27 samples/sec	cross-entropy=50.310608	air_time1-accuracy=3.600000
2023-11-08 13:03:23,638 [INFO]  Epoch[1] Train-cross-entropy=44.038226
2023-11-08 13:03:23,639 [INFO]  Epoch[1] Train-air_time1-accuracy=3.375000
2023-11-08 13:03:23,639 [INFO]  Epoch[1] Time cost=0.014
2023-11-08 13:03:23,641 [INFO]  Saved checkpoint to "./imputer_model/imputer_model_air_time1/model-0001.params"
2023-11-08 13:03:23,642 [INFO]  Epoch[1] Validation-cross-entropy=7.897858
2023-11-08 13:03:23,642 [INFO]  Epoch[1] Validation-air_time1-accuracy=0.000000
2023-11-08 13:03:23,649 [INFO]  Epoch[2] Batch [0-4]	Speed: 12017.53 samples/sec	cross-entropy=7.805840	air_time1-accuracy=3.600000
2023-11-08 13:03:23,654 [INFO]  Epoch[2] Train-cross-entropy=7.675318
2023-11-08 13:03:23,655 [INFO]  Epoch[2] Train-air_time1-accuracy=3.375000
2023-11-08 13:03:23,655 [INFO]  Epoch[2] Time cost=0.012
2023-11-08 13:03:23,665 [INFO]  Saved checkpoint to "./imputer_model/imputer_model_air_time1/model-0002.params"
2023-11-08 13:03:23,666 [INFO]  Epoch[2] Validation-cross-entropy=3.224638
2023-11-08 13:03:23,667 [INFO]  Epoch[2] Validation-air_time1-accuracy=0.000000
2023-11-08 13:03:23,675 [INFO]  Epoch[3] Batch [0-4]	Speed: 9860.61 samples/sec	cross-entropy=2.396389	air_time1-accuracy=3.600000
2023-11-08 13:03:23,680 [INFO]  Epoch[3] Train-cross-entropy=3.216538
2023-11-08 13:03:23,680 [INFO]  Epoch[3] Train-air_time1-accuracy=3.375000
2023-11-08 13:03:23,680 [INFO]  Epoch[3] Time cost=0.014
2023-11-08 13:03:23,699 [INFO]  Saved checkpoint to "./imputer_model/imputer_model_air_time1/model-0003.params"
2023-11-08 13:03:23,700 [INFO]  Epoch[3] Validation-cross-entropy=3.448709
2023-11-08 13:03:23,701 [INFO]  Epoch[3] Validation-air_time1-accuracy=0.000000
2023-11-08 13:03:23,709 [INFO]  Epoch[4] Batch [0-4]	Speed: 9462.95 samples/sec	cross-entropy=1.274528	air_time1-accuracy=3.600000
2023-11-08 13:03:23,714 [INFO]  Epoch[4] Train-cross-entropy=1.337939
2023-11-08 13:03:23,714 [INFO]  Epoch[4] Train-air_time1-accuracy=3.375000
2023-11-08 13:03:23,714 [INFO]  Epoch[4] Time cost=0.014
2023-11-08 13:03:23,717 [INFO]  Saved checkpoint to "./imputer_model/imputer_model_air_time1/model-0004.params"
2023-11-08 13:03:23,717 [INFO]  Epoch[4] Validation-cross-entropy=1.329133
2023-11-08 13:03:23,717 [INFO]  Epoch[4] Validation-air_time1-accuracy=0.000000
2023-11-08 13:03:23,718 [INFO]  
========== done (0.1629493236541748 s) fit model
2023-11-08 13:16:52,876 [INFO]  
========== start: fit model
2023-11-08 13:16:52,876 [WARNING]  Already bound, ignoring bind()
2023-11-08 13:16:52,883 [INFO]  Epoch[0] Batch [0-4]	Speed: 14146.80 samples/sec	cross-entropy=16.206603	air_time1-accuracy=0.000000
2023-11-08 13:16:52,886 [INFO]  Epoch[0] Train-cross-entropy=19.147301
2023-11-08 13:16:52,886 [INFO]  Epoch[0] Train-air_time1-accuracy=0.000000
2023-11-08 13:16:52,886 [INFO]  Epoch[0] Time cost=0.010
2023-11-08 13:16:52,887 [INFO]  Saved checkpoint to "./imputer_model/imputer_model_air_time1/model-0000.params"
2023-11-08 13:16:52,888 [INFO]  Epoch[0] Validation-cross-entropy=1.768419
2023-11-08 13:16:52,888 [INFO]  Epoch[0] Validation-air_time1-accuracy=0.000000
2023-11-08 13:16:52,893 [INFO]  Epoch[1] Batch [0-4]	Speed: 14888.27 samples/sec	cross-entropy=41.452162	air_time1-accuracy=0.000000
2023-11-08 13:16:52,896 [INFO]  Epoch[1] Train-cross-entropy=32.171399
2023-11-08 13:16:52,897 [INFO]  Epoch[1] Train-air_time1-accuracy=0.000000
2023-11-08 13:16:52,897 [INFO]  Epoch[1] Time cost=0.009
2023-11-08 13:16:52,898 [INFO]  Saved checkpoint to "./imputer_model/imputer_model_air_time1/model-0001.params"
2023-11-08 13:16:52,898 [INFO]  Epoch[1] Validation-cross-entropy=4.443759
2023-11-08 13:16:52,898 [INFO]  Epoch[1] Validation-air_time1-accuracy=0.000000
2023-11-08 13:16:52,904 [INFO]  Epoch[2] Batch [0-4]	Speed: 12936.65 samples/sec	cross-entropy=8.885477	air_time1-accuracy=0.000000
2023-11-08 13:16:52,909 [INFO]  Epoch[2] Train-cross-entropy=8.326393
2023-11-08 13:16:52,909 [INFO]  Epoch[2] Train-air_time1-accuracy=0.000000
2023-11-08 13:16:52,909 [INFO]  Epoch[2] Time cost=0.011
2023-11-08 13:16:52,912 [INFO]  Saved checkpoint to "./imputer_model/imputer_model_air_time1/model-0002.params"
2023-11-08 13:16:52,913 [INFO]  Epoch[2] Validation-cross-entropy=1.193253
2023-11-08 13:16:52,913 [INFO]  Epoch[2] Validation-air_time1-accuracy=0.000000
2023-11-08 13:16:52,920 [INFO]  Epoch[3] Batch [0-4]	Speed: 11638.72 samples/sec	cross-entropy=4.043741	air_time1-accuracy=0.000000
2023-11-08 13:16:52,923 [INFO]  Epoch[3] Train-cross-entropy=3.493426
2023-11-08 13:16:52,923 [INFO]  Epoch[3] Train-air_time1-accuracy=0.000000
2023-11-08 13:16:52,923 [INFO]  Epoch[3] Time cost=0.010
2023-11-08 13:16:52,925 [INFO]  Saved checkpoint to "./imputer_model/imputer_model_air_time1/model-0003.params"
2023-11-08 13:16:52,926 [INFO]  Epoch[3] Validation-cross-entropy=0.679189
2023-11-08 13:16:52,926 [INFO]  Epoch[3] Validation-air_time1-accuracy=0.000000
2023-11-08 13:16:52,931 [INFO]  Epoch[4] Batch [0-4]	Speed: 15143.60 samples/sec	cross-entropy=1.473240	air_time1-accuracy=0.000000
2023-11-08 13:16:52,934 [INFO]  Epoch[4] Train-cross-entropy=1.189096
2023-11-08 13:16:52,934 [INFO]  Epoch[4] Train-air_time1-accuracy=0.000000
2023-11-08 13:16:52,934 [INFO]  Epoch[4] Time cost=0.009
2023-11-08 13:16:52,936 [INFO]  Saved checkpoint to "./imputer_model/imputer_model_air_time1/model-0004.params"
2023-11-08 13:16:52,937 [INFO]  Epoch[4] Validation-cross-entropy=1.101181
2023-11-08 13:16:52,937 [INFO]  Epoch[4] Validation-air_time1-accuracy=0.000000
2023-11-08 13:16:52,937 [INFO]  
========== done (0.06104230880737305 s) fit model
2023-11-08 13:30:13,613 [INFO]  
========== start: fit model
2023-11-08 13:30:13,613 [WARNING]  Already bound, ignoring bind()
2023-11-08 13:30:13,620 [INFO]  Epoch[0] Batch [0-4]	Speed: 14036.57 samples/sec	cross-entropy=27.310603	air_time1-accuracy=0.000000
2023-11-08 13:30:13,623 [INFO]  Epoch[0] Train-cross-entropy=22.561530
2023-11-08 13:30:13,623 [INFO]  Epoch[0] Train-air_time1-accuracy=0.000000
2023-11-08 13:30:13,623 [INFO]  Epoch[0] Time cost=0.010
2023-11-08 13:30:13,625 [INFO]  Saved checkpoint to "./imputer_model/imputer_model_air_time1/model-0000.params"
2023-11-08 13:30:13,625 [INFO]  Epoch[0] Validation-cross-entropy=6.925013
2023-11-08 13:30:13,625 [INFO]  Epoch[0] Validation-air_time1-accuracy=0.000000
2023-11-08 13:30:13,630 [INFO]  Epoch[1] Batch [0-4]	Speed: 15500.37 samples/sec	cross-entropy=40.560473	air_time1-accuracy=0.000000
2023-11-08 13:30:13,634 [INFO]  Epoch[1] Train-cross-entropy=40.476315
2023-11-08 13:30:13,634 [INFO]  Epoch[1] Train-air_time1-accuracy=0.000000
2023-11-08 13:30:13,634 [INFO]  Epoch[1] Time cost=0.009
2023-11-08 13:30:13,635 [INFO]  Saved checkpoint to "./imputer_model/imputer_model_air_time1/model-0001.params"
2023-11-08 13:30:13,637 [INFO]  Epoch[1] Validation-cross-entropy=10.459522
2023-11-08 13:30:13,637 [INFO]  Epoch[1] Validation-air_time1-accuracy=0.000000
2023-11-08 13:30:13,642 [INFO]  Epoch[2] Batch [0-4]	Speed: 16662.66 samples/sec	cross-entropy=8.025912	air_time1-accuracy=0.000000
2023-11-08 13:30:13,645 [INFO]  Epoch[2] Train-cross-entropy=9.979521
2023-11-08 13:30:13,645 [INFO]  Epoch[2] Train-air_time1-accuracy=0.000000
2023-11-08 13:30:13,645 [INFO]  Epoch[2] Time cost=0.008
2023-11-08 13:30:13,646 [INFO]  Saved checkpoint to "./imputer_model/imputer_model_air_time1/model-0002.params"
2023-11-08 13:30:13,646 [INFO]  Epoch[2] Validation-cross-entropy=2.704835
2023-11-08 13:30:13,646 [INFO]  Epoch[2] Validation-air_time1-accuracy=0.000000
2023-11-08 13:30:13,652 [INFO]  Epoch[3] Batch [0-4]	Speed: 15154.71 samples/sec	cross-entropy=6.553784	air_time1-accuracy=0.000000
2023-11-08 13:30:13,655 [INFO]  Epoch[3] Train-cross-entropy=6.472517
2023-11-08 13:30:13,655 [INFO]  Epoch[3] Train-air_time1-accuracy=0.000000
2023-11-08 13:30:13,655 [INFO]  Epoch[3] Time cost=0.009
2023-11-08 13:30:13,656 [INFO]  Saved checkpoint to "./imputer_model/imputer_model_air_time1/model-0003.params"
2023-11-08 13:30:13,657 [INFO]  Epoch[3] Validation-cross-entropy=3.764911
2023-11-08 13:30:13,657 [INFO]  Epoch[3] Validation-air_time1-accuracy=0.000000
2023-11-08 13:30:13,662 [INFO]  Epoch[4] Batch [0-4]	Speed: 16634.78 samples/sec	cross-entropy=3.169789	air_time1-accuracy=0.000000
2023-11-08 13:30:13,665 [INFO]  Epoch[4] Train-cross-entropy=2.385352
2023-11-08 13:30:13,665 [INFO]  Epoch[4] Train-air_time1-accuracy=0.000000
2023-11-08 13:30:13,665 [INFO]  Epoch[4] Time cost=0.008
2023-11-08 13:30:13,666 [INFO]  Saved checkpoint to "./imputer_model/imputer_model_air_time1/model-0004.params"
2023-11-08 13:30:13,666 [INFO]  Epoch[4] Validation-cross-entropy=3.145747
2023-11-08 13:30:13,666 [INFO]  Epoch[4] Validation-air_time1-accuracy=0.000000
2023-11-08 13:30:13,666 [INFO]  
========== done (0.05382847785949707 s) fit model
2023-11-08 13:43:33,387 [INFO]  
========== start: fit model
2023-11-08 13:43:33,387 [WARNING]  Already bound, ignoring bind()
2023-11-08 13:43:33,395 [INFO]  Epoch[0] Batch [0-4]	Speed: 12989.23 samples/sec	cross-entropy=23.587789	air_time1-accuracy=4.600000
2023-11-08 13:43:33,398 [INFO]  Epoch[0] Train-cross-entropy=20.104664
2023-11-08 13:43:33,398 [INFO]  Epoch[0] Train-air_time1-accuracy=4.125000
2023-11-08 13:43:33,398 [INFO]  Epoch[0] Time cost=0.011
2023-11-08 13:43:33,400 [INFO]  Saved checkpoint to "./imputer_model/imputer_model_air_time1/model-0000.params"
2023-11-08 13:43:33,400 [INFO]  Epoch[0] Validation-cross-entropy=124.958344
2023-11-08 13:43:33,400 [INFO]  Epoch[0] Validation-air_time1-accuracy=0.000000
2023-11-08 13:43:33,405 [INFO]  Epoch[1] Batch [0-4]	Speed: 16777.22 samples/sec	cross-entropy=55.882948	air_time1-accuracy=4.600000
2023-11-08 13:43:33,408 [INFO]  Epoch[1] Train-cross-entropy=41.877800
2023-11-08 13:43:33,409 [INFO]  Epoch[1] Train-air_time1-accuracy=4.125000
2023-11-08 13:43:33,409 [INFO]  Epoch[1] Time cost=0.008
2023-11-08 13:43:33,410 [INFO]  Saved checkpoint to "./imputer_model/imputer_model_air_time1/model-0001.params"
2023-11-08 13:43:33,410 [INFO]  Epoch[1] Validation-cross-entropy=82.896919
2023-11-08 13:43:33,410 [INFO]  Epoch[1] Validation-air_time1-accuracy=0.000000
2023-11-08 13:43:33,414 [INFO]  Epoch[2] Batch [0-4]	Speed: 21852.45 samples/sec	cross-entropy=10.164219	air_time1-accuracy=4.600000
2023-11-08 13:43:33,416 [INFO]  Epoch[2] Train-cross-entropy=9.218396
2023-11-08 13:43:33,417 [INFO]  Epoch[2] Train-air_time1-accuracy=4.125000
2023-11-08 13:43:33,417 [INFO]  Epoch[2] Time cost=0.006
2023-11-08 13:43:33,418 [INFO]  Saved checkpoint to "./imputer_model/imputer_model_air_time1/model-0002.params"
2023-11-08 13:43:33,418 [INFO]  Epoch[2] Validation-cross-entropy=128.861801
2023-11-08 13:43:33,418 [INFO]  Epoch[2] Validation-air_time1-accuracy=0.000000
2023-11-08 13:43:33,422 [INFO]  Epoch[3] Batch [0-4]	Speed: 26400.03 samples/sec	cross-entropy=4.065004	air_time1-accuracy=4.600000
2023-11-08 13:43:33,423 [INFO]  Epoch[3] Train-cross-entropy=3.443485
2023-11-08 13:43:33,424 [INFO]  Epoch[3] Train-air_time1-accuracy=4.125000
2023-11-08 13:43:33,424 [INFO]  Epoch[3] Time cost=0.005
2023-11-08 13:43:33,425 [INFO]  Saved checkpoint to "./imputer_model/imputer_model_air_time1/model-0003.params"
2023-11-08 13:43:33,425 [INFO]  Epoch[3] Validation-cross-entropy=90.012611
2023-11-08 13:43:33,425 [INFO]  Epoch[3] Validation-air_time1-accuracy=0.000000
2023-11-08 13:43:33,428 [INFO]  Epoch[4] Batch [0-4]	Speed: 26583.03 samples/sec	cross-entropy=1.289991	air_time1-accuracy=4.600000
2023-11-08 13:43:33,430 [INFO]  Epoch[4] Train-cross-entropy=1.138491
2023-11-08 13:43:33,430 [INFO]  Epoch[4] Train-air_time1-accuracy=4.125000
2023-11-08 13:43:33,430 [INFO]  Epoch[4] Time cost=0.005
2023-11-08 13:43:33,431 [INFO]  Saved checkpoint to "./imputer_model/imputer_model_air_time1/model-0004.params"
2023-11-08 13:43:33,432 [INFO]  Epoch[4] Validation-cross-entropy=91.140831
2023-11-08 13:43:33,432 [INFO]  Epoch[4] Validation-air_time1-accuracy=0.000000
2023-11-08 13:43:33,432 [INFO]  
========== done (0.04517364501953125 s) fit model
2023-11-08 13:56:55,068 [INFO]  
========== start: fit model
2023-11-08 13:56:55,069 [WARNING]  Already bound, ignoring bind()
2023-11-08 13:56:55,075 [INFO]  Epoch[0] Batch [0-4]	Speed: 14082.97 samples/sec	cross-entropy=30.976764	air_time1-accuracy=3.200000
2023-11-08 13:56:55,079 [INFO]  Epoch[0] Train-cross-entropy=25.172988
2023-11-08 13:56:55,079 [INFO]  Epoch[0] Train-air_time1-accuracy=3.750000
2023-11-08 13:56:55,079 [INFO]  Epoch[0] Time cost=0.010
2023-11-08 13:56:55,080 [INFO]  Saved checkpoint to "./imputer_model/imputer_model_air_time1/model-0000.params"
2023-11-08 13:56:55,081 [INFO]  Epoch[0] Validation-cross-entropy=59.472324
2023-11-08 13:56:55,081 [INFO]  Epoch[0] Validation-air_time1-accuracy=0.000000
2023-11-08 13:56:55,086 [INFO]  Epoch[1] Batch [0-4]	Speed: 14815.95 samples/sec	cross-entropy=38.094512	air_time1-accuracy=3.200000
2023-11-08 13:56:55,090 [INFO]  Epoch[1] Train-cross-entropy=32.682171
2023-11-08 13:56:55,090 [INFO]  Epoch[1] Train-air_time1-accuracy=3.750000
2023-11-08 13:56:55,090 [INFO]  Epoch[1] Time cost=0.009
2023-11-08 13:56:55,091 [INFO]  Saved checkpoint to "./imputer_model/imputer_model_air_time1/model-0001.params"
2023-11-08 13:56:55,092 [INFO]  Epoch[1] Validation-cross-entropy=66.369629
2023-11-08 13:56:55,092 [INFO]  Epoch[1] Validation-air_time1-accuracy=0.000000
2023-11-08 13:56:55,100 [INFO]  Epoch[2] Batch [0-4]	Speed: 10996.95 samples/sec	cross-entropy=12.630998	air_time1-accuracy=3.200000
2023-11-08 13:56:55,104 [INFO]  Epoch[2] Train-cross-entropy=12.511490
2023-11-08 13:56:55,104 [INFO]  Epoch[2] Train-air_time1-accuracy=3.750000
2023-11-08 13:56:55,104 [INFO]  Epoch[2] Time cost=0.012
2023-11-08 13:56:55,106 [INFO]  Saved checkpoint to "./imputer_model/imputer_model_air_time1/model-0002.params"
2023-11-08 13:56:55,107 [INFO]  Epoch[2] Validation-cross-entropy=85.543381
2023-11-08 13:56:55,107 [INFO]  Epoch[2] Validation-air_time1-accuracy=0.000000
2023-11-08 13:56:55,114 [INFO]  Epoch[3] Batch [0-4]	Speed: 12625.72 samples/sec	cross-entropy=5.802330	air_time1-accuracy=3.200000
2023-11-08 13:56:55,117 [INFO]  Epoch[3] Train-cross-entropy=6.918749
2023-11-08 13:56:55,118 [INFO]  Epoch[3] Train-air_time1-accuracy=3.750000
2023-11-08 13:56:55,118 [INFO]  Epoch[3] Time cost=0.010
2023-11-08 13:56:55,119 [INFO]  Saved checkpoint to "./imputer_model/imputer_model_air_time1/model-0003.params"
2023-11-08 13:56:55,120 [INFO]  Epoch[3] Validation-cross-entropy=99.800583
2023-11-08 13:56:55,120 [INFO]  Epoch[3] Validation-air_time1-accuracy=0.000000
2023-11-08 13:56:55,126 [INFO]  Epoch[4] Batch [0-4]	Speed: 13495.32 samples/sec	cross-entropy=2.758632	air_time1-accuracy=3.200000
2023-11-08 13:56:55,129 [INFO]  Epoch[4] Train-cross-entropy=3.616422
2023-11-08 13:56:55,129 [INFO]  Epoch[4] Train-air_time1-accuracy=3.750000
2023-11-08 13:56:55,129 [INFO]  Epoch[4] Time cost=0.010
2023-11-08 13:56:55,131 [INFO]  Saved checkpoint to "./imputer_model/imputer_model_air_time1/model-0004.params"
2023-11-08 13:56:55,131 [INFO]  Epoch[4] Validation-cross-entropy=79.913666
2023-11-08 13:56:55,131 [INFO]  Epoch[4] Validation-air_time1-accuracy=0.000000
2023-11-08 13:56:55,131 [INFO]  
========== done (0.06306338310241699 s) fit model
2023-11-08 14:10:19,020 [INFO]  
========== start: fit model
2023-11-08 14:10:19,020 [WARNING]  Already bound, ignoring bind()
2023-11-08 14:10:19,028 [INFO]  Epoch[0] Batch [0-4]	Speed: 14051.27 samples/sec	cross-entropy=29.339502	air_time1-accuracy=0.000000
2023-11-08 14:10:19,031 [INFO]  Epoch[0] Train-cross-entropy=23.651352
2023-11-08 14:10:19,031 [INFO]  Epoch[0] Train-air_time1-accuracy=0.000000
2023-11-08 14:10:19,031 [INFO]  Epoch[0] Time cost=0.010
2023-11-08 14:10:19,032 [INFO]  Saved checkpoint to "./imputer_model/imputer_model_air_time1/model-0000.params"
2023-11-08 14:10:19,033 [INFO]  Epoch[0] Validation-cross-entropy=9.694968
2023-11-08 14:10:19,033 [INFO]  Epoch[0] Validation-air_time1-accuracy=0.000000
2023-11-08 14:10:19,038 [INFO]  Epoch[1] Batch [0-4]	Speed: 15359.36 samples/sec	cross-entropy=44.939376	air_time1-accuracy=0.000000
2023-11-08 14:10:19,042 [INFO]  Epoch[1] Train-cross-entropy=48.278565
2023-11-08 14:10:19,042 [INFO]  Epoch[1] Train-air_time1-accuracy=0.000000
2023-11-08 14:10:19,042 [INFO]  Epoch[1] Time cost=0.009
2023-11-08 14:10:19,043 [INFO]  Saved checkpoint to "./imputer_model/imputer_model_air_time1/model-0001.params"
2023-11-08 14:10:19,043 [INFO]  Epoch[1] Validation-cross-entropy=9.759473
2023-11-08 14:10:19,043 [INFO]  Epoch[1] Validation-air_time1-accuracy=0.000000
2023-11-08 14:10:19,048 [INFO]  Epoch[2] Batch [0-4]	Speed: 17494.49 samples/sec	cross-entropy=6.801471	air_time1-accuracy=0.000000
2023-11-08 14:10:19,051 [INFO]  Epoch[2] Train-cross-entropy=6.901889
2023-11-08 14:10:19,051 [INFO]  Epoch[2] Train-air_time1-accuracy=0.000000
2023-11-08 14:10:19,051 [INFO]  Epoch[2] Time cost=0.008
2023-11-08 14:10:19,052 [INFO]  Saved checkpoint to "./imputer_model/imputer_model_air_time1/model-0002.params"
2023-11-08 14:10:19,053 [INFO]  Epoch[2] Validation-cross-entropy=7.369400
2023-11-08 14:10:19,053 [INFO]  Epoch[2] Validation-air_time1-accuracy=0.000000
2023-11-08 14:10:19,057 [INFO]  Epoch[3] Batch [0-4]	Speed: 17542.51 samples/sec	cross-entropy=7.562525	air_time1-accuracy=0.000000
2023-11-08 14:10:19,060 [INFO]  Epoch[3] Train-cross-entropy=5.827543
2023-11-08 14:10:19,060 [INFO]  Epoch[3] Train-air_time1-accuracy=0.000000
2023-11-08 14:10:19,060 [INFO]  Epoch[3] Time cost=0.007
2023-11-08 14:10:19,061 [INFO]  Saved checkpoint to "./imputer_model/imputer_model_air_time1/model-0003.params"
2023-11-08 14:10:19,062 [INFO]  Epoch[3] Validation-cross-entropy=9.240809
2023-11-08 14:10:19,062 [INFO]  Epoch[3] Validation-air_time1-accuracy=0.000000
2023-11-08 14:10:19,069 [INFO]  Epoch[4] Batch [0-4]	Speed: 9971.23 samples/sec	cross-entropy=2.677496	air_time1-accuracy=0.000000
2023-11-08 14:10:19,074 [INFO]  Epoch[4] Train-cross-entropy=2.311229
2023-11-08 14:10:19,074 [INFO]  Epoch[4] Train-air_time1-accuracy=0.000000
2023-11-08 14:10:19,074 [INFO]  Epoch[4] Time cost=0.012
2023-11-08 14:10:19,077 [INFO]  Saved checkpoint to "./imputer_model/imputer_model_air_time1/model-0004.params"
2023-11-08 14:10:19,078 [INFO]  Epoch[4] Validation-cross-entropy=9.789958
2023-11-08 14:10:19,079 [INFO]  Epoch[4] Validation-air_time1-accuracy=0.000000
2023-11-08 14:10:19,079 [INFO]  
========== done (0.05852651596069336 s) fit model
2023-11-08 14:23:51,090 [INFO]  
========== start: fit model
2023-11-08 14:23:51,090 [WARNING]  Already bound, ignoring bind()
2023-11-08 14:23:51,097 [INFO]  Epoch[0] Batch [0-4]	Speed: 14163.22 samples/sec	cross-entropy=19.136628	air_time1-accuracy=4.200000
2023-11-08 14:23:51,101 [INFO]  Epoch[0] Train-cross-entropy=22.683690
2023-11-08 14:23:51,101 [INFO]  Epoch[0] Train-air_time1-accuracy=4.125000
2023-11-08 14:23:51,101 [INFO]  Epoch[0] Time cost=0.010
2023-11-08 14:23:51,104 [INFO]  Saved checkpoint to "./imputer_model/imputer_model_air_time1/model-0000.params"
2023-11-08 14:23:51,105 [INFO]  Epoch[0] Validation-cross-entropy=165.318207
2023-11-08 14:23:51,105 [INFO]  Epoch[0] Validation-air_time1-accuracy=0.000000
2023-11-08 14:23:51,113 [INFO]  Epoch[1] Batch [0-4]	Speed: 10579.99 samples/sec	cross-entropy=51.410177	air_time1-accuracy=4.200000
2023-11-08 14:23:51,117 [INFO]  Epoch[1] Train-cross-entropy=38.004580
2023-11-08 14:23:51,117 [INFO]  Epoch[1] Train-air_time1-accuracy=4.125000
2023-11-08 14:23:51,117 [INFO]  Epoch[1] Time cost=0.012
2023-11-08 14:23:51,119 [INFO]  Saved checkpoint to "./imputer_model/imputer_model_air_time1/model-0001.params"
2023-11-08 14:23:51,120 [INFO]  Epoch[1] Validation-cross-entropy=13.264263
2023-11-08 14:23:51,120 [INFO]  Epoch[1] Validation-air_time1-accuracy=0.000000
2023-11-08 14:23:51,126 [INFO]  Epoch[2] Batch [0-4]	Speed: 13471.62 samples/sec	cross-entropy=6.893317	air_time1-accuracy=4.200000
2023-11-08 14:23:51,130 [INFO]  Epoch[2] Train-cross-entropy=7.543354
2023-11-08 14:23:51,130 [INFO]  Epoch[2] Train-air_time1-accuracy=4.125000
2023-11-08 14:23:51,130 [INFO]  Epoch[2] Time cost=0.010
2023-11-08 14:23:51,132 [INFO]  Saved checkpoint to "./imputer_model/imputer_model_air_time1/model-0002.params"
2023-11-08 14:23:51,132 [INFO]  Epoch[2] Validation-cross-entropy=15.726854
2023-11-08 14:23:51,132 [INFO]  Epoch[2] Validation-air_time1-accuracy=0.000000
2023-11-08 14:23:51,139 [INFO]  Epoch[3] Batch [0-4]	Speed: 11337.87 samples/sec	cross-entropy=6.726310	air_time1-accuracy=4.200000
2023-11-08 14:23:51,144 [INFO]  Epoch[3] Train-cross-entropy=5.991709
2023-11-08 14:23:51,144 [INFO]  Epoch[3] Train-air_time1-accuracy=4.125000
2023-11-08 14:23:51,144 [INFO]  Epoch[3] Time cost=0.012
2023-11-08 14:23:51,147 [INFO]  Saved checkpoint to "./imputer_model/imputer_model_air_time1/model-0003.params"
2023-11-08 14:23:51,148 [INFO]  Epoch[3] Validation-cross-entropy=13.032167
2023-11-08 14:23:51,148 [INFO]  Epoch[3] Validation-air_time1-accuracy=0.000000
2023-11-08 14:23:51,156 [INFO]  Epoch[4] Batch [0-4]	Speed: 11526.77 samples/sec	cross-entropy=2.451621	air_time1-accuracy=4.200000
2023-11-08 14:23:51,159 [INFO]  Epoch[4] Train-cross-entropy=2.398555
2023-11-08 14:23:51,159 [INFO]  Epoch[4] Train-air_time1-accuracy=4.125000
2023-11-08 14:23:51,159 [INFO]  Epoch[4] Time cost=0.011
2023-11-08 14:23:51,162 [INFO]  Saved checkpoint to "./imputer_model/imputer_model_air_time1/model-0004.params"
2023-11-08 14:23:51,162 [INFO]  Epoch[4] Validation-cross-entropy=16.005812
2023-11-08 14:23:51,163 [INFO]  Epoch[4] Validation-air_time1-accuracy=0.000000
2023-11-08 14:23:51,163 [INFO]  
========== done (0.07294583320617676 s) fit model
2023-11-08 14:37:41,812 [INFO]  
========== start: fit model
2023-11-08 14:37:41,812 [WARNING]  Already bound, ignoring bind()
2023-11-08 14:37:41,819 [INFO]  Epoch[0] Batch [0-4]	Speed: 13816.23 samples/sec	cross-entropy=33.681766	air_time1-accuracy=0.000000
2023-11-08 14:37:41,823 [INFO]  Epoch[0] Train-cross-entropy=25.501886
2023-11-08 14:37:41,823 [INFO]  Epoch[0] Train-air_time1-accuracy=0.000000
2023-11-08 14:37:41,823 [INFO]  Epoch[0] Time cost=0.010
2023-11-08 14:37:41,824 [INFO]  Saved checkpoint to "./imputer_model/imputer_model_air_time1/model-0000.params"
2023-11-08 14:37:41,825 [INFO]  Epoch[0] Validation-cross-entropy=16.359268
2023-11-08 14:37:41,825 [INFO]  Epoch[0] Validation-air_time1-accuracy=0.000000
2023-11-08 14:37:41,830 [INFO]  Epoch[1] Batch [0-4]	Speed: 14706.37 samples/sec	cross-entropy=52.214941	air_time1-accuracy=0.000000
2023-11-08 14:37:41,834 [INFO]  Epoch[1] Train-cross-entropy=38.888492
2023-11-08 14:37:41,834 [INFO]  Epoch[1] Train-air_time1-accuracy=0.000000
2023-11-08 14:37:41,834 [INFO]  Epoch[1] Time cost=0.009
2023-11-08 14:37:41,835 [INFO]  Saved checkpoint to "./imputer_model/imputer_model_air_time1/model-0001.params"
2023-11-08 14:37:41,836 [INFO]  Epoch[1] Validation-cross-entropy=10.686494
2023-11-08 14:37:41,836 [INFO]  Epoch[1] Validation-air_time1-accuracy=0.000000
2023-11-08 14:37:41,841 [INFO]  Epoch[2] Batch [0-4]	Speed: 15232.11 samples/sec	cross-entropy=8.295161	air_time1-accuracy=0.000000
2023-11-08 14:37:41,844 [INFO]  Epoch[2] Train-cross-entropy=7.434261
2023-11-08 14:37:41,844 [INFO]  Epoch[2] Train-air_time1-accuracy=0.000000
2023-11-08 14:37:41,844 [INFO]  Epoch[2] Time cost=0.009
2023-11-08 14:37:41,846 [INFO]  Saved checkpoint to "./imputer_model/imputer_model_air_time1/model-0002.params"
2023-11-08 14:37:41,846 [INFO]  Epoch[2] Validation-cross-entropy=7.700481
2023-11-08 14:37:41,846 [INFO]  Epoch[2] Validation-air_time1-accuracy=0.000000
2023-11-08 14:37:41,851 [INFO]  Epoch[3] Batch [0-4]	Speed: 15897.87 samples/sec	cross-entropy=4.406474	air_time1-accuracy=0.000000
2023-11-08 14:37:41,854 [INFO]  Epoch[3] Train-cross-entropy=3.275087
2023-11-08 14:37:41,854 [INFO]  Epoch[3] Train-air_time1-accuracy=0.000000
2023-11-08 14:37:41,854 [INFO]  Epoch[3] Time cost=0.008
2023-11-08 14:37:41,856 [INFO]  Saved checkpoint to "./imputer_model/imputer_model_air_time1/model-0003.params"
2023-11-08 14:37:41,856 [INFO]  Epoch[3] Validation-cross-entropy=6.913363
2023-11-08 14:37:41,856 [INFO]  Epoch[3] Validation-air_time1-accuracy=0.000000
2023-11-08 14:37:41,861 [INFO]  Epoch[4] Batch [0-4]	Speed: 17507.04 samples/sec	cross-entropy=1.473490	air_time1-accuracy=0.000000
2023-11-08 14:37:41,864 [INFO]  Epoch[4] Train-cross-entropy=1.286275
2023-11-08 14:37:41,864 [INFO]  Epoch[4] Train-air_time1-accuracy=0.000000
2023-11-08 14:37:41,864 [INFO]  Epoch[4] Time cost=0.008
2023-11-08 14:37:41,865 [INFO]  Saved checkpoint to "./imputer_model/imputer_model_air_time1/model-0004.params"
2023-11-08 14:37:41,866 [INFO]  Epoch[4] Validation-cross-entropy=6.598975
2023-11-08 14:37:41,866 [INFO]  Epoch[4] Validation-air_time1-accuracy=0.000000
2023-11-08 14:37:41,866 [INFO]  
========== done (0.05372142791748047 s) fit model
2023-11-08 14:51:47,626 [INFO]  
========== start: fit model
2023-11-08 14:51:47,626 [WARNING]  Already bound, ignoring bind()
2023-11-08 14:51:47,633 [INFO]  Epoch[0] Batch [0-4]	Speed: 14122.24 samples/sec	cross-entropy=18.400420	air_time1-accuracy=5.400000
2023-11-08 14:51:47,638 [INFO]  Epoch[0] Train-cross-entropy=19.772024
2023-11-08 14:51:47,638 [INFO]  Epoch[0] Train-air_time1-accuracy=4.500000
2023-11-08 14:51:47,638 [INFO]  Epoch[0] Time cost=0.011
2023-11-08 14:51:47,642 [INFO]  Saved checkpoint to "./imputer_model/imputer_model_air_time1/model-0000.params"
2023-11-08 14:51:47,643 [INFO]  Epoch[0] Validation-cross-entropy=8.806070
2023-11-08 14:51:47,643 [INFO]  Epoch[0] Validation-air_time1-accuracy=0.000000
2023-11-08 14:51:47,649 [INFO]  Epoch[1] Batch [0-4]	Speed: 13588.92 samples/sec	cross-entropy=24.227965	air_time1-accuracy=5.400000
2023-11-08 14:51:47,653 [INFO]  Epoch[1] Train-cross-entropy=21.005402
2023-11-08 14:51:47,653 [INFO]  Epoch[1] Train-air_time1-accuracy=4.500000
2023-11-08 14:51:47,653 [INFO]  Epoch[1] Time cost=0.010
2023-11-08 14:51:47,655 [INFO]  Saved checkpoint to "./imputer_model/imputer_model_air_time1/model-0001.params"
2023-11-08 14:51:47,656 [INFO]  Epoch[1] Validation-cross-entropy=9.703201
2023-11-08 14:51:47,656 [INFO]  Epoch[1] Validation-air_time1-accuracy=0.000000
2023-11-08 14:51:47,660 [INFO]  Epoch[2] Batch [0-4]	Speed: 20245.53 samples/sec	cross-entropy=3.700710	air_time1-accuracy=5.400000
2023-11-08 14:51:47,663 [INFO]  Epoch[2] Train-cross-entropy=3.674019
2023-11-08 14:51:47,663 [INFO]  Epoch[2] Train-air_time1-accuracy=4.500000
2023-11-08 14:51:47,663 [INFO]  Epoch[2] Time cost=0.007
2023-11-08 14:51:47,665 [INFO]  Saved checkpoint to "./imputer_model/imputer_model_air_time1/model-0002.params"
2023-11-08 14:51:47,665 [INFO]  Epoch[2] Validation-cross-entropy=4.853597
2023-11-08 14:51:47,665 [INFO]  Epoch[2] Validation-air_time1-accuracy=0.000000
2023-11-08 14:51:47,669 [INFO]  Epoch[3] Batch [0-4]	Speed: 19818.05 samples/sec	cross-entropy=2.528614	air_time1-accuracy=5.400000
2023-11-08 14:51:47,672 [INFO]  Epoch[3] Train-cross-entropy=2.565122
2023-11-08 14:51:47,672 [INFO]  Epoch[3] Train-air_time1-accuracy=4.500000
2023-11-08 14:51:47,672 [INFO]  Epoch[3] Time cost=0.007
2023-11-08 14:51:47,673 [INFO]  Saved checkpoint to "./imputer_model/imputer_model_air_time1/model-0003.params"
2023-11-08 14:51:47,674 [INFO]  Epoch[3] Validation-cross-entropy=2.716470
2023-11-08 14:51:47,674 [INFO]  Epoch[3] Validation-air_time1-accuracy=0.000000
2023-11-08 14:51:47,678 [INFO]  Epoch[4] Batch [0-4]	Speed: 18706.30 samples/sec	cross-entropy=0.679764	air_time1-accuracy=5.400000
2023-11-08 14:51:47,681 [INFO]  Epoch[4] Train-cross-entropy=0.794786
2023-11-08 14:51:47,681 [INFO]  Epoch[4] Train-air_time1-accuracy=4.500000
2023-11-08 14:51:47,681 [INFO]  Epoch[4] Time cost=0.007
2023-11-08 14:51:47,682 [INFO]  Saved checkpoint to "./imputer_model/imputer_model_air_time1/model-0004.params"
2023-11-08 14:51:47,683 [INFO]  Epoch[4] Validation-cross-entropy=5.580411
2023-11-08 14:51:47,683 [INFO]  Epoch[4] Validation-air_time1-accuracy=0.000000
2023-11-08 14:51:47,683 [INFO]  
========== done (0.056353092193603516 s) fit model
