2023-11-08 12:34:51,331 [INFO]  
========== start: fit model
2023-11-08 12:34:51,332 [WARNING]  Already bound, ignoring bind()
2023-11-08 12:34:51,342 [INFO]  Epoch[0] Batch [0-4]	Speed: 11789.00 samples/sec	cross-entropy=22.046717	mean_jerk_in_air7-accuracy=3.800000
2023-11-08 12:34:51,352 [INFO]  Epoch[0] Train-cross-entropy=24.141668
2023-11-08 12:34:51,352 [INFO]  Epoch[0] Train-mean_jerk_in_air7-accuracy=3.000000
2023-11-08 12:34:51,352 [INFO]  Epoch[0] Time cost=0.018
2023-11-08 12:34:51,356 [INFO]  Saved checkpoint to "./imputer_model/imputer_model_mean_jerk_in_air7/model-0000.params"
2023-11-08 12:34:51,367 [INFO]  Epoch[0] Validation-cross-entropy=30.883282
2023-11-08 12:34:51,367 [INFO]  Epoch[0] Validation-mean_jerk_in_air7-accuracy=0.000000
2023-11-08 12:34:51,788 [INFO]  Epoch[1] Batch [0-4]	Speed: 307.77 samples/sec	cross-entropy=55.134779	mean_jerk_in_air7-accuracy=3.800000
2023-11-08 12:34:52,034 [INFO]  Epoch[1] Train-cross-entropy=41.995182
2023-11-08 12:34:52,034 [INFO]  Epoch[1] Train-mean_jerk_in_air7-accuracy=3.000000
2023-11-08 12:34:52,034 [INFO]  Epoch[1] Time cost=0.666
2023-11-08 12:34:52,036 [INFO]  Saved checkpoint to "./imputer_model/imputer_model_mean_jerk_in_air7/model-0001.params"
2023-11-08 12:34:52,037 [INFO]  Epoch[1] Validation-cross-entropy=27.742537
2023-11-08 12:34:52,037 [INFO]  Epoch[1] Validation-mean_jerk_in_air7-accuracy=0.000000
2023-11-08 12:34:52,042 [INFO]  Epoch[2] Batch [0-4]	Speed: 17236.13 samples/sec	cross-entropy=10.561050	mean_jerk_in_air7-accuracy=3.800000
2023-11-08 12:34:52,045 [INFO]  Epoch[2] Train-cross-entropy=7.540730
2023-11-08 12:34:52,045 [INFO]  Epoch[2] Train-mean_jerk_in_air7-accuracy=3.000000
2023-11-08 12:34:52,045 [INFO]  Epoch[2] Time cost=0.008
2023-11-08 12:34:52,047 [INFO]  Saved checkpoint to "./imputer_model/imputer_model_mean_jerk_in_air7/model-0002.params"
2023-11-08 12:34:52,048 [INFO]  Epoch[2] Validation-cross-entropy=9.285119
2023-11-08 12:34:52,048 [INFO]  Epoch[2] Validation-mean_jerk_in_air7-accuracy=0.000000
2023-11-08 12:34:52,053 [INFO]  Epoch[3] Batch [0-4]	Speed: 16211.83 samples/sec	cross-entropy=6.713844	mean_jerk_in_air7-accuracy=3.800000
2023-11-08 12:34:52,059 [INFO]  Epoch[3] Train-cross-entropy=4.910378
2023-11-08 12:34:52,059 [INFO]  Epoch[3] Train-mean_jerk_in_air7-accuracy=3.000000
2023-11-08 12:34:52,059 [INFO]  Epoch[3] Time cost=0.011
2023-11-08 12:34:52,061 [INFO]  Saved checkpoint to "./imputer_model/imputer_model_mean_jerk_in_air7/model-0003.params"
2023-11-08 12:34:52,064 [INFO]  Epoch[3] Validation-cross-entropy=12.360945
2023-11-08 12:34:52,064 [INFO]  Epoch[3] Validation-mean_jerk_in_air7-accuracy=0.000000
2023-11-08 12:34:52,073 [INFO]  Epoch[4] Batch [0-4]	Speed: 9233.79 samples/sec	cross-entropy=2.098302	mean_jerk_in_air7-accuracy=3.800000
2023-11-08 12:34:52,078 [INFO]  Epoch[4] Train-cross-entropy=1.697953
2023-11-08 12:34:52,078 [INFO]  Epoch[4] Train-mean_jerk_in_air7-accuracy=3.000000
2023-11-08 12:34:52,078 [INFO]  Epoch[4] Time cost=0.014
2023-11-08 12:34:52,080 [INFO]  Saved checkpoint to "./imputer_model/imputer_model_mean_jerk_in_air7/model-0004.params"
2023-11-08 12:34:52,083 [INFO]  Epoch[4] Validation-cross-entropy=14.231818
2023-11-08 12:34:52,083 [INFO]  Epoch[4] Validation-mean_jerk_in_air7-accuracy=0.000000
2023-11-08 12:34:52,083 [INFO]  
========== done (0.7517311573028564 s) fit model
2023-11-08 13:05:12,128 [INFO]  
========== start: fit model
2023-11-08 13:05:12,144 [WARNING]  Already bound, ignoring bind()
2023-11-08 13:05:12,156 [INFO]  Epoch[0] Batch [0-4]	Speed: 10231.96 samples/sec	cross-entropy=23.438275	mean_jerk_in_air7-accuracy=3.200000
2023-11-08 13:05:12,161 [INFO]  Epoch[0] Train-cross-entropy=24.863330
2023-11-08 13:05:12,161 [INFO]  Epoch[0] Train-mean_jerk_in_air7-accuracy=3.000000
2023-11-08 13:05:12,161 [INFO]  Epoch[0] Time cost=0.015
2023-11-08 13:05:12,164 [INFO]  Saved checkpoint to "./imputer_model/imputer_model_mean_jerk_in_air7/model-0000.params"
2023-11-08 13:05:12,165 [INFO]  Epoch[0] Validation-cross-entropy=36.251682
2023-11-08 13:05:12,165 [INFO]  Epoch[0] Validation-mean_jerk_in_air7-accuracy=0.000000
2023-11-08 13:05:12,172 [INFO]  Epoch[1] Batch [0-4]	Speed: 12373.72 samples/sec	cross-entropy=39.785203	mean_jerk_in_air7-accuracy=3.200000
2023-11-08 13:05:12,175 [INFO]  Epoch[1] Train-cross-entropy=35.741147
2023-11-08 13:05:12,175 [INFO]  Epoch[1] Train-mean_jerk_in_air7-accuracy=3.000000
2023-11-08 13:05:12,176 [INFO]  Epoch[1] Time cost=0.011
2023-11-08 13:05:12,177 [INFO]  Saved checkpoint to "./imputer_model/imputer_model_mean_jerk_in_air7/model-0001.params"
2023-11-08 13:05:12,178 [INFO]  Epoch[1] Validation-cross-entropy=17.299002
2023-11-08 13:05:12,178 [INFO]  Epoch[1] Validation-mean_jerk_in_air7-accuracy=0.000000
2023-11-08 13:05:12,185 [INFO]  Epoch[2] Batch [0-4]	Speed: 12056.93 samples/sec	cross-entropy=5.963981	mean_jerk_in_air7-accuracy=3.200000
2023-11-08 13:05:12,190 [INFO]  Epoch[2] Train-cross-entropy=8.888732
2023-11-08 13:05:12,190 [INFO]  Epoch[2] Train-mean_jerk_in_air7-accuracy=3.000000
2023-11-08 13:05:12,190 [INFO]  Epoch[2] Time cost=0.012
2023-11-08 13:05:12,193 [INFO]  Saved checkpoint to "./imputer_model/imputer_model_mean_jerk_in_air7/model-0002.params"
2023-11-08 13:05:12,194 [INFO]  Epoch[2] Validation-cross-entropy=16.317879
2023-11-08 13:05:12,195 [INFO]  Epoch[2] Validation-mean_jerk_in_air7-accuracy=0.000000
2023-11-08 13:05:12,202 [INFO]  Epoch[3] Batch [0-4]	Speed: 11402.41 samples/sec	cross-entropy=2.994872	mean_jerk_in_air7-accuracy=3.200000
2023-11-08 13:05:12,206 [INFO]  Epoch[3] Train-cross-entropy=3.706382
2023-11-08 13:05:12,206 [INFO]  Epoch[3] Train-mean_jerk_in_air7-accuracy=3.000000
2023-11-08 13:05:12,206 [INFO]  Epoch[3] Time cost=0.012
2023-11-08 13:05:12,208 [INFO]  Saved checkpoint to "./imputer_model/imputer_model_mean_jerk_in_air7/model-0003.params"
2023-11-08 13:05:12,209 [INFO]  Epoch[3] Validation-cross-entropy=15.135237
2023-11-08 13:05:12,209 [INFO]  Epoch[3] Validation-mean_jerk_in_air7-accuracy=0.000000
2023-11-08 13:05:12,216 [INFO]  Epoch[4] Batch [0-4]	Speed: 13282.97 samples/sec	cross-entropy=1.270086	mean_jerk_in_air7-accuracy=3.200000
2023-11-08 13:05:12,219 [INFO]  Epoch[4] Train-cross-entropy=1.270395
2023-11-08 13:05:12,219 [INFO]  Epoch[4] Train-mean_jerk_in_air7-accuracy=3.000000
2023-11-08 13:05:12,219 [INFO]  Epoch[4] Time cost=0.010
2023-11-08 13:05:12,221 [INFO]  Saved checkpoint to "./imputer_model/imputer_model_mean_jerk_in_air7/model-0004.params"
2023-11-08 13:05:12,222 [INFO]  Epoch[4] Validation-cross-entropy=17.529861
2023-11-08 13:05:12,222 [INFO]  Epoch[4] Validation-mean_jerk_in_air7-accuracy=0.000000
2023-11-08 13:05:12,222 [INFO]  
========== done (0.09419012069702148 s) fit model
2023-11-08 13:18:38,888 [INFO]  
========== start: fit model
2023-11-08 13:18:38,888 [WARNING]  Already bound, ignoring bind()
2023-11-08 13:18:38,895 [INFO]  Epoch[0] Batch [0-4]	Speed: 14264.82 samples/sec	cross-entropy=14.183285	mean_jerk_in_air7-accuracy=2.800000
2023-11-08 13:18:38,898 [INFO]  Epoch[0] Train-cross-entropy=17.278359
2023-11-08 13:18:38,898 [INFO]  Epoch[0] Train-mean_jerk_in_air7-accuracy=2.500000
2023-11-08 13:18:38,898 [INFO]  Epoch[0] Time cost=0.010
2023-11-08 13:18:38,899 [INFO]  Saved checkpoint to "./imputer_model/imputer_model_mean_jerk_in_air7/model-0000.params"
2023-11-08 13:18:38,900 [INFO]  Epoch[0] Validation-cross-entropy=39.213902
2023-11-08 13:18:38,900 [INFO]  Epoch[0] Validation-mean_jerk_in_air7-accuracy=0.000000
2023-11-08 13:18:38,906 [INFO]  Epoch[1] Batch [0-4]	Speed: 14356.37 samples/sec	cross-entropy=33.452588	mean_jerk_in_air7-accuracy=2.800000
2023-11-08 13:18:38,909 [INFO]  Epoch[1] Train-cross-entropy=27.358626
2023-11-08 13:18:38,909 [INFO]  Epoch[1] Train-mean_jerk_in_air7-accuracy=2.500000
2023-11-08 13:18:38,910 [INFO]  Epoch[1] Time cost=0.010
2023-11-08 13:18:38,912 [INFO]  Saved checkpoint to "./imputer_model/imputer_model_mean_jerk_in_air7/model-0001.params"
2023-11-08 13:18:38,913 [INFO]  Epoch[1] Validation-cross-entropy=49.149666
2023-11-08 13:18:38,913 [INFO]  Epoch[1] Validation-mean_jerk_in_air7-accuracy=0.000000
2023-11-08 13:18:38,919 [INFO]  Epoch[2] Batch [0-4]	Speed: 12780.21 samples/sec	cross-entropy=9.566077	mean_jerk_in_air7-accuracy=2.800000
2023-11-08 13:18:38,923 [INFO]  Epoch[2] Train-cross-entropy=8.447805
2023-11-08 13:18:38,923 [INFO]  Epoch[2] Train-mean_jerk_in_air7-accuracy=2.500000
2023-11-08 13:18:38,923 [INFO]  Epoch[2] Time cost=0.011
2023-11-08 13:18:38,925 [INFO]  Saved checkpoint to "./imputer_model/imputer_model_mean_jerk_in_air7/model-0002.params"
2023-11-08 13:18:38,926 [INFO]  Epoch[2] Validation-cross-entropy=46.727798
2023-11-08 13:18:38,926 [INFO]  Epoch[2] Validation-mean_jerk_in_air7-accuracy=0.000000
2023-11-08 13:18:38,932 [INFO]  Epoch[3] Batch [0-4]	Speed: 13279.02 samples/sec	cross-entropy=3.514444	mean_jerk_in_air7-accuracy=2.800000
2023-11-08 13:18:38,935 [INFO]  Epoch[3] Train-cross-entropy=2.940905
2023-11-08 13:18:38,936 [INFO]  Epoch[3] Train-mean_jerk_in_air7-accuracy=2.500000
2023-11-08 13:18:38,936 [INFO]  Epoch[3] Time cost=0.010
2023-11-08 13:18:38,937 [INFO]  Saved checkpoint to "./imputer_model/imputer_model_mean_jerk_in_air7/model-0003.params"
2023-11-08 13:18:38,938 [INFO]  Epoch[3] Validation-cross-entropy=49.304558
2023-11-08 13:18:38,938 [INFO]  Epoch[3] Validation-mean_jerk_in_air7-accuracy=0.000000
2023-11-08 13:18:38,944 [INFO]  Epoch[4] Batch [0-4]	Speed: 14153.51 samples/sec	cross-entropy=1.308101	mean_jerk_in_air7-accuracy=2.800000
2023-11-08 13:18:38,947 [INFO]  Epoch[4] Train-cross-entropy=1.377232
2023-11-08 13:18:38,947 [INFO]  Epoch[4] Train-mean_jerk_in_air7-accuracy=2.500000
2023-11-08 13:18:38,947 [INFO]  Epoch[4] Time cost=0.009
2023-11-08 13:18:38,948 [INFO]  Saved checkpoint to "./imputer_model/imputer_model_mean_jerk_in_air7/model-0004.params"
2023-11-08 13:18:38,949 [INFO]  Epoch[4] Validation-cross-entropy=48.002815
2023-11-08 13:18:38,949 [INFO]  Epoch[4] Validation-mean_jerk_in_air7-accuracy=0.000000
2023-11-08 13:18:38,949 [INFO]  
========== done (0.06155657768249512 s) fit model
2023-11-08 13:31:59,256 [INFO]  
========== start: fit model
2023-11-08 13:31:59,257 [WARNING]  Already bound, ignoring bind()
2023-11-08 13:31:59,263 [INFO]  Epoch[0] Batch [0-4]	Speed: 14018.25 samples/sec	cross-entropy=21.155002	mean_jerk_in_air7-accuracy=3.200000
2023-11-08 13:31:59,267 [INFO]  Epoch[0] Train-cross-entropy=21.881324
2023-11-08 13:31:59,267 [INFO]  Epoch[0] Train-mean_jerk_in_air7-accuracy=2.750000
2023-11-08 13:31:59,267 [INFO]  Epoch[0] Time cost=0.010
2023-11-08 13:31:59,268 [INFO]  Saved checkpoint to "./imputer_model/imputer_model_mean_jerk_in_air7/model-0000.params"
2023-11-08 13:31:59,269 [INFO]  Epoch[0] Validation-cross-entropy=20.943644
2023-11-08 13:31:59,269 [INFO]  Epoch[0] Validation-mean_jerk_in_air7-accuracy=0.000000
2023-11-08 13:31:59,274 [INFO]  Epoch[1] Batch [0-4]	Speed: 14899.01 samples/sec	cross-entropy=40.210971	mean_jerk_in_air7-accuracy=3.200000
2023-11-08 13:31:59,278 [INFO]  Epoch[1] Train-cross-entropy=32.139594
2023-11-08 13:31:59,278 [INFO]  Epoch[1] Train-mean_jerk_in_air7-accuracy=2.750000
2023-11-08 13:31:59,278 [INFO]  Epoch[1] Time cost=0.009
2023-11-08 13:31:59,279 [INFO]  Saved checkpoint to "./imputer_model/imputer_model_mean_jerk_in_air7/model-0001.params"
2023-11-08 13:31:59,279 [INFO]  Epoch[1] Validation-cross-entropy=20.745661
2023-11-08 13:31:59,280 [INFO]  Epoch[1] Validation-mean_jerk_in_air7-accuracy=0.000000
2023-11-08 13:31:59,286 [INFO]  Epoch[2] Batch [0-4]	Speed: 12510.39 samples/sec	cross-entropy=18.874536	mean_jerk_in_air7-accuracy=3.200000
2023-11-08 13:31:59,291 [INFO]  Epoch[2] Train-cross-entropy=14.067749
2023-11-08 13:31:59,291 [INFO]  Epoch[2] Train-mean_jerk_in_air7-accuracy=2.750000
2023-11-08 13:31:59,291 [INFO]  Epoch[2] Time cost=0.011
2023-11-08 13:31:59,294 [INFO]  Saved checkpoint to "./imputer_model/imputer_model_mean_jerk_in_air7/model-0002.params"
2023-11-08 13:31:59,295 [INFO]  Epoch[2] Validation-cross-entropy=10.808987
2023-11-08 13:31:59,295 [INFO]  Epoch[2] Validation-mean_jerk_in_air7-accuracy=0.000000
2023-11-08 13:31:59,303 [INFO]  Epoch[3] Batch [0-4]	Speed: 11342.18 samples/sec	cross-entropy=8.002822	mean_jerk_in_air7-accuracy=3.200000
2023-11-08 13:31:59,307 [INFO]  Epoch[3] Train-cross-entropy=6.195535
2023-11-08 13:31:59,307 [INFO]  Epoch[3] Train-mean_jerk_in_air7-accuracy=2.750000
2023-11-08 13:31:59,307 [INFO]  Epoch[3] Time cost=0.012
2023-11-08 13:31:59,310 [INFO]  Saved checkpoint to "./imputer_model/imputer_model_mean_jerk_in_air7/model-0003.params"
2023-11-08 13:31:59,311 [INFO]  Epoch[3] Validation-cross-entropy=11.026814
2023-11-08 13:31:59,311 [INFO]  Epoch[3] Validation-mean_jerk_in_air7-accuracy=0.000000
2023-11-08 13:31:59,318 [INFO]  Epoch[4] Batch [0-4]	Speed: 12512.72 samples/sec	cross-entropy=0.922313	mean_jerk_in_air7-accuracy=3.200000
2023-11-08 13:31:59,322 [INFO]  Epoch[4] Train-cross-entropy=1.458753
2023-11-08 13:31:59,322 [INFO]  Epoch[4] Train-mean_jerk_in_air7-accuracy=2.750000
2023-11-08 13:31:59,322 [INFO]  Epoch[4] Time cost=0.011
2023-11-08 13:31:59,324 [INFO]  Saved checkpoint to "./imputer_model/imputer_model_mean_jerk_in_air7/model-0004.params"
2023-11-08 13:31:59,325 [INFO]  Epoch[4] Validation-cross-entropy=10.478716
2023-11-08 13:31:59,325 [INFO]  Epoch[4] Validation-mean_jerk_in_air7-accuracy=0.000000
2023-11-08 13:31:59,325 [INFO]  
========== done (0.06824994087219238 s) fit model
2023-11-08 13:45:19,342 [INFO]  
========== start: fit model
2023-11-08 13:45:19,342 [WARNING]  Already bound, ignoring bind()
2023-11-08 13:45:19,349 [INFO]  Epoch[0] Batch [0-4]	Speed: 14068.94 samples/sec	cross-entropy=17.902561	mean_jerk_in_air7-accuracy=2.400000
2023-11-08 13:45:19,352 [INFO]  Epoch[0] Train-cross-entropy=19.624064
2023-11-08 13:45:19,353 [INFO]  Epoch[0] Train-mean_jerk_in_air7-accuracy=2.625000
2023-11-08 13:45:19,353 [INFO]  Epoch[0] Time cost=0.010
2023-11-08 13:45:19,354 [INFO]  Saved checkpoint to "./imputer_model/imputer_model_mean_jerk_in_air7/model-0000.params"
2023-11-08 13:45:19,354 [INFO]  Epoch[0] Validation-cross-entropy=13.388745
2023-11-08 13:45:19,354 [INFO]  Epoch[0] Validation-mean_jerk_in_air7-accuracy=0.000000
2023-11-08 13:45:19,361 [INFO]  Epoch[1] Batch [0-4]	Speed: 12901.21 samples/sec	cross-entropy=50.209304	mean_jerk_in_air7-accuracy=2.400000
2023-11-08 13:45:19,366 [INFO]  Epoch[1] Train-cross-entropy=36.722175
2023-11-08 13:45:19,366 [INFO]  Epoch[1] Train-mean_jerk_in_air7-accuracy=2.625000
2023-11-08 13:45:19,366 [INFO]  Epoch[1] Time cost=0.012
2023-11-08 13:45:19,370 [INFO]  Saved checkpoint to "./imputer_model/imputer_model_mean_jerk_in_air7/model-0001.params"
2023-11-08 13:45:19,370 [INFO]  Epoch[1] Validation-cross-entropy=25.678345
2023-11-08 13:45:19,371 [INFO]  Epoch[1] Validation-mean_jerk_in_air7-accuracy=0.000000
2023-11-08 13:45:19,378 [INFO]  Epoch[2] Batch [0-4]	Speed: 10896.51 samples/sec	cross-entropy=23.919562	mean_jerk_in_air7-accuracy=2.400000
2023-11-08 13:45:19,382 [INFO]  Epoch[2] Train-cross-entropy=20.251464
2023-11-08 13:45:19,382 [INFO]  Epoch[2] Train-mean_jerk_in_air7-accuracy=2.625000
2023-11-08 13:45:19,382 [INFO]  Epoch[2] Time cost=0.011
2023-11-08 13:45:19,384 [INFO]  Saved checkpoint to "./imputer_model/imputer_model_mean_jerk_in_air7/model-0002.params"
2023-11-08 13:45:19,385 [INFO]  Epoch[2] Validation-cross-entropy=6.819902
2023-11-08 13:45:19,385 [INFO]  Epoch[2] Validation-mean_jerk_in_air7-accuracy=0.000000
2023-11-08 13:45:19,390 [INFO]  Epoch[3] Batch [0-4]	Speed: 15386.65 samples/sec	cross-entropy=7.461962	mean_jerk_in_air7-accuracy=2.400000
2023-11-08 13:45:19,394 [INFO]  Epoch[3] Train-cross-entropy=7.528045
2023-11-08 13:45:19,394 [INFO]  Epoch[3] Train-mean_jerk_in_air7-accuracy=2.625000
2023-11-08 13:45:19,394 [INFO]  Epoch[3] Time cost=0.009
2023-11-08 13:45:19,395 [INFO]  Saved checkpoint to "./imputer_model/imputer_model_mean_jerk_in_air7/model-0003.params"
2023-11-08 13:45:19,396 [INFO]  Epoch[3] Validation-cross-entropy=9.107125
2023-11-08 13:45:19,396 [INFO]  Epoch[3] Validation-mean_jerk_in_air7-accuracy=0.000000
2023-11-08 13:45:19,402 [INFO]  Epoch[4] Batch [0-4]	Speed: 13746.89 samples/sec	cross-entropy=2.476868	mean_jerk_in_air7-accuracy=2.400000
2023-11-08 13:45:19,405 [INFO]  Epoch[4] Train-cross-entropy=2.744136
2023-11-08 13:45:19,405 [INFO]  Epoch[4] Train-mean_jerk_in_air7-accuracy=2.625000
2023-11-08 13:45:19,405 [INFO]  Epoch[4] Time cost=0.009
2023-11-08 13:45:19,407 [INFO]  Saved checkpoint to "./imputer_model/imputer_model_mean_jerk_in_air7/model-0004.params"
2023-11-08 13:45:19,407 [INFO]  Epoch[4] Validation-cross-entropy=10.895161
2023-11-08 13:45:19,407 [INFO]  Epoch[4] Validation-mean_jerk_in_air7-accuracy=0.000000
2023-11-08 13:45:19,407 [INFO]  
========== done (0.06543636322021484 s) fit model
2023-11-08 13:58:41,611 [INFO]  
========== start: fit model
2023-11-08 13:58:41,611 [WARNING]  Already bound, ignoring bind()
2023-11-08 13:58:41,618 [INFO]  Epoch[0] Batch [0-4]	Speed: 14462.34 samples/sec	cross-entropy=20.812928	mean_jerk_in_air7-accuracy=3.200000
2023-11-08 13:58:41,621 [INFO]  Epoch[0] Train-cross-entropy=24.363657
2023-11-08 13:58:41,621 [INFO]  Epoch[0] Train-mean_jerk_in_air7-accuracy=3.250000
2023-11-08 13:58:41,622 [INFO]  Epoch[0] Time cost=0.010
2023-11-08 13:58:41,623 [INFO]  Saved checkpoint to "./imputer_model/imputer_model_mean_jerk_in_air7/model-0000.params"
2023-11-08 13:58:41,623 [INFO]  Epoch[0] Validation-cross-entropy=39.232079
2023-11-08 13:58:41,623 [INFO]  Epoch[0] Validation-mean_jerk_in_air7-accuracy=0.000000
2023-11-08 13:58:41,630 [INFO]  Epoch[1] Batch [0-4]	Speed: 11984.26 samples/sec	cross-entropy=33.120646	mean_jerk_in_air7-accuracy=3.200000
2023-11-08 13:58:41,635 [INFO]  Epoch[1] Train-cross-entropy=37.595893
2023-11-08 13:58:41,635 [INFO]  Epoch[1] Train-mean_jerk_in_air7-accuracy=3.250000
2023-11-08 13:58:41,635 [INFO]  Epoch[1] Time cost=0.012
2023-11-08 13:58:41,639 [INFO]  Saved checkpoint to "./imputer_model/imputer_model_mean_jerk_in_air7/model-0001.params"
2023-11-08 13:58:41,640 [INFO]  Epoch[1] Validation-cross-entropy=36.390762
2023-11-08 13:58:41,641 [INFO]  Epoch[1] Validation-mean_jerk_in_air7-accuracy=0.000000
2023-11-08 13:58:41,646 [INFO]  Epoch[2] Batch [0-4]	Speed: 16203.02 samples/sec	cross-entropy=10.563387	mean_jerk_in_air7-accuracy=3.200000
2023-11-08 13:58:41,649 [INFO]  Epoch[2] Train-cross-entropy=8.853255
2023-11-08 13:58:41,649 [INFO]  Epoch[2] Train-mean_jerk_in_air7-accuracy=3.250000
2023-11-08 13:58:41,649 [INFO]  Epoch[2] Time cost=0.009
2023-11-08 13:58:41,652 [INFO]  Saved checkpoint to "./imputer_model/imputer_model_mean_jerk_in_air7/model-0002.params"
2023-11-08 13:58:41,652 [INFO]  Epoch[2] Validation-cross-entropy=31.049501
2023-11-08 13:58:41,652 [INFO]  Epoch[2] Validation-mean_jerk_in_air7-accuracy=0.000000
2023-11-08 13:58:41,658 [INFO]  Epoch[3] Batch [0-4]	Speed: 16192.27 samples/sec	cross-entropy=3.494121	mean_jerk_in_air7-accuracy=3.200000
2023-11-08 13:58:41,661 [INFO]  Epoch[3] Train-cross-entropy=3.406183
2023-11-08 13:58:41,661 [INFO]  Epoch[3] Train-mean_jerk_in_air7-accuracy=3.250000
2023-11-08 13:58:41,661 [INFO]  Epoch[3] Time cost=0.008
2023-11-08 13:58:41,662 [INFO]  Saved checkpoint to "./imputer_model/imputer_model_mean_jerk_in_air7/model-0003.params"
2023-11-08 13:58:41,663 [INFO]  Epoch[3] Validation-cross-entropy=22.874498
2023-11-08 13:58:41,663 [INFO]  Epoch[3] Validation-mean_jerk_in_air7-accuracy=0.000000
2023-11-08 13:58:41,668 [INFO]  Epoch[4] Batch [0-4]	Speed: 15810.78 samples/sec	cross-entropy=1.866734	mean_jerk_in_air7-accuracy=3.200000
2023-11-08 13:58:41,671 [INFO]  Epoch[4] Train-cross-entropy=1.631287
2023-11-08 13:58:41,671 [INFO]  Epoch[4] Train-mean_jerk_in_air7-accuracy=3.250000
2023-11-08 13:58:41,671 [INFO]  Epoch[4] Time cost=0.008
2023-11-08 13:58:41,673 [INFO]  Saved checkpoint to "./imputer_model/imputer_model_mean_jerk_in_air7/model-0004.params"
2023-11-08 13:58:41,673 [INFO]  Epoch[4] Validation-cross-entropy=24.463160
2023-11-08 13:58:41,673 [INFO]  Epoch[4] Validation-mean_jerk_in_air7-accuracy=0.000000
2023-11-08 13:58:41,673 [INFO]  
========== done (0.06210470199584961 s) fit model
2023-11-08 14:12:06,419 [INFO]  
========== start: fit model
2023-11-08 14:12:06,419 [WARNING]  Already bound, ignoring bind()
2023-11-08 14:12:06,428 [INFO]  Epoch[0] Batch [0-4]	Speed: 10309.37 samples/sec	cross-entropy=27.416576	mean_jerk_in_air7-accuracy=0.000000
2023-11-08 14:12:06,433 [INFO]  Epoch[0] Train-cross-entropy=23.060917
2023-11-08 14:12:06,433 [INFO]  Epoch[0] Train-mean_jerk_in_air7-accuracy=0.000000
2023-11-08 14:12:06,434 [INFO]  Epoch[0] Time cost=0.014
2023-11-08 14:12:06,437 [INFO]  Saved checkpoint to "./imputer_model/imputer_model_mean_jerk_in_air7/model-0000.params"
2023-11-08 14:12:06,438 [INFO]  Epoch[0] Validation-cross-entropy=33.752617
2023-11-08 14:12:06,438 [INFO]  Epoch[0] Validation-mean_jerk_in_air7-accuracy=0.000000
2023-11-08 14:12:06,446 [INFO]  Epoch[1] Batch [0-4]	Speed: 10477.57 samples/sec	cross-entropy=30.970712	mean_jerk_in_air7-accuracy=0.000000
2023-11-08 14:12:06,451 [INFO]  Epoch[1] Train-cross-entropy=35.141616
2023-11-08 14:12:06,452 [INFO]  Epoch[1] Train-mean_jerk_in_air7-accuracy=0.000000
2023-11-08 14:12:06,452 [INFO]  Epoch[1] Time cost=0.014
2023-11-08 14:12:06,454 [INFO]  Saved checkpoint to "./imputer_model/imputer_model_mean_jerk_in_air7/model-0001.params"
2023-11-08 14:12:06,455 [INFO]  Epoch[1] Validation-cross-entropy=45.090439
2023-11-08 14:12:06,455 [INFO]  Epoch[1] Validation-mean_jerk_in_air7-accuracy=0.000000
2023-11-08 14:12:06,462 [INFO]  Epoch[2] Batch [0-4]	Speed: 12794.22 samples/sec	cross-entropy=5.289824	mean_jerk_in_air7-accuracy=0.000000
2023-11-08 14:12:06,465 [INFO]  Epoch[2] Train-cross-entropy=6.431773
2023-11-08 14:12:06,465 [INFO]  Epoch[2] Train-mean_jerk_in_air7-accuracy=0.000000
2023-11-08 14:12:06,465 [INFO]  Epoch[2] Time cost=0.010
2023-11-08 14:12:06,467 [INFO]  Saved checkpoint to "./imputer_model/imputer_model_mean_jerk_in_air7/model-0002.params"
2023-11-08 14:12:06,468 [INFO]  Epoch[2] Validation-cross-entropy=25.214018
2023-11-08 14:12:06,468 [INFO]  Epoch[2] Validation-mean_jerk_in_air7-accuracy=0.000000
2023-11-08 14:12:06,474 [INFO]  Epoch[3] Batch [0-4]	Speed: 13759.57 samples/sec	cross-entropy=3.446014	mean_jerk_in_air7-accuracy=0.000000
2023-11-08 14:12:06,477 [INFO]  Epoch[3] Train-cross-entropy=3.356786
2023-11-08 14:12:06,477 [INFO]  Epoch[3] Train-mean_jerk_in_air7-accuracy=0.000000
2023-11-08 14:12:06,477 [INFO]  Epoch[3] Time cost=0.010
2023-11-08 14:12:06,479 [INFO]  Saved checkpoint to "./imputer_model/imputer_model_mean_jerk_in_air7/model-0003.params"
2023-11-08 14:12:06,479 [INFO]  Epoch[3] Validation-cross-entropy=30.925383
2023-11-08 14:12:06,479 [INFO]  Epoch[3] Validation-mean_jerk_in_air7-accuracy=0.000000
2023-11-08 14:12:06,485 [INFO]  Epoch[4] Batch [0-4]	Speed: 14267.86 samples/sec	cross-entropy=1.546234	mean_jerk_in_air7-accuracy=0.000000
2023-11-08 14:12:06,489 [INFO]  Epoch[4] Train-cross-entropy=1.264836
2023-11-08 14:12:06,489 [INFO]  Epoch[4] Train-mean_jerk_in_air7-accuracy=0.000000
2023-11-08 14:12:06,489 [INFO]  Epoch[4] Time cost=0.009
2023-11-08 14:12:06,490 [INFO]  Saved checkpoint to "./imputer_model/imputer_model_mean_jerk_in_air7/model-0004.params"
2023-11-08 14:12:06,491 [INFO]  Epoch[4] Validation-cross-entropy=27.131773
2023-11-08 14:12:06,491 [INFO]  Epoch[4] Validation-mean_jerk_in_air7-accuracy=0.000000
2023-11-08 14:12:06,491 [INFO]  
========== done (0.07204914093017578 s) fit model
2023-11-08 14:25:40,110 [INFO]  
========== start: fit model
2023-11-08 14:25:40,111 [WARNING]  Already bound, ignoring bind()
2023-11-08 14:25:40,117 [INFO]  Epoch[0] Batch [0-4]	Speed: 14154.26 samples/sec	cross-entropy=27.260445	mean_jerk_in_air7-accuracy=0.000000
2023-11-08 14:25:40,121 [INFO]  Epoch[0] Train-cross-entropy=24.411719
2023-11-08 14:25:40,121 [INFO]  Epoch[0] Train-mean_jerk_in_air7-accuracy=0.000000
2023-11-08 14:25:40,121 [INFO]  Epoch[0] Time cost=0.010
2023-11-08 14:25:40,122 [INFO]  Saved checkpoint to "./imputer_model/imputer_model_mean_jerk_in_air7/model-0000.params"
2023-11-08 14:25:40,123 [INFO]  Epoch[0] Validation-cross-entropy=489.214355
2023-11-08 14:25:40,123 [INFO]  Epoch[0] Validation-mean_jerk_in_air7-accuracy=0.000000
2023-11-08 14:25:40,128 [INFO]  Epoch[1] Batch [0-4]	Speed: 14405.68 samples/sec	cross-entropy=41.405642	mean_jerk_in_air7-accuracy=0.000000
2023-11-08 14:25:40,132 [INFO]  Epoch[1] Train-cross-entropy=37.756553
2023-11-08 14:25:40,132 [INFO]  Epoch[1] Train-mean_jerk_in_air7-accuracy=0.000000
2023-11-08 14:25:40,132 [INFO]  Epoch[1] Time cost=0.009
2023-11-08 14:25:40,133 [INFO]  Saved checkpoint to "./imputer_model/imputer_model_mean_jerk_in_air7/model-0001.params"
2023-11-08 14:25:40,134 [INFO]  Epoch[1] Validation-cross-entropy=160.568573
2023-11-08 14:25:40,134 [INFO]  Epoch[1] Validation-mean_jerk_in_air7-accuracy=0.000000
2023-11-08 14:25:40,139 [INFO]  Epoch[2] Batch [0-4]	Speed: 15197.61 samples/sec	cross-entropy=8.274727	mean_jerk_in_air7-accuracy=0.000000
2023-11-08 14:25:40,142 [INFO]  Epoch[2] Train-cross-entropy=9.199243
2023-11-08 14:25:40,142 [INFO]  Epoch[2] Train-mean_jerk_in_air7-accuracy=0.000000
2023-11-08 14:25:40,142 [INFO]  Epoch[2] Time cost=0.009
2023-11-08 14:25:40,144 [INFO]  Saved checkpoint to "./imputer_model/imputer_model_mean_jerk_in_air7/model-0002.params"
2023-11-08 14:25:40,144 [INFO]  Epoch[2] Validation-cross-entropy=104.618103
2023-11-08 14:25:40,144 [INFO]  Epoch[2] Validation-mean_jerk_in_air7-accuracy=0.000000
2023-11-08 14:25:40,149 [INFO]  Epoch[3] Batch [0-4]	Speed: 15955.51 samples/sec	cross-entropy=6.295906	mean_jerk_in_air7-accuracy=0.000000
2023-11-08 14:25:40,153 [INFO]  Epoch[3] Train-cross-entropy=5.076171
2023-11-08 14:25:40,153 [INFO]  Epoch[3] Train-mean_jerk_in_air7-accuracy=0.000000
2023-11-08 14:25:40,153 [INFO]  Epoch[3] Time cost=0.008
2023-11-08 14:25:40,154 [INFO]  Saved checkpoint to "./imputer_model/imputer_model_mean_jerk_in_air7/model-0003.params"
2023-11-08 14:25:40,154 [INFO]  Epoch[3] Validation-cross-entropy=69.262619
2023-11-08 14:25:40,154 [INFO]  Epoch[3] Validation-mean_jerk_in_air7-accuracy=0.000000
2023-11-08 14:25:40,159 [INFO]  Epoch[4] Batch [0-4]	Speed: 16052.83 samples/sec	cross-entropy=2.851260	mean_jerk_in_air7-accuracy=0.000000
2023-11-08 14:25:40,162 [INFO]  Epoch[4] Train-cross-entropy=2.354621
2023-11-08 14:25:40,163 [INFO]  Epoch[4] Train-mean_jerk_in_air7-accuracy=0.000000
2023-11-08 14:25:40,163 [INFO]  Epoch[4] Time cost=0.008
2023-11-08 14:25:40,164 [INFO]  Saved checkpoint to "./imputer_model/imputer_model_mean_jerk_in_air7/model-0004.params"
2023-11-08 14:25:40,164 [INFO]  Epoch[4] Validation-cross-entropy=71.638382
2023-11-08 14:25:40,164 [INFO]  Epoch[4] Validation-mean_jerk_in_air7-accuracy=0.000000
2023-11-08 14:25:40,164 [INFO]  
========== done (0.05403566360473633 s) fit model
2023-11-08 14:39:36,267 [INFO]  
========== start: fit model
2023-11-08 14:39:36,267 [WARNING]  Already bound, ignoring bind()
2023-11-08 14:39:36,276 [INFO]  Epoch[0] Batch [0-4]	Speed: 9845.78 samples/sec	cross-entropy=23.055606	mean_jerk_in_air7-accuracy=0.000000
2023-11-08 14:39:36,279 [INFO]  Epoch[0] Train-cross-entropy=21.484075
2023-11-08 14:39:36,279 [INFO]  Epoch[0] Train-mean_jerk_in_air7-accuracy=0.000000
2023-11-08 14:39:36,279 [INFO]  Epoch[0] Time cost=0.011
2023-11-08 14:39:36,280 [INFO]  Saved checkpoint to "./imputer_model/imputer_model_mean_jerk_in_air7/model-0000.params"
2023-11-08 14:39:36,281 [INFO]  Epoch[0] Validation-cross-entropy=22.315062
2023-11-08 14:39:36,281 [INFO]  Epoch[0] Validation-mean_jerk_in_air7-accuracy=0.000000
2023-11-08 14:39:36,285 [INFO]  Epoch[1] Batch [0-4]	Speed: 17604.63 samples/sec	cross-entropy=36.309800	mean_jerk_in_air7-accuracy=0.000000
2023-11-08 14:39:36,288 [INFO]  Epoch[1] Train-cross-entropy=27.976498
2023-11-08 14:39:36,288 [INFO]  Epoch[1] Train-mean_jerk_in_air7-accuracy=0.000000
2023-11-08 14:39:36,288 [INFO]  Epoch[1] Time cost=0.007
2023-11-08 14:39:36,289 [INFO]  Saved checkpoint to "./imputer_model/imputer_model_mean_jerk_in_air7/model-0001.params"
2023-11-08 14:39:36,290 [INFO]  Epoch[1] Validation-cross-entropy=12.906919
2023-11-08 14:39:36,290 [INFO]  Epoch[1] Validation-mean_jerk_in_air7-accuracy=0.000000
2023-11-08 14:39:36,293 [INFO]  Epoch[2] Batch [0-4]	Speed: 22702.59 samples/sec	cross-entropy=5.282760	mean_jerk_in_air7-accuracy=0.000000
2023-11-08 14:39:36,295 [INFO]  Epoch[2] Train-cross-entropy=4.979379
2023-11-08 14:39:36,296 [INFO]  Epoch[2] Train-mean_jerk_in_air7-accuracy=0.000000
2023-11-08 14:39:36,296 [INFO]  Epoch[2] Time cost=0.006
2023-11-08 14:39:36,297 [INFO]  Saved checkpoint to "./imputer_model/imputer_model_mean_jerk_in_air7/model-0002.params"
2023-11-08 14:39:36,297 [INFO]  Epoch[2] Validation-cross-entropy=13.768814
2023-11-08 14:39:36,297 [INFO]  Epoch[2] Validation-mean_jerk_in_air7-accuracy=0.000000
2023-11-08 14:39:36,301 [INFO]  Epoch[3] Batch [0-4]	Speed: 25618.96 samples/sec	cross-entropy=2.874473	mean_jerk_in_air7-accuracy=0.000000
2023-11-08 14:39:36,302 [INFO]  Epoch[3] Train-cross-entropy=2.559842
2023-11-08 14:39:36,303 [INFO]  Epoch[3] Train-mean_jerk_in_air7-accuracy=0.000000
2023-11-08 14:39:36,303 [INFO]  Epoch[3] Time cost=0.005
2023-11-08 14:39:36,304 [INFO]  Saved checkpoint to "./imputer_model/imputer_model_mean_jerk_in_air7/model-0003.params"
2023-11-08 14:39:36,304 [INFO]  Epoch[3] Validation-cross-entropy=9.417914
2023-11-08 14:39:36,304 [INFO]  Epoch[3] Validation-mean_jerk_in_air7-accuracy=0.000000
2023-11-08 14:39:36,308 [INFO]  Epoch[4] Batch [0-4]	Speed: 22131.71 samples/sec	cross-entropy=1.057157	mean_jerk_in_air7-accuracy=0.000000
2023-11-08 14:39:36,310 [INFO]  Epoch[4] Train-cross-entropy=0.906752
2023-11-08 14:39:36,310 [INFO]  Epoch[4] Train-mean_jerk_in_air7-accuracy=0.000000
2023-11-08 14:39:36,310 [INFO]  Epoch[4] Time cost=0.006
2023-11-08 14:39:36,311 [INFO]  Saved checkpoint to "./imputer_model/imputer_model_mean_jerk_in_air7/model-0004.params"
2023-11-08 14:39:36,313 [INFO]  Epoch[4] Validation-cross-entropy=10.981943
2023-11-08 14:39:36,313 [INFO]  Epoch[4] Validation-mean_jerk_in_air7-accuracy=0.000000
2023-11-08 14:39:36,313 [INFO]  
========== done (0.045667171478271484 s) fit model
2023-11-08 14:53:40,695 [INFO]  
========== start: fit model
2023-11-08 14:53:40,695 [WARNING]  Already bound, ignoring bind()
2023-11-08 14:53:40,703 [INFO]  Epoch[0] Batch [0-4]	Speed: 10453.09 samples/sec	cross-entropy=24.472025	mean_jerk_in_air7-accuracy=2.400000
2023-11-08 14:53:40,708 [INFO]  Epoch[0] Train-cross-entropy=20.644475
2023-11-08 14:53:40,709 [INFO]  Epoch[0] Train-mean_jerk_in_air7-accuracy=2.375000
2023-11-08 14:53:40,709 [INFO]  Epoch[0] Time cost=0.013
2023-11-08 14:53:40,712 [INFO]  Saved checkpoint to "./imputer_model/imputer_model_mean_jerk_in_air7/model-0000.params"
2023-11-08 14:53:40,713 [INFO]  Epoch[0] Validation-cross-entropy=6.801843
2023-11-08 14:53:40,713 [INFO]  Epoch[0] Validation-mean_jerk_in_air7-accuracy=0.000000
2023-11-08 14:53:40,720 [INFO]  Epoch[1] Batch [0-4]	Speed: 11886.09 samples/sec	cross-entropy=27.603582	mean_jerk_in_air7-accuracy=2.400000
2023-11-08 14:53:40,724 [INFO]  Epoch[1] Train-cross-entropy=23.909693
2023-11-08 14:53:40,724 [INFO]  Epoch[1] Train-mean_jerk_in_air7-accuracy=2.375000
2023-11-08 14:53:40,724 [INFO]  Epoch[1] Time cost=0.011
2023-11-08 14:53:40,726 [INFO]  Saved checkpoint to "./imputer_model/imputer_model_mean_jerk_in_air7/model-0001.params"
2023-11-08 14:53:40,727 [INFO]  Epoch[1] Validation-cross-entropy=4.304681
2023-11-08 14:53:40,727 [INFO]  Epoch[1] Validation-mean_jerk_in_air7-accuracy=0.000000
2023-11-08 14:53:40,732 [INFO]  Epoch[2] Batch [0-4]	Speed: 16775.12 samples/sec	cross-entropy=4.026514	mean_jerk_in_air7-accuracy=2.400000
2023-11-08 14:53:40,735 [INFO]  Epoch[2] Train-cross-entropy=3.350529
2023-11-08 14:53:40,735 [INFO]  Epoch[2] Train-mean_jerk_in_air7-accuracy=2.375000
2023-11-08 14:53:40,735 [INFO]  Epoch[2] Time cost=0.008
2023-11-08 14:53:40,737 [INFO]  Saved checkpoint to "./imputer_model/imputer_model_mean_jerk_in_air7/model-0002.params"
2023-11-08 14:53:40,737 [INFO]  Epoch[2] Validation-cross-entropy=3.383044
2023-11-08 14:53:40,737 [INFO]  Epoch[2] Validation-mean_jerk_in_air7-accuracy=0.000000
2023-11-08 14:53:40,742 [INFO]  Epoch[3] Batch [0-4]	Speed: 17315.07 samples/sec	cross-entropy=2.741153	mean_jerk_in_air7-accuracy=2.400000
2023-11-08 14:53:40,745 [INFO]  Epoch[3] Train-cross-entropy=2.662720
2023-11-08 14:53:40,745 [INFO]  Epoch[3] Train-mean_jerk_in_air7-accuracy=2.375000
2023-11-08 14:53:40,745 [INFO]  Epoch[3] Time cost=0.008
2023-11-08 14:53:40,746 [INFO]  Saved checkpoint to "./imputer_model/imputer_model_mean_jerk_in_air7/model-0003.params"
2023-11-08 14:53:40,747 [INFO]  Epoch[3] Validation-cross-entropy=3.072615
2023-11-08 14:53:40,747 [INFO]  Epoch[3] Validation-mean_jerk_in_air7-accuracy=0.000000
2023-11-08 14:53:40,752 [INFO]  Epoch[4] Batch [0-4]	Speed: 17211.81 samples/sec	cross-entropy=1.243727	mean_jerk_in_air7-accuracy=2.400000
2023-11-08 14:53:40,755 [INFO]  Epoch[4] Train-cross-entropy=1.233942
2023-11-08 14:53:40,755 [INFO]  Epoch[4] Train-mean_jerk_in_air7-accuracy=2.375000
2023-11-08 14:53:40,755 [INFO]  Epoch[4] Time cost=0.008
2023-11-08 14:53:40,756 [INFO]  Saved checkpoint to "./imputer_model/imputer_model_mean_jerk_in_air7/model-0004.params"
2023-11-08 14:53:40,757 [INFO]  Epoch[4] Validation-cross-entropy=2.543539
2023-11-08 14:53:40,757 [INFO]  Epoch[4] Validation-mean_jerk_in_air7-accuracy=0.000000
2023-11-08 14:53:40,757 [INFO]  
========== done (0.06187701225280762 s) fit model
