2023-11-08 12:33:02,306 [INFO]  
========== start: fit model
2023-11-08 12:33:02,306 [WARNING]  Already bound, ignoring bind()
2023-11-08 12:33:02,313 [INFO]  Epoch[0] Batch [0-4]	Speed: 14323.43 samples/sec	cross-entropy=21.562264	mean_gmrt3-accuracy=4.000000
2023-11-08 12:33:02,316 [INFO]  Epoch[0] Train-cross-entropy=18.424059
2023-11-08 12:33:02,316 [INFO]  Epoch[0] Train-mean_gmrt3-accuracy=3.375000
2023-11-08 12:33:02,316 [INFO]  Epoch[0] Time cost=0.010
2023-11-08 12:33:02,318 [INFO]  Saved checkpoint to "./imputer_model/imputer_model_mean_gmrt3/model-0000.params"
2023-11-08 12:33:02,318 [INFO]  Epoch[0] Validation-cross-entropy=9.101255
2023-11-08 12:33:02,318 [INFO]  Epoch[0] Validation-mean_gmrt3-accuracy=0.000000
2023-11-08 12:33:02,324 [INFO]  Epoch[1] Batch [0-4]	Speed: 13414.39 samples/sec	cross-entropy=62.018522	mean_gmrt3-accuracy=4.000000
2023-11-08 12:33:02,328 [INFO]  Epoch[1] Train-cross-entropy=43.986963
2023-11-08 12:33:02,328 [INFO]  Epoch[1] Train-mean_gmrt3-accuracy=3.375000
2023-11-08 12:33:02,328 [INFO]  Epoch[1] Time cost=0.010
2023-11-08 12:33:02,330 [INFO]  Saved checkpoint to "./imputer_model/imputer_model_mean_gmrt3/model-0001.params"
2023-11-08 12:33:02,331 [INFO]  Epoch[1] Validation-cross-entropy=3.149940
2023-11-08 12:33:02,331 [INFO]  Epoch[1] Validation-mean_gmrt3-accuracy=0.000000
2023-11-08 12:33:02,337 [INFO]  Epoch[2] Batch [0-4]	Speed: 14091.10 samples/sec	cross-entropy=11.174915	mean_gmrt3-accuracy=4.000000
2023-11-08 12:33:02,341 [INFO]  Epoch[2] Train-cross-entropy=9.634930
2023-11-08 12:33:02,341 [INFO]  Epoch[2] Train-mean_gmrt3-accuracy=3.375000
2023-11-08 12:33:02,341 [INFO]  Epoch[2] Time cost=0.010
2023-11-08 12:33:02,342 [INFO]  Saved checkpoint to "./imputer_model/imputer_model_mean_gmrt3/model-0002.params"
2023-11-08 12:33:02,343 [INFO]  Epoch[2] Validation-cross-entropy=4.720202
2023-11-08 12:33:02,343 [INFO]  Epoch[2] Validation-mean_gmrt3-accuracy=0.000000
2023-11-08 12:33:02,350 [INFO]  Epoch[3] Batch [0-4]	Speed: 12495.83 samples/sec	cross-entropy=6.524828	mean_gmrt3-accuracy=4.000000
2023-11-08 12:33:02,354 [INFO]  Epoch[3] Train-cross-entropy=5.248847
2023-11-08 12:33:02,354 [INFO]  Epoch[3] Train-mean_gmrt3-accuracy=3.375000
2023-11-08 12:33:02,354 [INFO]  Epoch[3] Time cost=0.011
2023-11-08 12:33:02,356 [INFO]  Saved checkpoint to "./imputer_model/imputer_model_mean_gmrt3/model-0003.params"
2023-11-08 12:33:02,356 [INFO]  Epoch[3] Validation-cross-entropy=5.162745
2023-11-08 12:33:02,356 [INFO]  Epoch[3] Validation-mean_gmrt3-accuracy=0.000000
2023-11-08 12:33:02,363 [INFO]  Epoch[4] Batch [0-4]	Speed: 13235.81 samples/sec	cross-entropy=1.878431	mean_gmrt3-accuracy=4.000000
2023-11-08 12:33:02,366 [INFO]  Epoch[4] Train-cross-entropy=1.494800
2023-11-08 12:33:02,366 [INFO]  Epoch[4] Train-mean_gmrt3-accuracy=3.375000
2023-11-08 12:33:02,366 [INFO]  Epoch[4] Time cost=0.010
2023-11-08 12:33:02,368 [INFO]  Saved checkpoint to "./imputer_model/imputer_model_mean_gmrt3/model-0004.params"
2023-11-08 12:33:02,368 [INFO]  Epoch[4] Validation-cross-entropy=3.157885
2023-11-08 12:33:02,368 [INFO]  Epoch[4] Validation-mean_gmrt3-accuracy=0.000000
2023-11-08 12:33:02,368 [INFO]  
========== done (0.06263232231140137 s) fit model
2023-11-08 13:04:04,766 [INFO]  
========== start: fit model
2023-11-08 13:04:04,766 [WARNING]  Already bound, ignoring bind()
2023-11-08 13:04:04,776 [INFO]  Epoch[0] Batch [0-4]	Speed: 13829.04 samples/sec	cross-entropy=23.817154	mean_gmrt3-accuracy=0.000000
2023-11-08 13:04:04,780 [INFO]  Epoch[0] Train-cross-entropy=23.051465
2023-11-08 13:04:04,780 [INFO]  Epoch[0] Train-mean_gmrt3-accuracy=0.000000
2023-11-08 13:04:04,780 [INFO]  Epoch[0] Time cost=0.013
2023-11-08 13:04:04,781 [INFO]  Saved checkpoint to "./imputer_model/imputer_model_mean_gmrt3/model-0000.params"
2023-11-08 13:04:04,782 [INFO]  Epoch[0] Validation-cross-entropy=40.381947
2023-11-08 13:04:04,782 [INFO]  Epoch[0] Validation-mean_gmrt3-accuracy=0.000000
2023-11-08 13:04:04,788 [INFO]  Epoch[1] Batch [0-4]	Speed: 12232.19 samples/sec	cross-entropy=39.224592	mean_gmrt3-accuracy=0.000000
2023-11-08 13:04:04,793 [INFO]  Epoch[1] Train-cross-entropy=33.281223
2023-11-08 13:04:04,794 [INFO]  Epoch[1] Train-mean_gmrt3-accuracy=0.000000
2023-11-08 13:04:04,794 [INFO]  Epoch[1] Time cost=0.012
2023-11-08 13:04:04,797 [INFO]  Saved checkpoint to "./imputer_model/imputer_model_mean_gmrt3/model-0001.params"
2023-11-08 13:04:04,798 [INFO]  Epoch[1] Validation-cross-entropy=13.900557
2023-11-08 13:04:04,798 [INFO]  Epoch[1] Validation-mean_gmrt3-accuracy=0.000000
2023-11-08 13:04:04,806 [INFO]  Epoch[2] Batch [0-4]	Speed: 11165.27 samples/sec	cross-entropy=6.525874	mean_gmrt3-accuracy=0.000000
2023-11-08 13:04:04,809 [INFO]  Epoch[2] Train-cross-entropy=6.491615
2023-11-08 13:04:04,809 [INFO]  Epoch[2] Train-mean_gmrt3-accuracy=0.000000
2023-11-08 13:04:04,809 [INFO]  Epoch[2] Time cost=0.011
2023-11-08 13:04:04,811 [INFO]  Saved checkpoint to "./imputer_model/imputer_model_mean_gmrt3/model-0002.params"
2023-11-08 13:04:04,812 [INFO]  Epoch[2] Validation-cross-entropy=27.363726
2023-11-08 13:04:04,812 [INFO]  Epoch[2] Validation-mean_gmrt3-accuracy=0.000000
2023-11-08 13:04:04,818 [INFO]  Epoch[3] Batch [0-4]	Speed: 14959.62 samples/sec	cross-entropy=5.386828	mean_gmrt3-accuracy=0.000000
2023-11-08 13:04:04,821 [INFO]  Epoch[3] Train-cross-entropy=4.963487
2023-11-08 13:04:04,821 [INFO]  Epoch[3] Train-mean_gmrt3-accuracy=0.000000
2023-11-08 13:04:04,821 [INFO]  Epoch[3] Time cost=0.009
2023-11-08 13:04:04,822 [INFO]  Saved checkpoint to "./imputer_model/imputer_model_mean_gmrt3/model-0003.params"
2023-11-08 13:04:04,823 [INFO]  Epoch[3] Validation-cross-entropy=22.560305
2023-11-08 13:04:04,823 [INFO]  Epoch[3] Validation-mean_gmrt3-accuracy=0.000000
2023-11-08 13:04:04,829 [INFO]  Epoch[4] Batch [0-4]	Speed: 12500.49 samples/sec	cross-entropy=2.041239	mean_gmrt3-accuracy=0.000000
2023-11-08 13:04:04,834 [INFO]  Epoch[4] Train-cross-entropy=2.627934
2023-11-08 13:04:04,834 [INFO]  Epoch[4] Train-mean_gmrt3-accuracy=0.000000
2023-11-08 13:04:04,834 [INFO]  Epoch[4] Time cost=0.011
2023-11-08 13:04:04,837 [INFO]  Saved checkpoint to "./imputer_model/imputer_model_mean_gmrt3/model-0004.params"
2023-11-08 13:04:04,838 [INFO]  Epoch[4] Validation-cross-entropy=28.973799
2023-11-08 13:04:04,838 [INFO]  Epoch[4] Validation-mean_gmrt3-accuracy=0.000000
2023-11-08 13:04:04,838 [INFO]  
========== done (0.07198667526245117 s) fit model
2023-11-08 13:17:32,600 [INFO]  
========== start: fit model
2023-11-08 13:17:32,600 [WARNING]  Already bound, ignoring bind()
2023-11-08 13:17:32,609 [INFO]  Epoch[0] Batch [0-4]	Speed: 9954.96 samples/sec	cross-entropy=21.776263	mean_gmrt3-accuracy=0.000000
2023-11-08 13:17:32,613 [INFO]  Epoch[0] Train-cross-entropy=22.606696
2023-11-08 13:17:32,613 [INFO]  Epoch[0] Train-mean_gmrt3-accuracy=0.000000
2023-11-08 13:17:32,613 [INFO]  Epoch[0] Time cost=0.013
2023-11-08 13:17:32,616 [INFO]  Saved checkpoint to "./imputer_model/imputer_model_mean_gmrt3/model-0000.params"
2023-11-08 13:17:32,616 [INFO]  Epoch[0] Validation-cross-entropy=22.943806
2023-11-08 13:17:32,617 [INFO]  Epoch[0] Validation-mean_gmrt3-accuracy=0.000000
2023-11-08 13:17:32,623 [INFO]  Epoch[1] Batch [0-4]	Speed: 12167.32 samples/sec	cross-entropy=29.314153	mean_gmrt3-accuracy=0.000000
2023-11-08 13:17:32,627 [INFO]  Epoch[1] Train-cross-entropy=21.708971
2023-11-08 13:17:32,627 [INFO]  Epoch[1] Train-mean_gmrt3-accuracy=0.000000
2023-11-08 13:17:32,627 [INFO]  Epoch[1] Time cost=0.011
2023-11-08 13:17:32,629 [INFO]  Saved checkpoint to "./imputer_model/imputer_model_mean_gmrt3/model-0001.params"
2023-11-08 13:17:32,630 [INFO]  Epoch[1] Validation-cross-entropy=19.730663
2023-11-08 13:17:32,630 [INFO]  Epoch[1] Validation-mean_gmrt3-accuracy=0.000000
2023-11-08 13:17:32,636 [INFO]  Epoch[2] Batch [0-4]	Speed: 13943.97 samples/sec	cross-entropy=9.160893	mean_gmrt3-accuracy=0.000000
2023-11-08 13:17:32,639 [INFO]  Epoch[2] Train-cross-entropy=7.252176
2023-11-08 13:17:32,639 [INFO]  Epoch[2] Train-mean_gmrt3-accuracy=0.000000
2023-11-08 13:17:32,639 [INFO]  Epoch[2] Time cost=0.009
2023-11-08 13:17:32,641 [INFO]  Saved checkpoint to "./imputer_model/imputer_model_mean_gmrt3/model-0002.params"
2023-11-08 13:17:32,641 [INFO]  Epoch[2] Validation-cross-entropy=20.179161
2023-11-08 13:17:32,641 [INFO]  Epoch[2] Validation-mean_gmrt3-accuracy=0.000000
2023-11-08 13:17:32,647 [INFO]  Epoch[3] Batch [0-4]	Speed: 14085.19 samples/sec	cross-entropy=5.756861	mean_gmrt3-accuracy=0.000000
2023-11-08 13:17:32,651 [INFO]  Epoch[3] Train-cross-entropy=4.176283
2023-11-08 13:17:32,651 [INFO]  Epoch[3] Train-mean_gmrt3-accuracy=0.000000
2023-11-08 13:17:32,651 [INFO]  Epoch[3] Time cost=0.009
2023-11-08 13:17:32,652 [INFO]  Saved checkpoint to "./imputer_model/imputer_model_mean_gmrt3/model-0003.params"
2023-11-08 13:17:32,653 [INFO]  Epoch[3] Validation-cross-entropy=17.878887
2023-11-08 13:17:32,653 [INFO]  Epoch[3] Validation-mean_gmrt3-accuracy=0.000000
2023-11-08 13:17:32,658 [INFO]  Epoch[4] Batch [0-4]	Speed: 14304.35 samples/sec	cross-entropy=2.267902	mean_gmrt3-accuracy=0.000000
2023-11-08 13:17:32,662 [INFO]  Epoch[4] Train-cross-entropy=1.714504
2023-11-08 13:17:32,662 [INFO]  Epoch[4] Train-mean_gmrt3-accuracy=0.000000
2023-11-08 13:17:32,662 [INFO]  Epoch[4] Time cost=0.009
2023-11-08 13:17:32,663 [INFO]  Saved checkpoint to "./imputer_model/imputer_model_mean_gmrt3/model-0004.params"
2023-11-08 13:17:32,664 [INFO]  Epoch[4] Validation-cross-entropy=18.868950
2023-11-08 13:17:32,664 [INFO]  Epoch[4] Validation-mean_gmrt3-accuracy=0.000000
2023-11-08 13:17:32,664 [INFO]  
========== done (0.06428790092468262 s) fit model
2023-11-08 13:30:53,308 [INFO]  
========== start: fit model
2023-11-08 13:30:53,308 [WARNING]  Already bound, ignoring bind()
2023-11-08 13:30:53,317 [INFO]  Epoch[0] Batch [0-4]	Speed: 10420.23 samples/sec	cross-entropy=20.298019	mean_gmrt3-accuracy=0.000000
2023-11-08 13:30:53,321 [INFO]  Epoch[0] Train-cross-entropy=23.158318
2023-11-08 13:30:53,322 [INFO]  Epoch[0] Train-mean_gmrt3-accuracy=0.000000
2023-11-08 13:30:53,322 [INFO]  Epoch[0] Time cost=0.013
2023-11-08 13:30:53,324 [INFO]  Saved checkpoint to "./imputer_model/imputer_model_mean_gmrt3/model-0000.params"
2023-11-08 13:30:53,325 [INFO]  Epoch[0] Validation-cross-entropy=107.821655
2023-11-08 13:30:53,325 [INFO]  Epoch[0] Validation-mean_gmrt3-accuracy=0.000000
2023-11-08 13:30:53,331 [INFO]  Epoch[1] Batch [0-4]	Speed: 15397.24 samples/sec	cross-entropy=41.607488	mean_gmrt3-accuracy=0.000000
2023-11-08 13:30:53,334 [INFO]  Epoch[1] Train-cross-entropy=33.056715
2023-11-08 13:30:53,334 [INFO]  Epoch[1] Train-mean_gmrt3-accuracy=0.000000
2023-11-08 13:30:53,334 [INFO]  Epoch[1] Time cost=0.009
2023-11-08 13:30:53,335 [INFO]  Saved checkpoint to "./imputer_model/imputer_model_mean_gmrt3/model-0001.params"
2023-11-08 13:30:53,336 [INFO]  Epoch[1] Validation-cross-entropy=77.634079
2023-11-08 13:30:53,336 [INFO]  Epoch[1] Validation-mean_gmrt3-accuracy=0.000000
2023-11-08 13:30:53,340 [INFO]  Epoch[2] Batch [0-4]	Speed: 21138.31 samples/sec	cross-entropy=7.903513	mean_gmrt3-accuracy=0.000000
2023-11-08 13:30:53,342 [INFO]  Epoch[2] Train-cross-entropy=7.964185
2023-11-08 13:30:53,342 [INFO]  Epoch[2] Train-mean_gmrt3-accuracy=0.000000
2023-11-08 13:30:53,343 [INFO]  Epoch[2] Time cost=0.006
2023-11-08 13:30:53,344 [INFO]  Saved checkpoint to "./imputer_model/imputer_model_mean_gmrt3/model-0002.params"
2023-11-08 13:30:53,344 [INFO]  Epoch[2] Validation-cross-entropy=78.810204
2023-11-08 13:30:53,344 [INFO]  Epoch[2] Validation-mean_gmrt3-accuracy=0.000000
2023-11-08 13:30:53,349 [INFO]  Epoch[3] Batch [0-4]	Speed: 17485.37 samples/sec	cross-entropy=4.217906	mean_gmrt3-accuracy=0.000000
2023-11-08 13:30:53,352 [INFO]  Epoch[3] Train-cross-entropy=3.578044
2023-11-08 13:30:53,352 [INFO]  Epoch[3] Train-mean_gmrt3-accuracy=0.000000
2023-11-08 13:30:53,352 [INFO]  Epoch[3] Time cost=0.008
2023-11-08 13:30:53,354 [INFO]  Saved checkpoint to "./imputer_model/imputer_model_mean_gmrt3/model-0003.params"
2023-11-08 13:30:53,354 [INFO]  Epoch[3] Validation-cross-entropy=81.501274
2023-11-08 13:30:53,354 [INFO]  Epoch[3] Validation-mean_gmrt3-accuracy=0.000000
2023-11-08 13:30:53,359 [INFO]  Epoch[4] Batch [0-4]	Speed: 16285.59 samples/sec	cross-entropy=1.859510	mean_gmrt3-accuracy=0.000000
2023-11-08 13:30:53,362 [INFO]  Epoch[4] Train-cross-entropy=1.656451
2023-11-08 13:30:53,362 [INFO]  Epoch[4] Train-mean_gmrt3-accuracy=0.000000
2023-11-08 13:30:53,362 [INFO]  Epoch[4] Time cost=0.008
2023-11-08 13:30:53,364 [INFO]  Saved checkpoint to "./imputer_model/imputer_model_mean_gmrt3/model-0004.params"
2023-11-08 13:30:53,364 [INFO]  Epoch[4] Validation-cross-entropy=101.546394
2023-11-08 13:30:53,364 [INFO]  Epoch[4] Validation-mean_gmrt3-accuracy=0.000000
2023-11-08 13:30:53,364 [INFO]  
========== done (0.05651354789733887 s) fit model
2023-11-08 13:44:13,337 [INFO]  
========== start: fit model
2023-11-08 13:44:13,337 [WARNING]  Already bound, ignoring bind()
2023-11-08 13:44:13,345 [INFO]  Epoch[0] Batch [0-4]	Speed: 12484.79 samples/sec	cross-entropy=28.694257	mean_gmrt3-accuracy=0.000000
2023-11-08 13:44:13,349 [INFO]  Epoch[0] Train-cross-entropy=25.593721
2023-11-08 13:44:13,349 [INFO]  Epoch[0] Train-mean_gmrt3-accuracy=0.000000
2023-11-08 13:44:13,350 [INFO]  Epoch[0] Time cost=0.012
2023-11-08 13:44:13,353 [INFO]  Saved checkpoint to "./imputer_model/imputer_model_mean_gmrt3/model-0000.params"
2023-11-08 13:44:13,354 [INFO]  Epoch[0] Validation-cross-entropy=33.274551
2023-11-08 13:44:13,354 [INFO]  Epoch[0] Validation-mean_gmrt3-accuracy=0.000000
2023-11-08 13:44:13,360 [INFO]  Epoch[1] Batch [0-4]	Speed: 13466.89 samples/sec	cross-entropy=35.516934	mean_gmrt3-accuracy=0.000000
2023-11-08 13:44:13,364 [INFO]  Epoch[1] Train-cross-entropy=27.709937
2023-11-08 13:44:13,364 [INFO]  Epoch[1] Train-mean_gmrt3-accuracy=0.000000
2023-11-08 13:44:13,364 [INFO]  Epoch[1] Time cost=0.010
2023-11-08 13:44:13,366 [INFO]  Saved checkpoint to "./imputer_model/imputer_model_mean_gmrt3/model-0001.params"
2023-11-08 13:44:13,367 [INFO]  Epoch[1] Validation-cross-entropy=14.551580
2023-11-08 13:44:13,367 [INFO]  Epoch[1] Validation-mean_gmrt3-accuracy=0.000000
2023-11-08 13:44:13,372 [INFO]  Epoch[2] Batch [0-4]	Speed: 17372.21 samples/sec	cross-entropy=4.891408	mean_gmrt3-accuracy=0.000000
2023-11-08 13:44:13,375 [INFO]  Epoch[2] Train-cross-entropy=5.470966
2023-11-08 13:44:13,375 [INFO]  Epoch[2] Train-mean_gmrt3-accuracy=0.000000
2023-11-08 13:44:13,375 [INFO]  Epoch[2] Time cost=0.008
2023-11-08 13:44:13,376 [INFO]  Saved checkpoint to "./imputer_model/imputer_model_mean_gmrt3/model-0002.params"
2023-11-08 13:44:13,377 [INFO]  Epoch[2] Validation-cross-entropy=13.399060
2023-11-08 13:44:13,377 [INFO]  Epoch[2] Validation-mean_gmrt3-accuracy=0.000000
2023-11-08 13:44:13,382 [INFO]  Epoch[3] Batch [0-4]	Speed: 17442.20 samples/sec	cross-entropy=3.316006	mean_gmrt3-accuracy=0.000000
2023-11-08 13:44:13,385 [INFO]  Epoch[3] Train-cross-entropy=4.034347
2023-11-08 13:44:13,385 [INFO]  Epoch[3] Train-mean_gmrt3-accuracy=0.000000
2023-11-08 13:44:13,385 [INFO]  Epoch[3] Time cost=0.008
2023-11-08 13:44:13,386 [INFO]  Saved checkpoint to "./imputer_model/imputer_model_mean_gmrt3/model-0003.params"
2023-11-08 13:44:13,386 [INFO]  Epoch[3] Validation-cross-entropy=13.056697
2023-11-08 13:44:13,386 [INFO]  Epoch[3] Validation-mean_gmrt3-accuracy=0.000000
2023-11-08 13:44:13,392 [INFO]  Epoch[4] Batch [0-4]	Speed: 13054.29 samples/sec	cross-entropy=1.844468	mean_gmrt3-accuracy=0.000000
2023-11-08 13:44:13,395 [INFO]  Epoch[4] Train-cross-entropy=1.763227
2023-11-08 13:44:13,395 [INFO]  Epoch[4] Train-mean_gmrt3-accuracy=0.000000
2023-11-08 13:44:13,395 [INFO]  Epoch[4] Time cost=0.009
2023-11-08 13:44:13,396 [INFO]  Saved checkpoint to "./imputer_model/imputer_model_mean_gmrt3/model-0004.params"
2023-11-08 13:44:13,397 [INFO]  Epoch[4] Validation-cross-entropy=11.326281
2023-11-08 13:44:13,397 [INFO]  Epoch[4] Validation-mean_gmrt3-accuracy=0.000000
2023-11-08 13:44:13,397 [INFO]  
========== done (0.060038089752197266 s) fit model
2023-11-08 13:57:35,054 [INFO]  
========== start: fit model
2023-11-08 13:57:35,054 [WARNING]  Already bound, ignoring bind()
2023-11-08 13:57:35,063 [INFO]  Epoch[0] Batch [0-4]	Speed: 9609.29 samples/sec	cross-entropy=22.205517	mean_gmrt3-accuracy=0.000000
2023-11-08 13:57:35,068 [INFO]  Epoch[0] Train-cross-entropy=20.182072
2023-11-08 13:57:35,068 [INFO]  Epoch[0] Train-mean_gmrt3-accuracy=0.000000
2023-11-08 13:57:35,069 [INFO]  Epoch[0] Time cost=0.014
2023-11-08 13:57:35,071 [INFO]  Saved checkpoint to "./imputer_model/imputer_model_mean_gmrt3/model-0000.params"
2023-11-08 13:57:35,072 [INFO]  Epoch[0] Validation-cross-entropy=33.583641
2023-11-08 13:57:35,072 [INFO]  Epoch[0] Validation-mean_gmrt3-accuracy=0.000000
2023-11-08 13:57:35,079 [INFO]  Epoch[1] Batch [0-4]	Speed: 11881.36 samples/sec	cross-entropy=33.318609	mean_gmrt3-accuracy=0.000000
2023-11-08 13:57:35,083 [INFO]  Epoch[1] Train-cross-entropy=28.755101
2023-11-08 13:57:35,083 [INFO]  Epoch[1] Train-mean_gmrt3-accuracy=0.000000
2023-11-08 13:57:35,083 [INFO]  Epoch[1] Time cost=0.011
2023-11-08 13:57:35,085 [INFO]  Saved checkpoint to "./imputer_model/imputer_model_mean_gmrt3/model-0001.params"
2023-11-08 13:57:35,086 [INFO]  Epoch[1] Validation-cross-entropy=22.340090
2023-11-08 13:57:35,086 [INFO]  Epoch[1] Validation-mean_gmrt3-accuracy=0.000000
2023-11-08 13:57:35,092 [INFO]  Epoch[2] Batch [0-4]	Speed: 13608.21 samples/sec	cross-entropy=8.807629	mean_gmrt3-accuracy=0.000000
2023-11-08 13:57:35,095 [INFO]  Epoch[2] Train-cross-entropy=7.462052
2023-11-08 13:57:35,095 [INFO]  Epoch[2] Train-mean_gmrt3-accuracy=0.000000
2023-11-08 13:57:35,095 [INFO]  Epoch[2] Time cost=0.010
2023-11-08 13:57:35,097 [INFO]  Saved checkpoint to "./imputer_model/imputer_model_mean_gmrt3/model-0002.params"
2023-11-08 13:57:35,097 [INFO]  Epoch[2] Validation-cross-entropy=18.097614
2023-11-08 13:57:35,097 [INFO]  Epoch[2] Validation-mean_gmrt3-accuracy=0.000000
2023-11-08 13:57:35,105 [INFO]  Epoch[3] Batch [0-4]	Speed: 10593.35 samples/sec	cross-entropy=4.460929	mean_gmrt3-accuracy=0.000000
2023-11-08 13:57:35,108 [INFO]  Epoch[3] Train-cross-entropy=4.209552
2023-11-08 13:57:35,108 [INFO]  Epoch[3] Train-mean_gmrt3-accuracy=0.000000
2023-11-08 13:57:35,108 [INFO]  Epoch[3] Time cost=0.011
2023-11-08 13:57:35,109 [INFO]  Saved checkpoint to "./imputer_model/imputer_model_mean_gmrt3/model-0003.params"
2023-11-08 13:57:35,110 [INFO]  Epoch[3] Validation-cross-entropy=19.331429
2023-11-08 13:57:35,110 [INFO]  Epoch[3] Validation-mean_gmrt3-accuracy=0.000000
2023-11-08 13:57:35,115 [INFO]  Epoch[4] Batch [0-4]	Speed: 14250.44 samples/sec	cross-entropy=2.188790	mean_gmrt3-accuracy=0.000000
2023-11-08 13:57:35,119 [INFO]  Epoch[4] Train-cross-entropy=1.662981
2023-11-08 13:57:35,119 [INFO]  Epoch[4] Train-mean_gmrt3-accuracy=0.000000
2023-11-08 13:57:35,119 [INFO]  Epoch[4] Time cost=0.009
2023-11-08 13:57:35,120 [INFO]  Saved checkpoint to "./imputer_model/imputer_model_mean_gmrt3/model-0004.params"
2023-11-08 13:57:35,121 [INFO]  Epoch[4] Validation-cross-entropy=20.686443
2023-11-08 13:57:35,121 [INFO]  Epoch[4] Validation-mean_gmrt3-accuracy=0.000000
2023-11-08 13:57:35,121 [INFO]  
========== done (0.06735968589782715 s) fit model
2023-11-08 14:10:59,598 [INFO]  
========== start: fit model
2023-11-08 14:10:59,598 [WARNING]  Already bound, ignoring bind()
2023-11-08 14:10:59,606 [INFO]  Epoch[0] Batch [0-4]	Speed: 11611.03 samples/sec	cross-entropy=15.316047	mean_gmrt3-accuracy=0.000000
2023-11-08 14:10:59,611 [INFO]  Epoch[0] Train-cross-entropy=21.124761
2023-11-08 14:10:59,611 [INFO]  Epoch[0] Train-mean_gmrt3-accuracy=0.000000
2023-11-08 14:10:59,611 [INFO]  Epoch[0] Time cost=0.012
2023-11-08 14:10:59,615 [INFO]  Saved checkpoint to "./imputer_model/imputer_model_mean_gmrt3/model-0000.params"
2023-11-08 14:10:59,616 [INFO]  Epoch[0] Validation-cross-entropy=30.831915
2023-11-08 14:10:59,616 [INFO]  Epoch[0] Validation-mean_gmrt3-accuracy=0.000000
2023-11-08 14:10:59,623 [INFO]  Epoch[1] Batch [0-4]	Speed: 12430.44 samples/sec	cross-entropy=45.929591	mean_gmrt3-accuracy=0.000000
2023-11-08 14:10:59,627 [INFO]  Epoch[1] Train-cross-entropy=48.775079
2023-11-08 14:10:59,627 [INFO]  Epoch[1] Train-mean_gmrt3-accuracy=0.000000
2023-11-08 14:10:59,627 [INFO]  Epoch[1] Time cost=0.011
2023-11-08 14:10:59,630 [INFO]  Saved checkpoint to "./imputer_model/imputer_model_mean_gmrt3/model-0001.params"
2023-11-08 14:10:59,630 [INFO]  Epoch[1] Validation-cross-entropy=9.588085
2023-11-08 14:10:59,630 [INFO]  Epoch[1] Validation-mean_gmrt3-accuracy=0.000000
2023-11-08 14:10:59,637 [INFO]  Epoch[2] Batch [0-4]	Speed: 13738.44 samples/sec	cross-entropy=4.060178	mean_gmrt3-accuracy=0.000000
2023-11-08 14:10:59,640 [INFO]  Epoch[2] Train-cross-entropy=10.289219
2023-11-08 14:10:59,640 [INFO]  Epoch[2] Train-mean_gmrt3-accuracy=0.000000
2023-11-08 14:10:59,640 [INFO]  Epoch[2] Time cost=0.010
2023-11-08 14:10:59,642 [INFO]  Saved checkpoint to "./imputer_model/imputer_model_mean_gmrt3/model-0002.params"
2023-11-08 14:10:59,643 [INFO]  Epoch[2] Validation-cross-entropy=5.911940
2023-11-08 14:10:59,643 [INFO]  Epoch[2] Validation-mean_gmrt3-accuracy=0.000000
2023-11-08 14:10:59,648 [INFO]  Epoch[3] Batch [0-4]	Speed: 14008.01 samples/sec	cross-entropy=4.668848	mean_gmrt3-accuracy=0.000000
2023-11-08 14:10:59,652 [INFO]  Epoch[3] Train-cross-entropy=5.482813
2023-11-08 14:10:59,652 [INFO]  Epoch[3] Train-mean_gmrt3-accuracy=0.000000
2023-11-08 14:10:59,652 [INFO]  Epoch[3] Time cost=0.009
2023-11-08 14:10:59,654 [INFO]  Saved checkpoint to "./imputer_model/imputer_model_mean_gmrt3/model-0003.params"
2023-11-08 14:10:59,654 [INFO]  Epoch[3] Validation-cross-entropy=5.253232
2023-11-08 14:10:59,654 [INFO]  Epoch[3] Validation-mean_gmrt3-accuracy=0.000000
2023-11-08 14:10:59,660 [INFO]  Epoch[4] Batch [0-4]	Speed: 14101.46 samples/sec	cross-entropy=2.307329	mean_gmrt3-accuracy=0.000000
2023-11-08 14:10:59,663 [INFO]  Epoch[4] Train-cross-entropy=1.877054
2023-11-08 14:10:59,664 [INFO]  Epoch[4] Train-mean_gmrt3-accuracy=0.000000
2023-11-08 14:10:59,664 [INFO]  Epoch[4] Time cost=0.009
2023-11-08 14:10:59,665 [INFO]  Saved checkpoint to "./imputer_model/imputer_model_mean_gmrt3/model-0004.params"
2023-11-08 14:10:59,666 [INFO]  Epoch[4] Validation-cross-entropy=3.704761
2023-11-08 14:10:59,666 [INFO]  Epoch[4] Validation-mean_gmrt3-accuracy=0.000000
2023-11-08 14:10:59,666 [INFO]  
========== done (0.06742095947265625 s) fit model
2023-11-08 14:24:31,546 [INFO]  
========== start: fit model
2023-11-08 14:24:31,546 [WARNING]  Already bound, ignoring bind()
2023-11-08 14:24:31,553 [INFO]  Epoch[0] Batch [0-4]	Speed: 14012.40 samples/sec	cross-entropy=23.071185	mean_gmrt3-accuracy=0.000000
2023-11-08 14:24:31,556 [INFO]  Epoch[0] Train-cross-entropy=28.228508
2023-11-08 14:24:31,557 [INFO]  Epoch[0] Train-mean_gmrt3-accuracy=0.000000
2023-11-08 14:24:31,557 [INFO]  Epoch[0] Time cost=0.010
2023-11-08 14:24:31,558 [INFO]  Saved checkpoint to "./imputer_model/imputer_model_mean_gmrt3/model-0000.params"
2023-11-08 14:24:31,558 [INFO]  Epoch[0] Validation-cross-entropy=1777.267700
2023-11-08 14:24:31,558 [INFO]  Epoch[0] Validation-mean_gmrt3-accuracy=0.000000
2023-11-08 14:24:31,564 [INFO]  Epoch[1] Batch [0-4]	Speed: 14750.01 samples/sec	cross-entropy=38.008682	mean_gmrt3-accuracy=0.000000
2023-11-08 14:24:31,567 [INFO]  Epoch[1] Train-cross-entropy=33.924557
2023-11-08 14:24:31,567 [INFO]  Epoch[1] Train-mean_gmrt3-accuracy=0.000000
2023-11-08 14:24:31,567 [INFO]  Epoch[1] Time cost=0.009
2023-11-08 14:24:31,568 [INFO]  Saved checkpoint to "./imputer_model/imputer_model_mean_gmrt3/model-0001.params"
2023-11-08 14:24:31,569 [INFO]  Epoch[1] Validation-cross-entropy=1002.671265
2023-11-08 14:24:31,569 [INFO]  Epoch[1] Validation-mean_gmrt3-accuracy=0.000000
2023-11-08 14:24:31,574 [INFO]  Epoch[2] Batch [0-4]	Speed: 15675.98 samples/sec	cross-entropy=5.881124	mean_gmrt3-accuracy=0.000000
2023-11-08 14:24:31,577 [INFO]  Epoch[2] Train-cross-entropy=5.658398
2023-11-08 14:24:31,577 [INFO]  Epoch[2] Train-mean_gmrt3-accuracy=0.000000
2023-11-08 14:24:31,577 [INFO]  Epoch[2] Time cost=0.008
2023-11-08 14:24:31,578 [INFO]  Saved checkpoint to "./imputer_model/imputer_model_mean_gmrt3/model-0002.params"
2023-11-08 14:24:31,579 [INFO]  Epoch[2] Validation-cross-entropy=280.120087
2023-11-08 14:24:31,579 [INFO]  Epoch[2] Validation-mean_gmrt3-accuracy=0.000000
2023-11-08 14:24:31,584 [INFO]  Epoch[3] Batch [0-4]	Speed: 16548.64 samples/sec	cross-entropy=3.343518	mean_gmrt3-accuracy=0.000000
2023-11-08 14:24:31,587 [INFO]  Epoch[3] Train-cross-entropy=3.001043
2023-11-08 14:24:31,587 [INFO]  Epoch[3] Train-mean_gmrt3-accuracy=0.000000
2023-11-08 14:24:31,587 [INFO]  Epoch[3] Time cost=0.008
2023-11-08 14:24:31,588 [INFO]  Saved checkpoint to "./imputer_model/imputer_model_mean_gmrt3/model-0003.params"
2023-11-08 14:24:31,588 [INFO]  Epoch[3] Validation-cross-entropy=457.743225
2023-11-08 14:24:31,589 [INFO]  Epoch[3] Validation-mean_gmrt3-accuracy=0.000000
2023-11-08 14:24:31,593 [INFO]  Epoch[4] Batch [0-4]	Speed: 17004.65 samples/sec	cross-entropy=1.004424	mean_gmrt3-accuracy=0.000000
2023-11-08 14:24:31,596 [INFO]  Epoch[4] Train-cross-entropy=0.901203
2023-11-08 14:24:31,596 [INFO]  Epoch[4] Train-mean_gmrt3-accuracy=0.000000
2023-11-08 14:24:31,596 [INFO]  Epoch[4] Time cost=0.008
2023-11-08 14:24:31,597 [INFO]  Saved checkpoint to "./imputer_model/imputer_model_mean_gmrt3/model-0004.params"
2023-11-08 14:24:31,598 [INFO]  Epoch[4] Validation-cross-entropy=371.885101
2023-11-08 14:24:31,598 [INFO]  Epoch[4] Validation-mean_gmrt3-accuracy=0.000000
2023-11-08 14:24:31,598 [INFO]  
========== done (0.05210471153259277 s) fit model
2023-11-08 14:38:24,367 [INFO]  
========== start: fit model
2023-11-08 14:38:24,367 [WARNING]  Already bound, ignoring bind()
2023-11-08 14:38:24,374 [INFO]  Epoch[0] Batch [0-4]	Speed: 14217.23 samples/sec	cross-entropy=27.114619	mean_gmrt3-accuracy=3.800000
2023-11-08 14:38:24,378 [INFO]  Epoch[0] Train-cross-entropy=26.944849
2023-11-08 14:38:24,378 [INFO]  Epoch[0] Train-mean_gmrt3-accuracy=3.125000
2023-11-08 14:38:24,378 [INFO]  Epoch[0] Time cost=0.010
2023-11-08 14:38:24,382 [INFO]  Saved checkpoint to "./imputer_model/imputer_model_mean_gmrt3/model-0000.params"
2023-11-08 14:38:24,383 [INFO]  Epoch[0] Validation-cross-entropy=15.944798
2023-11-08 14:38:24,384 [INFO]  Epoch[0] Validation-mean_gmrt3-accuracy=0.000000
2023-11-08 14:38:24,392 [INFO]  Epoch[1] Batch [0-4]	Speed: 10081.70 samples/sec	cross-entropy=28.860732	mean_gmrt3-accuracy=3.800000
2023-11-08 14:38:24,396 [INFO]  Epoch[1] Train-cross-entropy=24.341066
2023-11-08 14:38:24,397 [INFO]  Epoch[1] Train-mean_gmrt3-accuracy=3.125000
2023-11-08 14:38:24,397 [INFO]  Epoch[1] Time cost=0.013
2023-11-08 14:38:24,399 [INFO]  Saved checkpoint to "./imputer_model/imputer_model_mean_gmrt3/model-0001.params"
2023-11-08 14:38:24,400 [INFO]  Epoch[1] Validation-cross-entropy=8.031026
2023-11-08 14:38:24,400 [INFO]  Epoch[1] Validation-mean_gmrt3-accuracy=0.000000
2023-11-08 14:38:24,406 [INFO]  Epoch[2] Batch [0-4]	Speed: 13261.31 samples/sec	cross-entropy=5.276664	mean_gmrt3-accuracy=3.800000
2023-11-08 14:38:24,410 [INFO]  Epoch[2] Train-cross-entropy=4.605292
2023-11-08 14:38:24,410 [INFO]  Epoch[2] Train-mean_gmrt3-accuracy=3.125000
2023-11-08 14:38:24,410 [INFO]  Epoch[2] Time cost=0.010
2023-11-08 14:38:24,412 [INFO]  Saved checkpoint to "./imputer_model/imputer_model_mean_gmrt3/model-0002.params"
2023-11-08 14:38:24,413 [INFO]  Epoch[2] Validation-cross-entropy=16.004316
2023-11-08 14:38:24,413 [INFO]  Epoch[2] Validation-mean_gmrt3-accuracy=0.000000
2023-11-08 14:38:24,419 [INFO]  Epoch[3] Batch [0-4]	Speed: 14379.44 samples/sec	cross-entropy=3.917074	mean_gmrt3-accuracy=3.800000
2023-11-08 14:38:24,422 [INFO]  Epoch[3] Train-cross-entropy=2.882314
2023-11-08 14:38:24,422 [INFO]  Epoch[3] Train-mean_gmrt3-accuracy=3.125000
2023-11-08 14:38:24,422 [INFO]  Epoch[3] Time cost=0.009
2023-11-08 14:38:24,424 [INFO]  Saved checkpoint to "./imputer_model/imputer_model_mean_gmrt3/model-0003.params"
2023-11-08 14:38:24,424 [INFO]  Epoch[3] Validation-cross-entropy=12.598069
2023-11-08 14:38:24,424 [INFO]  Epoch[3] Validation-mean_gmrt3-accuracy=0.000000
2023-11-08 14:38:24,430 [INFO]  Epoch[4] Batch [0-4]	Speed: 14318.85 samples/sec	cross-entropy=1.498030	mean_gmrt3-accuracy=3.800000
2023-11-08 14:38:24,434 [INFO]  Epoch[4] Train-cross-entropy=1.176886
2023-11-08 14:38:24,434 [INFO]  Epoch[4] Train-mean_gmrt3-accuracy=3.125000
2023-11-08 14:38:24,434 [INFO]  Epoch[4] Time cost=0.009
2023-11-08 14:38:24,435 [INFO]  Saved checkpoint to "./imputer_model/imputer_model_mean_gmrt3/model-0004.params"
2023-11-08 14:38:24,436 [INFO]  Epoch[4] Validation-cross-entropy=14.379142
2023-11-08 14:38:24,436 [INFO]  Epoch[4] Validation-mean_gmrt3-accuracy=0.000000
2023-11-08 14:38:24,436 [INFO]  
========== done (0.06917500495910645 s) fit model
2023-11-08 14:52:30,050 [INFO]  
========== start: fit model
2023-11-08 14:52:30,050 [WARNING]  Already bound, ignoring bind()
2023-11-08 14:52:30,060 [INFO]  Epoch[0] Batch [0-4]	Speed: 9656.30 samples/sec	cross-entropy=28.123538	mean_gmrt3-accuracy=0.000000
2023-11-08 14:52:30,065 [INFO]  Epoch[0] Train-cross-entropy=28.744249
2023-11-08 14:52:30,065 [INFO]  Epoch[0] Train-mean_gmrt3-accuracy=0.000000
2023-11-08 14:52:30,066 [INFO]  Epoch[0] Time cost=0.015
2023-11-08 14:52:30,069 [INFO]  Saved checkpoint to "./imputer_model/imputer_model_mean_gmrt3/model-0000.params"
2023-11-08 14:52:30,070 [INFO]  Epoch[0] Validation-cross-entropy=44.201656
2023-11-08 14:52:30,070 [INFO]  Epoch[0] Validation-mean_gmrt3-accuracy=0.000000
2023-11-08 14:52:30,079 [INFO]  Epoch[1] Batch [0-4]	Speed: 9625.14 samples/sec	cross-entropy=30.254633	mean_gmrt3-accuracy=0.000000
2023-11-08 14:52:30,085 [INFO]  Epoch[1] Train-cross-entropy=23.209686
2023-11-08 14:52:30,085 [INFO]  Epoch[1] Train-mean_gmrt3-accuracy=0.000000
2023-11-08 14:52:30,085 [INFO]  Epoch[1] Time cost=0.015
2023-11-08 14:52:30,088 [INFO]  Saved checkpoint to "./imputer_model/imputer_model_mean_gmrt3/model-0001.params"
2023-11-08 14:52:30,090 [INFO]  Epoch[1] Validation-cross-entropy=21.598459
2023-11-08 14:52:30,090 [INFO]  Epoch[1] Validation-mean_gmrt3-accuracy=0.000000
2023-11-08 14:52:30,097 [INFO]  Epoch[2] Batch [0-4]	Speed: 11166.66 samples/sec	cross-entropy=4.261351	mean_gmrt3-accuracy=0.000000
2023-11-08 14:52:30,101 [INFO]  Epoch[2] Train-cross-entropy=4.473220
2023-11-08 14:52:30,102 [INFO]  Epoch[2] Train-mean_gmrt3-accuracy=0.000000
2023-11-08 14:52:30,102 [INFO]  Epoch[2] Time cost=0.012
2023-11-08 14:52:30,104 [INFO]  Saved checkpoint to "./imputer_model/imputer_model_mean_gmrt3/model-0002.params"
2023-11-08 14:52:30,105 [INFO]  Epoch[2] Validation-cross-entropy=16.919895
2023-11-08 14:52:30,105 [INFO]  Epoch[2] Validation-mean_gmrt3-accuracy=0.000000
2023-11-08 14:52:30,111 [INFO]  Epoch[3] Batch [0-4]	Speed: 13341.06 samples/sec	cross-entropy=2.239865	mean_gmrt3-accuracy=0.000000
2023-11-08 14:52:30,115 [INFO]  Epoch[3] Train-cross-entropy=2.442970
2023-11-08 14:52:30,115 [INFO]  Epoch[3] Train-mean_gmrt3-accuracy=0.000000
2023-11-08 14:52:30,115 [INFO]  Epoch[3] Time cost=0.010
2023-11-08 14:52:30,116 [INFO]  Saved checkpoint to "./imputer_model/imputer_model_mean_gmrt3/model-0003.params"
2023-11-08 14:52:30,117 [INFO]  Epoch[3] Validation-cross-entropy=19.005049
2023-11-08 14:52:30,117 [INFO]  Epoch[3] Validation-mean_gmrt3-accuracy=0.000000
2023-11-08 14:52:30,123 [INFO]  Epoch[4] Batch [0-4]	Speed: 14276.96 samples/sec	cross-entropy=0.975592	mean_gmrt3-accuracy=0.000000
2023-11-08 14:52:30,126 [INFO]  Epoch[4] Train-cross-entropy=0.875809
2023-11-08 14:52:30,126 [INFO]  Epoch[4] Train-mean_gmrt3-accuracy=0.000000
2023-11-08 14:52:30,126 [INFO]  Epoch[4] Time cost=0.009
2023-11-08 14:52:30,128 [INFO]  Saved checkpoint to "./imputer_model/imputer_model_mean_gmrt3/model-0004.params"
2023-11-08 14:52:30,129 [INFO]  Epoch[4] Validation-cross-entropy=15.876988
2023-11-08 14:52:30,129 [INFO]  Epoch[4] Validation-mean_gmrt3-accuracy=0.000000
2023-11-08 14:52:30,129 [INFO]  
========== done (0.07868266105651855 s) fit model
